2025-07-28 20:39:07 | INFO     | ================================================================================
2025-07-28 20:39:07 | INFO     | 实验日志开始: DualGAF_DualGAFNet_SDAHU通道压缩_sl96_step96_fd128_extractor-dilated_gaf-concat_attention-channel_classifier-mlp_stat-basic_fusion-concat
2025-07-28 20:39:07 | INFO     | 日志文件: ./result/0728_2039_DualGAF_DualGAFNet_SDAHU通道压缩_sl96_step96_fd128_extractor-dilated_gaf-concat_attention-channel_classifier-mlp_stat-basic_fusion-concat/training.log
2025-07-28 20:39:07 | INFO     | 开始时间: 2025-07-28 20:39:07
2025-07-28 20:39:07 | INFO     | ================================================================================
2025-07-28 20:39:07 | INFO     | ⚙️ 实验配置:
2025-07-28 20:39:07 | INFO     |    task_name: classification
2025-07-28 20:39:07 | INFO     |    is_training: 1
2025-07-28 20:39:07 | INFO     |    model_id: test
2025-07-28 20:39:07 | INFO     |    model: DualGAFNet
2025-07-28 20:39:07 | INFO     |    data: DualGAF
2025-07-28 20:39:07 | INFO     |    root_path: ./dataset/SAHU/direct_5_working
2025-07-28 20:39:07 | INFO     |    step: 96
2025-07-28 20:39:07 | INFO     |    checkpoints: ./checkpoints/
2025-07-28 20:39:07 | INFO     |    num_class: 9
2025-07-28 20:39:07 | INFO     |    result_path: ./result/
2025-07-28 20:39:07 | INFO     |    test_size: 0.2
2025-07-28 20:39:07 | INFO     |    rows: None
2025-07-28 20:39:07 | INFO     |    seq_len: 96
2025-07-28 20:39:07 | INFO     |    enc_in: 26
2025-07-28 20:39:07 | INFO     |    d_model: 512
2025-07-28 20:39:07 | INFO     |    n_heads: 8
2025-07-28 20:39:07 | INFO     |    e_layers: 2
2025-07-28 20:39:07 | INFO     |    d_layers: 1
2025-07-28 20:39:07 | INFO     |    d_ff: 2048
2025-07-28 20:39:07 | INFO     |    moving_avg: 25
2025-07-28 20:39:07 | INFO     |    factor: 1
2025-07-28 20:39:07 | INFO     |    distil: True
2025-07-28 20:39:07 | INFO     |    dropout: 0.1
2025-07-28 20:39:07 | INFO     |    embed: timeF
2025-07-28 20:39:07 | INFO     |    activation: gelu
2025-07-28 20:39:07 | INFO     |    use_norm: 1
2025-07-28 20:39:07 | INFO     |    gaf_method: summation
2025-07-28 20:39:07 | INFO     |    feature_dim: 128
2025-07-28 20:39:07 | INFO     |    data_type_method: uint8
2025-07-28 20:39:07 | INFO     |    use_attention: True
2025-07-28 20:39:07 | INFO     |    hidden_dim: 64
2025-07-28 20:39:07 | INFO     |    sample_size: 1000
2025-07-28 20:39:07 | INFO     |    cnn_dropout_rate: 0.3
2025-07-28 20:39:07 | INFO     |    cnn_use_batch_norm: True
2025-07-28 20:39:07 | INFO     |    channel_groups: None
2025-07-28 20:39:07 | INFO     |    hvac_groups: None
2025-07-28 20:39:07 | INFO     |    use_channel_compression: True
2025-07-28 20:39:07 | INFO     |    compression_strategy: signal_compression
2025-07-28 20:39:07 | INFO     |    compression_ratio: 0.7
2025-07-28 20:39:07 | INFO     |    compression_channels: 16
2025-07-28 20:39:07 | INFO     |    adaptive_compression_ratios: [0.5, 0.7, 0.8]
2025-07-28 20:39:07 | INFO     |    hvac_group_compression_ratios: None
2025-07-28 20:39:07 | INFO     |    extractor_type: dilated
2025-07-28 20:39:07 | INFO     |    fusion_type: concat
2025-07-28 20:39:07 | INFO     |    attention_type: channel
2025-07-28 20:39:07 | INFO     |    classifier_type: mlp
2025-07-28 20:39:07 | INFO     |    use_statistical_features: True
2025-07-28 20:39:07 | INFO     |    stat_type: basic
2025-07-28 20:39:07 | INFO     |    multimodal_fusion_strategy: concat
2025-07-28 20:39:07 | INFO     |    use_signal_level_stats: False
2025-07-28 20:39:07 | INFO     |    signal_stat_type: comprehensive
2025-07-28 20:39:07 | INFO     |    signal_stat_fusion_strategy: concat_project
2025-07-28 20:39:07 | INFO     |    signal_stat_feature_dim: 32
2025-07-28 20:39:07 | INFO     |    use_diff_branch: True
2025-07-28 20:39:07 | INFO     |    ablation_mode: none
2025-07-28 20:39:07 | INFO     |    backbone_type: resnet18
2025-07-28 20:39:07 | INFO     |    use_sum_branch: True
2025-07-28 20:39:07 | INFO     |    num_workers: 0
2025-07-28 20:39:07 | INFO     |    cuda_debug: False
2025-07-28 20:39:07 | INFO     |    gpu_memory_fraction: 0.9
2025-07-28 20:39:07 | INFO     |    safe_mode: True
2025-07-28 20:39:07 | INFO     |    drop_last_batch: True
2025-07-28 20:39:07 | INFO     |    itr: 1
2025-07-28 20:39:07 | INFO     |    train_epochs: 300
2025-07-28 20:39:07 | INFO     |    batch_size: 8
2025-07-28 20:39:07 | INFO     |    patience: 15
2025-07-28 20:39:07 | INFO     |    learning_rate: 0.0001
2025-07-28 20:39:07 | INFO     |    des: SDAHU通道压缩
2025-07-28 20:39:07 | INFO     |    loss: MSE
2025-07-28 20:39:07 | INFO     |    lradj: type1
2025-07-28 20:39:07 | INFO     |    lr_scheduler_type: f1_based
2025-07-28 20:39:07 | INFO     |    lr_loss_weight: 0.3
2025-07-28 20:39:07 | INFO     |    lr_f1_weight: 0.7
2025-07-28 20:39:07 | INFO     |    use_amp: False
2025-07-28 20:39:07 | INFO     |    gradient_accumulation_steps: 1
2025-07-28 20:39:07 | INFO     |    enable_auto_gradient_accumulation: True
2025-07-28 20:39:07 | INFO     |    loss_type: ce
2025-07-28 20:39:07 | INFO     |    label_smoothing: 0.1
2025-07-28 20:39:07 | INFO     |    focal_alpha: 1.0
2025-07-28 20:39:07 | INFO     |    focal_gamma: 2.0
2025-07-28 20:39:07 | INFO     |    confidence_penalty_beta: 0.1
2025-07-28 20:39:07 | INFO     |    use_timm_loss: True
2025-07-28 20:39:07 | INFO     |    adaptive_initial_smoothing: 0.2
2025-07-28 20:39:07 | INFO     |    adaptive_final_smoothing: 0.05
2025-07-28 20:39:07 | INFO     |    adaptive_decay_epochs: 30
2025-07-28 20:39:07 | INFO     |    enable_class_weights: False
2025-07-28 20:39:07 | INFO     |    class_weights: None
2025-07-28 20:39:07 | INFO     |    loss_preset: None
2025-07-28 20:39:07 | INFO     |    n_jobs: 1
2025-07-28 20:39:07 | INFO     |    use_multiprocessing: False
2025-07-28 20:39:07 | INFO     |    chunk_size: 800
2025-07-28 20:39:07 | INFO     |    disable_parallel: True
2025-07-28 20:39:07 | INFO     |    use_shared_memory: False
2025-07-28 20:39:07 | INFO     |    disable_shared_memory: False
2025-07-28 20:39:07 | INFO     |    use_gpu: True
2025-07-28 20:39:07 | INFO     |    gpu: 0
2025-07-28 20:39:07 | INFO     |    gpu_type: cuda
2025-07-28 20:39:07 | INFO     |    use_multi_gpu: False
2025-07-28 20:39:07 | INFO     |    devices: 0,1,2,3
2025-07-28 20:39:07 | INFO     |    device: cuda:0
2025-07-28 20:39:07 | INFO     |    feature_columns: ['CHWC_VLV', 'CHWC_VLV_DM', 'MA_TEMP', 'OA_CFM', 'OA_DMPR', 'OA_DMPR_DM', 'OA_TEMP', 'RA_CFM', 'RA_DMPR', 'RA_DMPR_DM', 'RA_TEMP', 'RF_CS', 'RF_SPD', 'RF_WAT', 'SA_CFM', 'SA_SP', 'SA_SPSPT', 'SA_TEMP', 'SF_CS', 'SF_SPD', 'SF_WAT', 'ZONE_TEMP_1', 'ZONE_TEMP_2', 'ZONE_TEMP_3', 'ZONE_TEMP_4', 'ZONE_TEMP_5']
2025-07-28 20:39:07 | INFO     | 🏗️ 模型信息:
2025-07-28 20:39:07 | INFO     |    模型类型: Model
2025-07-28 20:39:07 | INFO     |    总参数数量: 5,747,832
2025-07-28 20:39:07 | INFO     |    可训练参数: 5,747,832
2025-07-28 20:39:07 | INFO     |    模型大小估计: 21.93 MB
2025-07-28 20:39:07 | INFO     | 📊 数据集信息:
2025-07-28 20:39:07 | INFO     |    训练集大小: 3996
2025-07-28 20:39:07 | INFO     |    验证集大小: 999
2025-07-28 20:39:07 | INFO     | 
================================================================================
2025-07-28 20:39:07 | INFO     | 📋 损失函数使用策略（遵循主流机器学习规范）:
2025-07-28 20:39:07 | INFO     |    🎯 训练阶段: 使用 ce 损失函数
2025-07-28 20:39:07 | INFO     |       → 目的：优化模型参数，解决特定问题（类别不平衡、相似性等）
2025-07-28 20:39:07 | INFO     |    📊 验证阶段: 使用标准交叉熵损失函数
2025-07-28 20:39:07 | INFO     |       → 目的：客观评估模型性能，便于不同方法比较
2025-07-28 20:39:07 | INFO     |    📈 最终报告: 基于标准交叉熵损失的指标
2025-07-28 20:39:07 | INFO     |       → 目的：提供可信、可比较的性能指标
2025-07-28 20:39:07 | INFO     | ================================================================================

2025-07-28 20:39:07 | INFO     | 🔄 梯度累积: 已禁用（gradient_accumulation_steps=1）
2025-07-28 20:39:51 | INFO     | Epoch 1:
2025-07-28 20:39:51 | INFO     |   训练指标:
2025-07-28 20:39:51 | INFO     |     损失(ce): 1.831241
2025-07-28 20:39:51 | INFO     |     准确率: 0.307114
2025-07-28 20:39:51 | INFO     |     学习率: 0.00010000
2025-07-28 20:39:51 | INFO     |   验证指标(标准CE):
2025-07-28 20:39:51 | INFO     |     损失: 1.021985
2025-07-28 20:39:51 | INFO     |     准确率: 0.641642
2025-07-28 20:39:51 | INFO     |     F1(macro): 0.572527
2025-07-28 20:39:51 | INFO     |     F1(weighted): 0.567750
2025-07-28 20:39:51 | INFO     |     精确率: 0.557003
2025-07-28 20:39:51 | INFO     |     召回率: 0.642231
2025-07-28 20:39:51 | INFO     |   学习率调度器: f1_based
2025-07-28 20:39:51 | INFO     | ------------------------------------------------------------
2025-07-28 20:39:51 | INFO     | Epoch   1 | Train: Loss=1.8312, Acc=0.3071 | Val: Loss=1.0220, Acc=0.6416, F1=0.5677 | LR=0.000100 🏆 [最佳模型]
2025-07-28 20:40:34 | INFO     | Epoch 2:
2025-07-28 20:40:34 | INFO     |   训练指标:
2025-07-28 20:40:34 | INFO     |     损失(ce): 0.650114
2025-07-28 20:40:34 | INFO     |     准确率: 0.758768
2025-07-28 20:40:34 | INFO     |     学习率: 0.00010000
2025-07-28 20:40:34 | INFO     |   验证指标(标准CE):
2025-07-28 20:40:34 | INFO     |     损失: 0.307776
2025-07-28 20:40:34 | INFO     |     准确率: 0.843844
2025-07-28 20:40:34 | INFO     |     F1(macro): 0.841641
2025-07-28 20:40:34 | INFO     |     F1(weighted): 0.834927
2025-07-28 20:40:34 | INFO     |     精确率: 0.855197
2025-07-28 20:40:34 | INFO     |     召回率: 0.851585
2025-07-28 20:40:34 | INFO     |   学习率调度器: f1_based
2025-07-28 20:40:34 | INFO     | ------------------------------------------------------------
2025-07-28 20:40:34 | INFO     | Epoch   2 | Train: Loss=0.6501, Acc=0.7588 | Val: Loss=0.3078, Acc=0.8438, F1=0.8349 | LR=0.000100 🏆 [最佳模型]
2025-07-28 20:41:18 | INFO     | Epoch 3:
2025-07-28 20:41:18 | INFO     |   训练指标:
2025-07-28 20:41:18 | INFO     |     损失(ce): 0.315628
2025-07-28 20:41:18 | INFO     |     准确率: 0.858717
2025-07-28 20:41:18 | INFO     |     学习率: 0.00010000
2025-07-28 20:41:18 | INFO     |   验证指标(标准CE):
2025-07-28 20:41:18 | INFO     |     损失: 0.339351
2025-07-28 20:41:18 | INFO     |     准确率: 0.842843
2025-07-28 20:41:18 | INFO     |     F1(macro): 0.814152
2025-07-28 20:41:18 | INFO     |     F1(weighted): 0.804328
2025-07-28 20:41:18 | INFO     |     精确率: 0.789185
2025-07-28 20:41:18 | INFO     |     召回率: 0.852517
2025-07-28 20:41:18 | INFO     |   学习率调度器: f1_based
2025-07-28 20:41:18 | INFO     | ------------------------------------------------------------
2025-07-28 20:41:18 | INFO     | Epoch   3 | Train: Loss=0.3156, Acc=0.8587 | Val: Loss=0.3394, Acc=0.8428, F1=0.8043 | LR=0.000100 
2025-07-28 20:42:00 | INFO     | Epoch 4:
2025-07-28 20:42:00 | INFO     |   训练指标:
2025-07-28 20:42:00 | INFO     |     损失(ce): 0.261472
2025-07-28 20:42:00 | INFO     |     准确率: 0.871743
2025-07-28 20:42:00 | INFO     |     学习率: 0.00010000
2025-07-28 20:42:00 | INFO     |   验证指标(标准CE):
2025-07-28 20:42:00 | INFO     |     损失: 0.282819
2025-07-28 20:42:00 | INFO     |     准确率: 0.863864
2025-07-28 20:42:00 | INFO     |     F1(macro): 0.837753
2025-07-28 20:42:00 | INFO     |     F1(weighted): 0.827959
2025-07-28 20:42:00 | INFO     |     精确率: 0.824991
2025-07-28 20:42:00 | INFO     |     召回率: 0.873862
2025-07-28 20:42:00 | INFO     |   学习率调度器: f1_based
2025-07-28 20:42:00 | INFO     | ------------------------------------------------------------
2025-07-28 20:42:00 | INFO     | Epoch   4 | Train: Loss=0.2615, Acc=0.8717 | Val: Loss=0.2828, Acc=0.8639, F1=0.8280 | LR=0.000100 
2025-07-28 20:42:43 | INFO     | Epoch 5:
2025-07-28 20:42:43 | INFO     |   训练指标:
2025-07-28 20:42:43 | INFO     |     损失(ce): 0.234010
2025-07-28 20:42:43 | INFO     |     准确率: 0.885271
2025-07-28 20:42:43 | INFO     |     学习率: 0.00010000
2025-07-28 20:42:43 | INFO     |   验证指标(标准CE):
2025-07-28 20:42:43 | INFO     |     损失: 0.207458
2025-07-28 20:42:43 | INFO     |     准确率: 0.904905
2025-07-28 20:42:43 | INFO     |     F1(macro): 0.903593
2025-07-28 20:42:43 | INFO     |     F1(weighted): 0.901286
2025-07-28 20:42:43 | INFO     |     精确率: 0.902924
2025-07-28 20:42:43 | INFO     |     召回率: 0.907252
2025-07-28 20:42:43 | INFO     |   学习率调度器: f1_based
2025-07-28 20:42:43 | INFO     | ------------------------------------------------------------
2025-07-28 20:42:43 | INFO     | Epoch   5 | Train: Loss=0.2340, Acc=0.8853 | Val: Loss=0.2075, Acc=0.9049, F1=0.9013 | LR=0.000100 🏆 [最佳模型]
2025-07-28 20:43:27 | INFO     | Epoch 6:
2025-07-28 20:43:27 | INFO     |   训练指标:
2025-07-28 20:43:27 | INFO     |     损失(ce): 0.202445
2025-07-28 20:43:27 | INFO     |     准确率: 0.905812
2025-07-28 20:43:27 | INFO     |     学习率: 0.00010000
2025-07-28 20:43:27 | INFO     |   验证指标(标准CE):
2025-07-28 20:43:27 | INFO     |     损失: 0.108158
2025-07-28 20:43:27 | INFO     |     准确率: 0.952953
2025-07-28 20:43:27 | INFO     |     F1(macro): 0.954358
2025-07-28 20:43:27 | INFO     |     F1(weighted): 0.952696
2025-07-28 20:43:27 | INFO     |     精确率: 0.954530
2025-07-28 20:43:27 | INFO     |     召回率: 0.954974
2025-07-28 20:43:27 | INFO     |   学习率调度器: f1_based
2025-07-28 20:43:27 | INFO     | ------------------------------------------------------------
2025-07-28 20:43:27 | INFO     | Epoch   6 | Train: Loss=0.2024, Acc=0.9058 | Val: Loss=0.1082, Acc=0.9530, F1=0.9527 | LR=0.000100 🏆 [最佳模型]
2025-07-28 20:44:10 | INFO     | Epoch 7:
2025-07-28 20:44:10 | INFO     |   训练指标:
2025-07-28 20:44:10 | INFO     |     损失(ce): 0.145464
2025-07-28 20:44:10 | INFO     |     准确率: 0.936874
2025-07-28 20:44:10 | INFO     |     学习率: 0.00010000
2025-07-28 20:44:10 | INFO     |   验证指标(标准CE):
2025-07-28 20:44:10 | INFO     |     损失: 0.180820
2025-07-28 20:44:10 | INFO     |     准确率: 0.924925
2025-07-28 20:44:10 | INFO     |     F1(macro): 0.926410
2025-07-28 20:44:10 | INFO     |     F1(weighted): 0.923653
2025-07-28 20:44:10 | INFO     |     精确率: 0.934062
2025-07-28 20:44:10 | INFO     |     召回率: 0.928925
2025-07-28 20:44:10 | INFO     |   学习率调度器: f1_based
2025-07-28 20:44:10 | INFO     | ------------------------------------------------------------
2025-07-28 20:44:10 | INFO     | Epoch   7 | Train: Loss=0.1455, Acc=0.9369 | Val: Loss=0.1808, Acc=0.9249, F1=0.9237 | LR=0.000100 
2025-07-28 20:44:53 | INFO     | Epoch 8:
2025-07-28 20:44:53 | INFO     |   训练指标:
2025-07-28 20:44:53 | INFO     |     损失(ce): 0.117090
2025-07-28 20:44:53 | INFO     |     准确率: 0.952154
2025-07-28 20:44:53 | INFO     |     学习率: 0.00010000
2025-07-28 20:44:53 | INFO     |   验证指标(标准CE):
2025-07-28 20:44:53 | INFO     |     损失: 0.130589
2025-07-28 20:44:53 | INFO     |     准确率: 0.948949
2025-07-28 20:44:53 | INFO     |     F1(macro): 0.950252
2025-07-28 20:44:53 | INFO     |     F1(weighted): 0.947859
2025-07-28 20:44:53 | INFO     |     精确率: 0.962888
2025-07-28 20:44:53 | INFO     |     召回率: 0.952790
2025-07-28 20:44:53 | INFO     |   学习率调度器: f1_based
2025-07-28 20:44:53 | INFO     | ------------------------------------------------------------
2025-07-28 20:44:53 | INFO     | Epoch   8 | Train: Loss=0.1171, Acc=0.9522 | Val: Loss=0.1306, Acc=0.9489, F1=0.9479 | LR=0.000100 
2025-07-28 20:45:36 | INFO     | Epoch 9:
2025-07-28 20:45:36 | INFO     |   训练指标:
2025-07-28 20:45:36 | INFO     |     损失(ce): 0.109265
2025-07-28 20:45:36 | INFO     |     准确率: 0.952154
2025-07-28 20:45:36 | INFO     |     学习率: 0.00010000
2025-07-28 20:45:36 | INFO     |   验证指标(标准CE):
2025-07-28 20:45:36 | INFO     |     损失: 0.101410
2025-07-28 20:45:36 | INFO     |     准确率: 0.953954
2025-07-28 20:45:36 | INFO     |     F1(macro): 0.955349
2025-07-28 20:45:36 | INFO     |     F1(weighted): 0.953129
2025-07-28 20:45:36 | INFO     |     精确率: 0.966335
2025-07-28 20:45:36 | INFO     |     召回率: 0.957547
2025-07-28 20:45:36 | INFO     |   学习率调度器: f1_based
2025-07-28 20:45:36 | INFO     | ------------------------------------------------------------
2025-07-28 20:45:36 | INFO     | Epoch   9 | Train: Loss=0.1093, Acc=0.9522 | Val: Loss=0.1014, Acc=0.9540, F1=0.9531 | LR=0.000100 🏆 [最佳模型]
2025-07-28 20:46:19 | INFO     | Epoch 10:
2025-07-28 20:46:19 | INFO     |   训练指标:
2025-07-28 20:46:19 | INFO     |     损失(ce): 0.099581
2025-07-28 20:46:19 | INFO     |     准确率: 0.954158
2025-07-28 20:46:19 | INFO     |     学习率: 0.00010000
2025-07-28 20:46:19 | INFO     |   验证指标(标准CE):
2025-07-28 20:46:19 | INFO     |     损失: 0.059708
2025-07-28 20:46:19 | INFO     |     准确率: 0.971972
2025-07-28 20:46:19 | INFO     |     F1(macro): 0.972677
2025-07-28 20:46:19 | INFO     |     F1(weighted): 0.971625
2025-07-28 20:46:19 | INFO     |     精确率: 0.975338
2025-07-28 20:46:19 | INFO     |     召回率: 0.972386
2025-07-28 20:46:19 | INFO     |   学习率调度器: f1_based
2025-07-28 20:46:19 | INFO     | ------------------------------------------------------------
2025-07-28 20:46:19 | INFO     | Epoch  10 | Train: Loss=0.0996, Acc=0.9542 | Val: Loss=0.0597, Acc=0.9720, F1=0.9716 | LR=0.000100 🏆 [最佳模型]
2025-07-28 20:47:03 | INFO     | Epoch 11:
2025-07-28 20:47:03 | INFO     |   训练指标:
2025-07-28 20:47:03 | INFO     |     损失(ce): 0.085172
2025-07-28 20:47:03 | INFO     |     准确率: 0.961924
2025-07-28 20:47:03 | INFO     |     学习率: 0.00010000
2025-07-28 20:47:03 | INFO     |   验证指标(标准CE):
2025-07-28 20:47:03 | INFO     |     损失: 0.098622
2025-07-28 20:47:03 | INFO     |     准确率: 0.959960
2025-07-28 20:47:03 | INFO     |     F1(macro): 0.961119
2025-07-28 20:47:03 | INFO     |     F1(weighted): 0.959157
2025-07-28 20:47:03 | INFO     |     精确率: 0.969579
2025-07-28 20:47:03 | INFO     |     召回率: 0.963186
2025-07-28 20:47:03 | INFO     |   学习率调度器: f1_based
2025-07-28 20:47:03 | INFO     | ------------------------------------------------------------
2025-07-28 20:47:03 | INFO     | Epoch  11 | Train: Loss=0.0852, Acc=0.9619 | Val: Loss=0.0986, Acc=0.9600, F1=0.9592 | LR=0.000100 
2025-07-28 20:47:45 | INFO     | Epoch 12:
2025-07-28 20:47:45 | INFO     |   训练指标:
2025-07-28 20:47:45 | INFO     |     损失(ce): 0.084439
2025-07-28 20:47:45 | INFO     |     准确率: 0.960922
2025-07-28 20:47:45 | INFO     |     学习率: 0.00010000
2025-07-28 20:47:45 | INFO     |   验证指标(标准CE):
2025-07-28 20:47:45 | INFO     |     损失: 0.075907
2025-07-28 20:47:45 | INFO     |     准确率: 0.960961
2025-07-28 20:47:45 | INFO     |     F1(macro): 0.961694
2025-07-28 20:47:45 | INFO     |     F1(weighted): 0.960332
2025-07-28 20:47:45 | INFO     |     精确率: 0.967093
2025-07-28 20:47:45 | INFO     |     召回率: 0.961345
2025-07-28 20:47:45 | INFO     |   学习率调度器: f1_based
2025-07-28 20:47:45 | INFO     | ------------------------------------------------------------
2025-07-28 20:47:45 | INFO     | Epoch  12 | Train: Loss=0.0844, Acc=0.9609 | Val: Loss=0.0759, Acc=0.9610, F1=0.9603 | LR=0.000100 
2025-07-28 20:48:28 | INFO     | Epoch 13:
2025-07-28 20:48:28 | INFO     |   训练指标:
2025-07-28 20:48:28 | INFO     |     损失(ce): 0.070756
2025-07-28 20:48:28 | INFO     |     准确率: 0.964178
2025-07-28 20:48:28 | INFO     |     学习率: 0.00010000
2025-07-28 20:48:28 | INFO     |   验证指标(标准CE):
2025-07-28 20:48:28 | INFO     |     损失: 0.075043
2025-07-28 20:48:28 | INFO     |     准确率: 0.961962
2025-07-28 20:48:28 | INFO     |     F1(macro): 0.963426
2025-07-28 20:48:28 | INFO     |     F1(weighted): 0.961835
2025-07-28 20:48:28 | INFO     |     精确率: 0.968450
2025-07-28 20:48:28 | INFO     |     召回率: 0.964645
2025-07-28 20:48:28 | INFO     |   学习率调度器: f1_based
2025-07-28 20:48:28 | INFO     | ------------------------------------------------------------
2025-07-28 20:48:28 | INFO     | Epoch  13 | Train: Loss=0.0708, Acc=0.9642 | Val: Loss=0.0750, Acc=0.9620, F1=0.9618 | LR=0.000100 
2025-07-28 20:49:11 | INFO     | Epoch 14:
2025-07-28 20:49:11 | INFO     |   训练指标:
2025-07-28 20:49:11 | INFO     |     损失(ce): 0.066709
2025-07-28 20:49:11 | INFO     |     准确率: 0.964178
2025-07-28 20:49:11 | INFO     |     学习率: 0.00010000
2025-07-28 20:49:11 | INFO     |   验证指标(标准CE):
2025-07-28 20:49:11 | INFO     |     损失: 0.068741
2025-07-28 20:49:11 | INFO     |     准确率: 0.965966
2025-07-28 20:49:11 | INFO     |     F1(macro): 0.967212
2025-07-28 20:49:11 | INFO     |     F1(weighted): 0.965669
2025-07-28 20:49:11 | INFO     |     精确率: 0.973376
2025-07-28 20:49:11 | INFO     |     召回率: 0.968631
2025-07-28 20:49:11 | INFO     |   学习率调度器: f1_based
2025-07-28 20:49:11 | INFO     | ------------------------------------------------------------
2025-07-28 20:49:11 | INFO     | Epoch  14 | Train: Loss=0.0667, Acc=0.9642 | Val: Loss=0.0687, Acc=0.9660, F1=0.9657 | LR=0.000100 
2025-07-28 20:49:54 | INFO     | Epoch 15:
2025-07-28 20:49:54 | INFO     |   训练指标:
2025-07-28 20:49:54 | INFO     |     损失(ce): 0.066432
2025-07-28 20:49:54 | INFO     |     准确率: 0.968186
2025-07-28 20:49:54 | INFO     |     学习率: 0.00010000
2025-07-28 20:49:54 | INFO     |   验证指标(标准CE):
2025-07-28 20:49:54 | INFO     |     损失: 0.090354
2025-07-28 20:49:54 | INFO     |     准确率: 0.957958
2025-07-28 20:49:54 | INFO     |     F1(macro): 0.959500
2025-07-28 20:49:54 | INFO     |     F1(weighted): 0.957783
2025-07-28 20:49:54 | INFO     |     精确率: 0.965094
2025-07-28 20:49:54 | INFO     |     召回率: 0.960902
2025-07-28 20:49:54 | INFO     |   学习率调度器: f1_based
2025-07-28 20:49:54 | INFO     | ------------------------------------------------------------
2025-07-28 20:49:54 | INFO     | Epoch  15 | Train: Loss=0.0664, Acc=0.9682 | Val: Loss=0.0904, Acc=0.9580, F1=0.9578 | LR=0.000100 
2025-07-28 20:50:37 | INFO     | Epoch 16:
2025-07-28 20:50:37 | INFO     |   训练指标:
2025-07-28 20:50:37 | INFO     |     损失(ce): 0.053779
2025-07-28 20:50:37 | INFO     |     准确率: 0.972946
2025-07-28 20:50:37 | INFO     |     学习率: 0.00010000
2025-07-28 20:50:37 | INFO     |   验证指标(标准CE):
2025-07-28 20:50:37 | INFO     |     损失: 0.081709
2025-07-28 20:50:37 | INFO     |     准确率: 0.959960
2025-07-28 20:50:37 | INFO     |     F1(macro): 0.961683
2025-07-28 20:50:37 | INFO     |     F1(weighted): 0.959904
2025-07-28 20:50:37 | INFO     |     精确率: 0.965804
2025-07-28 20:50:37 | INFO     |     召回率: 0.962643
2025-07-28 20:50:37 | INFO     |   学习率调度器: f1_based
2025-07-28 20:50:37 | INFO     | ------------------------------------------------------------
2025-07-28 20:50:37 | INFO     | Epoch  16 | Train: Loss=0.0538, Acc=0.9729 | Val: Loss=0.0817, Acc=0.9600, F1=0.9599 | LR=0.000100 
2025-07-28 20:51:20 | INFO     | Epoch 17:
2025-07-28 20:51:20 | INFO     |   训练指标:
2025-07-28 20:51:20 | INFO     |     损失(ce): 0.073889
2025-07-28 20:51:20 | INFO     |     准确率: 0.967936
2025-07-28 20:51:20 | INFO     |     学习率: 0.00010000
2025-07-28 20:51:20 | INFO     |   验证指标(标准CE):
2025-07-28 20:51:20 | INFO     |     损失: 0.054296
2025-07-28 20:51:20 | INFO     |     准确率: 0.967968
2025-07-28 20:51:20 | INFO     |     F1(macro): 0.969002
2025-07-28 20:51:20 | INFO     |     F1(weighted): 0.967590
2025-07-28 20:51:20 | INFO     |     精确率: 0.974610
2025-07-28 20:51:20 | INFO     |     召回率: 0.970559
2025-07-28 20:51:20 | INFO     |   学习率调度器: f1_based
2025-07-28 20:51:20 | INFO     | ------------------------------------------------------------
2025-07-28 20:51:20 | INFO     | Epoch  17 | Train: Loss=0.0739, Acc=0.9679 | Val: Loss=0.0543, Acc=0.9680, F1=0.9676 | LR=0.000100 
2025-07-28 20:52:03 | INFO     | Epoch 18:
2025-07-28 20:52:03 | INFO     |   训练指标:
2025-07-28 20:52:03 | INFO     |     损失(ce): 0.070211
2025-07-28 20:52:03 | INFO     |     准确率: 0.964679
2025-07-28 20:52:03 | INFO     |     学习率: 0.00010000
2025-07-28 20:52:03 | INFO     |   验证指标(标准CE):
2025-07-28 20:52:03 | INFO     |     损失: 0.101277
2025-07-28 20:52:03 | INFO     |     准确率: 0.954955
2025-07-28 20:52:03 | INFO     |     F1(macro): 0.956044
2025-07-28 20:52:03 | INFO     |     F1(weighted): 0.954253
2025-07-28 20:52:03 | INFO     |     精确率: 0.963726
2025-07-28 20:52:03 | INFO     |     召回率: 0.958151
2025-07-28 20:52:03 | INFO     |   学习率调度器: f1_based
2025-07-28 20:52:03 | INFO     | ------------------------------------------------------------
2025-07-28 20:52:03 | INFO     | 🎯 学习率调整事件:
2025-07-28 20:52:03 | INFO     |   调度器类型: f1_based
2025-07-28 20:52:03 | INFO     |   学习率变化: 0.00010000 → 0.00005000
2025-07-28 20:52:03 | INFO     |   触发条件: F1分数 = 0.954253
2025-07-28 20:52:03 | INFO     |   变化幅度: -50.00%
2025-07-28 20:52:03 | INFO     | ------------------------------------------------------------
2025-07-28 20:52:03 | INFO     | Epoch  18 | Train: Loss=0.0702, Acc=0.9647 | Val: Loss=0.1013, Acc=0.9550, F1=0.9543 | LR=0.000050 
2025-07-28 20:52:46 | INFO     | Epoch 19:
2025-07-28 20:52:46 | INFO     |   训练指标:
2025-07-28 20:52:46 | INFO     |     损失(ce): 0.043706
2025-07-28 20:52:46 | INFO     |     准确率: 0.975701
2025-07-28 20:52:46 | INFO     |     学习率: 0.00005000
2025-07-28 20:52:46 | INFO     |   验证指标(标准CE):
2025-07-28 20:52:46 | INFO     |     损失: 0.050789
2025-07-28 20:52:46 | INFO     |     准确率: 0.967968
2025-07-28 20:52:46 | INFO     |     F1(macro): 0.969292
2025-07-28 20:52:46 | INFO     |     F1(weighted): 0.967849
2025-07-28 20:52:46 | INFO     |     精确率: 0.971347
2025-07-28 20:52:46 | INFO     |     召回率: 0.970119
2025-07-28 20:52:46 | INFO     |   学习率调度器: f1_based
2025-07-28 20:52:46 | INFO     | ------------------------------------------------------------
2025-07-28 20:52:46 | INFO     | Epoch  19 | Train: Loss=0.0437, Acc=0.9757 | Val: Loss=0.0508, Acc=0.9680, F1=0.9678 | LR=0.000050 
2025-07-28 20:53:28 | INFO     | Epoch 20:
2025-07-28 20:53:28 | INFO     |   训练指标:
2025-07-28 20:53:28 | INFO     |     损失(ce): 0.040025
2025-07-28 20:53:28 | INFO     |     准确率: 0.974699
2025-07-28 20:53:28 | INFO     |     学习率: 0.00005000
2025-07-28 20:53:28 | INFO     |   验证指标(标准CE):
2025-07-28 20:53:28 | INFO     |     损失: 0.051112
2025-07-28 20:53:28 | INFO     |     准确率: 0.975976
2025-07-28 20:53:28 | INFO     |     F1(macro): 0.976672
2025-07-28 20:53:28 | INFO     |     F1(weighted): 0.975748
2025-07-28 20:53:28 | INFO     |     精确率: 0.979629
2025-07-28 20:53:28 | INFO     |     召回率: 0.976224
2025-07-28 20:53:28 | INFO     |   学习率调度器: f1_based
2025-07-28 20:53:28 | INFO     | ------------------------------------------------------------
2025-07-28 20:53:28 | INFO     | Epoch  20 | Train: Loss=0.0400, Acc=0.9747 | Val: Loss=0.0511, Acc=0.9760, F1=0.9757 | LR=0.000050 🏆 [最佳模型]
2025-07-28 20:54:12 | INFO     | Epoch 21:
2025-07-28 20:54:12 | INFO     |   训练指标:
2025-07-28 20:54:12 | INFO     |     损失(ce): 0.042222
2025-07-28 20:54:12 | INFO     |     准确率: 0.975200
2025-07-28 20:54:12 | INFO     |     学习率: 0.00005000
2025-07-28 20:54:12 | INFO     |   验证指标(标准CE):
2025-07-28 20:54:12 | INFO     |     损失: 0.081393
2025-07-28 20:54:12 | INFO     |     准确率: 0.962963
2025-07-28 20:54:12 | INFO     |     F1(macro): 0.964073
2025-07-28 20:54:12 | INFO     |     F1(weighted): 0.962266
2025-07-28 20:54:12 | INFO     |     精确率: 0.972222
2025-07-28 20:54:12 | INFO     |     召回率: 0.966024
2025-07-28 20:54:12 | INFO     |   学习率调度器: f1_based
2025-07-28 20:54:12 | INFO     | ------------------------------------------------------------
2025-07-28 20:54:12 | INFO     | Epoch  21 | Train: Loss=0.0422, Acc=0.9752 | Val: Loss=0.0814, Acc=0.9630, F1=0.9623 | LR=0.000050 
2025-07-28 20:54:55 | INFO     | Epoch 22:
2025-07-28 20:54:55 | INFO     |   训练指标:
2025-07-28 20:54:55 | INFO     |     损失(ce): 0.041500
2025-07-28 20:54:55 | INFO     |     准确率: 0.975701
2025-07-28 20:54:55 | INFO     |     学习率: 0.00005000
2025-07-28 20:54:55 | INFO     |   验证指标(标准CE):
2025-07-28 20:54:55 | INFO     |     损失: 0.072650
2025-07-28 20:54:55 | INFO     |     准确率: 0.963964
2025-07-28 20:54:55 | INFO     |     F1(macro): 0.965215
2025-07-28 20:54:55 | INFO     |     F1(weighted): 0.963514
2025-07-28 20:54:55 | INFO     |     精确率: 0.972789
2025-07-28 20:54:55 | INFO     |     召回率: 0.966877
2025-07-28 20:54:55 | INFO     |   学习率调度器: f1_based
2025-07-28 20:54:55 | INFO     | ------------------------------------------------------------
2025-07-28 20:54:55 | INFO     | Epoch  22 | Train: Loss=0.0415, Acc=0.9757 | Val: Loss=0.0726, Acc=0.9640, F1=0.9635 | LR=0.000050 
2025-07-28 20:55:38 | INFO     | Epoch 23:
2025-07-28 20:55:38 | INFO     |   训练指标:
2025-07-28 20:55:38 | INFO     |     损失(ce): 0.045451
2025-07-28 20:55:38 | INFO     |     准确率: 0.973196
2025-07-28 20:55:38 | INFO     |     学习率: 0.00005000
2025-07-28 20:55:38 | INFO     |   验证指标(标准CE):
2025-07-28 20:55:38 | INFO     |     损失: 0.070111
2025-07-28 20:55:38 | INFO     |     准确率: 0.963964
2025-07-28 20:55:38 | INFO     |     F1(macro): 0.965079
2025-07-28 20:55:38 | INFO     |     F1(weighted): 0.963329
2025-07-28 20:55:38 | INFO     |     精确率: 0.972789
2025-07-28 20:55:38 | INFO     |     召回率: 0.966942
2025-07-28 20:55:38 | INFO     |   学习率调度器: f1_based
2025-07-28 20:55:38 | INFO     | ------------------------------------------------------------
2025-07-28 20:55:38 | INFO     | Epoch  23 | Train: Loss=0.0455, Acc=0.9732 | Val: Loss=0.0701, Acc=0.9640, F1=0.9633 | LR=0.000050 
2025-07-28 20:56:20 | INFO     | Epoch 24:
2025-07-28 20:56:20 | INFO     |   训练指标:
2025-07-28 20:56:20 | INFO     |     损失(ce): 0.039955
2025-07-28 20:56:20 | INFO     |     准确率: 0.976954
2025-07-28 20:56:20 | INFO     |     学习率: 0.00005000
2025-07-28 20:56:20 | INFO     |   验证指标(标准CE):
2025-07-28 20:56:20 | INFO     |     损失: 0.043842
2025-07-28 20:56:20 | INFO     |     准确率: 0.967968
2025-07-28 20:56:20 | INFO     |     F1(macro): 0.969202
2025-07-28 20:56:20 | INFO     |     F1(weighted): 0.967719
2025-07-28 20:56:20 | INFO     |     精确率: 0.972971
2025-07-28 20:56:20 | INFO     |     召回率: 0.970367
2025-07-28 20:56:20 | INFO     |   学习率调度器: f1_based
2025-07-28 20:56:20 | INFO     | ------------------------------------------------------------
2025-07-28 20:56:20 | INFO     | Epoch  24 | Train: Loss=0.0400, Acc=0.9770 | Val: Loss=0.0438, Acc=0.9680, F1=0.9677 | LR=0.000050 
2025-07-28 20:57:03 | INFO     | Epoch 25:
2025-07-28 20:57:03 | INFO     |   训练指标:
2025-07-28 20:57:03 | INFO     |     损失(ce): 0.041356
2025-07-28 20:57:03 | INFO     |     准确率: 0.975451
2025-07-28 20:57:03 | INFO     |     学习率: 0.00005000
2025-07-28 20:57:03 | INFO     |   验证指标(标准CE):
2025-07-28 20:57:03 | INFO     |     损失: 0.048000
2025-07-28 20:57:03 | INFO     |     准确率: 0.973974
2025-07-28 20:57:03 | INFO     |     F1(macro): 0.974702
2025-07-28 20:57:03 | INFO     |     F1(weighted): 0.973734
2025-07-28 20:57:03 | INFO     |     精确率: 0.977761
2025-07-28 20:57:03 | INFO     |     召回率: 0.974240
2025-07-28 20:57:03 | INFO     |   学习率调度器: f1_based
2025-07-28 20:57:03 | INFO     | ------------------------------------------------------------
2025-07-28 20:57:03 | INFO     | Epoch  25 | Train: Loss=0.0414, Acc=0.9755 | Val: Loss=0.0480, Acc=0.9740, F1=0.9737 | LR=0.000050 
2025-07-28 20:57:46 | INFO     | Epoch 26:
2025-07-28 20:57:46 | INFO     |   训练指标:
2025-07-28 20:57:46 | INFO     |     损失(ce): 0.039705
2025-07-28 20:57:46 | INFO     |     准确率: 0.976453
2025-07-28 20:57:46 | INFO     |     学习率: 0.00005000
2025-07-28 20:57:46 | INFO     |   验证指标(标准CE):
2025-07-28 20:57:46 | INFO     |     损失: 0.064592
2025-07-28 20:57:46 | INFO     |     准确率: 0.967968
2025-07-28 20:57:46 | INFO     |     F1(macro): 0.969071
2025-07-28 20:57:46 | INFO     |     F1(weighted): 0.967545
2025-07-28 20:57:46 | INFO     |     精确率: 0.975136
2025-07-28 20:57:46 | INFO     |     召回率: 0.970615
2025-07-28 20:57:46 | INFO     |   学习率调度器: f1_based
2025-07-28 20:57:46 | INFO     | ------------------------------------------------------------
2025-07-28 20:57:46 | INFO     | Epoch  26 | Train: Loss=0.0397, Acc=0.9765 | Val: Loss=0.0646, Acc=0.9680, F1=0.9675 | LR=0.000050 
2025-07-28 20:58:29 | INFO     | Epoch 27:
2025-07-28 20:58:29 | INFO     |   训练指标:
2025-07-28 20:58:29 | INFO     |     损失(ce): 0.042034
2025-07-28 20:58:29 | INFO     |     准确率: 0.975451
2025-07-28 20:58:29 | INFO     |     学习率: 0.00005000
2025-07-28 20:58:29 | INFO     |   验证指标(标准CE):
2025-07-28 20:58:29 | INFO     |     损失: 0.070320
2025-07-28 20:58:29 | INFO     |     准确率: 0.972973
2025-07-28 20:58:29 | INFO     |     F1(macro): 0.973720
2025-07-28 20:58:29 | INFO     |     F1(weighted): 0.972770
2025-07-28 20:58:29 | INFO     |     精确率: 0.975987
2025-07-28 20:58:29 | INFO     |     召回率: 0.973413
2025-07-28 20:58:29 | INFO     |   学习率调度器: f1_based
2025-07-28 20:58:29 | INFO     | ------------------------------------------------------------
2025-07-28 20:58:29 | INFO     | Epoch  27 | Train: Loss=0.0420, Acc=0.9755 | Val: Loss=0.0703, Acc=0.9730, F1=0.9728 | LR=0.000050 
2025-07-28 20:59:12 | INFO     | Epoch 28:
2025-07-28 20:59:12 | INFO     |   训练指标:
2025-07-28 20:59:12 | INFO     |     损失(ce): 0.047982
2025-07-28 20:59:12 | INFO     |     准确率: 0.971693
2025-07-28 20:59:12 | INFO     |     学习率: 0.00005000
2025-07-28 20:59:12 | INFO     |   验证指标(标准CE):
2025-07-28 20:59:12 | INFO     |     损失: 0.043411
2025-07-28 20:59:12 | INFO     |     准确率: 0.970971
2025-07-28 20:59:12 | INFO     |     F1(macro): 0.972135
2025-07-28 20:59:12 | INFO     |     F1(weighted): 0.970950
2025-07-28 20:59:12 | INFO     |     精确率: 0.972289
2025-07-28 20:59:12 | INFO     |     召回率: 0.972046
2025-07-28 20:59:12 | INFO     |   学习率调度器: f1_based
2025-07-28 20:59:12 | INFO     | ------------------------------------------------------------
2025-07-28 20:59:12 | INFO     | 🎯 学习率调整事件:
2025-07-28 20:59:12 | INFO     |   调度器类型: f1_based
2025-07-28 20:59:12 | INFO     |   学习率变化: 0.00005000 → 0.00002500
2025-07-28 20:59:12 | INFO     |   触发条件: F1分数 = 0.970950
2025-07-28 20:59:12 | INFO     |   变化幅度: -50.00%
2025-07-28 20:59:12 | INFO     | ------------------------------------------------------------
2025-07-28 20:59:12 | INFO     | Epoch  28 | Train: Loss=0.0480, Acc=0.9717 | Val: Loss=0.0434, Acc=0.9710, F1=0.9709 | LR=0.000025 
2025-07-28 20:59:55 | INFO     | Epoch 29:
2025-07-28 20:59:55 | INFO     |   训练指标:
2025-07-28 20:59:55 | INFO     |     损失(ce): 0.033243
2025-07-28 20:59:55 | INFO     |     准确率: 0.977705
2025-07-28 20:59:55 | INFO     |     学习率: 0.00002500
2025-07-28 20:59:55 | INFO     |   验证指标(标准CE):
2025-07-28 20:59:55 | INFO     |     损失: 0.063304
2025-07-28 20:59:55 | INFO     |     准确率: 0.971972
2025-07-28 20:59:55 | INFO     |     F1(macro): 0.973082
2025-07-28 20:59:55 | INFO     |     F1(weighted): 0.971943
2025-07-28 20:59:55 | INFO     |     精确率: 0.973317
2025-07-28 20:59:55 | INFO     |     召回率: 0.972965
2025-07-28 20:59:55 | INFO     |   学习率调度器: f1_based
2025-07-28 20:59:55 | INFO     | ------------------------------------------------------------
2025-07-28 20:59:55 | INFO     | Epoch  29 | Train: Loss=0.0332, Acc=0.9777 | Val: Loss=0.0633, Acc=0.9720, F1=0.9719 | LR=0.000025 
2025-07-28 21:00:38 | INFO     | Epoch 30:
2025-07-28 21:00:38 | INFO     |   训练指标:
2025-07-28 21:00:38 | INFO     |     损失(ce): 0.035242
2025-07-28 21:00:38 | INFO     |     准确率: 0.974449
2025-07-28 21:00:38 | INFO     |     学习率: 0.00002500
2025-07-28 21:00:38 | INFO     |   验证指标(标准CE):
2025-07-28 21:00:38 | INFO     |     损失: 0.050403
2025-07-28 21:00:38 | INFO     |     准确率: 0.974975
2025-07-28 21:00:38 | INFO     |     F1(macro): 0.975725
2025-07-28 21:00:38 | INFO     |     F1(weighted): 0.974759
2025-07-28 21:00:38 | INFO     |     精确率: 0.978364
2025-07-28 21:00:38 | INFO     |     召回率: 0.975306
2025-07-28 21:00:38 | INFO     |   学习率调度器: f1_based
2025-07-28 21:00:38 | INFO     | ------------------------------------------------------------
2025-07-28 21:00:38 | INFO     | Epoch  30 | Train: Loss=0.0352, Acc=0.9744 | Val: Loss=0.0504, Acc=0.9750, F1=0.9748 | LR=0.000025 
2025-07-28 21:01:21 | INFO     | Epoch 31:
2025-07-28 21:01:21 | INFO     |   训练指标:
2025-07-28 21:01:21 | INFO     |     损失(ce): 0.033390
2025-07-28 21:01:21 | INFO     |     准确率: 0.977204
2025-07-28 21:01:21 | INFO     |     学习率: 0.00002500
2025-07-28 21:01:21 | INFO     |   验证指标(标准CE):
2025-07-28 21:01:21 | INFO     |     损失: 0.039479
2025-07-28 21:01:21 | INFO     |     准确率: 0.969970
2025-07-28 21:01:21 | INFO     |     F1(macro): 0.971049
2025-07-28 21:01:21 | INFO     |     F1(weighted): 0.969633
2025-07-28 21:01:21 | INFO     |     精确率: 0.976359
2025-07-28 21:01:21 | INFO     |     召回率: 0.972452
2025-07-28 21:01:21 | INFO     |   学习率调度器: f1_based
2025-07-28 21:01:21 | INFO     | ------------------------------------------------------------
2025-07-28 21:01:21 | INFO     | Epoch  31 | Train: Loss=0.0334, Acc=0.9772 | Val: Loss=0.0395, Acc=0.9700, F1=0.9696 | LR=0.000025 
2025-07-28 21:02:04 | INFO     | Epoch 32:
2025-07-28 21:02:04 | INFO     |   训练指标:
2025-07-28 21:02:04 | INFO     |     损失(ce): 0.034521
2025-07-28 21:02:04 | INFO     |     准确率: 0.978457
2025-07-28 21:02:04 | INFO     |     学习率: 0.00002500
2025-07-28 21:02:04 | INFO     |   验证指标(标准CE):
2025-07-28 21:02:04 | INFO     |     损失: 0.058535
2025-07-28 21:02:04 | INFO     |     准确率: 0.972973
2025-07-28 21:02:04 | INFO     |     F1(macro): 0.973834
2025-07-28 21:02:04 | INFO     |     F1(weighted): 0.972782
2025-07-28 21:02:04 | INFO     |     精确率: 0.975899
2025-07-28 21:02:04 | INFO     |     召回率: 0.973469
2025-07-28 21:02:04 | INFO     |   学习率调度器: f1_based
2025-07-28 21:02:04 | INFO     | ------------------------------------------------------------
2025-07-28 21:02:04 | INFO     | Epoch  32 | Train: Loss=0.0345, Acc=0.9785 | Val: Loss=0.0585, Acc=0.9730, F1=0.9728 | LR=0.000025 
2025-07-28 21:02:46 | INFO     | Epoch 33:
2025-07-28 21:02:46 | INFO     |   训练指标:
2025-07-28 21:02:46 | INFO     |     损失(ce): 0.036318
2025-07-28 21:02:46 | INFO     |     准确率: 0.975451
2025-07-28 21:02:46 | INFO     |     学习率: 0.00002500
2025-07-28 21:02:46 | INFO     |   验证指标(标准CE):
2025-07-28 21:02:46 | INFO     |     损失: 0.065686
2025-07-28 21:02:46 | INFO     |     准确率: 0.965966
2025-07-28 21:02:46 | INFO     |     F1(macro): 0.967301
2025-07-28 21:02:46 | INFO     |     F1(weighted): 0.965741
2025-07-28 21:02:46 | INFO     |     精确率: 0.972368
2025-07-28 21:02:46 | INFO     |     召回率: 0.968548
2025-07-28 21:02:46 | INFO     |   学习率调度器: f1_based
2025-07-28 21:02:46 | INFO     | ------------------------------------------------------------
2025-07-28 21:02:46 | INFO     | Epoch  33 | Train: Loss=0.0363, Acc=0.9755 | Val: Loss=0.0657, Acc=0.9660, F1=0.9657 | LR=0.000025 
2025-07-28 21:03:29 | INFO     | Epoch 34:
2025-07-28 21:03:29 | INFO     |   训练指标:
2025-07-28 21:03:29 | INFO     |     损失(ce): 0.034278
2025-07-28 21:03:29 | INFO     |     准确率: 0.978457
2025-07-28 21:03:29 | INFO     |     学习率: 0.00002500
2025-07-28 21:03:29 | INFO     |   验证指标(标准CE):
2025-07-28 21:03:29 | INFO     |     损失: 0.062277
2025-07-28 21:03:29 | INFO     |     准确率: 0.966967
2025-07-28 21:03:29 | INFO     |     F1(macro): 0.968135
2025-07-28 21:03:29 | INFO     |     F1(weighted): 0.966556
2025-07-28 21:03:29 | INFO     |     精确率: 0.973901
2025-07-28 21:03:29 | INFO     |     召回率: 0.969641
2025-07-28 21:03:29 | INFO     |   学习率调度器: f1_based
2025-07-28 21:03:29 | INFO     | ------------------------------------------------------------
2025-07-28 21:03:29 | INFO     | Epoch  34 | Train: Loss=0.0343, Acc=0.9785 | Val: Loss=0.0623, Acc=0.9670, F1=0.9666 | LR=0.000025 
2025-07-28 21:04:12 | INFO     | Epoch 35:
2025-07-28 21:04:12 | INFO     |   训练指标:
2025-07-28 21:04:12 | INFO     |     损失(ce): 0.035914
2025-07-28 21:04:12 | INFO     |     准确率: 0.976703
2025-07-28 21:04:12 | INFO     |     学习率: 0.00002500
2025-07-28 21:04:12 | INFO     |   验证指标(标准CE):
2025-07-28 21:04:12 | INFO     |     损失: 0.042866
2025-07-28 21:04:12 | INFO     |     准确率: 0.974975
2025-07-28 21:04:12 | INFO     |     F1(macro): 0.975725
2025-07-28 21:04:12 | INFO     |     F1(weighted): 0.974759
2025-07-28 21:04:12 | INFO     |     精确率: 0.978364
2025-07-28 21:04:12 | INFO     |     召回率: 0.975306
2025-07-28 21:04:12 | INFO     |   学习率调度器: f1_based
2025-07-28 21:04:12 | INFO     | ------------------------------------------------------------
2025-07-28 21:04:12 | INFO     | Epoch  35 | Train: Loss=0.0359, Acc=0.9767 | Val: Loss=0.0429, Acc=0.9750, F1=0.9748 | LR=0.000025 
2025-07-28 21:04:12 | INFO     | ⏹️ 早停触发，在第 35 轮停止训练
2025-07-28 21:04:16 | INFO     | 训练历史已保存到: ./result/0728_2039_DualGAF_DualGAFNet_SDAHU通道压缩_sl96_step96_fd128_extractor-dilated_gaf-concat_attention-channel_classifier-mlp_stat-basic_fusion-concat/training_history.csv
2025-07-28 21:04:16 | INFO     | 
====================================================================================================
2025-07-28 21:04:16 | INFO     | 🎉 训练完成总结:
2025-07-28 21:04:16 | INFO     |   训练损失函数: ce
2025-07-28 21:04:16 | INFO     |   验证损失函数: 标准交叉熵（遵循主流ML规范）
2025-07-28 21:04:16 | INFO     |   训练过程最佳验证准确率: 0.9760
2025-07-28 21:04:16 | INFO     |   训练过程最佳验证F1(macro): 0.9767
2025-07-28 21:04:16 | INFO     |   训练过程最佳验证F1(weighted): 0.9757
2025-07-28 21:04:16 | INFO     |   训练轮数: 35
2025-07-28 21:04:16 | INFO     | --------------------------------------------------
2025-07-28 21:04:16 | INFO     | 📊 最佳模型真实性能指标（基于标准交叉熵损失）:
2025-07-28 21:04:16 | INFO     |   验证损失(标准CE): 0.0511
2025-07-28 21:04:16 | INFO     |   验证准确率: 0.9760
2025-07-28 21:04:16 | INFO     |   验证F1(macro): 0.9767
2025-07-28 21:04:16 | INFO     |   验证F1(weighted): 0.9757
2025-07-28 21:04:16 | INFO     |   验证精确率: 0.9796
2025-07-28 21:04:16 | INFO     |   验证召回率: 0.9762
2025-07-28 21:04:16 | INFO     | ====================================================================================================
2025-07-28 21:04:17 | INFO     | ================================================================================
2025-07-28 21:04:17 | INFO     | 实验日志结束: DualGAF_DualGAFNet_SDAHU通道压缩_sl96_step96_fd128_extractor-dilated_gaf-concat_attention-channel_classifier-mlp_stat-basic_fusion-concat
2025-07-28 21:04:17 | INFO     | 结束时间: 2025-07-28 21:04:17
2025-07-28 21:04:17 | INFO     | ================================================================================
