2025-07-22 09:39:29 | INFO     | ================================================================================
2025-07-22 09:39:29 | INFO     | 实验日志开始: DualGAF_DualGAFNet_dilated_enhanced_sl96_step96_fd128_extractor-dilated_gaf-adaptive_attention-channel_classifier-mlp_stat-basic_fusion-concat_ablation-no_diff
2025-07-22 09:39:29 | INFO     | 日志文件: ./result/0722_0939_DualGAF_DualGAFNet_dilated_enhanced_sl96_step96_fd128_extractor-dilated_gaf-adaptive_attention-channel_classifier-mlp_stat-basic_fusion-concat_ablation-no_diff/training.log
2025-07-22 09:39:29 | INFO     | 开始时间: 2025-07-22 09:39:29
2025-07-22 09:39:29 | INFO     | ================================================================================
2025-07-22 09:39:29 | INFO     | ⚙️ 实验配置:
2025-07-22 09:39:29 | INFO     |    task_name: classification
2025-07-22 09:39:29 | INFO     |    is_training: 1
2025-07-22 09:39:29 | INFO     |    model_id: test
2025-07-22 09:39:29 | INFO     |    model: DualGAFNet
2025-07-22 09:39:29 | INFO     |    data: DualGAF
2025-07-22 09:39:29 | INFO     |    root_path: ./dataset/SAHU/direct_5_working
2025-07-22 09:39:29 | INFO     |    step: 96
2025-07-22 09:39:29 | INFO     |    checkpoints: ./checkpoints/
2025-07-22 09:39:29 | INFO     |    num_class: 9
2025-07-22 09:39:29 | INFO     |    result_path: ./result/
2025-07-22 09:39:29 | INFO     |    test_size: 0.2
2025-07-22 09:39:29 | INFO     |    seq_len: 96
2025-07-22 09:39:29 | INFO     |    enc_in: 26
2025-07-22 09:39:29 | INFO     |    d_model: 512
2025-07-22 09:39:29 | INFO     |    n_heads: 8
2025-07-22 09:39:29 | INFO     |    e_layers: 2
2025-07-22 09:39:29 | INFO     |    d_layers: 1
2025-07-22 09:39:29 | INFO     |    d_ff: 2048
2025-07-22 09:39:29 | INFO     |    moving_avg: 25
2025-07-22 09:39:29 | INFO     |    factor: 1
2025-07-22 09:39:29 | INFO     |    distil: True
2025-07-22 09:39:29 | INFO     |    dropout: 0.1
2025-07-22 09:39:29 | INFO     |    embed: timeF
2025-07-22 09:39:29 | INFO     |    activation: gelu
2025-07-22 09:39:29 | INFO     |    use_norm: 1
2025-07-22 09:39:29 | INFO     |    gaf_method: summation
2025-07-22 09:39:29 | INFO     |    feature_dim: 128
2025-07-22 09:39:29 | INFO     |    data_type_method: uint8
2025-07-22 09:39:29 | INFO     |    use_attention: True
2025-07-22 09:39:29 | INFO     |    hidden_dim: 64
2025-07-22 09:39:29 | INFO     |    sample_size: 1000
2025-07-22 09:39:29 | INFO     |    channel_groups: None
2025-07-22 09:39:29 | INFO     |    hvac_groups: None
2025-07-22 09:39:29 | INFO     |    extractor_type: dilated
2025-07-22 09:39:29 | INFO     |    fusion_type: adaptive
2025-07-22 09:39:29 | INFO     |    attention_type: channel
2025-07-22 09:39:29 | INFO     |    classifier_type: mlp
2025-07-22 09:39:29 | INFO     |    use_statistical_features: True
2025-07-22 09:39:29 | INFO     |    stat_type: basic
2025-07-22 09:39:29 | INFO     |    multimodal_fusion_strategy: concat
2025-07-22 09:39:29 | INFO     |    use_signal_level_stats: False
2025-07-22 09:39:29 | INFO     |    signal_stat_type: comprehensive
2025-07-22 09:39:29 | INFO     |    signal_stat_fusion_strategy: concat_project
2025-07-22 09:39:29 | INFO     |    signal_stat_feature_dim: 32
2025-07-22 09:39:29 | INFO     |    use_diff_branch: False
2025-07-22 09:39:29 | INFO     |    ablation_mode: no_diff
2025-07-22 09:39:29 | INFO     |    backbone_type: resnet18
2025-07-22 09:39:29 | INFO     |    use_sum_branch: True
2025-07-22 09:39:29 | INFO     |    num_workers: 0
2025-07-22 09:39:29 | INFO     |    cuda_debug: False
2025-07-22 09:39:29 | INFO     |    gpu_memory_fraction: 0.9
2025-07-22 09:39:29 | INFO     |    safe_mode: True
2025-07-22 09:39:29 | INFO     |    drop_last_batch: True
2025-07-22 09:39:29 | INFO     |    itr: 1
2025-07-22 09:39:29 | INFO     |    train_epochs: 300
2025-07-22 09:39:29 | INFO     |    batch_size: 4
2025-07-22 09:39:29 | INFO     |    patience: 15
2025-07-22 09:39:29 | INFO     |    learning_rate: 0.0001
2025-07-22 09:39:29 | INFO     |    des: dilated_enhanced
2025-07-22 09:39:29 | INFO     |    loss: MSE
2025-07-22 09:39:29 | INFO     |    lradj: type1
2025-07-22 09:39:29 | INFO     |    lr_scheduler_type: f1_based
2025-07-22 09:39:29 | INFO     |    lr_loss_weight: 0.3
2025-07-22 09:39:29 | INFO     |    lr_f1_weight: 0.7
2025-07-22 09:39:29 | INFO     |    use_amp: False
2025-07-22 09:39:29 | INFO     |    gradient_accumulation_steps: 2
2025-07-22 09:39:29 | INFO     |    enable_auto_gradient_accumulation: True
2025-07-22 09:39:29 | INFO     |    loss_type: ce
2025-07-22 09:39:29 | INFO     |    label_smoothing: 0.1
2025-07-22 09:39:29 | INFO     |    focal_alpha: 1.0
2025-07-22 09:39:29 | INFO     |    focal_gamma: 2.0
2025-07-22 09:39:29 | INFO     |    confidence_penalty_beta: 0.1
2025-07-22 09:39:29 | INFO     |    use_timm_loss: True
2025-07-22 09:39:29 | INFO     |    adaptive_initial_smoothing: 0.2
2025-07-22 09:39:29 | INFO     |    adaptive_final_smoothing: 0.05
2025-07-22 09:39:29 | INFO     |    adaptive_decay_epochs: 30
2025-07-22 09:39:29 | INFO     |    enable_class_weights: False
2025-07-22 09:39:29 | INFO     |    class_weights: None
2025-07-22 09:39:29 | INFO     |    loss_preset: None
2025-07-22 09:39:29 | INFO     |    n_jobs: 8
2025-07-22 09:39:29 | INFO     |    use_multiprocessing: True
2025-07-22 09:39:29 | INFO     |    chunk_size: 800
2025-07-22 09:39:29 | INFO     |    disable_parallel: False
2025-07-22 09:39:29 | INFO     |    use_shared_memory: True
2025-07-22 09:39:29 | INFO     |    disable_shared_memory: False
2025-07-22 09:39:29 | INFO     |    use_gpu: True
2025-07-22 09:39:29 | INFO     |    gpu: 0
2025-07-22 09:39:29 | INFO     |    gpu_type: cuda
2025-07-22 09:39:29 | INFO     |    use_multi_gpu: False
2025-07-22 09:39:29 | INFO     |    devices: 0,1,2,3
2025-07-22 09:39:29 | INFO     |    device: cuda:0
2025-07-22 09:39:29 | INFO     |    feature_columns: ['CHWC_VLV', 'CHWC_VLV_DM', 'MA_TEMP', 'OA_CFM', 'OA_DMPR', 'OA_DMPR_DM', 'OA_TEMP', 'RA_CFM', 'RA_DMPR', 'RA_DMPR_DM', 'RA_TEMP', 'RF_CS', 'RF_SPD', 'RF_WAT', 'SA_CFM', 'SA_SP', 'SA_SPSPT', 'SA_TEMP', 'SF_CS', 'SF_SPD', 'SF_WAT', 'ZONE_TEMP_1', 'ZONE_TEMP_2', 'ZONE_TEMP_3', 'ZONE_TEMP_4', 'ZONE_TEMP_5']
2025-07-22 09:39:29 | INFO     | 🏗️ 模型信息:
2025-07-22 09:39:29 | INFO     |    模型类型: Model
2025-07-22 09:39:29 | INFO     |    总参数数量: 8,268,610
2025-07-22 09:39:29 | INFO     |    可训练参数: 8,268,610
2025-07-22 09:39:29 | INFO     |    模型大小估计: 31.54 MB
2025-07-22 09:39:29 | INFO     | 📊 数据集信息:
2025-07-22 09:39:29 | INFO     |    训练集大小: 3996
2025-07-22 09:39:29 | INFO     |    验证集大小: 999
2025-07-22 09:39:30 | INFO     | 
================================================================================
2025-07-22 09:39:30 | INFO     | 📋 损失函数使用策略（遵循主流机器学习规范）:
2025-07-22 09:39:30 | INFO     |    🎯 训练阶段: 使用 ce 损失函数
2025-07-22 09:39:30 | INFO     |       → 目的：优化模型参数，解决特定问题（类别不平衡、相似性等）
2025-07-22 09:39:30 | INFO     |    📊 验证阶段: 使用标准交叉熵损失函数
2025-07-22 09:39:30 | INFO     |       → 目的：客观评估模型性能，便于不同方法比较
2025-07-22 09:39:30 | INFO     |    📈 最终报告: 基于标准交叉熵损失的指标
2025-07-22 09:39:30 | INFO     |       → 目的：提供可信、可比较的性能指标
2025-07-22 09:39:30 | INFO     | ================================================================================

2025-07-22 09:39:30 | INFO     | 🔄 梯度累积配置: 每2轮累积一次梯度
2025-07-22 09:39:30 | INFO     |    实际batch_size: 4
2025-07-22 09:39:30 | INFO     |    有效batch_size: 8
2025-07-22 09:40:08 | INFO     | Epoch 1:
2025-07-22 09:40:08 | INFO     |   训练指标:
2025-07-22 09:40:08 | INFO     |     损失(ce): 1.822473
2025-07-22 09:40:08 | INFO     |     准确率: 0.332583
2025-07-22 09:40:08 | INFO     |     学习率: 0.00010000
2025-07-22 09:40:08 | INFO     |   验证指标(标准CE):
2025-07-22 09:40:08 | INFO     |     损失: 1.063884
2025-07-22 09:40:08 | INFO     |     准确率: 0.589590
2025-07-22 09:40:08 | INFO     |     F1(macro): 0.563575
2025-07-22 09:40:08 | INFO     |     F1(weighted): 0.565015
2025-07-22 09:40:08 | INFO     |     精确率: 0.583636
2025-07-22 09:40:08 | INFO     |     召回率: 0.586386
2025-07-22 09:40:08 | INFO     |   学习率调度器: f1_based
2025-07-22 09:40:08 | INFO     | ------------------------------------------------------------
2025-07-22 09:40:08 | INFO     | Epoch   1 | Train: Loss=1.8225, Acc=0.3326 | Val: Loss=1.0639, Acc=0.5896, F1=0.5650 | LR=0.000100 🏆 [最佳模型]
2025-07-22 09:40:40 | INFO     | Epoch 2:
2025-07-22 09:40:40 | INFO     |   训练指标:
2025-07-22 09:40:40 | INFO     |     损失(ce): 0.921815
2025-07-22 09:40:40 | INFO     |     准确率: 0.661662
2025-07-22 09:40:40 | INFO     |     学习率: 0.00010000
2025-07-22 09:40:40 | INFO     |   验证指标(标准CE):
2025-07-22 09:40:40 | INFO     |     损失: 0.691972
2025-07-22 09:40:40 | INFO     |     准确率: 0.752753
2025-07-22 09:40:40 | INFO     |     F1(macro): 0.753676
2025-07-22 09:40:40 | INFO     |     F1(weighted): 0.751132
2025-07-22 09:40:40 | INFO     |     精确率: 0.780376
2025-07-22 09:40:40 | INFO     |     召回率: 0.756564
2025-07-22 09:40:40 | INFO     |   学习率调度器: f1_based
2025-07-22 09:40:40 | INFO     | ------------------------------------------------------------
2025-07-22 09:40:40 | INFO     | Epoch   2 | Train: Loss=0.9218, Acc=0.6617 | Val: Loss=0.6920, Acc=0.7528, F1=0.7511 | LR=0.000100 🏆 [最佳模型]
2025-07-22 09:41:13 | INFO     | Epoch 3:
2025-07-22 09:41:13 | INFO     |   训练指标:
2025-07-22 09:41:13 | INFO     |     损失(ce): 0.635314
2025-07-22 09:41:13 | INFO     |     准确率: 0.756256
2025-07-22 09:41:13 | INFO     |     学习率: 0.00010000
2025-07-22 09:41:13 | INFO     |   验证指标(标准CE):
2025-07-22 09:41:13 | INFO     |     损失: 0.458930
2025-07-22 09:41:13 | INFO     |     准确率: 0.811812
2025-07-22 09:41:13 | INFO     |     F1(macro): 0.794012
2025-07-22 09:41:13 | INFO     |     F1(weighted): 0.786607
2025-07-22 09:41:13 | INFO     |     精确率: 0.810454
2025-07-22 09:41:13 | INFO     |     召回率: 0.818396
2025-07-22 09:41:13 | INFO     |   学习率调度器: f1_based
2025-07-22 09:41:13 | INFO     | ------------------------------------------------------------
2025-07-22 09:41:13 | INFO     | Epoch   3 | Train: Loss=0.6353, Acc=0.7563 | Val: Loss=0.4589, Acc=0.8118, F1=0.7866 | LR=0.000100 🏆 [最佳模型]
2025-07-22 09:41:45 | INFO     | Epoch 4:
2025-07-22 09:41:45 | INFO     |   训练指标:
2025-07-22 09:41:45 | INFO     |     损失(ce): 0.511982
2025-07-22 09:41:45 | INFO     |     准确率: 0.799800
2025-07-22 09:41:45 | INFO     |     学习率: 0.00010000
2025-07-22 09:41:45 | INFO     |   验证指标(标准CE):
2025-07-22 09:41:45 | INFO     |     损失: 0.423791
2025-07-22 09:41:45 | INFO     |     准确率: 0.838839
2025-07-22 09:41:45 | INFO     |     F1(macro): 0.810455
2025-07-22 09:41:45 | INFO     |     F1(weighted): 0.800961
2025-07-22 09:41:45 | INFO     |     精确率: 0.867930
2025-07-22 09:41:45 | INFO     |     召回率: 0.847971
2025-07-22 09:41:45 | INFO     |   学习率调度器: f1_based
2025-07-22 09:41:45 | INFO     | ------------------------------------------------------------
2025-07-22 09:41:45 | INFO     | Epoch   4 | Train: Loss=0.5120, Acc=0.7998 | Val: Loss=0.4238, Acc=0.8388, F1=0.8010 | LR=0.000100 🏆 [最佳模型]
2025-07-22 09:42:18 | INFO     | Epoch 5:
2025-07-22 09:42:18 | INFO     |   训练指标:
2025-07-22 09:42:18 | INFO     |     损失(ce): 0.410264
2025-07-22 09:42:18 | INFO     |     准确率: 0.836587
2025-07-22 09:42:18 | INFO     |     学习率: 0.00010000
2025-07-22 09:42:18 | INFO     |   验证指标(标准CE):
2025-07-22 09:42:18 | INFO     |     损失: 0.358037
2025-07-22 09:42:18 | INFO     |     准确率: 0.853854
2025-07-22 09:42:18 | INFO     |     F1(macro): 0.853558
2025-07-22 09:42:18 | INFO     |     F1(weighted): 0.848769
2025-07-22 09:42:18 | INFO     |     精确率: 0.855342
2025-07-22 09:42:18 | INFO     |     召回率: 0.858293
2025-07-22 09:42:18 | INFO     |   学习率调度器: f1_based
2025-07-22 09:42:18 | INFO     | ------------------------------------------------------------
2025-07-22 09:42:18 | INFO     | Epoch   5 | Train: Loss=0.4103, Acc=0.8366 | Val: Loss=0.3580, Acc=0.8539, F1=0.8488 | LR=0.000100 🏆 [最佳模型]
2025-07-22 09:42:50 | INFO     | Epoch 6:
2025-07-22 09:42:50 | INFO     |   训练指标:
2025-07-22 09:42:50 | INFO     |     损失(ce): 0.347205
2025-07-22 09:42:50 | INFO     |     准确率: 0.861862
2025-07-22 09:42:50 | INFO     |     学习率: 0.00010000
2025-07-22 09:42:50 | INFO     |   验证指标(标准CE):
2025-07-22 09:42:50 | INFO     |     损失: 0.282306
2025-07-22 09:42:50 | INFO     |     准确率: 0.889890
2025-07-22 09:42:50 | INFO     |     F1(macro): 0.888780
2025-07-22 09:42:50 | INFO     |     F1(weighted): 0.886009
2025-07-22 09:42:50 | INFO     |     精确率: 0.889642
2025-07-22 09:42:50 | INFO     |     召回率: 0.892147
2025-07-22 09:42:50 | INFO     |   学习率调度器: f1_based
2025-07-22 09:42:50 | INFO     | ------------------------------------------------------------
2025-07-22 09:42:50 | INFO     | Epoch   6 | Train: Loss=0.3472, Acc=0.8619 | Val: Loss=0.2823, Acc=0.8899, F1=0.8860 | LR=0.000100 🏆 [最佳模型]
2025-07-22 09:43:23 | INFO     | Epoch 7:
2025-07-22 09:43:23 | INFO     |   训练指标:
2025-07-22 09:43:23 | INFO     |     损失(ce): 0.322648
2025-07-22 09:43:23 | INFO     |     准确率: 0.874124
2025-07-22 09:43:23 | INFO     |     学习率: 0.00010000
2025-07-22 09:43:23 | INFO     |   验证指标(标准CE):
2025-07-22 09:43:23 | INFO     |     损失: 0.333914
2025-07-22 09:43:23 | INFO     |     准确率: 0.865866
2025-07-22 09:43:23 | INFO     |     F1(macro): 0.861856
2025-07-22 09:43:23 | INFO     |     F1(weighted): 0.858574
2025-07-22 09:43:23 | INFO     |     精确率: 0.868055
2025-07-22 09:43:23 | INFO     |     召回率: 0.870287
2025-07-22 09:43:23 | INFO     |   学习率调度器: f1_based
2025-07-22 09:43:23 | INFO     | ------------------------------------------------------------
2025-07-22 09:43:23 | INFO     | Epoch   7 | Train: Loss=0.3226, Acc=0.8741 | Val: Loss=0.3339, Acc=0.8659, F1=0.8586 | LR=0.000100 
2025-07-22 09:43:55 | INFO     | Epoch 8:
2025-07-22 09:43:55 | INFO     |   训练指标:
2025-07-22 09:43:55 | INFO     |     损失(ce): 0.288773
2025-07-22 09:43:55 | INFO     |     准确率: 0.887888
2025-07-22 09:43:55 | INFO     |     学习率: 0.00010000
2025-07-22 09:43:55 | INFO     |   验证指标(标准CE):
2025-07-22 09:43:55 | INFO     |     损失: 0.315951
2025-07-22 09:43:55 | INFO     |     准确率: 0.873874
2025-07-22 09:43:55 | INFO     |     F1(macro): 0.868790
2025-07-22 09:43:55 | INFO     |     F1(weighted): 0.864179
2025-07-22 09:43:55 | INFO     |     精确率: 0.886800
2025-07-22 09:43:55 | INFO     |     召回率: 0.879561
2025-07-22 09:43:55 | INFO     |   学习率调度器: f1_based
2025-07-22 09:43:55 | INFO     | ------------------------------------------------------------
2025-07-22 09:43:55 | INFO     | Epoch   8 | Train: Loss=0.2888, Acc=0.8879 | Val: Loss=0.3160, Acc=0.8739, F1=0.8642 | LR=0.000100 
2025-07-22 09:44:27 | INFO     | Epoch 9:
2025-07-22 09:44:27 | INFO     |   训练指标:
2025-07-22 09:44:27 | INFO     |     损失(ce): 0.264563
2025-07-22 09:44:27 | INFO     |     准确率: 0.897648
2025-07-22 09:44:27 | INFO     |     学习率: 0.00010000
2025-07-22 09:44:27 | INFO     |   验证指标(标准CE):
2025-07-22 09:44:27 | INFO     |     损失: 0.220327
2025-07-22 09:44:27 | INFO     |     准确率: 0.907908
2025-07-22 09:44:27 | INFO     |     F1(macro): 0.910646
2025-07-22 09:44:27 | INFO     |     F1(weighted): 0.908151
2025-07-22 09:44:27 | INFO     |     精确率: 0.913401
2025-07-22 09:44:27 | INFO     |     召回率: 0.910588
2025-07-22 09:44:27 | INFO     |   学习率调度器: f1_based
2025-07-22 09:44:27 | INFO     | ------------------------------------------------------------
2025-07-22 09:44:27 | INFO     | Epoch   9 | Train: Loss=0.2646, Acc=0.8976 | Val: Loss=0.2203, Acc=0.9079, F1=0.9082 | LR=0.000100 🏆 [最佳模型]
2025-07-22 09:45:00 | INFO     | Epoch 10:
2025-07-22 09:45:00 | INFO     |   训练指标:
2025-07-22 09:45:00 | INFO     |     损失(ce): 0.234262
2025-07-22 09:45:00 | INFO     |     准确率: 0.907407
2025-07-22 09:45:00 | INFO     |     学习率: 0.00010000
2025-07-22 09:45:00 | INFO     |   验证指标(标准CE):
2025-07-22 09:45:00 | INFO     |     损失: 0.308501
2025-07-22 09:45:00 | INFO     |     准确率: 0.897898
2025-07-22 09:45:00 | INFO     |     F1(macro): 0.904900
2025-07-22 09:45:00 | INFO     |     F1(weighted): 0.902488
2025-07-22 09:45:00 | INFO     |     精确率: 0.914821
2025-07-22 09:45:00 | INFO     |     召回率: 0.899021
2025-07-22 09:45:00 | INFO     |   学习率调度器: f1_based
2025-07-22 09:45:00 | INFO     | ------------------------------------------------------------
2025-07-22 09:45:00 | INFO     | Epoch  10 | Train: Loss=0.2343, Acc=0.9074 | Val: Loss=0.3085, Acc=0.8979, F1=0.9025 | LR=0.000100 
2025-07-22 09:45:32 | INFO     | Epoch 11:
2025-07-22 09:45:32 | INFO     |   训练指标:
2025-07-22 09:45:32 | INFO     |     损失(ce): 0.212360
2025-07-22 09:45:32 | INFO     |     准确率: 0.915415
2025-07-22 09:45:32 | INFO     |     学习率: 0.00010000
2025-07-22 09:45:32 | INFO     |   验证指标(标准CE):
2025-07-22 09:45:32 | INFO     |     损失: 0.284036
2025-07-22 09:45:32 | INFO     |     准确率: 0.901902
2025-07-22 09:45:32 | INFO     |     F1(macro): 0.899995
2025-07-22 09:45:32 | INFO     |     F1(weighted): 0.897407
2025-07-22 09:45:32 | INFO     |     精确率: 0.902044
2025-07-22 09:45:32 | INFO     |     召回率: 0.904951
2025-07-22 09:45:32 | INFO     |   学习率调度器: f1_based
2025-07-22 09:45:32 | INFO     | ------------------------------------------------------------
2025-07-22 09:45:32 | INFO     | Epoch  11 | Train: Loss=0.2124, Acc=0.9154 | Val: Loss=0.2840, Acc=0.9019, F1=0.8974 | LR=0.000100 
2025-07-22 09:46:04 | INFO     | Epoch 12:
2025-07-22 09:46:04 | INFO     |   训练指标:
2025-07-22 09:46:04 | INFO     |     损失(ce): 0.207128
2025-07-22 09:46:04 | INFO     |     准确率: 0.917918
2025-07-22 09:46:04 | INFO     |     学习率: 0.00010000
2025-07-22 09:46:04 | INFO     |   验证指标(标准CE):
2025-07-22 09:46:04 | INFO     |     损失: 0.243678
2025-07-22 09:46:04 | INFO     |     准确率: 0.919920
2025-07-22 09:46:04 | INFO     |     F1(macro): 0.919731
2025-07-22 09:46:04 | INFO     |     F1(weighted): 0.917981
2025-07-22 09:46:04 | INFO     |     精确率: 0.920707
2025-07-22 09:46:04 | INFO     |     召回率: 0.921509
2025-07-22 09:46:04 | INFO     |   学习率调度器: f1_based
2025-07-22 09:46:04 | INFO     | ------------------------------------------------------------
2025-07-22 09:46:04 | INFO     | Epoch  12 | Train: Loss=0.2071, Acc=0.9179 | Val: Loss=0.2437, Acc=0.9199, F1=0.9180 | LR=0.000100 🏆 [最佳模型]
2025-07-22 09:46:36 | INFO     | Epoch 13:
2025-07-22 09:46:36 | INFO     |   训练指标:
2025-07-22 09:46:36 | INFO     |     损失(ce): 0.186792
2025-07-22 09:46:36 | INFO     |     准确率: 0.924675
2025-07-22 09:46:36 | INFO     |     学习率: 0.00010000
2025-07-22 09:46:36 | INFO     |   验证指标(标准CE):
2025-07-22 09:46:36 | INFO     |     损失: 0.264657
2025-07-22 09:46:36 | INFO     |     准确率: 0.909910
2025-07-22 09:46:36 | INFO     |     F1(macro): 0.908575
2025-07-22 09:46:36 | INFO     |     F1(weighted): 0.905377
2025-07-22 09:46:36 | INFO     |     精确率: 0.920898
2025-07-22 09:46:36 | INFO     |     召回率: 0.914273
2025-07-22 09:46:36 | INFO     |   学习率调度器: f1_based
2025-07-22 09:46:36 | INFO     | ------------------------------------------------------------
2025-07-22 09:46:36 | INFO     | Epoch  13 | Train: Loss=0.1868, Acc=0.9247 | Val: Loss=0.2647, Acc=0.9099, F1=0.9054 | LR=0.000100 
2025-07-22 09:47:08 | INFO     | Epoch 14:
2025-07-22 09:47:08 | INFO     |   训练指标:
2025-07-22 09:47:08 | INFO     |     损失(ce): 0.162382
2025-07-22 09:47:08 | INFO     |     准确率: 0.934935
2025-07-22 09:47:08 | INFO     |     学习率: 0.00010000
2025-07-22 09:47:08 | INFO     |   验证指标(标准CE):
2025-07-22 09:47:08 | INFO     |     损失: 0.225467
2025-07-22 09:47:08 | INFO     |     准确率: 0.934935
2025-07-22 09:47:08 | INFO     |     F1(macro): 0.937541
2025-07-22 09:47:08 | INFO     |     F1(weighted): 0.936159
2025-07-22 09:47:08 | INFO     |     精确率: 0.941930
2025-07-22 09:47:08 | INFO     |     召回率: 0.935198
2025-07-22 09:47:08 | INFO     |   学习率调度器: f1_based
2025-07-22 09:47:08 | INFO     | ------------------------------------------------------------
2025-07-22 09:47:08 | INFO     | Epoch  14 | Train: Loss=0.1624, Acc=0.9349 | Val: Loss=0.2255, Acc=0.9349, F1=0.9362 | LR=0.000100 🏆 [最佳模型]
2025-07-22 09:47:41 | INFO     | Epoch 15:
2025-07-22 09:47:41 | INFO     |   训练指标:
2025-07-22 09:47:41 | INFO     |     损失(ce): 0.170391
2025-07-22 09:47:41 | INFO     |     准确率: 0.930180
2025-07-22 09:47:41 | INFO     |     学习率: 0.00010000
2025-07-22 09:47:41 | INFO     |   验证指标(标准CE):
2025-07-22 09:47:41 | INFO     |     损失: 0.610134
2025-07-22 09:47:41 | INFO     |     准确率: 0.889890
2025-07-22 09:47:41 | INFO     |     F1(macro): 0.887376
2025-07-22 09:47:41 | INFO     |     F1(weighted): 0.883860
2025-07-22 09:47:41 | INFO     |     精确率: 0.897709
2025-07-22 09:47:41 | INFO     |     召回率: 0.894186
2025-07-22 09:47:41 | INFO     |   学习率调度器: f1_based
2025-07-22 09:47:41 | INFO     | ------------------------------------------------------------
2025-07-22 09:47:41 | INFO     | Epoch  15 | Train: Loss=0.1704, Acc=0.9302 | Val: Loss=0.6101, Acc=0.8899, F1=0.8839 | LR=0.000100 
2025-07-22 09:48:13 | INFO     | Epoch 16:
2025-07-22 09:48:13 | INFO     |   训练指标:
2025-07-22 09:48:13 | INFO     |     损失(ce): 0.162320
2025-07-22 09:48:13 | INFO     |     准确率: 0.933934
2025-07-22 09:48:13 | INFO     |     学习率: 0.00010000
2025-07-22 09:48:13 | INFO     |   验证指标(标准CE):
2025-07-22 09:48:13 | INFO     |     损失: 0.297132
2025-07-22 09:48:13 | INFO     |     准确率: 0.915916
2025-07-22 09:48:13 | INFO     |     F1(macro): 0.918733
2025-07-22 09:48:13 | INFO     |     F1(weighted): 0.917637
2025-07-22 09:48:13 | INFO     |     精确率: 0.927763
2025-07-22 09:48:13 | INFO     |     召回率: 0.914722
2025-07-22 09:48:13 | INFO     |   学习率调度器: f1_based
2025-07-22 09:48:13 | INFO     | ------------------------------------------------------------
2025-07-22 09:48:13 | INFO     | Epoch  16 | Train: Loss=0.1623, Acc=0.9339 | Val: Loss=0.2971, Acc=0.9159, F1=0.9176 | LR=0.000100 
2025-07-22 09:48:45 | INFO     | Epoch 17:
2025-07-22 09:48:45 | INFO     |   训练指标:
2025-07-22 09:48:45 | INFO     |     损失(ce): 0.151871
2025-07-22 09:48:45 | INFO     |     准确率: 0.936687
2025-07-22 09:48:45 | INFO     |     学习率: 0.00010000
2025-07-22 09:48:45 | INFO     |   验证指标(标准CE):
2025-07-22 09:48:45 | INFO     |     损失: 0.179029
2025-07-22 09:48:45 | INFO     |     准确率: 0.942943
2025-07-22 09:48:45 | INFO     |     F1(macro): 0.943095
2025-07-22 09:48:45 | INFO     |     F1(weighted): 0.941702
2025-07-22 09:48:45 | INFO     |     精确率: 0.946199
2025-07-22 09:48:45 | INFO     |     召回率: 0.943388
2025-07-22 09:48:45 | INFO     |   学习率调度器: f1_based
2025-07-22 09:48:45 | INFO     | ------------------------------------------------------------
2025-07-22 09:48:45 | INFO     | Epoch  17 | Train: Loss=0.1519, Acc=0.9367 | Val: Loss=0.1790, Acc=0.9429, F1=0.9417 | LR=0.000100 🏆 [最佳模型]
2025-07-22 09:49:17 | INFO     | Epoch 18:
2025-07-22 09:49:17 | INFO     |   训练指标:
2025-07-22 09:49:17 | INFO     |     损失(ce): 0.149001
2025-07-22 09:49:17 | INFO     |     准确率: 0.936937
2025-07-22 09:49:17 | INFO     |     学习率: 0.00010000
2025-07-22 09:49:17 | INFO     |   验证指标(标准CE):
2025-07-22 09:49:17 | INFO     |     损失: 0.176098
2025-07-22 09:49:17 | INFO     |     准确率: 0.929930
2025-07-22 09:49:17 | INFO     |     F1(macro): 0.930332
2025-07-22 09:49:17 | INFO     |     F1(weighted): 0.927473
2025-07-22 09:49:17 | INFO     |     精确率: 0.935958
2025-07-22 09:49:17 | INFO     |     召回率: 0.933628
2025-07-22 09:49:17 | INFO     |   学习率调度器: f1_based
2025-07-22 09:49:17 | INFO     | ------------------------------------------------------------
2025-07-22 09:49:17 | INFO     | Epoch  18 | Train: Loss=0.1490, Acc=0.9369 | Val: Loss=0.1761, Acc=0.9299, F1=0.9275 | LR=0.000100 
2025-07-22 09:49:50 | INFO     | Epoch 19:
2025-07-22 09:49:50 | INFO     |   训练指标:
2025-07-22 09:49:50 | INFO     |     损失(ce): 0.125585
2025-07-22 09:49:50 | INFO     |     准确率: 0.944194
2025-07-22 09:49:50 | INFO     |     学习率: 0.00010000
2025-07-22 09:49:50 | INFO     |   验证指标(标准CE):
2025-07-22 09:49:50 | INFO     |     损失: 0.199361
2025-07-22 09:49:50 | INFO     |     准确率: 0.934935
2025-07-22 09:49:50 | INFO     |     F1(macro): 0.937501
2025-07-22 09:49:50 | INFO     |     F1(weighted): 0.935854
2025-07-22 09:49:50 | INFO     |     精确率: 0.940828
2025-07-22 09:49:50 | INFO     |     召回率: 0.937019
2025-07-22 09:49:50 | INFO     |   学习率调度器: f1_based
2025-07-22 09:49:50 | INFO     | ------------------------------------------------------------
2025-07-22 09:49:50 | INFO     | Epoch  19 | Train: Loss=0.1256, Acc=0.9442 | Val: Loss=0.1994, Acc=0.9349, F1=0.9359 | LR=0.000100 
2025-07-22 09:50:22 | INFO     | Epoch 20:
2025-07-22 09:50:22 | INFO     |   训练指标:
2025-07-22 09:50:22 | INFO     |     损失(ce): 0.138049
2025-07-22 09:50:22 | INFO     |     准确率: 0.945946
2025-07-22 09:50:22 | INFO     |     学习率: 0.00010000
2025-07-22 09:50:22 | INFO     |   验证指标(标准CE):
2025-07-22 09:50:22 | INFO     |     损失: 0.185534
2025-07-22 09:50:22 | INFO     |     准确率: 0.935936
2025-07-22 09:50:22 | INFO     |     F1(macro): 0.937898
2025-07-22 09:50:22 | INFO     |     F1(weighted): 0.936009
2025-07-22 09:50:22 | INFO     |     精确率: 0.944787
2025-07-22 09:50:22 | INFO     |     召回率: 0.938482
2025-07-22 09:50:22 | INFO     |   学习率调度器: f1_based
2025-07-22 09:50:22 | INFO     | ------------------------------------------------------------
2025-07-22 09:50:22 | INFO     | Epoch  20 | Train: Loss=0.1380, Acc=0.9459 | Val: Loss=0.1855, Acc=0.9359, F1=0.9360 | LR=0.000100 
2025-07-22 09:50:54 | INFO     | Epoch 21:
2025-07-22 09:50:54 | INFO     |   训练指标:
2025-07-22 09:50:54 | INFO     |     损失(ce): 0.139571
2025-07-22 09:50:54 | INFO     |     准确率: 0.944194
2025-07-22 09:50:54 | INFO     |     学习率: 0.00010000
2025-07-22 09:50:54 | INFO     |   验证指标(标准CE):
2025-07-22 09:50:54 | INFO     |     损失: 0.237055
2025-07-22 09:50:54 | INFO     |     准确率: 0.937938
2025-07-22 09:50:54 | INFO     |     F1(macro): 0.939113
2025-07-22 09:50:54 | INFO     |     F1(weighted): 0.937753
2025-07-22 09:50:54 | INFO     |     精确率: 0.943468
2025-07-22 09:50:54 | INFO     |     召回率: 0.938237
2025-07-22 09:50:54 | INFO     |   学习率调度器: f1_based
2025-07-22 09:50:54 | INFO     | ------------------------------------------------------------
2025-07-22 09:50:54 | INFO     | Epoch  21 | Train: Loss=0.1396, Acc=0.9442 | Val: Loss=0.2371, Acc=0.9379, F1=0.9378 | LR=0.000100 
2025-07-22 09:51:26 | INFO     | Epoch 22:
2025-07-22 09:51:26 | INFO     |   训练指标:
2025-07-22 09:51:26 | INFO     |     损失(ce): 0.121033
2025-07-22 09:51:26 | INFO     |     准确率: 0.948448
2025-07-22 09:51:26 | INFO     |     学习率: 0.00010000
2025-07-22 09:51:26 | INFO     |   验证指标(标准CE):
2025-07-22 09:51:26 | INFO     |     损失: 0.227077
2025-07-22 09:51:26 | INFO     |     准确率: 0.940941
2025-07-22 09:51:26 | INFO     |     F1(macro): 0.943588
2025-07-22 09:51:26 | INFO     |     F1(weighted): 0.941621
2025-07-22 09:51:26 | INFO     |     精确率: 0.953495
2025-07-22 09:51:26 | INFO     |     召回率: 0.944090
2025-07-22 09:51:26 | INFO     |   学习率调度器: f1_based
2025-07-22 09:51:26 | INFO     | ------------------------------------------------------------
2025-07-22 09:51:26 | INFO     | Epoch  22 | Train: Loss=0.1210, Acc=0.9484 | Val: Loss=0.2271, Acc=0.9409, F1=0.9416 | LR=0.000100 
2025-07-22 09:51:58 | INFO     | Epoch 23:
2025-07-22 09:51:58 | INFO     |   训练指标:
2025-07-22 09:51:58 | INFO     |     损失(ce): 0.127749
2025-07-22 09:51:58 | INFO     |     准确率: 0.948198
2025-07-22 09:51:58 | INFO     |     学习率: 0.00010000
2025-07-22 09:51:58 | INFO     |   验证指标(标准CE):
2025-07-22 09:51:58 | INFO     |     损失: 0.222949
2025-07-22 09:51:58 | INFO     |     准确率: 0.945946
2025-07-22 09:51:58 | INFO     |     F1(macro): 0.946798
2025-07-22 09:51:58 | INFO     |     F1(weighted): 0.945808
2025-07-22 09:51:58 | INFO     |     精确率: 0.949064
2025-07-22 09:51:58 | INFO     |     召回率: 0.946781
2025-07-22 09:51:58 | INFO     |   学习率调度器: f1_based
2025-07-22 09:51:58 | INFO     | ------------------------------------------------------------
2025-07-22 09:51:58 | INFO     | Epoch  23 | Train: Loss=0.1277, Acc=0.9482 | Val: Loss=0.2229, Acc=0.9459, F1=0.9458 | LR=0.000100 🏆 [最佳模型]
2025-07-22 09:52:30 | INFO     | Epoch 24:
2025-07-22 09:52:30 | INFO     |   训练指标:
2025-07-22 09:52:30 | INFO     |     损失(ce): 0.095165
2025-07-22 09:52:30 | INFO     |     准确率: 0.952953
2025-07-22 09:52:30 | INFO     |     学习率: 0.00010000
2025-07-22 09:52:30 | INFO     |   验证指标(标准CE):
2025-07-22 09:52:30 | INFO     |     损失: 0.308719
2025-07-22 09:52:30 | INFO     |     准确率: 0.928929
2025-07-22 09:52:30 | INFO     |     F1(macro): 0.930187
2025-07-22 09:52:30 | INFO     |     F1(weighted): 0.928784
2025-07-22 09:52:30 | INFO     |     精确率: 0.937712
2025-07-22 09:52:30 | INFO     |     召回率: 0.932461
2025-07-22 09:52:30 | INFO     |   学习率调度器: f1_based
2025-07-22 09:52:30 | INFO     | ------------------------------------------------------------
2025-07-22 09:52:30 | INFO     | Epoch  24 | Train: Loss=0.0952, Acc=0.9530 | Val: Loss=0.3087, Acc=0.9289, F1=0.9288 | LR=0.000100 
2025-07-22 09:53:02 | INFO     | Epoch 25:
2025-07-22 09:53:02 | INFO     |   训练指标:
2025-07-22 09:53:02 | INFO     |     损失(ce): 0.115171
2025-07-22 09:53:02 | INFO     |     准确率: 0.956707
2025-07-22 09:53:02 | INFO     |     学习率: 0.00010000
2025-07-22 09:53:02 | INFO     |   验证指标(标准CE):
2025-07-22 09:53:02 | INFO     |     损失: 0.201320
2025-07-22 09:53:02 | INFO     |     准确率: 0.937938
2025-07-22 09:53:02 | INFO     |     F1(macro): 0.941264
2025-07-22 09:53:02 | INFO     |     F1(weighted): 0.939274
2025-07-22 09:53:02 | INFO     |     精确率: 0.949247
2025-07-22 09:53:02 | INFO     |     召回率: 0.941034
2025-07-22 09:53:02 | INFO     |   学习率调度器: f1_based
2025-07-22 09:53:02 | INFO     | ------------------------------------------------------------
2025-07-22 09:53:02 | INFO     | Epoch  25 | Train: Loss=0.1152, Acc=0.9567 | Val: Loss=0.2013, Acc=0.9379, F1=0.9393 | LR=0.000100 
2025-07-22 09:53:34 | INFO     | Epoch 26:
2025-07-22 09:53:34 | INFO     |   训练指标:
2025-07-22 09:53:34 | INFO     |     损失(ce): 0.119545
2025-07-22 09:53:34 | INFO     |     准确率: 0.953453
2025-07-22 09:53:34 | INFO     |     学习率: 0.00010000
2025-07-22 09:53:34 | INFO     |   验证指标(标准CE):
2025-07-22 09:53:34 | INFO     |     损失: 0.230576
2025-07-22 09:53:34 | INFO     |     准确率: 0.932933
2025-07-22 09:53:34 | INFO     |     F1(macro): 0.936476
2025-07-22 09:53:34 | INFO     |     F1(weighted): 0.934065
2025-07-22 09:53:34 | INFO     |     精确率: 0.943473
2025-07-22 09:53:34 | INFO     |     召回率: 0.936082
2025-07-22 09:53:34 | INFO     |   学习率调度器: f1_based
2025-07-22 09:53:34 | INFO     | ------------------------------------------------------------
2025-07-22 09:53:34 | INFO     | Epoch  26 | Train: Loss=0.1195, Acc=0.9535 | Val: Loss=0.2306, Acc=0.9329, F1=0.9341 | LR=0.000100 
2025-07-22 09:54:06 | INFO     | Epoch 27:
2025-07-22 09:54:06 | INFO     |   训练指标:
2025-07-22 09:54:06 | INFO     |     损失(ce): 0.107569
2025-07-22 09:54:06 | INFO     |     准确率: 0.957958
2025-07-22 09:54:06 | INFO     |     学习率: 0.00010000
2025-07-22 09:54:06 | INFO     |   验证指标(标准CE):
2025-07-22 09:54:06 | INFO     |     损失: 0.238661
2025-07-22 09:54:06 | INFO     |     准确率: 0.944945
2025-07-22 09:54:06 | INFO     |     F1(macro): 0.946885
2025-07-22 09:54:06 | INFO     |     F1(weighted): 0.945325
2025-07-22 09:54:06 | INFO     |     精确率: 0.950693
2025-07-22 09:54:06 | INFO     |     召回率: 0.947511
2025-07-22 09:54:06 | INFO     |   学习率调度器: f1_based
2025-07-22 09:54:06 | INFO     | ------------------------------------------------------------
2025-07-22 09:54:06 | INFO     | Epoch  27 | Train: Loss=0.1076, Acc=0.9580 | Val: Loss=0.2387, Acc=0.9449, F1=0.9453 | LR=0.000100 
2025-07-22 09:54:38 | INFO     | Epoch 28:
2025-07-22 09:54:38 | INFO     |   训练指标:
2025-07-22 09:54:38 | INFO     |     损失(ce): 0.112508
2025-07-22 09:54:38 | INFO     |     准确率: 0.953954
2025-07-22 09:54:38 | INFO     |     学习率: 0.00010000
2025-07-22 09:54:38 | INFO     |   验证指标(标准CE):
2025-07-22 09:54:38 | INFO     |     损失: 0.189318
2025-07-22 09:54:38 | INFO     |     准确率: 0.941942
2025-07-22 09:54:38 | INFO     |     F1(macro): 0.943773
2025-07-22 09:54:38 | INFO     |     F1(weighted): 0.942034
2025-07-22 09:54:38 | INFO     |     精确率: 0.950309
2025-07-22 09:54:38 | INFO     |     召回率: 0.945459
2025-07-22 09:54:38 | INFO     |   学习率调度器: f1_based
2025-07-22 09:54:38 | INFO     | ------------------------------------------------------------
2025-07-22 09:54:38 | INFO     | Epoch  28 | Train: Loss=0.1125, Acc=0.9540 | Val: Loss=0.1893, Acc=0.9419, F1=0.9420 | LR=0.000100 
2025-07-22 09:55:10 | INFO     | Epoch 29:
2025-07-22 09:55:10 | INFO     |   训练指标:
2025-07-22 09:55:10 | INFO     |     损失(ce): 0.095423
2025-07-22 09:55:10 | INFO     |     准确率: 0.954705
2025-07-22 09:55:10 | INFO     |     学习率: 0.00010000
2025-07-22 09:55:10 | INFO     |   验证指标(标准CE):
2025-07-22 09:55:10 | INFO     |     损失: 0.258876
2025-07-22 09:55:10 | INFO     |     准确率: 0.932933
2025-07-22 09:55:10 | INFO     |     F1(macro): 0.934787
2025-07-22 09:55:10 | INFO     |     F1(weighted): 0.933890
2025-07-22 09:55:10 | INFO     |     精确率: 0.945505
2025-07-22 09:55:10 | INFO     |     召回率: 0.935268
2025-07-22 09:55:10 | INFO     |   学习率调度器: f1_based
2025-07-22 09:55:10 | INFO     | ------------------------------------------------------------
2025-07-22 09:55:10 | INFO     | 🎯 学习率调整事件:
2025-07-22 09:55:10 | INFO     |   调度器类型: f1_based
2025-07-22 09:55:10 | INFO     |   学习率变化: 0.00010000 → 0.00005000
2025-07-22 09:55:10 | INFO     |   触发条件: F1分数 = 0.933890
2025-07-22 09:55:10 | INFO     |   变化幅度: -50.00%
2025-07-22 09:55:10 | INFO     | ------------------------------------------------------------
2025-07-22 09:55:10 | INFO     | Epoch  29 | Train: Loss=0.0954, Acc=0.9547 | Val: Loss=0.2589, Acc=0.9329, F1=0.9339 | LR=0.000050 
2025-07-22 09:55:42 | INFO     | Epoch 30:
2025-07-22 09:55:42 | INFO     |   训练指标:
2025-07-22 09:55:42 | INFO     |     损失(ce): 0.059576
2025-07-22 09:55:42 | INFO     |     准确率: 0.968468
2025-07-22 09:55:42 | INFO     |     学习率: 0.00005000
2025-07-22 09:55:42 | INFO     |   验证指标(标准CE):
2025-07-22 09:55:42 | INFO     |     损失: 0.216851
2025-07-22 09:55:42 | INFO     |     准确率: 0.946947
2025-07-22 09:55:42 | INFO     |     F1(macro): 0.950201
2025-07-22 09:55:42 | INFO     |     F1(weighted): 0.948558
2025-07-22 09:55:42 | INFO     |     精确率: 0.957177
2025-07-22 09:55:42 | INFO     |     召回率: 0.949287
2025-07-22 09:55:42 | INFO     |   学习率调度器: f1_based
2025-07-22 09:55:42 | INFO     | ------------------------------------------------------------
2025-07-22 09:55:42 | INFO     | Epoch  30 | Train: Loss=0.0596, Acc=0.9685 | Val: Loss=0.2169, Acc=0.9469, F1=0.9486 | LR=0.000050 🏆 [最佳模型]
2025-07-22 09:56:15 | INFO     | Epoch 31:
2025-07-22 09:56:15 | INFO     |   训练指标:
2025-07-22 09:56:15 | INFO     |     损失(ce): 0.063944
2025-07-22 09:56:15 | INFO     |     准确率: 0.968218
2025-07-22 09:56:15 | INFO     |     学习率: 0.00005000
2025-07-22 09:56:15 | INFO     |   验证指标(标准CE):
2025-07-22 09:56:15 | INFO     |     损失: 0.214770
2025-07-22 09:56:15 | INFO     |     准确率: 0.951952
2025-07-22 09:56:15 | INFO     |     F1(macro): 0.952883
2025-07-22 09:56:15 | INFO     |     F1(weighted): 0.951721
2025-07-22 09:56:15 | INFO     |     精确率: 0.956837
2025-07-22 09:56:15 | INFO     |     召回率: 0.951991
2025-07-22 09:56:15 | INFO     |   学习率调度器: f1_based
2025-07-22 09:56:15 | INFO     | ------------------------------------------------------------
2025-07-22 09:56:15 | INFO     | Epoch  31 | Train: Loss=0.0639, Acc=0.9682 | Val: Loss=0.2148, Acc=0.9520, F1=0.9517 | LR=0.000050 🏆 [最佳模型]
2025-07-22 09:56:47 | INFO     | Epoch 32:
2025-07-22 09:56:47 | INFO     |   训练指标:
2025-07-22 09:56:47 | INFO     |     损失(ce): 0.063553
2025-07-22 09:56:47 | INFO     |     准确率: 0.965966
2025-07-22 09:56:47 | INFO     |     学习率: 0.00005000
2025-07-22 09:56:47 | INFO     |   验证指标(标准CE):
2025-07-22 09:56:47 | INFO     |     损失: 0.183935
2025-07-22 09:56:47 | INFO     |     准确率: 0.949950
2025-07-22 09:56:47 | INFO     |     F1(macro): 0.951285
2025-07-22 09:56:47 | INFO     |     F1(weighted): 0.950050
2025-07-22 09:56:47 | INFO     |     精确率: 0.952209
2025-07-22 09:56:47 | INFO     |     召回率: 0.950839
2025-07-22 09:56:47 | INFO     |   学习率调度器: f1_based
2025-07-22 09:56:47 | INFO     | ------------------------------------------------------------
2025-07-22 09:56:47 | INFO     | Epoch  32 | Train: Loss=0.0636, Acc=0.9660 | Val: Loss=0.1839, Acc=0.9499, F1=0.9501 | LR=0.000050 
2025-07-22 09:57:19 | INFO     | Epoch 33:
2025-07-22 09:57:19 | INFO     |   训练指标:
2025-07-22 09:57:19 | INFO     |     损失(ce): 0.059073
2025-07-22 09:57:19 | INFO     |     准确率: 0.968468
2025-07-22 09:57:19 | INFO     |     学习率: 0.00005000
2025-07-22 09:57:19 | INFO     |   验证指标(标准CE):
2025-07-22 09:57:19 | INFO     |     损失: 0.231010
2025-07-22 09:57:19 | INFO     |     准确率: 0.939940
2025-07-22 09:57:19 | INFO     |     F1(macro): 0.942273
2025-07-22 09:57:19 | INFO     |     F1(weighted): 0.940449
2025-07-22 09:57:19 | INFO     |     精确率: 0.943914
2025-07-22 09:57:19 | INFO     |     召回率: 0.942335
2025-07-22 09:57:19 | INFO     |   学习率调度器: f1_based
2025-07-22 09:57:19 | INFO     | ------------------------------------------------------------
2025-07-22 09:57:19 | INFO     | Epoch  33 | Train: Loss=0.0591, Acc=0.9685 | Val: Loss=0.2310, Acc=0.9399, F1=0.9404 | LR=0.000050 
2025-07-22 09:57:51 | INFO     | Epoch 34:
2025-07-22 09:57:51 | INFO     |   训练指标:
2025-07-22 09:57:51 | INFO     |     损失(ce): 0.050520
2025-07-22 09:57:51 | INFO     |     准确率: 0.971221
2025-07-22 09:57:51 | INFO     |     学习率: 0.00005000
2025-07-22 09:57:51 | INFO     |   验证指标(标准CE):
2025-07-22 09:57:51 | INFO     |     损失: 0.197624
2025-07-22 09:57:51 | INFO     |     准确率: 0.952953
2025-07-22 09:57:51 | INFO     |     F1(macro): 0.954512
2025-07-22 09:57:51 | INFO     |     F1(weighted): 0.953116
2025-07-22 09:57:51 | INFO     |     精确率: 0.961426
2025-07-22 09:57:51 | INFO     |     召回率: 0.955483
2025-07-22 09:57:51 | INFO     |   学习率调度器: f1_based
2025-07-22 09:57:51 | INFO     | ------------------------------------------------------------
2025-07-22 09:57:51 | INFO     | Epoch  34 | Train: Loss=0.0505, Acc=0.9712 | Val: Loss=0.1976, Acc=0.9530, F1=0.9531 | LR=0.000050 🏆 [最佳模型]
2025-07-22 09:58:24 | INFO     | Epoch 35:
2025-07-22 09:58:24 | INFO     |   训练指标:
2025-07-22 09:58:24 | INFO     |     损失(ce): 0.062967
2025-07-22 09:58:24 | INFO     |     准确率: 0.966216
2025-07-22 09:58:24 | INFO     |     学习率: 0.00005000
2025-07-22 09:58:24 | INFO     |   验证指标(标准CE):
2025-07-22 09:58:24 | INFO     |     损失: 0.164067
2025-07-22 09:58:24 | INFO     |     准确率: 0.953954
2025-07-22 09:58:24 | INFO     |     F1(macro): 0.955520
2025-07-22 09:58:24 | INFO     |     F1(weighted): 0.954377
2025-07-22 09:58:24 | INFO     |     精确率: 0.956379
2025-07-22 09:58:24 | INFO     |     召回率: 0.954922
2025-07-22 09:58:24 | INFO     |   学习率调度器: f1_based
2025-07-22 09:58:24 | INFO     | ------------------------------------------------------------
2025-07-22 09:58:24 | INFO     | Epoch  35 | Train: Loss=0.0630, Acc=0.9662 | Val: Loss=0.1641, Acc=0.9540, F1=0.9544 | LR=0.000050 🏆 [最佳模型]
2025-07-22 09:58:56 | INFO     | Epoch 36:
2025-07-22 09:58:56 | INFO     |   训练指标:
2025-07-22 09:58:56 | INFO     |     损失(ce): 0.061067
2025-07-22 09:58:56 | INFO     |     准确率: 0.971471
2025-07-22 09:58:56 | INFO     |     学习率: 0.00005000
2025-07-22 09:58:56 | INFO     |   验证指标(标准CE):
2025-07-22 09:58:56 | INFO     |     损失: 0.163811
2025-07-22 09:58:56 | INFO     |     准确率: 0.948949
2025-07-22 09:58:56 | INFO     |     F1(macro): 0.950671
2025-07-22 09:58:56 | INFO     |     F1(weighted): 0.949205
2025-07-22 09:58:56 | INFO     |     精确率: 0.955823
2025-07-22 09:58:56 | INFO     |     召回率: 0.951515
2025-07-22 09:58:56 | INFO     |   学习率调度器: f1_based
2025-07-22 09:58:56 | INFO     | ------------------------------------------------------------
2025-07-22 09:58:56 | INFO     | Epoch  36 | Train: Loss=0.0611, Acc=0.9715 | Val: Loss=0.1638, Acc=0.9489, F1=0.9492 | LR=0.000050 
2025-07-22 09:59:28 | INFO     | Epoch 37:
2025-07-22 09:59:28 | INFO     |   训练指标:
2025-07-22 09:59:28 | INFO     |     损失(ce): 0.070479
2025-07-22 09:59:28 | INFO     |     准确率: 0.967968
2025-07-22 09:59:28 | INFO     |     学习率: 0.00005000
2025-07-22 09:59:28 | INFO     |   验证指标(标准CE):
2025-07-22 09:59:28 | INFO     |     损失: 0.186023
2025-07-22 09:59:28 | INFO     |     准确率: 0.955956
2025-07-22 09:59:28 | INFO     |     F1(macro): 0.957384
2025-07-22 09:59:28 | INFO     |     F1(weighted): 0.956238
2025-07-22 09:59:28 | INFO     |     精确率: 0.959982
2025-07-22 09:59:28 | INFO     |     召回率: 0.956371
2025-07-22 09:59:28 | INFO     |   学习率调度器: f1_based
2025-07-22 09:59:28 | INFO     | ------------------------------------------------------------
2025-07-22 09:59:28 | INFO     | Epoch  37 | Train: Loss=0.0705, Acc=0.9680 | Val: Loss=0.1860, Acc=0.9560, F1=0.9562 | LR=0.000050 🏆 [最佳模型]
2025-07-22 10:00:00 | INFO     | Epoch 38:
2025-07-22 10:00:00 | INFO     |   训练指标:
2025-07-22 10:00:00 | INFO     |     损失(ce): 0.056562
2025-07-22 10:00:00 | INFO     |     准确率: 0.970220
2025-07-22 10:00:00 | INFO     |     学习率: 0.00005000
2025-07-22 10:00:00 | INFO     |   验证指标(标准CE):
2025-07-22 10:00:00 | INFO     |     损失: 0.206908
2025-07-22 10:00:00 | INFO     |     准确率: 0.943944
2025-07-22 10:00:00 | INFO     |     F1(macro): 0.946634
2025-07-22 10:00:00 | INFO     |     F1(weighted): 0.944854
2025-07-22 10:00:00 | INFO     |     精确率: 0.955913
2025-07-22 10:00:00 | INFO     |     召回率: 0.946846
2025-07-22 10:00:00 | INFO     |   学习率调度器: f1_based
2025-07-22 10:00:00 | INFO     | ------------------------------------------------------------
2025-07-22 10:00:00 | INFO     | Epoch  38 | Train: Loss=0.0566, Acc=0.9702 | Val: Loss=0.2069, Acc=0.9439, F1=0.9449 | LR=0.000050 
2025-07-22 10:00:32 | INFO     | Epoch 39:
2025-07-22 10:00:32 | INFO     |   训练指标:
2025-07-22 10:00:32 | INFO     |     损失(ce): 0.058641
2025-07-22 10:00:32 | INFO     |     准确率: 0.970220
2025-07-22 10:00:32 | INFO     |     学习率: 0.00005000
2025-07-22 10:00:32 | INFO     |   验证指标(标准CE):
2025-07-22 10:00:32 | INFO     |     损失: 0.463518
2025-07-22 10:00:32 | INFO     |     准确率: 0.936937
2025-07-22 10:00:32 | INFO     |     F1(macro): 0.940128
2025-07-22 10:00:32 | INFO     |     F1(weighted): 0.938268
2025-07-22 10:00:32 | INFO     |     精确率: 0.953358
2025-07-22 10:00:32 | INFO     |     召回率: 0.940162
2025-07-22 10:00:32 | INFO     |   学习率调度器: f1_based
2025-07-22 10:00:32 | INFO     | ------------------------------------------------------------
2025-07-22 10:00:32 | INFO     | Epoch  39 | Train: Loss=0.0586, Acc=0.9702 | Val: Loss=0.4635, Acc=0.9369, F1=0.9383 | LR=0.000050 
2025-07-22 10:01:04 | INFO     | Epoch 40:
2025-07-22 10:01:04 | INFO     |   训练指标:
2025-07-22 10:01:04 | INFO     |     损失(ce): 0.066622
2025-07-22 10:01:04 | INFO     |     准确率: 0.969720
2025-07-22 10:01:04 | INFO     |     学习率: 0.00005000
2025-07-22 10:01:04 | INFO     |   验证指标(标准CE):
2025-07-22 10:01:04 | INFO     |     损失: 0.189773
2025-07-22 10:01:04 | INFO     |     准确率: 0.947948
2025-07-22 10:01:04 | INFO     |     F1(macro): 0.949932
2025-07-22 10:01:04 | INFO     |     F1(weighted): 0.948566
2025-07-22 10:01:04 | INFO     |     精确率: 0.957080
2025-07-22 10:01:04 | INFO     |     召回率: 0.950324
2025-07-22 10:01:04 | INFO     |   学习率调度器: f1_based
2025-07-22 10:01:04 | INFO     | ------------------------------------------------------------
2025-07-22 10:01:04 | INFO     | Epoch  40 | Train: Loss=0.0666, Acc=0.9697 | Val: Loss=0.1898, Acc=0.9479, F1=0.9486 | LR=0.000050 
2025-07-22 10:01:36 | INFO     | Epoch 41:
2025-07-22 10:01:36 | INFO     |   训练指标:
2025-07-22 10:01:36 | INFO     |     损失(ce): 0.049322
2025-07-22 10:01:36 | INFO     |     准确率: 0.974224
2025-07-22 10:01:36 | INFO     |     学习率: 0.00005000
2025-07-22 10:01:36 | INFO     |   验证指标(标准CE):
2025-07-22 10:01:36 | INFO     |     损失: 0.165549
2025-07-22 10:01:36 | INFO     |     准确率: 0.953954
2025-07-22 10:01:36 | INFO     |     F1(macro): 0.954199
2025-07-22 10:01:36 | INFO     |     F1(weighted): 0.953211
2025-07-22 10:01:36 | INFO     |     精确率: 0.956857
2025-07-22 10:01:36 | INFO     |     召回率: 0.954350
2025-07-22 10:01:36 | INFO     |   学习率调度器: f1_based
2025-07-22 10:01:36 | INFO     | ------------------------------------------------------------
2025-07-22 10:01:36 | INFO     | Epoch  41 | Train: Loss=0.0493, Acc=0.9742 | Val: Loss=0.1655, Acc=0.9540, F1=0.9532 | LR=0.000050 
2025-07-22 10:02:08 | INFO     | Epoch 42:
2025-07-22 10:02:08 | INFO     |   训练指标:
2025-07-22 10:02:08 | INFO     |     损失(ce): 0.065342
2025-07-22 10:02:08 | INFO     |     准确率: 0.967718
2025-07-22 10:02:08 | INFO     |     学习率: 0.00005000
2025-07-22 10:02:08 | INFO     |   验证指标(标准CE):
2025-07-22 10:02:08 | INFO     |     损失: 0.168513
2025-07-22 10:02:08 | INFO     |     准确率: 0.957958
2025-07-22 10:02:08 | INFO     |     F1(macro): 0.959596
2025-07-22 10:02:08 | INFO     |     F1(weighted): 0.958427
2025-07-22 10:02:08 | INFO     |     精确率: 0.960431
2025-07-22 10:02:08 | INFO     |     召回率: 0.959003
2025-07-22 10:02:08 | INFO     |   学习率调度器: f1_based
2025-07-22 10:02:08 | INFO     | ------------------------------------------------------------
2025-07-22 10:02:08 | INFO     | Epoch  42 | Train: Loss=0.0653, Acc=0.9677 | Val: Loss=0.1685, Acc=0.9580, F1=0.9584 | LR=0.000050 🏆 [最佳模型]
2025-07-22 10:02:41 | INFO     | Epoch 43:
2025-07-22 10:02:41 | INFO     |   训练指标:
2025-07-22 10:02:41 | INFO     |     损失(ce): 0.053256
2025-07-22 10:02:41 | INFO     |     准确率: 0.972472
2025-07-22 10:02:41 | INFO     |     学习率: 0.00005000
2025-07-22 10:02:41 | INFO     |   验证指标(标准CE):
2025-07-22 10:02:41 | INFO     |     损失: 0.188343
2025-07-22 10:02:41 | INFO     |     准确率: 0.952953
2025-07-22 10:02:41 | INFO     |     F1(macro): 0.955165
2025-07-22 10:02:41 | INFO     |     F1(weighted): 0.953571
2025-07-22 10:02:41 | INFO     |     精确率: 0.962369
2025-07-22 10:02:41 | INFO     |     召回率: 0.955613
2025-07-22 10:02:41 | INFO     |   学习率调度器: f1_based
2025-07-22 10:02:41 | INFO     | ------------------------------------------------------------
2025-07-22 10:02:41 | INFO     | Epoch  43 | Train: Loss=0.0533, Acc=0.9725 | Val: Loss=0.1883, Acc=0.9530, F1=0.9536 | LR=0.000050 
2025-07-22 10:03:13 | INFO     | Epoch 44:
2025-07-22 10:03:13 | INFO     |   训练指标:
2025-07-22 10:03:13 | INFO     |     损失(ce): 0.073031
2025-07-22 10:03:13 | INFO     |     准确率: 0.971221
2025-07-22 10:03:13 | INFO     |     学习率: 0.00005000
2025-07-22 10:03:13 | INFO     |   验证指标(标准CE):
2025-07-22 10:03:13 | INFO     |     损失: 0.173023
2025-07-22 10:03:13 | INFO     |     准确率: 0.959960
2025-07-22 10:03:13 | INFO     |     F1(macro): 0.960728
2025-07-22 10:03:13 | INFO     |     F1(weighted): 0.959737
2025-07-22 10:03:13 | INFO     |     精确率: 0.963000
2025-07-22 10:03:13 | INFO     |     召回率: 0.960326
2025-07-22 10:03:13 | INFO     |   学习率调度器: f1_based
2025-07-22 10:03:13 | INFO     | ------------------------------------------------------------
2025-07-22 10:03:13 | INFO     | Epoch  44 | Train: Loss=0.0730, Acc=0.9712 | Val: Loss=0.1730, Acc=0.9600, F1=0.9597 | LR=0.000050 🏆 [最佳模型]
2025-07-22 10:03:46 | INFO     | Epoch 45:
2025-07-22 10:03:46 | INFO     |   训练指标:
2025-07-22 10:03:46 | INFO     |     损失(ce): 0.053799
2025-07-22 10:03:46 | INFO     |     准确率: 0.972222
2025-07-22 10:03:46 | INFO     |     学习率: 0.00005000
2025-07-22 10:03:46 | INFO     |   验证指标(标准CE):
2025-07-22 10:03:46 | INFO     |     损失: 0.161414
2025-07-22 10:03:46 | INFO     |     准确率: 0.952953
2025-07-22 10:03:46 | INFO     |     F1(macro): 0.954813
2025-07-22 10:03:46 | INFO     |     F1(weighted): 0.953432
2025-07-22 10:03:46 | INFO     |     精确率: 0.961363
2025-07-22 10:03:46 | INFO     |     召回率: 0.955308
2025-07-22 10:03:46 | INFO     |   学习率调度器: f1_based
2025-07-22 10:03:46 | INFO     | ------------------------------------------------------------
2025-07-22 10:03:46 | INFO     | Epoch  45 | Train: Loss=0.0538, Acc=0.9722 | Val: Loss=0.1614, Acc=0.9530, F1=0.9534 | LR=0.000050 
2025-07-22 10:04:18 | INFO     | Epoch 46:
2025-07-22 10:04:18 | INFO     |   训练指标:
2025-07-22 10:04:18 | INFO     |     损失(ce): 0.057324
2025-07-22 10:04:18 | INFO     |     准确率: 0.972472
2025-07-22 10:04:18 | INFO     |     学习率: 0.00005000
2025-07-22 10:04:18 | INFO     |   验证指标(标准CE):
2025-07-22 10:04:18 | INFO     |     损失: 0.174447
2025-07-22 10:04:18 | INFO     |     准确率: 0.959960
2025-07-22 10:04:18 | INFO     |     F1(macro): 0.960735
2025-07-22 10:04:18 | INFO     |     F1(weighted): 0.959860
2025-07-22 10:04:18 | INFO     |     精确率: 0.963003
2025-07-22 10:04:18 | INFO     |     召回率: 0.960261
2025-07-22 10:04:18 | INFO     |   学习率调度器: f1_based
2025-07-22 10:04:18 | INFO     | ------------------------------------------------------------
2025-07-22 10:04:18 | INFO     | Epoch  46 | Train: Loss=0.0573, Acc=0.9725 | Val: Loss=0.1744, Acc=0.9600, F1=0.9599 | LR=0.000050 🏆 [最佳模型]
2025-07-22 10:04:50 | INFO     | Epoch 47:
2025-07-22 10:04:50 | INFO     |   训练指标:
2025-07-22 10:04:50 | INFO     |     损失(ce): 0.052351
2025-07-22 10:04:50 | INFO     |     准确率: 0.975726
2025-07-22 10:04:50 | INFO     |     学习率: 0.00005000
2025-07-22 10:04:50 | INFO     |   验证指标(标准CE):
2025-07-22 10:04:50 | INFO     |     损失: 0.174025
2025-07-22 10:04:50 | INFO     |     准确率: 0.959960
2025-07-22 10:04:50 | INFO     |     F1(macro): 0.960918
2025-07-22 10:04:50 | INFO     |     F1(weighted): 0.960027
2025-07-22 10:04:50 | INFO     |     精确率: 0.962486
2025-07-22 10:04:50 | INFO     |     召回率: 0.960426
2025-07-22 10:04:50 | INFO     |   学习率调度器: f1_based
2025-07-22 10:04:50 | INFO     | ------------------------------------------------------------
2025-07-22 10:04:50 | INFO     | Epoch  47 | Train: Loss=0.0524, Acc=0.9757 | Val: Loss=0.1740, Acc=0.9600, F1=0.9600 | LR=0.000050 🏆 [最佳模型]
2025-07-22 10:05:23 | INFO     | Epoch 48:
2025-07-22 10:05:23 | INFO     |   训练指标:
2025-07-22 10:05:23 | INFO     |     损失(ce): 0.052115
2025-07-22 10:05:23 | INFO     |     准确率: 0.971471
2025-07-22 10:05:23 | INFO     |     学习率: 0.00005000
2025-07-22 10:05:23 | INFO     |   验证指标(标准CE):
2025-07-22 10:05:23 | INFO     |     损失: 0.212513
2025-07-22 10:05:23 | INFO     |     准确率: 0.956957
2025-07-22 10:05:23 | INFO     |     F1(macro): 0.957794
2025-07-22 10:05:23 | INFO     |     F1(weighted): 0.956449
2025-07-22 10:05:23 | INFO     |     精确率: 0.959794
2025-07-22 10:05:23 | INFO     |     召回率: 0.957777
2025-07-22 10:05:23 | INFO     |   学习率调度器: f1_based
2025-07-22 10:05:23 | INFO     | ------------------------------------------------------------
2025-07-22 10:05:23 | INFO     | Epoch  48 | Train: Loss=0.0521, Acc=0.9715 | Val: Loss=0.2125, Acc=0.9570, F1=0.9564 | LR=0.000050 
2025-07-22 10:05:55 | INFO     | Epoch 49:
2025-07-22 10:05:55 | INFO     |   训练指标:
2025-07-22 10:05:55 | INFO     |     损失(ce): 0.051651
2025-07-22 10:05:55 | INFO     |     准确率: 0.971972
2025-07-22 10:05:55 | INFO     |     学习率: 0.00005000
2025-07-22 10:05:55 | INFO     |   验证指标(标准CE):
2025-07-22 10:05:55 | INFO     |     损失: 0.224178
2025-07-22 10:05:55 | INFO     |     准确率: 0.951952
2025-07-22 10:05:55 | INFO     |     F1(macro): 0.953648
2025-07-22 10:05:55 | INFO     |     F1(weighted): 0.952362
2025-07-22 10:05:55 | INFO     |     精确率: 0.954839
2025-07-22 10:05:55 | INFO     |     召回率: 0.952932
2025-07-22 10:05:55 | INFO     |   学习率调度器: f1_based
2025-07-22 10:05:55 | INFO     | ------------------------------------------------------------
2025-07-22 10:05:55 | INFO     | Epoch  49 | Train: Loss=0.0517, Acc=0.9720 | Val: Loss=0.2242, Acc=0.9520, F1=0.9524 | LR=0.000050 
2025-07-22 10:06:27 | INFO     | Epoch 50:
2025-07-22 10:06:27 | INFO     |   训练指标:
2025-07-22 10:06:27 | INFO     |     损失(ce): 0.044857
2025-07-22 10:06:27 | INFO     |     准确率: 0.973724
2025-07-22 10:06:27 | INFO     |     学习率: 0.00005000
2025-07-22 10:06:27 | INFO     |   验证指标(标准CE):
2025-07-22 10:06:27 | INFO     |     损失: 0.185785
2025-07-22 10:06:27 | INFO     |     准确率: 0.956957
2025-07-22 10:06:27 | INFO     |     F1(macro): 0.958647
2025-07-22 10:06:27 | INFO     |     F1(weighted): 0.957392
2025-07-22 10:06:27 | INFO     |     精确率: 0.959829
2025-07-22 10:06:27 | INFO     |     召回率: 0.957837
2025-07-22 10:06:27 | INFO     |   学习率调度器: f1_based
2025-07-22 10:06:27 | INFO     | ------------------------------------------------------------
2025-07-22 10:06:27 | INFO     | 🎯 学习率调整事件:
2025-07-22 10:06:27 | INFO     |   调度器类型: f1_based
2025-07-22 10:06:27 | INFO     |   学习率变化: 0.00005000 → 0.00002500
2025-07-22 10:06:27 | INFO     |   触发条件: F1分数 = 0.957392
2025-07-22 10:06:27 | INFO     |   变化幅度: -50.00%
2025-07-22 10:06:27 | INFO     | ------------------------------------------------------------
2025-07-22 10:06:27 | INFO     | Epoch  50 | Train: Loss=0.0449, Acc=0.9737 | Val: Loss=0.1858, Acc=0.9570, F1=0.9574 | LR=0.000025 
2025-07-22 10:06:59 | INFO     | Epoch 51:
2025-07-22 10:06:59 | INFO     |   训练指标:
2025-07-22 10:06:59 | INFO     |     损失(ce): 0.040802
2025-07-22 10:06:59 | INFO     |     准确率: 0.971221
2025-07-22 10:06:59 | INFO     |     学习率: 0.00002500
2025-07-22 10:06:59 | INFO     |   验证指标(标准CE):
2025-07-22 10:06:59 | INFO     |     损失: 0.202815
2025-07-22 10:06:59 | INFO     |     准确率: 0.952953
2025-07-22 10:06:59 | INFO     |     F1(macro): 0.954981
2025-07-22 10:06:59 | INFO     |     F1(weighted): 0.953503
2025-07-22 10:06:59 | INFO     |     精确率: 0.963033
2025-07-22 10:06:59 | INFO     |     召回率: 0.955653
2025-07-22 10:06:59 | INFO     |   学习率调度器: f1_based
2025-07-22 10:06:59 | INFO     | ------------------------------------------------------------
2025-07-22 10:06:59 | INFO     | Epoch  51 | Train: Loss=0.0408, Acc=0.9712 | Val: Loss=0.2028, Acc=0.9530, F1=0.9535 | LR=0.000025 
2025-07-22 10:07:31 | INFO     | Epoch 52:
2025-07-22 10:07:31 | INFO     |   训练指标:
2025-07-22 10:07:31 | INFO     |     损失(ce): 0.046642
2025-07-22 10:07:31 | INFO     |     准确率: 0.974224
2025-07-22 10:07:31 | INFO     |     学习率: 0.00002500
2025-07-22 10:07:31 | INFO     |   验证指标(标准CE):
2025-07-22 10:07:31 | INFO     |     损失: 0.203431
2025-07-22 10:07:31 | INFO     |     准确率: 0.950951
2025-07-22 10:07:31 | INFO     |     F1(macro): 0.953047
2025-07-22 10:07:31 | INFO     |     F1(weighted): 0.951508
2025-07-22 10:07:31 | INFO     |     精确率: 0.960616
2025-07-22 10:07:31 | INFO     |     召回率: 0.953669
2025-07-22 10:07:31 | INFO     |   学习率调度器: f1_based
2025-07-22 10:07:31 | INFO     | ------------------------------------------------------------
2025-07-22 10:07:31 | INFO     | Epoch  52 | Train: Loss=0.0466, Acc=0.9742 | Val: Loss=0.2034, Acc=0.9510, F1=0.9515 | LR=0.000025 
2025-07-22 10:08:03 | INFO     | Epoch 53:
2025-07-22 10:08:03 | INFO     |   训练指标:
2025-07-22 10:08:03 | INFO     |     损失(ce): 0.039221
2025-07-22 10:08:03 | INFO     |     准确率: 0.975475
2025-07-22 10:08:03 | INFO     |     学习率: 0.00002500
2025-07-22 10:08:03 | INFO     |   验证指标(标准CE):
2025-07-22 10:08:03 | INFO     |     损失: 0.192577
2025-07-22 10:08:03 | INFO     |     准确率: 0.952953
2025-07-22 10:08:03 | INFO     |     F1(macro): 0.954858
2025-07-22 10:08:03 | INFO     |     F1(weighted): 0.953359
2025-07-22 10:08:03 | INFO     |     精确率: 0.962620
2025-07-22 10:08:03 | INFO     |     召回率: 0.955653
2025-07-22 10:08:03 | INFO     |   学习率调度器: f1_based
2025-07-22 10:08:03 | INFO     | ------------------------------------------------------------
2025-07-22 10:08:03 | INFO     | Epoch  53 | Train: Loss=0.0392, Acc=0.9755 | Val: Loss=0.1926, Acc=0.9530, F1=0.9534 | LR=0.000025 
2025-07-22 10:08:35 | INFO     | Epoch 54:
2025-07-22 10:08:35 | INFO     |   训练指标:
2025-07-22 10:08:35 | INFO     |     损失(ce): 0.043279
2025-07-22 10:08:35 | INFO     |     准确率: 0.975475
2025-07-22 10:08:35 | INFO     |     学习率: 0.00002500
2025-07-22 10:08:35 | INFO     |   验证指标(标准CE):
2025-07-22 10:08:35 | INFO     |     损失: 0.214669
2025-07-22 10:08:35 | INFO     |     准确率: 0.953954
2025-07-22 10:08:35 | INFO     |     F1(macro): 0.955845
2025-07-22 10:08:35 | INFO     |     F1(weighted): 0.954235
2025-07-22 10:08:35 | INFO     |     精确率: 0.963196
2025-07-22 10:08:35 | INFO     |     召回率: 0.956619
2025-07-22 10:08:35 | INFO     |   学习率调度器: f1_based
2025-07-22 10:08:35 | INFO     | ------------------------------------------------------------
2025-07-22 10:08:35 | INFO     | Epoch  54 | Train: Loss=0.0433, Acc=0.9755 | Val: Loss=0.2147, Acc=0.9540, F1=0.9542 | LR=0.000025 
2025-07-22 10:09:07 | INFO     | Epoch 55:
2025-07-22 10:09:07 | INFO     |   训练指标:
2025-07-22 10:09:07 | INFO     |     损失(ce): 0.036418
2025-07-22 10:09:07 | INFO     |     准确率: 0.977728
2025-07-22 10:09:07 | INFO     |     学习率: 0.00002500
2025-07-22 10:09:07 | INFO     |   验证指标(标准CE):
2025-07-22 10:09:07 | INFO     |     损失: 0.169404
2025-07-22 10:09:07 | INFO     |     准确率: 0.954955
2025-07-22 10:09:07 | INFO     |     F1(macro): 0.956044
2025-07-22 10:09:07 | INFO     |     F1(weighted): 0.954965
2025-07-22 10:09:07 | INFO     |     精确率: 0.958701
2025-07-22 10:09:07 | INFO     |     召回率: 0.955277
2025-07-22 10:09:07 | INFO     |   学习率调度器: f1_based
2025-07-22 10:09:07 | INFO     | ------------------------------------------------------------
2025-07-22 10:09:07 | INFO     | Epoch  55 | Train: Loss=0.0364, Acc=0.9777 | Val: Loss=0.1694, Acc=0.9550, F1=0.9550 | LR=0.000025 
2025-07-22 10:09:39 | INFO     | Epoch 56:
2025-07-22 10:09:39 | INFO     |   训练指标:
2025-07-22 10:09:39 | INFO     |     损失(ce): 0.041689
2025-07-22 10:09:39 | INFO     |     准确率: 0.974474
2025-07-22 10:09:39 | INFO     |     学习率: 0.00002500
2025-07-22 10:09:39 | INFO     |   验证指标(标准CE):
2025-07-22 10:09:39 | INFO     |     损失: 0.180427
2025-07-22 10:09:39 | INFO     |     准确率: 0.949950
2025-07-22 10:09:39 | INFO     |     F1(macro): 0.952249
2025-07-22 10:09:39 | INFO     |     F1(weighted): 0.950516
2025-07-22 10:09:39 | INFO     |     精确率: 0.956156
2025-07-22 10:09:39 | INFO     |     召回率: 0.952301
2025-07-22 10:09:39 | INFO     |   学习率调度器: f1_based
2025-07-22 10:09:39 | INFO     | ------------------------------------------------------------
2025-07-22 10:09:39 | INFO     | Epoch  56 | Train: Loss=0.0417, Acc=0.9745 | Val: Loss=0.1804, Acc=0.9499, F1=0.9505 | LR=0.000025 
2025-07-22 10:10:11 | INFO     | Epoch 57:
2025-07-22 10:10:11 | INFO     |   训练指标:
2025-07-22 10:10:11 | INFO     |     损失(ce): 0.039572
2025-07-22 10:10:11 | INFO     |     准确率: 0.974474
2025-07-22 10:10:11 | INFO     |     学习率: 0.00002500
2025-07-22 10:10:11 | INFO     |   验证指标(标准CE):
2025-07-22 10:10:11 | INFO     |     损失: 0.204499
2025-07-22 10:10:11 | INFO     |     准确率: 0.949950
2025-07-22 10:10:11 | INFO     |     F1(macro): 0.952168
2025-07-22 10:10:11 | INFO     |     F1(weighted): 0.950497
2025-07-22 10:10:11 | INFO     |     精确率: 0.954409
2025-07-22 10:10:11 | INFO     |     召回率: 0.952035
2025-07-22 10:10:11 | INFO     |   学习率调度器: f1_based
2025-07-22 10:10:11 | INFO     | ------------------------------------------------------------
2025-07-22 10:10:11 | INFO     | Epoch  57 | Train: Loss=0.0396, Acc=0.9745 | Val: Loss=0.2045, Acc=0.9499, F1=0.9505 | LR=0.000025 
2025-07-22 10:10:43 | INFO     | Epoch 58:
2025-07-22 10:10:43 | INFO     |   训练指标:
2025-07-22 10:10:43 | INFO     |     损失(ce): 0.044055
2025-07-22 10:10:43 | INFO     |     准确率: 0.974975
2025-07-22 10:10:43 | INFO     |     学习率: 0.00002500
2025-07-22 10:10:43 | INFO     |   验证指标(标准CE):
2025-07-22 10:10:43 | INFO     |     损失: 0.202649
2025-07-22 10:10:43 | INFO     |     准确率: 0.957958
2025-07-22 10:10:43 | INFO     |     F1(macro): 0.958992
2025-07-22 10:10:43 | INFO     |     F1(weighted): 0.958071
2025-07-22 10:10:43 | INFO     |     精确率: 0.960194
2025-07-22 10:10:43 | INFO     |     召回率: 0.958615
2025-07-22 10:10:43 | INFO     |   学习率调度器: f1_based
2025-07-22 10:10:43 | INFO     | ------------------------------------------------------------
2025-07-22 10:10:43 | INFO     | 🎯 学习率调整事件:
2025-07-22 10:10:43 | INFO     |   调度器类型: f1_based
2025-07-22 10:10:43 | INFO     |   学习率变化: 0.00002500 → 0.00001250
2025-07-22 10:10:43 | INFO     |   触发条件: F1分数 = 0.958071
2025-07-22 10:10:43 | INFO     |   变化幅度: -50.00%
2025-07-22 10:10:43 | INFO     | ------------------------------------------------------------
2025-07-22 10:10:43 | INFO     | Epoch  58 | Train: Loss=0.0441, Acc=0.9750 | Val: Loss=0.2026, Acc=0.9580, F1=0.9581 | LR=0.000013 
2025-07-22 10:11:15 | INFO     | Epoch 59:
2025-07-22 10:11:15 | INFO     |   训练指标:
2025-07-22 10:11:15 | INFO     |     损失(ce): 0.036474
2025-07-22 10:11:15 | INFO     |     准确率: 0.976977
2025-07-22 10:11:15 | INFO     |     学习率: 0.00001250
2025-07-22 10:11:15 | INFO     |   验证指标(标准CE):
2025-07-22 10:11:15 | INFO     |     损失: 0.180932
2025-07-22 10:11:15 | INFO     |     准确率: 0.947948
2025-07-22 10:11:15 | INFO     |     F1(macro): 0.950018
2025-07-22 10:11:15 | INFO     |     F1(weighted): 0.948547
2025-07-22 10:11:15 | INFO     |     精确率: 0.950855
2025-07-22 10:11:15 | INFO     |     召回率: 0.949407
2025-07-22 10:11:15 | INFO     |   学习率调度器: f1_based
2025-07-22 10:11:15 | INFO     | ------------------------------------------------------------
2025-07-22 10:11:15 | INFO     | Epoch  59 | Train: Loss=0.0365, Acc=0.9770 | Val: Loss=0.1809, Acc=0.9479, F1=0.9485 | LR=0.000013 
2025-07-22 10:11:47 | INFO     | Epoch 60:
2025-07-22 10:11:47 | INFO     |   训练指标:
2025-07-22 10:11:47 | INFO     |     损失(ce): 0.034560
2025-07-22 10:11:47 | INFO     |     准确率: 0.975475
2025-07-22 10:11:47 | INFO     |     学习率: 0.00001250
2025-07-22 10:11:47 | INFO     |   验证指标(标准CE):
2025-07-22 10:11:47 | INFO     |     损失: 0.204039
2025-07-22 10:11:47 | INFO     |     准确率: 0.952953
2025-07-22 10:11:47 | INFO     |     F1(macro): 0.955278
2025-07-22 10:11:47 | INFO     |     F1(weighted): 0.953723
2025-07-22 10:11:47 | INFO     |     精确率: 0.957066
2025-07-22 10:11:47 | INFO     |     召回率: 0.954725
2025-07-22 10:11:47 | INFO     |   学习率调度器: f1_based
2025-07-22 10:11:47 | INFO     | ------------------------------------------------------------
2025-07-22 10:11:47 | INFO     | Epoch  60 | Train: Loss=0.0346, Acc=0.9755 | Val: Loss=0.2040, Acc=0.9530, F1=0.9537 | LR=0.000013 
2025-07-22 10:12:19 | INFO     | Epoch 61:
2025-07-22 10:12:19 | INFO     |   训练指标:
2025-07-22 10:12:19 | INFO     |     损失(ce): 0.036127
2025-07-22 10:12:19 | INFO     |     准确率: 0.977477
2025-07-22 10:12:19 | INFO     |     学习率: 0.00001250
2025-07-22 10:12:19 | INFO     |   验证指标(标准CE):
2025-07-22 10:12:19 | INFO     |     损失: 0.206586
2025-07-22 10:12:19 | INFO     |     准确率: 0.951952
2025-07-22 10:12:19 | INFO     |     F1(macro): 0.954200
2025-07-22 10:12:19 | INFO     |     F1(weighted): 0.952593
2025-07-22 10:12:19 | INFO     |     精确率: 0.957821
2025-07-22 10:12:19 | INFO     |     召回率: 0.954221
2025-07-22 10:12:19 | INFO     |   学习率调度器: f1_based
2025-07-22 10:12:19 | INFO     | ------------------------------------------------------------
2025-07-22 10:12:19 | INFO     | Epoch  61 | Train: Loss=0.0361, Acc=0.9775 | Val: Loss=0.2066, Acc=0.9520, F1=0.9526 | LR=0.000013 
2025-07-22 10:12:51 | INFO     | Epoch 62:
2025-07-22 10:12:51 | INFO     |   训练指标:
2025-07-22 10:12:51 | INFO     |     损失(ce): 0.032335
2025-07-22 10:12:51 | INFO     |     准确率: 0.977728
2025-07-22 10:12:51 | INFO     |     学习率: 0.00001250
2025-07-22 10:12:51 | INFO     |   验证指标(标准CE):
2025-07-22 10:12:51 | INFO     |     损失: 0.198130
2025-07-22 10:12:51 | INFO     |     准确率: 0.949950
2025-07-22 10:12:51 | INFO     |     F1(macro): 0.952047
2025-07-22 10:12:51 | INFO     |     F1(weighted): 0.950501
2025-07-22 10:12:51 | INFO     |     精确率: 0.956064
2025-07-22 10:12:51 | INFO     |     召回率: 0.952470
2025-07-22 10:12:51 | INFO     |   学习率调度器: f1_based
2025-07-22 10:12:51 | INFO     | ------------------------------------------------------------
2025-07-22 10:12:51 | INFO     | Epoch  62 | Train: Loss=0.0323, Acc=0.9777 | Val: Loss=0.1981, Acc=0.9499, F1=0.9505 | LR=0.000013 
2025-07-22 10:12:51 | INFO     | ⏹️ 早停触发，在第 62 轮停止训练
2025-07-22 10:12:55 | INFO     | 训练历史已保存到: ./result/0722_0939_DualGAF_DualGAFNet_dilated_enhanced_sl96_step96_fd128_extractor-dilated_gaf-adaptive_attention-channel_classifier-mlp_stat-basic_fusion-concat_ablation-no_diff/training_history.csv
2025-07-22 10:12:55 | INFO     | 
====================================================================================================
2025-07-22 10:12:55 | INFO     | 🎉 训练完成总结:
2025-07-22 10:12:55 | INFO     |   训练损失函数: ce
2025-07-22 10:12:55 | INFO     |   验证损失函数: 标准交叉熵（遵循主流ML规范）
2025-07-22 10:12:55 | INFO     |   训练过程最佳验证准确率: 0.9600
2025-07-22 10:12:55 | INFO     |   训练过程最佳验证F1(macro): 0.9609
2025-07-22 10:12:55 | INFO     |   训练过程最佳验证F1(weighted): 0.9600
2025-07-22 10:12:55 | INFO     |   训练轮数: 62
2025-07-22 10:12:55 | INFO     | --------------------------------------------------
2025-07-22 10:12:55 | INFO     | 📊 最佳模型真实性能指标（基于标准交叉熵损失）:
2025-07-22 10:12:55 | INFO     |   验证损失(标准CE): 0.1740
2025-07-22 10:12:55 | INFO     |   验证准确率: 0.9600
2025-07-22 10:12:55 | INFO     |   验证F1(macro): 0.9609
2025-07-22 10:12:55 | INFO     |   验证F1(weighted): 0.9600
2025-07-22 10:12:55 | INFO     |   验证精确率: 0.9625
2025-07-22 10:12:55 | INFO     |   验证召回率: 0.9604
2025-07-22 10:12:55 | INFO     | ====================================================================================================
2025-07-22 10:12:57 | INFO     | ================================================================================
2025-07-22 10:12:57 | INFO     | 实验日志结束: DualGAF_DualGAFNet_dilated_enhanced_sl96_step96_fd128_extractor-dilated_gaf-adaptive_attention-channel_classifier-mlp_stat-basic_fusion-concat_ablation-no_diff
2025-07-22 10:12:57 | INFO     | 结束时间: 2025-07-22 10:12:57
2025-07-22 10:12:57 | INFO     | ================================================================================
