2025-07-22 15:32:10 | INFO     | ================================================================================
2025-07-22 15:32:10 | INFO     | 实验日志开始: DualGAF_DualGAFNet_dilated_enhanced_sl96_step96_fd128_extractor-dilated_gaf-adaptive_attention-channel_classifier-mlp_stat-basic_fusion-concat
2025-07-22 15:32:10 | INFO     | 日志文件: ./result/0722_1532_DualGAF_DualGAFNet_dilated_enhanced_sl96_step96_fd128_extractor-dilated_gaf-adaptive_attention-channel_classifier-mlp_stat-basic_fusion-concat/training.log
2025-07-22 15:32:10 | INFO     | 开始时间: 2025-07-22 15:32:10
2025-07-22 15:32:10 | INFO     | ================================================================================
2025-07-22 15:32:10 | INFO     | ⚙️ 实验配置:
2025-07-22 15:32:10 | INFO     |    task_name: classification
2025-07-22 15:32:10 | INFO     |    is_training: 1
2025-07-22 15:32:10 | INFO     |    model_id: test
2025-07-22 15:32:10 | INFO     |    model: DualGAFNet
2025-07-22 15:32:10 | INFO     |    data: DualGAF
2025-07-22 15:32:10 | INFO     |    root_path: ./dataset/SAHU/origin_working
2025-07-22 15:32:10 | INFO     |    step: 96
2025-07-22 15:32:10 | INFO     |    checkpoints: ./checkpoints/
2025-07-22 15:32:10 | INFO     |    num_class: 10
2025-07-22 15:32:10 | INFO     |    result_path: ./result/
2025-07-22 15:32:10 | INFO     |    test_size: 0.2
2025-07-22 15:32:10 | INFO     |    rows: 115200
2025-07-22 15:32:10 | INFO     |    seq_len: 96
2025-07-22 15:32:10 | INFO     |    enc_in: 26
2025-07-22 15:32:10 | INFO     |    d_model: 512
2025-07-22 15:32:10 | INFO     |    n_heads: 8
2025-07-22 15:32:10 | INFO     |    e_layers: 2
2025-07-22 15:32:10 | INFO     |    d_layers: 1
2025-07-22 15:32:10 | INFO     |    d_ff: 2048
2025-07-22 15:32:10 | INFO     |    moving_avg: 25
2025-07-22 15:32:10 | INFO     |    factor: 1
2025-07-22 15:32:10 | INFO     |    distil: True
2025-07-22 15:32:10 | INFO     |    dropout: 0.1
2025-07-22 15:32:10 | INFO     |    embed: timeF
2025-07-22 15:32:10 | INFO     |    activation: gelu
2025-07-22 15:32:10 | INFO     |    use_norm: 1
2025-07-22 15:32:10 | INFO     |    gaf_method: summation
2025-07-22 15:32:10 | INFO     |    feature_dim: 128
2025-07-22 15:32:10 | INFO     |    data_type_method: uint8
2025-07-22 15:32:10 | INFO     |    use_attention: True
2025-07-22 15:32:10 | INFO     |    hidden_dim: 64
2025-07-22 15:32:10 | INFO     |    sample_size: 1000
2025-07-22 15:32:10 | INFO     |    channel_groups: None
2025-07-22 15:32:10 | INFO     |    hvac_groups: None
2025-07-22 15:32:10 | INFO     |    extractor_type: dilated
2025-07-22 15:32:10 | INFO     |    fusion_type: adaptive
2025-07-22 15:32:10 | INFO     |    attention_type: channel
2025-07-22 15:32:10 | INFO     |    classifier_type: mlp
2025-07-22 15:32:10 | INFO     |    use_statistical_features: True
2025-07-22 15:32:10 | INFO     |    stat_type: basic
2025-07-22 15:32:10 | INFO     |    multimodal_fusion_strategy: concat
2025-07-22 15:32:10 | INFO     |    use_signal_level_stats: False
2025-07-22 15:32:10 | INFO     |    signal_stat_type: comprehensive
2025-07-22 15:32:10 | INFO     |    signal_stat_fusion_strategy: concat_project
2025-07-22 15:32:10 | INFO     |    signal_stat_feature_dim: 32
2025-07-22 15:32:10 | INFO     |    use_diff_branch: True
2025-07-22 15:32:10 | INFO     |    ablation_mode: none
2025-07-22 15:32:10 | INFO     |    backbone_type: resnet18
2025-07-22 15:32:10 | INFO     |    use_sum_branch: True
2025-07-22 15:32:10 | INFO     |    num_workers: 0
2025-07-22 15:32:10 | INFO     |    cuda_debug: False
2025-07-22 15:32:10 | INFO     |    gpu_memory_fraction: 0.9
2025-07-22 15:32:10 | INFO     |    safe_mode: True
2025-07-22 15:32:10 | INFO     |    drop_last_batch: True
2025-07-22 15:32:10 | INFO     |    itr: 1
2025-07-22 15:32:10 | INFO     |    train_epochs: 300
2025-07-22 15:32:10 | INFO     |    batch_size: 4
2025-07-22 15:32:10 | INFO     |    patience: 15
2025-07-22 15:32:10 | INFO     |    learning_rate: 0.0001
2025-07-22 15:32:10 | INFO     |    des: dilated_enhanced
2025-07-22 15:32:10 | INFO     |    loss: MSE
2025-07-22 15:32:10 | INFO     |    lradj: type1
2025-07-22 15:32:10 | INFO     |    lr_scheduler_type: f1_based
2025-07-22 15:32:10 | INFO     |    lr_loss_weight: 0.3
2025-07-22 15:32:10 | INFO     |    lr_f1_weight: 0.7
2025-07-22 15:32:10 | INFO     |    use_amp: False
2025-07-22 15:32:10 | INFO     |    gradient_accumulation_steps: 2
2025-07-22 15:32:10 | INFO     |    enable_auto_gradient_accumulation: True
2025-07-22 15:32:10 | INFO     |    loss_type: ce
2025-07-22 15:32:10 | INFO     |    label_smoothing: 0.1
2025-07-22 15:32:10 | INFO     |    focal_alpha: 1.0
2025-07-22 15:32:10 | INFO     |    focal_gamma: 2.0
2025-07-22 15:32:10 | INFO     |    confidence_penalty_beta: 0.1
2025-07-22 15:32:10 | INFO     |    use_timm_loss: True
2025-07-22 15:32:10 | INFO     |    adaptive_initial_smoothing: 0.2
2025-07-22 15:32:10 | INFO     |    adaptive_final_smoothing: 0.05
2025-07-22 15:32:10 | INFO     |    adaptive_decay_epochs: 30
2025-07-22 15:32:10 | INFO     |    enable_class_weights: False
2025-07-22 15:32:10 | INFO     |    class_weights: None
2025-07-22 15:32:10 | INFO     |    loss_preset: None
2025-07-22 15:32:10 | INFO     |    n_jobs: 1
2025-07-22 15:32:10 | INFO     |    use_multiprocessing: False
2025-07-22 15:32:10 | INFO     |    chunk_size: 800
2025-07-22 15:32:10 | INFO     |    disable_parallel: True
2025-07-22 15:32:10 | INFO     |    use_shared_memory: False
2025-07-22 15:32:10 | INFO     |    disable_shared_memory: False
2025-07-22 15:32:10 | INFO     |    use_gpu: True
2025-07-22 15:32:10 | INFO     |    gpu: 0
2025-07-22 15:32:10 | INFO     |    gpu_type: cuda
2025-07-22 15:32:10 | INFO     |    use_multi_gpu: False
2025-07-22 15:32:10 | INFO     |    devices: 0,1,2,3
2025-07-22 15:32:10 | INFO     |    device: cuda:0
2025-07-22 15:32:10 | INFO     |    feature_columns: ['CHWC_VLV', 'CHWC_VLV_DM', 'MA_TEMP', 'OA_CFM', 'OA_DMPR', 'OA_DMPR_DM', 'OA_TEMP', 'RA_CFM', 'RA_DMPR', 'RA_DMPR_DM', 'RA_TEMP', 'RF_CS', 'RF_SPD', 'RF_WAT', 'SA_CFM', 'SA_SP', 'SA_SPSPT', 'SA_TEMP', 'SF_CS', 'SF_SPD', 'SF_WAT', 'ZONE_TEMP_1', 'ZONE_TEMP_2', 'ZONE_TEMP_3', 'ZONE_TEMP_4', 'ZONE_TEMP_5']
2025-07-22 15:32:10 | INFO     | 🏗️ 模型信息:
2025-07-22 15:32:10 | INFO     |    模型类型: Model
2025-07-22 15:32:10 | INFO     |    总参数数量: 8,294,979
2025-07-22 15:32:10 | INFO     |    可训练参数: 8,294,979
2025-07-22 15:32:10 | INFO     |    模型大小估计: 31.64 MB
2025-07-22 15:32:10 | INFO     | 📊 数据集信息:
2025-07-22 15:32:10 | INFO     |    训练集大小: 5004
2025-07-22 15:32:10 | INFO     |    验证集大小: 1252
2025-07-22 15:32:10 | INFO     | 
================================================================================
2025-07-22 15:32:10 | INFO     | 📋 损失函数使用策略（遵循主流机器学习规范）:
2025-07-22 15:32:10 | INFO     |    🎯 训练阶段: 使用 ce 损失函数
2025-07-22 15:32:10 | INFO     |       → 目的：优化模型参数，解决特定问题（类别不平衡、相似性等）
2025-07-22 15:32:10 | INFO     |    📊 验证阶段: 使用标准交叉熵损失函数
2025-07-22 15:32:10 | INFO     |       → 目的：客观评估模型性能，便于不同方法比较
2025-07-22 15:32:10 | INFO     |    📈 最终报告: 基于标准交叉熵损失的指标
2025-07-22 15:32:10 | INFO     |       → 目的：提供可信、可比较的性能指标
2025-07-22 15:32:10 | INFO     | ================================================================================

2025-07-22 15:32:10 | INFO     | 🔄 梯度累积配置: 每2轮累积一次梯度
2025-07-22 15:32:10 | INFO     |    实际batch_size: 4
2025-07-22 15:32:10 | INFO     |    有效batch_size: 8
2025-07-22 15:33:23 | INFO     | Epoch 1:
2025-07-22 15:33:23 | INFO     |   训练指标:
2025-07-22 15:33:23 | INFO     |     损失(ce): 1.407889
2025-07-22 15:33:23 | INFO     |     准确率: 0.508993
2025-07-22 15:33:23 | INFO     |     学习率: 0.00010000
2025-07-22 15:33:23 | INFO     |   验证指标(标准CE):
2025-07-22 15:33:23 | INFO     |     损失: 0.645222
2025-07-22 15:33:23 | INFO     |     准确率: 0.774760
2025-07-22 15:33:23 | INFO     |     F1(macro): 0.758310
2025-07-22 15:33:23 | INFO     |     F1(weighted): 0.742055
2025-07-22 15:33:23 | INFO     |     精确率: 0.759930
2025-07-22 15:33:23 | INFO     |     召回率: 0.794441
2025-07-22 15:33:23 | INFO     |   学习率调度器: f1_based
2025-07-22 15:33:23 | INFO     | ------------------------------------------------------------
2025-07-22 15:33:23 | INFO     | Epoch   1 | Train: Loss=1.4079, Acc=0.5090 | Val: Loss=0.6452, Acc=0.7748, F1=0.7421 | LR=0.000100 🏆 [最佳模型]
2025-07-22 15:34:33 | INFO     | Epoch 2:
2025-07-22 15:34:33 | INFO     |   训练指标:
2025-07-22 15:34:33 | INFO     |     损失(ce): 0.494727
2025-07-22 15:34:33 | INFO     |     准确率: 0.787370
2025-07-22 15:34:33 | INFO     |     学习率: 0.00010000
2025-07-22 15:34:33 | INFO     |   验证指标(标准CE):
2025-07-22 15:34:33 | INFO     |     损失: 0.341212
2025-07-22 15:34:33 | INFO     |     准确率: 0.825879
2025-07-22 15:34:33 | INFO     |     F1(macro): 0.804618
2025-07-22 15:34:33 | INFO     |     F1(weighted): 0.796830
2025-07-22 15:34:33 | INFO     |     精确率: 0.822197
2025-07-22 15:34:33 | INFO     |     召回率: 0.830242
2025-07-22 15:34:33 | INFO     |   学习率调度器: f1_based
2025-07-22 15:34:33 | INFO     | ------------------------------------------------------------
2025-07-22 15:34:33 | INFO     | Epoch   2 | Train: Loss=0.4947, Acc=0.7874 | Val: Loss=0.3412, Acc=0.8259, F1=0.7968 | LR=0.000100 🏆 [最佳模型]
2025-07-22 15:35:41 | INFO     | Epoch 3:
2025-07-22 15:35:41 | INFO     |   训练指标:
2025-07-22 15:35:41 | INFO     |     损失(ce): 0.352903
2025-07-22 15:35:41 | INFO     |     准确率: 0.825540
2025-07-22 15:35:41 | INFO     |     学习率: 0.00010000
2025-07-22 15:35:41 | INFO     |   验证指标(标准CE):
2025-07-22 15:35:41 | INFO     |     损失: 0.299375
2025-07-22 15:35:41 | INFO     |     准确率: 0.844249
2025-07-22 15:35:41 | INFO     |     F1(macro): 0.822882
2025-07-22 15:35:41 | INFO     |     F1(weighted): 0.816663
2025-07-22 15:35:41 | INFO     |     精确率: 0.888615
2025-07-22 15:35:41 | INFO     |     召回率: 0.847427
2025-07-22 15:35:41 | INFO     |   学习率调度器: f1_based
2025-07-22 15:35:41 | INFO     | ------------------------------------------------------------
2025-07-22 15:35:41 | INFO     | Epoch   3 | Train: Loss=0.3529, Acc=0.8255 | Val: Loss=0.2994, Acc=0.8442, F1=0.8167 | LR=0.000100 🏆 [最佳模型]
2025-07-22 15:36:48 | INFO     | Epoch 4:
2025-07-22 15:36:48 | INFO     |   训练指标:
2025-07-22 15:36:48 | INFO     |     损失(ce): 0.314123
2025-07-22 15:36:48 | INFO     |     准确率: 0.837730
2025-07-22 15:36:48 | INFO     |     学习率: 0.00010000
2025-07-22 15:36:48 | INFO     |   验证指标(标准CE):
2025-07-22 15:36:48 | INFO     |     损失: 0.280541
2025-07-22 15:36:48 | INFO     |     准确率: 0.846645
2025-07-22 15:36:48 | INFO     |     F1(macro): 0.825355
2025-07-22 15:36:48 | INFO     |     F1(weighted): 0.819259
2025-07-22 15:36:48 | INFO     |     精确率: 0.839398
2025-07-22 15:36:48 | INFO     |     召回率: 0.849275
2025-07-22 15:36:48 | INFO     |   学习率调度器: f1_based
2025-07-22 15:36:48 | INFO     | ------------------------------------------------------------
2025-07-22 15:36:48 | INFO     | Epoch   4 | Train: Loss=0.3141, Acc=0.8377 | Val: Loss=0.2805, Acc=0.8466, F1=0.8193 | LR=0.000100 🏆 [最佳模型]
2025-07-22 15:37:56 | INFO     | Epoch 5:
2025-07-22 15:37:56 | INFO     |   训练指标:
2025-07-22 15:37:56 | INFO     |     损失(ce): 0.293607
2025-07-22 15:37:56 | INFO     |     准确率: 0.836731
2025-07-22 15:37:56 | INFO     |     学习率: 0.00010000
2025-07-22 15:37:56 | INFO     |   验证指标(标准CE):
2025-07-22 15:37:56 | INFO     |     损失: 0.338737
2025-07-22 15:37:56 | INFO     |     准确率: 0.815495
2025-07-22 15:37:56 | INFO     |     F1(macro): 0.799205
2025-07-22 15:37:56 | INFO     |     F1(weighted): 0.790129
2025-07-22 15:37:56 | INFO     |     精确率: 0.783230
2025-07-22 15:37:56 | INFO     |     召回率: 0.821920
2025-07-22 15:37:56 | INFO     |   学习率调度器: f1_based
2025-07-22 15:37:56 | INFO     | ------------------------------------------------------------
2025-07-22 15:37:56 | INFO     | Epoch   5 | Train: Loss=0.2936, Acc=0.8367 | Val: Loss=0.3387, Acc=0.8155, F1=0.7901 | LR=0.000100 
2025-07-22 15:39:03 | INFO     | Epoch 6:
2025-07-22 15:39:03 | INFO     |   训练指标:
2025-07-22 15:39:03 | INFO     |     损失(ce): 0.281684
2025-07-22 15:39:03 | INFO     |     准确率: 0.847122
2025-07-22 15:39:03 | INFO     |     学习率: 0.00010000
2025-07-22 15:39:03 | INFO     |   验证指标(标准CE):
2025-07-22 15:39:03 | INFO     |     损失: 0.258872
2025-07-22 15:39:03 | INFO     |     准确率: 0.829073
2025-07-22 15:39:03 | INFO     |     F1(macro): 0.846227
2025-07-22 15:39:03 | INFO     |     F1(weighted): 0.836301
2025-07-22 15:39:03 | INFO     |     精确率: 0.871892
2025-07-22 15:39:03 | INFO     |     召回率: 0.841520
2025-07-22 15:39:03 | INFO     |   学习率调度器: f1_based
2025-07-22 15:39:03 | INFO     | ------------------------------------------------------------
2025-07-22 15:39:03 | INFO     | Epoch   6 | Train: Loss=0.2817, Acc=0.8471 | Val: Loss=0.2589, Acc=0.8291, F1=0.8363 | LR=0.000100 🏆 [最佳模型]
2025-07-22 15:40:10 | INFO     | Epoch 7:
2025-07-22 15:40:10 | INFO     |   训练指标:
2025-07-22 15:40:10 | INFO     |     损失(ce): 0.276244
2025-07-22 15:40:10 | INFO     |     准确率: 0.846323
2025-07-22 15:40:10 | INFO     |     学习率: 0.00010000
2025-07-22 15:40:10 | INFO     |   验证指标(标准CE):
2025-07-22 15:40:10 | INFO     |     损失: 0.288452
2025-07-22 15:40:10 | INFO     |     准确率: 0.829073
2025-07-22 15:40:10 | INFO     |     F1(macro): 0.818167
2025-07-22 15:40:10 | INFO     |     F1(weighted): 0.802371
2025-07-22 15:40:10 | INFO     |     精确率: 0.825897
2025-07-22 15:40:10 | INFO     |     召回率: 0.848011
2025-07-22 15:40:10 | INFO     |   学习率调度器: f1_based
2025-07-22 15:40:10 | INFO     | ------------------------------------------------------------
2025-07-22 15:40:10 | INFO     | Epoch   7 | Train: Loss=0.2762, Acc=0.8463 | Val: Loss=0.2885, Acc=0.8291, F1=0.8024 | LR=0.000100 
2025-07-22 15:41:17 | INFO     | Epoch 8:
2025-07-22 15:41:17 | INFO     |   训练指标:
2025-07-22 15:41:17 | INFO     |     损失(ce): 0.280776
2025-07-22 15:41:17 | INFO     |     准确率: 0.840927
2025-07-22 15:41:17 | INFO     |     学习率: 0.00010000
2025-07-22 15:41:17 | INFO     |   验证指标(标准CE):
2025-07-22 15:41:17 | INFO     |     损失: 0.266119
2025-07-22 15:41:17 | INFO     |     准确率: 0.834665
2025-07-22 15:41:17 | INFO     |     F1(macro): 0.851588
2025-07-22 15:41:17 | INFO     |     F1(weighted): 0.840620
2025-07-22 15:41:17 | INFO     |     精确率: 0.877533
2025-07-22 15:41:17 | INFO     |     召回率: 0.846871
2025-07-22 15:41:17 | INFO     |   学习率调度器: f1_based
2025-07-22 15:41:17 | INFO     | ------------------------------------------------------------
2025-07-22 15:41:17 | INFO     | Epoch   8 | Train: Loss=0.2808, Acc=0.8409 | Val: Loss=0.2661, Acc=0.8347, F1=0.8406 | LR=0.000100 🏆 [最佳模型]
2025-07-22 15:42:24 | INFO     | Epoch 9:
2025-07-22 15:42:24 | INFO     |   训练指标:
2025-07-22 15:42:24 | INFO     |     损失(ce): 0.272283
2025-07-22 15:42:24 | INFO     |     准确率: 0.843125
2025-07-22 15:42:24 | INFO     |     学习率: 0.00010000
2025-07-22 15:42:24 | INFO     |   验证指标(标准CE):
2025-07-22 15:42:24 | INFO     |     损失: 0.287008
2025-07-22 15:42:24 | INFO     |     准确率: 0.829872
2025-07-22 15:42:24 | INFO     |     F1(macro): 0.844254
2025-07-22 15:42:24 | INFO     |     F1(weighted): 0.835668
2025-07-22 15:42:24 | INFO     |     精确率: 0.858339
2025-07-22 15:42:24 | INFO     |     召回率: 0.840129
2025-07-22 15:42:24 | INFO     |   学习率调度器: f1_based
2025-07-22 15:42:24 | INFO     | ------------------------------------------------------------
2025-07-22 15:42:24 | INFO     | Epoch   9 | Train: Loss=0.2723, Acc=0.8431 | Val: Loss=0.2870, Acc=0.8299, F1=0.8357 | LR=0.000100 
2025-07-22 15:43:31 | INFO     | Epoch 10:
2025-07-22 15:43:31 | INFO     |   训练指标:
2025-07-22 15:43:31 | INFO     |     损失(ce): 0.265076
2025-07-22 15:43:31 | INFO     |     准确率: 0.850120
2025-07-22 15:43:31 | INFO     |     学习率: 0.00010000
2025-07-22 15:43:31 | INFO     |   验证指标(标准CE):
2025-07-22 15:43:31 | INFO     |     损失: 0.357489
2025-07-22 15:43:31 | INFO     |     准确率: 0.825879
2025-07-22 15:43:31 | INFO     |     F1(macro): 0.840849
2025-07-22 15:43:31 | INFO     |     F1(weighted): 0.831858
2025-07-22 15:43:31 | INFO     |     精确率: 0.863309
2025-07-22 15:43:31 | INFO     |     召回率: 0.836152
2025-07-22 15:43:31 | INFO     |   学习率调度器: f1_based
2025-07-22 15:43:31 | INFO     | ------------------------------------------------------------
2025-07-22 15:43:31 | INFO     | Epoch  10 | Train: Loss=0.2651, Acc=0.8501 | Val: Loss=0.3575, Acc=0.8259, F1=0.8319 | LR=0.000100 
2025-07-22 15:44:38 | INFO     | Epoch 11:
2025-07-22 15:44:38 | INFO     |   训练指标:
2025-07-22 15:44:38 | INFO     |     损失(ce): 0.267841
2025-07-22 15:44:38 | INFO     |     准确率: 0.852918
2025-07-22 15:44:38 | INFO     |     学习率: 0.00010000
2025-07-22 15:44:38 | INFO     |   验证指标(标准CE):
2025-07-22 15:44:38 | INFO     |     损失: 0.251755
2025-07-22 15:44:38 | INFO     |     准确率: 0.833866
2025-07-22 15:44:38 | INFO     |     F1(macro): 0.822937
2025-07-22 15:44:38 | INFO     |     F1(weighted): 0.807423
2025-07-22 15:44:38 | INFO     |     精确率: 0.836778
2025-07-22 15:44:38 | INFO     |     召回率: 0.852857
2025-07-22 15:44:38 | INFO     |   学习率调度器: f1_based
2025-07-22 15:44:38 | INFO     | ------------------------------------------------------------
2025-07-22 15:44:38 | INFO     | Epoch  11 | Train: Loss=0.2678, Acc=0.8529 | Val: Loss=0.2518, Acc=0.8339, F1=0.8074 | LR=0.000100 
2025-07-22 15:45:45 | INFO     | Epoch 12:
2025-07-22 15:45:45 | INFO     |   训练指标:
2025-07-22 15:45:45 | INFO     |     损失(ce): 0.256249
2025-07-22 15:45:45 | INFO     |     准确率: 0.852518
2025-07-22 15:45:45 | INFO     |     学习率: 0.00010000
2025-07-22 15:45:45 | INFO     |   验证指标(标准CE):
2025-07-22 15:45:45 | INFO     |     损失: 0.260979
2025-07-22 15:45:45 | INFO     |     准确率: 0.851438
2025-07-22 15:45:45 | INFO     |     F1(macro): 0.827947
2025-07-22 15:45:45 | INFO     |     F1(weighted): 0.812750
2025-07-22 15:45:45 | INFO     |     精确率: 0.806039
2025-07-22 15:45:45 | INFO     |     召回率: 0.863636
2025-07-22 15:45:45 | INFO     |   学习率调度器: f1_based
2025-07-22 15:45:45 | INFO     | ------------------------------------------------------------
2025-07-22 15:45:45 | INFO     | Epoch  12 | Train: Loss=0.2562, Acc=0.8525 | Val: Loss=0.2610, Acc=0.8514, F1=0.8127 | LR=0.000100 
2025-07-22 15:46:52 | INFO     | Epoch 13:
2025-07-22 15:46:52 | INFO     |   训练指标:
2025-07-22 15:46:52 | INFO     |     损失(ce): 0.244217
2025-07-22 15:46:52 | INFO     |     准确率: 0.852918
2025-07-22 15:46:52 | INFO     |     学习率: 0.00010000
2025-07-22 15:46:52 | INFO     |   验证指标(标准CE):
2025-07-22 15:46:52 | INFO     |     损失: 0.237921
2025-07-22 15:46:52 | INFO     |     准确率: 0.856230
2025-07-22 15:46:52 | INFO     |     F1(macro): 0.829738
2025-07-22 15:46:52 | INFO     |     F1(weighted): 0.823819
2025-07-22 15:46:52 | INFO     |     精确率: 0.859447
2025-07-22 15:46:52 | INFO     |     召回率: 0.858553
2025-07-22 15:46:52 | INFO     |   学习率调度器: f1_based
2025-07-22 15:46:52 | INFO     | ------------------------------------------------------------
2025-07-22 15:46:52 | INFO     | Epoch  13 | Train: Loss=0.2442, Acc=0.8529 | Val: Loss=0.2379, Acc=0.8562, F1=0.8238 | LR=0.000100 
2025-07-22 15:47:59 | INFO     | Epoch 14:
2025-07-22 15:47:59 | INFO     |   训练指标:
2025-07-22 15:47:59 | INFO     |     损失(ce): 0.244396
2025-07-22 15:47:59 | INFO     |     准确率: 0.854516
2025-07-22 15:47:59 | INFO     |     学习率: 0.00010000
2025-07-22 15:47:59 | INFO     |   验证指标(标准CE):
2025-07-22 15:47:59 | INFO     |     损失: 0.245897
2025-07-22 15:47:59 | INFO     |     准确率: 0.851438
2025-07-22 15:47:59 | INFO     |     F1(macro): 0.830302
2025-07-22 15:47:59 | INFO     |     F1(weighted): 0.824783
2025-07-22 15:47:59 | INFO     |     精确率: 0.841953
2025-07-22 15:47:59 | INFO     |     召回率: 0.853581
2025-07-22 15:47:59 | INFO     |   学习率调度器: f1_based
2025-07-22 15:47:59 | INFO     | ------------------------------------------------------------
2025-07-22 15:47:59 | INFO     | 🎯 学习率调整事件:
2025-07-22 15:47:59 | INFO     |   调度器类型: f1_based
2025-07-22 15:47:59 | INFO     |   学习率变化: 0.00010000 → 0.00005000
2025-07-22 15:47:59 | INFO     |   触发条件: F1分数 = 0.824783
2025-07-22 15:47:59 | INFO     |   变化幅度: -50.00%
2025-07-22 15:47:59 | INFO     | ------------------------------------------------------------
2025-07-22 15:47:59 | INFO     | Epoch  14 | Train: Loss=0.2444, Acc=0.8545 | Val: Loss=0.2459, Acc=0.8514, F1=0.8248 | LR=0.000050 
2025-07-22 15:49:06 | INFO     | Epoch 15:
2025-07-22 15:49:06 | INFO     |   训练指标:
2025-07-22 15:49:06 | INFO     |     损失(ce): 0.229830
2025-07-22 15:49:06 | INFO     |     准确率: 0.859313
2025-07-22 15:49:06 | INFO     |     学习率: 0.00005000
2025-07-22 15:49:06 | INFO     |   验证指标(标准CE):
2025-07-22 15:49:06 | INFO     |     损失: 0.263759
2025-07-22 15:49:06 | INFO     |     准确率: 0.851438
2025-07-22 15:49:06 | INFO     |     F1(macro): 0.843862
2025-07-22 15:49:06 | INFO     |     F1(weighted): 0.832079
2025-07-22 15:49:06 | INFO     |     精确率: 0.853329
2025-07-22 15:49:06 | INFO     |     召回率: 0.861508
2025-07-22 15:49:06 | INFO     |   学习率调度器: f1_based
2025-07-22 15:49:06 | INFO     | ------------------------------------------------------------
2025-07-22 15:49:06 | INFO     | Epoch  15 | Train: Loss=0.2298, Acc=0.8593 | Val: Loss=0.2638, Acc=0.8514, F1=0.8321 | LR=0.000050 
2025-07-22 15:50:13 | INFO     | Epoch 16:
2025-07-22 15:50:13 | INFO     |   训练指标:
2025-07-22 15:50:13 | INFO     |     损失(ce): 0.232321
2025-07-22 15:50:13 | INFO     |     准确率: 0.848921
2025-07-22 15:50:13 | INFO     |     学习率: 0.00005000
2025-07-22 15:50:13 | INFO     |   验证指标(标准CE):
2025-07-22 15:50:13 | INFO     |     损失: 0.238367
2025-07-22 15:50:13 | INFO     |     准确率: 0.851438
2025-07-22 15:50:13 | INFO     |     F1(macro): 0.828103
2025-07-22 15:50:13 | INFO     |     F1(weighted): 0.813044
2025-07-22 15:50:13 | INFO     |     精确率: 0.805976
2025-07-22 15:50:13 | INFO     |     召回率: 0.863636
2025-07-22 15:50:13 | INFO     |   学习率调度器: f1_based
2025-07-22 15:50:13 | INFO     | ------------------------------------------------------------
2025-07-22 15:50:13 | INFO     | Epoch  16 | Train: Loss=0.2323, Acc=0.8489 | Val: Loss=0.2384, Acc=0.8514, F1=0.8130 | LR=0.000050 
2025-07-22 15:51:20 | INFO     | Epoch 17:
2025-07-22 15:51:20 | INFO     |   训练指标:
2025-07-22 15:51:20 | INFO     |     损失(ce): 0.229351
2025-07-22 15:51:20 | INFO     |     准确率: 0.862510
2025-07-22 15:51:20 | INFO     |     学习率: 0.00005000
2025-07-22 15:51:20 | INFO     |   验证指标(标准CE):
2025-07-22 15:51:20 | INFO     |     损失: 0.235973
2025-07-22 15:51:20 | INFO     |     准确率: 0.853834
2025-07-22 15:51:20 | INFO     |     F1(macro): 0.832269
2025-07-22 15:51:20 | INFO     |     F1(weighted): 0.826991
2025-07-22 15:51:20 | INFO     |     精确率: 0.841320
2025-07-22 15:51:20 | INFO     |     召回率: 0.855724
2025-07-22 15:51:20 | INFO     |   学习率调度器: f1_based
2025-07-22 15:51:20 | INFO     | ------------------------------------------------------------
2025-07-22 15:51:20 | INFO     | Epoch  17 | Train: Loss=0.2294, Acc=0.8625 | Val: Loss=0.2360, Acc=0.8538, F1=0.8270 | LR=0.000050 
2025-07-22 15:52:27 | INFO     | Epoch 18:
2025-07-22 15:52:27 | INFO     |   训练指标:
2025-07-22 15:52:27 | INFO     |     损失(ce): 0.224718
2025-07-22 15:52:27 | INFO     |     准确率: 0.859512
2025-07-22 15:52:27 | INFO     |     学习率: 0.00005000
2025-07-22 15:52:27 | INFO     |   验证指标(标准CE):
2025-07-22 15:52:27 | INFO     |     损失: 0.252902
2025-07-22 15:52:27 | INFO     |     准确率: 0.850639
2025-07-22 15:52:27 | INFO     |     F1(macro): 0.827733
2025-07-22 15:52:27 | INFO     |     F1(weighted): 0.812622
2025-07-22 15:52:27 | INFO     |     精确率: 0.805356
2025-07-22 15:52:27 | INFO     |     召回率: 0.863146
2025-07-22 15:52:27 | INFO     |   学习率调度器: f1_based
2025-07-22 15:52:27 | INFO     | ------------------------------------------------------------
2025-07-22 15:52:27 | INFO     | Epoch  18 | Train: Loss=0.2247, Acc=0.8595 | Val: Loss=0.2529, Acc=0.8506, F1=0.8126 | LR=0.000050 
2025-07-22 15:53:34 | INFO     | Epoch 19:
2025-07-22 15:53:34 | INFO     |   训练指标:
2025-07-22 15:53:34 | INFO     |     损失(ce): 0.227578
2025-07-22 15:53:34 | INFO     |     准确率: 0.862710
2025-07-22 15:53:34 | INFO     |     学习率: 0.00005000
2025-07-22 15:53:34 | INFO     |   验证指标(标准CE):
2025-07-22 15:53:34 | INFO     |     损失: 0.238162
2025-07-22 15:53:34 | INFO     |     准确率: 0.852236
2025-07-22 15:53:34 | INFO     |     F1(macro): 0.838924
2025-07-22 15:53:34 | INFO     |     F1(weighted): 0.831502
2025-07-22 15:53:34 | INFO     |     精确率: 0.849959
2025-07-22 15:53:34 | INFO     |     召回率: 0.856631
2025-07-22 15:53:34 | INFO     |   学习率调度器: f1_based
2025-07-22 15:53:34 | INFO     | ------------------------------------------------------------
2025-07-22 15:53:34 | INFO     | Epoch  19 | Train: Loss=0.2276, Acc=0.8627 | Val: Loss=0.2382, Acc=0.8522, F1=0.8315 | LR=0.000050 
2025-07-22 15:54:41 | INFO     | Epoch 20:
2025-07-22 15:54:41 | INFO     |   训练指标:
2025-07-22 15:54:41 | INFO     |     损失(ce): 0.224859
2025-07-22 15:54:41 | INFO     |     准确率: 0.856115
2025-07-22 15:54:41 | INFO     |     学习率: 0.00005000
2025-07-22 15:54:41 | INFO     |   验证指标(标准CE):
2025-07-22 15:54:41 | INFO     |     损失: 0.243358
2025-07-22 15:54:41 | INFO     |     准确率: 0.843450
2025-07-22 15:54:41 | INFO     |     F1(macro): 0.860211
2025-07-22 15:54:41 | INFO     |     F1(weighted): 0.850214
2025-07-22 15:54:41 | INFO     |     精确率: 0.878511
2025-07-22 15:54:41 | INFO     |     召回率: 0.854780
2025-07-22 15:54:41 | INFO     |   学习率调度器: f1_based
2025-07-22 15:54:41 | INFO     | ------------------------------------------------------------
2025-07-22 15:54:41 | INFO     | Epoch  20 | Train: Loss=0.2249, Acc=0.8561 | Val: Loss=0.2434, Acc=0.8435, F1=0.8502 | LR=0.000050 🏆 [最佳模型]
2025-07-22 15:55:48 | INFO     | Epoch 21:
2025-07-22 15:55:48 | INFO     |   训练指标:
2025-07-22 15:55:48 | INFO     |     损失(ce): 0.226892
2025-07-22 15:55:48 | INFO     |     准确率: 0.848122
2025-07-22 15:55:48 | INFO     |     学习率: 0.00005000
2025-07-22 15:55:48 | INFO     |   验证指标(标准CE):
2025-07-22 15:55:48 | INFO     |     损失: 0.236994
2025-07-22 15:55:48 | INFO     |     准确率: 0.853035
2025-07-22 15:55:48 | INFO     |     F1(macro): 0.830409
2025-07-22 15:55:48 | INFO     |     F1(weighted): 0.824099
2025-07-22 15:55:48 | INFO     |     精确率: 0.833964
2025-07-22 15:55:48 | INFO     |     召回率: 0.855980
2025-07-22 15:55:48 | INFO     |   学习率调度器: f1_based
2025-07-22 15:55:48 | INFO     | ------------------------------------------------------------
2025-07-22 15:55:48 | INFO     | Epoch  21 | Train: Loss=0.2269, Acc=0.8481 | Val: Loss=0.2370, Acc=0.8530, F1=0.8241 | LR=0.000050 
2025-07-22 15:56:55 | INFO     | Epoch 22:
2025-07-22 15:56:55 | INFO     |   训练指标:
2025-07-22 15:56:55 | INFO     |     损失(ce): 0.227019
2025-07-22 15:56:55 | INFO     |     准确率: 0.860711
2025-07-22 15:56:55 | INFO     |     学习率: 0.00005000
2025-07-22 15:56:55 | INFO     |   验证指标(标准CE):
2025-07-22 15:56:55 | INFO     |     损失: 0.245558
2025-07-22 15:56:55 | INFO     |     准确率: 0.838658
2025-07-22 15:56:55 | INFO     |     F1(macro): 0.854143
2025-07-22 15:56:55 | INFO     |     F1(weighted): 0.846884
2025-07-22 15:56:55 | INFO     |     精确率: 0.876829
2025-07-22 15:56:55 | INFO     |     召回率: 0.847437
2025-07-22 15:56:55 | INFO     |   学习率调度器: f1_based
2025-07-22 15:56:55 | INFO     | ------------------------------------------------------------
2025-07-22 15:56:55 | INFO     | Epoch  22 | Train: Loss=0.2270, Acc=0.8607 | Val: Loss=0.2456, Acc=0.8387, F1=0.8469 | LR=0.000050 
2025-07-22 15:58:02 | INFO     | Epoch 23:
2025-07-22 15:58:02 | INFO     |   训练指标:
2025-07-22 15:58:02 | INFO     |     损失(ce): 0.226132
2025-07-22 15:58:02 | INFO     |     准确率: 0.856515
2025-07-22 15:58:02 | INFO     |     学习率: 0.00005000
2025-07-22 15:58:02 | INFO     |   验证指标(标准CE):
2025-07-22 15:58:02 | INFO     |     损失: 0.248817
2025-07-22 15:58:02 | INFO     |     准确率: 0.855431
2025-07-22 15:58:02 | INFO     |     F1(macro): 0.828353
2025-07-22 15:58:02 | INFO     |     F1(weighted): 0.822556
2025-07-22 15:58:02 | INFO     |     精确率: 0.809189
2025-07-22 15:58:02 | INFO     |     召回率: 0.857625
2025-07-22 15:58:02 | INFO     |   学习率调度器: f1_based
2025-07-22 15:58:02 | INFO     | ------------------------------------------------------------
2025-07-22 15:58:02 | INFO     | Epoch  23 | Train: Loss=0.2261, Acc=0.8565 | Val: Loss=0.2488, Acc=0.8554, F1=0.8226 | LR=0.000050 
2025-07-22 15:59:09 | INFO     | Epoch 24:
2025-07-22 15:59:09 | INFO     |   训练指标:
2025-07-22 15:59:09 | INFO     |     损失(ce): 0.225539
2025-07-22 15:59:09 | INFO     |     准确率: 0.858913
2025-07-22 15:59:09 | INFO     |     学习率: 0.00005000
2025-07-22 15:59:09 | INFO     |   验证指标(标准CE):
2025-07-22 15:59:09 | INFO     |     损失: 0.242685
2025-07-22 15:59:09 | INFO     |     准确率: 0.859425
2025-07-22 15:59:09 | INFO     |     F1(macro): 0.836138
2025-07-22 15:59:09 | INFO     |     F1(weighted): 0.831330
2025-07-22 15:59:09 | INFO     |     精确率: 0.831589
2025-07-22 15:59:09 | INFO     |     召回率: 0.860785
2025-07-22 15:59:09 | INFO     |   学习率调度器: f1_based
2025-07-22 15:59:09 | INFO     | ------------------------------------------------------------
2025-07-22 15:59:09 | INFO     | Epoch  24 | Train: Loss=0.2255, Acc=0.8589 | Val: Loss=0.2427, Acc=0.8594, F1=0.8313 | LR=0.000050 
2025-07-22 16:00:16 | INFO     | Epoch 25:
2025-07-22 16:00:16 | INFO     |   训练指标:
2025-07-22 16:00:16 | INFO     |     损失(ce): 0.229466
2025-07-22 16:00:16 | INFO     |     准确率: 0.858913
2025-07-22 16:00:16 | INFO     |     学习率: 0.00005000
2025-07-22 16:00:16 | INFO     |   验证指标(标准CE):
2025-07-22 16:00:16 | INFO     |     损失: 0.246092
2025-07-22 16:00:16 | INFO     |     准确率: 0.853834
2025-07-22 16:00:16 | INFO     |     F1(macro): 0.826751
2025-07-22 16:00:16 | INFO     |     F1(weighted): 0.820713
2025-07-22 16:00:16 | INFO     |     精确率: 0.808109
2025-07-22 16:00:16 | INFO     |     召回率: 0.856308
2025-07-22 16:00:16 | INFO     |   学习率调度器: f1_based
2025-07-22 16:00:16 | INFO     | ------------------------------------------------------------
2025-07-22 16:00:16 | INFO     | Epoch  25 | Train: Loss=0.2295, Acc=0.8589 | Val: Loss=0.2461, Acc=0.8538, F1=0.8207 | LR=0.000050 
2025-07-22 16:01:23 | INFO     | Epoch 26:
2025-07-22 16:01:23 | INFO     |   训练指标:
2025-07-22 16:01:23 | INFO     |     损失(ce): 0.223733
2025-07-22 16:01:23 | INFO     |     准确率: 0.860711
2025-07-22 16:01:23 | INFO     |     学习率: 0.00005000
2025-07-22 16:01:23 | INFO     |   验证指标(标准CE):
2025-07-22 16:01:23 | INFO     |     损失: 0.233131
2025-07-22 16:01:23 | INFO     |     准确率: 0.857827
2025-07-22 16:01:23 | INFO     |     F1(macro): 0.833940
2025-07-22 16:01:23 | INFO     |     F1(weighted): 0.828857
2025-07-22 16:01:23 | INFO     |     精确率: 0.821484
2025-07-22 16:01:23 | INFO     |     召回率: 0.859457
2025-07-22 16:01:23 | INFO     |   学习率调度器: f1_based
2025-07-22 16:01:23 | INFO     | ------------------------------------------------------------
2025-07-22 16:01:23 | INFO     | 🎯 学习率调整事件:
2025-07-22 16:01:23 | INFO     |   调度器类型: f1_based
2025-07-22 16:01:23 | INFO     |   学习率变化: 0.00005000 → 0.00002500
2025-07-22 16:01:23 | INFO     |   触发条件: F1分数 = 0.828857
2025-07-22 16:01:23 | INFO     |   变化幅度: -50.00%
2025-07-22 16:01:23 | INFO     | ------------------------------------------------------------
2025-07-22 16:01:23 | INFO     | Epoch  26 | Train: Loss=0.2237, Acc=0.8607 | Val: Loss=0.2331, Acc=0.8578, F1=0.8289 | LR=0.000025 
2025-07-22 16:02:30 | INFO     | Epoch 27:
2025-07-22 16:02:30 | INFO     |   训练指标:
2025-07-22 16:02:30 | INFO     |     损失(ce): 0.218045
2025-07-22 16:02:30 | INFO     |     准确率: 0.863110
2025-07-22 16:02:30 | INFO     |     学习率: 0.00002500
2025-07-22 16:02:30 | INFO     |   验证指标(标准CE):
2025-07-22 16:02:30 | INFO     |     损失: 0.237595
2025-07-22 16:02:30 | INFO     |     准确率: 0.837859
2025-07-22 16:02:30 | INFO     |     F1(macro): 0.826574
2025-07-22 16:02:30 | INFO     |     F1(weighted): 0.811430
2025-07-22 16:02:30 | INFO     |     精确率: 0.836033
2025-07-22 16:02:30 | INFO     |     召回率: 0.856316
2025-07-22 16:02:30 | INFO     |   学习率调度器: f1_based
2025-07-22 16:02:30 | INFO     | ------------------------------------------------------------
2025-07-22 16:02:30 | INFO     | Epoch  27 | Train: Loss=0.2180, Acc=0.8631 | Val: Loss=0.2376, Acc=0.8379, F1=0.8114 | LR=0.000025 
2025-07-22 16:03:37 | INFO     | Epoch 28:
2025-07-22 16:03:37 | INFO     |   训练指标:
2025-07-22 16:03:37 | INFO     |     损失(ce): 0.217986
2025-07-22 16:03:37 | INFO     |     准确率: 0.864508
2025-07-22 16:03:37 | INFO     |     学习率: 0.00002500
2025-07-22 16:03:37 | INFO     |   验证指标(标准CE):
2025-07-22 16:03:37 | INFO     |     损失: 0.235527
2025-07-22 16:03:37 | INFO     |     准确率: 0.841054
2025-07-22 16:03:37 | INFO     |     F1(macro): 0.856626
2025-07-22 16:03:37 | INFO     |     F1(weighted): 0.849544
2025-07-22 16:03:37 | INFO     |     精确率: 0.877470
2025-07-22 16:03:37 | INFO     |     召回率: 0.849712
2025-07-22 16:03:37 | INFO     |   学习率调度器: f1_based
2025-07-22 16:03:37 | INFO     | ------------------------------------------------------------
2025-07-22 16:03:37 | INFO     | Epoch  28 | Train: Loss=0.2180, Acc=0.8645 | Val: Loss=0.2355, Acc=0.8411, F1=0.8495 | LR=0.000025 
2025-07-22 16:04:44 | INFO     | Epoch 29:
2025-07-22 16:04:44 | INFO     |   训练指标:
2025-07-22 16:04:44 | INFO     |     损失(ce): 0.217517
2025-07-22 16:04:44 | INFO     |     准确率: 0.865707
2025-07-22 16:04:44 | INFO     |     学习率: 0.00002500
2025-07-22 16:04:44 | INFO     |   验证指标(标准CE):
2025-07-22 16:04:44 | INFO     |     损失: 0.244445
2025-07-22 16:04:44 | INFO     |     准确率: 0.835463
2025-07-22 16:04:44 | INFO     |     F1(macro): 0.824388
2025-07-22 16:04:44 | INFO     |     F1(weighted): 0.809010
2025-07-22 16:04:44 | INFO     |     精确率: 0.837003
2025-07-22 16:04:44 | INFO     |     召回率: 0.854286
2025-07-22 16:04:44 | INFO     |   学习率调度器: f1_based
2025-07-22 16:04:44 | INFO     | ------------------------------------------------------------
2025-07-22 16:04:44 | INFO     | Epoch  29 | Train: Loss=0.2175, Acc=0.8657 | Val: Loss=0.2444, Acc=0.8355, F1=0.8090 | LR=0.000025 
2025-07-22 16:05:50 | INFO     | Epoch 30:
2025-07-22 16:05:50 | INFO     |   训练指标:
2025-07-22 16:05:50 | INFO     |     损失(ce): 0.220235
2025-07-22 16:05:50 | INFO     |     准确率: 0.858114
2025-07-22 16:05:50 | INFO     |     学习率: 0.00002500
2025-07-22 16:05:50 | INFO     |   验证指标(标准CE):
2025-07-22 16:05:50 | INFO     |     损失: 0.234391
2025-07-22 16:05:50 | INFO     |     准确率: 0.855431
2025-07-22 16:05:50 | INFO     |     F1(macro): 0.831770
2025-07-22 16:05:50 | INFO     |     F1(weighted): 0.816877
2025-07-22 16:05:50 | INFO     |     精确率: 0.808520
2025-07-22 16:05:50 | INFO     |     召回率: 0.867993
2025-07-22 16:05:50 | INFO     |   学习率调度器: f1_based
2025-07-22 16:05:50 | INFO     | ------------------------------------------------------------
2025-07-22 16:05:50 | INFO     | Epoch  30 | Train: Loss=0.2202, Acc=0.8581 | Val: Loss=0.2344, Acc=0.8554, F1=0.8169 | LR=0.000025 
2025-07-22 16:06:57 | INFO     | Epoch 31:
2025-07-22 16:06:57 | INFO     |   训练指标:
2025-07-22 16:06:57 | INFO     |     损失(ce): 0.218361
2025-07-22 16:06:57 | INFO     |     准确率: 0.863909
2025-07-22 16:06:57 | INFO     |     学习率: 0.00002500
2025-07-22 16:06:57 | INFO     |   验证指标(标准CE):
2025-07-22 16:06:57 | INFO     |     损失: 0.239275
2025-07-22 16:06:57 | INFO     |     准确率: 0.853834
2025-07-22 16:06:57 | INFO     |     F1(macro): 0.832308
2025-07-22 16:06:57 | INFO     |     F1(weighted): 0.827039
2025-07-22 16:06:57 | INFO     |     精确率: 0.842697
2025-07-22 16:06:57 | INFO     |     召回率: 0.855714
2025-07-22 16:06:57 | INFO     |   学习率调度器: f1_based
2025-07-22 16:06:57 | INFO     | ------------------------------------------------------------
2025-07-22 16:06:57 | INFO     | Epoch  31 | Train: Loss=0.2184, Acc=0.8639 | Val: Loss=0.2393, Acc=0.8538, F1=0.8270 | LR=0.000025 
2025-07-22 16:08:04 | INFO     | Epoch 32:
2025-07-22 16:08:04 | INFO     |   训练指标:
2025-07-22 16:08:04 | INFO     |     损失(ce): 0.218907
2025-07-22 16:08:04 | INFO     |     准确率: 0.868305
2025-07-22 16:08:04 | INFO     |     学习率: 0.00002500
2025-07-22 16:08:04 | INFO     |   验证指标(标准CE):
2025-07-22 16:08:04 | INFO     |     损失: 0.244916
2025-07-22 16:08:04 | INFO     |     准确率: 0.849042
2025-07-22 16:08:04 | INFO     |     F1(macro): 0.831030
2025-07-22 16:08:04 | INFO     |     F1(weighted): 0.816259
2025-07-22 16:08:04 | INFO     |     精确率: 0.812743
2025-07-22 16:08:04 | INFO     |     召回率: 0.864185
2025-07-22 16:08:04 | INFO     |   学习率调度器: f1_based
2025-07-22 16:08:04 | INFO     | ------------------------------------------------------------
2025-07-22 16:08:04 | INFO     | Epoch  32 | Train: Loss=0.2189, Acc=0.8683 | Val: Loss=0.2449, Acc=0.8490, F1=0.8163 | LR=0.000025 
2025-07-22 16:09:11 | INFO     | Epoch 33:
2025-07-22 16:09:11 | INFO     |   训练指标:
2025-07-22 16:09:11 | INFO     |     损失(ce): 0.217366
2025-07-22 16:09:11 | INFO     |     准确率: 0.862510
2025-07-22 16:09:11 | INFO     |     学习率: 0.00002500
2025-07-22 16:09:11 | INFO     |   验证指标(标准CE):
2025-07-22 16:09:11 | INFO     |     损失: 0.242851
2025-07-22 16:09:11 | INFO     |     准确率: 0.837061
2025-07-22 16:09:11 | INFO     |     F1(macro): 0.827748
2025-07-22 16:09:11 | INFO     |     F1(weighted): 0.812943
2025-07-22 16:09:11 | INFO     |     精确率: 0.878222
2025-07-22 16:09:11 | INFO     |     召回率: 0.854909
2025-07-22 16:09:11 | INFO     |   学习率调度器: f1_based
2025-07-22 16:09:11 | INFO     | ------------------------------------------------------------
2025-07-22 16:09:11 | INFO     | Epoch  33 | Train: Loss=0.2174, Acc=0.8625 | Val: Loss=0.2429, Acc=0.8371, F1=0.8129 | LR=0.000025 
2025-07-22 16:10:18 | INFO     | Epoch 34:
2025-07-22 16:10:18 | INFO     |   训练指标:
2025-07-22 16:10:18 | INFO     |     损失(ce): 0.220495
2025-07-22 16:10:18 | INFO     |     准确率: 0.865508
2025-07-22 16:10:18 | INFO     |     学习率: 0.00002500
2025-07-22 16:10:18 | INFO     |   验证指标(标准CE):
2025-07-22 16:10:18 | INFO     |     损失: 0.233813
2025-07-22 16:10:18 | INFO     |     准确率: 0.836262
2025-07-22 16:10:18 | INFO     |     F1(macro): 0.846553
2025-07-22 16:10:18 | INFO     |     F1(weighted): 0.835771
2025-07-22 16:10:18 | INFO     |     精确率: 0.865449
2025-07-22 16:10:18 | INFO     |     召回率: 0.849885
2025-07-22 16:10:18 | INFO     |   学习率调度器: f1_based
2025-07-22 16:10:18 | INFO     | ------------------------------------------------------------
2025-07-22 16:10:18 | INFO     | 🎯 学习率调整事件:
2025-07-22 16:10:18 | INFO     |   调度器类型: f1_based
2025-07-22 16:10:18 | INFO     |   学习率变化: 0.00002500 → 0.00001250
2025-07-22 16:10:18 | INFO     |   触发条件: F1分数 = 0.835771
2025-07-22 16:10:18 | INFO     |   变化幅度: -50.00%
2025-07-22 16:10:18 | INFO     | ------------------------------------------------------------
2025-07-22 16:10:18 | INFO     | Epoch  34 | Train: Loss=0.2205, Acc=0.8655 | Val: Loss=0.2338, Acc=0.8363, F1=0.8358 | LR=0.000013 
2025-07-22 16:11:25 | INFO     | Epoch 35:
2025-07-22 16:11:25 | INFO     |   训练指标:
2025-07-22 16:11:25 | INFO     |     损失(ce): 0.216512
2025-07-22 16:11:25 | INFO     |     准确率: 0.865907
2025-07-22 16:11:25 | INFO     |     学习率: 0.00001250
2025-07-22 16:11:25 | INFO     |   验证指标(标准CE):
2025-07-22 16:11:25 | INFO     |     损失: 0.230569
2025-07-22 16:11:25 | INFO     |     准确率: 0.850639
2025-07-22 16:11:25 | INFO     |     F1(macro): 0.855749
2025-07-22 16:11:25 | INFO     |     F1(weighted): 0.849664
2025-07-22 16:11:25 | INFO     |     精确率: 0.856600
2025-07-22 16:11:25 | INFO     |     召回率: 0.856337
2025-07-22 16:11:25 | INFO     |   学习率调度器: f1_based
2025-07-22 16:11:25 | INFO     | ------------------------------------------------------------
2025-07-22 16:11:25 | INFO     | Epoch  35 | Train: Loss=0.2165, Acc=0.8659 | Val: Loss=0.2306, Acc=0.8506, F1=0.8497 | LR=0.000013 
2025-07-22 16:11:25 | INFO     | ⏹️ 早停触发，在第 35 轮停止训练
2025-07-22 16:11:30 | INFO     | 训练历史已保存到: ./result/0722_1532_DualGAF_DualGAFNet_dilated_enhanced_sl96_step96_fd128_extractor-dilated_gaf-adaptive_attention-channel_classifier-mlp_stat-basic_fusion-concat/training_history.csv
2025-07-22 16:11:30 | INFO     | 
====================================================================================================
2025-07-22 16:11:30 | INFO     | 🎉 训练完成总结:
2025-07-22 16:11:30 | INFO     |   训练损失函数: ce
2025-07-22 16:11:30 | INFO     |   验证损失函数: 标准交叉熵（遵循主流ML规范）
2025-07-22 16:11:30 | INFO     |   训练过程最佳验证准确率: 0.8594
2025-07-22 16:11:30 | INFO     |   训练过程最佳验证F1(macro): 0.8602
2025-07-22 16:11:30 | INFO     |   训练过程最佳验证F1(weighted): 0.8502
2025-07-22 16:11:30 | INFO     |   训练轮数: 35
2025-07-22 16:11:30 | INFO     | --------------------------------------------------
2025-07-22 16:11:30 | INFO     | 📊 最佳模型真实性能指标（基于标准交叉熵损失）:
2025-07-22 16:11:30 | INFO     |   验证损失(标准CE): 0.2434
2025-07-22 16:11:30 | INFO     |   验证准确率: 0.8435
2025-07-22 16:11:30 | INFO     |   验证F1(macro): 0.8602
2025-07-22 16:11:30 | INFO     |   验证F1(weighted): 0.8502
2025-07-22 16:11:30 | INFO     |   验证精确率: 0.8785
2025-07-22 16:11:30 | INFO     |   验证召回率: 0.8548
2025-07-22 16:11:30 | INFO     | ====================================================================================================
2025-07-22 16:11:32 | INFO     | ================================================================================
2025-07-22 16:11:32 | INFO     | 实验日志结束: DualGAF_DualGAFNet_dilated_enhanced_sl96_step96_fd128_extractor-dilated_gaf-adaptive_attention-channel_classifier-mlp_stat-basic_fusion-concat
2025-07-22 16:11:32 | INFO     | 结束时间: 2025-07-22 16:11:32
2025-07-22 16:11:32 | INFO     | ================================================================================
