2025-07-23 09:19:00 | INFO     | ================================================================================
2025-07-23 09:19:00 | INFO     | 实验日志开始: DualGAF_DDAHU_DualGAFNet_静态融合缩放+残差分类器_sl96_step96_fd128_extractor-dilated_gaf-adaptive_attention-channel_classifier-residual_bottleneck_stat-basic_fusion-concat
2025-07-23 09:19:00 | INFO     | 日志文件: ./result/0723_0919_DualGAF_DDAHU_DualGAFNet_静态融合缩放+残差分类器_sl96_step96_fd128_extractor-dilated_gaf-adaptive_attention-channel_classifier-residual_bottleneck_stat-basic_fusion-concat/training.log
2025-07-23 09:19:00 | INFO     | 开始时间: 2025-07-23 09:19:00
2025-07-23 09:19:00 | INFO     | ================================================================================
2025-07-23 09:19:00 | INFO     | ⚙️ 实验配置:
2025-07-23 09:19:00 | INFO     |    task_name: classification
2025-07-23 09:19:00 | INFO     |    is_training: 1
2025-07-23 09:19:00 | INFO     |    model_id: test
2025-07-23 09:19:00 | INFO     |    model: DualGAFNet
2025-07-23 09:19:00 | INFO     |    data: DualGAF_DDAHU
2025-07-23 09:19:00 | INFO     |    root_path: ./dataset/DDAHU/direct_5_working
2025-07-23 09:19:00 | INFO     |    step: 96
2025-07-23 09:19:00 | INFO     |    checkpoints: ./checkpoints/
2025-07-23 09:19:00 | INFO     |    num_class: 29
2025-07-23 09:19:00 | INFO     |    result_path: ./result/
2025-07-23 09:19:00 | INFO     |    test_size: 0.2
2025-07-23 09:19:00 | INFO     |    rows: None
2025-07-23 09:19:00 | INFO     |    seq_len: 96
2025-07-23 09:19:00 | INFO     |    enc_in: 97
2025-07-23 09:19:00 | INFO     |    d_model: 512
2025-07-23 09:19:00 | INFO     |    n_heads: 8
2025-07-23 09:19:00 | INFO     |    e_layers: 2
2025-07-23 09:19:00 | INFO     |    d_layers: 1
2025-07-23 09:19:00 | INFO     |    d_ff: 2048
2025-07-23 09:19:00 | INFO     |    moving_avg: 25
2025-07-23 09:19:00 | INFO     |    factor: 1
2025-07-23 09:19:00 | INFO     |    distil: True
2025-07-23 09:19:00 | INFO     |    dropout: 0.1
2025-07-23 09:19:00 | INFO     |    embed: timeF
2025-07-23 09:19:00 | INFO     |    activation: gelu
2025-07-23 09:19:00 | INFO     |    use_norm: 1
2025-07-23 09:19:00 | INFO     |    gaf_method: summation
2025-07-23 09:19:00 | INFO     |    feature_dim: 128
2025-07-23 09:19:00 | INFO     |    data_type_method: uint8
2025-07-23 09:19:00 | INFO     |    use_attention: True
2025-07-23 09:19:00 | INFO     |    hidden_dim: 64
2025-07-23 09:19:00 | INFO     |    sample_size: 1000
2025-07-23 09:19:00 | INFO     |    channel_groups: None
2025-07-23 09:19:00 | INFO     |    hvac_groups: None
2025-07-23 09:19:00 | INFO     |    extractor_type: dilated
2025-07-23 09:19:00 | INFO     |    fusion_type: adaptive
2025-07-23 09:19:00 | INFO     |    attention_type: channel
2025-07-23 09:19:00 | INFO     |    classifier_type: residual_bottleneck
2025-07-23 09:19:00 | INFO     |    use_statistical_features: True
2025-07-23 09:19:00 | INFO     |    stat_type: basic
2025-07-23 09:19:00 | INFO     |    multimodal_fusion_strategy: concat
2025-07-23 09:19:00 | INFO     |    use_signal_level_stats: False
2025-07-23 09:19:00 | INFO     |    signal_stat_type: comprehensive
2025-07-23 09:19:00 | INFO     |    signal_stat_fusion_strategy: concat_project
2025-07-23 09:19:00 | INFO     |    signal_stat_feature_dim: 32
2025-07-23 09:19:00 | INFO     |    use_diff_branch: True
2025-07-23 09:19:00 | INFO     |    ablation_mode: none
2025-07-23 09:19:00 | INFO     |    backbone_type: resnet18
2025-07-23 09:19:00 | INFO     |    use_sum_branch: True
2025-07-23 09:19:00 | INFO     |    num_workers: 0
2025-07-23 09:19:00 | INFO     |    cuda_debug: False
2025-07-23 09:19:00 | INFO     |    gpu_memory_fraction: 0.9
2025-07-23 09:19:00 | INFO     |    safe_mode: True
2025-07-23 09:19:00 | INFO     |    drop_last_batch: True
2025-07-23 09:19:00 | INFO     |    itr: 1
2025-07-23 09:19:00 | INFO     |    train_epochs: 300
2025-07-23 09:19:00 | INFO     |    batch_size: 4
2025-07-23 09:19:00 | INFO     |    patience: 15
2025-07-23 09:19:00 | INFO     |    learning_rate: 0.0001
2025-07-23 09:19:00 | INFO     |    des: 静态融合缩放+残差分类器
2025-07-23 09:19:00 | INFO     |    loss: MSE
2025-07-23 09:19:00 | INFO     |    lradj: type1
2025-07-23 09:19:00 | INFO     |    lr_scheduler_type: f1_based
2025-07-23 09:19:00 | INFO     |    lr_loss_weight: 0.3
2025-07-23 09:19:00 | INFO     |    lr_f1_weight: 0.7
2025-07-23 09:19:00 | INFO     |    use_amp: False
2025-07-23 09:19:00 | INFO     |    gradient_accumulation_steps: 2
2025-07-23 09:19:00 | INFO     |    enable_auto_gradient_accumulation: True
2025-07-23 09:19:00 | INFO     |    loss_type: ce
2025-07-23 09:19:00 | INFO     |    label_smoothing: 0.1
2025-07-23 09:19:00 | INFO     |    focal_alpha: 1.0
2025-07-23 09:19:00 | INFO     |    focal_gamma: 2.0
2025-07-23 09:19:00 | INFO     |    confidence_penalty_beta: 0.1
2025-07-23 09:19:00 | INFO     |    use_timm_loss: True
2025-07-23 09:19:00 | INFO     |    adaptive_initial_smoothing: 0.2
2025-07-23 09:19:00 | INFO     |    adaptive_final_smoothing: 0.05
2025-07-23 09:19:00 | INFO     |    adaptive_decay_epochs: 30
2025-07-23 09:19:00 | INFO     |    enable_class_weights: False
2025-07-23 09:19:00 | INFO     |    class_weights: None
2025-07-23 09:19:00 | INFO     |    loss_preset: None
2025-07-23 09:19:00 | INFO     |    n_jobs: 1
2025-07-23 09:19:00 | INFO     |    use_multiprocessing: False
2025-07-23 09:19:00 | INFO     |    chunk_size: 800
2025-07-23 09:19:00 | INFO     |    disable_parallel: True
2025-07-23 09:19:00 | INFO     |    use_shared_memory: False
2025-07-23 09:19:00 | INFO     |    disable_shared_memory: False
2025-07-23 09:19:00 | INFO     |    use_gpu: True
2025-07-23 09:19:00 | INFO     |    gpu: 0
2025-07-23 09:19:00 | INFO     |    gpu_type: cuda
2025-07-23 09:19:00 | INFO     |    use_multi_gpu: False
2025-07-23 09:19:00 | INFO     |    devices: 0,1,2,3
2025-07-23 09:19:00 | INFO     |    device: cuda:0
2025-07-23 09:19:00 | INFO     |    feature_columns: ['CHWP_GPMC', 'CHWC_VLV_DM', 'CHWC_VLV', 'CHWC_MWT', 'CHWC_LWT', 'VAVCFM_H_DM_SB', 'CHWC_EAH', 'VAV_DAT_SA', 'CHWC_DAT', 'VAV_SP_C_SA', 'HWP_GPMT', 'VAVCFM_C_DM_SB', 'RM_TEMP_W', 'HWP_GPMC', 'VAVCFM_T_SB', 'VAV_DMPR_H_SB', 'HWC_VLV_DM', 'VAVCFM_H_SB', 'HWC_VLV', 'VAV_DMPR_H_E', 'HWC_LWT', 'HWC_MWT', 'VAV_DMPR_C_SB', 'HWC_DAT', 'RM_TEMP_SB', 'CSF_WAT', 'CSF_SPD', 'CSF_DP', 'CSA_TEMP', 'CSA_CFM', 'VAV_EAT_C_SB', 'CSA_HUMD', 'CSA_SP', 'VAVCFM_C_SB', 'VAVCFM_H_W', 'HSF_SPD', 'VAV_EAT_H_SB', 'VAV_DAT_SB', 'RM_TEMP_SA', 'HSF_DP', 'HSA_TEMP', 'VAVCFM_C_DM_W', 'VAVCFM_C_W', 'VAV_DAT_W', 'HSA_SP', 'HSA_CFM', 'VAV_DMPR_H_W', 'HSF_WAT', 'VAVCFM_T_W', 'EA_DMPR_DM', 'RF_WAT', 'VAV_SP_C_W', 'VAV_SP_H_E', 'EA_DMPR', 'VAV_SP_H_SB', 'RF_SPD', 'RA_TEMP', 'RA_HUMD', 'VAV_SP_H_SA', 'VAV_EAT_H_W', 'RF_DP', 'VAV_DMPR_C_SA', 'VAV_SP_C_SB', 'RA_DMPR_DM', 'VAV_DMPR_H_SA', 'VAV_SP_H_W', 'VAVCFM_H_DM_SA', 'RA_DMPR', 'VAV_EAT_C_W', 'VAVCFM_C_DM_SA', 'RA_CFM', 'MA_TEMP', 'VAVCFM_C_SA', 'OA_TEMP', 'VAVCFM_H_SA', 'VAVCFM_H_DM_W', 'OA_HUMD', 'VAVCFM_T_SA', 'OA_DMPR_DM', 'VAV_EAT_C_SA', 'VAV_DMPR_C_W', 'OA_DMPR', 'VAV_EAT_H_SA', 'HSA_HUMD', 'RM_TEMP_E', 'VAV_EAT_H_E', 'VAV_DAT_E', 'VAV_EAT_C_E', 'VAVCFM_T_E', 'VAVCFM_H_E', 'VAV_SP_C_E', 'VAVCFM_C_DM_E', 'OA_CFM', 'VAV_DMPR_C_E', 'VAVCFM_C_E', 'VAVCFM_H_DM_E', 'CHWP_GPMT']
2025-07-23 09:19:00 | INFO     | 🏗️ 模型信息:
2025-07-23 09:19:00 | INFO     |    模型类型: Model
2025-07-23 09:19:00 | INFO     |    总参数数量: 102,337,538
2025-07-23 09:19:00 | INFO     |    可训练参数: 102,337,538
2025-07-23 09:19:00 | INFO     |    模型大小估计: 390.39 MB
2025-07-23 09:19:00 | INFO     | 📊 数据集信息:
2025-07-23 09:19:00 | INFO     |    训练集大小: 5967
2025-07-23 09:19:00 | INFO     |    验证集大小: 1492
2025-07-23 09:19:00 | INFO     | 
================================================================================
2025-07-23 09:19:00 | INFO     | 📋 损失函数使用策略（遵循主流机器学习规范）:
2025-07-23 09:19:00 | INFO     |    🎯 训练阶段: 使用 ce 损失函数
2025-07-23 09:19:00 | INFO     |       → 目的：优化模型参数，解决特定问题（类别不平衡、相似性等）
2025-07-23 09:19:00 | INFO     |    📊 验证阶段: 使用标准交叉熵损失函数
2025-07-23 09:19:00 | INFO     |       → 目的：客观评估模型性能，便于不同方法比较
2025-07-23 09:19:00 | INFO     |    📈 最终报告: 基于标准交叉熵损失的指标
2025-07-23 09:19:00 | INFO     |       → 目的：提供可信、可比较的性能指标
2025-07-23 09:19:00 | INFO     | ================================================================================

2025-07-23 09:19:00 | INFO     | 🔄 梯度累积配置: 每2轮累积一次梯度
2025-07-23 09:19:00 | INFO     |    实际batch_size: 4
2025-07-23 09:19:00 | INFO     |    有效batch_size: 8
2025-07-23 09:23:39 | INFO     | Epoch 1:
2025-07-23 09:23:39 | INFO     |   训练指标:
2025-07-23 09:23:39 | INFO     |     损失(ce): 10.933927
2025-07-23 09:23:39 | INFO     |     准确率: 0.040912
2025-07-23 09:23:39 | INFO     |     学习率: 0.00010000
2025-07-23 09:23:39 | INFO     |   验证指标(标准CE):
2025-07-23 09:23:39 | INFO     |     损失: 8.085205
2025-07-23 09:23:39 | INFO     |     准确率: 0.060992
2025-07-23 09:23:39 | INFO     |     F1(macro): 0.030839
2025-07-23 09:23:39 | INFO     |     F1(weighted): 0.033082
2025-07-23 09:23:39 | INFO     |     精确率: 0.041895
2025-07-23 09:23:39 | INFO     |     召回率: 0.057747
2025-07-23 09:23:39 | INFO     |   学习率调度器: f1_based
2025-07-23 09:23:39 | INFO     | ------------------------------------------------------------
2025-07-23 09:23:39 | INFO     | Epoch   1 | Train: Loss=10.9339, Acc=0.0409 | Val: Loss=8.0852, Acc=0.0610, F1=0.0331 | LR=0.000100 🏆 [最佳模型]
2025-07-23 09:28:08 | INFO     | Epoch 2:
2025-07-23 09:28:08 | INFO     |   训练指标:
2025-07-23 09:28:08 | INFO     |     损失(ce): 9.476685
2025-07-23 09:28:08 | INFO     |     准确率: 0.051308
2025-07-23 09:28:08 | INFO     |     学习率: 0.00010000
2025-07-23 09:28:08 | INFO     |   验证指标(标准CE):
2025-07-23 09:28:08 | INFO     |     损失: 7.475268
2025-07-23 09:28:08 | INFO     |     准确率: 0.070375
2025-07-23 09:28:08 | INFO     |     F1(macro): 0.036524
2025-07-23 09:28:08 | INFO     |     F1(weighted): 0.037345
2025-07-23 09:28:08 | INFO     |     精确率: 0.067476
2025-07-23 09:28:08 | INFO     |     召回率: 0.068877
2025-07-23 09:28:08 | INFO     |   学习率调度器: f1_based
2025-07-23 09:28:08 | INFO     | ------------------------------------------------------------
2025-07-23 09:28:08 | INFO     | Epoch   2 | Train: Loss=9.4767, Acc=0.0513 | Val: Loss=7.4753, Acc=0.0704, F1=0.0373 | LR=0.000100 🏆 [最佳模型]
2025-07-23 09:32:37 | INFO     | Epoch 3:
2025-07-23 09:32:37 | INFO     |   训练指标:
2025-07-23 09:32:37 | INFO     |     损失(ce): 6.037090
2025-07-23 09:32:37 | INFO     |     准确率: 0.046110
2025-07-23 09:32:37 | INFO     |     学习率: 0.00010000
2025-07-23 09:32:37 | INFO     |   验证指标(标准CE):
2025-07-23 09:32:37 | INFO     |     损失: 16.814515
2025-07-23 09:32:37 | INFO     |     准确率: 0.053619
2025-07-23 09:32:37 | INFO     |     F1(macro): 0.026174
2025-07-23 09:32:37 | INFO     |     F1(weighted): 0.026417
2025-07-23 09:32:37 | INFO     |     精确率: 0.030286
2025-07-23 09:32:37 | INFO     |     召回率: 0.052547
2025-07-23 09:32:37 | INFO     |   学习率调度器: f1_based
2025-07-23 09:32:37 | INFO     | ------------------------------------------------------------
2025-07-23 09:32:37 | INFO     | Epoch   3 | Train: Loss=6.0371, Acc=0.0461 | Val: Loss=16.8145, Acc=0.0536, F1=0.0264 | LR=0.000100 
2025-07-23 09:37:03 | INFO     | Epoch 4:
2025-07-23 09:37:03 | INFO     |   训练指标:
2025-07-23 09:37:03 | INFO     |     损失(ce): 3.783235
2025-07-23 09:37:03 | INFO     |     准确率: 0.051476
2025-07-23 09:37:03 | INFO     |     学习率: 0.00010000
2025-07-23 09:37:03 | INFO     |   验证指标(标准CE):
2025-07-23 09:37:03 | INFO     |     损失: 3.370776
2025-07-23 09:37:03 | INFO     |     准确率: 0.058311
2025-07-23 09:37:03 | INFO     |     F1(macro): 0.026629
2025-07-23 09:37:03 | INFO     |     F1(weighted): 0.026698
2025-07-23 09:37:03 | INFO     |     精确率: 0.036050
2025-07-23 09:37:03 | INFO     |     召回率: 0.057988
2025-07-23 09:37:03 | INFO     |   学习率调度器: f1_based
2025-07-23 09:37:03 | INFO     | ------------------------------------------------------------
2025-07-23 09:37:03 | INFO     | Epoch   4 | Train: Loss=3.7832, Acc=0.0515 | Val: Loss=3.3708, Acc=0.0583, F1=0.0267 | LR=0.000100 
2025-07-23 09:41:30 | INFO     | Epoch 5:
2025-07-23 09:41:30 | INFO     |   训练指标:
2025-07-23 09:41:30 | INFO     |     损失(ce): 3.445520
2025-07-23 09:41:30 | INFO     |     准确率: 0.071932
2025-07-23 09:41:30 | INFO     |     学习率: 0.00010000
2025-07-23 09:41:30 | INFO     |   验证指标(标准CE):
2025-07-23 09:41:30 | INFO     |     损失: 4.627983
2025-07-23 09:41:30 | INFO     |     准确率: 0.101206
2025-07-23 09:41:30 | INFO     |     F1(macro): 0.071799
2025-07-23 09:41:30 | INFO     |     F1(weighted): 0.071547
2025-07-23 09:41:30 | INFO     |     精确率: 0.110117
2025-07-23 09:41:30 | INFO     |     召回率: 0.100059
2025-07-23 09:41:30 | INFO     |   学习率调度器: f1_based
2025-07-23 09:41:30 | INFO     | ------------------------------------------------------------
2025-07-23 09:41:30 | INFO     | Epoch   5 | Train: Loss=3.4455, Acc=0.0719 | Val: Loss=4.6280, Acc=0.1012, F1=0.0715 | LR=0.000100 🏆 [最佳模型]
2025-07-23 09:45:58 | INFO     | Epoch 6:
2025-07-23 09:45:58 | INFO     |   训练指标:
2025-07-23 09:45:58 | INFO     |     损失(ce): 3.215131
2025-07-23 09:45:58 | INFO     |     准确率: 0.125252
2025-07-23 09:45:58 | INFO     |     学习率: 0.00010000
2025-07-23 09:45:58 | INFO     |   验证指标(标准CE):
2025-07-23 09:45:58 | INFO     |     损失: 3.745598
2025-07-23 09:45:58 | INFO     |     准确率: 0.229223
2025-07-23 09:45:58 | INFO     |     F1(macro): 0.206136
2025-07-23 09:45:58 | INFO     |     F1(weighted): 0.195049
2025-07-23 09:45:58 | INFO     |     精确率: 0.219900
2025-07-23 09:45:58 | INFO     |     召回率: 0.243457
2025-07-23 09:45:58 | INFO     |   学习率调度器: f1_based
2025-07-23 09:45:58 | INFO     | ------------------------------------------------------------
2025-07-23 09:45:58 | INFO     | Epoch   6 | Train: Loss=3.2151, Acc=0.1253 | Val: Loss=3.7456, Acc=0.2292, F1=0.1950 | LR=0.000100 🏆 [最佳模型]
2025-07-23 09:50:25 | INFO     | Epoch 7:
2025-07-23 09:50:25 | INFO     |   训练指标:
2025-07-23 09:50:25 | INFO     |     损失(ce): 2.978584
2025-07-23 09:50:25 | INFO     |     准确率: 0.194500
2025-07-23 09:50:25 | INFO     |     学习率: 0.00010000
2025-07-23 09:50:25 | INFO     |   验证指标(标准CE):
2025-07-23 09:50:25 | INFO     |     损失: 7.180292
2025-07-23 09:50:25 | INFO     |     准确率: 0.267426
2025-07-23 09:50:25 | INFO     |     F1(macro): 0.240993
2025-07-23 09:50:25 | INFO     |     F1(weighted): 0.239656
2025-07-23 09:50:25 | INFO     |     精确率: 0.284329
2025-07-23 09:50:25 | INFO     |     召回率: 0.267988
2025-07-23 09:50:25 | INFO     |   学习率调度器: f1_based
2025-07-23 09:50:25 | INFO     | ------------------------------------------------------------
2025-07-23 09:50:25 | INFO     | Epoch   7 | Train: Loss=2.9786, Acc=0.1945 | Val: Loss=7.1803, Acc=0.2674, F1=0.2397 | LR=0.000100 🏆 [最佳模型]
2025-07-23 09:54:53 | INFO     | Epoch 8:
2025-07-23 09:54:53 | INFO     |   训练指标:
2025-07-23 09:54:53 | INFO     |     损失(ce): 2.742331
2025-07-23 09:54:53 | INFO     |     准确率: 0.256875
2025-07-23 09:54:53 | INFO     |     学习率: 0.00010000
2025-07-23 09:54:53 | INFO     |   验证指标(标准CE):
2025-07-23 09:54:53 | INFO     |     损失: 7.316706
2025-07-23 09:54:53 | INFO     |     准确率: 0.365282
2025-07-23 09:54:53 | INFO     |     F1(macro): 0.365135
2025-07-23 09:54:53 | INFO     |     F1(weighted): 0.346649
2025-07-23 09:54:53 | INFO     |     精确率: 0.431065
2025-07-23 09:54:53 | INFO     |     召回率: 0.384299
2025-07-23 09:54:53 | INFO     |   学习率调度器: f1_based
2025-07-23 09:54:53 | INFO     | ------------------------------------------------------------
2025-07-23 09:54:53 | INFO     | Epoch   8 | Train: Loss=2.7423, Acc=0.2569 | Val: Loss=7.3167, Acc=0.3653, F1=0.3466 | LR=0.000100 🏆 [最佳模型]
2025-07-23 09:59:21 | INFO     | Epoch 9:
2025-07-23 09:59:21 | INFO     |   训练指标:
2025-07-23 09:59:21 | INFO     |     损失(ce): 2.465676
2025-07-23 09:59:21 | INFO     |     准确率: 0.319416
2025-07-23 09:59:21 | INFO     |     学习率: 0.00010000
2025-07-23 09:59:21 | INFO     |   验证指标(标准CE):
2025-07-23 09:59:21 | INFO     |     损失: 1.844339
2025-07-23 09:59:21 | INFO     |     准确率: 0.479223
2025-07-23 09:59:21 | INFO     |     F1(macro): 0.479170
2025-07-23 09:59:21 | INFO     |     F1(weighted): 0.464706
2025-07-23 09:59:21 | INFO     |     精确率: 0.549135
2025-07-23 09:59:21 | INFO     |     召回率: 0.490412
2025-07-23 09:59:21 | INFO     |   学习率调度器: f1_based
2025-07-23 09:59:21 | INFO     | ------------------------------------------------------------
2025-07-23 09:59:21 | INFO     | Epoch   9 | Train: Loss=2.4657, Acc=0.3194 | Val: Loss=1.8443, Acc=0.4792, F1=0.4647 | LR=0.000100 🏆 [最佳模型]
2025-07-23 10:03:48 | INFO     | Epoch 10:
2025-07-23 10:03:48 | INFO     |   训练指标:
2025-07-23 10:03:48 | INFO     |     损失(ce): 2.120224
2025-07-23 10:03:48 | INFO     |     准确率: 0.403924
2025-07-23 10:03:48 | INFO     |     学习率: 0.00010000
2025-07-23 10:03:48 | INFO     |   验证指标(标准CE):
2025-07-23 10:03:48 | INFO     |     损失: 9.151006
2025-07-23 10:03:48 | INFO     |     准确率: 0.464477
2025-07-23 10:03:48 | INFO     |     F1(macro): 0.469972
2025-07-23 10:03:48 | INFO     |     F1(weighted): 0.460989
2025-07-23 10:03:48 | INFO     |     精确率: 0.531910
2025-07-23 10:03:48 | INFO     |     召回率: 0.475513
2025-07-23 10:03:48 | INFO     |   学习率调度器: f1_based
2025-07-23 10:03:48 | INFO     | ------------------------------------------------------------
2025-07-23 10:03:48 | INFO     | Epoch  10 | Train: Loss=2.1202, Acc=0.4039 | Val: Loss=9.1510, Acc=0.4645, F1=0.4610 | LR=0.000100 
2025-07-23 10:08:15 | INFO     | Epoch 11:
2025-07-23 10:08:15 | INFO     |   训练指标:
2025-07-23 10:08:15 | INFO     |     损失(ce): 1.830585
2025-07-23 10:08:15 | INFO     |     准确率: 0.481221
2025-07-23 10:08:15 | INFO     |     学习率: 0.00010000
2025-07-23 10:08:15 | INFO     |   验证指标(标准CE):
2025-07-23 10:08:15 | INFO     |     损失: 1.611388
2025-07-23 10:08:15 | INFO     |     准确率: 0.579759
2025-07-23 10:08:15 | INFO     |     F1(macro): 0.591307
2025-07-23 10:08:15 | INFO     |     F1(weighted): 0.582693
2025-07-23 10:08:15 | INFO     |     精确率: 0.654831
2025-07-23 10:08:15 | INFO     |     召回率: 0.590345
2025-07-23 10:08:15 | INFO     |   学习率调度器: f1_based
2025-07-23 10:08:15 | INFO     | ------------------------------------------------------------
2025-07-23 10:08:15 | INFO     | Epoch  11 | Train: Loss=1.8306, Acc=0.4812 | Val: Loss=1.6114, Acc=0.5798, F1=0.5827 | LR=0.000100 🏆 [最佳模型]
2025-07-23 10:12:43 | INFO     | Epoch 12:
2025-07-23 10:12:43 | INFO     |   训练指标:
2025-07-23 10:12:43 | INFO     |     损失(ce): 1.620801
2025-07-23 10:12:43 | INFO     |     准确率: 0.542421
2025-07-23 10:12:43 | INFO     |     学习率: 0.00010000
2025-07-23 10:12:43 | INFO     |   验证指标(标准CE):
2025-07-23 10:12:43 | INFO     |     损失: 1.895243
2025-07-23 10:12:43 | INFO     |     准确率: 0.658847
2025-07-23 10:12:43 | INFO     |     F1(macro): 0.630727
2025-07-23 10:12:43 | INFO     |     F1(weighted): 0.624503
2025-07-23 10:12:43 | INFO     |     精确率: 0.647984
2025-07-23 10:12:43 | INFO     |     召回率: 0.664766
2025-07-23 10:12:43 | INFO     |   学习率调度器: f1_based
2025-07-23 10:12:43 | INFO     | ------------------------------------------------------------
2025-07-23 10:12:43 | INFO     | Epoch  12 | Train: Loss=1.6208, Acc=0.5424 | Val: Loss=1.8952, Acc=0.6588, F1=0.6245 | LR=0.000100 🏆 [最佳模型]
2025-07-23 10:17:11 | INFO     | Epoch 13:
2025-07-23 10:17:11 | INFO     |   训练指标:
2025-07-23 10:17:11 | INFO     |     损失(ce): 1.495818
2025-07-23 10:17:11 | INFO     |     准确率: 0.588196
2025-07-23 10:17:11 | INFO     |     学习率: 0.00010000
2025-07-23 10:17:11 | INFO     |   验证指标(标准CE):
2025-07-23 10:17:11 | INFO     |     损失: 1.897090
2025-07-23 10:17:11 | INFO     |     准确率: 0.632708
2025-07-23 10:17:11 | INFO     |     F1(macro): 0.621568
2025-07-23 10:17:11 | INFO     |     F1(weighted): 0.612785
2025-07-23 10:17:11 | INFO     |     精确率: 0.662718
2025-07-23 10:17:11 | INFO     |     召回率: 0.642522
2025-07-23 10:17:11 | INFO     |   学习率调度器: f1_based
2025-07-23 10:17:11 | INFO     | ------------------------------------------------------------
2025-07-23 10:17:11 | INFO     | Epoch  13 | Train: Loss=1.4958, Acc=0.5882 | Val: Loss=1.8971, Acc=0.6327, F1=0.6128 | LR=0.000100 
2025-07-23 10:21:37 | INFO     | Epoch 14:
2025-07-23 10:21:37 | INFO     |   训练指标:
2025-07-23 10:21:37 | INFO     |     损失(ce): 1.300640
2025-07-23 10:21:37 | INFO     |     准确率: 0.637827
2025-07-23 10:21:37 | INFO     |     学习率: 0.00010000
2025-07-23 10:21:37 | INFO     |   验证指标(标准CE):
2025-07-23 10:21:37 | INFO     |     损失: 0.858442
2025-07-23 10:21:37 | INFO     |     准确率: 0.760724
2025-07-23 10:21:37 | INFO     |     F1(macro): 0.756043
2025-07-23 10:21:37 | INFO     |     F1(weighted): 0.750668
2025-07-23 10:21:37 | INFO     |     精确率: 0.790849
2025-07-23 10:21:37 | INFO     |     召回率: 0.766195
2025-07-23 10:21:37 | INFO     |   学习率调度器: f1_based
2025-07-23 10:21:37 | INFO     | ------------------------------------------------------------
2025-07-23 10:21:37 | INFO     | Epoch  14 | Train: Loss=1.3006, Acc=0.6378 | Val: Loss=0.8584, Acc=0.7607, F1=0.7507 | LR=0.000100 🏆 [最佳模型]
2025-07-23 10:26:05 | INFO     | Epoch 15:
2025-07-23 10:26:05 | INFO     |   训练指标:
2025-07-23 10:26:05 | INFO     |     损失(ce): 1.100015
2025-07-23 10:26:05 | INFO     |     准确率: 0.691650
2025-07-23 10:26:05 | INFO     |     学习率: 0.00010000
2025-07-23 10:26:05 | INFO     |   验证指标(标准CE):
2025-07-23 10:26:05 | INFO     |     损失: 0.719039
2025-07-23 10:26:05 | INFO     |     准确率: 0.802949
2025-07-23 10:26:05 | INFO     |     F1(macro): 0.806189
2025-07-23 10:26:05 | INFO     |     F1(weighted): 0.803143
2025-07-23 10:26:05 | INFO     |     精确率: 0.828472
2025-07-23 10:26:05 | INFO     |     召回率: 0.806183
2025-07-23 10:26:05 | INFO     |   学习率调度器: f1_based
2025-07-23 10:26:05 | INFO     | ------------------------------------------------------------
2025-07-23 10:26:05 | INFO     | Epoch  15 | Train: Loss=1.1000, Acc=0.6916 | Val: Loss=0.7190, Acc=0.8029, F1=0.8031 | LR=0.000100 🏆 [最佳模型]
2025-07-23 10:30:34 | INFO     | Epoch 16:
2025-07-23 10:30:34 | INFO     |   训练指标:
2025-07-23 10:30:34 | INFO     |     损失(ce): 0.983800
2025-07-23 10:30:34 | INFO     |     准确率: 0.726358
2025-07-23 10:30:34 | INFO     |     学习率: 0.00010000
2025-07-23 10:30:34 | INFO     |   验证指标(标准CE):
2025-07-23 10:30:34 | INFO     |     损失: 0.921539
2025-07-23 10:30:34 | INFO     |     准确率: 0.818365
2025-07-23 10:30:34 | INFO     |     F1(macro): 0.806369
2025-07-23 10:30:34 | INFO     |     F1(weighted): 0.801369
2025-07-23 10:30:34 | INFO     |     精确率: 0.817373
2025-07-23 10:30:34 | INFO     |     召回率: 0.822135
2025-07-23 10:30:34 | INFO     |   学习率调度器: f1_based
2025-07-23 10:30:34 | INFO     | ------------------------------------------------------------
2025-07-23 10:30:34 | INFO     | Epoch  16 | Train: Loss=0.9838, Acc=0.7264 | Val: Loss=0.9215, Acc=0.8184, F1=0.8014 | LR=0.000100 
2025-07-23 10:35:00 | INFO     | Epoch 17:
2025-07-23 10:35:00 | INFO     |   训练指标:
2025-07-23 10:35:00 | INFO     |     损失(ce): 0.907585
2025-07-23 10:35:00 | INFO     |     准确率: 0.746311
2025-07-23 10:35:00 | INFO     |     学习率: 0.00010000
2025-07-23 10:35:00 | INFO     |   验证指标(标准CE):
2025-07-23 10:35:00 | INFO     |     损失: 1.561029
2025-07-23 10:35:00 | INFO     |     准确率: 0.762735
2025-07-23 10:35:00 | INFO     |     F1(macro): 0.753964
2025-07-23 10:35:00 | INFO     |     F1(weighted): 0.755263
2025-07-23 10:35:00 | INFO     |     精确率: 0.796556
2025-07-23 10:35:00 | INFO     |     召回率: 0.762307
2025-07-23 10:35:00 | INFO     |   学习率调度器: f1_based
2025-07-23 10:35:00 | INFO     | ------------------------------------------------------------
2025-07-23 10:35:00 | INFO     | Epoch  17 | Train: Loss=0.9076, Acc=0.7463 | Val: Loss=1.5610, Acc=0.7627, F1=0.7553 | LR=0.000100 
2025-07-23 10:39:27 | INFO     | Epoch 18:
2025-07-23 10:39:27 | INFO     |   训练指标:
2025-07-23 10:39:27 | INFO     |     损失(ce): 0.816611
2025-07-23 10:39:27 | INFO     |     准确率: 0.778672
2025-07-23 10:39:27 | INFO     |     学习率: 0.00010000
2025-07-23 10:39:27 | INFO     |   验证指标(标准CE):
2025-07-23 10:39:27 | INFO     |     损失: 0.623667
2025-07-23 10:39:27 | INFO     |     准确率: 0.866622
2025-07-23 10:39:27 | INFO     |     F1(macro): 0.873498
2025-07-23 10:39:27 | INFO     |     F1(weighted): 0.870686
2025-07-23 10:39:27 | INFO     |     精确率: 0.887669
2025-07-23 10:39:27 | INFO     |     召回率: 0.871724
2025-07-23 10:39:27 | INFO     |   学习率调度器: f1_based
2025-07-23 10:39:27 | INFO     | ------------------------------------------------------------
2025-07-23 10:39:27 | INFO     | Epoch  18 | Train: Loss=0.8166, Acc=0.7787 | Val: Loss=0.6237, Acc=0.8666, F1=0.8707 | LR=0.000100 🏆 [最佳模型]
2025-07-23 10:43:55 | INFO     | Epoch 19:
2025-07-23 10:43:55 | INFO     |   训练指标:
2025-07-23 10:43:55 | INFO     |     损失(ce): 0.716186
2025-07-23 10:43:55 | INFO     |     准确率: 0.795104
2025-07-23 10:43:55 | INFO     |     学习率: 0.00010000
2025-07-23 10:43:55 | INFO     |   验证指标(标准CE):
2025-07-23 10:43:55 | INFO     |     损失: 0.959459
2025-07-23 10:43:55 | INFO     |     准确率: 0.796247
2025-07-23 10:43:55 | INFO     |     F1(macro): 0.778352
2025-07-23 10:43:55 | INFO     |     F1(weighted): 0.775671
2025-07-23 10:43:55 | INFO     |     精确率: 0.811267
2025-07-23 10:43:55 | INFO     |     召回率: 0.796409
2025-07-23 10:43:55 | INFO     |   学习率调度器: f1_based
2025-07-23 10:43:55 | INFO     | ------------------------------------------------------------
2025-07-23 10:43:55 | INFO     | Epoch  19 | Train: Loss=0.7162, Acc=0.7951 | Val: Loss=0.9595, Acc=0.7962, F1=0.7757 | LR=0.000100 
2025-07-23 10:48:22 | INFO     | Epoch 20:
2025-07-23 10:48:22 | INFO     |   训练指标:
2025-07-23 10:48:22 | INFO     |     损失(ce): 0.700858
2025-07-23 10:48:22 | INFO     |     准确率: 0.810027
2025-07-23 10:48:22 | INFO     |     学习率: 0.00010000
2025-07-23 10:48:22 | INFO     |   验证指标(标准CE):
2025-07-23 10:48:22 | INFO     |     损失: 0.374647
2025-07-23 10:48:22 | INFO     |     准确率: 0.876005
2025-07-23 10:48:22 | INFO     |     F1(macro): 0.869329
2025-07-23 10:48:22 | INFO     |     F1(weighted): 0.865984
2025-07-23 10:48:22 | INFO     |     精确率: 0.898409
2025-07-23 10:48:22 | INFO     |     召回率: 0.879991
2025-07-23 10:48:22 | INFO     |   学习率调度器: f1_based
2025-07-23 10:48:22 | INFO     | ------------------------------------------------------------
2025-07-23 10:48:22 | INFO     | Epoch  20 | Train: Loss=0.7009, Acc=0.8100 | Val: Loss=0.3746, Acc=0.8760, F1=0.8660 | LR=0.000100 
2025-07-23 10:52:48 | INFO     | Epoch 21:
2025-07-23 10:52:48 | INFO     |   训练指标:
2025-07-23 10:52:48 | INFO     |     损失(ce): 0.590019
2025-07-23 10:52:48 | INFO     |     准确率: 0.834842
2025-07-23 10:52:48 | INFO     |     学习率: 0.00010000
2025-07-23 10:52:48 | INFO     |   验证指标(标准CE):
2025-07-23 10:52:48 | INFO     |     损失: 1.292650
2025-07-23 10:52:48 | INFO     |     准确率: 0.814343
2025-07-23 10:52:48 | INFO     |     F1(macro): 0.799163
2025-07-23 10:52:48 | INFO     |     F1(weighted): 0.795966
2025-07-23 10:52:48 | INFO     |     精确率: 0.835054
2025-07-23 10:52:48 | INFO     |     召回率: 0.814766
2025-07-23 10:52:48 | INFO     |   学习率调度器: f1_based
2025-07-23 10:52:48 | INFO     | ------------------------------------------------------------
2025-07-23 10:52:48 | INFO     | Epoch  21 | Train: Loss=0.5900, Acc=0.8348 | Val: Loss=1.2926, Acc=0.8143, F1=0.7960 | LR=0.000100 
2025-07-23 10:57:15 | INFO     | Epoch 22:
2025-07-23 10:57:15 | INFO     |   训练指标:
2025-07-23 10:57:15 | INFO     |     损失(ce): 0.619695
2025-07-23 10:57:15 | INFO     |     准确率: 0.831992
2025-07-23 10:57:15 | INFO     |     学习率: 0.00010000
2025-07-23 10:57:15 | INFO     |   验证指标(标准CE):
2025-07-23 10:57:15 | INFO     |     损失: 0.293834
2025-07-23 10:57:15 | INFO     |     准确率: 0.906166
2025-07-23 10:57:15 | INFO     |     F1(macro): 0.909566
2025-07-23 10:57:15 | INFO     |     F1(weighted): 0.906838
2025-07-23 10:57:15 | INFO     |     精确率: 0.923469
2025-07-23 10:57:15 | INFO     |     召回率: 0.909169
2025-07-23 10:57:15 | INFO     |   学习率调度器: f1_based
2025-07-23 10:57:15 | INFO     | ------------------------------------------------------------
2025-07-23 10:57:15 | INFO     | Epoch  22 | Train: Loss=0.6197, Acc=0.8320 | Val: Loss=0.2938, Acc=0.9062, F1=0.9068 | LR=0.000100 🏆 [最佳模型]
2025-07-23 11:01:42 | INFO     | Epoch 23:
2025-07-23 11:01:42 | INFO     |   训练指标:
2025-07-23 11:01:42 | INFO     |     损失(ce): 0.554988
2025-07-23 11:01:42 | INFO     |     准确率: 0.847250
2025-07-23 11:01:42 | INFO     |     学习率: 0.00010000
2025-07-23 11:01:42 | INFO     |   验证指标(标准CE):
2025-07-23 11:01:42 | INFO     |     损失: 0.454718
2025-07-23 11:01:42 | INFO     |     准确率: 0.878016
2025-07-23 11:01:42 | INFO     |     F1(macro): 0.877487
2025-07-23 11:01:42 | INFO     |     F1(weighted): 0.872100
2025-07-23 11:01:42 | INFO     |     精确率: 0.910893
2025-07-23 11:01:42 | INFO     |     召回率: 0.884638
2025-07-23 11:01:42 | INFO     |   学习率调度器: f1_based
2025-07-23 11:01:42 | INFO     | ------------------------------------------------------------
2025-07-23 11:01:42 | INFO     | Epoch  23 | Train: Loss=0.5550, Acc=0.8473 | Val: Loss=0.4547, Acc=0.8780, F1=0.8721 | LR=0.000100 
2025-07-23 11:06:09 | INFO     | Epoch 24:
2025-07-23 11:06:09 | INFO     |   训练指标:
2025-07-23 11:06:09 | INFO     |     损失(ce): 0.518642
2025-07-23 11:06:09 | INFO     |     准确率: 0.856808
2025-07-23 11:06:09 | INFO     |     学习率: 0.00010000
2025-07-23 11:06:09 | INFO     |   验证指标(标准CE):
2025-07-23 11:06:09 | INFO     |     损失: 0.271094
2025-07-23 11:06:09 | INFO     |     准确率: 0.892091
2025-07-23 11:06:09 | INFO     |     F1(macro): 0.887278
2025-07-23 11:06:09 | INFO     |     F1(weighted): 0.883845
2025-07-23 11:06:09 | INFO     |     精确率: 0.908892
2025-07-23 11:06:09 | INFO     |     召回率: 0.898043
2025-07-23 11:06:09 | INFO     |   学习率调度器: f1_based
2025-07-23 11:06:09 | INFO     | ------------------------------------------------------------
2025-07-23 11:06:09 | INFO     | Epoch  24 | Train: Loss=0.5186, Acc=0.8568 | Val: Loss=0.2711, Acc=0.8921, F1=0.8838 | LR=0.000100 
2025-07-23 11:10:36 | INFO     | Epoch 25:
2025-07-23 11:10:36 | INFO     |   训练指标:
2025-07-23 11:10:36 | INFO     |     损失(ce): 0.544857
2025-07-23 11:10:36 | INFO     |     准确率: 0.852783
2025-07-23 11:10:36 | INFO     |     学习率: 0.00010000
2025-07-23 11:10:36 | INFO     |   验证指标(标准CE):
2025-07-23 11:10:36 | INFO     |     损失: 0.529421
2025-07-23 11:10:36 | INFO     |     准确率: 0.886059
2025-07-23 11:10:36 | INFO     |     F1(macro): 0.883887
2025-07-23 11:10:36 | INFO     |     F1(weighted): 0.880105
2025-07-23 11:10:36 | INFO     |     精确率: 0.891079
2025-07-23 11:10:36 | INFO     |     召回率: 0.891073
2025-07-23 11:10:36 | INFO     |   学习率调度器: f1_based
2025-07-23 11:10:36 | INFO     | ------------------------------------------------------------
2025-07-23 11:10:36 | INFO     | Epoch  25 | Train: Loss=0.5449, Acc=0.8528 | Val: Loss=0.5294, Acc=0.8861, F1=0.8801 | LR=0.000100 
2025-07-23 11:15:03 | INFO     | Epoch 26:
2025-07-23 11:15:03 | INFO     |   训练指标:
2025-07-23 11:15:03 | INFO     |     损失(ce): 0.489204
2025-07-23 11:15:03 | INFO     |     准确率: 0.869215
2025-07-23 11:15:03 | INFO     |     学习率: 0.00010000
2025-07-23 11:15:03 | INFO     |   验证指标(标准CE):
2025-07-23 11:15:03 | INFO     |     损失: 0.457712
2025-07-23 11:15:03 | INFO     |     准确率: 0.890080
2025-07-23 11:15:03 | INFO     |     F1(macro): 0.876307
2025-07-23 11:15:03 | INFO     |     F1(weighted): 0.876568
2025-07-23 11:15:03 | INFO     |     精确率: 0.885205
2025-07-23 11:15:03 | INFO     |     召回率: 0.892047
2025-07-23 11:15:03 | INFO     |   学习率调度器: f1_based
2025-07-23 11:15:03 | INFO     | ------------------------------------------------------------
2025-07-23 11:15:03 | INFO     | Epoch  26 | Train: Loss=0.4892, Acc=0.8692 | Val: Loss=0.4577, Acc=0.8901, F1=0.8766 | LR=0.000100 
2025-07-23 11:19:30 | INFO     | Epoch 27:
2025-07-23 11:19:30 | INFO     |   训练指标:
2025-07-23 11:19:30 | INFO     |     损失(ce): 0.451366
2025-07-23 11:19:30 | INFO     |     准确率: 0.873575
2025-07-23 11:19:30 | INFO     |     学习率: 0.00010000
2025-07-23 11:19:30 | INFO     |   验证指标(标准CE):
2025-07-23 11:19:30 | INFO     |     损失: 0.333011
2025-07-23 11:19:30 | INFO     |     准确率: 0.900804
2025-07-23 11:19:30 | INFO     |     F1(macro): 0.893612
2025-07-23 11:19:30 | INFO     |     F1(weighted): 0.891351
2025-07-23 11:19:30 | INFO     |     精确率: 0.927747
2025-07-23 11:19:30 | INFO     |     召回率: 0.906898
2025-07-23 11:19:30 | INFO     |   学习率调度器: f1_based
2025-07-23 11:19:30 | INFO     | ------------------------------------------------------------
2025-07-23 11:19:30 | INFO     | Epoch  27 | Train: Loss=0.4514, Acc=0.8736 | Val: Loss=0.3330, Acc=0.9008, F1=0.8914 | LR=0.000100 
2025-07-23 11:23:56 | INFO     | Epoch 28:
2025-07-23 11:23:56 | INFO     |   训练指标:
2025-07-23 11:23:56 | INFO     |     损失(ce): 0.435604
2025-07-23 11:23:56 | INFO     |     准确率: 0.879276
2025-07-23 11:23:56 | INFO     |     学习率: 0.00010000
2025-07-23 11:23:56 | INFO     |   验证指标(标准CE):
2025-07-23 11:23:56 | INFO     |     损失: 0.291847
2025-07-23 11:23:56 | INFO     |     准确率: 0.904155
2025-07-23 11:23:56 | INFO     |     F1(macro): 0.904512
2025-07-23 11:23:56 | INFO     |     F1(weighted): 0.900148
2025-07-23 11:23:56 | INFO     |     精确率: 0.921275
2025-07-23 11:23:56 | INFO     |     召回率: 0.910755
2025-07-23 11:23:56 | INFO     |   学习率调度器: f1_based
2025-07-23 11:23:56 | INFO     | ------------------------------------------------------------
2025-07-23 11:23:56 | INFO     | 🎯 学习率调整事件:
2025-07-23 11:23:56 | INFO     |   调度器类型: f1_based
2025-07-23 11:23:56 | INFO     |   学习率变化: 0.00010000 → 0.00005000
2025-07-23 11:23:56 | INFO     |   触发条件: F1分数 = 0.900148
2025-07-23 11:23:56 | INFO     |   变化幅度: -50.00%
2025-07-23 11:23:56 | INFO     | ------------------------------------------------------------
2025-07-23 11:23:56 | INFO     | Epoch  28 | Train: Loss=0.4356, Acc=0.8793 | Val: Loss=0.2918, Acc=0.9042, F1=0.9001 | LR=0.000050 
2025-07-23 11:28:23 | INFO     | Epoch 29:
2025-07-23 11:28:23 | INFO     |   训练指标:
2025-07-23 11:28:23 | INFO     |     损失(ce): 0.342033
2025-07-23 11:28:23 | INFO     |     准确率: 0.904594
2025-07-23 11:28:23 | INFO     |     学习率: 0.00005000
2025-07-23 11:28:23 | INFO     |   验证指标(标准CE):
2025-07-23 11:28:23 | INFO     |     损失: 0.303433
2025-07-23 11:28:23 | INFO     |     准确率: 0.918231
2025-07-23 11:28:23 | INFO     |     F1(macro): 0.918886
2025-07-23 11:28:23 | INFO     |     F1(weighted): 0.916398
2025-07-23 11:28:23 | INFO     |     精确率: 0.940790
2025-07-23 11:28:23 | INFO     |     召回率: 0.922171
2025-07-23 11:28:23 | INFO     |   学习率调度器: f1_based
2025-07-23 11:28:23 | INFO     | ------------------------------------------------------------
2025-07-23 11:28:23 | INFO     | Epoch  29 | Train: Loss=0.3420, Acc=0.9046 | Val: Loss=0.3034, Acc=0.9182, F1=0.9164 | LR=0.000050 🏆 [最佳模型]
2025-07-23 11:32:51 | INFO     | Epoch 30:
2025-07-23 11:32:51 | INFO     |   训练指标:
2025-07-23 11:32:51 | INFO     |     损失(ce): 0.266782
2025-07-23 11:32:51 | INFO     |     准确率: 0.919517
2025-07-23 11:32:51 | INFO     |     学习率: 0.00005000
2025-07-23 11:32:51 | INFO     |   验证指标(标准CE):
2025-07-23 11:32:51 | INFO     |     损失: 0.273611
2025-07-23 11:32:51 | INFO     |     准确率: 0.936997
2025-07-23 11:32:51 | INFO     |     F1(macro): 0.939717
2025-07-23 11:32:51 | INFO     |     F1(weighted): 0.936113
2025-07-23 11:32:51 | INFO     |     精确率: 0.946158
2025-07-23 11:32:51 | INFO     |     召回率: 0.940447
2025-07-23 11:32:51 | INFO     |   学习率调度器: f1_based
2025-07-23 11:32:51 | INFO     | ------------------------------------------------------------
2025-07-23 11:32:51 | INFO     | Epoch  30 | Train: Loss=0.2668, Acc=0.9195 | Val: Loss=0.2736, Acc=0.9370, F1=0.9361 | LR=0.000050 🏆 [最佳模型]
2025-07-23 11:37:19 | INFO     | Epoch 31:
2025-07-23 11:37:19 | INFO     |   训练指标:
2025-07-23 11:37:19 | INFO     |     损失(ce): 0.283574
2025-07-23 11:37:19 | INFO     |     准确率: 0.924380
2025-07-23 11:37:19 | INFO     |     学习率: 0.00005000
2025-07-23 11:37:19 | INFO     |   验证指标(标准CE):
2025-07-23 11:37:19 | INFO     |     损失: 0.630669
2025-07-23 11:37:19 | INFO     |     准确率: 0.938338
2025-07-23 11:37:19 | INFO     |     F1(macro): 0.939994
2025-07-23 11:37:19 | INFO     |     F1(weighted): 0.937373
2025-07-23 11:37:19 | INFO     |     精确率: 0.948312
2025-07-23 11:37:19 | INFO     |     召回率: 0.941758
2025-07-23 11:37:19 | INFO     |   学习率调度器: f1_based
2025-07-23 11:37:19 | INFO     | ------------------------------------------------------------
2025-07-23 11:37:19 | INFO     | Epoch  31 | Train: Loss=0.2836, Acc=0.9244 | Val: Loss=0.6307, Acc=0.9383, F1=0.9374 | LR=0.000050 🏆 [最佳模型]
2025-07-23 11:41:47 | INFO     | Epoch 32:
2025-07-23 11:41:47 | INFO     |   训练指标:
2025-07-23 11:41:47 | INFO     |     损失(ce): 0.251181
2025-07-23 11:41:47 | INFO     |     准确率: 0.928068
2025-07-23 11:41:47 | INFO     |     学习率: 0.00005000
2025-07-23 11:41:47 | INFO     |   验证指标(标准CE):
2025-07-23 11:41:47 | INFO     |     损失: 0.155150
2025-07-23 11:41:47 | INFO     |     准确率: 0.951072
2025-07-23 11:41:47 | INFO     |     F1(macro): 0.953363
2025-07-23 11:41:47 | INFO     |     F1(weighted): 0.951684
2025-07-23 11:41:47 | INFO     |     精确率: 0.957299
2025-07-23 11:41:47 | INFO     |     召回率: 0.953501
2025-07-23 11:41:47 | INFO     |   学习率调度器: f1_based
2025-07-23 11:41:47 | INFO     | ------------------------------------------------------------
2025-07-23 11:41:47 | INFO     | Epoch  32 | Train: Loss=0.2512, Acc=0.9281 | Val: Loss=0.1552, Acc=0.9511, F1=0.9517 | LR=0.000050 🏆 [最佳模型]
2025-07-23 11:46:15 | INFO     | Epoch 33:
2025-07-23 11:46:15 | INFO     |   训练指标:
2025-07-23 11:46:15 | INFO     |     损失(ce): 0.264669
2025-07-23 11:46:15 | INFO     |     准确率: 0.927733
2025-07-23 11:46:15 | INFO     |     学习率: 0.00005000
2025-07-23 11:46:15 | INFO     |   验证指标(标准CE):
2025-07-23 11:46:15 | INFO     |     损失: 0.235724
2025-07-23 11:46:15 | INFO     |     准确率: 0.949062
2025-07-23 11:46:15 | INFO     |     F1(macro): 0.949950
2025-07-23 11:46:15 | INFO     |     F1(weighted): 0.947793
2025-07-23 11:46:15 | INFO     |     精确率: 0.955312
2025-07-23 11:46:15 | INFO     |     召回率: 0.951929
2025-07-23 11:46:15 | INFO     |   学习率调度器: f1_based
2025-07-23 11:46:15 | INFO     | ------------------------------------------------------------
2025-07-23 11:46:15 | INFO     | Epoch  33 | Train: Loss=0.2647, Acc=0.9277 | Val: Loss=0.2357, Acc=0.9491, F1=0.9478 | LR=0.000050 
2025-07-23 11:50:41 | INFO     | Epoch 34:
2025-07-23 11:50:41 | INFO     |   训练指标:
2025-07-23 11:50:41 | INFO     |     损失(ce): 0.242307
2025-07-23 11:50:41 | INFO     |     准确率: 0.932093
2025-07-23 11:50:41 | INFO     |     学习率: 0.00005000
2025-07-23 11:50:41 | INFO     |   验证指标(标准CE):
2025-07-23 11:50:41 | INFO     |     损失: 0.215336
2025-07-23 11:50:41 | INFO     |     准确率: 0.941019
2025-07-23 11:50:41 | INFO     |     F1(macro): 0.942744
2025-07-23 11:50:41 | INFO     |     F1(weighted): 0.940519
2025-07-23 11:50:41 | INFO     |     精确率: 0.952737
2025-07-23 11:50:41 | INFO     |     召回率: 0.942894
2025-07-23 11:50:41 | INFO     |   学习率调度器: f1_based
2025-07-23 11:50:41 | INFO     | ------------------------------------------------------------
2025-07-23 11:50:41 | INFO     | Epoch  34 | Train: Loss=0.2423, Acc=0.9321 | Val: Loss=0.2153, Acc=0.9410, F1=0.9405 | LR=0.000050 
2025-07-23 11:55:08 | INFO     | Epoch 35:
2025-07-23 11:55:08 | INFO     |   训练指标:
2025-07-23 11:55:08 | INFO     |     损失(ce): 0.245504
2025-07-23 11:55:08 | INFO     |     准确率: 0.928907
2025-07-23 11:55:08 | INFO     |     学习率: 0.00005000
2025-07-23 11:55:08 | INFO     |   验证指标(标准CE):
2025-07-23 11:55:08 | INFO     |     损失: 0.173662
2025-07-23 11:55:08 | INFO     |     准确率: 0.951743
2025-07-23 11:55:08 | INFO     |     F1(macro): 0.953587
2025-07-23 11:55:08 | INFO     |     F1(weighted): 0.951827
2025-07-23 11:55:08 | INFO     |     精确率: 0.958315
2025-07-23 11:55:08 | INFO     |     召回率: 0.954204
2025-07-23 11:55:08 | INFO     |   学习率调度器: f1_based
2025-07-23 11:55:08 | INFO     | ------------------------------------------------------------
2025-07-23 11:55:08 | INFO     | Epoch  35 | Train: Loss=0.2455, Acc=0.9289 | Val: Loss=0.1737, Acc=0.9517, F1=0.9518 | LR=0.000050 🏆 [最佳模型]
2025-07-23 11:59:36 | INFO     | Epoch 36:
2025-07-23 11:59:36 | INFO     |   训练指标:
2025-07-23 11:59:36 | INFO     |     损失(ce): 0.230692
2025-07-23 11:59:36 | INFO     |     准确率: 0.933769
2025-07-23 11:59:36 | INFO     |     学习率: 0.00005000
2025-07-23 11:59:36 | INFO     |   验证指标(标准CE):
2025-07-23 11:59:36 | INFO     |     损失: 0.287139
2025-07-23 11:59:36 | INFO     |     准确率: 0.941689
2025-07-23 11:59:36 | INFO     |     F1(macro): 0.943072
2025-07-23 11:59:36 | INFO     |     F1(weighted): 0.940742
2025-07-23 11:59:36 | INFO     |     精确率: 0.950780
2025-07-23 11:59:36 | INFO     |     召回率: 0.943957
2025-07-23 11:59:36 | INFO     |   学习率调度器: f1_based
2025-07-23 11:59:36 | INFO     | ------------------------------------------------------------
2025-07-23 11:59:36 | INFO     | Epoch  36 | Train: Loss=0.2307, Acc=0.9338 | Val: Loss=0.2871, Acc=0.9417, F1=0.9407 | LR=0.000050 
2025-07-23 12:04:03 | INFO     | Epoch 37:
2025-07-23 12:04:03 | INFO     |   训练指标:
2025-07-23 12:04:03 | INFO     |     损失(ce): 0.223984
2025-07-23 12:04:03 | INFO     |     准确率: 0.937458
2025-07-23 12:04:03 | INFO     |     学习率: 0.00005000
2025-07-23 12:04:03 | INFO     |   验证指标(标准CE):
2025-07-23 12:04:03 | INFO     |     损失: 0.166222
2025-07-23 12:04:03 | INFO     |     准确率: 0.951743
2025-07-23 12:04:03 | INFO     |     F1(macro): 0.953289
2025-07-23 12:04:03 | INFO     |     F1(weighted): 0.951181
2025-07-23 12:04:03 | INFO     |     精确率: 0.954236
2025-07-23 12:04:03 | INFO     |     召回率: 0.954651
2025-07-23 12:04:03 | INFO     |   学习率调度器: f1_based
2025-07-23 12:04:03 | INFO     | ------------------------------------------------------------
2025-07-23 12:04:03 | INFO     | Epoch  37 | Train: Loss=0.2240, Acc=0.9375 | Val: Loss=0.1662, Acc=0.9517, F1=0.9512 | LR=0.000050 
2025-07-23 12:08:29 | INFO     | Epoch 38:
2025-07-23 12:08:29 | INFO     |   训练指标:
2025-07-23 12:08:29 | INFO     |     损失(ce): 0.228345
2025-07-23 12:08:29 | INFO     |     准确率: 0.937626
2025-07-23 12:08:29 | INFO     |     学习率: 0.00005000
2025-07-23 12:08:29 | INFO     |   验证指标(标准CE):
2025-07-23 12:08:29 | INFO     |     损失: 0.257410
2025-07-23 12:08:29 | INFO     |     准确率: 0.943029
2025-07-23 12:08:29 | INFO     |     F1(macro): 0.944264
2025-07-23 12:08:29 | INFO     |     F1(weighted): 0.942764
2025-07-23 12:08:29 | INFO     |     精确率: 0.949247
2025-07-23 12:08:29 | INFO     |     召回率: 0.944794
2025-07-23 12:08:29 | INFO     |   学习率调度器: f1_based
2025-07-23 12:08:29 | INFO     | ------------------------------------------------------------
2025-07-23 12:08:29 | INFO     | 🎯 学习率调整事件:
2025-07-23 12:08:29 | INFO     |   调度器类型: f1_based
2025-07-23 12:08:29 | INFO     |   学习率变化: 0.00005000 → 0.00002500
2025-07-23 12:08:29 | INFO     |   触发条件: F1分数 = 0.942764
2025-07-23 12:08:29 | INFO     |   变化幅度: -50.00%
2025-07-23 12:08:29 | INFO     | ------------------------------------------------------------
2025-07-23 12:08:29 | INFO     | Epoch  38 | Train: Loss=0.2283, Acc=0.9376 | Val: Loss=0.2574, Acc=0.9430, F1=0.9428 | LR=0.000025 
2025-07-23 12:12:56 | INFO     | Epoch 39:
2025-07-23 12:12:56 | INFO     |   训练指标:
2025-07-23 12:12:56 | INFO     |     损失(ce): 0.182204
2025-07-23 12:12:56 | INFO     |     准确率: 0.948692
2025-07-23 12:12:56 | INFO     |     学习率: 0.00002500
2025-07-23 12:12:56 | INFO     |   验证指标(标准CE):
2025-07-23 12:12:56 | INFO     |     损失: 0.101124
2025-07-23 12:12:56 | INFO     |     准确率: 0.972520
2025-07-23 12:12:56 | INFO     |     F1(macro): 0.973132
2025-07-23 12:12:56 | INFO     |     F1(weighted): 0.972582
2025-07-23 12:12:56 | INFO     |     精确率: 0.974698
2025-07-23 12:12:56 | INFO     |     召回率: 0.972998
2025-07-23 12:12:56 | INFO     |   学习率调度器: f1_based
2025-07-23 12:12:56 | INFO     | ------------------------------------------------------------
2025-07-23 12:12:56 | INFO     | Epoch  39 | Train: Loss=0.1822, Acc=0.9487 | Val: Loss=0.1011, Acc=0.9725, F1=0.9726 | LR=0.000025 🏆 [最佳模型]
2025-07-23 12:17:24 | INFO     | Epoch 40:
2025-07-23 12:17:24 | INFO     |   训练指标:
2025-07-23 12:17:24 | INFO     |     损失(ce): 0.160487
2025-07-23 12:17:24 | INFO     |     准确率: 0.954058
2025-07-23 12:17:24 | INFO     |     学习率: 0.00002500
2025-07-23 12:17:24 | INFO     |   验证指标(标准CE):
2025-07-23 12:17:24 | INFO     |     损失: 0.134859
2025-07-23 12:17:24 | INFO     |     准确率: 0.955764
2025-07-23 12:17:24 | INFO     |     F1(macro): 0.958271
2025-07-23 12:17:24 | INFO     |     F1(weighted): 0.956532
2025-07-23 12:17:24 | INFO     |     精确率: 0.962463
2025-07-23 12:17:24 | INFO     |     召回率: 0.957356
2025-07-23 12:17:24 | INFO     |   学习率调度器: f1_based
2025-07-23 12:17:24 | INFO     | ------------------------------------------------------------
2025-07-23 12:17:24 | INFO     | Epoch  40 | Train: Loss=0.1605, Acc=0.9541 | Val: Loss=0.1349, Acc=0.9558, F1=0.9565 | LR=0.000025 
2025-07-23 12:21:51 | INFO     | Epoch 41:
2025-07-23 12:21:51 | INFO     |   训练指标:
2025-07-23 12:21:51 | INFO     |     损失(ce): 0.155940
2025-07-23 12:21:51 | INFO     |     准确率: 0.955734
2025-07-23 12:21:51 | INFO     |     学习率: 0.00002500
2025-07-23 12:21:51 | INFO     |   验证指标(标准CE):
2025-07-23 12:21:51 | INFO     |     损失: 0.122823
2025-07-23 12:21:51 | INFO     |     准确率: 0.961126
2025-07-23 12:21:51 | INFO     |     F1(macro): 0.962548
2025-07-23 12:21:51 | INFO     |     F1(weighted): 0.961364
2025-07-23 12:21:51 | INFO     |     精确率: 0.964357
2025-07-23 12:21:51 | INFO     |     召回率: 0.962346
2025-07-23 12:21:51 | INFO     |   学习率调度器: f1_based
2025-07-23 12:21:51 | INFO     | ------------------------------------------------------------
2025-07-23 12:21:51 | INFO     | Epoch  41 | Train: Loss=0.1559, Acc=0.9557 | Val: Loss=0.1228, Acc=0.9611, F1=0.9614 | LR=0.000025 
2025-07-23 12:26:18 | INFO     | Epoch 42:
2025-07-23 12:26:18 | INFO     |   训练指标:
2025-07-23 12:26:18 | INFO     |     损失(ce): 0.146434
2025-07-23 12:26:18 | INFO     |     准确率: 0.957243
2025-07-23 12:26:18 | INFO     |     学习率: 0.00002500
2025-07-23 12:26:18 | INFO     |   验证指标(标准CE):
2025-07-23 12:26:18 | INFO     |     损失: 0.111269
2025-07-23 12:26:18 | INFO     |     准确率: 0.971850
2025-07-23 12:26:18 | INFO     |     F1(macro): 0.972666
2025-07-23 12:26:18 | INFO     |     F1(weighted): 0.971815
2025-07-23 12:26:18 | INFO     |     精确率: 0.973259
2025-07-23 12:26:18 | INFO     |     召回率: 0.973347
2025-07-23 12:26:18 | INFO     |   学习率调度器: f1_based
2025-07-23 12:26:18 | INFO     | ------------------------------------------------------------
2025-07-23 12:26:18 | INFO     | Epoch  42 | Train: Loss=0.1464, Acc=0.9572 | Val: Loss=0.1113, Acc=0.9718, F1=0.9718 | LR=0.000025 
2025-07-23 12:30:45 | INFO     | Epoch 43:
2025-07-23 12:30:45 | INFO     |   训练指标:
2025-07-23 12:30:45 | INFO     |     损失(ce): 0.150827
2025-07-23 12:30:45 | INFO     |     准确率: 0.957411
2025-07-23 12:30:45 | INFO     |     学习率: 0.00002500
2025-07-23 12:30:45 | INFO     |   验证指标(标准CE):
2025-07-23 12:30:45 | INFO     |     损失: 0.122156
2025-07-23 12:30:45 | INFO     |     准确率: 0.972520
2025-07-23 12:30:45 | INFO     |     F1(macro): 0.973450
2025-07-23 12:30:45 | INFO     |     F1(weighted): 0.972595
2025-07-23 12:30:45 | INFO     |     精确率: 0.975365
2025-07-23 12:30:45 | INFO     |     召回率: 0.973609
2025-07-23 12:30:45 | INFO     |   学习率调度器: f1_based
2025-07-23 12:30:45 | INFO     | ------------------------------------------------------------
2025-07-23 12:30:45 | INFO     | Epoch  43 | Train: Loss=0.1508, Acc=0.9574 | Val: Loss=0.1222, Acc=0.9725, F1=0.9726 | LR=0.000025 🏆 [最佳模型]
2025-07-23 12:35:13 | INFO     | Epoch 44:
2025-07-23 12:35:13 | INFO     |   训练指标:
2025-07-23 12:35:13 | INFO     |     损失(ce): 0.154688
2025-07-23 12:35:13 | INFO     |     准确率: 0.958753
2025-07-23 12:35:13 | INFO     |     学习率: 0.00002500
2025-07-23 12:35:13 | INFO     |   验证指标(标准CE):
2025-07-23 12:35:13 | INFO     |     损失: 0.125793
2025-07-23 12:35:13 | INFO     |     准确率: 0.969839
2025-07-23 12:35:13 | INFO     |     F1(macro): 0.970895
2025-07-23 12:35:13 | INFO     |     F1(weighted): 0.969846
2025-07-23 12:35:13 | INFO     |     精确率: 0.972503
2025-07-23 12:35:13 | INFO     |     召回率: 0.970468
2025-07-23 12:35:13 | INFO     |   学习率调度器: f1_based
2025-07-23 12:35:13 | INFO     | ------------------------------------------------------------
2025-07-23 12:35:13 | INFO     | Epoch  44 | Train: Loss=0.1547, Acc=0.9588 | Val: Loss=0.1258, Acc=0.9698, F1=0.9698 | LR=0.000025 
2025-07-23 12:39:39 | INFO     | Epoch 45:
2025-07-23 12:39:39 | INFO     |   训练指标:
2025-07-23 12:39:39 | INFO     |     损失(ce): 0.137071
2025-07-23 12:39:39 | INFO     |     准确率: 0.959926
2025-07-23 12:39:39 | INFO     |     学习率: 0.00002500
2025-07-23 12:39:39 | INFO     |   验证指标(标准CE):
2025-07-23 12:39:39 | INFO     |     损失: 0.132371
2025-07-23 12:39:39 | INFO     |     准确率: 0.965818
2025-07-23 12:39:39 | INFO     |     F1(macro): 0.966673
2025-07-23 12:39:39 | INFO     |     F1(weighted): 0.965845
2025-07-23 12:39:39 | INFO     |     精确率: 0.968219
2025-07-23 12:39:39 | INFO     |     召回率: 0.966792
2025-07-23 12:39:39 | INFO     |   学习率调度器: f1_based
2025-07-23 12:39:39 | INFO     | ------------------------------------------------------------
2025-07-23 12:39:39 | INFO     | Epoch  45 | Train: Loss=0.1371, Acc=0.9599 | Val: Loss=0.1324, Acc=0.9658, F1=0.9658 | LR=0.000025 
2025-07-23 12:44:06 | INFO     | Epoch 46:
2025-07-23 12:44:06 | INFO     |   训练指标:
2025-07-23 12:44:06 | INFO     |     损失(ce): 0.122346
2025-07-23 12:44:06 | INFO     |     准确率: 0.958585
2025-07-23 12:44:06 | INFO     |     学习率: 0.00002500
2025-07-23 12:44:06 | INFO     |   验证指标(标准CE):
2025-07-23 12:44:06 | INFO     |     损失: 0.135478
2025-07-23 12:44:06 | INFO     |     准确率: 0.964477
2025-07-23 12:44:06 | INFO     |     F1(macro): 0.964996
2025-07-23 12:44:06 | INFO     |     F1(weighted): 0.964465
2025-07-23 12:44:06 | INFO     |     精确率: 0.966115
2025-07-23 12:44:06 | INFO     |     召回率: 0.965621
2025-07-23 12:44:06 | INFO     |   学习率调度器: f1_based
2025-07-23 12:44:06 | INFO     | ------------------------------------------------------------
2025-07-23 12:44:06 | INFO     | 🎯 学习率调整事件:
2025-07-23 12:44:06 | INFO     |   调度器类型: f1_based
2025-07-23 12:44:06 | INFO     |   学习率变化: 0.00002500 → 0.00001250
2025-07-23 12:44:06 | INFO     |   触发条件: F1分数 = 0.964465
2025-07-23 12:44:06 | INFO     |   变化幅度: -50.00%
2025-07-23 12:44:06 | INFO     | ------------------------------------------------------------
2025-07-23 12:44:06 | INFO     | Epoch  46 | Train: Loss=0.1223, Acc=0.9586 | Val: Loss=0.1355, Acc=0.9645, F1=0.9645 | LR=0.000013 
2025-07-23 12:48:32 | INFO     | Epoch 47:
2025-07-23 12:48:32 | INFO     |   训练指标:
2025-07-23 12:48:32 | INFO     |     损失(ce): 0.113947
2025-07-23 12:48:32 | INFO     |     准确率: 0.965292
2025-07-23 12:48:32 | INFO     |     学习率: 0.00001250
2025-07-23 12:48:32 | INFO     |   验证指标(标准CE):
2025-07-23 12:48:32 | INFO     |     损失: 0.131983
2025-07-23 12:48:32 | INFO     |     准确率: 0.973190
2025-07-23 12:48:32 | INFO     |     F1(macro): 0.973984
2025-07-23 12:48:32 | INFO     |     F1(weighted): 0.973204
2025-07-23 12:48:32 | INFO     |     精确率: 0.975487
2025-07-23 12:48:32 | INFO     |     召回率: 0.974488
2025-07-23 12:48:32 | INFO     |   学习率调度器: f1_based
2025-07-23 12:48:32 | INFO     | ------------------------------------------------------------
2025-07-23 12:48:32 | INFO     | Epoch  47 | Train: Loss=0.1139, Acc=0.9653 | Val: Loss=0.1320, Acc=0.9732, F1=0.9732 | LR=0.000013 🏆 [最佳模型]
2025-07-23 12:53:01 | INFO     | Epoch 48:
2025-07-23 12:53:01 | INFO     |   训练指标:
2025-07-23 12:53:01 | INFO     |     损失(ce): 0.112548
2025-07-23 12:53:01 | INFO     |     准确率: 0.966633
2025-07-23 12:53:01 | INFO     |     学习率: 0.00001250
2025-07-23 12:53:01 | INFO     |   验证指标(标准CE):
2025-07-23 12:53:01 | INFO     |     损失: 0.140805
2025-07-23 12:53:01 | INFO     |     准确率: 0.973861
2025-07-23 12:53:01 | INFO     |     F1(macro): 0.974468
2025-07-23 12:53:01 | INFO     |     F1(weighted): 0.973762
2025-07-23 12:53:01 | INFO     |     精确率: 0.976999
2025-07-23 12:53:01 | INFO     |     召回率: 0.974377
2025-07-23 12:53:01 | INFO     |   学习率调度器: f1_based
2025-07-23 12:53:01 | INFO     | ------------------------------------------------------------
2025-07-23 12:53:01 | INFO     | Epoch  48 | Train: Loss=0.1125, Acc=0.9666 | Val: Loss=0.1408, Acc=0.9739, F1=0.9738 | LR=0.000013 🏆 [最佳模型]
2025-07-23 12:57:28 | INFO     | Epoch 49:
2025-07-23 12:57:28 | INFO     |   训练指标:
2025-07-23 12:57:28 | INFO     |     损失(ce): 0.116216
2025-07-23 12:57:28 | INFO     |     准确率: 0.966465
2025-07-23 12:57:28 | INFO     |     学习率: 0.00001250
2025-07-23 12:57:28 | INFO     |   验证指标(标准CE):
2025-07-23 12:57:28 | INFO     |     损失: 0.081312
2025-07-23 12:57:28 | INFO     |     准确率: 0.973190
2025-07-23 12:57:28 | INFO     |     F1(macro): 0.974090
2025-07-23 12:57:28 | INFO     |     F1(weighted): 0.973194
2025-07-23 12:57:28 | INFO     |     精确率: 0.975684
2025-07-23 12:57:28 | INFO     |     召回率: 0.973477
2025-07-23 12:57:28 | INFO     |   学习率调度器: f1_based
2025-07-23 12:57:28 | INFO     | ------------------------------------------------------------
2025-07-23 12:57:28 | INFO     | Epoch  49 | Train: Loss=0.1162, Acc=0.9665 | Val: Loss=0.0813, Acc=0.9732, F1=0.9732 | LR=0.000013 
2025-07-23 13:01:55 | INFO     | Epoch 50:
2025-07-23 13:01:55 | INFO     |   训练指标:
2025-07-23 13:01:55 | INFO     |     损失(ce): 0.099212
2025-07-23 13:01:55 | INFO     |     准确率: 0.969651
2025-07-23 13:01:55 | INFO     |     学习率: 0.00001250
2025-07-23 13:01:55 | INFO     |   验证指标(标准CE):
2025-07-23 13:01:55 | INFO     |     损失: 0.130834
2025-07-23 13:01:55 | INFO     |     准确率: 0.971850
2025-07-23 13:01:55 | INFO     |     F1(macro): 0.972535
2025-07-23 13:01:55 | INFO     |     F1(weighted): 0.971933
2025-07-23 13:01:55 | INFO     |     精确率: 0.974187
2025-07-23 13:01:55 | INFO     |     召回率: 0.972847
2025-07-23 13:01:55 | INFO     |   学习率调度器: f1_based
2025-07-23 13:01:55 | INFO     | ------------------------------------------------------------
2025-07-23 13:01:55 | INFO     | Epoch  50 | Train: Loss=0.0992, Acc=0.9697 | Val: Loss=0.1308, Acc=0.9718, F1=0.9719 | LR=0.000013 
2025-07-23 13:06:21 | INFO     | Epoch 51:
2025-07-23 13:06:21 | INFO     |   训练指标:
2025-07-23 13:06:21 | INFO     |     损失(ce): 0.093319
2025-07-23 13:06:21 | INFO     |     准确率: 0.969316
2025-07-23 13:06:21 | INFO     |     学习率: 0.00001250
2025-07-23 13:06:21 | INFO     |   验证指标(标准CE):
2025-07-23 13:06:21 | INFO     |     损失: 0.115474
2025-07-23 13:06:21 | INFO     |     准确率: 0.973861
2025-07-23 13:06:21 | INFO     |     F1(macro): 0.974572
2025-07-23 13:06:21 | INFO     |     F1(weighted): 0.973779
2025-07-23 13:06:21 | INFO     |     精确率: 0.976403
2025-07-23 13:06:21 | INFO     |     召回率: 0.974465
2025-07-23 13:06:21 | INFO     |   学习率调度器: f1_based
2025-07-23 13:06:21 | INFO     | ------------------------------------------------------------
2025-07-23 13:06:21 | INFO     | Epoch  51 | Train: Loss=0.0933, Acc=0.9693 | Val: Loss=0.1155, Acc=0.9739, F1=0.9738 | LR=0.000013 🏆 [最佳模型]
2025-07-23 13:10:49 | INFO     | Epoch 52:
2025-07-23 13:10:49 | INFO     |   训练指标:
2025-07-23 13:10:49 | INFO     |     损失(ce): 0.106141
2025-07-23 13:10:49 | INFO     |     准确率: 0.969316
2025-07-23 13:10:49 | INFO     |     学习率: 0.00001250
2025-07-23 13:10:49 | INFO     |   验证指标(标准CE):
2025-07-23 13:10:49 | INFO     |     损失: 0.088238
2025-07-23 13:10:49 | INFO     |     准确率: 0.973861
2025-07-23 13:10:49 | INFO     |     F1(macro): 0.974800
2025-07-23 13:10:49 | INFO     |     F1(weighted): 0.973911
2025-07-23 13:10:49 | INFO     |     精确率: 0.976444
2025-07-23 13:10:49 | INFO     |     召回率: 0.974969
2025-07-23 13:10:49 | INFO     |   学习率调度器: f1_based
2025-07-23 13:10:49 | INFO     | ------------------------------------------------------------
2025-07-23 13:10:49 | INFO     | Epoch  52 | Train: Loss=0.1061, Acc=0.9693 | Val: Loss=0.0882, Acc=0.9739, F1=0.9739 | LR=0.000013 🏆 [最佳模型]
2025-07-23 13:15:17 | INFO     | Epoch 53:
2025-07-23 13:15:17 | INFO     |   训练指标:
2025-07-23 13:15:17 | INFO     |     损失(ce): 0.077013
2025-07-23 13:15:17 | INFO     |     准确率: 0.971831
2025-07-23 13:15:17 | INFO     |     学习率: 0.00001250
2025-07-23 13:15:17 | INFO     |   验证指标(标准CE):
2025-07-23 13:15:17 | INFO     |     损失: 0.119794
2025-07-23 13:15:17 | INFO     |     准确率: 0.973190
2025-07-23 13:15:17 | INFO     |     F1(macro): 0.973645
2025-07-23 13:15:17 | INFO     |     F1(weighted): 0.973195
2025-07-23 13:15:17 | INFO     |     精确率: 0.975563
2025-07-23 13:15:17 | INFO     |     召回率: 0.974215
2025-07-23 13:15:17 | INFO     |   学习率调度器: f1_based
2025-07-23 13:15:17 | INFO     | ------------------------------------------------------------
2025-07-23 13:15:17 | INFO     | Epoch  53 | Train: Loss=0.0770, Acc=0.9718 | Val: Loss=0.1198, Acc=0.9732, F1=0.9732 | LR=0.000013 
2025-07-23 13:19:43 | INFO     | Epoch 54:
2025-07-23 13:19:43 | INFO     |   训练指标:
2025-07-23 13:19:43 | INFO     |     损失(ce): 0.101291
2025-07-23 13:19:43 | INFO     |     准确率: 0.969651
2025-07-23 13:19:43 | INFO     |     学习率: 0.00001250
2025-07-23 13:19:43 | INFO     |   验证指标(标准CE):
2025-07-23 13:19:43 | INFO     |     损失: 0.127941
2025-07-23 13:19:43 | INFO     |     准确率: 0.972520
2025-07-23 13:19:43 | INFO     |     F1(macro): 0.973585
2025-07-23 13:19:43 | INFO     |     F1(weighted): 0.972683
2025-07-23 13:19:43 | INFO     |     精确率: 0.975314
2025-07-23 13:19:43 | INFO     |     召回率: 0.973498
2025-07-23 13:19:43 | INFO     |   学习率调度器: f1_based
2025-07-23 13:19:43 | INFO     | ------------------------------------------------------------
2025-07-23 13:19:43 | INFO     | 🎯 学习率调整事件:
2025-07-23 13:19:43 | INFO     |   调度器类型: f1_based
2025-07-23 13:19:43 | INFO     |   学习率变化: 0.00001250 → 0.00000625
2025-07-23 13:19:43 | INFO     |   触发条件: F1分数 = 0.972683
2025-07-23 13:19:43 | INFO     |   变化幅度: -50.00%
2025-07-23 13:19:43 | INFO     | ------------------------------------------------------------
2025-07-23 13:19:43 | INFO     | Epoch  54 | Train: Loss=0.1013, Acc=0.9697 | Val: Loss=0.1279, Acc=0.9725, F1=0.9727 | LR=0.000006 
2025-07-23 13:24:10 | INFO     | Epoch 55:
2025-07-23 13:24:10 | INFO     |   训练指标:
2025-07-23 13:24:10 | INFO     |     损失(ce): 0.098771
2025-07-23 13:24:10 | INFO     |     准确率: 0.968142
2025-07-23 13:24:10 | INFO     |     学习率: 0.00000625
2025-07-23 13:24:10 | INFO     |   验证指标(标准CE):
2025-07-23 13:24:10 | INFO     |     损失: 0.117503
2025-07-23 13:24:10 | INFO     |     准确率: 0.973861
2025-07-23 13:24:10 | INFO     |     F1(macro): 0.974672
2025-07-23 13:24:10 | INFO     |     F1(weighted): 0.973853
2025-07-23 13:24:10 | INFO     |     精确率: 0.976232
2025-07-23 13:24:10 | INFO     |     召回率: 0.974857
2025-07-23 13:24:10 | INFO     |   学习率调度器: f1_based
2025-07-23 13:24:10 | INFO     | ------------------------------------------------------------
2025-07-23 13:24:10 | INFO     | Epoch  55 | Train: Loss=0.0988, Acc=0.9681 | Val: Loss=0.1175, Acc=0.9739, F1=0.9739 | LR=0.000006 
2025-07-23 13:28:37 | INFO     | Epoch 56:
2025-07-23 13:28:37 | INFO     |   训练指标:
2025-07-23 13:28:37 | INFO     |     损失(ce): 0.082078
2025-07-23 13:28:37 | INFO     |     准确率: 0.972669
2025-07-23 13:28:37 | INFO     |     学习率: 0.00000625
2025-07-23 13:28:37 | INFO     |   验证指标(标准CE):
2025-07-23 13:28:37 | INFO     |     损失: 0.121752
2025-07-23 13:28:37 | INFO     |     准确率: 0.973190
2025-07-23 13:28:37 | INFO     |     F1(macro): 0.974082
2025-07-23 13:28:37 | INFO     |     F1(weighted): 0.973378
2025-07-23 13:28:37 | INFO     |     精确率: 0.975950
2025-07-23 13:28:37 | INFO     |     召回率: 0.974340
2025-07-23 13:28:37 | INFO     |   学习率调度器: f1_based
2025-07-23 13:28:37 | INFO     | ------------------------------------------------------------
2025-07-23 13:28:37 | INFO     | Epoch  56 | Train: Loss=0.0821, Acc=0.9727 | Val: Loss=0.1218, Acc=0.9732, F1=0.9734 | LR=0.000006 
2025-07-23 13:33:04 | INFO     | Epoch 57:
2025-07-23 13:33:04 | INFO     |   训练指标:
2025-07-23 13:33:04 | INFO     |     损失(ce): 0.108458
2025-07-23 13:33:04 | INFO     |     准确率: 0.970490
2025-07-23 13:33:04 | INFO     |     学习率: 0.00000625
2025-07-23 13:33:04 | INFO     |   验证指标(标准CE):
2025-07-23 13:33:04 | INFO     |     损失: 0.124180
2025-07-23 13:33:04 | INFO     |     准确率: 0.975201
2025-07-23 13:33:04 | INFO     |     F1(macro): 0.975459
2025-07-23 13:33:04 | INFO     |     F1(weighted): 0.975207
2025-07-23 13:33:04 | INFO     |     精确率: 0.977148
2025-07-23 13:33:04 | INFO     |     召回率: 0.976091
2025-07-23 13:33:04 | INFO     |   学习率调度器: f1_based
2025-07-23 13:33:04 | INFO     | ------------------------------------------------------------
2025-07-23 13:33:04 | INFO     | Epoch  57 | Train: Loss=0.1085, Acc=0.9705 | Val: Loss=0.1242, Acc=0.9752, F1=0.9752 | LR=0.000006 🏆 [最佳模型]
2025-07-23 13:37:31 | INFO     | Epoch 58:
2025-07-23 13:37:31 | INFO     |   训练指标:
2025-07-23 13:37:31 | INFO     |     损失(ce): 0.081543
2025-07-23 13:37:31 | INFO     |     准确率: 0.973340
2025-07-23 13:37:31 | INFO     |     学习率: 0.00000625
2025-07-23 13:37:31 | INFO     |   验证指标(标准CE):
2025-07-23 13:37:31 | INFO     |     损失: 0.137241
2025-07-23 13:37:31 | INFO     |     准确率: 0.968499
2025-07-23 13:37:31 | INFO     |     F1(macro): 0.969999
2025-07-23 13:37:31 | INFO     |     F1(weighted): 0.968881
2025-07-23 13:37:31 | INFO     |     精确率: 0.974179
2025-07-23 13:37:31 | INFO     |     召回率: 0.969810
2025-07-23 13:37:31 | INFO     |   学习率调度器: f1_based
2025-07-23 13:37:31 | INFO     | ------------------------------------------------------------
2025-07-23 13:37:31 | INFO     | Epoch  58 | Train: Loss=0.0815, Acc=0.9733 | Val: Loss=0.1372, Acc=0.9685, F1=0.9689 | LR=0.000006 
2025-07-23 13:41:58 | INFO     | Epoch 59:
2025-07-23 13:41:58 | INFO     |   训练指标:
2025-07-23 13:41:58 | INFO     |     损失(ce): 0.102596
2025-07-23 13:41:58 | INFO     |     准确率: 0.970322
2025-07-23 13:41:58 | INFO     |     学习率: 0.00000625
2025-07-23 13:41:58 | INFO     |   验证指标(标准CE):
2025-07-23 13:41:58 | INFO     |     损失: 0.092035
2025-07-23 13:41:58 | INFO     |     准确率: 0.974531
2025-07-23 13:41:58 | INFO     |     F1(macro): 0.975106
2025-07-23 13:41:58 | INFO     |     F1(weighted): 0.974478
2025-07-23 13:41:58 | INFO     |     精确率: 0.975928
2025-07-23 13:41:58 | INFO     |     召回率: 0.975637
2025-07-23 13:41:58 | INFO     |   学习率调度器: f1_based
2025-07-23 13:41:58 | INFO     | ------------------------------------------------------------
2025-07-23 13:41:58 | INFO     | Epoch  59 | Train: Loss=0.1026, Acc=0.9703 | Val: Loss=0.0920, Acc=0.9745, F1=0.9745 | LR=0.000006 
2025-07-23 13:46:25 | INFO     | Epoch 60:
2025-07-23 13:46:25 | INFO     |   训练指标:
2025-07-23 13:46:25 | INFO     |     损失(ce): 0.087740
2025-07-23 13:46:25 | INFO     |     准确率: 0.973843
2025-07-23 13:46:25 | INFO     |     学习率: 0.00000625
2025-07-23 13:46:25 | INFO     |   验证指标(标准CE):
2025-07-23 13:46:25 | INFO     |     损失: 0.106634
2025-07-23 13:46:25 | INFO     |     准确率: 0.979893
2025-07-23 13:46:25 | INFO     |     F1(macro): 0.980398
2025-07-23 13:46:25 | INFO     |     F1(weighted): 0.979842
2025-07-23 13:46:25 | INFO     |     精确率: 0.981630
2025-07-23 13:46:25 | INFO     |     召回率: 0.980415
2025-07-23 13:46:25 | INFO     |   学习率调度器: f1_based
2025-07-23 13:46:25 | INFO     | ------------------------------------------------------------
2025-07-23 13:46:25 | INFO     | Epoch  60 | Train: Loss=0.0877, Acc=0.9738 | Val: Loss=0.1066, Acc=0.9799, F1=0.9798 | LR=0.000006 🏆 [最佳模型]
2025-07-23 13:50:53 | INFO     | Epoch 61:
2025-07-23 13:50:53 | INFO     |   训练指标:
2025-07-23 13:50:53 | INFO     |     损失(ce): 0.083758
2025-07-23 13:50:53 | INFO     |     准确率: 0.975352
2025-07-23 13:50:53 | INFO     |     学习率: 0.00000625
2025-07-23 13:50:53 | INFO     |   验证指标(标准CE):
2025-07-23 13:50:53 | INFO     |     损失: 0.118116
2025-07-23 13:50:53 | INFO     |     准确率: 0.976542
2025-07-23 13:50:53 | INFO     |     F1(macro): 0.977066
2025-07-23 13:50:53 | INFO     |     F1(weighted): 0.976499
2025-07-23 13:50:53 | INFO     |     精确率: 0.978227
2025-07-23 13:50:53 | INFO     |     召回率: 0.977702
2025-07-23 13:50:53 | INFO     |   学习率调度器: f1_based
2025-07-23 13:50:53 | INFO     | ------------------------------------------------------------
2025-07-23 13:50:53 | INFO     | Epoch  61 | Train: Loss=0.0838, Acc=0.9754 | Val: Loss=0.1181, Acc=0.9765, F1=0.9765 | LR=0.000006 
2025-07-23 13:55:19 | INFO     | Epoch 62:
2025-07-23 13:55:19 | INFO     |   训练指标:
2025-07-23 13:55:19 | INFO     |     损失(ce): 0.080818
2025-07-23 13:55:19 | INFO     |     准确率: 0.975017
2025-07-23 13:55:19 | INFO     |     学习率: 0.00000625
2025-07-23 13:55:19 | INFO     |   验证指标(标准CE):
2025-07-23 13:55:19 | INFO     |     损失: 0.136615
2025-07-23 13:55:19 | INFO     |     准确率: 0.976542
2025-07-23 13:55:19 | INFO     |     F1(macro): 0.976841
2025-07-23 13:55:19 | INFO     |     F1(weighted): 0.976494
2025-07-23 13:55:19 | INFO     |     精确率: 0.978252
2025-07-23 13:55:19 | INFO     |     召回率: 0.977693
2025-07-23 13:55:19 | INFO     |   学习率调度器: f1_based
2025-07-23 13:55:19 | INFO     | ------------------------------------------------------------
2025-07-23 13:55:19 | INFO     | Epoch  62 | Train: Loss=0.0808, Acc=0.9750 | Val: Loss=0.1366, Acc=0.9765, F1=0.9765 | LR=0.000006 
2025-07-23 13:59:46 | INFO     | Epoch 63:
2025-07-23 13:59:46 | INFO     |   训练指标:
2025-07-23 13:59:46 | INFO     |     损失(ce): 0.076474
2025-07-23 13:59:46 | INFO     |     准确率: 0.976023
2025-07-23 13:59:46 | INFO     |     学习率: 0.00000625
2025-07-23 13:59:46 | INFO     |   验证指标(标准CE):
2025-07-23 13:59:46 | INFO     |     损失: 0.115400
2025-07-23 13:59:46 | INFO     |     准确率: 0.977212
2025-07-23 13:59:46 | INFO     |     F1(macro): 0.977626
2025-07-23 13:59:46 | INFO     |     F1(weighted): 0.977249
2025-07-23 13:59:46 | INFO     |     精确率: 0.978741
2025-07-23 13:59:46 | INFO     |     召回率: 0.978371
2025-07-23 13:59:46 | INFO     |   学习率调度器: f1_based
2025-07-23 13:59:46 | INFO     | ------------------------------------------------------------
2025-07-23 13:59:46 | INFO     | Epoch  63 | Train: Loss=0.0765, Acc=0.9760 | Val: Loss=0.1154, Acc=0.9772, F1=0.9772 | LR=0.000006 
2025-07-23 14:04:12 | INFO     | Epoch 64:
2025-07-23 14:04:12 | INFO     |   训练指标:
2025-07-23 14:04:12 | INFO     |     损失(ce): 0.078801
2025-07-23 14:04:12 | INFO     |     准确率: 0.976861
2025-07-23 14:04:12 | INFO     |     学习率: 0.00000625
2025-07-23 14:04:12 | INFO     |   验证指标(标准CE):
2025-07-23 14:04:12 | INFO     |     损失: 0.160360
2025-07-23 14:04:12 | INFO     |     准确率: 0.975201
2025-07-23 14:04:12 | INFO     |     F1(macro): 0.975855
2025-07-23 14:04:12 | INFO     |     F1(weighted): 0.975273
2025-07-23 14:04:12 | INFO     |     精确率: 0.977348
2025-07-23 14:04:12 | INFO     |     召回率: 0.976400
2025-07-23 14:04:12 | INFO     |   学习率调度器: f1_based
2025-07-23 14:04:12 | INFO     | ------------------------------------------------------------
2025-07-23 14:04:12 | INFO     | Epoch  64 | Train: Loss=0.0788, Acc=0.9769 | Val: Loss=0.1604, Acc=0.9752, F1=0.9753 | LR=0.000006 
2025-07-23 14:08:39 | INFO     | Epoch 65:
2025-07-23 14:08:39 | INFO     |   训练指标:
2025-07-23 14:08:39 | INFO     |     损失(ce): 0.073723
2025-07-23 14:08:39 | INFO     |     准确率: 0.976861
2025-07-23 14:08:39 | INFO     |     学习率: 0.00000625
2025-07-23 14:08:39 | INFO     |   验证指标(标准CE):
2025-07-23 14:08:39 | INFO     |     损失: 0.119543
2025-07-23 14:08:39 | INFO     |     准确率: 0.975871
2025-07-23 14:08:39 | INFO     |     F1(macro): 0.976175
2025-07-23 14:08:39 | INFO     |     F1(weighted): 0.975731
2025-07-23 14:08:39 | INFO     |     精确率: 0.976787
2025-07-23 14:08:39 | INFO     |     召回率: 0.977086
2025-07-23 14:08:39 | INFO     |   学习率调度器: f1_based
2025-07-23 14:08:39 | INFO     | ------------------------------------------------------------
2025-07-23 14:08:39 | INFO     | Epoch  65 | Train: Loss=0.0737, Acc=0.9769 | Val: Loss=0.1195, Acc=0.9759, F1=0.9757 | LR=0.000006 
2025-07-23 14:13:06 | INFO     | Epoch 66:
2025-07-23 14:13:06 | INFO     |   训练指标:
2025-07-23 14:13:06 | INFO     |     损失(ce): 0.074174
2025-07-23 14:13:06 | INFO     |     准确率: 0.978035
2025-07-23 14:13:06 | INFO     |     学习率: 0.00000625
2025-07-23 14:13:06 | INFO     |   验证指标(标准CE):
2025-07-23 14:13:06 | INFO     |     损失: 0.135868
2025-07-23 14:13:06 | INFO     |     准确率: 0.975871
2025-07-23 14:13:06 | INFO     |     F1(macro): 0.976440
2025-07-23 14:13:06 | INFO     |     F1(weighted): 0.975870
2025-07-23 14:13:06 | INFO     |     精确率: 0.977885
2025-07-23 14:13:06 | INFO     |     召回率: 0.977030
2025-07-23 14:13:06 | INFO     |   学习率调度器: f1_based
2025-07-23 14:13:06 | INFO     | ------------------------------------------------------------
2025-07-23 14:13:06 | INFO     | 🎯 学习率调整事件:
2025-07-23 14:13:06 | INFO     |   调度器类型: f1_based
2025-07-23 14:13:06 | INFO     |   学习率变化: 0.00000625 → 0.00000313
2025-07-23 14:13:06 | INFO     |   触发条件: F1分数 = 0.975870
2025-07-23 14:13:06 | INFO     |   变化幅度: -50.00%
2025-07-23 14:13:06 | INFO     | ------------------------------------------------------------
2025-07-23 14:13:06 | INFO     | Epoch  66 | Train: Loss=0.0742, Acc=0.9780 | Val: Loss=0.1359, Acc=0.9759, F1=0.9759 | LR=0.000003 
2025-07-23 14:17:33 | INFO     | Epoch 67:
2025-07-23 14:17:33 | INFO     |   训练指标:
2025-07-23 14:17:33 | INFO     |     损失(ce): 0.068059
2025-07-23 14:17:33 | INFO     |     准确率: 0.974178
2025-07-23 14:17:33 | INFO     |     学习率: 0.00000313
2025-07-23 14:17:33 | INFO     |   验证指标(标准CE):
2025-07-23 14:17:33 | INFO     |     损失: 0.090900
2025-07-23 14:17:33 | INFO     |     准确率: 0.975201
2025-07-23 14:17:33 | INFO     |     F1(macro): 0.975939
2025-07-23 14:17:33 | INFO     |     F1(weighted): 0.975165
2025-07-23 14:17:33 | INFO     |     精确率: 0.976459
2025-07-23 14:17:33 | INFO     |     召回率: 0.976594
2025-07-23 14:17:33 | INFO     |   学习率调度器: f1_based
2025-07-23 14:17:33 | INFO     | ------------------------------------------------------------
2025-07-23 14:17:33 | INFO     | Epoch  67 | Train: Loss=0.0681, Acc=0.9742 | Val: Loss=0.0909, Acc=0.9752, F1=0.9752 | LR=0.000003 
2025-07-23 14:21:59 | INFO     | Epoch 68:
2025-07-23 14:21:59 | INFO     |   训练指标:
2025-07-23 14:21:59 | INFO     |     损失(ce): 0.059226
2025-07-23 14:21:59 | INFO     |     准确率: 0.980550
2025-07-23 14:21:59 | INFO     |     学习率: 0.00000313
2025-07-23 14:21:59 | INFO     |   验证指标(标准CE):
2025-07-23 14:21:59 | INFO     |     损失: 0.101160
2025-07-23 14:21:59 | INFO     |     准确率: 0.977882
2025-07-23 14:21:59 | INFO     |     F1(macro): 0.978264
2025-07-23 14:21:59 | INFO     |     F1(weighted): 0.977865
2025-07-23 14:21:59 | INFO     |     精确率: 0.978813
2025-07-23 14:21:59 | INFO     |     召回率: 0.978769
2025-07-23 14:21:59 | INFO     |   学习率调度器: f1_based
2025-07-23 14:21:59 | INFO     | ------------------------------------------------------------
2025-07-23 14:21:59 | INFO     | Epoch  68 | Train: Loss=0.0592, Acc=0.9805 | Val: Loss=0.1012, Acc=0.9779, F1=0.9779 | LR=0.000003 
2025-07-23 14:26:26 | INFO     | Epoch 69:
2025-07-23 14:26:26 | INFO     |   训练指标:
2025-07-23 14:26:26 | INFO     |     损失(ce): 0.065942
2025-07-23 14:26:26 | INFO     |     准确率: 0.978706
2025-07-23 14:26:26 | INFO     |     学习率: 0.00000313
2025-07-23 14:26:26 | INFO     |   验证指标(标准CE):
2025-07-23 14:26:26 | INFO     |     损失: 0.105767
2025-07-23 14:26:26 | INFO     |     准确率: 0.976542
2025-07-23 14:26:26 | INFO     |     F1(macro): 0.976970
2025-07-23 14:26:26 | INFO     |     F1(weighted): 0.976481
2025-07-23 14:26:26 | INFO     |     精确率: 0.977838
2025-07-23 14:26:26 | INFO     |     召回率: 0.977756
2025-07-23 14:26:26 | INFO     |   学习率调度器: f1_based
2025-07-23 14:26:26 | INFO     | ------------------------------------------------------------
2025-07-23 14:26:26 | INFO     | Epoch  69 | Train: Loss=0.0659, Acc=0.9787 | Val: Loss=0.1058, Acc=0.9765, F1=0.9765 | LR=0.000003 
2025-07-23 14:30:53 | INFO     | Epoch 70:
2025-07-23 14:30:53 | INFO     |   训练指标:
2025-07-23 14:30:53 | INFO     |     损失(ce): 0.072208
2025-07-23 14:30:53 | INFO     |     准确率: 0.975855
2025-07-23 14:30:53 | INFO     |     学习率: 0.00000313
2025-07-23 14:30:53 | INFO     |   验证指标(标准CE):
2025-07-23 14:30:53 | INFO     |     损失: 0.115782
2025-07-23 14:30:53 | INFO     |     准确率: 0.975201
2025-07-23 14:30:53 | INFO     |     F1(macro): 0.975705
2025-07-23 14:30:53 | INFO     |     F1(weighted): 0.975122
2025-07-23 14:30:53 | INFO     |     精确率: 0.976513
2025-07-23 14:30:53 | INFO     |     召回率: 0.976318
2025-07-23 14:30:53 | INFO     |   学习率调度器: f1_based
2025-07-23 14:30:53 | INFO     | ------------------------------------------------------------
2025-07-23 14:30:53 | INFO     | Epoch  70 | Train: Loss=0.0722, Acc=0.9759 | Val: Loss=0.1158, Acc=0.9752, F1=0.9751 | LR=0.000003 
2025-07-23 14:35:20 | INFO     | Epoch 71:
2025-07-23 14:35:20 | INFO     |   训练指标:
2025-07-23 14:35:20 | INFO     |     损失(ce): 0.065663
2025-07-23 14:35:20 | INFO     |     准确率: 0.976526
2025-07-23 14:35:20 | INFO     |     学习率: 0.00000313
2025-07-23 14:35:20 | INFO     |   验证指标(标准CE):
2025-07-23 14:35:20 | INFO     |     损失: 0.108102
2025-07-23 14:35:20 | INFO     |     准确率: 0.975871
2025-07-23 14:35:20 | INFO     |     F1(macro): 0.976452
2025-07-23 14:35:20 | INFO     |     F1(weighted): 0.975829
2025-07-23 14:35:20 | INFO     |     精确率: 0.977382
2025-07-23 14:35:20 | INFO     |     召回率: 0.977171
2025-07-23 14:35:20 | INFO     |   学习率调度器: f1_based
2025-07-23 14:35:20 | INFO     | ------------------------------------------------------------
2025-07-23 14:35:20 | INFO     | Epoch  71 | Train: Loss=0.0657, Acc=0.9765 | Val: Loss=0.1081, Acc=0.9759, F1=0.9758 | LR=0.000003 
2025-07-23 14:39:46 | INFO     | Epoch 72:
2025-07-23 14:39:46 | INFO     |   训练指标:
2025-07-23 14:39:46 | INFO     |     损失(ce): 0.077349
2025-07-23 14:39:46 | INFO     |     准确率: 0.977029
2025-07-23 14:39:46 | INFO     |     学习率: 0.00000313
2025-07-23 14:39:46 | INFO     |   验证指标(标准CE):
2025-07-23 14:39:46 | INFO     |     损失: 0.114474
2025-07-23 14:39:46 | INFO     |     准确率: 0.977212
2025-07-23 14:39:46 | INFO     |     F1(macro): 0.977697
2025-07-23 14:39:46 | INFO     |     F1(weighted): 0.977119
2025-07-23 14:39:46 | INFO     |     精确率: 0.978769
2025-07-23 14:39:46 | INFO     |     召回率: 0.978034
2025-07-23 14:39:46 | INFO     |   学习率调度器: f1_based
2025-07-23 14:39:46 | INFO     | ------------------------------------------------------------
2025-07-23 14:39:46 | INFO     | Epoch  72 | Train: Loss=0.0773, Acc=0.9770 | Val: Loss=0.1145, Acc=0.9772, F1=0.9771 | LR=0.000003 
2025-07-23 14:44:13 | INFO     | Epoch 73:
2025-07-23 14:44:13 | INFO     |   训练指标:
2025-07-23 14:44:13 | INFO     |     损失(ce): 0.068223
2025-07-23 14:44:13 | INFO     |     准确率: 0.976861
2025-07-23 14:44:13 | INFO     |     学习率: 0.00000313
2025-07-23 14:44:13 | INFO     |   验证指标(标准CE):
2025-07-23 14:44:13 | INFO     |     损失: 0.176260
2025-07-23 14:44:13 | INFO     |     准确率: 0.971850
2025-07-23 14:44:13 | INFO     |     F1(macro): 0.972615
2025-07-23 14:44:13 | INFO     |     F1(weighted): 0.971944
2025-07-23 14:44:13 | INFO     |     精确率: 0.974162
2025-07-23 14:44:13 | INFO     |     召回率: 0.973355
2025-07-23 14:44:13 | INFO     |   学习率调度器: f1_based
2025-07-23 14:44:13 | INFO     | ------------------------------------------------------------
2025-07-23 14:44:13 | INFO     | Epoch  73 | Train: Loss=0.0682, Acc=0.9769 | Val: Loss=0.1763, Acc=0.9718, F1=0.9719 | LR=0.000003 
2025-07-23 14:48:40 | INFO     | Epoch 74:
2025-07-23 14:48:40 | INFO     |   训练指标:
2025-07-23 14:48:40 | INFO     |     损失(ce): 0.073232
2025-07-23 14:48:40 | INFO     |     准确率: 0.977197
2025-07-23 14:48:40 | INFO     |     学习率: 0.00000313
2025-07-23 14:48:40 | INFO     |   验证指标(标准CE):
2025-07-23 14:48:40 | INFO     |     损失: 0.111925
2025-07-23 14:48:40 | INFO     |     准确率: 0.974531
2025-07-23 14:48:40 | INFO     |     F1(macro): 0.975354
2025-07-23 14:48:40 | INFO     |     F1(weighted): 0.974503
2025-07-23 14:48:40 | INFO     |     精确率: 0.975775
2025-07-23 14:48:40 | INFO     |     召回率: 0.976203
2025-07-23 14:48:40 | INFO     |   学习率调度器: f1_based
2025-07-23 14:48:40 | INFO     | ------------------------------------------------------------
2025-07-23 14:48:40 | INFO     | 🎯 学习率调整事件:
2025-07-23 14:48:40 | INFO     |   调度器类型: f1_based
2025-07-23 14:48:40 | INFO     |   学习率变化: 0.00000313 → 0.00000156
2025-07-23 14:48:40 | INFO     |   触发条件: F1分数 = 0.974503
2025-07-23 14:48:40 | INFO     |   变化幅度: -50.00%
2025-07-23 14:48:40 | INFO     | ------------------------------------------------------------
2025-07-23 14:48:40 | INFO     | Epoch  74 | Train: Loss=0.0732, Acc=0.9772 | Val: Loss=0.1119, Acc=0.9745, F1=0.9745 | LR=0.000002 
2025-07-23 14:53:06 | INFO     | Epoch 75:
2025-07-23 14:53:06 | INFO     |   训练指标:
2025-07-23 14:53:06 | INFO     |     损失(ce): 0.062860
2025-07-23 14:53:06 | INFO     |     准确率: 0.978035
2025-07-23 14:53:06 | INFO     |     学习率: 0.00000156
2025-07-23 14:53:06 | INFO     |   验证指标(标准CE):
2025-07-23 14:53:06 | INFO     |     损失: 0.106977
2025-07-23 14:53:06 | INFO     |     准确率: 0.975201
2025-07-23 14:53:06 | INFO     |     F1(macro): 0.975893
2025-07-23 14:53:06 | INFO     |     F1(weighted): 0.975154
2025-07-23 14:53:06 | INFO     |     精确率: 0.976809
2025-07-23 14:53:06 | INFO     |     召回率: 0.976499
2025-07-23 14:53:06 | INFO     |   学习率调度器: f1_based
2025-07-23 14:53:06 | INFO     | ------------------------------------------------------------
2025-07-23 14:53:06 | INFO     | Epoch  75 | Train: Loss=0.0629, Acc=0.9780 | Val: Loss=0.1070, Acc=0.9752, F1=0.9752 | LR=0.000002 
2025-07-23 14:53:06 | INFO     | ⏹️ 早停触发，在第 75 轮停止训练
2025-07-23 14:53:25 | INFO     | 训练历史已保存到: ./result/0723_0919_DualGAF_DDAHU_DualGAFNet_静态融合缩放+残差分类器_sl96_step96_fd128_extractor-dilated_gaf-adaptive_attention-channel_classifier-residual_bottleneck_stat-basic_fusion-concat/training_history.csv
2025-07-23 14:53:25 | INFO     | 
====================================================================================================
2025-07-23 14:53:25 | INFO     | 🎉 训练完成总结:
2025-07-23 14:53:25 | INFO     |   训练损失函数: ce
2025-07-23 14:53:25 | INFO     |   验证损失函数: 标准交叉熵（遵循主流ML规范）
2025-07-23 14:53:25 | INFO     |   训练过程最佳验证准确率: 0.9799
2025-07-23 14:53:25 | INFO     |   训练过程最佳验证F1(macro): 0.9804
2025-07-23 14:53:25 | INFO     |   训练过程最佳验证F1(weighted): 0.9798
2025-07-23 14:53:25 | INFO     |   训练轮数: 75
2025-07-23 14:53:25 | INFO     | --------------------------------------------------
2025-07-23 14:53:25 | INFO     | 📊 最佳模型真实性能指标（基于标准交叉熵损失）:
2025-07-23 14:53:25 | INFO     |   验证损失(标准CE): 0.1066
2025-07-23 14:53:25 | INFO     |   验证准确率: 0.9799
2025-07-23 14:53:25 | INFO     |   验证F1(macro): 0.9804
2025-07-23 14:53:25 | INFO     |   验证F1(weighted): 0.9798
2025-07-23 14:53:25 | INFO     |   验证精确率: 0.9816
2025-07-23 14:53:25 | INFO     |   验证召回率: 0.9804
2025-07-23 14:53:25 | INFO     | ====================================================================================================
2025-07-23 14:53:27 | INFO     | ================================================================================
2025-07-23 14:53:27 | INFO     | 实验日志结束: DualGAF_DDAHU_DualGAFNet_静态融合缩放+残差分类器_sl96_step96_fd128_extractor-dilated_gaf-adaptive_attention-channel_classifier-residual_bottleneck_stat-basic_fusion-concat
2025-07-23 14:53:27 | INFO     | 结束时间: 2025-07-23 14:53:27
2025-07-23 14:53:27 | INFO     | ================================================================================
