2025-08-01 00:04:39 | INFO     | ================================================================================
2025-08-01 00:04:39 | INFO     | 实验日志开始: DualGAF_DDAHU_DualGAFNet_SDAHU通道压缩3,5,7_sl96_step96_fd128_extractor-dilated_gaf-adaptive_attention-channel_classifier-mlp_stat-basic_fusion-concat_compression-signal_compression_ratio-0.5
2025-08-01 00:04:39 | INFO     | 日志文件: ./result/0801_0004_DualGAF_DDAHU_DualGAFNet_SDAHU通道压缩3,5,7_sl96_step96_fd128_extractor-dilated_gaf-adaptive_attention-channel_classifier-mlp_stat-basic_fusion-concat_compression-signal_compression_ratio-0.5/training.log
2025-08-01 00:04:39 | INFO     | 开始时间: 2025-08-01 00:04:39
2025-08-01 00:04:39 | INFO     | ================================================================================
2025-08-01 00:04:39 | INFO     | ⚙️ 实验配置:
2025-08-01 00:04:39 | INFO     |    task_name: classification
2025-08-01 00:04:39 | INFO     |    is_training: 1
2025-08-01 00:04:39 | INFO     |    model_id: test
2025-08-01 00:04:39 | INFO     |    model: DualGAFNet
2025-08-01 00:04:39 | INFO     |    data: DualGAF_DDAHU
2025-08-01 00:04:39 | INFO     |    root_path: ./dataset/DDAHU/direct_5_working
2025-08-01 00:04:39 | INFO     |    step: 96
2025-08-01 00:04:39 | INFO     |    checkpoints: ./checkpoints/
2025-08-01 00:04:39 | INFO     |    num_class: 29
2025-08-01 00:04:39 | INFO     |    result_path: ./result/
2025-08-01 00:04:39 | INFO     |    test_size: 0.2
2025-08-01 00:04:39 | INFO     |    rows: None
2025-08-01 00:04:39 | INFO     |    seq_len: 96
2025-08-01 00:04:39 | INFO     |    enc_in: 97
2025-08-01 00:04:39 | INFO     |    d_model: 512
2025-08-01 00:04:39 | INFO     |    n_heads: 8
2025-08-01 00:04:39 | INFO     |    e_layers: 2
2025-08-01 00:04:39 | INFO     |    d_layers: 1
2025-08-01 00:04:39 | INFO     |    d_ff: 2048
2025-08-01 00:04:39 | INFO     |    moving_avg: 25
2025-08-01 00:04:39 | INFO     |    factor: 1
2025-08-01 00:04:39 | INFO     |    distil: True
2025-08-01 00:04:39 | INFO     |    dropout: 0.1
2025-08-01 00:04:39 | INFO     |    embed: timeF
2025-08-01 00:04:39 | INFO     |    activation: gelu
2025-08-01 00:04:39 | INFO     |    use_norm: 1
2025-08-01 00:04:39 | INFO     |    gaf_method: summation
2025-08-01 00:04:39 | INFO     |    feature_dim: 128
2025-08-01 00:04:39 | INFO     |    data_type_method: uint8
2025-08-01 00:04:39 | INFO     |    use_attention: True
2025-08-01 00:04:39 | INFO     |    hidden_dim: 64
2025-08-01 00:04:39 | INFO     |    sample_size: 1000
2025-08-01 00:04:39 | INFO     |    cnn_dropout_rate: 0.3
2025-08-01 00:04:39 | INFO     |    cnn_use_batch_norm: True
2025-08-01 00:04:39 | INFO     |    channel_groups: None
2025-08-01 00:04:39 | INFO     |    hvac_groups: None
2025-08-01 00:04:39 | INFO     |    use_channel_compression: True
2025-08-01 00:04:39 | INFO     |    compression_strategy: signal_compression
2025-08-01 00:04:39 | INFO     |    compression_ratio: 0.5
2025-08-01 00:04:39 | INFO     |    compression_channels: None
2025-08-01 00:04:39 | INFO     |    adaptive_compression_ratios: [0.5, 0.7, 0.8]
2025-08-01 00:04:39 | INFO     |    hvac_group_compression_ratios: None
2025-08-01 00:04:39 | INFO     |    extractor_type: dilated
2025-08-01 00:04:39 | INFO     |    fusion_type: adaptive
2025-08-01 00:04:39 | INFO     |    attention_type: channel
2025-08-01 00:04:39 | INFO     |    classifier_type: mlp
2025-08-01 00:04:39 | INFO     |    use_statistical_features: True
2025-08-01 00:04:39 | INFO     |    stat_type: basic
2025-08-01 00:04:39 | INFO     |    multimodal_fusion_strategy: concat
2025-08-01 00:04:39 | INFO     |    use_signal_level_stats: False
2025-08-01 00:04:39 | INFO     |    signal_stat_type: comprehensive
2025-08-01 00:04:39 | INFO     |    signal_stat_fusion_strategy: concat_project
2025-08-01 00:04:39 | INFO     |    signal_stat_feature_dim: 32
2025-08-01 00:04:39 | INFO     |    use_diff_branch: True
2025-08-01 00:04:39 | INFO     |    ablation_mode: none
2025-08-01 00:04:39 | INFO     |    backbone_type: resnet18
2025-08-01 00:04:39 | INFO     |    use_sum_branch: True
2025-08-01 00:04:39 | INFO     |    num_workers: 0
2025-08-01 00:04:39 | INFO     |    cuda_debug: False
2025-08-01 00:04:39 | INFO     |    gpu_memory_fraction: 0.9
2025-08-01 00:04:39 | INFO     |    safe_mode: True
2025-08-01 00:04:39 | INFO     |    drop_last_batch: True
2025-08-01 00:04:39 | INFO     |    itr: 1
2025-08-01 00:04:39 | INFO     |    train_epochs: 300
2025-08-01 00:04:39 | INFO     |    batch_size: 4
2025-08-01 00:04:39 | INFO     |    patience: 15
2025-08-01 00:04:39 | INFO     |    learning_rate: 0.0001
2025-08-01 00:04:39 | INFO     |    des: SDAHU通道压缩3,5,7
2025-08-01 00:04:39 | INFO     |    loss: MSE
2025-08-01 00:04:39 | INFO     |    lradj: type1
2025-08-01 00:04:39 | INFO     |    lr_scheduler_type: f1_based
2025-08-01 00:04:39 | INFO     |    lr_loss_weight: 0.3
2025-08-01 00:04:39 | INFO     |    lr_f1_weight: 0.7
2025-08-01 00:04:39 | INFO     |    use_amp: False
2025-08-01 00:04:39 | INFO     |    gradient_accumulation_steps: 2
2025-08-01 00:04:39 | INFO     |    enable_auto_gradient_accumulation: True
2025-08-01 00:04:39 | INFO     |    loss_type: ce
2025-08-01 00:04:39 | INFO     |    label_smoothing: 0.1
2025-08-01 00:04:39 | INFO     |    focal_alpha: 1.0
2025-08-01 00:04:39 | INFO     |    focal_gamma: 2.0
2025-08-01 00:04:39 | INFO     |    confidence_penalty_beta: 0.1
2025-08-01 00:04:39 | INFO     |    use_timm_loss: True
2025-08-01 00:04:39 | INFO     |    adaptive_initial_smoothing: 0.2
2025-08-01 00:04:39 | INFO     |    adaptive_final_smoothing: 0.05
2025-08-01 00:04:39 | INFO     |    adaptive_decay_epochs: 30
2025-08-01 00:04:39 | INFO     |    enable_class_weights: False
2025-08-01 00:04:39 | INFO     |    class_weights: None
2025-08-01 00:04:39 | INFO     |    loss_preset: None
2025-08-01 00:04:39 | INFO     |    n_jobs: 1
2025-08-01 00:04:39 | INFO     |    use_multiprocessing: False
2025-08-01 00:04:39 | INFO     |    chunk_size: 800
2025-08-01 00:04:39 | INFO     |    disable_parallel: True
2025-08-01 00:04:39 | INFO     |    use_shared_memory: False
2025-08-01 00:04:39 | INFO     |    disable_shared_memory: False
2025-08-01 00:04:39 | INFO     |    use_gpu: True
2025-08-01 00:04:39 | INFO     |    gpu: 0
2025-08-01 00:04:39 | INFO     |    gpu_type: cuda
2025-08-01 00:04:39 | INFO     |    use_multi_gpu: False
2025-08-01 00:04:39 | INFO     |    devices: 0,1,2,3
2025-08-01 00:04:39 | INFO     |    device: cuda:0
2025-08-01 00:04:39 | INFO     |    feature_columns: ['CHWP_GPMC', 'CHWC_VLV_DM', 'CHWC_VLV', 'CHWC_MWT', 'CHWC_LWT', 'VAVCFM_H_DM_SB', 'CHWC_EAH', 'VAV_DAT_SA', 'CHWC_DAT', 'VAV_SP_C_SA', 'HWP_GPMT', 'VAVCFM_C_DM_SB', 'RM_TEMP_W', 'HWP_GPMC', 'VAVCFM_T_SB', 'VAV_DMPR_H_SB', 'HWC_VLV_DM', 'VAVCFM_H_SB', 'HWC_VLV', 'VAV_DMPR_H_E', 'HWC_LWT', 'HWC_MWT', 'VAV_DMPR_C_SB', 'HWC_DAT', 'RM_TEMP_SB', 'CSF_WAT', 'CSF_SPD', 'CSF_DP', 'CSA_TEMP', 'CSA_CFM', 'VAV_EAT_C_SB', 'CSA_HUMD', 'CSA_SP', 'VAVCFM_C_SB', 'VAVCFM_H_W', 'HSF_SPD', 'VAV_EAT_H_SB', 'VAV_DAT_SB', 'RM_TEMP_SA', 'HSF_DP', 'HSA_TEMP', 'VAVCFM_C_DM_W', 'VAVCFM_C_W', 'VAV_DAT_W', 'HSA_SP', 'HSA_CFM', 'VAV_DMPR_H_W', 'HSF_WAT', 'VAVCFM_T_W', 'EA_DMPR_DM', 'RF_WAT', 'VAV_SP_C_W', 'VAV_SP_H_E', 'EA_DMPR', 'VAV_SP_H_SB', 'RF_SPD', 'RA_TEMP', 'RA_HUMD', 'VAV_SP_H_SA', 'VAV_EAT_H_W', 'RF_DP', 'VAV_DMPR_C_SA', 'VAV_SP_C_SB', 'RA_DMPR_DM', 'VAV_DMPR_H_SA', 'VAV_SP_H_W', 'VAVCFM_H_DM_SA', 'RA_DMPR', 'VAV_EAT_C_W', 'VAVCFM_C_DM_SA', 'RA_CFM', 'MA_TEMP', 'VAVCFM_C_SA', 'OA_TEMP', 'VAVCFM_H_SA', 'VAVCFM_H_DM_W', 'OA_HUMD', 'VAVCFM_T_SA', 'OA_DMPR_DM', 'VAV_EAT_C_SA', 'VAV_DMPR_C_W', 'OA_DMPR', 'VAV_EAT_H_SA', 'HSA_HUMD', 'RM_TEMP_E', 'VAV_EAT_H_E', 'VAV_DAT_E', 'VAV_EAT_C_E', 'VAVCFM_T_E', 'VAVCFM_H_E', 'VAV_SP_C_E', 'VAVCFM_C_DM_E', 'OA_CFM', 'VAV_DMPR_C_E', 'VAVCFM_C_E', 'VAVCFM_H_DM_E', 'CHWP_GPMT']
2025-08-01 00:04:39 | INFO     | 🏗️ 模型信息:
2025-08-01 00:04:39 | INFO     |    模型类型: Model
2025-08-01 00:04:39 | INFO     |    总参数数量: 14,353,476
2025-08-01 00:04:39 | INFO     |    可训练参数: 14,353,476
2025-08-01 00:04:39 | INFO     |    模型大小估计: 54.75 MB
2025-08-01 00:04:39 | INFO     | 📊 数据集信息:
2025-08-01 00:04:39 | INFO     |    训练集大小: 5967
2025-08-01 00:04:39 | INFO     |    验证集大小: 1492
2025-08-01 00:04:39 | INFO     | 
================================================================================
2025-08-01 00:04:39 | INFO     | 📋 损失函数使用策略（遵循主流机器学习规范）:
2025-08-01 00:04:39 | INFO     |    🎯 训练阶段: 使用 ce 损失函数
2025-08-01 00:04:39 | INFO     |       → 目的：优化模型参数，解决特定问题（类别不平衡、相似性等）
2025-08-01 00:04:39 | INFO     |    📊 验证阶段: 使用标准交叉熵损失函数
2025-08-01 00:04:39 | INFO     |       → 目的：客观评估模型性能，便于不同方法比较
2025-08-01 00:04:39 | INFO     |    📈 最终报告: 基于标准交叉熵损失的指标
2025-08-01 00:04:39 | INFO     |       → 目的：提供可信、可比较的性能指标
2025-08-01 00:04:39 | INFO     | ================================================================================

2025-08-01 00:04:39 | INFO     | 🔄 梯度累积配置: 每2轮累积一次梯度
2025-08-01 00:04:39 | INFO     |    实际batch_size: 4
2025-08-01 00:04:39 | INFO     |    有效batch_size: 8
2025-08-01 00:10:12 | INFO     | Epoch 1:
2025-08-01 00:10:12 | INFO     |   训练指标:
2025-08-01 00:10:12 | INFO     |     损失(ce): 3.000862
2025-08-01 00:10:12 | INFO     |     准确率: 0.128773
2025-08-01 00:10:12 | INFO     |     学习率: 0.00010000
2025-08-01 00:10:12 | INFO     |   验证指标(标准CE):
2025-08-01 00:10:12 | INFO     |     损失: 2.234770
2025-08-01 00:10:12 | INFO     |     准确率: 0.367962
2025-08-01 00:10:12 | INFO     |     F1(macro): 0.308682
2025-08-01 00:10:12 | INFO     |     F1(weighted): 0.306185
2025-08-01 00:10:12 | INFO     |     精确率: 0.369698
2025-08-01 00:10:12 | INFO     |     召回率: 0.370503
2025-08-01 00:10:12 | INFO     |   学习率调度器: f1_based
2025-08-01 00:10:12 | INFO     | ------------------------------------------------------------
2025-08-01 00:10:12 | INFO     | Epoch   1 | Train: Loss=3.0009, Acc=0.1288 | Val: Loss=2.2348, Acc=0.3680, F1=0.3062 | LR=0.000100 🏆 [最佳模型]
2025-08-01 00:14:59 | INFO     | Epoch 2:
2025-08-01 00:14:59 | INFO     |   训练指标:
2025-08-01 00:14:59 | INFO     |     损失(ce): 1.803771
2025-08-01 00:14:59 | INFO     |     准确率: 0.431590
2025-08-01 00:14:59 | INFO     |     学习率: 0.00010000
2025-08-01 00:14:59 | INFO     |   验证指标(标准CE):
2025-08-01 00:14:59 | INFO     |     损失: 1.356284
2025-08-01 00:14:59 | INFO     |     准确率: 0.612601
2025-08-01 00:14:59 | INFO     |     F1(macro): 0.570364
2025-08-01 00:14:59 | INFO     |     F1(weighted): 0.576410
2025-08-01 00:14:59 | INFO     |     精确率: 0.576490
2025-08-01 00:14:59 | INFO     |     召回率: 0.608976
2025-08-01 00:14:59 | INFO     |   学习率调度器: f1_based
2025-08-01 00:14:59 | INFO     | ------------------------------------------------------------
2025-08-01 00:14:59 | INFO     | Epoch   2 | Train: Loss=1.8038, Acc=0.4316 | Val: Loss=1.3563, Acc=0.6126, F1=0.5764 | LR=0.000100 🏆 [最佳模型]
2025-08-01 00:19:28 | INFO     | Epoch 3:
2025-08-01 00:19:28 | INFO     |   训练指标:
2025-08-01 00:19:28 | INFO     |     损失(ce): 1.227685
2025-08-01 00:19:28 | INFO     |     准确率: 0.605298
2025-08-01 00:19:28 | INFO     |     学习率: 0.00010000
2025-08-01 00:19:28 | INFO     |   验证指标(标准CE):
2025-08-01 00:19:28 | INFO     |     损失: 0.982099
2025-08-01 00:19:28 | INFO     |     准确率: 0.668231
2025-08-01 00:19:28 | INFO     |     F1(macro): 0.642387
2025-08-01 00:19:28 | INFO     |     F1(weighted): 0.639295
2025-08-01 00:19:28 | INFO     |     精确率: 0.716173
2025-08-01 00:19:28 | INFO     |     召回率: 0.675366
2025-08-01 00:19:28 | INFO     |   学习率调度器: f1_based
2025-08-01 00:19:28 | INFO     | ------------------------------------------------------------
2025-08-01 00:19:28 | INFO     | Epoch   3 | Train: Loss=1.2277, Acc=0.6053 | Val: Loss=0.9821, Acc=0.6682, F1=0.6393 | LR=0.000100 🏆 [最佳模型]
2025-08-01 00:23:56 | INFO     | Epoch 4:
2025-08-01 00:23:56 | INFO     |   训练指标:
2025-08-01 00:23:56 | INFO     |     损失(ce): 0.938470
2025-08-01 00:23:56 | INFO     |     准确率: 0.701207
2025-08-01 00:23:56 | INFO     |     学习率: 0.00010000
2025-08-01 00:23:56 | INFO     |   验证指标(标准CE):
2025-08-01 00:23:56 | INFO     |     损失: 0.886953
2025-08-01 00:23:56 | INFO     |     准确率: 0.719839
2025-08-01 00:23:56 | INFO     |     F1(macro): 0.712696
2025-08-01 00:23:56 | INFO     |     F1(weighted): 0.711704
2025-08-01 00:23:56 | INFO     |     精确率: 0.756124
2025-08-01 00:23:56 | INFO     |     召回率: 0.723320
2025-08-01 00:23:56 | INFO     |   学习率调度器: f1_based
2025-08-01 00:23:56 | INFO     | ------------------------------------------------------------
2025-08-01 00:23:56 | INFO     | Epoch   4 | Train: Loss=0.9385, Acc=0.7012 | Val: Loss=0.8870, Acc=0.7198, F1=0.7117 | LR=0.000100 🏆 [最佳模型]
2025-08-01 00:28:25 | INFO     | Epoch 5:
2025-08-01 00:28:25 | INFO     |   训练指标:
2025-08-01 00:28:25 | INFO     |     损失(ce): 0.727161
2025-08-01 00:28:25 | INFO     |     准确率: 0.773810
2025-08-01 00:28:25 | INFO     |     学习率: 0.00010000
2025-08-01 00:28:25 | INFO     |   验证指标(标准CE):
2025-08-01 00:28:25 | INFO     |     损失: 0.801938
2025-08-01 00:28:25 | INFO     |     准确率: 0.751340
2025-08-01 00:28:25 | INFO     |     F1(macro): 0.746357
2025-08-01 00:28:25 | INFO     |     F1(weighted): 0.743697
2025-08-01 00:28:25 | INFO     |     精确率: 0.774255
2025-08-01 00:28:25 | INFO     |     召回率: 0.756448
2025-08-01 00:28:25 | INFO     |   学习率调度器: f1_based
2025-08-01 00:28:25 | INFO     | ------------------------------------------------------------
2025-08-01 00:28:25 | INFO     | Epoch   5 | Train: Loss=0.7272, Acc=0.7738 | Val: Loss=0.8019, Acc=0.7513, F1=0.7437 | LR=0.000100 🏆 [最佳模型]
2025-08-01 00:32:53 | INFO     | Epoch 6:
2025-08-01 00:32:53 | INFO     |   训练指标:
2025-08-01 00:32:53 | INFO     |     损失(ce): 0.632539
2025-08-01 00:32:53 | INFO     |     准确率: 0.799128
2025-08-01 00:32:53 | INFO     |     学习率: 0.00010000
2025-08-01 00:32:53 | INFO     |   验证指标(标准CE):
2025-08-01 00:32:53 | INFO     |     损失: 0.467403
2025-08-01 00:32:53 | INFO     |     准确率: 0.839142
2025-08-01 00:32:53 | INFO     |     F1(macro): 0.839495
2025-08-01 00:32:53 | INFO     |     F1(weighted): 0.838009
2025-08-01 00:32:53 | INFO     |     精确率: 0.872406
2025-08-01 00:32:53 | INFO     |     召回率: 0.842056
2025-08-01 00:32:53 | INFO     |   学习率调度器: f1_based
2025-08-01 00:32:53 | INFO     | ------------------------------------------------------------
2025-08-01 00:32:53 | INFO     | Epoch   6 | Train: Loss=0.6325, Acc=0.7991 | Val: Loss=0.4674, Acc=0.8391, F1=0.8380 | LR=0.000100 🏆 [最佳模型]
2025-08-01 00:37:22 | INFO     | Epoch 7:
2025-08-01 00:37:22 | INFO     |   训练指标:
2025-08-01 00:37:22 | INFO     |     损失(ce): 0.530492
2025-08-01 00:37:22 | INFO     |     准确率: 0.823944
2025-08-01 00:37:22 | INFO     |     学习率: 0.00010000
2025-08-01 00:37:22 | INFO     |   验证指标(标准CE):
2025-08-01 00:37:22 | INFO     |     损失: 0.380338
2025-08-01 00:37:22 | INFO     |     准确率: 0.869303
2025-08-01 00:37:22 | INFO     |     F1(macro): 0.883893
2025-08-01 00:37:22 | INFO     |     F1(weighted): 0.879226
2025-08-01 00:37:22 | INFO     |     精确率: 0.933754
2025-08-01 00:37:22 | INFO     |     召回率: 0.872510
2025-08-01 00:37:22 | INFO     |   学习率调度器: f1_based
2025-08-01 00:37:22 | INFO     | ------------------------------------------------------------
2025-08-01 00:37:22 | INFO     | Epoch   7 | Train: Loss=0.5305, Acc=0.8239 | Val: Loss=0.3803, Acc=0.8693, F1=0.8792 | LR=0.000100 🏆 [最佳模型]
2025-08-01 00:41:50 | INFO     | Epoch 8:
2025-08-01 00:41:50 | INFO     |   训练指标:
2025-08-01 00:41:50 | INFO     |     损失(ce): 0.469228
2025-08-01 00:41:50 | INFO     |     准确率: 0.844232
2025-08-01 00:41:50 | INFO     |     学习率: 0.00010000
2025-08-01 00:41:50 | INFO     |   验证指标(标准CE):
2025-08-01 00:41:50 | INFO     |     损失: 0.351859
2025-08-01 00:41:50 | INFO     |     准确率: 0.879357
2025-08-01 00:41:50 | INFO     |     F1(macro): 0.880458
2025-08-01 00:41:50 | INFO     |     F1(weighted): 0.877705
2025-08-01 00:41:50 | INFO     |     精确率: 0.934104
2025-08-01 00:41:50 | INFO     |     召回率: 0.882207
2025-08-01 00:41:50 | INFO     |   学习率调度器: f1_based
2025-08-01 00:41:50 | INFO     | ------------------------------------------------------------
2025-08-01 00:41:50 | INFO     | Epoch   8 | Train: Loss=0.4692, Acc=0.8442 | Val: Loss=0.3519, Acc=0.8794, F1=0.8777 | LR=0.000100 
2025-08-01 00:46:17 | INFO     | Epoch 9:
2025-08-01 00:46:17 | INFO     |   训练指标:
2025-08-01 00:46:17 | INFO     |     损失(ce): 0.454933
2025-08-01 00:46:17 | INFO     |     准确率: 0.844400
2025-08-01 00:46:17 | INFO     |     学习率: 0.00010000
2025-08-01 00:46:17 | INFO     |   验证指标(标准CE):
2025-08-01 00:46:17 | INFO     |     损失: 0.416299
2025-08-01 00:46:17 | INFO     |     准确率: 0.867962
2025-08-01 00:46:17 | INFO     |     F1(macro): 0.859395
2025-08-01 00:46:17 | INFO     |     F1(weighted): 0.855682
2025-08-01 00:46:17 | INFO     |     精确率: 0.864984
2025-08-01 00:46:17 | INFO     |     召回率: 0.874922
2025-08-01 00:46:17 | INFO     |   学习率调度器: f1_based
2025-08-01 00:46:17 | INFO     | ------------------------------------------------------------
2025-08-01 00:46:17 | INFO     | Epoch   9 | Train: Loss=0.4549, Acc=0.8444 | Val: Loss=0.4163, Acc=0.8680, F1=0.8557 | LR=0.000100 
2025-08-01 00:50:44 | INFO     | Epoch 10:
2025-08-01 00:50:44 | INFO     |   训练指标:
2025-08-01 00:50:44 | INFO     |     损失(ce): 0.399094
2025-08-01 00:50:44 | INFO     |     准确率: 0.871730
2025-08-01 00:50:44 | INFO     |     学习率: 0.00010000
2025-08-01 00:50:44 | INFO     |   验证指标(标准CE):
2025-08-01 00:50:44 | INFO     |     损失: 0.242405
2025-08-01 00:50:44 | INFO     |     准确率: 0.929625
2025-08-01 00:50:44 | INFO     |     F1(macro): 0.931939
2025-08-01 00:50:44 | INFO     |     F1(weighted): 0.931024
2025-08-01 00:50:44 | INFO     |     精确率: 0.939789
2025-08-01 00:50:44 | INFO     |     召回率: 0.930250
2025-08-01 00:50:44 | INFO     |   学习率调度器: f1_based
2025-08-01 00:50:44 | INFO     | ------------------------------------------------------------
2025-08-01 00:50:44 | INFO     | Epoch  10 | Train: Loss=0.3991, Acc=0.8717 | Val: Loss=0.2424, Acc=0.9296, F1=0.9310 | LR=0.000100 🏆 [最佳模型]
2025-08-01 00:55:12 | INFO     | Epoch 11:
2025-08-01 00:55:12 | INFO     |   训练指标:
2025-08-01 00:55:12 | INFO     |     损失(ce): 0.375104
2025-08-01 00:55:12 | INFO     |     准确率: 0.876928
2025-08-01 00:55:12 | INFO     |     学习率: 0.00010000
2025-08-01 00:55:12 | INFO     |   验证指标(标准CE):
2025-08-01 00:55:12 | INFO     |     损失: 0.290913
2025-08-01 00:55:12 | INFO     |     准确率: 0.896783
2025-08-01 00:55:12 | INFO     |     F1(macro): 0.904408
2025-08-01 00:55:12 | INFO     |     F1(weighted): 0.903132
2025-08-01 00:55:12 | INFO     |     精确率: 0.931655
2025-08-01 00:55:12 | INFO     |     召回率: 0.898516
2025-08-01 00:55:12 | INFO     |   学习率调度器: f1_based
2025-08-01 00:55:12 | INFO     | ------------------------------------------------------------
2025-08-01 00:55:12 | INFO     | Epoch  11 | Train: Loss=0.3751, Acc=0.8769 | Val: Loss=0.2909, Acc=0.8968, F1=0.9031 | LR=0.000100 
2025-08-01 00:59:38 | INFO     | Epoch 12:
2025-08-01 00:59:38 | INFO     |   训练指标:
2025-08-01 00:59:38 | INFO     |     损失(ce): 0.346722
2025-08-01 00:59:38 | INFO     |     准确率: 0.886486
2025-08-01 00:59:38 | INFO     |     学习率: 0.00010000
2025-08-01 00:59:38 | INFO     |   验证指标(标准CE):
2025-08-01 00:59:38 | INFO     |     损失: 0.267328
2025-08-01 00:59:38 | INFO     |     准确率: 0.901475
2025-08-01 00:59:38 | INFO     |     F1(macro): 0.902508
2025-08-01 00:59:38 | INFO     |     F1(weighted): 0.899748
2025-08-01 00:59:38 | INFO     |     精确率: 0.920024
2025-08-01 00:59:38 | INFO     |     召回率: 0.907273
2025-08-01 00:59:38 | INFO     |   学习率调度器: f1_based
2025-08-01 00:59:38 | INFO     | ------------------------------------------------------------
2025-08-01 00:59:38 | INFO     | Epoch  12 | Train: Loss=0.3467, Acc=0.8865 | Val: Loss=0.2673, Acc=0.9015, F1=0.8997 | LR=0.000100 
2025-08-01 01:04:05 | INFO     | Epoch 13:
2025-08-01 01:04:05 | INFO     |   训练指标:
2025-08-01 01:04:05 | INFO     |     损失(ce): 0.338809
2025-08-01 01:04:05 | INFO     |     准确率: 0.890342
2025-08-01 01:04:05 | INFO     |     学习率: 0.00010000
2025-08-01 01:04:05 | INFO     |   验证指标(标准CE):
2025-08-01 01:04:05 | INFO     |     损失: 0.301823
2025-08-01 01:04:05 | INFO     |     准确率: 0.904155
2025-08-01 01:04:05 | INFO     |     F1(macro): 0.909160
2025-08-01 01:04:05 | INFO     |     F1(weighted): 0.906551
2025-08-01 01:04:05 | INFO     |     精确率: 0.932609
2025-08-01 01:04:05 | INFO     |     召回率: 0.908867
2025-08-01 01:04:05 | INFO     |   学习率调度器: f1_based
2025-08-01 01:04:05 | INFO     | ------------------------------------------------------------
2025-08-01 01:04:05 | INFO     | Epoch  13 | Train: Loss=0.3388, Acc=0.8903 | Val: Loss=0.3018, Acc=0.9042, F1=0.9066 | LR=0.000100 
2025-08-01 01:08:33 | INFO     | Epoch 14:
2025-08-01 01:08:33 | INFO     |   训练指标:
2025-08-01 01:08:33 | INFO     |     损失(ce): 0.298823
2025-08-01 01:08:33 | INFO     |     准确率: 0.902750
2025-08-01 01:08:33 | INFO     |     学习率: 0.00010000
2025-08-01 01:08:33 | INFO     |   验证指标(标准CE):
2025-08-01 01:08:33 | INFO     |     损失: 0.453039
2025-08-01 01:08:33 | INFO     |     准确率: 0.878016
2025-08-01 01:08:33 | INFO     |     F1(macro): 0.885391
2025-08-01 01:08:33 | INFO     |     F1(weighted): 0.883222
2025-08-01 01:08:33 | INFO     |     精确率: 0.911514
2025-08-01 01:08:33 | INFO     |     召回率: 0.881139
2025-08-01 01:08:33 | INFO     |   学习率调度器: f1_based
2025-08-01 01:08:33 | INFO     | ------------------------------------------------------------
2025-08-01 01:08:33 | INFO     | Epoch  14 | Train: Loss=0.2988, Acc=0.9027 | Val: Loss=0.4530, Acc=0.8780, F1=0.8832 | LR=0.000100 
2025-08-01 01:13:00 | INFO     | Epoch 15:
2025-08-01 01:13:00 | INFO     |   训练指标:
2025-08-01 01:13:00 | INFO     |     损失(ce): 0.307995
2025-08-01 01:13:00 | INFO     |     准确率: 0.904930
2025-08-01 01:13:00 | INFO     |     学习率: 0.00010000
2025-08-01 01:13:00 | INFO     |   验证指标(标准CE):
2025-08-01 01:13:00 | INFO     |     损失: 0.369935
2025-08-01 01:13:00 | INFO     |     准确率: 0.882038
2025-08-01 01:13:00 | INFO     |     F1(macro): 0.884925
2025-08-01 01:13:00 | INFO     |     F1(weighted): 0.881843
2025-08-01 01:13:00 | INFO     |     精确率: 0.907387
2025-08-01 01:13:00 | INFO     |     召回率: 0.884332
2025-08-01 01:13:00 | INFO     |   学习率调度器: f1_based
2025-08-01 01:13:00 | INFO     | ------------------------------------------------------------
2025-08-01 01:13:00 | INFO     | Epoch  15 | Train: Loss=0.3080, Acc=0.9049 | Val: Loss=0.3699, Acc=0.8820, F1=0.8818 | LR=0.000100 
2025-08-01 01:17:26 | INFO     | Epoch 16:
2025-08-01 01:17:26 | INFO     |   训练指标:
2025-08-01 01:17:26 | INFO     |     损失(ce): 0.301123
2025-08-01 01:17:26 | INFO     |     准确率: 0.904259
2025-08-01 01:17:26 | INFO     |     学习率: 0.00010000
2025-08-01 01:17:26 | INFO     |   验证指标(标准CE):
2025-08-01 01:17:26 | INFO     |     损失: 0.279776
2025-08-01 01:17:26 | INFO     |     准确率: 0.902815
2025-08-01 01:17:26 | INFO     |     F1(macro): 0.906609
2025-08-01 01:17:26 | INFO     |     F1(weighted): 0.904051
2025-08-01 01:17:26 | INFO     |     精确率: 0.918612
2025-08-01 01:17:26 | INFO     |     召回率: 0.906028
2025-08-01 01:17:26 | INFO     |   学习率调度器: f1_based
2025-08-01 01:17:26 | INFO     | ------------------------------------------------------------
2025-08-01 01:17:26 | INFO     | Epoch  16 | Train: Loss=0.3011, Acc=0.9043 | Val: Loss=0.2798, Acc=0.9028, F1=0.9041 | LR=0.000100 
2025-08-01 01:21:53 | INFO     | Epoch 17:
2025-08-01 01:21:53 | INFO     |   训练指标:
2025-08-01 01:21:53 | INFO     |     损失(ce): 0.290381
2025-08-01 01:21:53 | INFO     |     准确率: 0.905265
2025-08-01 01:21:53 | INFO     |     学习率: 0.00010000
2025-08-01 01:21:53 | INFO     |   验证指标(标准CE):
2025-08-01 01:21:53 | INFO     |     损失: 0.209446
2025-08-01 01:21:53 | INFO     |     准确率: 0.940349
2025-08-01 01:21:53 | INFO     |     F1(macro): 0.942874
2025-08-01 01:21:53 | INFO     |     F1(weighted): 0.939782
2025-08-01 01:21:53 | INFO     |     精确率: 0.952457
2025-08-01 01:21:53 | INFO     |     召回率: 0.945749
2025-08-01 01:21:53 | INFO     |   学习率调度器: f1_based
2025-08-01 01:21:53 | INFO     | ------------------------------------------------------------
2025-08-01 01:21:53 | INFO     | Epoch  17 | Train: Loss=0.2904, Acc=0.9053 | Val: Loss=0.2094, Acc=0.9403, F1=0.9398 | LR=0.000100 🏆 [最佳模型]
2025-08-01 01:26:21 | INFO     | Epoch 18:
2025-08-01 01:26:21 | INFO     |   训练指标:
2025-08-01 01:26:21 | INFO     |     损失(ce): 0.271099
2025-08-01 01:26:21 | INFO     |     准确率: 0.915325
2025-08-01 01:26:21 | INFO     |     学习率: 0.00010000
2025-08-01 01:26:21 | INFO     |   验证指标(标准CE):
2025-08-01 01:26:21 | INFO     |     损失: 0.296309
2025-08-01 01:26:21 | INFO     |     准确率: 0.900804
2025-08-01 01:26:21 | INFO     |     F1(macro): 0.905959
2025-08-01 01:26:21 | INFO     |     F1(weighted): 0.902656
2025-08-01 01:26:21 | INFO     |     精确率: 0.920187
2025-08-01 01:26:21 | INFO     |     召回率: 0.904762
2025-08-01 01:26:21 | INFO     |   学习率调度器: f1_based
2025-08-01 01:26:21 | INFO     | ------------------------------------------------------------
2025-08-01 01:26:21 | INFO     | Epoch  18 | Train: Loss=0.2711, Acc=0.9153 | Val: Loss=0.2963, Acc=0.9008, F1=0.9027 | LR=0.000100 
2025-08-01 01:30:48 | INFO     | Epoch 19:
2025-08-01 01:30:48 | INFO     |   训练指标:
2025-08-01 01:30:48 | INFO     |     损失(ce): 0.272252
2025-08-01 01:30:48 | INFO     |     准确率: 0.914990
2025-08-01 01:30:48 | INFO     |     学习率: 0.00010000
2025-08-01 01:30:48 | INFO     |   验证指标(标准CE):
2025-08-01 01:30:48 | INFO     |     损失: 0.209987
2025-08-01 01:30:48 | INFO     |     准确率: 0.931635
2025-08-01 01:30:48 | INFO     |     F1(macro): 0.935629
2025-08-01 01:30:48 | INFO     |     F1(weighted): 0.933803
2025-08-01 01:30:48 | INFO     |     精确率: 0.952654
2025-08-01 01:30:48 | INFO     |     召回率: 0.934927
2025-08-01 01:30:48 | INFO     |   学习率调度器: f1_based
2025-08-01 01:30:48 | INFO     | ------------------------------------------------------------
2025-08-01 01:30:48 | INFO     | Epoch  19 | Train: Loss=0.2723, Acc=0.9150 | Val: Loss=0.2100, Acc=0.9316, F1=0.9338 | LR=0.000100 
2025-08-01 01:35:15 | INFO     | Epoch 20:
2025-08-01 01:35:15 | INFO     |   训练指标:
2025-08-01 01:35:15 | INFO     |     损失(ce): 0.260910
2025-08-01 01:35:15 | INFO     |     准确率: 0.916834
2025-08-01 01:35:15 | INFO     |     学习率: 0.00010000
2025-08-01 01:35:15 | INFO     |   验证指标(标准CE):
2025-08-01 01:35:15 | INFO     |     损失: 0.234416
2025-08-01 01:35:15 | INFO     |     准确率: 0.936327
2025-08-01 01:35:15 | INFO     |     F1(macro): 0.939802
2025-08-01 01:35:15 | INFO     |     F1(weighted): 0.938051
2025-08-01 01:35:15 | INFO     |     精确率: 0.950850
2025-08-01 01:35:15 | INFO     |     召回率: 0.937998
2025-08-01 01:35:15 | INFO     |   学习率调度器: f1_based
2025-08-01 01:35:15 | INFO     | ------------------------------------------------------------
2025-08-01 01:35:15 | INFO     | Epoch  20 | Train: Loss=0.2609, Acc=0.9168 | Val: Loss=0.2344, Acc=0.9363, F1=0.9381 | LR=0.000100 
2025-08-01 01:39:42 | INFO     | Epoch 21:
2025-08-01 01:39:42 | INFO     |   训练指标:
2025-08-01 01:39:42 | INFO     |     损失(ce): 0.247229
2025-08-01 01:39:42 | INFO     |     准确率: 0.924547
2025-08-01 01:39:42 | INFO     |     学习率: 0.00010000
2025-08-01 01:39:42 | INFO     |   验证指标(标准CE):
2025-08-01 01:39:42 | INFO     |     损失: 0.145251
2025-08-01 01:39:42 | INFO     |     准确率: 0.951072
2025-08-01 01:39:42 | INFO     |     F1(macro): 0.953229
2025-08-01 01:39:42 | INFO     |     F1(weighted): 0.951392
2025-08-01 01:39:42 | INFO     |     精确率: 0.959156
2025-08-01 01:39:42 | INFO     |     召回率: 0.952852
2025-08-01 01:39:42 | INFO     |   学习率调度器: f1_based
2025-08-01 01:39:42 | INFO     | ------------------------------------------------------------
2025-08-01 01:39:42 | INFO     | Epoch  21 | Train: Loss=0.2472, Acc=0.9245 | Val: Loss=0.1453, Acc=0.9511, F1=0.9514 | LR=0.000100 🏆 [最佳模型]
2025-08-01 01:44:10 | INFO     | Epoch 22:
2025-08-01 01:44:10 | INFO     |   训练指标:
2025-08-01 01:44:10 | INFO     |     损失(ce): 0.257373
2025-08-01 01:44:10 | INFO     |     准确率: 0.922032
2025-08-01 01:44:10 | INFO     |     学习率: 0.00010000
2025-08-01 01:44:10 | INFO     |   验证指标(标准CE):
2025-08-01 01:44:10 | INFO     |     损失: 0.158855
2025-08-01 01:44:10 | INFO     |     准确率: 0.945040
2025-08-01 01:44:10 | INFO     |     F1(macro): 0.948796
2025-08-01 01:44:10 | INFO     |     F1(weighted): 0.946553
2025-08-01 01:44:10 | INFO     |     精确率: 0.958258
2025-08-01 01:44:10 | INFO     |     召回率: 0.947436
2025-08-01 01:44:10 | INFO     |   学习率调度器: f1_based
2025-08-01 01:44:10 | INFO     | ------------------------------------------------------------
2025-08-01 01:44:10 | INFO     | Epoch  22 | Train: Loss=0.2574, Acc=0.9220 | Val: Loss=0.1589, Acc=0.9450, F1=0.9466 | LR=0.000100 
2025-08-01 01:48:36 | INFO     | Epoch 23:
2025-08-01 01:48:36 | INFO     |   训练指标:
2025-08-01 01:48:36 | INFO     |     损失(ce): 0.229048
2025-08-01 01:48:36 | INFO     |     准确率: 0.928404
2025-08-01 01:48:36 | INFO     |     学习率: 0.00010000
2025-08-01 01:48:36 | INFO     |   验证指标(标准CE):
2025-08-01 01:48:36 | INFO     |     损失: 0.160468
2025-08-01 01:48:36 | INFO     |     准确率: 0.951743
2025-08-01 01:48:36 | INFO     |     F1(macro): 0.955251
2025-08-01 01:48:36 | INFO     |     F1(weighted): 0.953638
2025-08-01 01:48:36 | INFO     |     精确率: 0.965090
2025-08-01 01:48:36 | INFO     |     召回率: 0.952577
2025-08-01 01:48:36 | INFO     |   学习率调度器: f1_based
2025-08-01 01:48:36 | INFO     | ------------------------------------------------------------
2025-08-01 01:48:36 | INFO     | Epoch  23 | Train: Loss=0.2290, Acc=0.9284 | Val: Loss=0.1605, Acc=0.9517, F1=0.9536 | LR=0.000100 🏆 [最佳模型]
2025-08-01 01:53:04 | INFO     | Epoch 24:
2025-08-01 01:53:04 | INFO     |   训练指标:
2025-08-01 01:53:04 | INFO     |     损失(ce): 0.221528
2025-08-01 01:53:04 | INFO     |     准确率: 0.929410
2025-08-01 01:53:04 | INFO     |     学习率: 0.00010000
2025-08-01 01:53:04 | INFO     |   验证指标(标准CE):
2025-08-01 01:53:04 | INFO     |     损失: 0.144188
2025-08-01 01:53:04 | INFO     |     准确率: 0.958445
2025-08-01 01:53:04 | INFO     |     F1(macro): 0.962336
2025-08-01 01:53:04 | INFO     |     F1(weighted): 0.959990
2025-08-01 01:53:04 | INFO     |     精确率: 0.969157
2025-08-01 01:53:04 | INFO     |     召回率: 0.960263
2025-08-01 01:53:04 | INFO     |   学习率调度器: f1_based
2025-08-01 01:53:04 | INFO     | ------------------------------------------------------------
2025-08-01 01:53:04 | INFO     | Epoch  24 | Train: Loss=0.2215, Acc=0.9294 | Val: Loss=0.1442, Acc=0.9584, F1=0.9600 | LR=0.000100 🏆 [最佳模型]
2025-08-01 01:57:31 | INFO     | Epoch 25:
2025-08-01 01:57:31 | INFO     |   训练指标:
2025-08-01 01:57:31 | INFO     |     损失(ce): 0.229982
2025-08-01 01:57:31 | INFO     |     准确率: 0.927062
2025-08-01 01:57:31 | INFO     |     学习率: 0.00010000
2025-08-01 01:57:31 | INFO     |   验证指标(标准CE):
2025-08-01 01:57:31 | INFO     |     损失: 0.210795
2025-08-01 01:57:31 | INFO     |     准确率: 0.931635
2025-08-01 01:57:31 | INFO     |     F1(macro): 0.935198
2025-08-01 01:57:31 | INFO     |     F1(weighted): 0.931561
2025-08-01 01:57:31 | INFO     |     精确率: 0.943948
2025-08-01 01:57:31 | INFO     |     召回率: 0.937051
2025-08-01 01:57:31 | INFO     |   学习率调度器: f1_based
2025-08-01 01:57:31 | INFO     | ------------------------------------------------------------
2025-08-01 01:57:31 | INFO     | Epoch  25 | Train: Loss=0.2300, Acc=0.9271 | Val: Loss=0.2108, Acc=0.9316, F1=0.9316 | LR=0.000100 
2025-08-01 02:01:58 | INFO     | Epoch 26:
2025-08-01 02:01:58 | INFO     |   训练指标:
2025-08-01 02:01:58 | INFO     |     损失(ce): 0.210834
2025-08-01 02:01:58 | INFO     |     准确率: 0.937290
2025-08-01 02:01:58 | INFO     |     学习率: 0.00010000
2025-08-01 02:01:58 | INFO     |   验证指标(标准CE):
2025-08-01 02:01:58 | INFO     |     损失: 0.285251
2025-08-01 02:01:58 | INFO     |     准确率: 0.918231
2025-08-01 02:01:58 | INFO     |     F1(macro): 0.921538
2025-08-01 02:01:58 | INFO     |     F1(weighted): 0.919576
2025-08-01 02:01:58 | INFO     |     精确率: 0.937732
2025-08-01 02:01:58 | INFO     |     召回率: 0.921611
2025-08-01 02:01:58 | INFO     |   学习率调度器: f1_based
2025-08-01 02:01:58 | INFO     | ------------------------------------------------------------
2025-08-01 02:01:58 | INFO     | Epoch  26 | Train: Loss=0.2108, Acc=0.9373 | Val: Loss=0.2853, Acc=0.9182, F1=0.9196 | LR=0.000100 
2025-08-01 02:06:25 | INFO     | Epoch 27:
2025-08-01 02:06:25 | INFO     |   训练指标:
2025-08-01 02:06:25 | INFO     |     损失(ce): 0.209151
2025-08-01 02:06:25 | INFO     |     准确率: 0.937793
2025-08-01 02:06:25 | INFO     |     学习率: 0.00010000
2025-08-01 02:06:25 | INFO     |   验证指标(标准CE):
2025-08-01 02:06:25 | INFO     |     损失: 0.173491
2025-08-01 02:06:25 | INFO     |     准确率: 0.946381
2025-08-01 02:06:25 | INFO     |     F1(macro): 0.947898
2025-08-01 02:06:25 | INFO     |     F1(weighted): 0.946095
2025-08-01 02:06:25 | INFO     |     精确率: 0.953469
2025-08-01 02:06:25 | INFO     |     召回率: 0.947955
2025-08-01 02:06:25 | INFO     |   学习率调度器: f1_based
2025-08-01 02:06:25 | INFO     | ------------------------------------------------------------
2025-08-01 02:06:25 | INFO     | Epoch  27 | Train: Loss=0.2092, Acc=0.9378 | Val: Loss=0.1735, Acc=0.9464, F1=0.9461 | LR=0.000100 
2025-08-01 02:10:51 | INFO     | Epoch 28:
2025-08-01 02:10:51 | INFO     |   训练指标:
2025-08-01 02:10:51 | INFO     |     损失(ce): 0.226608
2025-08-01 02:10:51 | INFO     |     准确率: 0.928907
2025-08-01 02:10:51 | INFO     |     学习率: 0.00010000
2025-08-01 02:10:51 | INFO     |   验证指标(标准CE):
2025-08-01 02:10:51 | INFO     |     损失: 0.105332
2025-08-01 02:10:51 | INFO     |     准确率: 0.957775
2025-08-01 02:10:51 | INFO     |     F1(macro): 0.960046
2025-08-01 02:10:51 | INFO     |     F1(weighted): 0.957772
2025-08-01 02:10:51 | INFO     |     精确率: 0.961940
2025-08-01 02:10:51 | INFO     |     召回率: 0.960915
2025-08-01 02:10:51 | INFO     |   学习率调度器: f1_based
2025-08-01 02:10:51 | INFO     | ------------------------------------------------------------
2025-08-01 02:10:51 | INFO     | Epoch  28 | Train: Loss=0.2266, Acc=0.9289 | Val: Loss=0.1053, Acc=0.9578, F1=0.9578 | LR=0.000100 
2025-08-01 02:15:18 | INFO     | Epoch 29:
2025-08-01 02:15:18 | INFO     |   训练指标:
2025-08-01 02:15:18 | INFO     |     损失(ce): 0.208938
2025-08-01 02:15:18 | INFO     |     准确率: 0.937458
2025-08-01 02:15:18 | INFO     |     学习率: 0.00010000
2025-08-01 02:15:18 | INFO     |   验证指标(标准CE):
2025-08-01 02:15:18 | INFO     |     损失: 0.251659
2025-08-01 02:15:18 | INFO     |     准确率: 0.932306
2025-08-01 02:15:18 | INFO     |     F1(macro): 0.935996
2025-08-01 02:15:18 | INFO     |     F1(weighted): 0.933886
2025-08-01 02:15:18 | INFO     |     精确率: 0.946418
2025-08-01 02:15:18 | INFO     |     召回率: 0.934909
2025-08-01 02:15:18 | INFO     |   学习率调度器: f1_based
2025-08-01 02:15:18 | INFO     | ------------------------------------------------------------
2025-08-01 02:15:18 | INFO     | Epoch  29 | Train: Loss=0.2089, Acc=0.9375 | Val: Loss=0.2517, Acc=0.9323, F1=0.9339 | LR=0.000100 
2025-08-01 02:19:45 | INFO     | Epoch 30:
2025-08-01 02:19:45 | INFO     |   训练指标:
2025-08-01 02:19:45 | INFO     |     损失(ce): 0.224974
2025-08-01 02:19:45 | INFO     |     准确率: 0.933769
2025-08-01 02:19:45 | INFO     |     学习率: 0.00010000
2025-08-01 02:19:45 | INFO     |   验证指标(标准CE):
2025-08-01 02:19:45 | INFO     |     损失: 0.177237
2025-08-01 02:19:45 | INFO     |     准确率: 0.946381
2025-08-01 02:19:45 | INFO     |     F1(macro): 0.949685
2025-08-01 02:19:45 | INFO     |     F1(weighted): 0.945560
2025-08-01 02:19:45 | INFO     |     精确率: 0.959689
2025-08-01 02:19:45 | INFO     |     召回率: 0.951113
2025-08-01 02:19:45 | INFO     |   学习率调度器: f1_based
2025-08-01 02:19:45 | INFO     | ------------------------------------------------------------
2025-08-01 02:19:45 | INFO     | Epoch  30 | Train: Loss=0.2250, Acc=0.9338 | Val: Loss=0.1772, Acc=0.9464, F1=0.9456 | LR=0.000100 
2025-08-01 02:24:12 | INFO     | Epoch 31:
2025-08-01 02:24:12 | INFO     |   训练指标:
2025-08-01 02:24:12 | INFO     |     损失(ce): 0.200127
2025-08-01 02:24:12 | INFO     |     准确率: 0.941147
2025-08-01 02:24:12 | INFO     |     学习率: 0.00010000
2025-08-01 02:24:12 | INFO     |   验证指标(标准CE):
2025-08-01 02:24:12 | INFO     |     损失: 0.127089
2025-08-01 02:24:12 | INFO     |     准确率: 0.953083
2025-08-01 02:24:12 | INFO     |     F1(macro): 0.955272
2025-08-01 02:24:12 | INFO     |     F1(weighted): 0.953073
2025-08-01 02:24:12 | INFO     |     精确率: 0.962067
2025-08-01 02:24:12 | INFO     |     召回率: 0.955115
2025-08-01 02:24:12 | INFO     |   学习率调度器: f1_based
2025-08-01 02:24:12 | INFO     | ------------------------------------------------------------
2025-08-01 02:24:12 | INFO     | Epoch  31 | Train: Loss=0.2001, Acc=0.9411 | Val: Loss=0.1271, Acc=0.9531, F1=0.9531 | LR=0.000100 
2025-08-01 02:28:39 | INFO     | Epoch 32:
2025-08-01 02:28:39 | INFO     |   训练指标:
2025-08-01 02:28:39 | INFO     |     损失(ce): 0.190256
2025-08-01 02:28:39 | INFO     |     准确率: 0.940141
2025-08-01 02:28:39 | INFO     |     学习率: 0.00010000
2025-08-01 02:28:39 | INFO     |   验证指标(标准CE):
2025-08-01 02:28:39 | INFO     |     损失: 0.159787
2025-08-01 02:28:39 | INFO     |     准确率: 0.948391
2025-08-01 02:28:39 | INFO     |     F1(macro): 0.952212
2025-08-01 02:28:39 | INFO     |     F1(weighted): 0.949947
2025-08-01 02:28:39 | INFO     |     精确率: 0.959990
2025-08-01 02:28:39 | INFO     |     召回率: 0.951173
2025-08-01 02:28:39 | INFO     |   学习率调度器: f1_based
2025-08-01 02:28:39 | INFO     | ------------------------------------------------------------
2025-08-01 02:28:39 | INFO     | 🎯 学习率调整事件:
2025-08-01 02:28:39 | INFO     |   调度器类型: f1_based
2025-08-01 02:28:39 | INFO     |   学习率变化: 0.00010000 → 0.00005000
2025-08-01 02:28:39 | INFO     |   触发条件: F1分数 = 0.949947
2025-08-01 02:28:39 | INFO     |   变化幅度: -50.00%
2025-08-01 02:28:39 | INFO     | ------------------------------------------------------------
2025-08-01 02:28:39 | INFO     | Epoch  32 | Train: Loss=0.1903, Acc=0.9401 | Val: Loss=0.1598, Acc=0.9484, F1=0.9499 | LR=0.000050 
2025-08-01 02:33:05 | INFO     | Epoch 33:
2025-08-01 02:33:05 | INFO     |   训练指标:
2025-08-01 02:33:05 | INFO     |     损失(ce): 0.113547
2025-08-01 02:33:05 | INFO     |     准确率: 0.961435
2025-08-01 02:33:05 | INFO     |     学习率: 0.00005000
2025-08-01 02:33:05 | INFO     |   验证指标(标准CE):
2025-08-01 02:33:05 | INFO     |     损失: 0.125677
2025-08-01 02:33:05 | INFO     |     准确率: 0.965818
2025-08-01 02:33:05 | INFO     |     F1(macro): 0.968258
2025-08-01 02:33:05 | INFO     |     F1(weighted): 0.966147
2025-08-01 02:33:05 | INFO     |     精确率: 0.973217
2025-08-01 02:33:05 | INFO     |     召回率: 0.967238
2025-08-01 02:33:05 | INFO     |   学习率调度器: f1_based
2025-08-01 02:33:05 | INFO     | ------------------------------------------------------------
2025-08-01 02:33:05 | INFO     | Epoch  33 | Train: Loss=0.1135, Acc=0.9614 | Val: Loss=0.1257, Acc=0.9658, F1=0.9661 | LR=0.000050 🏆 [最佳模型]
2025-08-01 02:37:32 | INFO     | Epoch 34:
2025-08-01 02:37:32 | INFO     |   训练指标:
2025-08-01 02:37:32 | INFO     |     损失(ce): 0.112382
2025-08-01 02:37:32 | INFO     |     准确率: 0.962441
2025-08-01 02:37:32 | INFO     |     学习率: 0.00005000
2025-08-01 02:37:32 | INFO     |   验证指标(标准CE):
2025-08-01 02:37:32 | INFO     |     损失: 0.192997
2025-08-01 02:37:32 | INFO     |     准确率: 0.949062
2025-08-01 02:37:32 | INFO     |     F1(macro): 0.951302
2025-08-01 02:37:32 | INFO     |     F1(weighted): 0.950056
2025-08-01 02:37:32 | INFO     |     精确率: 0.958474
2025-08-01 02:37:32 | INFO     |     召回率: 0.950790
2025-08-01 02:37:32 | INFO     |   学习率调度器: f1_based
2025-08-01 02:37:32 | INFO     | ------------------------------------------------------------
2025-08-01 02:37:32 | INFO     | Epoch  34 | Train: Loss=0.1124, Acc=0.9624 | Val: Loss=0.1930, Acc=0.9491, F1=0.9501 | LR=0.000050 
2025-08-01 02:41:59 | INFO     | Epoch 35:
2025-08-01 02:41:59 | INFO     |   训练指标:
2025-08-01 02:41:59 | INFO     |     损失(ce): 0.104622
2025-08-01 02:41:59 | INFO     |     准确率: 0.961435
2025-08-01 02:41:59 | INFO     |     学习率: 0.00005000
2025-08-01 02:41:59 | INFO     |   验证指标(标准CE):
2025-08-01 02:41:59 | INFO     |     损失: 0.195036
2025-08-01 02:41:59 | INFO     |     准确率: 0.949732
2025-08-01 02:41:59 | INFO     |     F1(macro): 0.954648
2025-08-01 02:41:59 | INFO     |     F1(weighted): 0.951913
2025-08-01 02:41:59 | INFO     |     精确率: 0.964118
2025-08-01 02:41:59 | INFO     |     召回率: 0.952262
2025-08-01 02:41:59 | INFO     |   学习率调度器: f1_based
2025-08-01 02:41:59 | INFO     | ------------------------------------------------------------
2025-08-01 02:41:59 | INFO     | Epoch  35 | Train: Loss=0.1046, Acc=0.9614 | Val: Loss=0.1950, Acc=0.9497, F1=0.9519 | LR=0.000050 
2025-08-01 02:46:26 | INFO     | Epoch 36:
2025-08-01 02:46:26 | INFO     |   训练指标:
2025-08-01 02:46:26 | INFO     |     损失(ce): 0.113623
2025-08-01 02:46:26 | INFO     |     准确率: 0.961603
2025-08-01 02:46:26 | INFO     |     学习率: 0.00005000
2025-08-01 02:46:26 | INFO     |   验证指标(标准CE):
2025-08-01 02:46:26 | INFO     |     损失: 0.148225
2025-08-01 02:46:26 | INFO     |     准确率: 0.959115
2025-08-01 02:46:26 | INFO     |     F1(macro): 0.961214
2025-08-01 02:46:26 | INFO     |     F1(weighted): 0.959122
2025-08-01 02:46:26 | INFO     |     精确率: 0.965898
2025-08-01 02:46:26 | INFO     |     召回率: 0.961838
2025-08-01 02:46:26 | INFO     |   学习率调度器: f1_based
2025-08-01 02:46:26 | INFO     | ------------------------------------------------------------
2025-08-01 02:46:26 | INFO     | Epoch  36 | Train: Loss=0.1136, Acc=0.9616 | Val: Loss=0.1482, Acc=0.9591, F1=0.9591 | LR=0.000050 
2025-08-01 02:50:52 | INFO     | Epoch 37:
2025-08-01 02:50:52 | INFO     |   训练指标:
2025-08-01 02:50:52 | INFO     |     损失(ce): 0.102483
2025-08-01 02:50:52 | INFO     |     准确率: 0.966801
2025-08-01 02:50:52 | INFO     |     学习率: 0.00005000
2025-08-01 02:50:52 | INFO     |   验证指标(标准CE):
2025-08-01 02:50:52 | INFO     |     损失: 0.141114
2025-08-01 02:50:52 | INFO     |     准确率: 0.960456
2025-08-01 02:50:52 | INFO     |     F1(macro): 0.962667
2025-08-01 02:50:52 | INFO     |     F1(weighted): 0.960865
2025-08-01 02:50:52 | INFO     |     精确率: 0.967090
2025-08-01 02:50:52 | INFO     |     召回率: 0.963222
2025-08-01 02:50:52 | INFO     |   学习率调度器: f1_based
2025-08-01 02:50:52 | INFO     | ------------------------------------------------------------
2025-08-01 02:50:52 | INFO     | Epoch  37 | Train: Loss=0.1025, Acc=0.9668 | Val: Loss=0.1411, Acc=0.9605, F1=0.9609 | LR=0.000050 
2025-08-01 02:55:19 | INFO     | Epoch 38:
2025-08-01 02:55:19 | INFO     |   训练指标:
2025-08-01 02:55:19 | INFO     |     损失(ce): 0.104727
2025-08-01 02:55:19 | INFO     |     准确率: 0.965292
2025-08-01 02:55:19 | INFO     |     学习率: 0.00005000
2025-08-01 02:55:19 | INFO     |   验证指标(标准CE):
2025-08-01 02:55:19 | INFO     |     损失: 0.188124
2025-08-01 02:55:19 | INFO     |     准确率: 0.949732
2025-08-01 02:55:19 | INFO     |     F1(macro): 0.953229
2025-08-01 02:55:19 | INFO     |     F1(weighted): 0.951113
2025-08-01 02:55:19 | INFO     |     精确率: 0.964433
2025-08-01 02:55:19 | INFO     |     召回率: 0.952482
2025-08-01 02:55:19 | INFO     |   学习率调度器: f1_based
2025-08-01 02:55:19 | INFO     | ------------------------------------------------------------
2025-08-01 02:55:19 | INFO     | Epoch  38 | Train: Loss=0.1047, Acc=0.9653 | Val: Loss=0.1881, Acc=0.9497, F1=0.9511 | LR=0.000050 
2025-08-01 02:59:45 | INFO     | Epoch 39:
2025-08-01 02:59:45 | INFO     |   训练指标:
2025-08-01 02:59:45 | INFO     |     损失(ce): 0.108514
2025-08-01 02:59:45 | INFO     |     准确率: 0.966801
2025-08-01 02:59:45 | INFO     |     学习率: 0.00005000
2025-08-01 02:59:45 | INFO     |   验证指标(标准CE):
2025-08-01 02:59:45 | INFO     |     损失: 0.116633
2025-08-01 02:59:45 | INFO     |     准确率: 0.967828
2025-08-01 02:59:45 | INFO     |     F1(macro): 0.968934
2025-08-01 02:59:45 | INFO     |     F1(weighted): 0.967821
2025-08-01 02:59:45 | INFO     |     精确率: 0.973356
2025-08-01 02:59:45 | INFO     |     召回率: 0.969234
2025-08-01 02:59:45 | INFO     |   学习率调度器: f1_based
2025-08-01 02:59:45 | INFO     | ------------------------------------------------------------
2025-08-01 02:59:45 | INFO     | Epoch  39 | Train: Loss=0.1085, Acc=0.9668 | Val: Loss=0.1166, Acc=0.9678, F1=0.9678 | LR=0.000050 🏆 [最佳模型]
2025-08-01 03:04:13 | INFO     | Epoch 40:
2025-08-01 03:04:13 | INFO     |   训练指标:
2025-08-01 03:04:13 | INFO     |     损失(ce): 0.112766
2025-08-01 03:04:13 | INFO     |     准确率: 0.963280
2025-08-01 03:04:13 | INFO     |     学习率: 0.00005000
2025-08-01 03:04:13 | INFO     |   验证指标(标准CE):
2025-08-01 03:04:13 | INFO     |     损失: 0.180966
2025-08-01 03:04:13 | INFO     |     准确率: 0.951743
2025-08-01 03:04:13 | INFO     |     F1(macro): 0.953839
2025-08-01 03:04:13 | INFO     |     F1(weighted): 0.951751
2025-08-01 03:04:13 | INFO     |     精确率: 0.958492
2025-08-01 03:04:13 | INFO     |     召回率: 0.954539
2025-08-01 03:04:13 | INFO     |   学习率调度器: f1_based
2025-08-01 03:04:13 | INFO     | ------------------------------------------------------------
2025-08-01 03:04:13 | INFO     | Epoch  40 | Train: Loss=0.1128, Acc=0.9633 | Val: Loss=0.1810, Acc=0.9517, F1=0.9518 | LR=0.000050 
2025-08-01 03:08:39 | INFO     | Epoch 41:
2025-08-01 03:08:39 | INFO     |   训练指标:
2025-08-01 03:08:39 | INFO     |     损失(ce): 0.116055
2025-08-01 03:08:39 | INFO     |     准确率: 0.963783
2025-08-01 03:08:39 | INFO     |     学习率: 0.00005000
2025-08-01 03:08:39 | INFO     |   验证指标(标准CE):
2025-08-01 03:08:39 | INFO     |     损失: 0.208785
2025-08-01 03:08:39 | INFO     |     准确率: 0.950402
2025-08-01 03:08:39 | INFO     |     F1(macro): 0.952848
2025-08-01 03:08:39 | INFO     |     F1(weighted): 0.950778
2025-08-01 03:08:39 | INFO     |     精确率: 0.963306
2025-08-01 03:08:39 | INFO     |     召回率: 0.952396
2025-08-01 03:08:39 | INFO     |   学习率调度器: f1_based
2025-08-01 03:08:39 | INFO     | ------------------------------------------------------------
2025-08-01 03:08:39 | INFO     | Epoch  41 | Train: Loss=0.1161, Acc=0.9638 | Val: Loss=0.2088, Acc=0.9504, F1=0.9508 | LR=0.000050 
2025-08-01 03:13:06 | INFO     | Epoch 42:
2025-08-01 03:13:06 | INFO     |   训练指标:
2025-08-01 03:13:06 | INFO     |     损失(ce): 0.124499
2025-08-01 03:13:06 | INFO     |     准确率: 0.963447
2025-08-01 03:13:06 | INFO     |     学习率: 0.00005000
2025-08-01 03:13:06 | INFO     |   验证指标(标准CE):
2025-08-01 03:13:06 | INFO     |     损失: 0.138499
2025-08-01 03:13:06 | INFO     |     准确率: 0.964477
2025-08-01 03:13:06 | INFO     |     F1(macro): 0.966702
2025-08-01 03:13:06 | INFO     |     F1(weighted): 0.965313
2025-08-01 03:13:06 | INFO     |     精确率: 0.971731
2025-08-01 03:13:06 | INFO     |     召回率: 0.967043
2025-08-01 03:13:06 | INFO     |   学习率调度器: f1_based
2025-08-01 03:13:06 | INFO     | ------------------------------------------------------------
2025-08-01 03:13:06 | INFO     | Epoch  42 | Train: Loss=0.1245, Acc=0.9634 | Val: Loss=0.1385, Acc=0.9645, F1=0.9653 | LR=0.000050 
2025-08-01 03:17:32 | INFO     | Epoch 43:
2025-08-01 03:17:32 | INFO     |   训练指标:
2025-08-01 03:17:32 | INFO     |     损失(ce): 0.111323
2025-08-01 03:17:32 | INFO     |     准确率: 0.964118
2025-08-01 03:17:32 | INFO     |     学习率: 0.00005000
2025-08-01 03:17:32 | INFO     |   验证指标(标准CE):
2025-08-01 03:17:32 | INFO     |     损失: 0.096592
2025-08-01 03:17:32 | INFO     |     准确率: 0.971850
2025-08-01 03:17:32 | INFO     |     F1(macro): 0.973265
2025-08-01 03:17:32 | INFO     |     F1(weighted): 0.971889
2025-08-01 03:17:32 | INFO     |     精确率: 0.975534
2025-08-01 03:17:32 | INFO     |     召回率: 0.973133
2025-08-01 03:17:32 | INFO     |   学习率调度器: f1_based
2025-08-01 03:17:32 | INFO     | ------------------------------------------------------------
2025-08-01 03:17:32 | INFO     | Epoch  43 | Train: Loss=0.1113, Acc=0.9641 | Val: Loss=0.0966, Acc=0.9718, F1=0.9719 | LR=0.000050 🏆 [最佳模型]
2025-08-01 03:21:59 | INFO     | Epoch 44:
2025-08-01 03:21:59 | INFO     |   训练指标:
2025-08-01 03:21:59 | INFO     |     损失(ce): 0.126505
2025-08-01 03:21:59 | INFO     |     准确率: 0.964286
2025-08-01 03:21:59 | INFO     |     学习率: 0.00005000
2025-08-01 03:21:59 | INFO     |   验证指标(标准CE):
2025-08-01 03:21:59 | INFO     |     损失: 0.273774
2025-08-01 03:21:59 | INFO     |     准确率: 0.945710
2025-08-01 03:21:59 | INFO     |     F1(macro): 0.949412
2025-08-01 03:21:59 | INFO     |     F1(weighted): 0.947226
2025-08-01 03:21:59 | INFO     |     精确率: 0.961603
2025-08-01 03:21:59 | INFO     |     召回率: 0.947362
2025-08-01 03:21:59 | INFO     |   学习率调度器: f1_based
2025-08-01 03:21:59 | INFO     | ------------------------------------------------------------
2025-08-01 03:21:59 | INFO     | Epoch  44 | Train: Loss=0.1265, Acc=0.9643 | Val: Loss=0.2738, Acc=0.9457, F1=0.9472 | LR=0.000050 
2025-08-01 03:26:26 | INFO     | Epoch 45:
2025-08-01 03:26:26 | INFO     |   训练指标:
2025-08-01 03:26:26 | INFO     |     损失(ce): 0.107501
2025-08-01 03:26:26 | INFO     |     准确率: 0.965795
2025-08-01 03:26:26 | INFO     |     学习率: 0.00005000
2025-08-01 03:26:26 | INFO     |   验证指标(标准CE):
2025-08-01 03:26:26 | INFO     |     损失: 0.208845
2025-08-01 03:26:26 | INFO     |     准确率: 0.945710
2025-08-01 03:26:26 | INFO     |     F1(macro): 0.951832
2025-08-01 03:26:26 | INFO     |     F1(weighted): 0.949061
2025-08-01 03:26:26 | INFO     |     精确率: 0.963924
2025-08-01 03:26:26 | INFO     |     召回率: 0.947699
2025-08-01 03:26:26 | INFO     |   学习率调度器: f1_based
2025-08-01 03:26:26 | INFO     | ------------------------------------------------------------
2025-08-01 03:26:26 | INFO     | Epoch  45 | Train: Loss=0.1075, Acc=0.9658 | Val: Loss=0.2088, Acc=0.9457, F1=0.9491 | LR=0.000050 
2025-08-01 03:30:52 | INFO     | Epoch 46:
2025-08-01 03:30:52 | INFO     |   训练指标:
2025-08-01 03:30:52 | INFO     |     损失(ce): 0.106200
2025-08-01 03:30:52 | INFO     |     准确率: 0.968813
2025-08-01 03:30:52 | INFO     |     学习率: 0.00005000
2025-08-01 03:30:52 | INFO     |   验证指标(标准CE):
2025-08-01 03:30:52 | INFO     |     损失: 0.133140
2025-08-01 03:30:52 | INFO     |     准确率: 0.953753
2025-08-01 03:30:52 | INFO     |     F1(macro): 0.957427
2025-08-01 03:30:52 | INFO     |     F1(weighted): 0.954931
2025-08-01 03:30:52 | INFO     |     精确率: 0.968285
2025-08-01 03:30:52 | INFO     |     召回率: 0.957116
2025-08-01 03:30:52 | INFO     |   学习率调度器: f1_based
2025-08-01 03:30:52 | INFO     | ------------------------------------------------------------
2025-08-01 03:30:52 | INFO     | Epoch  46 | Train: Loss=0.1062, Acc=0.9688 | Val: Loss=0.1331, Acc=0.9538, F1=0.9549 | LR=0.000050 
2025-08-01 03:35:18 | INFO     | Epoch 47:
2025-08-01 03:35:18 | INFO     |   训练指标:
2025-08-01 03:35:18 | INFO     |     损失(ce): 0.102184
2025-08-01 03:35:18 | INFO     |     准确率: 0.968142
2025-08-01 03:35:18 | INFO     |     学习率: 0.00005000
2025-08-01 03:35:18 | INFO     |   验证指标(标准CE):
2025-08-01 03:35:18 | INFO     |     损失: 0.162397
2025-08-01 03:35:18 | INFO     |     准确率: 0.957775
2025-08-01 03:35:18 | INFO     |     F1(macro): 0.958899
2025-08-01 03:35:18 | INFO     |     F1(weighted): 0.958095
2025-08-01 03:35:18 | INFO     |     精确率: 0.966798
2025-08-01 03:35:18 | INFO     |     召回率: 0.959798
2025-08-01 03:35:18 | INFO     |   学习率调度器: f1_based
2025-08-01 03:35:18 | INFO     | ------------------------------------------------------------
2025-08-01 03:35:18 | INFO     | Epoch  47 | Train: Loss=0.1022, Acc=0.9681 | Val: Loss=0.1624, Acc=0.9578, F1=0.9581 | LR=0.000050 
2025-08-01 03:39:45 | INFO     | Epoch 48:
2025-08-01 03:39:45 | INFO     |   训练指标:
2025-08-01 03:39:45 | INFO     |     损失(ce): 0.096815
2025-08-01 03:39:45 | INFO     |     准确率: 0.969819
2025-08-01 03:39:45 | INFO     |     学习率: 0.00005000
2025-08-01 03:39:45 | INFO     |   验证指标(标准CE):
2025-08-01 03:39:45 | INFO     |     损失: 0.147187
2025-08-01 03:39:45 | INFO     |     准确率: 0.961796
2025-08-01 03:39:45 | INFO     |     F1(macro): 0.964694
2025-08-01 03:39:45 | INFO     |     F1(weighted): 0.962167
2025-08-01 03:39:45 | INFO     |     精确率: 0.969963
2025-08-01 03:39:45 | INFO     |     召回率: 0.964619
2025-08-01 03:39:45 | INFO     |   学习率调度器: f1_based
2025-08-01 03:39:45 | INFO     | ------------------------------------------------------------
2025-08-01 03:39:45 | INFO     | Epoch  48 | Train: Loss=0.0968, Acc=0.9698 | Val: Loss=0.1472, Acc=0.9618, F1=0.9622 | LR=0.000050 
2025-08-01 03:44:12 | INFO     | Epoch 49:
2025-08-01 03:44:12 | INFO     |   训练指标:
2025-08-01 03:44:12 | INFO     |     损失(ce): 0.110829
2025-08-01 03:44:12 | INFO     |     准确率: 0.967471
2025-08-01 03:44:12 | INFO     |     学习率: 0.00005000
2025-08-01 03:44:12 | INFO     |   验证指标(标准CE):
2025-08-01 03:44:12 | INFO     |     损失: 0.128317
2025-08-01 03:44:12 | INFO     |     准确率: 0.967158
2025-08-01 03:44:12 | INFO     |     F1(macro): 0.968505
2025-08-01 03:44:12 | INFO     |     F1(weighted): 0.967461
2025-08-01 03:44:12 | INFO     |     精确率: 0.973218
2025-08-01 03:44:12 | INFO     |     召回率: 0.968814
2025-08-01 03:44:12 | INFO     |   学习率调度器: f1_based
2025-08-01 03:44:12 | INFO     | ------------------------------------------------------------
2025-08-01 03:44:12 | INFO     | Epoch  49 | Train: Loss=0.1108, Acc=0.9675 | Val: Loss=0.1283, Acc=0.9672, F1=0.9675 | LR=0.000050 
2025-08-01 03:48:38 | INFO     | Epoch 50:
2025-08-01 03:48:38 | INFO     |   训练指标:
2025-08-01 03:48:38 | INFO     |     损失(ce): 0.107361
2025-08-01 03:48:38 | INFO     |     准确率: 0.968310
2025-08-01 03:48:38 | INFO     |     学习率: 0.00005000
2025-08-01 03:48:38 | INFO     |   验证指标(标准CE):
2025-08-01 03:48:38 | INFO     |     损失: 0.179734
2025-08-01 03:48:38 | INFO     |     准确率: 0.948391
2025-08-01 03:48:38 | INFO     |     F1(macro): 0.951164
2025-08-01 03:48:38 | INFO     |     F1(weighted): 0.948996
2025-08-01 03:48:38 | INFO     |     精确率: 0.960854
2025-08-01 03:48:38 | INFO     |     召回率: 0.949837
2025-08-01 03:48:38 | INFO     |   学习率调度器: f1_based
2025-08-01 03:48:38 | INFO     | ------------------------------------------------------------
2025-08-01 03:48:38 | INFO     | Epoch  50 | Train: Loss=0.1074, Acc=0.9683 | Val: Loss=0.1797, Acc=0.9484, F1=0.9490 | LR=0.000050 
2025-08-01 03:53:05 | INFO     | Epoch 51:
2025-08-01 03:53:05 | INFO     |   训练指标:
2025-08-01 03:53:05 | INFO     |     损失(ce): 0.119802
2025-08-01 03:53:05 | INFO     |     准确率: 0.964286
2025-08-01 03:53:05 | INFO     |     学习率: 0.00005000
2025-08-01 03:53:05 | INFO     |   验证指标(标准CE):
2025-08-01 03:53:05 | INFO     |     损失: 0.205837
2025-08-01 03:53:05 | INFO     |     准确率: 0.941689
2025-08-01 03:53:05 | INFO     |     F1(macro): 0.945998
2025-08-01 03:53:05 | INFO     |     F1(weighted): 0.943303
2025-08-01 03:53:05 | INFO     |     精确率: 0.954289
2025-08-01 03:53:05 | INFO     |     召回率: 0.945073
2025-08-01 03:53:05 | INFO     |   学习率调度器: f1_based
2025-08-01 03:53:05 | INFO     | ------------------------------------------------------------
2025-08-01 03:53:05 | INFO     | 🎯 学习率调整事件:
2025-08-01 03:53:05 | INFO     |   调度器类型: f1_based
2025-08-01 03:53:05 | INFO     |   学习率变化: 0.00005000 → 0.00002500
2025-08-01 03:53:05 | INFO     |   触发条件: F1分数 = 0.943303
2025-08-01 03:53:05 | INFO     |   变化幅度: -50.00%
2025-08-01 03:53:05 | INFO     | ------------------------------------------------------------
2025-08-01 03:53:05 | INFO     | Epoch  51 | Train: Loss=0.1198, Acc=0.9643 | Val: Loss=0.2058, Acc=0.9417, F1=0.9433 | LR=0.000025 
2025-08-01 03:57:32 | INFO     | Epoch 52:
2025-08-01 03:57:32 | INFO     |   训练指标:
2025-08-01 03:57:32 | INFO     |     损失(ce): 0.071714
2025-08-01 03:57:32 | INFO     |     准确率: 0.976693
2025-08-01 03:57:32 | INFO     |     学习率: 0.00002500
2025-08-01 03:57:32 | INFO     |   验证指标(标准CE):
2025-08-01 03:57:32 | INFO     |     损失: 0.101405
2025-08-01 03:57:32 | INFO     |     准确率: 0.965147
2025-08-01 03:57:32 | INFO     |     F1(macro): 0.966858
2025-08-01 03:57:32 | INFO     |     F1(weighted): 0.964649
2025-08-01 03:57:32 | INFO     |     精确率: 0.970635
2025-08-01 03:57:32 | INFO     |     召回率: 0.967209
2025-08-01 03:57:32 | INFO     |   学习率调度器: f1_based
2025-08-01 03:57:32 | INFO     | ------------------------------------------------------------
2025-08-01 03:57:32 | INFO     | Epoch  52 | Train: Loss=0.0717, Acc=0.9767 | Val: Loss=0.1014, Acc=0.9651, F1=0.9646 | LR=0.000025 
2025-08-01 04:01:59 | INFO     | Epoch 53:
2025-08-01 04:01:59 | INFO     |   训练指标:
2025-08-01 04:01:59 | INFO     |     损失(ce): 0.081697
2025-08-01 04:01:59 | INFO     |     准确率: 0.973843
2025-08-01 04:01:59 | INFO     |     学习率: 0.00002500
2025-08-01 04:01:59 | INFO     |   验证指标(标准CE):
2025-08-01 04:01:59 | INFO     |     损失: 0.106622
2025-08-01 04:01:59 | INFO     |     准确率: 0.967828
2025-08-01 04:01:59 | INFO     |     F1(macro): 0.969528
2025-08-01 04:01:59 | INFO     |     F1(weighted): 0.967726
2025-08-01 04:01:59 | INFO     |     精确率: 0.974147
2025-08-01 04:01:59 | INFO     |     召回率: 0.969705
2025-08-01 04:01:59 | INFO     |   学习率调度器: f1_based
2025-08-01 04:01:59 | INFO     | ------------------------------------------------------------
2025-08-01 04:01:59 | INFO     | Epoch  53 | Train: Loss=0.0817, Acc=0.9738 | Val: Loss=0.1066, Acc=0.9678, F1=0.9677 | LR=0.000025 
2025-08-01 04:06:26 | INFO     | Epoch 54:
2025-08-01 04:06:26 | INFO     |   训练指标:
2025-08-01 04:06:26 | INFO     |     损失(ce): 0.073899
2025-08-01 04:06:26 | INFO     |     准确率: 0.975017
2025-08-01 04:06:26 | INFO     |     学习率: 0.00002500
2025-08-01 04:06:26 | INFO     |   验证指标(标准CE):
2025-08-01 04:06:26 | INFO     |     损失: 0.096492
2025-08-01 04:06:26 | INFO     |     准确率: 0.974531
2025-08-01 04:06:26 | INFO     |     F1(macro): 0.975807
2025-08-01 04:06:26 | INFO     |     F1(weighted): 0.974347
2025-08-01 04:06:26 | INFO     |     精确率: 0.978239
2025-08-01 04:06:26 | INFO     |     召回率: 0.975834
2025-08-01 04:06:26 | INFO     |   学习率调度器: f1_based
2025-08-01 04:06:26 | INFO     | ------------------------------------------------------------
2025-08-01 04:06:26 | INFO     | Epoch  54 | Train: Loss=0.0739, Acc=0.9750 | Val: Loss=0.0965, Acc=0.9745, F1=0.9743 | LR=0.000025 🏆 [最佳模型]
2025-08-01 04:10:53 | INFO     | Epoch 55:
2025-08-01 04:10:53 | INFO     |   训练指标:
2025-08-01 04:10:53 | INFO     |     损失(ce): 0.060695
2025-08-01 04:10:53 | INFO     |     准确率: 0.976358
2025-08-01 04:10:53 | INFO     |     学习率: 0.00002500
2025-08-01 04:10:53 | INFO     |   验证指标(标准CE):
2025-08-01 04:10:53 | INFO     |     损失: 0.104855
2025-08-01 04:10:53 | INFO     |     准确率: 0.971850
2025-08-01 04:10:53 | INFO     |     F1(macro): 0.972765
2025-08-01 04:10:53 | INFO     |     F1(weighted): 0.971463
2025-08-01 04:10:53 | INFO     |     精确率: 0.975075
2025-08-01 04:10:53 | INFO     |     召回率: 0.973719
2025-08-01 04:10:53 | INFO     |   学习率调度器: f1_based
2025-08-01 04:10:53 | INFO     | ------------------------------------------------------------
2025-08-01 04:10:53 | INFO     | Epoch  55 | Train: Loss=0.0607, Acc=0.9764 | Val: Loss=0.1049, Acc=0.9718, F1=0.9715 | LR=0.000025 
2025-08-01 04:15:20 | INFO     | Epoch 56:
2025-08-01 04:15:20 | INFO     |   训练指标:
2025-08-01 04:15:20 | INFO     |     损失(ce): 0.073795
2025-08-01 04:15:20 | INFO     |     准确率: 0.974011
2025-08-01 04:15:20 | INFO     |     学习率: 0.00002500
2025-08-01 04:15:20 | INFO     |   验证指标(标准CE):
2025-08-01 04:15:20 | INFO     |     损失: 0.079082
2025-08-01 04:15:20 | INFO     |     准确率: 0.973190
2025-08-01 04:15:20 | INFO     |     F1(macro): 0.974691
2025-08-01 04:15:20 | INFO     |     F1(weighted): 0.973078
2025-08-01 04:15:20 | INFO     |     精确率: 0.976182
2025-08-01 04:15:20 | INFO     |     召回率: 0.975002
2025-08-01 04:15:20 | INFO     |   学习率调度器: f1_based
2025-08-01 04:15:20 | INFO     | ------------------------------------------------------------
2025-08-01 04:15:20 | INFO     | Epoch  56 | Train: Loss=0.0738, Acc=0.9740 | Val: Loss=0.0791, Acc=0.9732, F1=0.9731 | LR=0.000025 
2025-08-01 04:19:47 | INFO     | Epoch 57:
2025-08-01 04:19:47 | INFO     |   训练指标:
2025-08-01 04:19:47 | INFO     |     损失(ce): 0.071670
2025-08-01 04:19:47 | INFO     |     准确率: 0.976358
2025-08-01 04:19:47 | INFO     |     学习率: 0.00002500
2025-08-01 04:19:47 | INFO     |   验证指标(标准CE):
2025-08-01 04:19:47 | INFO     |     损失: 0.208229
2025-08-01 04:19:47 | INFO     |     准确率: 0.947721
2025-08-01 04:19:47 | INFO     |     F1(macro): 0.950997
2025-08-01 04:19:47 | INFO     |     F1(weighted): 0.947783
2025-08-01 04:19:47 | INFO     |     精确率: 0.962195
2025-08-01 04:19:47 | INFO     |     召回率: 0.952097
2025-08-01 04:19:47 | INFO     |   学习率调度器: f1_based
2025-08-01 04:19:47 | INFO     | ------------------------------------------------------------
2025-08-01 04:19:47 | INFO     | Epoch  57 | Train: Loss=0.0717, Acc=0.9764 | Val: Loss=0.2082, Acc=0.9477, F1=0.9478 | LR=0.000025 
2025-08-01 04:24:14 | INFO     | Epoch 58:
2025-08-01 04:24:14 | INFO     |   训练指标:
2025-08-01 04:24:14 | INFO     |     损失(ce): 0.073626
2025-08-01 04:24:14 | INFO     |     准确率: 0.977867
2025-08-01 04:24:14 | INFO     |     学习率: 0.00002500
2025-08-01 04:24:14 | INFO     |   验证指标(标准CE):
2025-08-01 04:24:14 | INFO     |     损失: 0.122947
2025-08-01 04:24:14 | INFO     |     准确率: 0.970509
2025-08-01 04:24:14 | INFO     |     F1(macro): 0.972383
2025-08-01 04:24:14 | INFO     |     F1(weighted): 0.970695
2025-08-01 04:24:14 | INFO     |     精确率: 0.976773
2025-08-01 04:24:14 | INFO     |     召回率: 0.971665
2025-08-01 04:24:14 | INFO     |   学习率调度器: f1_based
2025-08-01 04:24:14 | INFO     | ------------------------------------------------------------
2025-08-01 04:24:14 | INFO     | Epoch  58 | Train: Loss=0.0736, Acc=0.9779 | Val: Loss=0.1229, Acc=0.9705, F1=0.9707 | LR=0.000025 
2025-08-01 04:28:41 | INFO     | Epoch 59:
2025-08-01 04:28:41 | INFO     |   训练指标:
2025-08-01 04:28:41 | INFO     |     损失(ce): 0.064630
2025-08-01 04:28:41 | INFO     |     准确率: 0.978203
2025-08-01 04:28:41 | INFO     |     学习率: 0.00002500
2025-08-01 04:28:41 | INFO     |   验证指标(标准CE):
2025-08-01 04:28:41 | INFO     |     损失: 0.098827
2025-08-01 04:28:41 | INFO     |     准确率: 0.965818
2025-08-01 04:28:41 | INFO     |     F1(macro): 0.967497
2025-08-01 04:28:41 | INFO     |     F1(weighted): 0.965856
2025-08-01 04:28:41 | INFO     |     精确率: 0.968524
2025-08-01 04:28:41 | INFO     |     召回率: 0.968039
2025-08-01 04:28:41 | INFO     |   学习率调度器: f1_based
2025-08-01 04:28:41 | INFO     | ------------------------------------------------------------
2025-08-01 04:28:41 | INFO     | Epoch  59 | Train: Loss=0.0646, Acc=0.9782 | Val: Loss=0.0988, Acc=0.9658, F1=0.9659 | LR=0.000025 
2025-08-01 04:33:07 | INFO     | Epoch 60:
2025-08-01 04:33:07 | INFO     |   训练指标:
2025-08-01 04:33:07 | INFO     |     损失(ce): 0.067634
2025-08-01 04:33:07 | INFO     |     准确率: 0.975184
2025-08-01 04:33:07 | INFO     |     学习率: 0.00002500
2025-08-01 04:33:07 | INFO     |   验证指标(标准CE):
2025-08-01 04:33:07 | INFO     |     损失: 0.073459
2025-08-01 04:33:07 | INFO     |     准确率: 0.975871
2025-08-01 04:33:07 | INFO     |     F1(macro): 0.977278
2025-08-01 04:33:07 | INFO     |     F1(weighted): 0.975878
2025-08-01 04:33:07 | INFO     |     精确率: 0.980054
2025-08-01 04:33:07 | INFO     |     召回率: 0.976999
2025-08-01 04:33:07 | INFO     |   学习率调度器: f1_based
2025-08-01 04:33:07 | INFO     | ------------------------------------------------------------
2025-08-01 04:33:07 | INFO     | Epoch  60 | Train: Loss=0.0676, Acc=0.9752 | Val: Loss=0.0735, Acc=0.9759, F1=0.9759 | LR=0.000025 🏆 [最佳模型]
2025-08-01 04:37:35 | INFO     | Epoch 61:
2025-08-01 04:37:35 | INFO     |   训练指标:
2025-08-01 04:37:35 | INFO     |     损失(ce): 0.070367
2025-08-01 04:37:35 | INFO     |     准确率: 0.974514
2025-08-01 04:37:35 | INFO     |     学习率: 0.00002500
2025-08-01 04:37:35 | INFO     |   验证指标(标准CE):
2025-08-01 04:37:35 | INFO     |     损失: 0.064833
2025-08-01 04:37:35 | INFO     |     准确率: 0.971850
2025-08-01 04:37:35 | INFO     |     F1(macro): 0.972492
2025-08-01 04:37:35 | INFO     |     F1(weighted): 0.971432
2025-08-01 04:37:35 | INFO     |     精确率: 0.975817
2025-08-01 04:37:35 | INFO     |     召回率: 0.973799
2025-08-01 04:37:35 | INFO     |   学习率调度器: f1_based
2025-08-01 04:37:35 | INFO     | ------------------------------------------------------------
2025-08-01 04:37:35 | INFO     | Epoch  61 | Train: Loss=0.0704, Acc=0.9745 | Val: Loss=0.0648, Acc=0.9718, F1=0.9714 | LR=0.000025 
2025-08-01 04:42:02 | INFO     | Epoch 62:
2025-08-01 04:42:02 | INFO     |   训练指标:
2025-08-01 04:42:02 | INFO     |     损失(ce): 0.066450
2025-08-01 04:42:02 | INFO     |     准确率: 0.977867
2025-08-01 04:42:02 | INFO     |     学习率: 0.00002500
2025-08-01 04:42:02 | INFO     |   验证指标(标准CE):
2025-08-01 04:42:02 | INFO     |     损失: 0.081297
2025-08-01 04:42:02 | INFO     |     准确率: 0.967828
2025-08-01 04:42:02 | INFO     |     F1(macro): 0.968800
2025-08-01 04:42:02 | INFO     |     F1(weighted): 0.967309
2025-08-01 04:42:02 | INFO     |     精确率: 0.972632
2025-08-01 04:42:02 | INFO     |     召回率: 0.970517
2025-08-01 04:42:02 | INFO     |   学习率调度器: f1_based
2025-08-01 04:42:02 | INFO     | ------------------------------------------------------------
2025-08-01 04:42:02 | INFO     | Epoch  62 | Train: Loss=0.0665, Acc=0.9779 | Val: Loss=0.0813, Acc=0.9678, F1=0.9673 | LR=0.000025 
2025-08-01 04:46:28 | INFO     | Epoch 63:
2025-08-01 04:46:28 | INFO     |   训练指标:
2025-08-01 04:46:28 | INFO     |     损失(ce): 0.061764
2025-08-01 04:46:28 | INFO     |     准确率: 0.977700
2025-08-01 04:46:28 | INFO     |     学习率: 0.00002500
2025-08-01 04:46:28 | INFO     |   验证指标(标准CE):
2025-08-01 04:46:28 | INFO     |     损失: 0.113688
2025-08-01 04:46:28 | INFO     |     准确率: 0.967158
2025-08-01 04:46:28 | INFO     |     F1(macro): 0.968626
2025-08-01 04:46:28 | INFO     |     F1(weighted): 0.967026
2025-08-01 04:46:28 | INFO     |     精确率: 0.974024
2025-08-01 04:46:28 | INFO     |     召回率: 0.968812
2025-08-01 04:46:28 | INFO     |   学习率调度器: f1_based
2025-08-01 04:46:28 | INFO     | ------------------------------------------------------------
2025-08-01 04:46:28 | INFO     | Epoch  63 | Train: Loss=0.0618, Acc=0.9777 | Val: Loss=0.1137, Acc=0.9672, F1=0.9670 | LR=0.000025 
2025-08-01 04:50:55 | INFO     | Epoch 64:
2025-08-01 04:50:55 | INFO     |   训练指标:
2025-08-01 04:50:55 | INFO     |     损失(ce): 0.059143
2025-08-01 04:50:55 | INFO     |     准确率: 0.977197
2025-08-01 04:50:55 | INFO     |     学习率: 0.00002500
2025-08-01 04:50:55 | INFO     |   验证指标(标准CE):
2025-08-01 04:50:55 | INFO     |     损失: 0.104476
2025-08-01 04:50:55 | INFO     |     准确率: 0.969169
2025-08-01 04:50:55 | INFO     |     F1(macro): 0.970741
2025-08-01 04:50:55 | INFO     |     F1(weighted): 0.969213
2025-08-01 04:50:55 | INFO     |     精确率: 0.975719
2025-08-01 04:50:55 | INFO     |     召回率: 0.970616
2025-08-01 04:50:55 | INFO     |   学习率调度器: f1_based
2025-08-01 04:50:55 | INFO     | ------------------------------------------------------------
2025-08-01 04:50:55 | INFO     | Epoch  64 | Train: Loss=0.0591, Acc=0.9772 | Val: Loss=0.1045, Acc=0.9692, F1=0.9692 | LR=0.000025 
2025-08-01 04:55:22 | INFO     | Epoch 65:
2025-08-01 04:55:22 | INFO     |   训练指标:
2025-08-01 04:55:22 | INFO     |     损失(ce): 0.063553
2025-08-01 04:55:22 | INFO     |     准确率: 0.977532
2025-08-01 04:55:22 | INFO     |     学习率: 0.00002500
2025-08-01 04:55:22 | INFO     |   验证指标(标准CE):
2025-08-01 04:55:22 | INFO     |     损失: 0.087631
2025-08-01 04:55:22 | INFO     |     准确率: 0.972520
2025-08-01 04:55:22 | INFO     |     F1(macro): 0.973675
2025-08-01 04:55:22 | INFO     |     F1(weighted): 0.972235
2025-08-01 04:55:22 | INFO     |     精确率: 0.977749
2025-08-01 04:55:22 | INFO     |     召回率: 0.974328
2025-08-01 04:55:22 | INFO     |   学习率调度器: f1_based
2025-08-01 04:55:22 | INFO     | ------------------------------------------------------------
2025-08-01 04:55:22 | INFO     | Epoch  65 | Train: Loss=0.0636, Acc=0.9775 | Val: Loss=0.0876, Acc=0.9725, F1=0.9722 | LR=0.000025 
2025-08-01 04:59:49 | INFO     | Epoch 66:
2025-08-01 04:59:49 | INFO     |   训练指标:
2025-08-01 04:59:49 | INFO     |     损失(ce): 0.068690
2025-08-01 04:59:49 | INFO     |     准确率: 0.975184
2025-08-01 04:59:49 | INFO     |     学习率: 0.00002500
2025-08-01 04:59:49 | INFO     |   验证指标(标准CE):
2025-08-01 04:59:49 | INFO     |     损失: 0.100152
2025-08-01 04:59:49 | INFO     |     准确率: 0.973190
2025-08-01 04:59:49 | INFO     |     F1(macro): 0.974639
2025-08-01 04:59:49 | INFO     |     F1(weighted): 0.973076
2025-08-01 04:59:49 | INFO     |     精确率: 0.977170
2025-08-01 04:59:49 | INFO     |     召回率: 0.974815
2025-08-01 04:59:49 | INFO     |   学习率调度器: f1_based
2025-08-01 04:59:49 | INFO     | ------------------------------------------------------------
2025-08-01 04:59:49 | INFO     | Epoch  66 | Train: Loss=0.0687, Acc=0.9752 | Val: Loss=0.1002, Acc=0.9732, F1=0.9731 | LR=0.000025 
2025-08-01 05:04:16 | INFO     | Epoch 67:
2025-08-01 05:04:16 | INFO     |   训练指标:
2025-08-01 05:04:16 | INFO     |     损失(ce): 0.071623
2025-08-01 05:04:16 | INFO     |     准确率: 0.975352
2025-08-01 05:04:16 | INFO     |     学习率: 0.00002500
2025-08-01 05:04:16 | INFO     |   验证指标(标准CE):
2025-08-01 05:04:16 | INFO     |     损失: 0.088850
2025-08-01 05:04:16 | INFO     |     准确率: 0.971850
2025-08-01 05:04:16 | INFO     |     F1(macro): 0.973194
2025-08-01 05:04:16 | INFO     |     F1(weighted): 0.971752
2025-08-01 05:04:16 | INFO     |     精确率: 0.977544
2025-08-01 05:04:16 | INFO     |     召回率: 0.973204
2025-08-01 05:04:16 | INFO     |   学习率调度器: f1_based
2025-08-01 05:04:16 | INFO     | ------------------------------------------------------------
2025-08-01 05:04:16 | INFO     | Epoch  67 | Train: Loss=0.0716, Acc=0.9754 | Val: Loss=0.0888, Acc=0.9718, F1=0.9718 | LR=0.000025 
2025-08-01 05:08:43 | INFO     | Epoch 68:
2025-08-01 05:08:43 | INFO     |   训练指标:
2025-08-01 05:08:43 | INFO     |     损失(ce): 0.064932
2025-08-01 05:08:43 | INFO     |     准确率: 0.978370
2025-08-01 05:08:43 | INFO     |     学习率: 0.00002500
2025-08-01 05:08:43 | INFO     |   验证指标(标准CE):
2025-08-01 05:08:43 | INFO     |     损失: 0.108318
2025-08-01 05:08:43 | INFO     |     准确率: 0.965818
2025-08-01 05:08:43 | INFO     |     F1(macro): 0.967251
2025-08-01 05:08:43 | INFO     |     F1(weighted): 0.965499
2025-08-01 05:08:43 | INFO     |     精确率: 0.968876
2025-08-01 05:08:43 | INFO     |     召回率: 0.968470
2025-08-01 05:08:43 | INFO     |   学习率调度器: f1_based
2025-08-01 05:08:43 | INFO     | ------------------------------------------------------------
2025-08-01 05:08:43 | INFO     | 🎯 学习率调整事件:
2025-08-01 05:08:43 | INFO     |   调度器类型: f1_based
2025-08-01 05:08:43 | INFO     |   学习率变化: 0.00002500 → 0.00001250
2025-08-01 05:08:43 | INFO     |   触发条件: F1分数 = 0.965499
2025-08-01 05:08:43 | INFO     |   变化幅度: -50.00%
2025-08-01 05:08:43 | INFO     | ------------------------------------------------------------
2025-08-01 05:08:43 | INFO     | Epoch  68 | Train: Loss=0.0649, Acc=0.9784 | Val: Loss=0.1083, Acc=0.9658, F1=0.9655 | LR=0.000013 
2025-08-01 05:13:09 | INFO     | Epoch 69:
2025-08-01 05:13:09 | INFO     |   训练指标:
2025-08-01 05:13:09 | INFO     |     损失(ce): 0.048898
2025-08-01 05:13:09 | INFO     |     准确率: 0.980382
2025-08-01 05:13:09 | INFO     |     学习率: 0.00001250
2025-08-01 05:13:09 | INFO     |   验证指标(标准CE):
2025-08-01 05:13:09 | INFO     |     损失: 0.106929
2025-08-01 05:13:09 | INFO     |     准确率: 0.969169
2025-08-01 05:13:09 | INFO     |     F1(macro): 0.970568
2025-08-01 05:13:09 | INFO     |     F1(weighted): 0.969122
2025-08-01 05:13:09 | INFO     |     精确率: 0.972536
2025-08-01 05:13:09 | INFO     |     召回率: 0.971456
2025-08-01 05:13:09 | INFO     |   学习率调度器: f1_based
2025-08-01 05:13:09 | INFO     | ------------------------------------------------------------
2025-08-01 05:13:09 | INFO     | Epoch  69 | Train: Loss=0.0489, Acc=0.9804 | Val: Loss=0.1069, Acc=0.9692, F1=0.9691 | LR=0.000013 
2025-08-01 05:17:36 | INFO     | Epoch 70:
2025-08-01 05:17:36 | INFO     |   训练指标:
2025-08-01 05:17:36 | INFO     |     损失(ce): 0.048997
2025-08-01 05:17:36 | INFO     |     准确率: 0.980550
2025-08-01 05:17:36 | INFO     |     学习率: 0.00001250
2025-08-01 05:17:36 | INFO     |   验证指标(标准CE):
2025-08-01 05:17:36 | INFO     |     损失: 0.145936
2025-08-01 05:17:36 | INFO     |     准确率: 0.967158
2025-08-01 05:17:36 | INFO     |     F1(macro): 0.968514
2025-08-01 05:17:36 | INFO     |     F1(weighted): 0.967473
2025-08-01 05:17:36 | INFO     |     精确率: 0.972849
2025-08-01 05:17:36 | INFO     |     召回率: 0.969669
2025-08-01 05:17:36 | INFO     |   学习率调度器: f1_based
2025-08-01 05:17:36 | INFO     | ------------------------------------------------------------
2025-08-01 05:17:36 | INFO     | Epoch  70 | Train: Loss=0.0490, Acc=0.9805 | Val: Loss=0.1459, Acc=0.9672, F1=0.9675 | LR=0.000013 
2025-08-01 05:22:03 | INFO     | Epoch 71:
2025-08-01 05:22:03 | INFO     |   训练指标:
2025-08-01 05:22:03 | INFO     |     损失(ce): 0.047667
2025-08-01 05:22:03 | INFO     |     准确率: 0.980382
2025-08-01 05:22:03 | INFO     |     学习率: 0.00001250
2025-08-01 05:22:03 | INFO     |   验证指标(标准CE):
2025-08-01 05:22:03 | INFO     |     损失: 0.100146
2025-08-01 05:22:03 | INFO     |     准确率: 0.968499
2025-08-01 05:22:03 | INFO     |     F1(macro): 0.969821
2025-08-01 05:22:03 | INFO     |     F1(weighted): 0.968304
2025-08-01 05:22:03 | INFO     |     精确率: 0.972120
2025-08-01 05:22:03 | INFO     |     召回率: 0.970544
2025-08-01 05:22:03 | INFO     |   学习率调度器: f1_based
2025-08-01 05:22:03 | INFO     | ------------------------------------------------------------
2025-08-01 05:22:03 | INFO     | Epoch  71 | Train: Loss=0.0477, Acc=0.9804 | Val: Loss=0.1001, Acc=0.9685, F1=0.9683 | LR=0.000013 
2025-08-01 05:26:29 | INFO     | Epoch 72:
2025-08-01 05:26:29 | INFO     |   训练指标:
2025-08-01 05:26:29 | INFO     |     损失(ce): 0.045502
2025-08-01 05:26:29 | INFO     |     准确率: 0.979544
2025-08-01 05:26:29 | INFO     |     学习率: 0.00001250
2025-08-01 05:26:29 | INFO     |   验证指标(标准CE):
2025-08-01 05:26:29 | INFO     |     损失: 0.106788
2025-08-01 05:26:29 | INFO     |     准确率: 0.970509
2025-08-01 05:26:29 | INFO     |     F1(macro): 0.972732
2025-08-01 05:26:29 | INFO     |     F1(weighted): 0.970917
2025-08-01 05:26:29 | INFO     |     精确率: 0.976134
2025-08-01 05:26:29 | INFO     |     召回率: 0.971834
2025-08-01 05:26:29 | INFO     |   学习率调度器: f1_based
2025-08-01 05:26:29 | INFO     | ------------------------------------------------------------
2025-08-01 05:26:29 | INFO     | Epoch  72 | Train: Loss=0.0455, Acc=0.9795 | Val: Loss=0.1068, Acc=0.9705, F1=0.9709 | LR=0.000013 
2025-08-01 05:30:56 | INFO     | Epoch 73:
2025-08-01 05:30:56 | INFO     |   训练指标:
2025-08-01 05:30:56 | INFO     |     损失(ce): 0.044101
2025-08-01 05:30:56 | INFO     |     准确率: 0.981556
2025-08-01 05:30:56 | INFO     |     学习率: 0.00001250
2025-08-01 05:30:56 | INFO     |   验证指标(标准CE):
2025-08-01 05:30:56 | INFO     |     损失: 0.119748
2025-08-01 05:30:56 | INFO     |     准确率: 0.965818
2025-08-01 05:30:56 | INFO     |     F1(macro): 0.967400
2025-08-01 05:30:56 | INFO     |     F1(weighted): 0.965715
2025-08-01 05:30:56 | INFO     |     精确率: 0.972918
2025-08-01 05:30:56 | INFO     |     召回率: 0.967280
2025-08-01 05:30:56 | INFO     |   学习率调度器: f1_based
2025-08-01 05:30:56 | INFO     | ------------------------------------------------------------
2025-08-01 05:30:56 | INFO     | Epoch  73 | Train: Loss=0.0441, Acc=0.9816 | Val: Loss=0.1197, Acc=0.9658, F1=0.9657 | LR=0.000013 
2025-08-01 05:35:23 | INFO     | Epoch 74:
2025-08-01 05:35:23 | INFO     |   训练指标:
2025-08-01 05:35:23 | INFO     |     损失(ce): 0.041778
2025-08-01 05:35:23 | INFO     |     准确率: 0.982059
2025-08-01 05:35:23 | INFO     |     学习率: 0.00001250
2025-08-01 05:35:23 | INFO     |   验证指标(标准CE):
2025-08-01 05:35:23 | INFO     |     损失: 0.086775
2025-08-01 05:35:23 | INFO     |     准确率: 0.972520
2025-08-01 05:35:23 | INFO     |     F1(macro): 0.973897
2025-08-01 05:35:23 | INFO     |     F1(weighted): 0.972308
2025-08-01 05:35:23 | INFO     |     精确率: 0.975832
2025-08-01 05:35:23 | INFO     |     召回率: 0.974347
2025-08-01 05:35:23 | INFO     |   学习率调度器: f1_based
2025-08-01 05:35:23 | INFO     | ------------------------------------------------------------
2025-08-01 05:35:23 | INFO     | Epoch  74 | Train: Loss=0.0418, Acc=0.9821 | Val: Loss=0.0868, Acc=0.9725, F1=0.9723 | LR=0.000013 
2025-08-01 05:39:49 | INFO     | Epoch 75:
2025-08-01 05:39:49 | INFO     |   训练指标:
2025-08-01 05:39:49 | INFO     |     损失(ce): 0.047525
2025-08-01 05:39:49 | INFO     |     准确率: 0.982562
2025-08-01 05:39:49 | INFO     |     学习率: 0.00001250
2025-08-01 05:39:49 | INFO     |   验证指标(标准CE):
2025-08-01 05:39:49 | INFO     |     损失: 0.104356
2025-08-01 05:39:49 | INFO     |     准确率: 0.977212
2025-08-01 05:39:49 | INFO     |     F1(macro): 0.978337
2025-08-01 05:39:49 | INFO     |     F1(weighted): 0.977175
2025-08-01 05:39:49 | INFO     |     精确率: 0.980813
2025-08-01 05:39:49 | INFO     |     召回率: 0.978460
2025-08-01 05:39:49 | INFO     |   学习率调度器: f1_based
2025-08-01 05:39:49 | INFO     | ------------------------------------------------------------
2025-08-01 05:39:49 | INFO     | Epoch  75 | Train: Loss=0.0475, Acc=0.9826 | Val: Loss=0.1044, Acc=0.9772, F1=0.9772 | LR=0.000013 🏆 [最佳模型]
2025-08-01 05:44:17 | INFO     | Epoch 76:
2025-08-01 05:44:17 | INFO     |   训练指标:
2025-08-01 05:44:17 | INFO     |     损失(ce): 0.043411
2025-08-01 05:44:17 | INFO     |     准确率: 0.981388
2025-08-01 05:44:17 | INFO     |     学习率: 0.00001250
2025-08-01 05:44:17 | INFO     |   验证指标(标准CE):
2025-08-01 05:44:17 | INFO     |     损失: 0.119225
2025-08-01 05:44:17 | INFO     |     准确率: 0.968499
2025-08-01 05:44:17 | INFO     |     F1(macro): 0.969699
2025-08-01 05:44:17 | INFO     |     F1(weighted): 0.968553
2025-08-01 05:44:17 | INFO     |     精确率: 0.972361
2025-08-01 05:44:17 | INFO     |     召回率: 0.970918
2025-08-01 05:44:17 | INFO     |   学习率调度器: f1_based
2025-08-01 05:44:17 | INFO     | ------------------------------------------------------------
2025-08-01 05:44:17 | INFO     | Epoch  76 | Train: Loss=0.0434, Acc=0.9814 | Val: Loss=0.1192, Acc=0.9685, F1=0.9686 | LR=0.000013 
2025-08-01 05:48:43 | INFO     | Epoch 77:
2025-08-01 05:48:43 | INFO     |   训练指标:
2025-08-01 05:48:43 | INFO     |     损失(ce): 0.048791
2025-08-01 05:48:43 | INFO     |     准确率: 0.982394
2025-08-01 05:48:43 | INFO     |     学习率: 0.00001250
2025-08-01 05:48:43 | INFO     |   验证指标(标准CE):
2025-08-01 05:48:43 | INFO     |     损失: 0.079297
2025-08-01 05:48:43 | INFO     |     准确率: 0.971850
2025-08-01 05:48:43 | INFO     |     F1(macro): 0.972661
2025-08-01 05:48:43 | INFO     |     F1(weighted): 0.971519
2025-08-01 05:48:43 | INFO     |     精确率: 0.976561
2025-08-01 05:48:43 | INFO     |     召回率: 0.973476
2025-08-01 05:48:43 | INFO     |   学习率调度器: f1_based
2025-08-01 05:48:43 | INFO     | ------------------------------------------------------------
2025-08-01 05:48:43 | INFO     | Epoch  77 | Train: Loss=0.0488, Acc=0.9824 | Val: Loss=0.0793, Acc=0.9718, F1=0.9715 | LR=0.000013 
2025-08-01 05:53:10 | INFO     | Epoch 78:
2025-08-01 05:53:10 | INFO     |   训练指标:
2025-08-01 05:53:10 | INFO     |     损失(ce): 0.043548
2025-08-01 05:53:10 | INFO     |     准确率: 0.980215
2025-08-01 05:53:10 | INFO     |     学习率: 0.00001250
2025-08-01 05:53:10 | INFO     |   验证指标(标准CE):
2025-08-01 05:53:10 | INFO     |     损失: 0.093240
2025-08-01 05:53:10 | INFO     |     准确率: 0.969169
2025-08-01 05:53:10 | INFO     |     F1(macro): 0.970313
2025-08-01 05:53:10 | INFO     |     F1(weighted): 0.968869
2025-08-01 05:53:10 | INFO     |     精确率: 0.974459
2025-08-01 05:53:10 | INFO     |     召回率: 0.971016
2025-08-01 05:53:10 | INFO     |   学习率调度器: f1_based
2025-08-01 05:53:10 | INFO     | ------------------------------------------------------------
2025-08-01 05:53:10 | INFO     | Epoch  78 | Train: Loss=0.0435, Acc=0.9802 | Val: Loss=0.0932, Acc=0.9692, F1=0.9689 | LR=0.000013 
2025-08-01 05:57:37 | INFO     | Epoch 79:
2025-08-01 05:57:37 | INFO     |   训练指标:
2025-08-01 05:57:37 | INFO     |     损失(ce): 0.044098
2025-08-01 05:57:37 | INFO     |     准确率: 0.979879
2025-08-01 05:57:37 | INFO     |     学习率: 0.00001250
2025-08-01 05:57:37 | INFO     |   验证指标(标准CE):
2025-08-01 05:57:37 | INFO     |     损失: 0.071181
2025-08-01 05:57:37 | INFO     |     准确率: 0.976542
2025-08-01 05:57:37 | INFO     |     F1(macro): 0.978072
2025-08-01 05:57:37 | INFO     |     F1(weighted): 0.976567
2025-08-01 05:57:37 | INFO     |     精确率: 0.981046
2025-08-01 05:57:37 | INFO     |     召回率: 0.977766
2025-08-01 05:57:37 | INFO     |   学习率调度器: f1_based
2025-08-01 05:57:37 | INFO     | ------------------------------------------------------------
2025-08-01 05:57:37 | INFO     | Epoch  79 | Train: Loss=0.0441, Acc=0.9799 | Val: Loss=0.0712, Acc=0.9765, F1=0.9766 | LR=0.000013 
2025-08-01 06:02:03 | INFO     | Epoch 80:
2025-08-01 06:02:03 | INFO     |   训练指标:
2025-08-01 06:02:03 | INFO     |     损失(ce): 0.042279
2025-08-01 06:02:03 | INFO     |     准确率: 0.982394
2025-08-01 06:02:03 | INFO     |     学习率: 0.00001250
2025-08-01 06:02:03 | INFO     |   验证指标(标准CE):
2025-08-01 06:02:03 | INFO     |     损失: 0.100213
2025-08-01 06:02:03 | INFO     |     准确率: 0.971850
2025-08-01 06:02:03 | INFO     |     F1(macro): 0.973264
2025-08-01 06:02:03 | INFO     |     F1(weighted): 0.971718
2025-08-01 06:02:03 | INFO     |     精确率: 0.974318
2025-08-01 06:02:03 | INFO     |     召回率: 0.974004
2025-08-01 06:02:03 | INFO     |   学习率调度器: f1_based
2025-08-01 06:02:03 | INFO     | ------------------------------------------------------------
2025-08-01 06:02:03 | INFO     | Epoch  80 | Train: Loss=0.0423, Acc=0.9824 | Val: Loss=0.1002, Acc=0.9718, F1=0.9717 | LR=0.000013 
2025-08-01 06:06:30 | INFO     | Epoch 81:
2025-08-01 06:06:30 | INFO     |   训练指标:
2025-08-01 06:06:30 | INFO     |     损失(ce): 0.041510
2025-08-01 06:06:30 | INFO     |     准确率: 0.982394
2025-08-01 06:06:30 | INFO     |     学习率: 0.00001250
2025-08-01 06:06:30 | INFO     |   验证指标(标准CE):
2025-08-01 06:06:30 | INFO     |     损失: 0.075847
2025-08-01 06:06:30 | INFO     |     准确率: 0.977212
2025-08-01 06:06:30 | INFO     |     F1(macro): 0.978225
2025-08-01 06:06:30 | INFO     |     F1(weighted): 0.977140
2025-08-01 06:06:30 | INFO     |     精确率: 0.979461
2025-08-01 06:06:30 | INFO     |     召回率: 0.978326
2025-08-01 06:06:30 | INFO     |   学习率调度器: f1_based
2025-08-01 06:06:30 | INFO     | ------------------------------------------------------------
2025-08-01 06:06:30 | INFO     | Epoch  81 | Train: Loss=0.0415, Acc=0.9824 | Val: Loss=0.0758, Acc=0.9772, F1=0.9771 | LR=0.000013 
2025-08-01 06:10:57 | INFO     | Epoch 82:
2025-08-01 06:10:57 | INFO     |   训练指标:
2025-08-01 06:10:57 | INFO     |     损失(ce): 0.043484
2025-08-01 06:10:57 | INFO     |     准确率: 0.982059
2025-08-01 06:10:57 | INFO     |     学习率: 0.00001250
2025-08-01 06:10:57 | INFO     |   验证指标(标准CE):
2025-08-01 06:10:57 | INFO     |     损失: 0.070318
2025-08-01 06:10:57 | INFO     |     准确率: 0.978552
2025-08-01 06:10:57 | INFO     |     F1(macro): 0.979929
2025-08-01 06:10:57 | INFO     |     F1(weighted): 0.978402
2025-08-01 06:10:57 | INFO     |     精确率: 0.982178
2025-08-01 06:10:57 | INFO     |     召回率: 0.979730
2025-08-01 06:10:57 | INFO     |   学习率调度器: f1_based
2025-08-01 06:10:57 | INFO     | ------------------------------------------------------------
2025-08-01 06:10:57 | INFO     | Epoch  82 | Train: Loss=0.0435, Acc=0.9821 | Val: Loss=0.0703, Acc=0.9786, F1=0.9784 | LR=0.000013 🏆 [最佳模型]
2025-08-01 06:15:24 | INFO     | Epoch 83:
2025-08-01 06:15:24 | INFO     |   训练指标:
2025-08-01 06:15:24 | INFO     |     损失(ce): 0.044156
2025-08-01 06:15:24 | INFO     |     准确率: 0.983065
2025-08-01 06:15:24 | INFO     |     学习率: 0.00001250
2025-08-01 06:15:24 | INFO     |   验证指标(标准CE):
2025-08-01 06:15:24 | INFO     |     损失: 0.094222
2025-08-01 06:15:24 | INFO     |     准确率: 0.969169
2025-08-01 06:15:24 | INFO     |     F1(macro): 0.970134
2025-08-01 06:15:24 | INFO     |     F1(weighted): 0.968969
2025-08-01 06:15:24 | INFO     |     精确率: 0.973915
2025-08-01 06:15:24 | INFO     |     召回率: 0.970900
2025-08-01 06:15:24 | INFO     |   学习率调度器: f1_based
2025-08-01 06:15:24 | INFO     | ------------------------------------------------------------
2025-08-01 06:15:24 | INFO     | Epoch  83 | Train: Loss=0.0442, Acc=0.9831 | Val: Loss=0.0942, Acc=0.9692, F1=0.9690 | LR=0.000013 
2025-08-01 06:19:51 | INFO     | Epoch 84:
2025-08-01 06:19:51 | INFO     |   训练指标:
2025-08-01 06:19:51 | INFO     |     损失(ce): 0.042548
2025-08-01 06:19:51 | INFO     |     准确率: 0.985077
2025-08-01 06:19:51 | INFO     |     学习率: 0.00001250
2025-08-01 06:19:51 | INFO     |   验证指标(标准CE):
2025-08-01 06:19:51 | INFO     |     损失: 0.106996
2025-08-01 06:19:51 | INFO     |     准确率: 0.970509
2025-08-01 06:19:51 | INFO     |     F1(macro): 0.972016
2025-08-01 06:19:51 | INFO     |     F1(weighted): 0.970448
2025-08-01 06:19:51 | INFO     |     精确率: 0.973546
2025-08-01 06:19:51 | INFO     |     召回率: 0.972318
2025-08-01 06:19:51 | INFO     |   学习率调度器: f1_based
2025-08-01 06:19:51 | INFO     | ------------------------------------------------------------
2025-08-01 06:19:51 | INFO     | Epoch  84 | Train: Loss=0.0425, Acc=0.9851 | Val: Loss=0.1070, Acc=0.9705, F1=0.9704 | LR=0.000013 
2025-08-01 06:24:18 | INFO     | Epoch 85:
2025-08-01 06:24:18 | INFO     |   训练指标:
2025-08-01 06:24:18 | INFO     |     损失(ce): 0.046834
2025-08-01 06:24:18 | INFO     |     准确率: 0.982394
2025-08-01 06:24:18 | INFO     |     学习率: 0.00001250
2025-08-01 06:24:18 | INFO     |   验证指标(标准CE):
2025-08-01 06:24:18 | INFO     |     损失: 0.113796
2025-08-01 06:24:18 | INFO     |     准确率: 0.967828
2025-08-01 06:24:18 | INFO     |     F1(macro): 0.969131
2025-08-01 06:24:18 | INFO     |     F1(weighted): 0.967585
2025-08-01 06:24:18 | INFO     |     精确率: 0.973128
2025-08-01 06:24:18 | INFO     |     召回率: 0.970088
2025-08-01 06:24:18 | INFO     |   学习率调度器: f1_based
2025-08-01 06:24:18 | INFO     | ------------------------------------------------------------
2025-08-01 06:24:18 | INFO     | Epoch  85 | Train: Loss=0.0468, Acc=0.9824 | Val: Loss=0.1138, Acc=0.9678, F1=0.9676 | LR=0.000013 
2025-08-01 06:28:45 | INFO     | Epoch 86:
2025-08-01 06:28:45 | INFO     |   训练指标:
2025-08-01 06:28:45 | INFO     |     损失(ce): 0.051515
2025-08-01 06:28:45 | INFO     |     准确率: 0.982562
2025-08-01 06:28:45 | INFO     |     学习率: 0.00001250
2025-08-01 06:28:45 | INFO     |   验证指标(标准CE):
2025-08-01 06:28:45 | INFO     |     损失: 0.086030
2025-08-01 06:28:45 | INFO     |     准确率: 0.971850
2025-08-01 06:28:45 | INFO     |     F1(macro): 0.973109
2025-08-01 06:28:45 | INFO     |     F1(weighted): 0.971576
2025-08-01 06:28:45 | INFO     |     精确率: 0.976830
2025-08-01 06:28:45 | INFO     |     召回率: 0.973558
2025-08-01 06:28:45 | INFO     |   学习率调度器: f1_based
2025-08-01 06:28:45 | INFO     | ------------------------------------------------------------
2025-08-01 06:28:45 | INFO     | Epoch  86 | Train: Loss=0.0515, Acc=0.9826 | Val: Loss=0.0860, Acc=0.9718, F1=0.9716 | LR=0.000013 
2025-08-01 06:33:11 | INFO     | Epoch 87:
2025-08-01 06:33:11 | INFO     |   训练指标:
2025-08-01 06:33:11 | INFO     |     损失(ce): 0.047889
2025-08-01 06:33:11 | INFO     |     准确率: 0.981556
2025-08-01 06:33:11 | INFO     |     学习率: 0.00001250
2025-08-01 06:33:11 | INFO     |   验证指标(标准CE):
2025-08-01 06:33:11 | INFO     |     损失: 0.092598
2025-08-01 06:33:11 | INFO     |     准确率: 0.969169
2025-08-01 06:33:11 | INFO     |     F1(macro): 0.970251
2025-08-01 06:33:11 | INFO     |     F1(weighted): 0.968857
2025-08-01 06:33:11 | INFO     |     精确率: 0.973810
2025-08-01 06:33:11 | INFO     |     召回率: 0.971418
2025-08-01 06:33:11 | INFO     |   学习率调度器: f1_based
2025-08-01 06:33:11 | INFO     | ------------------------------------------------------------
2025-08-01 06:33:11 | INFO     | Epoch  87 | Train: Loss=0.0479, Acc=0.9816 | Val: Loss=0.0926, Acc=0.9692, F1=0.9689 | LR=0.000013 
2025-08-01 06:37:38 | INFO     | Epoch 88:
2025-08-01 06:37:38 | INFO     |   训练指标:
2025-08-01 06:37:38 | INFO     |     损失(ce): 0.040606
2025-08-01 06:37:38 | INFO     |     准确率: 0.984239
2025-08-01 06:37:38 | INFO     |     学习率: 0.00001250
2025-08-01 06:37:38 | INFO     |   验证指标(标准CE):
2025-08-01 06:37:38 | INFO     |     损失: 0.099611
2025-08-01 06:37:38 | INFO     |     准确率: 0.969839
2025-08-01 06:37:38 | INFO     |     F1(macro): 0.971164
2025-08-01 06:37:38 | INFO     |     F1(weighted): 0.969838
2025-08-01 06:37:38 | INFO     |     精确率: 0.974135
2025-08-01 06:37:38 | INFO     |     召回率: 0.972246
2025-08-01 06:37:38 | INFO     |   学习率调度器: f1_based
2025-08-01 06:37:38 | INFO     | ------------------------------------------------------------
2025-08-01 06:37:38 | INFO     | Epoch  88 | Train: Loss=0.0406, Acc=0.9842 | Val: Loss=0.0996, Acc=0.9698, F1=0.9698 | LR=0.000013 
2025-08-01 06:42:04 | INFO     | Epoch 89:
2025-08-01 06:42:04 | INFO     |   训练指标:
2025-08-01 06:42:04 | INFO     |     损失(ce): 0.042785
2025-08-01 06:42:04 | INFO     |     准确率: 0.981221
2025-08-01 06:42:04 | INFO     |     学习率: 0.00001250
2025-08-01 06:42:04 | INFO     |   验证指标(标准CE):
2025-08-01 06:42:04 | INFO     |     损失: 0.096921
2025-08-01 06:42:04 | INFO     |     准确率: 0.969839
2025-08-01 06:42:04 | INFO     |     F1(macro): 0.970786
2025-08-01 06:42:04 | INFO     |     F1(weighted): 0.969662
2025-08-01 06:42:04 | INFO     |     精确率: 0.975336
2025-08-01 06:42:04 | INFO     |     召回率: 0.971090
2025-08-01 06:42:04 | INFO     |   学习率调度器: f1_based
2025-08-01 06:42:04 | INFO     | ------------------------------------------------------------
2025-08-01 06:42:04 | INFO     | Epoch  89 | Train: Loss=0.0428, Acc=0.9812 | Val: Loss=0.0969, Acc=0.9698, F1=0.9697 | LR=0.000013 
2025-08-01 06:46:31 | INFO     | Epoch 90:
2025-08-01 06:46:31 | INFO     |   训练指标:
2025-08-01 06:46:31 | INFO     |     损失(ce): 0.044269
2025-08-01 06:46:31 | INFO     |     准确率: 0.983568
2025-08-01 06:46:31 | INFO     |     学习率: 0.00001250
2025-08-01 06:46:31 | INFO     |   验证指标(标准CE):
2025-08-01 06:46:31 | INFO     |     损失: 0.114384
2025-08-01 06:46:31 | INFO     |     准确率: 0.968499
2025-08-01 06:46:31 | INFO     |     F1(macro): 0.969421
2025-08-01 06:46:31 | INFO     |     F1(weighted): 0.968325
2025-08-01 06:46:31 | INFO     |     精确率: 0.973883
2025-08-01 06:46:31 | INFO     |     召回率: 0.970597
2025-08-01 06:46:31 | INFO     |   学习率调度器: f1_based
2025-08-01 06:46:31 | INFO     | ------------------------------------------------------------
2025-08-01 06:46:31 | INFO     | 🎯 学习率调整事件:
2025-08-01 06:46:31 | INFO     |   调度器类型: f1_based
2025-08-01 06:46:31 | INFO     |   学习率变化: 0.00001250 → 0.00000625
2025-08-01 06:46:31 | INFO     |   触发条件: F1分数 = 0.968325
2025-08-01 06:46:31 | INFO     |   变化幅度: -50.00%
2025-08-01 06:46:31 | INFO     | ------------------------------------------------------------
2025-08-01 06:46:31 | INFO     | Epoch  90 | Train: Loss=0.0443, Acc=0.9836 | Val: Loss=0.1144, Acc=0.9685, F1=0.9683 | LR=0.000006 
2025-08-01 06:50:58 | INFO     | Epoch 91:
2025-08-01 06:50:58 | INFO     |   训练指标:
2025-08-01 06:50:58 | INFO     |     损失(ce): 0.037224
2025-08-01 06:50:58 | INFO     |     准确率: 0.984742
2025-08-01 06:50:58 | INFO     |     学习率: 0.00000625
2025-08-01 06:50:58 | INFO     |   验证指标(标准CE):
2025-08-01 06:50:58 | INFO     |     损失: 0.111905
2025-08-01 06:50:58 | INFO     |     准确率: 0.969169
2025-08-01 06:50:58 | INFO     |     F1(macro): 0.970066
2025-08-01 06:50:58 | INFO     |     F1(weighted): 0.968957
2025-08-01 06:50:58 | INFO     |     精确率: 0.973123
2025-08-01 06:50:58 | INFO     |     召回率: 0.970957
2025-08-01 06:50:58 | INFO     |   学习率调度器: f1_based
2025-08-01 06:50:58 | INFO     | ------------------------------------------------------------
2025-08-01 06:50:58 | INFO     | Epoch  91 | Train: Loss=0.0372, Acc=0.9847 | Val: Loss=0.1119, Acc=0.9692, F1=0.9690 | LR=0.000006 
2025-08-01 06:55:24 | INFO     | Epoch 92:
2025-08-01 06:55:24 | INFO     |   训练指标:
2025-08-01 06:55:24 | INFO     |     损失(ce): 0.037151
2025-08-01 06:55:24 | INFO     |     准确率: 0.983736
2025-08-01 06:55:24 | INFO     |     学习率: 0.00000625
2025-08-01 06:55:24 | INFO     |   验证指标(标准CE):
2025-08-01 06:55:24 | INFO     |     损失: 0.075327
2025-08-01 06:55:24 | INFO     |     准确率: 0.972520
2025-08-01 06:55:24 | INFO     |     F1(macro): 0.973328
2025-08-01 06:55:24 | INFO     |     F1(weighted): 0.972191
2025-08-01 06:55:24 | INFO     |     精确率: 0.976512
2025-08-01 06:55:24 | INFO     |     召回率: 0.974215
2025-08-01 06:55:24 | INFO     |   学习率调度器: f1_based
2025-08-01 06:55:24 | INFO     | ------------------------------------------------------------
2025-08-01 06:55:24 | INFO     | Epoch  92 | Train: Loss=0.0372, Acc=0.9837 | Val: Loss=0.0753, Acc=0.9725, F1=0.9722 | LR=0.000006 
2025-08-01 06:59:51 | INFO     | Epoch 93:
2025-08-01 06:59:51 | INFO     |   训练指标:
2025-08-01 06:59:51 | INFO     |     损失(ce): 0.031732
2025-08-01 06:59:51 | INFO     |     准确率: 0.986251
2025-08-01 06:59:51 | INFO     |     学习率: 0.00000625
2025-08-01 06:59:51 | INFO     |   验证指标(标准CE):
2025-08-01 06:59:51 | INFO     |     损失: 0.071410
2025-08-01 06:59:51 | INFO     |     准确率: 0.974531
2025-08-01 06:59:51 | INFO     |     F1(macro): 0.975399
2025-08-01 06:59:51 | INFO     |     F1(weighted): 0.974269
2025-08-01 06:59:51 | INFO     |     精确率: 0.978069
2025-08-01 06:59:51 | INFO     |     召回率: 0.976011
2025-08-01 06:59:51 | INFO     |   学习率调度器: f1_based
2025-08-01 06:59:51 | INFO     | ------------------------------------------------------------
2025-08-01 06:59:51 | INFO     | Epoch  93 | Train: Loss=0.0317, Acc=0.9863 | Val: Loss=0.0714, Acc=0.9745, F1=0.9743 | LR=0.000006 
2025-08-01 07:04:17 | INFO     | Epoch 94:
2025-08-01 07:04:17 | INFO     |   训练指标:
2025-08-01 07:04:17 | INFO     |     损失(ce): 0.034483
2025-08-01 07:04:17 | INFO     |     准确率: 0.984742
2025-08-01 07:04:17 | INFO     |     学习率: 0.00000625
2025-08-01 07:04:17 | INFO     |   验证指标(标准CE):
2025-08-01 07:04:17 | INFO     |     损失: 0.078059
2025-08-01 07:04:17 | INFO     |     准确率: 0.973861
2025-08-01 07:04:17 | INFO     |     F1(macro): 0.974624
2025-08-01 07:04:17 | INFO     |     F1(weighted): 0.973554
2025-08-01 07:04:17 | INFO     |     精确率: 0.977945
2025-08-01 07:04:17 | INFO     |     召回率: 0.975446
2025-08-01 07:04:17 | INFO     |   学习率调度器: f1_based
2025-08-01 07:04:17 | INFO     | ------------------------------------------------------------
2025-08-01 07:04:17 | INFO     | Epoch  94 | Train: Loss=0.0345, Acc=0.9847 | Val: Loss=0.0781, Acc=0.9739, F1=0.9736 | LR=0.000006 
2025-08-01 07:08:44 | INFO     | Epoch 95:
2025-08-01 07:08:44 | INFO     |   训练指标:
2025-08-01 07:08:44 | INFO     |     损失(ce): 0.036036
2025-08-01 07:08:44 | INFO     |     准确率: 0.985077
2025-08-01 07:08:44 | INFO     |     学习率: 0.00000625
2025-08-01 07:08:44 | INFO     |   验证指标(标准CE):
2025-08-01 07:08:44 | INFO     |     损失: 0.077773
2025-08-01 07:08:44 | INFO     |     准确率: 0.972520
2025-08-01 07:08:44 | INFO     |     F1(macro): 0.973472
2025-08-01 07:08:44 | INFO     |     F1(weighted): 0.972233
2025-08-01 07:08:44 | INFO     |     精确率: 0.977196
2025-08-01 07:08:44 | INFO     |     召回率: 0.974056
2025-08-01 07:08:44 | INFO     |   学习率调度器: f1_based
2025-08-01 07:08:44 | INFO     | ------------------------------------------------------------
2025-08-01 07:08:44 | INFO     | Epoch  95 | Train: Loss=0.0360, Acc=0.9851 | Val: Loss=0.0778, Acc=0.9725, F1=0.9722 | LR=0.000006 
2025-08-01 07:13:10 | INFO     | Epoch 96:
2025-08-01 07:13:10 | INFO     |   训练指标:
2025-08-01 07:13:10 | INFO     |     损失(ce): 0.034074
2025-08-01 07:13:10 | INFO     |     准确率: 0.986251
2025-08-01 07:13:10 | INFO     |     学习率: 0.00000625
2025-08-01 07:13:10 | INFO     |   验证指标(标准CE):
2025-08-01 07:13:10 | INFO     |     损失: 0.075187
2025-08-01 07:13:10 | INFO     |     准确率: 0.977882
2025-08-01 07:13:10 | INFO     |     F1(macro): 0.978902
2025-08-01 07:13:10 | INFO     |     F1(weighted): 0.977795
2025-08-01 07:13:10 | INFO     |     精确率: 0.979998
2025-08-01 07:13:10 | INFO     |     召回率: 0.978869
2025-08-01 07:13:10 | INFO     |   学习率调度器: f1_based
2025-08-01 07:13:10 | INFO     | ------------------------------------------------------------
2025-08-01 07:13:10 | INFO     | Epoch  96 | Train: Loss=0.0341, Acc=0.9863 | Val: Loss=0.0752, Acc=0.9779, F1=0.9778 | LR=0.000006 
2025-08-01 07:17:37 | INFO     | Epoch 97:
2025-08-01 07:17:37 | INFO     |   训练指标:
2025-08-01 07:17:37 | INFO     |     损失(ce): 0.035226
2025-08-01 07:17:37 | INFO     |     准确率: 0.984909
2025-08-01 07:17:37 | INFO     |     学习率: 0.00000625
2025-08-01 07:17:37 | INFO     |   验证指标(标准CE):
2025-08-01 07:17:37 | INFO     |     损失: 0.082237
2025-08-01 07:17:37 | INFO     |     准确率: 0.973190
2025-08-01 07:17:37 | INFO     |     F1(macro): 0.974026
2025-08-01 07:17:37 | INFO     |     F1(weighted): 0.973147
2025-08-01 07:17:37 | INFO     |     精确率: 0.974873
2025-08-01 07:17:37 | INFO     |     召回率: 0.974467
2025-08-01 07:17:37 | INFO     |   学习率调度器: f1_based
2025-08-01 07:17:37 | INFO     | ------------------------------------------------------------
2025-08-01 07:17:37 | INFO     | Epoch  97 | Train: Loss=0.0352, Acc=0.9849 | Val: Loss=0.0822, Acc=0.9732, F1=0.9731 | LR=0.000006 
2025-08-01 07:17:37 | INFO     | ⏹️ 早停触发，在第 97 轮停止训练
2025-08-01 07:17:55 | INFO     | 训练历史已保存到: ./result/0801_0004_DualGAF_DDAHU_DualGAFNet_SDAHU通道压缩3,5,7_sl96_step96_fd128_extractor-dilated_gaf-adaptive_attention-channel_classifier-mlp_stat-basic_fusion-concat_compression-signal_compression_ratio-0.5/training_history.csv
2025-08-01 07:17:55 | INFO     | 
====================================================================================================
2025-08-01 07:17:55 | INFO     | 🎉 训练完成总结:
2025-08-01 07:17:55 | INFO     |   训练损失函数: ce
2025-08-01 07:17:55 | INFO     |   验证损失函数: 标准交叉熵（遵循主流ML规范）
2025-08-01 07:17:55 | INFO     |   训练过程最佳验证准确率: 0.9786
2025-08-01 07:17:55 | INFO     |   训练过程最佳验证F1(macro): 0.9799
2025-08-01 07:17:55 | INFO     |   训练过程最佳验证F1(weighted): 0.9784
2025-08-01 07:17:55 | INFO     |   训练轮数: 97
2025-08-01 07:17:55 | INFO     | --------------------------------------------------
2025-08-01 07:17:55 | INFO     | 📊 最佳模型真实性能指标（基于标准交叉熵损失）:
2025-08-01 07:17:55 | INFO     |   验证损失(标准CE): 0.0703
2025-08-01 07:17:55 | INFO     |   验证准确率: 0.9786
2025-08-01 07:17:55 | INFO     |   验证F1(macro): 0.9799
2025-08-01 07:17:55 | INFO     |   验证F1(weighted): 0.9784
2025-08-01 07:17:55 | INFO     |   验证精确率: 0.9822
2025-08-01 07:17:55 | INFO     |   验证召回率: 0.9797
2025-08-01 07:17:55 | INFO     | ====================================================================================================
2025-08-01 07:17:59 | INFO     | ================================================================================
2025-08-01 07:17:59 | INFO     | 实验日志结束: DualGAF_DDAHU_DualGAFNet_SDAHU通道压缩3,5,7_sl96_step96_fd128_extractor-dilated_gaf-adaptive_attention-channel_classifier-mlp_stat-basic_fusion-concat_compression-signal_compression_ratio-0.5
2025-08-01 07:17:59 | INFO     | 结束时间: 2025-08-01 07:17:59
2025-08-01 07:17:59 | INFO     | ================================================================================
