2025-07-21 21:08:24 | INFO     | ================================================================================
2025-07-21 21:08:24 | INFO     | 实验日志开始: DualGAF_DualGAFNet_dilated_enhanced_sl96_step96_fd128_extractor-dilated_gaf-adaptive_attention-channel_classifier-mlp_stat-comprehensive_fusion-concat_ablation-no_diff
2025-07-21 21:08:24 | INFO     | 日志文件: ./result/0721_2108_DualGAF_DualGAFNet_dilated_enhanced_sl96_step96_fd128_extractor-dilated_gaf-adaptive_attention-channel_classifier-mlp_stat-comprehensive_fusion-concat_ablation-no_diff/training.log
2025-07-21 21:08:24 | INFO     | 开始时间: 2025-07-21 21:08:24
2025-07-21 21:08:24 | INFO     | ================================================================================
2025-07-21 21:08:24 | INFO     | ⚙️ 实验配置:
2025-07-21 21:08:24 | INFO     |    task_name: classification
2025-07-21 21:08:24 | INFO     |    is_training: 1
2025-07-21 21:08:24 | INFO     |    model_id: test
2025-07-21 21:08:24 | INFO     |    model: DualGAFNet
2025-07-21 21:08:24 | INFO     |    data: DualGAF
2025-07-21 21:08:24 | INFO     |    root_path: ./dataset/SAHU/direct_5_working
2025-07-21 21:08:24 | INFO     |    step: 96
2025-07-21 21:08:24 | INFO     |    checkpoints: ./checkpoints/
2025-07-21 21:08:24 | INFO     |    num_class: 9
2025-07-21 21:08:24 | INFO     |    result_path: ./result/
2025-07-21 21:08:24 | INFO     |    test_size: 0.2
2025-07-21 21:08:24 | INFO     |    seq_len: 96
2025-07-21 21:08:24 | INFO     |    enc_in: 26
2025-07-21 21:08:24 | INFO     |    d_model: 512
2025-07-21 21:08:24 | INFO     |    n_heads: 8
2025-07-21 21:08:24 | INFO     |    e_layers: 2
2025-07-21 21:08:24 | INFO     |    d_layers: 1
2025-07-21 21:08:24 | INFO     |    d_ff: 2048
2025-07-21 21:08:24 | INFO     |    moving_avg: 25
2025-07-21 21:08:24 | INFO     |    factor: 1
2025-07-21 21:08:24 | INFO     |    distil: True
2025-07-21 21:08:24 | INFO     |    dropout: 0.1
2025-07-21 21:08:24 | INFO     |    embed: timeF
2025-07-21 21:08:24 | INFO     |    activation: gelu
2025-07-21 21:08:24 | INFO     |    use_norm: 1
2025-07-21 21:08:24 | INFO     |    gaf_method: summation
2025-07-21 21:08:24 | INFO     |    feature_dim: 128
2025-07-21 21:08:24 | INFO     |    data_type_method: uint8
2025-07-21 21:08:24 | INFO     |    use_attention: True
2025-07-21 21:08:24 | INFO     |    hidden_dim: 64
2025-07-21 21:08:24 | INFO     |    sample_size: 1000
2025-07-21 21:08:24 | INFO     |    channel_groups: None
2025-07-21 21:08:24 | INFO     |    hvac_groups: None
2025-07-21 21:08:24 | INFO     |    extractor_type: dilated
2025-07-21 21:08:24 | INFO     |    fusion_type: adaptive
2025-07-21 21:08:24 | INFO     |    attention_type: channel
2025-07-21 21:08:24 | INFO     |    classifier_type: mlp
2025-07-21 21:08:24 | INFO     |    use_statistical_features: True
2025-07-21 21:08:24 | INFO     |    stat_type: comprehensive
2025-07-21 21:08:24 | INFO     |    multimodal_fusion_strategy: concat
2025-07-21 21:08:24 | INFO     |    use_signal_level_stats: False
2025-07-21 21:08:24 | INFO     |    signal_stat_type: comprehensive
2025-07-21 21:08:24 | INFO     |    signal_stat_fusion_strategy: concat_project
2025-07-21 21:08:24 | INFO     |    signal_stat_feature_dim: 32
2025-07-21 21:08:24 | INFO     |    use_diff_branch: False
2025-07-21 21:08:24 | INFO     |    ablation_mode: no_diff
2025-07-21 21:08:24 | INFO     |    backbone_type: resnet18
2025-07-21 21:08:24 | INFO     |    use_sum_branch: True
2025-07-21 21:08:24 | INFO     |    num_workers: 0
2025-07-21 21:08:24 | INFO     |    cuda_debug: False
2025-07-21 21:08:24 | INFO     |    gpu_memory_fraction: 0.9
2025-07-21 21:08:24 | INFO     |    safe_mode: True
2025-07-21 21:08:24 | INFO     |    drop_last_batch: True
2025-07-21 21:08:24 | INFO     |    itr: 1
2025-07-21 21:08:24 | INFO     |    train_epochs: 300
2025-07-21 21:08:24 | INFO     |    batch_size: 4
2025-07-21 21:08:24 | INFO     |    patience: 15
2025-07-21 21:08:24 | INFO     |    learning_rate: 0.0001
2025-07-21 21:08:24 | INFO     |    des: dilated_enhanced
2025-07-21 21:08:24 | INFO     |    loss: MSE
2025-07-21 21:08:24 | INFO     |    lradj: type1
2025-07-21 21:08:24 | INFO     |    lr_scheduler_type: f1_based
2025-07-21 21:08:24 | INFO     |    lr_loss_weight: 0.3
2025-07-21 21:08:24 | INFO     |    lr_f1_weight: 0.7
2025-07-21 21:08:24 | INFO     |    use_amp: False
2025-07-21 21:08:24 | INFO     |    gradient_accumulation_steps: 2
2025-07-21 21:08:24 | INFO     |    enable_auto_gradient_accumulation: True
2025-07-21 21:08:24 | INFO     |    loss_type: ce
2025-07-21 21:08:24 | INFO     |    label_smoothing: 0.1
2025-07-21 21:08:24 | INFO     |    focal_alpha: 1.0
2025-07-21 21:08:24 | INFO     |    focal_gamma: 2.0
2025-07-21 21:08:24 | INFO     |    confidence_penalty_beta: 0.1
2025-07-21 21:08:24 | INFO     |    use_timm_loss: True
2025-07-21 21:08:24 | INFO     |    adaptive_initial_smoothing: 0.2
2025-07-21 21:08:24 | INFO     |    adaptive_final_smoothing: 0.05
2025-07-21 21:08:24 | INFO     |    adaptive_decay_epochs: 30
2025-07-21 21:08:24 | INFO     |    enable_class_weights: False
2025-07-21 21:08:24 | INFO     |    class_weights: None
2025-07-21 21:08:24 | INFO     |    loss_preset: None
2025-07-21 21:08:24 | INFO     |    n_jobs: 8
2025-07-21 21:08:24 | INFO     |    use_multiprocessing: True
2025-07-21 21:08:24 | INFO     |    chunk_size: 800
2025-07-21 21:08:24 | INFO     |    disable_parallel: False
2025-07-21 21:08:24 | INFO     |    use_shared_memory: True
2025-07-21 21:08:24 | INFO     |    disable_shared_memory: False
2025-07-21 21:08:24 | INFO     |    use_gpu: True
2025-07-21 21:08:24 | INFO     |    gpu: 0
2025-07-21 21:08:24 | INFO     |    gpu_type: cuda
2025-07-21 21:08:24 | INFO     |    use_multi_gpu: False
2025-07-21 21:08:24 | INFO     |    devices: 0,1,2,3
2025-07-21 21:08:24 | INFO     |    device: cuda:0
2025-07-21 21:08:24 | INFO     |    feature_columns: ['CHWC_VLV', 'CHWC_VLV_DM', 'MA_TEMP', 'OA_CFM', 'OA_DMPR', 'OA_DMPR_DM', 'OA_TEMP', 'RA_CFM', 'RA_DMPR', 'RA_DMPR_DM', 'RA_TEMP', 'RF_CS', 'RF_SPD', 'RF_WAT', 'SA_CFM', 'SA_SP', 'SA_SPSPT', 'SA_TEMP', 'SF_CS', 'SF_SPD', 'SF_WAT', 'ZONE_TEMP_1', 'ZONE_TEMP_2', 'ZONE_TEMP_3', 'ZONE_TEMP_4', 'ZONE_TEMP_5']
2025-07-21 21:08:24 | INFO     | 🏗️ 模型信息:
2025-07-21 21:08:24 | INFO     |    模型类型: Model
2025-07-21 21:08:24 | INFO     |    总参数数量: 8,481,538
2025-07-21 21:08:24 | INFO     |    可训练参数: 8,481,538
2025-07-21 21:08:24 | INFO     |    模型大小估计: 32.35 MB
2025-07-21 21:08:24 | INFO     | 📊 数据集信息:
2025-07-21 21:08:24 | INFO     |    训练集大小: 3996
2025-07-21 21:08:24 | INFO     |    验证集大小: 999
2025-07-21 21:08:24 | INFO     | 
================================================================================
2025-07-21 21:08:24 | INFO     | 📋 损失函数使用策略（遵循主流机器学习规范）:
2025-07-21 21:08:24 | INFO     |    🎯 训练阶段: 使用 ce 损失函数
2025-07-21 21:08:24 | INFO     |       → 目的：优化模型参数，解决特定问题（类别不平衡、相似性等）
2025-07-21 21:08:24 | INFO     |    📊 验证阶段: 使用标准交叉熵损失函数
2025-07-21 21:08:24 | INFO     |       → 目的：客观评估模型性能，便于不同方法比较
2025-07-21 21:08:24 | INFO     |    📈 最终报告: 基于标准交叉熵损失的指标
2025-07-21 21:08:24 | INFO     |       → 目的：提供可信、可比较的性能指标
2025-07-21 21:08:24 | INFO     | ================================================================================

2025-07-21 21:08:24 | INFO     | 🔄 梯度累积配置: 每2轮累积一次梯度
2025-07-21 21:08:24 | INFO     |    实际batch_size: 4
2025-07-21 21:08:24 | INFO     |    有效batch_size: 8
2025-07-21 21:09:06 | INFO     | Epoch 1:
2025-07-21 21:09:06 | INFO     |   训练指标:
2025-07-21 21:09:06 | INFO     |     损失(ce): 1.653836
2025-07-21 21:09:06 | INFO     |     准确率: 0.384384
2025-07-21 21:09:06 | INFO     |     学习率: 0.00010000
2025-07-21 21:09:06 | INFO     |   验证指标(标准CE):
2025-07-21 21:09:06 | INFO     |     损失: 0.925054
2025-07-21 21:09:06 | INFO     |     准确率: 0.657658
2025-07-21 21:09:06 | INFO     |     F1(macro): 0.637368
2025-07-21 21:09:06 | INFO     |     F1(weighted): 0.649332
2025-07-21 21:09:06 | INFO     |     精确率: 0.730842
2025-07-21 21:09:06 | INFO     |     召回率: 0.638537
2025-07-21 21:09:06 | INFO     |   学习率调度器: f1_based
2025-07-21 21:09:06 | INFO     | ------------------------------------------------------------
2025-07-21 21:09:06 | INFO     | Epoch   1 | Train: Loss=1.6538, Acc=0.3844 | Val: Loss=0.9251, Acc=0.6577, F1=0.6493 | LR=0.000100 🏆 [最佳模型]
2025-07-21 21:09:41 | INFO     | Epoch 2:
2025-07-21 21:09:41 | INFO     |   训练指标:
2025-07-21 21:09:41 | INFO     |     损失(ce): 0.684113
2025-07-21 21:09:41 | INFO     |     准确率: 0.756006
2025-07-21 21:09:41 | INFO     |     学习率: 0.00010000
2025-07-21 21:09:41 | INFO     |   验证指标(标准CE):
2025-07-21 21:09:41 | INFO     |     损失: 0.480333
2025-07-21 21:09:41 | INFO     |     准确率: 0.817818
2025-07-21 21:09:41 | INFO     |     F1(macro): 0.821177
2025-07-21 21:09:41 | INFO     |     F1(weighted): 0.819317
2025-07-21 21:09:41 | INFO     |     精确率: 0.829755
2025-07-21 21:09:41 | INFO     |     召回率: 0.822322
2025-07-21 21:09:41 | INFO     |   学习率调度器: f1_based
2025-07-21 21:09:41 | INFO     | ------------------------------------------------------------
2025-07-21 21:09:41 | INFO     | Epoch   2 | Train: Loss=0.6841, Acc=0.7560 | Val: Loss=0.4803, Acc=0.8178, F1=0.8193 | LR=0.000100 🏆 [最佳模型]
2025-07-21 21:10:17 | INFO     | Epoch 3:
2025-07-21 21:10:17 | INFO     |   训练指标:
2025-07-21 21:10:17 | INFO     |     损失(ce): 0.450809
2025-07-21 21:10:17 | INFO     |     准确率: 0.828579
2025-07-21 21:10:17 | INFO     |     学习率: 0.00010000
2025-07-21 21:10:17 | INFO     |   验证指标(标准CE):
2025-07-21 21:10:17 | INFO     |     损失: 0.415632
2025-07-21 21:10:17 | INFO     |     准确率: 0.852853
2025-07-21 21:10:17 | INFO     |     F1(macro): 0.853700
2025-07-21 21:10:17 | INFO     |     F1(weighted): 0.850539
2025-07-21 21:10:17 | INFO     |     精确率: 0.866673
2025-07-21 21:10:17 | INFO     |     召回率: 0.856843
2025-07-21 21:10:17 | INFO     |   学习率调度器: f1_based
2025-07-21 21:10:17 | INFO     | ------------------------------------------------------------
2025-07-21 21:10:17 | INFO     | Epoch   3 | Train: Loss=0.4508, Acc=0.8286 | Val: Loss=0.4156, Acc=0.8529, F1=0.8505 | LR=0.000100 🏆 [最佳模型]
2025-07-21 21:10:52 | INFO     | Epoch 4:
2025-07-21 21:10:52 | INFO     |   训练指标:
2025-07-21 21:10:52 | INFO     |     损失(ce): 0.355842
2025-07-21 21:10:52 | INFO     |     准确率: 0.857608
2025-07-21 21:10:52 | INFO     |     学习率: 0.00010000
2025-07-21 21:10:52 | INFO     |   验证指标(标准CE):
2025-07-21 21:10:52 | INFO     |     损失: 0.375774
2025-07-21 21:10:52 | INFO     |     准确率: 0.862863
2025-07-21 21:10:52 | INFO     |     F1(macro): 0.865886
2025-07-21 21:10:52 | INFO     |     F1(weighted): 0.864062
2025-07-21 21:10:52 | INFO     |     精确率: 0.876170
2025-07-21 21:10:52 | INFO     |     召回率: 0.862463
2025-07-21 21:10:52 | INFO     |   学习率调度器: f1_based
2025-07-21 21:10:52 | INFO     | ------------------------------------------------------------
2025-07-21 21:10:52 | INFO     | Epoch   4 | Train: Loss=0.3558, Acc=0.8576 | Val: Loss=0.3758, Acc=0.8629, F1=0.8641 | LR=0.000100 🏆 [最佳模型]
2025-07-21 21:11:28 | INFO     | Epoch 5:
2025-07-21 21:11:28 | INFO     |   训练指标:
2025-07-21 21:11:28 | INFO     |     损失(ce): 0.299150
2025-07-21 21:11:28 | INFO     |     准确率: 0.888639
2025-07-21 21:11:28 | INFO     |     学习率: 0.00010000
2025-07-21 21:11:28 | INFO     |   验证指标(标准CE):
2025-07-21 21:11:28 | INFO     |     损失: 0.341194
2025-07-21 21:11:28 | INFO     |     准确率: 0.860861
2025-07-21 21:11:28 | INFO     |     F1(macro): 0.862754
2025-07-21 21:11:28 | INFO     |     F1(weighted): 0.859765
2025-07-21 21:11:28 | INFO     |     精确率: 0.871438
2025-07-21 21:11:28 | INFO     |     召回率: 0.863783
2025-07-21 21:11:28 | INFO     |   学习率调度器: f1_based
2025-07-21 21:11:28 | INFO     | ------------------------------------------------------------
2025-07-21 21:11:28 | INFO     | Epoch   5 | Train: Loss=0.2992, Acc=0.8886 | Val: Loss=0.3412, Acc=0.8609, F1=0.8598 | LR=0.000100 
2025-07-21 21:12:03 | INFO     | Epoch 6:
2025-07-21 21:12:03 | INFO     |   训练指标:
2025-07-21 21:12:03 | INFO     |     损失(ce): 0.272430
2025-07-21 21:12:03 | INFO     |     准确率: 0.895646
2025-07-21 21:12:03 | INFO     |     学习率: 0.00010000
2025-07-21 21:12:03 | INFO     |   验证指标(标准CE):
2025-07-21 21:12:03 | INFO     |     损失: 0.357926
2025-07-21 21:12:03 | INFO     |     准确率: 0.860861
2025-07-21 21:12:03 | INFO     |     F1(macro): 0.866458
2025-07-21 21:12:03 | INFO     |     F1(weighted): 0.865125
2025-07-21 21:12:03 | INFO     |     精确率: 0.876557
2025-07-21 21:12:03 | INFO     |     召回率: 0.862148
2025-07-21 21:12:03 | INFO     |   学习率调度器: f1_based
2025-07-21 21:12:03 | INFO     | ------------------------------------------------------------
2025-07-21 21:12:03 | INFO     | Epoch   6 | Train: Loss=0.2724, Acc=0.8956 | Val: Loss=0.3579, Acc=0.8609, F1=0.8651 | LR=0.000100 🏆 [最佳模型]
2025-07-21 21:12:39 | INFO     | Epoch 7:
2025-07-21 21:12:39 | INFO     |   训练指标:
2025-07-21 21:12:39 | INFO     |     损失(ce): 0.234084
2025-07-21 21:12:39 | INFO     |     准确率: 0.908158
2025-07-21 21:12:39 | INFO     |     学习率: 0.00010000
2025-07-21 21:12:39 | INFO     |   验证指标(标准CE):
2025-07-21 21:12:39 | INFO     |     损失: 0.510724
2025-07-21 21:12:39 | INFO     |     准确率: 0.850851
2025-07-21 21:12:39 | INFO     |     F1(macro): 0.855740
2025-07-21 21:12:39 | INFO     |     F1(weighted): 0.854778
2025-07-21 21:12:39 | INFO     |     精确率: 0.868842
2025-07-21 21:12:39 | INFO     |     召回率: 0.851550
2025-07-21 21:12:39 | INFO     |   学习率调度器: f1_based
2025-07-21 21:12:39 | INFO     | ------------------------------------------------------------
2025-07-21 21:12:39 | INFO     | Epoch   7 | Train: Loss=0.2341, Acc=0.9082 | Val: Loss=0.5107, Acc=0.8509, F1=0.8548 | LR=0.000100 
2025-07-21 21:13:14 | INFO     | Epoch 8:
2025-07-21 21:13:14 | INFO     |   训练指标:
2025-07-21 21:13:14 | INFO     |     损失(ce): 0.234093
2025-07-21 21:13:14 | INFO     |     准确率: 0.914164
2025-07-21 21:13:14 | INFO     |     学习率: 0.00010000
2025-07-21 21:13:14 | INFO     |   验证指标(标准CE):
2025-07-21 21:13:14 | INFO     |     损失: 0.293369
2025-07-21 21:13:14 | INFO     |     准确率: 0.900901
2025-07-21 21:13:14 | INFO     |     F1(macro): 0.904139
2025-07-21 21:13:14 | INFO     |     F1(weighted): 0.902088
2025-07-21 21:13:14 | INFO     |     精确率: 0.906666
2025-07-21 21:13:14 | INFO     |     召回率: 0.902280
2025-07-21 21:13:14 | INFO     |   学习率调度器: f1_based
2025-07-21 21:13:14 | INFO     | ------------------------------------------------------------
2025-07-21 21:13:14 | INFO     | Epoch   8 | Train: Loss=0.2341, Acc=0.9142 | Val: Loss=0.2934, Acc=0.9009, F1=0.9021 | LR=0.000100 🏆 [最佳模型]
2025-07-21 21:13:50 | INFO     | Epoch 9:
2025-07-21 21:13:50 | INFO     |   训练指标:
2025-07-21 21:13:50 | INFO     |     损失(ce): 0.184119
2025-07-21 21:13:50 | INFO     |     准确率: 0.928178
2025-07-21 21:13:50 | INFO     |     学习率: 0.00010000
2025-07-21 21:13:50 | INFO     |   验证指标(标准CE):
2025-07-21 21:13:50 | INFO     |     损失: 0.311526
2025-07-21 21:13:50 | INFO     |     准确率: 0.904905
2025-07-21 21:13:50 | INFO     |     F1(macro): 0.908267
2025-07-21 21:13:50 | INFO     |     F1(weighted): 0.906130
2025-07-21 21:13:50 | INFO     |     精确率: 0.912775
2025-07-21 21:13:50 | INFO     |     召回率: 0.905652
2025-07-21 21:13:50 | INFO     |   学习率调度器: f1_based
2025-07-21 21:13:50 | INFO     | ------------------------------------------------------------
2025-07-21 21:13:50 | INFO     | Epoch   9 | Train: Loss=0.1841, Acc=0.9282 | Val: Loss=0.3115, Acc=0.9049, F1=0.9061 | LR=0.000100 🏆 [最佳模型]
2025-07-21 21:14:25 | INFO     | Epoch 10:
2025-07-21 21:14:25 | INFO     |   训练指标:
2025-07-21 21:14:25 | INFO     |     损失(ce): 0.189746
2025-07-21 21:14:25 | INFO     |     准确率: 0.927427
2025-07-21 21:14:25 | INFO     |     学习率: 0.00010000
2025-07-21 21:14:25 | INFO     |   验证指标(标准CE):
2025-07-21 21:14:25 | INFO     |     损失: 0.366819
2025-07-21 21:14:25 | INFO     |     准确率: 0.908909
2025-07-21 21:14:25 | INFO     |     F1(macro): 0.911429
2025-07-21 21:14:25 | INFO     |     F1(weighted): 0.909160
2025-07-21 21:14:25 | INFO     |     精确率: 0.918464
2025-07-21 21:14:25 | INFO     |     召回率: 0.912174
2025-07-21 21:14:25 | INFO     |   学习率调度器: f1_based
2025-07-21 21:14:25 | INFO     | ------------------------------------------------------------
2025-07-21 21:14:25 | INFO     | Epoch  10 | Train: Loss=0.1897, Acc=0.9274 | Val: Loss=0.3668, Acc=0.9089, F1=0.9092 | LR=0.000100 🏆 [最佳模型]
2025-07-21 21:15:01 | INFO     | Epoch 11:
2025-07-21 21:15:01 | INFO     |   训练指标:
2025-07-21 21:15:01 | INFO     |     损失(ce): 0.179836
2025-07-21 21:15:01 | INFO     |     准确率: 0.932683
2025-07-21 21:15:01 | INFO     |     学习率: 0.00010000
2025-07-21 21:15:01 | INFO     |   验证指标(标准CE):
2025-07-21 21:15:01 | INFO     |     损失: 0.343367
2025-07-21 21:15:01 | INFO     |     准确率: 0.899900
2025-07-21 21:15:01 | INFO     |     F1(macro): 0.901414
2025-07-21 21:15:01 | INFO     |     F1(weighted): 0.899878
2025-07-21 21:15:01 | INFO     |     精确率: 0.902214
2025-07-21 21:15:01 | INFO     |     召回率: 0.902762
2025-07-21 21:15:01 | INFO     |   学习率调度器: f1_based
2025-07-21 21:15:01 | INFO     | ------------------------------------------------------------
2025-07-21 21:15:01 | INFO     | Epoch  11 | Train: Loss=0.1798, Acc=0.9327 | Val: Loss=0.3434, Acc=0.8999, F1=0.8999 | LR=0.000100 
2025-07-21 21:15:36 | INFO     | Epoch 12:
2025-07-21 21:15:36 | INFO     |   训练指标:
2025-07-21 21:15:36 | INFO     |     损失(ce): 0.167837
2025-07-21 21:15:36 | INFO     |     准确率: 0.934685
2025-07-21 21:15:36 | INFO     |     学习率: 0.00010000
2025-07-21 21:15:36 | INFO     |   验证指标(标准CE):
2025-07-21 21:15:36 | INFO     |     损失: 0.382867
2025-07-21 21:15:36 | INFO     |     准确率: 0.895896
2025-07-21 21:15:36 | INFO     |     F1(macro): 0.897483
2025-07-21 21:15:36 | INFO     |     F1(weighted): 0.894910
2025-07-21 21:15:36 | INFO     |     精确率: 0.902556
2025-07-21 21:15:36 | INFO     |     召回率: 0.898305
2025-07-21 21:15:36 | INFO     |   学习率调度器: f1_based
2025-07-21 21:15:36 | INFO     | ------------------------------------------------------------
2025-07-21 21:15:36 | INFO     | Epoch  12 | Train: Loss=0.1678, Acc=0.9347 | Val: Loss=0.3829, Acc=0.8959, F1=0.8949 | LR=0.000100 
2025-07-21 21:16:11 | INFO     | Epoch 13:
2025-07-21 21:16:11 | INFO     |   训练指标:
2025-07-21 21:16:11 | INFO     |     损失(ce): 0.170474
2025-07-21 21:16:11 | INFO     |     准确率: 0.936186
2025-07-21 21:16:11 | INFO     |     学习率: 0.00010000
2025-07-21 21:16:11 | INFO     |   验证指标(标准CE):
2025-07-21 21:16:11 | INFO     |     损失: 0.295215
2025-07-21 21:16:11 | INFO     |     准确率: 0.912913
2025-07-21 21:16:11 | INFO     |     F1(macro): 0.916315
2025-07-21 21:16:11 | INFO     |     F1(weighted): 0.914825
2025-07-21 21:16:11 | INFO     |     精确率: 0.921550
2025-07-21 21:16:11 | INFO     |     召回率: 0.914897
2025-07-21 21:16:11 | INFO     |   学习率调度器: f1_based
2025-07-21 21:16:11 | INFO     | ------------------------------------------------------------
2025-07-21 21:16:11 | INFO     | Epoch  13 | Train: Loss=0.1705, Acc=0.9362 | Val: Loss=0.2952, Acc=0.9129, F1=0.9148 | LR=0.000100 🏆 [最佳模型]
2025-07-21 21:16:47 | INFO     | Epoch 14:
2025-07-21 21:16:47 | INFO     |   训练指标:
2025-07-21 21:16:47 | INFO     |     损失(ce): 0.165045
2025-07-21 21:16:47 | INFO     |     准确率: 0.938689
2025-07-21 21:16:47 | INFO     |     学习率: 0.00010000
2025-07-21 21:16:47 | INFO     |   验证指标(标准CE):
2025-07-21 21:16:47 | INFO     |     损失: 0.306871
2025-07-21 21:16:47 | INFO     |     准确率: 0.921922
2025-07-21 21:16:47 | INFO     |     F1(macro): 0.923257
2025-07-21 21:16:47 | INFO     |     F1(weighted): 0.921865
2025-07-21 21:16:47 | INFO     |     精确率: 0.925615
2025-07-21 21:16:47 | INFO     |     召回率: 0.923633
2025-07-21 21:16:47 | INFO     |   学习率调度器: f1_based
2025-07-21 21:16:47 | INFO     | ------------------------------------------------------------
2025-07-21 21:16:47 | INFO     | Epoch  14 | Train: Loss=0.1650, Acc=0.9387 | Val: Loss=0.3069, Acc=0.9219, F1=0.9219 | LR=0.000100 🏆 [最佳模型]
2025-07-21 21:17:23 | INFO     | Epoch 15:
2025-07-21 21:17:23 | INFO     |   训练指标:
2025-07-21 21:17:23 | INFO     |     损失(ce): 0.145366
2025-07-21 21:17:23 | INFO     |     准确率: 0.944945
2025-07-21 21:17:23 | INFO     |     学习率: 0.00010000
2025-07-21 21:17:23 | INFO     |   验证指标(标准CE):
2025-07-21 21:17:23 | INFO     |     损失: 0.363691
2025-07-21 21:17:23 | INFO     |     准确率: 0.914915
2025-07-21 21:17:23 | INFO     |     F1(macro): 0.914635
2025-07-21 21:17:23 | INFO     |     F1(weighted): 0.912782
2025-07-21 21:17:23 | INFO     |     精确率: 0.914959
2025-07-21 21:17:23 | INFO     |     召回率: 0.916074
2025-07-21 21:17:23 | INFO     |   学习率调度器: f1_based
2025-07-21 21:17:23 | INFO     | ------------------------------------------------------------
2025-07-21 21:17:23 | INFO     | Epoch  15 | Train: Loss=0.1454, Acc=0.9449 | Val: Loss=0.3637, Acc=0.9149, F1=0.9128 | LR=0.000100 
2025-07-21 21:17:58 | INFO     | Epoch 16:
2025-07-21 21:17:58 | INFO     |   训练指标:
2025-07-21 21:17:58 | INFO     |     损失(ce): 0.144165
2025-07-21 21:17:58 | INFO     |     准确率: 0.943443
2025-07-21 21:17:58 | INFO     |     学习率: 0.00010000
2025-07-21 21:17:58 | INFO     |   验证指标(标准CE):
2025-07-21 21:17:58 | INFO     |     损失: 0.311422
2025-07-21 21:17:58 | INFO     |     准确率: 0.905906
2025-07-21 21:17:58 | INFO     |     F1(macro): 0.910813
2025-07-21 21:17:58 | INFO     |     F1(weighted): 0.909141
2025-07-21 21:17:58 | INFO     |     精确率: 0.918521
2025-07-21 21:17:58 | INFO     |     召回率: 0.906967
2025-07-21 21:17:58 | INFO     |   学习率调度器: f1_based
2025-07-21 21:17:58 | INFO     | ------------------------------------------------------------
2025-07-21 21:17:58 | INFO     | Epoch  16 | Train: Loss=0.1442, Acc=0.9434 | Val: Loss=0.3114, Acc=0.9059, F1=0.9091 | LR=0.000100 
2025-07-21 21:18:33 | INFO     | Epoch 17:
2025-07-21 21:18:33 | INFO     |   训练指标:
2025-07-21 21:18:33 | INFO     |     损失(ce): 0.135279
2025-07-21 21:18:33 | INFO     |     准确率: 0.944444
2025-07-21 21:18:33 | INFO     |     学习率: 0.00010000
2025-07-21 21:18:33 | INFO     |   验证指标(标准CE):
2025-07-21 21:18:33 | INFO     |     损失: 0.309030
2025-07-21 21:18:33 | INFO     |     准确率: 0.906907
2025-07-21 21:18:33 | INFO     |     F1(macro): 0.909356
2025-07-21 21:18:33 | INFO     |     F1(weighted): 0.906506
2025-07-21 21:18:33 | INFO     |     精确率: 0.924462
2025-07-21 21:18:33 | INFO     |     召回率: 0.911053
2025-07-21 21:18:33 | INFO     |   学习率调度器: f1_based
2025-07-21 21:18:33 | INFO     | ------------------------------------------------------------
2025-07-21 21:18:33 | INFO     | Epoch  17 | Train: Loss=0.1353, Acc=0.9444 | Val: Loss=0.3090, Acc=0.9069, F1=0.9065 | LR=0.000100 
2025-07-21 21:19:08 | INFO     | Epoch 18:
2025-07-21 21:19:08 | INFO     |   训练指标:
2025-07-21 21:19:08 | INFO     |     损失(ce): 0.139155
2025-07-21 21:19:08 | INFO     |     准确率: 0.945195
2025-07-21 21:19:08 | INFO     |     学习率: 0.00010000
2025-07-21 21:19:08 | INFO     |   验证指标(标准CE):
2025-07-21 21:19:08 | INFO     |     损失: 0.333466
2025-07-21 21:19:08 | INFO     |     准确率: 0.905906
2025-07-21 21:19:08 | INFO     |     F1(macro): 0.909245
2025-07-21 21:19:08 | INFO     |     F1(weighted): 0.906850
2025-07-21 21:19:08 | INFO     |     精确率: 0.918552
2025-07-21 21:19:08 | INFO     |     召回率: 0.909396
2025-07-21 21:19:08 | INFO     |   学习率调度器: f1_based
2025-07-21 21:19:08 | INFO     | ------------------------------------------------------------
2025-07-21 21:19:08 | INFO     | Epoch  18 | Train: Loss=0.1392, Acc=0.9452 | Val: Loss=0.3335, Acc=0.9059, F1=0.9069 | LR=0.000100 
2025-07-21 21:19:44 | INFO     | Epoch 19:
2025-07-21 21:19:44 | INFO     |   训练指标:
2025-07-21 21:19:44 | INFO     |     损失(ce): 0.114729
2025-07-21 21:19:44 | INFO     |     准确率: 0.954955
2025-07-21 21:19:44 | INFO     |     学习率: 0.00010000
2025-07-21 21:19:44 | INFO     |   验证指标(标准CE):
2025-07-21 21:19:44 | INFO     |     损失: 0.354020
2025-07-21 21:19:44 | INFO     |     准确率: 0.917918
2025-07-21 21:19:44 | INFO     |     F1(macro): 0.921020
2025-07-21 21:19:44 | INFO     |     F1(weighted): 0.919144
2025-07-21 21:19:44 | INFO     |     精确率: 0.933151
2025-07-21 21:19:44 | INFO     |     召回率: 0.921323
2025-07-21 21:19:44 | INFO     |   学习率调度器: f1_based
2025-07-21 21:19:44 | INFO     | ------------------------------------------------------------
2025-07-21 21:19:44 | INFO     | Epoch  19 | Train: Loss=0.1147, Acc=0.9550 | Val: Loss=0.3540, Acc=0.9179, F1=0.9191 | LR=0.000100 
2025-07-21 21:20:19 | INFO     | Epoch 20:
2025-07-21 21:20:19 | INFO     |   训练指标:
2025-07-21 21:20:19 | INFO     |     损失(ce): 0.149940
2025-07-21 21:20:19 | INFO     |     准确率: 0.948699
2025-07-21 21:20:19 | INFO     |     学习率: 0.00010000
2025-07-21 21:20:19 | INFO     |   验证指标(标准CE):
2025-07-21 21:20:19 | INFO     |     损失: 0.384082
2025-07-21 21:20:19 | INFO     |     准确率: 0.907908
2025-07-21 21:20:19 | INFO     |     F1(macro): 0.910892
2025-07-21 21:20:19 | INFO     |     F1(weighted): 0.908191
2025-07-21 21:20:19 | INFO     |     精确率: 0.930582
2025-07-21 21:20:19 | INFO     |     召回率: 0.911785
2025-07-21 21:20:19 | INFO     |   学习率调度器: f1_based
2025-07-21 21:20:19 | INFO     | ------------------------------------------------------------
2025-07-21 21:20:19 | INFO     | 🎯 学习率调整事件:
2025-07-21 21:20:19 | INFO     |   调度器类型: f1_based
2025-07-21 21:20:19 | INFO     |   学习率变化: 0.00010000 → 0.00005000
2025-07-21 21:20:19 | INFO     |   触发条件: F1分数 = 0.908191
2025-07-21 21:20:19 | INFO     |   变化幅度: -50.00%
2025-07-21 21:20:19 | INFO     | ------------------------------------------------------------
2025-07-21 21:20:19 | INFO     | Epoch  20 | Train: Loss=0.1499, Acc=0.9487 | Val: Loss=0.3841, Acc=0.9079, F1=0.9082 | LR=0.000050 
2025-07-21 21:20:54 | INFO     | Epoch 21:
2025-07-21 21:20:54 | INFO     |   训练指标:
2025-07-21 21:20:54 | INFO     |     损失(ce): 0.061374
2025-07-21 21:20:54 | INFO     |     准确率: 0.970971
2025-07-21 21:20:54 | INFO     |     学习率: 0.00005000
2025-07-21 21:20:54 | INFO     |   验证指标(标准CE):
2025-07-21 21:20:54 | INFO     |     损失: 0.274081
2025-07-21 21:20:54 | INFO     |     准确率: 0.929930
2025-07-21 21:20:54 | INFO     |     F1(macro): 0.931798
2025-07-21 21:20:54 | INFO     |     F1(weighted): 0.930225
2025-07-21 21:20:54 | INFO     |     精确率: 0.936204
2025-07-21 21:20:54 | INFO     |     召回率: 0.932193
2025-07-21 21:20:54 | INFO     |   学习率调度器: f1_based
2025-07-21 21:20:54 | INFO     | ------------------------------------------------------------
2025-07-21 21:20:54 | INFO     | Epoch  21 | Train: Loss=0.0614, Acc=0.9710 | Val: Loss=0.2741, Acc=0.9299, F1=0.9302 | LR=0.000050 🏆 [最佳模型]
2025-07-21 21:21:30 | INFO     | Epoch 22:
2025-07-21 21:21:30 | INFO     |   训练指标:
2025-07-21 21:21:30 | INFO     |     损失(ce): 0.064803
2025-07-21 21:21:30 | INFO     |     准确率: 0.967718
2025-07-21 21:21:30 | INFO     |     学习率: 0.00005000
2025-07-21 21:21:30 | INFO     |   验证指标(标准CE):
2025-07-21 21:21:30 | INFO     |     损失: 0.265116
2025-07-21 21:21:30 | INFO     |     准确率: 0.935936
2025-07-21 21:21:30 | INFO     |     F1(macro): 0.938091
2025-07-21 21:21:30 | INFO     |     F1(weighted): 0.936154
2025-07-21 21:21:30 | INFO     |     精确率: 0.944451
2025-07-21 21:21:30 | INFO     |     召回率: 0.938550
2025-07-21 21:21:30 | INFO     |   学习率调度器: f1_based
2025-07-21 21:21:30 | INFO     | ------------------------------------------------------------
2025-07-21 21:21:30 | INFO     | Epoch  22 | Train: Loss=0.0648, Acc=0.9677 | Val: Loss=0.2651, Acc=0.9359, F1=0.9362 | LR=0.000050 🏆 [最佳模型]
2025-07-21 21:22:05 | INFO     | Epoch 23:
2025-07-21 21:22:05 | INFO     |   训练指标:
2025-07-21 21:22:05 | INFO     |     损失(ce): 0.066526
2025-07-21 21:22:05 | INFO     |     准确率: 0.969469
2025-07-21 21:22:05 | INFO     |     学习率: 0.00005000
2025-07-21 21:22:05 | INFO     |   验证指标(标准CE):
2025-07-21 21:22:05 | INFO     |     损失: 0.326434
2025-07-21 21:22:05 | INFO     |     准确率: 0.925926
2025-07-21 21:22:05 | INFO     |     F1(macro): 0.928800
2025-07-21 21:22:05 | INFO     |     F1(weighted): 0.926772
2025-07-21 21:22:05 | INFO     |     精确率: 0.938092
2025-07-21 21:22:05 | INFO     |     召回率: 0.928856
2025-07-21 21:22:05 | INFO     |   学习率调度器: f1_based
2025-07-21 21:22:05 | INFO     | ------------------------------------------------------------
2025-07-21 21:22:05 | INFO     | Epoch  23 | Train: Loss=0.0665, Acc=0.9695 | Val: Loss=0.3264, Acc=0.9259, F1=0.9268 | LR=0.000050 
2025-07-21 21:22:40 | INFO     | Epoch 24:
2025-07-21 21:22:40 | INFO     |   训练指标:
2025-07-21 21:22:40 | INFO     |     损失(ce): 0.069428
2025-07-21 21:22:40 | INFO     |     准确率: 0.966466
2025-07-21 21:22:40 | INFO     |     学习率: 0.00005000
2025-07-21 21:22:40 | INFO     |   验证指标(标准CE):
2025-07-21 21:22:40 | INFO     |     损失: 0.350051
2025-07-21 21:22:40 | INFO     |     准确率: 0.923924
2025-07-21 21:22:40 | INFO     |     F1(macro): 0.927201
2025-07-21 21:22:40 | INFO     |     F1(weighted): 0.925476
2025-07-21 21:22:40 | INFO     |     精确率: 0.934889
2025-07-21 21:22:40 | INFO     |     召回率: 0.925795
2025-07-21 21:22:40 | INFO     |   学习率调度器: f1_based
2025-07-21 21:22:40 | INFO     | ------------------------------------------------------------
2025-07-21 21:22:40 | INFO     | Epoch  24 | Train: Loss=0.0694, Acc=0.9665 | Val: Loss=0.3501, Acc=0.9239, F1=0.9255 | LR=0.000050 
2025-07-21 21:23:16 | INFO     | Epoch 25:
2025-07-21 21:23:16 | INFO     |   训练指标:
2025-07-21 21:23:16 | INFO     |     损失(ce): 0.064363
2025-07-21 21:23:16 | INFO     |     准确率: 0.967467
2025-07-21 21:23:16 | INFO     |     学习率: 0.00005000
2025-07-21 21:23:16 | INFO     |   验证指标(标准CE):
2025-07-21 21:23:16 | INFO     |     损失: 0.260581
2025-07-21 21:23:16 | INFO     |     准确率: 0.936937
2025-07-21 21:23:16 | INFO     |     F1(macro): 0.938459
2025-07-21 21:23:16 | INFO     |     F1(weighted): 0.937705
2025-07-21 21:23:16 | INFO     |     精确率: 0.939854
2025-07-21 21:23:16 | INFO     |     召回率: 0.937431
2025-07-21 21:23:16 | INFO     |   学习率调度器: f1_based
2025-07-21 21:23:16 | INFO     | ------------------------------------------------------------
2025-07-21 21:23:16 | INFO     | Epoch  25 | Train: Loss=0.0644, Acc=0.9675 | Val: Loss=0.2606, Acc=0.9369, F1=0.9377 | LR=0.000050 🏆 [最佳模型]
2025-07-21 21:23:52 | INFO     | Epoch 26:
2025-07-21 21:23:52 | INFO     |   训练指标:
2025-07-21 21:23:52 | INFO     |     损失(ce): 0.062719
2025-07-21 21:23:52 | INFO     |     准确率: 0.966466
2025-07-21 21:23:52 | INFO     |     学习率: 0.00005000
2025-07-21 21:23:52 | INFO     |   验证指标(标准CE):
2025-07-21 21:23:52 | INFO     |     损失: 0.264789
2025-07-21 21:23:52 | INFO     |     准确率: 0.926927
2025-07-21 21:23:52 | INFO     |     F1(macro): 0.928454
2025-07-21 21:23:52 | INFO     |     F1(weighted): 0.926554
2025-07-21 21:23:52 | INFO     |     精确率: 0.934296
2025-07-21 21:23:52 | INFO     |     召回率: 0.928672
2025-07-21 21:23:52 | INFO     |   学习率调度器: f1_based
2025-07-21 21:23:52 | INFO     | ------------------------------------------------------------
2025-07-21 21:23:52 | INFO     | Epoch  26 | Train: Loss=0.0627, Acc=0.9665 | Val: Loss=0.2648, Acc=0.9269, F1=0.9266 | LR=0.000050 
2025-07-21 21:24:27 | INFO     | Epoch 27:
2025-07-21 21:24:27 | INFO     |   训练指标:
2025-07-21 21:24:27 | INFO     |     损失(ce): 0.064272
2025-07-21 21:24:27 | INFO     |     准确率: 0.968719
2025-07-21 21:24:27 | INFO     |     学习率: 0.00005000
2025-07-21 21:24:27 | INFO     |   验证指标(标准CE):
2025-07-21 21:24:27 | INFO     |     损失: 0.283339
2025-07-21 21:24:27 | INFO     |     准确率: 0.930931
2025-07-21 21:24:27 | INFO     |     F1(macro): 0.931567
2025-07-21 21:24:27 | INFO     |     F1(weighted): 0.930701
2025-07-21 21:24:27 | INFO     |     精确率: 0.933873
2025-07-21 21:24:27 | INFO     |     召回率: 0.930870
2025-07-21 21:24:27 | INFO     |   学习率调度器: f1_based
2025-07-21 21:24:27 | INFO     | ------------------------------------------------------------
2025-07-21 21:24:27 | INFO     | Epoch  27 | Train: Loss=0.0643, Acc=0.9687 | Val: Loss=0.2833, Acc=0.9309, F1=0.9307 | LR=0.000050 
2025-07-21 21:25:03 | INFO     | Epoch 28:
2025-07-21 21:25:03 | INFO     |   训练指标:
2025-07-21 21:25:03 | INFO     |     损失(ce): 0.063925
2025-07-21 21:25:03 | INFO     |     准确率: 0.970721
2025-07-21 21:25:03 | INFO     |     学习率: 0.00005000
2025-07-21 21:25:03 | INFO     |   验证指标(标准CE):
2025-07-21 21:25:03 | INFO     |     损失: 0.299682
2025-07-21 21:25:03 | INFO     |     准确率: 0.926927
2025-07-21 21:25:03 | INFO     |     F1(macro): 0.929335
2025-07-21 21:25:03 | INFO     |     F1(weighted): 0.927445
2025-07-21 21:25:03 | INFO     |     精确率: 0.936396
2025-07-21 21:25:03 | INFO     |     召回率: 0.929488
2025-07-21 21:25:03 | INFO     |   学习率调度器: f1_based
2025-07-21 21:25:03 | INFO     | ------------------------------------------------------------
2025-07-21 21:25:03 | INFO     | Epoch  28 | Train: Loss=0.0639, Acc=0.9707 | Val: Loss=0.2997, Acc=0.9269, F1=0.9274 | LR=0.000050 
2025-07-21 21:25:39 | INFO     | Epoch 29:
2025-07-21 21:25:39 | INFO     |   训练指标:
2025-07-21 21:25:39 | INFO     |     损失(ce): 0.063828
2025-07-21 21:25:39 | INFO     |     准确率: 0.966967
2025-07-21 21:25:39 | INFO     |     学习率: 0.00005000
2025-07-21 21:25:39 | INFO     |   验证指标(标准CE):
2025-07-21 21:25:39 | INFO     |     损失: 0.377549
2025-07-21 21:25:39 | INFO     |     准确率: 0.919920
2025-07-21 21:25:39 | INFO     |     F1(macro): 0.923070
2025-07-21 21:25:39 | INFO     |     F1(weighted): 0.921477
2025-07-21 21:25:39 | INFO     |     精确率: 0.925502
2025-07-21 21:25:39 | INFO     |     召回率: 0.921650
2025-07-21 21:25:39 | INFO     |   学习率调度器: f1_based
2025-07-21 21:25:39 | INFO     | ------------------------------------------------------------
2025-07-21 21:25:39 | INFO     | Epoch  29 | Train: Loss=0.0638, Acc=0.9670 | Val: Loss=0.3775, Acc=0.9199, F1=0.9215 | LR=0.000050 
2025-07-21 21:26:14 | INFO     | Epoch 30:
2025-07-21 21:26:14 | INFO     |   训练指标:
2025-07-21 21:26:14 | INFO     |     损失(ce): 0.056790
2025-07-21 21:26:14 | INFO     |     准确率: 0.971221
2025-07-21 21:26:14 | INFO     |     学习率: 0.00005000
2025-07-21 21:26:14 | INFO     |   验证指标(标准CE):
2025-07-21 21:26:14 | INFO     |     损失: 0.354698
2025-07-21 21:26:14 | INFO     |     准确率: 0.931932
2025-07-21 21:26:14 | INFO     |     F1(macro): 0.934059
2025-07-21 21:26:14 | INFO     |     F1(weighted): 0.932887
2025-07-21 21:26:14 | INFO     |     精确率: 0.935686
2025-07-21 21:26:14 | INFO     |     召回率: 0.932937
2025-07-21 21:26:14 | INFO     |   学习率调度器: f1_based
2025-07-21 21:26:14 | INFO     | ------------------------------------------------------------
2025-07-21 21:26:14 | INFO     | Epoch  30 | Train: Loss=0.0568, Acc=0.9712 | Val: Loss=0.3547, Acc=0.9319, F1=0.9329 | LR=0.000050 
2025-07-21 21:26:49 | INFO     | Epoch 31:
2025-07-21 21:26:49 | INFO     |   训练指标:
2025-07-21 21:26:49 | INFO     |     损失(ce): 0.059745
2025-07-21 21:26:49 | INFO     |     准确率: 0.971221
2025-07-21 21:26:49 | INFO     |     学习率: 0.00005000
2025-07-21 21:26:49 | INFO     |   验证指标(标准CE):
2025-07-21 21:26:49 | INFO     |     损失: 0.282504
2025-07-21 21:26:49 | INFO     |     准确率: 0.930931
2025-07-21 21:26:49 | INFO     |     F1(macro): 0.932987
2025-07-21 21:26:49 | INFO     |     F1(weighted): 0.931155
2025-07-21 21:26:49 | INFO     |     精确率: 0.942439
2025-07-21 21:26:49 | INFO     |     召回率: 0.933668
2025-07-21 21:26:49 | INFO     |   学习率调度器: f1_based
2025-07-21 21:26:49 | INFO     | ------------------------------------------------------------
2025-07-21 21:26:49 | INFO     | 🎯 学习率调整事件:
2025-07-21 21:26:49 | INFO     |   调度器类型: f1_based
2025-07-21 21:26:49 | INFO     |   学习率变化: 0.00005000 → 0.00002500
2025-07-21 21:26:49 | INFO     |   触发条件: F1分数 = 0.931155
2025-07-21 21:26:49 | INFO     |   变化幅度: -50.00%
2025-07-21 21:26:49 | INFO     | ------------------------------------------------------------
2025-07-21 21:26:49 | INFO     | Epoch  31 | Train: Loss=0.0597, Acc=0.9712 | Val: Loss=0.2825, Acc=0.9309, F1=0.9312 | LR=0.000025 
2025-07-21 21:27:24 | INFO     | Epoch 32:
2025-07-21 21:27:24 | INFO     |   训练指标:
2025-07-21 21:27:24 | INFO     |     损失(ce): 0.040152
2025-07-21 21:27:24 | INFO     |     准确率: 0.973473
2025-07-21 21:27:24 | INFO     |     学习率: 0.00002500
2025-07-21 21:27:24 | INFO     |   验证指标(标准CE):
2025-07-21 21:27:24 | INFO     |     损失: 0.245678
2025-07-21 21:27:24 | INFO     |     准确率: 0.930931
2025-07-21 21:27:24 | INFO     |     F1(macro): 0.933587
2025-07-21 21:27:24 | INFO     |     F1(weighted): 0.931887
2025-07-21 21:27:24 | INFO     |     精确率: 0.938488
2025-07-21 21:27:24 | INFO     |     召回率: 0.932947
2025-07-21 21:27:24 | INFO     |   学习率调度器: f1_based
2025-07-21 21:27:24 | INFO     | ------------------------------------------------------------
2025-07-21 21:27:24 | INFO     | Epoch  32 | Train: Loss=0.0402, Acc=0.9735 | Val: Loss=0.2457, Acc=0.9309, F1=0.9319 | LR=0.000025 
2025-07-21 21:28:00 | INFO     | Epoch 33:
2025-07-21 21:28:00 | INFO     |   训练指标:
2025-07-21 21:28:00 | INFO     |     损失(ce): 0.042359
2025-07-21 21:28:00 | INFO     |     准确率: 0.977728
2025-07-21 21:28:00 | INFO     |     学习率: 0.00002500
2025-07-21 21:28:00 | INFO     |   验证指标(标准CE):
2025-07-21 21:28:00 | INFO     |     损失: 0.266389
2025-07-21 21:28:00 | INFO     |     准确率: 0.934935
2025-07-21 21:28:00 | INFO     |     F1(macro): 0.937541
2025-07-21 21:28:00 | INFO     |     F1(weighted): 0.936043
2025-07-21 21:28:00 | INFO     |     精确率: 0.939599
2025-07-21 21:28:00 | INFO     |     召回率: 0.936046
2025-07-21 21:28:00 | INFO     |   学习率调度器: f1_based
2025-07-21 21:28:00 | INFO     | ------------------------------------------------------------
2025-07-21 21:28:00 | INFO     | Epoch  33 | Train: Loss=0.0424, Acc=0.9777 | Val: Loss=0.2664, Acc=0.9349, F1=0.9360 | LR=0.000025 
2025-07-21 21:28:35 | INFO     | Epoch 34:
2025-07-21 21:28:35 | INFO     |   训练指标:
2025-07-21 21:28:35 | INFO     |     损失(ce): 0.039005
2025-07-21 21:28:35 | INFO     |     准确率: 0.976476
2025-07-21 21:28:35 | INFO     |     学习率: 0.00002500
2025-07-21 21:28:35 | INFO     |   验证指标(标准CE):
2025-07-21 21:28:35 | INFO     |     损失: 0.281124
2025-07-21 21:28:35 | INFO     |     准确率: 0.936937
2025-07-21 21:28:35 | INFO     |     F1(macro): 0.938914
2025-07-21 21:28:35 | INFO     |     F1(weighted): 0.936934
2025-07-21 21:28:35 | INFO     |     精确率: 0.946512
2025-07-21 21:28:35 | INFO     |     召回率: 0.939997
2025-07-21 21:28:35 | INFO     |   学习率调度器: f1_based
2025-07-21 21:28:35 | INFO     | ------------------------------------------------------------
2025-07-21 21:28:35 | INFO     | Epoch  34 | Train: Loss=0.0390, Acc=0.9765 | Val: Loss=0.2811, Acc=0.9369, F1=0.9369 | LR=0.000025 
2025-07-21 21:29:11 | INFO     | Epoch 35:
2025-07-21 21:29:11 | INFO     |   训练指标:
2025-07-21 21:29:11 | INFO     |     损失(ce): 0.044905
2025-07-21 21:29:11 | INFO     |     准确率: 0.975225
2025-07-21 21:29:11 | INFO     |     学习率: 0.00002500
2025-07-21 21:29:11 | INFO     |   验证指标(标准CE):
2025-07-21 21:29:11 | INFO     |     损失: 0.274381
2025-07-21 21:29:11 | INFO     |     准确率: 0.931932
2025-07-21 21:29:11 | INFO     |     F1(macro): 0.933902
2025-07-21 21:29:11 | INFO     |     F1(weighted): 0.932521
2025-07-21 21:29:11 | INFO     |     精确率: 0.935121
2025-07-21 21:29:11 | INFO     |     召回率: 0.932980
2025-07-21 21:29:11 | INFO     |   学习率调度器: f1_based
2025-07-21 21:29:11 | INFO     | ------------------------------------------------------------
2025-07-21 21:29:11 | INFO     | Epoch  35 | Train: Loss=0.0449, Acc=0.9752 | Val: Loss=0.2744, Acc=0.9319, F1=0.9325 | LR=0.000025 
2025-07-21 21:29:46 | INFO     | Epoch 36:
2025-07-21 21:29:46 | INFO     |   训练指标:
2025-07-21 21:29:46 | INFO     |     损失(ce): 0.040295
2025-07-21 21:29:46 | INFO     |     准确率: 0.971972
2025-07-21 21:29:46 | INFO     |     学习率: 0.00002500
2025-07-21 21:29:46 | INFO     |   验证指标(标准CE):
2025-07-21 21:29:46 | INFO     |     损失: 0.238727
2025-07-21 21:29:46 | INFO     |     准确率: 0.930931
2025-07-21 21:29:46 | INFO     |     F1(macro): 0.933193
2025-07-21 21:29:46 | INFO     |     F1(weighted): 0.931399
2025-07-21 21:29:46 | INFO     |     精确率: 0.936358
2025-07-21 21:29:46 | INFO     |     召回率: 0.933272
2025-07-21 21:29:46 | INFO     |   学习率调度器: f1_based
2025-07-21 21:29:46 | INFO     | ------------------------------------------------------------
2025-07-21 21:29:46 | INFO     | Epoch  36 | Train: Loss=0.0403, Acc=0.9720 | Val: Loss=0.2387, Acc=0.9309, F1=0.9314 | LR=0.000025 
2025-07-21 21:30:21 | INFO     | Epoch 37:
2025-07-21 21:30:21 | INFO     |   训练指标:
2025-07-21 21:30:21 | INFO     |     损失(ce): 0.042999
2025-07-21 21:30:21 | INFO     |     准确率: 0.976727
2025-07-21 21:30:21 | INFO     |     学习率: 0.00002500
2025-07-21 21:30:21 | INFO     |   验证指标(标准CE):
2025-07-21 21:30:21 | INFO     |     损失: 0.251702
2025-07-21 21:30:21 | INFO     |     准确率: 0.931932
2025-07-21 21:30:21 | INFO     |     F1(macro): 0.934289
2025-07-21 21:30:21 | INFO     |     F1(weighted): 0.932298
2025-07-21 21:30:21 | INFO     |     精确率: 0.941811
2025-07-21 21:30:21 | INFO     |     召回率: 0.934827
2025-07-21 21:30:21 | INFO     |   学习率调度器: f1_based
2025-07-21 21:30:21 | INFO     | ------------------------------------------------------------
2025-07-21 21:30:21 | INFO     | Epoch  37 | Train: Loss=0.0430, Acc=0.9767 | Val: Loss=0.2517, Acc=0.9319, F1=0.9323 | LR=0.000025 
2025-07-21 21:30:56 | INFO     | Epoch 38:
2025-07-21 21:30:56 | INFO     |   训练指标:
2025-07-21 21:30:56 | INFO     |     损失(ce): 0.042847
2025-07-21 21:30:56 | INFO     |     准确率: 0.974474
2025-07-21 21:30:56 | INFO     |     学习率: 0.00002500
2025-07-21 21:30:56 | INFO     |   验证指标(标准CE):
2025-07-21 21:30:56 | INFO     |     损失: 0.232512
2025-07-21 21:30:56 | INFO     |     准确率: 0.927928
2025-07-21 21:30:56 | INFO     |     F1(macro): 0.930484
2025-07-21 21:30:56 | INFO     |     F1(weighted): 0.928314
2025-07-21 21:30:56 | INFO     |     精确率: 0.934044
2025-07-21 21:30:56 | INFO     |     召回率: 0.930345
2025-07-21 21:30:56 | INFO     |   学习率调度器: f1_based
2025-07-21 21:30:56 | INFO     | ------------------------------------------------------------
2025-07-21 21:30:56 | INFO     | Epoch  38 | Train: Loss=0.0428, Acc=0.9745 | Val: Loss=0.2325, Acc=0.9279, F1=0.9283 | LR=0.000025 
2025-07-21 21:31:31 | INFO     | Epoch 39:
2025-07-21 21:31:31 | INFO     |   训练指标:
2025-07-21 21:31:31 | INFO     |     损失(ce): 0.040235
2025-07-21 21:31:31 | INFO     |     准确率: 0.972973
2025-07-21 21:31:31 | INFO     |     学习率: 0.00002500
2025-07-21 21:31:31 | INFO     |   验证指标(标准CE):
2025-07-21 21:31:31 | INFO     |     损失: 0.207467
2025-07-21 21:31:31 | INFO     |     准确率: 0.940941
2025-07-21 21:31:31 | INFO     |     F1(macro): 0.943221
2025-07-21 21:31:31 | INFO     |     F1(weighted): 0.941462
2025-07-21 21:31:31 | INFO     |     精确率: 0.948388
2025-07-21 21:31:31 | INFO     |     召回率: 0.943089
2025-07-21 21:31:31 | INFO     |   学习率调度器: f1_based
2025-07-21 21:31:31 | INFO     | ------------------------------------------------------------
2025-07-21 21:31:31 | INFO     | Epoch  39 | Train: Loss=0.0402, Acc=0.9730 | Val: Loss=0.2075, Acc=0.9409, F1=0.9415 | LR=0.000025 🏆 [最佳模型]
2025-07-21 21:32:07 | INFO     | Epoch 40:
2025-07-21 21:32:07 | INFO     |   训练指标:
2025-07-21 21:32:07 | INFO     |     损失(ce): 0.044708
2025-07-21 21:32:07 | INFO     |     准确率: 0.973473
2025-07-21 21:32:07 | INFO     |     学习率: 0.00002500
2025-07-21 21:32:07 | INFO     |   验证指标(标准CE):
2025-07-21 21:32:07 | INFO     |     损失: 0.226660
2025-07-21 21:32:07 | INFO     |     准确率: 0.941942
2025-07-21 21:32:07 | INFO     |     F1(macro): 0.943774
2025-07-21 21:32:07 | INFO     |     F1(weighted): 0.942197
2025-07-21 21:32:07 | INFO     |     精确率: 0.944504
2025-07-21 21:32:07 | INFO     |     召回率: 0.943315
2025-07-21 21:32:07 | INFO     |   学习率调度器: f1_based
2025-07-21 21:32:07 | INFO     | ------------------------------------------------------------
2025-07-21 21:32:07 | INFO     | Epoch  40 | Train: Loss=0.0447, Acc=0.9735 | Val: Loss=0.2267, Acc=0.9419, F1=0.9422 | LR=0.000025 🏆 [最佳模型]
2025-07-21 21:32:42 | INFO     | Epoch 41:
2025-07-21 21:32:42 | INFO     |   训练指标:
2025-07-21 21:32:42 | INFO     |     损失(ce): 0.040023
2025-07-21 21:32:42 | INFO     |     准确率: 0.975475
2025-07-21 21:32:42 | INFO     |     学习率: 0.00002500
2025-07-21 21:32:42 | INFO     |   验证指标(标准CE):
2025-07-21 21:32:42 | INFO     |     损失: 0.312095
2025-07-21 21:32:42 | INFO     |     准确率: 0.937938
2025-07-21 21:32:42 | INFO     |     F1(macro): 0.940081
2025-07-21 21:32:42 | INFO     |     F1(weighted): 0.938452
2025-07-21 21:32:42 | INFO     |     精确率: 0.949597
2025-07-21 21:32:42 | INFO     |     召回率: 0.940891
2025-07-21 21:32:42 | INFO     |   学习率调度器: f1_based
2025-07-21 21:32:42 | INFO     | ------------------------------------------------------------
2025-07-21 21:32:42 | INFO     | Epoch  41 | Train: Loss=0.0400, Acc=0.9755 | Val: Loss=0.3121, Acc=0.9379, F1=0.9385 | LR=0.000025 
2025-07-21 21:33:18 | INFO     | Epoch 42:
2025-07-21 21:33:18 | INFO     |   训练指标:
2025-07-21 21:33:18 | INFO     |     损失(ce): 0.041354
2025-07-21 21:33:18 | INFO     |     准确率: 0.976727
2025-07-21 21:33:18 | INFO     |     学习率: 0.00002500
2025-07-21 21:33:18 | INFO     |   验证指标(标准CE):
2025-07-21 21:33:18 | INFO     |     损失: 0.268088
2025-07-21 21:33:18 | INFO     |     准确率: 0.938939
2025-07-21 21:33:18 | INFO     |     F1(macro): 0.940737
2025-07-21 21:33:18 | INFO     |     F1(weighted): 0.939050
2025-07-21 21:33:18 | INFO     |     精确率: 0.948890
2025-07-21 21:33:18 | INFO     |     召回率: 0.942027
2025-07-21 21:33:18 | INFO     |   学习率调度器: f1_based
2025-07-21 21:33:18 | INFO     | ------------------------------------------------------------
2025-07-21 21:33:18 | INFO     | Epoch  42 | Train: Loss=0.0414, Acc=0.9767 | Val: Loss=0.2681, Acc=0.9389, F1=0.9391 | LR=0.000025 
2025-07-21 21:33:53 | INFO     | Epoch 43:
2025-07-21 21:33:53 | INFO     |   训练指标:
2025-07-21 21:33:53 | INFO     |     损失(ce): 0.040528
2025-07-21 21:33:53 | INFO     |     准确率: 0.978228
2025-07-21 21:33:53 | INFO     |     学习率: 0.00002500
2025-07-21 21:33:53 | INFO     |   验证指标(标准CE):
2025-07-21 21:33:53 | INFO     |     损失: 0.260232
2025-07-21 21:33:53 | INFO     |     准确率: 0.941942
2025-07-21 21:33:53 | INFO     |     F1(macro): 0.943667
2025-07-21 21:33:53 | INFO     |     F1(weighted): 0.942066
2025-07-21 21:33:53 | INFO     |     精确率: 0.944467
2025-07-21 21:33:53 | INFO     |     召回率: 0.943409
2025-07-21 21:33:53 | INFO     |   学习率调度器: f1_based
2025-07-21 21:33:53 | INFO     | ------------------------------------------------------------
2025-07-21 21:33:53 | INFO     | Epoch  43 | Train: Loss=0.0405, Acc=0.9782 | Val: Loss=0.2602, Acc=0.9419, F1=0.9421 | LR=0.000025 
2025-07-21 21:34:28 | INFO     | Epoch 44:
2025-07-21 21:34:28 | INFO     |   训练指标:
2025-07-21 21:34:28 | INFO     |     损失(ce): 0.037092
2025-07-21 21:34:28 | INFO     |     准确率: 0.976476
2025-07-21 21:34:28 | INFO     |     学习率: 0.00002500
2025-07-21 21:34:28 | INFO     |   验证指标(标准CE):
2025-07-21 21:34:28 | INFO     |     损失: 0.248796
2025-07-21 21:34:28 | INFO     |     准确率: 0.930931
2025-07-21 21:34:28 | INFO     |     F1(macro): 0.932719
2025-07-21 21:34:28 | INFO     |     F1(weighted): 0.931234
2025-07-21 21:34:28 | INFO     |     精确率: 0.934243
2025-07-21 21:34:28 | INFO     |     召回率: 0.931893
2025-07-21 21:34:28 | INFO     |   学习率调度器: f1_based
2025-07-21 21:34:28 | INFO     | ------------------------------------------------------------
2025-07-21 21:34:28 | INFO     | Epoch  44 | Train: Loss=0.0371, Acc=0.9765 | Val: Loss=0.2488, Acc=0.9309, F1=0.9312 | LR=0.000025 
2025-07-21 21:35:03 | INFO     | Epoch 45:
2025-07-21 21:35:03 | INFO     |   训练指标:
2025-07-21 21:35:03 | INFO     |     损失(ce): 0.039167
2025-07-21 21:35:03 | INFO     |     准确率: 0.974474
2025-07-21 21:35:03 | INFO     |     学习率: 0.00002500
2025-07-21 21:35:03 | INFO     |   验证指标(标准CE):
2025-07-21 21:35:03 | INFO     |     损失: 0.270005
2025-07-21 21:35:03 | INFO     |     准确率: 0.930931
2025-07-21 21:35:03 | INFO     |     F1(macro): 0.932953
2025-07-21 21:35:03 | INFO     |     F1(weighted): 0.930984
2025-07-21 21:35:03 | INFO     |     精确率: 0.936160
2025-07-21 21:35:03 | INFO     |     召回率: 0.933464
2025-07-21 21:35:03 | INFO     |   学习率调度器: f1_based
2025-07-21 21:35:03 | INFO     | ------------------------------------------------------------
2025-07-21 21:35:03 | INFO     | 🎯 学习率调整事件:
2025-07-21 21:35:03 | INFO     |   调度器类型: f1_based
2025-07-21 21:35:03 | INFO     |   学习率变化: 0.00002500 → 0.00001250
2025-07-21 21:35:03 | INFO     |   触发条件: F1分数 = 0.930984
2025-07-21 21:35:03 | INFO     |   变化幅度: -50.00%
2025-07-21 21:35:03 | INFO     | ------------------------------------------------------------
2025-07-21 21:35:03 | INFO     | Epoch  45 | Train: Loss=0.0392, Acc=0.9745 | Val: Loss=0.2700, Acc=0.9309, F1=0.9310 | LR=0.000013 
2025-07-21 21:35:38 | INFO     | Epoch 46:
2025-07-21 21:35:38 | INFO     |   训练指标:
2025-07-21 21:35:38 | INFO     |     损失(ce): 0.034956
2025-07-21 21:35:38 | INFO     |     准确率: 0.976977
2025-07-21 21:35:38 | INFO     |     学习率: 0.00001250
2025-07-21 21:35:38 | INFO     |   验证指标(标准CE):
2025-07-21 21:35:38 | INFO     |     损失: 0.245617
2025-07-21 21:35:38 | INFO     |     准确率: 0.931932
2025-07-21 21:35:38 | INFO     |     F1(macro): 0.934346
2025-07-21 21:35:38 | INFO     |     F1(weighted): 0.932193
2025-07-21 21:35:38 | INFO     |     精确率: 0.937199
2025-07-21 21:35:38 | INFO     |     召回率: 0.934990
2025-07-21 21:35:38 | INFO     |   学习率调度器: f1_based
2025-07-21 21:35:38 | INFO     | ------------------------------------------------------------
2025-07-21 21:35:38 | INFO     | Epoch  46 | Train: Loss=0.0350, Acc=0.9770 | Val: Loss=0.2456, Acc=0.9319, F1=0.9322 | LR=0.000013 
2025-07-21 21:36:13 | INFO     | Epoch 47:
2025-07-21 21:36:13 | INFO     |   训练指标:
2025-07-21 21:36:13 | INFO     |     损失(ce): 0.035217
2025-07-21 21:36:13 | INFO     |     准确率: 0.976727
2025-07-21 21:36:13 | INFO     |     学习率: 0.00001250
2025-07-21 21:36:13 | INFO     |   验证指标(标准CE):
2025-07-21 21:36:13 | INFO     |     损失: 0.265370
2025-07-21 21:36:13 | INFO     |     准确率: 0.933934
2025-07-21 21:36:13 | INFO     |     F1(macro): 0.936718
2025-07-21 21:36:13 | INFO     |     F1(weighted): 0.935135
2025-07-21 21:36:13 | INFO     |     精确率: 0.938615
2025-07-21 21:36:13 | INFO     |     召回率: 0.935482
2025-07-21 21:36:13 | INFO     |   学习率调度器: f1_based
2025-07-21 21:36:13 | INFO     | ------------------------------------------------------------
2025-07-21 21:36:13 | INFO     | Epoch  47 | Train: Loss=0.0352, Acc=0.9767 | Val: Loss=0.2654, Acc=0.9339, F1=0.9351 | LR=0.000013 
2025-07-21 21:36:49 | INFO     | Epoch 48:
2025-07-21 21:36:49 | INFO     |   训练指标:
2025-07-21 21:36:49 | INFO     |     损失(ce): 0.034776
2025-07-21 21:36:49 | INFO     |     准确率: 0.980230
2025-07-21 21:36:49 | INFO     |     学习率: 0.00001250
2025-07-21 21:36:49 | INFO     |   验证指标(标准CE):
2025-07-21 21:36:49 | INFO     |     损失: 0.255167
2025-07-21 21:36:49 | INFO     |     准确率: 0.933934
2025-07-21 21:36:49 | INFO     |     F1(macro): 0.936291
2025-07-21 21:36:49 | INFO     |     F1(weighted): 0.934733
2025-07-21 21:36:49 | INFO     |     精确率: 0.937586
2025-07-21 21:36:49 | INFO     |     召回率: 0.935182
2025-07-21 21:36:49 | INFO     |   学习率调度器: f1_based
2025-07-21 21:36:49 | INFO     | ------------------------------------------------------------
2025-07-21 21:36:49 | INFO     | Epoch  48 | Train: Loss=0.0348, Acc=0.9802 | Val: Loss=0.2552, Acc=0.9339, F1=0.9347 | LR=0.000013 
2025-07-21 21:37:24 | INFO     | Epoch 49:
2025-07-21 21:37:24 | INFO     |   训练指标:
2025-07-21 21:37:24 | INFO     |     损失(ce): 0.033005
2025-07-21 21:37:24 | INFO     |     准确率: 0.978228
2025-07-21 21:37:24 | INFO     |     学习率: 0.00001250
2025-07-21 21:37:24 | INFO     |   验证指标(标准CE):
2025-07-21 21:37:24 | INFO     |     损失: 0.234190
2025-07-21 21:37:24 | INFO     |     准确率: 0.934935
2025-07-21 21:37:24 | INFO     |     F1(macro): 0.937220
2025-07-21 21:37:24 | INFO     |     F1(weighted): 0.935327
2025-07-21 21:37:24 | INFO     |     精确率: 0.939356
2025-07-21 21:37:24 | INFO     |     召回率: 0.937689
2025-07-21 21:37:24 | INFO     |   学习率调度器: f1_based
2025-07-21 21:37:24 | INFO     | ------------------------------------------------------------
2025-07-21 21:37:24 | INFO     | Epoch  49 | Train: Loss=0.0330, Acc=0.9782 | Val: Loss=0.2342, Acc=0.9349, F1=0.9353 | LR=0.000013 
2025-07-21 21:37:59 | INFO     | Epoch 50:
2025-07-21 21:37:59 | INFO     |   训练指标:
2025-07-21 21:37:59 | INFO     |     损失(ce): 0.031702
2025-07-21 21:37:59 | INFO     |     准确率: 0.979229
2025-07-21 21:37:59 | INFO     |     学习率: 0.00001250
2025-07-21 21:37:59 | INFO     |   验证指标(标准CE):
2025-07-21 21:37:59 | INFO     |     损失: 0.252504
2025-07-21 21:37:59 | INFO     |     准确率: 0.930931
2025-07-21 21:37:59 | INFO     |     F1(macro): 0.933750
2025-07-21 21:37:59 | INFO     |     F1(weighted): 0.932042
2025-07-21 21:37:59 | INFO     |     精确率: 0.936751
2025-07-21 21:37:59 | INFO     |     召回率: 0.932938
2025-07-21 21:37:59 | INFO     |   学习率调度器: f1_based
2025-07-21 21:37:59 | INFO     | ------------------------------------------------------------
2025-07-21 21:37:59 | INFO     | Epoch  50 | Train: Loss=0.0317, Acc=0.9792 | Val: Loss=0.2525, Acc=0.9309, F1=0.9320 | LR=0.000013 
2025-07-21 21:38:34 | INFO     | Epoch 51:
2025-07-21 21:38:34 | INFO     |   训练指标:
2025-07-21 21:38:34 | INFO     |     损失(ce): 0.034635
2025-07-21 21:38:34 | INFO     |     准确率: 0.979479
2025-07-21 21:38:34 | INFO     |     学习率: 0.00001250
2025-07-21 21:38:34 | INFO     |   验证指标(标准CE):
2025-07-21 21:38:34 | INFO     |     损失: 0.249236
2025-07-21 21:38:34 | INFO     |     准确率: 0.930931
2025-07-21 21:38:34 | INFO     |     F1(macro): 0.933464
2025-07-21 21:38:34 | INFO     |     F1(weighted): 0.931509
2025-07-21 21:38:34 | INFO     |     精确率: 0.935772
2025-07-21 21:38:34 | INFO     |     召回率: 0.933233
2025-07-21 21:38:34 | INFO     |   学习率调度器: f1_based
2025-07-21 21:38:34 | INFO     | ------------------------------------------------------------
2025-07-21 21:38:34 | INFO     | Epoch  51 | Train: Loss=0.0346, Acc=0.9795 | Val: Loss=0.2492, Acc=0.9309, F1=0.9315 | LR=0.000013 
2025-07-21 21:39:09 | INFO     | Epoch 52:
2025-07-21 21:39:09 | INFO     |   训练指标:
2025-07-21 21:39:09 | INFO     |     损失(ce): 0.032810
2025-07-21 21:39:09 | INFO     |     准确率: 0.980731
2025-07-21 21:39:09 | INFO     |     学习率: 0.00001250
2025-07-21 21:39:09 | INFO     |   验证指标(标准CE):
2025-07-21 21:39:09 | INFO     |     损失: 0.260756
2025-07-21 21:39:09 | INFO     |     准确率: 0.929930
2025-07-21 21:39:09 | INFO     |     F1(macro): 0.932674
2025-07-21 21:39:09 | INFO     |     F1(weighted): 0.930658
2025-07-21 21:39:09 | INFO     |     精确率: 0.934755
2025-07-21 21:39:09 | INFO     |     召回率: 0.932233
2025-07-21 21:39:09 | INFO     |   学习率调度器: f1_based
2025-07-21 21:39:09 | INFO     | ------------------------------------------------------------
2025-07-21 21:39:09 | INFO     | Epoch  52 | Train: Loss=0.0328, Acc=0.9807 | Val: Loss=0.2608, Acc=0.9299, F1=0.9307 | LR=0.000013 
2025-07-21 21:39:45 | INFO     | Epoch 53:
2025-07-21 21:39:45 | INFO     |   训练指标:
2025-07-21 21:39:45 | INFO     |     损失(ce): 0.033948
2025-07-21 21:39:45 | INFO     |     准确率: 0.976977
2025-07-21 21:39:45 | INFO     |     学习率: 0.00001250
2025-07-21 21:39:45 | INFO     |   验证指标(标准CE):
2025-07-21 21:39:45 | INFO     |     损失: 0.268098
2025-07-21 21:39:45 | INFO     |     准确率: 0.926927
2025-07-21 21:39:45 | INFO     |     F1(macro): 0.929841
2025-07-21 21:39:45 | INFO     |     F1(weighted): 0.927839
2025-07-21 21:39:45 | INFO     |     精确率: 0.932417
2025-07-21 21:39:45 | INFO     |     召回率: 0.929290
2025-07-21 21:39:45 | INFO     |   学习率调度器: f1_based
2025-07-21 21:39:45 | INFO     | ------------------------------------------------------------
2025-07-21 21:39:45 | INFO     | 🎯 学习率调整事件:
2025-07-21 21:39:45 | INFO     |   调度器类型: f1_based
2025-07-21 21:39:45 | INFO     |   学习率变化: 0.00001250 → 0.00000625
2025-07-21 21:39:45 | INFO     |   触发条件: F1分数 = 0.927839
2025-07-21 21:39:45 | INFO     |   变化幅度: -50.00%
2025-07-21 21:39:45 | INFO     | ------------------------------------------------------------
2025-07-21 21:39:45 | INFO     | Epoch  53 | Train: Loss=0.0339, Acc=0.9770 | Val: Loss=0.2681, Acc=0.9269, F1=0.9278 | LR=0.000006 
2025-07-21 21:40:20 | INFO     | Epoch 54:
2025-07-21 21:40:20 | INFO     |   训练指标:
2025-07-21 21:40:20 | INFO     |     损失(ce): 0.031246
2025-07-21 21:40:20 | INFO     |     准确率: 0.981481
2025-07-21 21:40:20 | INFO     |     学习率: 0.00000625
2025-07-21 21:40:20 | INFO     |   验证指标(标准CE):
2025-07-21 21:40:20 | INFO     |     损失: 0.275891
2025-07-21 21:40:20 | INFO     |     准确率: 0.931932
2025-07-21 21:40:20 | INFO     |     F1(macro): 0.934591
2025-07-21 21:40:20 | INFO     |     F1(weighted): 0.932837
2025-07-21 21:40:20 | INFO     |     精确率: 0.936077
2025-07-21 21:40:20 | INFO     |     召回率: 0.933698
2025-07-21 21:40:20 | INFO     |   学习率调度器: f1_based
2025-07-21 21:40:20 | INFO     | ------------------------------------------------------------
2025-07-21 21:40:20 | INFO     | Epoch  54 | Train: Loss=0.0312, Acc=0.9815 | Val: Loss=0.2759, Acc=0.9319, F1=0.9328 | LR=0.000006 
2025-07-21 21:40:55 | INFO     | Epoch 55:
2025-07-21 21:40:55 | INFO     |   训练指标:
2025-07-21 21:40:55 | INFO     |     损失(ce): 0.032118
2025-07-21 21:40:55 | INFO     |     准确率: 0.978729
2025-07-21 21:40:55 | INFO     |     学习率: 0.00000625
2025-07-21 21:40:55 | INFO     |   验证指标(标准CE):
2025-07-21 21:40:55 | INFO     |     损失: 0.282193
2025-07-21 21:40:55 | INFO     |     准确率: 0.928929
2025-07-21 21:40:55 | INFO     |     F1(macro): 0.931904
2025-07-21 21:40:55 | INFO     |     F1(weighted): 0.929822
2025-07-21 21:40:55 | INFO     |     精确率: 0.934014
2025-07-21 21:40:55 | INFO     |     召回率: 0.931457
2025-07-21 21:40:55 | INFO     |   学习率调度器: f1_based
2025-07-21 21:40:55 | INFO     | ------------------------------------------------------------
2025-07-21 21:40:55 | INFO     | Epoch  55 | Train: Loss=0.0321, Acc=0.9787 | Val: Loss=0.2822, Acc=0.9289, F1=0.9298 | LR=0.000006 
2025-07-21 21:40:55 | INFO     | ⏹️ 早停触发，在第 55 轮停止训练
2025-07-21 21:40:59 | INFO     | 训练历史已保存到: ./result/0721_2108_DualGAF_DualGAFNet_dilated_enhanced_sl96_step96_fd128_extractor-dilated_gaf-adaptive_attention-channel_classifier-mlp_stat-comprehensive_fusion-concat_ablation-no_diff/training_history.csv
2025-07-21 21:40:59 | INFO     | 
====================================================================================================
2025-07-21 21:40:59 | INFO     | 🎉 训练完成总结:
2025-07-21 21:40:59 | INFO     |   训练损失函数: ce
2025-07-21 21:40:59 | INFO     |   验证损失函数: 标准交叉熵（遵循主流ML规范）
2025-07-21 21:40:59 | INFO     |   训练过程最佳验证准确率: 0.9419
2025-07-21 21:40:59 | INFO     |   训练过程最佳验证F1(macro): 0.9438
2025-07-21 21:40:59 | INFO     |   训练过程最佳验证F1(weighted): 0.9422
2025-07-21 21:40:59 | INFO     |   训练轮数: 55
2025-07-21 21:40:59 | INFO     | --------------------------------------------------
2025-07-21 21:40:59 | INFO     | 📊 最佳模型真实性能指标（基于标准交叉熵损失）:
2025-07-21 21:40:59 | INFO     |   验证损失(标准CE): 0.2269
2025-07-21 21:40:59 | INFO     |   验证准确率: 0.9419
2025-07-21 21:40:59 | INFO     |   验证F1(macro): 0.9438
2025-07-21 21:40:59 | INFO     |   验证F1(weighted): 0.9422
2025-07-21 21:40:59 | INFO     |   验证精确率: 0.9445
2025-07-21 21:40:59 | INFO     |   验证召回率: 0.9433
2025-07-21 21:40:59 | INFO     | ====================================================================================================
2025-07-21 21:41:01 | INFO     | ================================================================================
2025-07-21 21:41:01 | INFO     | 实验日志结束: DualGAF_DualGAFNet_dilated_enhanced_sl96_step96_fd128_extractor-dilated_gaf-adaptive_attention-channel_classifier-mlp_stat-comprehensive_fusion-concat_ablation-no_diff
2025-07-21 21:41:01 | INFO     | 结束时间: 2025-07-21 21:41:01
2025-07-21 21:41:01 | INFO     | ================================================================================
