2025-07-22 10:58:38 | INFO     | ================================================================================
2025-07-22 10:58:38 | INFO     | 实验日志开始: DualGAF_DualGAFNet_dilated_enhanced_sl96_step96_fd128_extractor-dilated_gaf-adaptive_attention-channel_classifier-mlp_stat-basic_fusion-concat
2025-07-22 10:58:38 | INFO     | 日志文件: ./result/0722_1058_DualGAF_DualGAFNet_dilated_enhanced_sl96_step96_fd128_extractor-dilated_gaf-adaptive_attention-channel_classifier-mlp_stat-basic_fusion-concat/training.log
2025-07-22 10:58:38 | INFO     | 开始时间: 2025-07-22 10:58:38
2025-07-22 10:58:38 | INFO     | ================================================================================
2025-07-22 10:58:38 | INFO     | ⚙️ 实验配置:
2025-07-22 10:58:38 | INFO     |    task_name: classification
2025-07-22 10:58:38 | INFO     |    is_training: 1
2025-07-22 10:58:38 | INFO     |    model_id: test
2025-07-22 10:58:38 | INFO     |    model: DualGAFNet
2025-07-22 10:58:38 | INFO     |    data: DualGAF
2025-07-22 10:58:38 | INFO     |    root_path: ./dataset/SAHU/direct_5_working
2025-07-22 10:58:38 | INFO     |    step: 96
2025-07-22 10:58:38 | INFO     |    checkpoints: ./checkpoints/
2025-07-22 10:58:38 | INFO     |    num_class: 9
2025-07-22 10:58:38 | INFO     |    result_path: ./result/
2025-07-22 10:58:38 | INFO     |    test_size: 0.2
2025-07-22 10:58:38 | INFO     |    seq_len: 96
2025-07-22 10:58:38 | INFO     |    enc_in: 26
2025-07-22 10:58:38 | INFO     |    d_model: 512
2025-07-22 10:58:38 | INFO     |    n_heads: 8
2025-07-22 10:58:38 | INFO     |    e_layers: 2
2025-07-22 10:58:38 | INFO     |    d_layers: 1
2025-07-22 10:58:38 | INFO     |    d_ff: 2048
2025-07-22 10:58:38 | INFO     |    moving_avg: 25
2025-07-22 10:58:38 | INFO     |    factor: 1
2025-07-22 10:58:38 | INFO     |    distil: True
2025-07-22 10:58:38 | INFO     |    dropout: 0.1
2025-07-22 10:58:38 | INFO     |    embed: timeF
2025-07-22 10:58:38 | INFO     |    activation: gelu
2025-07-22 10:58:38 | INFO     |    use_norm: 1
2025-07-22 10:58:38 | INFO     |    gaf_method: summation
2025-07-22 10:58:38 | INFO     |    feature_dim: 128
2025-07-22 10:58:38 | INFO     |    data_type_method: uint8
2025-07-22 10:58:38 | INFO     |    use_attention: True
2025-07-22 10:58:38 | INFO     |    hidden_dim: 64
2025-07-22 10:58:38 | INFO     |    sample_size: 1000
2025-07-22 10:58:38 | INFO     |    channel_groups: None
2025-07-22 10:58:38 | INFO     |    hvac_groups: None
2025-07-22 10:58:38 | INFO     |    extractor_type: dilated
2025-07-22 10:58:38 | INFO     |    fusion_type: adaptive
2025-07-22 10:58:38 | INFO     |    attention_type: channel
2025-07-22 10:58:38 | INFO     |    classifier_type: mlp
2025-07-22 10:58:38 | INFO     |    use_statistical_features: True
2025-07-22 10:58:38 | INFO     |    stat_type: basic
2025-07-22 10:58:38 | INFO     |    multimodal_fusion_strategy: concat
2025-07-22 10:58:38 | INFO     |    use_signal_level_stats: False
2025-07-22 10:58:38 | INFO     |    signal_stat_type: comprehensive
2025-07-22 10:58:38 | INFO     |    signal_stat_fusion_strategy: concat_project
2025-07-22 10:58:38 | INFO     |    signal_stat_feature_dim: 32
2025-07-22 10:58:38 | INFO     |    use_diff_branch: True
2025-07-22 10:58:38 | INFO     |    ablation_mode: none
2025-07-22 10:58:38 | INFO     |    backbone_type: resnet18
2025-07-22 10:58:38 | INFO     |    use_sum_branch: True
2025-07-22 10:58:38 | INFO     |    num_workers: 0
2025-07-22 10:58:38 | INFO     |    cuda_debug: False
2025-07-22 10:58:38 | INFO     |    gpu_memory_fraction: 0.9
2025-07-22 10:58:38 | INFO     |    safe_mode: True
2025-07-22 10:58:38 | INFO     |    drop_last_batch: True
2025-07-22 10:58:38 | INFO     |    itr: 1
2025-07-22 10:58:38 | INFO     |    train_epochs: 300
2025-07-22 10:58:38 | INFO     |    batch_size: 4
2025-07-22 10:58:38 | INFO     |    patience: 15
2025-07-22 10:58:38 | INFO     |    learning_rate: 0.0001
2025-07-22 10:58:38 | INFO     |    des: dilated_enhanced
2025-07-22 10:58:38 | INFO     |    loss: MSE
2025-07-22 10:58:38 | INFO     |    lradj: type1
2025-07-22 10:58:38 | INFO     |    lr_scheduler_type: f1_based
2025-07-22 10:58:38 | INFO     |    lr_loss_weight: 0.3
2025-07-22 10:58:38 | INFO     |    lr_f1_weight: 0.7
2025-07-22 10:58:38 | INFO     |    use_amp: False
2025-07-22 10:58:38 | INFO     |    gradient_accumulation_steps: 2
2025-07-22 10:58:38 | INFO     |    enable_auto_gradient_accumulation: True
2025-07-22 10:58:38 | INFO     |    loss_type: ce
2025-07-22 10:58:38 | INFO     |    label_smoothing: 0.1
2025-07-22 10:58:38 | INFO     |    focal_alpha: 1.0
2025-07-22 10:58:38 | INFO     |    focal_gamma: 2.0
2025-07-22 10:58:38 | INFO     |    confidence_penalty_beta: 0.1
2025-07-22 10:58:38 | INFO     |    use_timm_loss: True
2025-07-22 10:58:38 | INFO     |    adaptive_initial_smoothing: 0.2
2025-07-22 10:58:38 | INFO     |    adaptive_final_smoothing: 0.05
2025-07-22 10:58:38 | INFO     |    adaptive_decay_epochs: 30
2025-07-22 10:58:38 | INFO     |    enable_class_weights: False
2025-07-22 10:58:38 | INFO     |    class_weights: None
2025-07-22 10:58:38 | INFO     |    loss_preset: None
2025-07-22 10:58:38 | INFO     |    n_jobs: 8
2025-07-22 10:58:38 | INFO     |    use_multiprocessing: True
2025-07-22 10:58:38 | INFO     |    chunk_size: 800
2025-07-22 10:58:38 | INFO     |    disable_parallel: False
2025-07-22 10:58:38 | INFO     |    use_shared_memory: True
2025-07-22 10:58:38 | INFO     |    disable_shared_memory: False
2025-07-22 10:58:38 | INFO     |    use_gpu: True
2025-07-22 10:58:38 | INFO     |    gpu: 0
2025-07-22 10:58:38 | INFO     |    gpu_type: cuda
2025-07-22 10:58:38 | INFO     |    use_multi_gpu: False
2025-07-22 10:58:38 | INFO     |    devices: 0,1,2,3
2025-07-22 10:58:38 | INFO     |    device: cuda:0
2025-07-22 10:58:38 | INFO     |    feature_columns: ['CHWC_VLV', 'CHWC_VLV_DM', 'MA_TEMP', 'OA_CFM', 'OA_DMPR', 'OA_DMPR_DM', 'OA_TEMP', 'RA_CFM', 'RA_DMPR', 'RA_DMPR_DM', 'RA_TEMP', 'RF_CS', 'RF_SPD', 'RF_WAT', 'SA_CFM', 'SA_SP', 'SA_SPSPT', 'SA_TEMP', 'SF_CS', 'SF_SPD', 'SF_WAT', 'ZONE_TEMP_1', 'ZONE_TEMP_2', 'ZONE_TEMP_3', 'ZONE_TEMP_4', 'ZONE_TEMP_5']
2025-07-22 10:58:38 | INFO     | 🏗️ 模型信息:
2025-07-22 10:58:38 | INFO     |    模型类型: Model
2025-07-22 10:58:38 | INFO     |    总参数数量: 8,301,506
2025-07-22 10:58:38 | INFO     |    可训练参数: 8,301,506
2025-07-22 10:58:38 | INFO     |    模型大小估计: 31.67 MB
2025-07-22 10:58:38 | INFO     | 📊 数据集信息:
2025-07-22 10:58:38 | INFO     |    训练集大小: 3996
2025-07-22 10:58:38 | INFO     |    验证集大小: 999
2025-07-22 10:58:38 | INFO     | 
================================================================================
2025-07-22 10:58:38 | INFO     | 📋 损失函数使用策略（遵循主流机器学习规范）:
2025-07-22 10:58:38 | INFO     |    🎯 训练阶段: 使用 ce 损失函数
2025-07-22 10:58:38 | INFO     |       → 目的：优化模型参数，解决特定问题（类别不平衡、相似性等）
2025-07-22 10:58:38 | INFO     |    📊 验证阶段: 使用标准交叉熵损失函数
2025-07-22 10:58:38 | INFO     |       → 目的：客观评估模型性能，便于不同方法比较
2025-07-22 10:58:38 | INFO     |    📈 最终报告: 基于标准交叉熵损失的指标
2025-07-22 10:58:38 | INFO     |       → 目的：提供可信、可比较的性能指标
2025-07-22 10:58:38 | INFO     | ================================================================================

2025-07-22 10:58:38 | INFO     | 🔄 梯度累积配置: 每2轮累积一次梯度
2025-07-22 10:58:38 | INFO     |    实际batch_size: 4
2025-07-22 10:58:38 | INFO     |    有效batch_size: 8
2025-07-22 10:59:32 | INFO     | Epoch 1:
2025-07-22 10:59:32 | INFO     |   训练指标:
2025-07-22 10:59:32 | INFO     |     损失(ce): 1.829794
2025-07-22 10:59:32 | INFO     |     准确率: 0.329079
2025-07-22 10:59:32 | INFO     |     学习率: 0.00010000
2025-07-22 10:59:32 | INFO     |   验证指标(标准CE):
2025-07-22 10:59:32 | INFO     |     损失: 1.099972
2025-07-22 10:59:32 | INFO     |     准确率: 0.610611
2025-07-22 10:59:32 | INFO     |     F1(macro): 0.554699
2025-07-22 10:59:32 | INFO     |     F1(weighted): 0.555236
2025-07-22 10:59:32 | INFO     |     精确率: 0.611224
2025-07-22 10:59:32 | INFO     |     召回率: 0.610114
2025-07-22 10:59:32 | INFO     |   学习率调度器: f1_based
2025-07-22 10:59:32 | INFO     | ------------------------------------------------------------
2025-07-22 10:59:32 | INFO     | Epoch   1 | Train: Loss=1.8298, Acc=0.3291 | Val: Loss=1.1000, Acc=0.6106, F1=0.5552 | LR=0.000100 🏆 [最佳模型]
2025-07-22 11:00:26 | INFO     | Epoch 2:
2025-07-22 11:00:26 | INFO     |   训练指标:
2025-07-22 11:00:26 | INFO     |     损失(ce): 0.863476
2025-07-22 11:00:26 | INFO     |     准确率: 0.681431
2025-07-22 11:00:26 | INFO     |     学习率: 0.00010000
2025-07-22 11:00:26 | INFO     |   验证指标(标准CE):
2025-07-22 11:00:26 | INFO     |     损失: 0.596141
2025-07-22 11:00:26 | INFO     |     准确率: 0.782783
2025-07-22 11:00:26 | INFO     |     F1(macro): 0.757335
2025-07-22 11:00:26 | INFO     |     F1(weighted): 0.749950
2025-07-22 11:00:26 | INFO     |     精确率: 0.798205
2025-07-22 11:00:26 | INFO     |     召回率: 0.792234
2025-07-22 11:00:26 | INFO     |   学习率调度器: f1_based
2025-07-22 11:00:26 | INFO     | ------------------------------------------------------------
2025-07-22 11:00:26 | INFO     | Epoch   2 | Train: Loss=0.8635, Acc=0.6814 | Val: Loss=0.5961, Acc=0.7828, F1=0.7499 | LR=0.000100 🏆 [最佳模型]
2025-07-22 11:01:20 | INFO     | Epoch 3:
2025-07-22 11:01:20 | INFO     |   训练指标:
2025-07-22 11:01:20 | INFO     |     损失(ce): 0.587025
2025-07-22 11:01:20 | INFO     |     准确率: 0.773774
2025-07-22 11:01:20 | INFO     |     学习率: 0.00010000
2025-07-22 11:01:20 | INFO     |   验证指标(标准CE):
2025-07-22 11:01:20 | INFO     |     损失: 0.481622
2025-07-22 11:01:20 | INFO     |     准确率: 0.822823
2025-07-22 11:01:20 | INFO     |     F1(macro): 0.805049
2025-07-22 11:01:20 | INFO     |     F1(weighted): 0.797357
2025-07-22 11:01:20 | INFO     |     精确率: 0.841776
2025-07-22 11:01:20 | INFO     |     召回率: 0.830317
2025-07-22 11:01:20 | INFO     |   学习率调度器: f1_based
2025-07-22 11:01:20 | INFO     | ------------------------------------------------------------
2025-07-22 11:01:20 | INFO     | Epoch   3 | Train: Loss=0.5870, Acc=0.7738 | Val: Loss=0.4816, Acc=0.8228, F1=0.7974 | LR=0.000100 🏆 [最佳模型]
2025-07-22 11:02:14 | INFO     | Epoch 4:
2025-07-22 11:02:14 | INFO     |   训练指标:
2025-07-22 11:02:14 | INFO     |     损失(ce): 0.460784
2025-07-22 11:02:14 | INFO     |     准确率: 0.821822
2025-07-22 11:02:14 | INFO     |     学习率: 0.00010000
2025-07-22 11:02:14 | INFO     |   验证指标(标准CE):
2025-07-22 11:02:14 | INFO     |     损失: 0.438706
2025-07-22 11:02:14 | INFO     |     准确率: 0.817818
2025-07-22 11:02:14 | INFO     |     F1(macro): 0.803660
2025-07-22 11:02:14 | INFO     |     F1(weighted): 0.796633
2025-07-22 11:02:14 | INFO     |     精确率: 0.818188
2025-07-22 11:02:14 | INFO     |     召回率: 0.825720
2025-07-22 11:02:14 | INFO     |   学习率调度器: f1_based
2025-07-22 11:02:14 | INFO     | ------------------------------------------------------------
2025-07-22 11:02:14 | INFO     | Epoch   4 | Train: Loss=0.4608, Acc=0.8218 | Val: Loss=0.4387, Acc=0.8178, F1=0.7966 | LR=0.000100 
2025-07-22 11:03:07 | INFO     | Epoch 5:
2025-07-22 11:03:07 | INFO     |   训练指标:
2025-07-22 11:03:07 | INFO     |     损失(ce): 0.382607
2025-07-22 11:03:07 | INFO     |     准确率: 0.852352
2025-07-22 11:03:07 | INFO     |     学习率: 0.00010000
2025-07-22 11:03:07 | INFO     |   验证指标(标准CE):
2025-07-22 11:03:07 | INFO     |     损失: 0.358221
2025-07-22 11:03:07 | INFO     |     准确率: 0.861862
2025-07-22 11:03:07 | INFO     |     F1(macro): 0.859028
2025-07-22 11:03:07 | INFO     |     F1(weighted): 0.854058
2025-07-22 11:03:07 | INFO     |     精确率: 0.861114
2025-07-22 11:03:07 | INFO     |     召回率: 0.867627
2025-07-22 11:03:07 | INFO     |   学习率调度器: f1_based
2025-07-22 11:03:07 | INFO     | ------------------------------------------------------------
2025-07-22 11:03:07 | INFO     | Epoch   5 | Train: Loss=0.3826, Acc=0.8524 | Val: Loss=0.3582, Acc=0.8619, F1=0.8541 | LR=0.000100 🏆 [最佳模型]
2025-07-22 11:04:01 | INFO     | Epoch 6:
2025-07-22 11:04:01 | INFO     |   训练指标:
2025-07-22 11:04:01 | INFO     |     损失(ce): 0.323106
2025-07-22 11:04:01 | INFO     |     准确率: 0.874875
2025-07-22 11:04:01 | INFO     |     学习率: 0.00010000
2025-07-22 11:04:01 | INFO     |   验证指标(标准CE):
2025-07-22 11:04:01 | INFO     |     损失: 0.335863
2025-07-22 11:04:01 | INFO     |     准确率: 0.864865
2025-07-22 11:04:01 | INFO     |     F1(macro): 0.859187
2025-07-22 11:04:01 | INFO     |     F1(weighted): 0.854148
2025-07-22 11:04:01 | INFO     |     精确率: 0.872424
2025-07-22 11:04:01 | INFO     |     召回率: 0.870339
2025-07-22 11:04:01 | INFO     |   学习率调度器: f1_based
2025-07-22 11:04:01 | INFO     | ------------------------------------------------------------
2025-07-22 11:04:01 | INFO     | Epoch   6 | Train: Loss=0.3231, Acc=0.8749 | Val: Loss=0.3359, Acc=0.8649, F1=0.8541 | LR=0.000100 🏆 [最佳模型]
2025-07-22 11:04:55 | INFO     | Epoch 7:
2025-07-22 11:04:55 | INFO     |   训练指标:
2025-07-22 11:04:55 | INFO     |     损失(ce): 0.277533
2025-07-22 11:04:55 | INFO     |     准确率: 0.891892
2025-07-22 11:04:55 | INFO     |     学习率: 0.00010000
2025-07-22 11:04:55 | INFO     |   验证指标(标准CE):
2025-07-22 11:04:55 | INFO     |     损失: 0.267730
2025-07-22 11:04:55 | INFO     |     准确率: 0.885886
2025-07-22 11:04:55 | INFO     |     F1(macro): 0.885896
2025-07-22 11:04:55 | INFO     |     F1(weighted): 0.882017
2025-07-22 11:04:55 | INFO     |     精确率: 0.898487
2025-07-22 11:04:55 | INFO     |     召回率: 0.890137
2025-07-22 11:04:55 | INFO     |   学习率调度器: f1_based
2025-07-22 11:04:55 | INFO     | ------------------------------------------------------------
2025-07-22 11:04:55 | INFO     | Epoch   7 | Train: Loss=0.2775, Acc=0.8919 | Val: Loss=0.2677, Acc=0.8859, F1=0.8820 | LR=0.000100 🏆 [最佳模型]
2025-07-22 11:05:48 | INFO     | Epoch 8:
2025-07-22 11:05:48 | INFO     |   训练指标:
2025-07-22 11:05:48 | INFO     |     损失(ce): 0.240433
2025-07-22 11:05:48 | INFO     |     准确率: 0.905155
2025-07-22 11:05:48 | INFO     |     学习率: 0.00010000
2025-07-22 11:05:48 | INFO     |   验证指标(标准CE):
2025-07-22 11:05:48 | INFO     |     损失: 0.211288
2025-07-22 11:05:48 | INFO     |     准确率: 0.915916
2025-07-22 11:05:48 | INFO     |     F1(macro): 0.918165
2025-07-22 11:05:48 | INFO     |     F1(weighted): 0.915805
2025-07-22 11:05:48 | INFO     |     精确率: 0.919735
2025-07-22 11:05:48 | INFO     |     召回率: 0.918260
2025-07-22 11:05:48 | INFO     |   学习率调度器: f1_based
2025-07-22 11:05:48 | INFO     | ------------------------------------------------------------
2025-07-22 11:05:48 | INFO     | Epoch   8 | Train: Loss=0.2404, Acc=0.9052 | Val: Loss=0.2113, Acc=0.9159, F1=0.9158 | LR=0.000100 🏆 [最佳模型]
2025-07-22 11:06:42 | INFO     | Epoch 9:
2025-07-22 11:06:42 | INFO     |   训练指标:
2025-07-22 11:06:42 | INFO     |     损失(ce): 0.210104
2025-07-22 11:06:42 | INFO     |     准确率: 0.912162
2025-07-22 11:06:42 | INFO     |     学习率: 0.00010000
2025-07-22 11:06:42 | INFO     |   验证指标(标准CE):
2025-07-22 11:06:42 | INFO     |     损失: 0.392440
2025-07-22 11:06:42 | INFO     |     准确率: 0.897898
2025-07-22 11:06:42 | INFO     |     F1(macro): 0.894728
2025-07-22 11:06:42 | INFO     |     F1(weighted): 0.892787
2025-07-22 11:06:42 | INFO     |     精确率: 0.916211
2025-07-22 11:06:42 | INFO     |     召回率: 0.897424
2025-07-22 11:06:42 | INFO     |   学习率调度器: f1_based
2025-07-22 11:06:42 | INFO     | ------------------------------------------------------------
2025-07-22 11:06:42 | INFO     | Epoch   9 | Train: Loss=0.2101, Acc=0.9122 | Val: Loss=0.3924, Acc=0.8979, F1=0.8928 | LR=0.000100 
2025-07-22 11:07:36 | INFO     | Epoch 10:
2025-07-22 11:07:36 | INFO     |   训练指标:
2025-07-22 11:07:36 | INFO     |     损失(ce): 0.190097
2025-07-22 11:07:36 | INFO     |     准确率: 0.927678
2025-07-22 11:07:36 | INFO     |     学习率: 0.00010000
2025-07-22 11:07:36 | INFO     |   验证指标(标准CE):
2025-07-22 11:07:36 | INFO     |     损失: 0.241704
2025-07-22 11:07:36 | INFO     |     准确率: 0.906907
2025-07-22 11:07:36 | INFO     |     F1(macro): 0.911902
2025-07-22 11:07:36 | INFO     |     F1(weighted): 0.909706
2025-07-22 11:07:36 | INFO     |     精确率: 0.917383
2025-07-22 11:07:36 | INFO     |     召回率: 0.909787
2025-07-22 11:07:36 | INFO     |   学习率调度器: f1_based
2025-07-22 11:07:36 | INFO     | ------------------------------------------------------------
2025-07-22 11:07:36 | INFO     | Epoch  10 | Train: Loss=0.1901, Acc=0.9277 | Val: Loss=0.2417, Acc=0.9069, F1=0.9097 | LR=0.000100 
2025-07-22 11:08:29 | INFO     | Epoch 11:
2025-07-22 11:08:29 | INFO     |   训练指标:
2025-07-22 11:08:29 | INFO     |     损失(ce): 0.167202
2025-07-22 11:08:29 | INFO     |     准确率: 0.931431
2025-07-22 11:08:29 | INFO     |     学习率: 0.00010000
2025-07-22 11:08:29 | INFO     |   验证指标(标准CE):
2025-07-22 11:08:29 | INFO     |     损失: 0.236276
2025-07-22 11:08:29 | INFO     |     准确率: 0.917918
2025-07-22 11:08:29 | INFO     |     F1(macro): 0.920503
2025-07-22 11:08:29 | INFO     |     F1(weighted): 0.918873
2025-07-22 11:08:29 | INFO     |     精确率: 0.928641
2025-07-22 11:08:29 | INFO     |     召回率: 0.917872
2025-07-22 11:08:29 | INFO     |   学习率调度器: f1_based
2025-07-22 11:08:29 | INFO     | ------------------------------------------------------------
2025-07-22 11:08:29 | INFO     | Epoch  11 | Train: Loss=0.1672, Acc=0.9314 | Val: Loss=0.2363, Acc=0.9179, F1=0.9189 | LR=0.000100 🏆 [最佳模型]
2025-07-22 11:09:23 | INFO     | Epoch 12:
2025-07-22 11:09:23 | INFO     |   训练指标:
2025-07-22 11:09:23 | INFO     |     损失(ce): 0.153843
2025-07-22 11:09:23 | INFO     |     准确率: 0.935435
2025-07-22 11:09:23 | INFO     |     学习率: 0.00010000
2025-07-22 11:09:23 | INFO     |   验证指标(标准CE):
2025-07-22 11:09:23 | INFO     |     损失: 0.245158
2025-07-22 11:09:23 | INFO     |     准确率: 0.916917
2025-07-22 11:09:23 | INFO     |     F1(macro): 0.915391
2025-07-22 11:09:23 | INFO     |     F1(weighted): 0.914159
2025-07-22 11:09:23 | INFO     |     精确率: 0.918394
2025-07-22 11:09:23 | INFO     |     召回率: 0.919417
2025-07-22 11:09:23 | INFO     |   学习率调度器: f1_based
2025-07-22 11:09:23 | INFO     | ------------------------------------------------------------
2025-07-22 11:09:23 | INFO     | Epoch  12 | Train: Loss=0.1538, Acc=0.9354 | Val: Loss=0.2452, Acc=0.9169, F1=0.9142 | LR=0.000100 
2025-07-22 11:10:17 | INFO     | Epoch 13:
2025-07-22 11:10:17 | INFO     |   训练指标:
2025-07-22 11:10:17 | INFO     |     损失(ce): 0.138398
2025-07-22 11:10:17 | INFO     |     准确率: 0.944444
2025-07-22 11:10:17 | INFO     |     学习率: 0.00010000
2025-07-22 11:10:17 | INFO     |   验证指标(标准CE):
2025-07-22 11:10:17 | INFO     |     损失: 0.212506
2025-07-22 11:10:17 | INFO     |     准确率: 0.913914
2025-07-22 11:10:17 | INFO     |     F1(macro): 0.915471
2025-07-22 11:10:17 | INFO     |     F1(weighted): 0.912752
2025-07-22 11:10:17 | INFO     |     精确率: 0.929425
2025-07-22 11:10:17 | INFO     |     召回率: 0.918039
2025-07-22 11:10:17 | INFO     |   学习率调度器: f1_based
2025-07-22 11:10:17 | INFO     | ------------------------------------------------------------
2025-07-22 11:10:17 | INFO     | Epoch  13 | Train: Loss=0.1384, Acc=0.9444 | Val: Loss=0.2125, Acc=0.9139, F1=0.9128 | LR=0.000100 
2025-07-22 11:11:11 | INFO     | Epoch 14:
2025-07-22 11:11:11 | INFO     |   训练指标:
2025-07-22 11:11:11 | INFO     |     损失(ce): 0.135756
2025-07-22 11:11:11 | INFO     |     准确率: 0.943443
2025-07-22 11:11:11 | INFO     |     学习率: 0.00010000
2025-07-22 11:11:11 | INFO     |   验证指标(标准CE):
2025-07-22 11:11:11 | INFO     |     损失: 0.182795
2025-07-22 11:11:11 | INFO     |     准确率: 0.934935
2025-07-22 11:11:11 | INFO     |     F1(macro): 0.937546
2025-07-22 11:11:11 | INFO     |     F1(weighted): 0.935531
2025-07-22 11:11:11 | INFO     |     精确率: 0.949957
2025-07-22 11:11:11 | INFO     |     召回率: 0.938310
2025-07-22 11:11:11 | INFO     |   学习率调度器: f1_based
2025-07-22 11:11:11 | INFO     | ------------------------------------------------------------
2025-07-22 11:11:11 | INFO     | Epoch  14 | Train: Loss=0.1358, Acc=0.9434 | Val: Loss=0.1828, Acc=0.9349, F1=0.9355 | LR=0.000100 🏆 [最佳模型]
2025-07-22 11:12:05 | INFO     | Epoch 15:
2025-07-22 11:12:05 | INFO     |   训练指标:
2025-07-22 11:12:05 | INFO     |     损失(ce): 0.119840
2025-07-22 11:12:05 | INFO     |     准确率: 0.947447
2025-07-22 11:12:05 | INFO     |     学习率: 0.00010000
2025-07-22 11:12:05 | INFO     |   验证指标(标准CE):
2025-07-22 11:12:05 | INFO     |     损失: 0.183008
2025-07-22 11:12:05 | INFO     |     准确率: 0.928929
2025-07-22 11:12:05 | INFO     |     F1(macro): 0.930973
2025-07-22 11:12:05 | INFO     |     F1(weighted): 0.929090
2025-07-22 11:12:05 | INFO     |     精确率: 0.933688
2025-07-22 11:12:05 | INFO     |     召回率: 0.931948
2025-07-22 11:12:05 | INFO     |   学习率调度器: f1_based
2025-07-22 11:12:05 | INFO     | ------------------------------------------------------------
2025-07-22 11:12:05 | INFO     | Epoch  15 | Train: Loss=0.1198, Acc=0.9474 | Val: Loss=0.1830, Acc=0.9289, F1=0.9291 | LR=0.000100 
2025-07-22 11:12:59 | INFO     | Epoch 16:
2025-07-22 11:12:59 | INFO     |   训练指标:
2025-07-22 11:12:59 | INFO     |     损失(ce): 0.124679
2025-07-22 11:12:59 | INFO     |     准确率: 0.949449
2025-07-22 11:12:59 | INFO     |     学习率: 0.00010000
2025-07-22 11:12:59 | INFO     |   验证指标(标准CE):
2025-07-22 11:12:59 | INFO     |     损失: 0.156886
2025-07-22 11:12:59 | INFO     |     准确率: 0.944945
2025-07-22 11:12:59 | INFO     |     F1(macro): 0.944713
2025-07-22 11:12:59 | INFO     |     F1(weighted): 0.943593
2025-07-22 11:12:59 | INFO     |     精确率: 0.949029
2025-07-22 11:12:59 | INFO     |     召回率: 0.944868
2025-07-22 11:12:59 | INFO     |   学习率调度器: f1_based
2025-07-22 11:12:59 | INFO     | ------------------------------------------------------------
2025-07-22 11:12:59 | INFO     | Epoch  16 | Train: Loss=0.1247, Acc=0.9494 | Val: Loss=0.1569, Acc=0.9449, F1=0.9436 | LR=0.000100 🏆 [最佳模型]
2025-07-22 11:13:54 | INFO     | Epoch 17:
2025-07-22 11:13:54 | INFO     |   训练指标:
2025-07-22 11:13:54 | INFO     |     损失(ce): 0.118998
2025-07-22 11:13:54 | INFO     |     准确率: 0.948198
2025-07-22 11:13:54 | INFO     |     学习率: 0.00010000
2025-07-22 11:13:54 | INFO     |   验证指标(标准CE):
2025-07-22 11:13:54 | INFO     |     损失: 0.240235
2025-07-22 11:13:54 | INFO     |     准确率: 0.932933
2025-07-22 11:13:54 | INFO     |     F1(macro): 0.934564
2025-07-22 11:13:54 | INFO     |     F1(weighted): 0.933190
2025-07-22 11:13:54 | INFO     |     精确率: 0.939891
2025-07-22 11:13:54 | INFO     |     召回率: 0.933465
2025-07-22 11:13:54 | INFO     |   学习率调度器: f1_based
2025-07-22 11:13:54 | INFO     | ------------------------------------------------------------
2025-07-22 11:13:54 | INFO     | Epoch  17 | Train: Loss=0.1190, Acc=0.9482 | Val: Loss=0.2402, Acc=0.9329, F1=0.9332 | LR=0.000100 
2025-07-22 11:14:47 | INFO     | Epoch 18:
2025-07-22 11:14:47 | INFO     |   训练指标:
2025-07-22 11:14:47 | INFO     |     损失(ce): 0.117286
2025-07-22 11:14:47 | INFO     |     准确率: 0.949449
2025-07-22 11:14:47 | INFO     |     学习率: 0.00010000
2025-07-22 11:14:47 | INFO     |   验证指标(标准CE):
2025-07-22 11:14:47 | INFO     |     损失: 0.203230
2025-07-22 11:14:47 | INFO     |     准确率: 0.935936
2025-07-22 11:14:47 | INFO     |     F1(macro): 0.938821
2025-07-22 11:14:47 | INFO     |     F1(weighted): 0.937004
2025-07-22 11:14:47 | INFO     |     精确率: 0.950580
2025-07-22 11:14:47 | INFO     |     召回率: 0.938988
2025-07-22 11:14:47 | INFO     |   学习率调度器: f1_based
2025-07-22 11:14:47 | INFO     | ------------------------------------------------------------
2025-07-22 11:14:47 | INFO     | Epoch  18 | Train: Loss=0.1173, Acc=0.9494 | Val: Loss=0.2032, Acc=0.9359, F1=0.9370 | LR=0.000100 
2025-07-22 11:15:40 | INFO     | Epoch 19:
2025-07-22 11:15:40 | INFO     |   训练指标:
2025-07-22 11:15:40 | INFO     |     损失(ce): 0.096805
2025-07-22 11:15:40 | INFO     |     准确率: 0.956957
2025-07-22 11:15:40 | INFO     |     学习率: 0.00010000
2025-07-22 11:15:40 | INFO     |   验证指标(标准CE):
2025-07-22 11:15:40 | INFO     |     损失: 0.153712
2025-07-22 11:15:40 | INFO     |     准确率: 0.945946
2025-07-22 11:15:40 | INFO     |     F1(macro): 0.945789
2025-07-22 11:15:40 | INFO     |     F1(weighted): 0.944539
2025-07-22 11:15:40 | INFO     |     精确率: 0.950162
2025-07-22 11:15:40 | INFO     |     召回率: 0.946260
2025-07-22 11:15:40 | INFO     |   学习率调度器: f1_based
2025-07-22 11:15:40 | INFO     | ------------------------------------------------------------
2025-07-22 11:15:40 | INFO     | Epoch  19 | Train: Loss=0.0968, Acc=0.9570 | Val: Loss=0.1537, Acc=0.9459, F1=0.9445 | LR=0.000100 🏆 [最佳模型]
2025-07-22 11:16:34 | INFO     | Epoch 20:
2025-07-22 11:16:34 | INFO     |   训练指标:
2025-07-22 11:16:34 | INFO     |     损失(ce): 0.111784
2025-07-22 11:16:34 | INFO     |     准确率: 0.951201
2025-07-22 11:16:34 | INFO     |     学习率: 0.00010000
2025-07-22 11:16:34 | INFO     |   验证指标(标准CE):
2025-07-22 11:16:34 | INFO     |     损失: 0.206044
2025-07-22 11:16:34 | INFO     |     准确率: 0.934935
2025-07-22 11:16:34 | INFO     |     F1(macro): 0.938154
2025-07-22 11:16:34 | INFO     |     F1(weighted): 0.936397
2025-07-22 11:16:34 | INFO     |     精确率: 0.941707
2025-07-22 11:16:34 | INFO     |     召回率: 0.936783
2025-07-22 11:16:34 | INFO     |   学习率调度器: f1_based
2025-07-22 11:16:34 | INFO     | ------------------------------------------------------------
2025-07-22 11:16:34 | INFO     | Epoch  20 | Train: Loss=0.1118, Acc=0.9512 | Val: Loss=0.2060, Acc=0.9349, F1=0.9364 | LR=0.000100 
2025-07-22 11:17:28 | INFO     | Epoch 21:
2025-07-22 11:17:28 | INFO     |   训练指标:
2025-07-22 11:17:28 | INFO     |     损失(ce): 0.114350
2025-07-22 11:17:28 | INFO     |     准确率: 0.951702
2025-07-22 11:17:28 | INFO     |     学习率: 0.00010000
2025-07-22 11:17:28 | INFO     |   验证指标(标准CE):
2025-07-22 11:17:28 | INFO     |     损失: 0.205061
2025-07-22 11:17:28 | INFO     |     准确率: 0.935936
2025-07-22 11:17:28 | INFO     |     F1(macro): 0.935739
2025-07-22 11:17:28 | INFO     |     F1(weighted): 0.934346
2025-07-22 11:17:28 | INFO     |     精确率: 0.940524
2025-07-22 11:17:28 | INFO     |     召回率: 0.936129
2025-07-22 11:17:28 | INFO     |   学习率调度器: f1_based
2025-07-22 11:17:28 | INFO     | ------------------------------------------------------------
2025-07-22 11:17:28 | INFO     | Epoch  21 | Train: Loss=0.1144, Acc=0.9517 | Val: Loss=0.2051, Acc=0.9359, F1=0.9343 | LR=0.000100 
2025-07-22 11:18:21 | INFO     | Epoch 22:
2025-07-22 11:18:21 | INFO     |   训练指标:
2025-07-22 11:18:21 | INFO     |     损失(ce): 0.109017
2025-07-22 11:18:21 | INFO     |     准确率: 0.953453
2025-07-22 11:18:21 | INFO     |     学习率: 0.00010000
2025-07-22 11:18:21 | INFO     |   验证指标(标准CE):
2025-07-22 11:18:21 | INFO     |     损失: 0.582029
2025-07-22 11:18:21 | INFO     |     准确率: 0.847848
2025-07-22 11:18:21 | INFO     |     F1(macro): 0.857794
2025-07-22 11:18:21 | INFO     |     F1(weighted): 0.854156
2025-07-22 11:18:21 | INFO     |     精确率: 0.893785
2025-07-22 11:18:21 | INFO     |     召回率: 0.852008
2025-07-22 11:18:21 | INFO     |   学习率调度器: f1_based
2025-07-22 11:18:21 | INFO     | ------------------------------------------------------------
2025-07-22 11:18:21 | INFO     | Epoch  22 | Train: Loss=0.1090, Acc=0.9535 | Val: Loss=0.5820, Acc=0.8478, F1=0.8542 | LR=0.000100 
2025-07-22 11:19:14 | INFO     | Epoch 23:
2025-07-22 11:19:14 | INFO     |   训练指标:
2025-07-22 11:19:14 | INFO     |     损失(ce): 0.096662
2025-07-22 11:19:14 | INFO     |     准确率: 0.957708
2025-07-22 11:19:14 | INFO     |     学习率: 0.00010000
2025-07-22 11:19:14 | INFO     |   验证指标(标准CE):
2025-07-22 11:19:14 | INFO     |     损失: 0.239384
2025-07-22 11:19:14 | INFO     |     准确率: 0.932933
2025-07-22 11:19:14 | INFO     |     F1(macro): 0.934813
2025-07-22 11:19:14 | INFO     |     F1(weighted): 0.932963
2025-07-22 11:19:14 | INFO     |     精确率: 0.935952
2025-07-22 11:19:14 | INFO     |     召回率: 0.934787
2025-07-22 11:19:14 | INFO     |   学习率调度器: f1_based
2025-07-22 11:19:14 | INFO     | ------------------------------------------------------------
2025-07-22 11:19:14 | INFO     | Epoch  23 | Train: Loss=0.0967, Acc=0.9577 | Val: Loss=0.2394, Acc=0.9329, F1=0.9330 | LR=0.000100 
2025-07-22 11:20:08 | INFO     | Epoch 24:
2025-07-22 11:20:08 | INFO     |   训练指标:
2025-07-22 11:20:08 | INFO     |     损失(ce): 0.083409
2025-07-22 11:20:08 | INFO     |     准确率: 0.959459
2025-07-22 11:20:08 | INFO     |     学习率: 0.00010000
2025-07-22 11:20:08 | INFO     |   验证指标(标准CE):
2025-07-22 11:20:08 | INFO     |     损失: 0.189280
2025-07-22 11:20:08 | INFO     |     准确率: 0.936937
2025-07-22 11:20:08 | INFO     |     F1(macro): 0.940024
2025-07-22 11:20:08 | INFO     |     F1(weighted): 0.938225
2025-07-22 11:20:08 | INFO     |     精确率: 0.946000
2025-07-22 11:20:08 | INFO     |     召回率: 0.939766
2025-07-22 11:20:08 | INFO     |   学习率调度器: f1_based
2025-07-22 11:20:08 | INFO     | ------------------------------------------------------------
2025-07-22 11:20:08 | INFO     | Epoch  24 | Train: Loss=0.0834, Acc=0.9595 | Val: Loss=0.1893, Acc=0.9369, F1=0.9382 | LR=0.000100 
2025-07-22 11:21:01 | INFO     | Epoch 25:
2025-07-22 11:21:01 | INFO     |   训练指标:
2025-07-22 11:21:01 | INFO     |     损失(ce): 0.094124
2025-07-22 11:21:01 | INFO     |     准确率: 0.957457
2025-07-22 11:21:01 | INFO     |     学习率: 0.00010000
2025-07-22 11:21:01 | INFO     |   验证指标(标准CE):
2025-07-22 11:21:01 | INFO     |     损失: 0.213243
2025-07-22 11:21:01 | INFO     |     准确率: 0.933934
2025-07-22 11:21:01 | INFO     |     F1(macro): 0.935677
2025-07-22 11:21:01 | INFO     |     F1(weighted): 0.933930
2025-07-22 11:21:01 | INFO     |     精确率: 0.936579
2025-07-22 11:21:01 | INFO     |     召回率: 0.935939
2025-07-22 11:21:01 | INFO     |   学习率调度器: f1_based
2025-07-22 11:21:01 | INFO     | ------------------------------------------------------------
2025-07-22 11:21:01 | INFO     | 🎯 学习率调整事件:
2025-07-22 11:21:01 | INFO     |   调度器类型: f1_based
2025-07-22 11:21:01 | INFO     |   学习率变化: 0.00010000 → 0.00005000
2025-07-22 11:21:01 | INFO     |   触发条件: F1分数 = 0.933930
2025-07-22 11:21:01 | INFO     |   变化幅度: -50.00%
2025-07-22 11:21:01 | INFO     | ------------------------------------------------------------
2025-07-22 11:21:01 | INFO     | Epoch  25 | Train: Loss=0.0941, Acc=0.9575 | Val: Loss=0.2132, Acc=0.9339, F1=0.9339 | LR=0.000050 
2025-07-22 11:21:55 | INFO     | Epoch 26:
2025-07-22 11:21:55 | INFO     |   训练指标:
2025-07-22 11:21:55 | INFO     |     损失(ce): 0.066323
2025-07-22 11:21:55 | INFO     |     准确率: 0.963964
2025-07-22 11:21:55 | INFO     |     学习率: 0.00005000
2025-07-22 11:21:55 | INFO     |   验证指标(标准CE):
2025-07-22 11:21:55 | INFO     |     损失: 0.176842
2025-07-22 11:21:55 | INFO     |     准确率: 0.953954
2025-07-22 11:21:55 | INFO     |     F1(macro): 0.955124
2025-07-22 11:21:55 | INFO     |     F1(weighted): 0.954004
2025-07-22 11:21:55 | INFO     |     精确率: 0.958212
2025-07-22 11:21:55 | INFO     |     召回率: 0.954333
2025-07-22 11:21:55 | INFO     |   学习率调度器: f1_based
2025-07-22 11:21:55 | INFO     | ------------------------------------------------------------
2025-07-22 11:21:55 | INFO     | Epoch  26 | Train: Loss=0.0663, Acc=0.9640 | Val: Loss=0.1768, Acc=0.9540, F1=0.9540 | LR=0.000050 🏆 [最佳模型]
2025-07-22 11:22:49 | INFO     | Epoch 27:
2025-07-22 11:22:49 | INFO     |   训练指标:
2025-07-22 11:22:49 | INFO     |     损失(ce): 0.058302
2025-07-22 11:22:49 | INFO     |     准确率: 0.969219
2025-07-22 11:22:49 | INFO     |     学习率: 0.00005000
2025-07-22 11:22:49 | INFO     |   验证指标(标准CE):
2025-07-22 11:22:49 | INFO     |     损失: 0.180600
2025-07-22 11:22:49 | INFO     |     准确率: 0.944945
2025-07-22 11:22:49 | INFO     |     F1(macro): 0.946008
2025-07-22 11:22:49 | INFO     |     F1(weighted): 0.944641
2025-07-22 11:22:49 | INFO     |     精确率: 0.947393
2025-07-22 11:22:49 | INFO     |     召回率: 0.945790
2025-07-22 11:22:49 | INFO     |   学习率调度器: f1_based
2025-07-22 11:22:49 | INFO     | ------------------------------------------------------------
2025-07-22 11:22:49 | INFO     | Epoch  27 | Train: Loss=0.0583, Acc=0.9692 | Val: Loss=0.1806, Acc=0.9449, F1=0.9446 | LR=0.000050 
2025-07-22 11:23:42 | INFO     | Epoch 28:
2025-07-22 11:23:42 | INFO     |   训练指标:
2025-07-22 11:23:42 | INFO     |     损失(ce): 0.056975
2025-07-22 11:23:42 | INFO     |     准确率: 0.965966
2025-07-22 11:23:42 | INFO     |     学习率: 0.00005000
2025-07-22 11:23:42 | INFO     |   验证指标(标准CE):
2025-07-22 11:23:42 | INFO     |     损失: 0.193239
2025-07-22 11:23:42 | INFO     |     准确率: 0.946947
2025-07-22 11:23:42 | INFO     |     F1(macro): 0.950055
2025-07-22 11:23:42 | INFO     |     F1(weighted): 0.948294
2025-07-22 11:23:42 | INFO     |     精确率: 0.958972
2025-07-22 11:23:42 | INFO     |     召回率: 0.949691
2025-07-22 11:23:42 | INFO     |   学习率调度器: f1_based
2025-07-22 11:23:42 | INFO     | ------------------------------------------------------------
2025-07-22 11:23:42 | INFO     | Epoch  28 | Train: Loss=0.0570, Acc=0.9660 | Val: Loss=0.1932, Acc=0.9469, F1=0.9483 | LR=0.000050 
2025-07-22 11:24:36 | INFO     | Epoch 29:
2025-07-22 11:24:36 | INFO     |   训练指标:
2025-07-22 11:24:36 | INFO     |     损失(ce): 0.060851
2025-07-22 11:24:36 | INFO     |     准确率: 0.965465
2025-07-22 11:24:36 | INFO     |     学习率: 0.00005000
2025-07-22 11:24:36 | INFO     |   验证指标(标准CE):
2025-07-22 11:24:36 | INFO     |     损失: 0.147099
2025-07-22 11:24:36 | INFO     |     准确率: 0.951952
2025-07-22 11:24:36 | INFO     |     F1(macro): 0.954388
2025-07-22 11:24:36 | INFO     |     F1(weighted): 0.952684
2025-07-22 11:24:36 | INFO     |     精确率: 0.959883
2025-07-22 11:24:36 | INFO     |     召回率: 0.954652
2025-07-22 11:24:36 | INFO     |   学习率调度器: f1_based
2025-07-22 11:24:36 | INFO     | ------------------------------------------------------------
2025-07-22 11:24:36 | INFO     | Epoch  29 | Train: Loss=0.0609, Acc=0.9655 | Val: Loss=0.1471, Acc=0.9520, F1=0.9527 | LR=0.000050 
2025-07-22 11:25:29 | INFO     | Epoch 30:
2025-07-22 11:25:29 | INFO     |   训练指标:
2025-07-22 11:25:29 | INFO     |     损失(ce): 0.061403
2025-07-22 11:25:29 | INFO     |     准确率: 0.967968
2025-07-22 11:25:29 | INFO     |     学习率: 0.00005000
2025-07-22 11:25:29 | INFO     |   验证指标(标准CE):
2025-07-22 11:25:29 | INFO     |     损失: 0.258829
2025-07-22 11:25:29 | INFO     |     准确率: 0.945946
2025-07-22 11:25:29 | INFO     |     F1(macro): 0.947322
2025-07-22 11:25:29 | INFO     |     F1(weighted): 0.946263
2025-07-22 11:25:29 | INFO     |     精确率: 0.950594
2025-07-22 11:25:29 | INFO     |     召回率: 0.946122
2025-07-22 11:25:29 | INFO     |   学习率调度器: f1_based
2025-07-22 11:25:29 | INFO     | ------------------------------------------------------------
2025-07-22 11:25:29 | INFO     | Epoch  30 | Train: Loss=0.0614, Acc=0.9680 | Val: Loss=0.2588, Acc=0.9459, F1=0.9463 | LR=0.000050 
2025-07-22 11:26:23 | INFO     | Epoch 31:
2025-07-22 11:26:23 | INFO     |   训练指标:
2025-07-22 11:26:23 | INFO     |     损失(ce): 0.069655
2025-07-22 11:26:23 | INFO     |     准确率: 0.966216
2025-07-22 11:26:23 | INFO     |     学习率: 0.00005000
2025-07-22 11:26:23 | INFO     |   验证指标(标准CE):
2025-07-22 11:26:23 | INFO     |     损失: 0.169664
2025-07-22 11:26:23 | INFO     |     准确率: 0.948949
2025-07-22 11:26:23 | INFO     |     F1(macro): 0.951564
2025-07-22 11:26:23 | INFO     |     F1(weighted): 0.949770
2025-07-22 11:26:23 | INFO     |     精确率: 0.958270
2025-07-22 11:26:23 | INFO     |     召回率: 0.951532
2025-07-22 11:26:23 | INFO     |   学习率调度器: f1_based
2025-07-22 11:26:23 | INFO     | ------------------------------------------------------------
2025-07-22 11:26:23 | INFO     | Epoch  31 | Train: Loss=0.0697, Acc=0.9662 | Val: Loss=0.1697, Acc=0.9489, F1=0.9498 | LR=0.000050 
2025-07-22 11:27:16 | INFO     | Epoch 32:
2025-07-22 11:27:16 | INFO     |   训练指标:
2025-07-22 11:27:16 | INFO     |     损失(ce): 0.054173
2025-07-22 11:27:16 | INFO     |     准确率: 0.968218
2025-07-22 11:27:16 | INFO     |     学习率: 0.00005000
2025-07-22 11:27:16 | INFO     |   验证指标(标准CE):
2025-07-22 11:27:16 | INFO     |     损失: 0.189222
2025-07-22 11:27:16 | INFO     |     准确率: 0.946947
2025-07-22 11:27:16 | INFO     |     F1(macro): 0.949772
2025-07-22 11:27:16 | INFO     |     F1(weighted): 0.947987
2025-07-22 11:27:16 | INFO     |     精确率: 0.958018
2025-07-22 11:27:16 | INFO     |     召回率: 0.949670
2025-07-22 11:27:16 | INFO     |   学习率调度器: f1_based
2025-07-22 11:27:16 | INFO     | ------------------------------------------------------------
2025-07-22 11:27:16 | INFO     | Epoch  32 | Train: Loss=0.0542, Acc=0.9682 | Val: Loss=0.1892, Acc=0.9469, F1=0.9480 | LR=0.000050 
2025-07-22 11:28:10 | INFO     | Epoch 33:
2025-07-22 11:28:10 | INFO     |   训练指标:
2025-07-22 11:28:10 | INFO     |     损失(ce): 0.059149
2025-07-22 11:28:10 | INFO     |     准确率: 0.967467
2025-07-22 11:28:10 | INFO     |     学习率: 0.00005000
2025-07-22 11:28:10 | INFO     |   验证指标(标准CE):
2025-07-22 11:28:10 | INFO     |     损失: 0.194945
2025-07-22 11:28:10 | INFO     |     准确率: 0.948949
2025-07-22 11:28:10 | INFO     |     F1(macro): 0.949719
2025-07-22 11:28:10 | INFO     |     F1(weighted): 0.948245
2025-07-22 11:28:10 | INFO     |     精确率: 0.956230
2025-07-22 11:28:10 | INFO     |     召回率: 0.949346
2025-07-22 11:28:10 | INFO     |   学习率调度器: f1_based
2025-07-22 11:28:10 | INFO     | ------------------------------------------------------------
2025-07-22 11:28:10 | INFO     | 🎯 学习率调整事件:
2025-07-22 11:28:10 | INFO     |   调度器类型: f1_based
2025-07-22 11:28:10 | INFO     |   学习率变化: 0.00005000 → 0.00002500
2025-07-22 11:28:10 | INFO     |   触发条件: F1分数 = 0.948245
2025-07-22 11:28:10 | INFO     |   变化幅度: -50.00%
2025-07-22 11:28:10 | INFO     | ------------------------------------------------------------
2025-07-22 11:28:10 | INFO     | Epoch  33 | Train: Loss=0.0591, Acc=0.9675 | Val: Loss=0.1949, Acc=0.9489, F1=0.9482 | LR=0.000025 
2025-07-22 11:29:03 | INFO     | Epoch 34:
2025-07-22 11:29:03 | INFO     |   训练指标:
2025-07-22 11:29:03 | INFO     |     损失(ce): 0.044275
2025-07-22 11:29:03 | INFO     |     准确率: 0.974224
2025-07-22 11:29:03 | INFO     |     学习率: 0.00002500
2025-07-22 11:29:03 | INFO     |   验证指标(标准CE):
2025-07-22 11:29:03 | INFO     |     损失: 0.156127
2025-07-22 11:29:03 | INFO     |     准确率: 0.951952
2025-07-22 11:29:03 | INFO     |     F1(macro): 0.954295
2025-07-22 11:29:03 | INFO     |     F1(weighted): 0.952465
2025-07-22 11:29:03 | INFO     |     精确率: 0.960821
2025-07-22 11:29:03 | INFO     |     召回率: 0.954800
2025-07-22 11:29:03 | INFO     |   学习率调度器: f1_based
2025-07-22 11:29:03 | INFO     | ------------------------------------------------------------
2025-07-22 11:29:03 | INFO     | Epoch  34 | Train: Loss=0.0443, Acc=0.9742 | Val: Loss=0.1561, Acc=0.9520, F1=0.9525 | LR=0.000025 
2025-07-22 11:29:57 | INFO     | Epoch 35:
2025-07-22 11:29:57 | INFO     |   训练指标:
2025-07-22 11:29:57 | INFO     |     损失(ce): 0.046869
2025-07-22 11:29:57 | INFO     |     准确率: 0.975225
2025-07-22 11:29:57 | INFO     |     学习率: 0.00002500
2025-07-22 11:29:57 | INFO     |   验证指标(标准CE):
2025-07-22 11:29:57 | INFO     |     损失: 0.158323
2025-07-22 11:29:57 | INFO     |     准确率: 0.946947
2025-07-22 11:29:57 | INFO     |     F1(macro): 0.949453
2025-07-22 11:29:57 | INFO     |     F1(weighted): 0.947631
2025-07-22 11:29:57 | INFO     |     精确率: 0.953507
2025-07-22 11:29:57 | INFO     |     召回率: 0.949522
2025-07-22 11:29:57 | INFO     |   学习率调度器: f1_based
2025-07-22 11:29:57 | INFO     | ------------------------------------------------------------
2025-07-22 11:29:57 | INFO     | Epoch  35 | Train: Loss=0.0469, Acc=0.9752 | Val: Loss=0.1583, Acc=0.9469, F1=0.9476 | LR=0.000025 
2025-07-22 11:30:50 | INFO     | Epoch 36:
2025-07-22 11:30:50 | INFO     |   训练指标:
2025-07-22 11:30:50 | INFO     |     损失(ce): 0.042906
2025-07-22 11:30:50 | INFO     |     准确率: 0.973974
2025-07-22 11:30:50 | INFO     |     学习率: 0.00002500
2025-07-22 11:30:50 | INFO     |   验证指标(标准CE):
2025-07-22 11:30:50 | INFO     |     损失: 0.145633
2025-07-22 11:30:50 | INFO     |     准确率: 0.952953
2025-07-22 11:30:50 | INFO     |     F1(macro): 0.955011
2025-07-22 11:30:50 | INFO     |     F1(weighted): 0.953249
2025-07-22 11:30:50 | INFO     |     精确率: 0.959970
2025-07-22 11:30:50 | INFO     |     召回率: 0.955592
2025-07-22 11:30:50 | INFO     |   学习率调度器: f1_based
2025-07-22 11:30:50 | INFO     | ------------------------------------------------------------
2025-07-22 11:30:50 | INFO     | Epoch  36 | Train: Loss=0.0429, Acc=0.9740 | Val: Loss=0.1456, Acc=0.9530, F1=0.9532 | LR=0.000025 
2025-07-22 11:31:43 | INFO     | Epoch 37:
2025-07-22 11:31:43 | INFO     |   训练指标:
2025-07-22 11:31:43 | INFO     |     损失(ce): 0.041461
2025-07-22 11:31:43 | INFO     |     准确率: 0.977227
2025-07-22 11:31:43 | INFO     |     学习率: 0.00002500
2025-07-22 11:31:43 | INFO     |   验证指标(标准CE):
2025-07-22 11:31:43 | INFO     |     损失: 0.157021
2025-07-22 11:31:43 | INFO     |     准确率: 0.947948
2025-07-22 11:31:43 | INFO     |     F1(macro): 0.950705
2025-07-22 11:31:43 | INFO     |     F1(weighted): 0.948828
2025-07-22 11:31:43 | INFO     |     精确率: 0.952855
2025-07-22 11:31:43 | INFO     |     召回率: 0.950217
2025-07-22 11:31:43 | INFO     |   学习率调度器: f1_based
2025-07-22 11:31:43 | INFO     | ------------------------------------------------------------
2025-07-22 11:31:43 | INFO     | Epoch  37 | Train: Loss=0.0415, Acc=0.9772 | Val: Loss=0.1570, Acc=0.9479, F1=0.9488 | LR=0.000025 
2025-07-22 11:32:37 | INFO     | Epoch 38:
2025-07-22 11:32:37 | INFO     |   训练指标:
2025-07-22 11:32:37 | INFO     |     损失(ce): 0.039592
2025-07-22 11:32:37 | INFO     |     准确率: 0.976977
2025-07-22 11:32:37 | INFO     |     学习率: 0.00002500
2025-07-22 11:32:37 | INFO     |   验证指标(标准CE):
2025-07-22 11:32:37 | INFO     |     损失: 0.165319
2025-07-22 11:32:37 | INFO     |     准确率: 0.949950
2025-07-22 11:32:37 | INFO     |     F1(macro): 0.952674
2025-07-22 11:32:37 | INFO     |     F1(weighted): 0.950880
2025-07-22 11:32:37 | INFO     |     精确率: 0.960290
2025-07-22 11:32:37 | INFO     |     召回率: 0.952760
2025-07-22 11:32:37 | INFO     |   学习率调度器: f1_based
2025-07-22 11:32:37 | INFO     | ------------------------------------------------------------
2025-07-22 11:32:37 | INFO     | Epoch  38 | Train: Loss=0.0396, Acc=0.9770 | Val: Loss=0.1653, Acc=0.9499, F1=0.9509 | LR=0.000025 
2025-07-22 11:33:30 | INFO     | Epoch 39:
2025-07-22 11:33:30 | INFO     |   训练指标:
2025-07-22 11:33:30 | INFO     |     损失(ce): 0.046171
2025-07-22 11:33:30 | INFO     |     准确率: 0.973974
2025-07-22 11:33:30 | INFO     |     学习率: 0.00002500
2025-07-22 11:33:30 | INFO     |   验证指标(标准CE):
2025-07-22 11:33:30 | INFO     |     损失: 0.145351
2025-07-22 11:33:30 | INFO     |     准确率: 0.951952
2025-07-22 11:33:30 | INFO     |     F1(macro): 0.953800
2025-07-22 11:33:30 | INFO     |     F1(weighted): 0.951876
2025-07-22 11:33:30 | INFO     |     精确率: 0.959002
2025-07-22 11:33:30 | INFO     |     召回率: 0.954757
2025-07-22 11:33:30 | INFO     |   学习率调度器: f1_based
2025-07-22 11:33:30 | INFO     | ------------------------------------------------------------
2025-07-22 11:33:30 | INFO     | Epoch  39 | Train: Loss=0.0462, Acc=0.9740 | Val: Loss=0.1454, Acc=0.9520, F1=0.9519 | LR=0.000025 
2025-07-22 11:34:24 | INFO     | Epoch 40:
2025-07-22 11:34:24 | INFO     |   训练指标:
2025-07-22 11:34:24 | INFO     |     损失(ce): 0.043569
2025-07-22 11:34:24 | INFO     |     准确率: 0.974725
2025-07-22 11:34:24 | INFO     |     学习率: 0.00002500
2025-07-22 11:34:24 | INFO     |   验证指标(标准CE):
2025-07-22 11:34:24 | INFO     |     损失: 0.153493
2025-07-22 11:34:24 | INFO     |     准确率: 0.947948
2025-07-22 11:34:24 | INFO     |     F1(macro): 0.949562
2025-07-22 11:34:24 | INFO     |     F1(weighted): 0.948011
2025-07-22 11:34:24 | INFO     |     精确率: 0.949961
2025-07-22 11:34:24 | INFO     |     召回率: 0.949359
2025-07-22 11:34:24 | INFO     |   学习率调度器: f1_based
2025-07-22 11:34:24 | INFO     | ------------------------------------------------------------
2025-07-22 11:34:24 | INFO     | Epoch  40 | Train: Loss=0.0436, Acc=0.9747 | Val: Loss=0.1535, Acc=0.9479, F1=0.9480 | LR=0.000025 
2025-07-22 11:35:17 | INFO     | Epoch 41:
2025-07-22 11:35:17 | INFO     |   训练指标:
2025-07-22 11:35:17 | INFO     |     损失(ce): 0.044453
2025-07-22 11:35:17 | INFO     |     准确率: 0.972723
2025-07-22 11:35:17 | INFO     |     学习率: 0.00002500
2025-07-22 11:35:17 | INFO     |   验证指标(标准CE):
2025-07-22 11:35:17 | INFO     |     损失: 0.156240
2025-07-22 11:35:17 | INFO     |     准确率: 0.946947
2025-07-22 11:35:17 | INFO     |     F1(macro): 0.948830
2025-07-22 11:35:17 | INFO     |     F1(weighted): 0.946768
2025-07-22 11:35:17 | INFO     |     精确率: 0.954162
2025-07-22 11:35:17 | INFO     |     召回率: 0.950043
2025-07-22 11:35:17 | INFO     |   学习率调度器: f1_based
2025-07-22 11:35:17 | INFO     | ------------------------------------------------------------
2025-07-22 11:35:17 | INFO     | 🎯 学习率调整事件:
2025-07-22 11:35:17 | INFO     |   调度器类型: f1_based
2025-07-22 11:35:17 | INFO     |   学习率变化: 0.00002500 → 0.00001250
2025-07-22 11:35:17 | INFO     |   触发条件: F1分数 = 0.946768
2025-07-22 11:35:17 | INFO     |   变化幅度: -50.00%
2025-07-22 11:35:17 | INFO     | ------------------------------------------------------------
2025-07-22 11:35:17 | INFO     | Epoch  41 | Train: Loss=0.0445, Acc=0.9727 | Val: Loss=0.1562, Acc=0.9469, F1=0.9468 | LR=0.000013 
2025-07-22 11:35:17 | INFO     | ⏹️ 早停触发，在第 41 轮停止训练
2025-07-22 11:35:21 | INFO     | 训练历史已保存到: ./result/0722_1058_DualGAF_DualGAFNet_dilated_enhanced_sl96_step96_fd128_extractor-dilated_gaf-adaptive_attention-channel_classifier-mlp_stat-basic_fusion-concat/training_history.csv
2025-07-22 11:35:21 | INFO     | 
====================================================================================================
2025-07-22 11:35:21 | INFO     | 🎉 训练完成总结:
2025-07-22 11:35:21 | INFO     |   训练损失函数: ce
2025-07-22 11:35:21 | INFO     |   验证损失函数: 标准交叉熵（遵循主流ML规范）
2025-07-22 11:35:21 | INFO     |   训练过程最佳验证准确率: 0.9540
2025-07-22 11:35:21 | INFO     |   训练过程最佳验证F1(macro): 0.9551
2025-07-22 11:35:21 | INFO     |   训练过程最佳验证F1(weighted): 0.9540
2025-07-22 11:35:21 | INFO     |   训练轮数: 41
2025-07-22 11:35:21 | INFO     | --------------------------------------------------
2025-07-22 11:35:21 | INFO     | 📊 最佳模型真实性能指标（基于标准交叉熵损失）:
2025-07-22 11:35:21 | INFO     |   验证损失(标准CE): 0.1768
2025-07-22 11:35:21 | INFO     |   验证准确率: 0.9540
2025-07-22 11:35:21 | INFO     |   验证F1(macro): 0.9551
2025-07-22 11:35:21 | INFO     |   验证F1(weighted): 0.9540
2025-07-22 11:35:21 | INFO     |   验证精确率: 0.9582
2025-07-22 11:35:21 | INFO     |   验证召回率: 0.9543
2025-07-22 11:35:21 | INFO     | ====================================================================================================
2025-07-22 11:35:23 | INFO     | ================================================================================
2025-07-22 11:35:23 | INFO     | 实验日志结束: DualGAF_DualGAFNet_dilated_enhanced_sl96_step96_fd128_extractor-dilated_gaf-adaptive_attention-channel_classifier-mlp_stat-basic_fusion-concat
2025-07-22 11:35:23 | INFO     | 结束时间: 2025-07-22 11:35:23
2025-07-22 11:35:23 | INFO     | ================================================================================
