2025-07-24 12:42:36 | INFO     | ================================================================================
2025-07-24 12:42:36 | INFO     | 实验日志开始: DualGAF_DDAHU_DualGAFNet_静态融合缩放+adaptive+自注意力_sl96_step96_fd128_extractor-dilated_gaf-adaptive_attention-self_classifier-residual_bottleneck_stat-basic_fusion-adaptive
2025-07-24 12:42:36 | INFO     | 日志文件: ./result/0724_1242_DualGAF_DDAHU_DualGAFNet_静态融合缩放+adaptive+自注意力_sl96_step96_fd128_extractor-dilated_gaf-adaptive_attention-self_classifier-residual_bottleneck_stat-basic_fusion-adaptive/training.log
2025-07-24 12:42:36 | INFO     | 开始时间: 2025-07-24 12:42:36
2025-07-24 12:42:36 | INFO     | ================================================================================
2025-07-24 12:42:36 | INFO     | ⚙️ 实验配置:
2025-07-24 12:42:36 | INFO     |    task_name: classification
2025-07-24 12:42:36 | INFO     |    is_training: 1
2025-07-24 12:42:36 | INFO     |    model_id: test
2025-07-24 12:42:36 | INFO     |    model: DualGAFNet
2025-07-24 12:42:36 | INFO     |    data: DualGAF_DDAHU
2025-07-24 12:42:36 | INFO     |    root_path: ./dataset/DDAHU/direct_5_working
2025-07-24 12:42:36 | INFO     |    step: 96
2025-07-24 12:42:36 | INFO     |    checkpoints: ./checkpoints/
2025-07-24 12:42:36 | INFO     |    num_class: 29
2025-07-24 12:42:36 | INFO     |    result_path: ./result/
2025-07-24 12:42:36 | INFO     |    test_size: 0.2
2025-07-24 12:42:36 | INFO     |    rows: None
2025-07-24 12:42:36 | INFO     |    seq_len: 96
2025-07-24 12:42:36 | INFO     |    enc_in: 97
2025-07-24 12:42:36 | INFO     |    d_model: 512
2025-07-24 12:42:36 | INFO     |    n_heads: 8
2025-07-24 12:42:36 | INFO     |    e_layers: 2
2025-07-24 12:42:36 | INFO     |    d_layers: 1
2025-07-24 12:42:36 | INFO     |    d_ff: 2048
2025-07-24 12:42:36 | INFO     |    moving_avg: 25
2025-07-24 12:42:36 | INFO     |    factor: 1
2025-07-24 12:42:36 | INFO     |    distil: True
2025-07-24 12:42:36 | INFO     |    dropout: 0.1
2025-07-24 12:42:36 | INFO     |    embed: timeF
2025-07-24 12:42:36 | INFO     |    activation: gelu
2025-07-24 12:42:36 | INFO     |    use_norm: 1
2025-07-24 12:42:36 | INFO     |    gaf_method: summation
2025-07-24 12:42:36 | INFO     |    feature_dim: 128
2025-07-24 12:42:36 | INFO     |    data_type_method: uint8
2025-07-24 12:42:36 | INFO     |    use_attention: True
2025-07-24 12:42:36 | INFO     |    hidden_dim: 64
2025-07-24 12:42:36 | INFO     |    sample_size: 1000
2025-07-24 12:42:36 | INFO     |    channel_groups: None
2025-07-24 12:42:36 | INFO     |    hvac_groups: None
2025-07-24 12:42:36 | INFO     |    extractor_type: dilated
2025-07-24 12:42:36 | INFO     |    fusion_type: adaptive
2025-07-24 12:42:36 | INFO     |    attention_type: self
2025-07-24 12:42:36 | INFO     |    classifier_type: residual_bottleneck
2025-07-24 12:42:36 | INFO     |    use_statistical_features: True
2025-07-24 12:42:36 | INFO     |    stat_type: basic
2025-07-24 12:42:36 | INFO     |    multimodal_fusion_strategy: adaptive
2025-07-24 12:42:36 | INFO     |    use_signal_level_stats: False
2025-07-24 12:42:36 | INFO     |    signal_stat_type: comprehensive
2025-07-24 12:42:36 | INFO     |    signal_stat_fusion_strategy: concat_project
2025-07-24 12:42:36 | INFO     |    signal_stat_feature_dim: 32
2025-07-24 12:42:36 | INFO     |    use_diff_branch: True
2025-07-24 12:42:36 | INFO     |    ablation_mode: none
2025-07-24 12:42:36 | INFO     |    backbone_type: resnet18
2025-07-24 12:42:36 | INFO     |    use_sum_branch: True
2025-07-24 12:42:36 | INFO     |    num_workers: 0
2025-07-24 12:42:36 | INFO     |    cuda_debug: False
2025-07-24 12:42:36 | INFO     |    gpu_memory_fraction: 0.9
2025-07-24 12:42:36 | INFO     |    safe_mode: True
2025-07-24 12:42:36 | INFO     |    drop_last_batch: True
2025-07-24 12:42:36 | INFO     |    itr: 1
2025-07-24 12:42:36 | INFO     |    train_epochs: 300
2025-07-24 12:42:36 | INFO     |    batch_size: 4
2025-07-24 12:42:36 | INFO     |    patience: 15
2025-07-24 12:42:36 | INFO     |    learning_rate: 0.0001
2025-07-24 12:42:36 | INFO     |    des: 静态融合缩放+adaptive+自注意力
2025-07-24 12:42:36 | INFO     |    loss: MSE
2025-07-24 12:42:36 | INFO     |    lradj: type1
2025-07-24 12:42:36 | INFO     |    lr_scheduler_type: f1_based
2025-07-24 12:42:36 | INFO     |    lr_loss_weight: 0.3
2025-07-24 12:42:36 | INFO     |    lr_f1_weight: 0.7
2025-07-24 12:42:36 | INFO     |    use_amp: False
2025-07-24 12:42:36 | INFO     |    gradient_accumulation_steps: 2
2025-07-24 12:42:36 | INFO     |    enable_auto_gradient_accumulation: True
2025-07-24 12:42:36 | INFO     |    loss_type: ce
2025-07-24 12:42:36 | INFO     |    label_smoothing: 0.1
2025-07-24 12:42:36 | INFO     |    focal_alpha: 1.0
2025-07-24 12:42:36 | INFO     |    focal_gamma: 2.0
2025-07-24 12:42:36 | INFO     |    confidence_penalty_beta: 0.1
2025-07-24 12:42:36 | INFO     |    use_timm_loss: True
2025-07-24 12:42:36 | INFO     |    adaptive_initial_smoothing: 0.2
2025-07-24 12:42:36 | INFO     |    adaptive_final_smoothing: 0.05
2025-07-24 12:42:36 | INFO     |    adaptive_decay_epochs: 30
2025-07-24 12:42:36 | INFO     |    enable_class_weights: False
2025-07-24 12:42:36 | INFO     |    class_weights: None
2025-07-24 12:42:36 | INFO     |    loss_preset: None
2025-07-24 12:42:36 | INFO     |    n_jobs: 1
2025-07-24 12:42:36 | INFO     |    use_multiprocessing: False
2025-07-24 12:42:36 | INFO     |    chunk_size: 800
2025-07-24 12:42:36 | INFO     |    disable_parallel: True
2025-07-24 12:42:36 | INFO     |    use_shared_memory: False
2025-07-24 12:42:36 | INFO     |    disable_shared_memory: False
2025-07-24 12:42:36 | INFO     |    use_gpu: True
2025-07-24 12:42:36 | INFO     |    gpu: 0
2025-07-24 12:42:36 | INFO     |    gpu_type: cuda
2025-07-24 12:42:36 | INFO     |    use_multi_gpu: False
2025-07-24 12:42:36 | INFO     |    devices: 0,1,2,3
2025-07-24 12:42:36 | INFO     |    device: cuda:0
2025-07-24 12:42:36 | INFO     |    feature_columns: ['CHWP_GPMC', 'CHWC_VLV_DM', 'CHWC_VLV', 'CHWC_MWT', 'CHWC_LWT', 'VAVCFM_H_DM_SB', 'CHWC_EAH', 'VAV_DAT_SA', 'CHWC_DAT', 'VAV_SP_C_SA', 'HWP_GPMT', 'VAVCFM_C_DM_SB', 'RM_TEMP_W', 'HWP_GPMC', 'VAVCFM_T_SB', 'VAV_DMPR_H_SB', 'HWC_VLV_DM', 'VAVCFM_H_SB', 'HWC_VLV', 'VAV_DMPR_H_E', 'HWC_LWT', 'HWC_MWT', 'VAV_DMPR_C_SB', 'HWC_DAT', 'RM_TEMP_SB', 'CSF_WAT', 'CSF_SPD', 'CSF_DP', 'CSA_TEMP', 'CSA_CFM', 'VAV_EAT_C_SB', 'CSA_HUMD', 'CSA_SP', 'VAVCFM_C_SB', 'VAVCFM_H_W', 'HSF_SPD', 'VAV_EAT_H_SB', 'VAV_DAT_SB', 'RM_TEMP_SA', 'HSF_DP', 'HSA_TEMP', 'VAVCFM_C_DM_W', 'VAVCFM_C_W', 'VAV_DAT_W', 'HSA_SP', 'HSA_CFM', 'VAV_DMPR_H_W', 'HSF_WAT', 'VAVCFM_T_W', 'EA_DMPR_DM', 'RF_WAT', 'VAV_SP_C_W', 'VAV_SP_H_E', 'EA_DMPR', 'VAV_SP_H_SB', 'RF_SPD', 'RA_TEMP', 'RA_HUMD', 'VAV_SP_H_SA', 'VAV_EAT_H_W', 'RF_DP', 'VAV_DMPR_C_SA', 'VAV_SP_C_SB', 'RA_DMPR_DM', 'VAV_DMPR_H_SA', 'VAV_SP_H_W', 'VAVCFM_H_DM_SA', 'RA_DMPR', 'VAV_EAT_C_W', 'VAVCFM_C_DM_SA', 'RA_CFM', 'MA_TEMP', 'VAVCFM_C_SA', 'OA_TEMP', 'VAVCFM_H_SA', 'VAVCFM_H_DM_W', 'OA_HUMD', 'VAVCFM_T_SA', 'OA_DMPR_DM', 'VAV_EAT_C_SA', 'VAV_DMPR_C_W', 'OA_DMPR', 'VAV_EAT_H_SA', 'HSA_HUMD', 'RM_TEMP_E', 'VAV_EAT_H_E', 'VAV_DAT_E', 'VAV_EAT_C_E', 'VAVCFM_T_E', 'VAVCFM_H_E', 'VAV_SP_C_E', 'VAVCFM_C_DM_E', 'OA_CFM', 'VAV_DMPR_C_E', 'VAVCFM_C_E', 'VAVCFM_H_DM_E', 'CHWP_GPMT']
2025-07-24 12:42:36 | INFO     | 🏗️ 模型信息:
2025-07-24 12:42:36 | INFO     |    模型类型: Model
2025-07-24 12:42:36 | INFO     |    总参数数量: 102,467,581
2025-07-24 12:42:36 | INFO     |    可训练参数: 102,467,581
2025-07-24 12:42:36 | INFO     |    模型大小估计: 390.88 MB
2025-07-24 12:42:36 | INFO     | 📊 数据集信息:
2025-07-24 12:42:36 | INFO     |    训练集大小: 5967
2025-07-24 12:42:36 | INFO     |    验证集大小: 1492
2025-07-24 12:42:36 | INFO     | 
================================================================================
2025-07-24 12:42:36 | INFO     | 📋 损失函数使用策略（遵循主流机器学习规范）:
2025-07-24 12:42:36 | INFO     |    🎯 训练阶段: 使用 ce 损失函数
2025-07-24 12:42:36 | INFO     |       → 目的：优化模型参数，解决特定问题（类别不平衡、相似性等）
2025-07-24 12:42:36 | INFO     |    📊 验证阶段: 使用标准交叉熵损失函数
2025-07-24 12:42:36 | INFO     |       → 目的：客观评估模型性能，便于不同方法比较
2025-07-24 12:42:36 | INFO     |    📈 最终报告: 基于标准交叉熵损失的指标
2025-07-24 12:42:36 | INFO     |       → 目的：提供可信、可比较的性能指标
2025-07-24 12:42:36 | INFO     | ================================================================================

2025-07-24 12:42:36 | INFO     | 🔄 梯度累积配置: 每2轮累积一次梯度
2025-07-24 12:42:36 | INFO     |    实际batch_size: 4
2025-07-24 12:42:36 | INFO     |    有效batch_size: 8
2025-07-24 12:47:36 | INFO     | Epoch 1:
2025-07-24 12:47:36 | INFO     |   训练指标:
2025-07-24 12:47:36 | INFO     |     损失(ce): 10.615426
2025-07-24 12:47:36 | INFO     |     准确率: 0.051643
2025-07-24 12:47:36 | INFO     |     学习率: 0.00010000
2025-07-24 12:47:36 | INFO     |   验证指标(标准CE):
2025-07-24 12:47:36 | INFO     |     损失: 9.452247
2025-07-24 12:47:36 | INFO     |     准确率: 0.079759
2025-07-24 12:47:36 | INFO     |     F1(macro): 0.069195
2025-07-24 12:47:36 | INFO     |     F1(weighted): 0.070792
2025-07-24 12:47:36 | INFO     |     精确率: 0.116647
2025-07-24 12:47:36 | INFO     |     召回率: 0.077549
2025-07-24 12:47:36 | INFO     |   学习率调度器: f1_based
2025-07-24 12:47:36 | INFO     | ------------------------------------------------------------
2025-07-24 12:47:36 | INFO     | Epoch   1 | Train: Loss=10.6154, Acc=0.0516 | Val: Loss=9.4522, Acc=0.0798, F1=0.0708 | LR=0.000100 🏆 [最佳模型]
2025-07-24 12:52:06 | INFO     | Epoch 2:
2025-07-24 12:52:06 | INFO     |   训练指标:
2025-07-24 12:52:06 | INFO     |     损失(ce): 9.041631
2025-07-24 12:52:06 | INFO     |     准确率: 0.062877
2025-07-24 12:52:06 | INFO     |     学习率: 0.00010000
2025-07-24 12:52:06 | INFO     |   验证指标(标准CE):
2025-07-24 12:52:06 | INFO     |     损失: 6.403975
2025-07-24 12:52:06 | INFO     |     准确率: 0.069705
2025-07-24 12:52:06 | INFO     |     F1(macro): 0.060169
2025-07-24 12:52:06 | INFO     |     F1(weighted): 0.061430
2025-07-24 12:52:06 | INFO     |     精确率: 0.093445
2025-07-24 12:52:06 | INFO     |     召回率: 0.071227
2025-07-24 12:52:06 | INFO     |   学习率调度器: f1_based
2025-07-24 12:52:06 | INFO     | ------------------------------------------------------------
2025-07-24 12:52:06 | INFO     | Epoch   2 | Train: Loss=9.0416, Acc=0.0629 | Val: Loss=6.4040, Acc=0.0697, F1=0.0614 | LR=0.000100 
2025-07-24 12:56:30 | INFO     | Epoch 3:
2025-07-24 12:56:30 | INFO     |   训练指标:
2025-07-24 12:56:30 | INFO     |     损失(ce): 7.040562
2025-07-24 12:56:30 | INFO     |     准确率: 0.060530
2025-07-24 12:56:30 | INFO     |     学习率: 0.00010000
2025-07-24 12:56:30 | INFO     |   验证指标(标准CE):
2025-07-24 12:56:30 | INFO     |     损失: 4.176994
2025-07-24 12:56:30 | INFO     |     准确率: 0.088472
2025-07-24 12:56:30 | INFO     |     F1(macro): 0.068859
2025-07-24 12:56:30 | INFO     |     F1(weighted): 0.068749
2025-07-24 12:56:30 | INFO     |     精确率: 0.100935
2025-07-24 12:56:30 | INFO     |     召回率: 0.090475
2025-07-24 12:56:30 | INFO     |   学习率调度器: f1_based
2025-07-24 12:56:30 | INFO     | ------------------------------------------------------------
2025-07-24 12:56:30 | INFO     | Epoch   3 | Train: Loss=7.0406, Acc=0.0605 | Val: Loss=4.1770, Acc=0.0885, F1=0.0687 | LR=0.000100 
2025-07-24 13:00:54 | INFO     | Epoch 4:
2025-07-24 13:00:54 | INFO     |   训练指标:
2025-07-24 13:00:54 | INFO     |     损失(ce): 4.112128
2025-07-24 13:00:54 | INFO     |     准确率: 0.064722
2025-07-24 13:00:54 | INFO     |     学习率: 0.00010000
2025-07-24 13:00:54 | INFO     |   验证指标(标准CE):
2025-07-24 13:00:54 | INFO     |     损失: 44.987007
2025-07-24 13:00:54 | INFO     |     准确率: 0.109920
2025-07-24 13:00:54 | INFO     |     F1(macro): 0.073837
2025-07-24 13:00:54 | INFO     |     F1(weighted): 0.075037
2025-07-24 13:00:54 | INFO     |     精确率: 0.108239
2025-07-24 13:00:54 | INFO     |     召回率: 0.107630
2025-07-24 13:00:54 | INFO     |   学习率调度器: f1_based
2025-07-24 13:00:54 | INFO     | ------------------------------------------------------------
2025-07-24 13:00:54 | INFO     | Epoch   4 | Train: Loss=4.1121, Acc=0.0647 | Val: Loss=44.9870, Acc=0.1099, F1=0.0750 | LR=0.000100 🏆 [最佳模型]
2025-07-24 13:05:21 | INFO     | Epoch 5:
2025-07-24 13:05:21 | INFO     |   训练指标:
2025-07-24 13:05:21 | INFO     |     损失(ce): 3.361283
2025-07-24 13:05:21 | INFO     |     准确率: 0.126425
2025-07-24 13:05:21 | INFO     |     学习率: 0.00010000
2025-07-24 13:05:21 | INFO     |   验证指标(标准CE):
2025-07-24 13:05:21 | INFO     |     损失: 4.550880
2025-07-24 13:05:21 | INFO     |     准确率: 0.237265
2025-07-24 13:05:21 | INFO     |     F1(macro): 0.207013
2025-07-24 13:05:21 | INFO     |     F1(weighted): 0.207056
2025-07-24 13:05:21 | INFO     |     精确率: 0.254756
2025-07-24 13:05:21 | INFO     |     召回率: 0.238348
2025-07-24 13:05:21 | INFO     |   学习率调度器: f1_based
2025-07-24 13:05:21 | INFO     | ------------------------------------------------------------
2025-07-24 13:05:21 | INFO     | Epoch   5 | Train: Loss=3.3613, Acc=0.1264 | Val: Loss=4.5509, Acc=0.2373, F1=0.2071 | LR=0.000100 🏆 [最佳模型]
2025-07-24 13:09:46 | INFO     | Epoch 6:
2025-07-24 13:09:46 | INFO     |   训练指标:
2025-07-24 13:09:46 | INFO     |     损失(ce): 3.114520
2025-07-24 13:09:46 | INFO     |     准确率: 0.171026
2025-07-24 13:09:46 | INFO     |     学习率: 0.00010000
2025-07-24 13:09:46 | INFO     |   验证指标(标准CE):
2025-07-24 13:09:46 | INFO     |     损失: 3.711581
2025-07-24 13:09:46 | INFO     |     准确率: 0.197051
2025-07-24 13:09:46 | INFO     |     F1(macro): 0.191496
2025-07-24 13:09:46 | INFO     |     F1(weighted): 0.187976
2025-07-24 13:09:46 | INFO     |     精确率: 0.271471
2025-07-24 13:09:46 | INFO     |     召回率: 0.207837
2025-07-24 13:09:46 | INFO     |   学习率调度器: f1_based
2025-07-24 13:09:46 | INFO     | ------------------------------------------------------------
2025-07-24 13:09:46 | INFO     | Epoch   6 | Train: Loss=3.1145, Acc=0.1710 | Val: Loss=3.7116, Acc=0.1971, F1=0.1880 | LR=0.000100 
2025-07-24 13:14:10 | INFO     | Epoch 7:
2025-07-24 13:14:10 | INFO     |   训练指标:
2025-07-24 13:14:10 | INFO     |     损失(ce): 2.940733
2025-07-24 13:14:10 | INFO     |     准确率: 0.209591
2025-07-24 13:14:10 | INFO     |     学习率: 0.00010000
2025-07-24 13:14:10 | INFO     |   验证指标(标准CE):
2025-07-24 13:14:10 | INFO     |     损失: 3.665924
2025-07-24 13:14:10 | INFO     |     准确率: 0.268097
2025-07-24 13:14:10 | INFO     |     F1(macro): 0.244612
2025-07-24 13:14:10 | INFO     |     F1(weighted): 0.243379
2025-07-24 13:14:10 | INFO     |     精确率: 0.334665
2025-07-24 13:14:10 | INFO     |     召回率: 0.271394
2025-07-24 13:14:10 | INFO     |   学习率调度器: f1_based
2025-07-24 13:14:10 | INFO     | ------------------------------------------------------------
2025-07-24 13:14:10 | INFO     | Epoch   7 | Train: Loss=2.9407, Acc=0.2096 | Val: Loss=3.6659, Acc=0.2681, F1=0.2434 | LR=0.000100 🏆 [最佳模型]
2025-07-24 13:18:35 | INFO     | Epoch 8:
2025-07-24 13:18:35 | INFO     |   训练指标:
2025-07-24 13:18:35 | INFO     |     损失(ce): 2.669759
2025-07-24 13:18:35 | INFO     |     准确率: 0.257210
2025-07-24 13:18:35 | INFO     |     学习率: 0.00010000
2025-07-24 13:18:35 | INFO     |   验证指标(标准CE):
2025-07-24 13:18:35 | INFO     |     损失: 2.728721
2025-07-24 13:18:35 | INFO     |     准确率: 0.364611
2025-07-24 13:18:35 | INFO     |     F1(macro): 0.343616
2025-07-24 13:18:35 | INFO     |     F1(weighted): 0.338449
2025-07-24 13:18:35 | INFO     |     精确率: 0.381669
2025-07-24 13:18:35 | INFO     |     召回率: 0.369758
2025-07-24 13:18:35 | INFO     |   学习率调度器: f1_based
2025-07-24 13:18:35 | INFO     | ------------------------------------------------------------
2025-07-24 13:18:35 | INFO     | Epoch   8 | Train: Loss=2.6698, Acc=0.2572 | Val: Loss=2.7287, Acc=0.3646, F1=0.3384 | LR=0.000100 🏆 [最佳模型]
2025-07-24 13:23:00 | INFO     | Epoch 9:
2025-07-24 13:23:00 | INFO     |   训练指标:
2025-07-24 13:23:00 | INFO     |     损失(ce): 2.471356
2025-07-24 13:23:00 | INFO     |     准确率: 0.308853
2025-07-24 13:23:00 | INFO     |     学习率: 0.00010000
2025-07-24 13:23:00 | INFO     |   验证指标(标准CE):
2025-07-24 13:23:00 | INFO     |     损失: 4.469937
2025-07-24 13:23:00 | INFO     |     准确率: 0.443029
2025-07-24 13:23:00 | INFO     |     F1(macro): 0.419818
2025-07-24 13:23:00 | INFO     |     F1(weighted): 0.413455
2025-07-24 13:23:00 | INFO     |     精确率: 0.441792
2025-07-24 13:23:00 | INFO     |     召回率: 0.453512
2025-07-24 13:23:00 | INFO     |   学习率调度器: f1_based
2025-07-24 13:23:00 | INFO     | ------------------------------------------------------------
2025-07-24 13:23:00 | INFO     | Epoch   9 | Train: Loss=2.4714, Acc=0.3089 | Val: Loss=4.4699, Acc=0.4430, F1=0.4135 | LR=0.000100 🏆 [最佳模型]
2025-07-24 13:27:25 | INFO     | Epoch 10:
2025-07-24 13:27:25 | INFO     |   训练指标:
2025-07-24 13:27:25 | INFO     |     损失(ce): 2.214756
2025-07-24 13:27:25 | INFO     |     准确率: 0.384641
2025-07-24 13:27:25 | INFO     |     学习率: 0.00010000
2025-07-24 13:27:25 | INFO     |   验证指标(标准CE):
2025-07-24 13:27:25 | INFO     |     损失: 1.724733
2025-07-24 13:27:25 | INFO     |     准确率: 0.478552
2025-07-24 13:27:25 | INFO     |     F1(macro): 0.466069
2025-07-24 13:27:25 | INFO     |     F1(weighted): 0.459918
2025-07-24 13:27:25 | INFO     |     精确率: 0.526398
2025-07-24 13:27:25 | INFO     |     召回率: 0.485772
2025-07-24 13:27:25 | INFO     |   学习率调度器: f1_based
2025-07-24 13:27:25 | INFO     | ------------------------------------------------------------
2025-07-24 13:27:25 | INFO     | Epoch  10 | Train: Loss=2.2148, Acc=0.3846 | Val: Loss=1.7247, Acc=0.4786, F1=0.4599 | LR=0.000100 🏆 [最佳模型]
2025-07-24 13:31:51 | INFO     | Epoch 11:
2025-07-24 13:31:51 | INFO     |   训练指标:
2025-07-24 13:31:51 | INFO     |     损失(ce): 1.975785
2025-07-24 13:31:51 | INFO     |     准确率: 0.450537
2025-07-24 13:31:51 | INFO     |     学习率: 0.00010000
2025-07-24 13:31:51 | INFO     |   验证指标(标准CE):
2025-07-24 13:31:51 | INFO     |     损失: 1.339365
2025-07-24 13:31:51 | INFO     |     准确率: 0.617292
2025-07-24 13:31:51 | INFO     |     F1(macro): 0.606890
2025-07-24 13:31:51 | INFO     |     F1(weighted): 0.602253
2025-07-24 13:31:51 | INFO     |     精确率: 0.659931
2025-07-24 13:31:51 | INFO     |     召回率: 0.622851
2025-07-24 13:31:51 | INFO     |   学习率调度器: f1_based
2025-07-24 13:31:51 | INFO     | ------------------------------------------------------------
2025-07-24 13:31:51 | INFO     | Epoch  11 | Train: Loss=1.9758, Acc=0.4505 | Val: Loss=1.3394, Acc=0.6173, F1=0.6023 | LR=0.000100 🏆 [最佳模型]
2025-07-24 13:36:16 | INFO     | Epoch 12:
2025-07-24 13:36:16 | INFO     |   训练指标:
2025-07-24 13:36:16 | INFO     |     损失(ce): 1.753091
2025-07-24 13:36:16 | INFO     |     准确率: 0.506204
2025-07-24 13:36:16 | INFO     |     学习率: 0.00010000
2025-07-24 13:36:16 | INFO     |   验证指标(标准CE):
2025-07-24 13:36:16 | INFO     |     损失: 1.540628
2025-07-24 13:36:16 | INFO     |     准确率: 0.610590
2025-07-24 13:36:16 | INFO     |     F1(macro): 0.597599
2025-07-24 13:36:16 | INFO     |     F1(weighted): 0.596413
2025-07-24 13:36:16 | INFO     |     精确率: 0.692803
2025-07-24 13:36:16 | INFO     |     召回率: 0.614818
2025-07-24 13:36:16 | INFO     |   学习率调度器: f1_based
2025-07-24 13:36:16 | INFO     | ------------------------------------------------------------
2025-07-24 13:36:16 | INFO     | Epoch  12 | Train: Loss=1.7531, Acc=0.5062 | Val: Loss=1.5406, Acc=0.6106, F1=0.5964 | LR=0.000100 
2025-07-24 13:40:40 | INFO     | Epoch 13:
2025-07-24 13:40:40 | INFO     |   训练指标:
2025-07-24 13:40:40 | INFO     |     损失(ce): 1.564329
2025-07-24 13:40:40 | INFO     |     准确率: 0.553991
2025-07-24 13:40:40 | INFO     |     学习率: 0.00010000
2025-07-24 13:40:40 | INFO     |   验证指标(标准CE):
2025-07-24 13:40:40 | INFO     |     损失: 2.529521
2025-07-24 13:40:40 | INFO     |     准确率: 0.602547
2025-07-24 13:40:40 | INFO     |     F1(macro): 0.606239
2025-07-24 13:40:40 | INFO     |     F1(weighted): 0.591034
2025-07-24 13:40:40 | INFO     |     精确率: 0.688743
2025-07-24 13:40:40 | INFO     |     召回率: 0.619584
2025-07-24 13:40:40 | INFO     |   学习率调度器: f1_based
2025-07-24 13:40:40 | INFO     | ------------------------------------------------------------
2025-07-24 13:40:40 | INFO     | Epoch  13 | Train: Loss=1.5643, Acc=0.5540 | Val: Loss=2.5295, Acc=0.6025, F1=0.5910 | LR=0.000100 
2025-07-24 13:45:04 | INFO     | Epoch 14:
2025-07-24 13:45:04 | INFO     |   训练指标:
2025-07-24 13:45:04 | INFO     |     损失(ce): 1.406711
2025-07-24 13:45:04 | INFO     |     准确率: 0.594903
2025-07-24 13:45:04 | INFO     |     学习率: 0.00010000
2025-07-24 13:45:04 | INFO     |   验证指标(标准CE):
2025-07-24 13:45:04 | INFO     |     损失: 1.293218
2025-07-24 13:45:04 | INFO     |     准确率: 0.703083
2025-07-24 13:45:04 | INFO     |     F1(macro): 0.690329
2025-07-24 13:45:04 | INFO     |     F1(weighted): 0.689693
2025-07-24 13:45:04 | INFO     |     精确率: 0.738874
2025-07-24 13:45:04 | INFO     |     召回率: 0.701775
2025-07-24 13:45:04 | INFO     |   学习率调度器: f1_based
2025-07-24 13:45:04 | INFO     | ------------------------------------------------------------
2025-07-24 13:45:04 | INFO     | Epoch  14 | Train: Loss=1.4067, Acc=0.5949 | Val: Loss=1.2932, Acc=0.7031, F1=0.6897 | LR=0.000100 🏆 [最佳模型]
2025-07-24 13:49:30 | INFO     | Epoch 15:
2025-07-24 13:49:30 | INFO     |   训练指标:
2025-07-24 13:49:30 | INFO     |     损失(ce): 1.269743
2025-07-24 13:49:30 | INFO     |     准确率: 0.630785
2025-07-24 13:49:30 | INFO     |     学习率: 0.00010000
2025-07-24 13:49:30 | INFO     |   验证指标(标准CE):
2025-07-24 13:49:30 | INFO     |     损失: 1.624970
2025-07-24 13:49:30 | INFO     |     准确率: 0.701743
2025-07-24 13:49:30 | INFO     |     F1(macro): 0.684312
2025-07-24 13:49:30 | INFO     |     F1(weighted): 0.679747
2025-07-24 13:49:30 | INFO     |     精确率: 0.725309
2025-07-24 13:49:30 | INFO     |     召回率: 0.708318
2025-07-24 13:49:30 | INFO     |   学习率调度器: f1_based
2025-07-24 13:49:30 | INFO     | ------------------------------------------------------------
2025-07-24 13:49:30 | INFO     | Epoch  15 | Train: Loss=1.2697, Acc=0.6308 | Val: Loss=1.6250, Acc=0.7017, F1=0.6797 | LR=0.000100 
2025-07-24 13:53:54 | INFO     | Epoch 16:
2025-07-24 13:53:54 | INFO     |   训练指标:
2025-07-24 13:53:54 | INFO     |     损失(ce): 1.159427
2025-07-24 13:53:54 | INFO     |     准确率: 0.674044
2025-07-24 13:53:54 | INFO     |     学习率: 0.00010000
2025-07-24 13:53:54 | INFO     |   验证指标(标准CE):
2025-07-24 13:53:54 | INFO     |     损失: 1.107014
2025-07-24 13:53:54 | INFO     |     准确率: 0.744638
2025-07-24 13:53:54 | INFO     |     F1(macro): 0.746816
2025-07-24 13:53:54 | INFO     |     F1(weighted): 0.744974
2025-07-24 13:53:54 | INFO     |     精确率: 0.812059
2025-07-24 13:53:54 | INFO     |     召回率: 0.747867
2025-07-24 13:53:54 | INFO     |   学习率调度器: f1_based
2025-07-24 13:53:54 | INFO     | ------------------------------------------------------------
2025-07-24 13:53:54 | INFO     | Epoch  16 | Train: Loss=1.1594, Acc=0.6740 | Val: Loss=1.1070, Acc=0.7446, F1=0.7450 | LR=0.000100 🏆 [最佳模型]
2025-07-24 13:58:19 | INFO     | Epoch 17:
2025-07-24 13:58:19 | INFO     |   训练指标:
2025-07-24 13:58:19 | INFO     |     损失(ce): 1.095800
2025-07-24 13:58:19 | INFO     |     准确率: 0.680584
2025-07-24 13:58:19 | INFO     |     学习率: 0.00010000
2025-07-24 13:58:19 | INFO     |   验证指标(标准CE):
2025-07-24 13:58:19 | INFO     |     损失: 0.894605
2025-07-24 13:58:19 | INFO     |     准确率: 0.808981
2025-07-24 13:58:19 | INFO     |     F1(macro): 0.805472
2025-07-24 13:58:19 | INFO     |     F1(weighted): 0.803298
2025-07-24 13:58:19 | INFO     |     精确率: 0.845718
2025-07-24 13:58:19 | INFO     |     召回率: 0.813854
2025-07-24 13:58:19 | INFO     |   学习率调度器: f1_based
2025-07-24 13:58:19 | INFO     | ------------------------------------------------------------
2025-07-24 13:58:19 | INFO     | Epoch  17 | Train: Loss=1.0958, Acc=0.6806 | Val: Loss=0.8946, Acc=0.8090, F1=0.8033 | LR=0.000100 🏆 [最佳模型]
2025-07-24 14:02:45 | INFO     | Epoch 18:
2025-07-24 14:02:45 | INFO     |   训练指标:
2025-07-24 14:02:45 | INFO     |     损失(ce): 1.044082
2025-07-24 14:02:45 | INFO     |     准确率: 0.705567
2025-07-24 14:02:45 | INFO     |     学习率: 0.00010000
2025-07-24 14:02:45 | INFO     |   验证指标(标准CE):
2025-07-24 14:02:45 | INFO     |     损失: 0.681431
2025-07-24 14:02:45 | INFO     |     准确率: 0.768767
2025-07-24 14:02:45 | INFO     |     F1(macro): 0.767348
2025-07-24 14:02:45 | INFO     |     F1(weighted): 0.758840
2025-07-24 14:02:45 | INFO     |     精确率: 0.807696
2025-07-24 14:02:45 | INFO     |     召回率: 0.775436
2025-07-24 14:02:45 | INFO     |   学习率调度器: f1_based
2025-07-24 14:02:45 | INFO     | ------------------------------------------------------------
2025-07-24 14:02:45 | INFO     | Epoch  18 | Train: Loss=1.0441, Acc=0.7056 | Val: Loss=0.6814, Acc=0.7688, F1=0.7588 | LR=0.000100 
2025-07-24 14:07:09 | INFO     | Epoch 19:
2025-07-24 14:07:09 | INFO     |   训练指标:
2025-07-24 14:07:09 | INFO     |     损失(ce): 0.960874
2025-07-24 14:07:09 | INFO     |     准确率: 0.729041
2025-07-24 14:07:09 | INFO     |     学习率: 0.00010000
2025-07-24 14:07:09 | INFO     |   验证指标(标准CE):
2025-07-24 14:07:09 | INFO     |     损失: 0.619835
2025-07-24 14:07:09 | INFO     |     准确率: 0.787534
2025-07-24 14:07:09 | INFO     |     F1(macro): 0.768514
2025-07-24 14:07:09 | INFO     |     F1(weighted): 0.768658
2025-07-24 14:07:09 | INFO     |     精确率: 0.789520
2025-07-24 14:07:09 | INFO     |     召回率: 0.789740
2025-07-24 14:07:09 | INFO     |   学习率调度器: f1_based
2025-07-24 14:07:09 | INFO     | ------------------------------------------------------------
2025-07-24 14:07:09 | INFO     | Epoch  19 | Train: Loss=0.9609, Acc=0.7290 | Val: Loss=0.6198, Acc=0.7875, F1=0.7687 | LR=0.000100 
2025-07-24 14:11:33 | INFO     | Epoch 20:
2025-07-24 14:11:33 | INFO     |   训练指标:
2025-07-24 14:11:33 | INFO     |     损失(ce): 0.880185
2025-07-24 14:11:33 | INFO     |     准确率: 0.752347
2025-07-24 14:11:33 | INFO     |     学习率: 0.00010000
2025-07-24 14:11:33 | INFO     |   验证指标(标准CE):
2025-07-24 14:11:33 | INFO     |     损失: 0.541652
2025-07-24 14:11:33 | INFO     |     准确率: 0.849866
2025-07-24 14:11:33 | INFO     |     F1(macro): 0.848090
2025-07-24 14:11:33 | INFO     |     F1(weighted): 0.845683
2025-07-24 14:11:33 | INFO     |     精确率: 0.870884
2025-07-24 14:11:33 | INFO     |     召回率: 0.855499
2025-07-24 14:11:33 | INFO     |   学习率调度器: f1_based
2025-07-24 14:11:33 | INFO     | ------------------------------------------------------------
2025-07-24 14:11:33 | INFO     | Epoch  20 | Train: Loss=0.8802, Acc=0.7523 | Val: Loss=0.5417, Acc=0.8499, F1=0.8457 | LR=0.000100 🏆 [最佳模型]
2025-07-24 14:15:58 | INFO     | Epoch 21:
2025-07-24 14:15:58 | INFO     |   训练指标:
2025-07-24 14:15:58 | INFO     |     损失(ce): 0.839485
2025-07-24 14:15:58 | INFO     |     准确率: 0.764755
2025-07-24 14:15:58 | INFO     |     学习率: 0.00010000
2025-07-24 14:15:58 | INFO     |   验证指标(标准CE):
2025-07-24 14:15:58 | INFO     |     损失: 0.506870
2025-07-24 14:15:58 | INFO     |     准确率: 0.827748
2025-07-24 14:15:58 | INFO     |     F1(macro): 0.823149
2025-07-24 14:15:58 | INFO     |     F1(weighted): 0.820020
2025-07-24 14:15:58 | INFO     |     精确率: 0.848414
2025-07-24 14:15:58 | INFO     |     召回率: 0.830067
2025-07-24 14:15:58 | INFO     |   学习率调度器: f1_based
2025-07-24 14:15:58 | INFO     | ------------------------------------------------------------
2025-07-24 14:15:58 | INFO     | Epoch  21 | Train: Loss=0.8395, Acc=0.7648 | Val: Loss=0.5069, Acc=0.8277, F1=0.8200 | LR=0.000100 
2025-07-24 14:20:22 | INFO     | Epoch 22:
2025-07-24 14:20:22 | INFO     |   训练指标:
2025-07-24 14:20:22 | INFO     |     损失(ce): 0.805904
2025-07-24 14:20:22 | INFO     |     准确率: 0.770624
2025-07-24 14:20:22 | INFO     |     学习率: 0.00010000
2025-07-24 14:20:22 | INFO     |   验证指标(标准CE):
2025-07-24 14:20:22 | INFO     |     损失: 0.448586
2025-07-24 14:20:22 | INFO     |     准确率: 0.853217
2025-07-24 14:20:22 | INFO     |     F1(macro): 0.840104
2025-07-24 14:20:22 | INFO     |     F1(weighted): 0.838933
2025-07-24 14:20:22 | INFO     |     精确率: 0.876387
2025-07-24 14:20:22 | INFO     |     召回率: 0.855418
2025-07-24 14:20:22 | INFO     |   学习率调度器: f1_based
2025-07-24 14:20:22 | INFO     | ------------------------------------------------------------
2025-07-24 14:20:22 | INFO     | Epoch  22 | Train: Loss=0.8059, Acc=0.7706 | Val: Loss=0.4486, Acc=0.8532, F1=0.8389 | LR=0.000100 
2025-07-24 14:24:46 | INFO     | Epoch 23:
2025-07-24 14:24:46 | INFO     |   训练指标:
2025-07-24 14:24:46 | INFO     |     损失(ce): 0.751101
2025-07-24 14:24:46 | INFO     |     准确率: 0.787391
2025-07-24 14:24:46 | INFO     |     学习率: 0.00010000
2025-07-24 14:24:46 | INFO     |   验证指标(标准CE):
2025-07-24 14:24:46 | INFO     |     损失: 0.488982
2025-07-24 14:24:46 | INFO     |     准确率: 0.853887
2025-07-24 14:24:46 | INFO     |     F1(macro): 0.850669
2025-07-24 14:24:46 | INFO     |     F1(weighted): 0.846736
2025-07-24 14:24:46 | INFO     |     精确率: 0.880024
2025-07-24 14:24:46 | INFO     |     召回率: 0.857653
2025-07-24 14:24:46 | INFO     |   学习率调度器: f1_based
2025-07-24 14:24:46 | INFO     | ------------------------------------------------------------
2025-07-24 14:24:46 | INFO     | Epoch  23 | Train: Loss=0.7511, Acc=0.7874 | Val: Loss=0.4890, Acc=0.8539, F1=0.8467 | LR=0.000100 🏆 [最佳模型]
2025-07-24 14:29:11 | INFO     | Epoch 24:
2025-07-24 14:29:11 | INFO     |   训练指标:
2025-07-24 14:29:11 | INFO     |     损失(ce): 0.720290
2025-07-24 14:29:11 | INFO     |     准确率: 0.795775
2025-07-24 14:29:11 | INFO     |     学习率: 0.00010000
2025-07-24 14:29:11 | INFO     |   验证指标(标准CE):
2025-07-24 14:29:11 | INFO     |     损失: 2.416464
2025-07-24 14:29:11 | INFO     |     准确率: 0.807641
2025-07-24 14:29:11 | INFO     |     F1(macro): 0.791889
2025-07-24 14:29:11 | INFO     |     F1(weighted): 0.791451
2025-07-24 14:29:11 | INFO     |     精确率: 0.837072
2025-07-24 14:29:11 | INFO     |     召回率: 0.806675
2025-07-24 14:29:11 | INFO     |   学习率调度器: f1_based
2025-07-24 14:29:11 | INFO     | ------------------------------------------------------------
2025-07-24 14:29:11 | INFO     | Epoch  24 | Train: Loss=0.7203, Acc=0.7958 | Val: Loss=2.4165, Acc=0.8076, F1=0.7915 | LR=0.000100 
2025-07-24 14:33:35 | INFO     | Epoch 25:
2025-07-24 14:33:35 | INFO     |   训练指标:
2025-07-24 14:33:35 | INFO     |     损失(ce): 0.711493
2025-07-24 14:33:35 | INFO     |     准确率: 0.800973
2025-07-24 14:33:35 | INFO     |     学习率: 0.00010000
2025-07-24 14:33:35 | INFO     |   验证指标(标准CE):
2025-07-24 14:33:35 | INFO     |     损失: 0.799255
2025-07-24 14:33:35 | INFO     |     准确率: 0.827748
2025-07-24 14:33:35 | INFO     |     F1(macro): 0.824995
2025-07-24 14:33:35 | INFO     |     F1(weighted): 0.820021
2025-07-24 14:33:35 | INFO     |     精确率: 0.845094
2025-07-24 14:33:35 | INFO     |     召回率: 0.834598
2025-07-24 14:33:35 | INFO     |   学习率调度器: f1_based
2025-07-24 14:33:35 | INFO     | ------------------------------------------------------------
2025-07-24 14:33:35 | INFO     | Epoch  25 | Train: Loss=0.7115, Acc=0.8010 | Val: Loss=0.7993, Acc=0.8277, F1=0.8200 | LR=0.000100 
2025-07-24 14:37:59 | INFO     | Epoch 26:
2025-07-24 14:37:59 | INFO     |   训练指标:
2025-07-24 14:37:59 | INFO     |     损失(ce): 0.702127
2025-07-24 14:37:59 | INFO     |     准确率: 0.807344
2025-07-24 14:37:59 | INFO     |     学习率: 0.00010000
2025-07-24 14:37:59 | INFO     |   验证指标(标准CE):
2025-07-24 14:37:59 | INFO     |     损失: 1.171983
2025-07-24 14:37:59 | INFO     |     准确率: 0.780161
2025-07-24 14:37:59 | INFO     |     F1(macro): 0.774177
2025-07-24 14:37:59 | INFO     |     F1(weighted): 0.776424
2025-07-24 14:37:59 | INFO     |     精确率: 0.862627
2025-07-24 14:37:59 | INFO     |     召回率: 0.782067
2025-07-24 14:37:59 | INFO     |   学习率调度器: f1_based
2025-07-24 14:37:59 | INFO     | ------------------------------------------------------------
2025-07-24 14:37:59 | INFO     | Epoch  26 | Train: Loss=0.7021, Acc=0.8073 | Val: Loss=1.1720, Acc=0.7802, F1=0.7764 | LR=0.000100 
2025-07-24 14:42:23 | INFO     | Epoch 27:
2025-07-24 14:42:23 | INFO     |   训练指标:
2025-07-24 14:42:23 | INFO     |     损失(ce): 0.651934
2025-07-24 14:42:23 | INFO     |     准确率: 0.815728
2025-07-24 14:42:23 | INFO     |     学习率: 0.00010000
2025-07-24 14:42:23 | INFO     |   验证指标(标准CE):
2025-07-24 14:42:23 | INFO     |     损失: 0.519776
2025-07-24 14:42:23 | INFO     |     准确率: 0.861260
2025-07-24 14:42:23 | INFO     |     F1(macro): 0.862623
2025-07-24 14:42:23 | INFO     |     F1(weighted): 0.862116
2025-07-24 14:42:23 | INFO     |     精确率: 0.891530
2025-07-24 14:42:23 | INFO     |     召回率: 0.860916
2025-07-24 14:42:23 | INFO     |   学习率调度器: f1_based
2025-07-24 14:42:23 | INFO     | ------------------------------------------------------------
2025-07-24 14:42:23 | INFO     | Epoch  27 | Train: Loss=0.6519, Acc=0.8157 | Val: Loss=0.5198, Acc=0.8613, F1=0.8621 | LR=0.000100 🏆 [最佳模型]
2025-07-24 14:46:48 | INFO     | Epoch 28:
2025-07-24 14:46:48 | INFO     |   训练指标:
2025-07-24 14:46:48 | INFO     |     损失(ce): 0.565824
2025-07-24 14:46:48 | INFO     |     准确率: 0.845741
2025-07-24 14:46:48 | INFO     |     学习率: 0.00010000
2025-07-24 14:46:48 | INFO     |   验证指标(标准CE):
2025-07-24 14:46:48 | INFO     |     损失: 1.850235
2025-07-24 14:46:48 | INFO     |     准确率: 0.849196
2025-07-24 14:46:48 | INFO     |     F1(macro): 0.858618
2025-07-24 14:46:48 | INFO     |     F1(weighted): 0.855328
2025-07-24 14:46:48 | INFO     |     精确率: 0.915099
2025-07-24 14:46:48 | INFO     |     召回率: 0.853664
2025-07-24 14:46:48 | INFO     |   学习率调度器: f1_based
2025-07-24 14:46:48 | INFO     | ------------------------------------------------------------
2025-07-24 14:46:48 | INFO     | Epoch  28 | Train: Loss=0.5658, Acc=0.8457 | Val: Loss=1.8502, Acc=0.8492, F1=0.8553 | LR=0.000100 
2025-07-24 14:51:12 | INFO     | Epoch 29:
2025-07-24 14:51:12 | INFO     |   训练指标:
2025-07-24 14:51:12 | INFO     |     损失(ce): 0.575652
2025-07-24 14:51:12 | INFO     |     准确率: 0.847082
2025-07-24 14:51:12 | INFO     |     学习率: 0.00010000
2025-07-24 14:51:12 | INFO     |   验证指标(标准CE):
2025-07-24 14:51:12 | INFO     |     损失: 0.334344
2025-07-24 14:51:12 | INFO     |     准确率: 0.896113
2025-07-24 14:51:12 | INFO     |     F1(macro): 0.889944
2025-07-24 14:51:12 | INFO     |     F1(weighted): 0.886680
2025-07-24 14:51:12 | INFO     |     精确率: 0.905337
2025-07-24 14:51:12 | INFO     |     召回率: 0.899019
2025-07-24 14:51:12 | INFO     |   学习率调度器: f1_based
2025-07-24 14:51:12 | INFO     | ------------------------------------------------------------
2025-07-24 14:51:12 | INFO     | Epoch  29 | Train: Loss=0.5757, Acc=0.8471 | Val: Loss=0.3343, Acc=0.8961, F1=0.8867 | LR=0.000100 🏆 [最佳模型]
2025-07-24 14:55:37 | INFO     | Epoch 30:
2025-07-24 14:55:37 | INFO     |   训练指标:
2025-07-24 14:55:37 | INFO     |     损失(ce): 0.575175
2025-07-24 14:55:37 | INFO     |     准确率: 0.861335
2025-07-24 14:55:37 | INFO     |     学习率: 0.00010000
2025-07-24 14:55:37 | INFO     |   验证指标(标准CE):
2025-07-24 14:55:37 | INFO     |     损失: 1.262057
2025-07-24 14:55:37 | INFO     |     准确率: 0.882038
2025-07-24 14:55:37 | INFO     |     F1(macro): 0.883134
2025-07-24 14:55:37 | INFO     |     F1(weighted): 0.880929
2025-07-24 14:55:37 | INFO     |     精确率: 0.902871
2025-07-24 14:55:37 | INFO     |     召回率: 0.888297
2025-07-24 14:55:37 | INFO     |   学习率调度器: f1_based
2025-07-24 14:55:37 | INFO     | ------------------------------------------------------------
2025-07-24 14:55:37 | INFO     | Epoch  30 | Train: Loss=0.5752, Acc=0.8613 | Val: Loss=1.2621, Acc=0.8820, F1=0.8809 | LR=0.000100 
2025-07-24 15:00:01 | INFO     | Epoch 31:
2025-07-24 15:00:01 | INFO     |   训练指标:
2025-07-24 15:00:01 | INFO     |     损失(ce): 0.480067
2025-07-24 15:00:01 | INFO     |     准确率: 0.868545
2025-07-24 15:00:01 | INFO     |     学习率: 0.00010000
2025-07-24 15:00:01 | INFO     |   验证指标(标准CE):
2025-07-24 15:00:01 | INFO     |     损失: 0.594196
2025-07-24 15:00:01 | INFO     |     准确率: 0.886729
2025-07-24 15:00:01 | INFO     |     F1(macro): 0.891723
2025-07-24 15:00:01 | INFO     |     F1(weighted): 0.888190
2025-07-24 15:00:01 | INFO     |     精确率: 0.918415
2025-07-24 15:00:01 | INFO     |     召回率: 0.889242
2025-07-24 15:00:01 | INFO     |   学习率调度器: f1_based
2025-07-24 15:00:01 | INFO     | ------------------------------------------------------------
2025-07-24 15:00:01 | INFO     | Epoch  31 | Train: Loss=0.4801, Acc=0.8685 | Val: Loss=0.5942, Acc=0.8867, F1=0.8882 | LR=0.000100 🏆 [最佳模型]
2025-07-24 15:04:26 | INFO     | Epoch 32:
2025-07-24 15:04:26 | INFO     |   训练指标:
2025-07-24 15:04:26 | INFO     |     损失(ce): 0.493296
2025-07-24 15:04:26 | INFO     |     准确率: 0.866868
2025-07-24 15:04:26 | INFO     |     学习率: 0.00010000
2025-07-24 15:04:26 | INFO     |   验证指标(标准CE):
2025-07-24 15:04:26 | INFO     |     损失: 0.506246
2025-07-24 15:04:26 | INFO     |     准确率: 0.881367
2025-07-24 15:04:26 | INFO     |     F1(macro): 0.877054
2025-07-24 15:04:26 | INFO     |     F1(weighted): 0.872767
2025-07-24 15:04:26 | INFO     |     精确率: 0.886235
2025-07-24 15:04:26 | INFO     |     召回率: 0.886359
2025-07-24 15:04:26 | INFO     |   学习率调度器: f1_based
2025-07-24 15:04:26 | INFO     | ------------------------------------------------------------
2025-07-24 15:04:26 | INFO     | Epoch  32 | Train: Loss=0.4933, Acc=0.8669 | Val: Loss=0.5062, Acc=0.8814, F1=0.8728 | LR=0.000100 
2025-07-24 15:08:50 | INFO     | Epoch 33:
2025-07-24 15:08:50 | INFO     |   训练指标:
2025-07-24 15:08:50 | INFO     |     损失(ce): 0.489974
2025-07-24 15:08:50 | INFO     |     准确率: 0.874748
2025-07-24 15:08:50 | INFO     |     学习率: 0.00010000
2025-07-24 15:08:50 | INFO     |   验证指标(标准CE):
2025-07-24 15:08:50 | INFO     |     损失: 0.427877
2025-07-24 15:08:50 | INFO     |     准确率: 0.884718
2025-07-24 15:08:50 | INFO     |     F1(macro): 0.876411
2025-07-24 15:08:50 | INFO     |     F1(weighted): 0.874364
2025-07-24 15:08:50 | INFO     |     精确率: 0.887624
2025-07-24 15:08:50 | INFO     |     召回率: 0.887947
2025-07-24 15:08:50 | INFO     |   学习率调度器: f1_based
2025-07-24 15:08:50 | INFO     | ------------------------------------------------------------
2025-07-24 15:08:50 | INFO     | Epoch  33 | Train: Loss=0.4900, Acc=0.8747 | Val: Loss=0.4279, Acc=0.8847, F1=0.8744 | LR=0.000100 
2025-07-24 15:13:14 | INFO     | Epoch 34:
2025-07-24 15:13:14 | INFO     |   训练指标:
2025-07-24 15:13:14 | INFO     |     损失(ce): 0.497067
2025-07-24 15:13:14 | INFO     |     准确率: 0.867874
2025-07-24 15:13:14 | INFO     |     学习率: 0.00010000
2025-07-24 15:13:14 | INFO     |   验证指标(标准CE):
2025-07-24 15:13:14 | INFO     |     损失: 1.045644
2025-07-24 15:13:14 | INFO     |     准确率: 0.873995
2025-07-24 15:13:14 | INFO     |     F1(macro): 0.873254
2025-07-24 15:13:14 | INFO     |     F1(weighted): 0.870032
2025-07-24 15:13:14 | INFO     |     精确率: 0.912430
2025-07-24 15:13:14 | INFO     |     召回率: 0.874594
2025-07-24 15:13:14 | INFO     |   学习率调度器: f1_based
2025-07-24 15:13:14 | INFO     | ------------------------------------------------------------
2025-07-24 15:13:14 | INFO     | Epoch  34 | Train: Loss=0.4971, Acc=0.8679 | Val: Loss=1.0456, Acc=0.8740, F1=0.8700 | LR=0.000100 
2025-07-24 15:17:38 | INFO     | Epoch 35:
2025-07-24 15:17:38 | INFO     |   训练指标:
2025-07-24 15:17:38 | INFO     |     损失(ce): 0.420782
2025-07-24 15:17:38 | INFO     |     准确率: 0.885312
2025-07-24 15:17:38 | INFO     |     学习率: 0.00010000
2025-07-24 15:17:38 | INFO     |   验证指标(标准CE):
2025-07-24 15:17:38 | INFO     |     损失: 0.327702
2025-07-24 15:17:38 | INFO     |     准确率: 0.916220
2025-07-24 15:17:38 | INFO     |     F1(macro): 0.916557
2025-07-24 15:17:38 | INFO     |     F1(weighted): 0.913983
2025-07-24 15:17:38 | INFO     |     精确率: 0.928111
2025-07-24 15:17:38 | INFO     |     召回率: 0.919510
2025-07-24 15:17:38 | INFO     |   学习率调度器: f1_based
2025-07-24 15:17:38 | INFO     | ------------------------------------------------------------
2025-07-24 15:17:38 | INFO     | Epoch  35 | Train: Loss=0.4208, Acc=0.8853 | Val: Loss=0.3277, Acc=0.9162, F1=0.9140 | LR=0.000100 🏆 [最佳模型]
2025-07-24 15:22:03 | INFO     | Epoch 36:
2025-07-24 15:22:03 | INFO     |   训练指标:
2025-07-24 15:22:03 | INFO     |     损失(ce): 0.391575
2025-07-24 15:22:03 | INFO     |     准确率: 0.891683
2025-07-24 15:22:03 | INFO     |     学习率: 0.00010000
2025-07-24 15:22:03 | INFO     |   验证指标(标准CE):
2025-07-24 15:22:03 | INFO     |     损失: 0.631156
2025-07-24 15:22:03 | INFO     |     准确率: 0.898123
2025-07-24 15:22:03 | INFO     |     F1(macro): 0.893710
2025-07-24 15:22:03 | INFO     |     F1(weighted): 0.891659
2025-07-24 15:22:03 | INFO     |     精确率: 0.923774
2025-07-24 15:22:03 | INFO     |     召回率: 0.903622
2025-07-24 15:22:03 | INFO     |   学习率调度器: f1_based
2025-07-24 15:22:03 | INFO     | ------------------------------------------------------------
2025-07-24 15:22:03 | INFO     | Epoch  36 | Train: Loss=0.3916, Acc=0.8917 | Val: Loss=0.6312, Acc=0.8981, F1=0.8917 | LR=0.000100 
2025-07-24 15:26:27 | INFO     | Epoch 37:
2025-07-24 15:26:27 | INFO     |   训练指标:
2025-07-24 15:26:27 | INFO     |     损失(ce): 0.428197
2025-07-24 15:26:27 | INFO     |     准确率: 0.889168
2025-07-24 15:26:27 | INFO     |     学习率: 0.00010000
2025-07-24 15:26:27 | INFO     |   验证指标(标准CE):
2025-07-24 15:26:27 | INFO     |     损失: 0.686355
2025-07-24 15:26:27 | INFO     |     准确率: 0.894772
2025-07-24 15:26:27 | INFO     |     F1(macro): 0.887857
2025-07-24 15:26:27 | INFO     |     F1(weighted): 0.882249
2025-07-24 15:26:27 | INFO     |     精确率: 0.899565
2025-07-24 15:26:27 | INFO     |     召回率: 0.900288
2025-07-24 15:26:27 | INFO     |   学习率调度器: f1_based
2025-07-24 15:26:27 | INFO     | ------------------------------------------------------------
2025-07-24 15:26:27 | INFO     | Epoch  37 | Train: Loss=0.4282, Acc=0.8892 | Val: Loss=0.6864, Acc=0.8948, F1=0.8822 | LR=0.000100 
2025-07-24 15:30:51 | INFO     | Epoch 38:
2025-07-24 15:30:51 | INFO     |   训练指标:
2025-07-24 15:30:51 | INFO     |     损失(ce): 0.431191
2025-07-24 15:30:51 | INFO     |     准确率: 0.884977
2025-07-24 15:30:51 | INFO     |     学习率: 0.00010000
2025-07-24 15:30:51 | INFO     |   验证指标(标准CE):
2025-07-24 15:30:51 | INFO     |     损失: 0.752845
2025-07-24 15:30:51 | INFO     |     准确率: 0.898794
2025-07-24 15:30:51 | INFO     |     F1(macro): 0.907662
2025-07-24 15:30:51 | INFO     |     F1(weighted): 0.903547
2025-07-24 15:30:51 | INFO     |     精确率: 0.921668
2025-07-24 15:30:51 | INFO     |     召回率: 0.902822
2025-07-24 15:30:51 | INFO     |   学习率调度器: f1_based
2025-07-24 15:30:51 | INFO     | ------------------------------------------------------------
2025-07-24 15:30:51 | INFO     | Epoch  38 | Train: Loss=0.4312, Acc=0.8850 | Val: Loss=0.7528, Acc=0.8988, F1=0.9035 | LR=0.000100 
2025-07-24 15:35:14 | INFO     | Epoch 39:
2025-07-24 15:35:14 | INFO     |   训练指标:
2025-07-24 15:35:14 | INFO     |     损失(ce): 0.392835
2025-07-24 15:35:14 | INFO     |     准确率: 0.895540
2025-07-24 15:35:14 | INFO     |     学习率: 0.00010000
2025-07-24 15:35:14 | INFO     |   验证指标(标准CE):
2025-07-24 15:35:14 | INFO     |     损失: 3.761656
2025-07-24 15:35:14 | INFO     |     准确率: 0.927614
2025-07-24 15:35:14 | INFO     |     F1(macro): 0.928063
2025-07-24 15:35:14 | INFO     |     F1(weighted): 0.926764
2025-07-24 15:35:14 | INFO     |     精确率: 0.940355
2025-07-24 15:35:14 | INFO     |     召回率: 0.930590
2025-07-24 15:35:14 | INFO     |   学习率调度器: f1_based
2025-07-24 15:35:14 | INFO     | ------------------------------------------------------------
2025-07-24 15:35:14 | INFO     | Epoch  39 | Train: Loss=0.3928, Acc=0.8955 | Val: Loss=3.7617, Acc=0.9276, F1=0.9268 | LR=0.000100 🏆 [最佳模型]
2025-07-24 15:39:39 | INFO     | Epoch 40:
2025-07-24 15:39:39 | INFO     |   训练指标:
2025-07-24 15:39:39 | INFO     |     损失(ce): 0.416439
2025-07-24 15:39:39 | INFO     |     准确率: 0.888833
2025-07-24 15:39:39 | INFO     |     学习率: 0.00010000
2025-07-24 15:39:39 | INFO     |   验证指标(标准CE):
2025-07-24 15:39:39 | INFO     |     损失: 0.735438
2025-07-24 15:39:39 | INFO     |     准确率: 0.912869
2025-07-24 15:39:39 | INFO     |     F1(macro): 0.913840
2025-07-24 15:39:39 | INFO     |     F1(weighted): 0.911730
2025-07-24 15:39:39 | INFO     |     精确率: 0.930185
2025-07-24 15:39:39 | INFO     |     召回率: 0.915460
2025-07-24 15:39:39 | INFO     |   学习率调度器: f1_based
2025-07-24 15:39:39 | INFO     | ------------------------------------------------------------
2025-07-24 15:39:39 | INFO     | Epoch  40 | Train: Loss=0.4164, Acc=0.8888 | Val: Loss=0.7354, Acc=0.9129, F1=0.9117 | LR=0.000100 
2025-07-24 15:44:03 | INFO     | Epoch 41:
2025-07-24 15:44:03 | INFO     |   训练指标:
2025-07-24 15:44:03 | INFO     |     损失(ce): 0.390005
2025-07-24 15:44:03 | INFO     |     准确率: 0.900570
2025-07-24 15:44:03 | INFO     |     学习率: 0.00010000
2025-07-24 15:44:03 | INFO     |   验证指标(标准CE):
2025-07-24 15:44:03 | INFO     |     损失: 0.359316
2025-07-24 15:44:03 | INFO     |     准确率: 0.919571
2025-07-24 15:44:03 | INFO     |     F1(macro): 0.925356
2025-07-24 15:44:03 | INFO     |     F1(weighted): 0.922334
2025-07-24 15:44:03 | INFO     |     精确率: 0.942837
2025-07-24 15:44:03 | INFO     |     召回率: 0.921907
2025-07-24 15:44:03 | INFO     |   学习率调度器: f1_based
2025-07-24 15:44:03 | INFO     | ------------------------------------------------------------
2025-07-24 15:44:03 | INFO     | Epoch  41 | Train: Loss=0.3900, Acc=0.9006 | Val: Loss=0.3593, Acc=0.9196, F1=0.9223 | LR=0.000100 
2025-07-24 15:48:27 | INFO     | Epoch 42:
2025-07-24 15:48:27 | INFO     |   训练指标:
2025-07-24 15:48:27 | INFO     |     损失(ce): 0.394043
2025-07-24 15:48:27 | INFO     |     准确率: 0.897552
2025-07-24 15:48:27 | INFO     |     学习率: 0.00010000
2025-07-24 15:48:27 | INFO     |   验证指标(标准CE):
2025-07-24 15:48:27 | INFO     |     损失: 0.301495
2025-07-24 15:48:27 | INFO     |     准确率: 0.906166
2025-07-24 15:48:27 | INFO     |     F1(macro): 0.909171
2025-07-24 15:48:27 | INFO     |     F1(weighted): 0.904119
2025-07-24 15:48:27 | INFO     |     精确率: 0.919346
2025-07-24 15:48:27 | INFO     |     召回率: 0.914224
2025-07-24 15:48:27 | INFO     |   学习率调度器: f1_based
2025-07-24 15:48:27 | INFO     | ------------------------------------------------------------
2025-07-24 15:48:27 | INFO     | Epoch  42 | Train: Loss=0.3940, Acc=0.8976 | Val: Loss=0.3015, Acc=0.9062, F1=0.9041 | LR=0.000100 
2025-07-24 15:52:51 | INFO     | Epoch 43:
2025-07-24 15:52:51 | INFO     |   训练指标:
2025-07-24 15:52:51 | INFO     |     损失(ce): 0.367555
2025-07-24 15:52:51 | INFO     |     准确率: 0.906271
2025-07-24 15:52:51 | INFO     |     学习率: 0.00010000
2025-07-24 15:52:51 | INFO     |   验证指标(标准CE):
2025-07-24 15:52:51 | INFO     |     损失: 0.345130
2025-07-24 15:52:51 | INFO     |     准确率: 0.906836
2025-07-24 15:52:51 | INFO     |     F1(macro): 0.909333
2025-07-24 15:52:51 | INFO     |     F1(weighted): 0.906514
2025-07-24 15:52:51 | INFO     |     精确率: 0.928250
2025-07-24 15:52:51 | INFO     |     召回率: 0.909535
2025-07-24 15:52:51 | INFO     |   学习率调度器: f1_based
2025-07-24 15:52:51 | INFO     | ------------------------------------------------------------
2025-07-24 15:52:51 | INFO     | Epoch  43 | Train: Loss=0.3676, Acc=0.9063 | Val: Loss=0.3451, Acc=0.9068, F1=0.9065 | LR=0.000100 
2025-07-24 15:57:15 | INFO     | Epoch 44:
2025-07-24 15:57:15 | INFO     |   训练指标:
2025-07-24 15:57:15 | INFO     |     损失(ce): 0.349048
2025-07-24 15:57:15 | INFO     |     准确率: 0.910630
2025-07-24 15:57:15 | INFO     |     学习率: 0.00010000
2025-07-24 15:57:15 | INFO     |   验证指标(标准CE):
2025-07-24 15:57:15 | INFO     |     损失: 0.511067
2025-07-24 15:57:15 | INFO     |     准确率: 0.898123
2025-07-24 15:57:15 | INFO     |     F1(macro): 0.901639
2025-07-24 15:57:15 | INFO     |     F1(weighted): 0.899070
2025-07-24 15:57:15 | INFO     |     精确率: 0.923786
2025-07-24 15:57:15 | INFO     |     召回率: 0.903180
2025-07-24 15:57:15 | INFO     |   学习率调度器: f1_based
2025-07-24 15:57:15 | INFO     | ------------------------------------------------------------
2025-07-24 15:57:15 | INFO     | Epoch  44 | Train: Loss=0.3490, Acc=0.9106 | Val: Loss=0.5111, Acc=0.8981, F1=0.8991 | LR=0.000100 
2025-07-24 16:01:39 | INFO     | Epoch 45:
2025-07-24 16:01:39 | INFO     |   训练指标:
2025-07-24 16:01:39 | INFO     |     损失(ce): 0.383970
2025-07-24 16:01:39 | INFO     |     准确率: 0.902079
2025-07-24 16:01:39 | INFO     |     学习率: 0.00010000
2025-07-24 16:01:39 | INFO     |   验证指标(标准CE):
2025-07-24 16:01:39 | INFO     |     损失: 0.652195
2025-07-24 16:01:39 | INFO     |     准确率: 0.878016
2025-07-24 16:01:39 | INFO     |     F1(macro): 0.871449
2025-07-24 16:01:39 | INFO     |     F1(weighted): 0.866682
2025-07-24 16:01:39 | INFO     |     精确率: 0.898821
2025-07-24 16:01:39 | INFO     |     召回率: 0.879332
2025-07-24 16:01:39 | INFO     |   学习率调度器: f1_based
2025-07-24 16:01:39 | INFO     | ------------------------------------------------------------
2025-07-24 16:01:39 | INFO     | 🎯 学习率调整事件:
2025-07-24 16:01:39 | INFO     |   调度器类型: f1_based
2025-07-24 16:01:39 | INFO     |   学习率变化: 0.00010000 → 0.00005000
2025-07-24 16:01:39 | INFO     |   触发条件: F1分数 = 0.866682
2025-07-24 16:01:39 | INFO     |   变化幅度: -50.00%
2025-07-24 16:01:39 | INFO     | ------------------------------------------------------------
2025-07-24 16:01:39 | INFO     | Epoch  45 | Train: Loss=0.3840, Acc=0.9021 | Val: Loss=0.6522, Acc=0.8780, F1=0.8667 | LR=0.000050 
2025-07-24 16:06:03 | INFO     | Epoch 46:
2025-07-24 16:06:03 | INFO     |   训练指标:
2025-07-24 16:06:03 | INFO     |     损失(ce): 0.215439
2025-07-24 16:06:03 | INFO     |     准确率: 0.934272
2025-07-24 16:06:03 | INFO     |     学习率: 0.00005000
2025-07-24 16:06:03 | INFO     |   验证指标(标准CE):
2025-07-24 16:06:03 | INFO     |     损失: 0.267508
2025-07-24 16:06:03 | INFO     |     准确率: 0.939008
2025-07-24 16:06:03 | INFO     |     F1(macro): 0.937874
2025-07-24 16:06:03 | INFO     |     F1(weighted): 0.936149
2025-07-24 16:06:03 | INFO     |     精确率: 0.946838
2025-07-24 16:06:03 | INFO     |     召回率: 0.939971
2025-07-24 16:06:03 | INFO     |   学习率调度器: f1_based
2025-07-24 16:06:03 | INFO     | ------------------------------------------------------------
2025-07-24 16:06:03 | INFO     | Epoch  46 | Train: Loss=0.2154, Acc=0.9343 | Val: Loss=0.2675, Acc=0.9390, F1=0.9361 | LR=0.000050 🏆 [最佳模型]
2025-07-24 16:10:28 | INFO     | Epoch 47:
2025-07-24 16:10:28 | INFO     |   训练指标:
2025-07-24 16:10:28 | INFO     |     损失(ce): 0.206124
2025-07-24 16:10:28 | INFO     |     准确率: 0.945339
2025-07-24 16:10:28 | INFO     |     学习率: 0.00005000
2025-07-24 16:10:28 | INFO     |   验证指标(标准CE):
2025-07-24 16:10:28 | INFO     |     损失: 0.801015
2025-07-24 16:10:28 | INFO     |     准确率: 0.947051
2025-07-24 16:10:28 | INFO     |     F1(macro): 0.945398
2025-07-24 16:10:28 | INFO     |     F1(weighted): 0.945109
2025-07-24 16:10:28 | INFO     |     精确率: 0.953214
2025-07-24 16:10:28 | INFO     |     召回率: 0.947847
2025-07-24 16:10:28 | INFO     |   学习率调度器: f1_based
2025-07-24 16:10:28 | INFO     | ------------------------------------------------------------
2025-07-24 16:10:28 | INFO     | Epoch  47 | Train: Loss=0.2061, Acc=0.9453 | Val: Loss=0.8010, Acc=0.9471, F1=0.9451 | LR=0.000050 🏆 [最佳模型]
2025-07-24 16:14:53 | INFO     | Epoch 48:
2025-07-24 16:14:53 | INFO     |   训练指标:
2025-07-24 16:14:53 | INFO     |     损失(ce): 0.193850
2025-07-24 16:14:53 | INFO     |     准确率: 0.947518
2025-07-24 16:14:53 | INFO     |     学习率: 0.00005000
2025-07-24 16:14:53 | INFO     |   验证指标(标准CE):
2025-07-24 16:14:53 | INFO     |     损失: 0.299878
2025-07-24 16:14:53 | INFO     |     准确率: 0.949732
2025-07-24 16:14:53 | INFO     |     F1(macro): 0.950555
2025-07-24 16:14:53 | INFO     |     F1(weighted): 0.948624
2025-07-24 16:14:53 | INFO     |     精确率: 0.960680
2025-07-24 16:14:53 | INFO     |     召回率: 0.950425
2025-07-24 16:14:53 | INFO     |   学习率调度器: f1_based
2025-07-24 16:14:53 | INFO     | ------------------------------------------------------------
2025-07-24 16:14:53 | INFO     | Epoch  48 | Train: Loss=0.1938, Acc=0.9475 | Val: Loss=0.2999, Acc=0.9497, F1=0.9486 | LR=0.000050 🏆 [最佳模型]
2025-07-24 16:19:18 | INFO     | Epoch 49:
2025-07-24 16:19:18 | INFO     |   训练指标:
2025-07-24 16:19:18 | INFO     |     损失(ce): 0.205457
2025-07-24 16:19:18 | INFO     |     准确率: 0.946345
2025-07-24 16:19:18 | INFO     |     学习率: 0.00005000
2025-07-24 16:19:18 | INFO     |   验证指标(标准CE):
2025-07-24 16:19:18 | INFO     |     损失: 0.205505
2025-07-24 16:19:18 | INFO     |     准确率: 0.949062
2025-07-24 16:19:18 | INFO     |     F1(macro): 0.948857
2025-07-24 16:19:18 | INFO     |     F1(weighted): 0.947861
2025-07-24 16:19:18 | INFO     |     精确率: 0.952114
2025-07-24 16:19:18 | INFO     |     召回率: 0.950197
2025-07-24 16:19:18 | INFO     |   学习率调度器: f1_based
2025-07-24 16:19:18 | INFO     | ------------------------------------------------------------
2025-07-24 16:19:18 | INFO     | Epoch  49 | Train: Loss=0.2055, Acc=0.9463 | Val: Loss=0.2055, Acc=0.9491, F1=0.9479 | LR=0.000050 
2025-07-24 16:23:42 | INFO     | Epoch 50:
2025-07-24 16:23:42 | INFO     |   训练指标:
2025-07-24 16:23:42 | INFO     |     损失(ce): 0.195682
2025-07-24 16:23:42 | INFO     |     准确率: 0.948021
2025-07-24 16:23:42 | INFO     |     学习率: 0.00005000
2025-07-24 16:23:42 | INFO     |   验证指标(标准CE):
2025-07-24 16:23:42 | INFO     |     损失: 0.168899
2025-07-24 16:23:42 | INFO     |     准确率: 0.946381
2025-07-24 16:23:42 | INFO     |     F1(macro): 0.947043
2025-07-24 16:23:42 | INFO     |     F1(weighted): 0.945442
2025-07-24 16:23:42 | INFO     |     精确率: 0.950561
2025-07-24 16:23:42 | INFO     |     召回率: 0.948406
2025-07-24 16:23:42 | INFO     |   学习率调度器: f1_based
2025-07-24 16:23:42 | INFO     | ------------------------------------------------------------
2025-07-24 16:23:42 | INFO     | Epoch  50 | Train: Loss=0.1957, Acc=0.9480 | Val: Loss=0.1689, Acc=0.9464, F1=0.9454 | LR=0.000050 
2025-07-24 16:28:06 | INFO     | Epoch 51:
2025-07-24 16:28:06 | INFO     |   训练指标:
2025-07-24 16:28:06 | INFO     |     损失(ce): 0.182510
2025-07-24 16:28:06 | INFO     |     准确率: 0.949531
2025-07-24 16:28:06 | INFO     |     学习率: 0.00005000
2025-07-24 16:28:06 | INFO     |   验证指标(标准CE):
2025-07-24 16:28:06 | INFO     |     损失: 0.199957
2025-07-24 16:28:06 | INFO     |     准确率: 0.945040
2025-07-24 16:28:06 | INFO     |     F1(macro): 0.946554
2025-07-24 16:28:06 | INFO     |     F1(weighted): 0.944478
2025-07-24 16:28:06 | INFO     |     精确率: 0.952316
2025-07-24 16:28:06 | INFO     |     召回率: 0.949168
2025-07-24 16:28:06 | INFO     |   学习率调度器: f1_based
2025-07-24 16:28:06 | INFO     | ------------------------------------------------------------
2025-07-24 16:28:06 | INFO     | Epoch  51 | Train: Loss=0.1825, Acc=0.9495 | Val: Loss=0.2000, Acc=0.9450, F1=0.9445 | LR=0.000050 
2025-07-24 16:32:29 | INFO     | Epoch 52:
2025-07-24 16:32:29 | INFO     |   训练指标:
2025-07-24 16:32:29 | INFO     |     损失(ce): 0.195385
2025-07-24 16:32:29 | INFO     |     准确率: 0.951878
2025-07-24 16:32:29 | INFO     |     学习率: 0.00005000
2025-07-24 16:32:29 | INFO     |   验证指标(标准CE):
2025-07-24 16:32:29 | INFO     |     损失: 0.193450
2025-07-24 16:32:29 | INFO     |     准确率: 0.942359
2025-07-24 16:32:29 | INFO     |     F1(macro): 0.944939
2025-07-24 16:32:29 | INFO     |     F1(weighted): 0.941964
2025-07-24 16:32:29 | INFO     |     精确率: 0.951342
2025-07-24 16:32:29 | INFO     |     召回率: 0.944635
2025-07-24 16:32:29 | INFO     |   学习率调度器: f1_based
2025-07-24 16:32:29 | INFO     | ------------------------------------------------------------
2025-07-24 16:32:29 | INFO     | Epoch  52 | Train: Loss=0.1954, Acc=0.9519 | Val: Loss=0.1935, Acc=0.9424, F1=0.9420 | LR=0.000050 
2025-07-24 16:36:54 | INFO     | Epoch 53:
2025-07-24 16:36:54 | INFO     |   训练指标:
2025-07-24 16:36:54 | INFO     |     损失(ce): 0.197606
2025-07-24 16:36:54 | INFO     |     准确率: 0.946009
2025-07-24 16:36:54 | INFO     |     学习率: 0.00005000
2025-07-24 16:36:54 | INFO     |   验证指标(标准CE):
2025-07-24 16:36:54 | INFO     |     损失: 0.173832
2025-07-24 16:36:54 | INFO     |     准确率: 0.952413
2025-07-24 16:36:54 | INFO     |     F1(macro): 0.955077
2025-07-24 16:36:54 | INFO     |     F1(weighted): 0.952525
2025-07-24 16:36:54 | INFO     |     精确率: 0.962204
2025-07-24 16:36:54 | INFO     |     召回率: 0.954635
2025-07-24 16:36:54 | INFO     |   学习率调度器: f1_based
2025-07-24 16:36:54 | INFO     | ------------------------------------------------------------
2025-07-24 16:36:54 | INFO     | Epoch  53 | Train: Loss=0.1976, Acc=0.9460 | Val: Loss=0.1738, Acc=0.9524, F1=0.9525 | LR=0.000050 🏆 [最佳模型]
2025-07-24 16:41:19 | INFO     | Epoch 54:
2025-07-24 16:41:19 | INFO     |   训练指标:
2025-07-24 16:41:19 | INFO     |     损失(ce): 0.210483
2025-07-24 16:41:19 | INFO     |     准确率: 0.948524
2025-07-24 16:41:19 | INFO     |     学习率: 0.00005000
2025-07-24 16:41:19 | INFO     |   验证指标(标准CE):
2025-07-24 16:41:19 | INFO     |     损失: 0.218780
2025-07-24 16:41:19 | INFO     |     准确率: 0.949062
2025-07-24 16:41:19 | INFO     |     F1(macro): 0.951094
2025-07-24 16:41:19 | INFO     |     F1(weighted): 0.947874
2025-07-24 16:41:19 | INFO     |     精确率: 0.957831
2025-07-24 16:41:19 | INFO     |     召回率: 0.951432
2025-07-24 16:41:19 | INFO     |   学习率调度器: f1_based
2025-07-24 16:41:19 | INFO     | ------------------------------------------------------------
2025-07-24 16:41:19 | INFO     | Epoch  54 | Train: Loss=0.2105, Acc=0.9485 | Val: Loss=0.2188, Acc=0.9491, F1=0.9479 | LR=0.000050 
2025-07-24 16:45:43 | INFO     | Epoch 55:
2025-07-24 16:45:43 | INFO     |   训练指标:
2025-07-24 16:45:43 | INFO     |     损失(ce): 0.190354
2025-07-24 16:45:43 | INFO     |     准确率: 0.948021
2025-07-24 16:45:43 | INFO     |     学习率: 0.00005000
2025-07-24 16:45:43 | INFO     |   验证指标(标准CE):
2025-07-24 16:45:43 | INFO     |     损失: 0.107781
2025-07-24 16:45:43 | INFO     |     准确率: 0.969169
2025-07-24 16:45:43 | INFO     |     F1(macro): 0.969204
2025-07-24 16:45:43 | INFO     |     F1(weighted): 0.968994
2025-07-24 16:45:43 | INFO     |     精确率: 0.969953
2025-07-24 16:45:43 | INFO     |     召回率: 0.970043
2025-07-24 16:45:43 | INFO     |   学习率调度器: f1_based
2025-07-24 16:45:43 | INFO     | ------------------------------------------------------------
2025-07-24 16:45:43 | INFO     | Epoch  55 | Train: Loss=0.1904, Acc=0.9480 | Val: Loss=0.1078, Acc=0.9692, F1=0.9690 | LR=0.000050 🏆 [最佳模型]
2025-07-24 16:50:08 | INFO     | Epoch 56:
2025-07-24 16:50:08 | INFO     |   训练指标:
2025-07-24 16:50:08 | INFO     |     损失(ce): 0.189114
2025-07-24 16:50:08 | INFO     |     准确率: 0.952381
2025-07-24 16:50:08 | INFO     |     学习率: 0.00005000
2025-07-24 16:50:08 | INFO     |   验证指标(标准CE):
2025-07-24 16:50:08 | INFO     |     损失: 0.295965
2025-07-24 16:50:08 | INFO     |     准确率: 0.930965
2025-07-24 16:50:08 | INFO     |     F1(macro): 0.934211
2025-07-24 16:50:08 | INFO     |     F1(weighted): 0.930031
2025-07-24 16:50:08 | INFO     |     精确率: 0.946419
2025-07-24 16:50:08 | INFO     |     召回率: 0.934297
2025-07-24 16:50:08 | INFO     |   学习率调度器: f1_based
2025-07-24 16:50:08 | INFO     | ------------------------------------------------------------
2025-07-24 16:50:08 | INFO     | Epoch  56 | Train: Loss=0.1891, Acc=0.9524 | Val: Loss=0.2960, Acc=0.9310, F1=0.9300 | LR=0.000050 
2025-07-24 16:54:32 | INFO     | Epoch 57:
2025-07-24 16:54:32 | INFO     |   训练指标:
2025-07-24 16:54:32 | INFO     |     损失(ce): 0.201729
2025-07-24 16:54:32 | INFO     |     准确率: 0.949195
2025-07-24 16:54:32 | INFO     |     学习率: 0.00005000
2025-07-24 16:54:32 | INFO     |   验证指标(标准CE):
2025-07-24 16:54:32 | INFO     |     损失: 0.256438
2025-07-24 16:54:32 | INFO     |     准确率: 0.961796
2025-07-24 16:54:32 | INFO     |     F1(macro): 0.963892
2025-07-24 16:54:32 | INFO     |     F1(weighted): 0.962526
2025-07-24 16:54:32 | INFO     |     精确率: 0.970821
2025-07-24 16:54:32 | INFO     |     召回率: 0.962962
2025-07-24 16:54:32 | INFO     |   学习率调度器: f1_based
2025-07-24 16:54:32 | INFO     | ------------------------------------------------------------
2025-07-24 16:54:32 | INFO     | Epoch  57 | Train: Loss=0.2017, Acc=0.9492 | Val: Loss=0.2564, Acc=0.9618, F1=0.9625 | LR=0.000050 
2025-07-24 16:58:56 | INFO     | Epoch 58:
2025-07-24 16:58:56 | INFO     |   训练指标:
2025-07-24 16:58:56 | INFO     |     损失(ce): 0.166782
2025-07-24 16:58:56 | INFO     |     准确率: 0.954728
2025-07-24 16:58:56 | INFO     |     学习率: 0.00005000
2025-07-24 16:58:56 | INFO     |   验证指标(标准CE):
2025-07-24 16:58:56 | INFO     |     损失: 0.294790
2025-07-24 16:58:56 | INFO     |     准确率: 0.941019
2025-07-24 16:58:56 | INFO     |     F1(macro): 0.942725
2025-07-24 16:58:56 | INFO     |     F1(weighted): 0.939732
2025-07-24 16:58:56 | INFO     |     精确率: 0.950902
2025-07-24 16:58:56 | INFO     |     召回率: 0.944269
2025-07-24 16:58:56 | INFO     |   学习率调度器: f1_based
2025-07-24 16:58:56 | INFO     | ------------------------------------------------------------
2025-07-24 16:58:56 | INFO     | Epoch  58 | Train: Loss=0.1668, Acc=0.9547 | Val: Loss=0.2948, Acc=0.9410, F1=0.9397 | LR=0.000050 
2025-07-24 17:03:20 | INFO     | Epoch 59:
2025-07-24 17:03:20 | INFO     |   训练指标:
2025-07-24 17:03:20 | INFO     |     损失(ce): 0.186928
2025-07-24 17:03:20 | INFO     |     准确率: 0.949363
2025-07-24 17:03:20 | INFO     |     学习率: 0.00005000
2025-07-24 17:03:20 | INFO     |   验证指标(标准CE):
2025-07-24 17:03:20 | INFO     |     损失: 0.185409
2025-07-24 17:03:20 | INFO     |     准确率: 0.947721
2025-07-24 17:03:20 | INFO     |     F1(macro): 0.949116
2025-07-24 17:03:20 | INFO     |     F1(weighted): 0.947208
2025-07-24 17:03:20 | INFO     |     精确率: 0.957834
2025-07-24 17:03:20 | INFO     |     召回率: 0.949055
2025-07-24 17:03:20 | INFO     |   学习率调度器: f1_based
2025-07-24 17:03:20 | INFO     | ------------------------------------------------------------
2025-07-24 17:03:20 | INFO     | Epoch  59 | Train: Loss=0.1869, Acc=0.9494 | Val: Loss=0.1854, Acc=0.9477, F1=0.9472 | LR=0.000050 
2025-07-24 17:07:44 | INFO     | Epoch 60:
2025-07-24 17:07:44 | INFO     |   训练指标:
2025-07-24 17:07:44 | INFO     |     损失(ce): 0.182149
2025-07-24 17:07:44 | INFO     |     准确率: 0.951878
2025-07-24 17:07:44 | INFO     |     学习率: 0.00005000
2025-07-24 17:07:44 | INFO     |   验证指标(标准CE):
2025-07-24 17:07:44 | INFO     |     损失: 0.196758
2025-07-24 17:07:44 | INFO     |     准确率: 0.956434
2025-07-24 17:07:44 | INFO     |     F1(macro): 0.958021
2025-07-24 17:07:44 | INFO     |     F1(weighted): 0.955963
2025-07-24 17:07:44 | INFO     |     精确率: 0.962794
2025-07-24 17:07:44 | INFO     |     召回率: 0.958562
2025-07-24 17:07:44 | INFO     |   学习率调度器: f1_based
2025-07-24 17:07:44 | INFO     | ------------------------------------------------------------
2025-07-24 17:07:44 | INFO     | Epoch  60 | Train: Loss=0.1821, Acc=0.9519 | Val: Loss=0.1968, Acc=0.9564, F1=0.9560 | LR=0.000050 
2025-07-24 17:12:08 | INFO     | Epoch 61:
2025-07-24 17:12:08 | INFO     |   训练指标:
2025-07-24 17:12:08 | INFO     |     损失(ce): 0.217418
2025-07-24 17:12:08 | INFO     |     准确率: 0.950537
2025-07-24 17:12:08 | INFO     |     学习率: 0.00005000
2025-07-24 17:12:08 | INFO     |   验证指标(标准CE):
2025-07-24 17:12:08 | INFO     |     损失: 0.275324
2025-07-24 17:12:08 | INFO     |     准确率: 0.952413
2025-07-24 17:12:08 | INFO     |     F1(macro): 0.955293
2025-07-24 17:12:08 | INFO     |     F1(weighted): 0.952984
2025-07-24 17:12:08 | INFO     |     精确率: 0.959877
2025-07-24 17:12:08 | INFO     |     召回率: 0.955258
2025-07-24 17:12:08 | INFO     |   学习率调度器: f1_based
2025-07-24 17:12:08 | INFO     | ------------------------------------------------------------
2025-07-24 17:12:08 | INFO     | 🎯 学习率调整事件:
2025-07-24 17:12:08 | INFO     |   调度器类型: f1_based
2025-07-24 17:12:08 | INFO     |   学习率变化: 0.00005000 → 0.00002500
2025-07-24 17:12:08 | INFO     |   触发条件: F1分数 = 0.952984
2025-07-24 17:12:08 | INFO     |   变化幅度: -50.00%
2025-07-24 17:12:08 | INFO     | ------------------------------------------------------------
2025-07-24 17:12:08 | INFO     | Epoch  61 | Train: Loss=0.2174, Acc=0.9505 | Val: Loss=0.2753, Acc=0.9524, F1=0.9530 | LR=0.000025 
2025-07-24 17:16:32 | INFO     | Epoch 62:
2025-07-24 17:16:32 | INFO     |   训练指标:
2025-07-24 17:16:32 | INFO     |     损失(ce): 0.119519
2025-07-24 17:16:32 | INFO     |     准确率: 0.963447
2025-07-24 17:16:32 | INFO     |     学习率: 0.00002500
2025-07-24 17:16:32 | INFO     |   验证指标(标准CE):
2025-07-24 17:16:32 | INFO     |     损失: 0.187501
2025-07-24 17:16:32 | INFO     |     准确率: 0.957775
2025-07-24 17:16:32 | INFO     |     F1(macro): 0.959227
2025-07-24 17:16:32 | INFO     |     F1(weighted): 0.958172
2025-07-24 17:16:32 | INFO     |     精确率: 0.964319
2025-07-24 17:16:32 | INFO     |     召回率: 0.958914
2025-07-24 17:16:32 | INFO     |   学习率调度器: f1_based
2025-07-24 17:16:32 | INFO     | ------------------------------------------------------------
2025-07-24 17:16:32 | INFO     | Epoch  62 | Train: Loss=0.1195, Acc=0.9634 | Val: Loss=0.1875, Acc=0.9578, F1=0.9582 | LR=0.000025 
2025-07-24 17:20:56 | INFO     | Epoch 63:
2025-07-24 17:20:56 | INFO     |   训练指标:
2025-07-24 17:20:56 | INFO     |     损失(ce): 0.116706
2025-07-24 17:20:56 | INFO     |     准确率: 0.963447
2025-07-24 17:20:56 | INFO     |     学习率: 0.00002500
2025-07-24 17:20:56 | INFO     |   验证指标(标准CE):
2025-07-24 17:20:56 | INFO     |     损失: 0.103935
2025-07-24 17:20:56 | INFO     |     准确率: 0.967828
2025-07-24 17:20:56 | INFO     |     F1(macro): 0.969221
2025-07-24 17:20:56 | INFO     |     F1(weighted): 0.968067
2025-07-24 17:20:56 | INFO     |     精确率: 0.971404
2025-07-24 17:20:56 | INFO     |     召回率: 0.969474
2025-07-24 17:20:56 | INFO     |   学习率调度器: f1_based
2025-07-24 17:20:56 | INFO     | ------------------------------------------------------------
2025-07-24 17:20:56 | INFO     | Epoch  63 | Train: Loss=0.1167, Acc=0.9634 | Val: Loss=0.1039, Acc=0.9678, F1=0.9681 | LR=0.000025 
2025-07-24 17:25:20 | INFO     | Epoch 64:
2025-07-24 17:25:20 | INFO     |   训练指标:
2025-07-24 17:25:20 | INFO     |     损失(ce): 0.116043
2025-07-24 17:25:20 | INFO     |     准确率: 0.962944
2025-07-24 17:25:20 | INFO     |     学习率: 0.00002500
2025-07-24 17:25:20 | INFO     |   验证指标(标准CE):
2025-07-24 17:25:20 | INFO     |     损失: 0.104462
2025-07-24 17:25:20 | INFO     |     准确率: 0.967828
2025-07-24 17:25:20 | INFO     |     F1(macro): 0.969298
2025-07-24 17:25:20 | INFO     |     F1(weighted): 0.967987
2025-07-24 17:25:20 | INFO     |     精确率: 0.974181
2025-07-24 17:25:20 | INFO     |     召回率: 0.969427
2025-07-24 17:25:20 | INFO     |   学习率调度器: f1_based
2025-07-24 17:25:20 | INFO     | ------------------------------------------------------------
2025-07-24 17:25:20 | INFO     | Epoch  64 | Train: Loss=0.1160, Acc=0.9629 | Val: Loss=0.1045, Acc=0.9678, F1=0.9680 | LR=0.000025 
2025-07-24 17:29:44 | INFO     | Epoch 65:
2025-07-24 17:29:44 | INFO     |   训练指标:
2025-07-24 17:29:44 | INFO     |     损失(ce): 0.104370
2025-07-24 17:29:44 | INFO     |     准确率: 0.967807
2025-07-24 17:29:44 | INFO     |     学习率: 0.00002500
2025-07-24 17:29:44 | INFO     |   验证指标(标准CE):
2025-07-24 17:29:44 | INFO     |     损失: 0.083249
2025-07-24 17:29:44 | INFO     |     准确率: 0.970509
2025-07-24 17:29:44 | INFO     |     F1(macro): 0.971112
2025-07-24 17:29:44 | INFO     |     F1(weighted): 0.970663
2025-07-24 17:29:44 | INFO     |     精确率: 0.975841
2025-07-24 17:29:44 | INFO     |     召回率: 0.970790
2025-07-24 17:29:44 | INFO     |   学习率调度器: f1_based
2025-07-24 17:29:44 | INFO     | ------------------------------------------------------------
2025-07-24 17:29:44 | INFO     | Epoch  65 | Train: Loss=0.1044, Acc=0.9678 | Val: Loss=0.0832, Acc=0.9705, F1=0.9707 | LR=0.000025 🏆 [最佳模型]
2025-07-24 17:34:09 | INFO     | Epoch 66:
2025-07-24 17:34:09 | INFO     |   训练指标:
2025-07-24 17:34:09 | INFO     |     损失(ce): 0.114371
2025-07-24 17:34:09 | INFO     |     准确率: 0.966968
2025-07-24 17:34:09 | INFO     |     学习率: 0.00002500
2025-07-24 17:34:09 | INFO     |   验证指标(标准CE):
2025-07-24 17:34:09 | INFO     |     损失: 0.189007
2025-07-24 17:34:09 | INFO     |     准确率: 0.965147
2025-07-24 17:34:09 | INFO     |     F1(macro): 0.966409
2025-07-24 17:34:09 | INFO     |     F1(weighted): 0.965130
2025-07-24 17:34:09 | INFO     |     精确率: 0.971087
2025-07-24 17:34:09 | INFO     |     召回率: 0.967031
2025-07-24 17:34:09 | INFO     |   学习率调度器: f1_based
2025-07-24 17:34:09 | INFO     | ------------------------------------------------------------
2025-07-24 17:34:09 | INFO     | Epoch  66 | Train: Loss=0.1144, Acc=0.9670 | Val: Loss=0.1890, Acc=0.9651, F1=0.9651 | LR=0.000025 
2025-07-24 17:38:32 | INFO     | Epoch 67:
2025-07-24 17:38:32 | INFO     |   训练指标:
2025-07-24 17:38:32 | INFO     |     损失(ce): 0.108990
2025-07-24 17:38:32 | INFO     |     准确率: 0.967639
2025-07-24 17:38:32 | INFO     |     学习率: 0.00002500
2025-07-24 17:38:32 | INFO     |   验证指标(标准CE):
2025-07-24 17:38:32 | INFO     |     损失: 0.217199
2025-07-24 17:38:32 | INFO     |     准确率: 0.961796
2025-07-24 17:38:32 | INFO     |     F1(macro): 0.962746
2025-07-24 17:38:32 | INFO     |     F1(weighted): 0.961966
2025-07-24 17:38:32 | INFO     |     精确率: 0.968818
2025-07-24 17:38:32 | INFO     |     召回率: 0.963513
2025-07-24 17:38:32 | INFO     |   学习率调度器: f1_based
2025-07-24 17:38:32 | INFO     | ------------------------------------------------------------
2025-07-24 17:38:32 | INFO     | Epoch  67 | Train: Loss=0.1090, Acc=0.9676 | Val: Loss=0.2172, Acc=0.9618, F1=0.9620 | LR=0.000025 
2025-07-24 17:42:56 | INFO     | Epoch 68:
2025-07-24 17:42:56 | INFO     |   训练指标:
2025-07-24 17:42:56 | INFO     |     损失(ce): 0.111967
2025-07-24 17:42:56 | INFO     |     准确率: 0.968142
2025-07-24 17:42:56 | INFO     |     学习率: 0.00002500
2025-07-24 17:42:56 | INFO     |   验证指标(标准CE):
2025-07-24 17:42:56 | INFO     |     损失: 0.134306
2025-07-24 17:42:56 | INFO     |     准确率: 0.966488
2025-07-24 17:42:56 | INFO     |     F1(macro): 0.967927
2025-07-24 17:42:56 | INFO     |     F1(weighted): 0.966343
2025-07-24 17:42:56 | INFO     |     精确率: 0.969685
2025-07-24 17:42:56 | INFO     |     召回率: 0.968288
2025-07-24 17:42:56 | INFO     |   学习率调度器: f1_based
2025-07-24 17:42:56 | INFO     | ------------------------------------------------------------
2025-07-24 17:42:56 | INFO     | Epoch  68 | Train: Loss=0.1120, Acc=0.9681 | Val: Loss=0.1343, Acc=0.9665, F1=0.9663 | LR=0.000025 
2025-07-24 17:47:20 | INFO     | Epoch 69:
2025-07-24 17:47:20 | INFO     |   训练指标:
2025-07-24 17:47:20 | INFO     |     损失(ce): 0.105933
2025-07-24 17:47:20 | INFO     |     准确率: 0.969651
2025-07-24 17:47:20 | INFO     |     学习率: 0.00002500
2025-07-24 17:47:20 | INFO     |   验证指标(标准CE):
2025-07-24 17:47:20 | INFO     |     损失: 0.266197
2025-07-24 17:47:20 | INFO     |     准确率: 0.955094
2025-07-24 17:47:20 | INFO     |     F1(macro): 0.957034
2025-07-24 17:47:20 | INFO     |     F1(weighted): 0.955079
2025-07-24 17:47:20 | INFO     |     精确率: 0.959402
2025-07-24 17:47:20 | INFO     |     召回率: 0.957579
2025-07-24 17:47:20 | INFO     |   学习率调度器: f1_based
2025-07-24 17:47:20 | INFO     | ------------------------------------------------------------
2025-07-24 17:47:20 | INFO     | Epoch  69 | Train: Loss=0.1059, Acc=0.9697 | Val: Loss=0.2662, Acc=0.9551, F1=0.9551 | LR=0.000025 
2025-07-24 17:51:44 | INFO     | Epoch 70:
2025-07-24 17:51:44 | INFO     |   训练指标:
2025-07-24 17:51:44 | INFO     |     损失(ce): 0.113132
2025-07-24 17:51:44 | INFO     |     准确率: 0.967807
2025-07-24 17:51:44 | INFO     |     学习率: 0.00002500
2025-07-24 17:51:44 | INFO     |   验证指标(标准CE):
2025-07-24 17:51:44 | INFO     |     损失: 0.099562
2025-07-24 17:51:44 | INFO     |     准确率: 0.972520
2025-07-24 17:51:44 | INFO     |     F1(macro): 0.973869
2025-07-24 17:51:44 | INFO     |     F1(weighted): 0.972718
2025-07-24 17:51:44 | INFO     |     精确率: 0.976536
2025-07-24 17:51:44 | INFO     |     召回率: 0.973265
2025-07-24 17:51:44 | INFO     |   学习率调度器: f1_based
2025-07-24 17:51:44 | INFO     | ------------------------------------------------------------
2025-07-24 17:51:44 | INFO     | Epoch  70 | Train: Loss=0.1131, Acc=0.9678 | Val: Loss=0.0996, Acc=0.9725, F1=0.9727 | LR=0.000025 🏆 [最佳模型]
2025-07-24 17:56:09 | INFO     | Epoch 71:
2025-07-24 17:56:09 | INFO     |   训练指标:
2025-07-24 17:56:09 | INFO     |     损失(ce): 0.118563
2025-07-24 17:56:09 | INFO     |     准确率: 0.968813
2025-07-24 17:56:09 | INFO     |     学习率: 0.00002500
2025-07-24 17:56:09 | INFO     |   验证指标(标准CE):
2025-07-24 17:56:09 | INFO     |     损失: 0.159479
2025-07-24 17:56:09 | INFO     |     准确率: 0.965818
2025-07-24 17:56:09 | INFO     |     F1(macro): 0.967940
2025-07-24 17:56:09 | INFO     |     F1(weighted): 0.966175
2025-07-24 17:56:09 | INFO     |     精确率: 0.972078
2025-07-24 17:56:09 | INFO     |     召回率: 0.968033
2025-07-24 17:56:09 | INFO     |   学习率调度器: f1_based
2025-07-24 17:56:09 | INFO     | ------------------------------------------------------------
2025-07-24 17:56:09 | INFO     | Epoch  71 | Train: Loss=0.1186, Acc=0.9688 | Val: Loss=0.1595, Acc=0.9658, F1=0.9662 | LR=0.000025 
2025-07-24 18:00:33 | INFO     | Epoch 72:
2025-07-24 18:00:33 | INFO     |   训练指标:
2025-07-24 18:00:33 | INFO     |     损失(ce): 0.092286
2025-07-24 18:00:33 | INFO     |     准确率: 0.971999
2025-07-24 18:00:33 | INFO     |     学习率: 0.00002500
2025-07-24 18:00:33 | INFO     |   验证指标(标准CE):
2025-07-24 18:00:33 | INFO     |     损失: 0.096154
2025-07-24 18:00:33 | INFO     |     准确率: 0.970509
2025-07-24 18:00:33 | INFO     |     F1(macro): 0.971419
2025-07-24 18:00:33 | INFO     |     F1(weighted): 0.970638
2025-07-24 18:00:33 | INFO     |     精确率: 0.972759
2025-07-24 18:00:33 | INFO     |     召回率: 0.971260
2025-07-24 18:00:33 | INFO     |   学习率调度器: f1_based
2025-07-24 18:00:33 | INFO     | ------------------------------------------------------------
2025-07-24 18:00:33 | INFO     | Epoch  72 | Train: Loss=0.0923, Acc=0.9720 | Val: Loss=0.0962, Acc=0.9705, F1=0.9706 | LR=0.000025 
2025-07-24 18:04:57 | INFO     | Epoch 73:
2025-07-24 18:04:57 | INFO     |   训练指标:
2025-07-24 18:04:57 | INFO     |     损失(ce): 0.112312
2025-07-24 18:04:57 | INFO     |     准确率: 0.966801
2025-07-24 18:04:57 | INFO     |     学习率: 0.00002500
2025-07-24 18:04:57 | INFO     |   验证指标(标准CE):
2025-07-24 18:04:57 | INFO     |     损失: 0.106463
2025-07-24 18:04:57 | INFO     |     准确率: 0.972520
2025-07-24 18:04:57 | INFO     |     F1(macro): 0.973382
2025-07-24 18:04:57 | INFO     |     F1(weighted): 0.972605
2025-07-24 18:04:57 | INFO     |     精确率: 0.975480
2025-07-24 18:04:57 | INFO     |     召回率: 0.973251
2025-07-24 18:04:57 | INFO     |   学习率调度器: f1_based
2025-07-24 18:04:57 | INFO     | ------------------------------------------------------------
2025-07-24 18:04:57 | INFO     | Epoch  73 | Train: Loss=0.1123, Acc=0.9668 | Val: Loss=0.1065, Acc=0.9725, F1=0.9726 | LR=0.000025 
2025-07-24 18:09:21 | INFO     | Epoch 74:
2025-07-24 18:09:21 | INFO     |   训练指标:
2025-07-24 18:09:21 | INFO     |     损失(ce): 0.102198
2025-07-24 18:09:21 | INFO     |     准确率: 0.968813
2025-07-24 18:09:21 | INFO     |     学习率: 0.00002500
2025-07-24 18:09:21 | INFO     |   验证指标(标准CE):
2025-07-24 18:09:21 | INFO     |     损失: 0.094820
2025-07-24 18:09:21 | INFO     |     准确率: 0.970509
2025-07-24 18:09:21 | INFO     |     F1(macro): 0.972348
2025-07-24 18:09:21 | INFO     |     F1(weighted): 0.970571
2025-07-24 18:09:21 | INFO     |     精确率: 0.975058
2025-07-24 18:09:21 | INFO     |     召回率: 0.971809
2025-07-24 18:09:21 | INFO     |   学习率调度器: f1_based
2025-07-24 18:09:21 | INFO     | ------------------------------------------------------------
2025-07-24 18:09:21 | INFO     | Epoch  74 | Train: Loss=0.1022, Acc=0.9688 | Val: Loss=0.0948, Acc=0.9705, F1=0.9706 | LR=0.000025 
2025-07-24 18:13:45 | INFO     | Epoch 75:
2025-07-24 18:13:45 | INFO     |   训练指标:
2025-07-24 18:13:45 | INFO     |     损失(ce): 0.103269
2025-07-24 18:13:45 | INFO     |     准确率: 0.971328
2025-07-24 18:13:45 | INFO     |     学习率: 0.00002500
2025-07-24 18:13:45 | INFO     |   验证指标(标准CE):
2025-07-24 18:13:45 | INFO     |     损失: 0.150494
2025-07-24 18:13:45 | INFO     |     准确率: 0.967158
2025-07-24 18:13:45 | INFO     |     F1(macro): 0.967976
2025-07-24 18:13:45 | INFO     |     F1(weighted): 0.967236
2025-07-24 18:13:45 | INFO     |     精确率: 0.970735
2025-07-24 18:13:45 | INFO     |     召回率: 0.968043
2025-07-24 18:13:45 | INFO     |   学习率调度器: f1_based
2025-07-24 18:13:45 | INFO     | ------------------------------------------------------------
2025-07-24 18:13:45 | INFO     | Epoch  75 | Train: Loss=0.1033, Acc=0.9713 | Val: Loss=0.1505, Acc=0.9672, F1=0.9672 | LR=0.000025 
2025-07-24 18:18:09 | INFO     | Epoch 76:
2025-07-24 18:18:09 | INFO     |   训练指标:
2025-07-24 18:18:09 | INFO     |     损失(ce): 0.117186
2025-07-24 18:18:09 | INFO     |     准确率: 0.967639
2025-07-24 18:18:09 | INFO     |     学习率: 0.00002500
2025-07-24 18:18:09 | INFO     |   验证指标(标准CE):
2025-07-24 18:18:09 | INFO     |     损失: 0.139647
2025-07-24 18:18:09 | INFO     |     准确率: 0.961796
2025-07-24 18:18:09 | INFO     |     F1(macro): 0.963362
2025-07-24 18:18:09 | INFO     |     F1(weighted): 0.961905
2025-07-24 18:18:09 | INFO     |     精确率: 0.965242
2025-07-24 18:18:09 | INFO     |     召回率: 0.963962
2025-07-24 18:18:09 | INFO     |   学习率调度器: f1_based
2025-07-24 18:18:09 | INFO     | ------------------------------------------------------------
2025-07-24 18:18:09 | INFO     | 🎯 学习率调整事件:
2025-07-24 18:18:09 | INFO     |   调度器类型: f1_based
2025-07-24 18:18:09 | INFO     |   学习率变化: 0.00002500 → 0.00001250
2025-07-24 18:18:09 | INFO     |   触发条件: F1分数 = 0.961905
2025-07-24 18:18:09 | INFO     |   变化幅度: -50.00%
2025-07-24 18:18:09 | INFO     | ------------------------------------------------------------
2025-07-24 18:18:09 | INFO     | Epoch  76 | Train: Loss=0.1172, Acc=0.9676 | Val: Loss=0.1396, Acc=0.9618, F1=0.9619 | LR=0.000013 
2025-07-24 18:22:33 | INFO     | Epoch 77:
2025-07-24 18:22:33 | INFO     |   训练指标:
2025-07-24 18:22:33 | INFO     |     损失(ce): 0.095119
2025-07-24 18:22:33 | INFO     |     准确率: 0.969316
2025-07-24 18:22:33 | INFO     |     学习率: 0.00001250
2025-07-24 18:22:33 | INFO     |   验证指标(标准CE):
2025-07-24 18:22:33 | INFO     |     损失: 0.130070
2025-07-24 18:22:33 | INFO     |     准确率: 0.964477
2025-07-24 18:22:33 | INFO     |     F1(macro): 0.966227
2025-07-24 18:22:33 | INFO     |     F1(weighted): 0.964855
2025-07-24 18:22:33 | INFO     |     精确率: 0.969018
2025-07-24 18:22:33 | INFO     |     召回率: 0.966198
2025-07-24 18:22:33 | INFO     |   学习率调度器: f1_based
2025-07-24 18:22:33 | INFO     | ------------------------------------------------------------
2025-07-24 18:22:33 | INFO     | Epoch  77 | Train: Loss=0.0951, Acc=0.9693 | Val: Loss=0.1301, Acc=0.9645, F1=0.9649 | LR=0.000013 
2025-07-24 18:26:57 | INFO     | Epoch 78:
2025-07-24 18:26:57 | INFO     |   训练指标:
2025-07-24 18:26:57 | INFO     |     损失(ce): 0.078553
2025-07-24 18:26:57 | INFO     |     准确率: 0.973843
2025-07-24 18:26:57 | INFO     |     学习率: 0.00001250
2025-07-24 18:26:57 | INFO     |   验证指标(标准CE):
2025-07-24 18:26:57 | INFO     |     损失: 0.112020
2025-07-24 18:26:57 | INFO     |     准确率: 0.971850
2025-07-24 18:26:57 | INFO     |     F1(macro): 0.972483
2025-07-24 18:26:57 | INFO     |     F1(weighted): 0.971768
2025-07-24 18:26:57 | INFO     |     精确率: 0.973017
2025-07-24 18:26:57 | INFO     |     召回率: 0.972939
2025-07-24 18:26:57 | INFO     |   学习率调度器: f1_based
2025-07-24 18:26:57 | INFO     | ------------------------------------------------------------
2025-07-24 18:26:57 | INFO     | Epoch  78 | Train: Loss=0.0786, Acc=0.9738 | Val: Loss=0.1120, Acc=0.9718, F1=0.9718 | LR=0.000013 
2025-07-24 18:31:21 | INFO     | Epoch 79:
2025-07-24 18:31:21 | INFO     |   训练指标:
2025-07-24 18:31:21 | INFO     |     损失(ce): 0.071769
2025-07-24 18:31:21 | INFO     |     准确率: 0.978873
2025-07-24 18:31:21 | INFO     |     学习率: 0.00001250
2025-07-24 18:31:21 | INFO     |   验证指标(标准CE):
2025-07-24 18:31:21 | INFO     |     损失: 0.299360
2025-07-24 18:31:21 | INFO     |     准确率: 0.960456
2025-07-24 18:31:21 | INFO     |     F1(macro): 0.962376
2025-07-24 18:31:21 | INFO     |     F1(weighted): 0.961386
2025-07-24 18:31:21 | INFO     |     精确率: 0.968963
2025-07-24 18:31:21 | INFO     |     召回率: 0.962818
2025-07-24 18:31:21 | INFO     |   学习率调度器: f1_based
2025-07-24 18:31:21 | INFO     | ------------------------------------------------------------
2025-07-24 18:31:21 | INFO     | Epoch  79 | Train: Loss=0.0718, Acc=0.9789 | Val: Loss=0.2994, Acc=0.9605, F1=0.9614 | LR=0.000013 
2025-07-24 18:35:45 | INFO     | Epoch 80:
2025-07-24 18:35:45 | INFO     |   训练指标:
2025-07-24 18:35:45 | INFO     |     损失(ce): 0.075723
2025-07-24 18:35:45 | INFO     |     准确率: 0.977197
2025-07-24 18:35:45 | INFO     |     学习率: 0.00001250
2025-07-24 18:35:45 | INFO     |   验证指标(标准CE):
2025-07-24 18:35:45 | INFO     |     损失: 0.097206
2025-07-24 18:35:45 | INFO     |     准确率: 0.969839
2025-07-24 18:35:45 | INFO     |     F1(macro): 0.970429
2025-07-24 18:35:45 | INFO     |     F1(weighted): 0.969949
2025-07-24 18:35:45 | INFO     |     精确率: 0.972858
2025-07-24 18:35:45 | INFO     |     召回率: 0.970910
2025-07-24 18:35:45 | INFO     |   学习率调度器: f1_based
2025-07-24 18:35:45 | INFO     | ------------------------------------------------------------
2025-07-24 18:35:45 | INFO     | Epoch  80 | Train: Loss=0.0757, Acc=0.9772 | Val: Loss=0.0972, Acc=0.9698, F1=0.9699 | LR=0.000013 
2025-07-24 18:40:09 | INFO     | Epoch 81:
2025-07-24 18:40:09 | INFO     |   训练指标:
2025-07-24 18:40:09 | INFO     |     损失(ce): 0.079879
2025-07-24 18:40:09 | INFO     |     准确率: 0.977029
2025-07-24 18:40:09 | INFO     |     学习率: 0.00001250
2025-07-24 18:40:09 | INFO     |   验证指标(标准CE):
2025-07-24 18:40:09 | INFO     |     损失: 0.065342
2025-07-24 18:40:09 | INFO     |     准确率: 0.976542
2025-07-24 18:40:09 | INFO     |     F1(macro): 0.977479
2025-07-24 18:40:09 | INFO     |     F1(weighted): 0.976558
2025-07-24 18:40:09 | INFO     |     精确率: 0.977701
2025-07-24 18:40:09 | INFO     |     召回率: 0.977707
2025-07-24 18:40:09 | INFO     |   学习率调度器: f1_based
2025-07-24 18:40:09 | INFO     | ------------------------------------------------------------
2025-07-24 18:40:09 | INFO     | Epoch  81 | Train: Loss=0.0799, Acc=0.9770 | Val: Loss=0.0653, Acc=0.9765, F1=0.9766 | LR=0.000013 🏆 [最佳模型]
2025-07-24 18:44:34 | INFO     | Epoch 82:
2025-07-24 18:44:34 | INFO     |   训练指标:
2025-07-24 18:44:34 | INFO     |     损失(ce): 0.075601
2025-07-24 18:44:34 | INFO     |     准确率: 0.976861
2025-07-24 18:44:34 | INFO     |     学习率: 0.00001250
2025-07-24 18:44:34 | INFO     |   验证指标(标准CE):
2025-07-24 18:44:34 | INFO     |     损失: 0.118455
2025-07-24 18:44:34 | INFO     |     准确率: 0.971180
2025-07-24 18:44:34 | INFO     |     F1(macro): 0.972107
2025-07-24 18:44:34 | INFO     |     F1(weighted): 0.971116
2025-07-24 18:44:34 | INFO     |     精确率: 0.975535
2025-07-24 18:44:34 | INFO     |     召回率: 0.973410
2025-07-24 18:44:34 | INFO     |   学习率调度器: f1_based
2025-07-24 18:44:34 | INFO     | ------------------------------------------------------------
2025-07-24 18:44:34 | INFO     | Epoch  82 | Train: Loss=0.0756, Acc=0.9769 | Val: Loss=0.1185, Acc=0.9712, F1=0.9711 | LR=0.000013 
2025-07-24 18:48:58 | INFO     | Epoch 83:
2025-07-24 18:48:58 | INFO     |   训练指标:
2025-07-24 18:48:58 | INFO     |     损失(ce): 0.071296
2025-07-24 18:48:58 | INFO     |     准确率: 0.974849
2025-07-24 18:48:58 | INFO     |     学习率: 0.00001250
2025-07-24 18:48:58 | INFO     |   验证指标(标准CE):
2025-07-24 18:48:58 | INFO     |     损失: 0.109250
2025-07-24 18:48:58 | INFO     |     准确率: 0.970509
2025-07-24 18:48:58 | INFO     |     F1(macro): 0.971710
2025-07-24 18:48:58 | INFO     |     F1(weighted): 0.970683
2025-07-24 18:48:58 | INFO     |     精确率: 0.975006
2025-07-24 18:48:58 | INFO     |     召回率: 0.971520
2025-07-24 18:48:58 | INFO     |   学习率调度器: f1_based
2025-07-24 18:48:58 | INFO     | ------------------------------------------------------------
2025-07-24 18:48:58 | INFO     | Epoch  83 | Train: Loss=0.0713, Acc=0.9748 | Val: Loss=0.1093, Acc=0.9705, F1=0.9707 | LR=0.000013 
2025-07-24 18:53:22 | INFO     | Epoch 84:
2025-07-24 18:53:22 | INFO     |   训练指标:
2025-07-24 18:53:22 | INFO     |     损失(ce): 0.078051
2025-07-24 18:53:22 | INFO     |     准确率: 0.975184
2025-07-24 18:53:22 | INFO     |     学习率: 0.00001250
2025-07-24 18:53:22 | INFO     |   验证指标(标准CE):
2025-07-24 18:53:22 | INFO     |     损失: 0.131305
2025-07-24 18:53:22 | INFO     |     准确率: 0.970509
2025-07-24 18:53:22 | INFO     |     F1(macro): 0.971528
2025-07-24 18:53:22 | INFO     |     F1(weighted): 0.970615
2025-07-24 18:53:22 | INFO     |     精确率: 0.976044
2025-07-24 18:53:22 | INFO     |     召回率: 0.971744
2025-07-24 18:53:22 | INFO     |   学习率调度器: f1_based
2025-07-24 18:53:22 | INFO     | ------------------------------------------------------------
2025-07-24 18:53:22 | INFO     | Epoch  84 | Train: Loss=0.0781, Acc=0.9752 | Val: Loss=0.1313, Acc=0.9705, F1=0.9706 | LR=0.000013 
2025-07-24 18:57:46 | INFO     | Epoch 85:
2025-07-24 18:57:46 | INFO     |   训练指标:
2025-07-24 18:57:46 | INFO     |     损失(ce): 0.076982
2025-07-24 18:57:46 | INFO     |     准确率: 0.977532
2025-07-24 18:57:46 | INFO     |     学习率: 0.00001250
2025-07-24 18:57:46 | INFO     |   验证指标(标准CE):
2025-07-24 18:57:46 | INFO     |     损失: 0.229583
2025-07-24 18:57:46 | INFO     |     准确率: 0.964477
2025-07-24 18:57:46 | INFO     |     F1(macro): 0.966384
2025-07-24 18:57:46 | INFO     |     F1(weighted): 0.965167
2025-07-24 18:57:46 | INFO     |     精确率: 0.972342
2025-07-24 18:57:46 | INFO     |     召回率: 0.967650
2025-07-24 18:57:46 | INFO     |   学习率调度器: f1_based
2025-07-24 18:57:46 | INFO     | ------------------------------------------------------------
2025-07-24 18:57:46 | INFO     | Epoch  85 | Train: Loss=0.0770, Acc=0.9775 | Val: Loss=0.2296, Acc=0.9645, F1=0.9652 | LR=0.000013 
2025-07-24 19:02:10 | INFO     | Epoch 86:
2025-07-24 19:02:10 | INFO     |   训练指标:
2025-07-24 19:02:10 | INFO     |     损失(ce): 0.078873
2025-07-24 19:02:10 | INFO     |     准确率: 0.974178
2025-07-24 19:02:10 | INFO     |     学习率: 0.00001250
2025-07-24 19:02:10 | INFO     |   验证指标(标准CE):
2025-07-24 19:02:10 | INFO     |     损失: 0.126684
2025-07-24 19:02:10 | INFO     |     准确率: 0.974531
2025-07-24 19:02:10 | INFO     |     F1(macro): 0.975294
2025-07-24 19:02:10 | INFO     |     F1(weighted): 0.974276
2025-07-24 19:02:10 | INFO     |     精确率: 0.977914
2025-07-24 19:02:10 | INFO     |     召回率: 0.976069
2025-07-24 19:02:10 | INFO     |   学习率调度器: f1_based
2025-07-24 19:02:10 | INFO     | ------------------------------------------------------------
2025-07-24 19:02:10 | INFO     | Epoch  86 | Train: Loss=0.0789, Acc=0.9742 | Val: Loss=0.1267, Acc=0.9745, F1=0.9743 | LR=0.000013 
2025-07-24 19:06:34 | INFO     | Epoch 87:
2025-07-24 19:06:34 | INFO     |   训练指标:
2025-07-24 19:06:34 | INFO     |     损失(ce): 0.072925
2025-07-24 19:06:34 | INFO     |     准确率: 0.976190
2025-07-24 19:06:34 | INFO     |     学习率: 0.00001250
2025-07-24 19:06:34 | INFO     |   验证指标(标准CE):
2025-07-24 19:06:34 | INFO     |     损失: 0.118326
2025-07-24 19:06:34 | INFO     |     准确率: 0.969169
2025-07-24 19:06:34 | INFO     |     F1(macro): 0.969876
2025-07-24 19:06:34 | INFO     |     F1(weighted): 0.969120
2025-07-24 19:06:34 | INFO     |     精确率: 0.973276
2025-07-24 19:06:34 | INFO     |     召回率: 0.970620
2025-07-24 19:06:34 | INFO     |   学习率调度器: f1_based
2025-07-24 19:06:34 | INFO     | ------------------------------------------------------------
2025-07-24 19:06:34 | INFO     | 🎯 学习率调整事件:
2025-07-24 19:06:34 | INFO     |   调度器类型: f1_based
2025-07-24 19:06:34 | INFO     |   学习率变化: 0.00001250 → 0.00000625
2025-07-24 19:06:34 | INFO     |   触发条件: F1分数 = 0.969120
2025-07-24 19:06:34 | INFO     |   变化幅度: -50.00%
2025-07-24 19:06:34 | INFO     | ------------------------------------------------------------
2025-07-24 19:06:34 | INFO     | Epoch  87 | Train: Loss=0.0729, Acc=0.9762 | Val: Loss=0.1183, Acc=0.9692, F1=0.9691 | LR=0.000006 
2025-07-24 19:10:58 | INFO     | Epoch 88:
2025-07-24 19:10:58 | INFO     |   训练指标:
2025-07-24 19:10:58 | INFO     |     损失(ce): 0.070832
2025-07-24 19:10:58 | INFO     |     准确率: 0.979209
2025-07-24 19:10:58 | INFO     |     学习率: 0.00000625
2025-07-24 19:10:58 | INFO     |   验证指标(标准CE):
2025-07-24 19:10:58 | INFO     |     损失: 0.092075
2025-07-24 19:10:58 | INFO     |     准确率: 0.971180
2025-07-24 19:10:58 | INFO     |     F1(macro): 0.971342
2025-07-24 19:10:58 | INFO     |     F1(weighted): 0.970912
2025-07-24 19:10:58 | INFO     |     精确率: 0.974599
2025-07-24 19:10:58 | INFO     |     召回率: 0.972914
2025-07-24 19:10:58 | INFO     |   学习率调度器: f1_based
2025-07-24 19:10:58 | INFO     | ------------------------------------------------------------
2025-07-24 19:10:58 | INFO     | Epoch  88 | Train: Loss=0.0708, Acc=0.9792 | Val: Loss=0.0921, Acc=0.9712, F1=0.9709 | LR=0.000006 
2025-07-24 19:15:21 | INFO     | Epoch 89:
2025-07-24 19:15:21 | INFO     |   训练指标:
2025-07-24 19:15:21 | INFO     |     损失(ce): 0.063092
2025-07-24 19:15:21 | INFO     |     准确率: 0.977532
2025-07-24 19:15:21 | INFO     |     学习率: 0.00000625
2025-07-24 19:15:21 | INFO     |   验证指标(标准CE):
2025-07-24 19:15:21 | INFO     |     损失: 0.088718
2025-07-24 19:15:21 | INFO     |     准确率: 0.973190
2025-07-24 19:15:21 | INFO     |     F1(macro): 0.974194
2025-07-24 19:15:21 | INFO     |     F1(weighted): 0.973222
2025-07-24 19:15:21 | INFO     |     精确率: 0.978133
2025-07-24 19:15:21 | INFO     |     召回率: 0.974666
2025-07-24 19:15:21 | INFO     |   学习率调度器: f1_based
2025-07-24 19:15:21 | INFO     | ------------------------------------------------------------
2025-07-24 19:15:21 | INFO     | Epoch  89 | Train: Loss=0.0631, Acc=0.9775 | Val: Loss=0.0887, Acc=0.9732, F1=0.9732 | LR=0.000006 
2025-07-24 19:19:45 | INFO     | Epoch 90:
2025-07-24 19:19:45 | INFO     |   训练指标:
2025-07-24 19:19:45 | INFO     |     损失(ce): 0.062156
2025-07-24 19:19:45 | INFO     |     准确率: 0.978538
2025-07-24 19:19:45 | INFO     |     学习率: 0.00000625
2025-07-24 19:19:45 | INFO     |   验证指标(标准CE):
2025-07-24 19:19:45 | INFO     |     损失: 0.262697
2025-07-24 19:19:45 | INFO     |     准确率: 0.969839
2025-07-24 19:19:45 | INFO     |     F1(macro): 0.971222
2025-07-24 19:19:45 | INFO     |     F1(weighted): 0.970246
2025-07-24 19:19:45 | INFO     |     精确率: 0.976195
2025-07-24 19:19:45 | INFO     |     召回率: 0.971589
2025-07-24 19:19:45 | INFO     |   学习率调度器: f1_based
2025-07-24 19:19:45 | INFO     | ------------------------------------------------------------
2025-07-24 19:19:45 | INFO     | Epoch  90 | Train: Loss=0.0622, Acc=0.9785 | Val: Loss=0.2627, Acc=0.9698, F1=0.9702 | LR=0.000006 
2025-07-24 19:24:09 | INFO     | Epoch 91:
2025-07-24 19:24:09 | INFO     |   训练指标:
2025-07-24 19:24:09 | INFO     |     损失(ce): 0.066678
2025-07-24 19:24:09 | INFO     |     准确率: 0.978706
2025-07-24 19:24:09 | INFO     |     学习率: 0.00000625
2025-07-24 19:24:09 | INFO     |   验证指标(标准CE):
2025-07-24 19:24:09 | INFO     |     损失: 0.067576
2025-07-24 19:24:09 | INFO     |     准确率: 0.974531
2025-07-24 19:24:09 | INFO     |     F1(macro): 0.975324
2025-07-24 19:24:09 | INFO     |     F1(weighted): 0.974521
2025-07-24 19:24:09 | INFO     |     精确率: 0.977763
2025-07-24 19:24:09 | INFO     |     召回率: 0.975850
2025-07-24 19:24:09 | INFO     |   学习率调度器: f1_based
2025-07-24 19:24:09 | INFO     | ------------------------------------------------------------
2025-07-24 19:24:09 | INFO     | Epoch  91 | Train: Loss=0.0667, Acc=0.9787 | Val: Loss=0.0676, Acc=0.9745, F1=0.9745 | LR=0.000006 
2025-07-24 19:28:33 | INFO     | Epoch 92:
2025-07-24 19:28:33 | INFO     |   训练指标:
2025-07-24 19:28:33 | INFO     |     损失(ce): 0.053666
2025-07-24 19:28:33 | INFO     |     准确率: 0.981053
2025-07-24 19:28:33 | INFO     |     学习率: 0.00000625
2025-07-24 19:28:33 | INFO     |   验证指标(标准CE):
2025-07-24 19:28:33 | INFO     |     损失: 0.102433
2025-07-24 19:28:33 | INFO     |     准确率: 0.971850
2025-07-24 19:28:33 | INFO     |     F1(macro): 0.973087
2025-07-24 19:28:33 | INFO     |     F1(weighted): 0.972353
2025-07-24 19:28:33 | INFO     |     精确率: 0.975758
2025-07-24 19:28:33 | INFO     |     召回率: 0.972800
2025-07-24 19:28:33 | INFO     |   学习率调度器: f1_based
2025-07-24 19:28:33 | INFO     | ------------------------------------------------------------
2025-07-24 19:28:33 | INFO     | Epoch  92 | Train: Loss=0.0537, Acc=0.9811 | Val: Loss=0.1024, Acc=0.9718, F1=0.9724 | LR=0.000006 
2025-07-24 19:32:58 | INFO     | Epoch 93:
2025-07-24 19:32:58 | INFO     |   训练指标:
2025-07-24 19:32:58 | INFO     |     损失(ce): 0.049270
2025-07-24 19:32:58 | INFO     |     准确率: 0.981221
2025-07-24 19:32:58 | INFO     |     学习率: 0.00000625
2025-07-24 19:32:58 | INFO     |   验证指标(标准CE):
2025-07-24 19:32:58 | INFO     |     损失: 0.147245
2025-07-24 19:32:58 | INFO     |     准确率: 0.971850
2025-07-24 19:32:58 | INFO     |     F1(macro): 0.972636
2025-07-24 19:32:58 | INFO     |     F1(weighted): 0.971782
2025-07-24 19:32:58 | INFO     |     精确率: 0.976861
2025-07-24 19:32:58 | INFO     |     召回率: 0.973189
2025-07-24 19:32:58 | INFO     |   学习率调度器: f1_based
2025-07-24 19:32:58 | INFO     | ------------------------------------------------------------
2025-07-24 19:32:58 | INFO     | Epoch  93 | Train: Loss=0.0493, Acc=0.9812 | Val: Loss=0.1472, Acc=0.9718, F1=0.9718 | LR=0.000006 
2025-07-24 19:37:22 | INFO     | Epoch 94:
2025-07-24 19:37:22 | INFO     |   训练指标:
2025-07-24 19:37:22 | INFO     |     损失(ce): 0.059389
2025-07-24 19:37:22 | INFO     |     准确率: 0.977867
2025-07-24 19:37:22 | INFO     |     学习率: 0.00000625
2025-07-24 19:37:22 | INFO     |   验证指标(标准CE):
2025-07-24 19:37:22 | INFO     |     损失: 0.100331
2025-07-24 19:37:22 | INFO     |     准确率: 0.974531
2025-07-24 19:37:22 | INFO     |     F1(macro): 0.975519
2025-07-24 19:37:22 | INFO     |     F1(weighted): 0.974620
2025-07-24 19:37:22 | INFO     |     精确率: 0.979385
2025-07-24 19:37:22 | INFO     |     召回率: 0.976021
2025-07-24 19:37:22 | INFO     |   学习率调度器: f1_based
2025-07-24 19:37:22 | INFO     | ------------------------------------------------------------
2025-07-24 19:37:22 | INFO     | Epoch  94 | Train: Loss=0.0594, Acc=0.9779 | Val: Loss=0.1003, Acc=0.9745, F1=0.9746 | LR=0.000006 
2025-07-24 19:41:46 | INFO     | Epoch 95:
2025-07-24 19:41:46 | INFO     |   训练指标:
2025-07-24 19:41:46 | INFO     |     损失(ce): 0.061034
2025-07-24 19:41:46 | INFO     |     准确率: 0.980215
2025-07-24 19:41:46 | INFO     |     学习率: 0.00000625
2025-07-24 19:41:46 | INFO     |   验证指标(标准CE):
2025-07-24 19:41:46 | INFO     |     损失: 0.105082
2025-07-24 19:41:46 | INFO     |     准确率: 0.973861
2025-07-24 19:41:46 | INFO     |     F1(macro): 0.974676
2025-07-24 19:41:46 | INFO     |     F1(weighted): 0.973826
2025-07-24 19:41:46 | INFO     |     精确率: 0.977959
2025-07-24 19:41:46 | INFO     |     召回率: 0.975104
2025-07-24 19:41:46 | INFO     |   学习率调度器: f1_based
2025-07-24 19:41:46 | INFO     | ------------------------------------------------------------
2025-07-24 19:41:46 | INFO     | 🎯 学习率调整事件:
2025-07-24 19:41:46 | INFO     |   调度器类型: f1_based
2025-07-24 19:41:46 | INFO     |   学习率变化: 0.00000625 → 0.00000313
2025-07-24 19:41:46 | INFO     |   触发条件: F1分数 = 0.973826
2025-07-24 19:41:46 | INFO     |   变化幅度: -50.00%
2025-07-24 19:41:46 | INFO     | ------------------------------------------------------------
2025-07-24 19:41:46 | INFO     | Epoch  95 | Train: Loss=0.0610, Acc=0.9802 | Val: Loss=0.1051, Acc=0.9739, F1=0.9738 | LR=0.000003 
2025-07-24 19:46:10 | INFO     | Epoch 96:
2025-07-24 19:46:10 | INFO     |   训练指标:
2025-07-24 19:46:10 | INFO     |     损失(ce): 0.046859
2025-07-24 19:46:10 | INFO     |     准确率: 0.982059
2025-07-24 19:46:10 | INFO     |     学习率: 0.00000313
2025-07-24 19:46:10 | INFO     |   验证指标(标准CE):
2025-07-24 19:46:10 | INFO     |     损失: 0.132616
2025-07-24 19:46:10 | INFO     |     准确率: 0.976542
2025-07-24 19:46:10 | INFO     |     F1(macro): 0.977100
2025-07-24 19:46:10 | INFO     |     F1(weighted): 0.976378
2025-07-24 19:46:10 | INFO     |     精确率: 0.980190
2025-07-24 19:46:10 | INFO     |     召回率: 0.977758
2025-07-24 19:46:10 | INFO     |   学习率调度器: f1_based
2025-07-24 19:46:10 | INFO     | ------------------------------------------------------------
2025-07-24 19:46:10 | INFO     | Epoch  96 | Train: Loss=0.0469, Acc=0.9821 | Val: Loss=0.1326, Acc=0.9765, F1=0.9764 | LR=0.000003 
2025-07-24 19:46:10 | INFO     | ⏹️ 早停触发，在第 96 轮停止训练
2025-07-24 19:46:28 | INFO     | 训练历史已保存到: ./result/0724_1242_DualGAF_DDAHU_DualGAFNet_静态融合缩放+adaptive+自注意力_sl96_step96_fd128_extractor-dilated_gaf-adaptive_attention-self_classifier-residual_bottleneck_stat-basic_fusion-adaptive/training_history.csv
2025-07-24 19:46:28 | INFO     | 
====================================================================================================
2025-07-24 19:46:28 | INFO     | 🎉 训练完成总结:
2025-07-24 19:46:28 | INFO     |   训练损失函数: ce
2025-07-24 19:46:28 | INFO     |   验证损失函数: 标准交叉熵（遵循主流ML规范）
2025-07-24 19:46:28 | INFO     |   训练过程最佳验证准确率: 0.9765
2025-07-24 19:46:28 | INFO     |   训练过程最佳验证F1(macro): 0.9775
2025-07-24 19:46:28 | INFO     |   训练过程最佳验证F1(weighted): 0.9766
2025-07-24 19:46:28 | INFO     |   训练轮数: 96
2025-07-24 19:46:28 | INFO     | --------------------------------------------------
2025-07-24 19:46:28 | INFO     | 📊 最佳模型真实性能指标（基于标准交叉熵损失）:
2025-07-24 19:46:28 | INFO     |   验证损失(标准CE): 0.0653
2025-07-24 19:46:28 | INFO     |   验证准确率: 0.9765
2025-07-24 19:46:28 | INFO     |   验证F1(macro): 0.9775
2025-07-24 19:46:28 | INFO     |   验证F1(weighted): 0.9766
2025-07-24 19:46:28 | INFO     |   验证精确率: 0.9777
2025-07-24 19:46:28 | INFO     |   验证召回率: 0.9777
2025-07-24 19:46:28 | INFO     | ====================================================================================================
2025-07-24 19:46:31 | INFO     | ================================================================================
2025-07-24 19:46:31 | INFO     | 实验日志结束: DualGAF_DDAHU_DualGAFNet_静态融合缩放+adaptive+自注意力_sl96_step96_fd128_extractor-dilated_gaf-adaptive_attention-self_classifier-residual_bottleneck_stat-basic_fusion-adaptive
2025-07-24 19:46:31 | INFO     | 结束时间: 2025-07-24 19:46:31
2025-07-24 19:46:31 | INFO     | ================================================================================
