2025-07-29 11:08:21 | INFO     | ================================================================================
2025-07-29 11:08:21 | INFO     | 实验日志开始: DualGAF_DDAHU_DualGAFNet_SDAHU通道压缩_sl96_step96_fd128_extractor-dilated_gaf-adaptive_attention-channel_classifier-mlp_stat-basic_fusion-concat
2025-07-29 11:08:21 | INFO     | 日志文件: ./result/0729_1108_DualGAF_DDAHU_DualGAFNet_SDAHU通道压缩_sl96_step96_fd128_extractor-dilated_gaf-adaptive_attention-channel_classifier-mlp_stat-basic_fusion-concat/training.log
2025-07-29 11:08:21 | INFO     | 开始时间: 2025-07-29 11:08:21
2025-07-29 11:08:21 | INFO     | ================================================================================
2025-07-29 11:08:21 | INFO     | ⚙️ 实验配置:
2025-07-29 11:08:21 | INFO     |    task_name: classification
2025-07-29 11:08:21 | INFO     |    is_training: 1
2025-07-29 11:08:21 | INFO     |    model_id: test
2025-07-29 11:08:21 | INFO     |    model: DualGAFNet
2025-07-29 11:08:21 | INFO     |    data: DualGAF_DDAHU
2025-07-29 11:08:21 | INFO     |    root_path: ./dataset/DDAHU/direct_5_working
2025-07-29 11:08:21 | INFO     |    step: 96
2025-07-29 11:08:21 | INFO     |    checkpoints: ./checkpoints/
2025-07-29 11:08:21 | INFO     |    num_class: 29
2025-07-29 11:08:21 | INFO     |    result_path: ./result/
2025-07-29 11:08:21 | INFO     |    test_size: 0.2
2025-07-29 11:08:21 | INFO     |    rows: None
2025-07-29 11:08:21 | INFO     |    seq_len: 96
2025-07-29 11:08:21 | INFO     |    enc_in: 97
2025-07-29 11:08:21 | INFO     |    d_model: 512
2025-07-29 11:08:21 | INFO     |    n_heads: 8
2025-07-29 11:08:21 | INFO     |    e_layers: 2
2025-07-29 11:08:21 | INFO     |    d_layers: 1
2025-07-29 11:08:21 | INFO     |    d_ff: 2048
2025-07-29 11:08:21 | INFO     |    moving_avg: 25
2025-07-29 11:08:21 | INFO     |    factor: 1
2025-07-29 11:08:21 | INFO     |    distil: True
2025-07-29 11:08:21 | INFO     |    dropout: 0.1
2025-07-29 11:08:21 | INFO     |    embed: timeF
2025-07-29 11:08:21 | INFO     |    activation: gelu
2025-07-29 11:08:21 | INFO     |    use_norm: 1
2025-07-29 11:08:21 | INFO     |    gaf_method: summation
2025-07-29 11:08:21 | INFO     |    feature_dim: 128
2025-07-29 11:08:21 | INFO     |    data_type_method: uint8
2025-07-29 11:08:21 | INFO     |    use_attention: True
2025-07-29 11:08:21 | INFO     |    hidden_dim: 64
2025-07-29 11:08:21 | INFO     |    sample_size: 1000
2025-07-29 11:08:21 | INFO     |    cnn_dropout_rate: 0.3
2025-07-29 11:08:21 | INFO     |    cnn_use_batch_norm: True
2025-07-29 11:08:21 | INFO     |    channel_groups: None
2025-07-29 11:08:21 | INFO     |    hvac_groups: None
2025-07-29 11:08:21 | INFO     |    use_channel_compression: True
2025-07-29 11:08:21 | INFO     |    compression_strategy: signal_compression
2025-07-29 11:08:21 | INFO     |    compression_ratio: 0.7
2025-07-29 11:08:21 | INFO     |    compression_channels: 64
2025-07-29 11:08:21 | INFO     |    adaptive_compression_ratios: [0.5, 0.7, 0.8]
2025-07-29 11:08:21 | INFO     |    hvac_group_compression_ratios: None
2025-07-29 11:08:21 | INFO     |    extractor_type: dilated
2025-07-29 11:08:21 | INFO     |    fusion_type: adaptive
2025-07-29 11:08:21 | INFO     |    attention_type: channel
2025-07-29 11:08:21 | INFO     |    classifier_type: mlp
2025-07-29 11:08:21 | INFO     |    use_statistical_features: True
2025-07-29 11:08:21 | INFO     |    stat_type: basic
2025-07-29 11:08:21 | INFO     |    multimodal_fusion_strategy: concat
2025-07-29 11:08:21 | INFO     |    use_signal_level_stats: False
2025-07-29 11:08:21 | INFO     |    signal_stat_type: comprehensive
2025-07-29 11:08:21 | INFO     |    signal_stat_fusion_strategy: concat_project
2025-07-29 11:08:21 | INFO     |    signal_stat_feature_dim: 32
2025-07-29 11:08:21 | INFO     |    use_diff_branch: True
2025-07-29 11:08:21 | INFO     |    ablation_mode: none
2025-07-29 11:08:21 | INFO     |    backbone_type: resnet18
2025-07-29 11:08:21 | INFO     |    use_sum_branch: True
2025-07-29 11:08:21 | INFO     |    num_workers: 0
2025-07-29 11:08:21 | INFO     |    cuda_debug: False
2025-07-29 11:08:21 | INFO     |    gpu_memory_fraction: 0.9
2025-07-29 11:08:21 | INFO     |    safe_mode: True
2025-07-29 11:08:21 | INFO     |    drop_last_batch: True
2025-07-29 11:08:21 | INFO     |    itr: 1
2025-07-29 11:08:21 | INFO     |    train_epochs: 300
2025-07-29 11:08:21 | INFO     |    batch_size: 4
2025-07-29 11:08:21 | INFO     |    patience: 15
2025-07-29 11:08:21 | INFO     |    learning_rate: 0.0001
2025-07-29 11:08:21 | INFO     |    des: SDAHU通道压缩
2025-07-29 11:08:21 | INFO     |    loss: MSE
2025-07-29 11:08:21 | INFO     |    lradj: type1
2025-07-29 11:08:21 | INFO     |    lr_scheduler_type: f1_based
2025-07-29 11:08:21 | INFO     |    lr_loss_weight: 0.3
2025-07-29 11:08:21 | INFO     |    lr_f1_weight: 0.7
2025-07-29 11:08:21 | INFO     |    use_amp: False
2025-07-29 11:08:21 | INFO     |    gradient_accumulation_steps: 2
2025-07-29 11:08:21 | INFO     |    enable_auto_gradient_accumulation: True
2025-07-29 11:08:21 | INFO     |    loss_type: ce
2025-07-29 11:08:21 | INFO     |    label_smoothing: 0.1
2025-07-29 11:08:21 | INFO     |    focal_alpha: 1.0
2025-07-29 11:08:21 | INFO     |    focal_gamma: 2.0
2025-07-29 11:08:21 | INFO     |    confidence_penalty_beta: 0.1
2025-07-29 11:08:21 | INFO     |    use_timm_loss: True
2025-07-29 11:08:21 | INFO     |    adaptive_initial_smoothing: 0.2
2025-07-29 11:08:21 | INFO     |    adaptive_final_smoothing: 0.05
2025-07-29 11:08:21 | INFO     |    adaptive_decay_epochs: 30
2025-07-29 11:08:21 | INFO     |    enable_class_weights: False
2025-07-29 11:08:21 | INFO     |    class_weights: None
2025-07-29 11:08:21 | INFO     |    loss_preset: None
2025-07-29 11:08:21 | INFO     |    n_jobs: 1
2025-07-29 11:08:21 | INFO     |    use_multiprocessing: False
2025-07-29 11:08:21 | INFO     |    chunk_size: 800
2025-07-29 11:08:21 | INFO     |    disable_parallel: True
2025-07-29 11:08:21 | INFO     |    use_shared_memory: False
2025-07-29 11:08:21 | INFO     |    disable_shared_memory: False
2025-07-29 11:08:21 | INFO     |    use_gpu: True
2025-07-29 11:08:21 | INFO     |    gpu: 0
2025-07-29 11:08:21 | INFO     |    gpu_type: cuda
2025-07-29 11:08:21 | INFO     |    use_multi_gpu: False
2025-07-29 11:08:21 | INFO     |    devices: 0,1,2,3
2025-07-29 11:08:21 | INFO     |    device: cuda:0
2025-07-29 11:08:21 | INFO     |    feature_columns: ['CHWP_GPMC', 'CHWC_VLV_DM', 'CHWC_VLV', 'CHWC_MWT', 'CHWC_LWT', 'VAVCFM_H_DM_SB', 'CHWC_EAH', 'VAV_DAT_SA', 'CHWC_DAT', 'VAV_SP_C_SA', 'HWP_GPMT', 'VAVCFM_C_DM_SB', 'RM_TEMP_W', 'HWP_GPMC', 'VAVCFM_T_SB', 'VAV_DMPR_H_SB', 'HWC_VLV_DM', 'VAVCFM_H_SB', 'HWC_VLV', 'VAV_DMPR_H_E', 'HWC_LWT', 'HWC_MWT', 'VAV_DMPR_C_SB', 'HWC_DAT', 'RM_TEMP_SB', 'CSF_WAT', 'CSF_SPD', 'CSF_DP', 'CSA_TEMP', 'CSA_CFM', 'VAV_EAT_C_SB', 'CSA_HUMD', 'CSA_SP', 'VAVCFM_C_SB', 'VAVCFM_H_W', 'HSF_SPD', 'VAV_EAT_H_SB', 'VAV_DAT_SB', 'RM_TEMP_SA', 'HSF_DP', 'HSA_TEMP', 'VAVCFM_C_DM_W', 'VAVCFM_C_W', 'VAV_DAT_W', 'HSA_SP', 'HSA_CFM', 'VAV_DMPR_H_W', 'HSF_WAT', 'VAVCFM_T_W', 'EA_DMPR_DM', 'RF_WAT', 'VAV_SP_C_W', 'VAV_SP_H_E', 'EA_DMPR', 'VAV_SP_H_SB', 'RF_SPD', 'RA_TEMP', 'RA_HUMD', 'VAV_SP_H_SA', 'VAV_EAT_H_W', 'RF_DP', 'VAV_DMPR_C_SA', 'VAV_SP_C_SB', 'RA_DMPR_DM', 'VAV_DMPR_H_SA', 'VAV_SP_H_W', 'VAVCFM_H_DM_SA', 'RA_DMPR', 'VAV_EAT_C_W', 'VAVCFM_C_DM_SA', 'RA_CFM', 'MA_TEMP', 'VAVCFM_C_SA', 'OA_TEMP', 'VAVCFM_H_SA', 'VAVCFM_H_DM_W', 'OA_HUMD', 'VAVCFM_T_SA', 'OA_DMPR_DM', 'VAV_EAT_C_SA', 'VAV_DMPR_C_W', 'OA_DMPR', 'VAV_EAT_H_SA', 'HSA_HUMD', 'RM_TEMP_E', 'VAV_EAT_H_E', 'VAV_DAT_E', 'VAV_EAT_C_E', 'VAVCFM_T_E', 'VAVCFM_H_E', 'VAV_SP_C_E', 'VAVCFM_C_DM_E', 'OA_CFM', 'VAV_DMPR_C_E', 'VAVCFM_C_E', 'VAVCFM_H_DM_E', 'CHWP_GPMT']
2025-07-29 11:08:21 | INFO     | 🏗️ 模型信息:
2025-07-29 11:08:21 | INFO     |    模型类型: Model
2025-07-29 11:08:21 | INFO     |    总参数数量: 18,561,663
2025-07-29 11:08:21 | INFO     |    可训练参数: 18,561,663
2025-07-29 11:08:21 | INFO     |    模型大小估计: 70.81 MB
2025-07-29 11:08:21 | INFO     | 📊 数据集信息:
2025-07-29 11:08:21 | INFO     |    训练集大小: 5967
2025-07-29 11:08:21 | INFO     |    验证集大小: 1492
2025-07-29 11:08:21 | INFO     | 
================================================================================
2025-07-29 11:08:21 | INFO     | 📋 损失函数使用策略（遵循主流机器学习规范）:
2025-07-29 11:08:21 | INFO     |    🎯 训练阶段: 使用 ce 损失函数
2025-07-29 11:08:21 | INFO     |       → 目的：优化模型参数，解决特定问题（类别不平衡、相似性等）
2025-07-29 11:08:21 | INFO     |    📊 验证阶段: 使用标准交叉熵损失函数
2025-07-29 11:08:21 | INFO     |       → 目的：客观评估模型性能，便于不同方法比较
2025-07-29 11:08:21 | INFO     |    📈 最终报告: 基于标准交叉熵损失的指标
2025-07-29 11:08:21 | INFO     |       → 目的：提供可信、可比较的性能指标
2025-07-29 11:08:21 | INFO     | ================================================================================

2025-07-29 11:08:21 | INFO     | 🔄 梯度累积配置: 每2轮累积一次梯度
2025-07-29 11:08:21 | INFO     |    实际batch_size: 4
2025-07-29 11:08:21 | INFO     |    有效batch_size: 8
2025-07-29 11:13:37 | INFO     | Epoch 1:
2025-07-29 11:13:37 | INFO     |   训练指标:
2025-07-29 11:13:37 | INFO     |     损失(ce): 2.897026
2025-07-29 11:13:37 | INFO     |     准确率: 0.171697
2025-07-29 11:13:37 | INFO     |     学习率: 0.00010000
2025-07-29 11:13:37 | INFO     |   验证指标(标准CE):
2025-07-29 11:13:37 | INFO     |     损失: 1.965815
2025-07-29 11:13:37 | INFO     |     准确率: 0.389410
2025-07-29 11:13:37 | INFO     |     F1(macro): 0.316727
2025-07-29 11:13:37 | INFO     |     F1(weighted): 0.303809
2025-07-29 11:13:37 | INFO     |     精确率: 0.366751
2025-07-29 11:13:37 | INFO     |     召回率: 0.406143
2025-07-29 11:13:37 | INFO     |   学习率调度器: f1_based
2025-07-29 11:13:37 | INFO     | ------------------------------------------------------------
2025-07-29 11:13:37 | INFO     | Epoch   1 | Train: Loss=2.8970, Acc=0.1717 | Val: Loss=1.9658, Acc=0.3894, F1=0.3038 | LR=0.000100 🏆 [最佳模型]
2025-07-29 11:18:11 | INFO     | Epoch 2:
2025-07-29 11:18:11 | INFO     |   训练指标:
2025-07-29 11:18:11 | INFO     |     损失(ce): 1.473578
2025-07-29 11:18:11 | INFO     |     准确率: 0.544769
2025-07-29 11:18:11 | INFO     |     学习率: 0.00010000
2025-07-29 11:18:11 | INFO     |   验证指标(标准CE):
2025-07-29 11:18:11 | INFO     |     损失: 1.130758
2025-07-29 11:18:11 | INFO     |     准确率: 0.632708
2025-07-29 11:18:11 | INFO     |     F1(macro): 0.615287
2025-07-29 11:18:11 | INFO     |     F1(weighted): 0.615187
2025-07-29 11:18:11 | INFO     |     精确率: 0.704425
2025-07-29 11:18:11 | INFO     |     召回率: 0.635951
2025-07-29 11:18:11 | INFO     |   学习率调度器: f1_based
2025-07-29 11:18:11 | INFO     | ------------------------------------------------------------
2025-07-29 11:18:11 | INFO     | Epoch   2 | Train: Loss=1.4736, Acc=0.5448 | Val: Loss=1.1308, Acc=0.6327, F1=0.6152 | LR=0.000100 🏆 [最佳模型]
2025-07-29 11:22:39 | INFO     | Epoch 3:
2025-07-29 11:22:39 | INFO     |   训练指标:
2025-07-29 11:22:39 | INFO     |     损失(ce): 1.023459
2025-07-29 11:22:39 | INFO     |     准确率: 0.670523
2025-07-29 11:22:39 | INFO     |     学习率: 0.00010000
2025-07-29 11:22:39 | INFO     |   验证指标(标准CE):
2025-07-29 11:22:39 | INFO     |     损失: 0.843300
2025-07-29 11:22:39 | INFO     |     准确率: 0.749330
2025-07-29 11:22:39 | INFO     |     F1(macro): 0.757141
2025-07-29 11:22:39 | INFO     |     F1(weighted): 0.753730
2025-07-29 11:22:39 | INFO     |     精确率: 0.813180
2025-07-29 11:22:39 | INFO     |     召回率: 0.752159
2025-07-29 11:22:39 | INFO     |   学习率调度器: f1_based
2025-07-29 11:22:39 | INFO     | ------------------------------------------------------------
2025-07-29 11:22:39 | INFO     | Epoch   3 | Train: Loss=1.0235, Acc=0.6705 | Val: Loss=0.8433, Acc=0.7493, F1=0.7537 | LR=0.000100 🏆 [最佳模型]
2025-07-29 11:27:06 | INFO     | Epoch 4:
2025-07-29 11:27:06 | INFO     |   训练指标:
2025-07-29 11:27:06 | INFO     |     损失(ce): 0.820215
2025-07-29 11:27:06 | INFO     |     准确率: 0.741113
2025-07-29 11:27:06 | INFO     |     学习率: 0.00010000
2025-07-29 11:27:06 | INFO     |   验证指标(标准CE):
2025-07-29 11:27:06 | INFO     |     损失: 0.799687
2025-07-29 11:27:06 | INFO     |     准确率: 0.734584
2025-07-29 11:27:06 | INFO     |     F1(macro): 0.728392
2025-07-29 11:27:06 | INFO     |     F1(weighted): 0.722636
2025-07-29 11:27:06 | INFO     |     精确率: 0.751470
2025-07-29 11:27:06 | INFO     |     召回率: 0.743123
2025-07-29 11:27:06 | INFO     |   学习率调度器: f1_based
2025-07-29 11:27:06 | INFO     | ------------------------------------------------------------
2025-07-29 11:27:06 | INFO     | Epoch   4 | Train: Loss=0.8202, Acc=0.7411 | Val: Loss=0.7997, Acc=0.7346, F1=0.7226 | LR=0.000100 
2025-07-29 11:31:33 | INFO     | Epoch 5:
2025-07-29 11:31:33 | INFO     |   训练指标:
2025-07-29 11:31:33 | INFO     |     损失(ce): 0.722726
2025-07-29 11:31:33 | INFO     |     准确率: 0.762911
2025-07-29 11:31:33 | INFO     |     学习率: 0.00010000
2025-07-29 11:31:33 | INFO     |   验证指标(标准CE):
2025-07-29 11:31:33 | INFO     |     损失: 0.614265
2025-07-29 11:31:33 | INFO     |     准确率: 0.811662
2025-07-29 11:31:33 | INFO     |     F1(macro): 0.816415
2025-07-29 11:31:33 | INFO     |     F1(weighted): 0.814831
2025-07-29 11:31:33 | INFO     |     精确率: 0.882740
2025-07-29 11:31:33 | INFO     |     召回率: 0.816190
2025-07-29 11:31:33 | INFO     |   学习率调度器: f1_based
2025-07-29 11:31:33 | INFO     | ------------------------------------------------------------
2025-07-29 11:31:33 | INFO     | Epoch   5 | Train: Loss=0.7227, Acc=0.7629 | Val: Loss=0.6143, Acc=0.8117, F1=0.8148 | LR=0.000100 🏆 [最佳模型]
2025-07-29 11:36:00 | INFO     | Epoch 6:
2025-07-29 11:36:00 | INFO     |   训练指标:
2025-07-29 11:36:00 | INFO     |     损失(ce): 0.640817
2025-07-29 11:36:00 | INFO     |     准确率: 0.789235
2025-07-29 11:36:00 | INFO     |     学习率: 0.00010000
2025-07-29 11:36:00 | INFO     |   验证指标(标准CE):
2025-07-29 11:36:00 | INFO     |     损失: 0.497106
2025-07-29 11:36:00 | INFO     |     准确率: 0.851877
2025-07-29 11:36:00 | INFO     |     F1(macro): 0.860906
2025-07-29 11:36:00 | INFO     |     F1(weighted): 0.859287
2025-07-29 11:36:00 | INFO     |     精确率: 0.899576
2025-07-29 11:36:00 | INFO     |     召回率: 0.854291
2025-07-29 11:36:00 | INFO     |   学习率调度器: f1_based
2025-07-29 11:36:00 | INFO     | ------------------------------------------------------------
2025-07-29 11:36:00 | INFO     | Epoch   6 | Train: Loss=0.6408, Acc=0.7892 | Val: Loss=0.4971, Acc=0.8519, F1=0.8593 | LR=0.000100 🏆 [最佳模型]
2025-07-29 11:40:28 | INFO     | Epoch 7:
2025-07-29 11:40:28 | INFO     |   训练指标:
2025-07-29 11:40:28 | INFO     |     损失(ce): 0.580294
2025-07-29 11:40:28 | INFO     |     准确率: 0.813548
2025-07-29 11:40:28 | INFO     |     学习率: 0.00010000
2025-07-29 11:40:28 | INFO     |   验证指标(标准CE):
2025-07-29 11:40:28 | INFO     |     损失: 0.469788
2025-07-29 11:40:28 | INFO     |     准确率: 0.854558
2025-07-29 11:40:28 | INFO     |     F1(macro): 0.864298
2025-07-29 11:40:28 | INFO     |     F1(weighted): 0.861563
2025-07-29 11:40:28 | INFO     |     精确率: 0.902840
2025-07-29 11:40:28 | INFO     |     召回率: 0.856547
2025-07-29 11:40:28 | INFO     |   学习率调度器: f1_based
2025-07-29 11:40:28 | INFO     | ------------------------------------------------------------
2025-07-29 11:40:28 | INFO     | Epoch   7 | Train: Loss=0.5803, Acc=0.8135 | Val: Loss=0.4698, Acc=0.8546, F1=0.8616 | LR=0.000100 🏆 [最佳模型]
2025-07-29 11:44:55 | INFO     | Epoch 8:
2025-07-29 11:44:55 | INFO     |   训练指标:
2025-07-29 11:44:55 | INFO     |     损失(ce): 0.539159
2025-07-29 11:44:55 | INFO     |     准确率: 0.828303
2025-07-29 11:44:55 | INFO     |     学习率: 0.00010000
2025-07-29 11:44:55 | INFO     |   验证指标(标准CE):
2025-07-29 11:44:55 | INFO     |     损失: 0.468123
2025-07-29 11:44:55 | INFO     |     准确率: 0.845845
2025-07-29 11:44:55 | INFO     |     F1(macro): 0.854136
2025-07-29 11:44:55 | INFO     |     F1(weighted): 0.851049
2025-07-29 11:44:55 | INFO     |     精确率: 0.889528
2025-07-29 11:44:55 | INFO     |     召回率: 0.850445
2025-07-29 11:44:55 | INFO     |   学习率调度器: f1_based
2025-07-29 11:44:55 | INFO     | ------------------------------------------------------------
2025-07-29 11:44:55 | INFO     | Epoch   8 | Train: Loss=0.5392, Acc=0.8283 | Val: Loss=0.4681, Acc=0.8458, F1=0.8510 | LR=0.000100 
2025-07-29 11:49:22 | INFO     | Epoch 9:
2025-07-29 11:49:22 | INFO     |   训练指标:
2025-07-29 11:49:22 | INFO     |     损失(ce): 0.467283
2025-07-29 11:49:22 | INFO     |     准确率: 0.854460
2025-07-29 11:49:22 | INFO     |     学习率: 0.00010000
2025-07-29 11:49:22 | INFO     |   验证指标(标准CE):
2025-07-29 11:49:22 | INFO     |     损失: 0.345958
2025-07-29 11:49:22 | INFO     |     准确率: 0.888740
2025-07-29 11:49:22 | INFO     |     F1(macro): 0.895065
2025-07-29 11:49:22 | INFO     |     F1(weighted): 0.892475
2025-07-29 11:49:22 | INFO     |     精确率: 0.910384
2025-07-29 11:49:22 | INFO     |     召回率: 0.893811
2025-07-29 11:49:22 | INFO     |   学习率调度器: f1_based
2025-07-29 11:49:22 | INFO     | ------------------------------------------------------------
2025-07-29 11:49:22 | INFO     | Epoch   9 | Train: Loss=0.4673, Acc=0.8545 | Val: Loss=0.3460, Acc=0.8887, F1=0.8925 | LR=0.000100 🏆 [最佳模型]
2025-07-29 11:53:49 | INFO     | Epoch 10:
2025-07-29 11:53:49 | INFO     |   训练指标:
2025-07-29 11:53:49 | INFO     |     损失(ce): 0.431220
2025-07-29 11:53:49 | INFO     |     准确率: 0.861167
2025-07-29 11:53:49 | INFO     |     学习率: 0.00010000
2025-07-29 11:53:49 | INFO     |   验证指标(标准CE):
2025-07-29 11:53:49 | INFO     |     损失: 0.310259
2025-07-29 11:53:49 | INFO     |     准确率: 0.906836
2025-07-29 11:53:49 | INFO     |     F1(macro): 0.912783
2025-07-29 11:53:49 | INFO     |     F1(weighted): 0.910171
2025-07-29 11:53:49 | INFO     |     精确率: 0.936727
2025-07-29 11:53:49 | INFO     |     召回率: 0.910070
2025-07-29 11:53:49 | INFO     |   学习率调度器: f1_based
2025-07-29 11:53:49 | INFO     | ------------------------------------------------------------
2025-07-29 11:53:49 | INFO     | Epoch  10 | Train: Loss=0.4312, Acc=0.8612 | Val: Loss=0.3103, Acc=0.9068, F1=0.9102 | LR=0.000100 🏆 [最佳模型]
2025-07-29 11:58:16 | INFO     | Epoch 11:
2025-07-29 11:58:16 | INFO     |   训练指标:
2025-07-29 11:58:16 | INFO     |     损失(ce): 0.407249
2025-07-29 11:58:16 | INFO     |     准确率: 0.871563
2025-07-29 11:58:16 | INFO     |     学习率: 0.00010000
2025-07-29 11:58:16 | INFO     |   验证指标(标准CE):
2025-07-29 11:58:16 | INFO     |     损失: 0.343928
2025-07-29 11:58:16 | INFO     |     准确率: 0.901475
2025-07-29 11:58:16 | INFO     |     F1(macro): 0.910486
2025-07-29 11:58:16 | INFO     |     F1(weighted): 0.906180
2025-07-29 11:58:16 | INFO     |     精确率: 0.937028
2025-07-29 11:58:16 | INFO     |     召回率: 0.905754
2025-07-29 11:58:16 | INFO     |   学习率调度器: f1_based
2025-07-29 11:58:16 | INFO     | ------------------------------------------------------------
2025-07-29 11:58:16 | INFO     | Epoch  11 | Train: Loss=0.4072, Acc=0.8716 | Val: Loss=0.3439, Acc=0.9015, F1=0.9062 | LR=0.000100 
2025-07-29 12:02:43 | INFO     | Epoch 12:
2025-07-29 12:02:43 | INFO     |   训练指标:
2025-07-29 12:02:43 | INFO     |     损失(ce): 0.370142
2025-07-29 12:02:43 | INFO     |     准确率: 0.881958
2025-07-29 12:02:43 | INFO     |     学习率: 0.00010000
2025-07-29 12:02:43 | INFO     |   验证指标(标准CE):
2025-07-29 12:02:43 | INFO     |     损失: 0.268616
2025-07-29 12:02:43 | INFO     |     准确率: 0.913539
2025-07-29 12:02:43 | INFO     |     F1(macro): 0.923945
2025-07-29 12:02:43 | INFO     |     F1(weighted): 0.921202
2025-07-29 12:02:43 | INFO     |     精确率: 0.949971
2025-07-29 12:02:43 | INFO     |     召回率: 0.914283
2025-07-29 12:02:43 | INFO     |   学习率调度器: f1_based
2025-07-29 12:02:43 | INFO     | ------------------------------------------------------------
2025-07-29 12:02:43 | INFO     | Epoch  12 | Train: Loss=0.3701, Acc=0.8820 | Val: Loss=0.2686, Acc=0.9135, F1=0.9212 | LR=0.000100 🏆 [最佳模型]
2025-07-29 12:07:11 | INFO     | Epoch 13:
2025-07-29 12:07:11 | INFO     |   训练指标:
2025-07-29 12:07:11 | INFO     |     损失(ce): 0.361305
2025-07-29 12:07:11 | INFO     |     准确率: 0.890677
2025-07-29 12:07:11 | INFO     |     学习率: 0.00010000
2025-07-29 12:07:11 | INFO     |   验证指标(标准CE):
2025-07-29 12:07:11 | INFO     |     损失: 0.252349
2025-07-29 12:07:11 | INFO     |     准确率: 0.926944
2025-07-29 12:07:11 | INFO     |     F1(macro): 0.929441
2025-07-29 12:07:11 | INFO     |     F1(weighted): 0.927645
2025-07-29 12:07:11 | INFO     |     精确率: 0.938024
2025-07-29 12:07:11 | INFO     |     召回率: 0.930048
2025-07-29 12:07:11 | INFO     |   学习率调度器: f1_based
2025-07-29 12:07:11 | INFO     | ------------------------------------------------------------
2025-07-29 12:07:11 | INFO     | Epoch  13 | Train: Loss=0.3613, Acc=0.8907 | Val: Loss=0.2523, Acc=0.9269, F1=0.9276 | LR=0.000100 🏆 [最佳模型]
2025-07-29 12:11:38 | INFO     | Epoch 14:
2025-07-29 12:11:38 | INFO     |   训练指标:
2025-07-29 12:11:38 | INFO     |     损失(ce): 0.323937
2025-07-29 12:11:38 | INFO     |     准确率: 0.897887
2025-07-29 12:11:38 | INFO     |     学习率: 0.00010000
2025-07-29 12:11:38 | INFO     |   验证指标(标准CE):
2025-07-29 12:11:38 | INFO     |     损失: 0.236696
2025-07-29 12:11:38 | INFO     |     准确率: 0.917560
2025-07-29 12:11:38 | INFO     |     F1(macro): 0.919833
2025-07-29 12:11:38 | INFO     |     F1(weighted): 0.917762
2025-07-29 12:11:38 | INFO     |     精确率: 0.931397
2025-07-29 12:11:38 | INFO     |     召回率: 0.921147
2025-07-29 12:11:38 | INFO     |   学习率调度器: f1_based
2025-07-29 12:11:38 | INFO     | ------------------------------------------------------------
2025-07-29 12:11:38 | INFO     | Epoch  14 | Train: Loss=0.3239, Acc=0.8979 | Val: Loss=0.2367, Acc=0.9176, F1=0.9178 | LR=0.000100 
2025-07-29 12:16:05 | INFO     | Epoch 15:
2025-07-29 12:16:05 | INFO     |   训练指标:
2025-07-29 12:16:05 | INFO     |     损失(ce): 0.332292
2025-07-29 12:16:05 | INFO     |     准确率: 0.896378
2025-07-29 12:16:05 | INFO     |     学习率: 0.00010000
2025-07-29 12:16:05 | INFO     |   验证指标(标准CE):
2025-07-29 12:16:05 | INFO     |     损失: 0.357280
2025-07-29 12:16:05 | INFO     |     准确率: 0.882708
2025-07-29 12:16:05 | INFO     |     F1(macro): 0.882620
2025-07-29 12:16:05 | INFO     |     F1(weighted): 0.881322
2025-07-29 12:16:05 | INFO     |     精确率: 0.902001
2025-07-29 12:16:05 | INFO     |     召回率: 0.885649
2025-07-29 12:16:05 | INFO     |   学习率调度器: f1_based
2025-07-29 12:16:05 | INFO     | ------------------------------------------------------------
2025-07-29 12:16:05 | INFO     | Epoch  15 | Train: Loss=0.3323, Acc=0.8964 | Val: Loss=0.3573, Acc=0.8827, F1=0.8813 | LR=0.000100 
2025-07-29 12:20:32 | INFO     | Epoch 16:
2025-07-29 12:20:32 | INFO     |   训练指标:
2025-07-29 12:20:32 | INFO     |     损失(ce): 0.293716
2025-07-29 12:20:32 | INFO     |     准确率: 0.902918
2025-07-29 12:20:32 | INFO     |     学习率: 0.00010000
2025-07-29 12:20:32 | INFO     |   验证指标(标准CE):
2025-07-29 12:20:32 | INFO     |     损失: 0.316734
2025-07-29 12:20:32 | INFO     |     准确率: 0.892091
2025-07-29 12:20:32 | INFO     |     F1(macro): 0.893620
2025-07-29 12:20:32 | INFO     |     F1(weighted): 0.890759
2025-07-29 12:20:32 | INFO     |     精确率: 0.909085
2025-07-29 12:20:32 | INFO     |     召回率: 0.896220
2025-07-29 12:20:32 | INFO     |   学习率调度器: f1_based
2025-07-29 12:20:32 | INFO     | ------------------------------------------------------------
2025-07-29 12:20:32 | INFO     | Epoch  16 | Train: Loss=0.2937, Acc=0.9029 | Val: Loss=0.3167, Acc=0.8921, F1=0.8908 | LR=0.000100 
2025-07-29 12:24:59 | INFO     | Epoch 17:
2025-07-29 12:24:59 | INFO     |   训练指标:
2025-07-29 12:24:59 | INFO     |     损失(ce): 0.303687
2025-07-29 12:24:59 | INFO     |     准确率: 0.903253
2025-07-29 12:24:59 | INFO     |     学习率: 0.00010000
2025-07-29 12:24:59 | INFO     |   验证指标(标准CE):
2025-07-29 12:24:59 | INFO     |     损失: 0.321128
2025-07-29 12:24:59 | INFO     |     准确率: 0.902145
2025-07-29 12:24:59 | INFO     |     F1(macro): 0.908017
2025-07-29 12:24:59 | INFO     |     F1(weighted): 0.905583
2025-07-29 12:24:59 | INFO     |     精确率: 0.928841
2025-07-29 12:24:59 | INFO     |     召回率: 0.906015
2025-07-29 12:24:59 | INFO     |   学习率调度器: f1_based
2025-07-29 12:24:59 | INFO     | ------------------------------------------------------------
2025-07-29 12:24:59 | INFO     | Epoch  17 | Train: Loss=0.3037, Acc=0.9033 | Val: Loss=0.3211, Acc=0.9021, F1=0.9056 | LR=0.000100 
2025-07-29 12:29:25 | INFO     | Epoch 18:
2025-07-29 12:29:25 | INFO     |   训练指标:
2025-07-29 12:29:25 | INFO     |     损失(ce): 0.275234
2025-07-29 12:29:25 | INFO     |     准确率: 0.911469
2025-07-29 12:29:25 | INFO     |     学习率: 0.00010000
2025-07-29 12:29:25 | INFO     |   验证指标(标准CE):
2025-07-29 12:29:25 | INFO     |     损失: 0.181202
2025-07-29 12:29:25 | INFO     |     准确率: 0.933646
2025-07-29 12:29:25 | INFO     |     F1(macro): 0.936307
2025-07-29 12:29:25 | INFO     |     F1(weighted): 0.933958
2025-07-29 12:29:25 | INFO     |     精确率: 0.943189
2025-07-29 12:29:25 | INFO     |     召回率: 0.937875
2025-07-29 12:29:25 | INFO     |   学习率调度器: f1_based
2025-07-29 12:29:25 | INFO     | ------------------------------------------------------------
2025-07-29 12:29:25 | INFO     | Epoch  18 | Train: Loss=0.2752, Acc=0.9115 | Val: Loss=0.1812, Acc=0.9336, F1=0.9340 | LR=0.000100 🏆 [最佳模型]
2025-07-29 12:33:53 | INFO     | Epoch 19:
2025-07-29 12:33:53 | INFO     |   训练指标:
2025-07-29 12:33:53 | INFO     |     损失(ce): 0.297330
2025-07-29 12:33:53 | INFO     |     准确率: 0.908618
2025-07-29 12:33:53 | INFO     |     学习率: 0.00010000
2025-07-29 12:33:53 | INFO     |   验证指标(标准CE):
2025-07-29 12:33:53 | INFO     |     损失: 0.193925
2025-07-29 12:33:53 | INFO     |     准确率: 0.939008
2025-07-29 12:33:53 | INFO     |     F1(macro): 0.942234
2025-07-29 12:33:53 | INFO     |     F1(weighted): 0.940731
2025-07-29 12:33:53 | INFO     |     精确率: 0.950575
2025-07-29 12:33:53 | INFO     |     召回率: 0.942551
2025-07-29 12:33:53 | INFO     |   学习率调度器: f1_based
2025-07-29 12:33:53 | INFO     | ------------------------------------------------------------
2025-07-29 12:33:53 | INFO     | Epoch  19 | Train: Loss=0.2973, Acc=0.9086 | Val: Loss=0.1939, Acc=0.9390, F1=0.9407 | LR=0.000100 🏆 [最佳模型]
2025-07-29 12:38:21 | INFO     | Epoch 20:
2025-07-29 12:38:21 | INFO     |   训练指标:
2025-07-29 12:38:21 | INFO     |     损失(ce): 0.270010
2025-07-29 12:38:21 | INFO     |     准确率: 0.918679
2025-07-29 12:38:21 | INFO     |     学习率: 0.00010000
2025-07-29 12:38:21 | INFO     |   验证指标(标准CE):
2025-07-29 12:38:21 | INFO     |     损失: 0.501203
2025-07-29 12:38:21 | INFO     |     准确率: 0.855898
2025-07-29 12:38:21 | INFO     |     F1(macro): 0.870550
2025-07-29 12:38:21 | INFO     |     F1(weighted): 0.868920
2025-07-29 12:38:21 | INFO     |     精确率: 0.904398
2025-07-29 12:38:21 | INFO     |     召回率: 0.858010
2025-07-29 12:38:21 | INFO     |   学习率调度器: f1_based
2025-07-29 12:38:21 | INFO     | ------------------------------------------------------------
2025-07-29 12:38:21 | INFO     | Epoch  20 | Train: Loss=0.2700, Acc=0.9187 | Val: Loss=0.5012, Acc=0.8559, F1=0.8689 | LR=0.000100 
2025-07-29 12:42:48 | INFO     | Epoch 21:
2025-07-29 12:42:48 | INFO     |   训练指标:
2025-07-29 12:42:48 | INFO     |     损失(ce): 0.266659
2025-07-29 12:42:48 | INFO     |     准确率: 0.917002
2025-07-29 12:42:48 | INFO     |     学习率: 0.00010000
2025-07-29 12:42:48 | INFO     |   验证指标(标准CE):
2025-07-29 12:42:48 | INFO     |     损失: 0.253375
2025-07-29 12:42:48 | INFO     |     准确率: 0.920241
2025-07-29 12:42:48 | INFO     |     F1(macro): 0.926305
2025-07-29 12:42:48 | INFO     |     F1(weighted): 0.924448
2025-07-29 12:42:48 | INFO     |     精确率: 0.943550
2025-07-29 12:42:48 | INFO     |     召回率: 0.921469
2025-07-29 12:42:48 | INFO     |   学习率调度器: f1_based
2025-07-29 12:42:48 | INFO     | ------------------------------------------------------------
2025-07-29 12:42:48 | INFO     | Epoch  21 | Train: Loss=0.2667, Acc=0.9170 | Val: Loss=0.2534, Acc=0.9202, F1=0.9244 | LR=0.000100 
2025-07-29 12:47:15 | INFO     | Epoch 22:
2025-07-29 12:47:15 | INFO     |   训练指标:
2025-07-29 12:47:15 | INFO     |     损失(ce): 0.262451
2025-07-29 12:47:15 | INFO     |     准确率: 0.921362
2025-07-29 12:47:15 | INFO     |     学习率: 0.00010000
2025-07-29 12:47:15 | INFO     |   验证指标(标准CE):
2025-07-29 12:47:15 | INFO     |     损失: 0.416154
2025-07-29 12:47:15 | INFO     |     准确率: 0.900134
2025-07-29 12:47:15 | INFO     |     F1(macro): 0.904228
2025-07-29 12:47:15 | INFO     |     F1(weighted): 0.901415
2025-07-29 12:47:15 | INFO     |     精确率: 0.924523
2025-07-29 12:47:15 | INFO     |     召回率: 0.905821
2025-07-29 12:47:15 | INFO     |   学习率调度器: f1_based
2025-07-29 12:47:15 | INFO     | ------------------------------------------------------------
2025-07-29 12:47:15 | INFO     | Epoch  22 | Train: Loss=0.2625, Acc=0.9214 | Val: Loss=0.4162, Acc=0.9001, F1=0.9014 | LR=0.000100 
2025-07-29 12:51:41 | INFO     | Epoch 23:
2025-07-29 12:51:41 | INFO     |   训练指标:
2025-07-29 12:51:41 | INFO     |     损失(ce): 0.286650
2025-07-29 12:51:41 | INFO     |     准确率: 0.916331
2025-07-29 12:51:41 | INFO     |     学习率: 0.00010000
2025-07-29 12:51:41 | INFO     |   验证指标(标准CE):
2025-07-29 12:51:41 | INFO     |     损失: 0.151830
2025-07-29 12:51:41 | INFO     |     准确率: 0.947051
2025-07-29 12:51:41 | INFO     |     F1(macro): 0.950889
2025-07-29 12:51:41 | INFO     |     F1(weighted): 0.948363
2025-07-29 12:51:41 | INFO     |     精确率: 0.960471
2025-07-29 12:51:41 | INFO     |     召回率: 0.949872
2025-07-29 12:51:41 | INFO     |   学习率调度器: f1_based
2025-07-29 12:51:41 | INFO     | ------------------------------------------------------------
2025-07-29 12:51:41 | INFO     | Epoch  23 | Train: Loss=0.2867, Acc=0.9163 | Val: Loss=0.1518, Acc=0.9471, F1=0.9484 | LR=0.000100 🏆 [最佳模型]
2025-07-29 12:56:09 | INFO     | Epoch 24:
2025-07-29 12:56:09 | INFO     |   训练指标:
2025-07-29 12:56:09 | INFO     |     损失(ce): 0.240103
2025-07-29 12:56:09 | INFO     |     准确率: 0.924883
2025-07-29 12:56:09 | INFO     |     学习率: 0.00010000
2025-07-29 12:56:09 | INFO     |   验证指标(标准CE):
2025-07-29 12:56:09 | INFO     |     损失: 0.260715
2025-07-29 12:56:09 | INFO     |     准确率: 0.917560
2025-07-29 12:56:09 | INFO     |     F1(macro): 0.921128
2025-07-29 12:56:09 | INFO     |     F1(weighted): 0.918817
2025-07-29 12:56:09 | INFO     |     精确率: 0.937446
2025-07-29 12:56:09 | INFO     |     召回率: 0.921389
2025-07-29 12:56:09 | INFO     |   学习率调度器: f1_based
2025-07-29 12:56:09 | INFO     | ------------------------------------------------------------
2025-07-29 12:56:09 | INFO     | Epoch  24 | Train: Loss=0.2401, Acc=0.9249 | Val: Loss=0.2607, Acc=0.9176, F1=0.9188 | LR=0.000100 
2025-07-29 13:00:35 | INFO     | Epoch 25:
2025-07-29 13:00:35 | INFO     |   训练指标:
2025-07-29 13:00:35 | INFO     |     损失(ce): 0.241299
2025-07-29 13:00:35 | INFO     |     准确率: 0.920691
2025-07-29 13:00:35 | INFO     |     学习率: 0.00010000
2025-07-29 13:00:35 | INFO     |   验证指标(标准CE):
2025-07-29 13:00:35 | INFO     |     损失: 0.218023
2025-07-29 13:00:35 | INFO     |     准确率: 0.918901
2025-07-29 13:00:35 | INFO     |     F1(macro): 0.923841
2025-07-29 13:00:35 | INFO     |     F1(weighted): 0.921002
2025-07-29 13:00:35 | INFO     |     精确率: 0.938637
2025-07-29 13:00:35 | INFO     |     召回率: 0.923493
2025-07-29 13:00:35 | INFO     |   学习率调度器: f1_based
2025-07-29 13:00:35 | INFO     | ------------------------------------------------------------
2025-07-29 13:00:35 | INFO     | Epoch  25 | Train: Loss=0.2413, Acc=0.9207 | Val: Loss=0.2180, Acc=0.9189, F1=0.9210 | LR=0.000100 
2025-07-29 13:05:02 | INFO     | Epoch 26:
2025-07-29 13:05:02 | INFO     |   训练指标:
2025-07-29 13:05:02 | INFO     |     损失(ce): 0.249516
2025-07-29 13:05:02 | INFO     |     准确率: 0.923877
2025-07-29 13:05:02 | INFO     |     学习率: 0.00010000
2025-07-29 13:05:02 | INFO     |   验证指标(标准CE):
2025-07-29 13:05:02 | INFO     |     损失: 0.235398
2025-07-29 13:05:02 | INFO     |     准确率: 0.926273
2025-07-29 13:05:02 | INFO     |     F1(macro): 0.927158
2025-07-29 13:05:02 | INFO     |     F1(weighted): 0.924817
2025-07-29 13:05:02 | INFO     |     精确率: 0.941733
2025-07-29 13:05:02 | INFO     |     召回率: 0.928514
2025-07-29 13:05:02 | INFO     |   学习率调度器: f1_based
2025-07-29 13:05:02 | INFO     | ------------------------------------------------------------
2025-07-29 13:05:02 | INFO     | Epoch  26 | Train: Loss=0.2495, Acc=0.9239 | Val: Loss=0.2354, Acc=0.9263, F1=0.9248 | LR=0.000100 
2025-07-29 13:09:29 | INFO     | Epoch 27:
2025-07-29 13:09:29 | INFO     |   训练指标:
2025-07-29 13:09:29 | INFO     |     损失(ce): 0.228066
2025-07-29 13:09:29 | INFO     |     准确率: 0.928739
2025-07-29 13:09:29 | INFO     |     学习率: 0.00010000
2025-07-29 13:09:29 | INFO     |   验证指标(标准CE):
2025-07-29 13:09:29 | INFO     |     损失: 0.171408
2025-07-29 13:09:29 | INFO     |     准确率: 0.946381
2025-07-29 13:09:29 | INFO     |     F1(macro): 0.949758
2025-07-29 13:09:29 | INFO     |     F1(weighted): 0.947693
2025-07-29 13:09:29 | INFO     |     精确率: 0.956985
2025-07-29 13:09:29 | INFO     |     召回率: 0.950424
2025-07-29 13:09:29 | INFO     |   学习率调度器: f1_based
2025-07-29 13:09:29 | INFO     | ------------------------------------------------------------
2025-07-29 13:09:29 | INFO     | Epoch  27 | Train: Loss=0.2281, Acc=0.9287 | Val: Loss=0.1714, Acc=0.9464, F1=0.9477 | LR=0.000100 
2025-07-29 13:13:56 | INFO     | Epoch 28:
2025-07-29 13:13:56 | INFO     |   训练指标:
2025-07-29 13:13:56 | INFO     |     损失(ce): 0.236644
2025-07-29 13:13:56 | INFO     |     准确率: 0.927565
2025-07-29 13:13:56 | INFO     |     学习率: 0.00010000
2025-07-29 13:13:56 | INFO     |   验证指标(标准CE):
2025-07-29 13:13:56 | INFO     |     损失: 0.143285
2025-07-29 13:13:56 | INFO     |     准确率: 0.951072
2025-07-29 13:13:56 | INFO     |     F1(macro): 0.954840
2025-07-29 13:13:56 | INFO     |     F1(weighted): 0.952700
2025-07-29 13:13:56 | INFO     |     精确率: 0.962276
2025-07-29 13:13:56 | INFO     |     召回率: 0.953590
2025-07-29 13:13:56 | INFO     |   学习率调度器: f1_based
2025-07-29 13:13:56 | INFO     | ------------------------------------------------------------
2025-07-29 13:13:56 | INFO     | Epoch  28 | Train: Loss=0.2366, Acc=0.9276 | Val: Loss=0.1433, Acc=0.9511, F1=0.9527 | LR=0.000100 🏆 [最佳模型]
2025-07-29 13:18:23 | INFO     | Epoch 29:
2025-07-29 13:18:23 | INFO     |   训练指标:
2025-07-29 13:18:23 | INFO     |     损失(ce): 0.225400
2025-07-29 13:18:23 | INFO     |     准确率: 0.937458
2025-07-29 13:18:23 | INFO     |     学习率: 0.00010000
2025-07-29 13:18:23 | INFO     |   验证指标(标准CE):
2025-07-29 13:18:23 | INFO     |     损失: 0.164319
2025-07-29 13:18:23 | INFO     |     准确率: 0.945040
2025-07-29 13:18:23 | INFO     |     F1(macro): 0.948089
2025-07-29 13:18:23 | INFO     |     F1(weighted): 0.946301
2025-07-29 13:18:23 | INFO     |     精确率: 0.955363
2025-07-29 13:18:23 | INFO     |     召回率: 0.948987
2025-07-29 13:18:23 | INFO     |   学习率调度器: f1_based
2025-07-29 13:18:23 | INFO     | ------------------------------------------------------------
2025-07-29 13:18:23 | INFO     | Epoch  29 | Train: Loss=0.2254, Acc=0.9375 | Val: Loss=0.1643, Acc=0.9450, F1=0.9463 | LR=0.000100 
2025-07-29 13:22:49 | INFO     | Epoch 30:
2025-07-29 13:22:49 | INFO     |   训练指标:
2025-07-29 13:22:49 | INFO     |     损失(ce): 0.216725
2025-07-29 13:22:49 | INFO     |     准确率: 0.933769
2025-07-29 13:22:49 | INFO     |     学习率: 0.00010000
2025-07-29 13:22:49 | INFO     |   验证指标(标准CE):
2025-07-29 13:22:49 | INFO     |     损失: 0.157878
2025-07-29 13:22:49 | INFO     |     准确率: 0.947721
2025-07-29 13:22:49 | INFO     |     F1(macro): 0.950918
2025-07-29 13:22:49 | INFO     |     F1(weighted): 0.949353
2025-07-29 13:22:49 | INFO     |     精确率: 0.961162
2025-07-29 13:22:49 | INFO     |     召回率: 0.951060
2025-07-29 13:22:49 | INFO     |   学习率调度器: f1_based
2025-07-29 13:22:49 | INFO     | ------------------------------------------------------------
2025-07-29 13:22:49 | INFO     | Epoch  30 | Train: Loss=0.2167, Acc=0.9338 | Val: Loss=0.1579, Acc=0.9477, F1=0.9494 | LR=0.000100 
2025-07-29 13:27:16 | INFO     | Epoch 31:
2025-07-29 13:27:16 | INFO     |   训练指标:
2025-07-29 13:27:16 | INFO     |     损失(ce): 0.194060
2025-07-29 13:27:16 | INFO     |     准确率: 0.938799
2025-07-29 13:27:16 | INFO     |     学习率: 0.00010000
2025-07-29 13:27:16 | INFO     |   验证指标(标准CE):
2025-07-29 13:27:16 | INFO     |     损失: 0.089467
2025-07-29 13:27:16 | INFO     |     准确率: 0.974531
2025-07-29 13:27:16 | INFO     |     F1(macro): 0.975073
2025-07-29 13:27:16 | INFO     |     F1(weighted): 0.974512
2025-07-29 13:27:16 | INFO     |     精确率: 0.976881
2025-07-29 13:27:16 | INFO     |     召回率: 0.975325
2025-07-29 13:27:16 | INFO     |   学习率调度器: f1_based
2025-07-29 13:27:16 | INFO     | ------------------------------------------------------------
2025-07-29 13:27:16 | INFO     | Epoch  31 | Train: Loss=0.1941, Acc=0.9388 | Val: Loss=0.0895, Acc=0.9745, F1=0.9745 | LR=0.000100 🏆 [最佳模型]
2025-07-29 13:31:44 | INFO     | Epoch 32:
2025-07-29 13:31:44 | INFO     |   训练指标:
2025-07-29 13:31:44 | INFO     |     损失(ce): 0.234625
2025-07-29 13:31:44 | INFO     |     准确率: 0.933099
2025-07-29 13:31:44 | INFO     |     学习率: 0.00010000
2025-07-29 13:31:44 | INFO     |   验证指标(标准CE):
2025-07-29 13:31:44 | INFO     |     损失: 0.200438
2025-07-29 13:31:44 | INFO     |     准确率: 0.929625
2025-07-29 13:31:44 | INFO     |     F1(macro): 0.930038
2025-07-29 13:31:44 | INFO     |     F1(weighted): 0.928613
2025-07-29 13:31:44 | INFO     |     精确率: 0.936908
2025-07-29 13:31:44 | INFO     |     召回率: 0.933225
2025-07-29 13:31:44 | INFO     |   学习率调度器: f1_based
2025-07-29 13:31:44 | INFO     | ------------------------------------------------------------
2025-07-29 13:31:44 | INFO     | Epoch  32 | Train: Loss=0.2346, Acc=0.9331 | Val: Loss=0.2004, Acc=0.9296, F1=0.9286 | LR=0.000100 
2025-07-29 13:36:11 | INFO     | Epoch 33:
2025-07-29 13:36:11 | INFO     |   训练指标:
2025-07-29 13:36:11 | INFO     |     损失(ce): 0.217325
2025-07-29 13:36:11 | INFO     |     准确率: 0.934105
2025-07-29 13:36:11 | INFO     |     学习率: 0.00010000
2025-07-29 13:36:11 | INFO     |   验证指标(标准CE):
2025-07-29 13:36:11 | INFO     |     损失: 0.142249
2025-07-29 13:36:11 | INFO     |     准确率: 0.961126
2025-07-29 13:36:11 | INFO     |     F1(macro): 0.963257
2025-07-29 13:36:11 | INFO     |     F1(weighted): 0.961922
2025-07-29 13:36:11 | INFO     |     精确率: 0.967481
2025-07-29 13:36:11 | INFO     |     召回率: 0.963570
2025-07-29 13:36:11 | INFO     |   学习率调度器: f1_based
2025-07-29 13:36:11 | INFO     | ------------------------------------------------------------
2025-07-29 13:36:11 | INFO     | Epoch  33 | Train: Loss=0.2173, Acc=0.9341 | Val: Loss=0.1422, Acc=0.9611, F1=0.9619 | LR=0.000100 
2025-07-29 13:40:37 | INFO     | Epoch 34:
2025-07-29 13:40:37 | INFO     |   训练指标:
2025-07-29 13:40:37 | INFO     |     损失(ce): 0.214133
2025-07-29 13:40:37 | INFO     |     准确率: 0.938632
2025-07-29 13:40:37 | INFO     |     学习率: 0.00010000
2025-07-29 13:40:37 | INFO     |   验证指标(标准CE):
2025-07-29 13:40:37 | INFO     |     损失: 0.262486
2025-07-29 13:40:37 | INFO     |     准确率: 0.914879
2025-07-29 13:40:37 | INFO     |     F1(macro): 0.915074
2025-07-29 13:40:37 | INFO     |     F1(weighted): 0.912804
2025-07-29 13:40:37 | INFO     |     精确率: 0.932795
2025-07-29 13:40:37 | INFO     |     召回率: 0.916980
2025-07-29 13:40:37 | INFO     |   学习率调度器: f1_based
2025-07-29 13:40:37 | INFO     | ------------------------------------------------------------
2025-07-29 13:40:37 | INFO     | Epoch  34 | Train: Loss=0.2141, Acc=0.9386 | Val: Loss=0.2625, Acc=0.9149, F1=0.9128 | LR=0.000100 
2025-07-29 13:45:03 | INFO     | Epoch 35:
2025-07-29 13:45:03 | INFO     |   训练指标:
2025-07-29 13:45:03 | INFO     |     损失(ce): 0.206287
2025-07-29 13:45:03 | INFO     |     准确率: 0.939973
2025-07-29 13:45:03 | INFO     |     学习率: 0.00010000
2025-07-29 13:45:03 | INFO     |   验证指标(标准CE):
2025-07-29 13:45:03 | INFO     |     损失: 0.207967
2025-07-29 13:45:03 | INFO     |     准确率: 0.946381
2025-07-29 13:45:03 | INFO     |     F1(macro): 0.947214
2025-07-29 13:45:03 | INFO     |     F1(weighted): 0.946067
2025-07-29 13:45:03 | INFO     |     精确率: 0.954904
2025-07-29 13:45:03 | INFO     |     召回率: 0.947873
2025-07-29 13:45:03 | INFO     |   学习率调度器: f1_based
2025-07-29 13:45:03 | INFO     | ------------------------------------------------------------
2025-07-29 13:45:03 | INFO     | Epoch  35 | Train: Loss=0.2063, Acc=0.9400 | Val: Loss=0.2080, Acc=0.9464, F1=0.9461 | LR=0.000100 
2025-07-29 13:49:30 | INFO     | Epoch 36:
2025-07-29 13:49:30 | INFO     |   训练指标:
2025-07-29 13:49:30 | INFO     |     损失(ce): 0.230280
2025-07-29 13:49:30 | INFO     |     准确率: 0.934943
2025-07-29 13:49:30 | INFO     |     学习率: 0.00010000
2025-07-29 13:49:30 | INFO     |   验证指标(标准CE):
2025-07-29 13:49:30 | INFO     |     损失: 0.110976
2025-07-29 13:49:30 | INFO     |     准确率: 0.960456
2025-07-29 13:49:30 | INFO     |     F1(macro): 0.962341
2025-07-29 13:49:30 | INFO     |     F1(weighted): 0.960779
2025-07-29 13:49:30 | INFO     |     精确率: 0.969166
2025-07-29 13:49:30 | INFO     |     召回率: 0.962313
2025-07-29 13:49:30 | INFO     |   学习率调度器: f1_based
2025-07-29 13:49:30 | INFO     | ------------------------------------------------------------
2025-07-29 13:49:30 | INFO     | Epoch  36 | Train: Loss=0.2303, Acc=0.9349 | Val: Loss=0.1110, Acc=0.9605, F1=0.9608 | LR=0.000100 
2025-07-29 13:53:56 | INFO     | Epoch 37:
2025-07-29 13:53:56 | INFO     |   训练指标:
2025-07-29 13:53:56 | INFO     |     损失(ce): 0.196122
2025-07-29 13:53:56 | INFO     |     准确率: 0.939302
2025-07-29 13:53:56 | INFO     |     学习率: 0.00010000
2025-07-29 13:53:56 | INFO     |   验证指标(标准CE):
2025-07-29 13:53:56 | INFO     |     损失: 0.190841
2025-07-29 13:53:56 | INFO     |     准确率: 0.928284
2025-07-29 13:53:56 | INFO     |     F1(macro): 0.931779
2025-07-29 13:53:56 | INFO     |     F1(weighted): 0.929074
2025-07-29 13:53:56 | INFO     |     精确率: 0.945062
2025-07-29 13:53:56 | INFO     |     召回率: 0.929572
2025-07-29 13:53:56 | INFO     |   学习率调度器: f1_based
2025-07-29 13:53:56 | INFO     | ------------------------------------------------------------
2025-07-29 13:53:56 | INFO     | Epoch  37 | Train: Loss=0.1961, Acc=0.9393 | Val: Loss=0.1908, Acc=0.9283, F1=0.9291 | LR=0.000100 
2025-07-29 13:58:22 | INFO     | Epoch 38:
2025-07-29 13:58:22 | INFO     |   训练指标:
2025-07-29 13:58:22 | INFO     |     损失(ce): 0.208681
2025-07-29 13:58:22 | INFO     |     准确率: 0.937793
2025-07-29 13:58:22 | INFO     |     学习率: 0.00010000
2025-07-29 13:58:22 | INFO     |   验证指标(标准CE):
2025-07-29 13:58:22 | INFO     |     损失: 0.207191
2025-07-29 13:58:22 | INFO     |     准确率: 0.941019
2025-07-29 13:58:22 | INFO     |     F1(macro): 0.945140
2025-07-29 13:58:22 | INFO     |     F1(weighted): 0.943073
2025-07-29 13:58:22 | INFO     |     精确率: 0.957392
2025-07-29 13:58:22 | INFO     |     召回率: 0.941791
2025-07-29 13:58:22 | INFO     |   学习率调度器: f1_based
2025-07-29 13:58:22 | INFO     | ------------------------------------------------------------
2025-07-29 13:58:22 | INFO     | Epoch  38 | Train: Loss=0.2087, Acc=0.9378 | Val: Loss=0.2072, Acc=0.9410, F1=0.9431 | LR=0.000100 
2025-07-29 14:02:48 | INFO     | Epoch 39:
2025-07-29 14:02:48 | INFO     |   训练指标:
2025-07-29 14:02:48 | INFO     |     损失(ce): 0.193831
2025-07-29 14:02:48 | INFO     |     准确率: 0.938967
2025-07-29 14:02:48 | INFO     |     学习率: 0.00010000
2025-07-29 14:02:48 | INFO     |   验证指标(标准CE):
2025-07-29 14:02:48 | INFO     |     损失: 0.113590
2025-07-29 14:02:48 | INFO     |     准确率: 0.959115
2025-07-29 14:02:48 | INFO     |     F1(macro): 0.960333
2025-07-29 14:02:48 | INFO     |     F1(weighted): 0.959709
2025-07-29 14:02:48 | INFO     |     精确率: 0.965923
2025-07-29 14:02:48 | INFO     |     召回率: 0.959452
2025-07-29 14:02:48 | INFO     |   学习率调度器: f1_based
2025-07-29 14:02:48 | INFO     | ------------------------------------------------------------
2025-07-29 14:02:48 | INFO     | 🎯 学习率调整事件:
2025-07-29 14:02:48 | INFO     |   调度器类型: f1_based
2025-07-29 14:02:48 | INFO     |   学习率变化: 0.00010000 → 0.00005000
2025-07-29 14:02:48 | INFO     |   触发条件: F1分数 = 0.959709
2025-07-29 14:02:48 | INFO     |   变化幅度: -50.00%
2025-07-29 14:02:48 | INFO     | ------------------------------------------------------------
2025-07-29 14:02:48 | INFO     | Epoch  39 | Train: Loss=0.1938, Acc=0.9390 | Val: Loss=0.1136, Acc=0.9591, F1=0.9597 | LR=0.000050 
2025-07-29 14:07:14 | INFO     | Epoch 40:
2025-07-29 14:07:14 | INFO     |   训练指标:
2025-07-29 14:07:14 | INFO     |     损失(ce): 0.103127
2025-07-29 14:07:14 | INFO     |     准确率: 0.963783
2025-07-29 14:07:14 | INFO     |     学习率: 0.00005000
2025-07-29 14:07:14 | INFO     |   验证指标(标准CE):
2025-07-29 14:07:14 | INFO     |     损失: 0.113326
2025-07-29 14:07:14 | INFO     |     准确率: 0.959786
2025-07-29 14:07:14 | INFO     |     F1(macro): 0.962139
2025-07-29 14:07:14 | INFO     |     F1(weighted): 0.960956
2025-07-29 14:07:14 | INFO     |     精确率: 0.968797
2025-07-29 14:07:14 | INFO     |     召回率: 0.962179
2025-07-29 14:07:14 | INFO     |   学习率调度器: f1_based
2025-07-29 14:07:14 | INFO     | ------------------------------------------------------------
2025-07-29 14:07:14 | INFO     | Epoch  40 | Train: Loss=0.1031, Acc=0.9638 | Val: Loss=0.1133, Acc=0.9598, F1=0.9610 | LR=0.000050 
2025-07-29 14:11:41 | INFO     | Epoch 41:
2025-07-29 14:11:41 | INFO     |   训练指标:
2025-07-29 14:11:41 | INFO     |     损失(ce): 0.105356
2025-07-29 14:11:41 | INFO     |     准确率: 0.962106
2025-07-29 14:11:41 | INFO     |     学习率: 0.00005000
2025-07-29 14:11:41 | INFO     |   验证指标(标准CE):
2025-07-29 14:11:41 | INFO     |     损失: 0.118899
2025-07-29 14:11:41 | INFO     |     准确率: 0.954424
2025-07-29 14:11:41 | INFO     |     F1(macro): 0.956888
2025-07-29 14:11:41 | INFO     |     F1(weighted): 0.953992
2025-07-29 14:11:41 | INFO     |     精确率: 0.962123
2025-07-29 14:11:41 | INFO     |     召回率: 0.958667
2025-07-29 14:11:41 | INFO     |   学习率调度器: f1_based
2025-07-29 14:11:41 | INFO     | ------------------------------------------------------------
2025-07-29 14:11:41 | INFO     | Epoch  41 | Train: Loss=0.1054, Acc=0.9621 | Val: Loss=0.1189, Acc=0.9544, F1=0.9540 | LR=0.000050 
2025-07-29 14:16:07 | INFO     | Epoch 42:
2025-07-29 14:16:07 | INFO     |   训练指标:
2025-07-29 14:16:07 | INFO     |     损失(ce): 0.117729
2025-07-29 14:16:07 | INFO     |     准确率: 0.961771
2025-07-29 14:16:07 | INFO     |     学习率: 0.00005000
2025-07-29 14:16:07 | INFO     |   验证指标(标准CE):
2025-07-29 14:16:07 | INFO     |     损失: 0.106886
2025-07-29 14:16:07 | INFO     |     准确率: 0.961796
2025-07-29 14:16:07 | INFO     |     F1(macro): 0.964068
2025-07-29 14:16:07 | INFO     |     F1(weighted): 0.962153
2025-07-29 14:16:07 | INFO     |     精确率: 0.967921
2025-07-29 14:16:07 | INFO     |     召回率: 0.964679
2025-07-29 14:16:07 | INFO     |   学习率调度器: f1_based
2025-07-29 14:16:07 | INFO     | ------------------------------------------------------------
2025-07-29 14:16:07 | INFO     | Epoch  42 | Train: Loss=0.1177, Acc=0.9618 | Val: Loss=0.1069, Acc=0.9618, F1=0.9622 | LR=0.000050 
2025-07-29 14:20:33 | INFO     | Epoch 43:
2025-07-29 14:20:33 | INFO     |   训练指标:
2025-07-29 14:20:33 | INFO     |     损失(ce): 0.101010
2025-07-29 14:20:33 | INFO     |     准确率: 0.963783
2025-07-29 14:20:33 | INFO     |     学习率: 0.00005000
2025-07-29 14:20:33 | INFO     |   验证指标(标准CE):
2025-07-29 14:20:33 | INFO     |     损失: 0.075304
2025-07-29 14:20:33 | INFO     |     准确率: 0.975201
2025-07-29 14:20:33 | INFO     |     F1(macro): 0.975923
2025-07-29 14:20:33 | INFO     |     F1(weighted): 0.975339
2025-07-29 14:20:33 | INFO     |     精确率: 0.977857
2025-07-29 14:20:33 | INFO     |     召回率: 0.976074
2025-07-29 14:20:33 | INFO     |   学习率调度器: f1_based
2025-07-29 14:20:33 | INFO     | ------------------------------------------------------------
2025-07-29 14:20:33 | INFO     | Epoch  43 | Train: Loss=0.1010, Acc=0.9638 | Val: Loss=0.0753, Acc=0.9752, F1=0.9753 | LR=0.000050 🏆 [最佳模型]
2025-07-29 14:25:00 | INFO     | Epoch 44:
2025-07-29 14:25:00 | INFO     |   训练指标:
2025-07-29 14:25:00 | INFO     |     损失(ce): 0.104025
2025-07-29 14:25:00 | INFO     |     准确率: 0.966465
2025-07-29 14:25:00 | INFO     |     学习率: 0.00005000
2025-07-29 14:25:00 | INFO     |   验证指标(标准CE):
2025-07-29 14:25:00 | INFO     |     损失: 0.091371
2025-07-29 14:25:00 | INFO     |     准确率: 0.966488
2025-07-29 14:25:00 | INFO     |     F1(macro): 0.968270
2025-07-29 14:25:00 | INFO     |     F1(weighted): 0.966648
2025-07-29 14:25:00 | INFO     |     精确率: 0.973181
2025-07-29 14:25:00 | INFO     |     召回率: 0.968388
2025-07-29 14:25:00 | INFO     |   学习率调度器: f1_based
2025-07-29 14:25:00 | INFO     | ------------------------------------------------------------
2025-07-29 14:25:00 | INFO     | Epoch  44 | Train: Loss=0.1040, Acc=0.9665 | Val: Loss=0.0914, Acc=0.9665, F1=0.9666 | LR=0.000050 
2025-07-29 14:29:27 | INFO     | Epoch 45:
2025-07-29 14:29:27 | INFO     |   训练指标:
2025-07-29 14:29:27 | INFO     |     损失(ce): 0.117226
2025-07-29 14:29:27 | INFO     |     准确率: 0.962777
2025-07-29 14:29:27 | INFO     |     学习率: 0.00005000
2025-07-29 14:29:27 | INFO     |   验证指标(标准CE):
2025-07-29 14:29:27 | INFO     |     损失: 0.154438
2025-07-29 14:29:27 | INFO     |     准确率: 0.966488
2025-07-29 14:29:27 | INFO     |     F1(macro): 0.968064
2025-07-29 14:29:27 | INFO     |     F1(weighted): 0.966728
2025-07-29 14:29:27 | INFO     |     精确率: 0.973131
2025-07-29 14:29:27 | INFO     |     召回率: 0.968651
2025-07-29 14:29:27 | INFO     |   学习率调度器: f1_based
2025-07-29 14:29:27 | INFO     | ------------------------------------------------------------
2025-07-29 14:29:27 | INFO     | Epoch  45 | Train: Loss=0.1172, Acc=0.9628 | Val: Loss=0.1544, Acc=0.9665, F1=0.9667 | LR=0.000050 
2025-07-29 14:33:53 | INFO     | Epoch 46:
2025-07-29 14:33:53 | INFO     |   训练指标:
2025-07-29 14:33:53 | INFO     |     损失(ce): 0.109315
2025-07-29 14:33:53 | INFO     |     准确率: 0.962274
2025-07-29 14:33:53 | INFO     |     学习率: 0.00005000
2025-07-29 14:33:53 | INFO     |   验证指标(标准CE):
2025-07-29 14:33:53 | INFO     |     损失: 0.083469
2025-07-29 14:33:53 | INFO     |     准确率: 0.971850
2025-07-29 14:33:53 | INFO     |     F1(macro): 0.973654
2025-07-29 14:33:53 | INFO     |     F1(weighted): 0.972078
2025-07-29 14:33:53 | INFO     |     精确率: 0.977111
2025-07-29 14:33:53 | INFO     |     召回率: 0.972577
2025-07-29 14:33:53 | INFO     |   学习率调度器: f1_based
2025-07-29 14:33:53 | INFO     | ------------------------------------------------------------
2025-07-29 14:33:53 | INFO     | Epoch  46 | Train: Loss=0.1093, Acc=0.9623 | Val: Loss=0.0835, Acc=0.9718, F1=0.9721 | LR=0.000050 
2025-07-29 14:38:20 | INFO     | Epoch 47:
2025-07-29 14:38:20 | INFO     |   训练指标:
2025-07-29 14:38:20 | INFO     |     损失(ce): 0.103483
2025-07-29 14:38:20 | INFO     |     准确率: 0.967471
2025-07-29 14:38:20 | INFO     |     学习率: 0.00005000
2025-07-29 14:38:20 | INFO     |   验证指标(标准CE):
2025-07-29 14:38:20 | INFO     |     损失: 0.111144
2025-07-29 14:38:20 | INFO     |     准确率: 0.958445
2025-07-29 14:38:20 | INFO     |     F1(macro): 0.960727
2025-07-29 14:38:20 | INFO     |     F1(weighted): 0.958760
2025-07-29 14:38:20 | INFO     |     精确率: 0.968176
2025-07-29 14:38:20 | INFO     |     召回率: 0.960923
2025-07-29 14:38:20 | INFO     |   学习率调度器: f1_based
2025-07-29 14:38:20 | INFO     | ------------------------------------------------------------
2025-07-29 14:38:20 | INFO     | Epoch  47 | Train: Loss=0.1035, Acc=0.9675 | Val: Loss=0.1111, Acc=0.9584, F1=0.9588 | LR=0.000050 
2025-07-29 14:42:46 | INFO     | Epoch 48:
2025-07-29 14:42:46 | INFO     |   训练指标:
2025-07-29 14:42:46 | INFO     |     损失(ce): 0.101901
2025-07-29 14:42:46 | INFO     |     准确率: 0.965459
2025-07-29 14:42:46 | INFO     |     学习率: 0.00005000
2025-07-29 14:42:46 | INFO     |   验证指标(标准CE):
2025-07-29 14:42:46 | INFO     |     损失: 0.084516
2025-07-29 14:42:46 | INFO     |     准确率: 0.968499
2025-07-29 14:42:46 | INFO     |     F1(macro): 0.970084
2025-07-29 14:42:46 | INFO     |     F1(weighted): 0.968690
2025-07-29 14:42:46 | INFO     |     精确率: 0.974119
2025-07-29 14:42:46 | INFO     |     召回率: 0.970059
2025-07-29 14:42:46 | INFO     |   学习率调度器: f1_based
2025-07-29 14:42:46 | INFO     | ------------------------------------------------------------
2025-07-29 14:42:46 | INFO     | Epoch  48 | Train: Loss=0.1019, Acc=0.9655 | Val: Loss=0.0845, Acc=0.9685, F1=0.9687 | LR=0.000050 
2025-07-29 14:47:12 | INFO     | Epoch 49:
2025-07-29 14:47:12 | INFO     |   训练指标:
2025-07-29 14:47:12 | INFO     |     损失(ce): 0.098047
2025-07-29 14:47:12 | INFO     |     准确率: 0.967807
2025-07-29 14:47:12 | INFO     |     学习率: 0.00005000
2025-07-29 14:47:12 | INFO     |   验证指标(标准CE):
2025-07-29 14:47:12 | INFO     |     损失: 0.093634
2025-07-29 14:47:12 | INFO     |     准确率: 0.971180
2025-07-29 14:47:12 | INFO     |     F1(macro): 0.972586
2025-07-29 14:47:12 | INFO     |     F1(weighted): 0.971290
2025-07-29 14:47:12 | INFO     |     精确率: 0.975585
2025-07-29 14:47:12 | INFO     |     召回率: 0.972579
2025-07-29 14:47:12 | INFO     |   学习率调度器: f1_based
2025-07-29 14:47:12 | INFO     | ------------------------------------------------------------
2025-07-29 14:47:12 | INFO     | 🎯 学习率调整事件:
2025-07-29 14:47:12 | INFO     |   调度器类型: f1_based
2025-07-29 14:47:12 | INFO     |   学习率变化: 0.00005000 → 0.00002500
2025-07-29 14:47:12 | INFO     |   触发条件: F1分数 = 0.971290
2025-07-29 14:47:12 | INFO     |   变化幅度: -50.00%
2025-07-29 14:47:12 | INFO     | ------------------------------------------------------------
2025-07-29 14:47:12 | INFO     | Epoch  49 | Train: Loss=0.0980, Acc=0.9678 | Val: Loss=0.0936, Acc=0.9712, F1=0.9713 | LR=0.000025 
2025-07-29 14:51:39 | INFO     | Epoch 50:
2025-07-29 14:51:39 | INFO     |   训练指标:
2025-07-29 14:51:39 | INFO     |     损失(ce): 0.078943
2025-07-29 14:51:39 | INFO     |     准确率: 0.972502
2025-07-29 14:51:39 | INFO     |     学习率: 0.00002500
2025-07-29 14:51:39 | INFO     |   验证指标(标准CE):
2025-07-29 14:51:39 | INFO     |     损失: 0.123585
2025-07-29 14:51:39 | INFO     |     准确率: 0.960456
2025-07-29 14:51:39 | INFO     |     F1(macro): 0.961915
2025-07-29 14:51:39 | INFO     |     F1(weighted): 0.961032
2025-07-29 14:51:39 | INFO     |     精确率: 0.969622
2025-07-29 14:51:39 | INFO     |     召回率: 0.963365
2025-07-29 14:51:39 | INFO     |   学习率调度器: f1_based
2025-07-29 14:51:39 | INFO     | ------------------------------------------------------------
2025-07-29 14:51:39 | INFO     | Epoch  50 | Train: Loss=0.0789, Acc=0.9725 | Val: Loss=0.1236, Acc=0.9605, F1=0.9610 | LR=0.000025 
2025-07-29 14:56:06 | INFO     | Epoch 51:
2025-07-29 14:56:06 | INFO     |   训练指标:
2025-07-29 14:56:06 | INFO     |     损失(ce): 0.067005
2025-07-29 14:56:06 | INFO     |     准确率: 0.974346
2025-07-29 14:56:06 | INFO     |     学习率: 0.00002500
2025-07-29 14:56:06 | INFO     |   验证指标(标准CE):
2025-07-29 14:56:06 | INFO     |     损失: 0.086177
2025-07-29 14:56:06 | INFO     |     准确率: 0.968499
2025-07-29 14:56:06 | INFO     |     F1(macro): 0.971675
2025-07-29 14:56:06 | INFO     |     F1(weighted): 0.969440
2025-07-29 14:56:06 | INFO     |     精确率: 0.977569
2025-07-29 14:56:06 | INFO     |     召回率: 0.969674
2025-07-29 14:56:06 | INFO     |   学习率调度器: f1_based
2025-07-29 14:56:06 | INFO     | ------------------------------------------------------------
2025-07-29 14:56:06 | INFO     | Epoch  51 | Train: Loss=0.0670, Acc=0.9743 | Val: Loss=0.0862, Acc=0.9685, F1=0.9694 | LR=0.000025 
2025-07-29 15:00:33 | INFO     | Epoch 52:
2025-07-29 15:00:33 | INFO     |   训练指标:
2025-07-29 15:00:33 | INFO     |     损失(ce): 0.075115
2025-07-29 15:00:33 | INFO     |     准确率: 0.974178
2025-07-29 15:00:33 | INFO     |     学习率: 0.00002500
2025-07-29 15:00:33 | INFO     |   验证指标(标准CE):
2025-07-29 15:00:33 | INFO     |     损失: 0.076525
2025-07-29 15:00:33 | INFO     |     准确率: 0.969839
2025-07-29 15:00:33 | INFO     |     F1(macro): 0.970717
2025-07-29 15:00:33 | INFO     |     F1(weighted): 0.969857
2025-07-29 15:00:33 | INFO     |     精确率: 0.973063
2025-07-29 15:00:33 | INFO     |     召回率: 0.971786
2025-07-29 15:00:33 | INFO     |   学习率调度器: f1_based
2025-07-29 15:00:33 | INFO     | ------------------------------------------------------------
2025-07-29 15:00:33 | INFO     | Epoch  52 | Train: Loss=0.0751, Acc=0.9742 | Val: Loss=0.0765, Acc=0.9698, F1=0.9699 | LR=0.000025 
2025-07-29 15:04:59 | INFO     | Epoch 53:
2025-07-29 15:04:59 | INFO     |   训练指标:
2025-07-29 15:04:59 | INFO     |     损失(ce): 0.058966
2025-07-29 15:04:59 | INFO     |     准确率: 0.977029
2025-07-29 15:04:59 | INFO     |     学习率: 0.00002500
2025-07-29 15:04:59 | INFO     |   验证指标(标准CE):
2025-07-29 15:04:59 | INFO     |     损失: 0.099622
2025-07-29 15:04:59 | INFO     |     准确率: 0.969839
2025-07-29 15:04:59 | INFO     |     F1(macro): 0.971819
2025-07-29 15:04:59 | INFO     |     F1(weighted): 0.970402
2025-07-29 15:04:59 | INFO     |     精确率: 0.975857
2025-07-29 15:04:59 | INFO     |     召回率: 0.971232
2025-07-29 15:04:59 | INFO     |   学习率调度器: f1_based
2025-07-29 15:04:59 | INFO     | ------------------------------------------------------------
2025-07-29 15:04:59 | INFO     | Epoch  53 | Train: Loss=0.0590, Acc=0.9770 | Val: Loss=0.0996, Acc=0.9698, F1=0.9704 | LR=0.000025 
2025-07-29 15:09:25 | INFO     | Epoch 54:
2025-07-29 15:09:25 | INFO     |   训练指标:
2025-07-29 15:09:25 | INFO     |     损失(ce): 0.073018
2025-07-29 15:09:25 | INFO     |     准确率: 0.973675
2025-07-29 15:09:25 | INFO     |     学习率: 0.00002500
2025-07-29 15:09:25 | INFO     |   验证指标(标准CE):
2025-07-29 15:09:25 | INFO     |     损失: 0.096511
2025-07-29 15:09:25 | INFO     |     准确率: 0.965147
2025-07-29 15:09:25 | INFO     |     F1(macro): 0.966803
2025-07-29 15:09:25 | INFO     |     F1(weighted): 0.965195
2025-07-29 15:09:25 | INFO     |     精确率: 0.972350
2025-07-29 15:09:25 | INFO     |     召回率: 0.966481
2025-07-29 15:09:25 | INFO     |   学习率调度器: f1_based
2025-07-29 15:09:25 | INFO     | ------------------------------------------------------------
2025-07-29 15:09:25 | INFO     | Epoch  54 | Train: Loss=0.0730, Acc=0.9737 | Val: Loss=0.0965, Acc=0.9651, F1=0.9652 | LR=0.000025 
2025-07-29 15:13:52 | INFO     | Epoch 55:
2025-07-29 15:13:52 | INFO     |   训练指标:
2025-07-29 15:13:52 | INFO     |     损失(ce): 0.064682
2025-07-29 15:13:52 | INFO     |     准确率: 0.975017
2025-07-29 15:13:52 | INFO     |     学习率: 0.00002500
2025-07-29 15:13:52 | INFO     |   验证指标(标准CE):
2025-07-29 15:13:52 | INFO     |     损失: 0.100137
2025-07-29 15:13:52 | INFO     |     准确率: 0.973190
2025-07-29 15:13:52 | INFO     |     F1(macro): 0.974196
2025-07-29 15:13:52 | INFO     |     F1(weighted): 0.973443
2025-07-29 15:13:52 | INFO     |     精确率: 0.978750
2025-07-29 15:13:52 | INFO     |     召回率: 0.974482
2025-07-29 15:13:52 | INFO     |   学习率调度器: f1_based
2025-07-29 15:13:52 | INFO     | ------------------------------------------------------------
2025-07-29 15:13:52 | INFO     | Epoch  55 | Train: Loss=0.0647, Acc=0.9750 | Val: Loss=0.1001, Acc=0.9732, F1=0.9734 | LR=0.000025 
2025-07-29 15:18:18 | INFO     | Epoch 56:
2025-07-29 15:18:18 | INFO     |   训练指标:
2025-07-29 15:18:18 | INFO     |     损失(ce): 0.070941
2025-07-29 15:18:18 | INFO     |     准确率: 0.975352
2025-07-29 15:18:18 | INFO     |     学习率: 0.00002500
2025-07-29 15:18:18 | INFO     |   验证指标(标准CE):
2025-07-29 15:18:18 | INFO     |     损失: 0.095271
2025-07-29 15:18:18 | INFO     |     准确率: 0.971180
2025-07-29 15:18:18 | INFO     |     F1(macro): 0.972539
2025-07-29 15:18:18 | INFO     |     F1(weighted): 0.971308
2025-07-29 15:18:18 | INFO     |     精确率: 0.975413
2025-07-29 15:18:18 | INFO     |     召回率: 0.972730
2025-07-29 15:18:18 | INFO     |   学习率调度器: f1_based
2025-07-29 15:18:18 | INFO     | ------------------------------------------------------------
2025-07-29 15:18:18 | INFO     | Epoch  56 | Train: Loss=0.0709, Acc=0.9754 | Val: Loss=0.0953, Acc=0.9712, F1=0.9713 | LR=0.000025 
2025-07-29 15:22:44 | INFO     | Epoch 57:
2025-07-29 15:22:44 | INFO     |   训练指标:
2025-07-29 15:22:44 | INFO     |     损失(ce): 0.069866
2025-07-29 15:22:44 | INFO     |     准确率: 0.974514
2025-07-29 15:22:44 | INFO     |     学习率: 0.00002500
2025-07-29 15:22:44 | INFO     |   验证指标(标准CE):
2025-07-29 15:22:44 | INFO     |     损失: 0.098225
2025-07-29 15:22:44 | INFO     |     准确率: 0.967828
2025-07-29 15:22:44 | INFO     |     F1(macro): 0.968869
2025-07-29 15:22:44 | INFO     |     F1(weighted): 0.968148
2025-07-29 15:22:44 | INFO     |     精确率: 0.971720
2025-07-29 15:22:44 | INFO     |     召回率: 0.968592
2025-07-29 15:22:44 | INFO     |   学习率调度器: f1_based
2025-07-29 15:22:44 | INFO     | ------------------------------------------------------------
2025-07-29 15:22:44 | INFO     | Epoch  57 | Train: Loss=0.0699, Acc=0.9745 | Val: Loss=0.0982, Acc=0.9678, F1=0.9681 | LR=0.000025 
2025-07-29 15:27:10 | INFO     | Epoch 58:
2025-07-29 15:27:10 | INFO     |   训练指标:
2025-07-29 15:27:10 | INFO     |     损失(ce): 0.071762
2025-07-29 15:27:10 | INFO     |     准确率: 0.975687
2025-07-29 15:27:10 | INFO     |     学习率: 0.00002500
2025-07-29 15:27:10 | INFO     |   验证指标(标准CE):
2025-07-29 15:27:10 | INFO     |     损失: 0.111668
2025-07-29 15:27:10 | INFO     |     准确率: 0.969839
2025-07-29 15:27:10 | INFO     |     F1(macro): 0.972343
2025-07-29 15:27:10 | INFO     |     F1(weighted): 0.970457
2025-07-29 15:27:10 | INFO     |     精确率: 0.977016
2025-07-29 15:27:10 | INFO     |     召回率: 0.971309
2025-07-29 15:27:10 | INFO     |   学习率调度器: f1_based
2025-07-29 15:27:10 | INFO     | ------------------------------------------------------------
2025-07-29 15:27:10 | INFO     | Epoch  58 | Train: Loss=0.0718, Acc=0.9757 | Val: Loss=0.1117, Acc=0.9698, F1=0.9705 | LR=0.000025 
2025-07-29 15:27:10 | INFO     | ⏹️ 早停触发，在第 58 轮停止训练
2025-07-29 15:27:29 | INFO     | 训练历史已保存到: ./result/0729_1108_DualGAF_DDAHU_DualGAFNet_SDAHU通道压缩_sl96_step96_fd128_extractor-dilated_gaf-adaptive_attention-channel_classifier-mlp_stat-basic_fusion-concat/training_history.csv
2025-07-29 15:27:29 | INFO     | 
====================================================================================================
2025-07-29 15:27:29 | INFO     | 🎉 训练完成总结:
2025-07-29 15:27:29 | INFO     |   训练损失函数: ce
2025-07-29 15:27:29 | INFO     |   验证损失函数: 标准交叉熵（遵循主流ML规范）
2025-07-29 15:27:29 | INFO     |   训练过程最佳验证准确率: 0.9752
2025-07-29 15:27:29 | INFO     |   训练过程最佳验证F1(macro): 0.9759
2025-07-29 15:27:29 | INFO     |   训练过程最佳验证F1(weighted): 0.9753
2025-07-29 15:27:29 | INFO     |   训练轮数: 58
2025-07-29 15:27:29 | INFO     | --------------------------------------------------
2025-07-29 15:27:29 | INFO     | 📊 最佳模型真实性能指标（基于标准交叉熵损失）:
2025-07-29 15:27:29 | INFO     |   验证损失(标准CE): 0.0753
2025-07-29 15:27:29 | INFO     |   验证准确率: 0.9752
2025-07-29 15:27:29 | INFO     |   验证F1(macro): 0.9759
2025-07-29 15:27:29 | INFO     |   验证F1(weighted): 0.9753
2025-07-29 15:27:29 | INFO     |   验证精确率: 0.9779
2025-07-29 15:27:29 | INFO     |   验证召回率: 0.9761
2025-07-29 15:27:29 | INFO     | ====================================================================================================
2025-07-29 15:27:33 | INFO     | ================================================================================
2025-07-29 15:27:33 | INFO     | 实验日志结束: DualGAF_DDAHU_DualGAFNet_SDAHU通道压缩_sl96_step96_fd128_extractor-dilated_gaf-adaptive_attention-channel_classifier-mlp_stat-basic_fusion-concat
2025-07-29 15:27:33 | INFO     | 结束时间: 2025-07-29 15:27:33
2025-07-29 15:27:33 | INFO     | ================================================================================
