2025-08-19 22:30:59 | INFO     | ================================================================================
2025-08-19 22:30:59 | INFO     | 实验日志开始: DualGAF_DDAHU_DualGAFNet_基准版_sl96_step96_fd128_extractor-dilated_gaf-adaptive_attention-channel_classifier-mlp_stat-basic_fusion-concat
2025-08-19 22:30:59 | INFO     | 日志文件: ./result/0819_2230_DualGAF_DDAHU_DualGAFNet_基准版_sl96_step96_fd128_extractor-dilated_gaf-adaptive_attention-channel_classifier-mlp_stat-basic_fusion-concat/training.log
2025-08-19 22:30:59 | INFO     | 开始时间: 2025-08-19 22:30:59
2025-08-19 22:30:59 | INFO     | ================================================================================
2025-08-19 22:30:59 | INFO     | ⚙️ 实验配置:
2025-08-19 22:30:59 | INFO     |    task_name: classification
2025-08-19 22:30:59 | INFO     |    is_training: 1
2025-08-19 22:30:59 | INFO     |    model_id: test
2025-08-19 22:30:59 | INFO     |    model: DualGAFNet
2025-08-19 22:30:59 | INFO     |    data: DualGAF_DDAHU
2025-08-19 22:30:59 | INFO     |    root_path: ./dataset/DDAHU/direct_5_working
2025-08-19 22:30:59 | INFO     |    step: 96
2025-08-19 22:30:59 | INFO     |    checkpoints: ./checkpoints/
2025-08-19 22:30:59 | INFO     |    num_class: 29
2025-08-19 22:30:59 | INFO     |    result_path: ./result/
2025-08-19 22:30:59 | INFO     |    test_size: 0.2
2025-08-19 22:30:59 | INFO     |    rows: None
2025-08-19 22:30:59 | INFO     |    seq_len: 96
2025-08-19 22:30:59 | INFO     |    enc_in: 97
2025-08-19 22:30:59 | INFO     |    d_model: 512
2025-08-19 22:30:59 | INFO     |    n_heads: 8
2025-08-19 22:30:59 | INFO     |    e_layers: 2
2025-08-19 22:30:59 | INFO     |    d_layers: 1
2025-08-19 22:30:59 | INFO     |    d_ff: 2048
2025-08-19 22:30:59 | INFO     |    moving_avg: 25
2025-08-19 22:30:59 | INFO     |    factor: 1
2025-08-19 22:30:59 | INFO     |    distil: True
2025-08-19 22:30:59 | INFO     |    dropout: 0.1
2025-08-19 22:30:59 | INFO     |    embed: timeF
2025-08-19 22:30:59 | INFO     |    activation: gelu
2025-08-19 22:30:59 | INFO     |    use_norm: 1
2025-08-19 22:30:59 | INFO     |    gaf_method: summation
2025-08-19 22:30:59 | INFO     |    feature_dim: 128
2025-08-19 22:30:59 | INFO     |    data_type_method: uint8
2025-08-19 22:30:59 | INFO     |    use_attention: True
2025-08-19 22:30:59 | INFO     |    hidden_dim: 64
2025-08-19 22:30:59 | INFO     |    sample_size: 1000
2025-08-19 22:30:59 | INFO     |    cnn_dropout_rate: 0.3
2025-08-19 22:30:59 | INFO     |    cnn_use_batch_norm: True
2025-08-19 22:30:59 | INFO     |    channel_groups: None
2025-08-19 22:30:59 | INFO     |    hvac_groups: None
2025-08-19 22:30:59 | INFO     |    use_channel_compression: False
2025-08-19 22:30:59 | INFO     |    compression_strategy: signal_compression
2025-08-19 22:30:59 | INFO     |    compression_ratio: 0.7
2025-08-19 22:30:59 | INFO     |    compression_channels: None
2025-08-19 22:30:59 | INFO     |    adaptive_compression_ratios: [0.5, 0.7, 0.8]
2025-08-19 22:30:59 | INFO     |    hvac_group_compression_ratios: None
2025-08-19 22:30:59 | INFO     |    extractor_type: dilated
2025-08-19 22:30:59 | INFO     |    fusion_type: adaptive
2025-08-19 22:30:59 | INFO     |    attention_type: channel
2025-08-19 22:30:59 | INFO     |    classifier_type: mlp
2025-08-19 22:30:59 | INFO     |    use_statistical_features: True
2025-08-19 22:30:59 | INFO     |    stat_type: basic
2025-08-19 22:30:59 | INFO     |    multimodal_fusion_strategy: concat
2025-08-19 22:30:59 | INFO     |    use_signal_level_stats: False
2025-08-19 22:30:59 | INFO     |    signal_stat_type: comprehensive
2025-08-19 22:30:59 | INFO     |    signal_stat_fusion_strategy: concat_project
2025-08-19 22:30:59 | INFO     |    signal_stat_feature_dim: 32
2025-08-19 22:30:59 | INFO     |    use_diff_branch: True
2025-08-19 22:30:59 | INFO     |    ablation_mode: none
2025-08-19 22:30:59 | INFO     |    backbone_type: resnet18
2025-08-19 22:30:59 | INFO     |    use_sum_branch: True
2025-08-19 22:30:59 | INFO     |    num_workers: 0
2025-08-19 22:30:59 | INFO     |    cuda_debug: False
2025-08-19 22:30:59 | INFO     |    gpu_memory_fraction: 0.9
2025-08-19 22:30:59 | INFO     |    safe_mode: True
2025-08-19 22:30:59 | INFO     |    drop_last_batch: True
2025-08-19 22:30:59 | INFO     |    itr: 1
2025-08-19 22:30:59 | INFO     |    train_epochs: 300
2025-08-19 22:30:59 | INFO     |    batch_size: 4
2025-08-19 22:30:59 | INFO     |    patience: 15
2025-08-19 22:30:59 | INFO     |    learning_rate: 0.0001
2025-08-19 22:30:59 | INFO     |    des: 基准版
2025-08-19 22:30:59 | INFO     |    loss: MSE
2025-08-19 22:30:59 | INFO     |    lradj: type1
2025-08-19 22:30:59 | INFO     |    lr_scheduler_type: f1_based
2025-08-19 22:30:59 | INFO     |    lr_loss_weight: 0.3
2025-08-19 22:30:59 | INFO     |    lr_f1_weight: 0.7
2025-08-19 22:30:59 | INFO     |    use_amp: False
2025-08-19 22:30:59 | INFO     |    gradient_accumulation_steps: 2
2025-08-19 22:30:59 | INFO     |    enable_auto_gradient_accumulation: True
2025-08-19 22:30:59 | INFO     |    loss_type: ce
2025-08-19 22:30:59 | INFO     |    label_smoothing: 0.1
2025-08-19 22:30:59 | INFO     |    focal_alpha: 1.0
2025-08-19 22:30:59 | INFO     |    focal_gamma: 2.0
2025-08-19 22:30:59 | INFO     |    confidence_penalty_beta: 0.1
2025-08-19 22:30:59 | INFO     |    use_timm_loss: True
2025-08-19 22:30:59 | INFO     |    adaptive_initial_smoothing: 0.2
2025-08-19 22:30:59 | INFO     |    adaptive_final_smoothing: 0.05
2025-08-19 22:30:59 | INFO     |    adaptive_decay_epochs: 30
2025-08-19 22:30:59 | INFO     |    enable_class_weights: False
2025-08-19 22:30:59 | INFO     |    class_weights: None
2025-08-19 22:30:59 | INFO     |    loss_preset: None
2025-08-19 22:30:59 | INFO     |    n_jobs: 1
2025-08-19 22:30:59 | INFO     |    use_multiprocessing: False
2025-08-19 22:30:59 | INFO     |    chunk_size: 800
2025-08-19 22:30:59 | INFO     |    disable_parallel: True
2025-08-19 22:30:59 | INFO     |    use_shared_memory: False
2025-08-19 22:30:59 | INFO     |    disable_shared_memory: False
2025-08-19 22:30:59 | INFO     |    use_gpu: True
2025-08-19 22:30:59 | INFO     |    gpu: 0
2025-08-19 22:30:59 | INFO     |    gpu_type: cuda
2025-08-19 22:30:59 | INFO     |    use_multi_gpu: False
2025-08-19 22:30:59 | INFO     |    devices: 0,1,2,3
2025-08-19 22:30:59 | INFO     |    device: cuda:0
2025-08-19 22:30:59 | INFO     |    feature_columns: ['CHWP_GPMC', 'CHWC_VLV_DM', 'CHWC_VLV', 'CHWC_MWT', 'CHWC_LWT', 'VAVCFM_H_DM_SB', 'CHWC_EAH', 'VAV_DAT_SA', 'CHWC_DAT', 'VAV_SP_C_SA', 'HWP_GPMT', 'VAVCFM_C_DM_SB', 'RM_TEMP_W', 'HWP_GPMC', 'VAVCFM_T_SB', 'VAV_DMPR_H_SB', 'HWC_VLV_DM', 'VAVCFM_H_SB', 'HWC_VLV', 'VAV_DMPR_H_E', 'HWC_LWT', 'HWC_MWT', 'VAV_DMPR_C_SB', 'HWC_DAT', 'RM_TEMP_SB', 'CSF_WAT', 'CSF_SPD', 'CSF_DP', 'CSA_TEMP', 'CSA_CFM', 'VAV_EAT_C_SB', 'CSA_HUMD', 'CSA_SP', 'VAVCFM_C_SB', 'VAVCFM_H_W', 'HSF_SPD', 'VAV_EAT_H_SB', 'VAV_DAT_SB', 'RM_TEMP_SA', 'HSF_DP', 'HSA_TEMP', 'VAVCFM_C_DM_W', 'VAVCFM_C_W', 'VAV_DAT_W', 'HSA_SP', 'HSA_CFM', 'VAV_DMPR_H_W', 'HSF_WAT', 'VAVCFM_T_W', 'EA_DMPR_DM', 'RF_WAT', 'VAV_SP_C_W', 'VAV_SP_H_E', 'EA_DMPR', 'VAV_SP_H_SB', 'RF_SPD', 'RA_TEMP', 'RA_HUMD', 'VAV_SP_H_SA', 'VAV_EAT_H_W', 'RF_DP', 'VAV_DMPR_C_SA', 'VAV_SP_C_SB', 'RA_DMPR_DM', 'VAV_DMPR_H_SA', 'VAV_SP_H_W', 'VAVCFM_H_DM_SA', 'RA_DMPR', 'VAV_EAT_C_W', 'VAVCFM_C_DM_SA', 'RA_CFM', 'MA_TEMP', 'VAVCFM_C_SA', 'OA_TEMP', 'VAVCFM_H_SA', 'VAVCFM_H_DM_W', 'OA_HUMD', 'VAVCFM_T_SA', 'OA_DMPR_DM', 'VAV_EAT_C_SA', 'VAV_DMPR_C_W', 'OA_DMPR', 'VAV_EAT_H_SA', 'HSA_HUMD', 'RM_TEMP_E', 'VAV_EAT_H_E', 'VAV_DAT_E', 'VAV_EAT_C_E', 'VAVCFM_T_E', 'VAVCFM_H_E', 'VAV_SP_C_E', 'VAVCFM_C_DM_E', 'OA_CFM', 'VAV_DMPR_C_E', 'VAVCFM_C_E', 'VAVCFM_H_DM_E', 'CHWP_GPMT']
2025-08-19 22:30:59 | INFO     | 🏗️ 模型信息:
2025-08-19 22:30:59 | INFO     |    模型类型: Model
2025-08-19 22:30:59 | INFO     |    总参数数量: 27,028,898
2025-08-19 22:30:59 | INFO     |    可训练参数: 27,028,898
2025-08-19 22:30:59 | INFO     |    模型大小估计: 103.11 MB
2025-08-19 22:30:59 | INFO     | 📊 数据集信息:
2025-08-19 22:30:59 | INFO     |    训练集大小: 5967
2025-08-19 22:30:59 | INFO     |    验证集大小: 1492
2025-08-19 22:30:59 | INFO     | 
================================================================================
2025-08-19 22:30:59 | INFO     | 📋 损失函数使用策略（遵循主流机器学习规范）:
2025-08-19 22:30:59 | INFO     |    🎯 训练阶段: 使用 ce 损失函数
2025-08-19 22:30:59 | INFO     |       → 目的：优化模型参数，解决特定问题（类别不平衡、相似性等）
2025-08-19 22:30:59 | INFO     |    📊 验证阶段: 使用标准交叉熵损失函数
2025-08-19 22:30:59 | INFO     |       → 目的：客观评估模型性能，便于不同方法比较
2025-08-19 22:30:59 | INFO     |    📈 最终报告: 基于标准交叉熵损失的指标
2025-08-19 22:30:59 | INFO     |       → 目的：提供可信、可比较的性能指标
2025-08-19 22:30:59 | INFO     | ================================================================================

2025-08-19 22:30:59 | INFO     | 🔄 梯度累积配置: 每2轮累积一次梯度
2025-08-19 22:30:59 | INFO     |    实际batch_size: 4
2025-08-19 22:30:59 | INFO     |    有效batch_size: 8
2025-08-19 22:37:18 | INFO     | Epoch 1:
2025-08-19 22:37:18 | INFO     |   训练指标:
2025-08-19 22:37:18 | INFO     |     损失(ce): 2.869237
2025-08-19 22:37:18 | INFO     |     准确率: 0.156942
2025-08-19 22:37:18 | INFO     |     学习率: 0.00010000
2025-08-19 22:37:18 | INFO     |   验证指标(标准CE):
2025-08-19 22:37:18 | INFO     |     损失: 2.056231
2025-08-19 22:37:18 | INFO     |     准确率: 0.320375
2025-08-19 22:37:18 | INFO     |     F1(macro): 0.264693
2025-08-19 22:37:18 | INFO     |     F1(weighted): 0.260240
2025-08-19 22:37:18 | INFO     |     精确率: 0.329921
2025-08-19 22:37:18 | INFO     |     召回率: 0.329982
2025-08-19 22:37:18 | INFO     |   学习率调度器: f1_based
2025-08-19 22:37:18 | INFO     | ------------------------------------------------------------
2025-08-19 22:37:18 | INFO     | Epoch   1 | Train: Loss=2.8692, Acc=0.1569 | Val: Loss=2.0562, Acc=0.3204, F1=0.2602 | LR=0.000100 🏆 [最佳模型]
2025-08-19 22:42:42 | INFO     | Epoch 2:
2025-08-19 22:42:42 | INFO     |   训练指标:
2025-08-19 22:42:42 | INFO     |     损失(ce): 1.641713
2025-08-19 22:42:42 | INFO     |     准确率: 0.449866
2025-08-19 22:42:42 | INFO     |     学习率: 0.00010000
2025-08-19 22:42:42 | INFO     |   验证指标(标准CE):
2025-08-19 22:42:42 | INFO     |     损失: 1.195714
2025-08-19 22:42:42 | INFO     |     准确率: 0.648123
2025-08-19 22:42:42 | INFO     |     F1(macro): 0.636949
2025-08-19 22:42:42 | INFO     |     F1(weighted): 0.629250
2025-08-19 22:42:42 | INFO     |     精确率: 0.700274
2025-08-19 22:42:42 | INFO     |     召回率: 0.656537
2025-08-19 22:42:42 | INFO     |   学习率调度器: f1_based
2025-08-19 22:42:42 | INFO     | ------------------------------------------------------------
2025-08-19 22:42:42 | INFO     | Epoch   2 | Train: Loss=1.6417, Acc=0.4499 | Val: Loss=1.1957, Acc=0.6481, F1=0.6293 | LR=0.000100 🏆 [最佳模型]
2025-08-19 22:47:48 | INFO     | Epoch 3:
2025-08-19 22:47:48 | INFO     |   训练指标:
2025-08-19 22:47:48 | INFO     |     损失(ce): 1.070524
2025-08-19 22:47:48 | INFO     |     准确率: 0.659624
2025-08-19 22:47:48 | INFO     |     学习率: 0.00010000
2025-08-19 22:47:48 | INFO     |   验证指标(标准CE):
2025-08-19 22:47:48 | INFO     |     损失: 0.821890
2025-08-19 22:47:48 | INFO     |     准确率: 0.717158
2025-08-19 22:47:48 | INFO     |     F1(macro): 0.700683
2025-08-19 22:47:48 | INFO     |     F1(weighted): 0.695153
2025-08-19 22:47:48 | INFO     |     精确率: 0.786308
2025-08-19 22:47:48 | INFO     |     召回率: 0.722363
2025-08-19 22:47:48 | INFO     |   学习率调度器: f1_based
2025-08-19 22:47:48 | INFO     | ------------------------------------------------------------
2025-08-19 22:47:48 | INFO     | Epoch   3 | Train: Loss=1.0705, Acc=0.6596 | Val: Loss=0.8219, Acc=0.7172, F1=0.6952 | LR=0.000100 🏆 [最佳模型]
2025-08-19 22:52:54 | INFO     | Epoch 4:
2025-08-19 22:52:54 | INFO     |   训练指标:
2025-08-19 22:52:54 | INFO     |     损失(ce): 0.836715
2025-08-19 22:52:54 | INFO     |     准确率: 0.733233
2025-08-19 22:52:54 | INFO     |     学习率: 0.00010000
2025-08-19 22:52:54 | INFO     |   验证指标(标准CE):
2025-08-19 22:52:54 | INFO     |     损失: 0.773510
2025-08-19 22:52:54 | INFO     |     准确率: 0.760054
2025-08-19 22:52:54 | INFO     |     F1(macro): 0.764688
2025-08-19 22:52:54 | INFO     |     F1(weighted): 0.763794
2025-08-19 22:52:54 | INFO     |     精确率: 0.815994
2025-08-19 22:52:54 | INFO     |     召回率: 0.764450
2025-08-19 22:52:54 | INFO     |   学习率调度器: f1_based
2025-08-19 22:52:54 | INFO     | ------------------------------------------------------------
2025-08-19 22:52:54 | INFO     | Epoch   4 | Train: Loss=0.8367, Acc=0.7332 | Val: Loss=0.7735, Acc=0.7601, F1=0.7638 | LR=0.000100 🏆 [最佳模型]
2025-08-19 22:58:00 | INFO     | Epoch 5:
2025-08-19 22:58:00 | INFO     |   训练指标:
2025-08-19 22:58:00 | INFO     |     损失(ce): 0.738428
2025-08-19 22:58:00 | INFO     |     准确率: 0.755869
2025-08-19 22:58:00 | INFO     |     学习率: 0.00010000
2025-08-19 22:58:00 | INFO     |   验证指标(标准CE):
2025-08-19 22:58:00 | INFO     |     损失: 0.592233
2025-08-19 22:58:00 | INFO     |     准确率: 0.800938
2025-08-19 22:58:00 | INFO     |     F1(macro): 0.809610
2025-08-19 22:58:00 | INFO     |     F1(weighted): 0.805375
2025-08-19 22:58:00 | INFO     |     精确率: 0.849311
2025-08-19 22:58:00 | INFO     |     召回率: 0.806532
2025-08-19 22:58:00 | INFO     |   学习率调度器: f1_based
2025-08-19 22:58:00 | INFO     | ------------------------------------------------------------
2025-08-19 22:58:00 | INFO     | Epoch   5 | Train: Loss=0.7384, Acc=0.7559 | Val: Loss=0.5922, Acc=0.8009, F1=0.8054 | LR=0.000100 🏆 [最佳模型]
2025-08-19 23:03:05 | INFO     | Epoch 6:
2025-08-19 23:03:05 | INFO     |   训练指标:
2025-08-19 23:03:05 | INFO     |     损失(ce): 0.698213
2025-08-19 23:03:05 | INFO     |     准确率: 0.769953
2025-08-19 23:03:05 | INFO     |     学习率: 0.00010000
2025-08-19 23:03:05 | INFO     |   验证指标(标准CE):
2025-08-19 23:03:05 | INFO     |     损失: 0.649508
2025-08-19 23:03:05 | INFO     |     准确率: 0.800938
2025-08-19 23:03:05 | INFO     |     F1(macro): 0.803777
2025-08-19 23:03:05 | INFO     |     F1(weighted): 0.804577
2025-08-19 23:03:05 | INFO     |     精确率: 0.846423
2025-08-19 23:03:05 | INFO     |     召回率: 0.803270
2025-08-19 23:03:05 | INFO     |   学习率调度器: f1_based
2025-08-19 23:03:05 | INFO     | ------------------------------------------------------------
2025-08-19 23:03:05 | INFO     | Epoch   6 | Train: Loss=0.6982, Acc=0.7700 | Val: Loss=0.6495, Acc=0.8009, F1=0.8046 | LR=0.000100 
2025-08-19 23:08:10 | INFO     | Epoch 7:
2025-08-19 23:08:10 | INFO     |   训练指标:
2025-08-19 23:08:10 | INFO     |     损失(ce): 0.602906
2025-08-19 23:08:10 | INFO     |     准确率: 0.806170
2025-08-19 23:08:10 | INFO     |     学习率: 0.00010000
2025-08-19 23:08:10 | INFO     |   验证指标(标准CE):
2025-08-19 23:08:10 | INFO     |     损失: 0.634684
2025-08-19 23:08:10 | INFO     |     准确率: 0.809651
2025-08-19 23:08:10 | INFO     |     F1(macro): 0.808184
2025-08-19 23:08:10 | INFO     |     F1(weighted): 0.804097
2025-08-19 23:08:10 | INFO     |     精确率: 0.850927
2025-08-19 23:08:10 | INFO     |     召回率: 0.814801
2025-08-19 23:08:10 | INFO     |   学习率调度器: f1_based
2025-08-19 23:08:10 | INFO     | ------------------------------------------------------------
2025-08-19 23:08:10 | INFO     | Epoch   7 | Train: Loss=0.6029, Acc=0.8062 | Val: Loss=0.6347, Acc=0.8097, F1=0.8041 | LR=0.000100 
2025-08-19 23:13:16 | INFO     | Epoch 8:
2025-08-19 23:13:16 | INFO     |   训练指标:
2025-08-19 23:13:16 | INFO     |     损失(ce): 0.577815
2025-08-19 23:13:16 | INFO     |     准确率: 0.813716
2025-08-19 23:13:16 | INFO     |     学习率: 0.00010000
2025-08-19 23:13:16 | INFO     |   验证指标(标准CE):
2025-08-19 23:13:16 | INFO     |     损失: 0.602312
2025-08-19 23:13:16 | INFO     |     准确率: 0.796917
2025-08-19 23:13:16 | INFO     |     F1(macro): 0.800829
2025-08-19 23:13:16 | INFO     |     F1(weighted): 0.800836
2025-08-19 23:13:16 | INFO     |     精确率: 0.848649
2025-08-19 23:13:16 | INFO     |     召回率: 0.801247
2025-08-19 23:13:16 | INFO     |   学习率调度器: f1_based
2025-08-19 23:13:16 | INFO     | ------------------------------------------------------------
2025-08-19 23:13:16 | INFO     | Epoch   8 | Train: Loss=0.5778, Acc=0.8137 | Val: Loss=0.6023, Acc=0.7969, F1=0.8008 | LR=0.000100 
2025-08-19 23:18:21 | INFO     | Epoch 9:
2025-08-19 23:18:21 | INFO     |   训练指标:
2025-08-19 23:18:21 | INFO     |     损失(ce): 0.545243
2025-08-19 23:18:21 | INFO     |     准确率: 0.825453
2025-08-19 23:18:21 | INFO     |     学习率: 0.00010000
2025-08-19 23:18:21 | INFO     |   验证指标(标准CE):
2025-08-19 23:18:21 | INFO     |     损失: 0.510233
2025-08-19 23:18:21 | INFO     |     准确率: 0.850536
2025-08-19 23:18:21 | INFO     |     F1(macro): 0.861337
2025-08-19 23:18:21 | INFO     |     F1(weighted): 0.860083
2025-08-19 23:18:21 | INFO     |     精确率: 0.892308
2025-08-19 23:18:21 | INFO     |     召回率: 0.853152
2025-08-19 23:18:21 | INFO     |   学习率调度器: f1_based
2025-08-19 23:18:21 | INFO     | ------------------------------------------------------------
2025-08-19 23:18:21 | INFO     | Epoch   9 | Train: Loss=0.5452, Acc=0.8255 | Val: Loss=0.5102, Acc=0.8505, F1=0.8601 | LR=0.000100 🏆 [最佳模型]
2025-08-19 23:23:26 | INFO     | Epoch 10:
2025-08-19 23:23:26 | INFO     |   训练指标:
2025-08-19 23:23:26 | INFO     |     损失(ce): 0.505278
2025-08-19 23:23:26 | INFO     |     准确率: 0.834172
2025-08-19 23:23:26 | INFO     |     学习率: 0.00010000
2025-08-19 23:23:26 | INFO     |   验证指标(标准CE):
2025-08-19 23:23:26 | INFO     |     损失: 0.458698
2025-08-19 23:23:26 | INFO     |     准确率: 0.863941
2025-08-19 23:23:26 | INFO     |     F1(macro): 0.862360
2025-08-19 23:23:26 | INFO     |     F1(weighted): 0.859121
2025-08-19 23:23:26 | INFO     |     精确率: 0.886717
2025-08-19 23:23:26 | INFO     |     召回率: 0.868160
2025-08-19 23:23:26 | INFO     |   学习率调度器: f1_based
2025-08-19 23:23:26 | INFO     | ------------------------------------------------------------
2025-08-19 23:23:26 | INFO     | Epoch  10 | Train: Loss=0.5053, Acc=0.8342 | Val: Loss=0.4587, Acc=0.8639, F1=0.8591 | LR=0.000100 
2025-08-19 23:28:30 | INFO     | Epoch 11:
2025-08-19 23:28:30 | INFO     |   训练指标:
2025-08-19 23:28:30 | INFO     |     损失(ce): 0.486058
2025-08-19 23:28:30 | INFO     |     准确率: 0.841382
2025-08-19 23:28:30 | INFO     |     学习率: 0.00010000
2025-08-19 23:28:30 | INFO     |   验证指标(标准CE):
2025-08-19 23:28:30 | INFO     |     损失: 0.420618
2025-08-19 23:28:30 | INFO     |     准确率: 0.871314
2025-08-19 23:28:30 | INFO     |     F1(macro): 0.863798
2025-08-19 23:28:30 | INFO     |     F1(weighted): 0.862572
2025-08-19 23:28:30 | INFO     |     精确率: 0.877655
2025-08-19 23:28:30 | INFO     |     召回率: 0.875165
2025-08-19 23:28:30 | INFO     |   学习率调度器: f1_based
2025-08-19 23:28:30 | INFO     | ------------------------------------------------------------
2025-08-19 23:28:30 | INFO     | Epoch  11 | Train: Loss=0.4861, Acc=0.8414 | Val: Loss=0.4206, Acc=0.8713, F1=0.8626 | LR=0.000100 🏆 [最佳模型]
2025-08-19 23:33:36 | INFO     | Epoch 12:
2025-08-19 23:33:36 | INFO     |   训练指标:
2025-08-19 23:33:36 | INFO     |     损失(ce): 0.465484
2025-08-19 23:33:36 | INFO     |     准确率: 0.851442
2025-08-19 23:33:36 | INFO     |     学习率: 0.00010000
2025-08-19 23:33:36 | INFO     |   验证指标(标准CE):
2025-08-19 23:33:36 | INFO     |     损失: 0.371790
2025-08-19 23:33:36 | INFO     |     准确率: 0.883378
2025-08-19 23:33:36 | INFO     |     F1(macro): 0.884000
2025-08-19 23:33:36 | INFO     |     F1(weighted): 0.883625
2025-08-19 23:33:36 | INFO     |     精确率: 0.896968
2025-08-19 23:33:36 | INFO     |     召回率: 0.886317
2025-08-19 23:33:36 | INFO     |   学习率调度器: f1_based
2025-08-19 23:33:36 | INFO     | ------------------------------------------------------------
2025-08-19 23:33:36 | INFO     | Epoch  12 | Train: Loss=0.4655, Acc=0.8514 | Val: Loss=0.3718, Acc=0.8834, F1=0.8836 | LR=0.000100 🏆 [最佳模型]
2025-08-19 23:38:42 | INFO     | Epoch 13:
2025-08-19 23:38:42 | INFO     |   训练指标:
2025-08-19 23:38:42 | INFO     |     损失(ce): 0.441057
2025-08-19 23:38:42 | INFO     |     准确率: 0.854795
2025-08-19 23:38:42 | INFO     |     学习率: 0.00010000
2025-08-19 23:38:42 | INFO     |   验证指标(标准CE):
2025-08-19 23:38:42 | INFO     |     损失: 0.340527
2025-08-19 23:38:42 | INFO     |     准确率: 0.887399
2025-08-19 23:38:42 | INFO     |     F1(macro): 0.890033
2025-08-19 23:38:42 | INFO     |     F1(weighted): 0.889145
2025-08-19 23:38:42 | INFO     |     精确率: 0.919092
2025-08-19 23:38:42 | INFO     |     召回率: 0.888675
2025-08-19 23:38:42 | INFO     |   学习率调度器: f1_based
2025-08-19 23:38:42 | INFO     | ------------------------------------------------------------
2025-08-19 23:38:42 | INFO     | Epoch  13 | Train: Loss=0.4411, Acc=0.8548 | Val: Loss=0.3405, Acc=0.8874, F1=0.8891 | LR=0.000100 🏆 [最佳模型]
2025-08-19 23:43:47 | INFO     | Epoch 14:
2025-08-19 23:43:47 | INFO     |   训练指标:
2025-08-19 23:43:47 | INFO     |     损失(ce): 0.438783
2025-08-19 23:43:47 | INFO     |     准确率: 0.861335
2025-08-19 23:43:47 | INFO     |     学习率: 0.00010000
2025-08-19 23:43:47 | INFO     |   验证指标(标准CE):
2025-08-19 23:43:47 | INFO     |     损失: 0.350432
2025-08-19 23:43:47 | INFO     |     准确率: 0.890080
2025-08-19 23:43:47 | INFO     |     F1(macro): 0.896607
2025-08-19 23:43:47 | INFO     |     F1(weighted): 0.893746
2025-08-19 23:43:47 | INFO     |     精确率: 0.915133
2025-08-19 23:43:47 | INFO     |     召回率: 0.893561
2025-08-19 23:43:47 | INFO     |   学习率调度器: f1_based
2025-08-19 23:43:47 | INFO     | ------------------------------------------------------------
2025-08-19 23:43:47 | INFO     | Epoch  14 | Train: Loss=0.4388, Acc=0.8613 | Val: Loss=0.3504, Acc=0.8901, F1=0.8937 | LR=0.000100 🏆 [最佳模型]
2025-08-19 23:48:53 | INFO     | Epoch 15:
2025-08-19 23:48:53 | INFO     |   训练指标:
2025-08-19 23:48:53 | INFO     |     损失(ce): 0.405356
2025-08-19 23:48:53 | INFO     |     准确率: 0.871060
2025-08-19 23:48:53 | INFO     |     学习率: 0.00010000
2025-08-19 23:48:53 | INFO     |   验证指标(标准CE):
2025-08-19 23:48:53 | INFO     |     损失: 0.358890
2025-08-19 23:48:53 | INFO     |     准确率: 0.882708
2025-08-19 23:48:53 | INFO     |     F1(macro): 0.887547
2025-08-19 23:48:53 | INFO     |     F1(weighted): 0.885451
2025-08-19 23:48:53 | INFO     |     精确率: 0.908836
2025-08-19 23:48:53 | INFO     |     召回率: 0.887408
2025-08-19 23:48:53 | INFO     |   学习率调度器: f1_based
2025-08-19 23:48:53 | INFO     | ------------------------------------------------------------
2025-08-19 23:48:53 | INFO     | Epoch  15 | Train: Loss=0.4054, Acc=0.8711 | Val: Loss=0.3589, Acc=0.8827, F1=0.8855 | LR=0.000100 
2025-08-19 23:54:08 | INFO     | Epoch 16:
2025-08-19 23:54:08 | INFO     |   训练指标:
2025-08-19 23:54:08 | INFO     |     损失(ce): 0.417279
2025-08-19 23:54:08 | INFO     |     准确率: 0.865694
2025-08-19 23:54:08 | INFO     |     学习率: 0.00010000
2025-08-19 23:54:08 | INFO     |   验证指标(标准CE):
2025-08-19 23:54:08 | INFO     |     损失: 0.462301
2025-08-19 23:54:08 | INFO     |     准确率: 0.860590
2025-08-19 23:54:08 | INFO     |     F1(macro): 0.863476
2025-08-19 23:54:08 | INFO     |     F1(weighted): 0.859293
2025-08-19 23:54:08 | INFO     |     精确率: 0.887244
2025-08-19 23:54:08 | INFO     |     召回率: 0.866593
2025-08-19 23:54:08 | INFO     |   学习率调度器: f1_based
2025-08-19 23:54:08 | INFO     | ------------------------------------------------------------
2025-08-19 23:54:08 | INFO     | Epoch  16 | Train: Loss=0.4173, Acc=0.8657 | Val: Loss=0.4623, Acc=0.8606, F1=0.8593 | LR=0.000100 
2025-08-19 23:59:24 | INFO     | Epoch 17:
2025-08-19 23:59:24 | INFO     |   训练指标:
2025-08-19 23:59:24 | INFO     |     损失(ce): 0.371798
2025-08-19 23:59:24 | INFO     |     准确率: 0.878437
2025-08-19 23:59:24 | INFO     |     学习率: 0.00010000
2025-08-19 23:59:24 | INFO     |   验证指标(标准CE):
2025-08-19 23:59:24 | INFO     |     损失: 0.428361
2025-08-19 23:59:24 | INFO     |     准确率: 0.860590
2025-08-19 23:59:24 | INFO     |     F1(macro): 0.870560
2025-08-19 23:59:24 | INFO     |     F1(weighted): 0.867055
2025-08-19 23:59:24 | INFO     |     精确率: 0.896960
2025-08-19 23:59:24 | INFO     |     召回率: 0.866595
2025-08-19 23:59:24 | INFO     |   学习率调度器: f1_based
2025-08-19 23:59:24 | INFO     | ------------------------------------------------------------
2025-08-19 23:59:24 | INFO     | Epoch  17 | Train: Loss=0.3718, Acc=0.8784 | Val: Loss=0.4284, Acc=0.8606, F1=0.8671 | LR=0.000100 
2025-08-20 00:04:42 | INFO     | Epoch 18:
2025-08-20 00:04:42 | INFO     |   训练指标:
2025-08-20 00:04:42 | INFO     |     损失(ce): 0.386239
2025-08-20 00:04:42 | INFO     |     准确率: 0.876425
2025-08-20 00:04:42 | INFO     |     学习率: 0.00010000
2025-08-20 00:04:42 | INFO     |   验证指标(标准CE):
2025-08-20 00:04:42 | INFO     |     损失: 0.422277
2025-08-20 00:04:42 | INFO     |     准确率: 0.873995
2025-08-20 00:04:42 | INFO     |     F1(macro): 0.879170
2025-08-20 00:04:42 | INFO     |     F1(weighted): 0.877848
2025-08-20 00:04:42 | INFO     |     精确率: 0.917457
2025-08-20 00:04:42 | INFO     |     召回率: 0.875694
2025-08-20 00:04:42 | INFO     |   学习率调度器: f1_based
2025-08-20 00:04:42 | INFO     | ------------------------------------------------------------
2025-08-20 00:04:42 | INFO     | Epoch  18 | Train: Loss=0.3862, Acc=0.8764 | Val: Loss=0.4223, Acc=0.8740, F1=0.8778 | LR=0.000100 
2025-08-20 00:10:00 | INFO     | Epoch 19:
2025-08-20 00:10:00 | INFO     |   训练指标:
2025-08-20 00:10:00 | INFO     |     损失(ce): 0.343727
2025-08-20 00:10:00 | INFO     |     准确率: 0.889336
2025-08-20 00:10:00 | INFO     |     学习率: 0.00010000
2025-08-20 00:10:00 | INFO     |   验证指标(标准CE):
2025-08-20 00:10:00 | INFO     |     损失: 0.258129
2025-08-20 00:10:00 | INFO     |     准确率: 0.915550
2025-08-20 00:10:00 | INFO     |     F1(macro): 0.925209
2025-08-20 00:10:00 | INFO     |     F1(weighted): 0.922573
2025-08-20 00:10:00 | INFO     |     精确率: 0.943554
2025-08-20 00:10:00 | INFO     |     召回率: 0.918116
2025-08-20 00:10:00 | INFO     |   学习率调度器: f1_based
2025-08-20 00:10:00 | INFO     | ------------------------------------------------------------
2025-08-20 00:10:00 | INFO     | Epoch  19 | Train: Loss=0.3437, Acc=0.8893 | Val: Loss=0.2581, Acc=0.9155, F1=0.9226 | LR=0.000100 🏆 [最佳模型]
2025-08-20 00:15:16 | INFO     | Epoch 20:
2025-08-20 00:15:16 | INFO     |   训练指标:
2025-08-20 00:15:16 | INFO     |     损失(ce): 0.361810
2025-08-20 00:15:16 | INFO     |     准确率: 0.886821
2025-08-20 00:15:16 | INFO     |     学习率: 0.00010000
2025-08-20 00:15:16 | INFO     |   验证指标(标准CE):
2025-08-20 00:15:16 | INFO     |     损失: 0.305339
2025-08-20 00:15:16 | INFO     |     准确率: 0.889410
2025-08-20 00:15:16 | INFO     |     F1(macro): 0.892646
2025-08-20 00:15:16 | INFO     |     F1(weighted): 0.889460
2025-08-20 00:15:16 | INFO     |     精确率: 0.904125
2025-08-20 00:15:16 | INFO     |     召回率: 0.893115
2025-08-20 00:15:16 | INFO     |   学习率调度器: f1_based
2025-08-20 00:15:16 | INFO     | ------------------------------------------------------------
2025-08-20 00:15:16 | INFO     | Epoch  20 | Train: Loss=0.3618, Acc=0.8868 | Val: Loss=0.3053, Acc=0.8894, F1=0.8895 | LR=0.000100 
2025-08-20 00:20:34 | INFO     | Epoch 21:
2025-08-20 00:20:34 | INFO     |   训练指标:
2025-08-20 00:20:34 | INFO     |     损失(ce): 0.340550
2025-08-20 00:20:34 | INFO     |     准确率: 0.895708
2025-08-20 00:20:34 | INFO     |     学习率: 0.00010000
2025-08-20 00:20:34 | INFO     |   验证指标(标准CE):
2025-08-20 00:20:34 | INFO     |     损失: 0.305088
2025-08-20 00:20:34 | INFO     |     准确率: 0.905496
2025-08-20 00:20:34 | INFO     |     F1(macro): 0.908834
2025-08-20 00:20:34 | INFO     |     F1(weighted): 0.907584
2025-08-20 00:20:34 | INFO     |     精确率: 0.928414
2025-08-20 00:20:34 | INFO     |     召回率: 0.906504
2025-08-20 00:20:34 | INFO     |   学习率调度器: f1_based
2025-08-20 00:20:34 | INFO     | ------------------------------------------------------------
2025-08-20 00:20:34 | INFO     | Epoch  21 | Train: Loss=0.3405, Acc=0.8957 | Val: Loss=0.3051, Acc=0.9055, F1=0.9076 | LR=0.000100 
2025-08-20 00:25:51 | INFO     | Epoch 22:
2025-08-20 00:25:51 | INFO     |   训练指标:
2025-08-20 00:25:51 | INFO     |     损失(ce): 0.337683
2025-08-20 00:25:51 | INFO     |     准确率: 0.897217
2025-08-20 00:25:51 | INFO     |     学习率: 0.00010000
2025-08-20 00:25:51 | INFO     |   验证指标(标准CE):
2025-08-20 00:25:51 | INFO     |     损失: 0.388075
2025-08-20 00:25:51 | INFO     |     准确率: 0.888070
2025-08-20 00:25:51 | INFO     |     F1(macro): 0.895426
2025-08-20 00:25:51 | INFO     |     F1(weighted): 0.894059
2025-08-20 00:25:51 | INFO     |     精确率: 0.918639
2025-08-20 00:25:51 | INFO     |     召回率: 0.889416
2025-08-20 00:25:51 | INFO     |   学习率调度器: f1_based
2025-08-20 00:25:51 | INFO     | ------------------------------------------------------------
2025-08-20 00:25:51 | INFO     | Epoch  22 | Train: Loss=0.3377, Acc=0.8972 | Val: Loss=0.3881, Acc=0.8881, F1=0.8941 | LR=0.000100 
2025-08-20 00:31:08 | INFO     | Epoch 23:
2025-08-20 00:31:08 | INFO     |   训练指标:
2025-08-20 00:31:08 | INFO     |     损失(ce): 0.336716
2025-08-20 00:31:08 | INFO     |     准确率: 0.899564
2025-08-20 00:31:08 | INFO     |     学习率: 0.00010000
2025-08-20 00:31:08 | INFO     |   验证指标(标准CE):
2025-08-20 00:31:08 | INFO     |     损失: 0.212786
2025-08-20 00:31:08 | INFO     |     准确率: 0.924263
2025-08-20 00:31:08 | INFO     |     F1(macro): 0.929809
2025-08-20 00:31:08 | INFO     |     F1(weighted): 0.927440
2025-08-20 00:31:08 | INFO     |     精确率: 0.942487
2025-08-20 00:31:08 | INFO     |     召回率: 0.926896
2025-08-20 00:31:08 | INFO     |   学习率调度器: f1_based
2025-08-20 00:31:08 | INFO     | ------------------------------------------------------------
2025-08-20 00:31:08 | INFO     | Epoch  23 | Train: Loss=0.3367, Acc=0.8996 | Val: Loss=0.2128, Acc=0.9243, F1=0.9274 | LR=0.000100 🏆 [最佳模型]
2025-08-20 00:36:16 | INFO     | Epoch 24:
2025-08-20 00:36:16 | INFO     |   训练指标:
2025-08-20 00:36:16 | INFO     |     损失(ce): 0.323930
2025-08-20 00:36:16 | INFO     |     准确率: 0.898390
2025-08-20 00:36:16 | INFO     |     学习率: 0.00010000
2025-08-20 00:36:16 | INFO     |   验证指标(标准CE):
2025-08-20 00:36:16 | INFO     |     损失: 0.316367
2025-08-20 00:36:16 | INFO     |     准确率: 0.900804
2025-08-20 00:36:16 | INFO     |     F1(macro): 0.900108
2025-08-20 00:36:16 | INFO     |     F1(weighted): 0.899075
2025-08-20 00:36:16 | INFO     |     精确率: 0.915988
2025-08-20 00:36:16 | INFO     |     召回率: 0.904015
2025-08-20 00:36:16 | INFO     |   学习率调度器: f1_based
2025-08-20 00:36:16 | INFO     | ------------------------------------------------------------
2025-08-20 00:36:16 | INFO     | Epoch  24 | Train: Loss=0.3239, Acc=0.8984 | Val: Loss=0.3164, Acc=0.9008, F1=0.8991 | LR=0.000100 
2025-08-20 00:41:21 | INFO     | Epoch 25:
2025-08-20 00:41:21 | INFO     |   训练指标:
2025-08-20 00:41:21 | INFO     |     损失(ce): 0.319866
2025-08-20 00:41:21 | INFO     |     准确率: 0.903085
2025-08-20 00:41:21 | INFO     |     学习率: 0.00010000
2025-08-20 00:41:21 | INFO     |   验证指标(标准CE):
2025-08-20 00:41:21 | INFO     |     损失: 0.284996
2025-08-20 00:41:21 | INFO     |     准确率: 0.914879
2025-08-20 00:41:21 | INFO     |     F1(macro): 0.917538
2025-08-20 00:41:21 | INFO     |     F1(weighted): 0.916093
2025-08-20 00:41:21 | INFO     |     精确率: 0.930929
2025-08-20 00:41:21 | INFO     |     召回率: 0.918517
2025-08-20 00:41:21 | INFO     |   学习率调度器: f1_based
2025-08-20 00:41:21 | INFO     | ------------------------------------------------------------
2025-08-20 00:41:21 | INFO     | Epoch  25 | Train: Loss=0.3199, Acc=0.9031 | Val: Loss=0.2850, Acc=0.9149, F1=0.9161 | LR=0.000100 
2025-08-20 00:46:26 | INFO     | Epoch 26:
2025-08-20 00:46:26 | INFO     |   训练指标:
2025-08-20 00:46:26 | INFO     |     损失(ce): 0.334364
2025-08-20 00:46:26 | INFO     |     准确率: 0.897552
2025-08-20 00:46:26 | INFO     |     学习率: 0.00010000
2025-08-20 00:46:26 | INFO     |   验证指标(标准CE):
2025-08-20 00:46:26 | INFO     |     损失: 0.301627
2025-08-20 00:46:26 | INFO     |     准确率: 0.894772
2025-08-20 00:46:26 | INFO     |     F1(macro): 0.896658
2025-08-20 00:46:26 | INFO     |     F1(weighted): 0.895543
2025-08-20 00:46:26 | INFO     |     精确率: 0.921321
2025-08-20 00:46:26 | INFO     |     召回率: 0.898230
2025-08-20 00:46:26 | INFO     |   学习率调度器: f1_based
2025-08-20 00:46:26 | INFO     | ------------------------------------------------------------
2025-08-20 00:46:26 | INFO     | Epoch  26 | Train: Loss=0.3344, Acc=0.8976 | Val: Loss=0.3016, Acc=0.8948, F1=0.8955 | LR=0.000100 
2025-08-20 00:51:29 | INFO     | Epoch 27:
2025-08-20 00:51:29 | INFO     |   训练指标:
2025-08-20 00:51:29 | INFO     |     损失(ce): 0.301068
2025-08-20 00:51:29 | INFO     |     准确率: 0.907780
2025-08-20 00:51:29 | INFO     |     学习率: 0.00010000
2025-08-20 00:51:29 | INFO     |   验证指标(标准CE):
2025-08-20 00:51:29 | INFO     |     损失: 0.231705
2025-08-20 00:51:29 | INFO     |     准确率: 0.928284
2025-08-20 00:51:29 | INFO     |     F1(macro): 0.935601
2025-08-20 00:51:29 | INFO     |     F1(weighted): 0.933759
2025-08-20 00:51:29 | INFO     |     精确率: 0.957718
2025-08-20 00:51:29 | INFO     |     召回率: 0.928523
2025-08-20 00:51:29 | INFO     |   学习率调度器: f1_based
2025-08-20 00:51:29 | INFO     | ------------------------------------------------------------
2025-08-20 00:51:29 | INFO     | Epoch  27 | Train: Loss=0.3011, Acc=0.9078 | Val: Loss=0.2317, Acc=0.9283, F1=0.9338 | LR=0.000100 🏆 [最佳模型]
2025-08-20 00:56:35 | INFO     | Epoch 28:
2025-08-20 00:56:35 | INFO     |   训练指标:
2025-08-20 00:56:35 | INFO     |     损失(ce): 0.281906
2025-08-20 00:56:35 | INFO     |     准确率: 0.914319
2025-08-20 00:56:35 | INFO     |     学习率: 0.00010000
2025-08-20 00:56:35 | INFO     |   验证指标(标准CE):
2025-08-20 00:56:35 | INFO     |     损失: 0.206460
2025-08-20 00:56:35 | INFO     |     准确率: 0.930965
2025-08-20 00:56:35 | INFO     |     F1(macro): 0.933980
2025-08-20 00:56:35 | INFO     |     F1(weighted): 0.932389
2025-08-20 00:56:35 | INFO     |     精确率: 0.942047
2025-08-20 00:56:35 | INFO     |     召回率: 0.933336
2025-08-20 00:56:35 | INFO     |   学习率调度器: f1_based
2025-08-20 00:56:35 | INFO     | ------------------------------------------------------------
2025-08-20 00:56:35 | INFO     | Epoch  28 | Train: Loss=0.2819, Acc=0.9143 | Val: Loss=0.2065, Acc=0.9310, F1=0.9324 | LR=0.000100 
2025-08-20 01:01:40 | INFO     | Epoch 29:
2025-08-20 01:01:40 | INFO     |   训练指标:
2025-08-20 01:01:40 | INFO     |     损失(ce): 0.312244
2025-08-20 01:01:40 | INFO     |     准确率: 0.906271
2025-08-20 01:01:40 | INFO     |     学习率: 0.00010000
2025-08-20 01:01:40 | INFO     |   验证指标(标准CE):
2025-08-20 01:01:40 | INFO     |     损失: 0.201840
2025-08-20 01:01:40 | INFO     |     准确率: 0.936327
2025-08-20 01:01:40 | INFO     |     F1(macro): 0.940901
2025-08-20 01:01:40 | INFO     |     F1(weighted): 0.938807
2025-08-20 01:01:40 | INFO     |     精确率: 0.953802
2025-08-20 01:01:40 | INFO     |     召回率: 0.939478
2025-08-20 01:01:40 | INFO     |   学习率调度器: f1_based
2025-08-20 01:01:40 | INFO     | ------------------------------------------------------------
2025-08-20 01:01:40 | INFO     | Epoch  29 | Train: Loss=0.3122, Acc=0.9063 | Val: Loss=0.2018, Acc=0.9363, F1=0.9388 | LR=0.000100 🏆 [最佳模型]
2025-08-20 01:06:45 | INFO     | Epoch 30:
2025-08-20 01:06:45 | INFO     |   训练指标:
2025-08-20 01:06:45 | INFO     |     损失(ce): 0.288378
2025-08-20 01:06:45 | INFO     |     准确率: 0.911636
2025-08-20 01:06:45 | INFO     |     学习率: 0.00010000
2025-08-20 01:06:45 | INFO     |   验证指标(标准CE):
2025-08-20 01:06:45 | INFO     |     损失: 0.217924
2025-08-20 01:06:45 | INFO     |     准确率: 0.938338
2025-08-20 01:06:45 | INFO     |     F1(macro): 0.940452
2025-08-20 01:06:45 | INFO     |     F1(weighted): 0.939084
2025-08-20 01:06:45 | INFO     |     精确率: 0.953629
2025-08-20 01:06:45 | INFO     |     召回率: 0.940935
2025-08-20 01:06:45 | INFO     |   学习率调度器: f1_based
2025-08-20 01:06:45 | INFO     | ------------------------------------------------------------
2025-08-20 01:06:45 | INFO     | Epoch  30 | Train: Loss=0.2884, Acc=0.9116 | Val: Loss=0.2179, Acc=0.9383, F1=0.9391 | LR=0.000100 🏆 [最佳模型]
2025-08-20 01:11:51 | INFO     | Epoch 31:
2025-08-20 01:11:51 | INFO     |   训练指标:
2025-08-20 01:11:51 | INFO     |     损失(ce): 0.294302
2025-08-20 01:11:51 | INFO     |     准确率: 0.910630
2025-08-20 01:11:51 | INFO     |     学习率: 0.00010000
2025-08-20 01:11:51 | INFO     |   验证指标(标准CE):
2025-08-20 01:11:51 | INFO     |     损失: 0.234623
2025-08-20 01:11:51 | INFO     |     准确率: 0.932306
2025-08-20 01:11:51 | INFO     |     F1(macro): 0.935346
2025-08-20 01:11:51 | INFO     |     F1(weighted): 0.933108
2025-08-20 01:11:51 | INFO     |     精确率: 0.941184
2025-08-20 01:11:51 | INFO     |     召回率: 0.935726
2025-08-20 01:11:51 | INFO     |   学习率调度器: f1_based
2025-08-20 01:11:51 | INFO     | ------------------------------------------------------------
2025-08-20 01:11:51 | INFO     | Epoch  31 | Train: Loss=0.2943, Acc=0.9106 | Val: Loss=0.2346, Acc=0.9323, F1=0.9331 | LR=0.000100 
2025-08-20 01:16:56 | INFO     | Epoch 32:
2025-08-20 01:16:56 | INFO     |   训练指标:
2025-08-20 01:16:56 | INFO     |     损失(ce): 0.297068
2025-08-20 01:16:56 | INFO     |     准确率: 0.913816
2025-08-20 01:16:56 | INFO     |     学习率: 0.00010000
2025-08-20 01:16:56 | INFO     |   验证指标(标准CE):
2025-08-20 01:16:56 | INFO     |     损失: 0.436424
2025-08-20 01:16:56 | INFO     |     准确率: 0.882708
2025-08-20 01:16:56 | INFO     |     F1(macro): 0.879948
2025-08-20 01:16:56 | INFO     |     F1(weighted): 0.876161
2025-08-20 01:16:56 | INFO     |     精确率: 0.894785
2025-08-20 01:16:56 | INFO     |     召回率: 0.886667
2025-08-20 01:16:56 | INFO     |   学习率调度器: f1_based
2025-08-20 01:16:56 | INFO     | ------------------------------------------------------------
2025-08-20 01:16:56 | INFO     | Epoch  32 | Train: Loss=0.2971, Acc=0.9138 | Val: Loss=0.4364, Acc=0.8827, F1=0.8762 | LR=0.000100 
2025-08-20 01:22:01 | INFO     | Epoch 33:
2025-08-20 01:22:01 | INFO     |   训练指标:
2025-08-20 01:22:01 | INFO     |     损失(ce): 0.302184
2025-08-20 01:22:01 | INFO     |     准确率: 0.909121
2025-08-20 01:22:01 | INFO     |     学习率: 0.00010000
2025-08-20 01:22:01 | INFO     |   验证指标(标准CE):
2025-08-20 01:22:01 | INFO     |     损失: 0.309787
2025-08-20 01:22:01 | INFO     |     准确率: 0.915550
2025-08-20 01:22:01 | INFO     |     F1(macro): 0.918370
2025-08-20 01:22:01 | INFO     |     F1(weighted): 0.915328
2025-08-20 01:22:01 | INFO     |     精确率: 0.939159
2025-08-20 01:22:01 | INFO     |     召回率: 0.921050
2025-08-20 01:22:01 | INFO     |   学习率调度器: f1_based
2025-08-20 01:22:01 | INFO     | ------------------------------------------------------------
2025-08-20 01:22:01 | INFO     | Epoch  33 | Train: Loss=0.3022, Acc=0.9091 | Val: Loss=0.3098, Acc=0.9155, F1=0.9153 | LR=0.000100 
2025-08-20 01:27:06 | INFO     | Epoch 34:
2025-08-20 01:27:06 | INFO     |   训练指标:
2025-08-20 01:27:06 | INFO     |     损失(ce): 0.263540
2025-08-20 01:27:06 | INFO     |     准确率: 0.919852
2025-08-20 01:27:06 | INFO     |     学习率: 0.00010000
2025-08-20 01:27:06 | INFO     |   验证指标(标准CE):
2025-08-20 01:27:06 | INFO     |     损失: 0.231914
2025-08-20 01:27:06 | INFO     |     准确率: 0.913539
2025-08-20 01:27:06 | INFO     |     F1(macro): 0.916965
2025-08-20 01:27:06 | INFO     |     F1(weighted): 0.914113
2025-08-20 01:27:06 | INFO     |     精确率: 0.933344
2025-08-20 01:27:06 | INFO     |     召回率: 0.918018
2025-08-20 01:27:06 | INFO     |   学习率调度器: f1_based
2025-08-20 01:27:06 | INFO     | ------------------------------------------------------------
2025-08-20 01:27:06 | INFO     | Epoch  34 | Train: Loss=0.2635, Acc=0.9199 | Val: Loss=0.2319, Acc=0.9135, F1=0.9141 | LR=0.000100 
2025-08-20 01:32:12 | INFO     | Epoch 35:
2025-08-20 01:32:12 | INFO     |   训练指标:
2025-08-20 01:32:12 | INFO     |     损失(ce): 0.270187
2025-08-20 01:32:12 | INFO     |     准确率: 0.916667
2025-08-20 01:32:12 | INFO     |     学习率: 0.00010000
2025-08-20 01:32:12 | INFO     |   验证指标(标准CE):
2025-08-20 01:32:12 | INFO     |     损失: 0.322218
2025-08-20 01:32:12 | INFO     |     准确率: 0.906166
2025-08-20 01:32:12 | INFO     |     F1(macro): 0.915285
2025-08-20 01:32:12 | INFO     |     F1(weighted): 0.912319
2025-08-20 01:32:12 | INFO     |     精确率: 0.934270
2025-08-20 01:32:12 | INFO     |     召回率: 0.909636
2025-08-20 01:32:12 | INFO     |   学习率调度器: f1_based
2025-08-20 01:32:12 | INFO     | ------------------------------------------------------------
2025-08-20 01:32:12 | INFO     | Epoch  35 | Train: Loss=0.2702, Acc=0.9167 | Val: Loss=0.3222, Acc=0.9062, F1=0.9123 | LR=0.000100 
2025-08-20 01:37:17 | INFO     | Epoch 36:
2025-08-20 01:37:17 | INFO     |   训练指标:
2025-08-20 01:37:17 | INFO     |     损失(ce): 0.281488
2025-08-20 01:37:17 | INFO     |     准确率: 0.916331
2025-08-20 01:37:17 | INFO     |     学习率: 0.00010000
2025-08-20 01:37:17 | INFO     |   验证指标(标准CE):
2025-08-20 01:37:17 | INFO     |     损失: 0.271761
2025-08-20 01:37:17 | INFO     |     准确率: 0.912869
2025-08-20 01:37:17 | INFO     |     F1(macro): 0.913493
2025-08-20 01:37:17 | INFO     |     F1(weighted): 0.909756
2025-08-20 01:37:17 | INFO     |     精确率: 0.930694
2025-08-20 01:37:17 | INFO     |     召回率: 0.918393
2025-08-20 01:37:17 | INFO     |   学习率调度器: f1_based
2025-08-20 01:37:17 | INFO     | ------------------------------------------------------------
2025-08-20 01:37:17 | INFO     | Epoch  36 | Train: Loss=0.2815, Acc=0.9163 | Val: Loss=0.2718, Acc=0.9129, F1=0.9098 | LR=0.000100 
2025-08-20 01:42:22 | INFO     | Epoch 37:
2025-08-20 01:42:22 | INFO     |   训练指标:
2025-08-20 01:42:22 | INFO     |     损失(ce): 0.260174
2025-08-20 01:42:22 | INFO     |     准确率: 0.926559
2025-08-20 01:42:22 | INFO     |     学习率: 0.00010000
2025-08-20 01:42:22 | INFO     |   验证指标(标准CE):
2025-08-20 01:42:22 | INFO     |     损失: 0.231451
2025-08-20 01:42:22 | INFO     |     准确率: 0.932306
2025-08-20 01:42:22 | INFO     |     F1(macro): 0.933211
2025-08-20 01:42:22 | INFO     |     F1(weighted): 0.932461
2025-08-20 01:42:22 | INFO     |     精确率: 0.945309
2025-08-20 01:42:22 | INFO     |     召回率: 0.934720
2025-08-20 01:42:22 | INFO     |   学习率调度器: f1_based
2025-08-20 01:42:22 | INFO     | ------------------------------------------------------------
2025-08-20 01:42:22 | INFO     | 🎯 学习率调整事件:
2025-08-20 01:42:22 | INFO     |   调度器类型: f1_based
2025-08-20 01:42:22 | INFO     |   学习率变化: 0.00010000 → 0.00005000
2025-08-20 01:42:22 | INFO     |   触发条件: F1分数 = 0.932461
2025-08-20 01:42:22 | INFO     |   变化幅度: -50.00%
2025-08-20 01:42:22 | INFO     | ------------------------------------------------------------
2025-08-20 01:42:22 | INFO     | Epoch  37 | Train: Loss=0.2602, Acc=0.9266 | Val: Loss=0.2315, Acc=0.9323, F1=0.9325 | LR=0.000050 
2025-08-20 01:47:26 | INFO     | Epoch 38:
2025-08-20 01:47:26 | INFO     |   训练指标:
2025-08-20 01:47:26 | INFO     |     损失(ce): 0.175352
2025-08-20 01:47:26 | INFO     |     准确率: 0.946177
2025-08-20 01:47:26 | INFO     |     学习率: 0.00005000
2025-08-20 01:47:26 | INFO     |   验证指标(标准CE):
2025-08-20 01:47:26 | INFO     |     损失: 0.458595
2025-08-20 01:47:26 | INFO     |     准确率: 0.910188
2025-08-20 01:47:26 | INFO     |     F1(macro): 0.908726
2025-08-20 01:47:26 | INFO     |     F1(weighted): 0.903961
2025-08-20 01:47:26 | INFO     |     精确率: 0.922044
2025-08-20 01:47:26 | INFO     |     召回率: 0.916385
2025-08-20 01:47:26 | INFO     |   学习率调度器: f1_based
2025-08-20 01:47:26 | INFO     | ------------------------------------------------------------
2025-08-20 01:47:26 | INFO     | Epoch  38 | Train: Loss=0.1754, Acc=0.9462 | Val: Loss=0.4586, Acc=0.9102, F1=0.9040 | LR=0.000050 
2025-08-20 01:52:30 | INFO     | Epoch 39:
2025-08-20 01:52:30 | INFO     |   训练指标:
2025-08-20 01:52:30 | INFO     |     损失(ce): 0.165998
2025-08-20 01:52:30 | INFO     |     准确率: 0.946848
2025-08-20 01:52:30 | INFO     |     学习率: 0.00005000
2025-08-20 01:52:30 | INFO     |   验证指标(标准CE):
2025-08-20 01:52:30 | INFO     |     损失: 0.179623
2025-08-20 01:52:30 | INFO     |     准确率: 0.940349
2025-08-20 01:52:30 | INFO     |     F1(macro): 0.942729
2025-08-20 01:52:30 | INFO     |     F1(weighted): 0.940660
2025-08-20 01:52:30 | INFO     |     精确率: 0.949722
2025-08-20 01:52:30 | INFO     |     召回率: 0.943851
2025-08-20 01:52:30 | INFO     |   学习率调度器: f1_based
2025-08-20 01:52:30 | INFO     | ------------------------------------------------------------
2025-08-20 01:52:30 | INFO     | Epoch  39 | Train: Loss=0.1660, Acc=0.9468 | Val: Loss=0.1796, Acc=0.9403, F1=0.9407 | LR=0.000050 🏆 [最佳模型]
2025-08-20 01:57:34 | INFO     | Epoch 40:
2025-08-20 01:57:34 | INFO     |   训练指标:
2025-08-20 01:57:34 | INFO     |     损失(ce): 0.165307
2025-08-20 01:57:34 | INFO     |     准确率: 0.950872
2025-08-20 01:57:34 | INFO     |     学习率: 0.00005000
2025-08-20 01:57:34 | INFO     |   验证指标(标准CE):
2025-08-20 01:57:34 | INFO     |     损失: 0.154254
2025-08-20 01:57:34 | INFO     |     准确率: 0.953753
2025-08-20 01:57:34 | INFO     |     F1(macro): 0.955034
2025-08-20 01:57:34 | INFO     |     F1(weighted): 0.954029
2025-08-20 01:57:34 | INFO     |     精确率: 0.961130
2025-08-20 01:57:34 | INFO     |     召回率: 0.955888
2025-08-20 01:57:34 | INFO     |   学习率调度器: f1_based
2025-08-20 01:57:34 | INFO     | ------------------------------------------------------------
2025-08-20 01:57:34 | INFO     | Epoch  40 | Train: Loss=0.1653, Acc=0.9509 | Val: Loss=0.1543, Acc=0.9538, F1=0.9540 | LR=0.000050 🏆 [最佳模型]
2025-08-20 02:02:38 | INFO     | Epoch 41:
2025-08-20 02:02:38 | INFO     |   训练指标:
2025-08-20 02:02:38 | INFO     |     损失(ce): 0.165609
2025-08-20 02:02:38 | INFO     |     准确率: 0.948189
2025-08-20 02:02:38 | INFO     |     学习率: 0.00005000
2025-08-20 02:02:38 | INFO     |   验证指标(标准CE):
2025-08-20 02:02:38 | INFO     |     损失: 0.137269
2025-08-20 02:02:38 | INFO     |     准确率: 0.956434
2025-08-20 02:02:38 | INFO     |     F1(macro): 0.958335
2025-08-20 02:02:38 | INFO     |     F1(weighted): 0.957120
2025-08-20 02:02:38 | INFO     |     精确率: 0.962927
2025-08-20 02:02:38 | INFO     |     召回率: 0.957785
2025-08-20 02:02:38 | INFO     |   学习率调度器: f1_based
2025-08-20 02:02:38 | INFO     | ------------------------------------------------------------
2025-08-20 02:02:38 | INFO     | Epoch  41 | Train: Loss=0.1656, Acc=0.9482 | Val: Loss=0.1373, Acc=0.9564, F1=0.9571 | LR=0.000050 🏆 [最佳模型]
2025-08-20 02:07:42 | INFO     | Epoch 42:
2025-08-20 02:07:42 | INFO     |   训练指标:
2025-08-20 02:07:42 | INFO     |     损失(ce): 0.149716
2025-08-20 02:07:42 | INFO     |     准确率: 0.951543
2025-08-20 02:07:42 | INFO     |     学习率: 0.00005000
2025-08-20 02:07:42 | INFO     |   验证指标(标准CE):
2025-08-20 02:07:42 | INFO     |     损失: 0.215015
2025-08-20 02:07:42 | INFO     |     准确率: 0.940349
2025-08-20 02:07:42 | INFO     |     F1(macro): 0.943900
2025-08-20 02:07:42 | INFO     |     F1(weighted): 0.941575
2025-08-20 02:07:42 | INFO     |     精确率: 0.953489
2025-08-20 02:07:42 | INFO     |     召回率: 0.944765
2025-08-20 02:07:42 | INFO     |   学习率调度器: f1_based
2025-08-20 02:07:42 | INFO     | ------------------------------------------------------------
2025-08-20 02:07:42 | INFO     | Epoch  42 | Train: Loss=0.1497, Acc=0.9515 | Val: Loss=0.2150, Acc=0.9403, F1=0.9416 | LR=0.000050 
2025-08-20 02:12:45 | INFO     | Epoch 43:
2025-08-20 02:12:45 | INFO     |   训练指标:
2025-08-20 02:12:45 | INFO     |     损失(ce): 0.172827
2025-08-20 02:12:45 | INFO     |     准确率: 0.947686
2025-08-20 02:12:45 | INFO     |     学习率: 0.00005000
2025-08-20 02:12:45 | INFO     |   验证指标(标准CE):
2025-08-20 02:12:45 | INFO     |     损失: 0.298899
2025-08-20 02:12:45 | INFO     |     准确率: 0.914209
2025-08-20 02:12:45 | INFO     |     F1(macro): 0.916757
2025-08-20 02:12:45 | INFO     |     F1(weighted): 0.913181
2025-08-20 02:12:45 | INFO     |     精确率: 0.927069
2025-08-20 02:12:45 | INFO     |     召回率: 0.918882
2025-08-20 02:12:45 | INFO     |   学习率调度器: f1_based
2025-08-20 02:12:45 | INFO     | ------------------------------------------------------------
2025-08-20 02:12:45 | INFO     | Epoch  43 | Train: Loss=0.1728, Acc=0.9477 | Val: Loss=0.2989, Acc=0.9142, F1=0.9132 | LR=0.000050 
2025-08-20 02:17:48 | INFO     | Epoch 44:
2025-08-20 02:17:48 | INFO     |   训练指标:
2025-08-20 02:17:48 | INFO     |     损失(ce): 0.152520
2025-08-20 02:17:48 | INFO     |     准确率: 0.953555
2025-08-20 02:17:48 | INFO     |     学习率: 0.00005000
2025-08-20 02:17:48 | INFO     |   验证指标(标准CE):
2025-08-20 02:17:48 | INFO     |     损失: 0.223538
2025-08-20 02:17:48 | INFO     |     准确率: 0.946381
2025-08-20 02:17:48 | INFO     |     F1(macro): 0.950320
2025-08-20 02:17:48 | INFO     |     F1(weighted): 0.948385
2025-08-20 02:17:48 | INFO     |     精确率: 0.962205
2025-08-20 02:17:48 | INFO     |     召回率: 0.948370
2025-08-20 02:17:48 | INFO     |   学习率调度器: f1_based
2025-08-20 02:17:48 | INFO     | ------------------------------------------------------------
2025-08-20 02:17:48 | INFO     | Epoch  44 | Train: Loss=0.1525, Acc=0.9536 | Val: Loss=0.2235, Acc=0.9464, F1=0.9484 | LR=0.000050 
2025-08-20 02:22:52 | INFO     | Epoch 45:
2025-08-20 02:22:52 | INFO     |   训练指标:
2025-08-20 02:22:52 | INFO     |     损失(ce): 0.163764
2025-08-20 02:22:52 | INFO     |     准确率: 0.952213
2025-08-20 02:22:52 | INFO     |     学习率: 0.00005000
2025-08-20 02:22:52 | INFO     |   验证指标(标准CE):
2025-08-20 02:22:52 | INFO     |     损失: 0.268259
2025-08-20 02:22:52 | INFO     |     准确率: 0.930295
2025-08-20 02:22:52 | INFO     |     F1(macro): 0.933734
2025-08-20 02:22:52 | INFO     |     F1(weighted): 0.931354
2025-08-20 02:22:52 | INFO     |     精确率: 0.944215
2025-08-20 02:22:52 | INFO     |     召回率: 0.934624
2025-08-20 02:22:52 | INFO     |   学习率调度器: f1_based
2025-08-20 02:22:52 | INFO     | ------------------------------------------------------------
2025-08-20 02:22:52 | INFO     | Epoch  45 | Train: Loss=0.1638, Acc=0.9522 | Val: Loss=0.2683, Acc=0.9303, F1=0.9314 | LR=0.000050 
2025-08-20 02:27:55 | INFO     | Epoch 46:
2025-08-20 02:27:55 | INFO     |   训练指标:
2025-08-20 02:27:55 | INFO     |     损失(ce): 0.159429
2025-08-20 02:27:55 | INFO     |     准确率: 0.951543
2025-08-20 02:27:55 | INFO     |     学习率: 0.00005000
2025-08-20 02:27:55 | INFO     |   验证指标(标准CE):
2025-08-20 02:27:55 | INFO     |     损失: 0.126045
2025-08-20 02:27:55 | INFO     |     准确率: 0.962466
2025-08-20 02:27:55 | INFO     |     F1(macro): 0.964018
2025-08-20 02:27:55 | INFO     |     F1(weighted): 0.962575
2025-08-20 02:27:55 | INFO     |     精确率: 0.970205
2025-08-20 02:27:55 | INFO     |     召回率: 0.963185
2025-08-20 02:27:55 | INFO     |   学习率调度器: f1_based
2025-08-20 02:27:55 | INFO     | ------------------------------------------------------------
2025-08-20 02:27:55 | INFO     | Epoch  46 | Train: Loss=0.1594, Acc=0.9515 | Val: Loss=0.1260, Acc=0.9625, F1=0.9626 | LR=0.000050 🏆 [最佳模型]
2025-08-20 02:32:59 | INFO     | Epoch 47:
2025-08-20 02:32:59 | INFO     |   训练指标:
2025-08-20 02:32:59 | INFO     |     损失(ce): 0.167820
2025-08-20 02:32:59 | INFO     |     准确率: 0.949531
2025-08-20 02:32:59 | INFO     |     学习率: 0.00005000
2025-08-20 02:32:59 | INFO     |   验证指标(标准CE):
2025-08-20 02:32:59 | INFO     |     损失: 0.121392
2025-08-20 02:32:59 | INFO     |     准确率: 0.961126
2025-08-20 02:32:59 | INFO     |     F1(macro): 0.963220
2025-08-20 02:32:59 | INFO     |     F1(weighted): 0.961849
2025-08-20 02:32:59 | INFO     |     精确率: 0.969908
2025-08-20 02:32:59 | INFO     |     召回率: 0.962302
2025-08-20 02:32:59 | INFO     |   学习率调度器: f1_based
2025-08-20 02:32:59 | INFO     | ------------------------------------------------------------
2025-08-20 02:32:59 | INFO     | Epoch  47 | Train: Loss=0.1678, Acc=0.9495 | Val: Loss=0.1214, Acc=0.9611, F1=0.9618 | LR=0.000050 
2025-08-20 02:38:03 | INFO     | Epoch 48:
2025-08-20 02:38:03 | INFO     |   训练指标:
2025-08-20 02:38:03 | INFO     |     损失(ce): 0.155236
2025-08-20 02:38:03 | INFO     |     准确率: 0.953555
2025-08-20 02:38:03 | INFO     |     学习率: 0.00005000
2025-08-20 02:38:03 | INFO     |   验证指标(标准CE):
2025-08-20 02:38:03 | INFO     |     损失: 0.168277
2025-08-20 02:38:03 | INFO     |     准确率: 0.949732
2025-08-20 02:38:03 | INFO     |     F1(macro): 0.951850
2025-08-20 02:38:03 | INFO     |     F1(weighted): 0.950477
2025-08-20 02:38:03 | INFO     |     精确率: 0.957866
2025-08-20 02:38:03 | INFO     |     召回率: 0.952582
2025-08-20 02:38:03 | INFO     |   学习率调度器: f1_based
2025-08-20 02:38:03 | INFO     | ------------------------------------------------------------
2025-08-20 02:38:03 | INFO     | Epoch  48 | Train: Loss=0.1552, Acc=0.9536 | Val: Loss=0.1683, Acc=0.9497, F1=0.9505 | LR=0.000050 
2025-08-20 02:43:06 | INFO     | Epoch 49:
2025-08-20 02:43:06 | INFO     |   训练指标:
2025-08-20 02:43:06 | INFO     |     损失(ce): 0.161216
2025-08-20 02:43:06 | INFO     |     准确率: 0.953722
2025-08-20 02:43:06 | INFO     |     学习率: 0.00005000
2025-08-20 02:43:06 | INFO     |   验证指标(标准CE):
2025-08-20 02:43:06 | INFO     |     损失: 0.176340
2025-08-20 02:43:06 | INFO     |     准确率: 0.952413
2025-08-20 02:43:06 | INFO     |     F1(macro): 0.953697
2025-08-20 02:43:06 | INFO     |     F1(weighted): 0.952545
2025-08-20 02:43:06 | INFO     |     精确率: 0.961148
2025-08-20 02:43:06 | INFO     |     召回率: 0.954397
2025-08-20 02:43:06 | INFO     |   学习率调度器: f1_based
2025-08-20 02:43:06 | INFO     | ------------------------------------------------------------
2025-08-20 02:43:06 | INFO     | Epoch  49 | Train: Loss=0.1612, Acc=0.9537 | Val: Loss=0.1763, Acc=0.9524, F1=0.9525 | LR=0.000050 
2025-08-20 02:48:10 | INFO     | Epoch 50:
2025-08-20 02:48:10 | INFO     |   训练指标:
2025-08-20 02:48:10 | INFO     |     损失(ce): 0.154554
2025-08-20 02:48:10 | INFO     |     准确率: 0.954225
2025-08-20 02:48:10 | INFO     |     学习率: 0.00005000
2025-08-20 02:48:10 | INFO     |   验证指标(标准CE):
2025-08-20 02:48:10 | INFO     |     损失: 0.158420
2025-08-20 02:48:10 | INFO     |     准确率: 0.950402
2025-08-20 02:48:10 | INFO     |     F1(macro): 0.953255
2025-08-20 02:48:10 | INFO     |     F1(weighted): 0.951711
2025-08-20 02:48:10 | INFO     |     精确率: 0.959656
2025-08-20 02:48:10 | INFO     |     召回率: 0.952210
2025-08-20 02:48:10 | INFO     |   学习率调度器: f1_based
2025-08-20 02:48:10 | INFO     | ------------------------------------------------------------
2025-08-20 02:48:10 | INFO     | Epoch  50 | Train: Loss=0.1546, Acc=0.9542 | Val: Loss=0.1584, Acc=0.9504, F1=0.9517 | LR=0.000050 
2025-08-20 02:53:13 | INFO     | Epoch 51:
2025-08-20 02:53:13 | INFO     |   训练指标:
2025-08-20 02:53:13 | INFO     |     损失(ce): 0.160785
2025-08-20 02:53:13 | INFO     |     准确率: 0.951040
2025-08-20 02:53:13 | INFO     |     学习率: 0.00005000
2025-08-20 02:53:13 | INFO     |   验证指标(标准CE):
2025-08-20 02:53:13 | INFO     |     损失: 0.112741
2025-08-20 02:53:13 | INFO     |     准确率: 0.961126
2025-08-20 02:53:13 | INFO     |     F1(macro): 0.962459
2025-08-20 02:53:13 | INFO     |     F1(weighted): 0.960874
2025-08-20 02:53:13 | INFO     |     精确率: 0.967486
2025-08-20 02:53:13 | INFO     |     召回率: 0.962760
2025-08-20 02:53:13 | INFO     |   学习率调度器: f1_based
2025-08-20 02:53:13 | INFO     | ------------------------------------------------------------
2025-08-20 02:53:13 | INFO     | Epoch  51 | Train: Loss=0.1608, Acc=0.9510 | Val: Loss=0.1127, Acc=0.9611, F1=0.9609 | LR=0.000050 
2025-08-20 02:58:17 | INFO     | Epoch 52:
2025-08-20 02:58:17 | INFO     |   训练指标:
2025-08-20 02:58:17 | INFO     |     损失(ce): 0.154137
2025-08-20 02:58:17 | INFO     |     准确率: 0.951710
2025-08-20 02:58:17 | INFO     |     学习率: 0.00005000
2025-08-20 02:58:17 | INFO     |   验证指标(标准CE):
2025-08-20 02:58:17 | INFO     |     损失: 0.179783
2025-08-20 02:58:17 | INFO     |     准确率: 0.947721
2025-08-20 02:58:17 | INFO     |     F1(macro): 0.950403
2025-08-20 02:58:17 | INFO     |     F1(weighted): 0.948673
2025-08-20 02:58:17 | INFO     |     精确率: 0.955802
2025-08-20 02:58:17 | INFO     |     召回率: 0.949943
2025-08-20 02:58:17 | INFO     |   学习率调度器: f1_based
2025-08-20 02:58:17 | INFO     | ------------------------------------------------------------
2025-08-20 02:58:17 | INFO     | Epoch  52 | Train: Loss=0.1541, Acc=0.9517 | Val: Loss=0.1798, Acc=0.9477, F1=0.9487 | LR=0.000050 
2025-08-20 03:03:20 | INFO     | Epoch 53:
2025-08-20 03:03:20 | INFO     |   训练指标:
2025-08-20 03:03:20 | INFO     |     损失(ce): 0.144213
2025-08-20 03:03:20 | INFO     |     准确率: 0.958249
2025-08-20 03:03:20 | INFO     |     学习率: 0.00005000
2025-08-20 03:03:20 | INFO     |   验证指标(标准CE):
2025-08-20 03:03:20 | INFO     |     损失: 0.143753
2025-08-20 03:03:20 | INFO     |     准确率: 0.953083
2025-08-20 03:03:20 | INFO     |     F1(macro): 0.954968
2025-08-20 03:03:20 | INFO     |     F1(weighted): 0.952663
2025-08-20 03:03:20 | INFO     |     精确率: 0.961377
2025-08-20 03:03:20 | INFO     |     召回率: 0.956333
2025-08-20 03:03:20 | INFO     |   学习率调度器: f1_based
2025-08-20 03:03:20 | INFO     | ------------------------------------------------------------
2025-08-20 03:03:20 | INFO     | Epoch  53 | Train: Loss=0.1442, Acc=0.9582 | Val: Loss=0.1438, Acc=0.9531, F1=0.9527 | LR=0.000050 
2025-08-20 03:08:23 | INFO     | Epoch 54:
2025-08-20 03:08:23 | INFO     |   训练指标:
2025-08-20 03:08:23 | INFO     |     损失(ce): 0.166713
2025-08-20 03:08:23 | INFO     |     准确率: 0.952381
2025-08-20 03:08:23 | INFO     |     学习率: 0.00005000
2025-08-20 03:08:23 | INFO     |   验证指标(标准CE):
2025-08-20 03:08:23 | INFO     |     损失: 0.252670
2025-08-20 03:08:23 | INFO     |     准确率: 0.938338
2025-08-20 03:08:23 | INFO     |     F1(macro): 0.941830
2025-08-20 03:08:23 | INFO     |     F1(weighted): 0.940264
2025-08-20 03:08:23 | INFO     |     精确率: 0.953833
2025-08-20 03:08:23 | INFO     |     召回率: 0.942383
2025-08-20 03:08:23 | INFO     |   学习率调度器: f1_based
2025-08-20 03:08:23 | INFO     | ------------------------------------------------------------
2025-08-20 03:08:23 | INFO     | 🎯 学习率调整事件:
2025-08-20 03:08:23 | INFO     |   调度器类型: f1_based
2025-08-20 03:08:23 | INFO     |   学习率变化: 0.00005000 → 0.00002500
2025-08-20 03:08:23 | INFO     |   触发条件: F1分数 = 0.940264
2025-08-20 03:08:23 | INFO     |   变化幅度: -50.00%
2025-08-20 03:08:23 | INFO     | ------------------------------------------------------------
2025-08-20 03:08:23 | INFO     | Epoch  54 | Train: Loss=0.1667, Acc=0.9524 | Val: Loss=0.2527, Acc=0.9383, F1=0.9403 | LR=0.000025 
2025-08-20 03:13:27 | INFO     | Epoch 55:
2025-08-20 03:13:27 | INFO     |   训练指标:
2025-08-20 03:13:27 | INFO     |     损失(ce): 0.105665
2025-08-20 03:13:27 | INFO     |     准确率: 0.964286
2025-08-20 03:13:27 | INFO     |     学习率: 0.00002500
2025-08-20 03:13:27 | INFO     |   验证指标(标准CE):
2025-08-20 03:13:27 | INFO     |     损失: 0.106649
2025-08-20 03:13:27 | INFO     |     准确率: 0.968499
2025-08-20 03:13:27 | INFO     |     F1(macro): 0.970042
2025-08-20 03:13:27 | INFO     |     F1(weighted): 0.968790
2025-08-20 03:13:27 | INFO     |     精确率: 0.972875
2025-08-20 03:13:27 | INFO     |     召回率: 0.970090
2025-08-20 03:13:27 | INFO     |   学习率调度器: f1_based
2025-08-20 03:13:27 | INFO     | ------------------------------------------------------------
2025-08-20 03:13:27 | INFO     | Epoch  55 | Train: Loss=0.1057, Acc=0.9643 | Val: Loss=0.1066, Acc=0.9685, F1=0.9688 | LR=0.000025 🏆 [最佳模型]
2025-08-20 03:18:31 | INFO     | Epoch 56:
2025-08-20 03:18:31 | INFO     |   训练指标:
2025-08-20 03:18:31 | INFO     |     损失(ce): 0.103621
2025-08-20 03:18:31 | INFO     |     准确率: 0.968981
2025-08-20 03:18:31 | INFO     |     学习率: 0.00002500
2025-08-20 03:18:31 | INFO     |   验证指标(标准CE):
2025-08-20 03:18:31 | INFO     |     损失: 0.101679
2025-08-20 03:18:31 | INFO     |     准确率: 0.969169
2025-08-20 03:18:31 | INFO     |     F1(macro): 0.970500
2025-08-20 03:18:31 | INFO     |     F1(weighted): 0.968954
2025-08-20 03:18:31 | INFO     |     精确率: 0.974623
2025-08-20 03:18:31 | INFO     |     召回率: 0.971254
2025-08-20 03:18:31 | INFO     |   学习率调度器: f1_based
2025-08-20 03:18:31 | INFO     | ------------------------------------------------------------
2025-08-20 03:18:31 | INFO     | Epoch  56 | Train: Loss=0.1036, Acc=0.9690 | Val: Loss=0.1017, Acc=0.9692, F1=0.9690 | LR=0.000025 🏆 [最佳模型]
2025-08-20 03:23:34 | INFO     | Epoch 57:
2025-08-20 03:23:34 | INFO     |   训练指标:
2025-08-20 03:23:34 | INFO     |     损失(ce): 0.095230
2025-08-20 03:23:34 | INFO     |     准确率: 0.969316
2025-08-20 03:23:34 | INFO     |     学习率: 0.00002500
2025-08-20 03:23:34 | INFO     |   验证指标(标准CE):
2025-08-20 03:23:34 | INFO     |     损失: 0.129398
2025-08-20 03:23:34 | INFO     |     准确率: 0.957105
2025-08-20 03:23:34 | INFO     |     F1(macro): 0.959328
2025-08-20 03:23:34 | INFO     |     F1(weighted): 0.957676
2025-08-20 03:23:34 | INFO     |     精确率: 0.965952
2025-08-20 03:23:34 | INFO     |     召回率: 0.959749
2025-08-20 03:23:34 | INFO     |   学习率调度器: f1_based
2025-08-20 03:23:34 | INFO     | ------------------------------------------------------------
2025-08-20 03:23:34 | INFO     | Epoch  57 | Train: Loss=0.0952, Acc=0.9693 | Val: Loss=0.1294, Acc=0.9571, F1=0.9577 | LR=0.000025 
2025-08-20 03:28:38 | INFO     | Epoch 58:
2025-08-20 03:28:38 | INFO     |   训练指标:
2025-08-20 03:28:38 | INFO     |     损失(ce): 0.101560
2025-08-20 03:28:38 | INFO     |     准确率: 0.966968
2025-08-20 03:28:38 | INFO     |     学习率: 0.00002500
2025-08-20 03:28:38 | INFO     |   验证指标(标准CE):
2025-08-20 03:28:38 | INFO     |     损失: 0.120209
2025-08-20 03:28:38 | INFO     |     准确率: 0.963137
2025-08-20 03:28:38 | INFO     |     F1(macro): 0.964688
2025-08-20 03:28:38 | INFO     |     F1(weighted): 0.963293
2025-08-20 03:28:38 | INFO     |     精确率: 0.967744
2025-08-20 03:28:38 | INFO     |     召回率: 0.965598
2025-08-20 03:28:38 | INFO     |   学习率调度器: f1_based
2025-08-20 03:28:38 | INFO     | ------------------------------------------------------------
2025-08-20 03:28:38 | INFO     | Epoch  58 | Train: Loss=0.1016, Acc=0.9670 | Val: Loss=0.1202, Acc=0.9631, F1=0.9633 | LR=0.000025 
2025-08-20 03:33:41 | INFO     | Epoch 59:
2025-08-20 03:33:41 | INFO     |   训练指标:
2025-08-20 03:33:41 | INFO     |     损失(ce): 0.089628
2025-08-20 03:33:41 | INFO     |     准确率: 0.970490
2025-08-20 03:33:41 | INFO     |     学习率: 0.00002500
2025-08-20 03:33:41 | INFO     |   验证指标(标准CE):
2025-08-20 03:33:41 | INFO     |     损失: 0.091953
2025-08-20 03:33:41 | INFO     |     准确率: 0.969839
2025-08-20 03:33:41 | INFO     |     F1(macro): 0.971581
2025-08-20 03:33:41 | INFO     |     F1(weighted): 0.970187
2025-08-20 03:33:41 | INFO     |     精确率: 0.974230
2025-08-20 03:33:41 | INFO     |     召回率: 0.971029
2025-08-20 03:33:41 | INFO     |   学习率调度器: f1_based
2025-08-20 03:33:41 | INFO     | ------------------------------------------------------------
2025-08-20 03:33:41 | INFO     | Epoch  59 | Train: Loss=0.0896, Acc=0.9705 | Val: Loss=0.0920, Acc=0.9698, F1=0.9702 | LR=0.000025 🏆 [最佳模型]
2025-08-20 03:38:45 | INFO     | Epoch 60:
2025-08-20 03:38:45 | INFO     |   训练指标:
2025-08-20 03:38:45 | INFO     |     损失(ce): 0.103158
2025-08-20 03:38:45 | INFO     |     准确率: 0.966298
2025-08-20 03:38:45 | INFO     |     学习率: 0.00002500
2025-08-20 03:38:45 | INFO     |   验证指标(标准CE):
2025-08-20 03:38:45 | INFO     |     损失: 0.265155
2025-08-20 03:38:45 | INFO     |     准确率: 0.946381
2025-08-20 03:38:45 | INFO     |     F1(macro): 0.948635
2025-08-20 03:38:45 | INFO     |     F1(weighted): 0.946769
2025-08-20 03:38:45 | INFO     |     精确率: 0.956278
2025-08-20 03:38:45 | INFO     |     召回率: 0.950277
2025-08-20 03:38:45 | INFO     |   学习率调度器: f1_based
2025-08-20 03:38:45 | INFO     | ------------------------------------------------------------
2025-08-20 03:38:45 | INFO     | Epoch  60 | Train: Loss=0.1032, Acc=0.9663 | Val: Loss=0.2652, Acc=0.9464, F1=0.9468 | LR=0.000025 
2025-08-20 03:43:48 | INFO     | Epoch 61:
2025-08-20 03:43:48 | INFO     |   训练指标:
2025-08-20 03:43:48 | INFO     |     损失(ce): 0.098418
2025-08-20 03:43:48 | INFO     |     准确率: 0.969148
2025-08-20 03:43:48 | INFO     |     学习率: 0.00002500
2025-08-20 03:43:48 | INFO     |   验证指标(标准CE):
2025-08-20 03:43:48 | INFO     |     损失: 0.115280
2025-08-20 03:43:48 | INFO     |     准确率: 0.963137
2025-08-20 03:43:48 | INFO     |     F1(macro): 0.964656
2025-08-20 03:43:48 | INFO     |     F1(weighted): 0.963701
2025-08-20 03:43:48 | INFO     |     精确率: 0.967794
2025-08-20 03:43:48 | INFO     |     召回率: 0.964572
2025-08-20 03:43:48 | INFO     |   学习率调度器: f1_based
2025-08-20 03:43:48 | INFO     | ------------------------------------------------------------
2025-08-20 03:43:48 | INFO     | Epoch  61 | Train: Loss=0.0984, Acc=0.9691 | Val: Loss=0.1153, Acc=0.9631, F1=0.9637 | LR=0.000025 
2025-08-20 03:48:50 | INFO     | Epoch 62:
2025-08-20 03:48:50 | INFO     |   训练指标:
2025-08-20 03:48:50 | INFO     |     损失(ce): 0.093863
2025-08-20 03:48:50 | INFO     |     准确率: 0.967136
2025-08-20 03:48:50 | INFO     |     学习率: 0.00002500
2025-08-20 03:48:50 | INFO     |   验证指标(标准CE):
2025-08-20 03:48:50 | INFO     |     损失: 0.094976
2025-08-20 03:48:50 | INFO     |     准确率: 0.967158
2025-08-20 03:48:50 | INFO     |     F1(macro): 0.968880
2025-08-20 03:48:50 | INFO     |     F1(weighted): 0.967505
2025-08-20 03:48:50 | INFO     |     精确率: 0.973549
2025-08-20 03:48:50 | INFO     |     召回率: 0.968581
2025-08-20 03:48:50 | INFO     |   学习率调度器: f1_based
2025-08-20 03:48:50 | INFO     | ------------------------------------------------------------
2025-08-20 03:48:50 | INFO     | Epoch  62 | Train: Loss=0.0939, Acc=0.9671 | Val: Loss=0.0950, Acc=0.9672, F1=0.9675 | LR=0.000025 
2025-08-20 03:53:54 | INFO     | Epoch 63:
2025-08-20 03:53:54 | INFO     |   训练指标:
2025-08-20 03:53:54 | INFO     |     损失(ce): 0.095675
2025-08-20 03:53:54 | INFO     |     准确率: 0.969148
2025-08-20 03:53:54 | INFO     |     学习率: 0.00002500
2025-08-20 03:53:54 | INFO     |   验证指标(标准CE):
2025-08-20 03:53:54 | INFO     |     损失: 0.111984
2025-08-20 03:53:54 | INFO     |     准确率: 0.967828
2025-08-20 03:53:54 | INFO     |     F1(macro): 0.969113
2025-08-20 03:53:54 | INFO     |     F1(weighted): 0.967931
2025-08-20 03:53:54 | INFO     |     精确率: 0.975013
2025-08-20 03:53:54 | INFO     |     召回率: 0.969127
2025-08-20 03:53:54 | INFO     |   学习率调度器: f1_based
2025-08-20 03:53:54 | INFO     | ------------------------------------------------------------
2025-08-20 03:53:54 | INFO     | Epoch  63 | Train: Loss=0.0957, Acc=0.9691 | Val: Loss=0.1120, Acc=0.9678, F1=0.9679 | LR=0.000025 
2025-08-20 03:58:57 | INFO     | Epoch 64:
2025-08-20 03:58:57 | INFO     |   训练指标:
2025-08-20 03:58:57 | INFO     |     损失(ce): 0.090476
2025-08-20 03:58:57 | INFO     |     准确率: 0.970154
2025-08-20 03:58:57 | INFO     |     学习率: 0.00002500
2025-08-20 03:58:57 | INFO     |   验证指标(标准CE):
2025-08-20 03:58:57 | INFO     |     损失: 0.102966
2025-08-20 03:58:57 | INFO     |     准确率: 0.969839
2025-08-20 03:58:57 | INFO     |     F1(macro): 0.971324
2025-08-20 03:58:57 | INFO     |     F1(weighted): 0.969903
2025-08-20 03:58:57 | INFO     |     精确率: 0.973441
2025-08-20 03:58:57 | INFO     |     召回率: 0.971575
2025-08-20 03:58:57 | INFO     |   学习率调度器: f1_based
2025-08-20 03:58:57 | INFO     | ------------------------------------------------------------
2025-08-20 03:58:57 | INFO     | Epoch  64 | Train: Loss=0.0905, Acc=0.9702 | Val: Loss=0.1030, Acc=0.9698, F1=0.9699 | LR=0.000025 
2025-08-20 04:04:00 | INFO     | Epoch 65:
2025-08-20 04:04:00 | INFO     |   训练指标:
2025-08-20 04:04:00 | INFO     |     损失(ce): 0.096479
2025-08-20 04:04:00 | INFO     |     准确率: 0.967807
2025-08-20 04:04:00 | INFO     |     学习率: 0.00002500
2025-08-20 04:04:00 | INFO     |   验证指标(标准CE):
2025-08-20 04:04:00 | INFO     |     损失: 0.186729
2025-08-20 04:04:00 | INFO     |     准确率: 0.949732
2025-08-20 04:04:00 | INFO     |     F1(macro): 0.951394
2025-08-20 04:04:00 | INFO     |     F1(weighted): 0.949703
2025-08-20 04:04:00 | INFO     |     精确率: 0.958726
2025-08-20 04:04:00 | INFO     |     召回率: 0.953721
2025-08-20 04:04:00 | INFO     |   学习率调度器: f1_based
2025-08-20 04:04:00 | INFO     | ------------------------------------------------------------
2025-08-20 04:04:00 | INFO     | Epoch  65 | Train: Loss=0.0965, Acc=0.9678 | Val: Loss=0.1867, Acc=0.9497, F1=0.9497 | LR=0.000025 
2025-08-20 04:09:03 | INFO     | Epoch 66:
2025-08-20 04:09:03 | INFO     |   训练指标:
2025-08-20 04:09:03 | INFO     |     损失(ce): 0.096109
2025-08-20 04:09:03 | INFO     |     准确率: 0.967471
2025-08-20 04:09:03 | INFO     |     学习率: 0.00002500
2025-08-20 04:09:03 | INFO     |   验证指标(标准CE):
2025-08-20 04:09:03 | INFO     |     损失: 0.220374
2025-08-20 04:09:03 | INFO     |     准确率: 0.942359
2025-08-20 04:09:03 | INFO     |     F1(macro): 0.943775
2025-08-20 04:09:03 | INFO     |     F1(weighted): 0.941602
2025-08-20 04:09:03 | INFO     |     精确率: 0.955377
2025-08-20 04:09:03 | INFO     |     召回率: 0.947289
2025-08-20 04:09:03 | INFO     |   学习率调度器: f1_based
2025-08-20 04:09:03 | INFO     | ------------------------------------------------------------
2025-08-20 04:09:03 | INFO     | Epoch  66 | Train: Loss=0.0961, Acc=0.9675 | Val: Loss=0.2204, Acc=0.9424, F1=0.9416 | LR=0.000025 
2025-08-20 04:14:06 | INFO     | Epoch 67:
2025-08-20 04:14:06 | INFO     |   训练指标:
2025-08-20 04:14:06 | INFO     |     损失(ce): 0.089300
2025-08-20 04:14:06 | INFO     |     准确率: 0.969987
2025-08-20 04:14:06 | INFO     |     学习率: 0.00002500
2025-08-20 04:14:06 | INFO     |   验证指标(标准CE):
2025-08-20 04:14:06 | INFO     |     损失: 0.205143
2025-08-20 04:14:06 | INFO     |     准确率: 0.948391
2025-08-20 04:14:06 | INFO     |     F1(macro): 0.950573
2025-08-20 04:14:06 | INFO     |     F1(weighted): 0.948655
2025-08-20 04:14:06 | INFO     |     精确率: 0.958629
2025-08-20 04:14:06 | INFO     |     召回率: 0.952700
2025-08-20 04:14:06 | INFO     |   学习率调度器: f1_based
2025-08-20 04:14:06 | INFO     | ------------------------------------------------------------
2025-08-20 04:14:06 | INFO     | 🎯 学习率调整事件:
2025-08-20 04:14:06 | INFO     |   调度器类型: f1_based
2025-08-20 04:14:06 | INFO     |   学习率变化: 0.00002500 → 0.00001250
2025-08-20 04:14:06 | INFO     |   触发条件: F1分数 = 0.948655
2025-08-20 04:14:06 | INFO     |   变化幅度: -50.00%
2025-08-20 04:14:06 | INFO     | ------------------------------------------------------------
2025-08-20 04:14:06 | INFO     | Epoch  67 | Train: Loss=0.0893, Acc=0.9700 | Val: Loss=0.2051, Acc=0.9484, F1=0.9487 | LR=0.000013 
2025-08-20 04:19:09 | INFO     | Epoch 68:
2025-08-20 04:19:09 | INFO     |   训练指标:
2025-08-20 04:19:09 | INFO     |     损失(ce): 0.072794
2025-08-20 04:19:09 | INFO     |     准确率: 0.973508
2025-08-20 04:19:09 | INFO     |     学习率: 0.00001250
2025-08-20 04:19:09 | INFO     |   验证指标(标准CE):
2025-08-20 04:19:09 | INFO     |     损失: 0.103218
2025-08-20 04:19:09 | INFO     |     准确率: 0.964477
2025-08-20 04:19:09 | INFO     |     F1(macro): 0.965644
2025-08-20 04:19:09 | INFO     |     F1(weighted): 0.964351
2025-08-20 04:19:09 | INFO     |     精确率: 0.969194
2025-08-20 04:19:09 | INFO     |     召回率: 0.966796
2025-08-20 04:19:09 | INFO     |   学习率调度器: f1_based
2025-08-20 04:19:09 | INFO     | ------------------------------------------------------------
2025-08-20 04:19:09 | INFO     | Epoch  68 | Train: Loss=0.0728, Acc=0.9735 | Val: Loss=0.1032, Acc=0.9645, F1=0.9644 | LR=0.000013 
2025-08-20 04:24:11 | INFO     | Epoch 69:
2025-08-20 04:24:11 | INFO     |   训练指标:
2025-08-20 04:24:11 | INFO     |     损失(ce): 0.063412
2025-08-20 04:24:11 | INFO     |     准确率: 0.976023
2025-08-20 04:24:11 | INFO     |     学习率: 0.00001250
2025-08-20 04:24:11 | INFO     |   验证指标(标准CE):
2025-08-20 04:24:11 | INFO     |     损失: 0.077635
2025-08-20 04:24:11 | INFO     |     准确率: 0.973861
2025-08-20 04:24:11 | INFO     |     F1(macro): 0.974713
2025-08-20 04:24:11 | INFO     |     F1(weighted): 0.973780
2025-08-20 04:24:11 | INFO     |     精确率: 0.978123
2025-08-20 04:24:11 | INFO     |     召回率: 0.975291
2025-08-20 04:24:11 | INFO     |   学习率调度器: f1_based
2025-08-20 04:24:11 | INFO     | ------------------------------------------------------------
2025-08-20 04:24:11 | INFO     | Epoch  69 | Train: Loss=0.0634, Acc=0.9760 | Val: Loss=0.0776, Acc=0.9739, F1=0.9738 | LR=0.000013 🏆 [最佳模型]
2025-08-20 04:29:15 | INFO     | Epoch 70:
2025-08-20 04:29:15 | INFO     |   训练指标:
2025-08-20 04:29:15 | INFO     |     损失(ce): 0.071149
2025-08-20 04:29:15 | INFO     |     准确率: 0.973843
2025-08-20 04:29:15 | INFO     |     学习率: 0.00001250
2025-08-20 04:29:15 | INFO     |   验证指标(标准CE):
2025-08-20 04:29:15 | INFO     |     损失: 0.084101
2025-08-20 04:29:15 | INFO     |     准确率: 0.971180
2025-08-20 04:29:15 | INFO     |     F1(macro): 0.972622
2025-08-20 04:29:15 | INFO     |     F1(weighted): 0.971020
2025-08-20 04:29:15 | INFO     |     精确率: 0.976517
2025-08-20 04:29:15 | INFO     |     召回率: 0.972986
2025-08-20 04:29:15 | INFO     |   学习率调度器: f1_based
2025-08-20 04:29:15 | INFO     | ------------------------------------------------------------
2025-08-20 04:29:15 | INFO     | Epoch  70 | Train: Loss=0.0711, Acc=0.9738 | Val: Loss=0.0841, Acc=0.9712, F1=0.9710 | LR=0.000013 
2025-08-20 04:34:18 | INFO     | Epoch 71:
2025-08-20 04:34:18 | INFO     |   训练指标:
2025-08-20 04:34:18 | INFO     |     损失(ce): 0.064943
2025-08-20 04:34:18 | INFO     |     准确率: 0.976358
2025-08-20 04:34:18 | INFO     |     学习率: 0.00001250
2025-08-20 04:34:18 | INFO     |   验证指标(标准CE):
2025-08-20 04:34:18 | INFO     |     损失: 0.082770
2025-08-20 04:34:18 | INFO     |     准确率: 0.971180
2025-08-20 04:34:18 | INFO     |     F1(macro): 0.971952
2025-08-20 04:34:18 | INFO     |     F1(weighted): 0.970944
2025-08-20 04:34:18 | INFO     |     精确率: 0.975545
2025-08-20 04:34:18 | INFO     |     召回率: 0.972954
2025-08-20 04:34:18 | INFO     |   学习率调度器: f1_based
2025-08-20 04:34:18 | INFO     | ------------------------------------------------------------
2025-08-20 04:34:18 | INFO     | Epoch  71 | Train: Loss=0.0649, Acc=0.9764 | Val: Loss=0.0828, Acc=0.9712, F1=0.9709 | LR=0.000013 
2025-08-20 04:39:21 | INFO     | Epoch 72:
2025-08-20 04:39:21 | INFO     |   训练指标:
2025-08-20 04:39:21 | INFO     |     损失(ce): 0.067812
2025-08-20 04:39:21 | INFO     |     准确率: 0.977532
2025-08-20 04:39:21 | INFO     |     学习率: 0.00001250
2025-08-20 04:39:21 | INFO     |   验证指标(标准CE):
2025-08-20 04:39:21 | INFO     |     损失: 0.109513
2025-08-20 04:39:21 | INFO     |     准确率: 0.967158
2025-08-20 04:39:21 | INFO     |     F1(macro): 0.968644
2025-08-20 04:39:21 | INFO     |     F1(weighted): 0.967254
2025-08-20 04:39:21 | INFO     |     精确率: 0.971624
2025-08-20 04:39:21 | INFO     |     召回率: 0.969371
2025-08-20 04:39:21 | INFO     |   学习率调度器: f1_based
2025-08-20 04:39:21 | INFO     | ------------------------------------------------------------
2025-08-20 04:39:21 | INFO     | Epoch  72 | Train: Loss=0.0678, Acc=0.9775 | Val: Loss=0.1095, Acc=0.9672, F1=0.9673 | LR=0.000013 
2025-08-20 04:44:24 | INFO     | Epoch 73:
2025-08-20 04:44:24 | INFO     |   训练指标:
2025-08-20 04:44:24 | INFO     |     损失(ce): 0.067702
2025-08-20 04:44:24 | INFO     |     准确率: 0.976358
2025-08-20 04:44:24 | INFO     |     学习率: 0.00001250
2025-08-20 04:44:24 | INFO     |   验证指标(标准CE):
2025-08-20 04:44:24 | INFO     |     损失: 0.092054
2025-08-20 04:44:24 | INFO     |     准确率: 0.969839
2025-08-20 04:44:24 | INFO     |     F1(macro): 0.971458
2025-08-20 04:44:24 | INFO     |     F1(weighted): 0.969897
2025-08-20 04:44:24 | INFO     |     精确率: 0.975826
2025-08-20 04:44:24 | INFO     |     召回率: 0.971243
2025-08-20 04:44:24 | INFO     |   学习率调度器: f1_based
2025-08-20 04:44:24 | INFO     | ------------------------------------------------------------
2025-08-20 04:44:24 | INFO     | Epoch  73 | Train: Loss=0.0677, Acc=0.9764 | Val: Loss=0.0921, Acc=0.9698, F1=0.9699 | LR=0.000013 
2025-08-20 04:49:27 | INFO     | Epoch 74:
2025-08-20 04:49:27 | INFO     |   训练指标:
2025-08-20 04:49:27 | INFO     |     损失(ce): 0.074342
2025-08-20 04:49:27 | INFO     |     准确率: 0.976861
2025-08-20 04:49:27 | INFO     |     学习率: 0.00001250
2025-08-20 04:49:27 | INFO     |   验证指标(标准CE):
2025-08-20 04:49:27 | INFO     |     损失: 0.127167
2025-08-20 04:49:27 | INFO     |     准确率: 0.959786
2025-08-20 04:49:27 | INFO     |     F1(macro): 0.961184
2025-08-20 04:49:27 | INFO     |     F1(weighted): 0.959460
2025-08-20 04:49:27 | INFO     |     精确率: 0.965118
2025-08-20 04:49:27 | INFO     |     召回率: 0.962547
2025-08-20 04:49:27 | INFO     |   学习率调度器: f1_based
2025-08-20 04:49:27 | INFO     | ------------------------------------------------------------
2025-08-20 04:49:27 | INFO     | Epoch  74 | Train: Loss=0.0743, Acc=0.9769 | Val: Loss=0.1272, Acc=0.9598, F1=0.9595 | LR=0.000013 
2025-08-20 04:54:30 | INFO     | Epoch 75:
2025-08-20 04:54:30 | INFO     |   训练指标:
2025-08-20 04:54:30 | INFO     |     损失(ce): 0.063362
2025-08-20 04:54:30 | INFO     |     准确率: 0.976023
2025-08-20 04:54:30 | INFO     |     学习率: 0.00001250
2025-08-20 04:54:30 | INFO     |   验证指标(标准CE):
2025-08-20 04:54:30 | INFO     |     损失: 0.081803
2025-08-20 04:54:30 | INFO     |     准确率: 0.971850
2025-08-20 04:54:30 | INFO     |     F1(macro): 0.973517
2025-08-20 04:54:30 | INFO     |     F1(weighted): 0.971977
2025-08-20 04:54:30 | INFO     |     精确率: 0.976809
2025-08-20 04:54:30 | INFO     |     召回率: 0.973518
2025-08-20 04:54:30 | INFO     |   学习率调度器: f1_based
2025-08-20 04:54:30 | INFO     | ------------------------------------------------------------
2025-08-20 04:54:30 | INFO     | Epoch  75 | Train: Loss=0.0634, Acc=0.9760 | Val: Loss=0.0818, Acc=0.9718, F1=0.9720 | LR=0.000013 
2025-08-20 04:59:33 | INFO     | Epoch 76:
2025-08-20 04:59:33 | INFO     |   训练指标:
2025-08-20 04:59:33 | INFO     |     损失(ce): 0.064614
2025-08-20 04:59:33 | INFO     |     准确率: 0.975184
2025-08-20 04:59:33 | INFO     |     学习率: 0.00001250
2025-08-20 04:59:33 | INFO     |   验证指标(标准CE):
2025-08-20 04:59:33 | INFO     |     损失: 0.101980
2025-08-20 04:59:33 | INFO     |     准确率: 0.969839
2025-08-20 04:59:33 | INFO     |     F1(macro): 0.971297
2025-08-20 04:59:33 | INFO     |     F1(weighted): 0.969761
2025-08-20 04:59:33 | INFO     |     精确率: 0.976199
2025-08-20 04:59:33 | INFO     |     召回率: 0.971720
2025-08-20 04:59:33 | INFO     |   学习率调度器: f1_based
2025-08-20 04:59:33 | INFO     | ------------------------------------------------------------
2025-08-20 04:59:33 | INFO     | Epoch  76 | Train: Loss=0.0646, Acc=0.9752 | Val: Loss=0.1020, Acc=0.9698, F1=0.9698 | LR=0.000013 
2025-08-20 05:04:36 | INFO     | Epoch 77:
2025-08-20 05:04:36 | INFO     |   训练指标:
2025-08-20 05:04:36 | INFO     |     损失(ce): 0.066801
2025-08-20 05:04:36 | INFO     |     准确率: 0.976526
2025-08-20 05:04:36 | INFO     |     学习率: 0.00001250
2025-08-20 05:04:36 | INFO     |   验证指标(标准CE):
2025-08-20 05:04:36 | INFO     |     损失: 0.076665
2025-08-20 05:04:36 | INFO     |     准确率: 0.973861
2025-08-20 05:04:36 | INFO     |     F1(macro): 0.975225
2025-08-20 05:04:36 | INFO     |     F1(weighted): 0.973821
2025-08-20 05:04:36 | INFO     |     精确率: 0.979704
2025-08-20 05:04:36 | INFO     |     召回率: 0.975765
2025-08-20 05:04:36 | INFO     |   学习率调度器: f1_based
2025-08-20 05:04:36 | INFO     | ------------------------------------------------------------
2025-08-20 05:04:36 | INFO     | 🎯 学习率调整事件:
2025-08-20 05:04:36 | INFO     |   调度器类型: f1_based
2025-08-20 05:04:36 | INFO     |   学习率变化: 0.00001250 → 0.00000625
2025-08-20 05:04:36 | INFO     |   触发条件: F1分数 = 0.973821
2025-08-20 05:04:36 | INFO     |   变化幅度: -50.00%
2025-08-20 05:04:36 | INFO     | ------------------------------------------------------------
2025-08-20 05:04:36 | INFO     | Epoch  77 | Train: Loss=0.0668, Acc=0.9765 | Val: Loss=0.0767, Acc=0.9739, F1=0.9738 | LR=0.000006 🏆 [最佳模型]
2025-08-20 05:09:39 | INFO     | Epoch 78:
2025-08-20 05:09:39 | INFO     |   训练指标:
2025-08-20 05:09:39 | INFO     |     损失(ce): 0.060430
2025-08-20 05:09:39 | INFO     |     准确率: 0.978370
2025-08-20 05:09:39 | INFO     |     学习率: 0.00000625
2025-08-20 05:09:39 | INFO     |   验证指标(标准CE):
2025-08-20 05:09:39 | INFO     |     损失: 0.075217
2025-08-20 05:09:39 | INFO     |     准确率: 0.973190
2025-08-20 05:09:39 | INFO     |     F1(macro): 0.974214
2025-08-20 05:09:39 | INFO     |     F1(weighted): 0.973084
2025-08-20 05:09:39 | INFO     |     精确率: 0.977713
2025-08-20 05:09:39 | INFO     |     召回率: 0.974892
2025-08-20 05:09:39 | INFO     |   学习率调度器: f1_based
2025-08-20 05:09:39 | INFO     | ------------------------------------------------------------
2025-08-20 05:09:39 | INFO     | Epoch  78 | Train: Loss=0.0604, Acc=0.9784 | Val: Loss=0.0752, Acc=0.9732, F1=0.9731 | LR=0.000006 
2025-08-20 05:14:43 | INFO     | Epoch 79:
2025-08-20 05:14:43 | INFO     |   训练指标:
2025-08-20 05:14:43 | INFO     |     损失(ce): 0.057788
2025-08-20 05:14:43 | INFO     |     准确率: 0.976693
2025-08-20 05:14:43 | INFO     |     学习率: 0.00000625
2025-08-20 05:14:43 | INFO     |   验证指标(标准CE):
2025-08-20 05:14:43 | INFO     |     损失: 0.075124
2025-08-20 05:14:43 | INFO     |     准确率: 0.970509
2025-08-20 05:14:43 | INFO     |     F1(macro): 0.971780
2025-08-20 05:14:43 | INFO     |     F1(weighted): 0.970517
2025-08-20 05:14:43 | INFO     |     精确率: 0.975479
2025-08-20 05:14:43 | INFO     |     召回率: 0.972190
2025-08-20 05:14:43 | INFO     |   学习率调度器: f1_based
2025-08-20 05:14:43 | INFO     | ------------------------------------------------------------
2025-08-20 05:14:43 | INFO     | Epoch  79 | Train: Loss=0.0578, Acc=0.9767 | Val: Loss=0.0751, Acc=0.9705, F1=0.9705 | LR=0.000006 
2025-08-20 05:19:46 | INFO     | Epoch 80:
2025-08-20 05:19:46 | INFO     |   训练指标:
2025-08-20 05:19:46 | INFO     |     损失(ce): 0.052434
2025-08-20 05:19:46 | INFO     |     准确率: 0.976190
2025-08-20 05:19:46 | INFO     |     学习率: 0.00000625
2025-08-20 05:19:46 | INFO     |   验证指标(标准CE):
2025-08-20 05:19:46 | INFO     |     损失: 0.072965
2025-08-20 05:19:46 | INFO     |     准确率: 0.972520
2025-08-20 05:19:46 | INFO     |     F1(macro): 0.973599
2025-08-20 05:19:46 | INFO     |     F1(weighted): 0.972377
2025-08-20 05:19:46 | INFO     |     精确率: 0.977410
2025-08-20 05:19:46 | INFO     |     召回率: 0.974260
2025-08-20 05:19:46 | INFO     |   学习率调度器: f1_based
2025-08-20 05:19:46 | INFO     | ------------------------------------------------------------
2025-08-20 05:19:46 | INFO     | Epoch  80 | Train: Loss=0.0524, Acc=0.9762 | Val: Loss=0.0730, Acc=0.9725, F1=0.9724 | LR=0.000006 
2025-08-20 05:24:49 | INFO     | Epoch 81:
2025-08-20 05:24:49 | INFO     |   训练指标:
2025-08-20 05:24:49 | INFO     |     损失(ce): 0.056240
2025-08-20 05:24:49 | INFO     |     准确率: 0.980047
2025-08-20 05:24:49 | INFO     |     学习率: 0.00000625
2025-08-20 05:24:49 | INFO     |   验证指标(标准CE):
2025-08-20 05:24:49 | INFO     |     损失: 0.123809
2025-08-20 05:24:49 | INFO     |     准确率: 0.960456
2025-08-20 05:24:49 | INFO     |     F1(macro): 0.962545
2025-08-20 05:24:49 | INFO     |     F1(weighted): 0.960934
2025-08-20 05:24:49 | INFO     |     精确率: 0.968048
2025-08-20 05:24:49 | INFO     |     召回率: 0.963730
2025-08-20 05:24:49 | INFO     |   学习率调度器: f1_based
2025-08-20 05:24:49 | INFO     | ------------------------------------------------------------
2025-08-20 05:24:49 | INFO     | Epoch  81 | Train: Loss=0.0562, Acc=0.9800 | Val: Loss=0.1238, Acc=0.9605, F1=0.9609 | LR=0.000006 
2025-08-20 05:29:52 | INFO     | Epoch 82:
2025-08-20 05:29:52 | INFO     |   训练指标:
2025-08-20 05:29:52 | INFO     |     损失(ce): 0.058889
2025-08-20 05:29:52 | INFO     |     准确率: 0.977364
2025-08-20 05:29:52 | INFO     |     学习率: 0.00000625
2025-08-20 05:29:52 | INFO     |   验证指标(标准CE):
2025-08-20 05:29:52 | INFO     |     损失: 0.089215
2025-08-20 05:29:52 | INFO     |     准确率: 0.968499
2025-08-20 05:29:52 | INFO     |     F1(macro): 0.969622
2025-08-20 05:29:52 | INFO     |     F1(weighted): 0.968432
2025-08-20 05:29:52 | INFO     |     精确率: 0.973313
2025-08-20 05:29:52 | INFO     |     召回率: 0.970519
2025-08-20 05:29:52 | INFO     |   学习率调度器: f1_based
2025-08-20 05:29:52 | INFO     | ------------------------------------------------------------
2025-08-20 05:29:52 | INFO     | Epoch  82 | Train: Loss=0.0589, Acc=0.9774 | Val: Loss=0.0892, Acc=0.9685, F1=0.9684 | LR=0.000006 
2025-08-20 05:34:55 | INFO     | Epoch 83:
2025-08-20 05:34:55 | INFO     |   训练指标:
2025-08-20 05:34:55 | INFO     |     损失(ce): 0.052318
2025-08-20 05:34:55 | INFO     |     准确率: 0.979376
2025-08-20 05:34:55 | INFO     |     学习率: 0.00000625
2025-08-20 05:34:55 | INFO     |   验证指标(标准CE):
2025-08-20 05:34:55 | INFO     |     损失: 0.094055
2025-08-20 05:34:55 | INFO     |     准确率: 0.967828
2025-08-20 05:34:55 | INFO     |     F1(macro): 0.969322
2025-08-20 05:34:55 | INFO     |     F1(weighted): 0.967850
2025-08-20 05:34:55 | INFO     |     精确率: 0.973554
2025-08-20 05:34:55 | INFO     |     召回率: 0.970316
2025-08-20 05:34:55 | INFO     |   学习率调度器: f1_based
2025-08-20 05:34:55 | INFO     | ------------------------------------------------------------
2025-08-20 05:34:55 | INFO     | Epoch  83 | Train: Loss=0.0523, Acc=0.9794 | Val: Loss=0.0941, Acc=0.9678, F1=0.9679 | LR=0.000006 
2025-08-20 05:39:58 | INFO     | Epoch 84:
2025-08-20 05:39:58 | INFO     |   训练指标:
2025-08-20 05:39:58 | INFO     |     损失(ce): 0.055091
2025-08-20 05:39:58 | INFO     |     准确率: 0.979544
2025-08-20 05:39:58 | INFO     |     学习率: 0.00000625
2025-08-20 05:39:58 | INFO     |   验证指标(标准CE):
2025-08-20 05:39:58 | INFO     |     损失: 0.073280
2025-08-20 05:39:58 | INFO     |     准确率: 0.973861
2025-08-20 05:39:58 | INFO     |     F1(macro): 0.975049
2025-08-20 05:39:58 | INFO     |     F1(weighted): 0.973799
2025-08-20 05:39:58 | INFO     |     精确率: 0.979034
2025-08-20 05:39:58 | INFO     |     召回率: 0.975492
2025-08-20 05:39:58 | INFO     |   学习率调度器: f1_based
2025-08-20 05:39:58 | INFO     | ------------------------------------------------------------
2025-08-20 05:39:58 | INFO     | Epoch  84 | Train: Loss=0.0551, Acc=0.9795 | Val: Loss=0.0733, Acc=0.9739, F1=0.9738 | LR=0.000006 
2025-08-20 05:45:01 | INFO     | Epoch 85:
2025-08-20 05:45:01 | INFO     |   训练指标:
2025-08-20 05:45:01 | INFO     |     损失(ce): 0.053523
2025-08-20 05:45:01 | INFO     |     准确率: 0.978370
2025-08-20 05:45:01 | INFO     |     学习率: 0.00000625
2025-08-20 05:45:01 | INFO     |   验证指标(标准CE):
2025-08-20 05:45:01 | INFO     |     损失: 0.086206
2025-08-20 05:45:01 | INFO     |     准确率: 0.967828
2025-08-20 05:45:01 | INFO     |     F1(macro): 0.969051
2025-08-20 05:45:01 | INFO     |     F1(weighted): 0.967774
2025-08-20 05:45:01 | INFO     |     精确率: 0.973009
2025-08-20 05:45:01 | INFO     |     召回率: 0.969734
2025-08-20 05:45:01 | INFO     |   学习率调度器: f1_based
2025-08-20 05:45:01 | INFO     | ------------------------------------------------------------
2025-08-20 05:45:01 | INFO     | Epoch  85 | Train: Loss=0.0535, Acc=0.9784 | Val: Loss=0.0862, Acc=0.9678, F1=0.9678 | LR=0.000006 
2025-08-20 05:50:04 | INFO     | Epoch 86:
2025-08-20 05:50:04 | INFO     |   训练指标:
2025-08-20 05:50:04 | INFO     |     损失(ce): 0.057737
2025-08-20 05:50:04 | INFO     |     准确率: 0.980047
2025-08-20 05:50:04 | INFO     |     学习率: 0.00000625
2025-08-20 05:50:04 | INFO     |   验证指标(标准CE):
2025-08-20 05:50:04 | INFO     |     损失: 0.106851
2025-08-20 05:50:04 | INFO     |     准确率: 0.965147
2025-08-20 05:50:04 | INFO     |     F1(macro): 0.966571
2025-08-20 05:50:04 | INFO     |     F1(weighted): 0.965160
2025-08-20 05:50:04 | INFO     |     精确率: 0.970479
2025-08-20 05:50:04 | INFO     |     召回率: 0.967625
2025-08-20 05:50:04 | INFO     |   学习率调度器: f1_based
2025-08-20 05:50:04 | INFO     | ------------------------------------------------------------
2025-08-20 05:50:04 | INFO     | Epoch  86 | Train: Loss=0.0577, Acc=0.9800 | Val: Loss=0.1069, Acc=0.9651, F1=0.9652 | LR=0.000006 
2025-08-20 05:55:07 | INFO     | Epoch 87:
2025-08-20 05:55:07 | INFO     |   训练指标:
2025-08-20 05:55:07 | INFO     |     损失(ce): 0.053114
2025-08-20 05:55:07 | INFO     |     准确率: 0.980215
2025-08-20 05:55:07 | INFO     |     学习率: 0.00000625
2025-08-20 05:55:07 | INFO     |   验证指标(标准CE):
2025-08-20 05:55:07 | INFO     |     损失: 0.092542
2025-08-20 05:55:07 | INFO     |     准确率: 0.968499
2025-08-20 05:55:07 | INFO     |     F1(macro): 0.969926
2025-08-20 05:55:07 | INFO     |     F1(weighted): 0.968483
2025-08-20 05:55:07 | INFO     |     精确率: 0.975118
2025-08-20 05:55:07 | INFO     |     召回率: 0.970021
2025-08-20 05:55:07 | INFO     |   学习率调度器: f1_based
2025-08-20 05:55:07 | INFO     | ------------------------------------------------------------
2025-08-20 05:55:07 | INFO     | 🎯 学习率调整事件:
2025-08-20 05:55:07 | INFO     |   调度器类型: f1_based
2025-08-20 05:55:07 | INFO     |   学习率变化: 0.00000625 → 0.00000313
2025-08-20 05:55:07 | INFO     |   触发条件: F1分数 = 0.968483
2025-08-20 05:55:07 | INFO     |   变化幅度: -50.00%
2025-08-20 05:55:07 | INFO     | ------------------------------------------------------------
2025-08-20 05:55:07 | INFO     | Epoch  87 | Train: Loss=0.0531, Acc=0.9802 | Val: Loss=0.0925, Acc=0.9685, F1=0.9685 | LR=0.000003 
2025-08-20 06:00:10 | INFO     | Epoch 88:
2025-08-20 06:00:10 | INFO     |   训练指标:
2025-08-20 06:00:10 | INFO     |     损失(ce): 0.048359
2025-08-20 06:00:10 | INFO     |     准确率: 0.981556
2025-08-20 06:00:10 | INFO     |     学习率: 0.00000313
2025-08-20 06:00:10 | INFO     |   验证指标(标准CE):
2025-08-20 06:00:10 | INFO     |     损失: 0.080042
2025-08-20 06:00:10 | INFO     |     准确率: 0.971850
2025-08-20 06:00:10 | INFO     |     F1(macro): 0.973079
2025-08-20 06:00:10 | INFO     |     F1(weighted): 0.971808
2025-08-20 06:00:10 | INFO     |     精确率: 0.977124
2025-08-20 06:00:10 | INFO     |     召回率: 0.973763
2025-08-20 06:00:10 | INFO     |   学习率调度器: f1_based
2025-08-20 06:00:10 | INFO     | ------------------------------------------------------------
2025-08-20 06:00:10 | INFO     | Epoch  88 | Train: Loss=0.0484, Acc=0.9816 | Val: Loss=0.0800, Acc=0.9718, F1=0.9718 | LR=0.000003 
2025-08-20 06:05:13 | INFO     | Epoch 89:
2025-08-20 06:05:13 | INFO     |   训练指标:
2025-08-20 06:05:13 | INFO     |     损失(ce): 0.050201
2025-08-20 06:05:13 | INFO     |     准确率: 0.980215
2025-08-20 06:05:13 | INFO     |     学习率: 0.00000313
2025-08-20 06:05:13 | INFO     |   验证指标(标准CE):
2025-08-20 06:05:13 | INFO     |     损失: 0.079833
2025-08-20 06:05:13 | INFO     |     准确率: 0.972520
2025-08-20 06:05:13 | INFO     |     F1(macro): 0.973635
2025-08-20 06:05:13 | INFO     |     F1(weighted): 0.972363
2025-08-20 06:05:13 | INFO     |     精确率: 0.977512
2025-08-20 06:05:13 | INFO     |     召回率: 0.974183
2025-08-20 06:05:13 | INFO     |   学习率调度器: f1_based
2025-08-20 06:05:13 | INFO     | ------------------------------------------------------------
2025-08-20 06:05:13 | INFO     | Epoch  89 | Train: Loss=0.0502, Acc=0.9802 | Val: Loss=0.0798, Acc=0.9725, F1=0.9724 | LR=0.000003 
2025-08-20 06:10:16 | INFO     | Epoch 90:
2025-08-20 06:10:16 | INFO     |   训练指标:
2025-08-20 06:10:16 | INFO     |     损失(ce): 0.044675
2025-08-20 06:10:16 | INFO     |     准确率: 0.982394
2025-08-20 06:10:16 | INFO     |     学习率: 0.00000313
2025-08-20 06:10:16 | INFO     |   验证指标(标准CE):
2025-08-20 06:10:16 | INFO     |     损失: 0.079185
2025-08-20 06:10:16 | INFO     |     准确率: 0.973861
2025-08-20 06:10:16 | INFO     |     F1(macro): 0.975182
2025-08-20 06:10:16 | INFO     |     F1(weighted): 0.973789
2025-08-20 06:10:16 | INFO     |     精确率: 0.979648
2025-08-20 06:10:16 | INFO     |     召回率: 0.975415
2025-08-20 06:10:16 | INFO     |   学习率调度器: f1_based
2025-08-20 06:10:16 | INFO     | ------------------------------------------------------------
2025-08-20 06:10:16 | INFO     | Epoch  90 | Train: Loss=0.0447, Acc=0.9824 | Val: Loss=0.0792, Acc=0.9739, F1=0.9738 | LR=0.000003 
2025-08-20 06:15:19 | INFO     | Epoch 91:
2025-08-20 06:15:19 | INFO     |   训练指标:
2025-08-20 06:15:19 | INFO     |     损失(ce): 0.050385
2025-08-20 06:15:19 | INFO     |     准确率: 0.979209
2025-08-20 06:15:19 | INFO     |     学习率: 0.00000313
2025-08-20 06:15:19 | INFO     |   验证指标(标准CE):
2025-08-20 06:15:19 | INFO     |     损失: 0.080006
2025-08-20 06:15:19 | INFO     |     准确率: 0.971180
2025-08-20 06:15:19 | INFO     |     F1(macro): 0.972476
2025-08-20 06:15:19 | INFO     |     F1(weighted): 0.971094
2025-08-20 06:15:19 | INFO     |     精确率: 0.976955
2025-08-20 06:15:19 | INFO     |     召回率: 0.972860
2025-08-20 06:15:19 | INFO     |   学习率调度器: f1_based
2025-08-20 06:15:19 | INFO     | ------------------------------------------------------------
2025-08-20 06:15:19 | INFO     | Epoch  91 | Train: Loss=0.0504, Acc=0.9792 | Val: Loss=0.0800, Acc=0.9712, F1=0.9711 | LR=0.000003 
2025-08-20 06:20:22 | INFO     | Epoch 92:
2025-08-20 06:20:22 | INFO     |   训练指标:
2025-08-20 06:20:22 | INFO     |     损失(ce): 0.043105
2025-08-20 06:20:22 | INFO     |     准确率: 0.980550
2025-08-20 06:20:22 | INFO     |     学习率: 0.00000313
2025-08-20 06:20:22 | INFO     |   验证指标(标准CE):
2025-08-20 06:20:22 | INFO     |     损失: 0.078075
2025-08-20 06:20:22 | INFO     |     准确率: 0.973861
2025-08-20 06:20:22 | INFO     |     F1(macro): 0.975134
2025-08-20 06:20:22 | INFO     |     F1(weighted): 0.973752
2025-08-20 06:20:22 | INFO     |     精确率: 0.979212
2025-08-20 06:20:22 | INFO     |     召回率: 0.975533
2025-08-20 06:20:22 | INFO     |   学习率调度器: f1_based
2025-08-20 06:20:22 | INFO     | ------------------------------------------------------------
2025-08-20 06:20:22 | INFO     | Epoch  92 | Train: Loss=0.0431, Acc=0.9805 | Val: Loss=0.0781, Acc=0.9739, F1=0.9738 | LR=0.000003 
2025-08-20 06:20:22 | INFO     | ⏹️ 早停触发，在第 92 轮停止训练
2025-08-20 06:20:48 | INFO     | 训练历史已保存到: ./result/0819_2230_DualGAF_DDAHU_DualGAFNet_基准版_sl96_step96_fd128_extractor-dilated_gaf-adaptive_attention-channel_classifier-mlp_stat-basic_fusion-concat/training_history.csv
2025-08-20 06:20:48 | INFO     | 
====================================================================================================
2025-08-20 06:20:48 | INFO     | 🎉 训练完成总结:
2025-08-20 06:20:48 | INFO     |   训练损失函数: ce
2025-08-20 06:20:48 | INFO     |   验证损失函数: 标准交叉熵（遵循主流ML规范）
2025-08-20 06:20:48 | INFO     |   训练过程最佳验证准确率: 0.9739
2025-08-20 06:20:48 | INFO     |   训练过程最佳验证F1(macro): 0.9752
2025-08-20 06:20:48 | INFO     |   训练过程最佳验证F1(weighted): 0.9738
2025-08-20 06:20:48 | INFO     |   训练轮数: 92
2025-08-20 06:20:48 | INFO     | --------------------------------------------------
2025-08-20 06:20:48 | INFO     | 📊 最佳模型真实性能指标（基于标准交叉熵损失）:
2025-08-20 06:20:48 | INFO     |   验证损失(标准CE): 0.0767
2025-08-20 06:20:48 | INFO     |   验证准确率: 0.9739
2025-08-20 06:20:48 | INFO     |   验证F1(macro): 0.9752
2025-08-20 06:20:48 | INFO     |   验证F1(weighted): 0.9738
2025-08-20 06:20:48 | INFO     |   验证精确率: 0.9797
2025-08-20 06:20:48 | INFO     |   验证召回率: 0.9758
2025-08-20 06:20:48 | INFO     | ====================================================================================================
2025-08-20 06:20:51 | INFO     | ================================================================================
2025-08-20 06:20:51 | INFO     | 实验日志结束: DualGAF_DDAHU_DualGAFNet_基准版_sl96_step96_fd128_extractor-dilated_gaf-adaptive_attention-channel_classifier-mlp_stat-basic_fusion-concat
2025-08-20 06:20:51 | INFO     | 结束时间: 2025-08-20 06:20:51
2025-08-20 06:20:51 | INFO     | ================================================================================
