2025-07-22 18:38:31 | INFO     | ================================================================================
2025-07-22 18:38:31 | INFO     | 实验日志开始: DualGAF_DualGAFNet_空间注意力-0到1的归一化_sl96_step96_fd128_extractor-dilated_gaf-adaptive_attention-spatial_classifier-mlp_stat-basic_fusion-concat
2025-07-22 18:38:31 | INFO     | 日志文件: ./result/0722_1838_DualGAF_DualGAFNet_空间注意力-0到1的归一化_sl96_step96_fd128_extractor-dilated_gaf-adaptive_attention-spatial_classifier-mlp_stat-basic_fusion-concat/training.log
2025-07-22 18:38:31 | INFO     | 开始时间: 2025-07-22 18:38:31
2025-07-22 18:38:31 | INFO     | ================================================================================
2025-07-22 18:38:31 | INFO     | ⚙️ 实验配置:
2025-07-22 18:38:31 | INFO     |    task_name: classification
2025-07-22 18:38:31 | INFO     |    is_training: 1
2025-07-22 18:38:31 | INFO     |    model_id: test
2025-07-22 18:38:31 | INFO     |    model: DualGAFNet
2025-07-22 18:38:31 | INFO     |    data: DualGAF
2025-07-22 18:38:31 | INFO     |    root_path: ./dataset/SAHU/direct_5_working
2025-07-22 18:38:31 | INFO     |    step: 96
2025-07-22 18:38:31 | INFO     |    checkpoints: ./checkpoints/
2025-07-22 18:38:31 | INFO     |    num_class: 9
2025-07-22 18:38:31 | INFO     |    result_path: ./result/
2025-07-22 18:38:31 | INFO     |    test_size: 0.2
2025-07-22 18:38:31 | INFO     |    rows: None
2025-07-22 18:38:31 | INFO     |    seq_len: 96
2025-07-22 18:38:31 | INFO     |    enc_in: 26
2025-07-22 18:38:31 | INFO     |    d_model: 512
2025-07-22 18:38:31 | INFO     |    n_heads: 8
2025-07-22 18:38:31 | INFO     |    e_layers: 2
2025-07-22 18:38:31 | INFO     |    d_layers: 1
2025-07-22 18:38:31 | INFO     |    d_ff: 2048
2025-07-22 18:38:31 | INFO     |    moving_avg: 25
2025-07-22 18:38:31 | INFO     |    factor: 1
2025-07-22 18:38:31 | INFO     |    distil: True
2025-07-22 18:38:31 | INFO     |    dropout: 0.1
2025-07-22 18:38:31 | INFO     |    embed: timeF
2025-07-22 18:38:31 | INFO     |    activation: gelu
2025-07-22 18:38:31 | INFO     |    use_norm: 1
2025-07-22 18:38:31 | INFO     |    gaf_method: summation
2025-07-22 18:38:31 | INFO     |    feature_dim: 128
2025-07-22 18:38:31 | INFO     |    data_type_method: uint8
2025-07-22 18:38:31 | INFO     |    use_attention: True
2025-07-22 18:38:31 | INFO     |    hidden_dim: 64
2025-07-22 18:38:31 | INFO     |    sample_size: 1000
2025-07-22 18:38:31 | INFO     |    channel_groups: None
2025-07-22 18:38:31 | INFO     |    hvac_groups: None
2025-07-22 18:38:31 | INFO     |    extractor_type: dilated
2025-07-22 18:38:31 | INFO     |    fusion_type: adaptive
2025-07-22 18:38:31 | INFO     |    attention_type: spatial
2025-07-22 18:38:31 | INFO     |    classifier_type: mlp
2025-07-22 18:38:31 | INFO     |    use_statistical_features: True
2025-07-22 18:38:31 | INFO     |    stat_type: basic
2025-07-22 18:38:31 | INFO     |    multimodal_fusion_strategy: concat
2025-07-22 18:38:31 | INFO     |    use_signal_level_stats: False
2025-07-22 18:38:31 | INFO     |    signal_stat_type: comprehensive
2025-07-22 18:38:31 | INFO     |    signal_stat_fusion_strategy: concat_project
2025-07-22 18:38:31 | INFO     |    signal_stat_feature_dim: 32
2025-07-22 18:38:31 | INFO     |    use_diff_branch: True
2025-07-22 18:38:31 | INFO     |    ablation_mode: none
2025-07-22 18:38:31 | INFO     |    backbone_type: resnet18
2025-07-22 18:38:31 | INFO     |    use_sum_branch: True
2025-07-22 18:38:31 | INFO     |    num_workers: 0
2025-07-22 18:38:31 | INFO     |    cuda_debug: False
2025-07-22 18:38:31 | INFO     |    gpu_memory_fraction: 0.9
2025-07-22 18:38:31 | INFO     |    safe_mode: True
2025-07-22 18:38:31 | INFO     |    drop_last_batch: True
2025-07-22 18:38:31 | INFO     |    itr: 1
2025-07-22 18:38:31 | INFO     |    train_epochs: 300
2025-07-22 18:38:31 | INFO     |    batch_size: 4
2025-07-22 18:38:31 | INFO     |    patience: 15
2025-07-22 18:38:31 | INFO     |    learning_rate: 0.0001
2025-07-22 18:38:31 | INFO     |    des: 空间注意力-0到1的归一化
2025-07-22 18:38:31 | INFO     |    loss: MSE
2025-07-22 18:38:31 | INFO     |    lradj: type1
2025-07-22 18:38:31 | INFO     |    lr_scheduler_type: f1_based
2025-07-22 18:38:31 | INFO     |    lr_loss_weight: 0.3
2025-07-22 18:38:31 | INFO     |    lr_f1_weight: 0.7
2025-07-22 18:38:31 | INFO     |    use_amp: False
2025-07-22 18:38:31 | INFO     |    gradient_accumulation_steps: 2
2025-07-22 18:38:31 | INFO     |    enable_auto_gradient_accumulation: True
2025-07-22 18:38:31 | INFO     |    loss_type: ce
2025-07-22 18:38:31 | INFO     |    label_smoothing: 0.1
2025-07-22 18:38:31 | INFO     |    focal_alpha: 1.0
2025-07-22 18:38:31 | INFO     |    focal_gamma: 2.0
2025-07-22 18:38:31 | INFO     |    confidence_penalty_beta: 0.1
2025-07-22 18:38:31 | INFO     |    use_timm_loss: True
2025-07-22 18:38:31 | INFO     |    adaptive_initial_smoothing: 0.2
2025-07-22 18:38:31 | INFO     |    adaptive_final_smoothing: 0.05
2025-07-22 18:38:31 | INFO     |    adaptive_decay_epochs: 30
2025-07-22 18:38:31 | INFO     |    enable_class_weights: False
2025-07-22 18:38:31 | INFO     |    class_weights: None
2025-07-22 18:38:31 | INFO     |    loss_preset: None
2025-07-22 18:38:31 | INFO     |    n_jobs: 1
2025-07-22 18:38:31 | INFO     |    use_multiprocessing: False
2025-07-22 18:38:31 | INFO     |    chunk_size: 800
2025-07-22 18:38:31 | INFO     |    disable_parallel: True
2025-07-22 18:38:31 | INFO     |    use_shared_memory: False
2025-07-22 18:38:31 | INFO     |    disable_shared_memory: False
2025-07-22 18:38:31 | INFO     |    use_gpu: True
2025-07-22 18:38:31 | INFO     |    gpu: 0
2025-07-22 18:38:31 | INFO     |    gpu_type: cuda
2025-07-22 18:38:31 | INFO     |    use_multi_gpu: False
2025-07-22 18:38:31 | INFO     |    devices: 0,1,2,3
2025-07-22 18:38:31 | INFO     |    device: cuda:0
2025-07-22 18:38:31 | INFO     |    feature_columns: ['CHWC_VLV', 'CHWC_VLV_DM', 'MA_TEMP', 'OA_CFM', 'OA_DMPR', 'OA_DMPR_DM', 'OA_TEMP', 'RA_CFM', 'RA_DMPR', 'RA_DMPR_DM', 'RA_TEMP', 'RF_CS', 'RF_SPD', 'RF_WAT', 'SA_CFM', 'SA_SP', 'SA_SPSPT', 'SA_TEMP', 'SF_CS', 'SF_SPD', 'SF_WAT', 'ZONE_TEMP_1', 'ZONE_TEMP_2', 'ZONE_TEMP_3', 'ZONE_TEMP_4', 'ZONE_TEMP_5']
2025-07-22 18:38:31 | INFO     | 🏗️ 模型信息:
2025-07-22 18:38:31 | INFO     |    模型类型: Model
2025-07-22 18:38:31 | INFO     |    总参数数量: 8,294,679
2025-07-22 18:38:31 | INFO     |    可训练参数: 8,294,679
2025-07-22 18:38:31 | INFO     |    模型大小估计: 31.64 MB
2025-07-22 18:38:31 | INFO     | 📊 数据集信息:
2025-07-22 18:38:31 | INFO     |    训练集大小: 3996
2025-07-22 18:38:31 | INFO     |    验证集大小: 999
2025-07-22 18:38:31 | INFO     | 
================================================================================
2025-07-22 18:38:31 | INFO     | 📋 损失函数使用策略（遵循主流机器学习规范）:
2025-07-22 18:38:31 | INFO     |    🎯 训练阶段: 使用 ce 损失函数
2025-07-22 18:38:31 | INFO     |       → 目的：优化模型参数，解决特定问题（类别不平衡、相似性等）
2025-07-22 18:38:31 | INFO     |    📊 验证阶段: 使用标准交叉熵损失函数
2025-07-22 18:38:31 | INFO     |       → 目的：客观评估模型性能，便于不同方法比较
2025-07-22 18:38:31 | INFO     |    📈 最终报告: 基于标准交叉熵损失的指标
2025-07-22 18:38:31 | INFO     |       → 目的：提供可信、可比较的性能指标
2025-07-22 18:38:31 | INFO     | ================================================================================

2025-07-22 18:38:31 | INFO     | 🔄 梯度累积配置: 每2轮累积一次梯度
2025-07-22 18:38:31 | INFO     |    实际batch_size: 4
2025-07-22 18:38:31 | INFO     |    有效batch_size: 8
2025-07-22 18:39:32 | INFO     | Epoch 1:
2025-07-22 18:39:32 | INFO     |   训练指标:
2025-07-22 18:39:32 | INFO     |     损失(ce): 1.630391
2025-07-22 18:39:32 | INFO     |     准确率: 0.398899
2025-07-22 18:39:32 | INFO     |     学习率: 0.00010000
2025-07-22 18:39:32 | INFO     |   验证指标(标准CE):
2025-07-22 18:39:32 | INFO     |     损失: 0.645173
2025-07-22 18:39:32 | INFO     |     准确率: 0.782783
2025-07-22 18:39:32 | INFO     |     F1(macro): 0.755861
2025-07-22 18:39:32 | INFO     |     F1(weighted): 0.752130
2025-07-22 18:39:32 | INFO     |     精确率: 0.765032
2025-07-22 18:39:32 | INFO     |     召回率: 0.782584
2025-07-22 18:39:32 | INFO     |   学习率调度器: f1_based
2025-07-22 18:39:32 | INFO     | ------------------------------------------------------------
2025-07-22 18:39:32 | INFO     | Epoch   1 | Train: Loss=1.6304, Acc=0.3989 | Val: Loss=0.6452, Acc=0.7828, F1=0.7521 | LR=0.000100 🏆 [最佳模型]
2025-07-22 18:40:26 | INFO     | Epoch 2:
2025-07-22 18:40:26 | INFO     |   训练指标:
2025-07-22 18:40:26 | INFO     |     损失(ce): 0.574129
2025-07-22 18:40:26 | INFO     |     准确率: 0.770771
2025-07-22 18:40:26 | INFO     |     学习率: 0.00010000
2025-07-22 18:40:26 | INFO     |   验证指标(标准CE):
2025-07-22 18:40:26 | INFO     |     损失: 0.352442
2025-07-22 18:40:26 | INFO     |     准确率: 0.841842
2025-07-22 18:40:26 | INFO     |     F1(macro): 0.816956
2025-07-22 18:40:26 | INFO     |     F1(weighted): 0.807591
2025-07-22 18:40:26 | INFO     |     精确率: 0.808924
2025-07-22 18:40:26 | INFO     |     召回率: 0.850390
2025-07-22 18:40:26 | INFO     |   学习率调度器: f1_based
2025-07-22 18:40:26 | INFO     | ------------------------------------------------------------
2025-07-22 18:40:26 | INFO     | Epoch   2 | Train: Loss=0.5741, Acc=0.7708 | Val: Loss=0.3524, Acc=0.8418, F1=0.8076 | LR=0.000100 🏆 [最佳模型]
2025-07-22 18:41:20 | INFO     | Epoch 3:
2025-07-22 18:41:20 | INFO     |   训练指标:
2025-07-22 18:41:20 | INFO     |     损失(ce): 0.361590
2025-07-22 18:41:20 | INFO     |     准确率: 0.836837
2025-07-22 18:41:20 | INFO     |     学习率: 0.00010000
2025-07-22 18:41:20 | INFO     |   验证指标(标准CE):
2025-07-22 18:41:20 | INFO     |     损失: 0.218198
2025-07-22 18:41:20 | INFO     |     准确率: 0.868869
2025-07-22 18:41:20 | INFO     |     F1(macro): 0.868239
2025-07-22 18:41:20 | INFO     |     F1(weighted): 0.862241
2025-07-22 18:41:20 | INFO     |     精确率: 0.896931
2025-07-22 18:41:20 | INFO     |     召回率: 0.876135
2025-07-22 18:41:20 | INFO     |   学习率调度器: f1_based
2025-07-22 18:41:20 | INFO     | ------------------------------------------------------------
2025-07-22 18:41:20 | INFO     | Epoch   3 | Train: Loss=0.3616, Acc=0.8368 | Val: Loss=0.2182, Acc=0.8689, F1=0.8622 | LR=0.000100 🏆 [最佳模型]
2025-07-22 18:42:13 | INFO     | Epoch 4:
2025-07-22 18:42:13 | INFO     |   训练指标:
2025-07-22 18:42:13 | INFO     |     损失(ce): 0.253281
2025-07-22 18:42:13 | INFO     |     准确率: 0.888639
2025-07-22 18:42:13 | INFO     |     学习率: 0.00010000
2025-07-22 18:42:13 | INFO     |   验证指标(标准CE):
2025-07-22 18:42:13 | INFO     |     损失: 0.247514
2025-07-22 18:42:13 | INFO     |     准确率: 0.871872
2025-07-22 18:42:13 | INFO     |     F1(macro): 0.858856
2025-07-22 18:42:13 | INFO     |     F1(weighted): 0.852303
2025-07-22 18:42:13 | INFO     |     精确率: 0.920445
2025-07-22 18:42:13 | INFO     |     召回率: 0.880414
2025-07-22 18:42:13 | INFO     |   学习率调度器: f1_based
2025-07-22 18:42:13 | INFO     | ------------------------------------------------------------
2025-07-22 18:42:13 | INFO     | Epoch   4 | Train: Loss=0.2533, Acc=0.8886 | Val: Loss=0.2475, Acc=0.8719, F1=0.8523 | LR=0.000100 
2025-07-22 18:43:06 | INFO     | Epoch 5:
2025-07-22 18:43:06 | INFO     |   训练指标:
2025-07-22 18:43:06 | INFO     |     损失(ce): 0.217121
2025-07-22 18:43:06 | INFO     |     准确率: 0.901652
2025-07-22 18:43:06 | INFO     |     学习率: 0.00010000
2025-07-22 18:43:06 | INFO     |   验证指标(标准CE):
2025-07-22 18:43:06 | INFO     |     损失: 0.153890
2025-07-22 18:43:06 | INFO     |     准确率: 0.914915
2025-07-22 18:43:06 | INFO     |     F1(macro): 0.910667
2025-07-22 18:43:06 | INFO     |     F1(weighted): 0.905719
2025-07-22 18:43:06 | INFO     |     精确率: 0.944974
2025-07-22 18:43:06 | INFO     |     召回率: 0.921471
2025-07-22 18:43:06 | INFO     |   学习率调度器: f1_based
2025-07-22 18:43:06 | INFO     | ------------------------------------------------------------
2025-07-22 18:43:06 | INFO     | Epoch   5 | Train: Loss=0.2171, Acc=0.9017 | Val: Loss=0.1539, Acc=0.9149, F1=0.9057 | LR=0.000100 🏆 [最佳模型]
2025-07-22 18:44:00 | INFO     | Epoch 6:
2025-07-22 18:44:00 | INFO     |   训练指标:
2025-07-22 18:44:00 | INFO     |     损失(ce): 0.179969
2025-07-22 18:44:00 | INFO     |     准确率: 0.922172
2025-07-22 18:44:00 | INFO     |     学习率: 0.00010000
2025-07-22 18:44:00 | INFO     |   验证指标(标准CE):
2025-07-22 18:44:00 | INFO     |     损失: 0.206198
2025-07-22 18:44:00 | INFO     |     准确率: 0.918919
2025-07-22 18:44:00 | INFO     |     F1(macro): 0.908413
2025-07-22 18:44:00 | INFO     |     F1(weighted): 0.906099
2025-07-22 18:44:00 | INFO     |     精确率: 0.953995
2025-07-22 18:44:00 | INFO     |     召回率: 0.918774
2025-07-22 18:44:00 | INFO     |   学习率调度器: f1_based
2025-07-22 18:44:00 | INFO     | ------------------------------------------------------------
2025-07-22 18:44:00 | INFO     | Epoch   6 | Train: Loss=0.1800, Acc=0.9222 | Val: Loss=0.2062, Acc=0.9189, F1=0.9061 | LR=0.000100 🏆 [最佳模型]
2025-07-22 18:44:53 | INFO     | Epoch 7:
2025-07-22 18:44:53 | INFO     |   训练指标:
2025-07-22 18:44:53 | INFO     |     损失(ce): 0.164272
2025-07-22 18:44:53 | INFO     |     准确率: 0.923674
2025-07-22 18:44:53 | INFO     |     学习率: 0.00010000
2025-07-22 18:44:53 | INFO     |   验证指标(标准CE):
2025-07-22 18:44:53 | INFO     |     损失: 0.109056
2025-07-22 18:44:53 | INFO     |     准确率: 0.958959
2025-07-22 18:44:53 | INFO     |     F1(macro): 0.958696
2025-07-22 18:44:53 | INFO     |     F1(weighted): 0.957305
2025-07-22 18:44:53 | INFO     |     精确率: 0.970135
2025-07-22 18:44:53 | INFO     |     召回率: 0.959042
2025-07-22 18:44:53 | INFO     |   学习率调度器: f1_based
2025-07-22 18:44:53 | INFO     | ------------------------------------------------------------
2025-07-22 18:44:53 | INFO     | Epoch   7 | Train: Loss=0.1643, Acc=0.9237 | Val: Loss=0.1091, Acc=0.9590, F1=0.9573 | LR=0.000100 🏆 [最佳模型]
2025-07-22 18:45:47 | INFO     | Epoch 8:
2025-07-22 18:45:47 | INFO     |   训练指标:
2025-07-22 18:45:47 | INFO     |     损失(ce): 0.136371
2025-07-22 18:45:47 | INFO     |     准确率: 0.940190
2025-07-22 18:45:47 | INFO     |     学习率: 0.00010000
2025-07-22 18:45:47 | INFO     |   验证指标(标准CE):
2025-07-22 18:45:47 | INFO     |     损失: 0.087468
2025-07-22 18:45:47 | INFO     |     准确率: 0.953954
2025-07-22 18:45:47 | INFO     |     F1(macro): 0.954190
2025-07-22 18:45:47 | INFO     |     F1(weighted): 0.952773
2025-07-22 18:45:47 | INFO     |     精确率: 0.965444
2025-07-22 18:45:47 | INFO     |     召回率: 0.953828
2025-07-22 18:45:47 | INFO     |   学习率调度器: f1_based
2025-07-22 18:45:47 | INFO     | ------------------------------------------------------------
2025-07-22 18:45:47 | INFO     | Epoch   8 | Train: Loss=0.1364, Acc=0.9402 | Val: Loss=0.0875, Acc=0.9540, F1=0.9528 | LR=0.000100 
2025-07-22 18:46:40 | INFO     | Epoch 9:
2025-07-22 18:46:40 | INFO     |   训练指标:
2025-07-22 18:46:40 | INFO     |     损失(ce): 0.141022
2025-07-22 18:46:40 | INFO     |     准确率: 0.943193
2025-07-22 18:46:40 | INFO     |     学习率: 0.00010000
2025-07-22 18:46:40 | INFO     |   验证指标(标准CE):
2025-07-22 18:46:40 | INFO     |     损失: 0.059451
2025-07-22 18:46:40 | INFO     |     准确率: 0.967968
2025-07-22 18:46:40 | INFO     |     F1(macro): 0.968378
2025-07-22 18:46:40 | INFO     |     F1(weighted): 0.967216
2025-07-22 18:46:40 | INFO     |     精确率: 0.974576
2025-07-22 18:46:40 | INFO     |     召回率: 0.968133
2025-07-22 18:46:40 | INFO     |   学习率调度器: f1_based
2025-07-22 18:46:40 | INFO     | ------------------------------------------------------------
2025-07-22 18:46:40 | INFO     | Epoch   9 | Train: Loss=0.1410, Acc=0.9432 | Val: Loss=0.0595, Acc=0.9680, F1=0.9672 | LR=0.000100 🏆 [最佳模型]
2025-07-22 18:47:33 | INFO     | Epoch 10:
2025-07-22 18:47:33 | INFO     |   训练指标:
2025-07-22 18:47:33 | INFO     |     损失(ce): 0.107423
2025-07-22 18:47:33 | INFO     |     准确率: 0.954454
2025-07-22 18:47:33 | INFO     |     学习率: 0.00010000
2025-07-22 18:47:33 | INFO     |   验证指标(标准CE):
2025-07-22 18:47:33 | INFO     |     损失: 0.267078
2025-07-22 18:47:33 | INFO     |     准确率: 0.924925
2025-07-22 18:47:33 | INFO     |     F1(macro): 0.922990
2025-07-22 18:47:33 | INFO     |     F1(weighted): 0.921464
2025-07-22 18:47:33 | INFO     |     精确率: 0.922598
2025-07-22 18:47:33 | INFO     |     召回率: 0.926884
2025-07-22 18:47:33 | INFO     |   学习率调度器: f1_based
2025-07-22 18:47:33 | INFO     | ------------------------------------------------------------
2025-07-22 18:47:33 | INFO     | Epoch  10 | Train: Loss=0.1074, Acc=0.9545 | Val: Loss=0.2671, Acc=0.9249, F1=0.9215 | LR=0.000100 
2025-07-22 18:48:26 | INFO     | Epoch 11:
2025-07-22 18:48:26 | INFO     |   训练指标:
2025-07-22 18:48:26 | INFO     |     损失(ce): 0.123379
2025-07-22 18:48:26 | INFO     |     准确率: 0.953704
2025-07-22 18:48:26 | INFO     |     学习率: 0.00010000
2025-07-22 18:48:26 | INFO     |   验证指标(标准CE):
2025-07-22 18:48:26 | INFO     |     损失: 0.073208
2025-07-22 18:48:26 | INFO     |     准确率: 0.968969
2025-07-22 18:48:26 | INFO     |     F1(macro): 0.969958
2025-07-22 18:48:26 | INFO     |     F1(weighted): 0.968750
2025-07-22 18:48:26 | INFO     |     精确率: 0.971950
2025-07-22 18:48:26 | INFO     |     召回率: 0.969631
2025-07-22 18:48:26 | INFO     |   学习率调度器: f1_based
2025-07-22 18:48:26 | INFO     | ------------------------------------------------------------
2025-07-22 18:48:26 | INFO     | Epoch  11 | Train: Loss=0.1234, Acc=0.9537 | Val: Loss=0.0732, Acc=0.9690, F1=0.9688 | LR=0.000100 🏆 [最佳模型]
2025-07-22 18:49:20 | INFO     | Epoch 12:
2025-07-22 18:49:20 | INFO     |   训练指标:
2025-07-22 18:49:20 | INFO     |     损失(ce): 0.075583
2025-07-22 18:49:20 | INFO     |     准确率: 0.963213
2025-07-22 18:49:20 | INFO     |     学习率: 0.00010000
2025-07-22 18:49:20 | INFO     |   验证指标(标准CE):
2025-07-22 18:49:20 | INFO     |     损失: 0.040102
2025-07-22 18:49:20 | INFO     |     准确率: 0.975976
2025-07-22 18:49:20 | INFO     |     F1(macro): 0.976566
2025-07-22 18:49:20 | INFO     |     F1(weighted): 0.975656
2025-07-22 18:49:20 | INFO     |     精确率: 0.980881
2025-07-22 18:49:20 | INFO     |     召回率: 0.976059
2025-07-22 18:49:20 | INFO     |   学习率调度器: f1_based
2025-07-22 18:49:20 | INFO     | ------------------------------------------------------------
2025-07-22 18:49:20 | INFO     | Epoch  12 | Train: Loss=0.0756, Acc=0.9632 | Val: Loss=0.0401, Acc=0.9760, F1=0.9757 | LR=0.000100 🏆 [最佳模型]
2025-07-22 18:50:13 | INFO     | Epoch 13:
2025-07-22 18:50:13 | INFO     |   训练指标:
2025-07-22 18:50:13 | INFO     |     损失(ce): 0.119860
2025-07-22 18:50:13 | INFO     |     准确率: 0.953203
2025-07-22 18:50:13 | INFO     |     学习率: 0.00010000
2025-07-22 18:50:13 | INFO     |   验证指标(标准CE):
2025-07-22 18:50:13 | INFO     |     损失: 0.071483
2025-07-22 18:50:13 | INFO     |     准确率: 0.965966
2025-07-22 18:50:13 | INFO     |     F1(macro): 0.966988
2025-07-22 18:50:13 | INFO     |     F1(weighted): 0.965772
2025-07-22 18:50:13 | INFO     |     精确率: 0.968056
2025-07-22 18:50:13 | INFO     |     召回率: 0.966919
2025-07-22 18:50:13 | INFO     |   学习率调度器: f1_based
2025-07-22 18:50:13 | INFO     | ------------------------------------------------------------
2025-07-22 18:50:13 | INFO     | Epoch  13 | Train: Loss=0.1199, Acc=0.9532 | Val: Loss=0.0715, Acc=0.9660, F1=0.9658 | LR=0.000100 
2025-07-22 18:51:06 | INFO     | Epoch 14:
2025-07-22 18:51:06 | INFO     |   训练指标:
2025-07-22 18:51:06 | INFO     |     损失(ce): 0.100311
2025-07-22 18:51:06 | INFO     |     准确率: 0.955956
2025-07-22 18:51:06 | INFO     |     学习率: 0.00010000
2025-07-22 18:51:06 | INFO     |   验证指标(标准CE):
2025-07-22 18:51:06 | INFO     |     损失: 0.054290
2025-07-22 18:51:06 | INFO     |     准确率: 0.968969
2025-07-22 18:51:06 | INFO     |     F1(macro): 0.970061
2025-07-22 18:51:06 | INFO     |     F1(weighted): 0.968591
2025-07-22 18:51:06 | INFO     |     精确率: 0.975743
2025-07-22 18:51:06 | INFO     |     召回率: 0.971534
2025-07-22 18:51:06 | INFO     |   学习率调度器: f1_based
2025-07-22 18:51:06 | INFO     | ------------------------------------------------------------
2025-07-22 18:51:06 | INFO     | Epoch  14 | Train: Loss=0.1003, Acc=0.9560 | Val: Loss=0.0543, Acc=0.9690, F1=0.9686 | LR=0.000100 
2025-07-22 18:52:00 | INFO     | Epoch 15:
2025-07-22 18:52:00 | INFO     |   训练指标:
2025-07-22 18:52:00 | INFO     |     损失(ce): 0.077131
2025-07-22 18:52:00 | INFO     |     准确率: 0.964715
2025-07-22 18:52:00 | INFO     |     学习率: 0.00010000
2025-07-22 18:52:00 | INFO     |   验证指标(标准CE):
2025-07-22 18:52:00 | INFO     |     损失: 0.081735
2025-07-22 18:52:00 | INFO     |     准确率: 0.963964
2025-07-22 18:52:00 | INFO     |     F1(macro): 0.965079
2025-07-22 18:52:00 | INFO     |     F1(weighted): 0.963329
2025-07-22 18:52:00 | INFO     |     精确率: 0.972789
2025-07-22 18:52:00 | INFO     |     召回率: 0.966942
2025-07-22 18:52:00 | INFO     |   学习率调度器: f1_based
2025-07-22 18:52:00 | INFO     | ------------------------------------------------------------
2025-07-22 18:52:00 | INFO     | Epoch  15 | Train: Loss=0.0771, Acc=0.9647 | Val: Loss=0.0817, Acc=0.9640, F1=0.9633 | LR=0.000100 
2025-07-22 18:52:53 | INFO     | Epoch 16:
2025-07-22 18:52:53 | INFO     |   训练指标:
2025-07-22 18:52:53 | INFO     |     损失(ce): 0.073158
2025-07-22 18:52:53 | INFO     |     准确率: 0.965215
2025-07-22 18:52:53 | INFO     |     学习率: 0.00010000
2025-07-22 18:52:53 | INFO     |   验证指标(标准CE):
2025-07-22 18:52:53 | INFO     |     损失: 0.052311
2025-07-22 18:52:53 | INFO     |     准确率: 0.971972
2025-07-22 18:52:53 | INFO     |     F1(macro): 0.972890
2025-07-22 18:52:53 | INFO     |     F1(weighted): 0.971795
2025-07-22 18:52:53 | INFO     |     精确率: 0.974698
2025-07-22 18:52:53 | INFO     |     召回率: 0.972551
2025-07-22 18:52:53 | INFO     |   学习率调度器: f1_based
2025-07-22 18:52:53 | INFO     | ------------------------------------------------------------
2025-07-22 18:52:53 | INFO     | Epoch  16 | Train: Loss=0.0732, Acc=0.9652 | Val: Loss=0.0523, Acc=0.9720, F1=0.9718 | LR=0.000100 
2025-07-22 18:53:46 | INFO     | Epoch 17:
2025-07-22 18:53:46 | INFO     |   训练指标:
2025-07-22 18:53:46 | INFO     |     损失(ce): 0.073818
2025-07-22 18:53:46 | INFO     |     准确率: 0.966216
2025-07-22 18:53:46 | INFO     |     学习率: 0.00010000
2025-07-22 18:53:46 | INFO     |   验证指标(标准CE):
2025-07-22 18:53:46 | INFO     |     损失: 0.044567
2025-07-22 18:53:46 | INFO     |     准确率: 0.969970
2025-07-22 18:53:46 | INFO     |     F1(macro): 0.971049
2025-07-22 18:53:46 | INFO     |     F1(weighted): 0.969633
2025-07-22 18:53:46 | INFO     |     精确率: 0.976359
2025-07-22 18:53:46 | INFO     |     召回率: 0.972452
2025-07-22 18:53:46 | INFO     |   学习率调度器: f1_based
2025-07-22 18:53:46 | INFO     | ------------------------------------------------------------
2025-07-22 18:53:46 | INFO     | Epoch  17 | Train: Loss=0.0738, Acc=0.9662 | Val: Loss=0.0446, Acc=0.9700, F1=0.9696 | LR=0.000100 
2025-07-22 18:54:39 | INFO     | Epoch 18:
2025-07-22 18:54:39 | INFO     |   训练指标:
2025-07-22 18:54:39 | INFO     |     损失(ce): 0.083172
2025-07-22 18:54:39 | INFO     |     准确率: 0.963714
2025-07-22 18:54:39 | INFO     |     学习率: 0.00010000
2025-07-22 18:54:39 | INFO     |   验证指标(标准CE):
2025-07-22 18:54:39 | INFO     |     损失: 0.074957
2025-07-22 18:54:39 | INFO     |     准确率: 0.962963
2025-07-22 18:54:39 | INFO     |     F1(macro): 0.964073
2025-07-22 18:54:39 | INFO     |     F1(weighted): 0.962266
2025-07-22 18:54:39 | INFO     |     精确率: 0.972222
2025-07-22 18:54:39 | INFO     |     召回率: 0.966024
2025-07-22 18:54:39 | INFO     |   学习率调度器: f1_based
2025-07-22 18:54:39 | INFO     | ------------------------------------------------------------
2025-07-22 18:54:39 | INFO     | 🎯 学习率调整事件:
2025-07-22 18:54:39 | INFO     |   调度器类型: f1_based
2025-07-22 18:54:39 | INFO     |   学习率变化: 0.00010000 → 0.00005000
2025-07-22 18:54:39 | INFO     |   触发条件: F1分数 = 0.962266
2025-07-22 18:54:39 | INFO     |   变化幅度: -50.00%
2025-07-22 18:54:39 | INFO     | ------------------------------------------------------------
2025-07-22 18:54:39 | INFO     | Epoch  18 | Train: Loss=0.0832, Acc=0.9637 | Val: Loss=0.0750, Acc=0.9630, F1=0.9623 | LR=0.000050 
2025-07-22 18:55:32 | INFO     | Epoch 19:
2025-07-22 18:55:32 | INFO     |   训练指标:
2025-07-22 18:55:32 | INFO     |     损失(ce): 0.044217
2025-07-22 18:55:32 | INFO     |     准确率: 0.973974
2025-07-22 18:55:32 | INFO     |     学习率: 0.00005000
2025-07-22 18:55:32 | INFO     |   验证指标(标准CE):
2025-07-22 18:55:32 | INFO     |     损失: 0.062912
2025-07-22 18:55:32 | INFO     |     准确率: 0.963964
2025-07-22 18:55:32 | INFO     |     F1(macro): 0.965079
2025-07-22 18:55:32 | INFO     |     F1(weighted): 0.963329
2025-07-22 18:55:32 | INFO     |     精确率: 0.972789
2025-07-22 18:55:32 | INFO     |     召回率: 0.966942
2025-07-22 18:55:32 | INFO     |   学习率调度器: f1_based
2025-07-22 18:55:32 | INFO     | ------------------------------------------------------------
2025-07-22 18:55:32 | INFO     | Epoch  19 | Train: Loss=0.0442, Acc=0.9740 | Val: Loss=0.0629, Acc=0.9640, F1=0.9633 | LR=0.000050 
2025-07-22 18:56:25 | INFO     | Epoch 20:
2025-07-22 18:56:25 | INFO     |   训练指标:
2025-07-22 18:56:25 | INFO     |     损失(ce): 0.040200
2025-07-22 18:56:25 | INFO     |     准确率: 0.975976
2025-07-22 18:56:25 | INFO     |     学习率: 0.00005000
2025-07-22 18:56:25 | INFO     |   验证指标(标准CE):
2025-07-22 18:56:25 | INFO     |     损失: 0.034865
2025-07-22 18:56:25 | INFO     |     准确率: 0.977978
2025-07-22 18:56:25 | INFO     |     F1(macro): 0.978569
2025-07-22 18:56:25 | INFO     |     F1(weighted): 0.977728
2025-07-22 18:56:25 | INFO     |     精确率: 0.982231
2025-07-22 18:56:25 | INFO     |     召回率: 0.978061
2025-07-22 18:56:25 | INFO     |   学习率调度器: f1_based
2025-07-22 18:56:25 | INFO     | ------------------------------------------------------------
2025-07-22 18:56:25 | INFO     | Epoch  20 | Train: Loss=0.0402, Acc=0.9760 | Val: Loss=0.0349, Acc=0.9780, F1=0.9777 | LR=0.000050 🏆 [最佳模型]
2025-07-22 18:57:18 | INFO     | Epoch 21:
2025-07-22 18:57:18 | INFO     |   训练指标:
2025-07-22 18:57:18 | INFO     |     损失(ce): 0.044829
2025-07-22 18:57:18 | INFO     |     准确率: 0.972222
2025-07-22 18:57:18 | INFO     |     学习率: 0.00005000
2025-07-22 18:57:18 | INFO     |   验证指标(标准CE):
2025-07-22 18:57:18 | INFO     |     损失: 0.037931
2025-07-22 18:57:18 | INFO     |     准确率: 0.976977
2025-07-22 18:57:18 | INFO     |     F1(macro): 0.977620
2025-07-22 18:57:18 | INFO     |     F1(weighted): 0.976738
2025-07-22 18:57:18 | INFO     |     精确率: 0.980918
2025-07-22 18:57:18 | INFO     |     召回率: 0.977142
2025-07-22 18:57:18 | INFO     |   学习率调度器: f1_based
2025-07-22 18:57:18 | INFO     | ------------------------------------------------------------
2025-07-22 18:57:18 | INFO     | Epoch  21 | Train: Loss=0.0448, Acc=0.9722 | Val: Loss=0.0379, Acc=0.9770, F1=0.9767 | LR=0.000050 
2025-07-22 18:58:12 | INFO     | Epoch 22:
2025-07-22 18:58:12 | INFO     |   训练指标:
2025-07-22 18:58:12 | INFO     |     损失(ce): 0.046878
2025-07-22 18:58:12 | INFO     |     准确率: 0.972222
2025-07-22 18:58:12 | INFO     |     学习率: 0.00005000
2025-07-22 18:58:12 | INFO     |   验证指标(标准CE):
2025-07-22 18:58:12 | INFO     |     损失: 0.073156
2025-07-22 18:58:12 | INFO     |     准确率: 0.959960
2025-07-22 18:58:12 | INFO     |     F1(macro): 0.961660
2025-07-22 18:58:12 | INFO     |     F1(weighted): 0.959888
2025-07-22 18:58:12 | INFO     |     精确率: 0.962805
2025-07-22 18:58:12 | INFO     |     召回率: 0.962276
2025-07-22 18:58:12 | INFO     |   学习率调度器: f1_based
2025-07-22 18:58:12 | INFO     | ------------------------------------------------------------
2025-07-22 18:58:12 | INFO     | Epoch  22 | Train: Loss=0.0469, Acc=0.9722 | Val: Loss=0.0732, Acc=0.9600, F1=0.9599 | LR=0.000050 
2025-07-22 18:59:05 | INFO     | Epoch 23:
2025-07-22 18:59:05 | INFO     |   训练指标:
2025-07-22 18:59:05 | INFO     |     损失(ce): 0.047270
2025-07-22 18:59:05 | INFO     |     准确率: 0.974474
2025-07-22 18:59:05 | INFO     |     学习率: 0.00005000
2025-07-22 18:59:05 | INFO     |   验证指标(标准CE):
2025-07-22 18:59:05 | INFO     |     损失: 0.047615
2025-07-22 18:59:05 | INFO     |     准确率: 0.971972
2025-07-22 18:59:05 | INFO     |     F1(macro): 0.972890
2025-07-22 18:59:05 | INFO     |     F1(weighted): 0.971795
2025-07-22 18:59:05 | INFO     |     精确率: 0.974698
2025-07-22 18:59:05 | INFO     |     召回率: 0.972551
2025-07-22 18:59:05 | INFO     |   学习率调度器: f1_based
2025-07-22 18:59:05 | INFO     | ------------------------------------------------------------
2025-07-22 18:59:05 | INFO     | Epoch  23 | Train: Loss=0.0473, Acc=0.9745 | Val: Loss=0.0476, Acc=0.9720, F1=0.9718 | LR=0.000050 
2025-07-22 18:59:58 | INFO     | Epoch 24:
2025-07-22 18:59:58 | INFO     |   训练指标:
2025-07-22 18:59:58 | INFO     |     损失(ce): 0.047546
2025-07-22 18:59:58 | INFO     |     准确率: 0.974224
2025-07-22 18:59:58 | INFO     |     学习率: 0.00005000
2025-07-22 18:59:58 | INFO     |   验证指标(标准CE):
2025-07-22 18:59:58 | INFO     |     损失: 0.037469
2025-07-22 18:59:58 | INFO     |     准确率: 0.970971
2025-07-22 18:59:58 | INFO     |     F1(macro): 0.972035
2025-07-22 18:59:58 | INFO     |     F1(weighted): 0.970672
2025-07-22 18:59:58 | INFO     |     精确率: 0.976984
2025-07-22 18:59:58 | INFO     |     召回率: 0.973370
2025-07-22 18:59:58 | INFO     |   学习率调度器: f1_based
2025-07-22 18:59:58 | INFO     | ------------------------------------------------------------
2025-07-22 18:59:58 | INFO     | Epoch  24 | Train: Loss=0.0475, Acc=0.9742 | Val: Loss=0.0375, Acc=0.9710, F1=0.9707 | LR=0.000050 
2025-07-22 19:00:51 | INFO     | Epoch 25:
2025-07-22 19:00:51 | INFO     |   训练指标:
2025-07-22 19:00:51 | INFO     |     损失(ce): 0.043819
2025-07-22 19:00:51 | INFO     |     准确率: 0.971972
2025-07-22 19:00:51 | INFO     |     学习率: 0.00005000
2025-07-22 19:00:51 | INFO     |   验证指标(标准CE):
2025-07-22 19:00:51 | INFO     |     损失: 0.034673
2025-07-22 19:00:51 | INFO     |     准确率: 0.971972
2025-07-22 19:00:51 | INFO     |     F1(macro): 0.973018
2025-07-22 19:00:51 | INFO     |     F1(weighted): 0.971708
2025-07-22 19:00:51 | INFO     |     精确率: 0.977618
2025-07-22 19:00:51 | INFO     |     召回率: 0.974288
2025-07-22 19:00:51 | INFO     |   学习率调度器: f1_based
2025-07-22 19:00:51 | INFO     | ------------------------------------------------------------
2025-07-22 19:00:51 | INFO     | Epoch  25 | Train: Loss=0.0438, Acc=0.9720 | Val: Loss=0.0347, Acc=0.9720, F1=0.9717 | LR=0.000050 
2025-07-22 19:01:44 | INFO     | Epoch 26:
2025-07-22 19:01:44 | INFO     |   训练指标:
2025-07-22 19:01:44 | INFO     |     损失(ce): 0.038500
2025-07-22 19:01:44 | INFO     |     准确率: 0.975726
2025-07-22 19:01:44 | INFO     |     学习率: 0.00005000
2025-07-22 19:01:44 | INFO     |   验证指标(标准CE):
2025-07-22 19:01:44 | INFO     |     损失: 0.033921
2025-07-22 19:01:44 | INFO     |     准确率: 0.978979
2025-07-22 19:01:44 | INFO     |     F1(macro): 0.979519
2025-07-22 19:01:44 | INFO     |     F1(weighted): 0.978720
2025-07-22 19:01:44 | INFO     |     精确率: 0.983568
2025-07-22 19:01:44 | INFO     |     召回率: 0.978979
2025-07-22 19:01:44 | INFO     |   学习率调度器: f1_based
2025-07-22 19:01:44 | INFO     | ------------------------------------------------------------
2025-07-22 19:01:44 | INFO     | Epoch  26 | Train: Loss=0.0385, Acc=0.9757 | Val: Loss=0.0339, Acc=0.9790, F1=0.9787 | LR=0.000050 🏆 [最佳模型]
2025-07-22 19:02:37 | INFO     | Epoch 27:
2025-07-22 19:02:37 | INFO     |   训练指标:
2025-07-22 19:02:37 | INFO     |     损失(ce): 0.051816
2025-07-22 19:02:37 | INFO     |     准确率: 0.971471
2025-07-22 19:02:37 | INFO     |     学习率: 0.00005000
2025-07-22 19:02:37 | INFO     |   验证指标(标准CE):
2025-07-22 19:02:37 | INFO     |     损失: 0.036350
2025-07-22 19:02:37 | INFO     |     准确率: 0.975976
2025-07-22 19:02:37 | INFO     |     F1(macro): 0.976566
2025-07-22 19:02:37 | INFO     |     F1(weighted): 0.975656
2025-07-22 19:02:37 | INFO     |     精确率: 0.980881
2025-07-22 19:02:37 | INFO     |     召回率: 0.976059
2025-07-22 19:02:37 | INFO     |   学习率调度器: f1_based
2025-07-22 19:02:37 | INFO     | ------------------------------------------------------------
2025-07-22 19:02:37 | INFO     | Epoch  27 | Train: Loss=0.0518, Acc=0.9715 | Val: Loss=0.0363, Acc=0.9760, F1=0.9757 | LR=0.000050 
2025-07-22 19:03:31 | INFO     | Epoch 28:
2025-07-22 19:03:31 | INFO     |   训练指标:
2025-07-22 19:03:31 | INFO     |     损失(ce): 0.047459
2025-07-22 19:03:31 | INFO     |     准确率: 0.973223
2025-07-22 19:03:31 | INFO     |     学习率: 0.00005000
2025-07-22 19:03:31 | INFO     |   验证指标(标准CE):
2025-07-22 19:03:31 | INFO     |     损失: 0.036586
2025-07-22 19:03:31 | INFO     |     准确率: 0.971972
2025-07-22 19:03:31 | INFO     |     F1(macro): 0.973018
2025-07-22 19:03:31 | INFO     |     F1(weighted): 0.971708
2025-07-22 19:03:31 | INFO     |     精确率: 0.977618
2025-07-22 19:03:31 | INFO     |     召回率: 0.974288
2025-07-22 19:03:31 | INFO     |   学习率调度器: f1_based
2025-07-22 19:03:31 | INFO     | ------------------------------------------------------------
2025-07-22 19:03:31 | INFO     | Epoch  28 | Train: Loss=0.0475, Acc=0.9732 | Val: Loss=0.0366, Acc=0.9720, F1=0.9717 | LR=0.000050 
2025-07-22 19:04:24 | INFO     | Epoch 29:
2025-07-22 19:04:24 | INFO     |   训练指标:
2025-07-22 19:04:24 | INFO     |     损失(ce): 0.039324
2025-07-22 19:04:24 | INFO     |     准确率: 0.976727
2025-07-22 19:04:24 | INFO     |     学习率: 0.00005000
2025-07-22 19:04:24 | INFO     |   验证指标(标准CE):
2025-07-22 19:04:24 | INFO     |     损失: 0.061098
2025-07-22 19:04:24 | INFO     |     准确率: 0.973974
2025-07-22 19:04:24 | INFO     |     F1(macro): 0.974697
2025-07-22 19:04:24 | INFO     |     F1(weighted): 0.973780
2025-07-22 19:04:24 | INFO     |     精确率: 0.978630
2025-07-22 19:04:24 | INFO     |     召回率: 0.974070
2025-07-22 19:04:24 | INFO     |   学习率调度器: f1_based
2025-07-22 19:04:24 | INFO     | ------------------------------------------------------------
2025-07-22 19:04:24 | INFO     | Epoch  29 | Train: Loss=0.0393, Acc=0.9767 | Val: Loss=0.0611, Acc=0.9740, F1=0.9738 | LR=0.000050 
2025-07-22 19:05:17 | INFO     | Epoch 30:
2025-07-22 19:05:17 | INFO     |   训练指标:
2025-07-22 19:05:17 | INFO     |     损失(ce): 0.043192
2025-07-22 19:05:17 | INFO     |     准确率: 0.973974
2025-07-22 19:05:17 | INFO     |     学习率: 0.00005000
2025-07-22 19:05:17 | INFO     |   验证指标(标准CE):
2025-07-22 19:05:17 | INFO     |     损失: 0.049514
2025-07-22 19:05:17 | INFO     |     准确率: 0.967968
2025-07-22 19:05:17 | INFO     |     F1(macro): 0.969163
2025-07-22 19:05:17 | INFO     |     F1(weighted): 0.967666
2025-07-22 19:05:17 | INFO     |     精确率: 0.973630
2025-07-22 19:05:17 | INFO     |     召回率: 0.970450
2025-07-22 19:05:17 | INFO     |   学习率调度器: f1_based
2025-07-22 19:05:17 | INFO     | ------------------------------------------------------------
2025-07-22 19:05:17 | INFO     | Epoch  30 | Train: Loss=0.0432, Acc=0.9740 | Val: Loss=0.0495, Acc=0.9680, F1=0.9677 | LR=0.000050 
2025-07-22 19:06:10 | INFO     | Epoch 31:
2025-07-22 19:06:10 | INFO     |   训练指标:
2025-07-22 19:06:10 | INFO     |     损失(ce): 0.042926
2025-07-22 19:06:10 | INFO     |     准确率: 0.976727
2025-07-22 19:06:10 | INFO     |     学习率: 0.00005000
2025-07-22 19:06:10 | INFO     |   验证指标(标准CE):
2025-07-22 19:06:10 | INFO     |     损失: 0.057895
2025-07-22 19:06:10 | INFO     |     准确率: 0.966967
2025-07-22 19:06:10 | INFO     |     F1(macro): 0.968077
2025-07-22 19:06:10 | INFO     |     F1(weighted): 0.966497
2025-07-22 19:06:10 | INFO     |     精确率: 0.974537
2025-07-22 19:06:10 | INFO     |     召回率: 0.969697
2025-07-22 19:06:10 | INFO     |   学习率调度器: f1_based
2025-07-22 19:06:10 | INFO     | ------------------------------------------------------------
2025-07-22 19:06:10 | INFO     | Epoch  31 | Train: Loss=0.0429, Acc=0.9767 | Val: Loss=0.0579, Acc=0.9670, F1=0.9665 | LR=0.000050 
2025-07-22 19:07:03 | INFO     | Epoch 32:
2025-07-22 19:07:03 | INFO     |   训练指标:
2025-07-22 19:07:03 | INFO     |     损失(ce): 0.040751
2025-07-22 19:07:03 | INFO     |     准确率: 0.972222
2025-07-22 19:07:03 | INFO     |     学习率: 0.00005000
2025-07-22 19:07:03 | INFO     |   验证指标(标准CE):
2025-07-22 19:07:03 | INFO     |     损失: 0.034052
2025-07-22 19:07:03 | INFO     |     准确率: 0.978979
2025-07-22 19:07:03 | INFO     |     F1(macro): 0.979519
2025-07-22 19:07:03 | INFO     |     F1(weighted): 0.978720
2025-07-22 19:07:03 | INFO     |     精确率: 0.983568
2025-07-22 19:07:03 | INFO     |     召回率: 0.978979
2025-07-22 19:07:03 | INFO     |   学习率调度器: f1_based
2025-07-22 19:07:03 | INFO     | ------------------------------------------------------------
2025-07-22 19:07:03 | INFO     | 🎯 学习率调整事件:
2025-07-22 19:07:03 | INFO     |   调度器类型: f1_based
2025-07-22 19:07:03 | INFO     |   学习率变化: 0.00005000 → 0.00002500
2025-07-22 19:07:03 | INFO     |   触发条件: F1分数 = 0.978720
2025-07-22 19:07:03 | INFO     |   变化幅度: -50.00%
2025-07-22 19:07:03 | INFO     | ------------------------------------------------------------
2025-07-22 19:07:03 | INFO     | Epoch  32 | Train: Loss=0.0408, Acc=0.9722 | Val: Loss=0.0341, Acc=0.9790, F1=0.9787 | LR=0.000025 
2025-07-22 19:07:56 | INFO     | Epoch 33:
2025-07-22 19:07:56 | INFO     |   训练指标:
2025-07-22 19:07:56 | INFO     |     损失(ce): 0.033755
2025-07-22 19:07:56 | INFO     |     准确率: 0.976476
2025-07-22 19:07:56 | INFO     |     学习率: 0.00002500
2025-07-22 19:07:56 | INFO     |   验证指标(标准CE):
2025-07-22 19:07:56 | INFO     |     损失: 0.034819
2025-07-22 19:07:56 | INFO     |     准确率: 0.971972
2025-07-22 19:07:56 | INFO     |     F1(macro): 0.973018
2025-07-22 19:07:56 | INFO     |     F1(weighted): 0.971708
2025-07-22 19:07:56 | INFO     |     精确率: 0.977618
2025-07-22 19:07:56 | INFO     |     召回率: 0.974288
2025-07-22 19:07:56 | INFO     |   学习率调度器: f1_based
2025-07-22 19:07:56 | INFO     | ------------------------------------------------------------
2025-07-22 19:07:56 | INFO     | Epoch  33 | Train: Loss=0.0338, Acc=0.9765 | Val: Loss=0.0348, Acc=0.9720, F1=0.9717 | LR=0.000025 
2025-07-22 19:08:49 | INFO     | Epoch 34:
2025-07-22 19:08:49 | INFO     |   训练指标:
2025-07-22 19:08:49 | INFO     |     损失(ce): 0.037436
2025-07-22 19:08:49 | INFO     |     准确率: 0.976977
2025-07-22 19:08:49 | INFO     |     学习率: 0.00002500
2025-07-22 19:08:49 | INFO     |   验证指标(标准CE):
2025-07-22 19:08:49 | INFO     |     损失: 0.034924
2025-07-22 19:08:49 | INFO     |     准确率: 0.971972
2025-07-22 19:08:49 | INFO     |     F1(macro): 0.973018
2025-07-22 19:08:49 | INFO     |     F1(weighted): 0.971708
2025-07-22 19:08:49 | INFO     |     精确率: 0.977618
2025-07-22 19:08:49 | INFO     |     召回率: 0.974288
2025-07-22 19:08:49 | INFO     |   学习率调度器: f1_based
2025-07-22 19:08:49 | INFO     | ------------------------------------------------------------
2025-07-22 19:08:49 | INFO     | Epoch  34 | Train: Loss=0.0374, Acc=0.9770 | Val: Loss=0.0349, Acc=0.9720, F1=0.9717 | LR=0.000025 
2025-07-22 19:09:42 | INFO     | Epoch 35:
2025-07-22 19:09:42 | INFO     |   训练指标:
2025-07-22 19:09:42 | INFO     |     损失(ce): 0.033805
2025-07-22 19:09:42 | INFO     |     准确率: 0.978729
2025-07-22 19:09:42 | INFO     |     学习率: 0.00002500
2025-07-22 19:09:42 | INFO     |   验证指标(标准CE):
2025-07-22 19:09:42 | INFO     |     损失: 0.036824
2025-07-22 19:09:42 | INFO     |     准确率: 0.970971
2025-07-22 19:09:42 | INFO     |     F1(macro): 0.972087
2025-07-22 19:09:42 | INFO     |     F1(weighted): 0.970716
2025-07-22 19:09:42 | INFO     |     精确率: 0.976436
2025-07-22 19:09:42 | INFO     |     召回率: 0.973330
2025-07-22 19:09:42 | INFO     |   学习率调度器: f1_based
2025-07-22 19:09:42 | INFO     | ------------------------------------------------------------
2025-07-22 19:09:42 | INFO     | Epoch  35 | Train: Loss=0.0338, Acc=0.9787 | Val: Loss=0.0368, Acc=0.9710, F1=0.9707 | LR=0.000025 
2025-07-22 19:10:35 | INFO     | Epoch 36:
2025-07-22 19:10:35 | INFO     |   训练指标:
2025-07-22 19:10:35 | INFO     |     损失(ce): 0.033406
2025-07-22 19:10:35 | INFO     |     准确率: 0.976727
2025-07-22 19:10:35 | INFO     |     学习率: 0.00002500
2025-07-22 19:10:35 | INFO     |   验证指标(标准CE):
2025-07-22 19:10:35 | INFO     |     损失: 0.034294
2025-07-22 19:10:35 | INFO     |     准确率: 0.971972
2025-07-22 19:10:35 | INFO     |     F1(macro): 0.973018
2025-07-22 19:10:35 | INFO     |     F1(weighted): 0.971708
2025-07-22 19:10:35 | INFO     |     精确率: 0.977618
2025-07-22 19:10:35 | INFO     |     召回率: 0.974288
2025-07-22 19:10:35 | INFO     |   学习率调度器: f1_based
2025-07-22 19:10:35 | INFO     | ------------------------------------------------------------
2025-07-22 19:10:35 | INFO     | Epoch  36 | Train: Loss=0.0334, Acc=0.9767 | Val: Loss=0.0343, Acc=0.9720, F1=0.9717 | LR=0.000025 
2025-07-22 19:11:28 | INFO     | Epoch 37:
2025-07-22 19:11:28 | INFO     |   训练指标:
2025-07-22 19:11:28 | INFO     |     损失(ce): 0.034014
2025-07-22 19:11:28 | INFO     |     准确率: 0.976476
2025-07-22 19:11:28 | INFO     |     学习率: 0.00002500
2025-07-22 19:11:28 | INFO     |   验证指标(标准CE):
2025-07-22 19:11:28 | INFO     |     损失: 0.034450
2025-07-22 19:11:28 | INFO     |     准确率: 0.971972
2025-07-22 19:11:28 | INFO     |     F1(macro): 0.973018
2025-07-22 19:11:28 | INFO     |     F1(weighted): 0.971708
2025-07-22 19:11:28 | INFO     |     精确率: 0.977618
2025-07-22 19:11:28 | INFO     |     召回率: 0.974288
2025-07-22 19:11:28 | INFO     |   学习率调度器: f1_based
2025-07-22 19:11:28 | INFO     | ------------------------------------------------------------
2025-07-22 19:11:28 | INFO     | Epoch  37 | Train: Loss=0.0340, Acc=0.9765 | Val: Loss=0.0345, Acc=0.9720, F1=0.9717 | LR=0.000025 
2025-07-22 19:12:21 | INFO     | Epoch 38:
2025-07-22 19:12:21 | INFO     |   训练指标:
2025-07-22 19:12:21 | INFO     |     损失(ce): 0.034321
2025-07-22 19:12:21 | INFO     |     准确率: 0.976727
2025-07-22 19:12:21 | INFO     |     学习率: 0.00002500
2025-07-22 19:12:21 | INFO     |   验证指标(标准CE):
2025-07-22 19:12:21 | INFO     |     损失: 0.036836
2025-07-22 19:12:21 | INFO     |     准确率: 0.970971
2025-07-22 19:12:21 | INFO     |     F1(macro): 0.972035
2025-07-22 19:12:21 | INFO     |     F1(weighted): 0.970672
2025-07-22 19:12:21 | INFO     |     精确率: 0.976984
2025-07-22 19:12:21 | INFO     |     召回率: 0.973370
2025-07-22 19:12:21 | INFO     |   学习率调度器: f1_based
2025-07-22 19:12:21 | INFO     | ------------------------------------------------------------
2025-07-22 19:12:21 | INFO     | Epoch  38 | Train: Loss=0.0343, Acc=0.9767 | Val: Loss=0.0368, Acc=0.9710, F1=0.9707 | LR=0.000025 
2025-07-22 19:13:15 | INFO     | Epoch 39:
2025-07-22 19:13:15 | INFO     |   训练指标:
2025-07-22 19:13:15 | INFO     |     损失(ce): 0.033397
2025-07-22 19:13:15 | INFO     |     准确率: 0.977728
2025-07-22 19:13:15 | INFO     |     学习率: 0.00002500
2025-07-22 19:13:15 | INFO     |   验证指标(标准CE):
2025-07-22 19:13:15 | INFO     |     损失: 0.034151
2025-07-22 19:13:15 | INFO     |     准确率: 0.971972
2025-07-22 19:13:15 | INFO     |     F1(macro): 0.973018
2025-07-22 19:13:15 | INFO     |     F1(weighted): 0.971708
2025-07-22 19:13:15 | INFO     |     精确率: 0.977618
2025-07-22 19:13:15 | INFO     |     召回率: 0.974288
2025-07-22 19:13:15 | INFO     |   学习率调度器: f1_based
2025-07-22 19:13:15 | INFO     | ------------------------------------------------------------
2025-07-22 19:13:15 | INFO     | Epoch  39 | Train: Loss=0.0334, Acc=0.9777 | Val: Loss=0.0342, Acc=0.9720, F1=0.9717 | LR=0.000025 
2025-07-22 19:14:08 | INFO     | Epoch 40:
2025-07-22 19:14:08 | INFO     |   训练指标:
2025-07-22 19:14:08 | INFO     |     损失(ce): 0.032999
2025-07-22 19:14:08 | INFO     |     准确率: 0.978228
2025-07-22 19:14:08 | INFO     |     学习率: 0.00002500
2025-07-22 19:14:08 | INFO     |   验证指标(标准CE):
2025-07-22 19:14:08 | INFO     |     损失: 0.033787
2025-07-22 19:14:08 | INFO     |     准确率: 0.978979
2025-07-22 19:14:08 | INFO     |     F1(macro): 0.979519
2025-07-22 19:14:08 | INFO     |     F1(weighted): 0.978720
2025-07-22 19:14:08 | INFO     |     精确率: 0.983568
2025-07-22 19:14:08 | INFO     |     召回率: 0.978979
2025-07-22 19:14:08 | INFO     |   学习率调度器: f1_based
2025-07-22 19:14:08 | INFO     | ------------------------------------------------------------
2025-07-22 19:14:08 | INFO     | 🎯 学习率调整事件:
2025-07-22 19:14:08 | INFO     |   调度器类型: f1_based
2025-07-22 19:14:08 | INFO     |   学习率变化: 0.00002500 → 0.00001250
2025-07-22 19:14:08 | INFO     |   触发条件: F1分数 = 0.978720
2025-07-22 19:14:08 | INFO     |   变化幅度: -50.00%
2025-07-22 19:14:08 | INFO     | ------------------------------------------------------------
2025-07-22 19:14:08 | INFO     | Epoch  40 | Train: Loss=0.0330, Acc=0.9782 | Val: Loss=0.0338, Acc=0.9790, F1=0.9787 | LR=0.000013 
2025-07-22 19:15:01 | INFO     | Epoch 41:
2025-07-22 19:15:01 | INFO     |   训练指标:
2025-07-22 19:15:01 | INFO     |     损失(ce): 0.032004
2025-07-22 19:15:01 | INFO     |     准确率: 0.975976
2025-07-22 19:15:01 | INFO     |     学习率: 0.00001250
2025-07-22 19:15:01 | INFO     |   验证指标(标准CE):
2025-07-22 19:15:01 | INFO     |     损失: 0.034152
2025-07-22 19:15:01 | INFO     |     准确率: 0.978979
2025-07-22 19:15:01 | INFO     |     F1(macro): 0.979519
2025-07-22 19:15:01 | INFO     |     F1(weighted): 0.978720
2025-07-22 19:15:01 | INFO     |     精确率: 0.983568
2025-07-22 19:15:01 | INFO     |     召回率: 0.978979
2025-07-22 19:15:01 | INFO     |   学习率调度器: f1_based
2025-07-22 19:15:01 | INFO     | ------------------------------------------------------------
2025-07-22 19:15:01 | INFO     | Epoch  41 | Train: Loss=0.0320, Acc=0.9760 | Val: Loss=0.0342, Acc=0.9790, F1=0.9787 | LR=0.000013 
2025-07-22 19:15:01 | INFO     | ⏹️ 早停触发，在第 41 轮停止训练
2025-07-22 19:15:05 | INFO     | 训练历史已保存到: ./result/0722_1838_DualGAF_DualGAFNet_空间注意力-0到1的归一化_sl96_step96_fd128_extractor-dilated_gaf-adaptive_attention-spatial_classifier-mlp_stat-basic_fusion-concat/training_history.csv
2025-07-22 19:15:05 | INFO     | 
====================================================================================================
2025-07-22 19:15:05 | INFO     | 🎉 训练完成总结:
2025-07-22 19:15:05 | INFO     |   训练损失函数: ce
2025-07-22 19:15:05 | INFO     |   验证损失函数: 标准交叉熵（遵循主流ML规范）
2025-07-22 19:15:05 | INFO     |   训练过程最佳验证准确率: 0.9790
2025-07-22 19:15:05 | INFO     |   训练过程最佳验证F1(macro): 0.9795
2025-07-22 19:15:05 | INFO     |   训练过程最佳验证F1(weighted): 0.9787
2025-07-22 19:15:05 | INFO     |   训练轮数: 41
2025-07-22 19:15:05 | INFO     | --------------------------------------------------
2025-07-22 19:15:05 | INFO     | 📊 最佳模型真实性能指标（基于标准交叉熵损失）:
2025-07-22 19:15:05 | INFO     |   验证损失(标准CE): 0.0339
2025-07-22 19:15:05 | INFO     |   验证准确率: 0.9790
2025-07-22 19:15:05 | INFO     |   验证F1(macro): 0.9795
2025-07-22 19:15:05 | INFO     |   验证F1(weighted): 0.9787
2025-07-22 19:15:05 | INFO     |   验证精确率: 0.9836
2025-07-22 19:15:05 | INFO     |   验证召回率: 0.9790
2025-07-22 19:15:05 | INFO     | ====================================================================================================
2025-07-22 19:15:07 | INFO     | ================================================================================
2025-07-22 19:15:07 | INFO     | 实验日志结束: DualGAF_DualGAFNet_空间注意力-0到1的归一化_sl96_step96_fd128_extractor-dilated_gaf-adaptive_attention-spatial_classifier-mlp_stat-basic_fusion-concat
2025-07-22 19:15:07 | INFO     | 结束时间: 2025-07-22 19:15:07
2025-07-22 19:15:07 | INFO     | ================================================================================
