2025-07-21 18:23:01 | INFO     | ================================================================================
2025-07-21 18:23:01 | INFO     | 实验日志开始: DualGAF_SimpleGAFNet_dilated_enhanced_sl96_step96_fd128_extractor-dilated_gaf-adaptive_attention-channel_classifier-mlp_stat-basic_fusion-concat
2025-07-21 18:23:01 | INFO     | 日志文件: ./result/0721_1823_DualGAF_SimpleGAFNet_dilated_enhanced_sl96_step96_fd128_extractor-dilated_gaf-adaptive_attention-channel_classifier-mlp_stat-basic_fusion-concat/training.log
2025-07-21 18:23:01 | INFO     | 开始时间: 2025-07-21 18:23:01
2025-07-21 18:23:01 | INFO     | ================================================================================
2025-07-21 18:23:01 | INFO     | ⚙️ 实验配置:
2025-07-21 18:23:01 | INFO     |    task_name: classification
2025-07-21 18:23:01 | INFO     |    is_training: 1
2025-07-21 18:23:01 | INFO     |    model_id: test
2025-07-21 18:23:01 | INFO     |    model: SimpleGAFNet
2025-07-21 18:23:01 | INFO     |    data: DualGAF
2025-07-21 18:23:01 | INFO     |    root_path: ./dataset/SAHU/direct_5_working
2025-07-21 18:23:01 | INFO     |    step: 96
2025-07-21 18:23:01 | INFO     |    checkpoints: ./checkpoints/
2025-07-21 18:23:01 | INFO     |    num_class: 9
2025-07-21 18:23:01 | INFO     |    result_path: ./result/
2025-07-21 18:23:01 | INFO     |    test_size: 0.2
2025-07-21 18:23:01 | INFO     |    seq_len: 96
2025-07-21 18:23:01 | INFO     |    enc_in: 26
2025-07-21 18:23:01 | INFO     |    d_model: 512
2025-07-21 18:23:01 | INFO     |    n_heads: 8
2025-07-21 18:23:01 | INFO     |    e_layers: 2
2025-07-21 18:23:01 | INFO     |    d_layers: 1
2025-07-21 18:23:01 | INFO     |    d_ff: 2048
2025-07-21 18:23:01 | INFO     |    moving_avg: 25
2025-07-21 18:23:01 | INFO     |    factor: 1
2025-07-21 18:23:01 | INFO     |    distil: True
2025-07-21 18:23:01 | INFO     |    dropout: 0.1
2025-07-21 18:23:01 | INFO     |    embed: timeF
2025-07-21 18:23:01 | INFO     |    activation: gelu
2025-07-21 18:23:01 | INFO     |    use_norm: 1
2025-07-21 18:23:01 | INFO     |    gaf_method: summation
2025-07-21 18:23:01 | INFO     |    feature_dim: 128
2025-07-21 18:23:01 | INFO     |    data_type_method: uint8
2025-07-21 18:23:01 | INFO     |    use_attention: True
2025-07-21 18:23:01 | INFO     |    hidden_dim: 64
2025-07-21 18:23:01 | INFO     |    sample_size: 1000
2025-07-21 18:23:01 | INFO     |    channel_groups: None
2025-07-21 18:23:01 | INFO     |    hvac_groups: None
2025-07-21 18:23:01 | INFO     |    extractor_type: dilated
2025-07-21 18:23:01 | INFO     |    fusion_type: adaptive
2025-07-21 18:23:01 | INFO     |    attention_type: channel
2025-07-21 18:23:01 | INFO     |    classifier_type: mlp
2025-07-21 18:23:01 | INFO     |    use_statistical_features: True
2025-07-21 18:23:01 | INFO     |    stat_type: basic
2025-07-21 18:23:01 | INFO     |    multimodal_fusion_strategy: concat
2025-07-21 18:23:01 | INFO     |    use_signal_level_stats: False
2025-07-21 18:23:01 | INFO     |    signal_stat_type: comprehensive
2025-07-21 18:23:01 | INFO     |    signal_stat_fusion_strategy: concat_project
2025-07-21 18:23:01 | INFO     |    signal_stat_feature_dim: 32
2025-07-21 18:23:01 | INFO     |    use_diff_branch: True
2025-07-21 18:23:01 | INFO     |    ablation_mode: none
2025-07-21 18:23:01 | INFO     |    backbone_type: inception
2025-07-21 18:23:01 | INFO     |    use_sum_branch: True
2025-07-21 18:23:01 | INFO     |    num_workers: 0
2025-07-21 18:23:01 | INFO     |    cuda_debug: False
2025-07-21 18:23:01 | INFO     |    gpu_memory_fraction: 0.9
2025-07-21 18:23:01 | INFO     |    safe_mode: True
2025-07-21 18:23:01 | INFO     |    drop_last_batch: True
2025-07-21 18:23:01 | INFO     |    itr: 1
2025-07-21 18:23:01 | INFO     |    train_epochs: 300
2025-07-21 18:23:01 | INFO     |    batch_size: 4
2025-07-21 18:23:01 | INFO     |    patience: 15
2025-07-21 18:23:01 | INFO     |    learning_rate: 0.0001
2025-07-21 18:23:01 | INFO     |    des: dilated_enhanced
2025-07-21 18:23:01 | INFO     |    loss: MSE
2025-07-21 18:23:01 | INFO     |    lradj: type1
2025-07-21 18:23:01 | INFO     |    lr_scheduler_type: f1_based
2025-07-21 18:23:01 | INFO     |    lr_loss_weight: 0.3
2025-07-21 18:23:01 | INFO     |    lr_f1_weight: 0.7
2025-07-21 18:23:01 | INFO     |    use_amp: False
2025-07-21 18:23:01 | INFO     |    gradient_accumulation_steps: 2
2025-07-21 18:23:01 | INFO     |    enable_auto_gradient_accumulation: True
2025-07-21 18:23:01 | INFO     |    loss_type: ce
2025-07-21 18:23:01 | INFO     |    label_smoothing: 0.1
2025-07-21 18:23:01 | INFO     |    focal_alpha: 1.0
2025-07-21 18:23:01 | INFO     |    focal_gamma: 2.0
2025-07-21 18:23:01 | INFO     |    confidence_penalty_beta: 0.1
2025-07-21 18:23:01 | INFO     |    use_timm_loss: True
2025-07-21 18:23:01 | INFO     |    adaptive_initial_smoothing: 0.2
2025-07-21 18:23:01 | INFO     |    adaptive_final_smoothing: 0.05
2025-07-21 18:23:01 | INFO     |    adaptive_decay_epochs: 30
2025-07-21 18:23:01 | INFO     |    enable_class_weights: False
2025-07-21 18:23:01 | INFO     |    class_weights: None
2025-07-21 18:23:01 | INFO     |    loss_preset: None
2025-07-21 18:23:01 | INFO     |    n_jobs: 1
2025-07-21 18:23:01 | INFO     |    use_multiprocessing: False
2025-07-21 18:23:01 | INFO     |    chunk_size: 800
2025-07-21 18:23:01 | INFO     |    disable_parallel: True
2025-07-21 18:23:01 | INFO     |    use_shared_memory: False
2025-07-21 18:23:01 | INFO     |    disable_shared_memory: False
2025-07-21 18:23:01 | INFO     |    use_gpu: True
2025-07-21 18:23:01 | INFO     |    gpu: 0
2025-07-21 18:23:01 | INFO     |    gpu_type: cuda
2025-07-21 18:23:01 | INFO     |    use_multi_gpu: False
2025-07-21 18:23:01 | INFO     |    devices: 0,1,2,3
2025-07-21 18:23:01 | INFO     |    device: cuda:0
2025-07-21 18:23:01 | INFO     |    feature_columns: ['CHWC_VLV', 'CHWC_VLV_DM', 'MA_TEMP', 'OA_CFM', 'OA_DMPR', 'OA_DMPR_DM', 'OA_TEMP', 'RA_CFM', 'RA_DMPR', 'RA_DMPR_DM', 'RA_TEMP', 'RF_CS', 'RF_SPD', 'RF_WAT', 'SA_CFM', 'SA_SP', 'SA_SPSPT', 'SA_TEMP', 'SF_CS', 'SF_SPD', 'SF_WAT', 'ZONE_TEMP_1', 'ZONE_TEMP_2', 'ZONE_TEMP_3', 'ZONE_TEMP_4', 'ZONE_TEMP_5']
2025-07-21 18:23:01 | INFO     | 🏗️ 模型信息:
2025-07-21 18:23:01 | INFO     |    模型类型: Model
2025-07-21 18:23:01 | INFO     |    总参数数量: 21,810,633
2025-07-21 18:23:01 | INFO     |    可训练参数: 21,810,633
2025-07-21 18:23:01 | INFO     |    模型大小估计: 83.20 MB
2025-07-21 18:23:01 | INFO     | 📊 数据集信息:
2025-07-21 18:23:01 | INFO     |    训练集大小: 3996
2025-07-21 18:23:01 | INFO     |    验证集大小: 999
2025-07-21 18:23:01 | INFO     | 
================================================================================
2025-07-21 18:23:01 | INFO     | 📋 损失函数使用策略（遵循主流机器学习规范）:
2025-07-21 18:23:01 | INFO     |    🎯 训练阶段: 使用 ce 损失函数
2025-07-21 18:23:01 | INFO     |       → 目的：优化模型参数，解决特定问题（类别不平衡、相似性等）
2025-07-21 18:23:01 | INFO     |    📊 验证阶段: 使用标准交叉熵损失函数
2025-07-21 18:23:01 | INFO     |       → 目的：客观评估模型性能，便于不同方法比较
2025-07-21 18:23:01 | INFO     |    📈 最终报告: 基于标准交叉熵损失的指标
2025-07-21 18:23:01 | INFO     |       → 目的：提供可信、可比较的性能指标
2025-07-21 18:23:01 | INFO     | ================================================================================

2025-07-21 18:23:01 | INFO     | 🔄 梯度累积配置: 每2轮累积一次梯度
2025-07-21 18:23:01 | INFO     |    实际batch_size: 4
2025-07-21 18:23:01 | INFO     |    有效batch_size: 8
2025-07-21 18:23:57 | INFO     | Epoch 1:
2025-07-21 18:23:57 | INFO     |   训练指标:
2025-07-21 18:23:57 | INFO     |     损失(ce): 17.524583
2025-07-21 18:23:57 | INFO     |     准确率: 0.137137
2025-07-21 18:23:57 | INFO     |     学习率: 0.00010000
2025-07-21 18:23:57 | INFO     |   验证指标(标准CE):
2025-07-21 18:23:57 | INFO     |     损失: 51.061413
2025-07-21 18:23:57 | INFO     |     准确率: 0.222222
2025-07-21 18:23:57 | INFO     |     F1(macro): 0.182237
2025-07-21 18:23:57 | INFO     |     F1(weighted): 0.183354
2025-07-21 18:23:57 | INFO     |     精确率: 0.285541
2025-07-21 18:23:57 | INFO     |     召回率: 0.228208
2025-07-21 18:23:57 | INFO     |   学习率调度器: f1_based
2025-07-21 18:23:57 | INFO     | ------------------------------------------------------------
2025-07-21 18:23:57 | INFO     | Epoch   1 | Train: Loss=17.5246, Acc=0.1371 | Val: Loss=51.0614, Acc=0.2222, F1=0.1834 | LR=0.000100 🏆 [最佳模型]
2025-07-21 18:24:45 | INFO     | Epoch 2:
2025-07-21 18:24:45 | INFO     |   训练指标:
2025-07-21 18:24:45 | INFO     |     损失(ce): 12.984694
2025-07-21 18:24:45 | INFO     |     准确率: 0.177928
2025-07-21 18:24:45 | INFO     |     学习率: 0.00010000
2025-07-21 18:24:45 | INFO     |   验证指标(标准CE):
2025-07-21 18:24:45 | INFO     |     损失: 26.485900
2025-07-21 18:24:45 | INFO     |     准确率: 0.241241
2025-07-21 18:24:45 | INFO     |     F1(macro): 0.241017
2025-07-21 18:24:45 | INFO     |     F1(weighted): 0.242348
2025-07-21 18:24:45 | INFO     |     精确率: 0.302419
2025-07-21 18:24:45 | INFO     |     召回率: 0.246957
2025-07-21 18:24:45 | INFO     |   学习率调度器: f1_based
2025-07-21 18:24:45 | INFO     | ------------------------------------------------------------
2025-07-21 18:24:45 | INFO     | Epoch   2 | Train: Loss=12.9847, Acc=0.1779 | Val: Loss=26.4859, Acc=0.2412, F1=0.2423 | LR=0.000100 🏆 [最佳模型]
2025-07-21 18:25:33 | INFO     | Epoch 3:
2025-07-21 18:25:33 | INFO     |   训练指标:
2025-07-21 18:25:33 | INFO     |     损失(ce): 11.728785
2025-07-21 18:25:33 | INFO     |     准确率: 0.186186
2025-07-21 18:25:33 | INFO     |     学习率: 0.00010000
2025-07-21 18:25:33 | INFO     |   验证指标(标准CE):
2025-07-21 18:25:33 | INFO     |     损失: 19.858441
2025-07-21 18:25:33 | INFO     |     准确率: 0.283283
2025-07-21 18:25:33 | INFO     |     F1(macro): 0.266218
2025-07-21 18:25:33 | INFO     |     F1(weighted): 0.265249
2025-07-21 18:25:33 | INFO     |     精确率: 0.353663
2025-07-21 18:25:33 | INFO     |     召回率: 0.288315
2025-07-21 18:25:33 | INFO     |   学习率调度器: f1_based
2025-07-21 18:25:33 | INFO     | ------------------------------------------------------------
2025-07-21 18:25:33 | INFO     | Epoch   3 | Train: Loss=11.7288, Acc=0.1862 | Val: Loss=19.8584, Acc=0.2833, F1=0.2652 | LR=0.000100 🏆 [最佳模型]
2025-07-21 18:26:20 | INFO     | Epoch 4:
2025-07-21 18:26:20 | INFO     |   训练指标:
2025-07-21 18:26:20 | INFO     |     损失(ce): 10.210825
2025-07-21 18:26:20 | INFO     |     准确率: 0.213213
2025-07-21 18:26:20 | INFO     |     学习率: 0.00010000
2025-07-21 18:26:20 | INFO     |   验证指标(标准CE):
2025-07-21 18:26:20 | INFO     |     损失: 18.662066
2025-07-21 18:26:20 | INFO     |     准确率: 0.251251
2025-07-21 18:26:20 | INFO     |     F1(macro): 0.228806
2025-07-21 18:26:20 | INFO     |     F1(weighted): 0.228920
2025-07-21 18:26:20 | INFO     |     精确率: 0.341629
2025-07-21 18:26:20 | INFO     |     召回率: 0.250332
2025-07-21 18:26:20 | INFO     |   学习率调度器: f1_based
2025-07-21 18:26:20 | INFO     | ------------------------------------------------------------
2025-07-21 18:26:20 | INFO     | Epoch   4 | Train: Loss=10.2108, Acc=0.2132 | Val: Loss=18.6621, Acc=0.2513, F1=0.2289 | LR=0.000100 
2025-07-21 18:27:08 | INFO     | Epoch 5:
2025-07-21 18:27:08 | INFO     |   训练指标:
2025-07-21 18:27:08 | INFO     |     损失(ce): 8.403161
2025-07-21 18:27:08 | INFO     |     准确率: 0.200450
2025-07-21 18:27:08 | INFO     |     学习率: 0.00010000
2025-07-21 18:27:08 | INFO     |   验证指标(标准CE):
2025-07-21 18:27:08 | INFO     |     损失: 4.786512
2025-07-21 18:27:08 | INFO     |     准确率: 0.357357
2025-07-21 18:27:08 | INFO     |     F1(macro): 0.347560
2025-07-21 18:27:08 | INFO     |     F1(weighted): 0.351482
2025-07-21 18:27:08 | INFO     |     精确率: 0.380384
2025-07-21 18:27:08 | INFO     |     召回率: 0.351271
2025-07-21 18:27:08 | INFO     |   学习率调度器: f1_based
2025-07-21 18:27:08 | INFO     | ------------------------------------------------------------
2025-07-21 18:27:08 | INFO     | Epoch   5 | Train: Loss=8.4032, Acc=0.2005 | Val: Loss=4.7865, Acc=0.3574, F1=0.3515 | LR=0.000100 🏆 [最佳模型]
2025-07-21 18:27:55 | INFO     | Epoch 6:
2025-07-21 18:27:55 | INFO     |   训练指标:
2025-07-21 18:27:55 | INFO     |     损失(ce): 5.905603
2025-07-21 18:27:55 | INFO     |     准确率: 0.224725
2025-07-21 18:27:55 | INFO     |     学习率: 0.00010000
2025-07-21 18:27:55 | INFO     |   验证指标(标准CE):
2025-07-21 18:27:55 | INFO     |     损失: 4.748007
2025-07-21 18:27:55 | INFO     |     准确率: 0.368368
2025-07-21 18:27:55 | INFO     |     F1(macro): 0.332212
2025-07-21 18:27:55 | INFO     |     F1(weighted): 0.338631
2025-07-21 18:27:55 | INFO     |     精确率: 0.415512
2025-07-21 18:27:55 | INFO     |     召回率: 0.369488
2025-07-21 18:27:55 | INFO     |   学习率调度器: f1_based
2025-07-21 18:27:55 | INFO     | ------------------------------------------------------------
2025-07-21 18:27:55 | INFO     | Epoch   6 | Train: Loss=5.9056, Acc=0.2247 | Val: Loss=4.7480, Acc=0.3684, F1=0.3386 | LR=0.000100 
2025-07-21 18:28:43 | INFO     | Epoch 7:
2025-07-21 18:28:43 | INFO     |   训练指标:
2025-07-21 18:28:43 | INFO     |     损失(ce): 4.358625
2025-07-21 18:28:43 | INFO     |     准确率: 0.272773
2025-07-21 18:28:43 | INFO     |     学习率: 0.00010000
2025-07-21 18:28:43 | INFO     |   验证指标(标准CE):
2025-07-21 18:28:43 | INFO     |     损失: 2.385807
2025-07-21 18:28:43 | INFO     |     准确率: 0.431431
2025-07-21 18:28:43 | INFO     |     F1(macro): 0.419176
2025-07-21 18:28:43 | INFO     |     F1(weighted): 0.425890
2025-07-21 18:28:43 | INFO     |     精确率: 0.460260
2025-07-21 18:28:43 | INFO     |     召回率: 0.427222
2025-07-21 18:28:43 | INFO     |   学习率调度器: f1_based
2025-07-21 18:28:43 | INFO     | ------------------------------------------------------------
2025-07-21 18:28:43 | INFO     | Epoch   7 | Train: Loss=4.3586, Acc=0.2728 | Val: Loss=2.3858, Acc=0.4314, F1=0.4259 | LR=0.000100 🏆 [最佳模型]
2025-07-21 18:29:31 | INFO     | Epoch 8:
2025-07-21 18:29:31 | INFO     |   训练指标:
2025-07-21 18:29:31 | INFO     |     损失(ce): 3.785713
2025-07-21 18:29:31 | INFO     |     准确率: 0.322322
2025-07-21 18:29:31 | INFO     |     学习率: 0.00010000
2025-07-21 18:29:31 | INFO     |   验证指标(标准CE):
2025-07-21 18:29:31 | INFO     |     损失: 3.034875
2025-07-21 18:29:31 | INFO     |     准确率: 0.467467
2025-07-21 18:29:31 | INFO     |     F1(macro): 0.430855
2025-07-21 18:29:31 | INFO     |     F1(weighted): 0.431951
2025-07-21 18:29:31 | INFO     |     精确率: 0.427009
2025-07-21 18:29:31 | INFO     |     召回率: 0.469782
2025-07-21 18:29:31 | INFO     |   学习率调度器: f1_based
2025-07-21 18:29:31 | INFO     | ------------------------------------------------------------
2025-07-21 18:29:31 | INFO     | Epoch   8 | Train: Loss=3.7857, Acc=0.3223 | Val: Loss=3.0349, Acc=0.4675, F1=0.4320 | LR=0.000100 🏆 [最佳模型]
2025-07-21 18:30:18 | INFO     | Epoch 9:
2025-07-21 18:30:18 | INFO     |   训练指标:
2025-07-21 18:30:18 | INFO     |     损失(ce): 3.329103
2025-07-21 18:30:18 | INFO     |     准确率: 0.349600
2025-07-21 18:30:18 | INFO     |     学习率: 0.00010000
2025-07-21 18:30:18 | INFO     |   验证指标(标准CE):
2025-07-21 18:30:18 | INFO     |     损失: 2.156219
2025-07-21 18:30:18 | INFO     |     准确率: 0.494494
2025-07-21 18:30:18 | INFO     |     F1(macro): 0.480427
2025-07-21 18:30:18 | INFO     |     F1(weighted): 0.483107
2025-07-21 18:30:18 | INFO     |     精确率: 0.546179
2025-07-21 18:30:18 | INFO     |     召回率: 0.494218
2025-07-21 18:30:18 | INFO     |   学习率调度器: f1_based
2025-07-21 18:30:18 | INFO     | ------------------------------------------------------------
2025-07-21 18:30:18 | INFO     | Epoch   9 | Train: Loss=3.3291, Acc=0.3496 | Val: Loss=2.1562, Acc=0.4945, F1=0.4831 | LR=0.000100 🏆 [最佳模型]
2025-07-21 18:31:08 | INFO     | Epoch 10:
2025-07-21 18:31:08 | INFO     |   训练指标:
2025-07-21 18:31:08 | INFO     |     损失(ce): 2.711260
2025-07-21 18:31:08 | INFO     |     准确率: 0.406907
2025-07-21 18:31:08 | INFO     |     学习率: 0.00010000
2025-07-21 18:31:08 | INFO     |   验证指标(标准CE):
2025-07-21 18:31:08 | INFO     |     损失: 2.670093
2025-07-21 18:31:08 | INFO     |     准确率: 0.520521
2025-07-21 18:31:08 | INFO     |     F1(macro): 0.496761
2025-07-21 18:31:08 | INFO     |     F1(weighted): 0.506502
2025-07-21 18:31:08 | INFO     |     精确率: 0.582614
2025-07-21 18:31:08 | INFO     |     召回率: 0.506922
2025-07-21 18:31:08 | INFO     |   学习率调度器: f1_based
2025-07-21 18:31:08 | INFO     | ------------------------------------------------------------
2025-07-21 18:31:08 | INFO     | Epoch  10 | Train: Loss=2.7113, Acc=0.4069 | Val: Loss=2.6701, Acc=0.5205, F1=0.5065 | LR=0.000100 🏆 [最佳模型]
2025-07-21 18:31:56 | INFO     | Epoch 11:
2025-07-21 18:31:56 | INFO     |   训练指标:
2025-07-21 18:31:56 | INFO     |     损失(ce): 2.433821
2025-07-21 18:31:56 | INFO     |     准确率: 0.447197
2025-07-21 18:31:56 | INFO     |     学习率: 0.00010000
2025-07-21 18:31:56 | INFO     |   验证指标(标准CE):
2025-07-21 18:31:56 | INFO     |     损失: 2.215769
2025-07-21 18:31:56 | INFO     |     准确率: 0.572573
2025-07-21 18:31:56 | INFO     |     F1(macro): 0.569486
2025-07-21 18:31:56 | INFO     |     F1(weighted): 0.577887
2025-07-21 18:31:56 | INFO     |     精确率: 0.605924
2025-07-21 18:31:56 | INFO     |     召回率: 0.560623
2025-07-21 18:31:56 | INFO     |   学习率调度器: f1_based
2025-07-21 18:31:56 | INFO     | ------------------------------------------------------------
2025-07-21 18:31:56 | INFO     | Epoch  11 | Train: Loss=2.4338, Acc=0.4472 | Val: Loss=2.2158, Acc=0.5726, F1=0.5779 | LR=0.000100 🏆 [最佳模型]
2025-07-21 18:32:44 | INFO     | Epoch 12:
2025-07-21 18:32:44 | INFO     |   训练指标:
2025-07-21 18:32:44 | INFO     |     损失(ce): 2.401172
2025-07-21 18:32:44 | INFO     |     准确率: 0.467467
2025-07-21 18:32:44 | INFO     |     学习率: 0.00010000
2025-07-21 18:32:44 | INFO     |   验证指标(标准CE):
2025-07-21 18:32:44 | INFO     |     损失: 1.900035
2025-07-21 18:32:44 | INFO     |     准确率: 0.597598
2025-07-21 18:32:44 | INFO     |     F1(macro): 0.559508
2025-07-21 18:32:44 | INFO     |     F1(weighted): 0.561860
2025-07-21 18:32:44 | INFO     |     精确率: 0.550919
2025-07-21 18:32:44 | INFO     |     召回率: 0.593393
2025-07-21 18:32:44 | INFO     |   学习率调度器: f1_based
2025-07-21 18:32:44 | INFO     | ------------------------------------------------------------
2025-07-21 18:32:44 | INFO     | Epoch  12 | Train: Loss=2.4012, Acc=0.4675 | Val: Loss=1.9000, Acc=0.5976, F1=0.5619 | LR=0.000100 
2025-07-21 18:33:32 | INFO     | Epoch 13:
2025-07-21 18:33:32 | INFO     |   训练指标:
2025-07-21 18:33:32 | INFO     |     损失(ce): 2.186214
2025-07-21 18:33:32 | INFO     |     准确率: 0.484985
2025-07-21 18:33:32 | INFO     |     学习率: 0.00010000
2025-07-21 18:33:32 | INFO     |   验证指标(标准CE):
2025-07-21 18:33:32 | INFO     |     损失: 1.475724
2025-07-21 18:33:32 | INFO     |     准确率: 0.615616
2025-07-21 18:33:32 | INFO     |     F1(macro): 0.584701
2025-07-21 18:33:32 | INFO     |     F1(weighted): 0.590720
2025-07-21 18:33:32 | INFO     |     精确率: 0.618944
2025-07-21 18:33:32 | INFO     |     召回率: 0.607995
2025-07-21 18:33:32 | INFO     |   学习率调度器: f1_based
2025-07-21 18:33:32 | INFO     | ------------------------------------------------------------
2025-07-21 18:33:32 | INFO     | Epoch  13 | Train: Loss=2.1862, Acc=0.4850 | Val: Loss=1.4757, Acc=0.6156, F1=0.5907 | LR=0.000100 🏆 [最佳模型]
2025-07-21 18:34:21 | INFO     | Epoch 14:
2025-07-21 18:34:21 | INFO     |   训练指标:
2025-07-21 18:34:21 | INFO     |     损失(ce): 1.980099
2025-07-21 18:34:21 | INFO     |     准确率: 0.518268
2025-07-21 18:34:21 | INFO     |     学习率: 0.00010000
2025-07-21 18:34:21 | INFO     |   验证指标(标准CE):
2025-07-21 18:34:21 | INFO     |     损失: 1.845727
2025-07-21 18:34:21 | INFO     |     准确率: 0.629630
2025-07-21 18:34:21 | INFO     |     F1(macro): 0.595973
2025-07-21 18:34:21 | INFO     |     F1(weighted): 0.598080
2025-07-21 18:34:21 | INFO     |     精确率: 0.658970
2025-07-21 18:34:21 | INFO     |     召回率: 0.631583
2025-07-21 18:34:21 | INFO     |   学习率调度器: f1_based
2025-07-21 18:34:21 | INFO     | ------------------------------------------------------------
2025-07-21 18:34:21 | INFO     | Epoch  14 | Train: Loss=1.9801, Acc=0.5183 | Val: Loss=1.8457, Acc=0.6296, F1=0.5981 | LR=0.000100 🏆 [最佳模型]
2025-07-21 18:35:09 | INFO     | Epoch 15:
2025-07-21 18:35:09 | INFO     |   训练指标:
2025-07-21 18:35:09 | INFO     |     损失(ce): 1.733253
2025-07-21 18:35:09 | INFO     |     准确率: 0.547548
2025-07-21 18:35:09 | INFO     |     学习率: 0.00010000
2025-07-21 18:35:09 | INFO     |   验证指标(标准CE):
2025-07-21 18:35:09 | INFO     |     损失: 1.905541
2025-07-21 18:35:09 | INFO     |     准确率: 0.614615
2025-07-21 18:35:09 | INFO     |     F1(macro): 0.592306
2025-07-21 18:35:09 | INFO     |     F1(weighted): 0.594517
2025-07-21 18:35:09 | INFO     |     精确率: 0.627438
2025-07-21 18:35:09 | INFO     |     召回率: 0.612000
2025-07-21 18:35:09 | INFO     |   学习率调度器: f1_based
2025-07-21 18:35:09 | INFO     | ------------------------------------------------------------
2025-07-21 18:35:09 | INFO     | Epoch  15 | Train: Loss=1.7333, Acc=0.5475 | Val: Loss=1.9055, Acc=0.6146, F1=0.5945 | LR=0.000100 
2025-07-21 18:35:57 | INFO     | Epoch 16:
2025-07-21 18:35:57 | INFO     |   训练指标:
2025-07-21 18:35:57 | INFO     |     损失(ce): 1.764719
2025-07-21 18:35:57 | INFO     |     准确率: 0.551802
2025-07-21 18:35:57 | INFO     |     学习率: 0.00010000
2025-07-21 18:35:57 | INFO     |   验证指标(标准CE):
2025-07-21 18:35:57 | INFO     |     损失: 1.116059
2025-07-21 18:35:57 | INFO     |     准确率: 0.665666
2025-07-21 18:35:57 | INFO     |     F1(macro): 0.647889
2025-07-21 18:35:57 | INFO     |     F1(weighted): 0.654524
2025-07-21 18:35:57 | INFO     |     精确率: 0.656770
2025-07-21 18:35:57 | INFO     |     召回率: 0.662758
2025-07-21 18:35:57 | INFO     |   学习率调度器: f1_based
2025-07-21 18:35:57 | INFO     | ------------------------------------------------------------
2025-07-21 18:35:57 | INFO     | Epoch  16 | Train: Loss=1.7647, Acc=0.5518 | Val: Loss=1.1161, Acc=0.6657, F1=0.6545 | LR=0.000100 🏆 [最佳模型]
2025-07-21 18:36:45 | INFO     | Epoch 17:
2025-07-21 18:36:45 | INFO     |   训练指标:
2025-07-21 18:36:45 | INFO     |     损失(ce): 1.556617
2025-07-21 18:36:45 | INFO     |     准确率: 0.573073
2025-07-21 18:36:45 | INFO     |     学习率: 0.00010000
2025-07-21 18:36:45 | INFO     |   验证指标(标准CE):
2025-07-21 18:36:45 | INFO     |     损失: 1.573666
2025-07-21 18:36:45 | INFO     |     准确率: 0.685686
2025-07-21 18:36:45 | INFO     |     F1(macro): 0.672240
2025-07-21 18:36:45 | INFO     |     F1(weighted): 0.680686
2025-07-21 18:36:45 | INFO     |     精确率: 0.689092
2025-07-21 18:36:45 | INFO     |     召回率: 0.677865
2025-07-21 18:36:45 | INFO     |   学习率调度器: f1_based
2025-07-21 18:36:45 | INFO     | ------------------------------------------------------------
2025-07-21 18:36:45 | INFO     | Epoch  17 | Train: Loss=1.5566, Acc=0.5731 | Val: Loss=1.5737, Acc=0.6857, F1=0.6807 | LR=0.000100 🏆 [最佳模型]
2025-07-21 18:37:34 | INFO     | Epoch 18:
2025-07-21 18:37:34 | INFO     |   训练指标:
2025-07-21 18:37:34 | INFO     |     损失(ce): 1.447741
2025-07-21 18:37:34 | INFO     |     准确率: 0.605856
2025-07-21 18:37:34 | INFO     |     学习率: 0.00010000
2025-07-21 18:37:34 | INFO     |   验证指标(标准CE):
2025-07-21 18:37:34 | INFO     |     损失: 0.980961
2025-07-21 18:37:34 | INFO     |     准确率: 0.713714
2025-07-21 18:37:34 | INFO     |     F1(macro): 0.695633
2025-07-21 18:37:34 | INFO     |     F1(weighted): 0.697267
2025-07-21 18:37:34 | INFO     |     精确率: 0.715750
2025-07-21 18:37:34 | INFO     |     召回率: 0.716831
2025-07-21 18:37:34 | INFO     |   学习率调度器: f1_based
2025-07-21 18:37:34 | INFO     | ------------------------------------------------------------
2025-07-21 18:37:34 | INFO     | Epoch  18 | Train: Loss=1.4477, Acc=0.6059 | Val: Loss=0.9810, Acc=0.7137, F1=0.6973 | LR=0.000100 🏆 [最佳模型]
2025-07-21 18:38:22 | INFO     | Epoch 19:
2025-07-21 18:38:22 | INFO     |   训练指标:
2025-07-21 18:38:22 | INFO     |     损失(ce): 1.368893
2025-07-21 18:38:22 | INFO     |     准确率: 0.634134
2025-07-21 18:38:22 | INFO     |     学习率: 0.00010000
2025-07-21 18:38:22 | INFO     |   验证指标(标准CE):
2025-07-21 18:38:22 | INFO     |     损失: 1.015594
2025-07-21 18:38:22 | INFO     |     准确率: 0.713714
2025-07-21 18:38:22 | INFO     |     F1(macro): 0.704489
2025-07-21 18:38:22 | INFO     |     F1(weighted): 0.707895
2025-07-21 18:38:22 | INFO     |     精确率: 0.715925
2025-07-21 18:38:22 | INFO     |     召回率: 0.712323
2025-07-21 18:38:22 | INFO     |   学习率调度器: f1_based
2025-07-21 18:38:22 | INFO     | ------------------------------------------------------------
2025-07-21 18:38:22 | INFO     | Epoch  19 | Train: Loss=1.3689, Acc=0.6341 | Val: Loss=1.0156, Acc=0.7137, F1=0.7079 | LR=0.000100 🏆 [最佳模型]
2025-07-21 18:39:10 | INFO     | Epoch 20:
2025-07-21 18:39:10 | INFO     |   训练指标:
2025-07-21 18:39:10 | INFO     |     损失(ce): 1.349482
2025-07-21 18:39:10 | INFO     |     准确率: 0.652653
2025-07-21 18:39:10 | INFO     |     学习率: 0.00010000
2025-07-21 18:39:10 | INFO     |   验证指标(标准CE):
2025-07-21 18:39:10 | INFO     |     损失: 8.584112
2025-07-21 18:39:10 | INFO     |     准确率: 0.585586
2025-07-21 18:39:10 | INFO     |     F1(macro): 0.552062
2025-07-21 18:39:10 | INFO     |     F1(weighted): 0.557253
2025-07-21 18:39:10 | INFO     |     精确率: 0.610616
2025-07-21 18:39:10 | INFO     |     召回率: 0.589692
2025-07-21 18:39:10 | INFO     |   学习率调度器: f1_based
2025-07-21 18:39:10 | INFO     | ------------------------------------------------------------
2025-07-21 18:39:10 | INFO     | Epoch  20 | Train: Loss=1.3495, Acc=0.6527 | Val: Loss=8.5841, Acc=0.5856, F1=0.5573 | LR=0.000100 
2025-07-21 18:39:58 | INFO     | Epoch 21:
2025-07-21 18:39:58 | INFO     |   训练指标:
2025-07-21 18:39:58 | INFO     |     损失(ce): 1.195680
2025-07-21 18:39:58 | INFO     |     准确率: 0.662412
2025-07-21 18:39:58 | INFO     |     学习率: 0.00010000
2025-07-21 18:39:58 | INFO     |   验证指标(标准CE):
2025-07-21 18:39:58 | INFO     |     损失: 1.340217
2025-07-21 18:39:58 | INFO     |     准确率: 0.712713
2025-07-21 18:39:58 | INFO     |     F1(macro): 0.697559
2025-07-21 18:39:58 | INFO     |     F1(weighted): 0.699859
2025-07-21 18:39:58 | INFO     |     精确率: 0.721417
2025-07-21 18:39:58 | INFO     |     召回率: 0.713316
2025-07-21 18:39:58 | INFO     |   学习率调度器: f1_based
2025-07-21 18:39:58 | INFO     | ------------------------------------------------------------
2025-07-21 18:39:58 | INFO     | Epoch  21 | Train: Loss=1.1957, Acc=0.6624 | Val: Loss=1.3402, Acc=0.7127, F1=0.6999 | LR=0.000100 
2025-07-21 18:40:45 | INFO     | Epoch 22:
2025-07-21 18:40:45 | INFO     |   训练指标:
2025-07-21 18:40:45 | INFO     |     损失(ce): 1.232485
2025-07-21 18:40:45 | INFO     |     准确率: 0.673173
2025-07-21 18:40:45 | INFO     |     学习率: 0.00010000
2025-07-21 18:40:45 | INFO     |   验证指标(标准CE):
2025-07-21 18:40:45 | INFO     |     损失: 2.773505
2025-07-21 18:40:45 | INFO     |     准确率: 0.663664
2025-07-21 18:40:45 | INFO     |     F1(macro): 0.638342
2025-07-21 18:40:45 | INFO     |     F1(weighted): 0.641059
2025-07-21 18:40:45 | INFO     |     精确率: 0.695877
2025-07-21 18:40:45 | INFO     |     召回率: 0.666669
2025-07-21 18:40:45 | INFO     |   学习率调度器: f1_based
2025-07-21 18:40:45 | INFO     | ------------------------------------------------------------
2025-07-21 18:40:45 | INFO     | Epoch  22 | Train: Loss=1.2325, Acc=0.6732 | Val: Loss=2.7735, Acc=0.6637, F1=0.6411 | LR=0.000100 
2025-07-21 18:41:32 | INFO     | Epoch 23:
2025-07-21 18:41:32 | INFO     |   训练指标:
2025-07-21 18:41:32 | INFO     |     损失(ce): 1.175564
2025-07-21 18:41:32 | INFO     |     准确率: 0.682182
2025-07-21 18:41:32 | INFO     |     学习率: 0.00010000
2025-07-21 18:41:32 | INFO     |   验证指标(标准CE):
2025-07-21 18:41:32 | INFO     |     损失: 0.853943
2025-07-21 18:41:32 | INFO     |     准确率: 0.754755
2025-07-21 18:41:32 | INFO     |     F1(macro): 0.744145
2025-07-21 18:41:32 | INFO     |     F1(weighted): 0.746030
2025-07-21 18:41:32 | INFO     |     精确率: 0.747564
2025-07-21 18:41:32 | INFO     |     召回率: 0.754174
2025-07-21 18:41:32 | INFO     |   学习率调度器: f1_based
2025-07-21 18:41:32 | INFO     | ------------------------------------------------------------
2025-07-21 18:41:32 | INFO     | Epoch  23 | Train: Loss=1.1756, Acc=0.6822 | Val: Loss=0.8539, Acc=0.7548, F1=0.7460 | LR=0.000100 🏆 [最佳模型]
2025-07-21 18:42:20 | INFO     | Epoch 24:
2025-07-21 18:42:20 | INFO     |   训练指标:
2025-07-21 18:42:20 | INFO     |     损失(ce): 1.076554
2025-07-21 18:42:20 | INFO     |     准确率: 0.688939
2025-07-21 18:42:20 | INFO     |     学习率: 0.00010000
2025-07-21 18:42:20 | INFO     |   验证指标(标准CE):
2025-07-21 18:42:20 | INFO     |     损失: 3.277787
2025-07-21 18:42:20 | INFO     |     准确率: 0.662663
2025-07-21 18:42:20 | INFO     |     F1(macro): 0.637600
2025-07-21 18:42:20 | INFO     |     F1(weighted): 0.645545
2025-07-21 18:42:20 | INFO     |     精确率: 0.643945
2025-07-21 18:42:20 | INFO     |     召回率: 0.656355
2025-07-21 18:42:20 | INFO     |   学习率调度器: f1_based
2025-07-21 18:42:20 | INFO     | ------------------------------------------------------------
2025-07-21 18:42:20 | INFO     | Epoch  24 | Train: Loss=1.0766, Acc=0.6889 | Val: Loss=3.2778, Acc=0.6627, F1=0.6455 | LR=0.000100 
2025-07-21 18:43:07 | INFO     | Epoch 25:
2025-07-21 18:43:07 | INFO     |   训练指标:
2025-07-21 18:43:07 | INFO     |     损失(ce): 1.065684
2025-07-21 18:43:07 | INFO     |     准确率: 0.694695
2025-07-21 18:43:07 | INFO     |     学习率: 0.00010000
2025-07-21 18:43:07 | INFO     |   验证指标(标准CE):
2025-07-21 18:43:07 | INFO     |     损失: 2.558576
2025-07-21 18:43:07 | INFO     |     准确率: 0.684685
2025-07-21 18:43:07 | INFO     |     F1(macro): 0.676651
2025-07-21 18:43:07 | INFO     |     F1(weighted): 0.681166
2025-07-21 18:43:07 | INFO     |     精确率: 0.700612
2025-07-21 18:43:07 | INFO     |     召回率: 0.686318
2025-07-21 18:43:07 | INFO     |   学习率调度器: f1_based
2025-07-21 18:43:07 | INFO     | ------------------------------------------------------------
2025-07-21 18:43:07 | INFO     | Epoch  25 | Train: Loss=1.0657, Acc=0.6947 | Val: Loss=2.5586, Acc=0.6847, F1=0.6812 | LR=0.000100 
2025-07-21 18:43:54 | INFO     | Epoch 26:
2025-07-21 18:43:54 | INFO     |   训练指标:
2025-07-21 18:43:54 | INFO     |     损失(ce): 1.004693
2025-07-21 18:43:54 | INFO     |     准确率: 0.705205
2025-07-21 18:43:54 | INFO     |     学习率: 0.00010000
2025-07-21 18:43:54 | INFO     |   验证指标(标准CE):
2025-07-21 18:43:54 | INFO     |     损失: 1.486297
2025-07-21 18:43:54 | INFO     |     准确率: 0.727728
2025-07-21 18:43:54 | INFO     |     F1(macro): 0.722702
2025-07-21 18:43:54 | INFO     |     F1(weighted): 0.727895
2025-07-21 18:43:54 | INFO     |     精确率: 0.740472
2025-07-21 18:43:54 | INFO     |     召回率: 0.718415
2025-07-21 18:43:54 | INFO     |   学习率调度器: f1_based
2025-07-21 18:43:54 | INFO     | ------------------------------------------------------------
2025-07-21 18:43:54 | INFO     | Epoch  26 | Train: Loss=1.0047, Acc=0.7052 | Val: Loss=1.4863, Acc=0.7277, F1=0.7279 | LR=0.000100 
2025-07-21 18:44:41 | INFO     | Epoch 27:
2025-07-21 18:44:41 | INFO     |   训练指标:
2025-07-21 18:44:41 | INFO     |     损失(ce): 1.019504
2025-07-21 18:44:41 | INFO     |     准确率: 0.726226
2025-07-21 18:44:41 | INFO     |     学习率: 0.00010000
2025-07-21 18:44:41 | INFO     |   验证指标(标准CE):
2025-07-21 18:44:41 | INFO     |     损失: 1.163995
2025-07-21 18:44:41 | INFO     |     准确率: 0.715716
2025-07-21 18:44:41 | INFO     |     F1(macro): 0.710363
2025-07-21 18:44:41 | INFO     |     F1(weighted): 0.712160
2025-07-21 18:44:41 | INFO     |     精确率: 0.713744
2025-07-21 18:44:41 | INFO     |     召回率: 0.717130
2025-07-21 18:44:41 | INFO     |   学习率调度器: f1_based
2025-07-21 18:44:41 | INFO     | ------------------------------------------------------------
2025-07-21 18:44:41 | INFO     | Epoch  27 | Train: Loss=1.0195, Acc=0.7262 | Val: Loss=1.1640, Acc=0.7157, F1=0.7122 | LR=0.000100 
2025-07-21 18:45:29 | INFO     | Epoch 28:
2025-07-21 18:45:29 | INFO     |   训练指标:
2025-07-21 18:45:29 | INFO     |     损失(ce): 0.980466
2025-07-21 18:45:29 | INFO     |     准确率: 0.724975
2025-07-21 18:45:29 | INFO     |     学习率: 0.00010000
2025-07-21 18:45:29 | INFO     |   验证指标(标准CE):
2025-07-21 18:45:29 | INFO     |     损失: 2.166270
2025-07-21 18:45:29 | INFO     |     准确率: 0.696697
2025-07-21 18:45:29 | INFO     |     F1(macro): 0.680955
2025-07-21 18:45:29 | INFO     |     F1(weighted): 0.689096
2025-07-21 18:45:29 | INFO     |     精确率: 0.686723
2025-07-21 18:45:29 | INFO     |     召回率: 0.691364
2025-07-21 18:45:29 | INFO     |   学习率调度器: f1_based
2025-07-21 18:45:29 | INFO     | ------------------------------------------------------------
2025-07-21 18:45:29 | INFO     | Epoch  28 | Train: Loss=0.9805, Acc=0.7250 | Val: Loss=2.1663, Acc=0.6967, F1=0.6891 | LR=0.000100 
2025-07-21 18:46:16 | INFO     | Epoch 29:
2025-07-21 18:46:16 | INFO     |   训练指标:
2025-07-21 18:46:16 | INFO     |     损失(ce): 0.850681
2025-07-21 18:46:16 | INFO     |     准确率: 0.738488
2025-07-21 18:46:16 | INFO     |     学习率: 0.00010000
2025-07-21 18:46:16 | INFO     |   验证指标(标准CE):
2025-07-21 18:46:16 | INFO     |     损失: 1.142033
2025-07-21 18:46:16 | INFO     |     准确率: 0.736737
2025-07-21 18:46:16 | INFO     |     F1(macro): 0.711392
2025-07-21 18:46:16 | INFO     |     F1(weighted): 0.711232
2025-07-21 18:46:16 | INFO     |     精确率: 0.732704
2025-07-21 18:46:16 | INFO     |     召回率: 0.740153
2025-07-21 18:46:16 | INFO     |   学习率调度器: f1_based
2025-07-21 18:46:16 | INFO     | ------------------------------------------------------------
2025-07-21 18:46:16 | INFO     | 🎯 学习率调整事件:
2025-07-21 18:46:16 | INFO     |   调度器类型: f1_based
2025-07-21 18:46:16 | INFO     |   学习率变化: 0.00010000 → 0.00005000
2025-07-21 18:46:16 | INFO     |   触发条件: F1分数 = 0.711232
2025-07-21 18:46:16 | INFO     |   变化幅度: -50.00%
2025-07-21 18:46:16 | INFO     | ------------------------------------------------------------
2025-07-21 18:46:16 | INFO     | Epoch  29 | Train: Loss=0.8507, Acc=0.7385 | Val: Loss=1.1420, Acc=0.7367, F1=0.7112 | LR=0.000050 
2025-07-21 18:47:04 | INFO     | Epoch 30:
2025-07-21 18:47:04 | INFO     |   训练指标:
2025-07-21 18:47:04 | INFO     |     损失(ce): 0.683886
2025-07-21 18:47:04 | INFO     |     准确率: 0.774024
2025-07-21 18:47:04 | INFO     |     学习率: 0.00005000
2025-07-21 18:47:04 | INFO     |   验证指标(标准CE):
2025-07-21 18:47:04 | INFO     |     损失: 0.917145
2025-07-21 18:47:04 | INFO     |     准确率: 0.770771
2025-07-21 18:47:04 | INFO     |     F1(macro): 0.766986
2025-07-21 18:47:04 | INFO     |     F1(weighted): 0.769800
2025-07-21 18:47:04 | INFO     |     精确率: 0.767662
2025-07-21 18:47:04 | INFO     |     召回率: 0.769357
2025-07-21 18:47:04 | INFO     |   学习率调度器: f1_based
2025-07-21 18:47:04 | INFO     | ------------------------------------------------------------
2025-07-21 18:47:04 | INFO     | Epoch  30 | Train: Loss=0.6839, Acc=0.7740 | Val: Loss=0.9171, Acc=0.7708, F1=0.7698 | LR=0.000050 🏆 [最佳模型]
2025-07-21 18:47:52 | INFO     | Epoch 31:
2025-07-21 18:47:52 | INFO     |   训练指标:
2025-07-21 18:47:52 | INFO     |     损失(ce): 0.649621
2025-07-21 18:47:52 | INFO     |     准确率: 0.781281
2025-07-21 18:47:52 | INFO     |     学习率: 0.00005000
2025-07-21 18:47:52 | INFO     |   验证指标(标准CE):
2025-07-21 18:47:52 | INFO     |     损失: 1.022538
2025-07-21 18:47:52 | INFO     |     准确率: 0.770771
2025-07-21 18:47:52 | INFO     |     F1(macro): 0.765822
2025-07-21 18:47:52 | INFO     |     F1(weighted): 0.771186
2025-07-21 18:47:52 | INFO     |     精确率: 0.772522
2025-07-21 18:47:52 | INFO     |     召回率: 0.766346
2025-07-21 18:47:52 | INFO     |   学习率调度器: f1_based
2025-07-21 18:47:52 | INFO     | ------------------------------------------------------------
2025-07-21 18:47:52 | INFO     | Epoch  31 | Train: Loss=0.6496, Acc=0.7813 | Val: Loss=1.0225, Acc=0.7708, F1=0.7712 | LR=0.000050 🏆 [最佳模型]
2025-07-21 18:48:39 | INFO     | Epoch 32:
2025-07-21 18:48:39 | INFO     |   训练指标:
2025-07-21 18:48:39 | INFO     |     损失(ce): 0.579106
2025-07-21 18:48:39 | INFO     |     准确率: 0.802803
2025-07-21 18:48:39 | INFO     |     学习率: 0.00005000
2025-07-21 18:48:39 | INFO     |   验证指标(标准CE):
2025-07-21 18:48:39 | INFO     |     损失: 2.878098
2025-07-21 18:48:39 | INFO     |     准确率: 0.700701
2025-07-21 18:48:39 | INFO     |     F1(macro): 0.703313
2025-07-21 18:48:39 | INFO     |     F1(weighted): 0.703835
2025-07-21 18:48:39 | INFO     |     精确率: 0.735201
2025-07-21 18:48:39 | INFO     |     召回率: 0.699338
2025-07-21 18:48:39 | INFO     |   学习率调度器: f1_based
2025-07-21 18:48:39 | INFO     | ------------------------------------------------------------
2025-07-21 18:48:39 | INFO     | Epoch  32 | Train: Loss=0.5791, Acc=0.8028 | Val: Loss=2.8781, Acc=0.7007, F1=0.7038 | LR=0.000050 
2025-07-21 18:49:26 | INFO     | Epoch 33:
2025-07-21 18:49:26 | INFO     |   训练指标:
2025-07-21 18:49:26 | INFO     |     损失(ce): 0.593212
2025-07-21 18:49:26 | INFO     |     准确率: 0.804805
2025-07-21 18:49:26 | INFO     |     学习率: 0.00005000
2025-07-21 18:49:26 | INFO     |   验证指标(标准CE):
2025-07-21 18:49:26 | INFO     |     损失: 1.121747
2025-07-21 18:49:26 | INFO     |     准确率: 0.754755
2025-07-21 18:49:26 | INFO     |     F1(macro): 0.751509
2025-07-21 18:49:26 | INFO     |     F1(weighted): 0.754302
2025-07-21 18:49:26 | INFO     |     精确率: 0.758819
2025-07-21 18:49:26 | INFO     |     召回率: 0.754752
2025-07-21 18:49:26 | INFO     |   学习率调度器: f1_based
2025-07-21 18:49:26 | INFO     | ------------------------------------------------------------
2025-07-21 18:49:26 | INFO     | Epoch  33 | Train: Loss=0.5932, Acc=0.8048 | Val: Loss=1.1217, Acc=0.7548, F1=0.7543 | LR=0.000050 
2025-07-21 18:50:13 | INFO     | Epoch 34:
2025-07-21 18:50:13 | INFO     |   训练指标:
2025-07-21 18:50:13 | INFO     |     损失(ce): 0.579603
2025-07-21 18:50:13 | INFO     |     准确率: 0.806557
2025-07-21 18:50:13 | INFO     |     学习率: 0.00005000
2025-07-21 18:50:13 | INFO     |   验证指标(标准CE):
2025-07-21 18:50:13 | INFO     |     损失: 0.977175
2025-07-21 18:50:13 | INFO     |     准确率: 0.761762
2025-07-21 18:50:13 | INFO     |     F1(macro): 0.755640
2025-07-21 18:50:13 | INFO     |     F1(weighted): 0.757505
2025-07-21 18:50:13 | INFO     |     精确率: 0.782785
2025-07-21 18:50:13 | INFO     |     召回率: 0.764496
2025-07-21 18:50:13 | INFO     |   学习率调度器: f1_based
2025-07-21 18:50:13 | INFO     | ------------------------------------------------------------
2025-07-21 18:50:13 | INFO     | Epoch  34 | Train: Loss=0.5796, Acc=0.8066 | Val: Loss=0.9772, Acc=0.7618, F1=0.7575 | LR=0.000050 
2025-07-21 18:51:00 | INFO     | Epoch 35:
2025-07-21 18:51:00 | INFO     |   训练指标:
2025-07-21 18:51:00 | INFO     |     损失(ce): 0.539543
2025-07-21 18:51:00 | INFO     |     准确率: 0.822573
2025-07-21 18:51:00 | INFO     |     学习率: 0.00005000
2025-07-21 18:51:00 | INFO     |   验证指标(标准CE):
2025-07-21 18:51:00 | INFO     |     损失: 0.776130
2025-07-21 18:51:00 | INFO     |     准确率: 0.778779
2025-07-21 18:51:00 | INFO     |     F1(macro): 0.772165
2025-07-21 18:51:00 | INFO     |     F1(weighted): 0.775498
2025-07-21 18:51:00 | INFO     |     精确率: 0.773979
2025-07-21 18:51:00 | INFO     |     召回率: 0.777054
2025-07-21 18:51:00 | INFO     |   学习率调度器: f1_based
2025-07-21 18:51:00 | INFO     | ------------------------------------------------------------
2025-07-21 18:51:00 | INFO     | Epoch  35 | Train: Loss=0.5395, Acc=0.8226 | Val: Loss=0.7761, Acc=0.7788, F1=0.7755 | LR=0.000050 🏆 [最佳模型]
2025-07-21 18:51:48 | INFO     | Epoch 36:
2025-07-21 18:51:48 | INFO     |   训练指标:
2025-07-21 18:51:48 | INFO     |     损失(ce): 0.525274
2025-07-21 18:51:48 | INFO     |     准确率: 0.822573
2025-07-21 18:51:48 | INFO     |     学习率: 0.00005000
2025-07-21 18:51:48 | INFO     |   验证指标(标准CE):
2025-07-21 18:51:48 | INFO     |     损失: 0.884639
2025-07-21 18:51:48 | INFO     |     准确率: 0.783784
2025-07-21 18:51:48 | INFO     |     F1(macro): 0.777892
2025-07-21 18:51:48 | INFO     |     F1(weighted): 0.780299
2025-07-21 18:51:48 | INFO     |     精确率: 0.776536
2025-07-21 18:51:48 | INFO     |     召回率: 0.783957
2025-07-21 18:51:48 | INFO     |   学习率调度器: f1_based
2025-07-21 18:51:48 | INFO     | ------------------------------------------------------------
2025-07-21 18:51:48 | INFO     | Epoch  36 | Train: Loss=0.5253, Acc=0.8226 | Val: Loss=0.8846, Acc=0.7838, F1=0.7803 | LR=0.000050 🏆 [最佳模型]
2025-07-21 18:52:35 | INFO     | Epoch 37:
2025-07-21 18:52:35 | INFO     |   训练指标:
2025-07-21 18:52:35 | INFO     |     损失(ce): 0.565848
2025-07-21 18:52:35 | INFO     |     准确率: 0.824575
2025-07-21 18:52:35 | INFO     |     学习率: 0.00005000
2025-07-21 18:52:35 | INFO     |   验证指标(标准CE):
2025-07-21 18:52:35 | INFO     |     损失: 1.298551
2025-07-21 18:52:35 | INFO     |     准确率: 0.769770
2025-07-21 18:52:35 | INFO     |     F1(macro): 0.771042
2025-07-21 18:52:35 | INFO     |     F1(weighted): 0.774677
2025-07-21 18:52:35 | INFO     |     精确率: 0.780064
2025-07-21 18:52:35 | INFO     |     召回率: 0.770187
2025-07-21 18:52:35 | INFO     |   学习率调度器: f1_based
2025-07-21 18:52:35 | INFO     | ------------------------------------------------------------
2025-07-21 18:52:35 | INFO     | Epoch  37 | Train: Loss=0.5658, Acc=0.8246 | Val: Loss=1.2986, Acc=0.7698, F1=0.7747 | LR=0.000050 
2025-07-21 18:53:22 | INFO     | Epoch 38:
2025-07-21 18:53:22 | INFO     |   训练指标:
2025-07-21 18:53:22 | INFO     |     损失(ce): 0.500636
2025-07-21 18:53:22 | INFO     |     准确率: 0.839840
2025-07-21 18:53:22 | INFO     |     学习率: 0.00005000
2025-07-21 18:53:22 | INFO     |   验证指标(标准CE):
2025-07-21 18:53:22 | INFO     |     损失: 1.010575
2025-07-21 18:53:22 | INFO     |     准确率: 0.777778
2025-07-21 18:53:22 | INFO     |     F1(macro): 0.773503
2025-07-21 18:53:22 | INFO     |     F1(weighted): 0.776138
2025-07-21 18:53:22 | INFO     |     精确率: 0.773061
2025-07-21 18:53:22 | INFO     |     召回率: 0.776548
2025-07-21 18:53:22 | INFO     |   学习率调度器: f1_based
2025-07-21 18:53:22 | INFO     | ------------------------------------------------------------
2025-07-21 18:53:22 | INFO     | Epoch  38 | Train: Loss=0.5006, Acc=0.8398 | Val: Loss=1.0106, Acc=0.7778, F1=0.7761 | LR=0.000050 
2025-07-21 18:54:09 | INFO     | Epoch 39:
2025-07-21 18:54:09 | INFO     |   训练指标:
2025-07-21 18:54:09 | INFO     |     损失(ce): 0.461412
2025-07-21 18:54:09 | INFO     |     准确率: 0.836587
2025-07-21 18:54:09 | INFO     |     学习率: 0.00005000
2025-07-21 18:54:09 | INFO     |   验证指标(标准CE):
2025-07-21 18:54:09 | INFO     |     损失: 6.021562
2025-07-21 18:54:09 | INFO     |     准确率: 0.650651
2025-07-21 18:54:09 | INFO     |     F1(macro): 0.654986
2025-07-21 18:54:09 | INFO     |     F1(weighted): 0.655580
2025-07-21 18:54:09 | INFO     |     精确率: 0.722591
2025-07-21 18:54:09 | INFO     |     召回率: 0.652286
2025-07-21 18:54:09 | INFO     |   学习率调度器: f1_based
2025-07-21 18:54:09 | INFO     | ------------------------------------------------------------
2025-07-21 18:54:09 | INFO     | Epoch  39 | Train: Loss=0.4614, Acc=0.8366 | Val: Loss=6.0216, Acc=0.6507, F1=0.6556 | LR=0.000050 
2025-07-21 18:54:56 | INFO     | Epoch 40:
2025-07-21 18:54:56 | INFO     |   训练指标:
2025-07-21 18:54:56 | INFO     |     损失(ce): 0.493552
2025-07-21 18:54:56 | INFO     |     准确率: 0.837337
2025-07-21 18:54:56 | INFO     |     学习率: 0.00005000
2025-07-21 18:54:56 | INFO     |   验证指标(标准CE):
2025-07-21 18:54:56 | INFO     |     损失: 0.925325
2025-07-21 18:54:56 | INFO     |     准确率: 0.777778
2025-07-21 18:54:56 | INFO     |     F1(macro): 0.769184
2025-07-21 18:54:56 | INFO     |     F1(weighted): 0.772744
2025-07-21 18:54:56 | INFO     |     精确率: 0.771372
2025-07-21 18:54:56 | INFO     |     召回率: 0.774775
2025-07-21 18:54:56 | INFO     |   学习率调度器: f1_based
2025-07-21 18:54:56 | INFO     | ------------------------------------------------------------
2025-07-21 18:54:56 | INFO     | Epoch  40 | Train: Loss=0.4936, Acc=0.8373 | Val: Loss=0.9253, Acc=0.7778, F1=0.7727 | LR=0.000050 
2025-07-21 18:55:43 | INFO     | Epoch 41:
2025-07-21 18:55:43 | INFO     |   训练指标:
2025-07-21 18:55:43 | INFO     |     损失(ce): 0.438106
2025-07-21 18:55:43 | INFO     |     准确率: 0.847848
2025-07-21 18:55:43 | INFO     |     学习率: 0.00005000
2025-07-21 18:55:43 | INFO     |   验证指标(标准CE):
2025-07-21 18:55:43 | INFO     |     损失: 0.829923
2025-07-21 18:55:43 | INFO     |     准确率: 0.780781
2025-07-21 18:55:43 | INFO     |     F1(macro): 0.777860
2025-07-21 18:55:43 | INFO     |     F1(weighted): 0.779688
2025-07-21 18:55:43 | INFO     |     精确率: 0.777679
2025-07-21 18:55:43 | INFO     |     召回率: 0.780399
2025-07-21 18:55:43 | INFO     |   学习率调度器: f1_based
2025-07-21 18:55:43 | INFO     | ------------------------------------------------------------
2025-07-21 18:55:43 | INFO     | Epoch  41 | Train: Loss=0.4381, Acc=0.8478 | Val: Loss=0.8299, Acc=0.7808, F1=0.7797 | LR=0.000050 
2025-07-21 18:56:30 | INFO     | Epoch 42:
2025-07-21 18:56:30 | INFO     |   训练指标:
2025-07-21 18:56:30 | INFO     |     损失(ce): 0.460008
2025-07-21 18:56:30 | INFO     |     准确率: 0.847347
2025-07-21 18:56:30 | INFO     |     学习率: 0.00005000
2025-07-21 18:56:30 | INFO     |   验证指标(标准CE):
2025-07-21 18:56:30 | INFO     |     损失: 2.385079
2025-07-21 18:56:30 | INFO     |     准确率: 0.721722
2025-07-21 18:56:30 | INFO     |     F1(macro): 0.720216
2025-07-21 18:56:30 | INFO     |     F1(weighted): 0.721488
2025-07-21 18:56:30 | INFO     |     精确率: 0.739056
2025-07-21 18:56:30 | INFO     |     召回率: 0.721103
2025-07-21 18:56:30 | INFO     |   学习率调度器: f1_based
2025-07-21 18:56:30 | INFO     | ------------------------------------------------------------
2025-07-21 18:56:30 | INFO     | 🎯 学习率调整事件:
2025-07-21 18:56:30 | INFO     |   调度器类型: f1_based
2025-07-21 18:56:30 | INFO     |   学习率变化: 0.00005000 → 0.00002500
2025-07-21 18:56:30 | INFO     |   触发条件: F1分数 = 0.721488
2025-07-21 18:56:30 | INFO     |   变化幅度: -50.00%
2025-07-21 18:56:30 | INFO     | ------------------------------------------------------------
2025-07-21 18:56:30 | INFO     | Epoch  42 | Train: Loss=0.4600, Acc=0.8473 | Val: Loss=2.3851, Acc=0.7217, F1=0.7215 | LR=0.000025 
2025-07-21 18:57:18 | INFO     | Epoch 43:
2025-07-21 18:57:18 | INFO     |   训练指标:
2025-07-21 18:57:18 | INFO     |     损失(ce): 0.383950
2025-07-21 18:57:18 | INFO     |     准确率: 0.864114
2025-07-21 18:57:18 | INFO     |     学习率: 0.00002500
2025-07-21 18:57:18 | INFO     |   验证指标(标准CE):
2025-07-21 18:57:18 | INFO     |     损失: 2.728973
2025-07-21 18:57:18 | INFO     |     准确率: 0.705706
2025-07-21 18:57:18 | INFO     |     F1(macro): 0.712073
2025-07-21 18:57:18 | INFO     |     F1(weighted): 0.714000
2025-07-21 18:57:18 | INFO     |     精确率: 0.735493
2025-07-21 18:57:18 | INFO     |     召回率: 0.705624
2025-07-21 18:57:18 | INFO     |   学习率调度器: f1_based
2025-07-21 18:57:18 | INFO     | ------------------------------------------------------------
2025-07-21 18:57:18 | INFO     | Epoch  43 | Train: Loss=0.3839, Acc=0.8641 | Val: Loss=2.7290, Acc=0.7057, F1=0.7140 | LR=0.000025 
2025-07-21 18:58:06 | INFO     | Epoch 44:
2025-07-21 18:58:06 | INFO     |   训练指标:
2025-07-21 18:58:06 | INFO     |     损失(ce): 0.360388
2025-07-21 18:58:06 | INFO     |     准确率: 0.871121
2025-07-21 18:58:06 | INFO     |     学习率: 0.00002500
2025-07-21 18:58:06 | INFO     |   验证指标(标准CE):
2025-07-21 18:58:06 | INFO     |     损失: 5.077325
2025-07-21 18:58:06 | INFO     |     准确率: 0.685686
2025-07-21 18:58:06 | INFO     |     F1(macro): 0.685811
2025-07-21 18:58:06 | INFO     |     F1(weighted): 0.695126
2025-07-21 18:58:06 | INFO     |     精确率: 0.734101
2025-07-21 18:58:06 | INFO     |     召回率: 0.680751
2025-07-21 18:58:06 | INFO     |   学习率调度器: f1_based
2025-07-21 18:58:06 | INFO     | ------------------------------------------------------------
2025-07-21 18:58:06 | INFO     | Epoch  44 | Train: Loss=0.3604, Acc=0.8711 | Val: Loss=5.0773, Acc=0.6857, F1=0.6951 | LR=0.000025 
2025-07-21 18:58:53 | INFO     | Epoch 45:
2025-07-21 18:58:53 | INFO     |   训练指标:
2025-07-21 18:58:53 | INFO     |     损失(ce): 0.354188
2025-07-21 18:58:53 | INFO     |     准确率: 0.873373
2025-07-21 18:58:53 | INFO     |     学习率: 0.00002500
2025-07-21 18:58:53 | INFO     |   验证指标(标准CE):
2025-07-21 18:58:53 | INFO     |     损失: 0.997818
2025-07-21 18:58:53 | INFO     |     准确率: 0.778779
2025-07-21 18:58:53 | INFO     |     F1(macro): 0.775557
2025-07-21 18:58:53 | INFO     |     F1(weighted): 0.778149
2025-07-21 18:58:53 | INFO     |     精确率: 0.778119
2025-07-21 18:58:53 | INFO     |     召回率: 0.778236
2025-07-21 18:58:53 | INFO     |   学习率调度器: f1_based
2025-07-21 18:58:53 | INFO     | ------------------------------------------------------------
2025-07-21 18:58:53 | INFO     | Epoch  45 | Train: Loss=0.3542, Acc=0.8734 | Val: Loss=0.9978, Acc=0.7788, F1=0.7781 | LR=0.000025 
2025-07-21 18:59:40 | INFO     | Epoch 46:
2025-07-21 18:59:40 | INFO     |   训练指标:
2025-07-21 18:59:40 | INFO     |     损失(ce): 0.341287
2025-07-21 18:59:40 | INFO     |     准确率: 0.877377
2025-07-21 18:59:40 | INFO     |     学习率: 0.00002500
2025-07-21 18:59:40 | INFO     |   验证指标(标准CE):
2025-07-21 18:59:40 | INFO     |     损失: 0.943945
2025-07-21 18:59:40 | INFO     |     准确率: 0.785786
2025-07-21 18:59:40 | INFO     |     F1(macro): 0.781157
2025-07-21 18:59:40 | INFO     |     F1(weighted): 0.783722
2025-07-21 18:59:40 | INFO     |     精确率: 0.786820
2025-07-21 18:59:40 | INFO     |     召回率: 0.785329
2025-07-21 18:59:40 | INFO     |   学习率调度器: f1_based
2025-07-21 18:59:40 | INFO     | ------------------------------------------------------------
2025-07-21 18:59:40 | INFO     | Epoch  46 | Train: Loss=0.3413, Acc=0.8774 | Val: Loss=0.9439, Acc=0.7858, F1=0.7837 | LR=0.000025 🏆 [最佳模型]
2025-07-21 19:00:28 | INFO     | Epoch 47:
2025-07-21 19:00:28 | INFO     |   训练指标:
2025-07-21 19:00:28 | INFO     |     损失(ce): 0.334484
2025-07-21 19:00:28 | INFO     |     准确率: 0.872122
2025-07-21 19:00:28 | INFO     |     学习率: 0.00002500
2025-07-21 19:00:28 | INFO     |   验证指标(标准CE):
2025-07-21 19:00:28 | INFO     |     损失: 1.172795
2025-07-21 19:00:28 | INFO     |     准确率: 0.777778
2025-07-21 19:00:28 | INFO     |     F1(macro): 0.774652
2025-07-21 19:00:28 | INFO     |     F1(weighted): 0.778596
2025-07-21 19:00:28 | INFO     |     精确率: 0.775734
2025-07-21 19:00:28 | INFO     |     召回率: 0.775273
2025-07-21 19:00:28 | INFO     |   学习率调度器: f1_based
2025-07-21 19:00:28 | INFO     | ------------------------------------------------------------
2025-07-21 19:00:28 | INFO     | Epoch  47 | Train: Loss=0.3345, Acc=0.8721 | Val: Loss=1.1728, Acc=0.7778, F1=0.7786 | LR=0.000025 
2025-07-21 19:01:16 | INFO     | Epoch 48:
2025-07-21 19:01:16 | INFO     |   训练指标:
2025-07-21 19:01:16 | INFO     |     损失(ce): 0.343302
2025-07-21 19:01:16 | INFO     |     准确率: 0.887638
2025-07-21 19:01:16 | INFO     |     学习率: 0.00002500
2025-07-21 19:01:16 | INFO     |   验证指标(标准CE):
2025-07-21 19:01:16 | INFO     |     损失: 1.106541
2025-07-21 19:01:16 | INFO     |     准确率: 0.786787
2025-07-21 19:01:16 | INFO     |     F1(macro): 0.784750
2025-07-21 19:01:16 | INFO     |     F1(weighted): 0.787463
2025-07-21 19:01:16 | INFO     |     精确率: 0.791421
2025-07-21 19:01:16 | INFO     |     召回率: 0.787475
2025-07-21 19:01:16 | INFO     |   学习率调度器: f1_based
2025-07-21 19:01:16 | INFO     | ------------------------------------------------------------
2025-07-21 19:01:16 | INFO     | Epoch  48 | Train: Loss=0.3433, Acc=0.8876 | Val: Loss=1.1065, Acc=0.7868, F1=0.7875 | LR=0.000025 🏆 [最佳模型]
2025-07-21 19:02:04 | INFO     | Epoch 49:
2025-07-21 19:02:04 | INFO     |   训练指标:
2025-07-21 19:02:04 | INFO     |     损失(ce): 0.301807
2025-07-21 19:02:04 | INFO     |     准确率: 0.886386
2025-07-21 19:02:04 | INFO     |     学习率: 0.00002500
2025-07-21 19:02:04 | INFO     |   验证指标(标准CE):
2025-07-21 19:02:04 | INFO     |     损失: 1.095517
2025-07-21 19:02:04 | INFO     |     准确率: 0.784785
2025-07-21 19:02:04 | INFO     |     F1(macro): 0.782525
2025-07-21 19:02:04 | INFO     |     F1(weighted): 0.785424
2025-07-21 19:02:04 | INFO     |     精确率: 0.788489
2025-07-21 19:02:04 | INFO     |     召回率: 0.785723
2025-07-21 19:02:04 | INFO     |   学习率调度器: f1_based
2025-07-21 19:02:04 | INFO     | ------------------------------------------------------------
2025-07-21 19:02:04 | INFO     | Epoch  49 | Train: Loss=0.3018, Acc=0.8864 | Val: Loss=1.0955, Acc=0.7848, F1=0.7854 | LR=0.000025 
2025-07-21 19:02:53 | INFO     | Epoch 50:
2025-07-21 19:02:53 | INFO     |   训练指标:
2025-07-21 19:02:53 | INFO     |     损失(ce): 0.302773
2025-07-21 19:02:53 | INFO     |     准确率: 0.884134
2025-07-21 19:02:53 | INFO     |     学习率: 0.00002500
2025-07-21 19:02:53 | INFO     |   验证指标(标准CE):
2025-07-21 19:02:53 | INFO     |     损失: 1.664485
2025-07-21 19:02:53 | INFO     |     准确率: 0.756757
2025-07-21 19:02:53 | INFO     |     F1(macro): 0.757664
2025-07-21 19:02:53 | INFO     |     F1(weighted): 0.761648
2025-07-21 19:02:53 | INFO     |     精确率: 0.769535
2025-07-21 19:02:53 | INFO     |     召回率: 0.755662
2025-07-21 19:02:53 | INFO     |   学习率调度器: f1_based
2025-07-21 19:02:53 | INFO     | ------------------------------------------------------------
2025-07-21 19:02:53 | INFO     | Epoch  50 | Train: Loss=0.3028, Acc=0.8841 | Val: Loss=1.6645, Acc=0.7568, F1=0.7616 | LR=0.000025 
2025-07-21 19:03:41 | INFO     | Epoch 51:
2025-07-21 19:03:41 | INFO     |   训练指标:
2025-07-21 19:03:41 | INFO     |     损失(ce): 0.334538
2025-07-21 19:03:41 | INFO     |     准确率: 0.882633
2025-07-21 19:03:41 | INFO     |     学习率: 0.00002500
2025-07-21 19:03:41 | INFO     |   验证指标(标准CE):
2025-07-21 19:03:41 | INFO     |     损失: 0.922053
2025-07-21 19:03:41 | INFO     |     准确率: 0.812813
2025-07-21 19:03:41 | INFO     |     F1(macro): 0.811593
2025-07-21 19:03:41 | INFO     |     F1(weighted): 0.811943
2025-07-21 19:03:41 | INFO     |     精确率: 0.818040
2025-07-21 19:03:41 | INFO     |     召回率: 0.814129
2025-07-21 19:03:41 | INFO     |   学习率调度器: f1_based
2025-07-21 19:03:41 | INFO     | ------------------------------------------------------------
2025-07-21 19:03:41 | INFO     | Epoch  51 | Train: Loss=0.3345, Acc=0.8826 | Val: Loss=0.9221, Acc=0.8128, F1=0.8119 | LR=0.000025 🏆 [最佳模型]
2025-07-21 19:04:30 | INFO     | Epoch 52:
2025-07-21 19:04:30 | INFO     |   训练指标:
2025-07-21 19:04:30 | INFO     |     损失(ce): 0.329412
2025-07-21 19:04:30 | INFO     |     准确率: 0.886386
2025-07-21 19:04:30 | INFO     |     学习率: 0.00002500
2025-07-21 19:04:30 | INFO     |   验证指标(标准CE):
2025-07-21 19:04:30 | INFO     |     损失: 1.060932
2025-07-21 19:04:30 | INFO     |     准确率: 0.795796
2025-07-21 19:04:30 | INFO     |     F1(macro): 0.791159
2025-07-21 19:04:30 | INFO     |     F1(weighted): 0.793185
2025-07-21 19:04:30 | INFO     |     精确率: 0.795479
2025-07-21 19:04:30 | INFO     |     召回率: 0.798400
2025-07-21 19:04:30 | INFO     |   学习率调度器: f1_based
2025-07-21 19:04:30 | INFO     | ------------------------------------------------------------
2025-07-21 19:04:30 | INFO     | Epoch  52 | Train: Loss=0.3294, Acc=0.8864 | Val: Loss=1.0609, Acc=0.7958, F1=0.7932 | LR=0.000025 
2025-07-21 19:05:19 | INFO     | Epoch 53:
2025-07-21 19:05:19 | INFO     |   训练指标:
2025-07-21 19:05:19 | INFO     |     损失(ce): 0.290802
2025-07-21 19:05:19 | INFO     |     准确率: 0.892392
2025-07-21 19:05:19 | INFO     |     学习率: 0.00002500
2025-07-21 19:05:19 | INFO     |   验证指标(标准CE):
2025-07-21 19:05:19 | INFO     |     损失: 1.082920
2025-07-21 19:05:19 | INFO     |     准确率: 0.784785
2025-07-21 19:05:19 | INFO     |     F1(macro): 0.779445
2025-07-21 19:05:19 | INFO     |     F1(weighted): 0.782181
2025-07-21 19:05:19 | INFO     |     精确率: 0.793850
2025-07-21 19:05:19 | INFO     |     召回率: 0.787176
2025-07-21 19:05:19 | INFO     |   学习率调度器: f1_based
2025-07-21 19:05:19 | INFO     | ------------------------------------------------------------
2025-07-21 19:05:19 | INFO     | Epoch  53 | Train: Loss=0.2908, Acc=0.8924 | Val: Loss=1.0829, Acc=0.7848, F1=0.7822 | LR=0.000025 
2025-07-21 19:06:08 | INFO     | Epoch 54:
2025-07-21 19:06:08 | INFO     |   训练指标:
2025-07-21 19:06:08 | INFO     |     损失(ce): 0.312840
2025-07-21 19:06:08 | INFO     |     准确率: 0.891391
2025-07-21 19:06:08 | INFO     |     学习率: 0.00002500
2025-07-21 19:06:08 | INFO     |   验证指标(标准CE):
2025-07-21 19:06:08 | INFO     |     损失: 1.431881
2025-07-21 19:06:08 | INFO     |     准确率: 0.743744
2025-07-21 19:06:08 | INFO     |     F1(macro): 0.750083
2025-07-21 19:06:08 | INFO     |     F1(weighted): 0.753576
2025-07-21 19:06:08 | INFO     |     精确率: 0.771185
2025-07-21 19:06:08 | INFO     |     召回率: 0.741819
2025-07-21 19:06:08 | INFO     |   学习率调度器: f1_based
2025-07-21 19:06:08 | INFO     | ------------------------------------------------------------
2025-07-21 19:06:08 | INFO     | Epoch  54 | Train: Loss=0.3128, Acc=0.8914 | Val: Loss=1.4319, Acc=0.7437, F1=0.7536 | LR=0.000025 
2025-07-21 19:06:56 | INFO     | Epoch 55:
2025-07-21 19:06:56 | INFO     |   训练指标:
2025-07-21 19:06:56 | INFO     |     损失(ce): 0.282996
2025-07-21 19:06:56 | INFO     |     准确率: 0.893894
2025-07-21 19:06:56 | INFO     |     学习率: 0.00002500
2025-07-21 19:06:56 | INFO     |   验证指标(标准CE):
2025-07-21 19:06:56 | INFO     |     损失: 1.269018
2025-07-21 19:06:56 | INFO     |     准确率: 0.757758
2025-07-21 19:06:56 | INFO     |     F1(macro): 0.755991
2025-07-21 19:06:56 | INFO     |     F1(weighted): 0.759838
2025-07-21 19:06:56 | INFO     |     精确率: 0.762846
2025-07-21 19:06:56 | INFO     |     召回率: 0.756422
2025-07-21 19:06:56 | INFO     |   学习率调度器: f1_based
2025-07-21 19:06:56 | INFO     | ------------------------------------------------------------
2025-07-21 19:06:56 | INFO     | Epoch  55 | Train: Loss=0.2830, Acc=0.8939 | Val: Loss=1.2690, Acc=0.7578, F1=0.7598 | LR=0.000025 
2025-07-21 19:07:45 | INFO     | Epoch 56:
2025-07-21 19:07:45 | INFO     |   训练指标:
2025-07-21 19:07:45 | INFO     |     损失(ce): 0.300311
2025-07-21 19:07:45 | INFO     |     准确率: 0.892893
2025-07-21 19:07:45 | INFO     |     学习率: 0.00002500
2025-07-21 19:07:45 | INFO     |   验证指标(标准CE):
2025-07-21 19:07:45 | INFO     |     损失: 1.209391
2025-07-21 19:07:45 | INFO     |     准确率: 0.784785
2025-07-21 19:07:45 | INFO     |     F1(macro): 0.784677
2025-07-21 19:07:45 | INFO     |     F1(weighted): 0.786357
2025-07-21 19:07:45 | INFO     |     精确率: 0.791889
2025-07-21 19:07:45 | INFO     |     召回率: 0.785770
2025-07-21 19:07:45 | INFO     |   学习率调度器: f1_based
2025-07-21 19:07:45 | INFO     | ------------------------------------------------------------
2025-07-21 19:07:45 | INFO     | Epoch  56 | Train: Loss=0.3003, Acc=0.8929 | Val: Loss=1.2094, Acc=0.7848, F1=0.7864 | LR=0.000025 
2025-07-21 19:08:34 | INFO     | Epoch 57:
2025-07-21 19:08:34 | INFO     |   训练指标:
2025-07-21 19:08:34 | INFO     |     损失(ce): 0.304704
2025-07-21 19:08:34 | INFO     |     准确率: 0.899149
2025-07-21 19:08:34 | INFO     |     学习率: 0.00002500
2025-07-21 19:08:34 | INFO     |   验证指标(标准CE):
2025-07-21 19:08:34 | INFO     |     损失: 1.751678
2025-07-21 19:08:34 | INFO     |     准确率: 0.769770
2025-07-21 19:08:34 | INFO     |     F1(macro): 0.764712
2025-07-21 19:08:34 | INFO     |     F1(weighted): 0.771140
2025-07-21 19:08:34 | INFO     |     精确率: 0.780948
2025-07-21 19:08:34 | INFO     |     召回率: 0.763862
2025-07-21 19:08:34 | INFO     |   学习率调度器: f1_based
2025-07-21 19:08:34 | INFO     | ------------------------------------------------------------
2025-07-21 19:08:34 | INFO     | 🎯 学习率调整事件:
2025-07-21 19:08:34 | INFO     |   调度器类型: f1_based
2025-07-21 19:08:34 | INFO     |   学习率变化: 0.00002500 → 0.00001250
2025-07-21 19:08:34 | INFO     |   触发条件: F1分数 = 0.771140
2025-07-21 19:08:34 | INFO     |   变化幅度: -50.00%
2025-07-21 19:08:34 | INFO     | ------------------------------------------------------------
2025-07-21 19:08:34 | INFO     | Epoch  57 | Train: Loss=0.3047, Acc=0.8991 | Val: Loss=1.7517, Acc=0.7698, F1=0.7711 | LR=0.000013 
2025-07-21 19:09:23 | INFO     | Epoch 58:
2025-07-21 19:09:23 | INFO     |   训练指标:
2025-07-21 19:09:23 | INFO     |     损失(ce): 0.274626
2025-07-21 19:09:23 | INFO     |     准确率: 0.900901
2025-07-21 19:09:23 | INFO     |     学习率: 0.00001250
2025-07-21 19:09:23 | INFO     |   验证指标(标准CE):
2025-07-21 19:09:23 | INFO     |     损失: 0.984174
2025-07-21 19:09:23 | INFO     |     准确率: 0.800801
2025-07-21 19:09:23 | INFO     |     F1(macro): 0.796063
2025-07-21 19:09:23 | INFO     |     F1(weighted): 0.798238
2025-07-21 19:09:23 | INFO     |     精确率: 0.797763
2025-07-21 19:09:23 | INFO     |     召回率: 0.800408
2025-07-21 19:09:23 | INFO     |   学习率调度器: f1_based
2025-07-21 19:09:23 | INFO     | ------------------------------------------------------------
2025-07-21 19:09:23 | INFO     | Epoch  58 | Train: Loss=0.2746, Acc=0.9009 | Val: Loss=0.9842, Acc=0.8008, F1=0.7982 | LR=0.000013 
2025-07-21 19:10:11 | INFO     | Epoch 59:
2025-07-21 19:10:11 | INFO     |   训练指标:
2025-07-21 19:10:11 | INFO     |     损失(ce): 0.241874
2025-07-21 19:10:11 | INFO     |     准确率: 0.912913
2025-07-21 19:10:11 | INFO     |     学习率: 0.00001250
2025-07-21 19:10:11 | INFO     |   验证指标(标准CE):
2025-07-21 19:10:11 | INFO     |     损失: 1.126873
2025-07-21 19:10:11 | INFO     |     准确率: 0.791792
2025-07-21 19:10:11 | INFO     |     F1(macro): 0.788639
2025-07-21 19:10:11 | INFO     |     F1(weighted): 0.790155
2025-07-21 19:10:11 | INFO     |     精确率: 0.794438
2025-07-21 19:10:11 | INFO     |     召回率: 0.793970
2025-07-21 19:10:11 | INFO     |   学习率调度器: f1_based
2025-07-21 19:10:11 | INFO     | ------------------------------------------------------------
2025-07-21 19:10:11 | INFO     | Epoch  59 | Train: Loss=0.2419, Acc=0.9129 | Val: Loss=1.1269, Acc=0.7918, F1=0.7902 | LR=0.000013 
2025-07-21 19:11:00 | INFO     | Epoch 60:
2025-07-21 19:11:00 | INFO     |   训练指标:
2025-07-21 19:11:00 | INFO     |     损失(ce): 0.221777
2025-07-21 19:11:00 | INFO     |     准确率: 0.913163
2025-07-21 19:11:00 | INFO     |     学习率: 0.00001250
2025-07-21 19:11:00 | INFO     |   验证指标(标准CE):
2025-07-21 19:11:00 | INFO     |     损失: 1.240313
2025-07-21 19:11:00 | INFO     |     准确率: 0.780781
2025-07-21 19:11:00 | INFO     |     F1(macro): 0.778315
2025-07-21 19:11:00 | INFO     |     F1(weighted): 0.779476
2025-07-21 19:11:00 | INFO     |     精确率: 0.779810
2025-07-21 19:11:00 | INFO     |     召回率: 0.782814
2025-07-21 19:11:00 | INFO     |   学习率调度器: f1_based
2025-07-21 19:11:00 | INFO     | ------------------------------------------------------------
2025-07-21 19:11:00 | INFO     | Epoch  60 | Train: Loss=0.2218, Acc=0.9132 | Val: Loss=1.2403, Acc=0.7808, F1=0.7795 | LR=0.000013 
2025-07-21 19:11:48 | INFO     | Epoch 61:
2025-07-21 19:11:48 | INFO     |   训练指标:
2025-07-21 19:11:48 | INFO     |     损失(ce): 0.238498
2025-07-21 19:11:48 | INFO     |     准确率: 0.912412
2025-07-21 19:11:48 | INFO     |     学习率: 0.00001250
2025-07-21 19:11:48 | INFO     |   验证指标(标准CE):
2025-07-21 19:11:48 | INFO     |     损失: 3.750190
2025-07-21 19:11:48 | INFO     |     准确率: 0.693694
2025-07-21 19:11:48 | INFO     |     F1(macro): 0.693692
2025-07-21 19:11:48 | INFO     |     F1(weighted): 0.699394
2025-07-21 19:11:48 | INFO     |     精确率: 0.734617
2025-07-21 19:11:48 | INFO     |     召回率: 0.690973
2025-07-21 19:11:48 | INFO     |   学习率调度器: f1_based
2025-07-21 19:11:48 | INFO     | ------------------------------------------------------------
2025-07-21 19:11:48 | INFO     | Epoch  61 | Train: Loss=0.2385, Acc=0.9124 | Val: Loss=3.7502, Acc=0.6937, F1=0.6994 | LR=0.000013 
2025-07-21 19:12:37 | INFO     | Epoch 62:
2025-07-21 19:12:37 | INFO     |   训练指标:
2025-07-21 19:12:37 | INFO     |     损失(ce): 0.223841
2025-07-21 19:12:37 | INFO     |     准确率: 0.912412
2025-07-21 19:12:37 | INFO     |     学习率: 0.00001250
2025-07-21 19:12:37 | INFO     |   验证指标(标准CE):
2025-07-21 19:12:37 | INFO     |     损失: 1.270256
2025-07-21 19:12:37 | INFO     |     准确率: 0.784785
2025-07-21 19:12:37 | INFO     |     F1(macro): 0.783080
2025-07-21 19:12:37 | INFO     |     F1(weighted): 0.784879
2025-07-21 19:12:37 | INFO     |     精确率: 0.793499
2025-07-21 19:12:37 | INFO     |     召回率: 0.786558
2025-07-21 19:12:37 | INFO     |   学习率调度器: f1_based
2025-07-21 19:12:37 | INFO     | ------------------------------------------------------------
2025-07-21 19:12:37 | INFO     | Epoch  62 | Train: Loss=0.2238, Acc=0.9124 | Val: Loss=1.2703, Acc=0.7848, F1=0.7849 | LR=0.000013 
2025-07-21 19:13:26 | INFO     | Epoch 63:
2025-07-21 19:13:26 | INFO     |   训练指标:
2025-07-21 19:13:26 | INFO     |     损失(ce): 0.228338
2025-07-21 19:13:26 | INFO     |     准确率: 0.918418
2025-07-21 19:13:26 | INFO     |     学习率: 0.00001250
2025-07-21 19:13:26 | INFO     |   验证指标(标准CE):
2025-07-21 19:13:26 | INFO     |     损失: 1.245812
2025-07-21 19:13:26 | INFO     |     准确率: 0.788789
2025-07-21 19:13:26 | INFO     |     F1(macro): 0.788002
2025-07-21 19:13:26 | INFO     |     F1(weighted): 0.789869
2025-07-21 19:13:26 | INFO     |     精确率: 0.792715
2025-07-21 19:13:26 | INFO     |     召回率: 0.790443
2025-07-21 19:13:26 | INFO     |   学习率调度器: f1_based
2025-07-21 19:13:26 | INFO     | ------------------------------------------------------------
2025-07-21 19:13:26 | INFO     | Epoch  63 | Train: Loss=0.2283, Acc=0.9184 | Val: Loss=1.2458, Acc=0.7888, F1=0.7899 | LR=0.000013 
2025-07-21 19:14:14 | INFO     | Epoch 64:
2025-07-21 19:14:14 | INFO     |   训练指标:
2025-07-21 19:14:14 | INFO     |     损失(ce): 0.225686
2025-07-21 19:14:14 | INFO     |     准确率: 0.914164
2025-07-21 19:14:14 | INFO     |     学习率: 0.00001250
2025-07-21 19:14:14 | INFO     |   验证指标(标准CE):
2025-07-21 19:14:14 | INFO     |     损失: 1.364400
2025-07-21 19:14:14 | INFO     |     准确率: 0.788789
2025-07-21 19:14:14 | INFO     |     F1(macro): 0.785378
2025-07-21 19:14:14 | INFO     |     F1(weighted): 0.787976
2025-07-21 19:14:14 | INFO     |     精确率: 0.790288
2025-07-21 19:14:14 | INFO     |     召回率: 0.789224
2025-07-21 19:14:14 | INFO     |   学习率调度器: f1_based
2025-07-21 19:14:14 | INFO     | ------------------------------------------------------------
2025-07-21 19:14:14 | INFO     | Epoch  64 | Train: Loss=0.2257, Acc=0.9142 | Val: Loss=1.3644, Acc=0.7888, F1=0.7880 | LR=0.000013 
2025-07-21 19:15:03 | INFO     | Epoch 65:
2025-07-21 19:15:03 | INFO     |   训练指标:
2025-07-21 19:15:03 | INFO     |     损失(ce): 0.238028
2025-07-21 19:15:03 | INFO     |     准确率: 0.912913
2025-07-21 19:15:03 | INFO     |     学习率: 0.00001250
2025-07-21 19:15:03 | INFO     |   验证指标(标准CE):
2025-07-21 19:15:03 | INFO     |     损失: 1.414793
2025-07-21 19:15:03 | INFO     |     准确率: 0.774775
2025-07-21 19:15:03 | INFO     |     F1(macro): 0.776799
2025-07-21 19:15:03 | INFO     |     F1(weighted): 0.779491
2025-07-21 19:15:03 | INFO     |     精确率: 0.783943
2025-07-21 19:15:03 | INFO     |     召回率: 0.773890
2025-07-21 19:15:03 | INFO     |   学习率调度器: f1_based
2025-07-21 19:15:03 | INFO     | ------------------------------------------------------------
2025-07-21 19:15:03 | INFO     | 🎯 学习率调整事件:
2025-07-21 19:15:03 | INFO     |   调度器类型: f1_based
2025-07-21 19:15:03 | INFO     |   学习率变化: 0.00001250 → 0.00000625
2025-07-21 19:15:03 | INFO     |   触发条件: F1分数 = 0.779491
2025-07-21 19:15:03 | INFO     |   变化幅度: -50.00%
2025-07-21 19:15:03 | INFO     | ------------------------------------------------------------
2025-07-21 19:15:03 | INFO     | Epoch  65 | Train: Loss=0.2380, Acc=0.9129 | Val: Loss=1.4148, Acc=0.7748, F1=0.7795 | LR=0.000006 
2025-07-21 19:15:53 | INFO     | Epoch 66:
2025-07-21 19:15:53 | INFO     |   训练指标:
2025-07-21 19:15:53 | INFO     |     损失(ce): 0.214290
2025-07-21 19:15:53 | INFO     |     准确率: 0.919670
2025-07-21 19:15:53 | INFO     |     学习率: 0.00000625
2025-07-21 19:15:53 | INFO     |   验证指标(标准CE):
2025-07-21 19:15:53 | INFO     |     损失: 1.602873
2025-07-21 19:15:53 | INFO     |     准确率: 0.769770
2025-07-21 19:15:53 | INFO     |     F1(macro): 0.767241
2025-07-21 19:15:53 | INFO     |     F1(weighted): 0.769123
2025-07-21 19:15:53 | INFO     |     精确率: 0.778530
2025-07-21 19:15:53 | INFO     |     召回率: 0.771737
2025-07-21 19:15:53 | INFO     |   学习率调度器: f1_based
2025-07-21 19:15:53 | INFO     | ------------------------------------------------------------
2025-07-21 19:15:53 | INFO     | Epoch  66 | Train: Loss=0.2143, Acc=0.9197 | Val: Loss=1.6029, Acc=0.7698, F1=0.7691 | LR=0.000006 
2025-07-21 19:15:53 | INFO     | ⏹️ 早停触发，在第 66 轮停止训练
2025-07-21 19:15:58 | INFO     | 训练历史已保存到: ./result/0721_1823_DualGAF_SimpleGAFNet_dilated_enhanced_sl96_step96_fd128_extractor-dilated_gaf-adaptive_attention-channel_classifier-mlp_stat-basic_fusion-concat/training_history.csv
2025-07-21 19:15:58 | INFO     | 
====================================================================================================
2025-07-21 19:15:58 | INFO     | 🎉 训练完成总结:
2025-07-21 19:15:58 | INFO     |   训练损失函数: ce
2025-07-21 19:15:58 | INFO     |   验证损失函数: 标准交叉熵（遵循主流ML规范）
2025-07-21 19:15:58 | INFO     |   训练过程最佳验证准确率: 0.8128
2025-07-21 19:15:58 | INFO     |   训练过程最佳验证F1(macro): 0.8116
2025-07-21 19:15:58 | INFO     |   训练过程最佳验证F1(weighted): 0.8119
2025-07-21 19:15:58 | INFO     |   训练轮数: 66
2025-07-21 19:15:58 | INFO     | --------------------------------------------------
2025-07-21 19:15:58 | INFO     | 📊 最佳模型真实性能指标（基于标准交叉熵损失）:
2025-07-21 19:15:58 | INFO     |   验证损失(标准CE): 0.9155
2025-07-21 19:15:58 | INFO     |   验证准确率: 0.8128
2025-07-21 19:15:58 | INFO     |   验证F1(macro): 0.8116
2025-07-21 19:15:58 | INFO     |   验证F1(weighted): 0.8119
2025-07-21 19:15:58 | INFO     |   验证精确率: 0.8180
2025-07-21 19:15:58 | INFO     |   验证召回率: 0.8141
2025-07-21 19:15:58 | INFO     | ====================================================================================================
2025-07-21 19:16:01 | INFO     | ================================================================================
2025-07-21 19:16:01 | INFO     | 实验日志结束: DualGAF_SimpleGAFNet_dilated_enhanced_sl96_step96_fd128_extractor-dilated_gaf-adaptive_attention-channel_classifier-mlp_stat-basic_fusion-concat
2025-07-21 19:16:01 | INFO     | 结束时间: 2025-07-21 19:16:01
2025-07-21 19:16:01 | INFO     | ================================================================================
