2025-07-27 13:54:58 | INFO     | ================================================================================
2025-07-27 13:54:58 | INFO     | 实验日志开始: DualGAF_SimpleGAFNet_消融-直接卷积-resnet_sl96_step96_fd128_extractor-dilated_gaf-adaptive_attention-channel_classifier-mlp_stat-basic_fusion-concat
2025-07-27 13:54:58 | INFO     | 日志文件: ./result/0727_1354_DualGAF_SimpleGAFNet_消融-直接卷积-resnet_sl96_step96_fd128_extractor-dilated_gaf-adaptive_attention-channel_classifier-mlp_stat-basic_fusion-concat/training.log
2025-07-27 13:54:58 | INFO     | 开始时间: 2025-07-27 13:54:58
2025-07-27 13:54:58 | INFO     | ================================================================================
2025-07-27 13:54:58 | INFO     | ⚙️ 实验配置:
2025-07-27 13:54:58 | INFO     |    task_name: classification
2025-07-27 13:54:58 | INFO     |    is_training: 1
2025-07-27 13:54:58 | INFO     |    model_id: test
2025-07-27 13:54:58 | INFO     |    model: SimpleGAFNet
2025-07-27 13:54:58 | INFO     |    data: DualGAF
2025-07-27 13:54:58 | INFO     |    root_path: ./dataset/SAHU/direct_5_working
2025-07-27 13:54:58 | INFO     |    step: 96
2025-07-27 13:54:58 | INFO     |    checkpoints: ./checkpoints/
2025-07-27 13:54:58 | INFO     |    num_class: 9
2025-07-27 13:54:58 | INFO     |    result_path: ./result/
2025-07-27 13:54:58 | INFO     |    test_size: 0.2
2025-07-27 13:54:58 | INFO     |    rows: None
2025-07-27 13:54:58 | INFO     |    seq_len: 96
2025-07-27 13:54:58 | INFO     |    enc_in: 26
2025-07-27 13:54:58 | INFO     |    d_model: 512
2025-07-27 13:54:58 | INFO     |    n_heads: 8
2025-07-27 13:54:58 | INFO     |    e_layers: 2
2025-07-27 13:54:58 | INFO     |    d_layers: 1
2025-07-27 13:54:58 | INFO     |    d_ff: 2048
2025-07-27 13:54:58 | INFO     |    moving_avg: 25
2025-07-27 13:54:58 | INFO     |    factor: 1
2025-07-27 13:54:58 | INFO     |    distil: True
2025-07-27 13:54:58 | INFO     |    dropout: 0.1
2025-07-27 13:54:58 | INFO     |    embed: timeF
2025-07-27 13:54:58 | INFO     |    activation: gelu
2025-07-27 13:54:58 | INFO     |    use_norm: 1
2025-07-27 13:54:58 | INFO     |    gaf_method: summation
2025-07-27 13:54:58 | INFO     |    feature_dim: 128
2025-07-27 13:54:58 | INFO     |    data_type_method: uint8
2025-07-27 13:54:58 | INFO     |    use_attention: True
2025-07-27 13:54:58 | INFO     |    hidden_dim: 64
2025-07-27 13:54:58 | INFO     |    sample_size: 1000
2025-07-27 13:54:58 | INFO     |    channel_groups: None
2025-07-27 13:54:58 | INFO     |    hvac_groups: None
2025-07-27 13:54:58 | INFO     |    extractor_type: dilated
2025-07-27 13:54:58 | INFO     |    fusion_type: adaptive
2025-07-27 13:54:58 | INFO     |    attention_type: channel
2025-07-27 13:54:58 | INFO     |    classifier_type: mlp
2025-07-27 13:54:58 | INFO     |    use_statistical_features: True
2025-07-27 13:54:58 | INFO     |    stat_type: basic
2025-07-27 13:54:58 | INFO     |    multimodal_fusion_strategy: concat
2025-07-27 13:54:58 | INFO     |    use_signal_level_stats: False
2025-07-27 13:54:58 | INFO     |    signal_stat_type: comprehensive
2025-07-27 13:54:58 | INFO     |    signal_stat_fusion_strategy: concat_project
2025-07-27 13:54:58 | INFO     |    signal_stat_feature_dim: 32
2025-07-27 13:54:58 | INFO     |    use_diff_branch: True
2025-07-27 13:54:58 | INFO     |    ablation_mode: none
2025-07-27 13:54:58 | INFO     |    backbone_type: resnet34
2025-07-27 13:54:58 | INFO     |    use_sum_branch: True
2025-07-27 13:54:58 | INFO     |    num_workers: 0
2025-07-27 13:54:58 | INFO     |    cuda_debug: False
2025-07-27 13:54:58 | INFO     |    gpu_memory_fraction: 0.9
2025-07-27 13:54:58 | INFO     |    safe_mode: True
2025-07-27 13:54:58 | INFO     |    drop_last_batch: True
2025-07-27 13:54:58 | INFO     |    itr: 1
2025-07-27 13:54:58 | INFO     |    train_epochs: 300
2025-07-27 13:54:58 | INFO     |    batch_size: 4
2025-07-27 13:54:58 | INFO     |    patience: 15
2025-07-27 13:54:58 | INFO     |    learning_rate: 0.0001
2025-07-27 13:54:58 | INFO     |    des: 消融-直接卷积-resnet
2025-07-27 13:54:58 | INFO     |    loss: MSE
2025-07-27 13:54:58 | INFO     |    lradj: type1
2025-07-27 13:54:58 | INFO     |    lr_scheduler_type: f1_based
2025-07-27 13:54:58 | INFO     |    lr_loss_weight: 0.3
2025-07-27 13:54:58 | INFO     |    lr_f1_weight: 0.7
2025-07-27 13:54:58 | INFO     |    use_amp: False
2025-07-27 13:54:58 | INFO     |    gradient_accumulation_steps: 2
2025-07-27 13:54:58 | INFO     |    enable_auto_gradient_accumulation: True
2025-07-27 13:54:58 | INFO     |    loss_type: ce
2025-07-27 13:54:58 | INFO     |    label_smoothing: 0.1
2025-07-27 13:54:58 | INFO     |    focal_alpha: 1.0
2025-07-27 13:54:58 | INFO     |    focal_gamma: 2.0
2025-07-27 13:54:58 | INFO     |    confidence_penalty_beta: 0.1
2025-07-27 13:54:58 | INFO     |    use_timm_loss: True
2025-07-27 13:54:58 | INFO     |    adaptive_initial_smoothing: 0.2
2025-07-27 13:54:58 | INFO     |    adaptive_final_smoothing: 0.05
2025-07-27 13:54:58 | INFO     |    adaptive_decay_epochs: 30
2025-07-27 13:54:58 | INFO     |    enable_class_weights: False
2025-07-27 13:54:58 | INFO     |    class_weights: None
2025-07-27 13:54:58 | INFO     |    loss_preset: None
2025-07-27 13:54:58 | INFO     |    n_jobs: 1
2025-07-27 13:54:58 | INFO     |    use_multiprocessing: False
2025-07-27 13:54:58 | INFO     |    chunk_size: 800
2025-07-27 13:54:58 | INFO     |    disable_parallel: True
2025-07-27 13:54:58 | INFO     |    use_shared_memory: False
2025-07-27 13:54:58 | INFO     |    disable_shared_memory: False
2025-07-27 13:54:58 | INFO     |    use_gpu: True
2025-07-27 13:54:58 | INFO     |    gpu: 0
2025-07-27 13:54:58 | INFO     |    gpu_type: cuda
2025-07-27 13:54:58 | INFO     |    use_multi_gpu: False
2025-07-27 13:54:58 | INFO     |    devices: 0,1,2,3
2025-07-27 13:54:58 | INFO     |    device: cuda:0
2025-07-27 13:54:58 | INFO     |    feature_columns: ['CHWC_VLV', 'CHWC_VLV_DM', 'MA_TEMP', 'OA_CFM', 'OA_DMPR', 'OA_DMPR_DM', 'OA_TEMP', 'RA_CFM', 'RA_DMPR', 'RA_DMPR_DM', 'RA_TEMP', 'RF_CS', 'RF_SPD', 'RF_WAT', 'SA_CFM', 'SA_SP', 'SA_SPSPT', 'SA_TEMP', 'SF_CS', 'SF_SPD', 'SF_WAT', 'ZONE_TEMP_1', 'ZONE_TEMP_2', 'ZONE_TEMP_3', 'ZONE_TEMP_4', 'ZONE_TEMP_5']
2025-07-27 13:54:58 | INFO     | 🏗️ 模型信息:
2025-07-27 13:54:58 | INFO     |    模型类型: Model
2025-07-27 13:54:58 | INFO     |    总参数数量: 21,321,481
2025-07-27 13:54:58 | INFO     |    可训练参数: 21,321,481
2025-07-27 13:54:58 | INFO     |    模型大小估计: 81.33 MB
2025-07-27 13:54:58 | INFO     | 📊 数据集信息:
2025-07-27 13:54:58 | INFO     |    训练集大小: 3996
2025-07-27 13:54:58 | INFO     |    验证集大小: 999
2025-07-27 13:54:58 | INFO     | 
================================================================================
2025-07-27 13:54:58 | INFO     | 📋 损失函数使用策略（遵循主流机器学习规范）:
2025-07-27 13:54:58 | INFO     |    🎯 训练阶段: 使用 ce 损失函数
2025-07-27 13:54:58 | INFO     |       → 目的：优化模型参数，解决特定问题（类别不平衡、相似性等）
2025-07-27 13:54:58 | INFO     |    📊 验证阶段: 使用标准交叉熵损失函数
2025-07-27 13:54:58 | INFO     |       → 目的：客观评估模型性能，便于不同方法比较
2025-07-27 13:54:58 | INFO     |    📈 最终报告: 基于标准交叉熵损失的指标
2025-07-27 13:54:58 | INFO     |       → 目的：提供可信、可比较的性能指标
2025-07-27 13:54:58 | INFO     | ================================================================================

2025-07-27 13:54:58 | INFO     | 🔄 梯度累积配置: 每2轮累积一次梯度
2025-07-27 13:54:58 | INFO     |    实际batch_size: 4
2025-07-27 13:54:58 | INFO     |    有效batch_size: 8
2025-07-27 13:55:22 | INFO     | Epoch 1:
2025-07-27 13:55:22 | INFO     |   训练指标:
2025-07-27 13:55:22 | INFO     |     损失(ce): 2.183534
2025-07-27 13:55:22 | INFO     |     准确率: 0.228478
2025-07-27 13:55:22 | INFO     |     学习率: 0.00010000
2025-07-27 13:55:22 | INFO     |   验证指标(标准CE):
2025-07-27 13:55:22 | INFO     |     损失: 1.424279
2025-07-27 13:55:22 | INFO     |     准确率: 0.466466
2025-07-27 13:55:22 | INFO     |     F1(macro): 0.451935
2025-07-27 13:55:22 | INFO     |     F1(weighted): 0.453820
2025-07-27 13:55:22 | INFO     |     精确率: 0.477090
2025-07-27 13:55:22 | INFO     |     召回率: 0.467541
2025-07-27 13:55:22 | INFO     |   学习率调度器: f1_based
2025-07-27 13:55:22 | INFO     | ------------------------------------------------------------
2025-07-27 13:55:22 | INFO     | Epoch   1 | Train: Loss=2.1835, Acc=0.2285 | Val: Loss=1.4243, Acc=0.4665, F1=0.4538 | LR=0.000100 🏆 [最佳模型]
2025-07-27 13:55:45 | INFO     | Epoch 2:
2025-07-27 13:55:45 | INFO     |   训练指标:
2025-07-27 13:55:45 | INFO     |     损失(ce): 1.628856
2025-07-27 13:55:45 | INFO     |     准确率: 0.430681
2025-07-27 13:55:45 | INFO     |     学习率: 0.00010000
2025-07-27 13:55:45 | INFO     |   验证指标(标准CE):
2025-07-27 13:55:45 | INFO     |     损失: 1.240874
2025-07-27 13:55:45 | INFO     |     准确率: 0.544545
2025-07-27 13:55:45 | INFO     |     F1(macro): 0.505139
2025-07-27 13:55:45 | INFO     |     F1(weighted): 0.513959
2025-07-27 13:55:45 | INFO     |     精确率: 0.562022
2025-07-27 13:55:45 | INFO     |     召回率: 0.537031
2025-07-27 13:55:45 | INFO     |   学习率调度器: f1_based
2025-07-27 13:55:45 | INFO     | ------------------------------------------------------------
2025-07-27 13:55:45 | INFO     | Epoch   2 | Train: Loss=1.6289, Acc=0.4307 | Val: Loss=1.2409, Acc=0.5445, F1=0.5140 | LR=0.000100 🏆 [最佳模型]
2025-07-27 13:56:09 | INFO     | Epoch 3:
2025-07-27 13:56:09 | INFO     |   训练指标:
2025-07-27 13:56:09 | INFO     |     损失(ce): 1.345578
2025-07-27 13:56:09 | INFO     |     准确率: 0.526777
2025-07-27 13:56:09 | INFO     |     学习率: 0.00010000
2025-07-27 13:56:09 | INFO     |   验证指标(标准CE):
2025-07-27 13:56:09 | INFO     |     损失: 0.955830
2025-07-27 13:56:09 | INFO     |     准确率: 0.624625
2025-07-27 13:56:09 | INFO     |     F1(macro): 0.587658
2025-07-27 13:56:09 | INFO     |     F1(weighted): 0.593720
2025-07-27 13:56:09 | INFO     |     精确率: 0.584172
2025-07-27 13:56:09 | INFO     |     召回率: 0.619442
2025-07-27 13:56:09 | INFO     |   学习率调度器: f1_based
2025-07-27 13:56:09 | INFO     | ------------------------------------------------------------
2025-07-27 13:56:09 | INFO     | Epoch   3 | Train: Loss=1.3456, Acc=0.5268 | Val: Loss=0.9558, Acc=0.6246, F1=0.5937 | LR=0.000100 🏆 [最佳模型]
2025-07-27 13:56:32 | INFO     | Epoch 4:
2025-07-27 13:56:32 | INFO     |   训练指标:
2025-07-27 13:56:32 | INFO     |     损失(ce): 1.173641
2025-07-27 13:56:32 | INFO     |     准确率: 0.582332
2025-07-27 13:56:32 | INFO     |     学习率: 0.00010000
2025-07-27 13:56:32 | INFO     |   验证指标(标准CE):
2025-07-27 13:56:32 | INFO     |     损失: 0.799233
2025-07-27 13:56:32 | INFO     |     准确率: 0.680681
2025-07-27 13:56:32 | INFO     |     F1(macro): 0.654489
2025-07-27 13:56:32 | INFO     |     F1(weighted): 0.655491
2025-07-27 13:56:32 | INFO     |     精确率: 0.684745
2025-07-27 13:56:32 | INFO     |     召回率: 0.678392
2025-07-27 13:56:32 | INFO     |   学习率调度器: f1_based
2025-07-27 13:56:32 | INFO     | ------------------------------------------------------------
2025-07-27 13:56:32 | INFO     | Epoch   4 | Train: Loss=1.1736, Acc=0.5823 | Val: Loss=0.7992, Acc=0.6807, F1=0.6555 | LR=0.000100 🏆 [最佳模型]
2025-07-27 13:56:55 | INFO     | Epoch 5:
2025-07-27 13:56:55 | INFO     |   训练指标:
2025-07-27 13:56:55 | INFO     |     损失(ce): 1.031181
2025-07-27 13:56:55 | INFO     |     准确率: 0.636887
2025-07-27 13:56:55 | INFO     |     学习率: 0.00010000
2025-07-27 13:56:55 | INFO     |   验证指标(标准CE):
2025-07-27 13:56:55 | INFO     |     损失: 0.830365
2025-07-27 13:56:55 | INFO     |     准确率: 0.659660
2025-07-27 13:56:55 | INFO     |     F1(macro): 0.646259
2025-07-27 13:56:55 | INFO     |     F1(weighted): 0.653573
2025-07-27 13:56:55 | INFO     |     精确率: 0.734495
2025-07-27 13:56:55 | INFO     |     召回率: 0.653571
2025-07-27 13:56:55 | INFO     |   学习率调度器: f1_based
2025-07-27 13:56:55 | INFO     | ------------------------------------------------------------
2025-07-27 13:56:55 | INFO     | Epoch   5 | Train: Loss=1.0312, Acc=0.6369 | Val: Loss=0.8304, Acc=0.6597, F1=0.6536 | LR=0.000100 
2025-07-27 13:57:18 | INFO     | Epoch 6:
2025-07-27 13:57:18 | INFO     |   训练指标:
2025-07-27 13:57:18 | INFO     |     损失(ce): 0.898727
2025-07-27 13:57:18 | INFO     |     准确率: 0.679179
2025-07-27 13:57:18 | INFO     |     学习率: 0.00010000
2025-07-27 13:57:18 | INFO     |   验证指标(标准CE):
2025-07-27 13:57:18 | INFO     |     损失: 0.738398
2025-07-27 13:57:18 | INFO     |     准确率: 0.700701
2025-07-27 13:57:18 | INFO     |     F1(macro): 0.686065
2025-07-27 13:57:18 | INFO     |     F1(weighted): 0.689388
2025-07-27 13:57:18 | INFO     |     精确率: 0.683128
2025-07-27 13:57:18 | INFO     |     召回率: 0.698009
2025-07-27 13:57:18 | INFO     |   学习率调度器: f1_based
2025-07-27 13:57:18 | INFO     | ------------------------------------------------------------
2025-07-27 13:57:18 | INFO     | Epoch   6 | Train: Loss=0.8987, Acc=0.6792 | Val: Loss=0.7384, Acc=0.7007, F1=0.6894 | LR=0.000100 🏆 [最佳模型]
2025-07-27 13:57:41 | INFO     | Epoch 7:
2025-07-27 13:57:41 | INFO     |   训练指标:
2025-07-27 13:57:41 | INFO     |     损失(ce): 0.834762
2025-07-27 13:57:41 | INFO     |     准确率: 0.700701
2025-07-27 13:57:41 | INFO     |     学习率: 0.00010000
2025-07-27 13:57:41 | INFO     |   验证指标(标准CE):
2025-07-27 13:57:41 | INFO     |     损失: 0.708527
2025-07-27 13:57:41 | INFO     |     准确率: 0.714715
2025-07-27 13:57:41 | INFO     |     F1(macro): 0.719740
2025-07-27 13:57:41 | INFO     |     F1(weighted): 0.723127
2025-07-27 13:57:41 | INFO     |     精确率: 0.745452
2025-07-27 13:57:41 | INFO     |     召回率: 0.713804
2025-07-27 13:57:41 | INFO     |   学习率调度器: f1_based
2025-07-27 13:57:41 | INFO     | ------------------------------------------------------------
2025-07-27 13:57:41 | INFO     | Epoch   7 | Train: Loss=0.8348, Acc=0.7007 | Val: Loss=0.7085, Acc=0.7147, F1=0.7231 | LR=0.000100 🏆 [最佳模型]
2025-07-27 13:58:05 | INFO     | Epoch 8:
2025-07-27 13:58:05 | INFO     |   训练指标:
2025-07-27 13:58:05 | INFO     |     损失(ce): 0.778732
2025-07-27 13:58:05 | INFO     |     准确率: 0.708208
2025-07-27 13:58:05 | INFO     |     学习率: 0.00010000
2025-07-27 13:58:05 | INFO     |   验证指标(标准CE):
2025-07-27 13:58:05 | INFO     |     损失: 0.683541
2025-07-27 13:58:05 | INFO     |     准确率: 0.731732
2025-07-27 13:58:05 | INFO     |     F1(macro): 0.716139
2025-07-27 13:58:05 | INFO     |     F1(weighted): 0.717499
2025-07-27 13:58:05 | INFO     |     精确率: 0.742699
2025-07-27 13:58:05 | INFO     |     召回率: 0.731680
2025-07-27 13:58:05 | INFO     |   学习率调度器: f1_based
2025-07-27 13:58:05 | INFO     | ------------------------------------------------------------
2025-07-27 13:58:05 | INFO     | Epoch   8 | Train: Loss=0.7787, Acc=0.7082 | Val: Loss=0.6835, Acc=0.7317, F1=0.7175 | LR=0.000100 
2025-07-27 13:58:27 | INFO     | Epoch 9:
2025-07-27 13:58:27 | INFO     |   训练指标:
2025-07-27 13:58:27 | INFO     |     损失(ce): 0.737843
2025-07-27 13:58:27 | INFO     |     准确率: 0.723724
2025-07-27 13:58:27 | INFO     |     学习率: 0.00010000
2025-07-27 13:58:27 | INFO     |   验证指标(标准CE):
2025-07-27 13:58:27 | INFO     |     损失: 0.631496
2025-07-27 13:58:27 | INFO     |     准确率: 0.750751
2025-07-27 13:58:27 | INFO     |     F1(macro): 0.741776
2025-07-27 13:58:27 | INFO     |     F1(weighted): 0.745798
2025-07-27 13:58:27 | INFO     |     精确率: 0.753477
2025-07-27 13:58:27 | INFO     |     召回率: 0.744928
2025-07-27 13:58:27 | INFO     |   学习率调度器: f1_based
2025-07-27 13:58:27 | INFO     | ------------------------------------------------------------
2025-07-27 13:58:27 | INFO     | Epoch   9 | Train: Loss=0.7378, Acc=0.7237 | Val: Loss=0.6315, Acc=0.7508, F1=0.7458 | LR=0.000100 🏆 [最佳模型]
2025-07-27 13:58:51 | INFO     | Epoch 10:
2025-07-27 13:58:51 | INFO     |   训练指标:
2025-07-27 13:58:51 | INFO     |     损失(ce): 0.680415
2025-07-27 13:58:51 | INFO     |     准确率: 0.748999
2025-07-27 13:58:51 | INFO     |     学习率: 0.00010000
2025-07-27 13:58:51 | INFO     |   验证指标(标准CE):
2025-07-27 13:58:51 | INFO     |     损失: 0.759141
2025-07-27 13:58:51 | INFO     |     准确率: 0.723724
2025-07-27 13:58:51 | INFO     |     F1(macro): 0.702730
2025-07-27 13:58:51 | INFO     |     F1(weighted): 0.704163
2025-07-27 13:58:51 | INFO     |     精确率: 0.724576
2025-07-27 13:58:51 | INFO     |     召回率: 0.722842
2025-07-27 13:58:51 | INFO     |   学习率调度器: f1_based
2025-07-27 13:58:51 | INFO     | ------------------------------------------------------------
2025-07-27 13:58:51 | INFO     | Epoch  10 | Train: Loss=0.6804, Acc=0.7490 | Val: Loss=0.7591, Acc=0.7237, F1=0.7042 | LR=0.000100 
2025-07-27 13:59:13 | INFO     | Epoch 11:
2025-07-27 13:59:13 | INFO     |   训练指标:
2025-07-27 13:59:13 | INFO     |     损失(ce): 0.660218
2025-07-27 13:59:13 | INFO     |     准确率: 0.755506
2025-07-27 13:59:13 | INFO     |     学习率: 0.00010000
2025-07-27 13:59:13 | INFO     |   验证指标(标准CE):
2025-07-27 13:59:13 | INFO     |     损失: 0.640107
2025-07-27 13:59:13 | INFO     |     准确率: 0.740741
2025-07-27 13:59:13 | INFO     |     F1(macro): 0.732438
2025-07-27 13:59:13 | INFO     |     F1(weighted): 0.735540
2025-07-27 13:59:13 | INFO     |     精确率: 0.736288
2025-07-27 13:59:13 | INFO     |     召回率: 0.739953
2025-07-27 13:59:13 | INFO     |   学习率调度器: f1_based
2025-07-27 13:59:13 | INFO     | ------------------------------------------------------------
2025-07-27 13:59:13 | INFO     | Epoch  11 | Train: Loss=0.6602, Acc=0.7555 | Val: Loss=0.6401, Acc=0.7407, F1=0.7355 | LR=0.000100 
2025-07-27 13:59:36 | INFO     | Epoch 12:
2025-07-27 13:59:36 | INFO     |   训练指标:
2025-07-27 13:59:36 | INFO     |     损失(ce): 0.621837
2025-07-27 13:59:36 | INFO     |     准确率: 0.769269
2025-07-27 13:59:36 | INFO     |     学习率: 0.00010000
2025-07-27 13:59:36 | INFO     |   验证指标(标准CE):
2025-07-27 13:59:36 | INFO     |     损失: 0.622240
2025-07-27 13:59:36 | INFO     |     准确率: 0.733734
2025-07-27 13:59:36 | INFO     |     F1(macro): 0.726242
2025-07-27 13:59:36 | INFO     |     F1(weighted): 0.727626
2025-07-27 13:59:36 | INFO     |     精确率: 0.728042
2025-07-27 13:59:36 | INFO     |     召回率: 0.735334
2025-07-27 13:59:36 | INFO     |   学习率调度器: f1_based
2025-07-27 13:59:36 | INFO     | ------------------------------------------------------------
2025-07-27 13:59:36 | INFO     | Epoch  12 | Train: Loss=0.6218, Acc=0.7693 | Val: Loss=0.6222, Acc=0.7337, F1=0.7276 | LR=0.000100 
2025-07-27 13:59:59 | INFO     | Epoch 13:
2025-07-27 13:59:59 | INFO     |   训练指标:
2025-07-27 13:59:59 | INFO     |     损失(ce): 0.579769
2025-07-27 13:59:59 | INFO     |     准确率: 0.775025
2025-07-27 13:59:59 | INFO     |     学习率: 0.00010000
2025-07-27 13:59:59 | INFO     |   验证指标(标准CE):
2025-07-27 13:59:59 | INFO     |     损失: 0.614725
2025-07-27 13:59:59 | INFO     |     准确率: 0.755756
2025-07-27 13:59:59 | INFO     |     F1(macro): 0.742830
2025-07-27 13:59:59 | INFO     |     F1(weighted): 0.744317
2025-07-27 13:59:59 | INFO     |     精确率: 0.745272
2025-07-27 13:59:59 | INFO     |     召回率: 0.756837
2025-07-27 13:59:59 | INFO     |   学习率调度器: f1_based
2025-07-27 13:59:59 | INFO     | ------------------------------------------------------------
2025-07-27 13:59:59 | INFO     | Epoch  13 | Train: Loss=0.5798, Acc=0.7750 | Val: Loss=0.6147, Acc=0.7558, F1=0.7443 | LR=0.000100 
2025-07-27 14:00:22 | INFO     | Epoch 14:
2025-07-27 14:00:22 | INFO     |   训练指标:
2025-07-27 14:00:22 | INFO     |     损失(ce): 0.542845
2025-07-27 14:00:22 | INFO     |     准确率: 0.797297
2025-07-27 14:00:22 | INFO     |     学习率: 0.00010000
2025-07-27 14:00:22 | INFO     |   验证指标(标准CE):
2025-07-27 14:00:22 | INFO     |     损失: 0.712166
2025-07-27 14:00:22 | INFO     |     准确率: 0.754755
2025-07-27 14:00:22 | INFO     |     F1(macro): 0.739051
2025-07-27 14:00:22 | INFO     |     F1(weighted): 0.744577
2025-07-27 14:00:22 | INFO     |     精确率: 0.750766
2025-07-27 14:00:22 | INFO     |     召回率: 0.750027
2025-07-27 14:00:22 | INFO     |   学习率调度器: f1_based
2025-07-27 14:00:22 | INFO     | ------------------------------------------------------------
2025-07-27 14:00:22 | INFO     | Epoch  14 | Train: Loss=0.5428, Acc=0.7973 | Val: Loss=0.7122, Acc=0.7548, F1=0.7446 | LR=0.000100 
2025-07-27 14:00:45 | INFO     | Epoch 15:
2025-07-27 14:00:45 | INFO     |   训练指标:
2025-07-27 14:00:45 | INFO     |     损失(ce): 0.526959
2025-07-27 14:00:45 | INFO     |     准确率: 0.801301
2025-07-27 14:00:45 | INFO     |     学习率: 0.00010000
2025-07-27 14:00:45 | INFO     |   验证指标(标准CE):
2025-07-27 14:00:45 | INFO     |     损失: 0.634356
2025-07-27 14:00:45 | INFO     |     准确率: 0.762763
2025-07-27 14:00:45 | INFO     |     F1(macro): 0.763498
2025-07-27 14:00:45 | INFO     |     F1(weighted): 0.766357
2025-07-27 14:00:45 | INFO     |     精确率: 0.770695
2025-07-27 14:00:45 | INFO     |     召回率: 0.763246
2025-07-27 14:00:45 | INFO     |   学习率调度器: f1_based
2025-07-27 14:00:45 | INFO     | ------------------------------------------------------------
2025-07-27 14:00:45 | INFO     | Epoch  15 | Train: Loss=0.5270, Acc=0.8013 | Val: Loss=0.6344, Acc=0.7628, F1=0.7664 | LR=0.000100 🏆 [最佳模型]
2025-07-27 14:01:08 | INFO     | Epoch 16:
2025-07-27 14:01:08 | INFO     |   训练指标:
2025-07-27 14:01:08 | INFO     |     损失(ce): 0.487844
2025-07-27 14:01:08 | INFO     |     准确率: 0.812563
2025-07-27 14:01:08 | INFO     |     学习率: 0.00010000
2025-07-27 14:01:08 | INFO     |   验证指标(标准CE):
2025-07-27 14:01:08 | INFO     |     损失: 0.571633
2025-07-27 14:01:08 | INFO     |     准确率: 0.781782
2025-07-27 14:01:08 | INFO     |     F1(macro): 0.774627
2025-07-27 14:01:08 | INFO     |     F1(weighted): 0.776506
2025-07-27 14:01:08 | INFO     |     精确率: 0.779720
2025-07-27 14:01:08 | INFO     |     召回率: 0.782892
2025-07-27 14:01:08 | INFO     |   学习率调度器: f1_based
2025-07-27 14:01:08 | INFO     | ------------------------------------------------------------
2025-07-27 14:01:08 | INFO     | Epoch  16 | Train: Loss=0.4878, Acc=0.8126 | Val: Loss=0.5716, Acc=0.7818, F1=0.7765 | LR=0.000100 🏆 [最佳模型]
2025-07-27 14:01:31 | INFO     | Epoch 17:
2025-07-27 14:01:31 | INFO     |   训练指标:
2025-07-27 14:01:31 | INFO     |     损失(ce): 0.482696
2025-07-27 14:01:31 | INFO     |     准确率: 0.812312
2025-07-27 14:01:31 | INFO     |     学习率: 0.00010000
2025-07-27 14:01:31 | INFO     |   验证指标(标准CE):
2025-07-27 14:01:31 | INFO     |     损失: 0.582486
2025-07-27 14:01:31 | INFO     |     准确率: 0.765766
2025-07-27 14:01:31 | INFO     |     F1(macro): 0.755655
2025-07-27 14:01:31 | INFO     |     F1(weighted): 0.757311
2025-07-27 14:01:31 | INFO     |     精确率: 0.757810
2025-07-27 14:01:31 | INFO     |     召回率: 0.767651
2025-07-27 14:01:31 | INFO     |   学习率调度器: f1_based
2025-07-27 14:01:31 | INFO     | ------------------------------------------------------------
2025-07-27 14:01:31 | INFO     | Epoch  17 | Train: Loss=0.4827, Acc=0.8123 | Val: Loss=0.5825, Acc=0.7658, F1=0.7573 | LR=0.000100 
2025-07-27 14:02:18 | INFO     | Epoch 18:
2025-07-27 14:02:18 | INFO     |   训练指标:
2025-07-27 14:02:18 | INFO     |     损失(ce): 0.455648
2025-07-27 14:02:18 | INFO     |     准确率: 0.821572
2025-07-27 14:02:18 | INFO     |     学习率: 0.00010000
2025-07-27 14:02:18 | INFO     |   验证指标(标准CE):
2025-07-27 14:02:18 | INFO     |     损失: 0.595434
2025-07-27 14:02:18 | INFO     |     准确率: 0.764765
2025-07-27 14:02:18 | INFO     |     F1(macro): 0.757379
2025-07-27 14:02:18 | INFO     |     F1(weighted): 0.761732
2025-07-27 14:02:18 | INFO     |     精确率: 0.760209
2025-07-27 14:02:18 | INFO     |     召回率: 0.761585
2025-07-27 14:02:18 | INFO     |   学习率调度器: f1_based
2025-07-27 14:02:18 | INFO     | ------------------------------------------------------------
2025-07-27 14:02:18 | INFO     | Epoch  18 | Train: Loss=0.4556, Acc=0.8216 | Val: Loss=0.5954, Acc=0.7648, F1=0.7617 | LR=0.000100 
2025-07-27 14:03:11 | INFO     | Epoch 19:
2025-07-27 14:03:11 | INFO     |   训练指标:
2025-07-27 14:03:11 | INFO     |     损失(ce): 0.441822
2025-07-27 14:03:11 | INFO     |     准确率: 0.831081
2025-07-27 14:03:11 | INFO     |     学习率: 0.00010000
2025-07-27 14:03:11 | INFO     |   验证指标(标准CE):
2025-07-27 14:03:11 | INFO     |     损失: 0.594875
2025-07-27 14:03:11 | INFO     |     准确率: 0.784785
2025-07-27 14:03:11 | INFO     |     F1(macro): 0.772173
2025-07-27 14:03:11 | INFO     |     F1(weighted): 0.772934
2025-07-27 14:03:11 | INFO     |     精确率: 0.787466
2025-07-27 14:03:11 | INFO     |     召回率: 0.785241
2025-07-27 14:03:11 | INFO     |   学习率调度器: f1_based
2025-07-27 14:03:11 | INFO     | ------------------------------------------------------------
2025-07-27 14:03:11 | INFO     | Epoch  19 | Train: Loss=0.4418, Acc=0.8311 | Val: Loss=0.5949, Acc=0.7848, F1=0.7729 | LR=0.000100 
2025-07-27 14:04:03 | INFO     | Epoch 20:
2025-07-27 14:04:03 | INFO     |   训练指标:
2025-07-27 14:04:03 | INFO     |     损失(ce): 0.427521
2025-07-27 14:04:03 | INFO     |     准确率: 0.839089
2025-07-27 14:04:03 | INFO     |     学习率: 0.00010000
2025-07-27 14:04:03 | INFO     |   验证指标(标准CE):
2025-07-27 14:04:03 | INFO     |     损失: 0.552411
2025-07-27 14:04:03 | INFO     |     准确率: 0.792793
2025-07-27 14:04:03 | INFO     |     F1(macro): 0.791131
2025-07-27 14:04:03 | INFO     |     F1(weighted): 0.793677
2025-07-27 14:04:03 | INFO     |     精确率: 0.796829
2025-07-27 14:04:03 | INFO     |     召回率: 0.790123
2025-07-27 14:04:03 | INFO     |   学习率调度器: f1_based
2025-07-27 14:04:03 | INFO     | ------------------------------------------------------------
2025-07-27 14:04:03 | INFO     | Epoch  20 | Train: Loss=0.4275, Acc=0.8391 | Val: Loss=0.5524, Acc=0.7928, F1=0.7937 | LR=0.000100 🏆 [最佳模型]
2025-07-27 14:04:56 | INFO     | Epoch 21:
2025-07-27 14:04:56 | INFO     |   训练指标:
2025-07-27 14:04:56 | INFO     |     损失(ce): 0.416577
2025-07-27 14:04:56 | INFO     |     准确率: 0.838338
2025-07-27 14:04:56 | INFO     |     学习率: 0.00010000
2025-07-27 14:04:56 | INFO     |   验证指标(标准CE):
2025-07-27 14:04:56 | INFO     |     损失: 0.552426
2025-07-27 14:04:56 | INFO     |     准确率: 0.812813
2025-07-27 14:04:56 | INFO     |     F1(macro): 0.809192
2025-07-27 14:04:56 | INFO     |     F1(weighted): 0.811817
2025-07-27 14:04:56 | INFO     |     精确率: 0.815583
2025-07-27 14:04:56 | INFO     |     召回率: 0.810876
2025-07-27 14:04:56 | INFO     |   学习率调度器: f1_based
2025-07-27 14:04:56 | INFO     | ------------------------------------------------------------
2025-07-27 14:04:56 | INFO     | Epoch  21 | Train: Loss=0.4166, Acc=0.8383 | Val: Loss=0.5524, Acc=0.8128, F1=0.8118 | LR=0.000100 🏆 [最佳模型]
2025-07-27 14:05:49 | INFO     | Epoch 22:
2025-07-27 14:05:49 | INFO     |   训练指标:
2025-07-27 14:05:49 | INFO     |     损失(ce): 0.403431
2025-07-27 14:05:49 | INFO     |     准确率: 0.846346
2025-07-27 14:05:49 | INFO     |     学习率: 0.00010000
2025-07-27 14:05:49 | INFO     |   验证指标(标准CE):
2025-07-27 14:05:49 | INFO     |     损失: 0.680554
2025-07-27 14:05:49 | INFO     |     准确率: 0.782783
2025-07-27 14:05:49 | INFO     |     F1(macro): 0.775895
2025-07-27 14:05:49 | INFO     |     F1(weighted): 0.780969
2025-07-27 14:05:49 | INFO     |     精确率: 0.782850
2025-07-27 14:05:49 | INFO     |     召回率: 0.775827
2025-07-27 14:05:49 | INFO     |   学习率调度器: f1_based
2025-07-27 14:05:49 | INFO     | ------------------------------------------------------------
2025-07-27 14:05:49 | INFO     | Epoch  22 | Train: Loss=0.4034, Acc=0.8463 | Val: Loss=0.6806, Acc=0.7828, F1=0.7810 | LR=0.000100 
2025-07-27 14:06:42 | INFO     | Epoch 23:
2025-07-27 14:06:42 | INFO     |   训练指标:
2025-07-27 14:06:42 | INFO     |     损失(ce): 0.389207
2025-07-27 14:06:42 | INFO     |     准确率: 0.845596
2025-07-27 14:06:42 | INFO     |     学习率: 0.00010000
2025-07-27 14:06:42 | INFO     |   验证指标(标准CE):
2025-07-27 14:06:42 | INFO     |     损失: 0.530673
2025-07-27 14:06:42 | INFO     |     准确率: 0.801802
2025-07-27 14:06:42 | INFO     |     F1(macro): 0.796881
2025-07-27 14:06:42 | INFO     |     F1(weighted): 0.797552
2025-07-27 14:06:42 | INFO     |     精确率: 0.808500
2025-07-27 14:06:42 | INFO     |     召回率: 0.804615
2025-07-27 14:06:42 | INFO     |   学习率调度器: f1_based
2025-07-27 14:06:42 | INFO     | ------------------------------------------------------------
2025-07-27 14:06:42 | INFO     | Epoch  23 | Train: Loss=0.3892, Acc=0.8456 | Val: Loss=0.5307, Acc=0.8018, F1=0.7976 | LR=0.000100 
2025-07-27 14:07:36 | INFO     | Epoch 24:
2025-07-27 14:07:36 | INFO     |   训练指标:
2025-07-27 14:07:36 | INFO     |     损失(ce): 0.364095
2025-07-27 14:07:36 | INFO     |     准确率: 0.857608
2025-07-27 14:07:36 | INFO     |     学习率: 0.00010000
2025-07-27 14:07:36 | INFO     |   验证指标(标准CE):
2025-07-27 14:07:36 | INFO     |     损失: 0.568292
2025-07-27 14:07:36 | INFO     |     准确率: 0.805806
2025-07-27 14:07:36 | INFO     |     F1(macro): 0.801555
2025-07-27 14:07:36 | INFO     |     F1(weighted): 0.803641
2025-07-27 14:07:36 | INFO     |     精确率: 0.823103
2025-07-27 14:07:36 | INFO     |     召回率: 0.805858
2025-07-27 14:07:36 | INFO     |   学习率调度器: f1_based
2025-07-27 14:07:36 | INFO     | ------------------------------------------------------------
2025-07-27 14:07:36 | INFO     | Epoch  24 | Train: Loss=0.3641, Acc=0.8576 | Val: Loss=0.5683, Acc=0.8058, F1=0.8036 | LR=0.000100 
2025-07-27 14:08:28 | INFO     | Epoch 25:
2025-07-27 14:08:28 | INFO     |   训练指标:
2025-07-27 14:08:28 | INFO     |     损失(ce): 0.348174
2025-07-27 14:08:28 | INFO     |     准确率: 0.862613
2025-07-27 14:08:28 | INFO     |     学习率: 0.00010000
2025-07-27 14:08:28 | INFO     |   验证指标(标准CE):
2025-07-27 14:08:28 | INFO     |     损失: 0.636594
2025-07-27 14:08:28 | INFO     |     准确率: 0.791792
2025-07-27 14:08:28 | INFO     |     F1(macro): 0.785842
2025-07-27 14:08:28 | INFO     |     F1(weighted): 0.789878
2025-07-27 14:08:28 | INFO     |     精确率: 0.787938
2025-07-27 14:08:28 | INFO     |     召回率: 0.788595
2025-07-27 14:08:28 | INFO     |   学习率调度器: f1_based
2025-07-27 14:08:28 | INFO     | ------------------------------------------------------------
2025-07-27 14:08:28 | INFO     | Epoch  25 | Train: Loss=0.3482, Acc=0.8626 | Val: Loss=0.6366, Acc=0.7918, F1=0.7899 | LR=0.000100 
2025-07-27 14:09:21 | INFO     | Epoch 26:
2025-07-27 14:09:21 | INFO     |   训练指标:
2025-07-27 14:09:21 | INFO     |     损失(ce): 0.355233
2025-07-27 14:09:21 | INFO     |     准确率: 0.863864
2025-07-27 14:09:21 | INFO     |     学习率: 0.00010000
2025-07-27 14:09:21 | INFO     |   验证指标(标准CE):
2025-07-27 14:09:21 | INFO     |     损失: 0.594032
2025-07-27 14:09:21 | INFO     |     准确率: 0.797798
2025-07-27 14:09:21 | INFO     |     F1(macro): 0.793860
2025-07-27 14:09:21 | INFO     |     F1(weighted): 0.795779
2025-07-27 14:09:21 | INFO     |     精确率: 0.806480
2025-07-27 14:09:21 | INFO     |     召回率: 0.798050
2025-07-27 14:09:21 | INFO     |   学习率调度器: f1_based
2025-07-27 14:09:21 | INFO     | ------------------------------------------------------------
2025-07-27 14:09:21 | INFO     | Epoch  26 | Train: Loss=0.3552, Acc=0.8639 | Val: Loss=0.5940, Acc=0.7978, F1=0.7958 | LR=0.000100 
2025-07-27 14:10:13 | INFO     | Epoch 27:
2025-07-27 14:10:13 | INFO     |   训练指标:
2025-07-27 14:10:13 | INFO     |     损失(ce): 0.340391
2025-07-27 14:10:13 | INFO     |     准确率: 0.869119
2025-07-27 14:10:13 | INFO     |     学习率: 0.00010000
2025-07-27 14:10:13 | INFO     |   验证指标(标准CE):
2025-07-27 14:10:13 | INFO     |     损失: 0.632647
2025-07-27 14:10:13 | INFO     |     准确率: 0.793794
2025-07-27 14:10:13 | INFO     |     F1(macro): 0.787870
2025-07-27 14:10:13 | INFO     |     F1(weighted): 0.792085
2025-07-27 14:10:13 | INFO     |     精确率: 0.790032
2025-07-27 14:10:13 | INFO     |     召回率: 0.789600
2025-07-27 14:10:13 | INFO     |   学习率调度器: f1_based
2025-07-27 14:10:13 | INFO     | ------------------------------------------------------------
2025-07-27 14:10:13 | INFO     | 🎯 学习率调整事件:
2025-07-27 14:10:13 | INFO     |   调度器类型: f1_based
2025-07-27 14:10:13 | INFO     |   学习率变化: 0.00010000 → 0.00005000
2025-07-27 14:10:13 | INFO     |   触发条件: F1分数 = 0.792085
2025-07-27 14:10:13 | INFO     |   变化幅度: -50.00%
2025-07-27 14:10:13 | INFO     | ------------------------------------------------------------
2025-07-27 14:10:13 | INFO     | Epoch  27 | Train: Loss=0.3404, Acc=0.8691 | Val: Loss=0.6326, Acc=0.7938, F1=0.7921 | LR=0.000050 
2025-07-27 14:11:06 | INFO     | Epoch 28:
2025-07-27 14:11:06 | INFO     |   训练指标:
2025-07-27 14:11:06 | INFO     |     损失(ce): 0.246107
2025-07-27 14:11:06 | INFO     |     准确率: 0.901151
2025-07-27 14:11:06 | INFO     |     学习率: 0.00005000
2025-07-27 14:11:06 | INFO     |   验证指标(标准CE):
2025-07-27 14:11:06 | INFO     |     损失: 0.595891
2025-07-27 14:11:06 | INFO     |     准确率: 0.811812
2025-07-27 14:11:06 | INFO     |     F1(macro): 0.805991
2025-07-27 14:11:06 | INFO     |     F1(weighted): 0.807598
2025-07-27 14:11:06 | INFO     |     精确率: 0.813872
2025-07-27 14:11:06 | INFO     |     召回率: 0.813536
2025-07-27 14:11:06 | INFO     |   学习率调度器: f1_based
2025-07-27 14:11:06 | INFO     | ------------------------------------------------------------
2025-07-27 14:11:06 | INFO     | Epoch  28 | Train: Loss=0.2461, Acc=0.9012 | Val: Loss=0.5959, Acc=0.8118, F1=0.8076 | LR=0.000050 
2025-07-27 14:11:59 | INFO     | Epoch 29:
2025-07-27 14:11:59 | INFO     |   训练指标:
2025-07-27 14:11:59 | INFO     |     损失(ce): 0.220130
2025-07-27 14:11:59 | INFO     |     准确率: 0.900400
2025-07-27 14:11:59 | INFO     |     学习率: 0.00005000
2025-07-27 14:11:59 | INFO     |   验证指标(标准CE):
2025-07-27 14:11:59 | INFO     |     损失: 0.610338
2025-07-27 14:11:59 | INFO     |     准确率: 0.809810
2025-07-27 14:11:59 | INFO     |     F1(macro): 0.803439
2025-07-27 14:11:59 | INFO     |     F1(weighted): 0.806544
2025-07-27 14:11:59 | INFO     |     精确率: 0.806268
2025-07-27 14:11:59 | INFO     |     召回率: 0.809524
2025-07-27 14:11:59 | INFO     |   学习率调度器: f1_based
2025-07-27 14:11:59 | INFO     | ------------------------------------------------------------
2025-07-27 14:11:59 | INFO     | Epoch  29 | Train: Loss=0.2201, Acc=0.9004 | Val: Loss=0.6103, Acc=0.8098, F1=0.8065 | LR=0.000050 
2025-07-27 14:12:51 | INFO     | Epoch 30:
2025-07-27 14:12:51 | INFO     |   训练指标:
2025-07-27 14:12:51 | INFO     |     损失(ce): 0.209902
2025-07-27 14:12:51 | INFO     |     准确率: 0.904404
2025-07-27 14:12:51 | INFO     |     学习率: 0.00005000
2025-07-27 14:12:51 | INFO     |   验证指标(标准CE):
2025-07-27 14:12:51 | INFO     |     损失: 0.635987
2025-07-27 14:12:51 | INFO     |     准确率: 0.809810
2025-07-27 14:12:51 | INFO     |     F1(macro): 0.806179
2025-07-27 14:12:51 | INFO     |     F1(weighted): 0.808168
2025-07-27 14:12:51 | INFO     |     精确率: 0.805054
2025-07-27 14:12:51 | INFO     |     召回率: 0.809029
2025-07-27 14:12:51 | INFO     |   学习率调度器: f1_based
2025-07-27 14:12:51 | INFO     | ------------------------------------------------------------
2025-07-27 14:12:51 | INFO     | Epoch  30 | Train: Loss=0.2099, Acc=0.9044 | Val: Loss=0.6360, Acc=0.8098, F1=0.8082 | LR=0.000050 
2025-07-27 14:13:44 | INFO     | Epoch 31:
2025-07-27 14:13:44 | INFO     |   训练指标:
2025-07-27 14:13:44 | INFO     |     损失(ce): 0.207023
2025-07-27 14:13:44 | INFO     |     准确率: 0.908909
2025-07-27 14:13:44 | INFO     |     学习率: 0.00005000
2025-07-27 14:13:44 | INFO     |   验证指标(标准CE):
2025-07-27 14:13:44 | INFO     |     损失: 0.743341
2025-07-27 14:13:44 | INFO     |     准确率: 0.798799
2025-07-27 14:13:44 | INFO     |     F1(macro): 0.793046
2025-07-27 14:13:44 | INFO     |     F1(weighted): 0.795793
2025-07-27 14:13:44 | INFO     |     精确率: 0.797993
2025-07-27 14:13:44 | INFO     |     召回率: 0.796650
2025-07-27 14:13:44 | INFO     |   学习率调度器: f1_based
2025-07-27 14:13:44 | INFO     | ------------------------------------------------------------
2025-07-27 14:13:44 | INFO     | Epoch  31 | Train: Loss=0.2070, Acc=0.9089 | Val: Loss=0.7433, Acc=0.7988, F1=0.7958 | LR=0.000050 
2025-07-27 14:14:37 | INFO     | Epoch 32:
2025-07-27 14:14:37 | INFO     |   训练指标:
2025-07-27 14:14:37 | INFO     |     损失(ce): 0.205667
2025-07-27 14:14:37 | INFO     |     准确率: 0.911662
2025-07-27 14:14:37 | INFO     |     学习率: 0.00005000
2025-07-27 14:14:37 | INFO     |   验证指标(标准CE):
2025-07-27 14:14:37 | INFO     |     损失: 0.722167
2025-07-27 14:14:37 | INFO     |     准确率: 0.790791
2025-07-27 14:14:37 | INFO     |     F1(macro): 0.785380
2025-07-27 14:14:37 | INFO     |     F1(weighted): 0.788646
2025-07-27 14:14:37 | INFO     |     精确率: 0.786155
2025-07-27 14:14:37 | INFO     |     召回率: 0.786582
2025-07-27 14:14:37 | INFO     |   学习率调度器: f1_based
2025-07-27 14:14:37 | INFO     | ------------------------------------------------------------
2025-07-27 14:14:37 | INFO     | Epoch  32 | Train: Loss=0.2057, Acc=0.9117 | Val: Loss=0.7222, Acc=0.7908, F1=0.7886 | LR=0.000050 
2025-07-27 14:15:30 | INFO     | Epoch 33:
2025-07-27 14:15:30 | INFO     |   训练指标:
2025-07-27 14:15:30 | INFO     |     损失(ce): 0.212562
2025-07-27 14:15:30 | INFO     |     准确率: 0.902903
2025-07-27 14:15:30 | INFO     |     学习率: 0.00005000
2025-07-27 14:15:30 | INFO     |   验证指标(标准CE):
2025-07-27 14:15:30 | INFO     |     损失: 0.704391
2025-07-27 14:15:30 | INFO     |     准确率: 0.802803
2025-07-27 14:15:30 | INFO     |     F1(macro): 0.800258
2025-07-27 14:15:30 | INFO     |     F1(weighted): 0.802826
2025-07-27 14:15:30 | INFO     |     精确率: 0.802978
2025-07-27 14:15:30 | INFO     |     召回率: 0.801129
2025-07-27 14:15:30 | INFO     |   学习率调度器: f1_based
2025-07-27 14:15:30 | INFO     | ------------------------------------------------------------
2025-07-27 14:15:30 | INFO     | Epoch  33 | Train: Loss=0.2126, Acc=0.9029 | Val: Loss=0.7044, Acc=0.8028, F1=0.8028 | LR=0.000050 
2025-07-27 14:16:23 | INFO     | Epoch 34:
2025-07-27 14:16:23 | INFO     |   训练指标:
2025-07-27 14:16:23 | INFO     |     损失(ce): 0.203327
2025-07-27 14:16:23 | INFO     |     准确率: 0.913914
2025-07-27 14:16:23 | INFO     |     学习率: 0.00005000
2025-07-27 14:16:23 | INFO     |   验证指标(标准CE):
2025-07-27 14:16:23 | INFO     |     损失: 0.699930
2025-07-27 14:16:23 | INFO     |     准确率: 0.798799
2025-07-27 14:16:23 | INFO     |     F1(macro): 0.795612
2025-07-27 14:16:23 | INFO     |     F1(weighted): 0.798149
2025-07-27 14:16:23 | INFO     |     精确率: 0.803303
2025-07-27 14:16:23 | INFO     |     召回率: 0.796799
2025-07-27 14:16:23 | INFO     |   学习率调度器: f1_based
2025-07-27 14:16:23 | INFO     | ------------------------------------------------------------
2025-07-27 14:16:23 | INFO     | Epoch  34 | Train: Loss=0.2033, Acc=0.9139 | Val: Loss=0.6999, Acc=0.7988, F1=0.7981 | LR=0.000050 
2025-07-27 14:17:15 | INFO     | Epoch 35:
2025-07-27 14:17:15 | INFO     |   训练指标:
2025-07-27 14:17:15 | INFO     |     损失(ce): 0.195847
2025-07-27 14:17:15 | INFO     |     准确率: 0.914164
2025-07-27 14:17:15 | INFO     |     学习率: 0.00005000
2025-07-27 14:17:15 | INFO     |   验证指标(标准CE):
2025-07-27 14:17:15 | INFO     |     损失: 0.750750
2025-07-27 14:17:15 | INFO     |     准确率: 0.795796
2025-07-27 14:17:15 | INFO     |     F1(macro): 0.790825
2025-07-27 14:17:15 | INFO     |     F1(weighted): 0.793596
2025-07-27 14:17:15 | INFO     |     精确率: 0.789399
2025-07-27 14:17:15 | INFO     |     召回率: 0.794408
2025-07-27 14:17:15 | INFO     |   学习率调度器: f1_based
2025-07-27 14:17:15 | INFO     | ------------------------------------------------------------
2025-07-27 14:17:15 | INFO     | 🎯 学习率调整事件:
2025-07-27 14:17:15 | INFO     |   调度器类型: f1_based
2025-07-27 14:17:15 | INFO     |   学习率变化: 0.00005000 → 0.00002500
2025-07-27 14:17:15 | INFO     |   触发条件: F1分数 = 0.793596
2025-07-27 14:17:15 | INFO     |   变化幅度: -50.00%
2025-07-27 14:17:15 | INFO     | ------------------------------------------------------------
2025-07-27 14:17:15 | INFO     | Epoch  35 | Train: Loss=0.1958, Acc=0.9142 | Val: Loss=0.7508, Acc=0.7958, F1=0.7936 | LR=0.000025 
2025-07-27 14:18:07 | INFO     | Epoch 36:
2025-07-27 14:18:07 | INFO     |   训练指标:
2025-07-27 14:18:07 | INFO     |     损失(ce): 0.157855
2025-07-27 14:18:07 | INFO     |     准确率: 0.927928
2025-07-27 14:18:07 | INFO     |     学习率: 0.00002500
2025-07-27 14:18:07 | INFO     |   验证指标(标准CE):
2025-07-27 14:18:07 | INFO     |     损失: 0.800358
2025-07-27 14:18:07 | INFO     |     准确率: 0.800801
2025-07-27 14:18:07 | INFO     |     F1(macro): 0.794702
2025-07-27 14:18:07 | INFO     |     F1(weighted): 0.795702
2025-07-27 14:18:07 | INFO     |     精确率: 0.803429
2025-07-27 14:18:07 | INFO     |     召回率: 0.802737
2025-07-27 14:18:07 | INFO     |   学习率调度器: f1_based
2025-07-27 14:18:07 | INFO     | ------------------------------------------------------------
2025-07-27 14:18:07 | INFO     | Epoch  36 | Train: Loss=0.1579, Acc=0.9279 | Val: Loss=0.8004, Acc=0.8008, F1=0.7957 | LR=0.000025 
2025-07-27 14:18:07 | INFO     | ⏹️ 早停触发，在第 36 轮停止训练
2025-07-27 14:18:14 | INFO     | 训练历史已保存到: ./result/0727_1354_DualGAF_SimpleGAFNet_消融-直接卷积-resnet_sl96_step96_fd128_extractor-dilated_gaf-adaptive_attention-channel_classifier-mlp_stat-basic_fusion-concat/training_history.csv
2025-07-27 14:18:14 | INFO     | 
====================================================================================================
2025-07-27 14:18:14 | INFO     | 🎉 训练完成总结:
2025-07-27 14:18:14 | INFO     |   训练损失函数: ce
2025-07-27 14:18:14 | INFO     |   验证损失函数: 标准交叉熵（遵循主流ML规范）
2025-07-27 14:18:14 | INFO     |   训练过程最佳验证准确率: 0.8128
2025-07-27 14:18:14 | INFO     |   训练过程最佳验证F1(macro): 0.8092
2025-07-27 14:18:14 | INFO     |   训练过程最佳验证F1(weighted): 0.8118
2025-07-27 14:18:14 | INFO     |   训练轮数: 36
2025-07-27 14:18:14 | INFO     | --------------------------------------------------
2025-07-27 14:18:14 | INFO     | 📊 最佳模型真实性能指标（基于标准交叉熵损失）:
2025-07-27 14:18:14 | INFO     |   验证损失(标准CE): 0.5542
2025-07-27 14:18:14 | INFO     |   验证准确率: 0.8128
2025-07-27 14:18:14 | INFO     |   验证F1(macro): 0.8092
2025-07-27 14:18:14 | INFO     |   验证F1(weighted): 0.8118
2025-07-27 14:18:14 | INFO     |   验证精确率: 0.8156
2025-07-27 14:18:14 | INFO     |   验证召回率: 0.8109
2025-07-27 14:18:14 | INFO     | ====================================================================================================
2025-07-27 14:18:15 | INFO     | ================================================================================
2025-07-27 14:18:15 | INFO     | 实验日志结束: DualGAF_SimpleGAFNet_消融-直接卷积-resnet_sl96_step96_fd128_extractor-dilated_gaf-adaptive_attention-channel_classifier-mlp_stat-basic_fusion-concat
2025-07-27 14:18:15 | INFO     | 结束时间: 2025-07-27 14:18:15
2025-07-27 14:18:15 | INFO     | ================================================================================
