2025-07-26 14:49:35 | INFO     | ================================================================================
2025-07-26 14:49:35 | INFO     | 实验日志开始: DualGAF_DualGAFNet_dilated+concat+channel+mlp_sl96_step96_fd128_extractor-dilated_gaf-concat_attention-channel_classifier-mlp_stat-basic_fusion-concat
2025-07-26 14:49:35 | INFO     | 日志文件: ./result/0726_1449_DualGAF_DualGAFNet_dilated+concat+channel+mlp_sl96_step96_fd128_extractor-dilated_gaf-concat_attention-channel_classifier-mlp_stat-basic_fusion-concat/training.log
2025-07-26 14:49:35 | INFO     | 开始时间: 2025-07-26 14:49:35
2025-07-26 14:49:35 | INFO     | ================================================================================
2025-07-26 14:49:35 | INFO     | ⚙️ 实验配置:
2025-07-26 14:49:35 | INFO     |    task_name: classification
2025-07-26 14:49:35 | INFO     |    is_training: 1
2025-07-26 14:49:35 | INFO     |    model_id: test
2025-07-26 14:49:35 | INFO     |    model: DualGAFNet
2025-07-26 14:49:35 | INFO     |    data: DualGAF
2025-07-26 14:49:35 | INFO     |    root_path: ./dataset/SAHU/direct_5_working
2025-07-26 14:49:35 | INFO     |    step: 96
2025-07-26 14:49:35 | INFO     |    checkpoints: ./checkpoints/
2025-07-26 14:49:35 | INFO     |    num_class: 9
2025-07-26 14:49:35 | INFO     |    result_path: ./result/
2025-07-26 14:49:35 | INFO     |    test_size: 0.2
2025-07-26 14:49:35 | INFO     |    rows: None
2025-07-26 14:49:35 | INFO     |    seq_len: 96
2025-07-26 14:49:35 | INFO     |    enc_in: 26
2025-07-26 14:49:35 | INFO     |    d_model: 512
2025-07-26 14:49:35 | INFO     |    n_heads: 8
2025-07-26 14:49:35 | INFO     |    e_layers: 2
2025-07-26 14:49:35 | INFO     |    d_layers: 1
2025-07-26 14:49:35 | INFO     |    d_ff: 2048
2025-07-26 14:49:35 | INFO     |    moving_avg: 25
2025-07-26 14:49:35 | INFO     |    factor: 1
2025-07-26 14:49:35 | INFO     |    distil: True
2025-07-26 14:49:35 | INFO     |    dropout: 0.1
2025-07-26 14:49:35 | INFO     |    embed: timeF
2025-07-26 14:49:35 | INFO     |    activation: gelu
2025-07-26 14:49:35 | INFO     |    use_norm: 1
2025-07-26 14:49:35 | INFO     |    gaf_method: summation
2025-07-26 14:49:35 | INFO     |    feature_dim: 128
2025-07-26 14:49:35 | INFO     |    data_type_method: uint8
2025-07-26 14:49:35 | INFO     |    use_attention: True
2025-07-26 14:49:35 | INFO     |    hidden_dim: 64
2025-07-26 14:49:35 | INFO     |    sample_size: 1000
2025-07-26 14:49:35 | INFO     |    channel_groups: None
2025-07-26 14:49:35 | INFO     |    hvac_groups: None
2025-07-26 14:49:35 | INFO     |    extractor_type: dilated
2025-07-26 14:49:35 | INFO     |    fusion_type: concat
2025-07-26 14:49:35 | INFO     |    attention_type: channel
2025-07-26 14:49:35 | INFO     |    classifier_type: mlp
2025-07-26 14:49:35 | INFO     |    use_statistical_features: True
2025-07-26 14:49:35 | INFO     |    stat_type: basic
2025-07-26 14:49:35 | INFO     |    multimodal_fusion_strategy: concat
2025-07-26 14:49:35 | INFO     |    use_signal_level_stats: False
2025-07-26 14:49:35 | INFO     |    signal_stat_type: comprehensive
2025-07-26 14:49:35 | INFO     |    signal_stat_fusion_strategy: concat_project
2025-07-26 14:49:35 | INFO     |    signal_stat_feature_dim: 32
2025-07-26 14:49:35 | INFO     |    use_diff_branch: True
2025-07-26 14:49:35 | INFO     |    ablation_mode: none
2025-07-26 14:49:35 | INFO     |    backbone_type: resnet18
2025-07-26 14:49:35 | INFO     |    use_sum_branch: True
2025-07-26 14:49:35 | INFO     |    num_workers: 0
2025-07-26 14:49:35 | INFO     |    cuda_debug: False
2025-07-26 14:49:35 | INFO     |    gpu_memory_fraction: 0.9
2025-07-26 14:49:35 | INFO     |    safe_mode: True
2025-07-26 14:49:35 | INFO     |    drop_last_batch: True
2025-07-26 14:49:35 | INFO     |    itr: 1
2025-07-26 14:49:35 | INFO     |    train_epochs: 300
2025-07-26 14:49:35 | INFO     |    batch_size: 4
2025-07-26 14:49:35 | INFO     |    patience: 15
2025-07-26 14:49:35 | INFO     |    learning_rate: 0.0001
2025-07-26 14:49:35 | INFO     |    des: dilated+concat+channel+mlp
2025-07-26 14:49:35 | INFO     |    loss: MSE
2025-07-26 14:49:35 | INFO     |    lradj: type1
2025-07-26 14:49:35 | INFO     |    lr_scheduler_type: f1_based
2025-07-26 14:49:35 | INFO     |    lr_loss_weight: 0.3
2025-07-26 14:49:35 | INFO     |    lr_f1_weight: 0.7
2025-07-26 14:49:35 | INFO     |    use_amp: False
2025-07-26 14:49:35 | INFO     |    gradient_accumulation_steps: 2
2025-07-26 14:49:35 | INFO     |    enable_auto_gradient_accumulation: True
2025-07-26 14:49:35 | INFO     |    loss_type: ce
2025-07-26 14:49:35 | INFO     |    label_smoothing: 0.1
2025-07-26 14:49:35 | INFO     |    focal_alpha: 1.0
2025-07-26 14:49:35 | INFO     |    focal_gamma: 2.0
2025-07-26 14:49:35 | INFO     |    confidence_penalty_beta: 0.1
2025-07-26 14:49:35 | INFO     |    use_timm_loss: True
2025-07-26 14:49:35 | INFO     |    adaptive_initial_smoothing: 0.2
2025-07-26 14:49:35 | INFO     |    adaptive_final_smoothing: 0.05
2025-07-26 14:49:35 | INFO     |    adaptive_decay_epochs: 30
2025-07-26 14:49:35 | INFO     |    enable_class_weights: False
2025-07-26 14:49:35 | INFO     |    class_weights: None
2025-07-26 14:49:35 | INFO     |    loss_preset: None
2025-07-26 14:49:35 | INFO     |    n_jobs: 1
2025-07-26 14:49:35 | INFO     |    use_multiprocessing: False
2025-07-26 14:49:35 | INFO     |    chunk_size: 800
2025-07-26 14:49:35 | INFO     |    disable_parallel: True
2025-07-26 14:49:35 | INFO     |    use_shared_memory: False
2025-07-26 14:49:35 | INFO     |    disable_shared_memory: False
2025-07-26 14:49:35 | INFO     |    use_gpu: True
2025-07-26 14:49:35 | INFO     |    gpu: 0
2025-07-26 14:49:35 | INFO     |    gpu_type: cuda
2025-07-26 14:49:35 | INFO     |    use_multi_gpu: False
2025-07-26 14:49:35 | INFO     |    devices: 0,1,2,3
2025-07-26 14:49:35 | INFO     |    device: cuda:0
2025-07-26 14:49:35 | INFO     |    feature_columns: ['CHWC_VLV', 'CHWC_VLV_DM', 'MA_TEMP', 'OA_CFM', 'OA_DMPR', 'OA_DMPR_DM', 'OA_TEMP', 'RA_CFM', 'RA_DMPR', 'RA_DMPR_DM', 'RA_TEMP', 'RF_CS', 'RF_SPD', 'RF_WAT', 'SA_CFM', 'SA_SP', 'SA_SPSPT', 'SA_TEMP', 'SF_CS', 'SF_SPD', 'SF_WAT', 'ZONE_TEMP_1', 'ZONE_TEMP_2', 'ZONE_TEMP_3', 'ZONE_TEMP_4', 'ZONE_TEMP_5']
2025-07-26 14:49:35 | INFO     | 🏗️ 模型信息:
2025-07-26 14:49:35 | INFO     |    模型类型: Model
2025-07-26 14:49:35 | INFO     |    总参数数量: 8,288,194
2025-07-26 14:49:35 | INFO     |    可训练参数: 8,288,194
2025-07-26 14:49:35 | INFO     |    模型大小估计: 31.62 MB
2025-07-26 14:49:35 | INFO     | 📊 数据集信息:
2025-07-26 14:49:35 | INFO     |    训练集大小: 3996
2025-07-26 14:49:35 | INFO     |    验证集大小: 999
2025-07-26 14:49:35 | INFO     | 
================================================================================
2025-07-26 14:49:35 | INFO     | 📋 损失函数使用策略（遵循主流机器学习规范）:
2025-07-26 14:49:35 | INFO     |    🎯 训练阶段: 使用 ce 损失函数
2025-07-26 14:49:35 | INFO     |       → 目的：优化模型参数，解决特定问题（类别不平衡、相似性等）
2025-07-26 14:49:35 | INFO     |    📊 验证阶段: 使用标准交叉熵损失函数
2025-07-26 14:49:35 | INFO     |       → 目的：客观评估模型性能，便于不同方法比较
2025-07-26 14:49:35 | INFO     |    📈 最终报告: 基于标准交叉熵损失的指标
2025-07-26 14:49:35 | INFO     |       → 目的：提供可信、可比较的性能指标
2025-07-26 14:49:35 | INFO     | ================================================================================

2025-07-26 14:49:35 | INFO     | 🔄 梯度累积配置: 每2轮累积一次梯度
2025-07-26 14:49:35 | INFO     |    实际batch_size: 4
2025-07-26 14:49:35 | INFO     |    有效batch_size: 8
2025-07-26 14:50:32 | INFO     | Epoch 1:
2025-07-26 14:50:32 | INFO     |   训练指标:
2025-07-26 14:50:32 | INFO     |     损失(ce): 1.735003
2025-07-26 14:50:32 | INFO     |     准确率: 0.330080
2025-07-26 14:50:32 | INFO     |     学习率: 0.00010000
2025-07-26 14:50:32 | INFO     |   验证指标(标准CE):
2025-07-26 14:50:32 | INFO     |     损失: 1.070952
2025-07-26 14:50:32 | INFO     |     准确率: 0.604605
2025-07-26 14:50:32 | INFO     |     F1(macro): 0.532178
2025-07-26 14:50:32 | INFO     |     F1(weighted): 0.519594
2025-07-26 14:50:32 | INFO     |     精确率: 0.506626
2025-07-26 14:50:32 | INFO     |     召回率: 0.615766
2025-07-26 14:50:32 | INFO     |   学习率调度器: f1_based
2025-07-26 14:50:32 | INFO     | ------------------------------------------------------------
2025-07-26 14:50:32 | INFO     | Epoch   1 | Train: Loss=1.7350, Acc=0.3301 | Val: Loss=1.0710, Acc=0.6046, F1=0.5196 | LR=0.000100 🏆 [最佳模型]
2025-07-26 14:51:22 | INFO     | Epoch 2:
2025-07-26 14:51:22 | INFO     |   训练指标:
2025-07-26 14:51:22 | INFO     |     损失(ce): 0.802669
2025-07-26 14:51:22 | INFO     |     准确率: 0.683934
2025-07-26 14:51:22 | INFO     |     学习率: 0.00010000
2025-07-26 14:51:22 | INFO     |   验证指标(标准CE):
2025-07-26 14:51:22 | INFO     |     损失: 0.481209
2025-07-26 14:51:22 | INFO     |     准确率: 0.816817
2025-07-26 14:51:22 | INFO     |     F1(macro): 0.788694
2025-07-26 14:51:22 | INFO     |     F1(weighted): 0.783527
2025-07-26 14:51:22 | INFO     |     精确率: 0.773029
2025-07-26 14:51:22 | INFO     |     召回率: 0.818810
2025-07-26 14:51:22 | INFO     |   学习率调度器: f1_based
2025-07-26 14:51:22 | INFO     | ------------------------------------------------------------
2025-07-26 14:51:22 | INFO     | Epoch   2 | Train: Loss=0.8027, Acc=0.6839 | Val: Loss=0.4812, Acc=0.8168, F1=0.7835 | LR=0.000100 🏆 [最佳模型]
2025-07-26 14:52:12 | INFO     | Epoch 3:
2025-07-26 14:52:12 | INFO     |   训练指标:
2025-07-26 14:52:12 | INFO     |     损失(ce): 0.368028
2025-07-26 14:52:12 | INFO     |     准确率: 0.836587
2025-07-26 14:52:12 | INFO     |     学习率: 0.00010000
2025-07-26 14:52:12 | INFO     |   验证指标(标准CE):
2025-07-26 14:52:12 | INFO     |     损失: 0.231408
2025-07-26 14:52:12 | INFO     |     准确率: 0.870871
2025-07-26 14:52:12 | INFO     |     F1(macro): 0.857815
2025-07-26 14:52:12 | INFO     |     F1(weighted): 0.854010
2025-07-26 14:52:12 | INFO     |     精确率: 0.869580
2025-07-26 14:52:12 | INFO     |     召回率: 0.872359
2025-07-26 14:52:12 | INFO     |   学习率调度器: f1_based
2025-07-26 14:52:12 | INFO     | ------------------------------------------------------------
2025-07-26 14:52:12 | INFO     | Epoch   3 | Train: Loss=0.3680, Acc=0.8366 | Val: Loss=0.2314, Acc=0.8709, F1=0.8540 | LR=0.000100 🏆 [最佳模型]
2025-07-26 14:53:03 | INFO     | Epoch 4:
2025-07-26 14:53:03 | INFO     |   训练指标:
2025-07-26 14:53:03 | INFO     |     损失(ce): 0.240247
2025-07-26 14:53:03 | INFO     |     准确率: 0.869620
2025-07-26 14:53:03 | INFO     |     学习率: 0.00010000
2025-07-26 14:53:03 | INFO     |   验证指标(标准CE):
2025-07-26 14:53:03 | INFO     |     损失: 0.209954
2025-07-26 14:53:03 | INFO     |     准确率: 0.878879
2025-07-26 14:53:03 | INFO     |     F1(macro): 0.844440
2025-07-26 14:53:03 | INFO     |     F1(weighted): 0.841472
2025-07-26 14:53:03 | INFO     |     精确率: 0.826534
2025-07-26 14:53:03 | INFO     |     召回率: 0.878774
2025-07-26 14:53:03 | INFO     |   学习率调度器: f1_based
2025-07-26 14:53:03 | INFO     | ------------------------------------------------------------
2025-07-26 14:53:03 | INFO     | Epoch   4 | Train: Loss=0.2402, Acc=0.8696 | Val: Loss=0.2100, Acc=0.8789, F1=0.8415 | LR=0.000100 
2025-07-26 14:53:53 | INFO     | Epoch 5:
2025-07-26 14:53:53 | INFO     |   训练指标:
2025-07-26 14:53:53 | INFO     |     损失(ce): 0.212470
2025-07-26 14:53:53 | INFO     |     准确率: 0.880881
2025-07-26 14:53:53 | INFO     |     学习率: 0.00010000
2025-07-26 14:53:53 | INFO     |   验证指标(标准CE):
2025-07-26 14:53:53 | INFO     |     损失: 0.194210
2025-07-26 14:53:53 | INFO     |     准确率: 0.884885
2025-07-26 14:53:53 | INFO     |     F1(macro): 0.850306
2025-07-26 14:53:53 | INFO     |     F1(weighted): 0.847323
2025-07-26 14:53:53 | INFO     |     精确率: 0.832988
2025-07-26 14:53:53 | INFO     |     召回率: 0.884765
2025-07-26 14:53:53 | INFO     |   学习率调度器: f1_based
2025-07-26 14:53:53 | INFO     | ------------------------------------------------------------
2025-07-26 14:53:53 | INFO     | Epoch   5 | Train: Loss=0.2125, Acc=0.8809 | Val: Loss=0.1942, Acc=0.8849, F1=0.8473 | LR=0.000100 
2025-07-26 14:54:43 | INFO     | Epoch 6:
2025-07-26 14:54:43 | INFO     |   训练指标:
2025-07-26 14:54:43 | INFO     |     损失(ce): 0.197358
2025-07-26 14:54:43 | INFO     |     准确率: 0.887888
2025-07-26 14:54:43 | INFO     |     学习率: 0.00010000
2025-07-26 14:54:43 | INFO     |   验证指标(标准CE):
2025-07-26 14:54:43 | INFO     |     损失: 0.202919
2025-07-26 14:54:43 | INFO     |     准确率: 0.873874
2025-07-26 14:54:43 | INFO     |     F1(macro): 0.845119
2025-07-26 14:54:43 | INFO     |     F1(weighted): 0.835304
2025-07-26 14:54:43 | INFO     |     精确率: 0.826241
2025-07-26 14:54:43 | INFO     |     召回率: 0.883746
2025-07-26 14:54:43 | INFO     |   学习率调度器: f1_based
2025-07-26 14:54:43 | INFO     | ------------------------------------------------------------
2025-07-26 14:54:43 | INFO     | Epoch   6 | Train: Loss=0.1974, Acc=0.8879 | Val: Loss=0.2029, Acc=0.8739, F1=0.8353 | LR=0.000100 
2025-07-26 14:55:32 | INFO     | Epoch 7:
2025-07-26 14:55:32 | INFO     |   训练指标:
2025-07-26 14:55:32 | INFO     |     损失(ce): 0.192542
2025-07-26 14:55:32 | INFO     |     准确率: 0.877628
2025-07-26 14:55:32 | INFO     |     学习率: 0.00010000
2025-07-26 14:55:32 | INFO     |   验证指标(标准CE):
2025-07-26 14:55:32 | INFO     |     损失: 0.179719
2025-07-26 14:55:32 | INFO     |     准确率: 0.869870
2025-07-26 14:55:32 | INFO     |     F1(macro): 0.875797
2025-07-26 14:55:32 | INFO     |     F1(weighted): 0.870319
2025-07-26 14:55:32 | INFO     |     精确率: 0.876632
2025-07-26 14:55:32 | INFO     |     召回率: 0.875618
2025-07-26 14:55:32 | INFO     |   学习率调度器: f1_based
2025-07-26 14:55:32 | INFO     | ------------------------------------------------------------
2025-07-26 14:55:32 | INFO     | Epoch   7 | Train: Loss=0.1925, Acc=0.8776 | Val: Loss=0.1797, Acc=0.8699, F1=0.8703 | LR=0.000100 🏆 [最佳模型]
2025-07-26 14:56:23 | INFO     | Epoch 8:
2025-07-26 14:56:23 | INFO     |   训练指标:
2025-07-26 14:56:23 | INFO     |     损失(ce): 0.182496
2025-07-26 14:56:23 | INFO     |     准确率: 0.885385
2025-07-26 14:56:23 | INFO     |     学习率: 0.00010000
2025-07-26 14:56:23 | INFO     |   验证指标(标准CE):
2025-07-26 14:56:23 | INFO     |     损失: 0.180362
2025-07-26 14:56:23 | INFO     |     准确率: 0.868869
2025-07-26 14:56:23 | INFO     |     F1(macro): 0.865849
2025-07-26 14:56:23 | INFO     |     F1(weighted): 0.858275
2025-07-26 14:56:23 | INFO     |     精确率: 0.872980
2025-07-26 14:56:23 | INFO     |     召回率: 0.877159
2025-07-26 14:56:23 | INFO     |   学习率调度器: f1_based
2025-07-26 14:56:23 | INFO     | ------------------------------------------------------------
2025-07-26 14:56:23 | INFO     | Epoch   8 | Train: Loss=0.1825, Acc=0.8854 | Val: Loss=0.1804, Acc=0.8689, F1=0.8583 | LR=0.000100 
2025-07-26 14:57:13 | INFO     | Epoch 9:
2025-07-26 14:57:13 | INFO     |   训练指标:
2025-07-26 14:57:13 | INFO     |     损失(ce): 0.183436
2025-07-26 14:57:13 | INFO     |     准确率: 0.884384
2025-07-26 14:57:13 | INFO     |     学习率: 0.00010000
2025-07-26 14:57:13 | INFO     |   验证指标(标准CE):
2025-07-26 14:57:13 | INFO     |     损失: 0.166644
2025-07-26 14:57:13 | INFO     |     准确率: 0.886887
2025-07-26 14:57:13 | INFO     |     F1(macro): 0.856504
2025-07-26 14:57:13 | INFO     |     F1(weighted): 0.853245
2025-07-26 14:57:13 | INFO     |     精确率: 0.872337
2025-07-26 14:57:13 | INFO     |     召回率: 0.887218
2025-07-26 14:57:13 | INFO     |   学习率调度器: f1_based
2025-07-26 14:57:13 | INFO     | ------------------------------------------------------------
2025-07-26 14:57:13 | INFO     | Epoch   9 | Train: Loss=0.1834, Acc=0.8844 | Val: Loss=0.1666, Acc=0.8869, F1=0.8532 | LR=0.000100 
2025-07-26 14:58:03 | INFO     | Epoch 10:
2025-07-26 14:58:03 | INFO     |   训练指标:
2025-07-26 14:58:03 | INFO     |     损失(ce): 0.175519
2025-07-26 14:58:03 | INFO     |     准确率: 0.886637
2025-07-26 14:58:03 | INFO     |     学习率: 0.00010000
2025-07-26 14:58:03 | INFO     |   验证指标(标准CE):
2025-07-26 14:58:03 | INFO     |     损失: 0.171955
2025-07-26 14:58:03 | INFO     |     准确率: 0.865866
2025-07-26 14:58:03 | INFO     |     F1(macro): 0.853088
2025-07-26 14:58:03 | INFO     |     F1(weighted): 0.844143
2025-07-26 14:58:03 | INFO     |     精确率: 0.860082
2025-07-26 14:58:03 | INFO     |     召回率: 0.875249
2025-07-26 14:58:03 | INFO     |   学习率调度器: f1_based
2025-07-26 14:58:03 | INFO     | ------------------------------------------------------------
2025-07-26 14:58:03 | INFO     | Epoch  10 | Train: Loss=0.1755, Acc=0.8866 | Val: Loss=0.1720, Acc=0.8659, F1=0.8441 | LR=0.000100 
2025-07-26 14:58:52 | INFO     | Epoch 11:
2025-07-26 14:58:52 | INFO     |   训练指标:
2025-07-26 14:58:52 | INFO     |     损失(ce): 0.170879
2025-07-26 14:58:52 | INFO     |     准确率: 0.885385
2025-07-26 14:58:52 | INFO     |     学习率: 0.00010000
2025-07-26 14:58:52 | INFO     |   验证指标(标准CE):
2025-07-26 14:58:52 | INFO     |     损失: 0.172427
2025-07-26 14:58:52 | INFO     |     准确率: 0.877878
2025-07-26 14:58:52 | INFO     |     F1(macro): 0.882567
2025-07-26 14:58:52 | INFO     |     F1(weighted): 0.877799
2025-07-26 14:58:52 | INFO     |     精确率: 0.883333
2025-07-26 14:58:52 | INFO     |     召回率: 0.882381
2025-07-26 14:58:52 | INFO     |   学习率调度器: f1_based
2025-07-26 14:58:52 | INFO     | ------------------------------------------------------------
2025-07-26 14:58:52 | INFO     | Epoch  11 | Train: Loss=0.1709, Acc=0.8854 | Val: Loss=0.1724, Acc=0.8779, F1=0.8778 | LR=0.000100 🏆 [最佳模型]
2025-07-26 14:59:43 | INFO     | Epoch 12:
2025-07-26 14:59:43 | INFO     |   训练指标:
2025-07-26 14:59:43 | INFO     |     损失(ce): 0.167066
2025-07-26 14:59:43 | INFO     |     准确率: 0.886136
2025-07-26 14:59:43 | INFO     |     学习率: 0.00010000
2025-07-26 14:59:43 | INFO     |   验证指标(标准CE):
2025-07-26 14:59:43 | INFO     |     损失: 0.168008
2025-07-26 14:59:43 | INFO     |     准确率: 0.884885
2025-07-26 14:59:43 | INFO     |     F1(macro): 0.885363
2025-07-26 14:59:43 | INFO     |     F1(weighted): 0.881331
2025-07-26 14:59:43 | INFO     |     精确率: 0.887827
2025-07-26 14:59:43 | INFO     |     召回率: 0.888116
2025-07-26 14:59:43 | INFO     |   学习率调度器: f1_based
2025-07-26 14:59:43 | INFO     | ------------------------------------------------------------
2025-07-26 14:59:43 | INFO     | Epoch  12 | Train: Loss=0.1671, Acc=0.8861 | Val: Loss=0.1680, Acc=0.8849, F1=0.8813 | LR=0.000100 🏆 [最佳模型]
2025-07-26 15:00:33 | INFO     | Epoch 13:
2025-07-26 15:00:33 | INFO     |   训练指标:
2025-07-26 15:00:33 | INFO     |     损失(ce): 0.165978
2025-07-26 15:00:33 | INFO     |     准确率: 0.892392
2025-07-26 15:00:33 | INFO     |     学习率: 0.00010000
2025-07-26 15:00:33 | INFO     |   验证指标(标准CE):
2025-07-26 15:00:33 | INFO     |     损失: 0.161783
2025-07-26 15:00:33 | INFO     |     准确率: 0.887888
2025-07-26 15:00:33 | INFO     |     F1(macro): 0.892071
2025-07-26 15:00:33 | INFO     |     F1(weighted): 0.886832
2025-07-26 15:00:33 | INFO     |     精确率: 0.893866
2025-07-26 15:00:33 | INFO     |     召回率: 0.893679
2025-07-26 15:00:33 | INFO     |   学习率调度器: f1_based
2025-07-26 15:00:33 | INFO     | ------------------------------------------------------------
2025-07-26 15:00:33 | INFO     | Epoch  13 | Train: Loss=0.1660, Acc=0.8924 | Val: Loss=0.1618, Acc=0.8879, F1=0.8868 | LR=0.000100 🏆 [最佳模型]
2025-07-26 15:01:23 | INFO     | Epoch 14:
2025-07-26 15:01:23 | INFO     |   训练指标:
2025-07-26 15:01:23 | INFO     |     损失(ce): 0.169445
2025-07-26 15:01:23 | INFO     |     准确率: 0.885385
2025-07-26 15:01:23 | INFO     |     学习率: 0.00010000
2025-07-26 15:01:23 | INFO     |   验证指标(标准CE):
2025-07-26 15:01:23 | INFO     |     损失: 0.166434
2025-07-26 15:01:23 | INFO     |     准确率: 0.877878
2025-07-26 15:01:23 | INFO     |     F1(macro): 0.848722
2025-07-26 15:01:23 | INFO     |     F1(weighted): 0.838681
2025-07-26 15:01:23 | INFO     |     精确率: 0.829989
2025-07-26 15:01:23 | INFO     |     召回率: 0.887906
2025-07-26 15:01:23 | INFO     |   学习率调度器: f1_based
2025-07-26 15:01:23 | INFO     | ------------------------------------------------------------
2025-07-26 15:01:23 | INFO     | Epoch  14 | Train: Loss=0.1694, Acc=0.8854 | Val: Loss=0.1664, Acc=0.8779, F1=0.8387 | LR=0.000100 
2025-07-26 15:02:13 | INFO     | Epoch 15:
2025-07-26 15:02:13 | INFO     |   训练指标:
2025-07-26 15:02:13 | INFO     |     损失(ce): 0.162241
2025-07-26 15:02:13 | INFO     |     准确率: 0.888889
2025-07-26 15:02:13 | INFO     |     学习率: 0.00010000
2025-07-26 15:02:13 | INFO     |   验证指标(标准CE):
2025-07-26 15:02:13 | INFO     |     损失: 0.172382
2025-07-26 15:02:13 | INFO     |     准确率: 0.869870
2025-07-26 15:02:13 | INFO     |     F1(macro): 0.866345
2025-07-26 15:02:13 | INFO     |     F1(weighted): 0.858880
2025-07-26 15:02:13 | INFO     |     精确率: 0.874463
2025-07-26 15:02:13 | INFO     |     召回率: 0.878018
2025-07-26 15:02:13 | INFO     |   学习率调度器: f1_based
2025-07-26 15:02:13 | INFO     | ------------------------------------------------------------
2025-07-26 15:02:13 | INFO     | Epoch  15 | Train: Loss=0.1622, Acc=0.8889 | Val: Loss=0.1724, Acc=0.8699, F1=0.8589 | LR=0.000100 
2025-07-26 15:03:03 | INFO     | Epoch 16:
2025-07-26 15:03:03 | INFO     |   训练指标:
2025-07-26 15:03:03 | INFO     |     损失(ce): 0.164140
2025-07-26 15:03:03 | INFO     |     准确率: 0.895896
2025-07-26 15:03:03 | INFO     |     学习率: 0.00010000
2025-07-26 15:03:03 | INFO     |   验证指标(标准CE):
2025-07-26 15:03:03 | INFO     |     损失: 0.164338
2025-07-26 15:03:03 | INFO     |     准确率: 0.888889
2025-07-26 15:03:03 | INFO     |     F1(macro): 0.853950
2025-07-26 15:03:03 | INFO     |     F1(weighted): 0.850803
2025-07-26 15:03:03 | INFO     |     精确率: 0.835728
2025-07-26 15:03:03 | INFO     |     召回率: 0.888889
2025-07-26 15:03:03 | INFO     |   学习率调度器: f1_based
2025-07-26 15:03:03 | INFO     | ------------------------------------------------------------
2025-07-26 15:03:03 | INFO     | Epoch  16 | Train: Loss=0.1641, Acc=0.8959 | Val: Loss=0.1643, Acc=0.8889, F1=0.8508 | LR=0.000100 
2025-07-26 15:03:53 | INFO     | Epoch 17:
2025-07-26 15:03:53 | INFO     |   训练指标:
2025-07-26 15:03:53 | INFO     |     损失(ce): 0.167871
2025-07-26 15:03:53 | INFO     |     准确率: 0.893644
2025-07-26 15:03:53 | INFO     |     学习率: 0.00010000
2025-07-26 15:03:53 | INFO     |   验证指标(标准CE):
2025-07-26 15:03:53 | INFO     |     损失: 0.198188
2025-07-26 15:03:53 | INFO     |     准确率: 0.875876
2025-07-26 15:03:53 | INFO     |     F1(macro): 0.845365
2025-07-26 15:03:53 | INFO     |     F1(weighted): 0.835309
2025-07-26 15:03:53 | INFO     |     精确率: 0.824611
2025-07-26 15:03:53 | INFO     |     召回率: 0.885777
2025-07-26 15:03:53 | INFO     |   学习率调度器: f1_based
2025-07-26 15:03:53 | INFO     | ------------------------------------------------------------
2025-07-26 15:03:53 | INFO     | Epoch  17 | Train: Loss=0.1679, Acc=0.8936 | Val: Loss=0.1982, Acc=0.8759, F1=0.8353 | LR=0.000100 
2025-07-26 15:04:43 | INFO     | Epoch 18:
2025-07-26 15:04:43 | INFO     |   训练指标:
2025-07-26 15:04:43 | INFO     |     损失(ce): 0.164923
2025-07-26 15:04:43 | INFO     |     准确率: 0.887137
2025-07-26 15:04:43 | INFO     |     学习率: 0.00010000
2025-07-26 15:04:43 | INFO     |   验证指标(标准CE):
2025-07-26 15:04:43 | INFO     |     损失: 0.167802
2025-07-26 15:04:43 | INFO     |     准确率: 0.885886
2025-07-26 15:04:43 | INFO     |     F1(macro): 0.860536
2025-07-26 15:04:43 | INFO     |     F1(weighted): 0.857210
2025-07-26 15:04:43 | INFO     |     精确率: 0.878089
2025-07-26 15:04:43 | INFO     |     召回率: 0.886483
2025-07-26 15:04:43 | INFO     |   学习率调度器: f1_based
2025-07-26 15:04:43 | INFO     | ------------------------------------------------------------
2025-07-26 15:04:43 | INFO     | Epoch  18 | Train: Loss=0.1649, Acc=0.8871 | Val: Loss=0.1678, Acc=0.8859, F1=0.8572 | LR=0.000100 
2025-07-26 15:05:33 | INFO     | Epoch 19:
2025-07-26 15:05:33 | INFO     |   训练指标:
2025-07-26 15:05:33 | INFO     |     损失(ce): 0.161471
2025-07-26 15:05:33 | INFO     |     准确率: 0.886386
2025-07-26 15:05:33 | INFO     |     学习率: 0.00010000
2025-07-26 15:05:33 | INFO     |   验证指标(标准CE):
2025-07-26 15:05:33 | INFO     |     损失: 0.169744
2025-07-26 15:05:33 | INFO     |     准确率: 0.877878
2025-07-26 15:05:33 | INFO     |     F1(macro): 0.848662
2025-07-26 15:05:33 | INFO     |     F1(weighted): 0.838681
2025-07-26 15:05:33 | INFO     |     精确率: 0.829870
2025-07-26 15:05:33 | INFO     |     召回率: 0.887906
2025-07-26 15:05:33 | INFO     |   学习率调度器: f1_based
2025-07-26 15:05:33 | INFO     | ------------------------------------------------------------
2025-07-26 15:05:33 | INFO     | 🎯 学习率调整事件:
2025-07-26 15:05:33 | INFO     |   调度器类型: f1_based
2025-07-26 15:05:33 | INFO     |   学习率变化: 0.00010000 → 0.00005000
2025-07-26 15:05:33 | INFO     |   触发条件: F1分数 = 0.838681
2025-07-26 15:05:33 | INFO     |   变化幅度: -50.00%
2025-07-26 15:05:33 | INFO     | ------------------------------------------------------------
2025-07-26 15:05:33 | INFO     | Epoch  19 | Train: Loss=0.1615, Acc=0.8864 | Val: Loss=0.1697, Acc=0.8779, F1=0.8387 | LR=0.000050 
2025-07-26 15:06:23 | INFO     | Epoch 20:
2025-07-26 15:06:23 | INFO     |   训练指标:
2025-07-26 15:06:23 | INFO     |     损失(ce): 0.154537
2025-07-26 15:06:23 | INFO     |     准确率: 0.894394
2025-07-26 15:06:23 | INFO     |     学习率: 0.00005000
2025-07-26 15:06:23 | INFO     |   验证指标(标准CE):
2025-07-26 15:06:23 | INFO     |     损失: 0.162651
2025-07-26 15:06:23 | INFO     |     准确率: 0.888889
2025-07-26 15:06:23 | INFO     |     F1(macro): 0.853950
2025-07-26 15:06:23 | INFO     |     F1(weighted): 0.850803
2025-07-26 15:06:23 | INFO     |     精确率: 0.835728
2025-07-26 15:06:23 | INFO     |     召回率: 0.888889
2025-07-26 15:06:23 | INFO     |   学习率调度器: f1_based
2025-07-26 15:06:23 | INFO     | ------------------------------------------------------------
2025-07-26 15:06:23 | INFO     | Epoch  20 | Train: Loss=0.1545, Acc=0.8944 | Val: Loss=0.1627, Acc=0.8889, F1=0.8508 | LR=0.000050 
2025-07-26 15:07:13 | INFO     | Epoch 21:
2025-07-26 15:07:13 | INFO     |   训练指标:
2025-07-26 15:07:13 | INFO     |     损失(ce): 0.154545
2025-07-26 15:07:13 | INFO     |     准确率: 0.890641
2025-07-26 15:07:13 | INFO     |     学习率: 0.00005000
2025-07-26 15:07:13 | INFO     |   验证指标(标准CE):
2025-07-26 15:07:13 | INFO     |     损失: 0.162883
2025-07-26 15:07:13 | INFO     |     准确率: 0.878879
2025-07-26 15:07:13 | INFO     |     F1(macro): 0.849692
2025-07-26 15:07:13 | INFO     |     F1(weighted): 0.839682
2025-07-26 15:07:13 | INFO     |     精确率: 0.830939
2025-07-26 15:07:13 | INFO     |     召回率: 0.888889
2025-07-26 15:07:13 | INFO     |   学习率调度器: f1_based
2025-07-26 15:07:13 | INFO     | ------------------------------------------------------------
2025-07-26 15:07:13 | INFO     | Epoch  21 | Train: Loss=0.1545, Acc=0.8906 | Val: Loss=0.1629, Acc=0.8789, F1=0.8397 | LR=0.000050 
2025-07-26 15:08:03 | INFO     | Epoch 22:
2025-07-26 15:08:03 | INFO     |   训练指标:
2025-07-26 15:08:03 | INFO     |     损失(ce): 0.154803
2025-07-26 15:08:03 | INFO     |     准确率: 0.883383
2025-07-26 15:08:03 | INFO     |     学习率: 0.00005000
2025-07-26 15:08:03 | INFO     |   验证指标(标准CE):
2025-07-26 15:08:03 | INFO     |     损失: 0.162687
2025-07-26 15:08:03 | INFO     |     准确率: 0.871872
2025-07-26 15:08:03 | INFO     |     F1(macro): 0.865872
2025-07-26 15:08:03 | INFO     |     F1(weighted): 0.858059
2025-07-26 15:08:03 | INFO     |     精确率: 0.874848
2025-07-26 15:08:03 | INFO     |     召回率: 0.880393
2025-07-26 15:08:03 | INFO     |   学习率调度器: f1_based
2025-07-26 15:08:03 | INFO     | ------------------------------------------------------------
2025-07-26 15:08:03 | INFO     | Epoch  22 | Train: Loss=0.1548, Acc=0.8834 | Val: Loss=0.1627, Acc=0.8719, F1=0.8581 | LR=0.000050 
2025-07-26 15:08:53 | INFO     | Epoch 23:
2025-07-26 15:08:53 | INFO     |   训练指标:
2025-07-26 15:08:53 | INFO     |     损失(ce): 0.157983
2025-07-26 15:08:53 | INFO     |     准确率: 0.883634
2025-07-26 15:08:53 | INFO     |     学习率: 0.00005000
2025-07-26 15:08:53 | INFO     |   验证指标(标准CE):
2025-07-26 15:08:53 | INFO     |     损失: 0.164222
2025-07-26 15:08:53 | INFO     |     准确率: 0.878879
2025-07-26 15:08:53 | INFO     |     F1(macro): 0.849692
2025-07-26 15:08:53 | INFO     |     F1(weighted): 0.839682
2025-07-26 15:08:53 | INFO     |     精确率: 0.830939
2025-07-26 15:08:53 | INFO     |     召回率: 0.888889
2025-07-26 15:08:53 | INFO     |   学习率调度器: f1_based
2025-07-26 15:08:53 | INFO     | ------------------------------------------------------------
2025-07-26 15:08:53 | INFO     | Epoch  23 | Train: Loss=0.1580, Acc=0.8836 | Val: Loss=0.1642, Acc=0.8789, F1=0.8397 | LR=0.000050 
2025-07-26 15:09:42 | INFO     | Epoch 24:
2025-07-26 15:09:42 | INFO     |   训练指标:
2025-07-26 15:09:42 | INFO     |     损失(ce): 0.155138
2025-07-26 15:09:42 | INFO     |     准确率: 0.888639
2025-07-26 15:09:42 | INFO     |     学习率: 0.00005000
2025-07-26 15:09:42 | INFO     |   验证指标(标准CE):
2025-07-26 15:09:42 | INFO     |     损失: 0.166646
2025-07-26 15:09:42 | INFO     |     准确率: 0.878879
2025-07-26 15:09:42 | INFO     |     F1(macro): 0.849692
2025-07-26 15:09:42 | INFO     |     F1(weighted): 0.839682
2025-07-26 15:09:42 | INFO     |     精确率: 0.830939
2025-07-26 15:09:42 | INFO     |     召回率: 0.888889
2025-07-26 15:09:42 | INFO     |   学习率调度器: f1_based
2025-07-26 15:09:42 | INFO     | ------------------------------------------------------------
2025-07-26 15:09:42 | INFO     | Epoch  24 | Train: Loss=0.1551, Acc=0.8886 | Val: Loss=0.1666, Acc=0.8789, F1=0.8397 | LR=0.000050 
2025-07-26 15:10:32 | INFO     | Epoch 25:
2025-07-26 15:10:32 | INFO     |   训练指标:
2025-07-26 15:10:32 | INFO     |     损失(ce): 0.155158
2025-07-26 15:10:32 | INFO     |     准确率: 0.885636
2025-07-26 15:10:32 | INFO     |     学习率: 0.00005000
2025-07-26 15:10:32 | INFO     |   验证指标(标准CE):
2025-07-26 15:10:32 | INFO     |     损失: 0.162450
2025-07-26 15:10:32 | INFO     |     准确率: 0.888889
2025-07-26 15:10:32 | INFO     |     F1(macro): 0.853950
2025-07-26 15:10:32 | INFO     |     F1(weighted): 0.850803
2025-07-26 15:10:32 | INFO     |     精确率: 0.835728
2025-07-26 15:10:32 | INFO     |     召回率: 0.888889
2025-07-26 15:10:32 | INFO     |   学习率调度器: f1_based
2025-07-26 15:10:32 | INFO     | ------------------------------------------------------------
2025-07-26 15:10:32 | INFO     | Epoch  25 | Train: Loss=0.1552, Acc=0.8856 | Val: Loss=0.1625, Acc=0.8889, F1=0.8508 | LR=0.000050 
2025-07-26 15:11:22 | INFO     | Epoch 26:
2025-07-26 15:11:22 | INFO     |   训练指标:
2025-07-26 15:11:22 | INFO     |     损失(ce): 0.155604
2025-07-26 15:11:22 | INFO     |     准确率: 0.888639
2025-07-26 15:11:22 | INFO     |     学习率: 0.00005000
2025-07-26 15:11:22 | INFO     |   验证指标(标准CE):
2025-07-26 15:11:22 | INFO     |     损失: 0.162553
2025-07-26 15:11:22 | INFO     |     准确率: 0.888889
2025-07-26 15:11:22 | INFO     |     F1(macro): 0.853950
2025-07-26 15:11:22 | INFO     |     F1(weighted): 0.850803
2025-07-26 15:11:22 | INFO     |     精确率: 0.835728
2025-07-26 15:11:22 | INFO     |     召回率: 0.888889
2025-07-26 15:11:22 | INFO     |   学习率调度器: f1_based
2025-07-26 15:11:22 | INFO     | ------------------------------------------------------------
2025-07-26 15:11:22 | INFO     | Epoch  26 | Train: Loss=0.1556, Acc=0.8886 | Val: Loss=0.1626, Acc=0.8889, F1=0.8508 | LR=0.000050 
2025-07-26 15:12:12 | INFO     | Epoch 27:
2025-07-26 15:12:12 | INFO     |   训练指标:
2025-07-26 15:12:12 | INFO     |     损失(ce): 0.154970
2025-07-26 15:12:12 | INFO     |     准确率: 0.886386
2025-07-26 15:12:12 | INFO     |     学习率: 0.00005000
2025-07-26 15:12:12 | INFO     |   验证指标(标准CE):
2025-07-26 15:12:12 | INFO     |     损失: 0.163697
2025-07-26 15:12:12 | INFO     |     准确率: 0.886887
2025-07-26 15:12:12 | INFO     |     F1(macro): 0.852565
2025-07-26 15:12:12 | INFO     |     F1(weighted): 0.849349
2025-07-26 15:12:12 | INFO     |     精确率: 0.834548
2025-07-26 15:12:12 | INFO     |     召回率: 0.886987
2025-07-26 15:12:12 | INFO     |   学习率调度器: f1_based
2025-07-26 15:12:12 | INFO     | ------------------------------------------------------------
2025-07-26 15:12:12 | INFO     | 🎯 学习率调整事件:
2025-07-26 15:12:12 | INFO     |   调度器类型: f1_based
2025-07-26 15:12:12 | INFO     |   学习率变化: 0.00005000 → 0.00002500
2025-07-26 15:12:12 | INFO     |   触发条件: F1分数 = 0.849349
2025-07-26 15:12:12 | INFO     |   变化幅度: -50.00%
2025-07-26 15:12:12 | INFO     | ------------------------------------------------------------
2025-07-26 15:12:12 | INFO     | Epoch  27 | Train: Loss=0.1550, Acc=0.8864 | Val: Loss=0.1637, Acc=0.8869, F1=0.8493 | LR=0.000025 
2025-07-26 15:13:01 | INFO     | Epoch 28:
2025-07-26 15:13:01 | INFO     |   训练指标:
2025-07-26 15:13:01 | INFO     |     损失(ce): 0.154038
2025-07-26 15:13:01 | INFO     |     准确率: 0.891391
2025-07-26 15:13:01 | INFO     |     学习率: 0.00002500
2025-07-26 15:13:01 | INFO     |   验证指标(标准CE):
2025-07-26 15:13:01 | INFO     |     损失: 0.162929
2025-07-26 15:13:01 | INFO     |     准确率: 0.867868
2025-07-26 15:13:01 | INFO     |     F1(macro): 0.863839
2025-07-26 15:13:01 | INFO     |     F1(weighted): 0.856066
2025-07-26 15:13:01 | INFO     |     精确率: 0.870042
2025-07-26 15:13:01 | INFO     |     召回率: 0.876306
2025-07-26 15:13:01 | INFO     |   学习率调度器: f1_based
2025-07-26 15:13:01 | INFO     | ------------------------------------------------------------
2025-07-26 15:13:01 | INFO     | Epoch  28 | Train: Loss=0.1540, Acc=0.8914 | Val: Loss=0.1629, Acc=0.8679, F1=0.8561 | LR=0.000025 
2025-07-26 15:13:01 | INFO     | ⏹️ 早停触发，在第 28 轮停止训练
2025-07-26 15:13:05 | INFO     | 训练历史已保存到: ./result/0726_1449_DualGAF_DualGAFNet_dilated+concat+channel+mlp_sl96_step96_fd128_extractor-dilated_gaf-concat_attention-channel_classifier-mlp_stat-basic_fusion-concat/training_history.csv
2025-07-26 15:13:05 | INFO     | 
====================================================================================================
2025-07-26 15:13:05 | INFO     | 🎉 训练完成总结:
2025-07-26 15:13:05 | INFO     |   训练损失函数: ce
2025-07-26 15:13:05 | INFO     |   验证损失函数: 标准交叉熵（遵循主流ML规范）
2025-07-26 15:13:05 | INFO     |   训练过程最佳验证准确率: 0.8889
2025-07-26 15:13:05 | INFO     |   训练过程最佳验证F1(macro): 0.8921
2025-07-26 15:13:05 | INFO     |   训练过程最佳验证F1(weighted): 0.8868
2025-07-26 15:13:05 | INFO     |   训练轮数: 28
2025-07-26 15:13:05 | INFO     | --------------------------------------------------
2025-07-26 15:13:05 | INFO     | 📊 最佳模型真实性能指标（基于标准交叉熵损失）:
2025-07-26 15:13:05 | INFO     |   验证损失(标准CE): 0.1618
2025-07-26 15:13:05 | INFO     |   验证准确率: 0.8879
2025-07-26 15:13:05 | INFO     |   验证F1(macro): 0.8921
2025-07-26 15:13:05 | INFO     |   验证F1(weighted): 0.8868
2025-07-26 15:13:05 | INFO     |   验证精确率: 0.8939
2025-07-26 15:13:05 | INFO     |   验证召回率: 0.8937
2025-07-26 15:13:05 | INFO     | ====================================================================================================
2025-07-26 15:13:07 | INFO     | ================================================================================
2025-07-26 15:13:07 | INFO     | 实验日志结束: DualGAF_DualGAFNet_dilated+concat+channel+mlp_sl96_step96_fd128_extractor-dilated_gaf-concat_attention-channel_classifier-mlp_stat-basic_fusion-concat
2025-07-26 15:13:07 | INFO     | 结束时间: 2025-07-26 15:13:07
2025-07-26 15:13:07 | INFO     | ================================================================================
