2025-07-15 02:13:26 | INFO     | ================================================================================
2025-07-15 02:13:26 | INFO     | 实验日志开始: DualGAF_DualGAFNet_dilated_enhanced_sl96_step96_fd128_extractor-dilated_gaf-adaptive_attention-channel_classifier-mlp_ablation-no_stat
2025-07-15 02:13:26 | INFO     | 日志文件: ./result/0715_0213_DualGAF_DualGAFNet_dilated_enhanced_sl96_step96_fd128_extractor-dilated_gaf-adaptive_attention-channel_classifier-mlp_ablation-no_stat/training.log
2025-07-15 02:13:26 | INFO     | 开始时间: 2025-07-15 02:13:26
2025-07-15 02:13:26 | INFO     | ================================================================================
2025-07-15 02:13:26 | INFO     | ⚙️ 实验配置:
2025-07-15 02:13:26 | INFO     |    task_name: classification
2025-07-15 02:13:26 | INFO     |    is_training: 1
2025-07-15 02:13:26 | INFO     |    model_id: test
2025-07-15 02:13:26 | INFO     |    model: DualGAFNet
2025-07-15 02:13:26 | INFO     |    data: DualGAF
2025-07-15 02:13:26 | INFO     |    root_path: ./dataset/SAHU/mean_5_working
2025-07-15 02:13:26 | INFO     |    step: 96
2025-07-15 02:13:26 | INFO     |    checkpoints: ./checkpoints/
2025-07-15 02:13:26 | INFO     |    num_class: 9
2025-07-15 02:13:26 | INFO     |    result_path: ./result/
2025-07-15 02:13:26 | INFO     |    test_size: 0.2
2025-07-15 02:13:26 | INFO     |    seq_len: 96
2025-07-15 02:13:26 | INFO     |    enc_in: 26
2025-07-15 02:13:26 | INFO     |    d_model: 512
2025-07-15 02:13:26 | INFO     |    n_heads: 8
2025-07-15 02:13:26 | INFO     |    e_layers: 2
2025-07-15 02:13:26 | INFO     |    d_layers: 1
2025-07-15 02:13:26 | INFO     |    d_ff: 2048
2025-07-15 02:13:26 | INFO     |    moving_avg: 25
2025-07-15 02:13:26 | INFO     |    factor: 1
2025-07-15 02:13:26 | INFO     |    distil: True
2025-07-15 02:13:26 | INFO     |    dropout: 0.1
2025-07-15 02:13:26 | INFO     |    embed: timeF
2025-07-15 02:13:26 | INFO     |    activation: gelu
2025-07-15 02:13:26 | INFO     |    use_norm: 1
2025-07-15 02:13:26 | INFO     |    gaf_method: summation
2025-07-15 02:13:26 | INFO     |    feature_dim: 128
2025-07-15 02:13:26 | INFO     |    data_type_method: uint8
2025-07-15 02:13:26 | INFO     |    use_attention: True
2025-07-15 02:13:26 | INFO     |    hidden_dim: 64
2025-07-15 02:13:26 | INFO     |    sample_size: 1000
2025-07-15 02:13:26 | INFO     |    channel_groups: None
2025-07-15 02:13:26 | INFO     |    hvac_groups: None
2025-07-15 02:13:26 | INFO     |    extractor_type: dilated
2025-07-15 02:13:26 | INFO     |    fusion_type: adaptive
2025-07-15 02:13:26 | INFO     |    attention_type: channel
2025-07-15 02:13:26 | INFO     |    classifier_type: mlp
2025-07-15 02:13:26 | INFO     |    use_statistical_features: False
2025-07-15 02:13:26 | INFO     |    stat_type: basic
2025-07-15 02:13:26 | INFO     |    multimodal_fusion_strategy: concat
2025-07-15 02:13:26 | INFO     |    use_signal_level_stats: False
2025-07-15 02:13:26 | INFO     |    signal_stat_type: comprehensive
2025-07-15 02:13:26 | INFO     |    signal_stat_fusion_strategy: concat_project
2025-07-15 02:13:26 | INFO     |    signal_stat_feature_dim: 32
2025-07-15 02:13:26 | INFO     |    use_diff_branch: True
2025-07-15 02:13:26 | INFO     |    ablation_mode: no_stat
2025-07-15 02:13:26 | INFO     |    backbone_type: resnet18
2025-07-15 02:13:26 | INFO     |    use_sum_branch: True
2025-07-15 02:13:26 | INFO     |    num_workers: 0
2025-07-15 02:13:26 | INFO     |    cuda_debug: False
2025-07-15 02:13:26 | INFO     |    gpu_memory_fraction: 0.9
2025-07-15 02:13:26 | INFO     |    safe_mode: True
2025-07-15 02:13:26 | INFO     |    drop_last_batch: True
2025-07-15 02:13:26 | INFO     |    itr: 1
2025-07-15 02:13:26 | INFO     |    train_epochs: 300
2025-07-15 02:13:26 | INFO     |    batch_size: 4
2025-07-15 02:13:26 | INFO     |    patience: 15
2025-07-15 02:13:26 | INFO     |    learning_rate: 0.001
2025-07-15 02:13:26 | INFO     |    des: dilated_enhanced
2025-07-15 02:13:26 | INFO     |    loss: MSE
2025-07-15 02:13:26 | INFO     |    lradj: type1
2025-07-15 02:13:26 | INFO     |    lr_scheduler_type: f1_based
2025-07-15 02:13:26 | INFO     |    lr_loss_weight: 0.3
2025-07-15 02:13:26 | INFO     |    lr_f1_weight: 0.7
2025-07-15 02:13:26 | INFO     |    use_amp: False
2025-07-15 02:13:26 | INFO     |    gradient_accumulation_steps: 2
2025-07-15 02:13:26 | INFO     |    enable_auto_gradient_accumulation: True
2025-07-15 02:13:26 | INFO     |    loss_type: ce
2025-07-15 02:13:26 | INFO     |    label_smoothing: 0.1
2025-07-15 02:13:26 | INFO     |    focal_alpha: 1.0
2025-07-15 02:13:26 | INFO     |    focal_gamma: 2.0
2025-07-15 02:13:26 | INFO     |    confidence_penalty_beta: 0.1
2025-07-15 02:13:26 | INFO     |    use_timm_loss: True
2025-07-15 02:13:26 | INFO     |    adaptive_initial_smoothing: 0.2
2025-07-15 02:13:26 | INFO     |    adaptive_final_smoothing: 0.05
2025-07-15 02:13:26 | INFO     |    adaptive_decay_epochs: 30
2025-07-15 02:13:26 | INFO     |    enable_class_weights: False
2025-07-15 02:13:26 | INFO     |    class_weights: None
2025-07-15 02:13:26 | INFO     |    loss_preset: None
2025-07-15 02:13:26 | INFO     |    n_jobs: 8
2025-07-15 02:13:26 | INFO     |    use_multiprocessing: True
2025-07-15 02:13:26 | INFO     |    chunk_size: 800
2025-07-15 02:13:26 | INFO     |    disable_parallel: False
2025-07-15 02:13:26 | INFO     |    use_shared_memory: True
2025-07-15 02:13:26 | INFO     |    disable_shared_memory: False
2025-07-15 02:13:26 | INFO     |    use_gpu: True
2025-07-15 02:13:26 | INFO     |    gpu: 0
2025-07-15 02:13:26 | INFO     |    gpu_type: cuda
2025-07-15 02:13:26 | INFO     |    use_multi_gpu: False
2025-07-15 02:13:26 | INFO     |    devices: 0,1,2,3
2025-07-15 02:13:26 | INFO     |    device: cuda:0
2025-07-15 02:13:26 | INFO     | 🏗️ 模型信息:
2025-07-15 02:13:26 | INFO     |    模型类型: Model
2025-07-15 02:13:26 | INFO     |    总参数数量: 8,188,610
2025-07-15 02:13:26 | INFO     |    可训练参数: 8,188,610
2025-07-15 02:13:26 | INFO     |    模型大小估计: 31.24 MB
2025-07-15 02:13:26 | INFO     | 📊 数据集信息:
2025-07-15 02:13:26 | INFO     |    训练集大小: 2181
2025-07-15 02:13:26 | INFO     |    验证集大小: 546
2025-07-15 02:13:26 | INFO     | 
================================================================================
2025-07-15 02:13:26 | INFO     | 📋 损失函数使用策略（遵循主流机器学习规范）:
2025-07-15 02:13:26 | INFO     |    🎯 训练阶段: 使用 ce 损失函数
2025-07-15 02:13:26 | INFO     |       → 目的：优化模型参数，解决特定问题（类别不平衡、相似性等）
2025-07-15 02:13:26 | INFO     |    📊 验证阶段: 使用标准交叉熵损失函数
2025-07-15 02:13:26 | INFO     |       → 目的：客观评估模型性能，便于不同方法比较
2025-07-15 02:13:26 | INFO     |    📈 最终报告: 基于标准交叉熵损失的指标
2025-07-15 02:13:26 | INFO     |       → 目的：提供可信、可比较的性能指标
2025-07-15 02:13:26 | INFO     | ================================================================================

2025-07-15 02:13:26 | INFO     | 🔄 梯度累积配置: 每2轮累积一次梯度
2025-07-15 02:13:26 | INFO     |    实际batch_size: 4
2025-07-15 02:13:26 | INFO     |    有效batch_size: 8
2025-07-15 02:13:56 | INFO     | Epoch 1:
2025-07-15 02:13:56 | INFO     |   训练指标:
2025-07-15 02:13:56 | INFO     |     损失(ce): 1.609724
2025-07-15 02:13:56 | INFO     |     准确率: 0.370183
2025-07-15 02:13:56 | INFO     |     学习率: 0.00100000
2025-07-15 02:13:56 | INFO     |   验证指标(标准CE):
2025-07-15 02:13:56 | INFO     |     损失: 2.162327
2025-07-15 02:13:56 | INFO     |     准确率: 0.446886
2025-07-15 02:13:56 | INFO     |     F1(macro): 0.385815
2025-07-15 02:13:56 | INFO     |     F1(weighted): 0.389156
2025-07-15 02:13:56 | INFO     |     精确率: 0.485713
2025-07-15 02:13:56 | INFO     |     召回率: 0.424092
2025-07-15 02:13:56 | INFO     |   学习率调度器: f1_based
2025-07-15 02:13:56 | INFO     | ------------------------------------------------------------
2025-07-15 02:13:56 | INFO     | Epoch   1 | Train: Loss=1.6097, Acc=0.3702 | Val: Loss=2.1623, Acc=0.4469, F1=0.3892 | LR=0.001000 🏆 [最佳模型]
2025-07-15 02:14:25 | INFO     | Epoch 2:
2025-07-15 02:14:25 | INFO     |   训练指标:
2025-07-15 02:14:25 | INFO     |     损失(ce): 0.822891
2025-07-15 02:14:25 | INFO     |     准确率: 0.680275
2025-07-15 02:14:25 | INFO     |     学习率: 0.00100000
2025-07-15 02:14:25 | INFO     |   验证指标(标准CE):
2025-07-15 02:14:25 | INFO     |     损失: 0.782744
2025-07-15 02:14:25 | INFO     |     准确率: 0.684982
2025-07-15 02:14:25 | INFO     |     F1(macro): 0.681236
2025-07-15 02:14:25 | INFO     |     F1(weighted): 0.684891
2025-07-15 02:14:25 | INFO     |     精确率: 0.713298
2025-07-15 02:14:25 | INFO     |     召回率: 0.688907
2025-07-15 02:14:25 | INFO     |   学习率调度器: f1_based
2025-07-15 02:14:25 | INFO     | ------------------------------------------------------------
2025-07-15 02:14:25 | INFO     | Epoch   2 | Train: Loss=0.8229, Acc=0.6803 | Val: Loss=0.7827, Acc=0.6850, F1=0.6849 | LR=0.001000 🏆 [最佳模型]
2025-07-15 02:14:54 | INFO     | Epoch 3:
2025-07-15 02:14:54 | INFO     |   训练指标:
2025-07-15 02:14:54 | INFO     |     损失(ce): 0.671907
2025-07-15 02:14:54 | INFO     |     准确率: 0.738991
2025-07-15 02:14:54 | INFO     |     学习率: 0.00100000
2025-07-15 02:14:54 | INFO     |   验证指标(标准CE):
2025-07-15 02:14:54 | INFO     |     损失: 0.816257
2025-07-15 02:14:54 | INFO     |     准确率: 0.688645
2025-07-15 02:14:54 | INFO     |     F1(macro): 0.680475
2025-07-15 02:14:54 | INFO     |     F1(weighted): 0.684898
2025-07-15 02:14:54 | INFO     |     精确率: 0.734593
2025-07-15 02:14:54 | INFO     |     召回率: 0.678188
2025-07-15 02:14:54 | INFO     |   学习率调度器: f1_based
2025-07-15 02:14:54 | INFO     | ------------------------------------------------------------
2025-07-15 02:14:54 | INFO     | Epoch   3 | Train: Loss=0.6719, Acc=0.7390 | Val: Loss=0.8163, Acc=0.6886, F1=0.6849 | LR=0.001000 🏆 [最佳模型]
2025-07-15 02:15:23 | INFO     | Epoch 4:
2025-07-15 02:15:23 | INFO     |   训练指标:
2025-07-15 02:15:23 | INFO     |     损失(ce): 0.547231
2025-07-15 02:15:23 | INFO     |     准确率: 0.774771
2025-07-15 02:15:23 | INFO     |     学习率: 0.00100000
2025-07-15 02:15:23 | INFO     |   验证指标(标准CE):
2025-07-15 02:15:23 | INFO     |     损失: 0.490800
2025-07-15 02:15:23 | INFO     |     准确率: 0.802198
2025-07-15 02:15:23 | INFO     |     F1(macro): 0.798102
2025-07-15 02:15:23 | INFO     |     F1(weighted): 0.803303
2025-07-15 02:15:23 | INFO     |     精确率: 0.819365
2025-07-15 02:15:23 | INFO     |     召回率: 0.792277
2025-07-15 02:15:23 | INFO     |   学习率调度器: f1_based
2025-07-15 02:15:23 | INFO     | ------------------------------------------------------------
2025-07-15 02:15:23 | INFO     | Epoch   4 | Train: Loss=0.5472, Acc=0.7748 | Val: Loss=0.4908, Acc=0.8022, F1=0.8033 | LR=0.001000 🏆 [最佳模型]
2025-07-15 02:15:52 | INFO     | Epoch 5:
2025-07-15 02:15:52 | INFO     |   训练指标:
2025-07-15 02:15:52 | INFO     |     损失(ce): 0.497468
2025-07-15 02:15:52 | INFO     |     准确率: 0.797248
2025-07-15 02:15:52 | INFO     |     学习率: 0.00100000
2025-07-15 02:15:52 | INFO     |   验证指标(标准CE):
2025-07-15 02:15:52 | INFO     |     损失: 0.644788
2025-07-15 02:15:52 | INFO     |     准确率: 0.756410
2025-07-15 02:15:52 | INFO     |     F1(macro): 0.745041
2025-07-15 02:15:52 | INFO     |     F1(weighted): 0.745503
2025-07-15 02:15:52 | INFO     |     精确率: 0.789083
2025-07-15 02:15:52 | INFO     |     召回率: 0.765258
2025-07-15 02:15:52 | INFO     |   学习率调度器: f1_based
2025-07-15 02:15:52 | INFO     | ------------------------------------------------------------
2025-07-15 02:15:52 | INFO     | Epoch   5 | Train: Loss=0.4975, Acc=0.7972 | Val: Loss=0.6448, Acc=0.7564, F1=0.7455 | LR=0.001000 
2025-07-15 02:16:21 | INFO     | Epoch 6:
2025-07-15 02:16:21 | INFO     |   训练指标:
2025-07-15 02:16:21 | INFO     |     损失(ce): 0.440973
2025-07-15 02:16:21 | INFO     |     准确率: 0.826147
2025-07-15 02:16:21 | INFO     |     学习率: 0.00100000
2025-07-15 02:16:21 | INFO     |   验证指标(标准CE):
2025-07-15 02:16:21 | INFO     |     损失: 0.462147
2025-07-15 02:16:21 | INFO     |     准确率: 0.824176
2025-07-15 02:16:21 | INFO     |     F1(macro): 0.811900
2025-07-15 02:16:21 | INFO     |     F1(weighted): 0.819045
2025-07-15 02:16:21 | INFO     |     精确率: 0.826945
2025-07-15 02:16:21 | INFO     |     召回率: 0.811831
2025-07-15 02:16:21 | INFO     |   学习率调度器: f1_based
2025-07-15 02:16:21 | INFO     | ------------------------------------------------------------
2025-07-15 02:16:21 | INFO     | Epoch   6 | Train: Loss=0.4410, Acc=0.8261 | Val: Loss=0.4621, Acc=0.8242, F1=0.8190 | LR=0.001000 🏆 [最佳模型]
2025-07-15 02:16:50 | INFO     | Epoch 7:
2025-07-15 02:16:50 | INFO     |   训练指标:
2025-07-15 02:16:50 | INFO     |     损失(ce): 0.390322
2025-07-15 02:16:50 | INFO     |     准确率: 0.848624
2025-07-15 02:16:50 | INFO     |     学习率: 0.00100000
2025-07-15 02:16:50 | INFO     |   验证指标(标准CE):
2025-07-15 02:16:50 | INFO     |     损失: 0.355256
2025-07-15 02:16:50 | INFO     |     准确率: 0.860806
2025-07-15 02:16:50 | INFO     |     F1(macro): 0.852722
2025-07-15 02:16:50 | INFO     |     F1(weighted): 0.859222
2025-07-15 02:16:50 | INFO     |     精确率: 0.852736
2025-07-15 02:16:50 | INFO     |     召回率: 0.855873
2025-07-15 02:16:50 | INFO     |   学习率调度器: f1_based
2025-07-15 02:16:50 | INFO     | ------------------------------------------------------------
2025-07-15 02:16:50 | INFO     | Epoch   7 | Train: Loss=0.3903, Acc=0.8486 | Val: Loss=0.3553, Acc=0.8608, F1=0.8592 | LR=0.001000 🏆 [最佳模型]
2025-07-15 02:17:19 | INFO     | Epoch 8:
2025-07-15 02:17:19 | INFO     |   训练指标:
2025-07-15 02:17:19 | INFO     |     损失(ce): 0.339053
2025-07-15 02:17:19 | INFO     |     准确率: 0.865596
2025-07-15 02:17:19 | INFO     |     学习率: 0.00100000
2025-07-15 02:17:19 | INFO     |   验证指标(标准CE):
2025-07-15 02:17:19 | INFO     |     损失: 1.022940
2025-07-15 02:17:19 | INFO     |     准确率: 0.741758
2025-07-15 02:17:19 | INFO     |     F1(macro): 0.718775
2025-07-15 02:17:19 | INFO     |     F1(weighted): 0.723168
2025-07-15 02:17:19 | INFO     |     精确率: 0.771544
2025-07-15 02:17:19 | INFO     |     召回率: 0.741125
2025-07-15 02:17:19 | INFO     |   学习率调度器: f1_based
2025-07-15 02:17:19 | INFO     | ------------------------------------------------------------
2025-07-15 02:17:19 | INFO     | Epoch   8 | Train: Loss=0.3391, Acc=0.8656 | Val: Loss=1.0229, Acc=0.7418, F1=0.7232 | LR=0.001000 
2025-07-15 02:17:47 | INFO     | Epoch 9:
2025-07-15 02:17:47 | INFO     |   训练指标:
2025-07-15 02:17:47 | INFO     |     损失(ce): 0.336457
2025-07-15 02:17:47 | INFO     |     准确率: 0.859633
2025-07-15 02:17:47 | INFO     |     学习率: 0.00100000
2025-07-15 02:17:47 | INFO     |   验证指标(标准CE):
2025-07-15 02:17:47 | INFO     |     损失: 0.300993
2025-07-15 02:17:47 | INFO     |     准确率: 0.880952
2025-07-15 02:17:47 | INFO     |     F1(macro): 0.872713
2025-07-15 02:17:47 | INFO     |     F1(weighted): 0.878932
2025-07-15 02:17:47 | INFO     |     精确率: 0.895771
2025-07-15 02:17:47 | INFO     |     召回率: 0.870840
2025-07-15 02:17:47 | INFO     |   学习率调度器: f1_based
2025-07-15 02:17:47 | INFO     | ------------------------------------------------------------
2025-07-15 02:17:47 | INFO     | Epoch   9 | Train: Loss=0.3365, Acc=0.8596 | Val: Loss=0.3010, Acc=0.8810, F1=0.8789 | LR=0.001000 🏆 [最佳模型]
2025-07-15 02:18:16 | INFO     | Epoch 10:
2025-07-15 02:18:16 | INFO     |   训练指标:
2025-07-15 02:18:16 | INFO     |     损失(ce): 0.325001
2025-07-15 02:18:16 | INFO     |     准确率: 0.879817
2025-07-15 02:18:16 | INFO     |     学习率: 0.00100000
2025-07-15 02:18:16 | INFO     |   验证指标(标准CE):
2025-07-15 02:18:16 | INFO     |     损失: 0.348704
2025-07-15 02:18:16 | INFO     |     准确率: 0.879121
2025-07-15 02:18:16 | INFO     |     F1(macro): 0.877143
2025-07-15 02:18:16 | INFO     |     F1(weighted): 0.878787
2025-07-15 02:18:16 | INFO     |     精确率: 0.877036
2025-07-15 02:18:16 | INFO     |     召回率: 0.880567
2025-07-15 02:18:16 | INFO     |   学习率调度器: f1_based
2025-07-15 02:18:16 | INFO     | ------------------------------------------------------------
2025-07-15 02:18:16 | INFO     | Epoch  10 | Train: Loss=0.3250, Acc=0.8798 | Val: Loss=0.3487, Acc=0.8791, F1=0.8788 | LR=0.001000 
2025-07-15 02:18:45 | INFO     | Epoch 11:
2025-07-15 02:18:45 | INFO     |   训练指标:
2025-07-15 02:18:45 | INFO     |     损失(ce): 0.291660
2025-07-15 02:18:45 | INFO     |     准确率: 0.883945
2025-07-15 02:18:45 | INFO     |     学习率: 0.00100000
2025-07-15 02:18:45 | INFO     |   验证指标(标准CE):
2025-07-15 02:18:45 | INFO     |     损失: 0.532472
2025-07-15 02:18:45 | INFO     |     准确率: 0.836996
2025-07-15 02:18:45 | INFO     |     F1(macro): 0.828937
2025-07-15 02:18:45 | INFO     |     F1(weighted): 0.837853
2025-07-15 02:18:45 | INFO     |     精确率: 0.841563
2025-07-15 02:18:45 | INFO     |     召回率: 0.830122
2025-07-15 02:18:45 | INFO     |   学习率调度器: f1_based
2025-07-15 02:18:45 | INFO     | ------------------------------------------------------------
2025-07-15 02:18:45 | INFO     | Epoch  11 | Train: Loss=0.2917, Acc=0.8839 | Val: Loss=0.5325, Acc=0.8370, F1=0.8379 | LR=0.001000 
2025-07-15 02:19:13 | INFO     | Epoch 12:
2025-07-15 02:19:13 | INFO     |   训练指标:
2025-07-15 02:19:13 | INFO     |     损失(ce): 0.285712
2025-07-15 02:19:13 | INFO     |     准确率: 0.884862
2025-07-15 02:19:13 | INFO     |     学习率: 0.00100000
2025-07-15 02:19:13 | INFO     |   验证指标(标准CE):
2025-07-15 02:19:13 | INFO     |     损失: 0.236203
2025-07-15 02:19:13 | INFO     |     准确率: 0.901099
2025-07-15 02:19:13 | INFO     |     F1(macro): 0.897138
2025-07-15 02:19:13 | INFO     |     F1(weighted): 0.901182
2025-07-15 02:19:13 | INFO     |     精确率: 0.904021
2025-07-15 02:19:13 | INFO     |     召回率: 0.896797
2025-07-15 02:19:13 | INFO     |   学习率调度器: f1_based
2025-07-15 02:19:13 | INFO     | ------------------------------------------------------------
2025-07-15 02:19:13 | INFO     | Epoch  12 | Train: Loss=0.2857, Acc=0.8849 | Val: Loss=0.2362, Acc=0.9011, F1=0.9012 | LR=0.001000 🏆 [最佳模型]
2025-07-15 02:19:42 | INFO     | Epoch 13:
2025-07-15 02:19:42 | INFO     |   训练指标:
2025-07-15 02:19:42 | INFO     |     损失(ce): 0.284205
2025-07-15 02:19:42 | INFO     |     准确率: 0.883486
2025-07-15 02:19:42 | INFO     |     学习率: 0.00100000
2025-07-15 02:19:42 | INFO     |   验证指标(标准CE):
2025-07-15 02:19:42 | INFO     |     损失: 0.236078
2025-07-15 02:19:42 | INFO     |     准确率: 0.912088
2025-07-15 02:19:42 | INFO     |     F1(macro): 0.908088
2025-07-15 02:19:42 | INFO     |     F1(weighted): 0.910393
2025-07-15 02:19:42 | INFO     |     精确率: 0.907331
2025-07-15 02:19:42 | INFO     |     召回率: 0.914291
2025-07-15 02:19:42 | INFO     |   学习率调度器: f1_based
2025-07-15 02:19:42 | INFO     | ------------------------------------------------------------
2025-07-15 02:19:42 | INFO     | Epoch  13 | Train: Loss=0.2842, Acc=0.8835 | Val: Loss=0.2361, Acc=0.9121, F1=0.9104 | LR=0.001000 🏆 [最佳模型]
2025-07-15 02:20:11 | INFO     | Epoch 14:
2025-07-15 02:20:11 | INFO     |   训练指标:
2025-07-15 02:20:11 | INFO     |     损失(ce): 0.253546
2025-07-15 02:20:11 | INFO     |     准确率: 0.898624
2025-07-15 02:20:11 | INFO     |     学习率: 0.00100000
2025-07-15 02:20:11 | INFO     |   验证指标(标准CE):
2025-07-15 02:20:11 | INFO     |     损失: 0.327287
2025-07-15 02:20:11 | INFO     |     准确率: 0.897436
2025-07-15 02:20:11 | INFO     |     F1(macro): 0.891570
2025-07-15 02:20:11 | INFO     |     F1(weighted): 0.894754
2025-07-15 02:20:11 | INFO     |     精确率: 0.890383
2025-07-15 02:20:11 | INFO     |     召回率: 0.895593
2025-07-15 02:20:11 | INFO     |   学习率调度器: f1_based
2025-07-15 02:20:11 | INFO     | ------------------------------------------------------------
2025-07-15 02:20:11 | INFO     | Epoch  14 | Train: Loss=0.2535, Acc=0.8986 | Val: Loss=0.3273, Acc=0.8974, F1=0.8948 | LR=0.001000 
2025-07-15 02:20:41 | INFO     | Epoch 15:
2025-07-15 02:20:41 | INFO     |   训练指标:
2025-07-15 02:20:41 | INFO     |     损失(ce): 0.250737
2025-07-15 02:20:41 | INFO     |     准确率: 0.901835
2025-07-15 02:20:41 | INFO     |     学习率: 0.00100000
2025-07-15 02:20:41 | INFO     |   验证指标(标准CE):
2025-07-15 02:20:41 | INFO     |     损失: 0.279246
2025-07-15 02:20:41 | INFO     |     准确率: 0.910256
2025-07-15 02:20:41 | INFO     |     F1(macro): 0.905812
2025-07-15 02:20:41 | INFO     |     F1(weighted): 0.908323
2025-07-15 02:20:41 | INFO     |     精确率: 0.907379
2025-07-15 02:20:41 | INFO     |     召回率: 0.910848
2025-07-15 02:20:41 | INFO     |   学习率调度器: f1_based
2025-07-15 02:20:41 | INFO     | ------------------------------------------------------------
2025-07-15 02:20:41 | INFO     | Epoch  15 | Train: Loss=0.2507, Acc=0.9018 | Val: Loss=0.2792, Acc=0.9103, F1=0.9083 | LR=0.001000 
2025-07-15 02:21:12 | INFO     | Epoch 16:
2025-07-15 02:21:12 | INFO     |   训练指标:
2025-07-15 02:21:12 | INFO     |     损失(ce): 0.219834
2025-07-15 02:21:12 | INFO     |     准确率: 0.906422
2025-07-15 02:21:12 | INFO     |     学习率: 0.00100000
2025-07-15 02:21:12 | INFO     |   验证指标(标准CE):
2025-07-15 02:21:12 | INFO     |     损失: 0.540492
2025-07-15 02:21:12 | INFO     |     准确率: 0.840659
2025-07-15 02:21:12 | INFO     |     F1(macro): 0.836480
2025-07-15 02:21:12 | INFO     |     F1(weighted): 0.838205
2025-07-15 02:21:12 | INFO     |     精确率: 0.855388
2025-07-15 02:21:12 | INFO     |     召回率: 0.838685
2025-07-15 02:21:12 | INFO     |   学习率调度器: f1_based
2025-07-15 02:21:12 | INFO     | ------------------------------------------------------------
2025-07-15 02:21:12 | INFO     | Epoch  16 | Train: Loss=0.2198, Acc=0.9064 | Val: Loss=0.5405, Acc=0.8407, F1=0.8382 | LR=0.001000 
2025-07-15 02:21:42 | INFO     | Epoch 17:
2025-07-15 02:21:42 | INFO     |   训练指标:
2025-07-15 02:21:42 | INFO     |     损失(ce): 0.232008
2025-07-15 02:21:42 | INFO     |     准确率: 0.906881
2025-07-15 02:21:42 | INFO     |     学习率: 0.00100000
2025-07-15 02:21:42 | INFO     |   验证指标(标准CE):
2025-07-15 02:21:42 | INFO     |     损失: 0.265174
2025-07-15 02:21:42 | INFO     |     准确率: 0.904762
2025-07-15 02:21:42 | INFO     |     F1(macro): 0.900462
2025-07-15 02:21:42 | INFO     |     F1(weighted): 0.903484
2025-07-15 02:21:42 | INFO     |     精确率: 0.907231
2025-07-15 02:21:42 | INFO     |     召回率: 0.904733
2025-07-15 02:21:42 | INFO     |   学习率调度器: f1_based
2025-07-15 02:21:42 | INFO     | ------------------------------------------------------------
2025-07-15 02:21:42 | INFO     | Epoch  17 | Train: Loss=0.2320, Acc=0.9069 | Val: Loss=0.2652, Acc=0.9048, F1=0.9035 | LR=0.001000 
2025-07-15 02:22:12 | INFO     | Epoch 18:
2025-07-15 02:22:12 | INFO     |   训练指标:
2025-07-15 02:22:12 | INFO     |     损失(ce): 0.211333
2025-07-15 02:22:12 | INFO     |     准确率: 0.921560
2025-07-15 02:22:12 | INFO     |     学习率: 0.00100000
2025-07-15 02:22:12 | INFO     |   验证指标(标准CE):
2025-07-15 02:22:12 | INFO     |     损失: 1.033266
2025-07-15 02:22:12 | INFO     |     准确率: 0.730769
2025-07-15 02:22:12 | INFO     |     F1(macro): 0.719754
2025-07-15 02:22:12 | INFO     |     F1(weighted): 0.718862
2025-07-15 02:22:12 | INFO     |     精确率: 0.788697
2025-07-15 02:22:12 | INFO     |     召回率: 0.731148
2025-07-15 02:22:12 | INFO     |   学习率调度器: f1_based
2025-07-15 02:22:12 | INFO     | ------------------------------------------------------------
2025-07-15 02:22:12 | INFO     | Epoch  18 | Train: Loss=0.2113, Acc=0.9216 | Val: Loss=1.0333, Acc=0.7308, F1=0.7189 | LR=0.001000 
2025-07-15 02:22:43 | INFO     | Epoch 19:
2025-07-15 02:22:43 | INFO     |   训练指标:
2025-07-15 02:22:43 | INFO     |     损失(ce): 0.217805
2025-07-15 02:22:43 | INFO     |     准确率: 0.909633
2025-07-15 02:22:43 | INFO     |     学习率: 0.00100000
2025-07-15 02:22:43 | INFO     |   验证指标(标准CE):
2025-07-15 02:22:43 | INFO     |     损失: 0.217545
2025-07-15 02:22:43 | INFO     |     准确率: 0.917582
2025-07-15 02:22:43 | INFO     |     F1(macro): 0.914387
2025-07-15 02:22:43 | INFO     |     F1(weighted): 0.916785
2025-07-15 02:22:43 | INFO     |     精确率: 0.913176
2025-07-15 02:22:43 | INFO     |     召回率: 0.917339
2025-07-15 02:22:43 | INFO     |   学习率调度器: f1_based
2025-07-15 02:22:43 | INFO     | ------------------------------------------------------------
2025-07-15 02:22:43 | INFO     | Epoch  19 | Train: Loss=0.2178, Acc=0.9096 | Val: Loss=0.2175, Acc=0.9176, F1=0.9168 | LR=0.001000 🏆 [最佳模型]
2025-07-15 02:23:14 | INFO     | Epoch 20:
2025-07-15 02:23:14 | INFO     |   训练指标:
2025-07-15 02:23:14 | INFO     |     损失(ce): 0.219487
2025-07-15 02:23:14 | INFO     |     准确率: 0.909174
2025-07-15 02:23:14 | INFO     |     学习率: 0.00100000
2025-07-15 02:23:14 | INFO     |   验证指标(标准CE):
2025-07-15 02:23:14 | INFO     |     损失: 0.292491
2025-07-15 02:23:14 | INFO     |     准确率: 0.882784
2025-07-15 02:23:14 | INFO     |     F1(macro): 0.876373
2025-07-15 02:23:14 | INFO     |     F1(weighted): 0.882109
2025-07-15 02:23:14 | INFO     |     精确率: 0.882853
2025-07-15 02:23:14 | INFO     |     召回率: 0.880182
2025-07-15 02:23:14 | INFO     |   学习率调度器: f1_based
2025-07-15 02:23:14 | INFO     | ------------------------------------------------------------
2025-07-15 02:23:14 | INFO     | Epoch  20 | Train: Loss=0.2195, Acc=0.9092 | Val: Loss=0.2925, Acc=0.8828, F1=0.8821 | LR=0.001000 
2025-07-15 02:23:43 | INFO     | Epoch 21:
2025-07-15 02:23:43 | INFO     |   训练指标:
2025-07-15 02:23:43 | INFO     |     损失(ce): 0.207132
2025-07-15 02:23:43 | INFO     |     准确率: 0.913303
2025-07-15 02:23:43 | INFO     |     学习率: 0.00100000
2025-07-15 02:23:43 | INFO     |   验证指标(标准CE):
2025-07-15 02:23:43 | INFO     |     损失: 0.241479
2025-07-15 02:23:43 | INFO     |     准确率: 0.902930
2025-07-15 02:23:43 | INFO     |     F1(macro): 0.898150
2025-07-15 02:23:43 | INFO     |     F1(weighted): 0.902315
2025-07-15 02:23:43 | INFO     |     精确率: 0.903833
2025-07-15 02:23:43 | INFO     |     召回率: 0.895942
2025-07-15 02:23:43 | INFO     |   学习率调度器: f1_based
2025-07-15 02:23:43 | INFO     | ------------------------------------------------------------
2025-07-15 02:23:43 | INFO     | Epoch  21 | Train: Loss=0.2071, Acc=0.9133 | Val: Loss=0.2415, Acc=0.9029, F1=0.9023 | LR=0.001000 
2025-07-15 02:24:12 | INFO     | Epoch 22:
2025-07-15 02:24:12 | INFO     |   训练指标:
2025-07-15 02:24:12 | INFO     |     损失(ce): 0.203005
2025-07-15 02:24:12 | INFO     |     准确率: 0.911009
2025-07-15 02:24:12 | INFO     |     学习率: 0.00100000
2025-07-15 02:24:12 | INFO     |   验证指标(标准CE):
2025-07-15 02:24:12 | INFO     |     损失: 0.297839
2025-07-15 02:24:12 | INFO     |     准确率: 0.899267
2025-07-15 02:24:12 | INFO     |     F1(macro): 0.895191
2025-07-15 02:24:12 | INFO     |     F1(weighted): 0.898207
2025-07-15 02:24:12 | INFO     |     精确率: 0.894823
2025-07-15 02:24:12 | INFO     |     召回率: 0.896997
2025-07-15 02:24:12 | INFO     |   学习率调度器: f1_based
2025-07-15 02:24:12 | INFO     | ------------------------------------------------------------
2025-07-15 02:24:12 | INFO     | Epoch  22 | Train: Loss=0.2030, Acc=0.9110 | Val: Loss=0.2978, Acc=0.8993, F1=0.8982 | LR=0.001000 
2025-07-15 02:24:41 | INFO     | Epoch 23:
2025-07-15 02:24:41 | INFO     |   训练指标:
2025-07-15 02:24:41 | INFO     |     损失(ce): 0.191805
2025-07-15 02:24:41 | INFO     |     准确率: 0.922936
2025-07-15 02:24:41 | INFO     |     学习率: 0.00100000
2025-07-15 02:24:41 | INFO     |   验证指标(标准CE):
2025-07-15 02:24:41 | INFO     |     损失: 0.434389
2025-07-15 02:24:41 | INFO     |     准确率: 0.871795
2025-07-15 02:24:41 | INFO     |     F1(macro): 0.873010
2025-07-15 02:24:41 | INFO     |     F1(weighted): 0.874372
2025-07-15 02:24:41 | INFO     |     精确率: 0.887002
2025-07-15 02:24:41 | INFO     |     召回率: 0.866806
2025-07-15 02:24:41 | INFO     |   学习率调度器: f1_based
2025-07-15 02:24:41 | INFO     | ------------------------------------------------------------
2025-07-15 02:24:41 | INFO     | Epoch  23 | Train: Loss=0.1918, Acc=0.9229 | Val: Loss=0.4344, Acc=0.8718, F1=0.8744 | LR=0.001000 
2025-07-15 02:25:10 | INFO     | Epoch 24:
2025-07-15 02:25:10 | INFO     |   训练指标:
2025-07-15 02:25:10 | INFO     |     损失(ce): 0.193379
2025-07-15 02:25:10 | INFO     |     准确率: 0.919725
2025-07-15 02:25:10 | INFO     |     学习率: 0.00100000
2025-07-15 02:25:10 | INFO     |   验证指标(标准CE):
2025-07-15 02:25:10 | INFO     |     损失: 0.358168
2025-07-15 02:25:10 | INFO     |     准确率: 0.884615
2025-07-15 02:25:10 | INFO     |     F1(macro): 0.880517
2025-07-15 02:25:10 | INFO     |     F1(weighted): 0.886224
2025-07-15 02:25:10 | INFO     |     精确率: 0.892508
2025-07-15 02:25:10 | INFO     |     召回率: 0.876993
2025-07-15 02:25:10 | INFO     |   学习率调度器: f1_based
2025-07-15 02:25:10 | INFO     | ------------------------------------------------------------
2025-07-15 02:25:10 | INFO     | Epoch  24 | Train: Loss=0.1934, Acc=0.9197 | Val: Loss=0.3582, Acc=0.8846, F1=0.8862 | LR=0.001000 
2025-07-15 02:25:39 | INFO     | Epoch 25:
2025-07-15 02:25:39 | INFO     |   训练指标:
2025-07-15 02:25:39 | INFO     |     损失(ce): 0.186216
2025-07-15 02:25:39 | INFO     |     准确率: 0.928899
2025-07-15 02:25:39 | INFO     |     学习率: 0.00100000
2025-07-15 02:25:39 | INFO     |   验证指标(标准CE):
2025-07-15 02:25:39 | INFO     |     损失: 0.227683
2025-07-15 02:25:39 | INFO     |     准确率: 0.937729
2025-07-15 02:25:39 | INFO     |     F1(macro): 0.935236
2025-07-15 02:25:39 | INFO     |     F1(weighted): 0.937390
2025-07-15 02:25:39 | INFO     |     精确率: 0.937713
2025-07-15 02:25:39 | INFO     |     召回率: 0.935557
2025-07-15 02:25:39 | INFO     |   学习率调度器: f1_based
2025-07-15 02:25:39 | INFO     | ------------------------------------------------------------
2025-07-15 02:25:39 | INFO     | Epoch  25 | Train: Loss=0.1862, Acc=0.9289 | Val: Loss=0.2277, Acc=0.9377, F1=0.9374 | LR=0.001000 🏆 [最佳模型]
2025-07-15 02:26:08 | INFO     | Epoch 26:
2025-07-15 02:26:08 | INFO     |   训练指标:
2025-07-15 02:26:08 | INFO     |     损失(ce): 0.200411
2025-07-15 02:26:08 | INFO     |     准确率: 0.916055
2025-07-15 02:26:08 | INFO     |     学习率: 0.00100000
2025-07-15 02:26:08 | INFO     |   验证指标(标准CE):
2025-07-15 02:26:08 | INFO     |     损失: 0.281000
2025-07-15 02:26:08 | INFO     |     准确率: 0.908425
2025-07-15 02:26:08 | INFO     |     F1(macro): 0.904003
2025-07-15 02:26:08 | INFO     |     F1(weighted): 0.907263
2025-07-15 02:26:08 | INFO     |     精确率: 0.911969
2025-07-15 02:26:08 | INFO     |     召回率: 0.902140
2025-07-15 02:26:08 | INFO     |   学习率调度器: f1_based
2025-07-15 02:26:08 | INFO     | ------------------------------------------------------------
2025-07-15 02:26:08 | INFO     | Epoch  26 | Train: Loss=0.2004, Acc=0.9161 | Val: Loss=0.2810, Acc=0.9084, F1=0.9073 | LR=0.001000 
2025-07-15 02:26:37 | INFO     | Epoch 27:
2025-07-15 02:26:37 | INFO     |   训练指标:
2025-07-15 02:26:37 | INFO     |     损失(ce): 0.186336
2025-07-15 02:26:37 | INFO     |     准确率: 0.923394
2025-07-15 02:26:37 | INFO     |     学习率: 0.00100000
2025-07-15 02:26:37 | INFO     |   验证指标(标准CE):
2025-07-15 02:26:37 | INFO     |     损失: 0.192448
2025-07-15 02:26:37 | INFO     |     准确率: 0.917582
2025-07-15 02:26:37 | INFO     |     F1(macro): 0.913453
2025-07-15 02:26:37 | INFO     |     F1(weighted): 0.916426
2025-07-15 02:26:37 | INFO     |     精确率: 0.923074
2025-07-15 02:26:37 | INFO     |     召回率: 0.918471
2025-07-15 02:26:37 | INFO     |   学习率调度器: f1_based
2025-07-15 02:26:37 | INFO     | ------------------------------------------------------------
2025-07-15 02:26:37 | INFO     | Epoch  27 | Train: Loss=0.1863, Acc=0.9234 | Val: Loss=0.1924, Acc=0.9176, F1=0.9164 | LR=0.001000 
2025-07-15 02:27:06 | INFO     | Epoch 28:
2025-07-15 02:27:06 | INFO     |   训练指标:
2025-07-15 02:27:06 | INFO     |     损失(ce): 0.162692
2025-07-15 02:27:06 | INFO     |     准确率: 0.927523
2025-07-15 02:27:06 | INFO     |     学习率: 0.00100000
2025-07-15 02:27:06 | INFO     |   验证指标(标准CE):
2025-07-15 02:27:06 | INFO     |     损失: 1.284635
2025-07-15 02:27:06 | INFO     |     准确率: 0.703297
2025-07-15 02:27:06 | INFO     |     F1(macro): 0.687453
2025-07-15 02:27:06 | INFO     |     F1(weighted): 0.686773
2025-07-15 02:27:06 | INFO     |     精确率: 0.780663
2025-07-15 02:27:06 | INFO     |     召回率: 0.706281
2025-07-15 02:27:06 | INFO     |   学习率调度器: f1_based
2025-07-15 02:27:06 | INFO     | ------------------------------------------------------------
2025-07-15 02:27:06 | INFO     | Epoch  28 | Train: Loss=0.1627, Acc=0.9275 | Val: Loss=1.2846, Acc=0.7033, F1=0.6868 | LR=0.001000 
2025-07-15 02:27:35 | INFO     | Epoch 29:
2025-07-15 02:27:35 | INFO     |   训练指标:
2025-07-15 02:27:35 | INFO     |     损失(ce): 0.190207
2025-07-15 02:27:35 | INFO     |     准确率: 0.923853
2025-07-15 02:27:35 | INFO     |     学习率: 0.00100000
2025-07-15 02:27:35 | INFO     |   验证指标(标准CE):
2025-07-15 02:27:35 | INFO     |     损失: 0.291426
2025-07-15 02:27:35 | INFO     |     准确率: 0.882784
2025-07-15 02:27:35 | INFO     |     F1(macro): 0.873749
2025-07-15 02:27:35 | INFO     |     F1(weighted): 0.878233
2025-07-15 02:27:35 | INFO     |     精确率: 0.887553
2025-07-15 02:27:35 | INFO     |     召回率: 0.876986
2025-07-15 02:27:35 | INFO     |   学习率调度器: f1_based
2025-07-15 02:27:35 | INFO     | ------------------------------------------------------------
2025-07-15 02:27:35 | INFO     | Epoch  29 | Train: Loss=0.1902, Acc=0.9239 | Val: Loss=0.2914, Acc=0.8828, F1=0.8782 | LR=0.001000 
2025-07-15 02:28:04 | INFO     | Epoch 30:
2025-07-15 02:28:04 | INFO     |   训练指标:
2025-07-15 02:28:04 | INFO     |     损失(ce): 0.188459
2025-07-15 02:28:04 | INFO     |     准确率: 0.927982
2025-07-15 02:28:04 | INFO     |     学习率: 0.00100000
2025-07-15 02:28:04 | INFO     |   验证指标(标准CE):
2025-07-15 02:28:04 | INFO     |     损失: 0.281325
2025-07-15 02:28:04 | INFO     |     准确率: 0.910256
2025-07-15 02:28:04 | INFO     |     F1(macro): 0.906884
2025-07-15 02:28:04 | INFO     |     F1(weighted): 0.910894
2025-07-15 02:28:04 | INFO     |     精确率: 0.909776
2025-07-15 02:28:04 | INFO     |     召回率: 0.907404
2025-07-15 02:28:04 | INFO     |   学习率调度器: f1_based
2025-07-15 02:28:04 | INFO     | ------------------------------------------------------------
2025-07-15 02:28:04 | INFO     | Epoch  30 | Train: Loss=0.1885, Acc=0.9280 | Val: Loss=0.2813, Acc=0.9103, F1=0.9109 | LR=0.001000 
2025-07-15 02:28:33 | INFO     | Epoch 31:
2025-07-15 02:28:33 | INFO     |   训练指标:
2025-07-15 02:28:33 | INFO     |     损失(ce): 0.160136
2025-07-15 02:28:33 | INFO     |     准确率: 0.930275
2025-07-15 02:28:33 | INFO     |     学习率: 0.00100000
2025-07-15 02:28:33 | INFO     |   验证指标(标准CE):
2025-07-15 02:28:33 | INFO     |     损失: 0.196218
2025-07-15 02:28:33 | INFO     |     准确率: 0.935897
2025-07-15 02:28:33 | INFO     |     F1(macro): 0.933520
2025-07-15 02:28:33 | INFO     |     F1(weighted): 0.934532
2025-07-15 02:28:33 | INFO     |     精确率: 0.933410
2025-07-15 02:28:33 | INFO     |     召回率: 0.936390
2025-07-15 02:28:33 | INFO     |   学习率调度器: f1_based
2025-07-15 02:28:33 | INFO     | ------------------------------------------------------------
2025-07-15 02:28:33 | INFO     | 🎯 学习率调整事件:
2025-07-15 02:28:33 | INFO     |   调度器类型: f1_based
2025-07-15 02:28:33 | INFO     |   学习率变化: 0.00100000 → 0.00050000
2025-07-15 02:28:33 | INFO     |   触发条件: F1分数 = 0.934532
2025-07-15 02:28:33 | INFO     |   变化幅度: -50.00%
2025-07-15 02:28:33 | INFO     | ------------------------------------------------------------
2025-07-15 02:28:33 | INFO     | Epoch  31 | Train: Loss=0.1601, Acc=0.9303 | Val: Loss=0.1962, Acc=0.9359, F1=0.9345 | LR=0.000500 
2025-07-15 02:29:01 | INFO     | Epoch 32:
2025-07-15 02:29:01 | INFO     |   训练指标:
2025-07-15 02:29:01 | INFO     |     损失(ce): 0.099419
2025-07-15 02:29:01 | INFO     |     准确率: 0.948165
2025-07-15 02:29:01 | INFO     |     学习率: 0.00050000
2025-07-15 02:29:01 | INFO     |   验证指标(标准CE):
2025-07-15 02:29:01 | INFO     |     损失: 0.184689
2025-07-15 02:29:01 | INFO     |     准确率: 0.921245
2025-07-15 02:29:01 | INFO     |     F1(macro): 0.919133
2025-07-15 02:29:01 | INFO     |     F1(weighted): 0.921955
2025-07-15 02:29:01 | INFO     |     精确率: 0.924475
2025-07-15 02:29:01 | INFO     |     召回率: 0.917094
2025-07-15 02:29:01 | INFO     |   学习率调度器: f1_based
2025-07-15 02:29:01 | INFO     | ------------------------------------------------------------
2025-07-15 02:29:01 | INFO     | Epoch  32 | Train: Loss=0.0994, Acc=0.9482 | Val: Loss=0.1847, Acc=0.9212, F1=0.9220 | LR=0.000500 
2025-07-15 02:29:30 | INFO     | Epoch 33:
2025-07-15 02:29:30 | INFO     |   训练指标:
2025-07-15 02:29:30 | INFO     |     损失(ce): 0.095129
2025-07-15 02:29:30 | INFO     |     准确率: 0.948624
2025-07-15 02:29:30 | INFO     |     学习率: 0.00050000
2025-07-15 02:29:30 | INFO     |   验证指标(标准CE):
2025-07-15 02:29:30 | INFO     |     损失: 0.222378
2025-07-15 02:29:30 | INFO     |     准确率: 0.923077
2025-07-15 02:29:30 | INFO     |     F1(macro): 0.919776
2025-07-15 02:29:30 | INFO     |     F1(weighted): 0.922295
2025-07-15 02:29:30 | INFO     |     精确率: 0.919662
2025-07-15 02:29:30 | INFO     |     召回率: 0.922146
2025-07-15 02:29:30 | INFO     |   学习率调度器: f1_based
2025-07-15 02:29:30 | INFO     | ------------------------------------------------------------
2025-07-15 02:29:30 | INFO     | Epoch  33 | Train: Loss=0.0951, Acc=0.9486 | Val: Loss=0.2224, Acc=0.9231, F1=0.9223 | LR=0.000500 
2025-07-15 02:29:59 | INFO     | Epoch 34:
2025-07-15 02:29:59 | INFO     |   训练指标:
2025-07-15 02:29:59 | INFO     |     损失(ce): 0.081328
2025-07-15 02:29:59 | INFO     |     准确率: 0.959633
2025-07-15 02:29:59 | INFO     |     学习率: 0.00050000
2025-07-15 02:29:59 | INFO     |   验证指标(标准CE):
2025-07-15 02:29:59 | INFO     |     损失: 0.202223
2025-07-15 02:29:59 | INFO     |     准确率: 0.923077
2025-07-15 02:29:59 | INFO     |     F1(macro): 0.921405
2025-07-15 02:29:59 | INFO     |     F1(weighted): 0.923289
2025-07-15 02:29:59 | INFO     |     精确率: 0.925044
2025-07-15 02:29:59 | INFO     |     召回率: 0.920131
2025-07-15 02:29:59 | INFO     |   学习率调度器: f1_based
2025-07-15 02:29:59 | INFO     | ------------------------------------------------------------
2025-07-15 02:29:59 | INFO     | Epoch  34 | Train: Loss=0.0813, Acc=0.9596 | Val: Loss=0.2022, Acc=0.9231, F1=0.9233 | LR=0.000500 
2025-07-15 02:30:28 | INFO     | Epoch 35:
2025-07-15 02:30:28 | INFO     |   训练指标:
2025-07-15 02:30:28 | INFO     |     损失(ce): 0.093013
2025-07-15 02:30:28 | INFO     |     准确率: 0.950000
2025-07-15 02:30:28 | INFO     |     学习率: 0.00050000
2025-07-15 02:30:28 | INFO     |   验证指标(标准CE):
2025-07-15 02:30:28 | INFO     |     损失: 0.263354
2025-07-15 02:30:28 | INFO     |     准确率: 0.924908
2025-07-15 02:30:28 | INFO     |     F1(macro): 0.921859
2025-07-15 02:30:28 | INFO     |     F1(weighted): 0.923539
2025-07-15 02:30:28 | INFO     |     精确率: 0.923185
2025-07-15 02:30:28 | INFO     |     召回率: 0.926638
2025-07-15 02:30:28 | INFO     |   学习率调度器: f1_based
2025-07-15 02:30:28 | INFO     | ------------------------------------------------------------
2025-07-15 02:30:28 | INFO     | Epoch  35 | Train: Loss=0.0930, Acc=0.9500 | Val: Loss=0.2634, Acc=0.9249, F1=0.9235 | LR=0.000500 
2025-07-15 02:30:57 | INFO     | Epoch 36:
2025-07-15 02:30:57 | INFO     |   训练指标:
2025-07-15 02:30:57 | INFO     |     损失(ce): 0.094786
2025-07-15 02:30:57 | INFO     |     准确率: 0.952752
2025-07-15 02:30:57 | INFO     |     学习率: 0.00050000
2025-07-15 02:30:57 | INFO     |   验证指标(标准CE):
2025-07-15 02:30:57 | INFO     |     损失: 0.227903
2025-07-15 02:30:57 | INFO     |     准确率: 0.928571
2025-07-15 02:30:57 | INFO     |     F1(macro): 0.927328
2025-07-15 02:30:57 | INFO     |     F1(weighted): 0.928237
2025-07-15 02:30:57 | INFO     |     精确率: 0.934371
2025-07-15 02:30:57 | INFO     |     召回率: 0.925501
2025-07-15 02:30:57 | INFO     |   学习率调度器: f1_based
2025-07-15 02:30:57 | INFO     | ------------------------------------------------------------
2025-07-15 02:30:57 | INFO     | Epoch  36 | Train: Loss=0.0948, Acc=0.9528 | Val: Loss=0.2279, Acc=0.9286, F1=0.9282 | LR=0.000500 
2025-07-15 02:31:26 | INFO     | Epoch 37:
2025-07-15 02:31:26 | INFO     |   训练指标:
2025-07-15 02:31:26 | INFO     |     损失(ce): 0.114721
2025-07-15 02:31:26 | INFO     |     准确率: 0.944954
2025-07-15 02:31:26 | INFO     |     学习率: 0.00050000
2025-07-15 02:31:26 | INFO     |   验证指标(标准CE):
2025-07-15 02:31:26 | INFO     |     损失: 0.275347
2025-07-15 02:31:26 | INFO     |     准确率: 0.928571
2025-07-15 02:31:26 | INFO     |     F1(macro): 0.926897
2025-07-15 02:31:26 | INFO     |     F1(weighted): 0.928623
2025-07-15 02:31:26 | INFO     |     精确率: 0.928447
2025-07-15 02:31:26 | INFO     |     召回率: 0.926234
2025-07-15 02:31:26 | INFO     |   学习率调度器: f1_based
2025-07-15 02:31:26 | INFO     | ------------------------------------------------------------
2025-07-15 02:31:26 | INFO     | Epoch  37 | Train: Loss=0.1147, Acc=0.9450 | Val: Loss=0.2753, Acc=0.9286, F1=0.9286 | LR=0.000500 
2025-07-15 02:31:54 | INFO     | Epoch 38:
2025-07-15 02:31:54 | INFO     |   训练指标:
2025-07-15 02:31:54 | INFO     |     损失(ce): 0.099799
2025-07-15 02:31:54 | INFO     |     准确率: 0.948165
2025-07-15 02:31:54 | INFO     |     学习率: 0.00050000
2025-07-15 02:31:54 | INFO     |   验证指标(标准CE):
2025-07-15 02:31:54 | INFO     |     损失: 0.275264
2025-07-15 02:31:54 | INFO     |     准确率: 0.921245
2025-07-15 02:31:54 | INFO     |     F1(macro): 0.918618
2025-07-15 02:31:54 | INFO     |     F1(weighted): 0.920744
2025-07-15 02:31:54 | INFO     |     精确率: 0.926881
2025-07-15 02:31:54 | INFO     |     召回率: 0.916426
2025-07-15 02:31:54 | INFO     |   学习率调度器: f1_based
2025-07-15 02:31:54 | INFO     | ------------------------------------------------------------
2025-07-15 02:31:54 | INFO     | Epoch  38 | Train: Loss=0.0998, Acc=0.9482 | Val: Loss=0.2753, Acc=0.9212, F1=0.9207 | LR=0.000500 
2025-07-15 02:32:23 | INFO     | Epoch 39:
2025-07-15 02:32:23 | INFO     |   训练指标:
2025-07-15 02:32:23 | INFO     |     损失(ce): 0.087859
2025-07-15 02:32:23 | INFO     |     准确率: 0.954128
2025-07-15 02:32:23 | INFO     |     学习率: 0.00050000
2025-07-15 02:32:23 | INFO     |   验证指标(标准CE):
2025-07-15 02:32:23 | INFO     |     损失: 0.224523
2025-07-15 02:32:23 | INFO     |     准确率: 0.928571
2025-07-15 02:32:23 | INFO     |     F1(macro): 0.925588
2025-07-15 02:32:23 | INFO     |     F1(weighted): 0.927844
2025-07-15 02:32:23 | INFO     |     精确率: 0.925018
2025-07-15 02:32:23 | INFO     |     召回率: 0.926689
2025-07-15 02:32:23 | INFO     |   学习率调度器: f1_based
2025-07-15 02:32:23 | INFO     | ------------------------------------------------------------
2025-07-15 02:32:23 | INFO     | 🎯 学习率调整事件:
2025-07-15 02:32:23 | INFO     |   调度器类型: f1_based
2025-07-15 02:32:23 | INFO     |   学习率变化: 0.00050000 → 0.00025000
2025-07-15 02:32:23 | INFO     |   触发条件: F1分数 = 0.927844
2025-07-15 02:32:23 | INFO     |   变化幅度: -50.00%
2025-07-15 02:32:23 | INFO     | ------------------------------------------------------------
2025-07-15 02:32:23 | INFO     | Epoch  39 | Train: Loss=0.0879, Acc=0.9541 | Val: Loss=0.2245, Acc=0.9286, F1=0.9278 | LR=0.000250 
2025-07-15 02:32:52 | INFO     | Epoch 40:
2025-07-15 02:32:52 | INFO     |   训练指标:
2025-07-15 02:32:52 | INFO     |     损失(ce): 0.086193
2025-07-15 02:32:52 | INFO     |     准确率: 0.960550
2025-07-15 02:32:52 | INFO     |     学习率: 0.00025000
2025-07-15 02:32:52 | INFO     |   验证指标(标准CE):
2025-07-15 02:32:52 | INFO     |     损失: 0.225488
2025-07-15 02:32:52 | INFO     |     准确率: 0.924908
2025-07-15 02:32:52 | INFO     |     F1(macro): 0.922875
2025-07-15 02:32:52 | INFO     |     F1(weighted): 0.924565
2025-07-15 02:32:52 | INFO     |     精确率: 0.925193
2025-07-15 02:32:52 | INFO     |     召回率: 0.923755
2025-07-15 02:32:52 | INFO     |   学习率调度器: f1_based
2025-07-15 02:32:52 | INFO     | ------------------------------------------------------------
2025-07-15 02:32:52 | INFO     | Epoch  40 | Train: Loss=0.0862, Acc=0.9606 | Val: Loss=0.2255, Acc=0.9249, F1=0.9246 | LR=0.000250 
2025-07-15 02:32:52 | INFO     | ⏹️ 早停触发，在第 40 轮停止训练
2025-07-15 02:32:54 | INFO     | 训练历史已保存到: ./result/0715_0213_DualGAF_DualGAFNet_dilated_enhanced_sl96_step96_fd128_extractor-dilated_gaf-adaptive_attention-channel_classifier-mlp_ablation-no_stat/training_history.csv
2025-07-15 02:32:54 | INFO     | 
====================================================================================================
2025-07-15 02:32:54 | INFO     | 🎉 训练完成总结:
2025-07-15 02:32:54 | INFO     |   训练损失函数: ce
2025-07-15 02:32:54 | INFO     |   验证损失函数: 标准交叉熵（遵循主流ML规范）
2025-07-15 02:32:54 | INFO     |   训练过程最佳验证准确率: 0.9377
2025-07-15 02:32:54 | INFO     |   训练过程最佳验证F1(macro): 0.9352
2025-07-15 02:32:54 | INFO     |   训练过程最佳验证F1(weighted): 0.9374
2025-07-15 02:32:54 | INFO     |   训练轮数: 40
2025-07-15 02:32:54 | INFO     | --------------------------------------------------
2025-07-15 02:32:54 | INFO     | 📊 最佳模型真实性能指标（基于标准交叉熵损失）:
2025-07-15 02:32:54 | INFO     |   验证损失(标准CE): 0.2092
2025-07-15 02:32:54 | INFO     |   验证准确率: 0.9377
2025-07-15 02:32:54 | INFO     |   验证F1(macro): 0.9352
2025-07-15 02:32:54 | INFO     |   验证F1(weighted): 0.9374
2025-07-15 02:32:54 | INFO     |   验证精确率: 0.9377
2025-07-15 02:32:54 | INFO     |   验证召回率: 0.9356
2025-07-15 02:32:54 | INFO     | ====================================================================================================
2025-07-15 02:32:56 | INFO     | ================================================================================
2025-07-15 02:32:56 | INFO     | 实验日志结束: DualGAF_DualGAFNet_dilated_enhanced_sl96_step96_fd128_extractor-dilated_gaf-adaptive_attention-channel_classifier-mlp_ablation-no_stat
2025-07-15 02:32:56 | INFO     | 结束时间: 2025-07-15 02:32:56
2025-07-15 02:32:56 | INFO     | ================================================================================
