2025-08-18 22:10:36 | INFO     | ================================================================================
2025-08-18 22:10:36 | INFO     | 实验日志开始: DualGAF_DDAHU_DualGAFNet_film融合对比_sl96_step96_fd128_extractor-dilated_gaf-concat_attention-channel_classifier-mlp_stat-basic_fusion-adaptive
2025-08-18 22:10:36 | INFO     | 日志文件: ./result/0818_2210_DualGAF_DDAHU_DualGAFNet_film融合对比_sl96_step96_fd128_extractor-dilated_gaf-concat_attention-channel_classifier-mlp_stat-basic_fusion-adaptive/training.log
2025-08-18 22:10:36 | INFO     | 开始时间: 2025-08-18 22:10:36
2025-08-18 22:10:36 | INFO     | ================================================================================
2025-08-18 22:10:36 | INFO     | ⚙️ 实验配置:
2025-08-18 22:10:36 | INFO     |    task_name: classification
2025-08-18 22:10:36 | INFO     |    is_training: 1
2025-08-18 22:10:36 | INFO     |    model_id: test
2025-08-18 22:10:36 | INFO     |    model: DualGAFNet
2025-08-18 22:10:36 | INFO     |    data: DualGAF_DDAHU
2025-08-18 22:10:36 | INFO     |    root_path: ./dataset/DDAHU/direct_5_working
2025-08-18 22:10:36 | INFO     |    step: 96
2025-08-18 22:10:36 | INFO     |    checkpoints: ./checkpoints/
2025-08-18 22:10:36 | INFO     |    num_class: 29
2025-08-18 22:10:36 | INFO     |    result_path: ./result/
2025-08-18 22:10:36 | INFO     |    test_size: 0.2
2025-08-18 22:10:36 | INFO     |    rows: None
2025-08-18 22:10:36 | INFO     |    seq_len: 96
2025-08-18 22:10:36 | INFO     |    enc_in: 97
2025-08-18 22:10:36 | INFO     |    d_model: 512
2025-08-18 22:10:36 | INFO     |    n_heads: 8
2025-08-18 22:10:36 | INFO     |    e_layers: 2
2025-08-18 22:10:36 | INFO     |    d_layers: 1
2025-08-18 22:10:36 | INFO     |    d_ff: 2048
2025-08-18 22:10:36 | INFO     |    moving_avg: 25
2025-08-18 22:10:36 | INFO     |    factor: 1
2025-08-18 22:10:36 | INFO     |    distil: True
2025-08-18 22:10:36 | INFO     |    dropout: 0.1
2025-08-18 22:10:36 | INFO     |    embed: timeF
2025-08-18 22:10:36 | INFO     |    activation: gelu
2025-08-18 22:10:36 | INFO     |    use_norm: 1
2025-08-18 22:10:36 | INFO     |    gaf_method: summation
2025-08-18 22:10:36 | INFO     |    feature_dim: 128
2025-08-18 22:10:36 | INFO     |    data_type_method: uint8
2025-08-18 22:10:36 | INFO     |    use_attention: True
2025-08-18 22:10:36 | INFO     |    hidden_dim: 64
2025-08-18 22:10:36 | INFO     |    sample_size: 1000
2025-08-18 22:10:36 | INFO     |    cnn_dropout_rate: 0.3
2025-08-18 22:10:36 | INFO     |    cnn_use_batch_norm: True
2025-08-18 22:10:36 | INFO     |    channel_groups: None
2025-08-18 22:10:36 | INFO     |    hvac_groups: None
2025-08-18 22:10:36 | INFO     |    use_channel_compression: False
2025-08-18 22:10:36 | INFO     |    compression_strategy: signal_compression
2025-08-18 22:10:36 | INFO     |    compression_ratio: 0.7
2025-08-18 22:10:36 | INFO     |    compression_channels: None
2025-08-18 22:10:36 | INFO     |    adaptive_compression_ratios: [0.5, 0.7, 0.8]
2025-08-18 22:10:36 | INFO     |    hvac_group_compression_ratios: None
2025-08-18 22:10:36 | INFO     |    extractor_type: dilated
2025-08-18 22:10:36 | INFO     |    fusion_type: concat
2025-08-18 22:10:36 | INFO     |    attention_type: channel
2025-08-18 22:10:36 | INFO     |    classifier_type: mlp
2025-08-18 22:10:36 | INFO     |    use_statistical_features: True
2025-08-18 22:10:36 | INFO     |    stat_type: basic
2025-08-18 22:10:36 | INFO     |    multimodal_fusion_strategy: adaptive
2025-08-18 22:10:36 | INFO     |    use_signal_level_stats: False
2025-08-18 22:10:36 | INFO     |    signal_stat_type: comprehensive
2025-08-18 22:10:36 | INFO     |    signal_stat_fusion_strategy: concat_project
2025-08-18 22:10:36 | INFO     |    signal_stat_feature_dim: 32
2025-08-18 22:10:36 | INFO     |    use_diff_branch: True
2025-08-18 22:10:36 | INFO     |    ablation_mode: none
2025-08-18 22:10:36 | INFO     |    backbone_type: resnet18
2025-08-18 22:10:36 | INFO     |    use_sum_branch: True
2025-08-18 22:10:36 | INFO     |    num_workers: 0
2025-08-18 22:10:36 | INFO     |    cuda_debug: False
2025-08-18 22:10:36 | INFO     |    gpu_memory_fraction: 0.9
2025-08-18 22:10:36 | INFO     |    safe_mode: True
2025-08-18 22:10:36 | INFO     |    drop_last_batch: True
2025-08-18 22:10:36 | INFO     |    itr: 1
2025-08-18 22:10:36 | INFO     |    train_epochs: 300
2025-08-18 22:10:36 | INFO     |    batch_size: 4
2025-08-18 22:10:36 | INFO     |    patience: 15
2025-08-18 22:10:36 | INFO     |    learning_rate: 0.0001
2025-08-18 22:10:36 | INFO     |    des: film融合对比
2025-08-18 22:10:36 | INFO     |    loss: MSE
2025-08-18 22:10:36 | INFO     |    lradj: type1
2025-08-18 22:10:36 | INFO     |    lr_scheduler_type: f1_based
2025-08-18 22:10:36 | INFO     |    lr_loss_weight: 0.3
2025-08-18 22:10:36 | INFO     |    lr_f1_weight: 0.7
2025-08-18 22:10:36 | INFO     |    use_amp: False
2025-08-18 22:10:36 | INFO     |    gradient_accumulation_steps: 2
2025-08-18 22:10:36 | INFO     |    enable_auto_gradient_accumulation: True
2025-08-18 22:10:36 | INFO     |    loss_type: ce
2025-08-18 22:10:36 | INFO     |    label_smoothing: 0.1
2025-08-18 22:10:36 | INFO     |    focal_alpha: 1.0
2025-08-18 22:10:36 | INFO     |    focal_gamma: 2.0
2025-08-18 22:10:36 | INFO     |    confidence_penalty_beta: 0.1
2025-08-18 22:10:36 | INFO     |    use_timm_loss: True
2025-08-18 22:10:36 | INFO     |    adaptive_initial_smoothing: 0.2
2025-08-18 22:10:36 | INFO     |    adaptive_final_smoothing: 0.05
2025-08-18 22:10:36 | INFO     |    adaptive_decay_epochs: 30
2025-08-18 22:10:36 | INFO     |    enable_class_weights: False
2025-08-18 22:10:36 | INFO     |    class_weights: None
2025-08-18 22:10:36 | INFO     |    loss_preset: None
2025-08-18 22:10:36 | INFO     |    n_jobs: 1
2025-08-18 22:10:36 | INFO     |    use_multiprocessing: False
2025-08-18 22:10:36 | INFO     |    chunk_size: 800
2025-08-18 22:10:36 | INFO     |    disable_parallel: True
2025-08-18 22:10:36 | INFO     |    use_shared_memory: False
2025-08-18 22:10:36 | INFO     |    disable_shared_memory: False
2025-08-18 22:10:36 | INFO     |    use_gpu: True
2025-08-18 22:10:36 | INFO     |    gpu: 0
2025-08-18 22:10:36 | INFO     |    gpu_type: cuda
2025-08-18 22:10:36 | INFO     |    use_multi_gpu: False
2025-08-18 22:10:36 | INFO     |    devices: 0,1,2,3
2025-08-18 22:10:36 | INFO     |    device: cuda:0
2025-08-18 22:10:36 | INFO     |    feature_columns: ['CHWP_GPMC', 'CHWC_VLV_DM', 'CHWC_VLV', 'CHWC_MWT', 'CHWC_LWT', 'VAVCFM_H_DM_SB', 'CHWC_EAH', 'VAV_DAT_SA', 'CHWC_DAT', 'VAV_SP_C_SA', 'HWP_GPMT', 'VAVCFM_C_DM_SB', 'RM_TEMP_W', 'HWP_GPMC', 'VAVCFM_T_SB', 'VAV_DMPR_H_SB', 'HWC_VLV_DM', 'VAVCFM_H_SB', 'HWC_VLV', 'VAV_DMPR_H_E', 'HWC_LWT', 'HWC_MWT', 'VAV_DMPR_C_SB', 'HWC_DAT', 'RM_TEMP_SB', 'CSF_WAT', 'CSF_SPD', 'CSF_DP', 'CSA_TEMP', 'CSA_CFM', 'VAV_EAT_C_SB', 'CSA_HUMD', 'CSA_SP', 'VAVCFM_C_SB', 'VAVCFM_H_W', 'HSF_SPD', 'VAV_EAT_H_SB', 'VAV_DAT_SB', 'RM_TEMP_SA', 'HSF_DP', 'HSA_TEMP', 'VAVCFM_C_DM_W', 'VAVCFM_C_W', 'VAV_DAT_W', 'HSA_SP', 'HSA_CFM', 'VAV_DMPR_H_W', 'HSF_WAT', 'VAVCFM_T_W', 'EA_DMPR_DM', 'RF_WAT', 'VAV_SP_C_W', 'VAV_SP_H_E', 'EA_DMPR', 'VAV_SP_H_SB', 'RF_SPD', 'RA_TEMP', 'RA_HUMD', 'VAV_SP_H_SA', 'VAV_EAT_H_W', 'RF_DP', 'VAV_DMPR_C_SA', 'VAV_SP_C_SB', 'RA_DMPR_DM', 'VAV_DMPR_H_SA', 'VAV_SP_H_W', 'VAVCFM_H_DM_SA', 'RA_DMPR', 'VAV_EAT_C_W', 'VAVCFM_C_DM_SA', 'RA_CFM', 'MA_TEMP', 'VAVCFM_C_SA', 'OA_TEMP', 'VAVCFM_H_SA', 'VAVCFM_H_DM_W', 'OA_HUMD', 'VAVCFM_T_SA', 'OA_DMPR_DM', 'VAV_EAT_C_SA', 'VAV_DMPR_C_W', 'OA_DMPR', 'VAV_EAT_H_SA', 'HSA_HUMD', 'RM_TEMP_E', 'VAV_EAT_H_E', 'VAV_DAT_E', 'VAV_EAT_C_E', 'VAVCFM_T_E', 'VAVCFM_H_E', 'VAV_SP_C_E', 'VAVCFM_C_DM_E', 'OA_CFM', 'VAV_DMPR_C_E', 'VAVCFM_C_E', 'VAVCFM_H_DM_E', 'CHWP_GPMT']
2025-08-18 22:10:36 | INFO     | 🏗️ 模型信息:
2025-08-18 22:10:36 | INFO     |    模型类型: Model
2025-08-18 22:10:36 | INFO     |    总参数数量: 27,028,898
2025-08-18 22:10:36 | INFO     |    可训练参数: 27,028,898
2025-08-18 22:10:36 | INFO     |    模型大小估计: 103.11 MB
2025-08-18 22:10:36 | INFO     | 📊 数据集信息:
2025-08-18 22:10:36 | INFO     |    训练集大小: 5967
2025-08-18 22:10:36 | INFO     |    验证集大小: 1492
2025-08-18 22:10:36 | INFO     | 
================================================================================
2025-08-18 22:10:36 | INFO     | 📋 损失函数使用策略（遵循主流机器学习规范）:
2025-08-18 22:10:36 | INFO     |    🎯 训练阶段: 使用 ce 损失函数
2025-08-18 22:10:36 | INFO     |       → 目的：优化模型参数，解决特定问题（类别不平衡、相似性等）
2025-08-18 22:10:36 | INFO     |    📊 验证阶段: 使用标准交叉熵损失函数
2025-08-18 22:10:36 | INFO     |       → 目的：客观评估模型性能，便于不同方法比较
2025-08-18 22:10:36 | INFO     |    📈 最终报告: 基于标准交叉熵损失的指标
2025-08-18 22:10:36 | INFO     |       → 目的：提供可信、可比较的性能指标
2025-08-18 22:10:36 | INFO     | ================================================================================

2025-08-18 22:10:36 | INFO     | 🔄 梯度累积配置: 每2轮累积一次梯度
2025-08-18 22:10:36 | INFO     |    实际batch_size: 4
2025-08-18 22:10:36 | INFO     |    有效batch_size: 8
2025-08-18 22:16:19 | INFO     | Epoch 1:
2025-08-18 22:16:19 | INFO     |   训练指标:
2025-08-18 22:16:19 | INFO     |     损失(ce): 2.314043
2025-08-18 22:16:19 | INFO     |     准确率: 0.369048
2025-08-18 22:16:19 | INFO     |     学习率: 0.00010000
2025-08-18 22:16:19 | INFO     |   验证指标(标准CE):
2025-08-18 22:16:19 | INFO     |     损失: 0.951104
2025-08-18 22:16:19 | INFO     |     准确率: 0.725201
2025-08-18 22:16:19 | INFO     |     F1(macro): 0.713877
2025-08-18 22:16:19 | INFO     |     F1(weighted): 0.704615
2025-08-18 22:16:19 | INFO     |     精确率: 0.757472
2025-08-18 22:16:19 | INFO     |     召回率: 0.731237
2025-08-18 22:16:19 | INFO     |   学习率调度器: f1_based
2025-08-18 22:16:19 | INFO     | ------------------------------------------------------------
2025-08-18 22:16:19 | INFO     | Epoch   1 | Train: Loss=2.3140, Acc=0.3690 | Val: Loss=0.9511, Acc=0.7252, F1=0.7046 | LR=0.000100 🏆 [最佳模型]
2025-08-18 22:21:17 | INFO     | Epoch 2:
2025-08-18 22:21:17 | INFO     |   训练指标:
2025-08-18 22:21:17 | INFO     |     损失(ce): 0.812616
2025-08-18 22:21:17 | INFO     |     准确率: 0.742790
2025-08-18 22:21:17 | INFO     |     学习率: 0.00010000
2025-08-18 22:21:17 | INFO     |   验证指标(标准CE):
2025-08-18 22:21:17 | INFO     |     损失: 0.590310
2025-08-18 22:21:17 | INFO     |     准确率: 0.810322
2025-08-18 22:21:17 | INFO     |     F1(macro): 0.811428
2025-08-18 22:21:17 | INFO     |     F1(weighted): 0.804403
2025-08-18 22:21:17 | INFO     |     精确率: 0.850891
2025-08-18 22:21:17 | INFO     |     召回率: 0.816036
2025-08-18 22:21:17 | INFO     |   学习率调度器: f1_based
2025-08-18 22:21:17 | INFO     | ------------------------------------------------------------
2025-08-18 22:21:17 | INFO     | Epoch   2 | Train: Loss=0.8126, Acc=0.7428 | Val: Loss=0.5903, Acc=0.8103, F1=0.8044 | LR=0.000100 🏆 [最佳模型]
2025-08-18 22:26:03 | INFO     | Epoch 3:
2025-08-18 22:26:03 | INFO     |   训练指标:
2025-08-18 22:26:03 | INFO     |     损失(ce): 0.539771
2025-08-18 22:26:03 | INFO     |     准确率: 0.823105
2025-08-18 22:26:03 | INFO     |     学习率: 0.00010000
2025-08-18 22:26:03 | INFO     |   验证指标(标准CE):
2025-08-18 22:26:03 | INFO     |     损失: 0.467592
2025-08-18 22:26:03 | INFO     |     准确率: 0.837131
2025-08-18 22:26:03 | INFO     |     F1(macro): 0.830998
2025-08-18 22:26:03 | INFO     |     F1(weighted): 0.828325
2025-08-18 22:26:03 | INFO     |     精确率: 0.857277
2025-08-18 22:26:03 | INFO     |     召回率: 0.840045
2025-08-18 22:26:03 | INFO     |   学习率调度器: f1_based
2025-08-18 22:26:03 | INFO     | ------------------------------------------------------------
2025-08-18 22:26:03 | INFO     | Epoch   3 | Train: Loss=0.5398, Acc=0.8231 | Val: Loss=0.4676, Acc=0.8371, F1=0.8283 | LR=0.000100 🏆 [最佳模型]
2025-08-18 22:30:50 | INFO     | Epoch 4:
2025-08-18 22:30:50 | INFO     |   训练指标:
2025-08-18 22:30:50 | INFO     |     损失(ce): 0.408490
2025-08-18 22:30:50 | INFO     |     准确率: 0.868377
2025-08-18 22:30:50 | INFO     |     学习率: 0.00010000
2025-08-18 22:30:50 | INFO     |   验证指标(标准CE):
2025-08-18 22:30:50 | INFO     |     损失: 0.302427
2025-08-18 22:30:50 | INFO     |     准确率: 0.894102
2025-08-18 22:30:50 | INFO     |     F1(macro): 0.900750
2025-08-18 22:30:50 | INFO     |     F1(weighted): 0.898323
2025-08-18 22:30:50 | INFO     |     精确率: 0.920405
2025-08-18 22:30:50 | INFO     |     召回率: 0.897388
2025-08-18 22:30:50 | INFO     |   学习率调度器: f1_based
2025-08-18 22:30:50 | INFO     | ------------------------------------------------------------
2025-08-18 22:30:50 | INFO     | Epoch   4 | Train: Loss=0.4085, Acc=0.8684 | Val: Loss=0.3024, Acc=0.8941, F1=0.8983 | LR=0.000100 🏆 [最佳模型]
2025-08-18 22:35:36 | INFO     | Epoch 5:
2025-08-18 22:35:36 | INFO     |   训练指标:
2025-08-18 22:35:36 | INFO     |     损失(ce): 0.332653
2025-08-18 22:35:36 | INFO     |     准确率: 0.886653
2025-08-18 22:35:36 | INFO     |     学习率: 0.00010000
2025-08-18 22:35:36 | INFO     |   验证指标(标准CE):
2025-08-18 22:35:36 | INFO     |     损失: 0.196832
2025-08-18 22:35:36 | INFO     |     准确率: 0.932976
2025-08-18 22:35:36 | INFO     |     F1(macro): 0.933780
2025-08-18 22:35:36 | INFO     |     F1(weighted): 0.930906
2025-08-18 22:35:36 | INFO     |     精确率: 0.937840
2025-08-18 22:35:36 | INFO     |     召回率: 0.936729
2025-08-18 22:35:36 | INFO     |   学习率调度器: f1_based
2025-08-18 22:35:36 | INFO     | ------------------------------------------------------------
2025-08-18 22:35:36 | INFO     | Epoch   5 | Train: Loss=0.3327, Acc=0.8867 | Val: Loss=0.1968, Acc=0.9330, F1=0.9309 | LR=0.000100 🏆 [最佳模型]
2025-08-18 22:40:22 | INFO     | Epoch 6:
2025-08-18 22:40:22 | INFO     |   训练指标:
2025-08-18 22:40:22 | INFO     |     损失(ce): 0.322568
2025-08-18 22:40:22 | INFO     |     准确率: 0.895875
2025-08-18 22:40:22 | INFO     |     学习率: 0.00010000
2025-08-18 22:40:22 | INFO     |   验证指标(标准CE):
2025-08-18 22:40:22 | INFO     |     损失: 0.312459
2025-08-18 22:40:22 | INFO     |     准确率: 0.904155
2025-08-18 22:40:22 | INFO     |     F1(macro): 0.909816
2025-08-18 22:40:22 | INFO     |     F1(weighted): 0.907449
2025-08-18 22:40:22 | INFO     |     精确率: 0.932354
2025-08-18 22:40:22 | INFO     |     召回率: 0.908178
2025-08-18 22:40:22 | INFO     |   学习率调度器: f1_based
2025-08-18 22:40:22 | INFO     | ------------------------------------------------------------
2025-08-18 22:40:22 | INFO     | Epoch   6 | Train: Loss=0.3226, Acc=0.8959 | Val: Loss=0.3125, Acc=0.9042, F1=0.9074 | LR=0.000100 
2025-08-18 22:45:08 | INFO     | Epoch 7:
2025-08-18 22:45:08 | INFO     |   训练指标:
2025-08-18 22:45:08 | INFO     |     损失(ce): 0.313140
2025-08-18 22:45:08 | INFO     |     准确率: 0.902750
2025-08-18 22:45:08 | INFO     |     学习率: 0.00010000
2025-08-18 22:45:08 | INFO     |   验证指标(标准CE):
2025-08-18 22:45:08 | INFO     |     损失: 0.287857
2025-08-18 22:45:08 | INFO     |     准确率: 0.901475
2025-08-18 22:45:08 | INFO     |     F1(macro): 0.918400
2025-08-18 22:45:08 | INFO     |     F1(weighted): 0.916193
2025-08-18 22:45:08 | INFO     |     精确率: 0.957510
2025-08-18 22:45:08 | INFO     |     召回率: 0.906611
2025-08-18 22:45:08 | INFO     |   学习率调度器: f1_based
2025-08-18 22:45:08 | INFO     | ------------------------------------------------------------
2025-08-18 22:45:08 | INFO     | Epoch   7 | Train: Loss=0.3131, Acc=0.9027 | Val: Loss=0.2879, Acc=0.9015, F1=0.9162 | LR=0.000100 
2025-08-18 22:49:52 | INFO     | Epoch 8:
2025-08-18 22:49:52 | INFO     |   训练指标:
2025-08-18 22:49:52 | INFO     |     损失(ce): 0.251197
2025-08-18 22:49:52 | INFO     |     准确率: 0.918846
2025-08-18 22:49:52 | INFO     |     学习率: 0.00010000
2025-08-18 22:49:52 | INFO     |   验证指标(标准CE):
2025-08-18 22:49:52 | INFO     |     损失: 0.401752
2025-08-18 22:49:52 | INFO     |     准确率: 0.906166
2025-08-18 22:49:52 | INFO     |     F1(macro): 0.909984
2025-08-18 22:49:52 | INFO     |     F1(weighted): 0.906910
2025-08-18 22:49:52 | INFO     |     精确率: 0.925431
2025-08-18 22:49:52 | INFO     |     召回率: 0.909541
2025-08-18 22:49:52 | INFO     |   学习率调度器: f1_based
2025-08-18 22:49:52 | INFO     | ------------------------------------------------------------
2025-08-18 22:49:52 | INFO     | Epoch   8 | Train: Loss=0.2512, Acc=0.9188 | Val: Loss=0.4018, Acc=0.9062, F1=0.9069 | LR=0.000100 
2025-08-18 22:54:39 | INFO     | Epoch 9:
2025-08-18 22:54:39 | INFO     |   训练指标:
2025-08-18 22:54:39 | INFO     |     损失(ce): 0.261994
2025-08-18 22:54:39 | INFO     |     准确率: 0.915661
2025-08-18 22:54:39 | INFO     |     学习率: 0.00010000
2025-08-18 22:54:39 | INFO     |   验证指标(标准CE):
2025-08-18 22:54:39 | INFO     |     损失: 0.214606
2025-08-18 22:54:39 | INFO     |     准确率: 0.925603
2025-08-18 22:54:39 | INFO     |     F1(macro): 0.932164
2025-08-18 22:54:39 | INFO     |     F1(weighted): 0.929418
2025-08-18 22:54:39 | INFO     |     精确率: 0.951704
2025-08-18 22:54:39 | INFO     |     召回率: 0.928530
2025-08-18 22:54:39 | INFO     |   学习率调度器: f1_based
2025-08-18 22:54:39 | INFO     | ------------------------------------------------------------
2025-08-18 22:54:39 | INFO     | Epoch   9 | Train: Loss=0.2620, Acc=0.9157 | Val: Loss=0.2146, Acc=0.9256, F1=0.9294 | LR=0.000100 
2025-08-18 22:59:26 | INFO     | Epoch 10:
2025-08-18 22:59:26 | INFO     |   训练指标:
2025-08-18 22:59:26 | INFO     |     损失(ce): 0.270015
2025-08-18 22:59:26 | INFO     |     准确率: 0.918008
2025-08-18 22:59:26 | INFO     |     学习率: 0.00010000
2025-08-18 22:59:26 | INFO     |   验证指标(标准CE):
2025-08-18 22:59:26 | INFO     |     损失: 0.238151
2025-08-18 22:59:26 | INFO     |     准确率: 0.924263
2025-08-18 22:59:26 | INFO     |     F1(macro): 0.927964
2025-08-18 22:59:26 | INFO     |     F1(weighted): 0.926018
2025-08-18 22:59:26 | INFO     |     精确率: 0.951407
2025-08-18 22:59:26 | INFO     |     召回率: 0.926920
2025-08-18 22:59:26 | INFO     |   学习率调度器: f1_based
2025-08-18 22:59:26 | INFO     | ------------------------------------------------------------
2025-08-18 22:59:26 | INFO     | Epoch  10 | Train: Loss=0.2700, Acc=0.9180 | Val: Loss=0.2382, Acc=0.9243, F1=0.9260 | LR=0.000100 
2025-08-18 23:04:13 | INFO     | Epoch 11:
2025-08-18 23:04:13 | INFO     |   训练指标:
2025-08-18 23:04:13 | INFO     |     损失(ce): 0.236053
2025-08-18 23:04:13 | INFO     |     准确率: 0.926224
2025-08-18 23:04:13 | INFO     |     学习率: 0.00010000
2025-08-18 23:04:13 | INFO     |   验证指标(标准CE):
2025-08-18 23:04:13 | INFO     |     损失: 0.354468
2025-08-18 23:04:13 | INFO     |     准确率: 0.900134
2025-08-18 23:04:13 | INFO     |     F1(macro): 0.907768
2025-08-18 23:04:13 | INFO     |     F1(weighted): 0.905692
2025-08-18 23:04:13 | INFO     |     精确率: 0.932668
2025-08-18 23:04:13 | INFO     |     召回率: 0.902513
2025-08-18 23:04:13 | INFO     |   学习率调度器: f1_based
2025-08-18 23:04:13 | INFO     | ------------------------------------------------------------
2025-08-18 23:04:13 | INFO     | Epoch  11 | Train: Loss=0.2361, Acc=0.9262 | Val: Loss=0.3545, Acc=0.9001, F1=0.9057 | LR=0.000100 
2025-08-18 23:08:58 | INFO     | Epoch 12:
2025-08-18 23:08:58 | INFO     |   训练指标:
2025-08-18 23:08:58 | INFO     |     损失(ce): 0.228465
2025-08-18 23:08:58 | INFO     |     准确率: 0.928571
2025-08-18 23:08:58 | INFO     |     学习率: 0.00010000
2025-08-18 23:08:58 | INFO     |   验证指标(标准CE):
2025-08-18 23:08:58 | INFO     |     损失: 0.277720
2025-08-18 23:08:58 | INFO     |     准确率: 0.926944
2025-08-18 23:08:58 | INFO     |     F1(macro): 0.932349
2025-08-18 23:08:58 | INFO     |     F1(weighted): 0.929836
2025-08-18 23:08:58 | INFO     |     精确率: 0.951103
2025-08-18 23:08:58 | INFO     |     召回率: 0.930582
2025-08-18 23:08:58 | INFO     |   学习率调度器: f1_based
2025-08-18 23:08:58 | INFO     | ------------------------------------------------------------
2025-08-18 23:08:58 | INFO     | Epoch  12 | Train: Loss=0.2285, Acc=0.9286 | Val: Loss=0.2777, Acc=0.9269, F1=0.9298 | LR=0.000100 
2025-08-18 23:13:41 | INFO     | Epoch 13:
2025-08-18 23:13:41 | INFO     |   训练指标:
2025-08-18 23:13:41 | INFO     |     损失(ce): 0.247686
2025-08-18 23:13:41 | INFO     |     准确率: 0.924044
2025-08-18 23:13:41 | INFO     |     学习率: 0.00010000
2025-08-18 23:13:41 | INFO     |   验证指标(标准CE):
2025-08-18 23:13:41 | INFO     |     损失: 0.142106
2025-08-18 23:13:41 | INFO     |     准确率: 0.954424
2025-08-18 23:13:41 | INFO     |     F1(macro): 0.957601
2025-08-18 23:13:41 | INFO     |     F1(weighted): 0.955591
2025-08-18 23:13:41 | INFO     |     精确率: 0.963487
2025-08-18 23:13:41 | INFO     |     召回率: 0.956270
2025-08-18 23:13:41 | INFO     |   学习率调度器: f1_based
2025-08-18 23:13:41 | INFO     | ------------------------------------------------------------
2025-08-18 23:13:41 | INFO     | Epoch  13 | Train: Loss=0.2477, Acc=0.9240 | Val: Loss=0.1421, Acc=0.9544, F1=0.9556 | LR=0.000100 🏆 [最佳模型]
2025-08-18 23:18:26 | INFO     | Epoch 14:
2025-08-18 23:18:26 | INFO     |   训练指标:
2025-08-18 23:18:26 | INFO     |     损失(ce): 0.225614
2025-08-18 23:18:26 | INFO     |     准确率: 0.928739
2025-08-18 23:18:26 | INFO     |     学习率: 0.00010000
2025-08-18 23:18:26 | INFO     |   验证指标(标准CE):
2025-08-18 23:18:26 | INFO     |     损失: 0.310402
2025-08-18 23:18:26 | INFO     |     准确率: 0.922252
2025-08-18 23:18:26 | INFO     |     F1(macro): 0.920047
2025-08-18 23:18:26 | INFO     |     F1(weighted): 0.919202
2025-08-18 23:18:26 | INFO     |     精确率: 0.941421
2025-08-18 23:18:26 | INFO     |     召回率: 0.921856
2025-08-18 23:18:26 | INFO     |   学习率调度器: f1_based
2025-08-18 23:18:26 | INFO     | ------------------------------------------------------------
2025-08-18 23:18:26 | INFO     | Epoch  14 | Train: Loss=0.2256, Acc=0.9287 | Val: Loss=0.3104, Acc=0.9223, F1=0.9192 | LR=0.000100 
2025-08-18 23:23:14 | INFO     | Epoch 15:
2025-08-18 23:23:14 | INFO     |   训练指标:
2025-08-18 23:23:14 | INFO     |     损失(ce): 0.225631
2025-08-18 23:23:14 | INFO     |     准确率: 0.935278
2025-08-18 23:23:14 | INFO     |     学习率: 0.00010000
2025-08-18 23:23:14 | INFO     |   验证指标(标准CE):
2025-08-18 23:23:14 | INFO     |     损失: 0.473731
2025-08-18 23:23:14 | INFO     |     准确率: 0.890751
2025-08-18 23:23:14 | INFO     |     F1(macro): 0.892323
2025-08-18 23:23:14 | INFO     |     F1(weighted): 0.887077
2025-08-18 23:23:14 | INFO     |     精确率: 0.912462
2025-08-18 23:23:14 | INFO     |     召回率: 0.894537
2025-08-18 23:23:14 | INFO     |   学习率调度器: f1_based
2025-08-18 23:23:14 | INFO     | ------------------------------------------------------------
2025-08-18 23:23:14 | INFO     | Epoch  15 | Train: Loss=0.2256, Acc=0.9353 | Val: Loss=0.4737, Acc=0.8908, F1=0.8871 | LR=0.000100 
2025-08-18 23:28:00 | INFO     | Epoch 16:
2025-08-18 23:28:00 | INFO     |   训练指标:
2025-08-18 23:28:00 | INFO     |     损失(ce): 0.202672
2025-08-18 23:28:00 | INFO     |     准确率: 0.937123
2025-08-18 23:28:00 | INFO     |     学习率: 0.00010000
2025-08-18 23:28:00 | INFO     |   验证指标(标准CE):
2025-08-18 23:28:00 | INFO     |     损失: 0.183165
2025-08-18 23:28:00 | INFO     |     准确率: 0.944370
2025-08-18 23:28:00 | INFO     |     F1(macro): 0.946270
2025-08-18 23:28:00 | INFO     |     F1(weighted): 0.944869
2025-08-18 23:28:00 | INFO     |     精确率: 0.951188
2025-08-18 23:28:00 | INFO     |     召回率: 0.947501
2025-08-18 23:28:00 | INFO     |   学习率调度器: f1_based
2025-08-18 23:28:00 | INFO     | ------------------------------------------------------------
2025-08-18 23:28:00 | INFO     | Epoch  16 | Train: Loss=0.2027, Acc=0.9371 | Val: Loss=0.1832, Acc=0.9444, F1=0.9449 | LR=0.000100 
2025-08-18 23:32:46 | INFO     | Epoch 17:
2025-08-18 23:32:46 | INFO     |   训练指标:
2025-08-18 23:32:46 | INFO     |     损失(ce): 0.196361
2025-08-18 23:32:46 | INFO     |     准确率: 0.936955
2025-08-18 23:32:46 | INFO     |     学习率: 0.00010000
2025-08-18 23:32:46 | INFO     |   验证指标(标准CE):
2025-08-18 23:32:46 | INFO     |     损失: 0.187527
2025-08-18 23:32:46 | INFO     |     准确率: 0.947051
2025-08-18 23:32:46 | INFO     |     F1(macro): 0.948718
2025-08-18 23:32:46 | INFO     |     F1(weighted): 0.946608
2025-08-18 23:32:46 | INFO     |     精确率: 0.955166
2025-08-18 23:32:46 | INFO     |     召回率: 0.950894
2025-08-18 23:32:46 | INFO     |   学习率调度器: f1_based
2025-08-18 23:32:46 | INFO     | ------------------------------------------------------------
2025-08-18 23:32:46 | INFO     | Epoch  17 | Train: Loss=0.1964, Acc=0.9370 | Val: Loss=0.1875, Acc=0.9471, F1=0.9466 | LR=0.000100 
2025-08-18 23:37:29 | INFO     | Epoch 18:
2025-08-18 23:37:29 | INFO     |   训练指标:
2025-08-18 23:37:29 | INFO     |     损失(ce): 0.183706
2025-08-18 23:37:29 | INFO     |     准确率: 0.943494
2025-08-18 23:37:29 | INFO     |     学习率: 0.00010000
2025-08-18 23:37:29 | INFO     |   验证指标(标准CE):
2025-08-18 23:37:29 | INFO     |     损失: 0.184053
2025-08-18 23:37:29 | INFO     |     准确率: 0.930295
2025-08-18 23:37:29 | INFO     |     F1(macro): 0.930931
2025-08-18 23:37:29 | INFO     |     F1(weighted): 0.929348
2025-08-18 23:37:29 | INFO     |     精确率: 0.940791
2025-08-18 23:37:29 | INFO     |     召回率: 0.933052
2025-08-18 23:37:29 | INFO     |   学习率调度器: f1_based
2025-08-18 23:37:29 | INFO     | ------------------------------------------------------------
2025-08-18 23:37:29 | INFO     | Epoch  18 | Train: Loss=0.1837, Acc=0.9435 | Val: Loss=0.1841, Acc=0.9303, F1=0.9293 | LR=0.000100 
2025-08-18 23:42:15 | INFO     | Epoch 19:
2025-08-18 23:42:15 | INFO     |   训练指标:
2025-08-18 23:42:15 | INFO     |     损失(ce): 0.191295
2025-08-18 23:42:15 | INFO     |     准确率: 0.937961
2025-08-18 23:42:15 | INFO     |     学习率: 0.00010000
2025-08-18 23:42:15 | INFO     |   验证指标(标准CE):
2025-08-18 23:42:15 | INFO     |     损失: 0.141188
2025-08-18 23:42:15 | INFO     |     准确率: 0.955764
2025-08-18 23:42:15 | INFO     |     F1(macro): 0.958617
2025-08-18 23:42:15 | INFO     |     F1(weighted): 0.956745
2025-08-18 23:42:15 | INFO     |     精确率: 0.965060
2025-08-18 23:42:15 | INFO     |     召回率: 0.958290
2025-08-18 23:42:15 | INFO     |   学习率调度器: f1_based
2025-08-18 23:42:15 | INFO     | ------------------------------------------------------------
2025-08-18 23:42:15 | INFO     | Epoch  19 | Train: Loss=0.1913, Acc=0.9380 | Val: Loss=0.1412, Acc=0.9558, F1=0.9567 | LR=0.000100 🏆 [最佳模型]
2025-08-18 23:47:03 | INFO     | Epoch 20:
2025-08-18 23:47:03 | INFO     |   训练指标:
2025-08-18 23:47:03 | INFO     |     损失(ce): 0.196715
2025-08-18 23:47:03 | INFO     |     准确率: 0.941650
2025-08-18 23:47:03 | INFO     |     学习率: 0.00010000
2025-08-18 23:47:03 | INFO     |   验证指标(标准CE):
2025-08-18 23:47:03 | INFO     |     损失: 0.229631
2025-08-18 23:47:03 | INFO     |     准确率: 0.945710
2025-08-18 23:47:03 | INFO     |     F1(macro): 0.949340
2025-08-18 23:47:03 | INFO     |     F1(weighted): 0.947944
2025-08-18 23:47:03 | INFO     |     精确率: 0.961334
2025-08-18 23:47:03 | INFO     |     召回率: 0.945322
2025-08-18 23:47:03 | INFO     |   学习率调度器: f1_based
2025-08-18 23:47:03 | INFO     | ------------------------------------------------------------
2025-08-18 23:47:03 | INFO     | Epoch  20 | Train: Loss=0.1967, Acc=0.9416 | Val: Loss=0.2296, Acc=0.9457, F1=0.9479 | LR=0.000100 
2025-08-18 23:51:49 | INFO     | Epoch 21:
2025-08-18 23:51:49 | INFO     |   训练指标:
2025-08-18 23:51:49 | INFO     |     损失(ce): 0.164778
2025-08-18 23:51:49 | INFO     |     准确率: 0.943494
2025-08-18 23:51:49 | INFO     |     学习率: 0.00010000
2025-08-18 23:51:49 | INFO     |   验证指标(标准CE):
2025-08-18 23:51:49 | INFO     |     损失: 0.257138
2025-08-18 23:51:49 | INFO     |     准确率: 0.928954
2025-08-18 23:51:49 | INFO     |     F1(macro): 0.930787
2025-08-18 23:51:49 | INFO     |     F1(weighted): 0.930021
2025-08-18 23:51:49 | INFO     |     精确率: 0.942269
2025-08-18 23:51:49 | INFO     |     召回率: 0.930436
2025-08-18 23:51:49 | INFO     |   学习率调度器: f1_based
2025-08-18 23:51:49 | INFO     | ------------------------------------------------------------
2025-08-18 23:51:49 | INFO     | Epoch  21 | Train: Loss=0.1648, Acc=0.9435 | Val: Loss=0.2571, Acc=0.9290, F1=0.9300 | LR=0.000100 
2025-08-18 23:56:35 | INFO     | Epoch 22:
2025-08-18 23:56:35 | INFO     |   训练指标:
2025-08-18 23:56:35 | INFO     |     损失(ce): 0.169910
2025-08-18 23:56:35 | INFO     |     准确率: 0.945674
2025-08-18 23:56:35 | INFO     |     学习率: 0.00010000
2025-08-18 23:56:35 | INFO     |   验证指标(标准CE):
2025-08-18 23:56:35 | INFO     |     损失: 0.156909
2025-08-18 23:56:35 | INFO     |     准确率: 0.951743
2025-08-18 23:56:35 | INFO     |     F1(macro): 0.955125
2025-08-18 23:56:35 | INFO     |     F1(weighted): 0.952495
2025-08-18 23:56:35 | INFO     |     精确率: 0.962332
2025-08-18 23:56:35 | INFO     |     召回率: 0.953974
2025-08-18 23:56:35 | INFO     |   学习率调度器: f1_based
2025-08-18 23:56:35 | INFO     | ------------------------------------------------------------
2025-08-18 23:56:35 | INFO     | Epoch  22 | Train: Loss=0.1699, Acc=0.9457 | Val: Loss=0.1569, Acc=0.9517, F1=0.9525 | LR=0.000100 
2025-08-19 00:01:20 | INFO     | Epoch 23:
2025-08-19 00:01:20 | INFO     |   训练指标:
2025-08-19 00:01:20 | INFO     |     损失(ce): 0.180584
2025-08-19 00:01:20 | INFO     |     准确率: 0.945674
2025-08-19 00:01:20 | INFO     |     学习率: 0.00010000
2025-08-19 00:01:20 | INFO     |   验证指标(标准CE):
2025-08-19 00:01:20 | INFO     |     损失: 0.165035
2025-08-19 00:01:20 | INFO     |     准确率: 0.939008
2025-08-19 00:01:20 | INFO     |     F1(macro): 0.942778
2025-08-19 00:01:20 | INFO     |     F1(weighted): 0.940437
2025-08-19 00:01:20 | INFO     |     精确率: 0.955399
2025-08-19 00:01:20 | INFO     |     召回率: 0.940133
2025-08-19 00:01:20 | INFO     |   学习率调度器: f1_based
2025-08-19 00:01:20 | INFO     | ------------------------------------------------------------
2025-08-19 00:01:20 | INFO     | Epoch  23 | Train: Loss=0.1806, Acc=0.9457 | Val: Loss=0.1650, Acc=0.9390, F1=0.9404 | LR=0.000100 
2025-08-19 00:06:07 | INFO     | Epoch 24:
2025-08-19 00:06:07 | INFO     |   训练指标:
2025-08-19 00:06:07 | INFO     |     损失(ce): 0.167406
2025-08-19 00:06:07 | INFO     |     准确率: 0.942656
2025-08-19 00:06:07 | INFO     |     学习率: 0.00010000
2025-08-19 00:06:07 | INFO     |   验证指标(标准CE):
2025-08-19 00:06:07 | INFO     |     损失: 0.123264
2025-08-19 00:06:07 | INFO     |     准确率: 0.950402
2025-08-19 00:06:07 | INFO     |     F1(macro): 0.952093
2025-08-19 00:06:07 | INFO     |     F1(weighted): 0.950398
2025-08-19 00:06:07 | INFO     |     精确率: 0.959928
2025-08-19 00:06:07 | INFO     |     召回率: 0.953904
2025-08-19 00:06:07 | INFO     |   学习率调度器: f1_based
2025-08-19 00:06:07 | INFO     | ------------------------------------------------------------
2025-08-19 00:06:07 | INFO     | Epoch  24 | Train: Loss=0.1674, Acc=0.9427 | Val: Loss=0.1233, Acc=0.9504, F1=0.9504 | LR=0.000100 
2025-08-19 00:10:52 | INFO     | Epoch 25:
2025-08-19 00:10:52 | INFO     |   训练指标:
2025-08-19 00:10:52 | INFO     |     损失(ce): 0.158893
2025-08-19 00:10:52 | INFO     |     准确率: 0.953052
2025-08-19 00:10:52 | INFO     |     学习率: 0.00010000
2025-08-19 00:10:52 | INFO     |   验证指标(标准CE):
2025-08-19 00:10:52 | INFO     |     损失: 0.330019
2025-08-19 00:10:52 | INFO     |     准确率: 0.927614
2025-08-19 00:10:52 | INFO     |     F1(macro): 0.935153
2025-08-19 00:10:52 | INFO     |     F1(weighted): 0.932078
2025-08-19 00:10:52 | INFO     |     精确率: 0.951320
2025-08-19 00:10:52 | INFO     |     召回率: 0.932470
2025-08-19 00:10:52 | INFO     |   学习率调度器: f1_based
2025-08-19 00:10:52 | INFO     | ------------------------------------------------------------
2025-08-19 00:10:52 | INFO     | Epoch  25 | Train: Loss=0.1589, Acc=0.9531 | Val: Loss=0.3300, Acc=0.9276, F1=0.9321 | LR=0.000100 
2025-08-19 00:15:38 | INFO     | Epoch 26:
2025-08-19 00:15:38 | INFO     |   训练指标:
2025-08-19 00:15:38 | INFO     |     损失(ce): 0.167218
2025-08-19 00:15:38 | INFO     |     准确率: 0.947183
2025-08-19 00:15:38 | INFO     |     学习率: 0.00010000
2025-08-19 00:15:38 | INFO     |   验证指标(标准CE):
2025-08-19 00:15:38 | INFO     |     损失: 0.112379
2025-08-19 00:15:38 | INFO     |     准确率: 0.959115
2025-08-19 00:15:38 | INFO     |     F1(macro): 0.961128
2025-08-19 00:15:38 | INFO     |     F1(weighted): 0.959509
2025-08-19 00:15:38 | INFO     |     精确率: 0.965952
2025-08-19 00:15:38 | INFO     |     召回率: 0.961326
2025-08-19 00:15:38 | INFO     |   学习率调度器: f1_based
2025-08-19 00:15:38 | INFO     | ------------------------------------------------------------
2025-08-19 00:15:38 | INFO     | Epoch  26 | Train: Loss=0.1672, Acc=0.9472 | Val: Loss=0.1124, Acc=0.9591, F1=0.9595 | LR=0.000100 🏆 [最佳模型]
2025-08-19 00:20:26 | INFO     | Epoch 27:
2025-08-19 00:20:26 | INFO     |   训练指标:
2025-08-19 00:20:26 | INFO     |     损失(ce): 0.165764
2025-08-19 00:20:26 | INFO     |     准确率: 0.948189
2025-08-19 00:20:26 | INFO     |     学习率: 0.00010000
2025-08-19 00:20:26 | INFO     |   验证指标(标准CE):
2025-08-19 00:20:26 | INFO     |     损失: 0.207091
2025-08-19 00:20:26 | INFO     |     准确率: 0.936997
2025-08-19 00:20:26 | INFO     |     F1(macro): 0.939008
2025-08-19 00:20:26 | INFO     |     F1(weighted): 0.936993
2025-08-19 00:20:26 | INFO     |     精确率: 0.948699
2025-08-19 00:20:26 | INFO     |     召回率: 0.938237
2025-08-19 00:20:26 | INFO     |   学习率调度器: f1_based
2025-08-19 00:20:26 | INFO     | ------------------------------------------------------------
2025-08-19 00:20:26 | INFO     | Epoch  27 | Train: Loss=0.1658, Acc=0.9482 | Val: Loss=0.2071, Acc=0.9370, F1=0.9370 | LR=0.000100 
2025-08-19 00:25:10 | INFO     | Epoch 28:
2025-08-19 00:25:10 | INFO     |   训练指标:
2025-08-19 00:25:10 | INFO     |     损失(ce): 0.144476
2025-08-19 00:25:10 | INFO     |     准确率: 0.952046
2025-08-19 00:25:10 | INFO     |     学习率: 0.00010000
2025-08-19 00:25:10 | INFO     |   验证指标(标准CE):
2025-08-19 00:25:10 | INFO     |     损失: 0.121289
2025-08-19 00:25:10 | INFO     |     准确率: 0.951743
2025-08-19 00:25:10 | INFO     |     F1(macro): 0.954217
2025-08-19 00:25:10 | INFO     |     F1(weighted): 0.952783
2025-08-19 00:25:10 | INFO     |     精确率: 0.961323
2025-08-19 00:25:10 | INFO     |     召回率: 0.954756
2025-08-19 00:25:10 | INFO     |   学习率调度器: f1_based
2025-08-19 00:25:10 | INFO     | ------------------------------------------------------------
2025-08-19 00:25:10 | INFO     | Epoch  28 | Train: Loss=0.1445, Acc=0.9520 | Val: Loss=0.1213, Acc=0.9517, F1=0.9528 | LR=0.000100 
2025-08-19 00:29:57 | INFO     | Epoch 29:
2025-08-19 00:29:57 | INFO     |   训练指标:
2025-08-19 00:29:57 | INFO     |     损失(ce): 0.145572
2025-08-19 00:29:57 | INFO     |     准确率: 0.955734
2025-08-19 00:29:57 | INFO     |     学习率: 0.00010000
2025-08-19 00:29:57 | INFO     |   验证指标(标准CE):
2025-08-19 00:29:57 | INFO     |     损失: 0.118375
2025-08-19 00:29:57 | INFO     |     准确率: 0.959115
2025-08-19 00:29:57 | INFO     |     F1(macro): 0.960583
2025-08-19 00:29:57 | INFO     |     F1(weighted): 0.958960
2025-08-19 00:29:57 | INFO     |     精确率: 0.963391
2025-08-19 00:29:57 | INFO     |     召回率: 0.961504
2025-08-19 00:29:57 | INFO     |   学习率调度器: f1_based
2025-08-19 00:29:57 | INFO     | ------------------------------------------------------------
2025-08-19 00:29:57 | INFO     | Epoch  29 | Train: Loss=0.1456, Acc=0.9557 | Val: Loss=0.1184, Acc=0.9591, F1=0.9590 | LR=0.000100 
2025-08-19 00:34:42 | INFO     | Epoch 30:
2025-08-19 00:34:42 | INFO     |   训练指标:
2025-08-19 00:34:42 | INFO     |     损失(ce): 0.156171
2025-08-19 00:34:42 | INFO     |     准确率: 0.952046
2025-08-19 00:34:42 | INFO     |     学习率: 0.00010000
2025-08-19 00:34:42 | INFO     |   验证指标(标准CE):
2025-08-19 00:34:42 | INFO     |     损失: 0.133195
2025-08-19 00:34:42 | INFO     |     准确率: 0.951743
2025-08-19 00:34:42 | INFO     |     F1(macro): 0.952550
2025-08-19 00:34:42 | INFO     |     F1(weighted): 0.951216
2025-08-19 00:34:42 | INFO     |     精确率: 0.958551
2025-08-19 00:34:42 | INFO     |     召回率: 0.952371
2025-08-19 00:34:42 | INFO     |   学习率调度器: f1_based
2025-08-19 00:34:42 | INFO     | ------------------------------------------------------------
2025-08-19 00:34:42 | INFO     | Epoch  30 | Train: Loss=0.1562, Acc=0.9520 | Val: Loss=0.1332, Acc=0.9517, F1=0.9512 | LR=0.000100 
2025-08-19 00:39:27 | INFO     | Epoch 31:
2025-08-19 00:39:27 | INFO     |   训练指标:
2025-08-19 00:39:27 | INFO     |     损失(ce): 0.158853
2025-08-19 00:39:27 | INFO     |     准确率: 0.952381
2025-08-19 00:39:27 | INFO     |     学习率: 0.00010000
2025-08-19 00:39:27 | INFO     |   验证指标(标准CE):
2025-08-19 00:39:27 | INFO     |     损失: 0.085165
2025-08-19 00:39:27 | INFO     |     准确率: 0.966488
2025-08-19 00:39:27 | INFO     |     F1(macro): 0.967605
2025-08-19 00:39:27 | INFO     |     F1(weighted): 0.966625
2025-08-19 00:39:27 | INFO     |     精确率: 0.969018
2025-08-19 00:39:27 | INFO     |     召回率: 0.967769
2025-08-19 00:39:27 | INFO     |   学习率调度器: f1_based
2025-08-19 00:39:27 | INFO     | ------------------------------------------------------------
2025-08-19 00:39:27 | INFO     | Epoch  31 | Train: Loss=0.1589, Acc=0.9524 | Val: Loss=0.0852, Acc=0.9665, F1=0.9666 | LR=0.000100 🏆 [最佳模型]
2025-08-19 00:44:10 | INFO     | Epoch 32:
2025-08-19 00:44:10 | INFO     |   训练指标:
2025-08-19 00:44:10 | INFO     |     损失(ce): 0.143031
2025-08-19 00:44:10 | INFO     |     准确率: 0.955231
2025-08-19 00:44:10 | INFO     |     学习率: 0.00010000
2025-08-19 00:44:10 | INFO     |   验证指标(标准CE):
2025-08-19 00:44:10 | INFO     |     损失: 0.098297
2025-08-19 00:44:10 | INFO     |     准确率: 0.963137
2025-08-19 00:44:10 | INFO     |     F1(macro): 0.964500
2025-08-19 00:44:10 | INFO     |     F1(weighted): 0.963109
2025-08-19 00:44:10 | INFO     |     精确率: 0.967551
2025-08-19 00:44:10 | INFO     |     召回率: 0.965333
2025-08-19 00:44:10 | INFO     |   学习率调度器: f1_based
2025-08-19 00:44:10 | INFO     | ------------------------------------------------------------
2025-08-19 00:44:10 | INFO     | Epoch  32 | Train: Loss=0.1430, Acc=0.9552 | Val: Loss=0.0983, Acc=0.9631, F1=0.9631 | LR=0.000100 
2025-08-19 00:48:57 | INFO     | Epoch 33:
2025-08-19 00:48:57 | INFO     |   训练指标:
2025-08-19 00:48:57 | INFO     |     损失(ce): 0.144324
2025-08-19 00:48:57 | INFO     |     准确率: 0.953722
2025-08-19 00:48:57 | INFO     |     学习率: 0.00010000
2025-08-19 00:48:57 | INFO     |   验证指标(标准CE):
2025-08-19 00:48:57 | INFO     |     损失: 0.110177
2025-08-19 00:48:57 | INFO     |     准确率: 0.955764
2025-08-19 00:48:57 | INFO     |     F1(macro): 0.957640
2025-08-19 00:48:57 | INFO     |     F1(weighted): 0.955672
2025-08-19 00:48:57 | INFO     |     精确率: 0.964197
2025-08-19 00:48:57 | INFO     |     召回率: 0.957565
2025-08-19 00:48:57 | INFO     |   学习率调度器: f1_based
2025-08-19 00:48:57 | INFO     | ------------------------------------------------------------
2025-08-19 00:48:57 | INFO     | Epoch  33 | Train: Loss=0.1443, Acc=0.9537 | Val: Loss=0.1102, Acc=0.9558, F1=0.9557 | LR=0.000100 
2025-08-19 00:53:44 | INFO     | Epoch 34:
2025-08-19 00:53:44 | INFO     |   训练指标:
2025-08-19 00:53:44 | INFO     |     损失(ce): 0.145483
2025-08-19 00:53:44 | INFO     |     准确率: 0.952213
2025-08-19 00:53:44 | INFO     |     学习率: 0.00010000
2025-08-19 00:53:44 | INFO     |   验证指标(标准CE):
2025-08-19 00:53:44 | INFO     |     损失: 0.139169
2025-08-19 00:53:44 | INFO     |     准确率: 0.957105
2025-08-19 00:53:44 | INFO     |     F1(macro): 0.958377
2025-08-19 00:53:44 | INFO     |     F1(weighted): 0.956352
2025-08-19 00:53:44 | INFO     |     精确率: 0.965529
2025-08-19 00:53:44 | INFO     |     召回率: 0.959556
2025-08-19 00:53:44 | INFO     |   学习率调度器: f1_based
2025-08-19 00:53:44 | INFO     | ------------------------------------------------------------
2025-08-19 00:53:44 | INFO     | Epoch  34 | Train: Loss=0.1455, Acc=0.9522 | Val: Loss=0.1392, Acc=0.9571, F1=0.9564 | LR=0.000100 
2025-08-19 00:58:29 | INFO     | Epoch 35:
2025-08-19 00:58:29 | INFO     |   训练指标:
2025-08-19 00:58:29 | INFO     |     损失(ce): 0.144751
2025-08-19 00:58:29 | INFO     |     准确率: 0.957076
2025-08-19 00:58:29 | INFO     |     学习率: 0.00010000
2025-08-19 00:58:29 | INFO     |   验证指标(标准CE):
2025-08-19 00:58:29 | INFO     |     损失: 0.217210
2025-08-19 00:58:29 | INFO     |     准确率: 0.948391
2025-08-19 00:58:29 | INFO     |     F1(macro): 0.950382
2025-08-19 00:58:29 | INFO     |     F1(weighted): 0.949142
2025-08-19 00:58:29 | INFO     |     精确率: 0.962027
2025-08-19 00:58:29 | INFO     |     召回率: 0.951430
2025-08-19 00:58:29 | INFO     |   学习率调度器: f1_based
2025-08-19 00:58:29 | INFO     | ------------------------------------------------------------
2025-08-19 00:58:29 | INFO     | Epoch  35 | Train: Loss=0.1448, Acc=0.9571 | Val: Loss=0.2172, Acc=0.9484, F1=0.9491 | LR=0.000100 
2025-08-19 01:03:12 | INFO     | Epoch 36:
2025-08-19 01:03:12 | INFO     |   训练指标:
2025-08-19 01:03:12 | INFO     |     损失(ce): 0.143680
2025-08-19 01:03:12 | INFO     |     准确率: 0.955567
2025-08-19 01:03:12 | INFO     |     学习率: 0.00010000
2025-08-19 01:03:12 | INFO     |   验证指标(标准CE):
2025-08-19 01:03:12 | INFO     |     损失: 0.173112
2025-08-19 01:03:12 | INFO     |     准确率: 0.943029
2025-08-19 01:03:12 | INFO     |     F1(macro): 0.946010
2025-08-19 01:03:12 | INFO     |     F1(weighted): 0.944162
2025-08-19 01:03:12 | INFO     |     精确率: 0.961926
2025-08-19 01:03:12 | INFO     |     召回率: 0.945194
2025-08-19 01:03:12 | INFO     |   学习率调度器: f1_based
2025-08-19 01:03:12 | INFO     | ------------------------------------------------------------
2025-08-19 01:03:12 | INFO     | Epoch  36 | Train: Loss=0.1437, Acc=0.9556 | Val: Loss=0.1731, Acc=0.9430, F1=0.9442 | LR=0.000100 
2025-08-19 01:07:57 | INFO     | Epoch 37:
2025-08-19 01:07:57 | INFO     |   训练指标:
2025-08-19 01:07:57 | INFO     |     损失(ce): 0.136985
2025-08-19 01:07:57 | INFO     |     准确率: 0.956573
2025-08-19 01:07:57 | INFO     |     学习率: 0.00010000
2025-08-19 01:07:57 | INFO     |   验证指标(标准CE):
2025-08-19 01:07:57 | INFO     |     损失: 0.144037
2025-08-19 01:07:57 | INFO     |     准确率: 0.962466
2025-08-19 01:07:57 | INFO     |     F1(macro): 0.964387
2025-08-19 01:07:57 | INFO     |     F1(weighted): 0.962802
2025-08-19 01:07:57 | INFO     |     精确率: 0.969439
2025-08-19 01:07:57 | INFO     |     召回率: 0.963671
2025-08-19 01:07:57 | INFO     |   学习率调度器: f1_based
2025-08-19 01:07:57 | INFO     | ------------------------------------------------------------
2025-08-19 01:07:57 | INFO     | Epoch  37 | Train: Loss=0.1370, Acc=0.9566 | Val: Loss=0.1440, Acc=0.9625, F1=0.9628 | LR=0.000100 
2025-08-19 01:12:41 | INFO     | Epoch 38:
2025-08-19 01:12:41 | INFO     |   训练指标:
2025-08-19 01:12:41 | INFO     |     损失(ce): 0.133123
2025-08-19 01:12:41 | INFO     |     准确率: 0.959088
2025-08-19 01:12:41 | INFO     |     学习率: 0.00010000
2025-08-19 01:12:41 | INFO     |   验证指标(标准CE):
2025-08-19 01:12:41 | INFO     |     损失: 0.152496
2025-08-19 01:12:41 | INFO     |     准确率: 0.937668
2025-08-19 01:12:41 | INFO     |     F1(macro): 0.940513
2025-08-19 01:12:41 | INFO     |     F1(weighted): 0.938103
2025-08-19 01:12:41 | INFO     |     精确率: 0.946024
2025-08-19 01:12:41 | INFO     |     召回率: 0.941091
2025-08-19 01:12:41 | INFO     |   学习率调度器: f1_based
2025-08-19 01:12:41 | INFO     | ------------------------------------------------------------
2025-08-19 01:12:41 | INFO     | Epoch  38 | Train: Loss=0.1331, Acc=0.9591 | Val: Loss=0.1525, Acc=0.9377, F1=0.9381 | LR=0.000100 
2025-08-19 01:17:27 | INFO     | Epoch 39:
2025-08-19 01:17:27 | INFO     |   训练指标:
2025-08-19 01:17:27 | INFO     |     损失(ce): 0.149954
2025-08-19 01:17:27 | INFO     |     准确率: 0.956070
2025-08-19 01:17:27 | INFO     |     学习率: 0.00010000
2025-08-19 01:17:27 | INFO     |   验证指标(标准CE):
2025-08-19 01:17:27 | INFO     |     损失: 0.144290
2025-08-19 01:17:27 | INFO     |     准确率: 0.949732
2025-08-19 01:17:27 | INFO     |     F1(macro): 0.952988
2025-08-19 01:17:27 | INFO     |     F1(weighted): 0.950800
2025-08-19 01:17:27 | INFO     |     精确率: 0.957470
2025-08-19 01:17:27 | INFO     |     召回率: 0.951971
2025-08-19 01:17:27 | INFO     |   学习率调度器: f1_based
2025-08-19 01:17:27 | INFO     | ------------------------------------------------------------
2025-08-19 01:17:27 | INFO     | 🎯 学习率调整事件:
2025-08-19 01:17:27 | INFO     |   调度器类型: f1_based
2025-08-19 01:17:27 | INFO     |   学习率变化: 0.00010000 → 0.00005000
2025-08-19 01:17:27 | INFO     |   触发条件: F1分数 = 0.950800
2025-08-19 01:17:27 | INFO     |   变化幅度: -50.00%
2025-08-19 01:17:27 | INFO     | ------------------------------------------------------------
2025-08-19 01:17:27 | INFO     | Epoch  39 | Train: Loss=0.1500, Acc=0.9561 | Val: Loss=0.1443, Acc=0.9497, F1=0.9508 | LR=0.000050 
2025-08-19 01:22:11 | INFO     | Epoch 40:
2025-08-19 01:22:11 | INFO     |   训练指标:
2025-08-19 01:22:11 | INFO     |     损失(ce): 0.086782
2025-08-19 01:22:11 | INFO     |     准确率: 0.970154
2025-08-19 01:22:11 | INFO     |     学习率: 0.00005000
2025-08-19 01:22:11 | INFO     |   验证指标(标准CE):
2025-08-19 01:22:11 | INFO     |     损失: 0.111506
2025-08-19 01:22:11 | INFO     |     准确率: 0.959115
2025-08-19 01:22:11 | INFO     |     F1(macro): 0.961129
2025-08-19 01:22:11 | INFO     |     F1(weighted): 0.959341
2025-08-19 01:22:11 | INFO     |     精确率: 0.966801
2025-08-19 01:22:11 | INFO     |     召回率: 0.962115
2025-08-19 01:22:11 | INFO     |   学习率调度器: f1_based
2025-08-19 01:22:11 | INFO     | ------------------------------------------------------------
2025-08-19 01:22:11 | INFO     | Epoch  40 | Train: Loss=0.0868, Acc=0.9702 | Val: Loss=0.1115, Acc=0.9591, F1=0.9593 | LR=0.000050 
2025-08-19 01:26:59 | INFO     | Epoch 41:
2025-08-19 01:26:59 | INFO     |   训练指标:
2025-08-19 01:26:59 | INFO     |     损失(ce): 0.075005
2025-08-19 01:26:59 | INFO     |     准确率: 0.972334
2025-08-19 01:26:59 | INFO     |     学习率: 0.00005000
2025-08-19 01:26:59 | INFO     |   验证指标(标准CE):
2025-08-19 01:26:59 | INFO     |     损失: 0.203823
2025-08-19 01:26:59 | INFO     |     准确率: 0.951072
2025-08-19 01:26:59 | INFO     |     F1(macro): 0.953024
2025-08-19 01:26:59 | INFO     |     F1(weighted): 0.951366
2025-08-19 01:26:59 | INFO     |     精确率: 0.959472
2025-08-19 01:26:59 | INFO     |     召回率: 0.953955
2025-08-19 01:26:59 | INFO     |   学习率调度器: f1_based
2025-08-19 01:26:59 | INFO     | ------------------------------------------------------------
2025-08-19 01:26:59 | INFO     | Epoch  41 | Train: Loss=0.0750, Acc=0.9723 | Val: Loss=0.2038, Acc=0.9511, F1=0.9514 | LR=0.000050 
2025-08-19 01:31:45 | INFO     | Epoch 42:
2025-08-19 01:31:45 | INFO     |   训练指标:
2025-08-19 01:31:45 | INFO     |     损失(ce): 0.075112
2025-08-19 01:31:45 | INFO     |     准确率: 0.973675
2025-08-19 01:31:45 | INFO     |     学习率: 0.00005000
2025-08-19 01:31:45 | INFO     |   验证指标(标准CE):
2025-08-19 01:31:45 | INFO     |     损失: 0.061657
2025-08-19 01:31:45 | INFO     |     准确率: 0.974531
2025-08-19 01:31:45 | INFO     |     F1(macro): 0.975181
2025-08-19 01:31:45 | INFO     |     F1(weighted): 0.974435
2025-08-19 01:31:45 | INFO     |     精确率: 0.978443
2025-08-19 01:31:45 | INFO     |     召回率: 0.975400
2025-08-19 01:31:45 | INFO     |   学习率调度器: f1_based
2025-08-19 01:31:45 | INFO     | ------------------------------------------------------------
2025-08-19 01:31:45 | INFO     | Epoch  42 | Train: Loss=0.0751, Acc=0.9737 | Val: Loss=0.0617, Acc=0.9745, F1=0.9744 | LR=0.000050 🏆 [最佳模型]
2025-08-19 01:36:30 | INFO     | Epoch 43:
2025-08-19 01:36:30 | INFO     |   训练指标:
2025-08-19 01:36:30 | INFO     |     损失(ce): 0.075013
2025-08-19 01:36:30 | INFO     |     准确率: 0.974681
2025-08-19 01:36:30 | INFO     |     学习率: 0.00005000
2025-08-19 01:36:30 | INFO     |   验证指标(标准CE):
2025-08-19 01:36:30 | INFO     |     损失: 0.068935
2025-08-19 01:36:30 | INFO     |     准确率: 0.970509
2025-08-19 01:36:30 | INFO     |     F1(macro): 0.970972
2025-08-19 01:36:30 | INFO     |     F1(weighted): 0.970092
2025-08-19 01:36:30 | INFO     |     精确率: 0.974555
2025-08-19 01:36:30 | INFO     |     召回率: 0.972241
2025-08-19 01:36:30 | INFO     |   学习率调度器: f1_based
2025-08-19 01:36:30 | INFO     | ------------------------------------------------------------
2025-08-19 01:36:30 | INFO     | Epoch  43 | Train: Loss=0.0750, Acc=0.9747 | Val: Loss=0.0689, Acc=0.9705, F1=0.9701 | LR=0.000050 
2025-08-19 01:41:14 | INFO     | Epoch 44:
2025-08-19 01:41:14 | INFO     |   训练指标:
2025-08-19 01:41:14 | INFO     |     损失(ce): 0.082564
2025-08-19 01:41:14 | INFO     |     准确率: 0.971160
2025-08-19 01:41:14 | INFO     |     学习率: 0.00005000
2025-08-19 01:41:14 | INFO     |   验证指标(标准CE):
2025-08-19 01:41:14 | INFO     |     损失: 0.139638
2025-08-19 01:41:14 | INFO     |     准确率: 0.956434
2025-08-19 01:41:14 | INFO     |     F1(macro): 0.959991
2025-08-19 01:41:14 | INFO     |     F1(weighted): 0.957777
2025-08-19 01:41:14 | INFO     |     精确率: 0.967983
2025-08-19 01:41:14 | INFO     |     召回率: 0.958750
2025-08-19 01:41:14 | INFO     |   学习率调度器: f1_based
2025-08-19 01:41:14 | INFO     | ------------------------------------------------------------
2025-08-19 01:41:14 | INFO     | Epoch  44 | Train: Loss=0.0826, Acc=0.9712 | Val: Loss=0.1396, Acc=0.9564, F1=0.9578 | LR=0.000050 
2025-08-19 01:45:59 | INFO     | Epoch 45:
2025-08-19 01:45:59 | INFO     |   训练指标:
2025-08-19 01:45:59 | INFO     |     损失(ce): 0.080809
2025-08-19 01:45:59 | INFO     |     准确率: 0.971999
2025-08-19 01:45:59 | INFO     |     学习率: 0.00005000
2025-08-19 01:45:59 | INFO     |   验证指标(标准CE):
2025-08-19 01:45:59 | INFO     |     损失: 0.122999
2025-08-19 01:45:59 | INFO     |     准确率: 0.963807
2025-08-19 01:45:59 | INFO     |     F1(macro): 0.964899
2025-08-19 01:45:59 | INFO     |     F1(weighted): 0.963788
2025-08-19 01:45:59 | INFO     |     精确率: 0.968761
2025-08-19 01:45:59 | INFO     |     召回率: 0.966191
2025-08-19 01:45:59 | INFO     |   学习率调度器: f1_based
2025-08-19 01:45:59 | INFO     | ------------------------------------------------------------
2025-08-19 01:45:59 | INFO     | Epoch  45 | Train: Loss=0.0808, Acc=0.9720 | Val: Loss=0.1230, Acc=0.9638, F1=0.9638 | LR=0.000050 
2025-08-19 01:50:43 | INFO     | Epoch 46:
2025-08-19 01:50:43 | INFO     |   训练指标:
2025-08-19 01:50:43 | INFO     |     损失(ce): 0.080946
2025-08-19 01:50:43 | INFO     |     准确率: 0.971999
2025-08-19 01:50:43 | INFO     |     学习率: 0.00005000
2025-08-19 01:50:43 | INFO     |   验证指标(标准CE):
2025-08-19 01:50:43 | INFO     |     损失: 0.099046
2025-08-19 01:50:43 | INFO     |     准确率: 0.971180
2025-08-19 01:50:43 | INFO     |     F1(macro): 0.972429
2025-08-19 01:50:43 | INFO     |     F1(weighted): 0.971310
2025-08-19 01:50:43 | INFO     |     精确率: 0.975996
2025-08-19 01:50:43 | INFO     |     召回率: 0.971341
2025-08-19 01:50:43 | INFO     |   学习率调度器: f1_based
2025-08-19 01:50:43 | INFO     | ------------------------------------------------------------
2025-08-19 01:50:43 | INFO     | Epoch  46 | Train: Loss=0.0809, Acc=0.9720 | Val: Loss=0.0990, Acc=0.9712, F1=0.9713 | LR=0.000050 
2025-08-19 01:55:31 | INFO     | Epoch 47:
2025-08-19 01:55:31 | INFO     |   训练指标:
2025-08-19 01:55:31 | INFO     |     损失(ce): 0.087248
2025-08-19 01:55:31 | INFO     |     准确率: 0.972669
2025-08-19 01:55:31 | INFO     |     学习率: 0.00005000
2025-08-19 01:55:31 | INFO     |   验证指标(标准CE):
2025-08-19 01:55:31 | INFO     |     损失: 0.069218
2025-08-19 01:55:31 | INFO     |     准确率: 0.972520
2025-08-19 01:55:31 | INFO     |     F1(macro): 0.973604
2025-08-19 01:55:31 | INFO     |     F1(weighted): 0.972485
2025-08-19 01:55:31 | INFO     |     精确率: 0.977279
2025-08-19 01:55:31 | INFO     |     召回率: 0.973818
2025-08-19 01:55:31 | INFO     |   学习率调度器: f1_based
2025-08-19 01:55:31 | INFO     | ------------------------------------------------------------
2025-08-19 01:55:31 | INFO     | Epoch  47 | Train: Loss=0.0872, Acc=0.9727 | Val: Loss=0.0692, Acc=0.9725, F1=0.9725 | LR=0.000050 
2025-08-19 02:00:17 | INFO     | Epoch 48:
2025-08-19 02:00:17 | INFO     |   训练指标:
2025-08-19 02:00:17 | INFO     |     损失(ce): 0.081497
2025-08-19 02:00:17 | INFO     |     准确率: 0.973340
2025-08-19 02:00:17 | INFO     |     学习率: 0.00005000
2025-08-19 02:00:17 | INFO     |   验证指标(标准CE):
2025-08-19 02:00:17 | INFO     |     损失: 0.074116
2025-08-19 02:00:17 | INFO     |     准确率: 0.969839
2025-08-19 02:00:17 | INFO     |     F1(macro): 0.970701
2025-08-19 02:00:17 | INFO     |     F1(weighted): 0.969714
2025-08-19 02:00:17 | INFO     |     精确率: 0.972877
2025-08-19 02:00:17 | INFO     |     召回率: 0.971658
2025-08-19 02:00:17 | INFO     |   学习率调度器: f1_based
2025-08-19 02:00:17 | INFO     | ------------------------------------------------------------
2025-08-19 02:00:17 | INFO     | Epoch  48 | Train: Loss=0.0815, Acc=0.9733 | Val: Loss=0.0741, Acc=0.9698, F1=0.9697 | LR=0.000050 
2025-08-19 02:05:02 | INFO     | Epoch 49:
2025-08-19 02:05:02 | INFO     |   训练指标:
2025-08-19 02:05:02 | INFO     |     损失(ce): 0.086211
2025-08-19 02:05:02 | INFO     |     准确率: 0.970825
2025-08-19 02:05:02 | INFO     |     学习率: 0.00005000
2025-08-19 02:05:02 | INFO     |   验证指标(标准CE):
2025-08-19 02:05:02 | INFO     |     损失: 0.107521
2025-08-19 02:05:02 | INFO     |     准确率: 0.962466
2025-08-19 02:05:02 | INFO     |     F1(macro): 0.963541
2025-08-19 02:05:02 | INFO     |     F1(weighted): 0.962293
2025-08-19 02:05:02 | INFO     |     精确率: 0.964914
2025-08-19 02:05:02 | INFO     |     召回率: 0.965056
2025-08-19 02:05:02 | INFO     |   学习率调度器: f1_based
2025-08-19 02:05:02 | INFO     | ------------------------------------------------------------
2025-08-19 02:05:02 | INFO     | Epoch  49 | Train: Loss=0.0862, Acc=0.9708 | Val: Loss=0.1075, Acc=0.9625, F1=0.9623 | LR=0.000050 
2025-08-19 02:09:46 | INFO     | Epoch 50:
2025-08-19 02:09:46 | INFO     |   训练指标:
2025-08-19 02:09:46 | INFO     |     损失(ce): 0.080311
2025-08-19 02:09:46 | INFO     |     准确率: 0.972334
2025-08-19 02:09:46 | INFO     |     学习率: 0.00005000
2025-08-19 02:09:46 | INFO     |   验证指标(标准CE):
2025-08-19 02:09:46 | INFO     |     损失: 0.075547
2025-08-19 02:09:46 | INFO     |     准确率: 0.973190
2025-08-19 02:09:46 | INFO     |     F1(macro): 0.974017
2025-08-19 02:09:46 | INFO     |     F1(weighted): 0.973094
2025-08-19 02:09:46 | INFO     |     精确率: 0.976369
2025-08-19 02:09:46 | INFO     |     召回率: 0.973985
2025-08-19 02:09:46 | INFO     |   学习率调度器: f1_based
2025-08-19 02:09:46 | INFO     | ------------------------------------------------------------
2025-08-19 02:09:46 | INFO     | 🎯 学习率调整事件:
2025-08-19 02:09:46 | INFO     |   调度器类型: f1_based
2025-08-19 02:09:46 | INFO     |   学习率变化: 0.00005000 → 0.00002500
2025-08-19 02:09:46 | INFO     |   触发条件: F1分数 = 0.973094
2025-08-19 02:09:46 | INFO     |   变化幅度: -50.00%
2025-08-19 02:09:46 | INFO     | ------------------------------------------------------------
2025-08-19 02:09:46 | INFO     | Epoch  50 | Train: Loss=0.0803, Acc=0.9723 | Val: Loss=0.0755, Acc=0.9732, F1=0.9731 | LR=0.000025 
2025-08-19 02:14:32 | INFO     | Epoch 51:
2025-08-19 02:14:32 | INFO     |   训练指标:
2025-08-19 02:14:32 | INFO     |     损失(ce): 0.053948
2025-08-19 02:14:32 | INFO     |     准确率: 0.978035
2025-08-19 02:14:32 | INFO     |     学习率: 0.00002500
2025-08-19 02:14:32 | INFO     |   验证指标(标准CE):
2025-08-19 02:14:32 | INFO     |     损失: 0.092558
2025-08-19 02:14:32 | INFO     |     准确率: 0.971850
2025-08-19 02:14:32 | INFO     |     F1(macro): 0.973294
2025-08-19 02:14:32 | INFO     |     F1(weighted): 0.971946
2025-08-19 02:14:32 | INFO     |     精确率: 0.975637
2025-08-19 02:14:32 | INFO     |     召回率: 0.972642
2025-08-19 02:14:32 | INFO     |   学习率调度器: f1_based
2025-08-19 02:14:32 | INFO     | ------------------------------------------------------------
2025-08-19 02:14:32 | INFO     | Epoch  51 | Train: Loss=0.0539, Acc=0.9780 | Val: Loss=0.0926, Acc=0.9718, F1=0.9719 | LR=0.000025 
2025-08-19 02:19:16 | INFO     | Epoch 52:
2025-08-19 02:19:16 | INFO     |   训练指标:
2025-08-19 02:19:16 | INFO     |     损失(ce): 0.054524
2025-08-19 02:19:16 | INFO     |     准确率: 0.977364
2025-08-19 02:19:16 | INFO     |     学习率: 0.00002500
2025-08-19 02:19:16 | INFO     |   验证指标(标准CE):
2025-08-19 02:19:16 | INFO     |     损失: 0.066404
2025-08-19 02:19:16 | INFO     |     准确率: 0.971850
2025-08-19 02:19:16 | INFO     |     F1(macro): 0.972450
2025-08-19 02:19:16 | INFO     |     F1(weighted): 0.971669
2025-08-19 02:19:16 | INFO     |     精确率: 0.975572
2025-08-19 02:19:16 | INFO     |     召回率: 0.972729
2025-08-19 02:19:16 | INFO     |   学习率调度器: f1_based
2025-08-19 02:19:16 | INFO     | ------------------------------------------------------------
2025-08-19 02:19:16 | INFO     | Epoch  52 | Train: Loss=0.0545, Acc=0.9774 | Val: Loss=0.0664, Acc=0.9718, F1=0.9717 | LR=0.000025 
2025-08-19 02:23:59 | INFO     | Epoch 53:
2025-08-19 02:23:59 | INFO     |   训练指标:
2025-08-19 02:23:59 | INFO     |     损失(ce): 0.047214
2025-08-19 02:23:59 | INFO     |     准确率: 0.979376
2025-08-19 02:23:59 | INFO     |     学习率: 0.00002500
2025-08-19 02:23:59 | INFO     |   验证指标(标准CE):
2025-08-19 02:23:59 | INFO     |     损失: 0.066889
2025-08-19 02:23:59 | INFO     |     准确率: 0.973861
2025-08-19 02:23:59 | INFO     |     F1(macro): 0.974700
2025-08-19 02:23:59 | INFO     |     F1(weighted): 0.973689
2025-08-19 02:23:59 | INFO     |     精确率: 0.978552
2025-08-19 02:23:59 | INFO     |     召回率: 0.974934
2025-08-19 02:23:59 | INFO     |   学习率调度器: f1_based
2025-08-19 02:23:59 | INFO     | ------------------------------------------------------------
2025-08-19 02:23:59 | INFO     | Epoch  53 | Train: Loss=0.0472, Acc=0.9794 | Val: Loss=0.0669, Acc=0.9739, F1=0.9737 | LR=0.000025 
2025-08-19 02:28:45 | INFO     | Epoch 54:
2025-08-19 02:28:45 | INFO     |   训练指标:
2025-08-19 02:28:45 | INFO     |     损失(ce): 0.044510
2025-08-19 02:28:45 | INFO     |     准确率: 0.982730
2025-08-19 02:28:45 | INFO     |     学习率: 0.00002500
2025-08-19 02:28:45 | INFO     |   验证指标(标准CE):
2025-08-19 02:28:45 | INFO     |     损失: 0.088313
2025-08-19 02:28:45 | INFO     |     准确率: 0.970509
2025-08-19 02:28:45 | INFO     |     F1(macro): 0.970966
2025-08-19 02:28:45 | INFO     |     F1(weighted): 0.970236
2025-08-19 02:28:45 | INFO     |     精确率: 0.974078
2025-08-19 02:28:45 | INFO     |     召回率: 0.971634
2025-08-19 02:28:45 | INFO     |   学习率调度器: f1_based
2025-08-19 02:28:45 | INFO     | ------------------------------------------------------------
2025-08-19 02:28:45 | INFO     | Epoch  54 | Train: Loss=0.0445, Acc=0.9827 | Val: Loss=0.0883, Acc=0.9705, F1=0.9702 | LR=0.000025 
2025-08-19 02:33:30 | INFO     | Epoch 55:
2025-08-19 02:33:30 | INFO     |   训练指标:
2025-08-19 02:33:30 | INFO     |     损失(ce): 0.046653
2025-08-19 02:33:30 | INFO     |     准确率: 0.982562
2025-08-19 02:33:30 | INFO     |     学习率: 0.00002500
2025-08-19 02:33:30 | INFO     |   验证指标(标准CE):
2025-08-19 02:33:30 | INFO     |     损失: 0.078752
2025-08-19 02:33:30 | INFO     |     准确率: 0.972520
2025-08-19 02:33:30 | INFO     |     F1(macro): 0.973198
2025-08-19 02:33:30 | INFO     |     F1(weighted): 0.972358
2025-08-19 02:33:30 | INFO     |     精确率: 0.976405
2025-08-19 02:33:30 | INFO     |     召回率: 0.973721
2025-08-19 02:33:30 | INFO     |   学习率调度器: f1_based
2025-08-19 02:33:30 | INFO     | ------------------------------------------------------------
2025-08-19 02:33:30 | INFO     | Epoch  55 | Train: Loss=0.0467, Acc=0.9826 | Val: Loss=0.0788, Acc=0.9725, F1=0.9724 | LR=0.000025 
2025-08-19 02:38:14 | INFO     | Epoch 56:
2025-08-19 02:38:14 | INFO     |   训练指标:
2025-08-19 02:38:14 | INFO     |     损失(ce): 0.046281
2025-08-19 02:38:14 | INFO     |     准确率: 0.981891
2025-08-19 02:38:14 | INFO     |     学习率: 0.00002500
2025-08-19 02:38:14 | INFO     |   验证指标(标准CE):
2025-08-19 02:38:14 | INFO     |     损失: 0.097746
2025-08-19 02:38:14 | INFO     |     准确率: 0.968499
2025-08-19 02:38:14 | INFO     |     F1(macro): 0.969390
2025-08-19 02:38:14 | INFO     |     F1(weighted): 0.968029
2025-08-19 02:38:14 | INFO     |     精确率: 0.973255
2025-08-19 02:38:14 | INFO     |     召回率: 0.970165
2025-08-19 02:38:14 | INFO     |   学习率调度器: f1_based
2025-08-19 02:38:14 | INFO     | ------------------------------------------------------------
2025-08-19 02:38:14 | INFO     | Epoch  56 | Train: Loss=0.0463, Acc=0.9819 | Val: Loss=0.0977, Acc=0.9685, F1=0.9680 | LR=0.000025 
2025-08-19 02:42:58 | INFO     | Epoch 57:
2025-08-19 02:42:58 | INFO     |   训练指标:
2025-08-19 02:42:58 | INFO     |     损失(ce): 0.057979
2025-08-19 02:42:58 | INFO     |     准确率: 0.981891
2025-08-19 02:42:58 | INFO     |     学习率: 0.00002500
2025-08-19 02:42:58 | INFO     |   验证指标(标准CE):
2025-08-19 02:42:58 | INFO     |     损失: 0.052092
2025-08-19 02:42:58 | INFO     |     准确率: 0.980563
2025-08-19 02:42:58 | INFO     |     F1(macro): 0.980797
2025-08-19 02:42:58 | INFO     |     F1(weighted): 0.980548
2025-08-19 02:42:58 | INFO     |     精确率: 0.981421
2025-08-19 02:42:58 | INFO     |     召回率: 0.980409
2025-08-19 02:42:58 | INFO     |   学习率调度器: f1_based
2025-08-19 02:42:58 | INFO     | ------------------------------------------------------------
2025-08-19 02:42:58 | INFO     | Epoch  57 | Train: Loss=0.0580, Acc=0.9819 | Val: Loss=0.0521, Acc=0.9806, F1=0.9805 | LR=0.000025 🏆 [最佳模型]
2025-08-19 02:47:42 | INFO     | Epoch 58:
2025-08-19 02:47:42 | INFO     |   训练指标:
2025-08-19 02:47:42 | INFO     |     损失(ce): 0.046571
2025-08-19 02:47:42 | INFO     |     准确率: 0.980550
2025-08-19 02:47:42 | INFO     |     学习率: 0.00002500
2025-08-19 02:47:42 | INFO     |   验证指标(标准CE):
2025-08-19 02:47:42 | INFO     |     损失: 0.059776
2025-08-19 02:47:42 | INFO     |     准确率: 0.977212
2025-08-19 02:47:42 | INFO     |     F1(macro): 0.977651
2025-08-19 02:47:42 | INFO     |     F1(weighted): 0.977240
2025-08-19 02:47:42 | INFO     |     精确率: 0.978808
2025-08-19 02:47:42 | INFO     |     召回率: 0.977755
2025-08-19 02:47:42 | INFO     |   学习率调度器: f1_based
2025-08-19 02:47:42 | INFO     | ------------------------------------------------------------
2025-08-19 02:47:42 | INFO     | Epoch  58 | Train: Loss=0.0466, Acc=0.9805 | Val: Loss=0.0598, Acc=0.9772, F1=0.9772 | LR=0.000025 
2025-08-19 02:52:26 | INFO     | Epoch 59:
2025-08-19 02:52:26 | INFO     |   训练指标:
2025-08-19 02:52:26 | INFO     |     损失(ce): 0.045167
2025-08-19 02:52:26 | INFO     |     准确率: 0.980885
2025-08-19 02:52:26 | INFO     |     学习率: 0.00002500
2025-08-19 02:52:26 | INFO     |   验证指标(标准CE):
2025-08-19 02:52:26 | INFO     |     损失: 0.075519
2025-08-19 02:52:26 | INFO     |     准确率: 0.971850
2025-08-19 02:52:26 | INFO     |     F1(macro): 0.972102
2025-08-19 02:52:26 | INFO     |     F1(weighted): 0.971531
2025-08-19 02:52:26 | INFO     |     精确率: 0.973941
2025-08-19 02:52:26 | INFO     |     召回率: 0.973138
2025-08-19 02:52:26 | INFO     |   学习率调度器: f1_based
2025-08-19 02:52:26 | INFO     | ------------------------------------------------------------
2025-08-19 02:52:26 | INFO     | Epoch  59 | Train: Loss=0.0452, Acc=0.9809 | Val: Loss=0.0755, Acc=0.9718, F1=0.9715 | LR=0.000025 
2025-08-19 02:57:11 | INFO     | Epoch 60:
2025-08-19 02:57:11 | INFO     |   训练指标:
2025-08-19 02:57:11 | INFO     |     损失(ce): 0.047797
2025-08-19 02:57:11 | INFO     |     准确率: 0.980215
2025-08-19 02:57:11 | INFO     |     学习率: 0.00002500
2025-08-19 02:57:11 | INFO     |   验证指标(标准CE):
2025-08-19 02:57:11 | INFO     |     损失: 0.120519
2025-08-19 02:57:11 | INFO     |     准确率: 0.967158
2025-08-19 02:57:11 | INFO     |     F1(macro): 0.968083
2025-08-19 02:57:11 | INFO     |     F1(weighted): 0.966951
2025-08-19 02:57:11 | INFO     |     精确率: 0.972320
2025-08-19 02:57:11 | INFO     |     召回率: 0.969007
2025-08-19 02:57:11 | INFO     |   学习率调度器: f1_based
2025-08-19 02:57:11 | INFO     | ------------------------------------------------------------
2025-08-19 02:57:11 | INFO     | Epoch  60 | Train: Loss=0.0478, Acc=0.9802 | Val: Loss=0.1205, Acc=0.9672, F1=0.9670 | LR=0.000025 
2025-08-19 03:01:56 | INFO     | Epoch 61:
2025-08-19 03:01:56 | INFO     |   训练指标:
2025-08-19 03:01:56 | INFO     |     损失(ce): 0.045506
2025-08-19 03:01:56 | INFO     |     准确率: 0.983568
2025-08-19 03:01:56 | INFO     |     学习率: 0.00002500
2025-08-19 03:01:56 | INFO     |   验证指标(标准CE):
2025-08-19 03:01:56 | INFO     |     损失: 0.074111
2025-08-19 03:01:56 | INFO     |     准确率: 0.974531
2025-08-19 03:01:56 | INFO     |     F1(macro): 0.975060
2025-08-19 03:01:56 | INFO     |     F1(weighted): 0.974409
2025-08-19 03:01:56 | INFO     |     精确率: 0.978838
2025-08-19 03:01:56 | INFO     |     召回率: 0.975237
2025-08-19 03:01:56 | INFO     |   学习率调度器: f1_based
2025-08-19 03:01:56 | INFO     | ------------------------------------------------------------
2025-08-19 03:01:56 | INFO     | Epoch  61 | Train: Loss=0.0455, Acc=0.9836 | Val: Loss=0.0741, Acc=0.9745, F1=0.9744 | LR=0.000025 
2025-08-19 03:06:40 | INFO     | Epoch 62:
2025-08-19 03:06:40 | INFO     |   训练指标:
2025-08-19 03:06:40 | INFO     |     损失(ce): 0.047856
2025-08-19 03:06:40 | INFO     |     准确率: 0.979879
2025-08-19 03:06:40 | INFO     |     学习率: 0.00002500
2025-08-19 03:06:40 | INFO     |   验证指标(标准CE):
2025-08-19 03:06:40 | INFO     |     损失: 0.068399
2025-08-19 03:06:40 | INFO     |     准确率: 0.969169
2025-08-19 03:06:40 | INFO     |     F1(macro): 0.970310
2025-08-19 03:06:40 | INFO     |     F1(weighted): 0.969354
2025-08-19 03:06:40 | INFO     |     精确率: 0.975152
2025-08-19 03:06:40 | INFO     |     召回率: 0.969865
2025-08-19 03:06:40 | INFO     |   学习率调度器: f1_based
2025-08-19 03:06:40 | INFO     | ------------------------------------------------------------
2025-08-19 03:06:40 | INFO     | Epoch  62 | Train: Loss=0.0479, Acc=0.9799 | Val: Loss=0.0684, Acc=0.9692, F1=0.9694 | LR=0.000025 
2025-08-19 03:11:23 | INFO     | Epoch 63:
2025-08-19 03:11:23 | INFO     |   训练指标:
2025-08-19 03:11:23 | INFO     |     损失(ce): 0.046917
2025-08-19 03:11:23 | INFO     |     准确率: 0.979544
2025-08-19 03:11:23 | INFO     |     学习率: 0.00002500
2025-08-19 03:11:23 | INFO     |   验证指标(标准CE):
2025-08-19 03:11:23 | INFO     |     损失: 0.060831
2025-08-19 03:11:23 | INFO     |     准确率: 0.975871
2025-08-19 03:11:23 | INFO     |     F1(macro): 0.976559
2025-08-19 03:11:23 | INFO     |     F1(weighted): 0.975912
2025-08-19 03:11:23 | INFO     |     精确率: 0.980573
2025-08-19 03:11:23 | INFO     |     召回率: 0.976473
2025-08-19 03:11:23 | INFO     |   学习率调度器: f1_based
2025-08-19 03:11:23 | INFO     | ------------------------------------------------------------
2025-08-19 03:11:23 | INFO     | Epoch  63 | Train: Loss=0.0469, Acc=0.9795 | Val: Loss=0.0608, Acc=0.9759, F1=0.9759 | LR=0.000025 
2025-08-19 03:16:07 | INFO     | Epoch 64:
2025-08-19 03:16:07 | INFO     |   训练指标:
2025-08-19 03:16:07 | INFO     |     损失(ce): 0.043671
2025-08-19 03:16:07 | INFO     |     准确率: 0.982562
2025-08-19 03:16:07 | INFO     |     学习率: 0.00002500
2025-08-19 03:16:07 | INFO     |   验证指标(标准CE):
2025-08-19 03:16:07 | INFO     |     损失: 0.092987
2025-08-19 03:16:07 | INFO     |     准确率: 0.965818
2025-08-19 03:16:07 | INFO     |     F1(macro): 0.967218
2025-08-19 03:16:07 | INFO     |     F1(weighted): 0.966174
2025-08-19 03:16:07 | INFO     |     精确率: 0.972901
2025-08-19 03:16:07 | INFO     |     召回率: 0.966352
2025-08-19 03:16:07 | INFO     |   学习率调度器: f1_based
2025-08-19 03:16:07 | INFO     | ------------------------------------------------------------
2025-08-19 03:16:07 | INFO     | Epoch  64 | Train: Loss=0.0437, Acc=0.9826 | Val: Loss=0.0930, Acc=0.9658, F1=0.9662 | LR=0.000025 
2025-08-19 03:20:51 | INFO     | Epoch 65:
2025-08-19 03:20:51 | INFO     |   训练指标:
2025-08-19 03:20:51 | INFO     |     损失(ce): 0.046579
2025-08-19 03:20:51 | INFO     |     准确率: 0.981388
2025-08-19 03:20:51 | INFO     |     学习率: 0.00002500
2025-08-19 03:20:51 | INFO     |   验证指标(标准CE):
2025-08-19 03:20:51 | INFO     |     损失: 0.111195
2025-08-19 03:20:51 | INFO     |     准确率: 0.965147
2025-08-19 03:20:51 | INFO     |     F1(macro): 0.966693
2025-08-19 03:20:51 | INFO     |     F1(weighted): 0.965210
2025-08-19 03:20:51 | INFO     |     精确率: 0.970045
2025-08-19 03:20:51 | INFO     |     召回率: 0.967235
2025-08-19 03:20:51 | INFO     |   学习率调度器: f1_based
2025-08-19 03:20:51 | INFO     | ------------------------------------------------------------
2025-08-19 03:20:51 | INFO     | 🎯 学习率调整事件:
2025-08-19 03:20:51 | INFO     |   调度器类型: f1_based
2025-08-19 03:20:51 | INFO     |   学习率变化: 0.00002500 → 0.00001250
2025-08-19 03:20:51 | INFO     |   触发条件: F1分数 = 0.965210
2025-08-19 03:20:51 | INFO     |   变化幅度: -50.00%
2025-08-19 03:20:51 | INFO     | ------------------------------------------------------------
2025-08-19 03:20:51 | INFO     | Epoch  65 | Train: Loss=0.0466, Acc=0.9814 | Val: Loss=0.1112, Acc=0.9651, F1=0.9652 | LR=0.000013 
2025-08-19 03:25:36 | INFO     | Epoch 66:
2025-08-19 03:25:36 | INFO     |   训练指标:
2025-08-19 03:25:36 | INFO     |     损失(ce): 0.035344
2025-08-19 03:25:36 | INFO     |     准确率: 0.986083
2025-08-19 03:25:36 | INFO     |     学习率: 0.00001250
2025-08-19 03:25:36 | INFO     |   验证指标(标准CE):
2025-08-19 03:25:36 | INFO     |     损失: 0.092333
2025-08-19 03:25:36 | INFO     |     准确率: 0.971180
2025-08-19 03:25:36 | INFO     |     F1(macro): 0.971984
2025-08-19 03:25:36 | INFO     |     F1(weighted): 0.970997
2025-08-19 03:25:36 | INFO     |     精确率: 0.975450
2025-08-19 03:25:36 | INFO     |     召回率: 0.972849
2025-08-19 03:25:36 | INFO     |   学习率调度器: f1_based
2025-08-19 03:25:36 | INFO     | ------------------------------------------------------------
2025-08-19 03:25:36 | INFO     | Epoch  66 | Train: Loss=0.0353, Acc=0.9861 | Val: Loss=0.0923, Acc=0.9712, F1=0.9710 | LR=0.000013 
2025-08-19 03:30:20 | INFO     | Epoch 67:
2025-08-19 03:30:20 | INFO     |   训练指标:
2025-08-19 03:30:20 | INFO     |     损失(ce): 0.037606
2025-08-19 03:30:20 | INFO     |     准确率: 0.983903
2025-08-19 03:30:20 | INFO     |     学习率: 0.00001250
2025-08-19 03:30:20 | INFO     |   验证指标(标准CE):
2025-08-19 03:30:20 | INFO     |     损失: 0.074172
2025-08-19 03:30:20 | INFO     |     准确率: 0.971180
2025-08-19 03:30:20 | INFO     |     F1(macro): 0.972134
2025-08-19 03:30:20 | INFO     |     F1(weighted): 0.971295
2025-08-19 03:30:20 | INFO     |     精确率: 0.975829
2025-08-19 03:30:20 | INFO     |     召回率: 0.971939
2025-08-19 03:30:20 | INFO     |   学习率调度器: f1_based
2025-08-19 03:30:20 | INFO     | ------------------------------------------------------------
2025-08-19 03:30:20 | INFO     | Epoch  67 | Train: Loss=0.0376, Acc=0.9839 | Val: Loss=0.0742, Acc=0.9712, F1=0.9713 | LR=0.000013 
2025-08-19 03:35:05 | INFO     | Epoch 68:
2025-08-19 03:35:05 | INFO     |   训练指标:
2025-08-19 03:35:05 | INFO     |     损失(ce): 0.033553
2025-08-19 03:35:05 | INFO     |     准确率: 0.984742
2025-08-19 03:35:05 | INFO     |     学习率: 0.00001250
2025-08-19 03:35:05 | INFO     |   验证指标(标准CE):
2025-08-19 03:35:05 | INFO     |     损失: 0.090373
2025-08-19 03:35:05 | INFO     |     准确率: 0.971850
2025-08-19 03:35:05 | INFO     |     F1(macro): 0.972429
2025-08-19 03:35:05 | INFO     |     F1(weighted): 0.971636
2025-08-19 03:35:05 | INFO     |     精确率: 0.975715
2025-08-19 03:35:05 | INFO     |     召回率: 0.973192
2025-08-19 03:35:05 | INFO     |   学习率调度器: f1_based
2025-08-19 03:35:05 | INFO     | ------------------------------------------------------------
2025-08-19 03:35:05 | INFO     | Epoch  68 | Train: Loss=0.0336, Acc=0.9847 | Val: Loss=0.0904, Acc=0.9718, F1=0.9716 | LR=0.000013 
2025-08-19 03:39:49 | INFO     | Epoch 69:
2025-08-19 03:39:49 | INFO     |   训练指标:
2025-08-19 03:39:49 | INFO     |     损失(ce): 0.034290
2025-08-19 03:39:49 | INFO     |     准确率: 0.986586
2025-08-19 03:39:49 | INFO     |     学习率: 0.00001250
2025-08-19 03:39:49 | INFO     |   验证指标(标准CE):
2025-08-19 03:39:49 | INFO     |     损失: 0.070561
2025-08-19 03:39:49 | INFO     |     准确率: 0.976542
2025-08-19 03:39:49 | INFO     |     F1(macro): 0.977076
2025-08-19 03:39:49 | INFO     |     F1(weighted): 0.976321
2025-08-19 03:39:49 | INFO     |     精确率: 0.980287
2025-08-19 03:39:49 | INFO     |     召回率: 0.977354
2025-08-19 03:39:49 | INFO     |   学习率调度器: f1_based
2025-08-19 03:39:49 | INFO     | ------------------------------------------------------------
2025-08-19 03:39:49 | INFO     | Epoch  69 | Train: Loss=0.0343, Acc=0.9866 | Val: Loss=0.0706, Acc=0.9765, F1=0.9763 | LR=0.000013 
2025-08-19 03:44:33 | INFO     | Epoch 70:
2025-08-19 03:44:33 | INFO     |   训练指标:
2025-08-19 03:44:33 | INFO     |     损失(ce): 0.032868
2025-08-19 03:44:33 | INFO     |     准确率: 0.985748
2025-08-19 03:44:33 | INFO     |     学习率: 0.00001250
2025-08-19 03:44:33 | INFO     |   验证指标(标准CE):
2025-08-19 03:44:33 | INFO     |     损失: 0.069114
2025-08-19 03:44:33 | INFO     |     准确率: 0.972520
2025-08-19 03:44:33 | INFO     |     F1(macro): 0.973215
2025-08-19 03:44:33 | INFO     |     F1(weighted): 0.972401
2025-08-19 03:44:33 | INFO     |     精确率: 0.975110
2025-08-19 03:44:33 | INFO     |     召回率: 0.973901
2025-08-19 03:44:33 | INFO     |   学习率调度器: f1_based
2025-08-19 03:44:33 | INFO     | ------------------------------------------------------------
2025-08-19 03:44:33 | INFO     | Epoch  70 | Train: Loss=0.0329, Acc=0.9857 | Val: Loss=0.0691, Acc=0.9725, F1=0.9724 | LR=0.000013 
2025-08-19 03:49:18 | INFO     | Epoch 71:
2025-08-19 03:49:18 | INFO     |   训练指标:
2025-08-19 03:49:18 | INFO     |     损失(ce): 0.036307
2025-08-19 03:49:18 | INFO     |     准确率: 0.987089
2025-08-19 03:49:18 | INFO     |     学习率: 0.00001250
2025-08-19 03:49:18 | INFO     |   验证指标(标准CE):
2025-08-19 03:49:18 | INFO     |     损失: 0.087295
2025-08-19 03:49:18 | INFO     |     准确率: 0.973190
2025-08-19 03:49:18 | INFO     |     F1(macro): 0.973728
2025-08-19 03:49:18 | INFO     |     F1(weighted): 0.972878
2025-08-19 03:49:18 | INFO     |     精确率: 0.976860
2025-08-19 03:49:18 | INFO     |     召回率: 0.974465
2025-08-19 03:49:18 | INFO     |   学习率调度器: f1_based
2025-08-19 03:49:18 | INFO     | ------------------------------------------------------------
2025-08-19 03:49:18 | INFO     | Epoch  71 | Train: Loss=0.0363, Acc=0.9871 | Val: Loss=0.0873, Acc=0.9732, F1=0.9729 | LR=0.000013 
2025-08-19 03:54:03 | INFO     | Epoch 72:
2025-08-19 03:54:03 | INFO     |   训练指标:
2025-08-19 03:54:03 | INFO     |     损失(ce): 0.037648
2025-08-19 03:54:03 | INFO     |     准确率: 0.985748
2025-08-19 03:54:03 | INFO     |     学习率: 0.00001250
2025-08-19 03:54:03 | INFO     |   验证指标(标准CE):
2025-08-19 03:54:03 | INFO     |     损失: 0.075337
2025-08-19 03:54:03 | INFO     |     准确率: 0.971850
2025-08-19 03:54:03 | INFO     |     F1(macro): 0.972870
2025-08-19 03:54:03 | INFO     |     F1(weighted): 0.971810
2025-08-19 03:54:03 | INFO     |     精确率: 0.976591
2025-08-19 03:54:03 | INFO     |     召回率: 0.973226
2025-08-19 03:54:03 | INFO     |   学习率调度器: f1_based
2025-08-19 03:54:03 | INFO     | ------------------------------------------------------------
2025-08-19 03:54:03 | INFO     | Epoch  72 | Train: Loss=0.0376, Acc=0.9857 | Val: Loss=0.0753, Acc=0.9718, F1=0.9718 | LR=0.000013 
2025-08-19 03:54:03 | INFO     | ⏹️ 早停触发，在第 72 轮停止训练
2025-08-19 03:54:28 | INFO     | 训练历史已保存到: ./result/0818_2210_DualGAF_DDAHU_DualGAFNet_film融合对比_sl96_step96_fd128_extractor-dilated_gaf-concat_attention-channel_classifier-mlp_stat-basic_fusion-adaptive/training_history.csv
2025-08-19 03:54:28 | INFO     | 
====================================================================================================
2025-08-19 03:54:28 | INFO     | 🎉 训练完成总结:
2025-08-19 03:54:28 | INFO     |   训练损失函数: ce
2025-08-19 03:54:28 | INFO     |   验证损失函数: 标准交叉熵（遵循主流ML规范）
2025-08-19 03:54:28 | INFO     |   训练过程最佳验证准确率: 0.9806
2025-08-19 03:54:28 | INFO     |   训练过程最佳验证F1(macro): 0.9808
2025-08-19 03:54:28 | INFO     |   训练过程最佳验证F1(weighted): 0.9805
2025-08-19 03:54:28 | INFO     |   训练轮数: 72
2025-08-19 03:54:28 | INFO     | --------------------------------------------------
2025-08-19 03:54:28 | INFO     | 📊 最佳模型真实性能指标（基于标准交叉熵损失）:
2025-08-19 03:54:28 | INFO     |   验证损失(标准CE): 0.0521
2025-08-19 03:54:28 | INFO     |   验证准确率: 0.9806
2025-08-19 03:54:28 | INFO     |   验证F1(macro): 0.9808
2025-08-19 03:54:28 | INFO     |   验证F1(weighted): 0.9805
2025-08-19 03:54:28 | INFO     |   验证精确率: 0.9814
2025-08-19 03:54:28 | INFO     |   验证召回率: 0.9804
2025-08-19 03:54:28 | INFO     | ====================================================================================================
2025-08-19 03:54:31 | INFO     | ================================================================================
2025-08-19 03:54:31 | INFO     | 实验日志结束: DualGAF_DDAHU_DualGAFNet_film融合对比_sl96_step96_fd128_extractor-dilated_gaf-concat_attention-channel_classifier-mlp_stat-basic_fusion-adaptive
2025-08-19 03:54:31 | INFO     | 结束时间: 2025-08-19 03:54:31
2025-08-19 03:54:31 | INFO     | ================================================================================
