2025-08-21 20:24:50 | INFO     | ================================================================================
2025-08-21 20:24:51 | INFO     | 实验日志开始: DualGAF_DDAHU_DualGAFNet_基准版_sl96_step96_fd128_extractor-dilated_gaf-adaptive_attention-channel_classifier-mlp_stat-basic_fusion-concat
2025-08-21 20:24:51 | INFO     | 日志文件: ./result/0821_2024_DualGAF_DDAHU_DualGAFNet_基准版_sl96_step96_fd128_extractor-dilated_gaf-adaptive_attention-channel_classifier-mlp_stat-basic_fusion-concat/training.log
2025-08-21 20:24:51 | INFO     | 开始时间: 2025-08-21 20:24:51
2025-08-21 20:24:51 | INFO     | ================================================================================
2025-08-21 20:24:51 | INFO     | ⚙️ 实验配置:
2025-08-21 20:24:51 | INFO     |    task_name: classification
2025-08-21 20:24:51 | INFO     |    is_training: 1
2025-08-21 20:24:51 | INFO     |    model_id: test
2025-08-21 20:24:51 | INFO     |    model: DualGAFNet
2025-08-21 20:24:51 | INFO     |    data: DualGAF_DDAHU
2025-08-21 20:24:51 | INFO     |    root_path: ./dataset/DDAHU/direct_5_working
2025-08-21 20:24:51 | INFO     |    step: 96
2025-08-21 20:24:51 | INFO     |    checkpoints: ./checkpoints/
2025-08-21 20:24:51 | INFO     |    num_class: 29
2025-08-21 20:24:51 | INFO     |    result_path: ./result/
2025-08-21 20:24:51 | INFO     |    test_size: 0.2
2025-08-21 20:24:51 | INFO     |    rows: None
2025-08-21 20:24:51 | INFO     |    seq_len: 96
2025-08-21 20:24:51 | INFO     |    enc_in: 97
2025-08-21 20:24:51 | INFO     |    d_model: 512
2025-08-21 20:24:51 | INFO     |    n_heads: 8
2025-08-21 20:24:51 | INFO     |    e_layers: 2
2025-08-21 20:24:51 | INFO     |    d_layers: 1
2025-08-21 20:24:51 | INFO     |    d_ff: 2048
2025-08-21 20:24:51 | INFO     |    moving_avg: 25
2025-08-21 20:24:51 | INFO     |    factor: 1
2025-08-21 20:24:51 | INFO     |    distil: True
2025-08-21 20:24:51 | INFO     |    dropout: 0.1
2025-08-21 20:24:51 | INFO     |    embed: timeF
2025-08-21 20:24:51 | INFO     |    activation: gelu
2025-08-21 20:24:51 | INFO     |    use_norm: 1
2025-08-21 20:24:51 | INFO     |    gaf_method: summation
2025-08-21 20:24:51 | INFO     |    feature_dim: 128
2025-08-21 20:24:51 | INFO     |    data_type_method: uint8
2025-08-21 20:24:51 | INFO     |    use_attention: True
2025-08-21 20:24:51 | INFO     |    hidden_dim: 64
2025-08-21 20:24:51 | INFO     |    sample_size: 1000
2025-08-21 20:24:51 | INFO     |    cnn_dropout_rate: 0.3
2025-08-21 20:24:51 | INFO     |    cnn_use_batch_norm: True
2025-08-21 20:24:51 | INFO     |    channel_groups: None
2025-08-21 20:24:51 | INFO     |    hvac_groups: None
2025-08-21 20:24:51 | INFO     |    use_channel_compression: False
2025-08-21 20:24:51 | INFO     |    compression_strategy: signal_compression
2025-08-21 20:24:51 | INFO     |    compression_ratio: 0.7
2025-08-21 20:24:51 | INFO     |    compression_channels: None
2025-08-21 20:24:51 | INFO     |    adaptive_compression_ratios: [0.5, 0.7, 0.8]
2025-08-21 20:24:51 | INFO     |    hvac_group_compression_ratios: None
2025-08-21 20:24:51 | INFO     |    extractor_type: dilated
2025-08-21 20:24:51 | INFO     |    fusion_type: adaptive
2025-08-21 20:24:51 | INFO     |    attention_type: channel
2025-08-21 20:24:51 | INFO     |    classifier_type: mlp
2025-08-21 20:24:51 | INFO     |    use_statistical_features: True
2025-08-21 20:24:51 | INFO     |    stat_type: basic
2025-08-21 20:24:51 | INFO     |    multimodal_fusion_strategy: concat
2025-08-21 20:24:51 | INFO     |    use_signal_level_stats: False
2025-08-21 20:24:51 | INFO     |    signal_stat_type: comprehensive
2025-08-21 20:24:51 | INFO     |    signal_stat_fusion_strategy: concat_project
2025-08-21 20:24:51 | INFO     |    signal_stat_feature_dim: 32
2025-08-21 20:24:51 | INFO     |    use_diff_branch: True
2025-08-21 20:24:51 | INFO     |    ablation_mode: none
2025-08-21 20:24:51 | INFO     |    backbone_type: resnet18
2025-08-21 20:24:51 | INFO     |    use_sum_branch: True
2025-08-21 20:24:51 | INFO     |    num_workers: 0
2025-08-21 20:24:51 | INFO     |    cuda_debug: False
2025-08-21 20:24:51 | INFO     |    gpu_memory_fraction: 0.9
2025-08-21 20:24:51 | INFO     |    safe_mode: True
2025-08-21 20:24:51 | INFO     |    drop_last_batch: True
2025-08-21 20:24:51 | INFO     |    itr: 1
2025-08-21 20:24:51 | INFO     |    train_epochs: 300
2025-08-21 20:24:51 | INFO     |    batch_size: 4
2025-08-21 20:24:51 | INFO     |    patience: 15
2025-08-21 20:24:51 | INFO     |    learning_rate: 0.0001
2025-08-21 20:24:51 | INFO     |    des: 基准版
2025-08-21 20:24:51 | INFO     |    loss: MSE
2025-08-21 20:24:51 | INFO     |    lradj: type1
2025-08-21 20:24:51 | INFO     |    lr_scheduler_type: f1_based
2025-08-21 20:24:51 | INFO     |    lr_loss_weight: 0.3
2025-08-21 20:24:51 | INFO     |    lr_f1_weight: 0.7
2025-08-21 20:24:51 | INFO     |    use_amp: False
2025-08-21 20:24:51 | INFO     |    gradient_accumulation_steps: 2
2025-08-21 20:24:51 | INFO     |    enable_auto_gradient_accumulation: True
2025-08-21 20:24:51 | INFO     |    loss_type: ce
2025-08-21 20:24:51 | INFO     |    label_smoothing: 0.1
2025-08-21 20:24:51 | INFO     |    focal_alpha: 1.0
2025-08-21 20:24:51 | INFO     |    focal_gamma: 2.0
2025-08-21 20:24:51 | INFO     |    confidence_penalty_beta: 0.1
2025-08-21 20:24:51 | INFO     |    use_timm_loss: True
2025-08-21 20:24:51 | INFO     |    adaptive_initial_smoothing: 0.2
2025-08-21 20:24:51 | INFO     |    adaptive_final_smoothing: 0.05
2025-08-21 20:24:51 | INFO     |    adaptive_decay_epochs: 30
2025-08-21 20:24:51 | INFO     |    enable_class_weights: False
2025-08-21 20:24:51 | INFO     |    class_weights: None
2025-08-21 20:24:51 | INFO     |    loss_preset: None
2025-08-21 20:24:51 | INFO     |    n_jobs: 1
2025-08-21 20:24:51 | INFO     |    use_multiprocessing: False
2025-08-21 20:24:51 | INFO     |    chunk_size: 800
2025-08-21 20:24:51 | INFO     |    disable_parallel: True
2025-08-21 20:24:51 | INFO     |    use_shared_memory: False
2025-08-21 20:24:51 | INFO     |    disable_shared_memory: False
2025-08-21 20:24:51 | INFO     |    use_gpu: True
2025-08-21 20:24:51 | INFO     |    gpu: 0
2025-08-21 20:24:51 | INFO     |    gpu_type: cuda
2025-08-21 20:24:51 | INFO     |    use_multi_gpu: False
2025-08-21 20:24:51 | INFO     |    devices: 0,1,2,3
2025-08-21 20:24:52 | INFO     |    device: cuda:0
2025-08-21 20:24:52 | INFO     |    feature_columns: ['CHWP_GPMC', 'CHWC_VLV_DM', 'CHWC_VLV', 'CHWC_MWT', 'CHWC_LWT', 'VAVCFM_H_DM_SB', 'CHWC_EAH', 'VAV_DAT_SA', 'CHWC_DAT', 'VAV_SP_C_SA', 'HWP_GPMT', 'VAVCFM_C_DM_SB', 'RM_TEMP_W', 'HWP_GPMC', 'VAVCFM_T_SB', 'VAV_DMPR_H_SB', 'HWC_VLV_DM', 'VAVCFM_H_SB', 'HWC_VLV', 'VAV_DMPR_H_E', 'HWC_LWT', 'HWC_MWT', 'VAV_DMPR_C_SB', 'HWC_DAT', 'RM_TEMP_SB', 'CSF_WAT', 'CSF_SPD', 'CSF_DP', 'CSA_TEMP', 'CSA_CFM', 'VAV_EAT_C_SB', 'CSA_HUMD', 'CSA_SP', 'VAVCFM_C_SB', 'VAVCFM_H_W', 'HSF_SPD', 'VAV_EAT_H_SB', 'VAV_DAT_SB', 'RM_TEMP_SA', 'HSF_DP', 'HSA_TEMP', 'VAVCFM_C_DM_W', 'VAVCFM_C_W', 'VAV_DAT_W', 'HSA_SP', 'HSA_CFM', 'VAV_DMPR_H_W', 'HSF_WAT', 'VAVCFM_T_W', 'EA_DMPR_DM', 'RF_WAT', 'VAV_SP_C_W', 'VAV_SP_H_E', 'EA_DMPR', 'VAV_SP_H_SB', 'RF_SPD', 'RA_TEMP', 'RA_HUMD', 'VAV_SP_H_SA', 'VAV_EAT_H_W', 'RF_DP', 'VAV_DMPR_C_SA', 'VAV_SP_C_SB', 'RA_DMPR_DM', 'VAV_DMPR_H_SA', 'VAV_SP_H_W', 'VAVCFM_H_DM_SA', 'RA_DMPR', 'VAV_EAT_C_W', 'VAVCFM_C_DM_SA', 'RA_CFM', 'MA_TEMP', 'VAVCFM_C_SA', 'OA_TEMP', 'VAVCFM_H_SA', 'VAVCFM_H_DM_W', 'OA_HUMD', 'VAVCFM_T_SA', 'OA_DMPR_DM', 'VAV_EAT_C_SA', 'VAV_DMPR_C_W', 'OA_DMPR', 'VAV_EAT_H_SA', 'HSA_HUMD', 'RM_TEMP_E', 'VAV_EAT_H_E', 'VAV_DAT_E', 'VAV_EAT_C_E', 'VAVCFM_T_E', 'VAVCFM_H_E', 'VAV_SP_C_E', 'VAVCFM_C_DM_E', 'OA_CFM', 'VAV_DMPR_C_E', 'VAVCFM_C_E', 'VAVCFM_H_DM_E', 'CHWP_GPMT']
2025-08-21 20:24:52 | INFO     | 🏗️ 模型信息:
2025-08-21 20:24:52 | INFO     |    模型类型: Model
2025-08-21 20:24:52 | INFO     |    总参数数量: 26,996,130
2025-08-21 20:24:52 | INFO     |    可训练参数: 26,996,130
2025-08-21 20:24:52 | INFO     |    模型大小估计: 102.98 MB
2025-08-21 20:24:52 | INFO     | 📊 数据集信息:
2025-08-21 20:24:52 | INFO     |    训练集大小: 5967
2025-08-21 20:24:52 | INFO     |    验证集大小: 1492
2025-08-21 20:24:58 | INFO     | 
================================================================================
2025-08-21 20:24:58 | INFO     | 📋 损失函数使用策略（遵循主流机器学习规范）:
2025-08-21 20:24:58 | INFO     |    🎯 训练阶段: 使用 ce 损失函数
2025-08-21 20:24:58 | INFO     |       → 目的：优化模型参数，解决特定问题（类别不平衡、相似性等）
2025-08-21 20:24:58 | INFO     |    📊 验证阶段: 使用标准交叉熵损失函数
2025-08-21 20:24:58 | INFO     |       → 目的：客观评估模型性能，便于不同方法比较
2025-08-21 20:24:58 | INFO     |    📈 最终报告: 基于标准交叉熵损失的指标
2025-08-21 20:24:58 | INFO     |       → 目的：提供可信、可比较的性能指标
2025-08-21 20:24:58 | INFO     | ================================================================================

2025-08-21 20:24:58 | INFO     | 🔄 梯度累积配置: 每2轮累积一次梯度
2025-08-21 20:24:58 | INFO     |    实际batch_size: 4
2025-08-21 20:24:58 | INFO     |    有效batch_size: 8
2025-08-21 20:39:25 | INFO     | Epoch 1:
2025-08-21 20:39:25 | INFO     |   训练指标:
2025-08-21 20:39:25 | INFO     |     损失(ce): 2.866636
2025-08-21 20:39:25 | INFO     |     准确率: 0.161133
2025-08-21 20:39:25 | INFO     |     学习率: 0.00010000
2025-08-21 20:39:25 | INFO     |   验证指标(标准CE):
2025-08-21 20:39:25 | INFO     |     损失: 1.926925
2025-08-21 20:39:25 | INFO     |     准确率: 0.367292
2025-08-21 20:39:25 | INFO     |     F1(macro): 0.286808
2025-08-21 20:39:25 | INFO     |     F1(weighted): 0.286693
2025-08-21 20:39:25 | INFO     |     精确率: 0.334948
2025-08-21 20:39:25 | INFO     |     召回率: 0.366375
2025-08-21 20:39:25 | INFO     |   学习率调度器: f1_based
2025-08-21 20:39:25 | INFO     | ------------------------------------------------------------
2025-08-21 20:39:25 | INFO     | Epoch   1 | Train: Loss=2.8666, Acc=0.1611 | Val: Loss=1.9269, Acc=0.3673, F1=0.2867 | LR=0.000100 🏆 [最佳模型]
2025-08-21 20:45:05 | INFO     | Epoch 2:
2025-08-21 20:45:05 | INFO     |   训练指标:
2025-08-21 20:45:05 | INFO     |     损失(ce): 1.672907
2025-08-21 20:45:05 | INFO     |     准确率: 0.450369
2025-08-21 20:45:05 | INFO     |     学习率: 0.00010000
2025-08-21 20:45:05 | INFO     |   验证指标(标准CE):
2025-08-21 20:45:05 | INFO     |     损失: 1.269978
2025-08-21 20:45:05 | INFO     |     准确率: 0.579088
2025-08-21 20:45:05 | INFO     |     F1(macro): 0.552751
2025-08-21 20:45:05 | INFO     |     F1(weighted): 0.539525
2025-08-21 20:45:05 | INFO     |     精确率: 0.627156
2025-08-21 20:45:05 | INFO     |     召回率: 0.593462
2025-08-21 20:45:05 | INFO     |   学习率调度器: f1_based
2025-08-21 20:45:05 | INFO     | ------------------------------------------------------------
2025-08-21 20:45:05 | INFO     | Epoch   2 | Train: Loss=1.6729, Acc=0.4504 | Val: Loss=1.2700, Acc=0.5791, F1=0.5395 | LR=0.000100 🏆 [最佳模型]
2025-08-21 20:49:35 | INFO     | Epoch 3:
2025-08-21 20:49:35 | INFO     |   训练指标:
2025-08-21 20:49:35 | INFO     |     损失(ce): 1.166306
2025-08-21 20:49:35 | INFO     |     准确率: 0.625084
2025-08-21 20:49:35 | INFO     |     学习率: 0.00010000
2025-08-21 20:49:35 | INFO     |   验证指标(标准CE):
2025-08-21 20:49:35 | INFO     |     损失: 1.438526
2025-08-21 20:49:35 | INFO     |     准确率: 0.579088
2025-08-21 20:49:35 | INFO     |     F1(macro): 0.562020
2025-08-21 20:49:35 | INFO     |     F1(weighted): 0.553148
2025-08-21 20:49:35 | INFO     |     精确率: 0.633711
2025-08-21 20:49:35 | INFO     |     召回率: 0.586628
2025-08-21 20:49:35 | INFO     |   学习率调度器: f1_based
2025-08-21 20:49:35 | INFO     | ------------------------------------------------------------
2025-08-21 20:49:35 | INFO     | Epoch   3 | Train: Loss=1.1663, Acc=0.6251 | Val: Loss=1.4385, Acc=0.5791, F1=0.5531 | LR=0.000100 🏆 [最佳模型]
2025-08-21 20:54:05 | INFO     | Epoch 4:
2025-08-21 20:54:05 | INFO     |   训练指标:
2025-08-21 20:54:05 | INFO     |     损失(ce): 0.878534
2025-08-21 20:54:05 | INFO     |     准确率: 0.727867
2025-08-21 20:54:05 | INFO     |     学习率: 0.00010000
2025-08-21 20:54:05 | INFO     |   验证指标(标准CE):
2025-08-21 20:54:05 | INFO     |     损失: 0.692181
2025-08-21 20:54:05 | INFO     |     准确率: 0.779491
2025-08-21 20:54:05 | INFO     |     F1(macro): 0.768636
2025-08-21 20:54:05 | INFO     |     F1(weighted): 0.764711
2025-08-21 20:54:05 | INFO     |     精确率: 0.805697
2025-08-21 20:54:05 | INFO     |     召回率: 0.782821
2025-08-21 20:54:05 | INFO     |   学习率调度器: f1_based
2025-08-21 20:54:05 | INFO     | ------------------------------------------------------------
2025-08-21 20:54:05 | INFO     | Epoch   4 | Train: Loss=0.8785, Acc=0.7279 | Val: Loss=0.6922, Acc=0.7795, F1=0.7647 | LR=0.000100 🏆 [最佳模型]
2025-08-21 20:58:35 | INFO     | Epoch 5:
2025-08-21 20:58:35 | INFO     |   训练指标:
2025-08-21 20:58:35 | INFO     |     损失(ce): 0.703523
2025-08-21 20:58:35 | INFO     |     准确率: 0.778840
2025-08-21 20:58:35 | INFO     |     学习率: 0.00010000
2025-08-21 20:58:35 | INFO     |   验证指标(标准CE):
2025-08-21 20:58:35 | INFO     |     损失: 0.638978
2025-08-21 20:58:35 | INFO     |     准确率: 0.794906
2025-08-21 20:58:35 | INFO     |     F1(macro): 0.780205
2025-08-21 20:58:35 | INFO     |     F1(weighted): 0.780691
2025-08-21 20:58:35 | INFO     |     精确率: 0.814365
2025-08-21 20:58:35 | INFO     |     召回率: 0.794452
2025-08-21 20:58:35 | INFO     |   学习率调度器: f1_based
2025-08-21 20:58:35 | INFO     | ------------------------------------------------------------
2025-08-21 20:58:35 | INFO     | Epoch   5 | Train: Loss=0.7035, Acc=0.7788 | Val: Loss=0.6390, Acc=0.7949, F1=0.7807 | LR=0.000100 🏆 [最佳模型]
2025-08-21 21:03:07 | INFO     | Epoch 6:
2025-08-21 21:03:07 | INFO     |   训练指标:
2025-08-21 21:03:07 | INFO     |     损失(ce): 0.617196
2025-08-21 21:03:07 | INFO     |     准确率: 0.806841
2025-08-21 21:03:07 | INFO     |     学习率: 0.00010000
2025-08-21 21:03:07 | INFO     |   验证指标(标准CE):
2025-08-21 21:03:07 | INFO     |     损失: 0.412940
2025-08-21 21:03:07 | INFO     |     准确率: 0.884718
2025-08-21 21:03:07 | INFO     |     F1(macro): 0.884722
2025-08-21 21:03:07 | INFO     |     F1(weighted): 0.882440
2025-08-21 21:03:07 | INFO     |     精确率: 0.931499
2025-08-21 21:03:07 | INFO     |     召回率: 0.889880
2025-08-21 21:03:07 | INFO     |   学习率调度器: f1_based
2025-08-21 21:03:07 | INFO     | ------------------------------------------------------------
2025-08-21 21:03:07 | INFO     | Epoch   6 | Train: Loss=0.6172, Acc=0.8068 | Val: Loss=0.4129, Acc=0.8847, F1=0.8824 | LR=0.000100 🏆 [最佳模型]
2025-08-21 21:07:34 | INFO     | Epoch 7:
2025-08-21 21:07:34 | INFO     |   训练指标:
2025-08-21 21:07:34 | INFO     |     损失(ce): 0.540579
2025-08-21 21:07:34 | INFO     |     准确率: 0.824614
2025-08-21 21:07:34 | INFO     |     学习率: 0.00010000
2025-08-21 21:07:34 | INFO     |   验证指标(标准CE):
2025-08-21 21:07:34 | INFO     |     损失: 0.441676
2025-08-21 21:07:34 | INFO     |     准确率: 0.860590
2025-08-21 21:07:34 | INFO     |     F1(macro): 0.861876
2025-08-21 21:07:34 | INFO     |     F1(weighted): 0.859767
2025-08-21 21:07:34 | INFO     |     精确率: 0.900260
2025-08-21 21:07:34 | INFO     |     召回率: 0.863911
2025-08-21 21:07:34 | INFO     |   学习率调度器: f1_based
2025-08-21 21:07:34 | INFO     | ------------------------------------------------------------
2025-08-21 21:07:34 | INFO     | Epoch   7 | Train: Loss=0.5406, Acc=0.8246 | Val: Loss=0.4417, Acc=0.8606, F1=0.8598 | LR=0.000100 
2025-08-21 21:12:00 | INFO     | Epoch 8:
2025-08-21 21:12:00 | INFO     |   训练指标:
2025-08-21 21:12:00 | INFO     |     损失(ce): 0.521450
2025-08-21 21:12:00 | INFO     |     准确率: 0.836687
2025-08-21 21:12:00 | INFO     |     学习率: 0.00010000
2025-08-21 21:12:00 | INFO     |   验证指标(标准CE):
2025-08-21 21:12:00 | INFO     |     损失: 0.609264
2025-08-21 21:12:00 | INFO     |     准确率: 0.798928
2025-08-21 21:12:00 | INFO     |     F1(macro): 0.808018
2025-08-21 21:12:00 | INFO     |     F1(weighted): 0.803907
2025-08-21 21:12:00 | INFO     |     精确率: 0.847415
2025-08-21 21:12:00 | INFO     |     召回率: 0.805058
2025-08-21 21:12:00 | INFO     |   学习率调度器: f1_based
2025-08-21 21:12:00 | INFO     | ------------------------------------------------------------
2025-08-21 21:12:00 | INFO     | Epoch   8 | Train: Loss=0.5214, Acc=0.8367 | Val: Loss=0.6093, Acc=0.7989, F1=0.8039 | LR=0.000100 
2025-08-21 21:16:25 | INFO     | Epoch 9:
2025-08-21 21:16:25 | INFO     |   训练指标:
2025-08-21 21:16:25 | INFO     |     损失(ce): 0.460352
2025-08-21 21:16:25 | INFO     |     准确率: 0.854292
2025-08-21 21:16:25 | INFO     |     学习率: 0.00010000
2025-08-21 21:16:25 | INFO     |   验证指标(标准CE):
2025-08-21 21:16:25 | INFO     |     损失: 0.391712
2025-08-21 21:16:25 | INFO     |     准确率: 0.874665
2025-08-21 21:16:25 | INFO     |     F1(macro): 0.883026
2025-08-21 21:16:25 | INFO     |     F1(weighted): 0.881413
2025-08-21 21:16:25 | INFO     |     精确率: 0.921833
2025-08-21 21:16:25 | INFO     |     召回率: 0.877996
2025-08-21 21:16:25 | INFO     |   学习率调度器: f1_based
2025-08-21 21:16:25 | INFO     | ------------------------------------------------------------
2025-08-21 21:16:25 | INFO     | Epoch   9 | Train: Loss=0.4604, Acc=0.8543 | Val: Loss=0.3917, Acc=0.8747, F1=0.8814 | LR=0.000100 
2025-08-21 21:20:50 | INFO     | Epoch 10:
2025-08-21 21:20:50 | INFO     |   训练指标:
2025-08-21 21:20:50 | INFO     |     损失(ce): 0.432337
2025-08-21 21:20:50 | INFO     |     准确率: 0.859826
2025-08-21 21:20:50 | INFO     |     学习率: 0.00010000
2025-08-21 21:20:50 | INFO     |   验证指标(标准CE):
2025-08-21 21:20:50 | INFO     |     损失: 0.396919
2025-08-21 21:20:50 | INFO     |     准确率: 0.858579
2025-08-21 21:20:50 | INFO     |     F1(macro): 0.861348
2025-08-21 21:20:50 | INFO     |     F1(weighted): 0.856773
2025-08-21 21:20:50 | INFO     |     精确率: 0.881194
2025-08-21 21:20:50 | INFO     |     召回率: 0.865414
2025-08-21 21:20:50 | INFO     |   学习率调度器: f1_based
2025-08-21 21:20:50 | INFO     | ------------------------------------------------------------
2025-08-21 21:20:50 | INFO     | Epoch  10 | Train: Loss=0.4323, Acc=0.8598 | Val: Loss=0.3969, Acc=0.8586, F1=0.8568 | LR=0.000100 
2025-08-21 21:25:14 | INFO     | Epoch 11:
2025-08-21 21:25:14 | INFO     |   训练指标:
2025-08-21 21:25:14 | INFO     |     损失(ce): 0.433399
2025-08-21 21:25:14 | INFO     |     准确率: 0.863850
2025-08-21 21:25:14 | INFO     |     学习率: 0.00010000
2025-08-21 21:25:14 | INFO     |   验证指标(标准CE):
2025-08-21 21:25:14 | INFO     |     损失: 0.452696
2025-08-21 21:25:14 | INFO     |     准确率: 0.848525
2025-08-21 21:25:14 | INFO     |     F1(macro): 0.859936
2025-08-21 21:25:14 | INFO     |     F1(weighted): 0.858046
2025-08-21 21:25:14 | INFO     |     精确率: 0.894366
2025-08-21 21:25:14 | INFO     |     召回率: 0.851437
2025-08-21 21:25:14 | INFO     |   学习率调度器: f1_based
2025-08-21 21:25:14 | INFO     | ------------------------------------------------------------
2025-08-21 21:25:14 | INFO     | Epoch  11 | Train: Loss=0.4334, Acc=0.8638 | Val: Loss=0.4527, Acc=0.8485, F1=0.8580 | LR=0.000100 
2025-08-21 21:29:38 | INFO     | Epoch 12:
2025-08-21 21:29:38 | INFO     |   训练指标:
2025-08-21 21:29:38 | INFO     |     损失(ce): 0.409027
2025-08-21 21:29:38 | INFO     |     准确率: 0.873239
2025-08-21 21:29:38 | INFO     |     学习率: 0.00010000
2025-08-21 21:29:38 | INFO     |   验证指标(标准CE):
2025-08-21 21:29:38 | INFO     |     损失: 0.286603
2025-08-21 21:29:38 | INFO     |     准确率: 0.916220
2025-08-21 21:29:38 | INFO     |     F1(macro): 0.925988
2025-08-21 21:29:38 | INFO     |     F1(weighted): 0.923781
2025-08-21 21:29:38 | INFO     |     精确率: 0.949044
2025-08-21 21:29:38 | INFO     |     召回率: 0.920905
2025-08-21 21:29:38 | INFO     |   学习率调度器: f1_based
2025-08-21 21:29:38 | INFO     | ------------------------------------------------------------
2025-08-21 21:29:38 | INFO     | Epoch  12 | Train: Loss=0.4090, Acc=0.8732 | Val: Loss=0.2866, Acc=0.9162, F1=0.9238 | LR=0.000100 🏆 [最佳模型]
2025-08-21 21:34:03 | INFO     | Epoch 13:
2025-08-21 21:34:03 | INFO     |   训练指标:
2025-08-21 21:34:03 | INFO     |     损失(ce): 0.385725
2025-08-21 21:34:03 | INFO     |     准确率: 0.877431
2025-08-21 21:34:03 | INFO     |     学习率: 0.00010000
2025-08-21 21:34:03 | INFO     |   验证指标(标准CE):
2025-08-21 21:34:03 | INFO     |     损失: 0.383473
2025-08-21 21:34:03 | INFO     |     准确率: 0.882038
2025-08-21 21:34:03 | INFO     |     F1(macro): 0.889117
2025-08-21 21:34:03 | INFO     |     F1(weighted): 0.886500
2025-08-21 21:34:03 | INFO     |     精确率: 0.921892
2025-08-21 21:34:03 | INFO     |     召回率: 0.887546
2025-08-21 21:34:03 | INFO     |   学习率调度器: f1_based
2025-08-21 21:34:03 | INFO     | ------------------------------------------------------------
2025-08-21 21:34:03 | INFO     | Epoch  13 | Train: Loss=0.3857, Acc=0.8774 | Val: Loss=0.3835, Acc=0.8820, F1=0.8865 | LR=0.000100 
2025-08-21 21:38:28 | INFO     | Epoch 14:
2025-08-21 21:38:28 | INFO     |   训练指标:
2025-08-21 21:38:28 | INFO     |     损失(ce): 0.376223
2025-08-21 21:38:28 | INFO     |     准确率: 0.881455
2025-08-21 21:38:28 | INFO     |     学习率: 0.00010000
2025-08-21 21:38:28 | INFO     |   验证指标(标准CE):
2025-08-21 21:38:28 | INFO     |     损失: 0.320493
2025-08-21 21:38:28 | INFO     |     准确率: 0.890080
2025-08-21 21:38:28 | INFO     |     F1(macro): 0.897846
2025-08-21 21:38:28 | INFO     |     F1(weighted): 0.895736
2025-08-21 21:38:28 | INFO     |     精确率: 0.938986
2025-08-21 21:38:28 | INFO     |     召回率: 0.895008
2025-08-21 21:38:28 | INFO     |   学习率调度器: f1_based
2025-08-21 21:38:28 | INFO     | ------------------------------------------------------------
2025-08-21 21:38:28 | INFO     | Epoch  14 | Train: Loss=0.3762, Acc=0.8815 | Val: Loss=0.3205, Acc=0.8901, F1=0.8957 | LR=0.000100 
2025-08-21 21:42:52 | INFO     | Epoch 15:
2025-08-21 21:42:52 | INFO     |   训练指标:
2025-08-21 21:42:52 | INFO     |     损失(ce): 0.364120
2025-08-21 21:42:52 | INFO     |     准确率: 0.891683
2025-08-21 21:42:52 | INFO     |     学习率: 0.00010000
2025-08-21 21:42:52 | INFO     |   验证指标(标准CE):
2025-08-21 21:42:52 | INFO     |     损失: 0.317216
2025-08-21 21:42:52 | INFO     |     准确率: 0.899464
2025-08-21 21:42:52 | INFO     |     F1(macro): 0.907206
2025-08-21 21:42:52 | INFO     |     F1(weighted): 0.903460
2025-08-21 21:42:52 | INFO     |     精确率: 0.926374
2025-08-21 21:42:52 | INFO     |     召回率: 0.905098
2025-08-21 21:42:52 | INFO     |   学习率调度器: f1_based
2025-08-21 21:42:52 | INFO     | ------------------------------------------------------------
2025-08-21 21:42:52 | INFO     | Epoch  15 | Train: Loss=0.3641, Acc=0.8917 | Val: Loss=0.3172, Acc=0.8995, F1=0.9035 | LR=0.000100 
2025-08-21 21:47:17 | INFO     | Epoch 16:
2025-08-21 21:47:17 | INFO     |   训练指标:
2025-08-21 21:47:17 | INFO     |     损失(ce): 0.348089
2025-08-21 21:47:17 | INFO     |     准确率: 0.894031
2025-08-21 21:47:17 | INFO     |     学习率: 0.00010000
2025-08-21 21:47:17 | INFO     |   验证指标(标准CE):
2025-08-21 21:47:17 | INFO     |     损失: 0.274107
2025-08-21 21:47:17 | INFO     |     准确率: 0.905496
2025-08-21 21:47:17 | INFO     |     F1(macro): 0.914158
2025-08-21 21:47:17 | INFO     |     F1(weighted): 0.910723
2025-08-21 21:47:17 | INFO     |     精确率: 0.933110
2025-08-21 21:47:17 | INFO     |     召回率: 0.910547
2025-08-21 21:47:17 | INFO     |   学习率调度器: f1_based
2025-08-21 21:47:17 | INFO     | ------------------------------------------------------------
2025-08-21 21:47:17 | INFO     | Epoch  16 | Train: Loss=0.3481, Acc=0.8940 | Val: Loss=0.2741, Acc=0.9055, F1=0.9107 | LR=0.000100 
2025-08-21 21:51:41 | INFO     | Epoch 17:
2025-08-21 21:51:41 | INFO     |   训练指标:
2025-08-21 21:51:41 | INFO     |     损失(ce): 0.356889
2025-08-21 21:51:41 | INFO     |     准确率: 0.894199
2025-08-21 21:51:41 | INFO     |     学习率: 0.00010000
2025-08-21 21:51:41 | INFO     |   验证指标(标准CE):
2025-08-21 21:51:41 | INFO     |     损失: 0.301001
2025-08-21 21:51:41 | INFO     |     准确率: 0.910188
2025-08-21 21:51:41 | INFO     |     F1(macro): 0.915681
2025-08-21 21:51:41 | INFO     |     F1(weighted): 0.914091
2025-08-21 21:51:41 | INFO     |     精确率: 0.936589
2025-08-21 21:51:41 | INFO     |     召回率: 0.914835
2025-08-21 21:51:41 | INFO     |   学习率调度器: f1_based
2025-08-21 21:51:41 | INFO     | ------------------------------------------------------------
2025-08-21 21:51:41 | INFO     | Epoch  17 | Train: Loss=0.3569, Acc=0.8942 | Val: Loss=0.3010, Acc=0.9102, F1=0.9141 | LR=0.000100 
2025-08-21 21:56:06 | INFO     | Epoch 18:
2025-08-21 21:56:06 | INFO     |   训练指标:
2025-08-21 21:56:06 | INFO     |     损失(ce): 0.348894
2025-08-21 21:56:06 | INFO     |     准确率: 0.896211
2025-08-21 21:56:06 | INFO     |     学习率: 0.00010000
2025-08-21 21:56:06 | INFO     |   验证指标(标准CE):
2025-08-21 21:56:06 | INFO     |     损失: 0.321576
2025-08-21 21:56:06 | INFO     |     准确率: 0.912198
2025-08-21 21:56:06 | INFO     |     F1(macro): 0.915728
2025-08-21 21:56:06 | INFO     |     F1(weighted): 0.914459
2025-08-21 21:56:06 | INFO     |     精确率: 0.943990
2025-08-21 21:56:06 | INFO     |     召回率: 0.913371
2025-08-21 21:56:06 | INFO     |   学习率调度器: f1_based
2025-08-21 21:56:06 | INFO     | ------------------------------------------------------------
2025-08-21 21:56:06 | INFO     | Epoch  18 | Train: Loss=0.3489, Acc=0.8962 | Val: Loss=0.3216, Acc=0.9122, F1=0.9145 | LR=0.000100 
2025-08-21 22:00:30 | INFO     | Epoch 19:
2025-08-21 22:00:30 | INFO     |   训练指标:
2025-08-21 22:00:30 | INFO     |     损失(ce): 0.341137
2025-08-21 22:00:30 | INFO     |     准确率: 0.901073
2025-08-21 22:00:30 | INFO     |     学习率: 0.00010000
2025-08-21 22:00:30 | INFO     |   验证指标(标准CE):
2025-08-21 22:00:30 | INFO     |     损失: 0.227773
2025-08-21 22:00:30 | INFO     |     准确率: 0.941019
2025-08-21 22:00:30 | INFO     |     F1(macro): 0.946355
2025-08-21 22:00:30 | INFO     |     F1(weighted): 0.943040
2025-08-21 22:00:30 | INFO     |     精确率: 0.957476
2025-08-21 22:00:30 | INFO     |     召回率: 0.943626
2025-08-21 22:00:30 | INFO     |   学习率调度器: f1_based
2025-08-21 22:00:30 | INFO     | ------------------------------------------------------------
2025-08-21 22:00:30 | INFO     | Epoch  19 | Train: Loss=0.3411, Acc=0.9011 | Val: Loss=0.2278, Acc=0.9410, F1=0.9430 | LR=0.000100 🏆 [最佳模型]
2025-08-21 22:04:55 | INFO     | Epoch 20:
2025-08-21 22:04:55 | INFO     |   训练指标:
2025-08-21 22:04:55 | INFO     |     损失(ce): 0.321179
2025-08-21 22:04:55 | INFO     |     准确率: 0.902582
2025-08-21 22:04:55 | INFO     |     学习率: 0.00010000
2025-08-21 22:04:55 | INFO     |   验证指标(标准CE):
2025-08-21 22:04:55 | INFO     |     损失: 1.040037
2025-08-21 22:04:55 | INFO     |     准确率: 0.699062
2025-08-21 22:04:55 | INFO     |     F1(macro): 0.715190
2025-08-21 22:04:55 | INFO     |     F1(weighted): 0.711739
2025-08-21 22:04:55 | INFO     |     精确率: 0.799618
2025-08-21 22:04:55 | INFO     |     召回率: 0.705644
2025-08-21 22:04:55 | INFO     |   学习率调度器: f1_based
2025-08-21 22:04:55 | INFO     | ------------------------------------------------------------
2025-08-21 22:04:55 | INFO     | Epoch  20 | Train: Loss=0.3212, Acc=0.9026 | Val: Loss=1.0400, Acc=0.6991, F1=0.7117 | LR=0.000100 
2025-08-21 22:09:18 | INFO     | Epoch 21:
2025-08-21 22:09:18 | INFO     |   训练指标:
2025-08-21 22:09:18 | INFO     |     损失(ce): 0.297643
2025-08-21 22:09:18 | INFO     |     准确率: 0.910798
2025-08-21 22:09:18 | INFO     |     学习率: 0.00010000
2025-08-21 22:09:18 | INFO     |   验证指标(标准CE):
2025-08-21 22:09:18 | INFO     |     损失: 0.266308
2025-08-21 22:09:18 | INFO     |     准确率: 0.926944
2025-08-21 22:09:18 | INFO     |     F1(macro): 0.931335
2025-08-21 22:09:18 | INFO     |     F1(weighted): 0.928519
2025-08-21 22:09:18 | INFO     |     精确率: 0.949198
2025-08-21 22:09:18 | INFO     |     召回率: 0.931103
2025-08-21 22:09:18 | INFO     |   学习率调度器: f1_based
2025-08-21 22:09:18 | INFO     | ------------------------------------------------------------
2025-08-21 22:09:18 | INFO     | Epoch  21 | Train: Loss=0.2976, Acc=0.9108 | Val: Loss=0.2663, Acc=0.9269, F1=0.9285 | LR=0.000100 
2025-08-21 22:13:41 | INFO     | Epoch 22:
2025-08-21 22:13:41 | INFO     |   训练指标:
2025-08-21 22:13:41 | INFO     |     损失(ce): 0.307041
2025-08-21 22:13:41 | INFO     |     准确率: 0.910630
2025-08-21 22:13:41 | INFO     |     学习率: 0.00010000
2025-08-21 22:13:41 | INFO     |   验证指标(标准CE):
2025-08-21 22:13:41 | INFO     |     损失: 0.295911
2025-08-21 22:13:41 | INFO     |     准确率: 0.915550
2025-08-21 22:13:41 | INFO     |     F1(macro): 0.922849
2025-08-21 22:13:41 | INFO     |     F1(weighted): 0.920074
2025-08-21 22:13:41 | INFO     |     精确率: 0.945708
2025-08-21 22:13:41 | INFO     |     召回率: 0.919884
2025-08-21 22:13:41 | INFO     |   学习率调度器: f1_based
2025-08-21 22:13:41 | INFO     | ------------------------------------------------------------
2025-08-21 22:13:41 | INFO     | Epoch  22 | Train: Loss=0.3070, Acc=0.9106 | Val: Loss=0.2959, Acc=0.9155, F1=0.9201 | LR=0.000100 
2025-08-21 22:18:04 | INFO     | Epoch 23:
2025-08-21 22:18:04 | INFO     |   训练指标:
2025-08-21 22:18:04 | INFO     |     损失(ce): 0.293548
2025-08-21 22:18:04 | INFO     |     准确率: 0.913649
2025-08-21 22:18:04 | INFO     |     学习率: 0.00010000
2025-08-21 22:18:04 | INFO     |   验证指标(标准CE):
2025-08-21 22:18:04 | INFO     |     损失: 0.282515
2025-08-21 22:18:04 | INFO     |     准确率: 0.913539
2025-08-21 22:18:04 | INFO     |     F1(macro): 0.918876
2025-08-21 22:18:04 | INFO     |     F1(weighted): 0.916065
2025-08-21 22:18:04 | INFO     |     精确率: 0.927854
2025-08-21 22:18:04 | INFO     |     召回率: 0.917086
2025-08-21 22:18:04 | INFO     |   学习率调度器: f1_based
2025-08-21 22:18:04 | INFO     | ------------------------------------------------------------
2025-08-21 22:18:04 | INFO     | Epoch  23 | Train: Loss=0.2935, Acc=0.9136 | Val: Loss=0.2825, Acc=0.9135, F1=0.9161 | LR=0.000100 
2025-08-21 22:22:28 | INFO     | Epoch 24:
2025-08-21 22:22:28 | INFO     |   训练指标:
2025-08-21 22:22:28 | INFO     |     损失(ce): 0.328467
2025-08-21 22:22:28 | INFO     |     准确率: 0.908786
2025-08-21 22:22:28 | INFO     |     学习率: 0.00010000
2025-08-21 22:22:28 | INFO     |   验证指标(标准CE):
2025-08-21 22:22:28 | INFO     |     损失: 0.296415
2025-08-21 22:22:28 | INFO     |     准确率: 0.901475
2025-08-21 22:22:28 | INFO     |     F1(macro): 0.904988
2025-08-21 22:22:28 | INFO     |     F1(weighted): 0.903435
2025-08-21 22:22:28 | INFO     |     精确率: 0.924811
2025-08-21 22:22:28 | INFO     |     召回率: 0.902375
2025-08-21 22:22:28 | INFO     |   学习率调度器: f1_based
2025-08-21 22:22:28 | INFO     | ------------------------------------------------------------
2025-08-21 22:22:28 | INFO     | Epoch  24 | Train: Loss=0.3285, Acc=0.9088 | Val: Loss=0.2964, Acc=0.9015, F1=0.9034 | LR=0.000100 
2025-08-21 22:26:51 | INFO     | Epoch 25:
2025-08-21 22:26:51 | INFO     |   训练指标:
2025-08-21 22:26:51 | INFO     |     损失(ce): 0.315839
2025-08-21 22:26:51 | INFO     |     准确率: 0.911133
2025-08-21 22:26:51 | INFO     |     学习率: 0.00010000
2025-08-21 22:26:51 | INFO     |   验证指标(标准CE):
2025-08-21 22:26:51 | INFO     |     损失: 0.344263
2025-08-21 22:26:51 | INFO     |     准确率: 0.906836
2025-08-21 22:26:51 | INFO     |     F1(macro): 0.910418
2025-08-21 22:26:51 | INFO     |     F1(weighted): 0.908422
2025-08-21 22:26:51 | INFO     |     精确率: 0.937295
2025-08-21 22:26:51 | INFO     |     召回率: 0.911470
2025-08-21 22:26:51 | INFO     |   学习率调度器: f1_based
2025-08-21 22:26:51 | INFO     | ------------------------------------------------------------
2025-08-21 22:26:51 | INFO     | Epoch  25 | Train: Loss=0.3158, Acc=0.9111 | Val: Loss=0.3443, Acc=0.9068, F1=0.9084 | LR=0.000100 
2025-08-21 22:31:14 | INFO     | Epoch 26:
2025-08-21 22:31:14 | INFO     |   训练指标:
2025-08-21 22:31:14 | INFO     |     损失(ce): 0.260096
2025-08-21 22:31:14 | INFO     |     准确率: 0.925218
2025-08-21 22:31:14 | INFO     |     学习率: 0.00010000
2025-08-21 22:31:14 | INFO     |   验证指标(标准CE):
2025-08-21 22:31:14 | INFO     |     损失: 0.231521
2025-08-21 22:31:14 | INFO     |     准确率: 0.930965
2025-08-21 22:31:14 | INFO     |     F1(macro): 0.935180
2025-08-21 22:31:14 | INFO     |     F1(weighted): 0.933684
2025-08-21 22:31:14 | INFO     |     精确率: 0.951898
2025-08-21 22:31:14 | INFO     |     召回率: 0.933845
2025-08-21 22:31:14 | INFO     |   学习率调度器: f1_based
2025-08-21 22:31:14 | INFO     | ------------------------------------------------------------
2025-08-21 22:31:14 | INFO     | Epoch  26 | Train: Loss=0.2601, Acc=0.9252 | Val: Loss=0.2315, Acc=0.9310, F1=0.9337 | LR=0.000100 
2025-08-21 22:35:37 | INFO     | Epoch 27:
2025-08-21 22:35:37 | INFO     |   训练指标:
2025-08-21 22:35:37 | INFO     |     损失(ce): 0.279359
2025-08-21 22:35:37 | INFO     |     准确率: 0.920523
2025-08-21 22:35:37 | INFO     |     学习率: 0.00010000
2025-08-21 22:35:37 | INFO     |   验证指标(标准CE):
2025-08-21 22:35:37 | INFO     |     损失: 0.224449
2025-08-21 22:35:37 | INFO     |     准确率: 0.934987
2025-08-21 22:35:37 | INFO     |     F1(macro): 0.939310
2025-08-21 22:35:37 | INFO     |     F1(weighted): 0.937764
2025-08-21 22:35:37 | INFO     |     精确率: 0.952748
2025-08-21 22:35:37 | INFO     |     召回率: 0.939241
2025-08-21 22:35:37 | INFO     |   学习率调度器: f1_based
2025-08-21 22:35:37 | INFO     | ------------------------------------------------------------
2025-08-21 22:35:37 | INFO     | 🎯 学习率调整事件:
2025-08-21 22:35:37 | INFO     |   调度器类型: f1_based
2025-08-21 22:35:37 | INFO     |   学习率变化: 0.00010000 → 0.00005000
2025-08-21 22:35:37 | INFO     |   触发条件: F1分数 = 0.937764
2025-08-21 22:35:37 | INFO     |   变化幅度: -50.00%
2025-08-21 22:35:37 | INFO     | ------------------------------------------------------------
2025-08-21 22:35:37 | INFO     | Epoch  27 | Train: Loss=0.2794, Acc=0.9205 | Val: Loss=0.2244, Acc=0.9350, F1=0.9378 | LR=0.000050 
2025-08-21 22:40:00 | INFO     | Epoch 28:
2025-08-21 22:40:00 | INFO     |   训练指标:
2025-08-21 22:40:00 | INFO     |     损失(ce): 0.184558
2025-08-21 22:40:00 | INFO     |     准确率: 0.944836
2025-08-21 22:40:00 | INFO     |     学习率: 0.00005000
2025-08-21 22:40:00 | INFO     |   验证指标(标准CE):
2025-08-21 22:40:00 | INFO     |     损失: 0.128707
2025-08-21 22:40:00 | INFO     |     准确率: 0.955094
2025-08-21 22:40:00 | INFO     |     F1(macro): 0.957121
2025-08-21 22:40:00 | INFO     |     F1(weighted): 0.955118
2025-08-21 22:40:00 | INFO     |     精确率: 0.961958
2025-08-21 22:40:00 | INFO     |     召回率: 0.958617
2025-08-21 22:40:00 | INFO     |   学习率调度器: f1_based
2025-08-21 22:40:00 | INFO     | ------------------------------------------------------------
2025-08-21 22:40:00 | INFO     | Epoch  28 | Train: Loss=0.1846, Acc=0.9448 | Val: Loss=0.1287, Acc=0.9551, F1=0.9551 | LR=0.000050 🏆 [最佳模型]
2025-08-21 22:44:23 | INFO     | Epoch 29:
2025-08-21 22:44:23 | INFO     |   训练指标:
2025-08-21 22:44:23 | INFO     |     损失(ce): 0.163902
2025-08-21 22:44:23 | INFO     |     准确率: 0.949531
2025-08-21 22:44:23 | INFO     |     学习率: 0.00005000
2025-08-21 22:44:23 | INFO     |   验证指标(标准CE):
2025-08-21 22:44:23 | INFO     |     损失: 0.177093
2025-08-21 22:44:23 | INFO     |     准确率: 0.942359
2025-08-21 22:44:23 | INFO     |     F1(macro): 0.945583
2025-08-21 22:44:23 | INFO     |     F1(weighted): 0.943174
2025-08-21 22:44:23 | INFO     |     精确率: 0.954169
2025-08-21 22:44:23 | INFO     |     召回率: 0.945448
2025-08-21 22:44:23 | INFO     |   学习率调度器: f1_based
2025-08-21 22:44:23 | INFO     | ------------------------------------------------------------
2025-08-21 22:44:23 | INFO     | Epoch  29 | Train: Loss=0.1639, Acc=0.9495 | Val: Loss=0.1771, Acc=0.9424, F1=0.9432 | LR=0.000050 
2025-08-21 22:48:46 | INFO     | Epoch 30:
2025-08-21 22:48:46 | INFO     |   训练指标:
2025-08-21 22:48:46 | INFO     |     损失(ce): 0.158174
2025-08-21 22:48:46 | INFO     |     准确率: 0.948692
2025-08-21 22:48:46 | INFO     |     学习率: 0.00005000
2025-08-21 22:48:46 | INFO     |   验证指标(标准CE):
2025-08-21 22:48:46 | INFO     |     损失: 0.204915
2025-08-21 22:48:46 | INFO     |     准确率: 0.942359
2025-08-21 22:48:46 | INFO     |     F1(macro): 0.946748
2025-08-21 22:48:46 | INFO     |     F1(weighted): 0.944258
2025-08-21 22:48:46 | INFO     |     精确率: 0.953667
2025-08-21 22:48:46 | INFO     |     召回率: 0.945915
2025-08-21 22:48:46 | INFO     |   学习率调度器: f1_based
2025-08-21 22:48:46 | INFO     | ------------------------------------------------------------
2025-08-21 22:48:46 | INFO     | Epoch  30 | Train: Loss=0.1582, Acc=0.9487 | Val: Loss=0.2049, Acc=0.9424, F1=0.9443 | LR=0.000050 
2025-08-21 22:53:08 | INFO     | Epoch 31:
2025-08-21 22:53:08 | INFO     |   训练指标:
2025-08-21 22:53:08 | INFO     |     损失(ce): 0.164775
2025-08-21 22:53:08 | INFO     |     准确率: 0.951543
2025-08-21 22:53:08 | INFO     |     学习率: 0.00005000
2025-08-21 22:53:08 | INFO     |   验证指标(标准CE):
2025-08-21 22:53:08 | INFO     |     损失: 0.174470
2025-08-21 22:53:08 | INFO     |     准确率: 0.940349
2025-08-21 22:53:08 | INFO     |     F1(macro): 0.943819
2025-08-21 22:53:08 | INFO     |     F1(weighted): 0.941820
2025-08-21 22:53:08 | INFO     |     精确率: 0.950251
2025-08-21 22:53:08 | INFO     |     召回率: 0.942637
2025-08-21 22:53:08 | INFO     |   学习率调度器: f1_based
2025-08-21 22:53:08 | INFO     | ------------------------------------------------------------
2025-08-21 22:53:08 | INFO     | Epoch  31 | Train: Loss=0.1648, Acc=0.9515 | Val: Loss=0.1745, Acc=0.9403, F1=0.9418 | LR=0.000050 
2025-08-21 22:57:31 | INFO     | Epoch 32:
2025-08-21 22:57:31 | INFO     |   训练指标:
2025-08-21 22:57:31 | INFO     |     损失(ce): 0.161049
2025-08-21 22:57:31 | INFO     |     准确率: 0.951878
2025-08-21 22:57:31 | INFO     |     学习率: 0.00005000
2025-08-21 22:57:31 | INFO     |   验证指标(标准CE):
2025-08-21 22:57:31 | INFO     |     损失: 0.148880
2025-08-21 22:57:31 | INFO     |     准确率: 0.951743
2025-08-21 22:57:31 | INFO     |     F1(macro): 0.953688
2025-08-21 22:57:31 | INFO     |     F1(weighted): 0.951942
2025-08-21 22:57:31 | INFO     |     精确率: 0.959100
2025-08-21 22:57:31 | INFO     |     召回率: 0.955263
2025-08-21 22:57:31 | INFO     |   学习率调度器: f1_based
2025-08-21 22:57:31 | INFO     | ------------------------------------------------------------
2025-08-21 22:57:31 | INFO     | Epoch  32 | Train: Loss=0.1610, Acc=0.9519 | Val: Loss=0.1489, Acc=0.9517, F1=0.9519 | LR=0.000050 
2025-08-21 23:01:54 | INFO     | Epoch 33:
2025-08-21 23:01:54 | INFO     |   训练指标:
2025-08-21 23:01:54 | INFO     |     损失(ce): 0.170994
2025-08-21 23:01:54 | INFO     |     准确率: 0.950872
2025-08-21 23:01:54 | INFO     |     学习率: 0.00005000
2025-08-21 23:01:54 | INFO     |   验证指标(标准CE):
2025-08-21 23:01:54 | INFO     |     损失: 0.129374
2025-08-21 23:01:54 | INFO     |     准确率: 0.958445
2025-08-21 23:01:54 | INFO     |     F1(macro): 0.960397
2025-08-21 23:01:54 | INFO     |     F1(weighted): 0.958233
2025-08-21 23:01:54 | INFO     |     精确率: 0.962690
2025-08-21 23:01:54 | INFO     |     召回率: 0.961244
2025-08-21 23:01:54 | INFO     |   学习率调度器: f1_based
2025-08-21 23:01:54 | INFO     | ------------------------------------------------------------
2025-08-21 23:01:54 | INFO     | Epoch  33 | Train: Loss=0.1710, Acc=0.9509 | Val: Loss=0.1294, Acc=0.9584, F1=0.9582 | LR=0.000050 🏆 [最佳模型]
2025-08-21 23:06:17 | INFO     | Epoch 34:
2025-08-21 23:06:17 | INFO     |   训练指标:
2025-08-21 23:06:17 | INFO     |     损失(ce): 0.142418
2025-08-21 23:06:17 | INFO     |     准确率: 0.953890
2025-08-21 23:06:17 | INFO     |     学习率: 0.00005000
2025-08-21 23:06:17 | INFO     |   验证指标(标准CE):
2025-08-21 23:06:17 | INFO     |     损失: 0.139209
2025-08-21 23:06:17 | INFO     |     准确率: 0.958445
2025-08-21 23:06:17 | INFO     |     F1(macro): 0.960444
2025-08-21 23:06:17 | INFO     |     F1(weighted): 0.958739
2025-08-21 23:06:17 | INFO     |     精确率: 0.967008
2025-08-21 23:06:17 | INFO     |     召回率: 0.961316
2025-08-21 23:06:17 | INFO     |   学习率调度器: f1_based
2025-08-21 23:06:17 | INFO     | ------------------------------------------------------------
2025-08-21 23:06:17 | INFO     | Epoch  34 | Train: Loss=0.1424, Acc=0.9539 | Val: Loss=0.1392, Acc=0.9584, F1=0.9587 | LR=0.000050 🏆 [最佳模型]
2025-08-21 23:10:41 | INFO     | Epoch 35:
2025-08-21 23:10:41 | INFO     |   训练指标:
2025-08-21 23:10:41 | INFO     |     损失(ce): 0.167747
2025-08-21 23:10:41 | INFO     |     准确率: 0.950201
2025-08-21 23:10:41 | INFO     |     学习率: 0.00005000
2025-08-21 23:10:41 | INFO     |   验证指标(标准CE):
2025-08-21 23:10:41 | INFO     |     损失: 0.154178
2025-08-21 23:10:41 | INFO     |     准确率: 0.957775
2025-08-21 23:10:41 | INFO     |     F1(macro): 0.959930
2025-08-21 23:10:41 | INFO     |     F1(weighted): 0.958306
2025-08-21 23:10:41 | INFO     |     精确率: 0.965921
2025-08-21 23:10:41 | INFO     |     召回率: 0.959393
2025-08-21 23:10:41 | INFO     |   学习率调度器: f1_based
2025-08-21 23:10:41 | INFO     | ------------------------------------------------------------
2025-08-21 23:10:41 | INFO     | Epoch  35 | Train: Loss=0.1677, Acc=0.9502 | Val: Loss=0.1542, Acc=0.9578, F1=0.9583 | LR=0.000050 
2025-08-21 23:15:03 | INFO     | Epoch 36:
2025-08-21 23:15:03 | INFO     |   训练指标:
2025-08-21 23:15:03 | INFO     |     损失(ce): 0.163279
2025-08-21 23:15:03 | INFO     |     准确率: 0.952381
2025-08-21 23:15:03 | INFO     |     学习率: 0.00005000
2025-08-21 23:15:03 | INFO     |   验证指标(标准CE):
2025-08-21 23:15:03 | INFO     |     损失: 0.173698
2025-08-21 23:15:03 | INFO     |     准确率: 0.946381
2025-08-21 23:15:03 | INFO     |     F1(macro): 0.950442
2025-08-21 23:15:03 | INFO     |     F1(weighted): 0.948615
2025-08-21 23:15:03 | INFO     |     精确率: 0.956935
2025-08-21 23:15:03 | INFO     |     召回率: 0.949326
2025-08-21 23:15:03 | INFO     |   学习率调度器: f1_based
2025-08-21 23:15:03 | INFO     | ------------------------------------------------------------
2025-08-21 23:15:03 | INFO     | Epoch  36 | Train: Loss=0.1633, Acc=0.9524 | Val: Loss=0.1737, Acc=0.9464, F1=0.9486 | LR=0.000050 
2025-08-21 23:19:24 | INFO     | Epoch 37:
2025-08-21 23:19:24 | INFO     |   训练指标:
2025-08-21 23:19:24 | INFO     |     损失(ce): 0.148221
2025-08-21 23:19:24 | INFO     |     准确率: 0.954393
2025-08-21 23:19:24 | INFO     |     学习率: 0.00005000
2025-08-21 23:19:24 | INFO     |   验证指标(标准CE):
2025-08-21 23:19:24 | INFO     |     损失: 0.248165
2025-08-21 23:19:24 | INFO     |     准确率: 0.942359
2025-08-21 23:19:24 | INFO     |     F1(macro): 0.946351
2025-08-21 23:19:24 | INFO     |     F1(weighted): 0.944870
2025-08-21 23:19:24 | INFO     |     精确率: 0.964069
2025-08-21 23:19:24 | INFO     |     召回率: 0.944138
2025-08-21 23:19:24 | INFO     |   学习率调度器: f1_based
2025-08-21 23:19:24 | INFO     | ------------------------------------------------------------
2025-08-21 23:19:24 | INFO     | Epoch  37 | Train: Loss=0.1482, Acc=0.9544 | Val: Loss=0.2482, Acc=0.9424, F1=0.9449 | LR=0.000050 
2025-08-21 23:23:46 | INFO     | Epoch 38:
2025-08-21 23:23:46 | INFO     |   训练指标:
2025-08-21 23:23:46 | INFO     |     损失(ce): 0.157151
2025-08-21 23:23:46 | INFO     |     准确率: 0.957076
2025-08-21 23:23:46 | INFO     |     学习率: 0.00005000
2025-08-21 23:23:46 | INFO     |   验证指标(标准CE):
2025-08-21 23:23:46 | INFO     |     损失: 0.131733
2025-08-21 23:23:46 | INFO     |     准确率: 0.960456
2025-08-21 23:23:46 | INFO     |     F1(macro): 0.961446
2025-08-21 23:23:46 | INFO     |     F1(weighted): 0.960011
2025-08-21 23:23:46 | INFO     |     精确率: 0.966774
2025-08-21 23:23:46 | INFO     |     召回率: 0.962878
2025-08-21 23:23:46 | INFO     |   学习率调度器: f1_based
2025-08-21 23:23:46 | INFO     | ------------------------------------------------------------
2025-08-21 23:23:46 | INFO     | Epoch  38 | Train: Loss=0.1572, Acc=0.9571 | Val: Loss=0.1317, Acc=0.9605, F1=0.9600 | LR=0.000050 🏆 [最佳模型]
2025-08-21 23:28:11 | INFO     | Epoch 39:
2025-08-21 23:28:11 | INFO     |   训练指标:
2025-08-21 23:28:11 | INFO     |     损失(ce): 0.159117
2025-08-21 23:28:11 | INFO     |     准确率: 0.954561
2025-08-21 23:28:11 | INFO     |     学习率: 0.00005000
2025-08-21 23:28:11 | INFO     |   验证指标(标准CE):
2025-08-21 23:28:11 | INFO     |     损失: 0.156769
2025-08-21 23:28:11 | INFO     |     准确率: 0.955094
2025-08-21 23:28:11 | INFO     |     F1(macro): 0.956080
2025-08-21 23:28:11 | INFO     |     F1(weighted): 0.954761
2025-08-21 23:28:11 | INFO     |     精确率: 0.964544
2025-08-21 23:28:11 | INFO     |     召回率: 0.958371
2025-08-21 23:28:11 | INFO     |   学习率调度器: f1_based
2025-08-21 23:28:11 | INFO     | ------------------------------------------------------------
2025-08-21 23:28:11 | INFO     | Epoch  39 | Train: Loss=0.1591, Acc=0.9546 | Val: Loss=0.1568, Acc=0.9551, F1=0.9548 | LR=0.000050 
2025-08-21 23:32:34 | INFO     | Epoch 40:
2025-08-21 23:32:34 | INFO     |   训练指标:
2025-08-21 23:32:34 | INFO     |     损失(ce): 0.144024
2025-08-21 23:32:34 | INFO     |     准确率: 0.954058
2025-08-21 23:32:34 | INFO     |     学习率: 0.00005000
2025-08-21 23:32:34 | INFO     |   验证指标(标准CE):
2025-08-21 23:32:34 | INFO     |     损失: 0.149657
2025-08-21 23:32:34 | INFO     |     准确率: 0.950402
2025-08-21 23:32:34 | INFO     |     F1(macro): 0.953578
2025-08-21 23:32:34 | INFO     |     F1(weighted): 0.951469
2025-08-21 23:32:34 | INFO     |     精确率: 0.961543
2025-08-21 23:32:34 | INFO     |     召回率: 0.953258
2025-08-21 23:32:34 | INFO     |   学习率调度器: f1_based
2025-08-21 23:32:34 | INFO     | ------------------------------------------------------------
2025-08-21 23:32:34 | INFO     | Epoch  40 | Train: Loss=0.1440, Acc=0.9541 | Val: Loss=0.1497, Acc=0.9504, F1=0.9515 | LR=0.000050 
2025-08-21 23:36:56 | INFO     | Epoch 41:
2025-08-21 23:36:56 | INFO     |   训练指标:
2025-08-21 23:36:56 | INFO     |     损失(ce): 0.153215
2025-08-21 23:36:56 | INFO     |     准确率: 0.955567
2025-08-21 23:36:56 | INFO     |     学习率: 0.00005000
2025-08-21 23:36:56 | INFO     |   验证指标(标准CE):
2025-08-21 23:36:56 | INFO     |     损失: 0.194971
2025-08-21 23:36:56 | INFO     |     准确率: 0.948391
2025-08-21 23:36:56 | INFO     |     F1(macro): 0.950569
2025-08-21 23:36:56 | INFO     |     F1(weighted): 0.948788
2025-08-21 23:36:56 | INFO     |     精确率: 0.956881
2025-08-21 23:36:56 | INFO     |     召回率: 0.952250
2025-08-21 23:36:56 | INFO     |   学习率调度器: f1_based
2025-08-21 23:36:56 | INFO     | ------------------------------------------------------------
2025-08-21 23:36:56 | INFO     | Epoch  41 | Train: Loss=0.1532, Acc=0.9556 | Val: Loss=0.1950, Acc=0.9484, F1=0.9488 | LR=0.000050 
2025-08-21 23:41:19 | INFO     | Epoch 42:
2025-08-21 23:41:19 | INFO     |   训练指标:
2025-08-21 23:41:19 | INFO     |     损失(ce): 0.156438
2025-08-21 23:41:19 | INFO     |     准确率: 0.953219
2025-08-21 23:41:19 | INFO     |     学习率: 0.00005000
2025-08-21 23:41:19 | INFO     |   验证指标(标准CE):
2025-08-21 23:41:19 | INFO     |     损失: 0.197231
2025-08-21 23:41:19 | INFO     |     准确率: 0.936997
2025-08-21 23:41:19 | INFO     |     F1(macro): 0.942044
2025-08-21 23:41:19 | INFO     |     F1(weighted): 0.938975
2025-08-21 23:41:19 | INFO     |     精确率: 0.959711
2025-08-21 23:41:19 | INFO     |     召回率: 0.942838
2025-08-21 23:41:19 | INFO     |   学习率调度器: f1_based
2025-08-21 23:41:19 | INFO     | ------------------------------------------------------------
2025-08-21 23:41:19 | INFO     | Epoch  42 | Train: Loss=0.1564, Acc=0.9532 | Val: Loss=0.1972, Acc=0.9370, F1=0.9390 | LR=0.000050 
2025-08-21 23:45:41 | INFO     | Epoch 43:
2025-08-21 23:45:41 | INFO     |   训练指标:
2025-08-21 23:45:41 | INFO     |     损失(ce): 0.140586
2025-08-21 23:45:41 | INFO     |     准确率: 0.961435
2025-08-21 23:45:41 | INFO     |     学习率: 0.00005000
2025-08-21 23:45:41 | INFO     |   验证指标(标准CE):
2025-08-21 23:45:41 | INFO     |     损失: 0.200522
2025-08-21 23:45:41 | INFO     |     准确率: 0.951072
2025-08-21 23:45:41 | INFO     |     F1(macro): 0.953506
2025-08-21 23:45:41 | INFO     |     F1(weighted): 0.951748
2025-08-21 23:45:41 | INFO     |     精确率: 0.961119
2025-08-21 23:45:41 | INFO     |     召回率: 0.955151
2025-08-21 23:45:41 | INFO     |   学习率调度器: f1_based
2025-08-21 23:45:41 | INFO     | ------------------------------------------------------------
2025-08-21 23:45:41 | INFO     | Epoch  43 | Train: Loss=0.1406, Acc=0.9614 | Val: Loss=0.2005, Acc=0.9511, F1=0.9517 | LR=0.000050 
2025-08-21 23:50:03 | INFO     | Epoch 44:
2025-08-21 23:50:03 | INFO     |   训练指标:
2025-08-21 23:50:03 | INFO     |     损失(ce): 0.159802
2025-08-21 23:50:03 | INFO     |     准确率: 0.954225
2025-08-21 23:50:03 | INFO     |     学习率: 0.00005000
2025-08-21 23:50:03 | INFO     |   验证指标(标准CE):
2025-08-21 23:50:03 | INFO     |     损失: 0.150643
2025-08-21 23:50:03 | INFO     |     准确率: 0.956434
2025-08-21 23:50:03 | INFO     |     F1(macro): 0.957511
2025-08-21 23:50:03 | INFO     |     F1(weighted): 0.955461
2025-08-21 23:50:03 | INFO     |     精确率: 0.961888
2025-08-21 23:50:03 | INFO     |     召回率: 0.959881
2025-08-21 23:50:03 | INFO     |   学习率调度器: f1_based
2025-08-21 23:50:03 | INFO     | ------------------------------------------------------------
2025-08-21 23:50:03 | INFO     | Epoch  44 | Train: Loss=0.1598, Acc=0.9542 | Val: Loss=0.1506, Acc=0.9564, F1=0.9555 | LR=0.000050 
2025-08-21 23:54:26 | INFO     | Epoch 45:
2025-08-21 23:54:26 | INFO     |   训练指标:
2025-08-21 23:54:26 | INFO     |     损失(ce): 0.147240
2025-08-21 23:54:26 | INFO     |     准确率: 0.957411
2025-08-21 23:54:26 | INFO     |     学习率: 0.00005000
2025-08-21 23:54:26 | INFO     |   验证指标(标准CE):
2025-08-21 23:54:26 | INFO     |     损失: 0.156402
2025-08-21 23:54:26 | INFO     |     准确率: 0.957775
2025-08-21 23:54:26 | INFO     |     F1(macro): 0.959394
2025-08-21 23:54:26 | INFO     |     F1(weighted): 0.957701
2025-08-21 23:54:26 | INFO     |     精确率: 0.964688
2025-08-21 23:54:26 | INFO     |     召回率: 0.960287
2025-08-21 23:54:26 | INFO     |   学习率调度器: f1_based
2025-08-21 23:54:26 | INFO     | ------------------------------------------------------------
2025-08-21 23:54:26 | INFO     | Epoch  45 | Train: Loss=0.1472, Acc=0.9574 | Val: Loss=0.1564, Acc=0.9578, F1=0.9577 | LR=0.000050 
2025-08-21 23:58:48 | INFO     | Epoch 46:
2025-08-21 23:58:48 | INFO     |   训练指标:
2025-08-21 23:58:48 | INFO     |     损失(ce): 0.152250
2025-08-21 23:58:48 | INFO     |     准确率: 0.957243
2025-08-21 23:58:48 | INFO     |     学习率: 0.00005000
2025-08-21 23:58:48 | INFO     |   验证指标(标准CE):
2025-08-21 23:58:48 | INFO     |     损失: 0.120649
2025-08-21 23:58:48 | INFO     |     准确率: 0.961126
2025-08-21 23:58:48 | INFO     |     F1(macro): 0.962412
2025-08-21 23:58:48 | INFO     |     F1(weighted): 0.960863
2025-08-21 23:58:48 | INFO     |     精确率: 0.965176
2025-08-21 23:58:48 | INFO     |     召回率: 0.964141
2025-08-21 23:58:48 | INFO     |   学习率调度器: f1_based
2025-08-21 23:58:48 | INFO     | ------------------------------------------------------------
2025-08-21 23:58:48 | INFO     | 🎯 学习率调整事件:
2025-08-21 23:58:48 | INFO     |   调度器类型: f1_based
2025-08-21 23:58:48 | INFO     |   学习率变化: 0.00005000 → 0.00002500
2025-08-21 23:58:48 | INFO     |   触发条件: F1分数 = 0.960863
2025-08-21 23:58:48 | INFO     |   变化幅度: -50.00%
2025-08-21 23:58:48 | INFO     | ------------------------------------------------------------
2025-08-21 23:58:48 | INFO     | Epoch  46 | Train: Loss=0.1522, Acc=0.9572 | Val: Loss=0.1206, Acc=0.9611, F1=0.9609 | LR=0.000025 🏆 [最佳模型]
