2025-08-19 16:02:06 | INFO     | ================================================================================
2025-08-19 16:02:06 | INFO     | 实验日志开始: DualGAF_DDAHU_DualGAFNet_film融合对比_sl96_step96_fd128_extractor-dilated_gaf-concat_attention-channel_classifier-mlp_stat-basic_fusion-film
2025-08-19 16:02:06 | INFO     | 日志文件: ./result/0819_1602_DualGAF_DDAHU_DualGAFNet_film融合对比_sl96_step96_fd128_extractor-dilated_gaf-concat_attention-channel_classifier-mlp_stat-basic_fusion-film/training.log
2025-08-19 16:02:06 | INFO     | 开始时间: 2025-08-19 16:02:06
2025-08-19 16:02:06 | INFO     | ================================================================================
2025-08-19 16:02:06 | INFO     | ⚙️ 实验配置:
2025-08-19 16:02:06 | INFO     |    task_name: classification
2025-08-19 16:02:06 | INFO     |    is_training: 1
2025-08-19 16:02:06 | INFO     |    model_id: test
2025-08-19 16:02:06 | INFO     |    model: DualGAFNet
2025-08-19 16:02:06 | INFO     |    data: DualGAF_DDAHU
2025-08-19 16:02:06 | INFO     |    root_path: ./dataset/DDAHU/direct_5_working
2025-08-19 16:02:06 | INFO     |    step: 96
2025-08-19 16:02:06 | INFO     |    checkpoints: ./checkpoints/
2025-08-19 16:02:06 | INFO     |    num_class: 29
2025-08-19 16:02:06 | INFO     |    result_path: ./result/
2025-08-19 16:02:06 | INFO     |    test_size: 0.2
2025-08-19 16:02:06 | INFO     |    rows: None
2025-08-19 16:02:06 | INFO     |    seq_len: 96
2025-08-19 16:02:06 | INFO     |    enc_in: 97
2025-08-19 16:02:06 | INFO     |    d_model: 512
2025-08-19 16:02:06 | INFO     |    n_heads: 8
2025-08-19 16:02:06 | INFO     |    e_layers: 2
2025-08-19 16:02:06 | INFO     |    d_layers: 1
2025-08-19 16:02:06 | INFO     |    d_ff: 2048
2025-08-19 16:02:06 | INFO     |    moving_avg: 25
2025-08-19 16:02:06 | INFO     |    factor: 1
2025-08-19 16:02:06 | INFO     |    distil: True
2025-08-19 16:02:06 | INFO     |    dropout: 0.1
2025-08-19 16:02:06 | INFO     |    embed: timeF
2025-08-19 16:02:06 | INFO     |    activation: gelu
2025-08-19 16:02:06 | INFO     |    use_norm: 1
2025-08-19 16:02:06 | INFO     |    gaf_method: summation
2025-08-19 16:02:06 | INFO     |    feature_dim: 128
2025-08-19 16:02:06 | INFO     |    data_type_method: uint8
2025-08-19 16:02:06 | INFO     |    use_attention: True
2025-08-19 16:02:06 | INFO     |    hidden_dim: 64
2025-08-19 16:02:06 | INFO     |    sample_size: 1000
2025-08-19 16:02:06 | INFO     |    cnn_dropout_rate: 0.3
2025-08-19 16:02:06 | INFO     |    cnn_use_batch_norm: True
2025-08-19 16:02:06 | INFO     |    channel_groups: None
2025-08-19 16:02:06 | INFO     |    hvac_groups: None
2025-08-19 16:02:06 | INFO     |    use_channel_compression: False
2025-08-19 16:02:06 | INFO     |    compression_strategy: signal_compression
2025-08-19 16:02:06 | INFO     |    compression_ratio: 0.7
2025-08-19 16:02:06 | INFO     |    compression_channels: None
2025-08-19 16:02:06 | INFO     |    adaptive_compression_ratios: [0.5, 0.7, 0.8]
2025-08-19 16:02:06 | INFO     |    hvac_group_compression_ratios: None
2025-08-19 16:02:06 | INFO     |    extractor_type: dilated
2025-08-19 16:02:06 | INFO     |    fusion_type: concat
2025-08-19 16:02:06 | INFO     |    attention_type: channel
2025-08-19 16:02:06 | INFO     |    classifier_type: mlp
2025-08-19 16:02:06 | INFO     |    use_statistical_features: True
2025-08-19 16:02:06 | INFO     |    stat_type: basic
2025-08-19 16:02:06 | INFO     |    multimodal_fusion_strategy: film
2025-08-19 16:02:06 | INFO     |    use_signal_level_stats: False
2025-08-19 16:02:06 | INFO     |    signal_stat_type: comprehensive
2025-08-19 16:02:06 | INFO     |    signal_stat_fusion_strategy: concat_project
2025-08-19 16:02:06 | INFO     |    signal_stat_feature_dim: 32
2025-08-19 16:02:06 | INFO     |    use_diff_branch: True
2025-08-19 16:02:06 | INFO     |    ablation_mode: none
2025-08-19 16:02:06 | INFO     |    backbone_type: resnet18
2025-08-19 16:02:06 | INFO     |    use_sum_branch: True
2025-08-19 16:02:06 | INFO     |    num_workers: 0
2025-08-19 16:02:06 | INFO     |    cuda_debug: False
2025-08-19 16:02:06 | INFO     |    gpu_memory_fraction: 0.9
2025-08-19 16:02:06 | INFO     |    safe_mode: True
2025-08-19 16:02:06 | INFO     |    drop_last_batch: True
2025-08-19 16:02:06 | INFO     |    itr: 1
2025-08-19 16:02:06 | INFO     |    train_epochs: 300
2025-08-19 16:02:06 | INFO     |    batch_size: 4
2025-08-19 16:02:06 | INFO     |    patience: 15
2025-08-19 16:02:06 | INFO     |    learning_rate: 0.0001
2025-08-19 16:02:06 | INFO     |    des: film融合对比
2025-08-19 16:02:06 | INFO     |    loss: MSE
2025-08-19 16:02:06 | INFO     |    lradj: type1
2025-08-19 16:02:06 | INFO     |    lr_scheduler_type: f1_based
2025-08-19 16:02:06 | INFO     |    lr_loss_weight: 0.3
2025-08-19 16:02:06 | INFO     |    lr_f1_weight: 0.7
2025-08-19 16:02:06 | INFO     |    use_amp: False
2025-08-19 16:02:06 | INFO     |    gradient_accumulation_steps: 2
2025-08-19 16:02:06 | INFO     |    enable_auto_gradient_accumulation: True
2025-08-19 16:02:06 | INFO     |    loss_type: ce
2025-08-19 16:02:06 | INFO     |    label_smoothing: 0.1
2025-08-19 16:02:06 | INFO     |    focal_alpha: 1.0
2025-08-19 16:02:06 | INFO     |    focal_gamma: 2.0
2025-08-19 16:02:06 | INFO     |    confidence_penalty_beta: 0.1
2025-08-19 16:02:06 | INFO     |    use_timm_loss: True
2025-08-19 16:02:06 | INFO     |    adaptive_initial_smoothing: 0.2
2025-08-19 16:02:06 | INFO     |    adaptive_final_smoothing: 0.05
2025-08-19 16:02:06 | INFO     |    adaptive_decay_epochs: 30
2025-08-19 16:02:06 | INFO     |    enable_class_weights: False
2025-08-19 16:02:06 | INFO     |    class_weights: None
2025-08-19 16:02:06 | INFO     |    loss_preset: None
2025-08-19 16:02:06 | INFO     |    n_jobs: 1
2025-08-19 16:02:06 | INFO     |    use_multiprocessing: False
2025-08-19 16:02:06 | INFO     |    chunk_size: 800
2025-08-19 16:02:06 | INFO     |    disable_parallel: True
2025-08-19 16:02:06 | INFO     |    use_shared_memory: False
2025-08-19 16:02:06 | INFO     |    disable_shared_memory: False
2025-08-19 16:02:06 | INFO     |    use_gpu: True
2025-08-19 16:02:06 | INFO     |    gpu: 0
2025-08-19 16:02:06 | INFO     |    gpu_type: cuda
2025-08-19 16:02:06 | INFO     |    use_multi_gpu: False
2025-08-19 16:02:06 | INFO     |    devices: 0,1,2,3
2025-08-19 16:02:06 | INFO     |    device: cuda:0
2025-08-19 16:02:06 | INFO     |    feature_columns: ['CHWP_GPMC', 'CHWC_VLV_DM', 'CHWC_VLV', 'CHWC_MWT', 'CHWC_LWT', 'VAVCFM_H_DM_SB', 'CHWC_EAH', 'VAV_DAT_SA', 'CHWC_DAT', 'VAV_SP_C_SA', 'HWP_GPMT', 'VAVCFM_C_DM_SB', 'RM_TEMP_W', 'HWP_GPMC', 'VAVCFM_T_SB', 'VAV_DMPR_H_SB', 'HWC_VLV_DM', 'VAVCFM_H_SB', 'HWC_VLV', 'VAV_DMPR_H_E', 'HWC_LWT', 'HWC_MWT', 'VAV_DMPR_C_SB', 'HWC_DAT', 'RM_TEMP_SB', 'CSF_WAT', 'CSF_SPD', 'CSF_DP', 'CSA_TEMP', 'CSA_CFM', 'VAV_EAT_C_SB', 'CSA_HUMD', 'CSA_SP', 'VAVCFM_C_SB', 'VAVCFM_H_W', 'HSF_SPD', 'VAV_EAT_H_SB', 'VAV_DAT_SB', 'RM_TEMP_SA', 'HSF_DP', 'HSA_TEMP', 'VAVCFM_C_DM_W', 'VAVCFM_C_W', 'VAV_DAT_W', 'HSA_SP', 'HSA_CFM', 'VAV_DMPR_H_W', 'HSF_WAT', 'VAVCFM_T_W', 'EA_DMPR_DM', 'RF_WAT', 'VAV_SP_C_W', 'VAV_SP_H_E', 'EA_DMPR', 'VAV_SP_H_SB', 'RF_SPD', 'RA_TEMP', 'RA_HUMD', 'VAV_SP_H_SA', 'VAV_EAT_H_W', 'RF_DP', 'VAV_DMPR_C_SA', 'VAV_SP_C_SB', 'RA_DMPR_DM', 'VAV_DMPR_H_SA', 'VAV_SP_H_W', 'VAVCFM_H_DM_SA', 'RA_DMPR', 'VAV_EAT_C_W', 'VAVCFM_C_DM_SA', 'RA_CFM', 'MA_TEMP', 'VAVCFM_C_SA', 'OA_TEMP', 'VAVCFM_H_SA', 'VAVCFM_H_DM_W', 'OA_HUMD', 'VAVCFM_T_SA', 'OA_DMPR_DM', 'VAV_EAT_C_SA', 'VAV_DMPR_C_W', 'OA_DMPR', 'VAV_EAT_H_SA', 'HSA_HUMD', 'RM_TEMP_E', 'VAV_EAT_H_E', 'VAV_DAT_E', 'VAV_EAT_C_E', 'VAVCFM_T_E', 'VAVCFM_H_E', 'VAV_SP_C_E', 'VAVCFM_C_DM_E', 'OA_CFM', 'VAV_DMPR_C_E', 'VAVCFM_C_E', 'VAVCFM_H_DM_E', 'CHWP_GPMT']
2025-08-19 16:02:06 | INFO     | 🏗️ 模型信息:
2025-08-19 16:02:06 | INFO     |    模型类型: Model
2025-08-19 16:02:06 | INFO     |    总参数数量: 27,029,026
2025-08-19 16:02:06 | INFO     |    可训练参数: 27,029,026
2025-08-19 16:02:06 | INFO     |    模型大小估计: 103.11 MB
2025-08-19 16:02:06 | INFO     | 📊 数据集信息:
2025-08-19 16:02:06 | INFO     |    训练集大小: 5967
2025-08-19 16:02:06 | INFO     |    验证集大小: 1492
2025-08-19 16:02:06 | INFO     | 
================================================================================
2025-08-19 16:02:06 | INFO     | 📋 损失函数使用策略（遵循主流机器学习规范）:
2025-08-19 16:02:06 | INFO     |    🎯 训练阶段: 使用 ce 损失函数
2025-08-19 16:02:06 | INFO     |       → 目的：优化模型参数，解决特定问题（类别不平衡、相似性等）
2025-08-19 16:02:06 | INFO     |    📊 验证阶段: 使用标准交叉熵损失函数
2025-08-19 16:02:06 | INFO     |       → 目的：客观评估模型性能，便于不同方法比较
2025-08-19 16:02:06 | INFO     |    📈 最终报告: 基于标准交叉熵损失的指标
2025-08-19 16:02:06 | INFO     |       → 目的：提供可信、可比较的性能指标
2025-08-19 16:02:06 | INFO     | ================================================================================

2025-08-19 16:02:06 | INFO     | 🔄 梯度累积配置: 每2轮累积一次梯度
2025-08-19 16:02:06 | INFO     |    实际batch_size: 4
2025-08-19 16:02:06 | INFO     |    有效batch_size: 8
2025-08-19 16:08:26 | INFO     | Epoch 1:
2025-08-19 16:08:26 | INFO     |   训练指标:
2025-08-19 16:08:26 | INFO     |     损失(ce): 3.021359
2025-08-19 16:08:26 | INFO     |     准确率: 0.151911
2025-08-19 16:08:26 | INFO     |     学习率: 0.00010000
2025-08-19 16:08:26 | INFO     |   验证指标(标准CE):
2025-08-19 16:08:26 | INFO     |     损失: 2.264277
2025-08-19 16:08:26 | INFO     |     准确率: 0.325067
2025-08-19 16:08:26 | INFO     |     F1(macro): 0.268982
2025-08-19 16:08:26 | INFO     |     F1(weighted): 0.255227
2025-08-19 16:08:26 | INFO     |     精确率: 0.316105
2025-08-19 16:08:26 | INFO     |     召回率: 0.336658
2025-08-19 16:08:26 | INFO     |   学习率调度器: f1_based
2025-08-19 16:08:26 | INFO     | ------------------------------------------------------------
2025-08-19 16:08:26 | INFO     | Epoch   1 | Train: Loss=3.0214, Acc=0.1519 | Val: Loss=2.2643, Acc=0.3251, F1=0.2552 | LR=0.000100 🏆 [最佳模型]
2025-08-19 16:13:27 | INFO     | Epoch 2:
2025-08-19 16:13:27 | INFO     |   训练指标:
2025-08-19 16:13:27 | INFO     |     损失(ce): 1.708007
2025-08-19 16:13:27 | INFO     |     准确率: 0.454728
2025-08-19 16:13:27 | INFO     |     学习率: 0.00010000
2025-08-19 16:13:27 | INFO     |   验证指标(标准CE):
2025-08-19 16:13:27 | INFO     |     损失: 1.299804
2025-08-19 16:13:27 | INFO     |     准确率: 0.550938
2025-08-19 16:13:27 | INFO     |     F1(macro): 0.545735
2025-08-19 16:13:27 | INFO     |     F1(weighted): 0.533212
2025-08-19 16:13:27 | INFO     |     精确率: 0.613883
2025-08-19 16:13:27 | INFO     |     召回率: 0.561848
2025-08-19 16:13:27 | INFO     |   学习率调度器: f1_based
2025-08-19 16:13:27 | INFO     | ------------------------------------------------------------
2025-08-19 16:13:27 | INFO     | Epoch   2 | Train: Loss=1.7080, Acc=0.4547 | Val: Loss=1.2998, Acc=0.5509, F1=0.5332 | LR=0.000100 🏆 [最佳模型]
2025-08-19 16:18:13 | INFO     | Epoch 3:
2025-08-19 16:18:13 | INFO     |   训练指标:
2025-08-19 16:18:13 | INFO     |     损失(ce): 1.047033
2025-08-19 16:18:13 | INFO     |     准确率: 0.631623
2025-08-19 16:18:13 | INFO     |     学习率: 0.00010000
2025-08-19 16:18:13 | INFO     |   验证指标(标准CE):
2025-08-19 16:18:13 | INFO     |     损失: 0.791728
2025-08-19 16:18:13 | INFO     |     准确率: 0.711796
2025-08-19 16:18:13 | INFO     |     F1(macro): 0.711592
2025-08-19 16:18:13 | INFO     |     F1(weighted): 0.703142
2025-08-19 16:18:13 | INFO     |     精确率: 0.750150
2025-08-19 16:18:13 | INFO     |     召回率: 0.721403
2025-08-19 16:18:13 | INFO     |   学习率调度器: f1_based
2025-08-19 16:18:13 | INFO     | ------------------------------------------------------------
2025-08-19 16:18:13 | INFO     | Epoch   3 | Train: Loss=1.0470, Acc=0.6316 | Val: Loss=0.7917, Acc=0.7118, F1=0.7031 | LR=0.000100 🏆 [最佳模型]
2025-08-19 16:22:58 | INFO     | Epoch 4:
2025-08-19 16:22:58 | INFO     |   训练指标:
2025-08-19 16:22:58 | INFO     |     损失(ce): 0.749452
2025-08-19 16:22:58 | INFO     |     准确率: 0.725017
2025-08-19 16:22:58 | INFO     |     学习率: 0.00010000
2025-08-19 16:22:58 | INFO     |   验证指标(标准CE):
2025-08-19 16:22:58 | INFO     |     损失: 0.749292
2025-08-19 16:22:58 | INFO     |     准确率: 0.715147
2025-08-19 16:22:58 | INFO     |     F1(macro): 0.700927
2025-08-19 16:22:58 | INFO     |     F1(weighted): 0.689592
2025-08-19 16:22:58 | INFO     |     精确率: 0.724932
2025-08-19 16:22:58 | INFO     |     召回率: 0.725293
2025-08-19 16:22:58 | INFO     |   学习率调度器: f1_based
2025-08-19 16:22:58 | INFO     | ------------------------------------------------------------
2025-08-19 16:22:58 | INFO     | Epoch   4 | Train: Loss=0.7495, Acc=0.7250 | Val: Loss=0.7493, Acc=0.7151, F1=0.6896 | LR=0.000100 
2025-08-19 16:27:42 | INFO     | Epoch 5:
2025-08-19 16:27:42 | INFO     |   训练指标:
2025-08-19 16:27:42 | INFO     |     损失(ce): 0.632107
2025-08-19 16:27:42 | INFO     |     准确率: 0.769282
2025-08-19 16:27:42 | INFO     |     学习率: 0.00010000
2025-08-19 16:27:42 | INFO     |   验证指标(标准CE):
2025-08-19 16:27:42 | INFO     |     损失: 0.579466
2025-08-19 16:27:42 | INFO     |     准确率: 0.809651
2025-08-19 16:27:42 | INFO     |     F1(macro): 0.808312
2025-08-19 16:27:42 | INFO     |     F1(weighted): 0.805985
2025-08-19 16:27:42 | INFO     |     精确率: 0.841162
2025-08-19 16:27:42 | INFO     |     召回率: 0.809837
2025-08-19 16:27:42 | INFO     |   学习率调度器: f1_based
2025-08-19 16:27:42 | INFO     | ------------------------------------------------------------
2025-08-19 16:27:42 | INFO     | Epoch   5 | Train: Loss=0.6321, Acc=0.7693 | Val: Loss=0.5795, Acc=0.8097, F1=0.8060 | LR=0.000100 🏆 [最佳模型]
2025-08-19 16:32:28 | INFO     | Epoch 6:
2025-08-19 16:32:28 | INFO     |   训练指标:
2025-08-19 16:32:28 | INFO     |     损失(ce): 0.530917
2025-08-19 16:32:28 | INFO     |     准确率: 0.807176
2025-08-19 16:32:28 | INFO     |     学习率: 0.00010000
2025-08-19 16:32:28 | INFO     |   验证指标(标准CE):
2025-08-19 16:32:28 | INFO     |     损失: 0.615467
2025-08-19 16:32:28 | INFO     |     准确率: 0.770107
2025-08-19 16:32:28 | INFO     |     F1(macro): 0.766684
2025-08-19 16:32:28 | INFO     |     F1(weighted): 0.763912
2025-08-19 16:32:28 | INFO     |     精确率: 0.787694
2025-08-19 16:32:28 | INFO     |     召回率: 0.772220
2025-08-19 16:32:28 | INFO     |   学习率调度器: f1_based
2025-08-19 16:32:28 | INFO     | ------------------------------------------------------------
2025-08-19 16:32:28 | INFO     | Epoch   6 | Train: Loss=0.5309, Acc=0.8072 | Val: Loss=0.6155, Acc=0.7701, F1=0.7639 | LR=0.000100 
2025-08-19 16:37:12 | INFO     | Epoch 7:
2025-08-19 16:37:12 | INFO     |   训练指标:
2025-08-19 16:37:12 | INFO     |     损失(ce): 0.488109
2025-08-19 16:37:12 | INFO     |     准确率: 0.820758
2025-08-19 16:37:12 | INFO     |     学习率: 0.00010000
2025-08-19 16:37:12 | INFO     |   验证指标(标准CE):
2025-08-19 16:37:12 | INFO     |     损失: 0.477322
2025-08-19 16:37:12 | INFO     |     准确率: 0.815684
2025-08-19 16:37:12 | INFO     |     F1(macro): 0.809803
2025-08-19 16:37:12 | INFO     |     F1(weighted): 0.803020
2025-08-19 16:37:12 | INFO     |     精确率: 0.823694
2025-08-19 16:37:12 | INFO     |     召回率: 0.822264
2025-08-19 16:37:12 | INFO     |   学习率调度器: f1_based
2025-08-19 16:37:12 | INFO     | ------------------------------------------------------------
2025-08-19 16:37:12 | INFO     | Epoch   7 | Train: Loss=0.4881, Acc=0.8208 | Val: Loss=0.4773, Acc=0.8157, F1=0.8030 | LR=0.000100 
2025-08-19 16:41:56 | INFO     | Epoch 8:
2025-08-19 16:41:56 | INFO     |   训练指标:
2025-08-19 16:41:56 | INFO     |     损失(ce): 0.444264
2025-08-19 16:41:56 | INFO     |     准确率: 0.841717
2025-08-19 16:41:56 | INFO     |     学习率: 0.00010000
2025-08-19 16:41:56 | INFO     |   验证指标(标准CE):
2025-08-19 16:41:56 | INFO     |     损失: 0.452308
2025-08-19 16:41:56 | INFO     |     准确率: 0.828418
2025-08-19 16:41:56 | INFO     |     F1(macro): 0.825936
2025-08-19 16:41:56 | INFO     |     F1(weighted): 0.820140
2025-08-19 16:41:56 | INFO     |     精确率: 0.838520
2025-08-19 16:41:56 | INFO     |     召回率: 0.835311
2025-08-19 16:41:56 | INFO     |   学习率调度器: f1_based
2025-08-19 16:41:56 | INFO     | ------------------------------------------------------------
2025-08-19 16:41:56 | INFO     | Epoch   8 | Train: Loss=0.4443, Acc=0.8417 | Val: Loss=0.4523, Acc=0.8284, F1=0.8201 | LR=0.000100 🏆 [最佳模型]
2025-08-19 16:46:40 | INFO     | Epoch 9:
2025-08-19 16:46:40 | INFO     |   训练指标:
2025-08-19 16:46:40 | INFO     |     损失(ce): 0.405754
2025-08-19 16:46:40 | INFO     |     准确率: 0.856137
2025-08-19 16:46:40 | INFO     |     学习率: 0.00010000
2025-08-19 16:46:40 | INFO     |   验证指标(标准CE):
2025-08-19 16:46:40 | INFO     |     损失: 0.419366
2025-08-19 16:46:40 | INFO     |     准确率: 0.854558
2025-08-19 16:46:40 | INFO     |     F1(macro): 0.863098
2025-08-19 16:46:40 | INFO     |     F1(weighted): 0.856230
2025-08-19 16:46:40 | INFO     |     精确率: 0.887503
2025-08-19 16:46:40 | INFO     |     召回率: 0.862213
2025-08-19 16:46:40 | INFO     |   学习率调度器: f1_based
2025-08-19 16:46:40 | INFO     | ------------------------------------------------------------
2025-08-19 16:46:40 | INFO     | Epoch   9 | Train: Loss=0.4058, Acc=0.8561 | Val: Loss=0.4194, Acc=0.8546, F1=0.8562 | LR=0.000100 🏆 [最佳模型]
2025-08-19 16:51:24 | INFO     | Epoch 10:
2025-08-19 16:51:24 | INFO     |   训练指标:
2025-08-19 16:51:24 | INFO     |     损失(ce): 0.382851
2025-08-19 16:51:24 | INFO     |     准确率: 0.865694
2025-08-19 16:51:24 | INFO     |     学习率: 0.00010000
2025-08-19 16:51:24 | INFO     |   验证指标(标准CE):
2025-08-19 16:51:24 | INFO     |     损失: 0.365533
2025-08-19 16:51:24 | INFO     |     准确率: 0.865952
2025-08-19 16:51:24 | INFO     |     F1(macro): 0.863455
2025-08-19 16:51:24 | INFO     |     F1(weighted): 0.857568
2025-08-19 16:51:24 | INFO     |     精确率: 0.877233
2025-08-19 16:51:24 | INFO     |     召回率: 0.873062
2025-08-19 16:51:24 | INFO     |   学习率调度器: f1_based
2025-08-19 16:51:24 | INFO     | ------------------------------------------------------------
2025-08-19 16:51:24 | INFO     | Epoch  10 | Train: Loss=0.3829, Acc=0.8657 | Val: Loss=0.3655, Acc=0.8660, F1=0.8576 | LR=0.000100 🏆 [最佳模型]
2025-08-19 16:56:09 | INFO     | Epoch 11:
2025-08-19 16:56:09 | INFO     |   训练指标:
2025-08-19 16:56:09 | INFO     |     损失(ce): 0.354764
2025-08-19 16:56:09 | INFO     |     准确率: 0.876258
2025-08-19 16:56:09 | INFO     |     学习率: 0.00010000
2025-08-19 16:56:09 | INFO     |   验证指标(标准CE):
2025-08-19 16:56:09 | INFO     |     损失: 0.349098
2025-08-19 16:56:09 | INFO     |     准确率: 0.859920
2025-08-19 16:56:09 | INFO     |     F1(macro): 0.860468
2025-08-19 16:56:09 | INFO     |     F1(weighted): 0.859878
2025-08-19 16:56:09 | INFO     |     精确率: 0.878657
2025-08-19 16:56:09 | INFO     |     召回率: 0.861244
2025-08-19 16:56:09 | INFO     |   学习率调度器: f1_based
2025-08-19 16:56:09 | INFO     | ------------------------------------------------------------
2025-08-19 16:56:09 | INFO     | Epoch  11 | Train: Loss=0.3548, Acc=0.8763 | Val: Loss=0.3491, Acc=0.8599, F1=0.8599 | LR=0.000100 🏆 [最佳模型]
2025-08-19 17:00:53 | INFO     | Epoch 12:
2025-08-19 17:00:53 | INFO     |   训练指标:
2025-08-19 17:00:53 | INFO     |     损失(ce): 0.340684
2025-08-19 17:00:53 | INFO     |     准确率: 0.877431
2025-08-19 17:00:53 | INFO     |     学习率: 0.00010000
2025-08-19 17:00:53 | INFO     |   验证指标(标准CE):
2025-08-19 17:00:53 | INFO     |     损失: 0.322946
2025-08-19 17:00:53 | INFO     |     准确率: 0.878686
2025-08-19 17:00:53 | INFO     |     F1(macro): 0.884785
2025-08-19 17:00:53 | INFO     |     F1(weighted): 0.881734
2025-08-19 17:00:53 | INFO     |     精确率: 0.903994
2025-08-19 17:00:53 | INFO     |     召回率: 0.882110
2025-08-19 17:00:53 | INFO     |   学习率调度器: f1_based
2025-08-19 17:00:53 | INFO     | ------------------------------------------------------------
2025-08-19 17:00:53 | INFO     | Epoch  12 | Train: Loss=0.3407, Acc=0.8774 | Val: Loss=0.3229, Acc=0.8787, F1=0.8817 | LR=0.000100 🏆 [最佳模型]
2025-08-19 17:05:37 | INFO     | Epoch 13:
2025-08-19 17:05:37 | INFO     |   训练指标:
2025-08-19 17:05:37 | INFO     |     损失(ce): 0.324154
2025-08-19 17:05:37 | INFO     |     准确率: 0.880952
2025-08-19 17:05:37 | INFO     |     学习率: 0.00010000
2025-08-19 17:05:37 | INFO     |   验证指标(标准CE):
2025-08-19 17:05:37 | INFO     |     损失: 0.320395
2025-08-19 17:05:37 | INFO     |     准确率: 0.890751
2025-08-19 17:05:37 | INFO     |     F1(macro): 0.891222
2025-08-19 17:05:37 | INFO     |     F1(weighted): 0.888107
2025-08-19 17:05:37 | INFO     |     精确率: 0.902969
2025-08-19 17:05:37 | INFO     |     召回率: 0.894090
2025-08-19 17:05:37 | INFO     |   学习率调度器: f1_based
2025-08-19 17:05:37 | INFO     | ------------------------------------------------------------
2025-08-19 17:05:37 | INFO     | Epoch  13 | Train: Loss=0.3242, Acc=0.8810 | Val: Loss=0.3204, Acc=0.8908, F1=0.8881 | LR=0.000100 🏆 [最佳模型]
2025-08-19 17:10:22 | INFO     | Epoch 14:
2025-08-19 17:10:22 | INFO     |   训练指标:
2025-08-19 17:10:22 | INFO     |     损失(ce): 0.289404
2025-08-19 17:10:22 | INFO     |     准确率: 0.896043
2025-08-19 17:10:22 | INFO     |     学习率: 0.00010000
2025-08-19 17:10:22 | INFO     |   验证指标(标准CE):
2025-08-19 17:10:22 | INFO     |     损失: 0.335560
2025-08-19 17:10:22 | INFO     |     准确率: 0.884718
2025-08-19 17:10:22 | INFO     |     F1(macro): 0.882358
2025-08-19 17:10:22 | INFO     |     F1(weighted): 0.879094
2025-08-19 17:10:22 | INFO     |     精确率: 0.891884
2025-08-19 17:10:22 | INFO     |     召回率: 0.889115
2025-08-19 17:10:22 | INFO     |   学习率调度器: f1_based
2025-08-19 17:10:22 | INFO     | ------------------------------------------------------------
2025-08-19 17:10:22 | INFO     | Epoch  14 | Train: Loss=0.2894, Acc=0.8960 | Val: Loss=0.3356, Acc=0.8847, F1=0.8791 | LR=0.000100 
2025-08-19 17:15:06 | INFO     | Epoch 15:
2025-08-19 17:15:06 | INFO     |   训练指标:
2025-08-19 17:15:06 | INFO     |     损失(ce): 0.294632
2025-08-19 17:15:06 | INFO     |     准确率: 0.894869
2025-08-19 17:15:06 | INFO     |     学习率: 0.00010000
2025-08-19 17:15:06 | INFO     |   验证指标(标准CE):
2025-08-19 17:15:06 | INFO     |     损失: 0.337076
2025-08-19 17:15:06 | INFO     |     准确率: 0.889410
2025-08-19 17:15:06 | INFO     |     F1(macro): 0.894070
2025-08-19 17:15:06 | INFO     |     F1(weighted): 0.890570
2025-08-19 17:15:06 | INFO     |     精确率: 0.903481
2025-08-19 17:15:06 | INFO     |     召回率: 0.894730
2025-08-19 17:15:06 | INFO     |   学习率调度器: f1_based
2025-08-19 17:15:06 | INFO     | ------------------------------------------------------------
2025-08-19 17:15:06 | INFO     | Epoch  15 | Train: Loss=0.2946, Acc=0.8949 | Val: Loss=0.3371, Acc=0.8894, F1=0.8906 | LR=0.000100 🏆 [最佳模型]
2025-08-19 17:19:50 | INFO     | Epoch 16:
2025-08-19 17:19:50 | INFO     |   训练指标:
2025-08-19 17:19:50 | INFO     |     损失(ce): 0.272434
2025-08-19 17:19:50 | INFO     |     准确率: 0.905265
2025-08-19 17:19:50 | INFO     |     学习率: 0.00010000
2025-08-19 17:19:50 | INFO     |   验证指标(标准CE):
2025-08-19 17:19:50 | INFO     |     损失: 0.342852
2025-08-19 17:19:50 | INFO     |     准确率: 0.901475
2025-08-19 17:19:50 | INFO     |     F1(macro): 0.902254
2025-08-19 17:19:50 | INFO     |     F1(weighted): 0.900168
2025-08-19 17:19:50 | INFO     |     精确率: 0.912323
2025-08-19 17:19:50 | INFO     |     召回率: 0.903710
2025-08-19 17:19:50 | INFO     |   学习率调度器: f1_based
2025-08-19 17:19:50 | INFO     | ------------------------------------------------------------
2025-08-19 17:19:50 | INFO     | Epoch  16 | Train: Loss=0.2724, Acc=0.9053 | Val: Loss=0.3429, Acc=0.9015, F1=0.9002 | LR=0.000100 🏆 [最佳模型]
2025-08-19 17:24:35 | INFO     | Epoch 17:
2025-08-19 17:24:35 | INFO     |   训练指标:
2025-08-19 17:24:35 | INFO     |     损失(ce): 0.269417
2025-08-19 17:24:35 | INFO     |     准确率: 0.907277
2025-08-19 17:24:35 | INFO     |     学习率: 0.00010000
2025-08-19 17:24:35 | INFO     |   验证指标(标准CE):
2025-08-19 17:24:35 | INFO     |     损失: 0.316117
2025-08-19 17:24:35 | INFO     |     准确率: 0.904826
2025-08-19 17:24:35 | INFO     |     F1(macro): 0.910748
2025-08-19 17:24:35 | INFO     |     F1(weighted): 0.907811
2025-08-19 17:24:35 | INFO     |     精确率: 0.926964
2025-08-19 17:24:35 | INFO     |     召回率: 0.906854
2025-08-19 17:24:35 | INFO     |   学习率调度器: f1_based
2025-08-19 17:24:35 | INFO     | ------------------------------------------------------------
2025-08-19 17:24:35 | INFO     | Epoch  17 | Train: Loss=0.2694, Acc=0.9073 | Val: Loss=0.3161, Acc=0.9048, F1=0.9078 | LR=0.000100 🏆 [最佳模型]
2025-08-19 17:29:19 | INFO     | Epoch 18:
2025-08-19 17:29:19 | INFO     |   训练指标:
2025-08-19 17:29:19 | INFO     |     损失(ce): 0.250366
2025-08-19 17:29:19 | INFO     |     准确率: 0.910798
2025-08-19 17:29:19 | INFO     |     学习率: 0.00010000
2025-08-19 17:29:19 | INFO     |   验证指标(标准CE):
2025-08-19 17:29:19 | INFO     |     损失: 0.244367
2025-08-19 17:29:19 | INFO     |     准确率: 0.916890
2025-08-19 17:29:19 | INFO     |     F1(macro): 0.918273
2025-08-19 17:29:19 | INFO     |     F1(weighted): 0.916073
2025-08-19 17:29:19 | INFO     |     精确率: 0.924695
2025-08-19 17:29:19 | INFO     |     召回率: 0.918957
2025-08-19 17:29:19 | INFO     |   学习率调度器: f1_based
2025-08-19 17:29:19 | INFO     | ------------------------------------------------------------
2025-08-19 17:29:19 | INFO     | Epoch  18 | Train: Loss=0.2504, Acc=0.9108 | Val: Loss=0.2444, Acc=0.9169, F1=0.9161 | LR=0.000100 🏆 [最佳模型]
2025-08-19 17:34:06 | INFO     | Epoch 19:
2025-08-19 17:34:06 | INFO     |   训练指标:
2025-08-19 17:34:06 | INFO     |     损失(ce): 0.238047
2025-08-19 17:34:06 | INFO     |     准确率: 0.917337
2025-08-19 17:34:06 | INFO     |     学习率: 0.00010000
2025-08-19 17:34:06 | INFO     |   验证指标(标准CE):
2025-08-19 17:34:06 | INFO     |     损失: 0.453527
2025-08-19 17:34:06 | INFO     |     准确率: 0.861930
2025-08-19 17:34:06 | INFO     |     F1(macro): 0.869752
2025-08-19 17:34:06 | INFO     |     F1(weighted): 0.865321
2025-08-19 17:34:06 | INFO     |     精确率: 0.885400
2025-08-19 17:34:06 | INFO     |     召回率: 0.869253
2025-08-19 17:34:06 | INFO     |   学习率调度器: f1_based
2025-08-19 17:34:06 | INFO     | ------------------------------------------------------------
2025-08-19 17:34:06 | INFO     | Epoch  19 | Train: Loss=0.2380, Acc=0.9173 | Val: Loss=0.4535, Acc=0.8619, F1=0.8653 | LR=0.000100 
2025-08-19 17:38:51 | INFO     | Epoch 20:
2025-08-19 17:38:51 | INFO     |   训练指标:
2025-08-19 17:38:51 | INFO     |     损失(ce): 0.264776
2025-08-19 17:38:51 | INFO     |     准确率: 0.914152
2025-08-19 17:38:51 | INFO     |     学习率: 0.00010000
2025-08-19 17:38:51 | INFO     |   验证指标(标准CE):
2025-08-19 17:38:51 | INFO     |     损失: 0.463283
2025-08-19 17:38:51 | INFO     |     准确率: 0.869973
2025-08-19 17:38:51 | INFO     |     F1(macro): 0.872253
2025-08-19 17:38:51 | INFO     |     F1(weighted): 0.862674
2025-08-19 17:38:51 | INFO     |     精确率: 0.910255
2025-08-19 17:38:51 | INFO     |     召回率: 0.877167
2025-08-19 17:38:51 | INFO     |   学习率调度器: f1_based
2025-08-19 17:38:51 | INFO     | ------------------------------------------------------------
2025-08-19 17:38:51 | INFO     | Epoch  20 | Train: Loss=0.2648, Acc=0.9142 | Val: Loss=0.4633, Acc=0.8700, F1=0.8627 | LR=0.000100 
2025-08-19 17:43:36 | INFO     | Epoch 21:
2025-08-19 17:43:36 | INFO     |   训练指标:
2025-08-19 17:43:36 | INFO     |     损失(ce): 0.254740
2025-08-19 17:43:36 | INFO     |     准确率: 0.915996
2025-08-19 17:43:36 | INFO     |     学习率: 0.00010000
2025-08-19 17:43:36 | INFO     |   验证指标(标准CE):
2025-08-19 17:43:36 | INFO     |     损失: 0.236381
2025-08-19 17:43:36 | INFO     |     准确率: 0.915550
2025-08-19 17:43:36 | INFO     |     F1(macro): 0.916019
2025-08-19 17:43:36 | INFO     |     F1(weighted): 0.914642
2025-08-19 17:43:36 | INFO     |     精确率: 0.927725
2025-08-19 17:43:36 | INFO     |     召回率: 0.918751
2025-08-19 17:43:36 | INFO     |   学习率调度器: f1_based
2025-08-19 17:43:36 | INFO     | ------------------------------------------------------------
2025-08-19 17:43:36 | INFO     | Epoch  21 | Train: Loss=0.2547, Acc=0.9160 | Val: Loss=0.2364, Acc=0.9155, F1=0.9146 | LR=0.000100 
2025-08-19 17:48:20 | INFO     | Epoch 22:
2025-08-19 17:48:20 | INFO     |   训练指标:
2025-08-19 17:48:20 | INFO     |     损失(ce): 0.243991
2025-08-19 17:48:20 | INFO     |     准确率: 0.920691
2025-08-19 17:48:20 | INFO     |     学习率: 0.00010000
2025-08-19 17:48:20 | INFO     |   验证指标(标准CE):
2025-08-19 17:48:20 | INFO     |     损失: 0.450953
2025-08-19 17:48:20 | INFO     |     准确率: 0.882708
2025-08-19 17:48:20 | INFO     |     F1(macro): 0.882769
2025-08-19 17:48:20 | INFO     |     F1(weighted): 0.879984
2025-08-19 17:48:20 | INFO     |     精确率: 0.900838
2025-08-19 17:48:20 | INFO     |     召回率: 0.886321
2025-08-19 17:48:20 | INFO     |   学习率调度器: f1_based
2025-08-19 17:48:20 | INFO     | ------------------------------------------------------------
2025-08-19 17:48:20 | INFO     | Epoch  22 | Train: Loss=0.2440, Acc=0.9207 | Val: Loss=0.4510, Acc=0.8827, F1=0.8800 | LR=0.000100 
2025-08-19 17:53:05 | INFO     | Epoch 23:
2025-08-19 17:53:05 | INFO     |   训练指标:
2025-08-19 17:53:05 | INFO     |     损失(ce): 0.227435
2025-08-19 17:53:05 | INFO     |     准确率: 0.923206
2025-08-19 17:53:05 | INFO     |     学习率: 0.00010000
2025-08-19 17:53:05 | INFO     |   验证指标(标准CE):
2025-08-19 17:53:05 | INFO     |     损失: 0.297845
2025-08-19 17:53:05 | INFO     |     准确率: 0.902815
2025-08-19 17:53:05 | INFO     |     F1(macro): 0.904625
2025-08-19 17:53:05 | INFO     |     F1(weighted): 0.902589
2025-08-19 17:53:05 | INFO     |     精确率: 0.915815
2025-08-19 17:53:05 | INFO     |     召回率: 0.905943
2025-08-19 17:53:05 | INFO     |   学习率调度器: f1_based
2025-08-19 17:53:05 | INFO     | ------------------------------------------------------------
2025-08-19 17:53:05 | INFO     | Epoch  23 | Train: Loss=0.2274, Acc=0.9232 | Val: Loss=0.2978, Acc=0.9028, F1=0.9026 | LR=0.000100 
2025-08-19 17:57:49 | INFO     | Epoch 24:
2025-08-19 17:57:49 | INFO     |   训练指标:
2025-08-19 17:57:49 | INFO     |     损失(ce): 0.243150
2025-08-19 17:57:49 | INFO     |     准确率: 0.919182
2025-08-19 17:57:49 | INFO     |     学习率: 0.00010000
2025-08-19 17:57:49 | INFO     |   验证指标(标准CE):
2025-08-19 17:57:49 | INFO     |     损失: 0.237234
2025-08-19 17:57:49 | INFO     |     准确率: 0.918231
2025-08-19 17:57:49 | INFO     |     F1(macro): 0.925508
2025-08-19 17:57:49 | INFO     |     F1(weighted): 0.921766
2025-08-19 17:57:49 | INFO     |     精确率: 0.943869
2025-08-19 17:57:49 | INFO     |     召回率: 0.920424
2025-08-19 17:57:49 | INFO     |   学习率调度器: f1_based
2025-08-19 17:57:49 | INFO     | ------------------------------------------------------------
2025-08-19 17:57:49 | INFO     | Epoch  24 | Train: Loss=0.2432, Acc=0.9192 | Val: Loss=0.2372, Acc=0.9182, F1=0.9218 | LR=0.000100 🏆 [最佳模型]
2025-08-19 18:02:34 | INFO     | Epoch 25:
2025-08-19 18:02:34 | INFO     |   训练指标:
2025-08-19 18:02:34 | INFO     |     损失(ce): 0.212127
2025-08-19 18:02:34 | INFO     |     准确率: 0.933099
2025-08-19 18:02:34 | INFO     |     学习率: 0.00010000
2025-08-19 18:02:34 | INFO     |   验证指标(标准CE):
2025-08-19 18:02:34 | INFO     |     损失: 0.465922
2025-08-19 18:02:34 | INFO     |     准确率: 0.889410
2025-08-19 18:02:34 | INFO     |     F1(macro): 0.894447
2025-08-19 18:02:34 | INFO     |     F1(weighted): 0.891410
2025-08-19 18:02:34 | INFO     |     精确率: 0.907940
2025-08-19 18:02:34 | INFO     |     召回率: 0.894236
2025-08-19 18:02:34 | INFO     |   学习率调度器: f1_based
2025-08-19 18:02:34 | INFO     | ------------------------------------------------------------
2025-08-19 18:02:34 | INFO     | Epoch  25 | Train: Loss=0.2121, Acc=0.9331 | Val: Loss=0.4659, Acc=0.8894, F1=0.8914 | LR=0.000100 
2025-08-19 18:07:19 | INFO     | Epoch 26:
2025-08-19 18:07:19 | INFO     |   训练指标:
2025-08-19 18:07:19 | INFO     |     损失(ce): 0.227705
2025-08-19 18:07:19 | INFO     |     准确率: 0.921194
2025-08-19 18:07:19 | INFO     |     学习率: 0.00010000
2025-08-19 18:07:19 | INFO     |   验证指标(标准CE):
2025-08-19 18:07:19 | INFO     |     损失: 0.642357
2025-08-19 18:07:19 | INFO     |     准确率: 0.853887
2025-08-19 18:07:19 | INFO     |     F1(macro): 0.858177
2025-08-19 18:07:19 | INFO     |     F1(weighted): 0.855265
2025-08-19 18:07:19 | INFO     |     精确率: 0.875460
2025-08-19 18:07:19 | INFO     |     召回率: 0.858129
2025-08-19 18:07:19 | INFO     |   学习率调度器: f1_based
2025-08-19 18:07:19 | INFO     | ------------------------------------------------------------
2025-08-19 18:07:19 | INFO     | Epoch  26 | Train: Loss=0.2277, Acc=0.9212 | Val: Loss=0.6424, Acc=0.8539, F1=0.8553 | LR=0.000100 
2025-08-19 18:12:03 | INFO     | Epoch 27:
2025-08-19 18:12:03 | INFO     |   训练指标:
2025-08-19 18:12:03 | INFO     |     损失(ce): 0.237091
2025-08-19 18:12:03 | INFO     |     准确率: 0.921697
2025-08-19 18:12:03 | INFO     |     学习率: 0.00010000
2025-08-19 18:12:03 | INFO     |   验证指标(标准CE):
2025-08-19 18:12:03 | INFO     |     损失: 0.231147
2025-08-19 18:12:03 | INFO     |     准确率: 0.912198
2025-08-19 18:12:03 | INFO     |     F1(macro): 0.916049
2025-08-19 18:12:03 | INFO     |     F1(weighted): 0.912441
2025-08-19 18:12:03 | INFO     |     精确率: 0.924537
2025-08-19 18:12:03 | INFO     |     召回率: 0.915780
2025-08-19 18:12:03 | INFO     |   学习率调度器: f1_based
2025-08-19 18:12:03 | INFO     | ------------------------------------------------------------
2025-08-19 18:12:03 | INFO     | Epoch  27 | Train: Loss=0.2371, Acc=0.9217 | Val: Loss=0.2311, Acc=0.9122, F1=0.9124 | LR=0.000100 
2025-08-19 18:16:46 | INFO     | Epoch 28:
2025-08-19 18:16:46 | INFO     |   训练指标:
2025-08-19 18:16:46 | INFO     |     损失(ce): 0.190150
2025-08-19 18:16:46 | INFO     |     准确率: 0.932428
2025-08-19 18:16:46 | INFO     |     学习率: 0.00010000
2025-08-19 18:16:46 | INFO     |   验证指标(标准CE):
2025-08-19 18:16:46 | INFO     |     损失: 0.312789
2025-08-19 18:16:46 | INFO     |     准确率: 0.906166
2025-08-19 18:16:46 | INFO     |     F1(macro): 0.910074
2025-08-19 18:16:46 | INFO     |     F1(weighted): 0.908400
2025-08-19 18:16:46 | INFO     |     精确率: 0.928321
2025-08-19 18:16:46 | INFO     |     召回率: 0.907873
2025-08-19 18:16:46 | INFO     |   学习率调度器: f1_based
2025-08-19 18:16:46 | INFO     | ------------------------------------------------------------
2025-08-19 18:16:46 | INFO     | Epoch  28 | Train: Loss=0.1901, Acc=0.9324 | Val: Loss=0.3128, Acc=0.9062, F1=0.9084 | LR=0.000100 
2025-08-19 18:21:30 | INFO     | Epoch 29:
2025-08-19 18:21:30 | INFO     |   训练指标:
2025-08-19 18:21:30 | INFO     |     损失(ce): 0.207336
2025-08-19 18:21:30 | INFO     |     准确率: 0.933099
2025-08-19 18:21:30 | INFO     |     学习率: 0.00010000
2025-08-19 18:21:30 | INFO     |   验证指标(标准CE):
2025-08-19 18:21:30 | INFO     |     损失: 0.188148
2025-08-19 18:21:30 | INFO     |     准确率: 0.936997
2025-08-19 18:21:30 | INFO     |     F1(macro): 0.938066
2025-08-19 18:21:30 | INFO     |     F1(weighted): 0.937223
2025-08-19 18:21:30 | INFO     |     精确率: 0.942068
2025-08-19 18:21:30 | INFO     |     召回率: 0.938823
2025-08-19 18:21:30 | INFO     |   学习率调度器: f1_based
2025-08-19 18:21:30 | INFO     | ------------------------------------------------------------
2025-08-19 18:21:30 | INFO     | Epoch  29 | Train: Loss=0.2073, Acc=0.9331 | Val: Loss=0.1881, Acc=0.9370, F1=0.9372 | LR=0.000100 🏆 [最佳模型]
2025-08-19 18:26:15 | INFO     | Epoch 30:
2025-08-19 18:26:15 | INFO     |   训练指标:
2025-08-19 18:26:15 | INFO     |     损失(ce): 0.240247
2025-08-19 18:26:15 | INFO     |     准确率: 0.923877
2025-08-19 18:26:15 | INFO     |     学习率: 0.00010000
2025-08-19 18:26:15 | INFO     |   验证指标(标准CE):
2025-08-19 18:26:15 | INFO     |     损失: 0.284048
2025-08-19 18:26:15 | INFO     |     准确率: 0.901475
2025-08-19 18:26:15 | INFO     |     F1(macro): 0.906539
2025-08-19 18:26:15 | INFO     |     F1(weighted): 0.904158
2025-08-19 18:26:15 | INFO     |     精确率: 0.919773
2025-08-19 18:26:15 | INFO     |     召回率: 0.904770
2025-08-19 18:26:15 | INFO     |   学习率调度器: f1_based
2025-08-19 18:26:15 | INFO     | ------------------------------------------------------------
2025-08-19 18:26:15 | INFO     | Epoch  30 | Train: Loss=0.2402, Acc=0.9239 | Val: Loss=0.2840, Acc=0.9015, F1=0.9042 | LR=0.000100 
2025-08-19 18:30:59 | INFO     | Epoch 31:
2025-08-19 18:30:59 | INFO     |   训练指标:
2025-08-19 18:30:59 | INFO     |     损失(ce): 0.203708
2025-08-19 18:30:59 | INFO     |     准确率: 0.933602
2025-08-19 18:30:59 | INFO     |     学习率: 0.00010000
2025-08-19 18:30:59 | INFO     |   验证指标(标准CE):
2025-08-19 18:30:59 | INFO     |     损失: 0.302400
2025-08-19 18:30:59 | INFO     |     准确率: 0.904826
2025-08-19 18:30:59 | INFO     |     F1(macro): 0.904399
2025-08-19 18:30:59 | INFO     |     F1(weighted): 0.902986
2025-08-19 18:30:59 | INFO     |     精确率: 0.923333
2025-08-19 18:30:59 | INFO     |     召回率: 0.906342
2025-08-19 18:30:59 | INFO     |   学习率调度器: f1_based
2025-08-19 18:30:59 | INFO     | ------------------------------------------------------------
2025-08-19 18:30:59 | INFO     | Epoch  31 | Train: Loss=0.2037, Acc=0.9336 | Val: Loss=0.3024, Acc=0.9048, F1=0.9030 | LR=0.000100 
2025-08-19 18:35:44 | INFO     | Epoch 32:
2025-08-19 18:35:44 | INFO     |   训练指标:
2025-08-19 18:35:44 | INFO     |     损失(ce): 0.196596
2025-08-19 18:35:44 | INFO     |     准确率: 0.935446
2025-08-19 18:35:44 | INFO     |     学习率: 0.00010000
2025-08-19 18:35:44 | INFO     |   验证指标(标准CE):
2025-08-19 18:35:44 | INFO     |     损失: 0.146809
2025-08-19 18:35:44 | INFO     |     准确率: 0.943029
2025-08-19 18:35:44 | INFO     |     F1(macro): 0.944614
2025-08-19 18:35:44 | INFO     |     F1(weighted): 0.942468
2025-08-19 18:35:44 | INFO     |     精确率: 0.948905
2025-08-19 18:35:44 | INFO     |     召回率: 0.946044
2025-08-19 18:35:44 | INFO     |   学习率调度器: f1_based
2025-08-19 18:35:44 | INFO     | ------------------------------------------------------------
2025-08-19 18:35:44 | INFO     | Epoch  32 | Train: Loss=0.1966, Acc=0.9354 | Val: Loss=0.1468, Acc=0.9430, F1=0.9425 | LR=0.000100 🏆 [最佳模型]
2025-08-19 18:40:28 | INFO     | Epoch 33:
2025-08-19 18:40:28 | INFO     |   训练指标:
2025-08-19 18:40:28 | INFO     |     损失(ce): 0.210334
2025-08-19 18:40:28 | INFO     |     准确率: 0.931087
2025-08-19 18:40:28 | INFO     |     学习率: 0.00010000
2025-08-19 18:40:28 | INFO     |   验证指标(标准CE):
2025-08-19 18:40:28 | INFO     |     损失: 0.221827
2025-08-19 18:40:28 | INFO     |     准确率: 0.929625
2025-08-19 18:40:28 | INFO     |     F1(macro): 0.930938
2025-08-19 18:40:28 | INFO     |     F1(weighted): 0.928978
2025-08-19 18:40:28 | INFO     |     精确率: 0.940347
2025-08-19 18:40:28 | INFO     |     召回率: 0.933486
2025-08-19 18:40:28 | INFO     |   学习率调度器: f1_based
2025-08-19 18:40:28 | INFO     | ------------------------------------------------------------
2025-08-19 18:40:28 | INFO     | Epoch  33 | Train: Loss=0.2103, Acc=0.9311 | Val: Loss=0.2218, Acc=0.9296, F1=0.9290 | LR=0.000100 
2025-08-19 18:45:12 | INFO     | Epoch 34:
2025-08-19 18:45:12 | INFO     |   训练指标:
2025-08-19 18:45:12 | INFO     |     损失(ce): 0.184160
2025-08-19 18:45:12 | INFO     |     准确率: 0.939805
2025-08-19 18:45:12 | INFO     |     学习率: 0.00010000
2025-08-19 18:45:12 | INFO     |   验证指标(标准CE):
2025-08-19 18:45:12 | INFO     |     损失: 0.469719
2025-08-19 18:45:12 | INFO     |     准确率: 0.889410
2025-08-19 18:45:12 | INFO     |     F1(macro): 0.892309
2025-08-19 18:45:12 | INFO     |     F1(weighted): 0.890337
2025-08-19 18:45:12 | INFO     |     精确率: 0.904167
2025-08-19 18:45:12 | INFO     |     召回率: 0.893059
2025-08-19 18:45:12 | INFO     |   学习率调度器: f1_based
2025-08-19 18:45:12 | INFO     | ------------------------------------------------------------
2025-08-19 18:45:12 | INFO     | Epoch  34 | Train: Loss=0.1842, Acc=0.9398 | Val: Loss=0.4697, Acc=0.8894, F1=0.8903 | LR=0.000100 
2025-08-19 18:49:57 | INFO     | Epoch 35:
2025-08-19 18:49:57 | INFO     |   训练指标:
2025-08-19 18:49:57 | INFO     |     损失(ce): 0.195580
2025-08-19 18:49:57 | INFO     |     准确率: 0.938799
2025-08-19 18:49:57 | INFO     |     学习率: 0.00010000
2025-08-19 18:49:57 | INFO     |   验证指标(标准CE):
2025-08-19 18:49:57 | INFO     |     损失: 0.242430
2025-08-19 18:49:57 | INFO     |     准确率: 0.932306
2025-08-19 18:49:57 | INFO     |     F1(macro): 0.935867
2025-08-19 18:49:57 | INFO     |     F1(weighted): 0.933511
2025-08-19 18:49:57 | INFO     |     精确率: 0.942052
2025-08-19 18:49:57 | INFO     |     召回率: 0.935197
2025-08-19 18:49:57 | INFO     |   学习率调度器: f1_based
2025-08-19 18:49:57 | INFO     | ------------------------------------------------------------
2025-08-19 18:49:57 | INFO     | Epoch  35 | Train: Loss=0.1956, Acc=0.9388 | Val: Loss=0.2424, Acc=0.9323, F1=0.9335 | LR=0.000100 
2025-08-19 18:54:41 | INFO     | Epoch 36:
2025-08-19 18:54:41 | INFO     |   训练指标:
2025-08-19 18:54:41 | INFO     |     损失(ce): 0.201211
2025-08-19 18:54:41 | INFO     |     准确率: 0.933602
2025-08-19 18:54:41 | INFO     |     学习率: 0.00010000
2025-08-19 18:54:41 | INFO     |   验证指标(标准CE):
2025-08-19 18:54:41 | INFO     |     损失: 0.165163
2025-08-19 18:54:41 | INFO     |     准确率: 0.945710
2025-08-19 18:54:41 | INFO     |     F1(macro): 0.946843
2025-08-19 18:54:41 | INFO     |     F1(weighted): 0.945367
2025-08-19 18:54:41 | INFO     |     精确率: 0.950635
2025-08-19 18:54:41 | INFO     |     召回率: 0.947711
2025-08-19 18:54:41 | INFO     |   学习率调度器: f1_based
2025-08-19 18:54:41 | INFO     | ------------------------------------------------------------
2025-08-19 18:54:41 | INFO     | Epoch  36 | Train: Loss=0.2012, Acc=0.9336 | Val: Loss=0.1652, Acc=0.9457, F1=0.9454 | LR=0.000100 🏆 [最佳模型]
2025-08-19 18:59:26 | INFO     | Epoch 37:
2025-08-19 18:59:26 | INFO     |   训练指标:
2025-08-19 18:59:26 | INFO     |     损失(ce): 0.190185
2025-08-19 18:59:26 | INFO     |     准确率: 0.937123
2025-08-19 18:59:26 | INFO     |     学习率: 0.00010000
2025-08-19 18:59:26 | INFO     |   验证指标(标准CE):
2025-08-19 18:59:26 | INFO     |     损失: 0.191932
2025-08-19 18:59:26 | INFO     |     准确率: 0.939678
2025-08-19 18:59:26 | INFO     |     F1(macro): 0.943096
2025-08-19 18:59:26 | INFO     |     F1(weighted): 0.940797
2025-08-19 18:59:26 | INFO     |     精确率: 0.950881
2025-08-19 18:59:26 | INFO     |     召回率: 0.941784
2025-08-19 18:59:26 | INFO     |   学习率调度器: f1_based
2025-08-19 18:59:26 | INFO     | ------------------------------------------------------------
2025-08-19 18:59:26 | INFO     | Epoch  37 | Train: Loss=0.1902, Acc=0.9371 | Val: Loss=0.1919, Acc=0.9397, F1=0.9408 | LR=0.000100 
2025-08-19 19:04:10 | INFO     | Epoch 38:
2025-08-19 19:04:10 | INFO     |   训练指标:
2025-08-19 19:04:10 | INFO     |     损失(ce): 0.194951
2025-08-19 19:04:10 | INFO     |     准确率: 0.941482
2025-08-19 19:04:10 | INFO     |     学习率: 0.00010000
2025-08-19 19:04:10 | INFO     |   验证指标(标准CE):
2025-08-19 19:04:10 | INFO     |     损失: 0.183315
2025-08-19 19:04:10 | INFO     |     准确率: 0.931635
2025-08-19 19:04:10 | INFO     |     F1(macro): 0.933584
2025-08-19 19:04:10 | INFO     |     F1(weighted): 0.932021
2025-08-19 19:04:10 | INFO     |     精确率: 0.942593
2025-08-19 19:04:10 | INFO     |     召回率: 0.934362
2025-08-19 19:04:10 | INFO     |   学习率调度器: f1_based
2025-08-19 19:04:10 | INFO     | ------------------------------------------------------------
2025-08-19 19:04:10 | INFO     | Epoch  38 | Train: Loss=0.1950, Acc=0.9415 | Val: Loss=0.1833, Acc=0.9316, F1=0.9320 | LR=0.000100 
2025-08-19 19:08:54 | INFO     | Epoch 39:
2025-08-19 19:08:54 | INFO     |   训练指标:
2025-08-19 19:08:54 | INFO     |     损失(ce): 0.173319
2025-08-19 19:08:54 | INFO     |     准确率: 0.946345
2025-08-19 19:08:54 | INFO     |     学习率: 0.00010000
2025-08-19 19:08:54 | INFO     |   验证指标(标准CE):
2025-08-19 19:08:54 | INFO     |     损失: 0.178527
2025-08-19 19:08:54 | INFO     |     准确率: 0.945040
2025-08-19 19:08:54 | INFO     |     F1(macro): 0.947194
2025-08-19 19:08:54 | INFO     |     F1(weighted): 0.945408
2025-08-19 19:08:54 | INFO     |     精确率: 0.951826
2025-08-19 19:08:54 | INFO     |     召回率: 0.947860
2025-08-19 19:08:54 | INFO     |   学习率调度器: f1_based
2025-08-19 19:08:54 | INFO     | ------------------------------------------------------------
2025-08-19 19:08:54 | INFO     | Epoch  39 | Train: Loss=0.1733, Acc=0.9463 | Val: Loss=0.1785, Acc=0.9450, F1=0.9454 | LR=0.000100 🏆 [最佳模型]
2025-08-19 19:13:39 | INFO     | Epoch 40:
2025-08-19 19:13:39 | INFO     |   训练指标:
2025-08-19 19:13:39 | INFO     |     损失(ce): 0.185508
2025-08-19 19:13:39 | INFO     |     准确率: 0.945674
2025-08-19 19:13:39 | INFO     |     学习率: 0.00010000
2025-08-19 19:13:39 | INFO     |   验证指标(标准CE):
2025-08-19 19:13:39 | INFO     |     损失: 0.208516
2025-08-19 19:13:39 | INFO     |     准确率: 0.929625
2025-08-19 19:13:39 | INFO     |     F1(macro): 0.931400
2025-08-19 19:13:39 | INFO     |     F1(weighted): 0.931133
2025-08-19 19:13:39 | INFO     |     精确率: 0.944440
2025-08-19 19:13:39 | INFO     |     召回率: 0.930241
2025-08-19 19:13:39 | INFO     |   学习率调度器: f1_based
2025-08-19 19:13:39 | INFO     | ------------------------------------------------------------
2025-08-19 19:13:39 | INFO     | Epoch  40 | Train: Loss=0.1855, Acc=0.9457 | Val: Loss=0.2085, Acc=0.9296, F1=0.9311 | LR=0.000100 
2025-08-19 19:18:24 | INFO     | Epoch 41:
2025-08-19 19:18:24 | INFO     |   训练指标:
2025-08-19 19:18:24 | INFO     |     损失(ce): 0.199373
2025-08-19 19:18:24 | INFO     |     准确率: 0.943494
2025-08-19 19:18:24 | INFO     |     学习率: 0.00010000
2025-08-19 19:18:24 | INFO     |   验证指标(标准CE):
2025-08-19 19:18:24 | INFO     |     损失: 0.174123
2025-08-19 19:18:24 | INFO     |     准确率: 0.939678
2025-08-19 19:18:24 | INFO     |     F1(macro): 0.941181
2025-08-19 19:18:24 | INFO     |     F1(weighted): 0.940182
2025-08-19 19:18:24 | INFO     |     精确率: 0.945840
2025-08-19 19:18:24 | INFO     |     召回率: 0.940671
2025-08-19 19:18:24 | INFO     |   学习率调度器: f1_based
2025-08-19 19:18:24 | INFO     | ------------------------------------------------------------
2025-08-19 19:18:24 | INFO     | Epoch  41 | Train: Loss=0.1994, Acc=0.9435 | Val: Loss=0.1741, Acc=0.9397, F1=0.9402 | LR=0.000100 
2025-08-19 19:23:08 | INFO     | Epoch 42:
2025-08-19 19:23:08 | INFO     |   训练指标:
2025-08-19 19:23:08 | INFO     |     损失(ce): 0.184022
2025-08-19 19:23:08 | INFO     |     准确率: 0.942321
2025-08-19 19:23:08 | INFO     |     学习率: 0.00010000
2025-08-19 19:23:08 | INFO     |   验证指标(标准CE):
2025-08-19 19:23:08 | INFO     |     损失: 0.182955
2025-08-19 19:23:08 | INFO     |     准确率: 0.936327
2025-08-19 19:23:08 | INFO     |     F1(macro): 0.936459
2025-08-19 19:23:08 | INFO     |     F1(weighted): 0.933083
2025-08-19 19:23:08 | INFO     |     精确率: 0.940602
2025-08-19 19:23:08 | INFO     |     召回率: 0.940577
2025-08-19 19:23:08 | INFO     |   学习率调度器: f1_based
2025-08-19 19:23:08 | INFO     | ------------------------------------------------------------
2025-08-19 19:23:08 | INFO     | Epoch  42 | Train: Loss=0.1840, Acc=0.9423 | Val: Loss=0.1830, Acc=0.9363, F1=0.9331 | LR=0.000100 
2025-08-19 19:27:52 | INFO     | Epoch 43:
2025-08-19 19:27:52 | INFO     |   训练指标:
2025-08-19 19:27:52 | INFO     |     损失(ce): 0.178157
2025-08-19 19:27:52 | INFO     |     准确率: 0.947686
2025-08-19 19:27:52 | INFO     |     学习率: 0.00010000
2025-08-19 19:27:52 | INFO     |   验证指标(标准CE):
2025-08-19 19:27:52 | INFO     |     损失: 0.304343
2025-08-19 19:27:52 | INFO     |     准确率: 0.924933
2025-08-19 19:27:52 | INFO     |     F1(macro): 0.925377
2025-08-19 19:27:52 | INFO     |     F1(weighted): 0.923750
2025-08-19 19:27:52 | INFO     |     精确率: 0.930475
2025-08-19 19:27:52 | INFO     |     召回率: 0.928186
2025-08-19 19:27:52 | INFO     |   学习率调度器: f1_based
2025-08-19 19:27:52 | INFO     | ------------------------------------------------------------
2025-08-19 19:27:52 | INFO     | Epoch  43 | Train: Loss=0.1782, Acc=0.9477 | Val: Loss=0.3043, Acc=0.9249, F1=0.9238 | LR=0.000100 
2025-08-19 19:32:36 | INFO     | Epoch 44:
2025-08-19 19:32:36 | INFO     |   训练指标:
2025-08-19 19:32:36 | INFO     |     损失(ce): 0.168219
2025-08-19 19:32:36 | INFO     |     准确率: 0.948357
2025-08-19 19:32:36 | INFO     |     学习率: 0.00010000
2025-08-19 19:32:36 | INFO     |   验证指标(标准CE):
2025-08-19 19:32:36 | INFO     |     损失: 0.315920
2025-08-19 19:32:36 | INFO     |     准确率: 0.909517
2025-08-19 19:32:36 | INFO     |     F1(macro): 0.910902
2025-08-19 19:32:36 | INFO     |     F1(weighted): 0.907974
2025-08-19 19:32:36 | INFO     |     精确率: 0.919482
2025-08-19 19:32:36 | INFO     |     召回率: 0.913256
2025-08-19 19:32:36 | INFO     |   学习率调度器: f1_based
2025-08-19 19:32:36 | INFO     | ------------------------------------------------------------
2025-08-19 19:32:36 | INFO     | 🎯 学习率调整事件:
2025-08-19 19:32:36 | INFO     |   调度器类型: f1_based
2025-08-19 19:32:36 | INFO     |   学习率变化: 0.00010000 → 0.00005000
2025-08-19 19:32:36 | INFO     |   触发条件: F1分数 = 0.907974
2025-08-19 19:32:36 | INFO     |   变化幅度: -50.00%
2025-08-19 19:32:36 | INFO     | ------------------------------------------------------------
2025-08-19 19:32:36 | INFO     | Epoch  44 | Train: Loss=0.1682, Acc=0.9484 | Val: Loss=0.3159, Acc=0.9095, F1=0.9080 | LR=0.000050 
2025-08-19 19:37:20 | INFO     | Epoch 45:
2025-08-19 19:37:20 | INFO     |   训练指标:
2025-08-19 19:37:20 | INFO     |     损失(ce): 0.095972
2025-08-19 19:37:20 | INFO     |     准确率: 0.964286
2025-08-19 19:37:20 | INFO     |     学习率: 0.00005000
2025-08-19 19:37:20 | INFO     |   验证指标(标准CE):
2025-08-19 19:37:20 | INFO     |     损失: 0.109455
2025-08-19 19:37:20 | INFO     |     准确率: 0.964477
2025-08-19 19:37:20 | INFO     |     F1(macro): 0.965084
2025-08-19 19:37:20 | INFO     |     F1(weighted): 0.964434
2025-08-19 19:37:20 | INFO     |     精确率: 0.969395
2025-08-19 19:37:20 | INFO     |     召回率: 0.965171
2025-08-19 19:37:20 | INFO     |   学习率调度器: f1_based
2025-08-19 19:37:20 | INFO     | ------------------------------------------------------------
2025-08-19 19:37:20 | INFO     | Epoch  45 | Train: Loss=0.0960, Acc=0.9643 | Val: Loss=0.1095, Acc=0.9645, F1=0.9644 | LR=0.000050 🏆 [最佳模型]
2025-08-19 19:42:05 | INFO     | Epoch 46:
2025-08-19 19:42:05 | INFO     |   训练指标:
2025-08-19 19:42:05 | INFO     |     损失(ce): 0.098955
2025-08-19 19:42:05 | INFO     |     准确率: 0.964286
2025-08-19 19:42:05 | INFO     |     学习率: 0.00005000
2025-08-19 19:42:05 | INFO     |   验证指标(标准CE):
2025-08-19 19:42:05 | INFO     |     损失: 0.125988
2025-08-19 19:42:05 | INFO     |     准确率: 0.953083
2025-08-19 19:42:05 | INFO     |     F1(macro): 0.955963
2025-08-19 19:42:05 | INFO     |     F1(weighted): 0.953922
2025-08-19 19:42:05 | INFO     |     精确率: 0.962604
2025-08-19 19:42:05 | INFO     |     召回率: 0.954346
2025-08-19 19:42:05 | INFO     |   学习率调度器: f1_based
2025-08-19 19:42:05 | INFO     | ------------------------------------------------------------
2025-08-19 19:42:05 | INFO     | Epoch  46 | Train: Loss=0.0990, Acc=0.9643 | Val: Loss=0.1260, Acc=0.9531, F1=0.9539 | LR=0.000050 
2025-08-19 19:46:49 | INFO     | Epoch 47:
2025-08-19 19:46:49 | INFO     |   训练指标:
2025-08-19 19:46:49 | INFO     |     损失(ce): 0.092867
2025-08-19 19:46:49 | INFO     |     准确率: 0.967136
2025-08-19 19:46:49 | INFO     |     学习率: 0.00005000
2025-08-19 19:46:49 | INFO     |   验证指标(标准CE):
2025-08-19 19:46:49 | INFO     |     损失: 0.149918
2025-08-19 19:46:49 | INFO     |     准确率: 0.958445
2025-08-19 19:46:49 | INFO     |     F1(macro): 0.959546
2025-08-19 19:46:49 | INFO     |     F1(weighted): 0.958221
2025-08-19 19:46:49 | INFO     |     精确率: 0.964509
2025-08-19 19:46:49 | INFO     |     召回率: 0.960386
2025-08-19 19:46:49 | INFO     |   学习率调度器: f1_based
2025-08-19 19:46:49 | INFO     | ------------------------------------------------------------
2025-08-19 19:46:49 | INFO     | Epoch  47 | Train: Loss=0.0929, Acc=0.9671 | Val: Loss=0.1499, Acc=0.9584, F1=0.9582 | LR=0.000050 
2025-08-19 19:51:34 | INFO     | Epoch 48:
2025-08-19 19:51:34 | INFO     |   训练指标:
2025-08-19 19:51:34 | INFO     |     损失(ce): 0.097381
2025-08-19 19:51:34 | INFO     |     准确率: 0.965962
2025-08-19 19:51:34 | INFO     |     学习率: 0.00005000
2025-08-19 19:51:34 | INFO     |   验证指标(标准CE):
2025-08-19 19:51:34 | INFO     |     损失: 0.175365
2025-08-19 19:51:34 | INFO     |     准确率: 0.951743
2025-08-19 19:51:34 | INFO     |     F1(macro): 0.954102
2025-08-19 19:51:34 | INFO     |     F1(weighted): 0.952636
2025-08-19 19:51:34 | INFO     |     精确率: 0.959653
2025-08-19 19:51:34 | INFO     |     召回率: 0.952527
2025-08-19 19:51:34 | INFO     |   学习率调度器: f1_based
2025-08-19 19:51:34 | INFO     | ------------------------------------------------------------
2025-08-19 19:51:34 | INFO     | Epoch  48 | Train: Loss=0.0974, Acc=0.9660 | Val: Loss=0.1754, Acc=0.9517, F1=0.9526 | LR=0.000050 
2025-08-19 19:56:18 | INFO     | Epoch 49:
2025-08-19 19:56:18 | INFO     |   训练指标:
2025-08-19 19:56:18 | INFO     |     损失(ce): 0.084556
2025-08-19 19:56:18 | INFO     |     准确率: 0.968813
2025-08-19 19:56:18 | INFO     |     学习率: 0.00005000
2025-08-19 19:56:18 | INFO     |   验证指标(标准CE):
2025-08-19 19:56:18 | INFO     |     损失: 0.101210
2025-08-19 19:56:18 | INFO     |     准确率: 0.967828
2025-08-19 19:56:18 | INFO     |     F1(macro): 0.968242
2025-08-19 19:56:18 | INFO     |     F1(weighted): 0.967558
2025-08-19 19:56:18 | INFO     |     精确率: 0.971401
2025-08-19 19:56:18 | INFO     |     召回率: 0.968646
2025-08-19 19:56:18 | INFO     |   学习率调度器: f1_based
2025-08-19 19:56:18 | INFO     | ------------------------------------------------------------
2025-08-19 19:56:18 | INFO     | Epoch  49 | Train: Loss=0.0846, Acc=0.9688 | Val: Loss=0.1012, Acc=0.9678, F1=0.9676 | LR=0.000050 🏆 [最佳模型]
2025-08-19 20:01:02 | INFO     | Epoch 50:
2025-08-19 20:01:02 | INFO     |   训练指标:
2025-08-19 20:01:02 | INFO     |     损失(ce): 0.094635
2025-08-19 20:01:02 | INFO     |     准确率: 0.965795
2025-08-19 20:01:02 | INFO     |     学习率: 0.00005000
2025-08-19 20:01:02 | INFO     |   验证指标(标准CE):
2025-08-19 20:01:02 | INFO     |     损失: 0.321554
2025-08-19 20:01:02 | INFO     |     准确率: 0.917560
2025-08-19 20:01:02 | INFO     |     F1(macro): 0.922590
2025-08-19 20:01:02 | INFO     |     F1(weighted): 0.919732
2025-08-19 20:01:02 | INFO     |     精确率: 0.931982
2025-08-19 20:01:02 | INFO     |     召回率: 0.921265
2025-08-19 20:01:02 | INFO     |   学习率调度器: f1_based
2025-08-19 20:01:02 | INFO     | ------------------------------------------------------------
2025-08-19 20:01:02 | INFO     | Epoch  50 | Train: Loss=0.0946, Acc=0.9658 | Val: Loss=0.3216, Acc=0.9176, F1=0.9197 | LR=0.000050 
2025-08-19 20:05:46 | INFO     | Epoch 51:
2025-08-19 20:05:46 | INFO     |   训练指标:
2025-08-19 20:05:46 | INFO     |     损失(ce): 0.106025
2025-08-19 20:05:46 | INFO     |     准确率: 0.966465
2025-08-19 20:05:46 | INFO     |     学习率: 0.00005000
2025-08-19 20:05:46 | INFO     |   验证指标(标准CE):
2025-08-19 20:05:46 | INFO     |     损失: 0.152407
2025-08-19 20:05:46 | INFO     |     准确率: 0.957775
2025-08-19 20:05:46 | INFO     |     F1(macro): 0.958917
2025-08-19 20:05:46 | INFO     |     F1(weighted): 0.957728
2025-08-19 20:05:46 | INFO     |     精确率: 0.962500
2025-08-19 20:05:46 | INFO     |     召回率: 0.960220
2025-08-19 20:05:46 | INFO     |   学习率调度器: f1_based
2025-08-19 20:05:46 | INFO     | ------------------------------------------------------------
2025-08-19 20:05:46 | INFO     | Epoch  51 | Train: Loss=0.1060, Acc=0.9665 | Val: Loss=0.1524, Acc=0.9578, F1=0.9577 | LR=0.000050 
2025-08-19 20:10:29 | INFO     | Epoch 52:
2025-08-19 20:10:29 | INFO     |   训练指标:
2025-08-19 20:10:29 | INFO     |     损失(ce): 0.102693
2025-08-19 20:10:29 | INFO     |     准确率: 0.968310
2025-08-19 20:10:29 | INFO     |     学习率: 0.00005000
2025-08-19 20:10:29 | INFO     |   验证指标(标准CE):
2025-08-19 20:10:29 | INFO     |     损失: 0.309264
2025-08-19 20:10:29 | INFO     |     准确率: 0.935657
2025-08-19 20:10:29 | INFO     |     F1(macro): 0.938948
2025-08-19 20:10:29 | INFO     |     F1(weighted): 0.937063
2025-08-19 20:10:29 | INFO     |     精确率: 0.945550
2025-08-19 20:10:29 | INFO     |     召回率: 0.938662
2025-08-19 20:10:29 | INFO     |   学习率调度器: f1_based
2025-08-19 20:10:29 | INFO     | ------------------------------------------------------------
2025-08-19 20:10:29 | INFO     | Epoch  52 | Train: Loss=0.1027, Acc=0.9683 | Val: Loss=0.3093, Acc=0.9357, F1=0.9371 | LR=0.000050 
2025-08-19 20:15:13 | INFO     | Epoch 53:
2025-08-19 20:15:13 | INFO     |   训练指标:
2025-08-19 20:15:13 | INFO     |     损失(ce): 0.098032
2025-08-19 20:15:13 | INFO     |     准确率: 0.966801
2025-08-19 20:15:13 | INFO     |     学习率: 0.00005000
2025-08-19 20:15:13 | INFO     |   验证指标(标准CE):
2025-08-19 20:15:13 | INFO     |     损失: 0.169425
2025-08-19 20:15:13 | INFO     |     准确率: 0.947721
2025-08-19 20:15:13 | INFO     |     F1(macro): 0.950394
2025-08-19 20:15:13 | INFO     |     F1(weighted): 0.948496
2025-08-19 20:15:13 | INFO     |     精确率: 0.956330
2025-08-19 20:15:13 | INFO     |     召回率: 0.949725
2025-08-19 20:15:13 | INFO     |   学习率调度器: f1_based
2025-08-19 20:15:13 | INFO     | ------------------------------------------------------------
2025-08-19 20:15:13 | INFO     | Epoch  53 | Train: Loss=0.0980, Acc=0.9668 | Val: Loss=0.1694, Acc=0.9477, F1=0.9485 | LR=0.000050 
2025-08-19 20:19:57 | INFO     | Epoch 54:
2025-08-19 20:19:57 | INFO     |   训练指标:
2025-08-19 20:19:57 | INFO     |     损失(ce): 0.095425
2025-08-19 20:19:57 | INFO     |     准确率: 0.967471
2025-08-19 20:19:57 | INFO     |     学习率: 0.00005000
2025-08-19 20:19:57 | INFO     |   验证指标(标准CE):
2025-08-19 20:19:57 | INFO     |     损失: 0.148410
2025-08-19 20:19:57 | INFO     |     准确率: 0.953083
2025-08-19 20:19:57 | INFO     |     F1(macro): 0.954857
2025-08-19 20:19:57 | INFO     |     F1(weighted): 0.953058
2025-08-19 20:19:57 | INFO     |     精确率: 0.957865
2025-08-19 20:19:57 | INFO     |     召回率: 0.955512
2025-08-19 20:19:57 | INFO     |   学习率调度器: f1_based
2025-08-19 20:19:57 | INFO     | ------------------------------------------------------------
2025-08-19 20:19:57 | INFO     | Epoch  54 | Train: Loss=0.0954, Acc=0.9675 | Val: Loss=0.1484, Acc=0.9531, F1=0.9531 | LR=0.000050 
2025-08-19 20:24:41 | INFO     | Epoch 55:
2025-08-19 20:24:41 | INFO     |   训练指标:
2025-08-19 20:24:41 | INFO     |     损失(ce): 0.098468
2025-08-19 20:24:41 | INFO     |     准确率: 0.966801
2025-08-19 20:24:41 | INFO     |     学习率: 0.00005000
2025-08-19 20:24:41 | INFO     |   验证指标(标准CE):
2025-08-19 20:24:41 | INFO     |     损失: 0.231047
2025-08-19 20:24:41 | INFO     |     准确率: 0.941689
2025-08-19 20:24:41 | INFO     |     F1(macro): 0.943109
2025-08-19 20:24:41 | INFO     |     F1(weighted): 0.941721
2025-08-19 20:24:41 | INFO     |     精确率: 0.947063
2025-08-19 20:24:41 | INFO     |     召回率: 0.944802
2025-08-19 20:24:41 | INFO     |   学习率调度器: f1_based
2025-08-19 20:24:41 | INFO     | ------------------------------------------------------------
2025-08-19 20:24:41 | INFO     | Epoch  55 | Train: Loss=0.0985, Acc=0.9668 | Val: Loss=0.2310, Acc=0.9417, F1=0.9417 | LR=0.000050 
2025-08-19 20:29:24 | INFO     | Epoch 56:
2025-08-19 20:29:24 | INFO     |   训练指标:
2025-08-19 20:29:24 | INFO     |     损失(ce): 0.088607
2025-08-19 20:29:24 | INFO     |     准确率: 0.970490
2025-08-19 20:29:24 | INFO     |     学习率: 0.00005000
2025-08-19 20:29:24 | INFO     |   验证指标(标准CE):
2025-08-19 20:29:24 | INFO     |     损失: 0.112476
2025-08-19 20:29:24 | INFO     |     准确率: 0.965818
2025-08-19 20:29:24 | INFO     |     F1(macro): 0.966616
2025-08-19 20:29:24 | INFO     |     F1(weighted): 0.965765
2025-08-19 20:29:24 | INFO     |     精确率: 0.969757
2025-08-19 20:29:24 | INFO     |     召回率: 0.967627
2025-08-19 20:29:24 | INFO     |   学习率调度器: f1_based
2025-08-19 20:29:24 | INFO     | ------------------------------------------------------------
2025-08-19 20:29:24 | INFO     | Epoch  56 | Train: Loss=0.0886, Acc=0.9705 | Val: Loss=0.1125, Acc=0.9658, F1=0.9658 | LR=0.000050 
2025-08-19 20:34:08 | INFO     | Epoch 57:
2025-08-19 20:34:08 | INFO     |   训练指标:
2025-08-19 20:34:08 | INFO     |     损失(ce): 0.087632
2025-08-19 20:34:08 | INFO     |     准确率: 0.974849
2025-08-19 20:34:08 | INFO     |     学习率: 0.00005000
2025-08-19 20:34:08 | INFO     |   验证指标(标准CE):
2025-08-19 20:34:08 | INFO     |     损失: 0.194298
2025-08-19 20:34:08 | INFO     |     准确率: 0.950402
2025-08-19 20:34:08 | INFO     |     F1(macro): 0.951982
2025-08-19 20:34:08 | INFO     |     F1(weighted): 0.950664
2025-08-19 20:34:08 | INFO     |     精确率: 0.956391
2025-08-19 20:34:08 | INFO     |     召回率: 0.951834
2025-08-19 20:34:08 | INFO     |   学习率调度器: f1_based
2025-08-19 20:34:08 | INFO     | ------------------------------------------------------------
2025-08-19 20:34:08 | INFO     | 🎯 学习率调整事件:
2025-08-19 20:34:08 | INFO     |   调度器类型: f1_based
2025-08-19 20:34:08 | INFO     |   学习率变化: 0.00005000 → 0.00002500
2025-08-19 20:34:08 | INFO     |   触发条件: F1分数 = 0.950664
2025-08-19 20:34:08 | INFO     |   变化幅度: -50.00%
2025-08-19 20:34:08 | INFO     | ------------------------------------------------------------
2025-08-19 20:34:08 | INFO     | Epoch  57 | Train: Loss=0.0876, Acc=0.9748 | Val: Loss=0.1943, Acc=0.9504, F1=0.9507 | LR=0.000025 
2025-08-19 20:38:52 | INFO     | Epoch 58:
2025-08-19 20:38:52 | INFO     |   训练指标:
2025-08-19 20:38:52 | INFO     |     损失(ce): 0.066933
2025-08-19 20:38:52 | INFO     |     准确率: 0.975687
2025-08-19 20:38:52 | INFO     |     学习率: 0.00002500
2025-08-19 20:38:52 | INFO     |   验证指标(标准CE):
2025-08-19 20:38:52 | INFO     |     损失: 0.109379
2025-08-19 20:38:52 | INFO     |     准确率: 0.973190
2025-08-19 20:38:52 | INFO     |     F1(macro): 0.974070
2025-08-19 20:38:52 | INFO     |     F1(weighted): 0.973414
2025-08-19 20:38:52 | INFO     |     精确率: 0.976113
2025-08-19 20:38:52 | INFO     |     召回率: 0.973426
2025-08-19 20:38:52 | INFO     |   学习率调度器: f1_based
2025-08-19 20:38:52 | INFO     | ------------------------------------------------------------
2025-08-19 20:38:52 | INFO     | Epoch  58 | Train: Loss=0.0669, Acc=0.9757 | Val: Loss=0.1094, Acc=0.9732, F1=0.9734 | LR=0.000025 🏆 [最佳模型]
2025-08-19 20:43:37 | INFO     | Epoch 59:
2025-08-19 20:43:37 | INFO     |   训练指标:
2025-08-19 20:43:37 | INFO     |     损失(ce): 0.059812
2025-08-19 20:43:37 | INFO     |     准确率: 0.977700
2025-08-19 20:43:37 | INFO     |     学习率: 0.00002500
2025-08-19 20:43:37 | INFO     |   验证指标(标准CE):
2025-08-19 20:43:37 | INFO     |     损失: 0.120704
2025-08-19 20:43:37 | INFO     |     准确率: 0.967158
2025-08-19 20:43:37 | INFO     |     F1(macro): 0.967584
2025-08-19 20:43:37 | INFO     |     F1(weighted): 0.967203
2025-08-19 20:43:37 | INFO     |     精确率: 0.970120
2025-08-19 20:43:37 | INFO     |     召回率: 0.966870
2025-08-19 20:43:37 | INFO     |   学习率调度器: f1_based
2025-08-19 20:43:37 | INFO     | ------------------------------------------------------------
2025-08-19 20:43:37 | INFO     | Epoch  59 | Train: Loss=0.0598, Acc=0.9777 | Val: Loss=0.1207, Acc=0.9672, F1=0.9672 | LR=0.000025 
2025-08-19 20:48:21 | INFO     | Epoch 60:
2025-08-19 20:48:21 | INFO     |   训练指标:
2025-08-19 20:48:21 | INFO     |     损失(ce): 0.061476
2025-08-19 20:48:21 | INFO     |     准确率: 0.978873
2025-08-19 20:48:21 | INFO     |     学习率: 0.00002500
2025-08-19 20:48:21 | INFO     |   验证指标(标准CE):
2025-08-19 20:48:21 | INFO     |     损失: 0.152216
2025-08-19 20:48:21 | INFO     |     准确率: 0.963137
2025-08-19 20:48:21 | INFO     |     F1(macro): 0.964161
2025-08-19 20:48:21 | INFO     |     F1(weighted): 0.963317
2025-08-19 20:48:21 | INFO     |     精确率: 0.970056
2025-08-19 20:48:21 | INFO     |     召回率: 0.963510
2025-08-19 20:48:21 | INFO     |   学习率调度器: f1_based
2025-08-19 20:48:21 | INFO     | ------------------------------------------------------------
2025-08-19 20:48:21 | INFO     | Epoch  60 | Train: Loss=0.0615, Acc=0.9789 | Val: Loss=0.1522, Acc=0.9631, F1=0.9633 | LR=0.000025 
2025-08-19 20:53:05 | INFO     | Epoch 61:
2025-08-19 20:53:05 | INFO     |   训练指标:
2025-08-19 20:53:05 | INFO     |     损失(ce): 0.050789
2025-08-19 20:53:05 | INFO     |     准确率: 0.981556
2025-08-19 20:53:05 | INFO     |     学习率: 0.00002500
2025-08-19 20:53:05 | INFO     |   验证指标(标准CE):
2025-08-19 20:53:05 | INFO     |     损失: 0.114390
2025-08-19 20:53:05 | INFO     |     准确率: 0.965818
2025-08-19 20:53:05 | INFO     |     F1(macro): 0.966632
2025-08-19 20:53:05 | INFO     |     F1(weighted): 0.965871
2025-08-19 20:53:05 | INFO     |     精确率: 0.968226
2025-08-19 20:53:05 | INFO     |     召回率: 0.966748
2025-08-19 20:53:05 | INFO     |   学习率调度器: f1_based
2025-08-19 20:53:05 | INFO     | ------------------------------------------------------------
2025-08-19 20:53:05 | INFO     | Epoch  61 | Train: Loss=0.0508, Acc=0.9816 | Val: Loss=0.1144, Acc=0.9658, F1=0.9659 | LR=0.000025 
2025-08-19 20:57:49 | INFO     | Epoch 62:
2025-08-19 20:57:49 | INFO     |   训练指标:
2025-08-19 20:57:49 | INFO     |     损失(ce): 0.055071
2025-08-19 20:57:49 | INFO     |     准确率: 0.979376
2025-08-19 20:57:49 | INFO     |     学习率: 0.00002500
2025-08-19 20:57:49 | INFO     |   验证指标(标准CE):
2025-08-19 20:57:49 | INFO     |     损失: 0.165771
2025-08-19 20:57:49 | INFO     |     准确率: 0.953083
2025-08-19 20:57:49 | INFO     |     F1(macro): 0.954443
2025-08-19 20:57:49 | INFO     |     F1(weighted): 0.953094
2025-08-19 20:57:49 | INFO     |     精确率: 0.957124
2025-08-19 20:57:49 | INFO     |     召回率: 0.954645
2025-08-19 20:57:49 | INFO     |   学习率调度器: f1_based
2025-08-19 20:57:49 | INFO     | ------------------------------------------------------------
2025-08-19 20:57:49 | INFO     | Epoch  62 | Train: Loss=0.0551, Acc=0.9794 | Val: Loss=0.1658, Acc=0.9531, F1=0.9531 | LR=0.000025 
2025-08-19 21:02:32 | INFO     | Epoch 63:
2025-08-19 21:02:32 | INFO     |   训练指标:
2025-08-19 21:02:32 | INFO     |     损失(ce): 0.052620
2025-08-19 21:02:32 | INFO     |     准确率: 0.980550
2025-08-19 21:02:32 | INFO     |     学习率: 0.00002500
2025-08-19 21:02:32 | INFO     |   验证指标(标准CE):
2025-08-19 21:02:32 | INFO     |     损失: 0.127369
2025-08-19 21:02:32 | INFO     |     准确率: 0.964477
2025-08-19 21:02:32 | INFO     |     F1(macro): 0.965588
2025-08-19 21:02:32 | INFO     |     F1(weighted): 0.964608
2025-08-19 21:02:32 | INFO     |     精确率: 0.967861
2025-08-19 21:02:32 | INFO     |     召回率: 0.965050
2025-08-19 21:02:32 | INFO     |   学习率调度器: f1_based
2025-08-19 21:02:32 | INFO     | ------------------------------------------------------------
2025-08-19 21:02:32 | INFO     | Epoch  63 | Train: Loss=0.0526, Acc=0.9805 | Val: Loss=0.1274, Acc=0.9645, F1=0.9646 | LR=0.000025 
2025-08-19 21:07:16 | INFO     | Epoch 64:
2025-08-19 21:07:16 | INFO     |   训练指标:
2025-08-19 21:07:16 | INFO     |     损失(ce): 0.056806
2025-08-19 21:07:16 | INFO     |     准确率: 0.980885
2025-08-19 21:07:16 | INFO     |     学习率: 0.00002500
2025-08-19 21:07:16 | INFO     |   验证指标(标准CE):
2025-08-19 21:07:16 | INFO     |     损失: 0.112867
2025-08-19 21:07:16 | INFO     |     准确率: 0.969839
2025-08-19 21:07:16 | INFO     |     F1(macro): 0.970409
2025-08-19 21:07:16 | INFO     |     F1(weighted): 0.969709
2025-08-19 21:07:16 | INFO     |     精确率: 0.972142
2025-08-19 21:07:16 | INFO     |     召回率: 0.970919
2025-08-19 21:07:16 | INFO     |   学习率调度器: f1_based
2025-08-19 21:07:16 | INFO     | ------------------------------------------------------------
2025-08-19 21:07:16 | INFO     | Epoch  64 | Train: Loss=0.0568, Acc=0.9809 | Val: Loss=0.1129, Acc=0.9698, F1=0.9697 | LR=0.000025 
2025-08-19 21:12:00 | INFO     | Epoch 65:
2025-08-19 21:12:00 | INFO     |   训练指标:
2025-08-19 21:12:00 | INFO     |     损失(ce): 0.055703
2025-08-19 21:12:00 | INFO     |     准确率: 0.979544
2025-08-19 21:12:00 | INFO     |     学习率: 0.00002500
2025-08-19 21:12:00 | INFO     |   验证指标(标准CE):
2025-08-19 21:12:00 | INFO     |     损失: 0.146486
2025-08-19 21:12:00 | INFO     |     准确率: 0.965147
2025-08-19 21:12:00 | INFO     |     F1(macro): 0.966047
2025-08-19 21:12:00 | INFO     |     F1(weighted): 0.965274
2025-08-19 21:12:00 | INFO     |     精确率: 0.969678
2025-08-19 21:12:00 | INFO     |     召回率: 0.966510
2025-08-19 21:12:00 | INFO     |   学习率调度器: f1_based
2025-08-19 21:12:00 | INFO     | ------------------------------------------------------------
2025-08-19 21:12:00 | INFO     | Epoch  65 | Train: Loss=0.0557, Acc=0.9795 | Val: Loss=0.1465, Acc=0.9651, F1=0.9653 | LR=0.000025 
2025-08-19 21:16:43 | INFO     | Epoch 66:
2025-08-19 21:16:43 | INFO     |   训练指标:
2025-08-19 21:16:43 | INFO     |     损失(ce): 0.056719
2025-08-19 21:16:43 | INFO     |     准确率: 0.980718
2025-08-19 21:16:43 | INFO     |     学习率: 0.00002500
2025-08-19 21:16:43 | INFO     |   验证指标(标准CE):
2025-08-19 21:16:43 | INFO     |     损失: 0.116300
2025-08-19 21:16:43 | INFO     |     准确率: 0.967158
2025-08-19 21:16:43 | INFO     |     F1(macro): 0.967806
2025-08-19 21:16:43 | INFO     |     F1(weighted): 0.967279
2025-08-19 21:16:43 | INFO     |     精确率: 0.968645
2025-08-19 21:16:43 | INFO     |     召回率: 0.967955
2025-08-19 21:16:43 | INFO     |   学习率调度器: f1_based
2025-08-19 21:16:43 | INFO     | ------------------------------------------------------------
2025-08-19 21:16:43 | INFO     | Epoch  66 | Train: Loss=0.0567, Acc=0.9807 | Val: Loss=0.1163, Acc=0.9672, F1=0.9673 | LR=0.000025 
2025-08-19 21:21:27 | INFO     | Epoch 67:
2025-08-19 21:21:27 | INFO     |   训练指标:
2025-08-19 21:21:27 | INFO     |     损失(ce): 0.049245
2025-08-19 21:21:27 | INFO     |     准确率: 0.981891
2025-08-19 21:21:27 | INFO     |     学习率: 0.00002500
2025-08-19 21:21:27 | INFO     |   验证指标(标准CE):
2025-08-19 21:21:27 | INFO     |     损失: 0.129401
2025-08-19 21:21:27 | INFO     |     准确率: 0.965147
2025-08-19 21:21:27 | INFO     |     F1(macro): 0.965380
2025-08-19 21:21:27 | INFO     |     F1(weighted): 0.964963
2025-08-19 21:21:27 | INFO     |     精确率: 0.969166
2025-08-19 21:21:27 | INFO     |     召回率: 0.965426
2025-08-19 21:21:27 | INFO     |   学习率调度器: f1_based
2025-08-19 21:21:27 | INFO     | ------------------------------------------------------------
2025-08-19 21:21:27 | INFO     | 🎯 学习率调整事件:
2025-08-19 21:21:27 | INFO     |   调度器类型: f1_based
2025-08-19 21:21:27 | INFO     |   学习率变化: 0.00002500 → 0.00001250
2025-08-19 21:21:27 | INFO     |   触发条件: F1分数 = 0.964963
2025-08-19 21:21:27 | INFO     |   变化幅度: -50.00%
2025-08-19 21:21:27 | INFO     | ------------------------------------------------------------
2025-08-19 21:21:27 | INFO     | Epoch  67 | Train: Loss=0.0492, Acc=0.9819 | Val: Loss=0.1294, Acc=0.9651, F1=0.9650 | LR=0.000013 
2025-08-19 21:26:11 | INFO     | Epoch 68:
2025-08-19 21:26:11 | INFO     |   训练指标:
2025-08-19 21:26:11 | INFO     |     损失(ce): 0.039677
2025-08-19 21:26:11 | INFO     |     准确率: 0.984239
2025-08-19 21:26:11 | INFO     |     学习率: 0.00001250
2025-08-19 21:26:11 | INFO     |   验证指标(标准CE):
2025-08-19 21:26:11 | INFO     |     损失: 0.136443
2025-08-19 21:26:11 | INFO     |     准确率: 0.968499
2025-08-19 21:26:11 | INFO     |     F1(macro): 0.968925
2025-08-19 21:26:11 | INFO     |     F1(weighted): 0.968561
2025-08-19 21:26:11 | INFO     |     精确率: 0.971732
2025-08-19 21:26:11 | INFO     |     召回率: 0.969402
2025-08-19 21:26:11 | INFO     |   学习率调度器: f1_based
2025-08-19 21:26:11 | INFO     | ------------------------------------------------------------
2025-08-19 21:26:11 | INFO     | Epoch  68 | Train: Loss=0.0397, Acc=0.9842 | Val: Loss=0.1364, Acc=0.9685, F1=0.9686 | LR=0.000013 
2025-08-19 21:31:05 | INFO     | Epoch 69:
2025-08-19 21:31:05 | INFO     |   训练指标:
2025-08-19 21:31:05 | INFO     |     损失(ce): 0.039045
2025-08-19 21:31:05 | INFO     |     准确率: 0.986251
2025-08-19 21:31:05 | INFO     |     学习率: 0.00001250
2025-08-19 21:31:05 | INFO     |   验证指标(标准CE):
2025-08-19 21:31:05 | INFO     |     损失: 0.109923
2025-08-19 21:31:05 | INFO     |     准确率: 0.963137
2025-08-19 21:31:05 | INFO     |     F1(macro): 0.964157
2025-08-19 21:31:05 | INFO     |     F1(weighted): 0.963254
2025-08-19 21:31:05 | INFO     |     精确率: 0.967805
2025-08-19 21:31:05 | INFO     |     召回率: 0.963628
2025-08-19 21:31:05 | INFO     |   学习率调度器: f1_based
2025-08-19 21:31:05 | INFO     | ------------------------------------------------------------
2025-08-19 21:31:05 | INFO     | Epoch  69 | Train: Loss=0.0390, Acc=0.9863 | Val: Loss=0.1099, Acc=0.9631, F1=0.9633 | LR=0.000013 
2025-08-19 21:36:02 | INFO     | Epoch 70:
2025-08-19 21:36:02 | INFO     |   训练指标:
2025-08-19 21:36:02 | INFO     |     损失(ce): 0.036607
2025-08-19 21:36:02 | INFO     |     准确率: 0.985245
2025-08-19 21:36:02 | INFO     |     学习率: 0.00001250
2025-08-19 21:36:02 | INFO     |   验证指标(标准CE):
2025-08-19 21:36:02 | INFO     |     损失: 0.111197
2025-08-19 21:36:02 | INFO     |     准确率: 0.967158
2025-08-19 21:36:02 | INFO     |     F1(macro): 0.967615
2025-08-19 21:36:02 | INFO     |     F1(weighted): 0.967225
2025-08-19 21:36:02 | INFO     |     精确率: 0.969196
2025-08-19 21:36:02 | INFO     |     召回率: 0.967996
2025-08-19 21:36:02 | INFO     |   学习率调度器: f1_based
2025-08-19 21:36:02 | INFO     | ------------------------------------------------------------
2025-08-19 21:36:02 | INFO     | Epoch  70 | Train: Loss=0.0366, Acc=0.9852 | Val: Loss=0.1112, Acc=0.9672, F1=0.9672 | LR=0.000013 
2025-08-19 21:40:56 | INFO     | Epoch 71:
2025-08-19 21:40:56 | INFO     |   训练指标:
2025-08-19 21:40:56 | INFO     |     损失(ce): 0.036173
2025-08-19 21:40:56 | INFO     |     准确率: 0.985580
2025-08-19 21:40:56 | INFO     |     学习率: 0.00001250
2025-08-19 21:40:56 | INFO     |   验证指标(标准CE):
2025-08-19 21:40:56 | INFO     |     损失: 0.119589
2025-08-19 21:40:56 | INFO     |     准确率: 0.968499
2025-08-19 21:40:56 | INFO     |     F1(macro): 0.969298
2025-08-19 21:40:56 | INFO     |     F1(weighted): 0.968550
2025-08-19 21:40:56 | INFO     |     精确率: 0.972764
2025-08-19 21:40:56 | INFO     |     召回率: 0.968992
2025-08-19 21:40:56 | INFO     |   学习率调度器: f1_based
2025-08-19 21:40:56 | INFO     | ------------------------------------------------------------
2025-08-19 21:40:56 | INFO     | Epoch  71 | Train: Loss=0.0362, Acc=0.9856 | Val: Loss=0.1196, Acc=0.9685, F1=0.9686 | LR=0.000013 
2025-08-19 21:45:50 | INFO     | Epoch 72:
2025-08-19 21:45:50 | INFO     |   训练指标:
2025-08-19 21:45:50 | INFO     |     损失(ce): 0.031758
2025-08-19 21:45:50 | INFO     |     准确率: 0.986586
2025-08-19 21:45:50 | INFO     |     学习率: 0.00001250
2025-08-19 21:45:50 | INFO     |   验证指标(标准CE):
2025-08-19 21:45:50 | INFO     |     损失: 0.150844
2025-08-19 21:45:50 | INFO     |     准确率: 0.965818
2025-08-19 21:45:50 | INFO     |     F1(macro): 0.966519
2025-08-19 21:45:50 | INFO     |     F1(weighted): 0.965847
2025-08-19 21:45:50 | INFO     |     精确率: 0.968040
2025-08-19 21:45:50 | INFO     |     召回率: 0.966819
2025-08-19 21:45:50 | INFO     |   学习率调度器: f1_based
2025-08-19 21:45:50 | INFO     | ------------------------------------------------------------
2025-08-19 21:45:50 | INFO     | Epoch  72 | Train: Loss=0.0318, Acc=0.9866 | Val: Loss=0.1508, Acc=0.9658, F1=0.9658 | LR=0.000013 
2025-08-19 21:50:48 | INFO     | Epoch 73:
2025-08-19 21:50:48 | INFO     |   训练指标:
2025-08-19 21:50:48 | INFO     |     损失(ce): 0.037560
2025-08-19 21:50:48 | INFO     |     准确率: 0.986083
2025-08-19 21:50:48 | INFO     |     学习率: 0.00001250
2025-08-19 21:50:48 | INFO     |   验证指标(标准CE):
2025-08-19 21:50:48 | INFO     |     损失: 0.125927
2025-08-19 21:50:48 | INFO     |     准确率: 0.967158
2025-08-19 21:50:48 | INFO     |     F1(macro): 0.967738
2025-08-19 21:50:48 | INFO     |     F1(weighted): 0.966951
2025-08-19 21:50:48 | INFO     |     精确率: 0.969316
2025-08-19 21:50:48 | INFO     |     召回率: 0.968307
2025-08-19 21:50:48 | INFO     |   学习率调度器: f1_based
2025-08-19 21:50:48 | INFO     | ------------------------------------------------------------
2025-08-19 21:50:48 | INFO     | Epoch  73 | Train: Loss=0.0376, Acc=0.9861 | Val: Loss=0.1259, Acc=0.9672, F1=0.9670 | LR=0.000013 
2025-08-19 21:50:48 | INFO     | ⏹️ 早停触发，在第 73 轮停止训练
2025-08-19 21:51:16 | INFO     | 训练历史已保存到: ./result/0819_1602_DualGAF_DDAHU_DualGAFNet_film融合对比_sl96_step96_fd128_extractor-dilated_gaf-concat_attention-channel_classifier-mlp_stat-basic_fusion-film/training_history.csv
2025-08-19 21:51:16 | INFO     | 
====================================================================================================
2025-08-19 21:51:16 | INFO     | 🎉 训练完成总结:
2025-08-19 21:51:16 | INFO     |   训练损失函数: ce
2025-08-19 21:51:16 | INFO     |   验证损失函数: 标准交叉熵（遵循主流ML规范）
2025-08-19 21:51:16 | INFO     |   训练过程最佳验证准确率: 0.9732
2025-08-19 21:51:16 | INFO     |   训练过程最佳验证F1(macro): 0.9741
2025-08-19 21:51:16 | INFO     |   训练过程最佳验证F1(weighted): 0.9734
2025-08-19 21:51:16 | INFO     |   训练轮数: 73
2025-08-19 21:51:16 | INFO     | --------------------------------------------------
2025-08-19 21:51:16 | INFO     | 📊 最佳模型真实性能指标（基于标准交叉熵损失）:
2025-08-19 21:51:16 | INFO     |   验证损失(标准CE): 0.1094
2025-08-19 21:51:16 | INFO     |   验证准确率: 0.9732
2025-08-19 21:51:16 | INFO     |   验证F1(macro): 0.9741
2025-08-19 21:51:16 | INFO     |   验证F1(weighted): 0.9734
2025-08-19 21:51:16 | INFO     |   验证精确率: 0.9761
2025-08-19 21:51:16 | INFO     |   验证召回率: 0.9734
2025-08-19 21:51:16 | INFO     | ====================================================================================================
2025-08-19 21:51:19 | INFO     | ================================================================================
2025-08-19 21:51:19 | INFO     | 实验日志结束: DualGAF_DDAHU_DualGAFNet_film融合对比_sl96_step96_fd128_extractor-dilated_gaf-concat_attention-channel_classifier-mlp_stat-basic_fusion-film
2025-08-19 21:51:19 | INFO     | 结束时间: 2025-08-19 21:51:19
2025-08-19 21:51:19 | INFO     | ================================================================================
