2025-07-27 13:34:28 | INFO     | ================================================================================
2025-07-27 13:34:28 | INFO     | 实验日志开始: DualGAF_SimpleGAFNet_消融-直接卷积-resnet_sl96_step96_fd128_extractor-dilated_gaf-adaptive_attention-channel_classifier-mlp_stat-basic_fusion-concat
2025-07-27 13:34:28 | INFO     | 日志文件: ./result/0727_1334_DualGAF_SimpleGAFNet_消融-直接卷积-resnet_sl96_step96_fd128_extractor-dilated_gaf-adaptive_attention-channel_classifier-mlp_stat-basic_fusion-concat/training.log
2025-07-27 13:34:28 | INFO     | 开始时间: 2025-07-27 13:34:28
2025-07-27 13:34:28 | INFO     | ================================================================================
2025-07-27 13:34:28 | INFO     | ⚙️ 实验配置:
2025-07-27 13:34:28 | INFO     |    task_name: classification
2025-07-27 13:34:28 | INFO     |    is_training: 1
2025-07-27 13:34:28 | INFO     |    model_id: test
2025-07-27 13:34:28 | INFO     |    model: SimpleGAFNet
2025-07-27 13:34:28 | INFO     |    data: DualGAF
2025-07-27 13:34:28 | INFO     |    root_path: ./dataset/SAHU/direct_5_working
2025-07-27 13:34:28 | INFO     |    step: 96
2025-07-27 13:34:28 | INFO     |    checkpoints: ./checkpoints/
2025-07-27 13:34:28 | INFO     |    num_class: 9
2025-07-27 13:34:28 | INFO     |    result_path: ./result/
2025-07-27 13:34:28 | INFO     |    test_size: 0.2
2025-07-27 13:34:28 | INFO     |    rows: None
2025-07-27 13:34:28 | INFO     |    seq_len: 96
2025-07-27 13:34:28 | INFO     |    enc_in: 26
2025-07-27 13:34:28 | INFO     |    d_model: 512
2025-07-27 13:34:28 | INFO     |    n_heads: 8
2025-07-27 13:34:28 | INFO     |    e_layers: 2
2025-07-27 13:34:28 | INFO     |    d_layers: 1
2025-07-27 13:34:28 | INFO     |    d_ff: 2048
2025-07-27 13:34:28 | INFO     |    moving_avg: 25
2025-07-27 13:34:28 | INFO     |    factor: 1
2025-07-27 13:34:28 | INFO     |    distil: True
2025-07-27 13:34:28 | INFO     |    dropout: 0.1
2025-07-27 13:34:28 | INFO     |    embed: timeF
2025-07-27 13:34:28 | INFO     |    activation: gelu
2025-07-27 13:34:28 | INFO     |    use_norm: 1
2025-07-27 13:34:28 | INFO     |    gaf_method: summation
2025-07-27 13:34:28 | INFO     |    feature_dim: 128
2025-07-27 13:34:28 | INFO     |    data_type_method: uint8
2025-07-27 13:34:28 | INFO     |    use_attention: True
2025-07-27 13:34:28 | INFO     |    hidden_dim: 64
2025-07-27 13:34:28 | INFO     |    sample_size: 1000
2025-07-27 13:34:28 | INFO     |    channel_groups: None
2025-07-27 13:34:28 | INFO     |    hvac_groups: None
2025-07-27 13:34:28 | INFO     |    extractor_type: dilated
2025-07-27 13:34:28 | INFO     |    fusion_type: adaptive
2025-07-27 13:34:28 | INFO     |    attention_type: channel
2025-07-27 13:34:28 | INFO     |    classifier_type: mlp
2025-07-27 13:34:28 | INFO     |    use_statistical_features: True
2025-07-27 13:34:28 | INFO     |    stat_type: basic
2025-07-27 13:34:28 | INFO     |    multimodal_fusion_strategy: concat
2025-07-27 13:34:28 | INFO     |    use_signal_level_stats: False
2025-07-27 13:34:28 | INFO     |    signal_stat_type: comprehensive
2025-07-27 13:34:28 | INFO     |    signal_stat_fusion_strategy: concat_project
2025-07-27 13:34:28 | INFO     |    signal_stat_feature_dim: 32
2025-07-27 13:34:28 | INFO     |    use_diff_branch: True
2025-07-27 13:34:28 | INFO     |    ablation_mode: none
2025-07-27 13:34:28 | INFO     |    backbone_type: resnet18
2025-07-27 13:34:28 | INFO     |    use_sum_branch: True
2025-07-27 13:34:28 | INFO     |    num_workers: 0
2025-07-27 13:34:28 | INFO     |    cuda_debug: False
2025-07-27 13:34:28 | INFO     |    gpu_memory_fraction: 0.9
2025-07-27 13:34:28 | INFO     |    safe_mode: True
2025-07-27 13:34:28 | INFO     |    drop_last_batch: True
2025-07-27 13:34:28 | INFO     |    itr: 1
2025-07-27 13:34:28 | INFO     |    train_epochs: 300
2025-07-27 13:34:28 | INFO     |    batch_size: 4
2025-07-27 13:34:28 | INFO     |    patience: 15
2025-07-27 13:34:28 | INFO     |    learning_rate: 0.0001
2025-07-27 13:34:28 | INFO     |    des: 消融-直接卷积-resnet
2025-07-27 13:34:28 | INFO     |    loss: MSE
2025-07-27 13:34:28 | INFO     |    lradj: type1
2025-07-27 13:34:28 | INFO     |    lr_scheduler_type: f1_based
2025-07-27 13:34:28 | INFO     |    lr_loss_weight: 0.3
2025-07-27 13:34:28 | INFO     |    lr_f1_weight: 0.7
2025-07-27 13:34:28 | INFO     |    use_amp: False
2025-07-27 13:34:28 | INFO     |    gradient_accumulation_steps: 2
2025-07-27 13:34:28 | INFO     |    enable_auto_gradient_accumulation: True
2025-07-27 13:34:28 | INFO     |    loss_type: ce
2025-07-27 13:34:28 | INFO     |    label_smoothing: 0.1
2025-07-27 13:34:28 | INFO     |    focal_alpha: 1.0
2025-07-27 13:34:28 | INFO     |    focal_gamma: 2.0
2025-07-27 13:34:28 | INFO     |    confidence_penalty_beta: 0.1
2025-07-27 13:34:28 | INFO     |    use_timm_loss: True
2025-07-27 13:34:28 | INFO     |    adaptive_initial_smoothing: 0.2
2025-07-27 13:34:28 | INFO     |    adaptive_final_smoothing: 0.05
2025-07-27 13:34:28 | INFO     |    adaptive_decay_epochs: 30
2025-07-27 13:34:28 | INFO     |    enable_class_weights: False
2025-07-27 13:34:28 | INFO     |    class_weights: None
2025-07-27 13:34:28 | INFO     |    loss_preset: None
2025-07-27 13:34:28 | INFO     |    n_jobs: 1
2025-07-27 13:34:28 | INFO     |    use_multiprocessing: False
2025-07-27 13:34:28 | INFO     |    chunk_size: 800
2025-07-27 13:34:28 | INFO     |    disable_parallel: True
2025-07-27 13:34:28 | INFO     |    use_shared_memory: False
2025-07-27 13:34:28 | INFO     |    disable_shared_memory: False
2025-07-27 13:34:28 | INFO     |    use_gpu: True
2025-07-27 13:34:28 | INFO     |    gpu: 0
2025-07-27 13:34:28 | INFO     |    gpu_type: cuda
2025-07-27 13:34:28 | INFO     |    use_multi_gpu: False
2025-07-27 13:34:28 | INFO     |    devices: 0,1,2,3
2025-07-27 13:34:28 | INFO     |    device: cuda:0
2025-07-27 13:34:28 | INFO     |    feature_columns: ['CHWC_VLV', 'CHWC_VLV_DM', 'MA_TEMP', 'OA_CFM', 'OA_DMPR', 'OA_DMPR_DM', 'OA_TEMP', 'RA_CFM', 'RA_DMPR', 'RA_DMPR_DM', 'RA_TEMP', 'RF_CS', 'RF_SPD', 'RF_WAT', 'SA_CFM', 'SA_SP', 'SA_SPSPT', 'SA_TEMP', 'SF_CS', 'SF_SPD', 'SF_WAT', 'ZONE_TEMP_1', 'ZONE_TEMP_2', 'ZONE_TEMP_3', 'ZONE_TEMP_4', 'ZONE_TEMP_5']
2025-07-27 13:34:28 | INFO     | 🏗️ 模型信息:
2025-07-27 13:34:28 | INFO     |    模型类型: Model
2025-07-27 13:34:28 | INFO     |    总参数数量: 11,213,321
2025-07-27 13:34:28 | INFO     |    可训练参数: 11,213,321
2025-07-27 13:34:28 | INFO     |    模型大小估计: 42.78 MB
2025-07-27 13:34:28 | INFO     | 📊 数据集信息:
2025-07-27 13:34:28 | INFO     |    训练集大小: 3996
2025-07-27 13:34:28 | INFO     |    验证集大小: 999
2025-07-27 13:34:28 | INFO     | 
================================================================================
2025-07-27 13:34:28 | INFO     | 📋 损失函数使用策略（遵循主流机器学习规范）:
2025-07-27 13:34:28 | INFO     |    🎯 训练阶段: 使用 ce 损失函数
2025-07-27 13:34:28 | INFO     |       → 目的：优化模型参数，解决特定问题（类别不平衡、相似性等）
2025-07-27 13:34:28 | INFO     |    📊 验证阶段: 使用标准交叉熵损失函数
2025-07-27 13:34:28 | INFO     |       → 目的：客观评估模型性能，便于不同方法比较
2025-07-27 13:34:28 | INFO     |    📈 最终报告: 基于标准交叉熵损失的指标
2025-07-27 13:34:28 | INFO     |       → 目的：提供可信、可比较的性能指标
2025-07-27 13:34:28 | INFO     | ================================================================================

2025-07-27 13:34:28 | INFO     | 🔄 梯度累积配置: 每2轮累积一次梯度
2025-07-27 13:34:28 | INFO     |    实际batch_size: 4
2025-07-27 13:34:28 | INFO     |    有效batch_size: 8
2025-07-27 13:34:53 | INFO     | Epoch 1:
2025-07-27 13:34:53 | INFO     |   训练指标:
2025-07-27 13:34:53 | INFO     |     损失(ce): 1.898240
2025-07-27 13:34:53 | INFO     |     准确率: 0.293794
2025-07-27 13:34:53 | INFO     |     学习率: 0.00010000
2025-07-27 13:34:53 | INFO     |   验证指标(标准CE):
2025-07-27 13:34:53 | INFO     |     损失: 1.129353
2025-07-27 13:34:53 | INFO     |     准确率: 0.609610
2025-07-27 13:34:53 | INFO     |     F1(macro): 0.591081
2025-07-27 13:34:53 | INFO     |     F1(weighted): 0.595475
2025-07-27 13:34:53 | INFO     |     精确率: 0.588850
2025-07-27 13:34:53 | INFO     |     召回率: 0.603766
2025-07-27 13:34:53 | INFO     |   学习率调度器: f1_based
2025-07-27 13:34:53 | INFO     | ------------------------------------------------------------
2025-07-27 13:34:53 | INFO     | Epoch   1 | Train: Loss=1.8982, Acc=0.2938 | Val: Loss=1.1294, Acc=0.6096, F1=0.5955 | LR=0.000100 🏆 [最佳模型]
2025-07-27 13:35:10 | INFO     | Epoch 2:
2025-07-27 13:35:10 | INFO     |   训练指标:
2025-07-27 13:35:10 | INFO     |     损失(ce): 1.406046
2025-07-27 13:35:10 | INFO     |     准确率: 0.509009
2025-07-27 13:35:10 | INFO     |     学习率: 0.00010000
2025-07-27 13:35:10 | INFO     |   验证指标(标准CE):
2025-07-27 13:35:10 | INFO     |     损失: 1.086130
2025-07-27 13:35:10 | INFO     |     准确率: 0.583584
2025-07-27 13:35:10 | INFO     |     F1(macro): 0.582655
2025-07-27 13:35:10 | INFO     |     F1(weighted): 0.585896
2025-07-27 13:35:10 | INFO     |     精确率: 0.616717
2025-07-27 13:35:10 | INFO     |     召回率: 0.580102
2025-07-27 13:35:10 | INFO     |   学习率调度器: f1_based
2025-07-27 13:35:10 | INFO     | ------------------------------------------------------------
2025-07-27 13:35:10 | INFO     | Epoch   2 | Train: Loss=1.4060, Acc=0.5090 | Val: Loss=1.0861, Acc=0.5836, F1=0.5859 | LR=0.000100 
2025-07-27 13:35:27 | INFO     | Epoch 3:
2025-07-27 13:35:27 | INFO     |   训练指标:
2025-07-27 13:35:27 | INFO     |     损失(ce): 1.205894
2025-07-27 13:35:27 | INFO     |     准确率: 0.573574
2025-07-27 13:35:27 | INFO     |     学习率: 0.00010000
2025-07-27 13:35:27 | INFO     |   验证指标(标准CE):
2025-07-27 13:35:27 | INFO     |     损失: 0.872679
2025-07-27 13:35:27 | INFO     |     准确率: 0.666667
2025-07-27 13:35:27 | INFO     |     F1(macro): 0.661382
2025-07-27 13:35:27 | INFO     |     F1(weighted): 0.663828
2025-07-27 13:35:27 | INFO     |     精确率: 0.670936
2025-07-27 13:35:27 | INFO     |     召回率: 0.667478
2025-07-27 13:35:27 | INFO     |   学习率调度器: f1_based
2025-07-27 13:35:27 | INFO     | ------------------------------------------------------------
2025-07-27 13:35:27 | INFO     | Epoch   3 | Train: Loss=1.2059, Acc=0.5736 | Val: Loss=0.8727, Acc=0.6667, F1=0.6638 | LR=0.000100 🏆 [最佳模型]
2025-07-27 13:35:44 | INFO     | Epoch 4:
2025-07-27 13:35:44 | INFO     |   训练指标:
2025-07-27 13:35:44 | INFO     |     损失(ce): 1.059701
2025-07-27 13:35:44 | INFO     |     准确率: 0.622623
2025-07-27 13:35:44 | INFO     |     学习率: 0.00010000
2025-07-27 13:35:44 | INFO     |   验证指标(标准CE):
2025-07-27 13:35:44 | INFO     |     损失: 0.791387
2025-07-27 13:35:44 | INFO     |     准确率: 0.696697
2025-07-27 13:35:44 | INFO     |     F1(macro): 0.687881
2025-07-27 13:35:44 | INFO     |     F1(weighted): 0.695231
2025-07-27 13:35:44 | INFO     |     精确率: 0.698998
2025-07-27 13:35:44 | INFO     |     召回率: 0.692263
2025-07-27 13:35:44 | INFO     |   学习率调度器: f1_based
2025-07-27 13:35:44 | INFO     | ------------------------------------------------------------
2025-07-27 13:35:44 | INFO     | Epoch   4 | Train: Loss=1.0597, Acc=0.6226 | Val: Loss=0.7914, Acc=0.6967, F1=0.6952 | LR=0.000100 🏆 [最佳模型]
2025-07-27 13:36:01 | INFO     | Epoch 5:
2025-07-27 13:36:01 | INFO     |   训练指标:
2025-07-27 13:36:01 | INFO     |     损失(ce): 0.944498
2025-07-27 13:36:01 | INFO     |     准确率: 0.659409
2025-07-27 13:36:01 | INFO     |     学习率: 0.00010000
2025-07-27 13:36:01 | INFO     |   验证指标(标准CE):
2025-07-27 13:36:01 | INFO     |     损失: 0.699402
2025-07-27 13:36:01 | INFO     |     准确率: 0.743744
2025-07-27 13:36:01 | INFO     |     F1(macro): 0.728837
2025-07-27 13:36:01 | INFO     |     F1(weighted): 0.731987
2025-07-27 13:36:01 | INFO     |     精确率: 0.745495
2025-07-27 13:36:01 | INFO     |     召回率: 0.743538
2025-07-27 13:36:01 | INFO     |   学习率调度器: f1_based
2025-07-27 13:36:01 | INFO     | ------------------------------------------------------------
2025-07-27 13:36:01 | INFO     | Epoch   5 | Train: Loss=0.9445, Acc=0.6594 | Val: Loss=0.6994, Acc=0.7437, F1=0.7320 | LR=0.000100 🏆 [最佳模型]
2025-07-27 13:36:18 | INFO     | Epoch 6:
2025-07-27 13:36:18 | INFO     |   训练指标:
2025-07-27 13:36:18 | INFO     |     损失(ce): 0.850581
2025-07-27 13:36:18 | INFO     |     准确率: 0.692943
2025-07-27 13:36:18 | INFO     |     学习率: 0.00010000
2025-07-27 13:36:18 | INFO     |   验证指标(标准CE):
2025-07-27 13:36:18 | INFO     |     损失: 0.736112
2025-07-27 13:36:18 | INFO     |     准确率: 0.733734
2025-07-27 13:36:18 | INFO     |     F1(macro): 0.723463
2025-07-27 13:36:18 | INFO     |     F1(weighted): 0.729337
2025-07-27 13:36:18 | INFO     |     精确率: 0.727317
2025-07-27 13:36:18 | INFO     |     召回率: 0.726924
2025-07-27 13:36:18 | INFO     |   学习率调度器: f1_based
2025-07-27 13:36:18 | INFO     | ------------------------------------------------------------
2025-07-27 13:36:18 | INFO     | Epoch   6 | Train: Loss=0.8506, Acc=0.6929 | Val: Loss=0.7361, Acc=0.7337, F1=0.7293 | LR=0.000100 
2025-07-27 13:36:34 | INFO     | Epoch 7:
2025-07-27 13:36:34 | INFO     |   训练指标:
2025-07-27 13:36:34 | INFO     |     损失(ce): 0.774977
2025-07-27 13:36:34 | INFO     |     准确率: 0.715465
2025-07-27 13:36:34 | INFO     |     学习率: 0.00010000
2025-07-27 13:36:34 | INFO     |   验证指标(标准CE):
2025-07-27 13:36:34 | INFO     |     损失: 0.662466
2025-07-27 13:36:34 | INFO     |     准确率: 0.739740
2025-07-27 13:36:34 | INFO     |     F1(macro): 0.725822
2025-07-27 13:36:34 | INFO     |     F1(weighted): 0.728820
2025-07-27 13:36:34 | INFO     |     精确率: 0.733091
2025-07-27 13:36:34 | INFO     |     召回率: 0.739311
2025-07-27 13:36:34 | INFO     |   学习率调度器: f1_based
2025-07-27 13:36:34 | INFO     | ------------------------------------------------------------
2025-07-27 13:36:34 | INFO     | Epoch   7 | Train: Loss=0.7750, Acc=0.7155 | Val: Loss=0.6625, Acc=0.7397, F1=0.7288 | LR=0.000100 
2025-07-27 13:36:51 | INFO     | Epoch 8:
2025-07-27 13:36:51 | INFO     |   训练指标:
2025-07-27 13:36:51 | INFO     |     损失(ce): 0.727566
2025-07-27 13:36:51 | INFO     |     准确率: 0.737738
2025-07-27 13:36:51 | INFO     |     学习率: 0.00010000
2025-07-27 13:36:51 | INFO     |   验证指标(标准CE):
2025-07-27 13:36:51 | INFO     |     损失: 0.589160
2025-07-27 13:36:51 | INFO     |     准确率: 0.758759
2025-07-27 13:36:51 | INFO     |     F1(macro): 0.750975
2025-07-27 13:36:51 | INFO     |     F1(weighted): 0.754788
2025-07-27 13:36:51 | INFO     |     精确率: 0.756784
2025-07-27 13:36:51 | INFO     |     召回率: 0.755137
2025-07-27 13:36:51 | INFO     |   学习率调度器: f1_based
2025-07-27 13:36:51 | INFO     | ------------------------------------------------------------
2025-07-27 13:36:51 | INFO     | Epoch   8 | Train: Loss=0.7276, Acc=0.7377 | Val: Loss=0.5892, Acc=0.7588, F1=0.7548 | LR=0.000100 🏆 [最佳模型]
2025-07-27 13:37:08 | INFO     | Epoch 9:
2025-07-27 13:37:08 | INFO     |   训练指标:
2025-07-27 13:37:08 | INFO     |     损失(ce): 0.653927
2025-07-27 13:37:08 | INFO     |     准确率: 0.761261
2025-07-27 13:37:08 | INFO     |     学习率: 0.00010000
2025-07-27 13:37:08 | INFO     |   验证指标(标准CE):
2025-07-27 13:37:08 | INFO     |     损失: 0.711374
2025-07-27 13:37:08 | INFO     |     准确率: 0.726727
2025-07-27 13:37:08 | INFO     |     F1(macro): 0.711906
2025-07-27 13:37:08 | INFO     |     F1(weighted): 0.711599
2025-07-27 13:37:08 | INFO     |     精确率: 0.745814
2025-07-27 13:37:08 | INFO     |     召回率: 0.734498
2025-07-27 13:37:08 | INFO     |   学习率调度器: f1_based
2025-07-27 13:37:08 | INFO     | ------------------------------------------------------------
2025-07-27 13:37:08 | INFO     | Epoch   9 | Train: Loss=0.6539, Acc=0.7613 | Val: Loss=0.7114, Acc=0.7267, F1=0.7116 | LR=0.000100 
2025-07-27 13:37:24 | INFO     | Epoch 10:
2025-07-27 13:37:24 | INFO     |   训练指标:
2025-07-27 13:37:24 | INFO     |     损失(ce): 0.613740
2025-07-27 13:37:24 | INFO     |     准确率: 0.772773
2025-07-27 13:37:24 | INFO     |     学习率: 0.00010000
2025-07-27 13:37:24 | INFO     |   验证指标(标准CE):
2025-07-27 13:37:24 | INFO     |     损失: 0.620815
2025-07-27 13:37:24 | INFO     |     准确率: 0.765766
2025-07-27 13:37:24 | INFO     |     F1(macro): 0.759632
2025-07-27 13:37:24 | INFO     |     F1(weighted): 0.763714
2025-07-27 13:37:24 | INFO     |     精确率: 0.766872
2025-07-27 13:37:24 | INFO     |     召回率: 0.760483
2025-07-27 13:37:24 | INFO     |   学习率调度器: f1_based
2025-07-27 13:37:24 | INFO     | ------------------------------------------------------------
2025-07-27 13:37:24 | INFO     | Epoch  10 | Train: Loss=0.6137, Acc=0.7728 | Val: Loss=0.6208, Acc=0.7658, F1=0.7637 | LR=0.000100 🏆 [最佳模型]
2025-07-27 13:37:41 | INFO     | Epoch 11:
2025-07-27 13:37:41 | INFO     |   训练指标:
2025-07-27 13:37:41 | INFO     |     损失(ce): 0.549989
2025-07-27 13:37:41 | INFO     |     准确率: 0.794795
2025-07-27 13:37:41 | INFO     |     学习率: 0.00010000
2025-07-27 13:37:41 | INFO     |   验证指标(标准CE):
2025-07-27 13:37:41 | INFO     |     损失: 0.616773
2025-07-27 13:37:41 | INFO     |     准确率: 0.762763
2025-07-27 13:37:41 | INFO     |     F1(macro): 0.762228
2025-07-27 13:37:41 | INFO     |     F1(weighted): 0.763133
2025-07-27 13:37:41 | INFO     |     精确率: 0.788958
2025-07-27 13:37:41 | INFO     |     召回率: 0.764038
2025-07-27 13:37:41 | INFO     |   学习率调度器: f1_based
2025-07-27 13:37:41 | INFO     | ------------------------------------------------------------
2025-07-27 13:37:41 | INFO     | Epoch  11 | Train: Loss=0.5500, Acc=0.7948 | Val: Loss=0.6168, Acc=0.7628, F1=0.7631 | LR=0.000100 
2025-07-27 13:37:58 | INFO     | Epoch 12:
2025-07-27 13:37:58 | INFO     |   训练指标:
2025-07-27 13:37:58 | INFO     |     损失(ce): 0.544139
2025-07-27 13:37:58 | INFO     |     准确率: 0.791291
2025-07-27 13:37:58 | INFO     |     学习率: 0.00010000
2025-07-27 13:37:58 | INFO     |   验证指标(标准CE):
2025-07-27 13:37:58 | INFO     |     损失: 0.659125
2025-07-27 13:37:58 | INFO     |     准确率: 0.753754
2025-07-27 13:37:58 | INFO     |     F1(macro): 0.744825
2025-07-27 13:37:58 | INFO     |     F1(weighted): 0.746979
2025-07-27 13:37:58 | INFO     |     精确率: 0.750665
2025-07-27 13:37:58 | INFO     |     召回率: 0.753692
2025-07-27 13:37:58 | INFO     |   学习率调度器: f1_based
2025-07-27 13:37:58 | INFO     | ------------------------------------------------------------
2025-07-27 13:37:58 | INFO     | Epoch  12 | Train: Loss=0.5441, Acc=0.7913 | Val: Loss=0.6591, Acc=0.7538, F1=0.7470 | LR=0.000100 
2025-07-27 13:38:15 | INFO     | Epoch 13:
2025-07-27 13:38:15 | INFO     |   训练指标:
2025-07-27 13:38:15 | INFO     |     损失(ce): 0.503467
2025-07-27 13:38:15 | INFO     |     准确率: 0.805806
2025-07-27 13:38:15 | INFO     |     学习率: 0.00010000
2025-07-27 13:38:15 | INFO     |   验证指标(标准CE):
2025-07-27 13:38:15 | INFO     |     损失: 0.620622
2025-07-27 13:38:15 | INFO     |     准确率: 0.774775
2025-07-27 13:38:15 | INFO     |     F1(macro): 0.767829
2025-07-27 13:38:15 | INFO     |     F1(weighted): 0.770068
2025-07-27 13:38:15 | INFO     |     精确率: 0.780177
2025-07-27 13:38:15 | INFO     |     召回率: 0.769795
2025-07-27 13:38:15 | INFO     |   学习率调度器: f1_based
2025-07-27 13:38:15 | INFO     | ------------------------------------------------------------
2025-07-27 13:38:15 | INFO     | Epoch  13 | Train: Loss=0.5035, Acc=0.8058 | Val: Loss=0.6206, Acc=0.7748, F1=0.7701 | LR=0.000100 🏆 [最佳模型]
2025-07-27 13:38:32 | INFO     | Epoch 14:
2025-07-27 13:38:32 | INFO     |   训练指标:
2025-07-27 13:38:32 | INFO     |     损失(ce): 0.465966
2025-07-27 13:38:32 | INFO     |     准确率: 0.820821
2025-07-27 13:38:32 | INFO     |     学习率: 0.00010000
2025-07-27 13:38:32 | INFO     |   验证指标(标准CE):
2025-07-27 13:38:32 | INFO     |     损失: 0.615647
2025-07-27 13:38:32 | INFO     |     准确率: 0.757758
2025-07-27 13:38:32 | INFO     |     F1(macro): 0.748373
2025-07-27 13:38:32 | INFO     |     F1(weighted): 0.747137
2025-07-27 13:38:32 | INFO     |     精确率: 0.759694
2025-07-27 13:38:32 | INFO     |     召回率: 0.761463
2025-07-27 13:38:32 | INFO     |   学习率调度器: f1_based
2025-07-27 13:38:32 | INFO     | ------------------------------------------------------------
2025-07-27 13:38:32 | INFO     | Epoch  14 | Train: Loss=0.4660, Acc=0.8208 | Val: Loss=0.6156, Acc=0.7578, F1=0.7471 | LR=0.000100 
2025-07-27 13:38:49 | INFO     | Epoch 15:
2025-07-27 13:38:49 | INFO     |   训练指标:
2025-07-27 13:38:49 | INFO     |     损失(ce): 0.455948
2025-07-27 13:38:49 | INFO     |     准确率: 0.829079
2025-07-27 13:38:49 | INFO     |     学习率: 0.00010000
2025-07-27 13:38:49 | INFO     |   验证指标(标准CE):
2025-07-27 13:38:49 | INFO     |     损失: 0.589982
2025-07-27 13:38:49 | INFO     |     准确率: 0.772773
2025-07-27 13:38:49 | INFO     |     F1(macro): 0.763299
2025-07-27 13:38:49 | INFO     |     F1(weighted): 0.765364
2025-07-27 13:38:49 | INFO     |     精确率: 0.766492
2025-07-27 13:38:49 | INFO     |     召回率: 0.770479
2025-07-27 13:38:49 | INFO     |   学习率调度器: f1_based
2025-07-27 13:38:49 | INFO     | ------------------------------------------------------------
2025-07-27 13:38:49 | INFO     | Epoch  15 | Train: Loss=0.4559, Acc=0.8291 | Val: Loss=0.5900, Acc=0.7728, F1=0.7654 | LR=0.000100 
2025-07-27 13:39:06 | INFO     | Epoch 16:
2025-07-27 13:39:06 | INFO     |   训练指标:
2025-07-27 13:39:06 | INFO     |     损失(ce): 0.422155
2025-07-27 13:39:06 | INFO     |     准确率: 0.838088
2025-07-27 13:39:06 | INFO     |     学习率: 0.00010000
2025-07-27 13:39:06 | INFO     |   验证指标(标准CE):
2025-07-27 13:39:06 | INFO     |     损失: 0.692768
2025-07-27 13:39:06 | INFO     |     准确率: 0.774775
2025-07-27 13:39:06 | INFO     |     F1(macro): 0.765313
2025-07-27 13:39:06 | INFO     |     F1(weighted): 0.764698
2025-07-27 13:39:06 | INFO     |     精确率: 0.781626
2025-07-27 13:39:06 | INFO     |     召回率: 0.778574
2025-07-27 13:39:06 | INFO     |   学习率调度器: f1_based
2025-07-27 13:39:06 | INFO     | ------------------------------------------------------------
2025-07-27 13:39:06 | INFO     | Epoch  16 | Train: Loss=0.4222, Acc=0.8381 | Val: Loss=0.6928, Acc=0.7748, F1=0.7647 | LR=0.000100 
2025-07-27 13:39:23 | INFO     | Epoch 17:
2025-07-27 13:39:23 | INFO     |   训练指标:
2025-07-27 13:39:23 | INFO     |     损失(ce): 0.408647
2025-07-27 13:39:23 | INFO     |     准确率: 0.844344
2025-07-27 13:39:23 | INFO     |     学习率: 0.00010000
2025-07-27 13:39:23 | INFO     |   验证指标(标准CE):
2025-07-27 13:39:23 | INFO     |     损失: 0.549716
2025-07-27 13:39:23 | INFO     |     准确率: 0.769770
2025-07-27 13:39:23 | INFO     |     F1(macro): 0.768097
2025-07-27 13:39:23 | INFO     |     F1(weighted): 0.768060
2025-07-27 13:39:23 | INFO     |     精确率: 0.771362
2025-07-27 13:39:23 | INFO     |     召回率: 0.771348
2025-07-27 13:39:23 | INFO     |   学习率调度器: f1_based
2025-07-27 13:39:23 | INFO     | ------------------------------------------------------------
2025-07-27 13:39:23 | INFO     | Epoch  17 | Train: Loss=0.4086, Acc=0.8443 | Val: Loss=0.5497, Acc=0.7698, F1=0.7681 | LR=0.000100 
2025-07-27 13:39:40 | INFO     | Epoch 18:
2025-07-27 13:39:40 | INFO     |   训练指标:
2025-07-27 13:39:40 | INFO     |     损失(ce): 0.380401
2025-07-27 13:39:40 | INFO     |     准确率: 0.845596
2025-07-27 13:39:40 | INFO     |     学习率: 0.00010000
2025-07-27 13:39:40 | INFO     |   验证指标(标准CE):
2025-07-27 13:39:40 | INFO     |     损失: 0.611347
2025-07-27 13:39:40 | INFO     |     准确率: 0.766767
2025-07-27 13:39:40 | INFO     |     F1(macro): 0.769528
2025-07-27 13:39:40 | INFO     |     F1(weighted): 0.772966
2025-07-27 13:39:40 | INFO     |     精确率: 0.781029
2025-07-27 13:39:40 | INFO     |     召回率: 0.762332
2025-07-27 13:39:40 | INFO     |   学习率调度器: f1_based
2025-07-27 13:39:40 | INFO     | ------------------------------------------------------------
2025-07-27 13:39:40 | INFO     | Epoch  18 | Train: Loss=0.3804, Acc=0.8456 | Val: Loss=0.6113, Acc=0.7668, F1=0.7730 | LR=0.000100 🏆 [最佳模型]
2025-07-27 13:39:57 | INFO     | Epoch 19:
2025-07-27 13:39:57 | INFO     |   训练指标:
2025-07-27 13:39:57 | INFO     |     损失(ce): 0.378188
2025-07-27 13:39:57 | INFO     |     准确率: 0.854104
2025-07-27 13:39:57 | INFO     |     学习率: 0.00010000
2025-07-27 13:39:57 | INFO     |   验证指标(标准CE):
2025-07-27 13:39:57 | INFO     |     损失: 0.643323
2025-07-27 13:39:57 | INFO     |     准确率: 0.789790
2025-07-27 13:39:57 | INFO     |     F1(macro): 0.779459
2025-07-27 13:39:57 | INFO     |     F1(weighted): 0.780988
2025-07-27 13:39:57 | INFO     |     精确率: 0.792416
2025-07-27 13:39:57 | INFO     |     召回率: 0.787525
2025-07-27 13:39:57 | INFO     |   学习率调度器: f1_based
2025-07-27 13:39:57 | INFO     | ------------------------------------------------------------
2025-07-27 13:39:57 | INFO     | Epoch  19 | Train: Loss=0.3782, Acc=0.8541 | Val: Loss=0.6433, Acc=0.7898, F1=0.7810 | LR=0.000100 🏆 [最佳模型]
2025-07-27 13:40:14 | INFO     | Epoch 20:
2025-07-27 13:40:14 | INFO     |   训练指标:
2025-07-27 13:40:14 | INFO     |     损失(ce): 0.343177
2025-07-27 13:40:14 | INFO     |     准确率: 0.865616
2025-07-27 13:40:14 | INFO     |     学习率: 0.00010000
2025-07-27 13:40:14 | INFO     |   验证指标(标准CE):
2025-07-27 13:40:14 | INFO     |     损失: 0.648793
2025-07-27 13:40:14 | INFO     |     准确率: 0.774775
2025-07-27 13:40:14 | INFO     |     F1(macro): 0.773847
2025-07-27 13:40:14 | INFO     |     F1(weighted): 0.777874
2025-07-27 13:40:14 | INFO     |     精确率: 0.778566
2025-07-27 13:40:14 | INFO     |     召回率: 0.771237
2025-07-27 13:40:14 | INFO     |   学习率调度器: f1_based
2025-07-27 13:40:14 | INFO     | ------------------------------------------------------------
2025-07-27 13:40:14 | INFO     | Epoch  20 | Train: Loss=0.3432, Acc=0.8656 | Val: Loss=0.6488, Acc=0.7748, F1=0.7779 | LR=0.000100 
2025-07-27 13:40:30 | INFO     | Epoch 21:
2025-07-27 13:40:30 | INFO     |   训练指标:
2025-07-27 13:40:30 | INFO     |     损失(ce): 0.359887
2025-07-27 13:40:30 | INFO     |     准确率: 0.856356
2025-07-27 13:40:30 | INFO     |     学习率: 0.00010000
2025-07-27 13:40:30 | INFO     |   验证指标(标准CE):
2025-07-27 13:40:30 | INFO     |     损失: 0.621726
2025-07-27 13:40:30 | INFO     |     准确率: 0.781782
2025-07-27 13:40:30 | INFO     |     F1(macro): 0.780632
2025-07-27 13:40:30 | INFO     |     F1(weighted): 0.781246
2025-07-27 13:40:30 | INFO     |     精确率: 0.791381
2025-07-27 13:40:30 | INFO     |     召回率: 0.783500
2025-07-27 13:40:30 | INFO     |   学习率调度器: f1_based
2025-07-27 13:40:30 | INFO     | ------------------------------------------------------------
2025-07-27 13:40:30 | INFO     | Epoch  21 | Train: Loss=0.3599, Acc=0.8564 | Val: Loss=0.6217, Acc=0.7818, F1=0.7812 | LR=0.000100 🏆 [最佳模型]
2025-07-27 13:40:47 | INFO     | Epoch 22:
2025-07-27 13:40:47 | INFO     |   训练指标:
2025-07-27 13:40:47 | INFO     |     损失(ce): 0.339219
2025-07-27 13:40:47 | INFO     |     准确率: 0.871371
2025-07-27 13:40:47 | INFO     |     学习率: 0.00010000
2025-07-27 13:40:47 | INFO     |   验证指标(标准CE):
2025-07-27 13:40:47 | INFO     |     损失: 0.655862
2025-07-27 13:40:47 | INFO     |     准确率: 0.768769
2025-07-27 13:40:47 | INFO     |     F1(macro): 0.761056
2025-07-27 13:40:47 | INFO     |     F1(weighted): 0.764428
2025-07-27 13:40:47 | INFO     |     精确率: 0.762666
2025-07-27 13:40:47 | INFO     |     召回率: 0.766140
2025-07-27 13:40:47 | INFO     |   学习率调度器: f1_based
2025-07-27 13:40:47 | INFO     | ------------------------------------------------------------
2025-07-27 13:40:47 | INFO     | Epoch  22 | Train: Loss=0.3392, Acc=0.8714 | Val: Loss=0.6559, Acc=0.7688, F1=0.7644 | LR=0.000100 
2025-07-27 13:41:04 | INFO     | Epoch 23:
2025-07-27 13:41:04 | INFO     |   训练指标:
2025-07-27 13:41:04 | INFO     |     损失(ce): 0.321081
2025-07-27 13:41:04 | INFO     |     准确率: 0.867618
2025-07-27 13:41:04 | INFO     |     学习率: 0.00010000
2025-07-27 13:41:04 | INFO     |   验证指标(标准CE):
2025-07-27 13:41:04 | INFO     |     损失: 0.613907
2025-07-27 13:41:04 | INFO     |     准确率: 0.785786
2025-07-27 13:41:04 | INFO     |     F1(macro): 0.782058
2025-07-27 13:41:04 | INFO     |     F1(weighted): 0.784418
2025-07-27 13:41:04 | INFO     |     精确率: 0.789410
2025-07-27 13:41:04 | INFO     |     召回率: 0.783580
2025-07-27 13:41:04 | INFO     |   学习率调度器: f1_based
2025-07-27 13:41:04 | INFO     | ------------------------------------------------------------
2025-07-27 13:41:04 | INFO     | Epoch  23 | Train: Loss=0.3211, Acc=0.8676 | Val: Loss=0.6139, Acc=0.7858, F1=0.7844 | LR=0.000100 🏆 [最佳模型]
2025-07-27 13:41:21 | INFO     | Epoch 24:
2025-07-27 13:41:21 | INFO     |   训练指标:
2025-07-27 13:41:21 | INFO     |     损失(ce): 0.312749
2025-07-27 13:41:21 | INFO     |     准确率: 0.875375
2025-07-27 13:41:21 | INFO     |     学习率: 0.00010000
2025-07-27 13:41:21 | INFO     |   验证指标(标准CE):
2025-07-27 13:41:21 | INFO     |     损失: 0.613447
2025-07-27 13:41:21 | INFO     |     准确率: 0.791792
2025-07-27 13:41:21 | INFO     |     F1(macro): 0.785667
2025-07-27 13:41:21 | INFO     |     F1(weighted): 0.788630
2025-07-27 13:41:21 | INFO     |     精确率: 0.789409
2025-07-27 13:41:21 | INFO     |     召回率: 0.792111
2025-07-27 13:41:21 | INFO     |   学习率调度器: f1_based
2025-07-27 13:41:21 | INFO     | ------------------------------------------------------------
2025-07-27 13:41:21 | INFO     | Epoch  24 | Train: Loss=0.3127, Acc=0.8754 | Val: Loss=0.6134, Acc=0.7918, F1=0.7886 | LR=0.000100 🏆 [最佳模型]
2025-07-27 13:41:38 | INFO     | Epoch 25:
2025-07-27 13:41:38 | INFO     |   训练指标:
2025-07-27 13:41:38 | INFO     |     损失(ce): 0.292649
2025-07-27 13:41:38 | INFO     |     准确率: 0.882132
2025-07-27 13:41:38 | INFO     |     学习率: 0.00010000
2025-07-27 13:41:38 | INFO     |   验证指标(标准CE):
2025-07-27 13:41:38 | INFO     |     损失: 0.618723
2025-07-27 13:41:38 | INFO     |     准确率: 0.789790
2025-07-27 13:41:38 | INFO     |     F1(macro): 0.782939
2025-07-27 13:41:38 | INFO     |     F1(weighted): 0.786175
2025-07-27 13:41:38 | INFO     |     精确率: 0.790268
2025-07-27 13:41:38 | INFO     |     召回率: 0.786419
2025-07-27 13:41:38 | INFO     |   学习率调度器: f1_based
2025-07-27 13:41:38 | INFO     | ------------------------------------------------------------
2025-07-27 13:41:38 | INFO     | Epoch  25 | Train: Loss=0.2926, Acc=0.8821 | Val: Loss=0.6187, Acc=0.7898, F1=0.7862 | LR=0.000100 
2025-07-27 13:41:55 | INFO     | Epoch 26:
2025-07-27 13:41:55 | INFO     |   训练指标:
2025-07-27 13:41:55 | INFO     |     损失(ce): 0.287605
2025-07-27 13:41:55 | INFO     |     准确率: 0.888138
2025-07-27 13:41:55 | INFO     |     学习率: 0.00010000
2025-07-27 13:41:55 | INFO     |   验证指标(标准CE):
2025-07-27 13:41:55 | INFO     |     损失: 0.662209
2025-07-27 13:41:55 | INFO     |     准确率: 0.792793
2025-07-27 13:41:55 | INFO     |     F1(macro): 0.790839
2025-07-27 13:41:55 | INFO     |     F1(weighted): 0.794953
2025-07-27 13:41:55 | INFO     |     精确率: 0.799165
2025-07-27 13:41:55 | INFO     |     召回率: 0.787392
2025-07-27 13:41:55 | INFO     |   学习率调度器: f1_based
2025-07-27 13:41:55 | INFO     | ------------------------------------------------------------
2025-07-27 13:41:55 | INFO     | Epoch  26 | Train: Loss=0.2876, Acc=0.8881 | Val: Loss=0.6622, Acc=0.7928, F1=0.7950 | LR=0.000100 🏆 [最佳模型]
2025-07-27 13:42:12 | INFO     | Epoch 27:
2025-07-27 13:42:12 | INFO     |   训练指标:
2025-07-27 13:42:12 | INFO     |     损失(ce): 0.269361
2025-07-27 13:42:12 | INFO     |     准确率: 0.888639
2025-07-27 13:42:12 | INFO     |     学习率: 0.00010000
2025-07-27 13:42:12 | INFO     |   验证指标(标准CE):
2025-07-27 13:42:12 | INFO     |     损失: 0.692204
2025-07-27 13:42:12 | INFO     |     准确率: 0.795796
2025-07-27 13:42:12 | INFO     |     F1(macro): 0.789897
2025-07-27 13:42:12 | INFO     |     F1(weighted): 0.791505
2025-07-27 13:42:12 | INFO     |     精确率: 0.799527
2025-07-27 13:42:12 | INFO     |     召回率: 0.797114
2025-07-27 13:42:12 | INFO     |   学习率调度器: f1_based
2025-07-27 13:42:12 | INFO     | ------------------------------------------------------------
2025-07-27 13:42:12 | INFO     | Epoch  27 | Train: Loss=0.2694, Acc=0.8886 | Val: Loss=0.6922, Acc=0.7958, F1=0.7915 | LR=0.000100 
2025-07-27 13:42:28 | INFO     | Epoch 28:
2025-07-27 13:42:28 | INFO     |   训练指标:
2025-07-27 13:42:28 | INFO     |     损失(ce): 0.264807
2025-07-27 13:42:28 | INFO     |     准确率: 0.885636
2025-07-27 13:42:28 | INFO     |     学习率: 0.00010000
2025-07-27 13:42:28 | INFO     |   验证指标(标准CE):
2025-07-27 13:42:28 | INFO     |     损失: 0.706712
2025-07-27 13:42:28 | INFO     |     准确率: 0.774775
2025-07-27 13:42:28 | INFO     |     F1(macro): 0.771492
2025-07-27 13:42:28 | INFO     |     F1(weighted): 0.774365
2025-07-27 13:42:28 | INFO     |     精确率: 0.776364
2025-07-27 13:42:28 | INFO     |     召回率: 0.772258
2025-07-27 13:42:28 | INFO     |   学习率调度器: f1_based
2025-07-27 13:42:28 | INFO     | ------------------------------------------------------------
2025-07-27 13:42:28 | INFO     | Epoch  28 | Train: Loss=0.2648, Acc=0.8856 | Val: Loss=0.7067, Acc=0.7748, F1=0.7744 | LR=0.000100 
2025-07-27 13:42:45 | INFO     | Epoch 29:
2025-07-27 13:42:45 | INFO     |   训练指标:
2025-07-27 13:42:45 | INFO     |     损失(ce): 0.253083
2025-07-27 13:42:45 | INFO     |     准确率: 0.897648
2025-07-27 13:42:45 | INFO     |     学习率: 0.00010000
2025-07-27 13:42:45 | INFO     |   验证指标(标准CE):
2025-07-27 13:42:45 | INFO     |     损失: 0.717645
2025-07-27 13:42:45 | INFO     |     准确率: 0.781782
2025-07-27 13:42:45 | INFO     |     F1(macro): 0.780719
2025-07-27 13:42:45 | INFO     |     F1(weighted): 0.782677
2025-07-27 13:42:45 | INFO     |     精确率: 0.786879
2025-07-27 13:42:45 | INFO     |     召回率: 0.781306
2025-07-27 13:42:45 | INFO     |   学习率调度器: f1_based
2025-07-27 13:42:45 | INFO     | ------------------------------------------------------------
2025-07-27 13:42:45 | INFO     | Epoch  29 | Train: Loss=0.2531, Acc=0.8976 | Val: Loss=0.7176, Acc=0.7818, F1=0.7827 | LR=0.000100 
2025-07-27 13:43:02 | INFO     | Epoch 30:
2025-07-27 13:43:02 | INFO     |   训练指标:
2025-07-27 13:43:02 | INFO     |     损失(ce): 0.263280
2025-07-27 13:43:02 | INFO     |     准确率: 0.894645
2025-07-27 13:43:02 | INFO     |     学习率: 0.00010000
2025-07-27 13:43:02 | INFO     |   验证指标(标准CE):
2025-07-27 13:43:02 | INFO     |     损失: 0.756718
2025-07-27 13:43:02 | INFO     |     准确率: 0.775776
2025-07-27 13:43:02 | INFO     |     F1(macro): 0.775737
2025-07-27 13:43:02 | INFO     |     F1(weighted): 0.778031
2025-07-27 13:43:02 | INFO     |     精确率: 0.783697
2025-07-27 13:43:02 | INFO     |     召回率: 0.776201
2025-07-27 13:43:02 | INFO     |   学习率调度器: f1_based
2025-07-27 13:43:02 | INFO     | ------------------------------------------------------------
2025-07-27 13:43:02 | INFO     | Epoch  30 | Train: Loss=0.2633, Acc=0.8946 | Val: Loss=0.7567, Acc=0.7758, F1=0.7780 | LR=0.000100 
2025-07-27 13:43:19 | INFO     | Epoch 31:
2025-07-27 13:43:19 | INFO     |   训练指标:
2025-07-27 13:43:19 | INFO     |     损失(ce): 0.272696
2025-07-27 13:43:19 | INFO     |     准确率: 0.893644
2025-07-27 13:43:19 | INFO     |     学习率: 0.00010000
2025-07-27 13:43:19 | INFO     |   验证指标(标准CE):
2025-07-27 13:43:19 | INFO     |     损失: 0.605493
2025-07-27 13:43:19 | INFO     |     准确率: 0.795796
2025-07-27 13:43:19 | INFO     |     F1(macro): 0.793336
2025-07-27 13:43:19 | INFO     |     F1(weighted): 0.795601
2025-07-27 13:43:19 | INFO     |     精确率: 0.804376
2025-07-27 13:43:19 | INFO     |     召回率: 0.795009
2025-07-27 13:43:19 | INFO     |   学习率调度器: f1_based
2025-07-27 13:43:19 | INFO     | ------------------------------------------------------------
2025-07-27 13:43:19 | INFO     | Epoch  31 | Train: Loss=0.2727, Acc=0.8936 | Val: Loss=0.6055, Acc=0.7958, F1=0.7956 | LR=0.000100 🏆 [最佳模型]
2025-07-27 13:43:36 | INFO     | Epoch 32:
2025-07-27 13:43:36 | INFO     |   训练指标:
2025-07-27 13:43:36 | INFO     |     损失(ce): 0.252527
2025-07-27 13:43:36 | INFO     |     准确率: 0.895395
2025-07-27 13:43:36 | INFO     |     学习率: 0.00010000
2025-07-27 13:43:36 | INFO     |   验证指标(标准CE):
2025-07-27 13:43:36 | INFO     |     损失: 0.649448
2025-07-27 13:43:36 | INFO     |     准确率: 0.782783
2025-07-27 13:43:36 | INFO     |     F1(macro): 0.783304
2025-07-27 13:43:36 | INFO     |     F1(weighted): 0.785978
2025-07-27 13:43:36 | INFO     |     精确率: 0.788669
2025-07-27 13:43:36 | INFO     |     召回率: 0.781376
2025-07-27 13:43:36 | INFO     |   学习率调度器: f1_based
2025-07-27 13:43:36 | INFO     | ------------------------------------------------------------
2025-07-27 13:43:36 | INFO     | 🎯 学习率调整事件:
2025-07-27 13:43:36 | INFO     |   调度器类型: f1_based
2025-07-27 13:43:36 | INFO     |   学习率变化: 0.00010000 → 0.00005000
2025-07-27 13:43:36 | INFO     |   触发条件: F1分数 = 0.785978
2025-07-27 13:43:36 | INFO     |   变化幅度: -50.00%
2025-07-27 13:43:36 | INFO     | ------------------------------------------------------------
2025-07-27 13:43:36 | INFO     | Epoch  32 | Train: Loss=0.2525, Acc=0.8954 | Val: Loss=0.6494, Acc=0.7828, F1=0.7860 | LR=0.000050 
2025-07-27 13:43:53 | INFO     | Epoch 33:
2025-07-27 13:43:53 | INFO     |   训练指标:
2025-07-27 13:43:53 | INFO     |     损失(ce): 0.195572
2025-07-27 13:43:53 | INFO     |     准确率: 0.917417
2025-07-27 13:43:53 | INFO     |     学习率: 0.00005000
2025-07-27 13:43:53 | INFO     |   验证指标(标准CE):
2025-07-27 13:43:53 | INFO     |     损失: 0.731575
2025-07-27 13:43:53 | INFO     |     准确率: 0.797798
2025-07-27 13:43:53 | INFO     |     F1(macro): 0.793732
2025-07-27 13:43:53 | INFO     |     F1(weighted): 0.796238
2025-07-27 13:43:53 | INFO     |     精确率: 0.793397
2025-07-27 13:43:53 | INFO     |     召回率: 0.796767
2025-07-27 13:43:53 | INFO     |   学习率调度器: f1_based
2025-07-27 13:43:53 | INFO     | ------------------------------------------------------------
2025-07-27 13:43:53 | INFO     | Epoch  33 | Train: Loss=0.1956, Acc=0.9174 | Val: Loss=0.7316, Acc=0.7978, F1=0.7962 | LR=0.000050 🏆 [最佳模型]
2025-07-27 13:44:11 | INFO     | Epoch 34:
2025-07-27 13:44:11 | INFO     |   训练指标:
2025-07-27 13:44:11 | INFO     |     损失(ce): 0.171969
2025-07-27 13:44:11 | INFO     |     准确率: 0.921171
2025-07-27 13:44:11 | INFO     |     学习率: 0.00005000
2025-07-27 13:44:11 | INFO     |   验证指标(标准CE):
2025-07-27 13:44:11 | INFO     |     损失: 0.809449
2025-07-27 13:44:11 | INFO     |     准确率: 0.787788
2025-07-27 13:44:11 | INFO     |     F1(macro): 0.784820
2025-07-27 13:44:11 | INFO     |     F1(weighted): 0.787912
2025-07-27 13:44:11 | INFO     |     精确率: 0.789262
2025-07-27 13:44:11 | INFO     |     召回率: 0.785185
2025-07-27 13:44:11 | INFO     |   学习率调度器: f1_based
2025-07-27 13:44:11 | INFO     | ------------------------------------------------------------
2025-07-27 13:44:11 | INFO     | Epoch  34 | Train: Loss=0.1720, Acc=0.9212 | Val: Loss=0.8094, Acc=0.7878, F1=0.7879 | LR=0.000050 
2025-07-27 13:44:27 | INFO     | Epoch 35:
2025-07-27 13:44:27 | INFO     |   训练指标:
2025-07-27 13:44:27 | INFO     |     损失(ce): 0.165102
2025-07-27 13:44:27 | INFO     |     准确率: 0.926426
2025-07-27 13:44:27 | INFO     |     学习率: 0.00005000
2025-07-27 13:44:27 | INFO     |   验证指标(标准CE):
2025-07-27 13:44:27 | INFO     |     损失: 0.744197
2025-07-27 13:44:27 | INFO     |     准确率: 0.793794
2025-07-27 13:44:27 | INFO     |     F1(macro): 0.792899
2025-07-27 13:44:27 | INFO     |     F1(weighted): 0.794612
2025-07-27 13:44:27 | INFO     |     精确率: 0.794692
2025-07-27 13:44:27 | INFO     |     召回率: 0.792672
2025-07-27 13:44:27 | INFO     |   学习率调度器: f1_based
2025-07-27 13:44:27 | INFO     | ------------------------------------------------------------
2025-07-27 13:44:27 | INFO     | Epoch  35 | Train: Loss=0.1651, Acc=0.9264 | Val: Loss=0.7442, Acc=0.7938, F1=0.7946 | LR=0.000050 
2025-07-27 13:44:44 | INFO     | Epoch 36:
2025-07-27 13:44:44 | INFO     |   训练指标:
2025-07-27 13:44:44 | INFO     |     损失(ce): 0.159982
2025-07-27 13:44:44 | INFO     |     准确率: 0.927177
2025-07-27 13:44:44 | INFO     |     学习率: 0.00005000
2025-07-27 13:44:44 | INFO     |   验证指标(标准CE):
2025-07-27 13:44:44 | INFO     |     损失: 0.775332
2025-07-27 13:44:44 | INFO     |     准确率: 0.791792
2025-07-27 13:44:44 | INFO     |     F1(macro): 0.789975
2025-07-27 13:44:44 | INFO     |     F1(weighted): 0.790375
2025-07-27 13:44:44 | INFO     |     精确率: 0.801315
2025-07-27 13:44:44 | INFO     |     召回率: 0.794117
2025-07-27 13:44:44 | INFO     |   学习率调度器: f1_based
2025-07-27 13:44:44 | INFO     | ------------------------------------------------------------
2025-07-27 13:44:44 | INFO     | Epoch  36 | Train: Loss=0.1600, Acc=0.9272 | Val: Loss=0.7753, Acc=0.7918, F1=0.7904 | LR=0.000050 
2025-07-27 13:45:01 | INFO     | Epoch 37:
2025-07-27 13:45:01 | INFO     |   训练指标:
2025-07-27 13:45:01 | INFO     |     损失(ce): 0.159232
2025-07-27 13:45:01 | INFO     |     准确率: 0.931682
2025-07-27 13:45:01 | INFO     |     学习率: 0.00005000
2025-07-27 13:45:01 | INFO     |   验证指标(标准CE):
2025-07-27 13:45:01 | INFO     |     损失: 0.800721
2025-07-27 13:45:01 | INFO     |     准确率: 0.799800
2025-07-27 13:45:01 | INFO     |     F1(macro): 0.798607
2025-07-27 13:45:01 | INFO     |     F1(weighted): 0.800052
2025-07-27 13:45:01 | INFO     |     精确率: 0.805144
2025-07-27 13:45:01 | INFO     |     召回率: 0.799843
2025-07-27 13:45:01 | INFO     |   学习率调度器: f1_based
2025-07-27 13:45:01 | INFO     | ------------------------------------------------------------
2025-07-27 13:45:01 | INFO     | Epoch  37 | Train: Loss=0.1592, Acc=0.9317 | Val: Loss=0.8007, Acc=0.7998, F1=0.8001 | LR=0.000050 🏆 [最佳模型]
2025-07-27 13:45:18 | INFO     | Epoch 38:
2025-07-27 13:45:18 | INFO     |   训练指标:
2025-07-27 13:45:18 | INFO     |     损失(ce): 0.150274
2025-07-27 13:45:18 | INFO     |     准确率: 0.929179
2025-07-27 13:45:18 | INFO     |     学习率: 0.00005000
2025-07-27 13:45:18 | INFO     |   验证指标(标准CE):
2025-07-27 13:45:18 | INFO     |     损失: 0.846467
2025-07-27 13:45:18 | INFO     |     准确率: 0.787788
2025-07-27 13:45:18 | INFO     |     F1(macro): 0.783531
2025-07-27 13:45:18 | INFO     |     F1(weighted): 0.784512
2025-07-27 13:45:18 | INFO     |     精确率: 0.790905
2025-07-27 13:45:18 | INFO     |     召回率: 0.788737
2025-07-27 13:45:18 | INFO     |   学习率调度器: f1_based
2025-07-27 13:45:18 | INFO     | ------------------------------------------------------------
2025-07-27 13:45:18 | INFO     | Epoch  38 | Train: Loss=0.1503, Acc=0.9292 | Val: Loss=0.8465, Acc=0.7878, F1=0.7845 | LR=0.000050 
2025-07-27 13:45:34 | INFO     | Epoch 39:
2025-07-27 13:45:34 | INFO     |   训练指标:
2025-07-27 13:45:34 | INFO     |     损失(ce): 0.164517
2025-07-27 13:45:34 | INFO     |     准确率: 0.926927
2025-07-27 13:45:34 | INFO     |     学习率: 0.00005000
2025-07-27 13:45:34 | INFO     |   验证指标(标准CE):
2025-07-27 13:45:34 | INFO     |     损失: 0.738375
2025-07-27 13:45:34 | INFO     |     准确率: 0.793794
2025-07-27 13:45:34 | INFO     |     F1(macro): 0.791393
2025-07-27 13:45:34 | INFO     |     F1(weighted): 0.793928
2025-07-27 13:45:34 | INFO     |     精确率: 0.792856
2025-07-27 13:45:34 | INFO     |     召回率: 0.790961
2025-07-27 13:45:34 | INFO     |   学习率调度器: f1_based
2025-07-27 13:45:34 | INFO     | ------------------------------------------------------------
2025-07-27 13:45:34 | INFO     | Epoch  39 | Train: Loss=0.1645, Acc=0.9269 | Val: Loss=0.7384, Acc=0.7938, F1=0.7939 | LR=0.000050 
2025-07-27 13:45:51 | INFO     | Epoch 40:
2025-07-27 13:45:51 | INFO     |   训练指标:
2025-07-27 13:45:51 | INFO     |     损失(ce): 0.163678
2025-07-27 13:45:51 | INFO     |     准确率: 0.926426
2025-07-27 13:45:51 | INFO     |     学习率: 0.00005000
2025-07-27 13:45:51 | INFO     |   验证指标(标准CE):
2025-07-27 13:45:51 | INFO     |     损失: 0.848394
2025-07-27 13:45:51 | INFO     |     准确率: 0.787788
2025-07-27 13:45:51 | INFO     |     F1(macro): 0.788015
2025-07-27 13:45:51 | INFO     |     F1(weighted): 0.789716
2025-07-27 13:45:51 | INFO     |     精确率: 0.791640
2025-07-27 13:45:51 | INFO     |     召回率: 0.786461
2025-07-27 13:45:51 | INFO     |   学习率调度器: f1_based
2025-07-27 13:45:51 | INFO     | ------------------------------------------------------------
2025-07-27 13:45:51 | INFO     | Epoch  40 | Train: Loss=0.1637, Acc=0.9264 | Val: Loss=0.8484, Acc=0.7878, F1=0.7897 | LR=0.000050 
2025-07-27 13:46:07 | INFO     | Epoch 41:
2025-07-27 13:46:07 | INFO     |   训练指标:
2025-07-27 13:46:07 | INFO     |     损失(ce): 0.157382
2025-07-27 13:46:07 | INFO     |     准确率: 0.930180
2025-07-27 13:46:07 | INFO     |     学习率: 0.00005000
2025-07-27 13:46:07 | INFO     |   验证指标(标准CE):
2025-07-27 13:46:07 | INFO     |     损失: 0.829467
2025-07-27 13:46:07 | INFO     |     准确率: 0.796797
2025-07-27 13:46:07 | INFO     |     F1(macro): 0.796147
2025-07-27 13:46:07 | INFO     |     F1(weighted): 0.798226
2025-07-27 13:46:07 | INFO     |     精确率: 0.798441
2025-07-27 13:46:07 | INFO     |     召回率: 0.794911
2025-07-27 13:46:07 | INFO     |   学习率调度器: f1_based
2025-07-27 13:46:07 | INFO     | ------------------------------------------------------------
2025-07-27 13:46:07 | INFO     | Epoch  41 | Train: Loss=0.1574, Acc=0.9302 | Val: Loss=0.8295, Acc=0.7968, F1=0.7982 | LR=0.000050 
2025-07-27 13:46:24 | INFO     | Epoch 42:
2025-07-27 13:46:24 | INFO     |   训练指标:
2025-07-27 13:46:24 | INFO     |     损失(ce): 0.151563
2025-07-27 13:46:24 | INFO     |     准确率: 0.926677
2025-07-27 13:46:24 | INFO     |     学习率: 0.00005000
2025-07-27 13:46:24 | INFO     |   验证指标(标准CE):
2025-07-27 13:46:24 | INFO     |     损失: 0.784493
2025-07-27 13:46:24 | INFO     |     准确率: 0.786787
2025-07-27 13:46:24 | INFO     |     F1(macro): 0.785828
2025-07-27 13:46:24 | INFO     |     F1(weighted): 0.788545
2025-07-27 13:46:24 | INFO     |     精确率: 0.789369
2025-07-27 13:46:24 | INFO     |     召回率: 0.784870
2025-07-27 13:46:24 | INFO     |   学习率调度器: f1_based
2025-07-27 13:46:24 | INFO     | ------------------------------------------------------------
2025-07-27 13:46:24 | INFO     | Epoch  42 | Train: Loss=0.1516, Acc=0.9267 | Val: Loss=0.7845, Acc=0.7868, F1=0.7885 | LR=0.000050 
2025-07-27 13:46:41 | INFO     | Epoch 43:
2025-07-27 13:46:41 | INFO     |   训练指标:
2025-07-27 13:46:41 | INFO     |     损失(ce): 0.151205
2025-07-27 13:46:41 | INFO     |     准确率: 0.930931
2025-07-27 13:46:41 | INFO     |     学习率: 0.00005000
2025-07-27 13:46:41 | INFO     |   验证指标(标准CE):
2025-07-27 13:46:41 | INFO     |     损失: 0.832086
2025-07-27 13:46:41 | INFO     |     准确率: 0.793794
2025-07-27 13:46:41 | INFO     |     F1(macro): 0.794118
2025-07-27 13:46:41 | INFO     |     F1(weighted): 0.795682
2025-07-27 13:46:41 | INFO     |     精确率: 0.799879
2025-07-27 13:46:41 | INFO     |     召回率: 0.794130
2025-07-27 13:46:41 | INFO     |   学习率调度器: f1_based
2025-07-27 13:46:41 | INFO     | ------------------------------------------------------------
2025-07-27 13:46:41 | INFO     | 🎯 学习率调整事件:
2025-07-27 13:46:41 | INFO     |   调度器类型: f1_based
2025-07-27 13:46:41 | INFO     |   学习率变化: 0.00005000 → 0.00002500
2025-07-27 13:46:41 | INFO     |   触发条件: F1分数 = 0.795682
2025-07-27 13:46:41 | INFO     |   变化幅度: -50.00%
2025-07-27 13:46:41 | INFO     | ------------------------------------------------------------
2025-07-27 13:46:41 | INFO     | Epoch  43 | Train: Loss=0.1512, Acc=0.9309 | Val: Loss=0.8321, Acc=0.7938, F1=0.7957 | LR=0.000025 
2025-07-27 13:46:59 | INFO     | Epoch 44:
2025-07-27 13:46:59 | INFO     |   训练指标:
2025-07-27 13:46:59 | INFO     |     损失(ce): 0.126069
2025-07-27 13:46:59 | INFO     |     准确率: 0.943193
2025-07-27 13:46:59 | INFO     |     学习率: 0.00002500
2025-07-27 13:46:59 | INFO     |   验证指标(标准CE):
2025-07-27 13:46:59 | INFO     |     损失: 0.911940
2025-07-27 13:46:59 | INFO     |     准确率: 0.795796
2025-07-27 13:46:59 | INFO     |     F1(macro): 0.793189
2025-07-27 13:46:59 | INFO     |     F1(weighted): 0.794396
2025-07-27 13:46:59 | INFO     |     精确率: 0.797844
2025-07-27 13:46:59 | INFO     |     召回率: 0.796898
2025-07-27 13:46:59 | INFO     |   学习率调度器: f1_based
2025-07-27 13:46:59 | INFO     | ------------------------------------------------------------
2025-07-27 13:46:59 | INFO     | Epoch  44 | Train: Loss=0.1261, Acc=0.9432 | Val: Loss=0.9119, Acc=0.7958, F1=0.7944 | LR=0.000025 
2025-07-27 13:47:16 | INFO     | Epoch 45:
2025-07-27 13:47:16 | INFO     |   训练指标:
2025-07-27 13:47:16 | INFO     |     损失(ce): 0.111722
2025-07-27 13:47:16 | INFO     |     准确率: 0.944194
2025-07-27 13:47:16 | INFO     |     学习率: 0.00002500
2025-07-27 13:47:16 | INFO     |   验证指标(标准CE):
2025-07-27 13:47:16 | INFO     |     损失: 0.902076
2025-07-27 13:47:16 | INFO     |     准确率: 0.794795
2025-07-27 13:47:16 | INFO     |     F1(macro): 0.795542
2025-07-27 13:47:16 | INFO     |     F1(weighted): 0.797190
2025-07-27 13:47:16 | INFO     |     精确率: 0.798767
2025-07-27 13:47:16 | INFO     |     召回率: 0.793437
2025-07-27 13:47:16 | INFO     |   学习率调度器: f1_based
2025-07-27 13:47:16 | INFO     | ------------------------------------------------------------
2025-07-27 13:47:16 | INFO     | Epoch  45 | Train: Loss=0.1117, Acc=0.9442 | Val: Loss=0.9021, Acc=0.7948, F1=0.7972 | LR=0.000025 
2025-07-27 13:47:32 | INFO     | Epoch 46:
2025-07-27 13:47:32 | INFO     |   训练指标:
2025-07-27 13:47:32 | INFO     |     损失(ce): 0.102709
2025-07-27 13:47:32 | INFO     |     准确率: 0.951451
2025-07-27 13:47:32 | INFO     |     学习率: 0.00002500
2025-07-27 13:47:32 | INFO     |   验证指标(标准CE):
2025-07-27 13:47:32 | INFO     |     损失: 0.917288
2025-07-27 13:47:32 | INFO     |     准确率: 0.801802
2025-07-27 13:47:32 | INFO     |     F1(macro): 0.798918
2025-07-27 13:47:32 | INFO     |     F1(weighted): 0.800828
2025-07-27 13:47:32 | INFO     |     精确率: 0.799323
2025-07-27 13:47:32 | INFO     |     召回率: 0.800906
2025-07-27 13:47:32 | INFO     |   学习率调度器: f1_based
2025-07-27 13:47:32 | INFO     | ------------------------------------------------------------
2025-07-27 13:47:32 | INFO     | Epoch  46 | Train: Loss=0.1027, Acc=0.9515 | Val: Loss=0.9173, Acc=0.8018, F1=0.8008 | LR=0.000025 🏆 [最佳模型]
2025-07-27 13:47:49 | INFO     | Epoch 47:
2025-07-27 13:47:49 | INFO     |   训练指标:
2025-07-27 13:47:49 | INFO     |     损失(ce): 0.103991
2025-07-27 13:47:49 | INFO     |     准确率: 0.948198
2025-07-27 13:47:49 | INFO     |     学习率: 0.00002500
2025-07-27 13:47:49 | INFO     |   验证指标(标准CE):
2025-07-27 13:47:49 | INFO     |     损失: 0.972456
2025-07-27 13:47:49 | INFO     |     准确率: 0.801802
2025-07-27 13:47:49 | INFO     |     F1(macro): 0.803432
2025-07-27 13:47:49 | INFO     |     F1(weighted): 0.804191
2025-07-27 13:47:49 | INFO     |     精确率: 0.811447
2025-07-27 13:47:49 | INFO     |     召回率: 0.801386
2025-07-27 13:47:49 | INFO     |   学习率调度器: f1_based
2025-07-27 13:47:49 | INFO     | ------------------------------------------------------------
2025-07-27 13:47:49 | INFO     | Epoch  47 | Train: Loss=0.1040, Acc=0.9482 | Val: Loss=0.9725, Acc=0.8018, F1=0.8042 | LR=0.000025 🏆 [最佳模型]
2025-07-27 13:48:06 | INFO     | Epoch 48:
2025-07-27 13:48:06 | INFO     |   训练指标:
2025-07-27 13:48:06 | INFO     |     损失(ce): 0.103739
2025-07-27 13:48:06 | INFO     |     准确率: 0.949449
2025-07-27 13:48:06 | INFO     |     学习率: 0.00002500
2025-07-27 13:48:06 | INFO     |   验证指标(标准CE):
2025-07-27 13:48:06 | INFO     |     损失: 0.976153
2025-07-27 13:48:06 | INFO     |     准确率: 0.795796
2025-07-27 13:48:06 | INFO     |     F1(macro): 0.792049
2025-07-27 13:48:06 | INFO     |     F1(weighted): 0.794060
2025-07-27 13:48:06 | INFO     |     精确率: 0.792694
2025-07-27 13:48:06 | INFO     |     召回率: 0.795343
2025-07-27 13:48:06 | INFO     |   学习率调度器: f1_based
2025-07-27 13:48:06 | INFO     | ------------------------------------------------------------
2025-07-27 13:48:06 | INFO     | Epoch  48 | Train: Loss=0.1037, Acc=0.9494 | Val: Loss=0.9762, Acc=0.7958, F1=0.7941 | LR=0.000025 
2025-07-27 13:48:23 | INFO     | Epoch 49:
2025-07-27 13:48:23 | INFO     |   训练指标:
2025-07-27 13:48:23 | INFO     |     损失(ce): 0.098894
2025-07-27 13:48:23 | INFO     |     准确率: 0.948699
2025-07-27 13:48:23 | INFO     |     学习率: 0.00002500
2025-07-27 13:48:23 | INFO     |   验证指标(标准CE):
2025-07-27 13:48:23 | INFO     |     损失: 1.020899
2025-07-27 13:48:23 | INFO     |     准确率: 0.788789
2025-07-27 13:48:23 | INFO     |     F1(macro): 0.786495
2025-07-27 13:48:23 | INFO     |     F1(weighted): 0.787348
2025-07-27 13:48:23 | INFO     |     精确率: 0.788251
2025-07-27 13:48:23 | INFO     |     召回率: 0.789158
2025-07-27 13:48:23 | INFO     |   学习率调度器: f1_based
2025-07-27 13:48:23 | INFO     | ------------------------------------------------------------
2025-07-27 13:48:23 | INFO     | Epoch  49 | Train: Loss=0.0989, Acc=0.9487 | Val: Loss=1.0209, Acc=0.7888, F1=0.7873 | LR=0.000025 
2025-07-27 13:48:40 | INFO     | Epoch 50:
2025-07-27 13:48:40 | INFO     |   训练指标:
2025-07-27 13:48:40 | INFO     |     损失(ce): 0.106680
2025-07-27 13:48:40 | INFO     |     准确率: 0.946446
2025-07-27 13:48:40 | INFO     |     学习率: 0.00002500
2025-07-27 13:48:40 | INFO     |   验证指标(标准CE):
2025-07-27 13:48:40 | INFO     |     损失: 0.990898
2025-07-27 13:48:40 | INFO     |     准确率: 0.793794
2025-07-27 13:48:40 | INFO     |     F1(macro): 0.792911
2025-07-27 13:48:40 | INFO     |     F1(weighted): 0.794131
2025-07-27 13:48:40 | INFO     |     精确率: 0.796855
2025-07-27 13:48:40 | INFO     |     召回率: 0.793847
2025-07-27 13:48:40 | INFO     |   学习率调度器: f1_based
2025-07-27 13:48:40 | INFO     | ------------------------------------------------------------
2025-07-27 13:48:40 | INFO     | Epoch  50 | Train: Loss=0.1067, Acc=0.9464 | Val: Loss=0.9909, Acc=0.7938, F1=0.7941 | LR=0.000025 
2025-07-27 13:48:56 | INFO     | Epoch 51:
2025-07-27 13:48:56 | INFO     |   训练指标:
2025-07-27 13:48:56 | INFO     |     损失(ce): 0.100274
2025-07-27 13:48:56 | INFO     |     准确率: 0.950701
2025-07-27 13:48:56 | INFO     |     学习率: 0.00002500
2025-07-27 13:48:56 | INFO     |   验证指标(标准CE):
2025-07-27 13:48:56 | INFO     |     损失: 0.937990
2025-07-27 13:48:56 | INFO     |     准确率: 0.799800
2025-07-27 13:48:56 | INFO     |     F1(macro): 0.796348
2025-07-27 13:48:56 | INFO     |     F1(weighted): 0.798659
2025-07-27 13:48:56 | INFO     |     精确率: 0.797019
2025-07-27 13:48:56 | INFO     |     召回率: 0.798982
2025-07-27 13:48:56 | INFO     |   学习率调度器: f1_based
2025-07-27 13:48:56 | INFO     | ------------------------------------------------------------
2025-07-27 13:48:56 | INFO     | Epoch  51 | Train: Loss=0.1003, Acc=0.9507 | Val: Loss=0.9380, Acc=0.7998, F1=0.7987 | LR=0.000025 
2025-07-27 13:49:13 | INFO     | Epoch 52:
2025-07-27 13:49:13 | INFO     |   训练指标:
2025-07-27 13:49:13 | INFO     |     损失(ce): 0.092943
2025-07-27 13:49:13 | INFO     |     准确率: 0.952452
2025-07-27 13:49:13 | INFO     |     学习率: 0.00002500
2025-07-27 13:49:13 | INFO     |   验证指标(标准CE):
2025-07-27 13:49:13 | INFO     |     损失: 1.035536
2025-07-27 13:49:13 | INFO     |     准确率: 0.794795
2025-07-27 13:49:13 | INFO     |     F1(macro): 0.794185
2025-07-27 13:49:13 | INFO     |     F1(weighted): 0.796227
2025-07-27 13:49:13 | INFO     |     精确率: 0.797697
2025-07-27 13:49:13 | INFO     |     召回率: 0.793851
2025-07-27 13:49:13 | INFO     |   学习率调度器: f1_based
2025-07-27 13:49:13 | INFO     | ------------------------------------------------------------
2025-07-27 13:49:13 | INFO     | Epoch  52 | Train: Loss=0.0929, Acc=0.9525 | Val: Loss=1.0355, Acc=0.7948, F1=0.7962 | LR=0.000025 
2025-07-27 13:49:30 | INFO     | Epoch 53:
2025-07-27 13:49:30 | INFO     |   训练指标:
2025-07-27 13:49:30 | INFO     |     损失(ce): 0.104852
2025-07-27 13:49:30 | INFO     |     准确率: 0.950951
2025-07-27 13:49:30 | INFO     |     学习率: 0.00002500
2025-07-27 13:49:30 | INFO     |   验证指标(标准CE):
2025-07-27 13:49:30 | INFO     |     损失: 1.008868
2025-07-27 13:49:30 | INFO     |     准确率: 0.797798
2025-07-27 13:49:30 | INFO     |     F1(macro): 0.797809
2025-07-27 13:49:30 | INFO     |     F1(weighted): 0.799516
2025-07-27 13:49:30 | INFO     |     精确率: 0.803767
2025-07-27 13:49:30 | INFO     |     召回率: 0.795958
2025-07-27 13:49:30 | INFO     |   学习率调度器: f1_based
2025-07-27 13:49:30 | INFO     | ------------------------------------------------------------
2025-07-27 13:49:30 | INFO     | 🎯 学习率调整事件:
2025-07-27 13:49:30 | INFO     |   调度器类型: f1_based
2025-07-27 13:49:30 | INFO     |   学习率变化: 0.00002500 → 0.00001250
2025-07-27 13:49:30 | INFO     |   触发条件: F1分数 = 0.799516
2025-07-27 13:49:30 | INFO     |   变化幅度: -50.00%
2025-07-27 13:49:30 | INFO     | ------------------------------------------------------------
2025-07-27 13:49:30 | INFO     | Epoch  53 | Train: Loss=0.1049, Acc=0.9510 | Val: Loss=1.0089, Acc=0.7978, F1=0.7995 | LR=0.000013 
2025-07-27 13:49:46 | INFO     | Epoch 54:
2025-07-27 13:49:46 | INFO     |   训练指标:
2025-07-27 13:49:46 | INFO     |     损失(ce): 0.092571
2025-07-27 13:49:46 | INFO     |     准确率: 0.954454
2025-07-27 13:49:46 | INFO     |     学习率: 0.00001250
2025-07-27 13:49:46 | INFO     |   验证指标(标准CE):
2025-07-27 13:49:46 | INFO     |     损失: 1.016139
2025-07-27 13:49:46 | INFO     |     准确率: 0.796797
2025-07-27 13:49:46 | INFO     |     F1(macro): 0.795308
2025-07-27 13:49:46 | INFO     |     F1(weighted): 0.797106
2025-07-27 13:49:46 | INFO     |     精确率: 0.797339
2025-07-27 13:49:46 | INFO     |     召回率: 0.796409
2025-07-27 13:49:46 | INFO     |   学习率调度器: f1_based
2025-07-27 13:49:46 | INFO     | ------------------------------------------------------------
2025-07-27 13:49:46 | INFO     | Epoch  54 | Train: Loss=0.0926, Acc=0.9545 | Val: Loss=1.0161, Acc=0.7968, F1=0.7971 | LR=0.000013 
2025-07-27 13:50:03 | INFO     | Epoch 55:
2025-07-27 13:50:03 | INFO     |   训练指标:
2025-07-27 13:50:03 | INFO     |     损失(ce): 0.082935
2025-07-27 13:50:03 | INFO     |     准确率: 0.958709
2025-07-27 13:50:03 | INFO     |     学习率: 0.00001250
2025-07-27 13:50:03 | INFO     |   验证指标(标准CE):
2025-07-27 13:50:03 | INFO     |     损失: 1.054476
2025-07-27 13:50:03 | INFO     |     准确率: 0.793794
2025-07-27 13:50:03 | INFO     |     F1(macro): 0.792319
2025-07-27 13:50:03 | INFO     |     F1(weighted): 0.794494
2025-07-27 13:50:03 | INFO     |     精确率: 0.794758
2025-07-27 13:50:03 | INFO     |     召回率: 0.792303
2025-07-27 13:50:03 | INFO     |   学习率调度器: f1_based
2025-07-27 13:50:03 | INFO     | ------------------------------------------------------------
2025-07-27 13:50:03 | INFO     | Epoch  55 | Train: Loss=0.0829, Acc=0.9587 | Val: Loss=1.0545, Acc=0.7938, F1=0.7945 | LR=0.000013 
2025-07-27 13:50:19 | INFO     | Epoch 56:
2025-07-27 13:50:19 | INFO     |   训练指标:
2025-07-27 13:50:19 | INFO     |     损失(ce): 0.084544
2025-07-27 13:50:19 | INFO     |     准确率: 0.956456
2025-07-27 13:50:19 | INFO     |     学习率: 0.00001250
2025-07-27 13:50:19 | INFO     |   验证指标(标准CE):
2025-07-27 13:50:19 | INFO     |     损失: 1.043502
2025-07-27 13:50:19 | INFO     |     准确率: 0.790791
2025-07-27 13:50:19 | INFO     |     F1(macro): 0.788603
2025-07-27 13:50:19 | INFO     |     F1(weighted): 0.790082
2025-07-27 13:50:19 | INFO     |     精确率: 0.791360
2025-07-27 13:50:19 | INFO     |     召回率: 0.790071
2025-07-27 13:50:19 | INFO     |   学习率调度器: f1_based
2025-07-27 13:50:19 | INFO     | ------------------------------------------------------------
2025-07-27 13:50:19 | INFO     | Epoch  56 | Train: Loss=0.0845, Acc=0.9565 | Val: Loss=1.0435, Acc=0.7908, F1=0.7901 | LR=0.000013 
2025-07-27 13:50:36 | INFO     | Epoch 57:
2025-07-27 13:50:36 | INFO     |   训练指标:
2025-07-27 13:50:36 | INFO     |     损失(ce): 0.080262
2025-07-27 13:50:36 | INFO     |     准确率: 0.956707
2025-07-27 13:50:36 | INFO     |     学习率: 0.00001250
2025-07-27 13:50:36 | INFO     |   验证指标(标准CE):
2025-07-27 13:50:36 | INFO     |     损失: 1.115016
2025-07-27 13:50:36 | INFO     |     准确率: 0.801802
2025-07-27 13:50:36 | INFO     |     F1(macro): 0.801453
2025-07-27 13:50:36 | INFO     |     F1(weighted): 0.802938
2025-07-27 13:50:36 | INFO     |     精确率: 0.807214
2025-07-27 13:50:36 | INFO     |     召回率: 0.802378
2025-07-27 13:50:36 | INFO     |   学习率调度器: f1_based
2025-07-27 13:50:36 | INFO     | ------------------------------------------------------------
2025-07-27 13:50:36 | INFO     | Epoch  57 | Train: Loss=0.0803, Acc=0.9567 | Val: Loss=1.1150, Acc=0.8018, F1=0.8029 | LR=0.000013 
2025-07-27 13:50:52 | INFO     | Epoch 58:
2025-07-27 13:50:52 | INFO     |   训练指标:
2025-07-27 13:50:52 | INFO     |     损失(ce): 0.083675
2025-07-27 13:50:52 | INFO     |     准确率: 0.955706
2025-07-27 13:50:52 | INFO     |     学习率: 0.00001250
2025-07-27 13:50:52 | INFO     |   验证指标(标准CE):
2025-07-27 13:50:52 | INFO     |     损失: 1.136067
2025-07-27 13:50:52 | INFO     |     准确率: 0.795796
2025-07-27 13:50:52 | INFO     |     F1(macro): 0.795270
2025-07-27 13:50:52 | INFO     |     F1(weighted): 0.796728
2025-07-27 13:50:52 | INFO     |     精确率: 0.797862
2025-07-27 13:50:52 | INFO     |     召回率: 0.795422
2025-07-27 13:50:52 | INFO     |   学习率调度器: f1_based
2025-07-27 13:50:52 | INFO     | ------------------------------------------------------------
2025-07-27 13:50:52 | INFO     | Epoch  58 | Train: Loss=0.0837, Acc=0.9557 | Val: Loss=1.1361, Acc=0.7958, F1=0.7967 | LR=0.000013 
2025-07-27 13:51:09 | INFO     | Epoch 59:
2025-07-27 13:51:09 | INFO     |   训练指标:
2025-07-27 13:51:09 | INFO     |     损失(ce): 0.079086
2025-07-27 13:51:09 | INFO     |     准确率: 0.956206
2025-07-27 13:51:09 | INFO     |     学习率: 0.00001250
2025-07-27 13:51:09 | INFO     |   验证指标(标准CE):
2025-07-27 13:51:09 | INFO     |     损失: 1.173563
2025-07-27 13:51:09 | INFO     |     准确率: 0.791792
2025-07-27 13:51:09 | INFO     |     F1(macro): 0.790269
2025-07-27 13:51:09 | INFO     |     F1(weighted): 0.791523
2025-07-27 13:51:09 | INFO     |     精确率: 0.793835
2025-07-27 13:51:09 | INFO     |     召回率: 0.791726
2025-07-27 13:51:09 | INFO     |   学习率调度器: f1_based
2025-07-27 13:51:09 | INFO     | ------------------------------------------------------------
2025-07-27 13:51:09 | INFO     | Epoch  59 | Train: Loss=0.0791, Acc=0.9562 | Val: Loss=1.1736, Acc=0.7918, F1=0.7915 | LR=0.000013 
2025-07-27 13:51:25 | INFO     | Epoch 60:
2025-07-27 13:51:25 | INFO     |   训练指标:
2025-07-27 13:51:25 | INFO     |     损失(ce): 0.080015
2025-07-27 13:51:25 | INFO     |     准确率: 0.955455
2025-07-27 13:51:25 | INFO     |     学习率: 0.00001250
2025-07-27 13:51:25 | INFO     |   验证指标(标准CE):
2025-07-27 13:51:25 | INFO     |     损失: 1.099749
2025-07-27 13:51:25 | INFO     |     准确率: 0.798799
2025-07-27 13:51:25 | INFO     |     F1(macro): 0.796321
2025-07-27 13:51:25 | INFO     |     F1(weighted): 0.798337
2025-07-27 13:51:25 | INFO     |     精确率: 0.796076
2025-07-27 13:51:25 | INFO     |     召回率: 0.797901
2025-07-27 13:51:25 | INFO     |   学习率调度器: f1_based
2025-07-27 13:51:25 | INFO     | ------------------------------------------------------------
2025-07-27 13:51:25 | INFO     | Epoch  60 | Train: Loss=0.0800, Acc=0.9555 | Val: Loss=1.0997, Acc=0.7988, F1=0.7983 | LR=0.000013 
2025-07-27 13:51:42 | INFO     | Epoch 61:
2025-07-27 13:51:42 | INFO     |   训练指标:
2025-07-27 13:51:42 | INFO     |     损失(ce): 0.080234
2025-07-27 13:51:42 | INFO     |     准确率: 0.957457
2025-07-27 13:51:42 | INFO     |     学习率: 0.00001250
2025-07-27 13:51:42 | INFO     |   验证指标(标准CE):
2025-07-27 13:51:42 | INFO     |     损失: 1.191588
2025-07-27 13:51:42 | INFO     |     准确率: 0.793794
2025-07-27 13:51:42 | INFO     |     F1(macro): 0.792615
2025-07-27 13:51:42 | INFO     |     F1(weighted): 0.794805
2025-07-27 13:51:42 | INFO     |     精确率: 0.795900
2025-07-27 13:51:42 | INFO     |     召回率: 0.792198
2025-07-27 13:51:42 | INFO     |   学习率调度器: f1_based
2025-07-27 13:51:42 | INFO     | ------------------------------------------------------------
2025-07-27 13:51:42 | INFO     | 🎯 学习率调整事件:
2025-07-27 13:51:42 | INFO     |   调度器类型: f1_based
2025-07-27 13:51:42 | INFO     |   学习率变化: 0.00001250 → 0.00000625
2025-07-27 13:51:42 | INFO     |   触发条件: F1分数 = 0.794805
2025-07-27 13:51:42 | INFO     |   变化幅度: -50.00%
2025-07-27 13:51:42 | INFO     | ------------------------------------------------------------
2025-07-27 13:51:42 | INFO     | Epoch  61 | Train: Loss=0.0802, Acc=0.9575 | Val: Loss=1.1916, Acc=0.7938, F1=0.7948 | LR=0.000006 
2025-07-27 13:51:58 | INFO     | Epoch 62:
2025-07-27 13:51:58 | INFO     |   训练指标:
2025-07-27 13:51:58 | INFO     |     损失(ce): 0.071208
2025-07-27 13:51:58 | INFO     |     准确率: 0.957207
2025-07-27 13:51:58 | INFO     |     学习率: 0.00000625
2025-07-27 13:51:58 | INFO     |   验证指标(标准CE):
2025-07-27 13:51:58 | INFO     |     损失: 1.212695
2025-07-27 13:51:58 | INFO     |     准确率: 0.794795
2025-07-27 13:51:58 | INFO     |     F1(macro): 0.794792
2025-07-27 13:51:58 | INFO     |     F1(weighted): 0.796537
2025-07-27 13:51:58 | INFO     |     精确率: 0.800093
2025-07-27 13:51:58 | INFO     |     召回率: 0.793975
2025-07-27 13:51:58 | INFO     |   学习率调度器: f1_based
2025-07-27 13:51:58 | INFO     | ------------------------------------------------------------
2025-07-27 13:51:58 | INFO     | Epoch  62 | Train: Loss=0.0712, Acc=0.9572 | Val: Loss=1.2127, Acc=0.7948, F1=0.7965 | LR=0.000006 
2025-07-27 13:51:58 | INFO     | ⏹️ 早停触发，在第 62 轮停止训练
2025-07-27 13:52:00 | INFO     | 训练历史已保存到: ./result/0727_1334_DualGAF_SimpleGAFNet_消融-直接卷积-resnet_sl96_step96_fd128_extractor-dilated_gaf-adaptive_attention-channel_classifier-mlp_stat-basic_fusion-concat/training_history.csv
2025-07-27 13:52:00 | INFO     | 
====================================================================================================
2025-07-27 13:52:00 | INFO     | 🎉 训练完成总结:
2025-07-27 13:52:00 | INFO     |   训练损失函数: ce
2025-07-27 13:52:00 | INFO     |   验证损失函数: 标准交叉熵（遵循主流ML规范）
2025-07-27 13:52:00 | INFO     |   训练过程最佳验证准确率: 0.8018
2025-07-27 13:52:00 | INFO     |   训练过程最佳验证F1(macro): 0.8034
2025-07-27 13:52:00 | INFO     |   训练过程最佳验证F1(weighted): 0.8042
2025-07-27 13:52:00 | INFO     |   训练轮数: 62
2025-07-27 13:52:00 | INFO     | --------------------------------------------------
2025-07-27 13:52:00 | INFO     | 📊 最佳模型真实性能指标（基于标准交叉熵损失）:
2025-07-27 13:52:00 | INFO     |   验证损失(标准CE): 0.9696
2025-07-27 13:52:00 | INFO     |   验证准确率: 0.8018
2025-07-27 13:52:00 | INFO     |   验证F1(macro): 0.8034
2025-07-27 13:52:00 | INFO     |   验证F1(weighted): 0.8042
2025-07-27 13:52:00 | INFO     |   验证精确率: 0.8114
2025-07-27 13:52:00 | INFO     |   验证召回率: 0.8014
2025-07-27 13:52:00 | INFO     | ====================================================================================================
2025-07-27 13:52:02 | INFO     | ================================================================================
2025-07-27 13:52:02 | INFO     | 实验日志结束: DualGAF_SimpleGAFNet_消融-直接卷积-resnet_sl96_step96_fd128_extractor-dilated_gaf-adaptive_attention-channel_classifier-mlp_stat-basic_fusion-concat
2025-07-27 13:52:02 | INFO     | 结束时间: 2025-07-27 13:52:02
2025-07-27 13:52:02 | INFO     | ================================================================================
