2025-07-28 16:42:15 | INFO     | ================================================================================
2025-07-28 16:42:15 | INFO     | 实验日志开始: DualGAF_DualGAFNet_SDAHU通道压缩_sl96_step96_fd128_extractor-dilated_gaf-concat_attention-channel_classifier-mlp_stat-basic_fusion-concat
2025-07-28 16:42:15 | INFO     | 日志文件: ./result/0728_1642_DualGAF_DualGAFNet_SDAHU通道压缩_sl96_step96_fd128_extractor-dilated_gaf-concat_attention-channel_classifier-mlp_stat-basic_fusion-concat/training.log
2025-07-28 16:42:15 | INFO     | 开始时间: 2025-07-28 16:42:15
2025-07-28 16:42:15 | INFO     | ================================================================================
2025-07-28 16:42:15 | INFO     | ⚙️ 实验配置:
2025-07-28 16:42:15 | INFO     |    task_name: classification
2025-07-28 16:42:15 | INFO     |    is_training: 1
2025-07-28 16:42:15 | INFO     |    model_id: test
2025-07-28 16:42:15 | INFO     |    model: DualGAFNet
2025-07-28 16:42:15 | INFO     |    data: DualGAF
2025-07-28 16:42:15 | INFO     |    root_path: ./dataset/SAHU/direct_5_working
2025-07-28 16:42:15 | INFO     |    step: 96
2025-07-28 16:42:15 | INFO     |    checkpoints: ./checkpoints/
2025-07-28 16:42:15 | INFO     |    num_class: 9
2025-07-28 16:42:15 | INFO     |    result_path: ./result/
2025-07-28 16:42:15 | INFO     |    test_size: 0.2
2025-07-28 16:42:15 | INFO     |    rows: None
2025-07-28 16:42:15 | INFO     |    seq_len: 96
2025-07-28 16:42:15 | INFO     |    enc_in: 26
2025-07-28 16:42:15 | INFO     |    d_model: 512
2025-07-28 16:42:15 | INFO     |    n_heads: 8
2025-07-28 16:42:15 | INFO     |    e_layers: 2
2025-07-28 16:42:15 | INFO     |    d_layers: 1
2025-07-28 16:42:15 | INFO     |    d_ff: 2048
2025-07-28 16:42:15 | INFO     |    moving_avg: 25
2025-07-28 16:42:15 | INFO     |    factor: 1
2025-07-28 16:42:15 | INFO     |    distil: True
2025-07-28 16:42:15 | INFO     |    dropout: 0.1
2025-07-28 16:42:15 | INFO     |    embed: timeF
2025-07-28 16:42:15 | INFO     |    activation: gelu
2025-07-28 16:42:15 | INFO     |    use_norm: 1
2025-07-28 16:42:15 | INFO     |    gaf_method: summation
2025-07-28 16:42:15 | INFO     |    feature_dim: 128
2025-07-28 16:42:15 | INFO     |    data_type_method: uint8
2025-07-28 16:42:15 | INFO     |    use_attention: True
2025-07-28 16:42:15 | INFO     |    hidden_dim: 64
2025-07-28 16:42:15 | INFO     |    sample_size: 1000
2025-07-28 16:42:15 | INFO     |    cnn_dropout_rate: 0.3
2025-07-28 16:42:15 | INFO     |    cnn_use_batch_norm: True
2025-07-28 16:42:15 | INFO     |    channel_groups: None
2025-07-28 16:42:15 | INFO     |    hvac_groups: None
2025-07-28 16:42:15 | INFO     |    use_channel_compression: True
2025-07-28 16:42:15 | INFO     |    compression_strategy: signal_compression
2025-07-28 16:42:15 | INFO     |    compression_ratio: 0.7
2025-07-28 16:42:15 | INFO     |    compression_channels: 16
2025-07-28 16:42:15 | INFO     |    adaptive_compression_ratios: [0.5, 0.7, 0.8]
2025-07-28 16:42:15 | INFO     |    hvac_group_compression_ratios: None
2025-07-28 16:42:15 | INFO     |    extractor_type: dilated
2025-07-28 16:42:15 | INFO     |    fusion_type: concat
2025-07-28 16:42:15 | INFO     |    attention_type: channel
2025-07-28 16:42:15 | INFO     |    classifier_type: mlp
2025-07-28 16:42:15 | INFO     |    use_statistical_features: True
2025-07-28 16:42:15 | INFO     |    stat_type: basic
2025-07-28 16:42:15 | INFO     |    multimodal_fusion_strategy: concat
2025-07-28 16:42:15 | INFO     |    use_signal_level_stats: False
2025-07-28 16:42:15 | INFO     |    signal_stat_type: comprehensive
2025-07-28 16:42:15 | INFO     |    signal_stat_fusion_strategy: concat_project
2025-07-28 16:42:15 | INFO     |    signal_stat_feature_dim: 32
2025-07-28 16:42:15 | INFO     |    use_diff_branch: True
2025-07-28 16:42:15 | INFO     |    ablation_mode: none
2025-07-28 16:42:15 | INFO     |    backbone_type: resnet18
2025-07-28 16:42:15 | INFO     |    use_sum_branch: True
2025-07-28 16:42:15 | INFO     |    num_workers: 0
2025-07-28 16:42:15 | INFO     |    cuda_debug: False
2025-07-28 16:42:15 | INFO     |    gpu_memory_fraction: 0.9
2025-07-28 16:42:15 | INFO     |    safe_mode: True
2025-07-28 16:42:15 | INFO     |    drop_last_batch: True
2025-07-28 16:42:15 | INFO     |    itr: 1
2025-07-28 16:42:15 | INFO     |    train_epochs: 300
2025-07-28 16:42:15 | INFO     |    batch_size: 4
2025-07-28 16:42:15 | INFO     |    patience: 15
2025-07-28 16:42:15 | INFO     |    learning_rate: 0.0001
2025-07-28 16:42:15 | INFO     |    des: SDAHU通道压缩
2025-07-28 16:42:15 | INFO     |    loss: MSE
2025-07-28 16:42:15 | INFO     |    lradj: type1
2025-07-28 16:42:15 | INFO     |    use_auxiliary_loss: False
2025-07-28 16:42:15 | INFO     |    aux_classifier_position: attention
2025-07-28 16:42:15 | INFO     |    aux_loss_weight: 0.3
2025-07-28 16:42:15 | INFO     |    optimizer_type: adamw
2025-07-28 16:42:15 | INFO     |    weight_decay: 0.0001
2025-07-28 16:42:15 | INFO     |    grad_clip_norm: 1.0
2025-07-28 16:42:15 | INFO     |    lr_scheduler_type: f1_based
2025-07-28 16:42:15 | INFO     |    lr_loss_weight: 0.3
2025-07-28 16:42:15 | INFO     |    lr_f1_weight: 0.7
2025-07-28 16:42:15 | INFO     |    use_amp: False
2025-07-28 16:42:15 | INFO     |    gradient_accumulation_steps: 2
2025-07-28 16:42:15 | INFO     |    enable_auto_gradient_accumulation: True
2025-07-28 16:42:15 | INFO     |    loss_type: ce
2025-07-28 16:42:15 | INFO     |    label_smoothing: 0.1
2025-07-28 16:42:15 | INFO     |    focal_alpha: 1.0
2025-07-28 16:42:15 | INFO     |    focal_gamma: 2.0
2025-07-28 16:42:15 | INFO     |    confidence_penalty_beta: 0.1
2025-07-28 16:42:15 | INFO     |    use_timm_loss: True
2025-07-28 16:42:15 | INFO     |    adaptive_initial_smoothing: 0.2
2025-07-28 16:42:15 | INFO     |    adaptive_final_smoothing: 0.05
2025-07-28 16:42:15 | INFO     |    adaptive_decay_epochs: 30
2025-07-28 16:42:15 | INFO     |    enable_class_weights: False
2025-07-28 16:42:15 | INFO     |    class_weights: None
2025-07-28 16:42:15 | INFO     |    loss_preset: None
2025-07-28 16:42:15 | INFO     |    n_jobs: 1
2025-07-28 16:42:15 | INFO     |    use_multiprocessing: False
2025-07-28 16:42:15 | INFO     |    chunk_size: 800
2025-07-28 16:42:15 | INFO     |    disable_parallel: True
2025-07-28 16:42:15 | INFO     |    use_shared_memory: False
2025-07-28 16:42:15 | INFO     |    disable_shared_memory: False
2025-07-28 16:42:15 | INFO     |    use_gpu: True
2025-07-28 16:42:15 | INFO     |    gpu: 0
2025-07-28 16:42:15 | INFO     |    gpu_type: cuda
2025-07-28 16:42:15 | INFO     |    use_multi_gpu: False
2025-07-28 16:42:15 | INFO     |    devices: 0,1,2,3
2025-07-28 16:42:15 | INFO     |    device: cuda:0
2025-07-28 16:42:15 | INFO     |    feature_columns: ['CHWC_VLV', 'CHWC_VLV_DM', 'MA_TEMP', 'OA_CFM', 'OA_DMPR', 'OA_DMPR_DM', 'OA_TEMP', 'RA_CFM', 'RA_DMPR', 'RA_DMPR_DM', 'RA_TEMP', 'RF_CS', 'RF_SPD', 'RF_WAT', 'SA_CFM', 'SA_SP', 'SA_SPSPT', 'SA_TEMP', 'SF_CS', 'SF_SPD', 'SF_WAT', 'ZONE_TEMP_1', 'ZONE_TEMP_2', 'ZONE_TEMP_3', 'ZONE_TEMP_4', 'ZONE_TEMP_5']
2025-07-28 16:42:15 | INFO     | 🏗️ 模型信息:
2025-07-28 16:42:15 | INFO     |    模型类型: Model
2025-07-28 16:42:15 | INFO     |    总参数数量: 5,742,415
2025-07-28 16:42:15 | INFO     |    可训练参数: 5,742,415
2025-07-28 16:42:15 | INFO     |    模型大小估计: 21.91 MB
2025-07-28 16:42:15 | INFO     | 📊 数据集信息:
2025-07-28 16:42:15 | INFO     |    训练集大小: 3996
2025-07-28 16:42:15 | INFO     |    验证集大小: 999
2025-07-28 16:42:15 | INFO     | 
================================================================================
2025-07-28 16:42:15 | INFO     | 📋 损失函数使用策略（遵循主流机器学习规范）:
2025-07-28 16:42:15 | INFO     |    🎯 训练阶段: 使用 ce 损失函数
2025-07-28 16:42:15 | INFO     |       → 目的：优化模型参数，解决特定问题（类别不平衡、相似性等）
2025-07-28 16:42:15 | INFO     |    📊 验证阶段: 使用标准交叉熵损失函数
2025-07-28 16:42:15 | INFO     |       → 目的：客观评估模型性能，便于不同方法比较
2025-07-28 16:42:15 | INFO     |    📈 最终报告: 基于标准交叉熵损失的指标
2025-07-28 16:42:15 | INFO     |       → 目的：提供可信、可比较的性能指标
2025-07-28 16:42:15 | INFO     | ================================================================================

2025-07-28 16:42:15 | INFO     | 🔄 梯度累积配置: 每2轮累积一次梯度
2025-07-28 16:42:15 | INFO     |    实际batch_size: 4
2025-07-28 16:42:15 | INFO     |    有效batch_size: 8
2025-07-28 16:42:15 | INFO     | ⚙️ 训练优化配置:
2025-07-28 16:42:15 | INFO     |    优化器类型: adamw
2025-07-28 16:42:15 | INFO     |    权重衰减: 0.0001
2025-07-28 16:42:15 | INFO     |    梯度裁剪阈值: 1.0
2025-07-28 16:42:15 | INFO     | 🗜️ 压缩正则化配置:
2025-07-28 16:42:15 | INFO     |    压缩策略: signal_compression
2025-07-28 16:42:15 | INFO     |    L2正则化权重: 0.01
2025-07-28 16:42:15 | INFO     |    稀疏性权重: 0.005
2025-07-28 16:42:15 | INFO     | 🔗 辅助损失权重: 0.3
2025-07-28 16:43:08 | INFO     | Epoch 1:
2025-07-28 16:43:08 | INFO     |   训练指标:
2025-07-28 16:43:08 | INFO     |     损失(ce): 1.035864
2025-07-28 16:43:08 | INFO     |     准确率: 0.606356
2025-07-28 16:43:08 | INFO     |     学习率: 0.00010000
2025-07-28 16:43:08 | INFO     |   验证指标(标准CE):
2025-07-28 16:43:08 | INFO     |     损失: 0.325868
2025-07-28 16:43:08 | INFO     |     准确率: 0.833834
2025-07-28 16:43:08 | INFO     |     F1(macro): 0.802330
2025-07-28 16:43:08 | INFO     |     F1(weighted): 0.792855
2025-07-28 16:43:08 | INFO     |     精确率: 0.778068
2025-07-28 16:43:08 | INFO     |     召回率: 0.841493
2025-07-28 16:43:08 | INFO     |   学习率调度器: f1_based
2025-07-28 16:43:08 | INFO     | ------------------------------------------------------------
2025-07-28 16:43:08 | INFO     | Epoch   1 | Train: Loss=1.0359, Acc=0.6064 | Val: Loss=0.3259, Acc=0.8338, F1=0.7929 | LR=0.000100 🏆 [最佳模型]
2025-07-28 16:44:01 | INFO     | Epoch 2:
2025-07-28 16:44:01 | INFO     |   训练指标:
2025-07-28 16:44:01 | INFO     |     损失(ce): 0.292699
2025-07-28 16:44:01 | INFO     |     准确率: 0.871872
2025-07-28 16:44:01 | INFO     |     学习率: 0.00010000
2025-07-28 16:44:01 | INFO     |   验证指标(标准CE):
2025-07-28 16:44:01 | INFO     |     损失: 0.202924
2025-07-28 16:44:01 | INFO     |     准确率: 0.887888
2025-07-28 16:44:01 | INFO     |     F1(macro): 0.878185
2025-07-28 16:44:01 | INFO     |     F1(weighted): 0.871565
2025-07-28 16:44:01 | INFO     |     精确率: 0.924950
2025-07-28 16:44:01 | INFO     |     召回率: 0.895314
2025-07-28 16:44:01 | INFO     |   学习率调度器: f1_based
2025-07-28 16:44:01 | INFO     | ------------------------------------------------------------
2025-07-28 16:44:01 | INFO     | Epoch   2 | Train: Loss=0.2927, Acc=0.8719 | Val: Loss=0.2029, Acc=0.8879, F1=0.8716 | LR=0.000100 🏆 [最佳模型]
2025-07-28 16:44:55 | INFO     | Epoch 3:
2025-07-28 16:44:55 | INFO     |   训练指标:
2025-07-28 16:44:55 | INFO     |     损失(ce): 0.215337
2025-07-28 16:44:55 | INFO     |     准确率: 0.913914
2025-07-28 16:44:55 | INFO     |     学习率: 0.00010000
2025-07-28 16:44:55 | INFO     |   验证指标(标准CE):
2025-07-28 16:44:55 | INFO     |     损失: 0.152358
2025-07-28 16:44:55 | INFO     |     准确率: 0.932933
2025-07-28 16:44:55 | INFO     |     F1(macro): 0.931869
2025-07-28 16:44:55 | INFO     |     F1(weighted): 0.930533
2025-07-28 16:44:55 | INFO     |     精确率: 0.932732
2025-07-28 16:44:55 | INFO     |     召回率: 0.934199
2025-07-28 16:44:55 | INFO     |   学习率调度器: f1_based
2025-07-28 16:44:55 | INFO     | ------------------------------------------------------------
2025-07-28 16:44:55 | INFO     | Epoch   3 | Train: Loss=0.2153, Acc=0.9139 | Val: Loss=0.1524, Acc=0.9329, F1=0.9305 | LR=0.000100 🏆 [最佳模型]
2025-07-28 16:45:48 | INFO     | Epoch 4:
2025-07-28 16:45:48 | INFO     |   训练指标:
2025-07-28 16:45:48 | INFO     |     损失(ce): 0.170942
2025-07-28 16:45:48 | INFO     |     准确率: 0.936687
2025-07-28 16:45:48 | INFO     |     学习率: 0.00010000
2025-07-28 16:45:48 | INFO     |   验证指标(标准CE):
2025-07-28 16:45:48 | INFO     |     损失: 0.393489
2025-07-28 16:45:48 | INFO     |     准确率: 0.924925
2025-07-28 16:45:48 | INFO     |     F1(macro): 0.919336
2025-07-28 16:45:48 | INFO     |     F1(weighted): 0.916934
2025-07-28 16:45:48 | INFO     |     精确率: 0.952683
2025-07-28 16:45:48 | INFO     |     召回率: 0.925095
2025-07-28 16:45:48 | INFO     |   学习率调度器: f1_based
2025-07-28 16:45:48 | INFO     | ------------------------------------------------------------
2025-07-28 16:45:48 | INFO     | Epoch   4 | Train: Loss=0.1709, Acc=0.9367 | Val: Loss=0.3935, Acc=0.9249, F1=0.9169 | LR=0.000100 
2025-07-28 16:46:41 | INFO     | Epoch 5:
2025-07-28 16:46:41 | INFO     |   训练指标:
2025-07-28 16:46:41 | INFO     |     损失(ce): 0.172650
2025-07-28 16:46:41 | INFO     |     准确率: 0.941692
2025-07-28 16:46:41 | INFO     |     学习率: 0.00010000
2025-07-28 16:46:41 | INFO     |   验证指标(标准CE):
2025-07-28 16:46:41 | INFO     |     损失: 0.296850
2025-07-28 16:46:41 | INFO     |     准确率: 0.935936
2025-07-28 16:46:41 | INFO     |     F1(macro): 0.935763
2025-07-28 16:46:41 | INFO     |     F1(weighted): 0.933082
2025-07-28 16:46:41 | INFO     |     精确率: 0.953787
2025-07-28 16:46:41 | INFO     |     召回率: 0.940551
2025-07-28 16:46:41 | INFO     |   学习率调度器: f1_based
2025-07-28 16:46:41 | INFO     | ------------------------------------------------------------
2025-07-28 16:46:41 | INFO     | Epoch   5 | Train: Loss=0.1726, Acc=0.9417 | Val: Loss=0.2968, Acc=0.9359, F1=0.9331 | LR=0.000100 🏆 [最佳模型]
2025-07-28 16:47:34 | INFO     | Epoch 6:
2025-07-28 16:47:34 | INFO     |   训练指标:
2025-07-28 16:47:34 | INFO     |     损失(ce): 0.146102
2025-07-28 16:47:34 | INFO     |     准确率: 0.948198
2025-07-28 16:47:34 | INFO     |     学习率: 0.00010000
2025-07-28 16:47:34 | INFO     |   验证指标(标准CE):
2025-07-28 16:47:34 | INFO     |     损失: 0.072556
2025-07-28 16:47:34 | INFO     |     准确率: 0.961962
2025-07-28 16:47:34 | INFO     |     F1(macro): 0.963442
2025-07-28 16:47:34 | INFO     |     F1(weighted): 0.961977
2025-07-28 16:47:34 | INFO     |     精确率: 0.963531
2025-07-28 16:47:34 | INFO     |     召回率: 0.963704
2025-07-28 16:47:34 | INFO     |   学习率调度器: f1_based
2025-07-28 16:47:34 | INFO     | ------------------------------------------------------------
2025-07-28 16:47:34 | INFO     | Epoch   6 | Train: Loss=0.1461, Acc=0.9482 | Val: Loss=0.0726, Acc=0.9620, F1=0.9620 | LR=0.000100 🏆 [最佳模型]
2025-07-28 16:48:27 | INFO     | Epoch 7:
2025-07-28 16:48:27 | INFO     |   训练指标:
2025-07-28 16:48:27 | INFO     |     损失(ce): 0.123851
2025-07-28 16:48:27 | INFO     |     准确率: 0.959960
2025-07-28 16:48:27 | INFO     |     学习率: 0.00010000
2025-07-28 16:48:27 | INFO     |   验证指标(标准CE):
2025-07-28 16:48:27 | INFO     |     损失: 0.089373
2025-07-28 16:48:27 | INFO     |     准确率: 0.967968
2025-07-28 16:48:27 | INFO     |     F1(macro): 0.969119
2025-07-28 16:48:27 | INFO     |     F1(weighted): 0.967608
2025-07-28 16:48:27 | INFO     |     精确率: 0.974350
2025-07-28 16:48:27 | INFO     |     召回率: 0.970533
2025-07-28 16:48:27 | INFO     |   学习率调度器: f1_based
2025-07-28 16:48:27 | INFO     | ------------------------------------------------------------
2025-07-28 16:48:27 | INFO     | Epoch   7 | Train: Loss=0.1239, Acc=0.9600 | Val: Loss=0.0894, Acc=0.9680, F1=0.9676 | LR=0.000100 🏆 [最佳模型]
2025-07-28 16:49:20 | INFO     | Epoch 8:
2025-07-28 16:49:20 | INFO     |   训练指标:
2025-07-28 16:49:20 | INFO     |     损失(ce): 0.139648
2025-07-28 16:49:20 | INFO     |     准确率: 0.957207
2025-07-28 16:49:20 | INFO     |     学习率: 0.00010000
2025-07-28 16:49:20 | INFO     |   验证指标(标准CE):
2025-07-28 16:49:20 | INFO     |     损失: 0.079724
2025-07-28 16:49:20 | INFO     |     准确率: 0.963964
2025-07-28 16:49:20 | INFO     |     F1(macro): 0.965079
2025-07-28 16:49:20 | INFO     |     F1(weighted): 0.963329
2025-07-28 16:49:20 | INFO     |     精确率: 0.972789
2025-07-28 16:49:20 | INFO     |     召回率: 0.966942
2025-07-28 16:49:20 | INFO     |   学习率调度器: f1_based
2025-07-28 16:49:20 | INFO     | ------------------------------------------------------------
2025-07-28 16:49:20 | INFO     | Epoch   8 | Train: Loss=0.1396, Acc=0.9572 | Val: Loss=0.0797, Acc=0.9640, F1=0.9633 | LR=0.000100 
2025-07-28 16:50:13 | INFO     | Epoch 9:
2025-07-28 16:50:13 | INFO     |   训练指标:
2025-07-28 16:50:13 | INFO     |     损失(ce): 0.101196
2025-07-28 16:50:13 | INFO     |     准确率: 0.963964
2025-07-28 16:50:13 | INFO     |     学习率: 0.00010000
2025-07-28 16:50:13 | INFO     |   验证指标(标准CE):
2025-07-28 16:50:13 | INFO     |     损失: 0.104525
2025-07-28 16:50:13 | INFO     |     准确率: 0.958959
2025-07-28 16:50:13 | INFO     |     F1(macro): 0.959956
2025-07-28 16:50:13 | INFO     |     F1(weighted): 0.958437
2025-07-28 16:50:13 | INFO     |     精确率: 0.968049
2025-07-28 16:50:13 | INFO     |     召回率: 0.960533
2025-07-28 16:50:13 | INFO     |   学习率调度器: f1_based
2025-07-28 16:50:13 | INFO     | ------------------------------------------------------------
2025-07-28 16:50:13 | INFO     | Epoch   9 | Train: Loss=0.1012, Acc=0.9640 | Val: Loss=0.1045, Acc=0.9590, F1=0.9584 | LR=0.000100 
2025-07-28 16:51:06 | INFO     | Epoch 10:
2025-07-28 16:51:06 | INFO     |   训练指标:
2025-07-28 16:51:06 | INFO     |     损失(ce): 0.104415
2025-07-28 16:51:06 | INFO     |     准确率: 0.963463
2025-07-28 16:51:06 | INFO     |     学习率: 0.00010000
2025-07-28 16:51:06 | INFO     |   验证指标(标准CE):
2025-07-28 16:51:06 | INFO     |     损失: 0.085906
2025-07-28 16:51:06 | INFO     |     准确率: 0.974975
2025-07-28 16:51:06 | INFO     |     F1(macro): 0.975725
2025-07-28 16:51:06 | INFO     |     F1(weighted): 0.974759
2025-07-28 16:51:06 | INFO     |     精确率: 0.978364
2025-07-28 16:51:06 | INFO     |     召回率: 0.975306
2025-07-28 16:51:06 | INFO     |   学习率调度器: f1_based
2025-07-28 16:51:06 | INFO     | ------------------------------------------------------------
2025-07-28 16:51:06 | INFO     | Epoch  10 | Train: Loss=0.1044, Acc=0.9635 | Val: Loss=0.0859, Acc=0.9750, F1=0.9748 | LR=0.000100 🏆 [最佳模型]
2025-07-28 16:51:59 | INFO     | Epoch 11:
2025-07-28 16:51:59 | INFO     |   训练指标:
2025-07-28 16:51:59 | INFO     |     损失(ce): 0.113861
2025-07-28 16:51:59 | INFO     |     准确率: 0.959710
2025-07-28 16:51:59 | INFO     |     学习率: 0.00010000
2025-07-28 16:51:59 | INFO     |   验证指标(标准CE):
2025-07-28 16:51:59 | INFO     |     损失: 0.055545
2025-07-28 16:51:59 | INFO     |     准确率: 0.965966
2025-07-28 16:51:59 | INFO     |     F1(macro): 0.967372
2025-07-28 16:51:59 | INFO     |     F1(weighted): 0.965839
2025-07-28 16:51:59 | INFO     |     精确率: 0.969398
2025-07-28 16:51:59 | INFO     |     召回率: 0.968200
2025-07-28 16:51:59 | INFO     |   学习率调度器: f1_based
2025-07-28 16:51:59 | INFO     | ------------------------------------------------------------
2025-07-28 16:51:59 | INFO     | Epoch  11 | Train: Loss=0.1139, Acc=0.9597 | Val: Loss=0.0555, Acc=0.9660, F1=0.9658 | LR=0.000100 
2025-07-28 16:52:52 | INFO     | Epoch 12:
2025-07-28 16:52:52 | INFO     |   训练指标:
2025-07-28 16:52:52 | INFO     |     损失(ce): 0.096742
2025-07-28 16:52:52 | INFO     |     准确率: 0.967467
2025-07-28 16:52:52 | INFO     |     学习率: 0.00010000
2025-07-28 16:52:52 | INFO     |   验证指标(标准CE):
2025-07-28 16:52:52 | INFO     |     损失: 0.055110
2025-07-28 16:52:52 | INFO     |     准确率: 0.961962
2025-07-28 16:52:52 | INFO     |     F1(macro): 0.963503
2025-07-28 16:52:52 | INFO     |     F1(weighted): 0.961899
2025-07-28 16:52:52 | INFO     |     精确率: 0.965845
2025-07-28 16:52:52 | INFO     |     召回率: 0.964306
2025-07-28 16:52:52 | INFO     |   学习率调度器: f1_based
2025-07-28 16:52:52 | INFO     | ------------------------------------------------------------
2025-07-28 16:52:52 | INFO     | Epoch  12 | Train: Loss=0.0967, Acc=0.9675 | Val: Loss=0.0551, Acc=0.9620, F1=0.9619 | LR=0.000100 
2025-07-28 16:53:45 | INFO     | Epoch 13:
2025-07-28 16:53:45 | INFO     |   训练指标:
2025-07-28 16:53:45 | INFO     |     损失(ce): 0.080462
2025-07-28 16:53:45 | INFO     |     准确率: 0.968969
2025-07-28 16:53:45 | INFO     |     学习率: 0.00010000
2025-07-28 16:53:45 | INFO     |   验证指标(标准CE):
2025-07-28 16:53:45 | INFO     |     损失: 0.071004
2025-07-28 16:53:45 | INFO     |     准确率: 0.967968
2025-07-28 16:53:45 | INFO     |     F1(macro): 0.968976
2025-07-28 16:53:45 | INFO     |     F1(weighted): 0.967956
2025-07-28 16:53:45 | INFO     |     精确率: 0.969070
2025-07-28 16:53:45 | INFO     |     召回率: 0.968969
2025-07-28 16:53:45 | INFO     |   学习率调度器: f1_based
2025-07-28 16:53:45 | INFO     | ------------------------------------------------------------
2025-07-28 16:53:45 | INFO     | Epoch  13 | Train: Loss=0.0805, Acc=0.9690 | Val: Loss=0.0710, Acc=0.9680, F1=0.9680 | LR=0.000100 
2025-07-28 16:54:38 | INFO     | Epoch 14:
2025-07-28 16:54:38 | INFO     |   训练指标:
2025-07-28 16:54:38 | INFO     |     损失(ce): 0.086421
2025-07-28 16:54:38 | INFO     |     准确率: 0.964965
2025-07-28 16:54:38 | INFO     |     学习率: 0.00010000
2025-07-28 16:54:38 | INFO     |   验证指标(标准CE):
2025-07-28 16:54:38 | INFO     |     损失: 0.075289
2025-07-28 16:54:38 | INFO     |     准确率: 0.966967
2025-07-28 16:54:38 | INFO     |     F1(macro): 0.968196
2025-07-28 16:54:38 | INFO     |     F1(weighted): 0.966662
2025-07-28 16:54:38 | INFO     |     精确率: 0.974537
2025-07-28 16:54:38 | INFO     |     召回率: 0.969632
2025-07-28 16:54:38 | INFO     |   学习率调度器: f1_based
2025-07-28 16:54:38 | INFO     | ------------------------------------------------------------
2025-07-28 16:54:38 | INFO     | Epoch  14 | Train: Loss=0.0864, Acc=0.9650 | Val: Loss=0.0753, Acc=0.9670, F1=0.9667 | LR=0.000100 
2025-07-28 16:55:30 | INFO     | Epoch 15:
2025-07-28 16:55:30 | INFO     |   训练指标:
2025-07-28 16:55:30 | INFO     |     损失(ce): 0.096057
2025-07-28 16:55:30 | INFO     |     准确率: 0.968468
2025-07-28 16:55:30 | INFO     |     学习率: 0.00010000
2025-07-28 16:55:30 | INFO     |   验证指标(标准CE):
2025-07-28 16:55:30 | INFO     |     损失: 0.070910
2025-07-28 16:55:30 | INFO     |     准确率: 0.963964
2025-07-28 16:55:30 | INFO     |     F1(macro): 0.965073
2025-07-28 16:55:30 | INFO     |     F1(weighted): 0.963492
2025-07-28 16:55:30 | INFO     |     精确率: 0.971683
2025-07-28 16:55:30 | INFO     |     召回率: 0.966585
2025-07-28 16:55:30 | INFO     |   学习率调度器: f1_based
2025-07-28 16:55:30 | INFO     | ------------------------------------------------------------
2025-07-28 16:55:30 | INFO     | Epoch  15 | Train: Loss=0.0961, Acc=0.9685 | Val: Loss=0.0709, Acc=0.9640, F1=0.9635 | LR=0.000100 
2025-07-28 16:56:23 | INFO     | Epoch 16:
2025-07-28 16:56:23 | INFO     |   训练指标:
2025-07-28 16:56:23 | INFO     |     损失(ce): 0.103719
2025-07-28 16:56:23 | INFO     |     准确率: 0.965716
2025-07-28 16:56:23 | INFO     |     学习率: 0.00010000
2025-07-28 16:56:23 | INFO     |   验证指标(标准CE):
2025-07-28 16:56:23 | INFO     |     损失: 0.083046
2025-07-28 16:56:23 | INFO     |     准确率: 0.963964
2025-07-28 16:56:23 | INFO     |     F1(macro): 0.965118
2025-07-28 16:56:23 | INFO     |     F1(weighted): 0.963492
2025-07-28 16:56:23 | INFO     |     精确率: 0.971707
2025-07-28 16:56:23 | INFO     |     召回率: 0.966652
2025-07-28 16:56:23 | INFO     |   学习率调度器: f1_based
2025-07-28 16:56:23 | INFO     | ------------------------------------------------------------
2025-07-28 16:56:23 | INFO     | 🎯 学习率调整事件:
2025-07-28 16:56:23 | INFO     |   调度器类型: f1_based
2025-07-28 16:56:23 | INFO     |   学习率变化: 0.00010000 → 0.00005000
2025-07-28 16:56:23 | INFO     |   触发条件: F1分数 = 0.963492
2025-07-28 16:56:23 | INFO     |   变化幅度: -50.00%
2025-07-28 16:56:23 | INFO     | ------------------------------------------------------------
2025-07-28 16:56:23 | INFO     | Epoch  16 | Train: Loss=0.1037, Acc=0.9657 | Val: Loss=0.0830, Acc=0.9640, F1=0.9635 | LR=0.000050 
2025-07-28 16:57:16 | INFO     | Epoch 17:
2025-07-28 16:57:16 | INFO     |   训练指标:
2025-07-28 16:57:16 | INFO     |     损失(ce): 0.053017
2025-07-28 16:57:16 | INFO     |     准确率: 0.972472
2025-07-28 16:57:16 | INFO     |     学习率: 0.00005000
2025-07-28 16:57:16 | INFO     |   验证指标(标准CE):
2025-07-28 16:57:16 | INFO     |     损失: 0.044230
2025-07-28 16:57:16 | INFO     |     准确率: 0.968969
2025-07-28 16:57:16 | INFO     |     F1(macro): 0.970168
2025-07-28 16:57:16 | INFO     |     F1(weighted): 0.968686
2025-07-28 16:57:16 | INFO     |     精确率: 0.974769
2025-07-28 16:57:16 | INFO     |     召回率: 0.971386
2025-07-28 16:57:16 | INFO     |   学习率调度器: f1_based
2025-07-28 16:57:16 | INFO     | ------------------------------------------------------------
2025-07-28 16:57:16 | INFO     | Epoch  17 | Train: Loss=0.0530, Acc=0.9725 | Val: Loss=0.0442, Acc=0.9690, F1=0.9687 | LR=0.000050 
2025-07-28 16:58:09 | INFO     | Epoch 18:
2025-07-28 16:58:09 | INFO     |   训练指标:
2025-07-28 16:58:09 | INFO     |     损失(ce): 0.061644
2025-07-28 16:58:09 | INFO     |     准确率: 0.974224
2025-07-28 16:58:09 | INFO     |     学习率: 0.00005000
2025-07-28 16:58:09 | INFO     |   验证指标(标准CE):
2025-07-28 16:58:09 | INFO     |     损失: 0.052761
2025-07-28 16:58:09 | INFO     |     准确率: 0.970971
2025-07-28 16:58:09 | INFO     |     F1(macro): 0.972210
2025-07-28 16:58:09 | INFO     |     F1(weighted): 0.970950
2025-07-28 16:58:09 | INFO     |     精确率: 0.972517
2025-07-28 16:58:09 | INFO     |     召回率: 0.971999
2025-07-28 16:58:09 | INFO     |   学习率调度器: f1_based
2025-07-28 16:58:09 | INFO     | ------------------------------------------------------------
2025-07-28 16:58:09 | INFO     | Epoch  18 | Train: Loss=0.0616, Acc=0.9742 | Val: Loss=0.0528, Acc=0.9710, F1=0.9710 | LR=0.000050 
2025-07-28 16:59:02 | INFO     | Epoch 19:
2025-07-28 16:59:02 | INFO     |   训练指标:
2025-07-28 16:59:02 | INFO     |     损失(ce): 0.058538
2025-07-28 16:59:02 | INFO     |     准确率: 0.972973
2025-07-28 16:59:02 | INFO     |     学习率: 0.00005000
2025-07-28 16:59:02 | INFO     |   验证指标(标准CE):
2025-07-28 16:59:02 | INFO     |     损失: 0.051412
2025-07-28 16:59:02 | INFO     |     准确率: 0.969970
2025-07-28 16:59:02 | INFO     |     F1(macro): 0.971049
2025-07-28 16:59:02 | INFO     |     F1(weighted): 0.969678
2025-07-28 16:59:02 | INFO     |     精确率: 0.975844
2025-07-28 16:59:02 | INFO     |     召回率: 0.972369
2025-07-28 16:59:02 | INFO     |   学习率调度器: f1_based
2025-07-28 16:59:02 | INFO     | ------------------------------------------------------------
2025-07-28 16:59:02 | INFO     | Epoch  19 | Train: Loss=0.0585, Acc=0.9730 | Val: Loss=0.0514, Acc=0.9700, F1=0.9697 | LR=0.000050 
2025-07-28 16:59:54 | INFO     | Epoch 20:
2025-07-28 16:59:54 | INFO     |   训练指标:
2025-07-28 16:59:54 | INFO     |     损失(ce): 0.050801
2025-07-28 16:59:54 | INFO     |     准确率: 0.973974
2025-07-28 16:59:54 | INFO     |     学习率: 0.00005000
2025-07-28 16:59:54 | INFO     |   验证指标(标准CE):
2025-07-28 16:59:54 | INFO     |     损失: 0.047157
2025-07-28 16:59:54 | INFO     |     准确率: 0.968969
2025-07-28 16:59:54 | INFO     |     F1(macro): 0.969979
2025-07-28 16:59:54 | INFO     |     F1(weighted): 0.968686
2025-07-28 16:59:54 | INFO     |     精确率: 0.974490
2025-07-28 16:59:54 | INFO     |     召回率: 0.971290
2025-07-28 16:59:54 | INFO     |   学习率调度器: f1_based
2025-07-28 16:59:54 | INFO     | ------------------------------------------------------------
2025-07-28 16:59:54 | INFO     | Epoch  20 | Train: Loss=0.0508, Acc=0.9740 | Val: Loss=0.0472, Acc=0.9690, F1=0.9687 | LR=0.000050 
2025-07-28 17:00:47 | INFO     | Epoch 21:
2025-07-28 17:00:47 | INFO     |   训练指标:
2025-07-28 17:00:47 | INFO     |     损失(ce): 0.046958
2025-07-28 17:00:47 | INFO     |     准确率: 0.976476
2025-07-28 17:00:47 | INFO     |     学习率: 0.00005000
2025-07-28 17:00:47 | INFO     |   验证指标(标准CE):
2025-07-28 17:00:47 | INFO     |     损失: 0.049779
2025-07-28 17:00:47 | INFO     |     准确率: 0.974975
2025-07-28 17:00:47 | INFO     |     F1(macro): 0.975515
2025-07-28 17:00:47 | INFO     |     F1(weighted): 0.974626
2025-07-28 17:00:47 | INFO     |     精确率: 0.978903
2025-07-28 17:00:47 | INFO     |     召回率: 0.975158
2025-07-28 17:00:47 | INFO     |   学习率调度器: f1_based
2025-07-28 17:00:47 | INFO     | ------------------------------------------------------------
2025-07-28 17:00:47 | INFO     | Epoch  21 | Train: Loss=0.0470, Acc=0.9765 | Val: Loss=0.0498, Acc=0.9750, F1=0.9746 | LR=0.000050 
2025-07-28 17:01:40 | INFO     | Epoch 22:
2025-07-28 17:01:40 | INFO     |   训练指标:
2025-07-28 17:01:40 | INFO     |     损失(ce): 0.050853
2025-07-28 17:01:40 | INFO     |     准确率: 0.973223
2025-07-28 17:01:40 | INFO     |     学习率: 0.00005000
2025-07-28 17:01:40 | INFO     |   验证指标(标准CE):
2025-07-28 17:01:40 | INFO     |     损失: 0.038647
2025-07-28 17:01:40 | INFO     |     准确率: 0.976977
2025-07-28 17:01:40 | INFO     |     F1(macro): 0.977457
2025-07-28 17:01:40 | INFO     |     F1(weighted): 0.976727
2025-07-28 17:01:40 | INFO     |     精确率: 0.981097
2025-07-28 17:01:40 | INFO     |     召回率: 0.976982
2025-07-28 17:01:40 | INFO     |   学习率调度器: f1_based
2025-07-28 17:01:40 | INFO     | ------------------------------------------------------------
2025-07-28 17:01:40 | INFO     | Epoch  22 | Train: Loss=0.0509, Acc=0.9732 | Val: Loss=0.0386, Acc=0.9770, F1=0.9767 | LR=0.000050 🏆 [最佳模型]
2025-07-28 17:02:33 | INFO     | Epoch 23:
2025-07-28 17:02:33 | INFO     |   训练指标:
2025-07-28 17:02:33 | INFO     |     损失(ce): 0.048660
2025-07-28 17:02:33 | INFO     |     准确率: 0.975225
2025-07-28 17:02:33 | INFO     |     学习率: 0.00005000
2025-07-28 17:02:33 | INFO     |   验证指标(标准CE):
2025-07-28 17:02:33 | INFO     |     损失: 0.042034
2025-07-28 17:02:33 | INFO     |     准确率: 0.976977
2025-07-28 17:02:33 | INFO     |     F1(macro): 0.977587
2025-07-28 17:02:33 | INFO     |     F1(weighted): 0.976738
2025-07-28 17:02:33 | INFO     |     精确率: 0.981036
2025-07-28 17:02:33 | INFO     |     召回率: 0.977077
2025-07-28 17:02:33 | INFO     |   学习率调度器: f1_based
2025-07-28 17:02:33 | INFO     | ------------------------------------------------------------
2025-07-28 17:02:33 | INFO     | Epoch  23 | Train: Loss=0.0487, Acc=0.9752 | Val: Loss=0.0420, Acc=0.9770, F1=0.9767 | LR=0.000050 🏆 [最佳模型]
2025-07-28 17:03:26 | INFO     | Epoch 24:
2025-07-28 17:03:26 | INFO     |   训练指标:
2025-07-28 17:03:26 | INFO     |     损失(ce): 0.066444
2025-07-28 17:03:26 | INFO     |     准确率: 0.969219
2025-07-28 17:03:26 | INFO     |     学习率: 0.00005000
2025-07-28 17:03:26 | INFO     |   验证指标(标准CE):
2025-07-28 17:03:26 | INFO     |     损失: 0.078609
2025-07-28 17:03:26 | INFO     |     准确率: 0.966967
2025-07-28 17:03:26 | INFO     |     F1(macro): 0.968281
2025-07-28 17:03:26 | INFO     |     F1(weighted): 0.966705
2025-07-28 17:03:26 | INFO     |     精确率: 0.972354
2025-07-28 17:03:26 | INFO     |     召回率: 0.969471
2025-07-28 17:03:26 | INFO     |   学习率调度器: f1_based
2025-07-28 17:03:26 | INFO     | ------------------------------------------------------------
2025-07-28 17:03:26 | INFO     | Epoch  24 | Train: Loss=0.0664, Acc=0.9692 | Val: Loss=0.0786, Acc=0.9670, F1=0.9667 | LR=0.000050 
2025-07-28 17:04:19 | INFO     | Epoch 25:
2025-07-28 17:04:19 | INFO     |   训练指标:
2025-07-28 17:04:19 | INFO     |     损失(ce): 0.051956
2025-07-28 17:04:19 | INFO     |     准确率: 0.973974
2025-07-28 17:04:19 | INFO     |     学习率: 0.00005000
2025-07-28 17:04:19 | INFO     |   验证指标(标准CE):
2025-07-28 17:04:19 | INFO     |     损失: 0.049266
2025-07-28 17:04:19 | INFO     |     准确率: 0.974975
2025-07-28 17:04:19 | INFO     |     F1(macro): 0.975725
2025-07-28 17:04:19 | INFO     |     F1(weighted): 0.974759
2025-07-28 17:04:19 | INFO     |     精确率: 0.978364
2025-07-28 17:04:19 | INFO     |     召回率: 0.975306
2025-07-28 17:04:19 | INFO     |   学习率调度器: f1_based
2025-07-28 17:04:19 | INFO     | ------------------------------------------------------------
2025-07-28 17:04:19 | INFO     | Epoch  25 | Train: Loss=0.0520, Acc=0.9740 | Val: Loss=0.0493, Acc=0.9750, F1=0.9748 | LR=0.000050 
2025-07-28 17:05:12 | INFO     | Epoch 26:
2025-07-28 17:05:12 | INFO     |   训练指标:
2025-07-28 17:05:12 | INFO     |     损失(ce): 0.059923
2025-07-28 17:05:12 | INFO     |     准确率: 0.975726
2025-07-28 17:05:12 | INFO     |     学习率: 0.00005000
2025-07-28 17:05:12 | INFO     |   验证指标(标准CE):
2025-07-28 17:05:12 | INFO     |     损失: 0.102391
2025-07-28 17:05:12 | INFO     |     准确率: 0.970971
2025-07-28 17:05:12 | INFO     |     F1(macro): 0.972035
2025-07-28 17:05:12 | INFO     |     F1(weighted): 0.970672
2025-07-28 17:05:12 | INFO     |     精确率: 0.976984
2025-07-28 17:05:12 | INFO     |     召回率: 0.973370
2025-07-28 17:05:12 | INFO     |   学习率调度器: f1_based
2025-07-28 17:05:12 | INFO     | ------------------------------------------------------------
2025-07-28 17:05:12 | INFO     | Epoch  26 | Train: Loss=0.0599, Acc=0.9757 | Val: Loss=0.1024, Acc=0.9710, F1=0.9707 | LR=0.000050 
2025-07-28 17:06:05 | INFO     | Epoch 27:
2025-07-28 17:06:05 | INFO     |   训练指标:
2025-07-28 17:06:05 | INFO     |     损失(ce): 0.049798
2025-07-28 17:06:05 | INFO     |     准确率: 0.972973
2025-07-28 17:06:05 | INFO     |     学习率: 0.00005000
2025-07-28 17:06:05 | INFO     |   验证指标(标准CE):
2025-07-28 17:06:05 | INFO     |     损失: 0.054947
2025-07-28 17:06:05 | INFO     |     准确率: 0.970971
2025-07-28 17:06:05 | INFO     |     F1(macro): 0.972035
2025-07-28 17:06:05 | INFO     |     F1(weighted): 0.970672
2025-07-28 17:06:05 | INFO     |     精确率: 0.976984
2025-07-28 17:06:05 | INFO     |     召回率: 0.973370
2025-07-28 17:06:05 | INFO     |   学习率调度器: f1_based
2025-07-28 17:06:05 | INFO     | ------------------------------------------------------------
2025-07-28 17:06:05 | INFO     | Epoch  27 | Train: Loss=0.0498, Acc=0.9730 | Val: Loss=0.0549, Acc=0.9710, F1=0.9707 | LR=0.000050 
2025-07-28 17:06:57 | INFO     | Epoch 28:
2025-07-28 17:06:57 | INFO     |   训练指标:
2025-07-28 17:06:57 | INFO     |     损失(ce): 0.046765
2025-07-28 17:06:57 | INFO     |     准确率: 0.974975
2025-07-28 17:06:57 | INFO     |     学习率: 0.00005000
2025-07-28 17:06:57 | INFO     |   验证指标(标准CE):
2025-07-28 17:06:57 | INFO     |     损失: 0.037917
2025-07-28 17:06:57 | INFO     |     准确率: 0.971972
2025-07-28 17:06:57 | INFO     |     F1(macro): 0.973172
2025-07-28 17:06:57 | INFO     |     F1(weighted): 0.971943
2025-07-28 17:06:57 | INFO     |     精确率: 0.974064
2025-07-28 17:06:57 | INFO     |     召回率: 0.973709
2025-07-28 17:06:57 | INFO     |   学习率调度器: f1_based
2025-07-28 17:06:57 | INFO     | ------------------------------------------------------------
2025-07-28 17:06:57 | INFO     | 🎯 学习率调整事件:
2025-07-28 17:06:57 | INFO     |   调度器类型: f1_based
2025-07-28 17:06:57 | INFO     |   学习率变化: 0.00005000 → 0.00002500
2025-07-28 17:06:57 | INFO     |   触发条件: F1分数 = 0.971943
2025-07-28 17:06:57 | INFO     |   变化幅度: -50.00%
2025-07-28 17:06:57 | INFO     | ------------------------------------------------------------
2025-07-28 17:06:57 | INFO     | Epoch  28 | Train: Loss=0.0468, Acc=0.9750 | Val: Loss=0.0379, Acc=0.9720, F1=0.9719 | LR=0.000025 
2025-07-28 17:07:50 | INFO     | Epoch 29:
2025-07-28 17:07:50 | INFO     |   训练指标:
2025-07-28 17:07:50 | INFO     |     损失(ce): 0.037817
2025-07-28 17:07:50 | INFO     |     准确率: 0.976977
2025-07-28 17:07:50 | INFO     |     学习率: 0.00002500
2025-07-28 17:07:50 | INFO     |   验证指标(标准CE):
2025-07-28 17:07:50 | INFO     |     损失: 0.039746
2025-07-28 17:07:50 | INFO     |     准确率: 0.970971
2025-07-28 17:07:50 | INFO     |     F1(macro): 0.972035
2025-07-28 17:07:50 | INFO     |     F1(weighted): 0.970672
2025-07-28 17:07:50 | INFO     |     精确率: 0.976984
2025-07-28 17:07:50 | INFO     |     召回率: 0.973370
2025-07-28 17:07:50 | INFO     |   学习率调度器: f1_based
2025-07-28 17:07:50 | INFO     | ------------------------------------------------------------
2025-07-28 17:07:50 | INFO     | Epoch  29 | Train: Loss=0.0378, Acc=0.9770 | Val: Loss=0.0397, Acc=0.9710, F1=0.9707 | LR=0.000025 
2025-07-28 17:08:43 | INFO     | Epoch 30:
2025-07-28 17:08:43 | INFO     |   训练指标:
2025-07-28 17:08:43 | INFO     |     损失(ce): 0.040180
2025-07-28 17:08:43 | INFO     |     准确率: 0.974725
2025-07-28 17:08:43 | INFO     |     学习率: 0.00002500
2025-07-28 17:08:43 | INFO     |   验证指标(标准CE):
2025-07-28 17:08:43 | INFO     |     损失: 0.049275
2025-07-28 17:08:43 | INFO     |     准确率: 0.970971
2025-07-28 17:08:43 | INFO     |     F1(macro): 0.972035
2025-07-28 17:08:43 | INFO     |     F1(weighted): 0.970672
2025-07-28 17:08:43 | INFO     |     精确率: 0.976984
2025-07-28 17:08:43 | INFO     |     召回率: 0.973370
2025-07-28 17:08:43 | INFO     |   学习率调度器: f1_based
2025-07-28 17:08:43 | INFO     | ------------------------------------------------------------
2025-07-28 17:08:43 | INFO     | Epoch  30 | Train: Loss=0.0402, Acc=0.9747 | Val: Loss=0.0493, Acc=0.9710, F1=0.9707 | LR=0.000025 
2025-07-28 17:09:36 | INFO     | Epoch 31:
2025-07-28 17:09:36 | INFO     |   训练指标:
2025-07-28 17:09:36 | INFO     |     损失(ce): 0.042865
2025-07-28 17:09:36 | INFO     |     准确率: 0.976226
2025-07-28 17:09:36 | INFO     |     学习率: 0.00002500
2025-07-28 17:09:36 | INFO     |   验证指标(标准CE):
2025-07-28 17:09:36 | INFO     |     损失: 0.050708
2025-07-28 17:09:36 | INFO     |     准确率: 0.970971
2025-07-28 17:09:36 | INFO     |     F1(macro): 0.972035
2025-07-28 17:09:36 | INFO     |     F1(weighted): 0.970672
2025-07-28 17:09:36 | INFO     |     精确率: 0.976984
2025-07-28 17:09:36 | INFO     |     召回率: 0.973370
2025-07-28 17:09:36 | INFO     |   学习率调度器: f1_based
2025-07-28 17:09:36 | INFO     | ------------------------------------------------------------
2025-07-28 17:09:36 | INFO     | Epoch  31 | Train: Loss=0.0429, Acc=0.9762 | Val: Loss=0.0507, Acc=0.9710, F1=0.9707 | LR=0.000025 
2025-07-28 17:10:29 | INFO     | Epoch 32:
2025-07-28 17:10:29 | INFO     |   训练指标:
2025-07-28 17:10:29 | INFO     |     损失(ce): 0.040811
2025-07-28 17:10:29 | INFO     |     准确率: 0.977477
2025-07-28 17:10:29 | INFO     |     学习率: 0.00002500
2025-07-28 17:10:29 | INFO     |   验证指标(标准CE):
2025-07-28 17:10:29 | INFO     |     损失: 0.039948
2025-07-28 17:10:29 | INFO     |     准确率: 0.970971
2025-07-28 17:10:29 | INFO     |     F1(macro): 0.972035
2025-07-28 17:10:29 | INFO     |     F1(weighted): 0.970672
2025-07-28 17:10:29 | INFO     |     精确率: 0.976984
2025-07-28 17:10:29 | INFO     |     召回率: 0.973370
2025-07-28 17:10:29 | INFO     |   学习率调度器: f1_based
2025-07-28 17:10:29 | INFO     | ------------------------------------------------------------
2025-07-28 17:10:29 | INFO     | Epoch  32 | Train: Loss=0.0408, Acc=0.9775 | Val: Loss=0.0399, Acc=0.9710, F1=0.9707 | LR=0.000025 
2025-07-28 17:11:21 | INFO     | Epoch 33:
2025-07-28 17:11:21 | INFO     |   训练指标:
2025-07-28 17:11:21 | INFO     |     损失(ce): 0.034909
2025-07-28 17:11:21 | INFO     |     准确率: 0.976727
2025-07-28 17:11:21 | INFO     |     学习率: 0.00002500
2025-07-28 17:11:21 | INFO     |   验证指标(标准CE):
2025-07-28 17:11:21 | INFO     |     损失: 0.047396
2025-07-28 17:11:21 | INFO     |     准确率: 0.970971
2025-07-28 17:11:21 | INFO     |     F1(macro): 0.972035
2025-07-28 17:11:21 | INFO     |     F1(weighted): 0.970672
2025-07-28 17:11:21 | INFO     |     精确率: 0.976984
2025-07-28 17:11:21 | INFO     |     召回率: 0.973370
2025-07-28 17:11:21 | INFO     |   学习率调度器: f1_based
2025-07-28 17:11:21 | INFO     | ------------------------------------------------------------
2025-07-28 17:11:21 | INFO     | Epoch  33 | Train: Loss=0.0349, Acc=0.9767 | Val: Loss=0.0474, Acc=0.9710, F1=0.9707 | LR=0.000025 
2025-07-28 17:12:14 | INFO     | Epoch 34:
2025-07-28 17:12:14 | INFO     |   训练指标:
2025-07-28 17:12:14 | INFO     |     损失(ce): 0.043331
2025-07-28 17:12:14 | INFO     |     准确率: 0.976226
2025-07-28 17:12:14 | INFO     |     学习率: 0.00002500
2025-07-28 17:12:14 | INFO     |   验证指标(标准CE):
2025-07-28 17:12:14 | INFO     |     损失: 0.051686
2025-07-28 17:12:14 | INFO     |     准确率: 0.969970
2025-07-28 17:12:14 | INFO     |     F1(macro): 0.970877
2025-07-28 17:12:14 | INFO     |     F1(weighted): 0.969671
2025-07-28 17:12:14 | INFO     |     精确率: 0.975827
2025-07-28 17:12:14 | INFO     |     召回率: 0.972225
2025-07-28 17:12:14 | INFO     |   学习率调度器: f1_based
2025-07-28 17:12:14 | INFO     | ------------------------------------------------------------
2025-07-28 17:12:14 | INFO     | Epoch  34 | Train: Loss=0.0433, Acc=0.9762 | Val: Loss=0.0517, Acc=0.9700, F1=0.9697 | LR=0.000025 
2025-07-28 17:13:07 | INFO     | Epoch 35:
2025-07-28 17:13:07 | INFO     |   训练指标:
2025-07-28 17:13:07 | INFO     |     损失(ce): 0.047763
2025-07-28 17:13:07 | INFO     |     准确率: 0.974975
2025-07-28 17:13:07 | INFO     |     学习率: 0.00002500
2025-07-28 17:13:07 | INFO     |   验证指标(标准CE):
2025-07-28 17:13:07 | INFO     |     损失: 0.093722
2025-07-28 17:13:07 | INFO     |     准确率: 0.970971
2025-07-28 17:13:07 | INFO     |     F1(macro): 0.972035
2025-07-28 17:13:07 | INFO     |     F1(weighted): 0.970672
2025-07-28 17:13:07 | INFO     |     精确率: 0.976984
2025-07-28 17:13:07 | INFO     |     召回率: 0.973370
2025-07-28 17:13:07 | INFO     |   学习率调度器: f1_based
2025-07-28 17:13:07 | INFO     | ------------------------------------------------------------
2025-07-28 17:13:07 | INFO     | Epoch  35 | Train: Loss=0.0478, Acc=0.9750 | Val: Loss=0.0937, Acc=0.9710, F1=0.9707 | LR=0.000025 
2025-07-28 17:13:59 | INFO     | Epoch 36:
2025-07-28 17:13:59 | INFO     |   训练指标:
2025-07-28 17:13:59 | INFO     |     损失(ce): 0.044058
2025-07-28 17:13:59 | INFO     |     准确率: 0.975225
2025-07-28 17:13:59 | INFO     |     学习率: 0.00002500
2025-07-28 17:13:59 | INFO     |   验证指标(标准CE):
2025-07-28 17:13:59 | INFO     |     损失: 0.083837
2025-07-28 17:13:59 | INFO     |     准确率: 0.970971
2025-07-28 17:13:59 | INFO     |     F1(macro): 0.972072
2025-07-28 17:13:59 | INFO     |     F1(weighted): 0.970722
2025-07-28 17:13:59 | INFO     |     精确率: 0.976274
2025-07-28 17:13:59 | INFO     |     召回率: 0.973287
2025-07-28 17:13:59 | INFO     |   学习率调度器: f1_based
2025-07-28 17:13:59 | INFO     | ------------------------------------------------------------
2025-07-28 17:13:59 | INFO     | 🎯 学习率调整事件:
2025-07-28 17:13:59 | INFO     |   调度器类型: f1_based
2025-07-28 17:13:59 | INFO     |   学习率变化: 0.00002500 → 0.00001250
2025-07-28 17:13:59 | INFO     |   触发条件: F1分数 = 0.970722
2025-07-28 17:13:59 | INFO     |   变化幅度: -50.00%
2025-07-28 17:13:59 | INFO     | ------------------------------------------------------------
2025-07-28 17:13:59 | INFO     | Epoch  36 | Train: Loss=0.0441, Acc=0.9752 | Val: Loss=0.0838, Acc=0.9710, F1=0.9707 | LR=0.000013 
2025-07-28 17:14:52 | INFO     | Epoch 37:
2025-07-28 17:14:52 | INFO     |   训练指标:
2025-07-28 17:14:52 | INFO     |     损失(ce): 0.047390
2025-07-28 17:14:52 | INFO     |     准确率: 0.979479
2025-07-28 17:14:52 | INFO     |     学习率: 0.00001250
2025-07-28 17:14:52 | INFO     |   验证指标(标准CE):
2025-07-28 17:14:52 | INFO     |     损失: 0.058432
2025-07-28 17:14:52 | INFO     |     准确率: 0.967968
2025-07-28 17:14:52 | INFO     |     F1(macro): 0.969346
2025-07-28 17:14:52 | INFO     |     F1(weighted): 0.967954
2025-07-28 17:14:52 | INFO     |     精确率: 0.969933
2025-07-28 17:14:52 | INFO     |     召回率: 0.969788
2025-07-28 17:14:52 | INFO     |   学习率调度器: f1_based
2025-07-28 17:14:52 | INFO     | ------------------------------------------------------------
2025-07-28 17:14:52 | INFO     | Epoch  37 | Train: Loss=0.0474, Acc=0.9795 | Val: Loss=0.0584, Acc=0.9680, F1=0.9680 | LR=0.000013 
2025-07-28 17:15:45 | INFO     | Epoch 38:
2025-07-28 17:15:45 | INFO     |   训练指标:
2025-07-28 17:15:45 | INFO     |     损失(ce): 0.039231
2025-07-28 17:15:45 | INFO     |     准确率: 0.978478
2025-07-28 17:15:45 | INFO     |     学习率: 0.00001250
2025-07-28 17:15:45 | INFO     |   验证指标(标准CE):
2025-07-28 17:15:45 | INFO     |     损失: 0.052271
2025-07-28 17:15:45 | INFO     |     准确率: 0.968969
2025-07-28 17:15:45 | INFO     |     F1(macro): 0.970293
2025-07-28 17:15:45 | INFO     |     F1(weighted): 0.968983
2025-07-28 17:15:45 | INFO     |     精确率: 0.970307
2025-07-28 17:15:45 | INFO     |     召回率: 0.970458
2025-07-28 17:15:45 | INFO     |   学习率调度器: f1_based
2025-07-28 17:15:45 | INFO     | ------------------------------------------------------------
2025-07-28 17:15:45 | INFO     | Epoch  38 | Train: Loss=0.0392, Acc=0.9785 | Val: Loss=0.0523, Acc=0.9690, F1=0.9690 | LR=0.000013 
2025-07-28 17:15:45 | INFO     | ⏹️ 早停触发，在第 38 轮停止训练
2025-07-28 17:15:49 | INFO     | 训练历史已保存到: ./result/0728_1642_DualGAF_DualGAFNet_SDAHU通道压缩_sl96_step96_fd128_extractor-dilated_gaf-concat_attention-channel_classifier-mlp_stat-basic_fusion-concat/training_history.csv
2025-07-28 17:15:49 | INFO     | 
====================================================================================================
2025-07-28 17:15:49 | INFO     | 🎉 训练完成总结:
2025-07-28 17:15:49 | INFO     |   训练损失函数: ce
2025-07-28 17:15:49 | INFO     |   验证损失函数: 标准交叉熵（遵循主流ML规范）
2025-07-28 17:15:49 | INFO     |   训练过程最佳验证准确率: 0.9770
2025-07-28 17:15:49 | INFO     |   训练过程最佳验证F1(macro): 0.9776
2025-07-28 17:15:49 | INFO     |   训练过程最佳验证F1(weighted): 0.9767
2025-07-28 17:15:49 | INFO     |   训练轮数: 38
2025-07-28 17:15:49 | INFO     | --------------------------------------------------
2025-07-28 17:15:49 | INFO     | 📊 最佳模型真实性能指标（基于标准交叉熵损失）:
2025-07-28 17:15:49 | INFO     |   验证损失(标准CE): 0.0420
2025-07-28 17:15:49 | INFO     |   验证准确率: 0.9770
2025-07-28 17:15:49 | INFO     |   验证F1(macro): 0.9776
2025-07-28 17:15:49 | INFO     |   验证F1(weighted): 0.9767
2025-07-28 17:15:49 | INFO     |   验证精确率: 0.9810
2025-07-28 17:15:49 | INFO     |   验证召回率: 0.9771
2025-07-28 17:15:49 | INFO     | ====================================================================================================
2025-07-28 17:15:51 | INFO     | ================================================================================
2025-07-28 17:15:51 | INFO     | 实验日志结束: DualGAF_DualGAFNet_SDAHU通道压缩_sl96_step96_fd128_extractor-dilated_gaf-concat_attention-channel_classifier-mlp_stat-basic_fusion-concat
2025-07-28 17:15:51 | INFO     | 结束时间: 2025-07-28 17:15:51
2025-07-28 17:15:51 | INFO     | ================================================================================
