2025-07-21 23:42:57 | INFO     | ================================================================================
2025-07-21 23:42:57 | INFO     | 实验日志开始: DualGAF_DualGAFNet_dilated_enhanced_sl96_step96_fd128_extractor-dilated_gaf-adaptive_attention-channel_classifier-mlp_stat-basic_fusion-concat_ablation-no_diff
2025-07-21 23:42:57 | INFO     | 日志文件: ./result/0721_2342_DualGAF_DualGAFNet_dilated_enhanced_sl96_step96_fd128_extractor-dilated_gaf-adaptive_attention-channel_classifier-mlp_stat-basic_fusion-concat_ablation-no_diff/training.log
2025-07-21 23:42:57 | INFO     | 开始时间: 2025-07-21 23:42:57
2025-07-21 23:42:57 | INFO     | ================================================================================
2025-07-21 23:42:57 | INFO     | ⚙️ 实验配置:
2025-07-21 23:42:57 | INFO     |    task_name: classification
2025-07-21 23:42:57 | INFO     |    is_training: 1
2025-07-21 23:42:57 | INFO     |    model_id: test
2025-07-21 23:42:57 | INFO     |    model: DualGAFNet
2025-07-21 23:42:57 | INFO     |    data: DualGAF
2025-07-21 23:42:57 | INFO     |    root_path: ./dataset/SAHU/direct_5_working
2025-07-21 23:42:57 | INFO     |    step: 96
2025-07-21 23:42:57 | INFO     |    checkpoints: ./checkpoints/
2025-07-21 23:42:57 | INFO     |    num_class: 9
2025-07-21 23:42:57 | INFO     |    result_path: ./result/
2025-07-21 23:42:57 | INFO     |    test_size: 0.2
2025-07-21 23:42:57 | INFO     |    seq_len: 96
2025-07-21 23:42:57 | INFO     |    enc_in: 26
2025-07-21 23:42:57 | INFO     |    d_model: 512
2025-07-21 23:42:57 | INFO     |    n_heads: 8
2025-07-21 23:42:57 | INFO     |    e_layers: 2
2025-07-21 23:42:57 | INFO     |    d_layers: 1
2025-07-21 23:42:57 | INFO     |    d_ff: 2048
2025-07-21 23:42:57 | INFO     |    moving_avg: 25
2025-07-21 23:42:57 | INFO     |    factor: 1
2025-07-21 23:42:57 | INFO     |    distil: True
2025-07-21 23:42:57 | INFO     |    dropout: 0.1
2025-07-21 23:42:57 | INFO     |    embed: timeF
2025-07-21 23:42:57 | INFO     |    activation: gelu
2025-07-21 23:42:57 | INFO     |    use_norm: 1
2025-07-21 23:42:57 | INFO     |    gaf_method: summation
2025-07-21 23:42:57 | INFO     |    feature_dim: 128
2025-07-21 23:42:57 | INFO     |    data_type_method: uint8
2025-07-21 23:42:57 | INFO     |    use_attention: True
2025-07-21 23:42:57 | INFO     |    hidden_dim: 64
2025-07-21 23:42:57 | INFO     |    sample_size: 1000
2025-07-21 23:42:57 | INFO     |    channel_groups: None
2025-07-21 23:42:57 | INFO     |    hvac_groups: None
2025-07-21 23:42:57 | INFO     |    extractor_type: dilated
2025-07-21 23:42:57 | INFO     |    fusion_type: adaptive
2025-07-21 23:42:57 | INFO     |    attention_type: channel
2025-07-21 23:42:57 | INFO     |    classifier_type: mlp
2025-07-21 23:42:57 | INFO     |    use_statistical_features: True
2025-07-21 23:42:57 | INFO     |    stat_type: basic
2025-07-21 23:42:57 | INFO     |    multimodal_fusion_strategy: concat
2025-07-21 23:42:57 | INFO     |    use_signal_level_stats: False
2025-07-21 23:42:57 | INFO     |    signal_stat_type: comprehensive
2025-07-21 23:42:57 | INFO     |    signal_stat_fusion_strategy: concat_project
2025-07-21 23:42:57 | INFO     |    signal_stat_feature_dim: 32
2025-07-21 23:42:57 | INFO     |    use_diff_branch: False
2025-07-21 23:42:57 | INFO     |    ablation_mode: no_diff
2025-07-21 23:42:57 | INFO     |    backbone_type: resnet18
2025-07-21 23:42:57 | INFO     |    use_sum_branch: True
2025-07-21 23:42:57 | INFO     |    num_workers: 0
2025-07-21 23:42:57 | INFO     |    cuda_debug: False
2025-07-21 23:42:57 | INFO     |    gpu_memory_fraction: 0.9
2025-07-21 23:42:57 | INFO     |    safe_mode: True
2025-07-21 23:42:57 | INFO     |    drop_last_batch: True
2025-07-21 23:42:57 | INFO     |    itr: 1
2025-07-21 23:42:57 | INFO     |    train_epochs: 300
2025-07-21 23:42:57 | INFO     |    batch_size: 4
2025-07-21 23:42:57 | INFO     |    patience: 15
2025-07-21 23:42:57 | INFO     |    learning_rate: 0.0001
2025-07-21 23:42:57 | INFO     |    des: dilated_enhanced
2025-07-21 23:42:57 | INFO     |    loss: MSE
2025-07-21 23:42:57 | INFO     |    lradj: type1
2025-07-21 23:42:57 | INFO     |    lr_scheduler_type: f1_based
2025-07-21 23:42:57 | INFO     |    lr_loss_weight: 0.3
2025-07-21 23:42:57 | INFO     |    lr_f1_weight: 0.7
2025-07-21 23:42:57 | INFO     |    use_amp: False
2025-07-21 23:42:57 | INFO     |    gradient_accumulation_steps: 2
2025-07-21 23:42:57 | INFO     |    enable_auto_gradient_accumulation: True
2025-07-21 23:42:57 | INFO     |    loss_type: ce
2025-07-21 23:42:57 | INFO     |    label_smoothing: 0.1
2025-07-21 23:42:57 | INFO     |    focal_alpha: 1.0
2025-07-21 23:42:57 | INFO     |    focal_gamma: 2.0
2025-07-21 23:42:57 | INFO     |    confidence_penalty_beta: 0.1
2025-07-21 23:42:57 | INFO     |    use_timm_loss: True
2025-07-21 23:42:57 | INFO     |    adaptive_initial_smoothing: 0.2
2025-07-21 23:42:57 | INFO     |    adaptive_final_smoothing: 0.05
2025-07-21 23:42:57 | INFO     |    adaptive_decay_epochs: 30
2025-07-21 23:42:57 | INFO     |    enable_class_weights: False
2025-07-21 23:42:57 | INFO     |    class_weights: None
2025-07-21 23:42:57 | INFO     |    loss_preset: None
2025-07-21 23:42:57 | INFO     |    n_jobs: 8
2025-07-21 23:42:57 | INFO     |    use_multiprocessing: True
2025-07-21 23:42:57 | INFO     |    chunk_size: 800
2025-07-21 23:42:57 | INFO     |    disable_parallel: False
2025-07-21 23:42:57 | INFO     |    use_shared_memory: True
2025-07-21 23:42:57 | INFO     |    disable_shared_memory: False
2025-07-21 23:42:57 | INFO     |    use_gpu: True
2025-07-21 23:42:57 | INFO     |    gpu: 0
2025-07-21 23:42:57 | INFO     |    gpu_type: cuda
2025-07-21 23:42:57 | INFO     |    use_multi_gpu: False
2025-07-21 23:42:57 | INFO     |    devices: 0,1,2,3
2025-07-21 23:42:57 | INFO     |    device: cuda:0
2025-07-21 23:42:57 | INFO     |    feature_columns: ['CHWC_VLV', 'CHWC_VLV_DM', 'MA_TEMP', 'OA_CFM', 'OA_DMPR', 'OA_DMPR_DM', 'OA_TEMP', 'RA_CFM', 'RA_DMPR', 'RA_DMPR_DM', 'RA_TEMP', 'RF_CS', 'RF_SPD', 'RF_WAT', 'SA_CFM', 'SA_SP', 'SA_SPSPT', 'SA_TEMP', 'SF_CS', 'SF_SPD', 'SF_WAT', 'ZONE_TEMP_1', 'ZONE_TEMP_2', 'ZONE_TEMP_3', 'ZONE_TEMP_4', 'ZONE_TEMP_5']
2025-07-21 23:42:57 | INFO     | 🏗️ 模型信息:
2025-07-21 23:42:57 | INFO     |    模型类型: Model
2025-07-21 23:42:57 | INFO     |    总参数数量: 8,315,202
2025-07-21 23:42:57 | INFO     |    可训练参数: 8,315,202
2025-07-21 23:42:57 | INFO     |    模型大小估计: 31.72 MB
2025-07-21 23:42:57 | INFO     | 📊 数据集信息:
2025-07-21 23:42:57 | INFO     |    训练集大小: 3996
2025-07-21 23:42:57 | INFO     |    验证集大小: 999
2025-07-21 23:42:57 | INFO     | 
================================================================================
2025-07-21 23:42:57 | INFO     | 📋 损失函数使用策略（遵循主流机器学习规范）:
2025-07-21 23:42:57 | INFO     |    🎯 训练阶段: 使用 ce 损失函数
2025-07-21 23:42:57 | INFO     |       → 目的：优化模型参数，解决特定问题（类别不平衡、相似性等）
2025-07-21 23:42:57 | INFO     |    📊 验证阶段: 使用标准交叉熵损失函数
2025-07-21 23:42:57 | INFO     |       → 目的：客观评估模型性能，便于不同方法比较
2025-07-21 23:42:57 | INFO     |    📈 最终报告: 基于标准交叉熵损失的指标
2025-07-21 23:42:57 | INFO     |       → 目的：提供可信、可比较的性能指标
2025-07-21 23:42:57 | INFO     | ================================================================================

2025-07-21 23:42:57 | INFO     | 🔄 梯度累积配置: 每2轮累积一次梯度
2025-07-21 23:42:57 | INFO     |    实际batch_size: 4
2025-07-21 23:42:57 | INFO     |    有效batch_size: 8
2025-07-21 23:43:30 | INFO     | Epoch 1:
2025-07-21 23:43:30 | INFO     |   训练指标:
2025-07-21 23:43:30 | INFO     |     损失(ce): 1.676287
2025-07-21 23:43:30 | INFO     |     准确率: 0.400651
2025-07-21 23:43:30 | INFO     |     学习率: 0.00010000
2025-07-21 23:43:30 | INFO     |   验证指标(标准CE):
2025-07-21 23:43:30 | INFO     |     损失: 0.834931
2025-07-21 23:43:30 | INFO     |     准确率: 0.715716
2025-07-21 23:43:30 | INFO     |     F1(macro): 0.695094
2025-07-21 23:43:30 | INFO     |     F1(weighted): 0.689699
2025-07-21 23:43:30 | INFO     |     精确率: 0.695930
2025-07-21 23:43:30 | INFO     |     召回率: 0.721284
2025-07-21 23:43:30 | INFO     |   学习率调度器: f1_based
2025-07-21 23:43:30 | INFO     | ------------------------------------------------------------
2025-07-21 23:43:30 | INFO     | Epoch   1 | Train: Loss=1.6763, Acc=0.4007 | Val: Loss=0.8349, Acc=0.7157, F1=0.6897 | LR=0.000100 🏆 [最佳模型]
2025-07-21 23:44:03 | INFO     | Epoch 2:
2025-07-21 23:44:03 | INFO     |   训练指标:
2025-07-21 23:44:03 | INFO     |     损失(ce): 0.715933
2025-07-21 23:44:03 | INFO     |     准确率: 0.740991
2025-07-21 23:44:03 | INFO     |     学习率: 0.00010000
2025-07-21 23:44:03 | INFO     |   验证指标(标准CE):
2025-07-21 23:44:03 | INFO     |     损失: 0.445307
2025-07-21 23:44:03 | INFO     |     准确率: 0.825826
2025-07-21 23:44:03 | INFO     |     F1(macro): 0.813775
2025-07-21 23:44:03 | INFO     |     F1(weighted): 0.807454
2025-07-21 23:44:03 | INFO     |     精确率: 0.832784
2025-07-21 23:44:03 | INFO     |     召回率: 0.831719
2025-07-21 23:44:03 | INFO     |   学习率调度器: f1_based
2025-07-21 23:44:03 | INFO     | ------------------------------------------------------------
2025-07-21 23:44:03 | INFO     | Epoch   2 | Train: Loss=0.7159, Acc=0.7410 | Val: Loss=0.4453, Acc=0.8258, F1=0.8075 | LR=0.000100 🏆 [最佳模型]
2025-07-21 23:44:35 | INFO     | Epoch 3:
2025-07-21 23:44:35 | INFO     |   训练指标:
2025-07-21 23:44:35 | INFO     |     损失(ce): 0.464472
2025-07-21 23:44:35 | INFO     |     准确率: 0.818819
2025-07-21 23:44:35 | INFO     |     学习率: 0.00010000
2025-07-21 23:44:35 | INFO     |   验证指标(标准CE):
2025-07-21 23:44:35 | INFO     |     损失: 0.320486
2025-07-21 23:44:35 | INFO     |     准确率: 0.870871
2025-07-21 23:44:35 | INFO     |     F1(macro): 0.872868
2025-07-21 23:44:35 | INFO     |     F1(weighted): 0.869512
2025-07-21 23:44:35 | INFO     |     精确率: 0.874294
2025-07-21 23:44:35 | INFO     |     召回率: 0.874197
2025-07-21 23:44:35 | INFO     |   学习率调度器: f1_based
2025-07-21 23:44:35 | INFO     | ------------------------------------------------------------
2025-07-21 23:44:35 | INFO     | Epoch   3 | Train: Loss=0.4645, Acc=0.8188 | Val: Loss=0.3205, Acc=0.8709, F1=0.8695 | LR=0.000100 🏆 [最佳模型]
2025-07-21 23:45:08 | INFO     | Epoch 4:
2025-07-21 23:45:08 | INFO     |   训练指标:
2025-07-21 23:45:08 | INFO     |     损失(ce): 0.367048
2025-07-21 23:45:08 | INFO     |     准确率: 0.849850
2025-07-21 23:45:08 | INFO     |     学习率: 0.00010000
2025-07-21 23:45:08 | INFO     |   验证指标(标准CE):
2025-07-21 23:45:08 | INFO     |     损失: 0.247842
2025-07-21 23:45:08 | INFO     |     准确率: 0.891892
2025-07-21 23:45:08 | INFO     |     F1(macro): 0.891019
2025-07-21 23:45:08 | INFO     |     F1(weighted): 0.887743
2025-07-21 23:45:08 | INFO     |     精确率: 0.893476
2025-07-21 23:45:08 | INFO     |     召回率: 0.894362
2025-07-21 23:45:08 | INFO     |   学习率调度器: f1_based
2025-07-21 23:45:08 | INFO     | ------------------------------------------------------------
2025-07-21 23:45:08 | INFO     | Epoch   4 | Train: Loss=0.3670, Acc=0.8498 | Val: Loss=0.2478, Acc=0.8919, F1=0.8877 | LR=0.000100 🏆 [最佳模型]
2025-07-21 23:45:40 | INFO     | Epoch 5:
2025-07-21 23:45:40 | INFO     |   训练指标:
2025-07-21 23:45:40 | INFO     |     损失(ce): 0.297999
2025-07-21 23:45:40 | INFO     |     准确率: 0.880380
2025-07-21 23:45:40 | INFO     |     学习率: 0.00010000
2025-07-21 23:45:40 | INFO     |   验证指标(标准CE):
2025-07-21 23:45:40 | INFO     |     损失: 0.368977
2025-07-21 23:45:40 | INFO     |     准确率: 0.857858
2025-07-21 23:45:40 | INFO     |     F1(macro): 0.849586
2025-07-21 23:45:40 | INFO     |     F1(weighted): 0.845796
2025-07-21 23:45:40 | INFO     |     精确率: 0.885568
2025-07-21 23:45:40 | INFO     |     召回率: 0.865538
2025-07-21 23:45:40 | INFO     |   学习率调度器: f1_based
2025-07-21 23:45:40 | INFO     | ------------------------------------------------------------
2025-07-21 23:45:40 | INFO     | Epoch   5 | Train: Loss=0.2980, Acc=0.8804 | Val: Loss=0.3690, Acc=0.8579, F1=0.8458 | LR=0.000100 
2025-07-21 23:46:12 | INFO     | Epoch 6:
2025-07-21 23:46:12 | INFO     |   训练指标:
2025-07-21 23:46:12 | INFO     |     损失(ce): 0.272391
2025-07-21 23:46:12 | INFO     |     准确率: 0.891141
2025-07-21 23:46:12 | INFO     |     学习率: 0.00010000
2025-07-21 23:46:12 | INFO     |   验证指标(标准CE):
2025-07-21 23:46:12 | INFO     |     损失: 0.194213
2025-07-21 23:46:12 | INFO     |     准确率: 0.918919
2025-07-21 23:46:12 | INFO     |     F1(macro): 0.913869
2025-07-21 23:46:12 | INFO     |     F1(weighted): 0.911852
2025-07-21 23:46:12 | INFO     |     精确率: 0.933316
2025-07-21 23:46:12 | INFO     |     召回率: 0.919148
2025-07-21 23:46:12 | INFO     |   学习率调度器: f1_based
2025-07-21 23:46:12 | INFO     | ------------------------------------------------------------
2025-07-21 23:46:12 | INFO     | Epoch   6 | Train: Loss=0.2724, Acc=0.8911 | Val: Loss=0.1942, Acc=0.9189, F1=0.9119 | LR=0.000100 🏆 [最佳模型]
2025-07-21 23:46:45 | INFO     | Epoch 7:
2025-07-21 23:46:45 | INFO     |   训练指标:
2025-07-21 23:46:45 | INFO     |     损失(ce): 0.230035
2025-07-21 23:46:45 | INFO     |     准确率: 0.905405
2025-07-21 23:46:45 | INFO     |     学习率: 0.00010000
2025-07-21 23:46:45 | INFO     |   验证指标(标准CE):
2025-07-21 23:46:45 | INFO     |     损失: 0.259204
2025-07-21 23:46:45 | INFO     |     准确率: 0.906907
2025-07-21 23:46:45 | INFO     |     F1(macro): 0.910864
2025-07-21 23:46:45 | INFO     |     F1(weighted): 0.907583
2025-07-21 23:46:45 | INFO     |     精确率: 0.913924
2025-07-21 23:46:45 | INFO     |     召回率: 0.910728
2025-07-21 23:46:45 | INFO     |   学习率调度器: f1_based
2025-07-21 23:46:45 | INFO     | ------------------------------------------------------------
2025-07-21 23:46:45 | INFO     | Epoch   7 | Train: Loss=0.2300, Acc=0.9054 | Val: Loss=0.2592, Acc=0.9069, F1=0.9076 | LR=0.000100 
2025-07-21 23:47:17 | INFO     | Epoch 8:
2025-07-21 23:47:17 | INFO     |   训练指标:
2025-07-21 23:47:17 | INFO     |     损失(ce): 0.223950
2025-07-21 23:47:17 | INFO     |     准确率: 0.908408
2025-07-21 23:47:17 | INFO     |     学习率: 0.00010000
2025-07-21 23:47:17 | INFO     |   验证指标(标准CE):
2025-07-21 23:47:17 | INFO     |     损失: 0.170049
2025-07-21 23:47:17 | INFO     |     准确率: 0.941942
2025-07-21 23:47:17 | INFO     |     F1(macro): 0.941322
2025-07-21 23:47:17 | INFO     |     F1(weighted): 0.939670
2025-07-21 23:47:17 | INFO     |     精确率: 0.945033
2025-07-21 23:47:17 | INFO     |     召回率: 0.942996
2025-07-21 23:47:17 | INFO     |   学习率调度器: f1_based
2025-07-21 23:47:17 | INFO     | ------------------------------------------------------------
2025-07-21 23:47:17 | INFO     | Epoch   8 | Train: Loss=0.2239, Acc=0.9084 | Val: Loss=0.1700, Acc=0.9419, F1=0.9397 | LR=0.000100 🏆 [最佳模型]
2025-07-21 23:47:49 | INFO     | Epoch 9:
2025-07-21 23:47:49 | INFO     |   训练指标:
2025-07-21 23:47:49 | INFO     |     损失(ce): 0.181781
2025-07-21 23:47:49 | INFO     |     准确率: 0.924925
2025-07-21 23:47:49 | INFO     |     学习率: 0.00010000
2025-07-21 23:47:49 | INFO     |   验证指标(标准CE):
2025-07-21 23:47:49 | INFO     |     损失: 0.254185
2025-07-21 23:47:49 | INFO     |     准确率: 0.918919
2025-07-21 23:47:49 | INFO     |     F1(macro): 0.923159
2025-07-21 23:47:49 | INFO     |     F1(weighted): 0.919955
2025-07-21 23:47:49 | INFO     |     精确率: 0.931921
2025-07-21 23:47:49 | INFO     |     召回率: 0.923240
2025-07-21 23:47:49 | INFO     |   学习率调度器: f1_based
2025-07-21 23:47:49 | INFO     | ------------------------------------------------------------
2025-07-21 23:47:49 | INFO     | Epoch   9 | Train: Loss=0.1818, Acc=0.9249 | Val: Loss=0.2542, Acc=0.9189, F1=0.9200 | LR=0.000100 
2025-07-21 23:48:21 | INFO     | Epoch 10:
2025-07-21 23:48:21 | INFO     |   训练指标:
2025-07-21 23:48:21 | INFO     |     损失(ce): 0.175491
2025-07-21 23:48:21 | INFO     |     准确率: 0.928679
2025-07-21 23:48:21 | INFO     |     学习率: 0.00010000
2025-07-21 23:48:21 | INFO     |   验证指标(标准CE):
2025-07-21 23:48:21 | INFO     |     损失: 0.189817
2025-07-21 23:48:21 | INFO     |     准确率: 0.925926
2025-07-21 23:48:21 | INFO     |     F1(macro): 0.925238
2025-07-21 23:48:21 | INFO     |     F1(weighted): 0.921526
2025-07-21 23:48:21 | INFO     |     精确率: 0.940018
2025-07-21 23:48:21 | INFO     |     召回率: 0.931110
2025-07-21 23:48:21 | INFO     |   学习率调度器: f1_based
2025-07-21 23:48:21 | INFO     | ------------------------------------------------------------
2025-07-21 23:48:21 | INFO     | Epoch  10 | Train: Loss=0.1755, Acc=0.9287 | Val: Loss=0.1898, Acc=0.9259, F1=0.9215 | LR=0.000100 
2025-07-21 23:48:54 | INFO     | Epoch 11:
2025-07-21 23:48:54 | INFO     |   训练指标:
2025-07-21 23:48:54 | INFO     |     损失(ce): 0.167381
2025-07-21 23:48:54 | INFO     |     准确率: 0.936937
2025-07-21 23:48:54 | INFO     |     学习率: 0.00010000
2025-07-21 23:48:54 | INFO     |   验证指标(标准CE):
2025-07-21 23:48:54 | INFO     |     损失: 0.190433
2025-07-21 23:48:54 | INFO     |     准确率: 0.939940
2025-07-21 23:48:54 | INFO     |     F1(macro): 0.941581
2025-07-21 23:48:54 | INFO     |     F1(weighted): 0.939839
2025-07-21 23:48:54 | INFO     |     精确率: 0.947263
2025-07-21 23:48:54 | INFO     |     召回率: 0.940662
2025-07-21 23:48:54 | INFO     |   学习率调度器: f1_based
2025-07-21 23:48:54 | INFO     | ------------------------------------------------------------
2025-07-21 23:48:54 | INFO     | Epoch  11 | Train: Loss=0.1674, Acc=0.9369 | Val: Loss=0.1904, Acc=0.9399, F1=0.9398 | LR=0.000100 🏆 [最佳模型]
2025-07-21 23:49:26 | INFO     | Epoch 12:
2025-07-21 23:49:26 | INFO     |   训练指标:
2025-07-21 23:49:26 | INFO     |     损失(ce): 0.156981
2025-07-21 23:49:26 | INFO     |     准确率: 0.937187
2025-07-21 23:49:26 | INFO     |     学习率: 0.00010000
2025-07-21 23:49:26 | INFO     |   验证指标(标准CE):
2025-07-21 23:49:26 | INFO     |     损失: 0.193523
2025-07-21 23:49:26 | INFO     |     准确率: 0.937938
2025-07-21 23:49:26 | INFO     |     F1(macro): 0.939455
2025-07-21 23:49:26 | INFO     |     F1(weighted): 0.937384
2025-07-21 23:49:26 | INFO     |     精确率: 0.941960
2025-07-21 23:49:26 | INFO     |     召回率: 0.939577
2025-07-21 23:49:26 | INFO     |   学习率调度器: f1_based
2025-07-21 23:49:26 | INFO     | ------------------------------------------------------------
2025-07-21 23:49:26 | INFO     | Epoch  12 | Train: Loss=0.1570, Acc=0.9372 | Val: Loss=0.1935, Acc=0.9379, F1=0.9374 | LR=0.000100 
2025-07-21 23:49:58 | INFO     | Epoch 13:
2025-07-21 23:49:58 | INFO     |   训练指标:
2025-07-21 23:49:58 | INFO     |     损失(ce): 0.154409
2025-07-21 23:49:58 | INFO     |     准确率: 0.939940
2025-07-21 23:49:58 | INFO     |     学习率: 0.00010000
2025-07-21 23:49:58 | INFO     |   验证指标(标准CE):
2025-07-21 23:49:58 | INFO     |     损失: 0.187542
2025-07-21 23:49:58 | INFO     |     准确率: 0.939940
2025-07-21 23:49:58 | INFO     |     F1(macro): 0.942269
2025-07-21 23:49:58 | INFO     |     F1(weighted): 0.940721
2025-07-21 23:49:58 | INFO     |     精确率: 0.943665
2025-07-21 23:49:58 | INFO     |     召回率: 0.941369
2025-07-21 23:49:58 | INFO     |   学习率调度器: f1_based
2025-07-21 23:49:58 | INFO     | ------------------------------------------------------------
2025-07-21 23:49:58 | INFO     | Epoch  13 | Train: Loss=0.1544, Acc=0.9399 | Val: Loss=0.1875, Acc=0.9399, F1=0.9407 | LR=0.000100 🏆 [最佳模型]
2025-07-21 23:50:31 | INFO     | Epoch 14:
2025-07-21 23:50:31 | INFO     |   训练指标:
2025-07-21 23:50:31 | INFO     |     损失(ce): 0.150255
2025-07-21 23:50:31 | INFO     |     准确率: 0.942192
2025-07-21 23:50:31 | INFO     |     学习率: 0.00010000
2025-07-21 23:50:31 | INFO     |   验证指标(标准CE):
2025-07-21 23:50:31 | INFO     |     损失: 0.208192
2025-07-21 23:50:31 | INFO     |     准确率: 0.935936
2025-07-21 23:50:31 | INFO     |     F1(macro): 0.939661
2025-07-21 23:50:31 | INFO     |     F1(weighted): 0.937146
2025-07-21 23:50:31 | INFO     |     精确率: 0.943896
2025-07-21 23:50:31 | INFO     |     召回率: 0.938747
2025-07-21 23:50:31 | INFO     |   学习率调度器: f1_based
2025-07-21 23:50:31 | INFO     | ------------------------------------------------------------
2025-07-21 23:50:31 | INFO     | Epoch  14 | Train: Loss=0.1503, Acc=0.9422 | Val: Loss=0.2082, Acc=0.9359, F1=0.9371 | LR=0.000100 
2025-07-21 23:51:03 | INFO     | Epoch 15:
2025-07-21 23:51:03 | INFO     |   训练指标:
2025-07-21 23:51:03 | INFO     |     损失(ce): 0.143505
2025-07-21 23:51:03 | INFO     |     准确率: 0.944695
2025-07-21 23:51:03 | INFO     |     学习率: 0.00010000
2025-07-21 23:51:03 | INFO     |   验证指标(标准CE):
2025-07-21 23:51:03 | INFO     |     损失: 0.282113
2025-07-21 23:51:03 | INFO     |     准确率: 0.932933
2025-07-21 23:51:03 | INFO     |     F1(macro): 0.936672
2025-07-21 23:51:03 | INFO     |     F1(weighted): 0.934664
2025-07-21 23:51:03 | INFO     |     精确率: 0.943828
2025-07-21 23:51:03 | INFO     |     召回率: 0.935739
2025-07-21 23:51:03 | INFO     |   学习率调度器: f1_based
2025-07-21 23:51:03 | INFO     | ------------------------------------------------------------
2025-07-21 23:51:03 | INFO     | Epoch  15 | Train: Loss=0.1435, Acc=0.9447 | Val: Loss=0.2821, Acc=0.9329, F1=0.9347 | LR=0.000100 
2025-07-21 23:51:35 | INFO     | Epoch 16:
2025-07-21 23:51:35 | INFO     |   训练指标:
2025-07-21 23:51:35 | INFO     |     损失(ce): 0.162221
2025-07-21 23:51:35 | INFO     |     准确率: 0.940190
2025-07-21 23:51:35 | INFO     |     学习率: 0.00010000
2025-07-21 23:51:35 | INFO     |   验证指标(标准CE):
2025-07-21 23:51:35 | INFO     |     损失: 0.185881
2025-07-21 23:51:35 | INFO     |     准确率: 0.919920
2025-07-21 23:51:35 | INFO     |     F1(macro): 0.921750
2025-07-21 23:51:35 | INFO     |     F1(weighted): 0.919006
2025-07-21 23:51:35 | INFO     |     精确率: 0.934424
2025-07-21 23:51:35 | INFO     |     召回率: 0.924561
2025-07-21 23:51:35 | INFO     |   学习率调度器: f1_based
2025-07-21 23:51:35 | INFO     | ------------------------------------------------------------
2025-07-21 23:51:35 | INFO     | Epoch  16 | Train: Loss=0.1622, Acc=0.9402 | Val: Loss=0.1859, Acc=0.9199, F1=0.9190 | LR=0.000100 
2025-07-21 23:52:07 | INFO     | Epoch 17:
2025-07-21 23:52:07 | INFO     |   训练指标:
2025-07-21 23:52:07 | INFO     |     损失(ce): 0.133110
2025-07-21 23:52:07 | INFO     |     准确率: 0.947447
2025-07-21 23:52:07 | INFO     |     学习率: 0.00010000
2025-07-21 23:52:07 | INFO     |   验证指标(标准CE):
2025-07-21 23:52:07 | INFO     |     损失: 0.146408
2025-07-21 23:52:07 | INFO     |     准确率: 0.956957
2025-07-21 23:52:07 | INFO     |     F1(macro): 0.958339
2025-07-21 23:52:07 | INFO     |     F1(weighted): 0.957009
2025-07-21 23:52:07 | INFO     |     精确率: 0.961753
2025-07-21 23:52:07 | INFO     |     召回率: 0.957609
2025-07-21 23:52:07 | INFO     |   学习率调度器: f1_based
2025-07-21 23:52:07 | INFO     | ------------------------------------------------------------
2025-07-21 23:52:07 | INFO     | Epoch  17 | Train: Loss=0.1331, Acc=0.9474 | Val: Loss=0.1464, Acc=0.9570, F1=0.9570 | LR=0.000100 🏆 [最佳模型]
2025-07-21 23:52:40 | INFO     | Epoch 18:
2025-07-21 23:52:40 | INFO     |   训练指标:
2025-07-21 23:52:40 | INFO     |     损失(ce): 0.115556
2025-07-21 23:52:40 | INFO     |     准确率: 0.956456
2025-07-21 23:52:40 | INFO     |     学习率: 0.00010000
2025-07-21 23:52:40 | INFO     |   验证指标(标准CE):
2025-07-21 23:52:40 | INFO     |     损失: 0.230536
2025-07-21 23:52:40 | INFO     |     准确率: 0.925926
2025-07-21 23:52:40 | INFO     |     F1(macro): 0.927728
2025-07-21 23:52:40 | INFO     |     F1(weighted): 0.925161
2025-07-21 23:52:40 | INFO     |     精确率: 0.940514
2025-07-21 23:52:40 | INFO     |     召回率: 0.930194
2025-07-21 23:52:40 | INFO     |   学习率调度器: f1_based
2025-07-21 23:52:40 | INFO     | ------------------------------------------------------------
2025-07-21 23:52:40 | INFO     | Epoch  18 | Train: Loss=0.1156, Acc=0.9565 | Val: Loss=0.2305, Acc=0.9259, F1=0.9252 | LR=0.000100 
2025-07-21 23:53:12 | INFO     | Epoch 19:
2025-07-21 23:53:12 | INFO     |   训练指标:
2025-07-21 23:53:12 | INFO     |     损失(ce): 0.117964
2025-07-21 23:53:12 | INFO     |     准确率: 0.953704
2025-07-21 23:53:12 | INFO     |     学习率: 0.00010000
2025-07-21 23:53:12 | INFO     |   验证指标(标准CE):
2025-07-21 23:53:12 | INFO     |     损失: 0.153394
2025-07-21 23:53:12 | INFO     |     准确率: 0.960961
2025-07-21 23:53:12 | INFO     |     F1(macro): 0.961795
2025-07-21 23:53:12 | INFO     |     F1(weighted): 0.960736
2025-07-21 23:53:12 | INFO     |     精确率: 0.964627
2025-07-21 23:53:12 | INFO     |     召回率: 0.961421
2025-07-21 23:53:12 | INFO     |   学习率调度器: f1_based
2025-07-21 23:53:12 | INFO     | ------------------------------------------------------------
2025-07-21 23:53:12 | INFO     | Epoch  19 | Train: Loss=0.1180, Acc=0.9537 | Val: Loss=0.1534, Acc=0.9610, F1=0.9607 | LR=0.000100 🏆 [最佳模型]
2025-07-21 23:53:44 | INFO     | Epoch 20:
2025-07-21 23:53:44 | INFO     |   训练指标:
2025-07-21 23:53:44 | INFO     |     损失(ce): 0.123777
2025-07-21 23:53:44 | INFO     |     准确率: 0.953954
2025-07-21 23:53:44 | INFO     |     学习率: 0.00010000
2025-07-21 23:53:44 | INFO     |   验证指标(标准CE):
2025-07-21 23:53:44 | INFO     |     损失: 0.152247
2025-07-21 23:53:44 | INFO     |     准确率: 0.955956
2025-07-21 23:53:44 | INFO     |     F1(macro): 0.957482
2025-07-21 23:53:44 | INFO     |     F1(weighted): 0.956166
2025-07-21 23:53:44 | INFO     |     精确率: 0.961234
2025-07-21 23:53:44 | INFO     |     召回率: 0.956581
2025-07-21 23:53:44 | INFO     |   学习率调度器: f1_based
2025-07-21 23:53:44 | INFO     | ------------------------------------------------------------
2025-07-21 23:53:44 | INFO     | Epoch  20 | Train: Loss=0.1238, Acc=0.9540 | Val: Loss=0.1522, Acc=0.9560, F1=0.9562 | LR=0.000100 
2025-07-21 23:54:17 | INFO     | Epoch 21:
2025-07-21 23:54:17 | INFO     |   训练指标:
2025-07-21 23:54:17 | INFO     |     损失(ce): 0.094514
2025-07-21 23:54:17 | INFO     |     准确率: 0.960210
2025-07-21 23:54:17 | INFO     |     学习率: 0.00010000
2025-07-21 23:54:17 | INFO     |   验证指标(标准CE):
2025-07-21 23:54:17 | INFO     |     损失: 0.292387
2025-07-21 23:54:17 | INFO     |     准确率: 0.937938
2025-07-21 23:54:17 | INFO     |     F1(macro): 0.941301
2025-07-21 23:54:17 | INFO     |     F1(weighted): 0.939277
2025-07-21 23:54:17 | INFO     |     精确率: 0.950426
2025-07-21 23:54:17 | INFO     |     召回率: 0.940934
2025-07-21 23:54:17 | INFO     |   学习率调度器: f1_based
2025-07-21 23:54:17 | INFO     | ------------------------------------------------------------
2025-07-21 23:54:17 | INFO     | Epoch  21 | Train: Loss=0.0945, Acc=0.9602 | Val: Loss=0.2924, Acc=0.9379, F1=0.9393 | LR=0.000100 
2025-07-21 23:54:49 | INFO     | Epoch 22:
2025-07-21 23:54:49 | INFO     |   训练指标:
2025-07-21 23:54:49 | INFO     |     损失(ce): 0.099596
2025-07-21 23:54:49 | INFO     |     准确率: 0.955956
2025-07-21 23:54:49 | INFO     |     学习率: 0.00010000
2025-07-21 23:54:49 | INFO     |   验证指标(标准CE):
2025-07-21 23:54:49 | INFO     |     损失: 0.307945
2025-07-21 23:54:49 | INFO     |     准确率: 0.931932
2025-07-21 23:54:49 | INFO     |     F1(macro): 0.931430
2025-07-21 23:54:49 | INFO     |     F1(weighted): 0.929495
2025-07-21 23:54:49 | INFO     |     精确率: 0.940050
2025-07-21 23:54:49 | INFO     |     召回率: 0.932393
2025-07-21 23:54:49 | INFO     |   学习率调度器: f1_based
2025-07-21 23:54:49 | INFO     | ------------------------------------------------------------
2025-07-21 23:54:49 | INFO     | Epoch  22 | Train: Loss=0.0996, Acc=0.9560 | Val: Loss=0.3079, Acc=0.9319, F1=0.9295 | LR=0.000100 
2025-07-21 23:55:21 | INFO     | Epoch 23:
2025-07-21 23:55:21 | INFO     |   训练指标:
2025-07-21 23:55:21 | INFO     |     损失(ce): 0.127281
2025-07-21 23:55:21 | INFO     |     准确率: 0.947447
2025-07-21 23:55:21 | INFO     |     学习率: 0.00010000
2025-07-21 23:55:21 | INFO     |   验证指标(标准CE):
2025-07-21 23:55:21 | INFO     |     损失: 0.194187
2025-07-21 23:55:21 | INFO     |     准确率: 0.950951
2025-07-21 23:55:21 | INFO     |     F1(macro): 0.951851
2025-07-21 23:55:21 | INFO     |     F1(weighted): 0.950234
2025-07-21 23:55:21 | INFO     |     精确率: 0.952728
2025-07-21 23:55:21 | INFO     |     召回率: 0.952188
2025-07-21 23:55:21 | INFO     |   学习率调度器: f1_based
2025-07-21 23:55:21 | INFO     | ------------------------------------------------------------
2025-07-21 23:55:21 | INFO     | Epoch  23 | Train: Loss=0.1273, Acc=0.9474 | Val: Loss=0.1942, Acc=0.9510, F1=0.9502 | LR=0.000100 
2025-07-21 23:55:53 | INFO     | Epoch 24:
2025-07-21 23:55:53 | INFO     |   训练指标:
2025-07-21 23:55:53 | INFO     |     损失(ce): 0.128280
2025-07-21 23:55:53 | INFO     |     准确率: 0.952202
2025-07-21 23:55:53 | INFO     |     学习率: 0.00010000
2025-07-21 23:55:53 | INFO     |   验证指标(标准CE):
2025-07-21 23:55:53 | INFO     |     损失: 0.189132
2025-07-21 23:55:53 | INFO     |     准确率: 0.944945
2025-07-21 23:55:53 | INFO     |     F1(macro): 0.947166
2025-07-21 23:55:53 | INFO     |     F1(weighted): 0.945217
2025-07-21 23:55:53 | INFO     |     精确率: 0.956469
2025-07-21 23:55:53 | INFO     |     召回率: 0.947607
2025-07-21 23:55:53 | INFO     |   学习率调度器: f1_based
2025-07-21 23:55:53 | INFO     | ------------------------------------------------------------
2025-07-21 23:55:53 | INFO     | Epoch  24 | Train: Loss=0.1283, Acc=0.9522 | Val: Loss=0.1891, Acc=0.9449, F1=0.9452 | LR=0.000100 
2025-07-21 23:56:25 | INFO     | Epoch 25:
2025-07-21 23:56:25 | INFO     |   训练指标:
2025-07-21 23:56:25 | INFO     |     损失(ce): 0.110548
2025-07-21 23:56:25 | INFO     |     准确率: 0.958208
2025-07-21 23:56:25 | INFO     |     学习率: 0.00010000
2025-07-21 23:56:25 | INFO     |   验证指标(标准CE):
2025-07-21 23:56:25 | INFO     |     损失: 0.112298
2025-07-21 23:56:25 | INFO     |     准确率: 0.959960
2025-07-21 23:56:25 | INFO     |     F1(macro): 0.961006
2025-07-21 23:56:25 | INFO     |     F1(weighted): 0.959746
2025-07-21 23:56:25 | INFO     |     精确率: 0.965064
2025-07-21 23:56:25 | INFO     |     召回率: 0.960411
2025-07-21 23:56:25 | INFO     |   学习率调度器: f1_based
2025-07-21 23:56:25 | INFO     | ------------------------------------------------------------
2025-07-21 23:56:25 | INFO     | 🎯 学习率调整事件:
2025-07-21 23:56:25 | INFO     |   调度器类型: f1_based
2025-07-21 23:56:25 | INFO     |   学习率变化: 0.00010000 → 0.00005000
2025-07-21 23:56:25 | INFO     |   触发条件: F1分数 = 0.959746
2025-07-21 23:56:25 | INFO     |   变化幅度: -50.00%
2025-07-21 23:56:25 | INFO     | ------------------------------------------------------------
2025-07-21 23:56:25 | INFO     | Epoch  25 | Train: Loss=0.1105, Acc=0.9582 | Val: Loss=0.1123, Acc=0.9600, F1=0.9597 | LR=0.000050 
2025-07-21 23:56:57 | INFO     | Epoch 26:
2025-07-21 23:56:57 | INFO     |   训练指标:
2025-07-21 23:56:57 | INFO     |     损失(ce): 0.060955
2025-07-21 23:56:57 | INFO     |     准确率: 0.967968
2025-07-21 23:56:57 | INFO     |     学习率: 0.00005000
2025-07-21 23:56:57 | INFO     |   验证指标(标准CE):
2025-07-21 23:56:57 | INFO     |     损失: 0.160451
2025-07-21 23:56:57 | INFO     |     准确率: 0.954955
2025-07-21 23:56:57 | INFO     |     F1(macro): 0.957336
2025-07-21 23:56:57 | INFO     |     F1(weighted): 0.955478
2025-07-21 23:56:57 | INFO     |     精确率: 0.963585
2025-07-21 23:56:57 | INFO     |     召回率: 0.957843
2025-07-21 23:56:57 | INFO     |   学习率调度器: f1_based
2025-07-21 23:56:57 | INFO     | ------------------------------------------------------------
2025-07-21 23:56:57 | INFO     | Epoch  26 | Train: Loss=0.0610, Acc=0.9680 | Val: Loss=0.1605, Acc=0.9550, F1=0.9555 | LR=0.000050 
2025-07-21 23:57:29 | INFO     | Epoch 27:
2025-07-21 23:57:29 | INFO     |   训练指标:
2025-07-21 23:57:29 | INFO     |     损失(ce): 0.048641
2025-07-21 23:57:29 | INFO     |     准确率: 0.969970
2025-07-21 23:57:29 | INFO     |     学习率: 0.00005000
2025-07-21 23:57:29 | INFO     |   验证指标(标准CE):
2025-07-21 23:57:29 | INFO     |     损失: 0.212157
2025-07-21 23:57:29 | INFO     |     准确率: 0.949950
2025-07-21 23:57:29 | INFO     |     F1(macro): 0.952643
2025-07-21 23:57:29 | INFO     |     F1(weighted): 0.950681
2025-07-21 23:57:29 | INFO     |     精确率: 0.960715
2025-07-21 23:57:29 | INFO     |     召回率: 0.952960
2025-07-21 23:57:29 | INFO     |   学习率调度器: f1_based
2025-07-21 23:57:29 | INFO     | ------------------------------------------------------------
2025-07-21 23:57:29 | INFO     | Epoch  27 | Train: Loss=0.0486, Acc=0.9700 | Val: Loss=0.2122, Acc=0.9499, F1=0.9507 | LR=0.000050 
2025-07-21 23:58:01 | INFO     | Epoch 28:
2025-07-21 23:58:01 | INFO     |   训练指标:
2025-07-21 23:58:01 | INFO     |     损失(ce): 0.064973
2025-07-21 23:58:01 | INFO     |     准确率: 0.967968
2025-07-21 23:58:01 | INFO     |     学习率: 0.00005000
2025-07-21 23:58:01 | INFO     |   验证指标(标准CE):
2025-07-21 23:58:01 | INFO     |     损失: 0.140537
2025-07-21 23:58:01 | INFO     |     准确率: 0.956957
2025-07-21 23:58:01 | INFO     |     F1(macro): 0.959015
2025-07-21 23:58:01 | INFO     |     F1(weighted): 0.957159
2025-07-21 23:58:01 | INFO     |     精确率: 0.965436
2025-07-21 23:58:01 | INFO     |     召回率: 0.959893
2025-07-21 23:58:01 | INFO     |   学习率调度器: f1_based
2025-07-21 23:58:01 | INFO     | ------------------------------------------------------------
2025-07-21 23:58:01 | INFO     | Epoch  28 | Train: Loss=0.0650, Acc=0.9680 | Val: Loss=0.1405, Acc=0.9570, F1=0.9572 | LR=0.000050 
2025-07-21 23:58:33 | INFO     | Epoch 29:
2025-07-21 23:58:33 | INFO     |   训练指标:
2025-07-21 23:58:33 | INFO     |     损失(ce): 0.054556
2025-07-21 23:58:33 | INFO     |     准确率: 0.970470
2025-07-21 23:58:33 | INFO     |     学习率: 0.00005000
2025-07-21 23:58:33 | INFO     |   验证指标(标准CE):
2025-07-21 23:58:33 | INFO     |     损失: 0.174873
2025-07-21 23:58:33 | INFO     |     准确率: 0.960961
2025-07-21 23:58:33 | INFO     |     F1(macro): 0.962141
2025-07-21 23:58:33 | INFO     |     F1(weighted): 0.960934
2025-07-21 23:58:33 | INFO     |     精确率: 0.964435
2025-07-21 23:58:33 | INFO     |     召回率: 0.961634
2025-07-21 23:58:33 | INFO     |   学习率调度器: f1_based
2025-07-21 23:58:33 | INFO     | ------------------------------------------------------------
2025-07-21 23:58:33 | INFO     | Epoch  29 | Train: Loss=0.0546, Acc=0.9705 | Val: Loss=0.1749, Acc=0.9610, F1=0.9609 | LR=0.000050 🏆 [最佳模型]
2025-07-21 23:59:05 | INFO     | Epoch 30:
2025-07-21 23:59:05 | INFO     |   训练指标:
2025-07-21 23:59:05 | INFO     |     损失(ce): 0.057203
2025-07-21 23:59:05 | INFO     |     准确率: 0.970220
2025-07-21 23:59:05 | INFO     |     学习率: 0.00005000
2025-07-21 23:59:05 | INFO     |   验证指标(标准CE):
2025-07-21 23:59:05 | INFO     |     损失: 0.192896
2025-07-21 23:59:05 | INFO     |     准确率: 0.949950
2025-07-21 23:59:05 | INFO     |     F1(macro): 0.952618
2025-07-21 23:59:05 | INFO     |     F1(weighted): 0.950812
2025-07-21 23:59:05 | INFO     |     精确率: 0.960439
2025-07-21 23:59:05 | INFO     |     召回率: 0.952848
2025-07-21 23:59:05 | INFO     |   学习率调度器: f1_based
2025-07-21 23:59:05 | INFO     | ------------------------------------------------------------
2025-07-21 23:59:05 | INFO     | Epoch  30 | Train: Loss=0.0572, Acc=0.9702 | Val: Loss=0.1929, Acc=0.9499, F1=0.9508 | LR=0.000050 
2025-07-21 23:59:38 | INFO     | Epoch 31:
2025-07-21 23:59:38 | INFO     |   训练指标:
2025-07-21 23:59:38 | INFO     |     损失(ce): 0.053474
2025-07-21 23:59:38 | INFO     |     准确率: 0.970220
2025-07-21 23:59:38 | INFO     |     学习率: 0.00005000
2025-07-21 23:59:38 | INFO     |   验证指标(标准CE):
2025-07-21 23:59:38 | INFO     |     损失: 0.160481
2025-07-21 23:59:38 | INFO     |     准确率: 0.952953
2025-07-21 23:59:38 | INFO     |     F1(macro): 0.955126
2025-07-21 23:59:38 | INFO     |     F1(weighted): 0.953581
2025-07-21 23:59:38 | INFO     |     精确率: 0.962106
2025-07-21 23:59:38 | INFO     |     召回率: 0.955305
2025-07-21 23:59:38 | INFO     |   学习率调度器: f1_based
2025-07-21 23:59:38 | INFO     | ------------------------------------------------------------
2025-07-21 23:59:38 | INFO     | Epoch  31 | Train: Loss=0.0535, Acc=0.9702 | Val: Loss=0.1605, Acc=0.9530, F1=0.9536 | LR=0.000050 
2025-07-22 00:00:10 | INFO     | Epoch 32:
2025-07-22 00:00:10 | INFO     |   训练指标:
2025-07-22 00:00:10 | INFO     |     损失(ce): 0.053135
2025-07-22 00:00:10 | INFO     |     准确率: 0.972222
2025-07-22 00:00:10 | INFO     |     学习率: 0.00005000
2025-07-22 00:00:10 | INFO     |   验证指标(标准CE):
2025-07-22 00:00:10 | INFO     |     损失: 0.207869
2025-07-22 00:00:10 | INFO     |     准确率: 0.950951
2025-07-22 00:00:10 | INFO     |     F1(macro): 0.953847
2025-07-22 00:00:10 | INFO     |     F1(weighted): 0.951935
2025-07-22 00:00:10 | INFO     |     精确率: 0.962221
2025-07-22 00:00:10 | INFO     |     召回率: 0.953993
2025-07-22 00:00:10 | INFO     |   学习率调度器: f1_based
2025-07-22 00:00:10 | INFO     | ------------------------------------------------------------
2025-07-22 00:00:10 | INFO     | Epoch  32 | Train: Loss=0.0531, Acc=0.9722 | Val: Loss=0.2079, Acc=0.9510, F1=0.9519 | LR=0.000050 
2025-07-22 00:00:42 | INFO     | Epoch 33:
2025-07-22 00:00:42 | INFO     |   训练指标:
2025-07-22 00:00:42 | INFO     |     损失(ce): 0.054294
2025-07-22 00:00:42 | INFO     |     准确率: 0.970721
2025-07-22 00:00:42 | INFO     |     学习率: 0.00005000
2025-07-22 00:00:42 | INFO     |   验证指标(标准CE):
2025-07-22 00:00:42 | INFO     |     损失: 0.135437
2025-07-22 00:00:42 | INFO     |     准确率: 0.965966
2025-07-22 00:00:42 | INFO     |     F1(macro): 0.966895
2025-07-22 00:00:42 | INFO     |     F1(weighted): 0.965875
2025-07-22 00:00:42 | INFO     |     精确率: 0.969584
2025-07-22 00:00:42 | INFO     |     召回率: 0.966481
2025-07-22 00:00:42 | INFO     |   学习率调度器: f1_based
2025-07-22 00:00:42 | INFO     | ------------------------------------------------------------
2025-07-22 00:00:42 | INFO     | Epoch  33 | Train: Loss=0.0543, Acc=0.9707 | Val: Loss=0.1354, Acc=0.9660, F1=0.9659 | LR=0.000050 🏆 [最佳模型]
2025-07-22 00:01:14 | INFO     | Epoch 34:
2025-07-22 00:01:14 | INFO     |   训练指标:
2025-07-22 00:01:14 | INFO     |     损失(ce): 0.048917
2025-07-22 00:01:14 | INFO     |     准确率: 0.971471
2025-07-22 00:01:14 | INFO     |     学习率: 0.00005000
2025-07-22 00:01:14 | INFO     |   验证指标(标准CE):
2025-07-22 00:01:14 | INFO     |     损失: 0.153240
2025-07-22 00:01:14 | INFO     |     准确率: 0.966967
2025-07-22 00:01:14 | INFO     |     F1(macro): 0.967934
2025-07-22 00:01:14 | INFO     |     F1(weighted): 0.966802
2025-07-22 00:01:14 | INFO     |     精确率: 0.970671
2025-07-22 00:01:14 | INFO     |     召回率: 0.967421
2025-07-22 00:01:14 | INFO     |   学习率调度器: f1_based
2025-07-22 00:01:14 | INFO     | ------------------------------------------------------------
2025-07-22 00:01:14 | INFO     | Epoch  34 | Train: Loss=0.0489, Acc=0.9715 | Val: Loss=0.1532, Acc=0.9670, F1=0.9668 | LR=0.000050 🏆 [最佳模型]
2025-07-22 00:01:46 | INFO     | Epoch 35:
2025-07-22 00:01:46 | INFO     |   训练指标:
2025-07-22 00:01:46 | INFO     |     损失(ce): 0.060222
2025-07-22 00:01:46 | INFO     |     准确率: 0.966216
2025-07-22 00:01:46 | INFO     |     学习率: 0.00005000
2025-07-22 00:01:46 | INFO     |   验证指标(标准CE):
2025-07-22 00:01:46 | INFO     |     损失: 0.363521
2025-07-22 00:01:46 | INFO     |     准确率: 0.922923
2025-07-22 00:01:46 | INFO     |     F1(macro): 0.928208
2025-07-22 00:01:46 | INFO     |     F1(weighted): 0.925454
2025-07-22 00:01:46 | INFO     |     精确率: 0.937588
2025-07-22 00:01:46 | INFO     |     召回率: 0.926370
2025-07-22 00:01:46 | INFO     |   学习率调度器: f1_based
2025-07-22 00:01:46 | INFO     | ------------------------------------------------------------
2025-07-22 00:01:46 | INFO     | Epoch  35 | Train: Loss=0.0602, Acc=0.9662 | Val: Loss=0.3635, Acc=0.9229, F1=0.9255 | LR=0.000050 
2025-07-22 00:02:19 | INFO     | Epoch 36:
2025-07-22 00:02:19 | INFO     |   训练指标:
2025-07-22 00:02:19 | INFO     |     损失(ce): 0.054395
2025-07-22 00:02:19 | INFO     |     准确率: 0.968969
2025-07-22 00:02:19 | INFO     |     学习率: 0.00005000
2025-07-22 00:02:19 | INFO     |   验证指标(标准CE):
2025-07-22 00:02:19 | INFO     |     损失: 0.265448
2025-07-22 00:02:19 | INFO     |     准确率: 0.943944
2025-07-22 00:02:19 | INFO     |     F1(macro): 0.945830
2025-07-22 00:02:19 | INFO     |     F1(weighted): 0.943875
2025-07-22 00:02:19 | INFO     |     精确率: 0.949949
2025-07-22 00:02:19 | INFO     |     召回率: 0.946962
2025-07-22 00:02:19 | INFO     |   学习率调度器: f1_based
2025-07-22 00:02:19 | INFO     | ------------------------------------------------------------
2025-07-22 00:02:19 | INFO     | Epoch  36 | Train: Loss=0.0544, Acc=0.9690 | Val: Loss=0.2654, Acc=0.9439, F1=0.9439 | LR=0.000050 
2025-07-22 00:02:51 | INFO     | Epoch 37:
2025-07-22 00:02:51 | INFO     |   训练指标:
2025-07-22 00:02:51 | INFO     |     损失(ce): 0.049377
2025-07-22 00:02:51 | INFO     |     准确率: 0.975726
2025-07-22 00:02:51 | INFO     |     学习率: 0.00005000
2025-07-22 00:02:51 | INFO     |   验证指标(标准CE):
2025-07-22 00:02:51 | INFO     |     损失: 0.170363
2025-07-22 00:02:51 | INFO     |     准确率: 0.964965
2025-07-22 00:02:51 | INFO     |     F1(macro): 0.965905
2025-07-22 00:02:51 | INFO     |     F1(weighted): 0.964856
2025-07-22 00:02:51 | INFO     |     精确率: 0.967899
2025-07-22 00:02:51 | INFO     |     召回率: 0.965602
2025-07-22 00:02:51 | INFO     |   学习率调度器: f1_based
2025-07-22 00:02:51 | INFO     | ------------------------------------------------------------
2025-07-22 00:02:51 | INFO     | Epoch  37 | Train: Loss=0.0494, Acc=0.9757 | Val: Loss=0.1704, Acc=0.9650, F1=0.9649 | LR=0.000050 
2025-07-22 00:03:23 | INFO     | Epoch 38:
2025-07-22 00:03:23 | INFO     |   训练指标:
2025-07-22 00:03:23 | INFO     |     损失(ce): 0.049895
2025-07-22 00:03:23 | INFO     |     准确率: 0.967968
2025-07-22 00:03:23 | INFO     |     学习率: 0.00005000
2025-07-22 00:03:23 | INFO     |   验证指标(标准CE):
2025-07-22 00:03:23 | INFO     |     损失: 0.179094
2025-07-22 00:03:23 | INFO     |     准确率: 0.962963
2025-07-22 00:03:23 | INFO     |     F1(macro): 0.963892
2025-07-22 00:03:23 | INFO     |     F1(weighted): 0.962719
2025-07-22 00:03:23 | INFO     |     精确率: 0.966894
2025-07-22 00:03:23 | INFO     |     召回率: 0.963387
2025-07-22 00:03:23 | INFO     |   学习率调度器: f1_based
2025-07-22 00:03:23 | INFO     | ------------------------------------------------------------
2025-07-22 00:03:23 | INFO     | Epoch  38 | Train: Loss=0.0499, Acc=0.9680 | Val: Loss=0.1791, Acc=0.9630, F1=0.9627 | LR=0.000050 
2025-07-22 00:03:55 | INFO     | Epoch 39:
2025-07-22 00:03:55 | INFO     |   训练指标:
2025-07-22 00:03:55 | INFO     |     损失(ce): 0.056098
2025-07-22 00:03:55 | INFO     |     准确率: 0.969469
2025-07-22 00:03:55 | INFO     |     学习率: 0.00005000
2025-07-22 00:03:55 | INFO     |   验证指标(标准CE):
2025-07-22 00:03:55 | INFO     |     损失: 0.168887
2025-07-22 00:03:55 | INFO     |     准确率: 0.962963
2025-07-22 00:03:55 | INFO     |     F1(macro): 0.963955
2025-07-22 00:03:55 | INFO     |     F1(weighted): 0.962828
2025-07-22 00:03:55 | INFO     |     精确率: 0.966906
2025-07-22 00:03:55 | INFO     |     召回率: 0.963414
2025-07-22 00:03:55 | INFO     |   学习率调度器: f1_based
2025-07-22 00:03:55 | INFO     | ------------------------------------------------------------
2025-07-22 00:03:55 | INFO     | 🎯 学习率调整事件:
2025-07-22 00:03:55 | INFO     |   调度器类型: f1_based
2025-07-22 00:03:55 | INFO     |   学习率变化: 0.00005000 → 0.00002500
2025-07-22 00:03:55 | INFO     |   触发条件: F1分数 = 0.962828
2025-07-22 00:03:55 | INFO     |   变化幅度: -50.00%
2025-07-22 00:03:55 | INFO     | ------------------------------------------------------------
2025-07-22 00:03:55 | INFO     | Epoch  39 | Train: Loss=0.0561, Acc=0.9695 | Val: Loss=0.1689, Acc=0.9630, F1=0.9628 | LR=0.000025 
2025-07-22 00:04:27 | INFO     | Epoch 40:
2025-07-22 00:04:27 | INFO     |   训练指标:
2025-07-22 00:04:27 | INFO     |     损失(ce): 0.038335
2025-07-22 00:04:27 | INFO     |     准确率: 0.977728
2025-07-22 00:04:27 | INFO     |     学习率: 0.00002500
2025-07-22 00:04:27 | INFO     |   验证指标(标准CE):
2025-07-22 00:04:27 | INFO     |     损失: 0.164750
2025-07-22 00:04:27 | INFO     |     准确率: 0.955956
2025-07-22 00:04:27 | INFO     |     F1(macro): 0.957922
2025-07-22 00:04:27 | INFO     |     F1(weighted): 0.956185
2025-07-22 00:04:27 | INFO     |     精确率: 0.963615
2025-07-22 00:04:27 | INFO     |     召回率: 0.958788
2025-07-22 00:04:27 | INFO     |   学习率调度器: f1_based
2025-07-22 00:04:27 | INFO     | ------------------------------------------------------------
2025-07-22 00:04:27 | INFO     | Epoch  40 | Train: Loss=0.0383, Acc=0.9777 | Val: Loss=0.1647, Acc=0.9560, F1=0.9562 | LR=0.000025 
2025-07-22 00:04:59 | INFO     | Epoch 41:
2025-07-22 00:04:59 | INFO     |   训练指标:
2025-07-22 00:04:59 | INFO     |     损失(ce): 0.039066
2025-07-22 00:04:59 | INFO     |     准确率: 0.974725
2025-07-22 00:04:59 | INFO     |     学习率: 0.00002500
2025-07-22 00:04:59 | INFO     |   验证指标(标准CE):
2025-07-22 00:04:59 | INFO     |     损失: 0.158203
2025-07-22 00:04:59 | INFO     |     准确率: 0.955956
2025-07-22 00:04:59 | INFO     |     F1(macro): 0.958088
2025-07-22 00:04:59 | INFO     |     F1(weighted): 0.956237
2025-07-22 00:04:59 | INFO     |     精确率: 0.963556
2025-07-22 00:04:59 | INFO     |     召回率: 0.958805
2025-07-22 00:04:59 | INFO     |   学习率调度器: f1_based
2025-07-22 00:04:59 | INFO     | ------------------------------------------------------------
2025-07-22 00:04:59 | INFO     | Epoch  41 | Train: Loss=0.0391, Acc=0.9747 | Val: Loss=0.1582, Acc=0.9560, F1=0.9562 | LR=0.000025 
2025-07-22 00:05:31 | INFO     | Epoch 42:
2025-07-22 00:05:31 | INFO     |   训练指标:
2025-07-22 00:05:31 | INFO     |     损失(ce): 0.037598
2025-07-22 00:05:31 | INFO     |     准确率: 0.972973
2025-07-22 00:05:31 | INFO     |     学习率: 0.00002500
2025-07-22 00:05:31 | INFO     |   验证指标(标准CE):
2025-07-22 00:05:31 | INFO     |     损失: 0.184264
2025-07-22 00:05:31 | INFO     |     准确率: 0.954955
2025-07-22 00:05:31 | INFO     |     F1(macro): 0.957086
2025-07-22 00:05:31 | INFO     |     F1(weighted): 0.955283
2025-07-22 00:05:31 | INFO     |     精确率: 0.963748
2025-07-22 00:05:31 | INFO     |     召回率: 0.957926
2025-07-22 00:05:31 | INFO     |   学习率调度器: f1_based
2025-07-22 00:05:31 | INFO     | ------------------------------------------------------------
2025-07-22 00:05:31 | INFO     | Epoch  42 | Train: Loss=0.0376, Acc=0.9730 | Val: Loss=0.1843, Acc=0.9550, F1=0.9553 | LR=0.000025 
2025-07-22 00:06:03 | INFO     | Epoch 43:
2025-07-22 00:06:03 | INFO     |   训练指标:
2025-07-22 00:06:03 | INFO     |     损失(ce): 0.038609
2025-07-22 00:06:03 | INFO     |     准确率: 0.974725
2025-07-22 00:06:03 | INFO     |     学习率: 0.00002500
2025-07-22 00:06:03 | INFO     |   验证指标(标准CE):
2025-07-22 00:06:03 | INFO     |     损失: 0.200460
2025-07-22 00:06:03 | INFO     |     准确率: 0.955956
2025-07-22 00:06:03 | INFO     |     F1(macro): 0.958271
2025-07-22 00:06:03 | INFO     |     F1(weighted): 0.956452
2025-07-22 00:06:03 | INFO     |     精确率: 0.964935
2025-07-22 00:06:03 | INFO     |     召回率: 0.958844
2025-07-22 00:06:03 | INFO     |   学习率调度器: f1_based
2025-07-22 00:06:03 | INFO     | ------------------------------------------------------------
2025-07-22 00:06:03 | INFO     | Epoch  43 | Train: Loss=0.0386, Acc=0.9747 | Val: Loss=0.2005, Acc=0.9560, F1=0.9565 | LR=0.000025 
2025-07-22 00:06:35 | INFO     | Epoch 44:
2025-07-22 00:06:35 | INFO     |   训练指标:
2025-07-22 00:06:35 | INFO     |     损失(ce): 0.044198
2025-07-22 00:06:35 | INFO     |     准确率: 0.974224
2025-07-22 00:06:35 | INFO     |     学习率: 0.00002500
2025-07-22 00:06:35 | INFO     |   验证指标(标准CE):
2025-07-22 00:06:35 | INFO     |     损失: 0.170386
2025-07-22 00:06:35 | INFO     |     准确率: 0.959960
2025-07-22 00:06:35 | INFO     |     F1(macro): 0.961889
2025-07-22 00:06:35 | INFO     |     F1(weighted): 0.960461
2025-07-22 00:06:35 | INFO     |     精确率: 0.962615
2025-07-22 00:06:35 | INFO     |     召回率: 0.961359
2025-07-22 00:06:35 | INFO     |   学习率调度器: f1_based
2025-07-22 00:06:35 | INFO     | ------------------------------------------------------------
2025-07-22 00:06:35 | INFO     | Epoch  44 | Train: Loss=0.0442, Acc=0.9742 | Val: Loss=0.1704, Acc=0.9600, F1=0.9605 | LR=0.000025 
2025-07-22 00:07:07 | INFO     | Epoch 45:
2025-07-22 00:07:07 | INFO     |   训练指标:
2025-07-22 00:07:07 | INFO     |     损失(ce): 0.040327
2025-07-22 00:07:07 | INFO     |     准确率: 0.977227
2025-07-22 00:07:07 | INFO     |     学习率: 0.00002500
2025-07-22 00:07:07 | INFO     |   验证指标(标准CE):
2025-07-22 00:07:07 | INFO     |     损失: 0.175534
2025-07-22 00:07:07 | INFO     |     准确率: 0.956957
2025-07-22 00:07:07 | INFO     |     F1(macro): 0.959288
2025-07-22 00:07:07 | INFO     |     F1(weighted): 0.957510
2025-07-22 00:07:07 | INFO     |     精确率: 0.963333
2025-07-22 00:07:07 | INFO     |     召回率: 0.959558
2025-07-22 00:07:07 | INFO     |   学习率调度器: f1_based
2025-07-22 00:07:07 | INFO     | ------------------------------------------------------------
2025-07-22 00:07:07 | INFO     | Epoch  45 | Train: Loss=0.0403, Acc=0.9772 | Val: Loss=0.1755, Acc=0.9570, F1=0.9575 | LR=0.000025 
2025-07-22 00:07:39 | INFO     | Epoch 46:
2025-07-22 00:07:39 | INFO     |   训练指标:
2025-07-22 00:07:39 | INFO     |     损失(ce): 0.042359
2025-07-22 00:07:39 | INFO     |     准确率: 0.972973
2025-07-22 00:07:39 | INFO     |     学习率: 0.00002500
2025-07-22 00:07:39 | INFO     |   验证指标(标准CE):
2025-07-22 00:07:39 | INFO     |     损失: 0.164164
2025-07-22 00:07:39 | INFO     |     准确率: 0.957958
2025-07-22 00:07:39 | INFO     |     F1(macro): 0.960166
2025-07-22 00:07:39 | INFO     |     F1(weighted): 0.958433
2025-07-22 00:07:39 | INFO     |     精确率: 0.964958
2025-07-22 00:07:39 | INFO     |     召回率: 0.960598
2025-07-22 00:07:39 | INFO     |   学习率调度器: f1_based
2025-07-22 00:07:39 | INFO     | ------------------------------------------------------------
2025-07-22 00:07:39 | INFO     | Epoch  46 | Train: Loss=0.0424, Acc=0.9730 | Val: Loss=0.1642, Acc=0.9580, F1=0.9584 | LR=0.000025 
2025-07-22 00:08:11 | INFO     | Epoch 47:
2025-07-22 00:08:11 | INFO     |   训练指标:
2025-07-22 00:08:11 | INFO     |     损失(ce): 0.040134
2025-07-22 00:08:11 | INFO     |     准确率: 0.974224
2025-07-22 00:08:11 | INFO     |     学习率: 0.00002500
2025-07-22 00:08:11 | INFO     |   验证指标(标准CE):
2025-07-22 00:08:11 | INFO     |     损失: 0.162368
2025-07-22 00:08:11 | INFO     |     准确率: 0.955956
2025-07-22 00:08:11 | INFO     |     F1(macro): 0.958263
2025-07-22 00:08:11 | INFO     |     F1(weighted): 0.956524
2025-07-22 00:08:11 | INFO     |     精确率: 0.960952
2025-07-22 00:08:11 | INFO     |     召回率: 0.958348
2025-07-22 00:08:11 | INFO     |   学习率调度器: f1_based
2025-07-22 00:08:11 | INFO     | ------------------------------------------------------------
2025-07-22 00:08:11 | INFO     | 🎯 学习率调整事件:
2025-07-22 00:08:11 | INFO     |   调度器类型: f1_based
2025-07-22 00:08:11 | INFO     |   学习率变化: 0.00002500 → 0.00001250
2025-07-22 00:08:11 | INFO     |   触发条件: F1分数 = 0.956524
2025-07-22 00:08:11 | INFO     |   变化幅度: -50.00%
2025-07-22 00:08:11 | INFO     | ------------------------------------------------------------
2025-07-22 00:08:11 | INFO     | Epoch  47 | Train: Loss=0.0401, Acc=0.9742 | Val: Loss=0.1624, Acc=0.9560, F1=0.9565 | LR=0.000013 
2025-07-22 00:08:43 | INFO     | Epoch 48:
2025-07-22 00:08:43 | INFO     |   训练指标:
2025-07-22 00:08:43 | INFO     |     损失(ce): 0.033431
2025-07-22 00:08:43 | INFO     |     准确率: 0.977978
2025-07-22 00:08:43 | INFO     |     学习率: 0.00001250
2025-07-22 00:08:43 | INFO     |   验证指标(标准CE):
2025-07-22 00:08:43 | INFO     |     损失: 0.185527
2025-07-22 00:08:43 | INFO     |     准确率: 0.954955
2025-07-22 00:08:43 | INFO     |     F1(macro): 0.957336
2025-07-22 00:08:43 | INFO     |     F1(weighted): 0.955478
2025-07-22 00:08:43 | INFO     |     精确率: 0.963585
2025-07-22 00:08:43 | INFO     |     召回率: 0.957843
2025-07-22 00:08:43 | INFO     |   学习率调度器: f1_based
2025-07-22 00:08:43 | INFO     | ------------------------------------------------------------
2025-07-22 00:08:43 | INFO     | Epoch  48 | Train: Loss=0.0334, Acc=0.9780 | Val: Loss=0.1855, Acc=0.9550, F1=0.9555 | LR=0.000013 
2025-07-22 00:09:15 | INFO     | Epoch 49:
2025-07-22 00:09:15 | INFO     |   训练指标:
2025-07-22 00:09:15 | INFO     |     损失(ce): 0.032905
2025-07-22 00:09:15 | INFO     |     准确率: 0.978979
2025-07-22 00:09:15 | INFO     |     学习率: 0.00001250
2025-07-22 00:09:15 | INFO     |   验证指标(标准CE):
2025-07-22 00:09:15 | INFO     |     损失: 0.169117
2025-07-22 00:09:15 | INFO     |     准确率: 0.956957
2025-07-22 00:09:15 | INFO     |     F1(macro): 0.959315
2025-07-22 00:09:15 | INFO     |     F1(weighted): 0.957611
2025-07-22 00:09:15 | INFO     |     精确率: 0.963019
2025-07-22 00:09:15 | INFO     |     召回率: 0.959432
2025-07-22 00:09:15 | INFO     |   学习率调度器: f1_based
2025-07-22 00:09:15 | INFO     | ------------------------------------------------------------
2025-07-22 00:09:15 | INFO     | Epoch  49 | Train: Loss=0.0329, Acc=0.9790 | Val: Loss=0.1691, Acc=0.9570, F1=0.9576 | LR=0.000013 
2025-07-22 00:09:15 | INFO     | ⏹️ 早停触发，在第 49 轮停止训练
2025-07-22 00:09:18 | INFO     | 训练历史已保存到: ./result/0721_2342_DualGAF_DualGAFNet_dilated_enhanced_sl96_step96_fd128_extractor-dilated_gaf-adaptive_attention-channel_classifier-mlp_stat-basic_fusion-concat_ablation-no_diff/training_history.csv
2025-07-22 00:09:18 | INFO     | 
====================================================================================================
2025-07-22 00:09:18 | INFO     | 🎉 训练完成总结:
2025-07-22 00:09:18 | INFO     |   训练损失函数: ce
2025-07-22 00:09:18 | INFO     |   验证损失函数: 标准交叉熵（遵循主流ML规范）
2025-07-22 00:09:18 | INFO     |   训练过程最佳验证准确率: 0.9670
2025-07-22 00:09:18 | INFO     |   训练过程最佳验证F1(macro): 0.9679
2025-07-22 00:09:18 | INFO     |   训练过程最佳验证F1(weighted): 0.9668
2025-07-22 00:09:18 | INFO     |   训练轮数: 49
2025-07-22 00:09:18 | INFO     | --------------------------------------------------
2025-07-22 00:09:18 | INFO     | 📊 最佳模型真实性能指标（基于标准交叉熵损失）:
2025-07-22 00:09:18 | INFO     |   验证损失(标准CE): 0.1530
2025-07-22 00:09:18 | INFO     |   验证准确率: 0.9670
2025-07-22 00:09:18 | INFO     |   验证F1(macro): 0.9679
2025-07-22 00:09:18 | INFO     |   验证F1(weighted): 0.9668
2025-07-22 00:09:18 | INFO     |   验证精确率: 0.9707
2025-07-22 00:09:18 | INFO     |   验证召回率: 0.9674
2025-07-22 00:09:18 | INFO     | ====================================================================================================
2025-07-22 00:09:20 | INFO     | ================================================================================
2025-07-22 00:09:20 | INFO     | 实验日志结束: DualGAF_DualGAFNet_dilated_enhanced_sl96_step96_fd128_extractor-dilated_gaf-adaptive_attention-channel_classifier-mlp_stat-basic_fusion-concat_ablation-no_diff
2025-07-22 00:09:20 | INFO     | 结束时间: 2025-07-22 00:09:20
2025-07-22 00:09:20 | INFO     | ================================================================================
