2025-07-10 14:03:36 | INFO     | ================================================================================
2025-07-10 14:03:36 | INFO     | 实验日志开始: DualGAF_DDAHU_DualGAFNet_dilated_enhanced_sl96_step96_fd128_extractor-dilated_gaf-adaptive_attention-cbam_classifier-residual_bottleneck_stat-basic_fusion-concat
2025-07-10 14:03:36 | INFO     | 日志文件: ./result/0710_1403_DualGAF_DDAHU_DualGAFNet_dilated_enhanced_sl96_step96_fd128_extractor-dilated_gaf-adaptive_attention-cbam_classifier-residual_bottleneck_stat-basic_fusion-concat/training.log
2025-07-10 14:03:36 | INFO     | 开始时间: 2025-07-10 14:03:36
2025-07-10 14:03:36 | INFO     | ================================================================================
2025-07-10 14:03:36 | INFO     | ⚙️ 实验配置:
2025-07-10 14:03:36 | INFO     |    task_name: classification
2025-07-10 14:03:36 | INFO     |    is_training: 1
2025-07-10 14:03:36 | INFO     |    model_id: test
2025-07-10 14:03:36 | INFO     |    model: DualGAFNet
2025-07-10 14:03:36 | INFO     |    data: DualGAF_DDAHU
2025-07-10 14:03:36 | INFO     |    root_path: ./dataset/DDAHU/direct_5_working
2025-07-10 14:03:36 | INFO     |    step: 96
2025-07-10 14:03:36 | INFO     |    checkpoints: ./checkpoints/
2025-07-10 14:03:36 | INFO     |    num_class: 29
2025-07-10 14:03:36 | INFO     |    result_path: ./result/
2025-07-10 14:03:36 | INFO     |    test_size: 0.2
2025-07-10 14:03:36 | INFO     |    seq_len: 96
2025-07-10 14:03:36 | INFO     |    enc_in: 97
2025-07-10 14:03:36 | INFO     |    d_model: 512
2025-07-10 14:03:36 | INFO     |    n_heads: 8
2025-07-10 14:03:36 | INFO     |    e_layers: 2
2025-07-10 14:03:36 | INFO     |    d_layers: 1
2025-07-10 14:03:36 | INFO     |    d_ff: 2048
2025-07-10 14:03:36 | INFO     |    moving_avg: 25
2025-07-10 14:03:36 | INFO     |    factor: 1
2025-07-10 14:03:36 | INFO     |    distil: True
2025-07-10 14:03:36 | INFO     |    dropout: 0.1
2025-07-10 14:03:36 | INFO     |    embed: timeF
2025-07-10 14:03:36 | INFO     |    activation: gelu
2025-07-10 14:03:36 | INFO     |    use_norm: 1
2025-07-10 14:03:36 | INFO     |    gaf_method: summation
2025-07-10 14:03:36 | INFO     |    feature_dim: 128
2025-07-10 14:03:36 | INFO     |    data_type_method: uint8
2025-07-10 14:03:36 | INFO     |    use_attention: True
2025-07-10 14:03:36 | INFO     |    hidden_dim: 64
2025-07-10 14:03:36 | INFO     |    sample_size: 1000
2025-07-10 14:03:36 | INFO     |    channel_groups: None
2025-07-10 14:03:36 | INFO     |    hvac_groups: None
2025-07-10 14:03:36 | INFO     |    extractor_type: dilated
2025-07-10 14:03:36 | INFO     |    fusion_type: adaptive
2025-07-10 14:03:36 | INFO     |    attention_type: cbam
2025-07-10 14:03:36 | INFO     |    classifier_type: residual_bottleneck
2025-07-10 14:03:36 | INFO     |    use_statistical_features: True
2025-07-10 14:03:36 | INFO     |    stat_type: basic
2025-07-10 14:03:36 | INFO     |    multimodal_fusion_strategy: concat
2025-07-10 14:03:36 | INFO     |    use_diff_branch: True
2025-07-10 14:03:36 | INFO     |    ablation_mode: none
2025-07-10 14:03:36 | INFO     |    backbone_type: resnet18
2025-07-10 14:03:36 | INFO     |    use_sum_branch: True
2025-07-10 14:03:36 | INFO     |    num_workers: 0
2025-07-10 14:03:36 | INFO     |    cuda_debug: False
2025-07-10 14:03:36 | INFO     |    gpu_memory_fraction: 0.9
2025-07-10 14:03:36 | INFO     |    safe_mode: True
2025-07-10 14:03:36 | INFO     |    drop_last_batch: True
2025-07-10 14:03:36 | INFO     |    itr: 1
2025-07-10 14:03:36 | INFO     |    train_epochs: 300
2025-07-10 14:03:36 | INFO     |    batch_size: 4
2025-07-10 14:03:36 | INFO     |    patience: 15
2025-07-10 14:03:36 | INFO     |    learning_rate: 0.0001
2025-07-10 14:03:36 | INFO     |    des: dilated_enhanced
2025-07-10 14:03:36 | INFO     |    loss: MSE
2025-07-10 14:03:36 | INFO     |    lradj: type1
2025-07-10 14:03:36 | INFO     |    lr_scheduler_type: f1_based
2025-07-10 14:03:36 | INFO     |    lr_loss_weight: 0.3
2025-07-10 14:03:36 | INFO     |    lr_f1_weight: 0.7
2025-07-10 14:03:36 | INFO     |    use_amp: False
2025-07-10 14:03:36 | INFO     |    gradient_accumulation_steps: 2
2025-07-10 14:03:36 | INFO     |    enable_auto_gradient_accumulation: True
2025-07-10 14:03:36 | INFO     |    loss_type: ce
2025-07-10 14:03:36 | INFO     |    label_smoothing: 0.1
2025-07-10 14:03:36 | INFO     |    focal_alpha: 1.0
2025-07-10 14:03:36 | INFO     |    focal_gamma: 2.0
2025-07-10 14:03:36 | INFO     |    confidence_penalty_beta: 0.1
2025-07-10 14:03:36 | INFO     |    use_timm_loss: True
2025-07-10 14:03:36 | INFO     |    adaptive_initial_smoothing: 0.2
2025-07-10 14:03:36 | INFO     |    adaptive_final_smoothing: 0.05
2025-07-10 14:03:36 | INFO     |    adaptive_decay_epochs: 30
2025-07-10 14:03:36 | INFO     |    enable_class_weights: False
2025-07-10 14:03:36 | INFO     |    class_weights: None
2025-07-10 14:03:36 | INFO     |    loss_preset: hvac_hard_samples
2025-07-10 14:03:36 | INFO     |    n_jobs: 8
2025-07-10 14:03:36 | INFO     |    use_multiprocessing: True
2025-07-10 14:03:36 | INFO     |    chunk_size: 800
2025-07-10 14:03:36 | INFO     |    disable_parallel: False
2025-07-10 14:03:36 | INFO     |    use_shared_memory: True
2025-07-10 14:03:36 | INFO     |    disable_shared_memory: False
2025-07-10 14:03:36 | INFO     |    use_gpu: True
2025-07-10 14:03:36 | INFO     |    gpu: 0
2025-07-10 14:03:36 | INFO     |    gpu_type: cuda
2025-07-10 14:03:36 | INFO     |    use_multi_gpu: False
2025-07-10 14:03:36 | INFO     |    devices: 0,1,2,3
2025-07-10 14:03:36 | INFO     |    device: cuda:0
2025-07-10 14:03:36 | INFO     |    feature_columns: ['CHWP_GPMC', 'CHWC_VLV_DM', 'CHWC_VLV', 'CHWC_MWT', 'CHWC_LWT', 'VAVCFM_H_DM_SB', 'CHWC_EAH', 'VAV_DAT_SA', 'CHWC_DAT', 'VAV_SP_C_SA', 'HWP_GPMT', 'VAVCFM_C_DM_SB', 'RM_TEMP_W', 'HWP_GPMC', 'VAVCFM_T_SB', 'VAV_DMPR_H_SB', 'HWC_VLV_DM', 'VAVCFM_H_SB', 'HWC_VLV', 'VAV_DMPR_H_E', 'HWC_LWT', 'HWC_MWT', 'VAV_DMPR_C_SB', 'HWC_DAT', 'RM_TEMP_SB', 'CSF_WAT', 'CSF_SPD', 'CSF_DP', 'CSA_TEMP', 'CSA_CFM', 'VAV_EAT_C_SB', 'CSA_HUMD', 'CSA_SP', 'VAVCFM_C_SB', 'VAVCFM_H_W', 'HSF_SPD', 'VAV_EAT_H_SB', 'VAV_DAT_SB', 'RM_TEMP_SA', 'HSF_DP', 'HSA_TEMP', 'VAVCFM_C_DM_W', 'VAVCFM_C_W', 'VAV_DAT_W', 'HSA_SP', 'HSA_CFM', 'VAV_DMPR_H_W', 'HSF_WAT', 'VAVCFM_T_W', 'EA_DMPR_DM', 'RF_WAT', 'VAV_SP_C_W', 'VAV_SP_H_E', 'EA_DMPR', 'VAV_SP_H_SB', 'RF_SPD', 'RA_TEMP', 'RA_HUMD', 'VAV_SP_H_SA', 'VAV_EAT_H_W', 'RF_DP', 'VAV_DMPR_C_SA', 'VAV_SP_C_SB', 'RA_DMPR_DM', 'VAV_DMPR_H_SA', 'VAV_SP_H_W', 'VAVCFM_H_DM_SA', 'RA_DMPR', 'VAV_EAT_C_W', 'VAVCFM_C_DM_SA', 'RA_CFM', 'MA_TEMP', 'VAVCFM_C_SA', 'OA_TEMP', 'VAVCFM_H_SA', 'VAVCFM_H_DM_W', 'OA_HUMD', 'VAVCFM_T_SA', 'OA_DMPR_DM', 'VAV_EAT_C_SA', 'VAV_DMPR_C_W', 'OA_DMPR', 'VAV_EAT_H_SA', 'HSA_HUMD', 'RM_TEMP_E', 'VAV_EAT_H_E', 'VAV_DAT_E', 'VAV_EAT_C_E', 'VAVCFM_T_E', 'VAVCFM_H_E', 'VAV_SP_C_E', 'VAVCFM_C_DM_E', 'OA_CFM', 'VAV_DMPR_C_E', 'VAVCFM_C_E', 'VAVCFM_H_DM_E', 'CHWP_GPMT']
2025-07-10 14:03:36 | INFO     | 🏗️ 模型信息:
2025-07-10 14:03:36 | INFO     |    模型类型: Model
2025-07-10 14:03:36 | INFO     |    总参数数量: 102,337,552
2025-07-10 14:03:36 | INFO     |    可训练参数: 102,337,552
2025-07-10 14:03:36 | INFO     |    模型大小估计: 390.39 MB
2025-07-10 14:03:36 | INFO     | 📊 数据集信息:
2025-07-10 14:03:36 | INFO     |    训练集大小: 5967
2025-07-10 14:03:36 | INFO     |    验证集大小: 1492
2025-07-10 14:03:36 | INFO     | 
================================================================================
2025-07-10 14:03:36 | INFO     | 📋 损失函数使用策略（遵循主流机器学习规范）:
2025-07-10 14:03:36 | INFO     |    🎯 训练阶段: 使用 hybrid_focal 损失函数
2025-07-10 14:03:36 | INFO     |       → 目的：优化模型参数，解决特定问题（类别不平衡、相似性等）
2025-07-10 14:03:36 | INFO     |    📊 验证阶段: 使用标准交叉熵损失函数
2025-07-10 14:03:36 | INFO     |       → 目的：客观评估模型性能，便于不同方法比较
2025-07-10 14:03:36 | INFO     |    📈 最终报告: 基于标准交叉熵损失的指标
2025-07-10 14:03:36 | INFO     |       → 目的：提供可信、可比较的性能指标
2025-07-10 14:03:36 | INFO     | ================================================================================

2025-07-10 14:03:36 | INFO     | 🔄 梯度累积配置: 每2轮累积一次梯度
2025-07-10 14:03:36 | INFO     |    实际batch_size: 4
2025-07-10 14:03:36 | INFO     |    有效batch_size: 8
2025-07-10 14:08:39 | INFO     | Epoch 1:
2025-07-10 14:08:39 | INFO     |   训练指标:
2025-07-10 14:08:39 | INFO     |     损失(hybrid_focal): 8.329061
2025-07-10 14:08:39 | INFO     |     准确率: 0.065057
2025-07-10 14:08:39 | INFO     |     学习率: 0.00010000
2025-07-10 14:08:39 | INFO     |   验证指标(标准CE):
2025-07-10 14:08:39 | INFO     |     损失: 5.373183
2025-07-10 14:08:39 | INFO     |     准确率: 0.140751
2025-07-10 14:08:39 | INFO     |     F1(macro): 0.122268
2025-07-10 14:08:39 | INFO     |     F1(weighted): 0.121946
2025-07-10 14:08:39 | INFO     |     精确率: 0.148015
2025-07-10 14:08:39 | INFO     |     召回率: 0.142562
2025-07-10 14:08:39 | INFO     |   学习率调度器: f1_based
2025-07-10 14:08:39 | INFO     | ------------------------------------------------------------
2025-07-10 14:08:39 | INFO     | Epoch   1 | Train: Loss=8.3291, Acc=0.0651 | Val: Loss=5.3732, Acc=0.1408, F1=0.1219 | LR=0.000100 🏆 [最佳模型]
2025-07-10 14:13:15 | INFO     | Epoch 2:
2025-07-10 14:13:15 | INFO     |   训练指标:
2025-07-10 14:13:15 | INFO     |     损失(hybrid_focal): 5.784125
2025-07-10 14:13:15 | INFO     |     准确率: 0.087190
2025-07-10 14:13:15 | INFO     |     学习率: 0.00010000
2025-07-10 14:13:15 | INFO     |   验证指标(标准CE):
2025-07-10 14:13:15 | INFO     |     损失: 4.308659
2025-07-10 14:13:15 | INFO     |     准确率: 0.097855
2025-07-10 14:13:15 | INFO     |     F1(macro): 0.092952
2025-07-10 14:13:15 | INFO     |     F1(weighted): 0.094293
2025-07-10 14:13:15 | INFO     |     精确率: 0.194950
2025-07-10 14:13:15 | INFO     |     召回率: 0.098569
2025-07-10 14:13:15 | INFO     |   学习率调度器: f1_based
2025-07-10 14:13:15 | INFO     | ------------------------------------------------------------
2025-07-10 14:13:15 | INFO     | Epoch   2 | Train: Loss=5.7841, Acc=0.0872 | Val: Loss=4.3087, Acc=0.0979, F1=0.0943 | LR=0.000100 
2025-07-10 14:17:42 | INFO     | Epoch 3:
2025-07-10 14:17:42 | INFO     |   训练指标:
2025-07-10 14:17:42 | INFO     |     损失(hybrid_focal): 3.124737
2025-07-10 14:17:42 | INFO     |     准确率: 0.118712
2025-07-10 14:17:42 | INFO     |     学习率: 0.00010000
2025-07-10 14:17:42 | INFO     |   验证指标(标准CE):
2025-07-10 14:17:42 | INFO     |     损失: 3.263348
2025-07-10 14:17:42 | INFO     |     准确率: 0.193029
2025-07-10 14:17:42 | INFO     |     F1(macro): 0.185748
2025-07-10 14:17:42 | INFO     |     F1(weighted): 0.182996
2025-07-10 14:17:42 | INFO     |     精确率: 0.229179
2025-07-10 14:17:42 | INFO     |     召回率: 0.195793
2025-07-10 14:17:42 | INFO     |   学习率调度器: f1_based
2025-07-10 14:17:42 | INFO     | ------------------------------------------------------------
2025-07-10 14:17:42 | INFO     | Epoch   3 | Train: Loss=3.1247, Acc=0.1187 | Val: Loss=3.2633, Acc=0.1930, F1=0.1830 | LR=0.000100 🏆 [最佳模型]
2025-07-10 14:22:09 | INFO     | Epoch 4:
2025-07-10 14:22:09 | INFO     |   训练指标:
2025-07-10 14:22:09 | INFO     |     损失(hybrid_focal): 2.382471
2025-07-10 14:22:09 | INFO     |     准确率: 0.205231
2025-07-10 14:22:09 | INFO     |     学习率: 0.00010000
2025-07-10 14:22:09 | INFO     |   验证指标(标准CE):
2025-07-10 14:22:09 | INFO     |     损失: 2.745197
2025-07-10 14:22:09 | INFO     |     准确率: 0.306300
2025-07-10 14:22:09 | INFO     |     F1(macro): 0.311083
2025-07-10 14:22:09 | INFO     |     F1(weighted): 0.305480
2025-07-10 14:22:09 | INFO     |     精确率: 0.437488
2025-07-10 14:22:09 | INFO     |     召回率: 0.316431
2025-07-10 14:22:09 | INFO     |   学习率调度器: f1_based
2025-07-10 14:22:09 | INFO     | ------------------------------------------------------------
2025-07-10 14:22:09 | INFO     | Epoch   4 | Train: Loss=2.3825, Acc=0.2052 | Val: Loss=2.7452, Acc=0.3063, F1=0.3055 | LR=0.000100 🏆 [最佳模型]
2025-07-10 14:26:37 | INFO     | Epoch 5:
2025-07-10 14:26:37 | INFO     |   训练指标:
2025-07-10 14:26:37 | INFO     |     损失(hybrid_focal): 2.148898
2025-07-10 14:26:37 | INFO     |     准确率: 0.264420
2025-07-10 14:26:37 | INFO     |     学习率: 0.00010000
2025-07-10 14:26:37 | INFO     |   验证指标(标准CE):
2025-07-10 14:26:37 | INFO     |     损失: 3.394173
2025-07-10 14:26:37 | INFO     |     准确率: 0.282172
2025-07-10 14:26:37 | INFO     |     F1(macro): 0.290875
2025-07-10 14:26:37 | INFO     |     F1(weighted): 0.285471
2025-07-10 14:26:37 | INFO     |     精确率: 0.415002
2025-07-10 14:26:37 | INFO     |     召回率: 0.288247
2025-07-10 14:26:37 | INFO     |   学习率调度器: f1_based
2025-07-10 14:26:37 | INFO     | ------------------------------------------------------------
2025-07-10 14:26:37 | INFO     | Epoch   5 | Train: Loss=2.1489, Acc=0.2644 | Val: Loss=3.3942, Acc=0.2822, F1=0.2855 | LR=0.000100 
2025-07-10 14:31:03 | INFO     | Epoch 6:
2025-07-10 14:31:03 | INFO     |   训练指标:
2025-07-10 14:31:03 | INFO     |     损失(hybrid_focal): 1.898634
2025-07-10 14:31:03 | INFO     |     准确率: 0.318075
2025-07-10 14:31:03 | INFO     |     学习率: 0.00010000
2025-07-10 14:31:03 | INFO     |   验证指标(标准CE):
2025-07-10 14:31:03 | INFO     |     损失: 2.133509
2025-07-10 14:31:03 | INFO     |     准确率: 0.422252
2025-07-10 14:31:03 | INFO     |     F1(macro): 0.385127
2025-07-10 14:31:03 | INFO     |     F1(weighted): 0.377738
2025-07-10 14:31:03 | INFO     |     精确率: 0.471452
2025-07-10 14:31:03 | INFO     |     召回率: 0.436116
2025-07-10 14:31:03 | INFO     |   学习率调度器: f1_based
2025-07-10 14:31:03 | INFO     | ------------------------------------------------------------
2025-07-10 14:31:03 | INFO     | Epoch   6 | Train: Loss=1.8986, Acc=0.3181 | Val: Loss=2.1335, Acc=0.4223, F1=0.3777 | LR=0.000100 🏆 [最佳模型]
2025-07-10 14:35:31 | INFO     | Epoch 7:
2025-07-10 14:35:31 | INFO     |   训练指标:
2025-07-10 14:35:31 | INFO     |     损失(hybrid_focal): 1.722626
2025-07-10 14:35:31 | INFO     |     准确率: 0.373072
2025-07-10 14:35:31 | INFO     |     学习率: 0.00010000
2025-07-10 14:35:31 | INFO     |   验证指标(标准CE):
2025-07-10 14:35:31 | INFO     |     损失: 1.662255
2025-07-10 14:35:31 | INFO     |     准确率: 0.532842
2025-07-10 14:35:31 | INFO     |     F1(macro): 0.519753
2025-07-10 14:35:31 | INFO     |     F1(weighted): 0.508300
2025-07-10 14:35:31 | INFO     |     精确率: 0.562882
2025-07-10 14:35:31 | INFO     |     召回率: 0.545653
2025-07-10 14:35:31 | INFO     |   学习率调度器: f1_based
2025-07-10 14:35:31 | INFO     | ------------------------------------------------------------
2025-07-10 14:35:31 | INFO     | Epoch   7 | Train: Loss=1.7226, Acc=0.3731 | Val: Loss=1.6623, Acc=0.5328, F1=0.5083 | LR=0.000100 🏆 [最佳模型]
2025-07-10 14:39:59 | INFO     | Epoch 8:
2025-07-10 14:39:59 | INFO     |   训练指标:
2025-07-10 14:39:59 | INFO     |     损失(hybrid_focal): 1.498043
2025-07-10 14:39:59 | INFO     |     准确率: 0.439638
2025-07-10 14:39:59 | INFO     |     学习率: 0.00010000
2025-07-10 14:39:59 | INFO     |   验证指标(标准CE):
2025-07-10 14:39:59 | INFO     |     损失: 1.758833
2025-07-10 14:39:59 | INFO     |     准确率: 0.486595
2025-07-10 14:39:59 | INFO     |     F1(macro): 0.479267
2025-07-10 14:39:59 | INFO     |     F1(weighted): 0.476463
2025-07-10 14:39:59 | INFO     |     精确率: 0.579416
2025-07-10 14:39:59 | INFO     |     召回率: 0.488869
2025-07-10 14:39:59 | INFO     |   学习率调度器: f1_based
2025-07-10 14:39:59 | INFO     | ------------------------------------------------------------
2025-07-10 14:39:59 | INFO     | Epoch   8 | Train: Loss=1.4980, Acc=0.4396 | Val: Loss=1.7588, Acc=0.4866, F1=0.4765 | LR=0.000100 
2025-07-10 14:44:25 | INFO     | Epoch 9:
2025-07-10 14:44:25 | INFO     |   训练指标:
2025-07-10 14:44:25 | INFO     |     损失(hybrid_focal): 1.297665
2025-07-10 14:44:25 | INFO     |     准确率: 0.502683
2025-07-10 14:44:25 | INFO     |     学习率: 0.00010000
2025-07-10 14:44:25 | INFO     |   验证指标(标准CE):
2025-07-10 14:44:25 | INFO     |     损失: 1.421967
2025-07-10 14:44:25 | INFO     |     准确率: 0.606568
2025-07-10 14:44:25 | INFO     |     F1(macro): 0.614605
2025-07-10 14:44:25 | INFO     |     F1(weighted): 0.612790
2025-07-10 14:44:25 | INFO     |     精确率: 0.668860
2025-07-10 14:44:25 | INFO     |     召回率: 0.606969
2025-07-10 14:44:25 | INFO     |   学习率调度器: f1_based
2025-07-10 14:44:25 | INFO     | ------------------------------------------------------------
2025-07-10 14:44:25 | INFO     | Epoch   9 | Train: Loss=1.2977, Acc=0.5027 | Val: Loss=1.4220, Acc=0.6066, F1=0.6128 | LR=0.000100 🏆 [最佳模型]
2025-07-10 14:48:52 | INFO     | Epoch 10:
2025-07-10 14:48:52 | INFO     |   训练指标:
2025-07-10 14:48:52 | INFO     |     损失(hybrid_focal): 1.139124
2025-07-10 14:48:52 | INFO     |     准确率: 0.558182
2025-07-10 14:48:52 | INFO     |     学习率: 0.00010000
2025-07-10 14:48:52 | INFO     |   验证指标(标准CE):
2025-07-10 14:48:52 | INFO     |     损失: 1.134981
2025-07-10 14:48:52 | INFO     |     准确率: 0.662198
2025-07-10 14:48:52 | INFO     |     F1(macro): 0.667565
2025-07-10 14:48:52 | INFO     |     F1(weighted): 0.664209
2025-07-10 14:48:52 | INFO     |     精确率: 0.725813
2025-07-10 14:48:52 | INFO     |     召回率: 0.663809
2025-07-10 14:48:52 | INFO     |   学习率调度器: f1_based
2025-07-10 14:48:52 | INFO     | ------------------------------------------------------------
2025-07-10 14:48:52 | INFO     | Epoch  10 | Train: Loss=1.1391, Acc=0.5582 | Val: Loss=1.1350, Acc=0.6622, F1=0.6642 | LR=0.000100 🏆 [最佳模型]
2025-07-10 14:53:19 | INFO     | Epoch 11:
2025-07-10 14:53:19 | INFO     |   训练指标:
2025-07-10 14:53:19 | INFO     |     损失(hybrid_focal): 0.958446
2025-07-10 14:53:19 | INFO     |     准确率: 0.640510
2025-07-10 14:53:19 | INFO     |     学习率: 0.00010000
2025-07-10 14:53:19 | INFO     |   验证指标(标准CE):
2025-07-10 14:53:19 | INFO     |     损失: 1.091340
2025-07-10 14:53:19 | INFO     |     准确率: 0.721850
2025-07-10 14:53:19 | INFO     |     F1(macro): 0.739198
2025-07-10 14:53:19 | INFO     |     F1(weighted): 0.736694
2025-07-10 14:53:19 | INFO     |     精确率: 0.798225
2025-07-10 14:53:19 | INFO     |     召回率: 0.725840
2025-07-10 14:53:19 | INFO     |   学习率调度器: f1_based
2025-07-10 14:53:19 | INFO     | ------------------------------------------------------------
2025-07-10 14:53:19 | INFO     | Epoch  11 | Train: Loss=0.9584, Acc=0.6405 | Val: Loss=1.0913, Acc=0.7218, F1=0.7367 | LR=0.000100 🏆 [最佳模型]
2025-07-10 14:57:46 | INFO     | Epoch 12:
2025-07-10 14:57:46 | INFO     |   训练指标:
2025-07-10 14:57:46 | INFO     |     损失(hybrid_focal): 0.792854
2025-07-10 14:57:46 | INFO     |     准确率: 0.692321
2025-07-10 14:57:46 | INFO     |     学习率: 0.00010000
2025-07-10 14:57:46 | INFO     |   验证指标(标准CE):
2025-07-10 14:57:46 | INFO     |     损失: 0.866622
2025-07-10 14:57:46 | INFO     |     准确率: 0.801609
2025-07-10 14:57:46 | INFO     |     F1(macro): 0.784663
2025-07-10 14:57:46 | INFO     |     F1(weighted): 0.788059
2025-07-10 14:57:46 | INFO     |     精确率: 0.854178
2025-07-10 14:57:46 | INFO     |     召回率: 0.794967
2025-07-10 14:57:46 | INFO     |   学习率调度器: f1_based
2025-07-10 14:57:46 | INFO     | ------------------------------------------------------------
2025-07-10 14:57:46 | INFO     | Epoch  12 | Train: Loss=0.7929, Acc=0.6923 | Val: Loss=0.8666, Acc=0.8016, F1=0.7881 | LR=0.000100 🏆 [最佳模型]
2025-07-10 15:02:13 | INFO     | Epoch 13:
2025-07-10 15:02:13 | INFO     |   训练指标:
2025-07-10 15:02:13 | INFO     |     损失(hybrid_focal): 0.692643
2025-07-10 15:02:13 | INFO     |     准确率: 0.735245
2025-07-10 15:02:13 | INFO     |     学习率: 0.00010000
2025-07-10 15:02:13 | INFO     |   验证指标(标准CE):
2025-07-10 15:02:13 | INFO     |     损失: 0.666421
2025-07-10 15:02:13 | INFO     |     准确率: 0.818365
2025-07-10 15:02:13 | INFO     |     F1(macro): 0.823378
2025-07-10 15:02:13 | INFO     |     F1(weighted): 0.824899
2025-07-10 15:02:13 | INFO     |     精确率: 0.886791
2025-07-10 15:02:13 | INFO     |     召回率: 0.813252
2025-07-10 15:02:13 | INFO     |   学习率调度器: f1_based
2025-07-10 15:02:13 | INFO     | ------------------------------------------------------------
2025-07-10 15:02:13 | INFO     | Epoch  13 | Train: Loss=0.6926, Acc=0.7352 | Val: Loss=0.6664, Acc=0.8184, F1=0.8249 | LR=0.000100 🏆 [最佳模型]
2025-07-10 15:06:40 | INFO     | Epoch 14:
2025-07-10 15:06:40 | INFO     |   训练指标:
2025-07-10 15:06:40 | INFO     |     损失(hybrid_focal): 0.584929
2025-07-10 15:06:40 | INFO     |     准确率: 0.775654
2025-07-10 15:06:40 | INFO     |     学习率: 0.00010000
2025-07-10 15:06:40 | INFO     |   验证指标(标准CE):
2025-07-10 15:06:40 | INFO     |     损失: 0.593881
2025-07-10 15:06:40 | INFO     |     准确率: 0.845845
2025-07-10 15:06:40 | INFO     |     F1(macro): 0.855892
2025-07-10 15:06:40 | INFO     |     F1(weighted): 0.852727
2025-07-10 15:06:40 | INFO     |     精确率: 0.877377
2025-07-10 15:06:40 | INFO     |     召回率: 0.850381
2025-07-10 15:06:40 | INFO     |   学习率调度器: f1_based
2025-07-10 15:06:40 | INFO     | ------------------------------------------------------------
2025-07-10 15:06:40 | INFO     | Epoch  14 | Train: Loss=0.5849, Acc=0.7757 | Val: Loss=0.5939, Acc=0.8458, F1=0.8527 | LR=0.000100 🏆 [最佳模型]
2025-07-10 15:11:07 | INFO     | Epoch 15:
2025-07-10 15:11:07 | INFO     |   训练指标:
2025-07-10 15:11:07 | INFO     |     损失(hybrid_focal): 0.516940
2025-07-10 15:11:07 | INFO     |     准确率: 0.804997
2025-07-10 15:11:07 | INFO     |     学习率: 0.00010000
2025-07-10 15:11:07 | INFO     |   验证指标(标准CE):
2025-07-10 15:11:07 | INFO     |     损失: 0.583750
2025-07-10 15:11:07 | INFO     |     准确率: 0.849196
2025-07-10 15:11:07 | INFO     |     F1(macro): 0.840889
2025-07-10 15:11:07 | INFO     |     F1(weighted): 0.842156
2025-07-10 15:11:07 | INFO     |     精确率: 0.866579
2025-07-10 15:11:07 | INFO     |     召回率: 0.852025
2025-07-10 15:11:07 | INFO     |   学习率调度器: f1_based
2025-07-10 15:11:07 | INFO     | ------------------------------------------------------------
2025-07-10 15:11:07 | INFO     | Epoch  15 | Train: Loss=0.5169, Acc=0.8050 | Val: Loss=0.5837, Acc=0.8492, F1=0.8422 | LR=0.000100 
2025-07-10 15:15:33 | INFO     | Epoch 16:
2025-07-10 15:15:33 | INFO     |   训练指标:
2025-07-10 15:15:33 | INFO     |     损失(hybrid_focal): 0.493525
2025-07-10 15:15:33 | INFO     |     准确率: 0.811368
2025-07-10 15:15:33 | INFO     |     学习率: 0.00010000
2025-07-10 15:15:33 | INFO     |   验证指标(标准CE):
2025-07-10 15:15:33 | INFO     |     损失: 0.526032
2025-07-10 15:15:33 | INFO     |     准确率: 0.882708
2025-07-10 15:15:33 | INFO     |     F1(macro): 0.872390
2025-07-10 15:15:33 | INFO     |     F1(weighted): 0.873675
2025-07-10 15:15:33 | INFO     |     精确率: 0.895278
2025-07-10 15:15:33 | INFO     |     召回率: 0.878904
2025-07-10 15:15:33 | INFO     |   学习率调度器: f1_based
2025-07-10 15:15:33 | INFO     | ------------------------------------------------------------
2025-07-10 15:15:33 | INFO     | Epoch  16 | Train: Loss=0.4935, Acc=0.8114 | Val: Loss=0.5260, Acc=0.8827, F1=0.8737 | LR=0.000100 🏆 [最佳模型]
2025-07-10 15:20:00 | INFO     | Epoch 17:
2025-07-10 15:20:00 | INFO     |   训练指标:
2025-07-10 15:20:00 | INFO     |     损失(hybrid_focal): 0.420313
2025-07-10 15:20:00 | INFO     |     准确率: 0.842052
2025-07-10 15:20:00 | INFO     |     学习率: 0.00010000
2025-07-10 15:20:00 | INFO     |   验证指标(标准CE):
2025-07-10 15:20:00 | INFO     |     损失: 0.604383
2025-07-10 15:20:00 | INFO     |     准确率: 0.849866
2025-07-10 15:20:00 | INFO     |     F1(macro): 0.847203
2025-07-10 15:20:00 | INFO     |     F1(weighted): 0.839373
2025-07-10 15:20:00 | INFO     |     精确率: 0.863887
2025-07-10 15:20:00 | INFO     |     召回率: 0.856321
2025-07-10 15:20:00 | INFO     |   学习率调度器: f1_based
2025-07-10 15:20:00 | INFO     | ------------------------------------------------------------
2025-07-10 15:20:00 | INFO     | Epoch  17 | Train: Loss=0.4203, Acc=0.8421 | Val: Loss=0.6044, Acc=0.8499, F1=0.8394 | LR=0.000100 
2025-07-10 15:24:26 | INFO     | Epoch 18:
2025-07-10 15:24:26 | INFO     |   训练指标:
2025-07-10 15:24:26 | INFO     |     损失(hybrid_focal): 0.422964
2025-07-10 15:24:26 | INFO     |     准确率: 0.844735
2025-07-10 15:24:26 | INFO     |     学习率: 0.00010000
2025-07-10 15:24:26 | INFO     |   验证指标(标准CE):
2025-07-10 15:24:26 | INFO     |     损失: 0.453303
2025-07-10 15:24:26 | INFO     |     准确率: 0.886729
2025-07-10 15:24:26 | INFO     |     F1(macro): 0.894180
2025-07-10 15:24:26 | INFO     |     F1(weighted): 0.891830
2025-07-10 15:24:26 | INFO     |     精确率: 0.940171
2025-07-10 15:24:26 | INFO     |     召回率: 0.890906
2025-07-10 15:24:26 | INFO     |   学习率调度器: f1_based
2025-07-10 15:24:26 | INFO     | ------------------------------------------------------------
2025-07-10 15:24:26 | INFO     | Epoch  18 | Train: Loss=0.4230, Acc=0.8447 | Val: Loss=0.4533, Acc=0.8867, F1=0.8918 | LR=0.000100 🏆 [最佳模型]
2025-07-10 15:28:54 | INFO     | Epoch 19:
2025-07-10 15:28:54 | INFO     |   训练指标:
2025-07-10 15:28:54 | INFO     |     损失(hybrid_focal): 0.367071
2025-07-10 15:28:54 | INFO     |     准确率: 0.866868
2025-07-10 15:28:54 | INFO     |     学习率: 0.00010000
2025-07-10 15:28:54 | INFO     |   验证指标(标准CE):
2025-07-10 15:28:54 | INFO     |     损失: 0.468477
2025-07-10 15:28:54 | INFO     |     准确率: 0.906166
2025-07-10 15:28:54 | INFO     |     F1(macro): 0.907252
2025-07-10 15:28:54 | INFO     |     F1(weighted): 0.905934
2025-07-10 15:28:54 | INFO     |     精确率: 0.920696
2025-07-10 15:28:54 | INFO     |     召回率: 0.907233
2025-07-10 15:28:54 | INFO     |   学习率调度器: f1_based
2025-07-10 15:28:54 | INFO     | ------------------------------------------------------------
2025-07-10 15:28:54 | INFO     | Epoch  19 | Train: Loss=0.3671, Acc=0.8669 | Val: Loss=0.4685, Acc=0.9062, F1=0.9059 | LR=0.000100 🏆 [最佳模型]
2025-07-10 15:33:22 | INFO     | Epoch 20:
2025-07-10 15:33:22 | INFO     |   训练指标:
2025-07-10 15:33:22 | INFO     |     损失(hybrid_focal): 0.347002
2025-07-10 15:33:22 | INFO     |     准确率: 0.875587
2025-07-10 15:33:22 | INFO     |     学习率: 0.00010000
2025-07-10 15:33:22 | INFO     |   验证指标(标准CE):
2025-07-10 15:33:22 | INFO     |     损失: 0.545473
2025-07-10 15:33:22 | INFO     |     准确率: 0.881367
2025-07-10 15:33:22 | INFO     |     F1(macro): 0.882072
2025-07-10 15:33:22 | INFO     |     F1(weighted): 0.880692
2025-07-10 15:33:22 | INFO     |     精确率: 0.919482
2025-07-10 15:33:22 | INFO     |     召回率: 0.880145
2025-07-10 15:33:22 | INFO     |   学习率调度器: f1_based
2025-07-10 15:33:22 | INFO     | ------------------------------------------------------------
2025-07-10 15:33:22 | INFO     | Epoch  20 | Train: Loss=0.3470, Acc=0.8756 | Val: Loss=0.5455, Acc=0.8814, F1=0.8807 | LR=0.000100 
2025-07-10 15:37:48 | INFO     | Epoch 21:
2025-07-10 15:37:48 | INFO     |   训练指标:
2025-07-10 15:37:48 | INFO     |     损失(hybrid_focal): 0.328754
2025-07-10 15:37:48 | INFO     |     准确率: 0.884306
2025-07-10 15:37:48 | INFO     |     学习率: 0.00010000
2025-07-10 15:37:48 | INFO     |   验证指标(标准CE):
2025-07-10 15:37:48 | INFO     |     损失: 0.436642
2025-07-10 15:37:48 | INFO     |     准确率: 0.902815
2025-07-10 15:37:48 | INFO     |     F1(macro): 0.900326
2025-07-10 15:37:48 | INFO     |     F1(weighted): 0.898860
2025-07-10 15:37:48 | INFO     |     精确率: 0.926197
2025-07-10 15:37:48 | INFO     |     召回率: 0.903895
2025-07-10 15:37:48 | INFO     |   学习率调度器: f1_based
2025-07-10 15:37:48 | INFO     | ------------------------------------------------------------
2025-07-10 15:37:48 | INFO     | Epoch  21 | Train: Loss=0.3288, Acc=0.8843 | Val: Loss=0.4366, Acc=0.9028, F1=0.8989 | LR=0.000100 
2025-07-10 15:42:14 | INFO     | Epoch 22:
2025-07-10 15:42:14 | INFO     |   训练指标:
2025-07-10 15:42:14 | INFO     |     损失(hybrid_focal): 0.314628
2025-07-10 15:42:14 | INFO     |     准确率: 0.891851
2025-07-10 15:42:14 | INFO     |     学习率: 0.00010000
2025-07-10 15:42:14 | INFO     |   验证指标(标准CE):
2025-07-10 15:42:14 | INFO     |     损失: 0.385228
2025-07-10 15:42:14 | INFO     |     准确率: 0.902145
2025-07-10 15:42:14 | INFO     |     F1(macro): 0.898287
2025-07-10 15:42:14 | INFO     |     F1(weighted): 0.896939
2025-07-10 15:42:14 | INFO     |     精确率: 0.922642
2025-07-10 15:42:14 | INFO     |     召回率: 0.898860
2025-07-10 15:42:14 | INFO     |   学习率调度器: f1_based
2025-07-10 15:42:14 | INFO     | ------------------------------------------------------------
2025-07-10 15:42:14 | INFO     | Epoch  22 | Train: Loss=0.3146, Acc=0.8919 | Val: Loss=0.3852, Acc=0.9021, F1=0.8969 | LR=0.000100 
2025-07-10 15:46:40 | INFO     | Epoch 23:
2025-07-10 15:46:40 | INFO     |   训练指标:
2025-07-10 15:46:40 | INFO     |     损失(hybrid_focal): 0.291515
2025-07-10 15:46:40 | INFO     |     准确率: 0.897887
2025-07-10 15:46:40 | INFO     |     学习率: 0.00010000
2025-07-10 15:46:40 | INFO     |   验证指标(标准CE):
2025-07-10 15:46:40 | INFO     |     损失: 0.383772
2025-07-10 15:46:40 | INFO     |     准确率: 0.923592
2025-07-10 15:46:40 | INFO     |     F1(macro): 0.928356
2025-07-10 15:46:40 | INFO     |     F1(weighted): 0.926882
2025-07-10 15:46:40 | INFO     |     精确率: 0.950515
2025-07-10 15:46:40 | INFO     |     召回率: 0.924679
2025-07-10 15:46:40 | INFO     |   学习率调度器: f1_based
2025-07-10 15:46:40 | INFO     | ------------------------------------------------------------
2025-07-10 15:46:40 | INFO     | Epoch  23 | Train: Loss=0.2915, Acc=0.8979 | Val: Loss=0.3838, Acc=0.9236, F1=0.9269 | LR=0.000100 🏆 [最佳模型]
2025-07-10 15:51:07 | INFO     | Epoch 24:
2025-07-10 15:51:07 | INFO     |   训练指标:
2025-07-10 15:51:07 | INFO     |     损失(hybrid_focal): 0.290234
2025-07-10 15:51:07 | INFO     |     准确率: 0.900905
2025-07-10 15:51:07 | INFO     |     学习率: 0.00010000
2025-07-10 15:51:07 | INFO     |   验证指标(标准CE):
2025-07-10 15:51:07 | INFO     |     损失: 0.812374
2025-07-10 15:51:07 | INFO     |     准确率: 0.907507
2025-07-10 15:51:07 | INFO     |     F1(macro): 0.902480
2025-07-10 15:51:07 | INFO     |     F1(weighted): 0.901518
2025-07-10 15:51:07 | INFO     |     精确率: 0.923866
2025-07-10 15:51:07 | INFO     |     召回率: 0.909131
2025-07-10 15:51:07 | INFO     |   学习率调度器: f1_based
2025-07-10 15:51:07 | INFO     | ------------------------------------------------------------
2025-07-10 15:51:07 | INFO     | Epoch  24 | Train: Loss=0.2902, Acc=0.9009 | Val: Loss=0.8124, Acc=0.9075, F1=0.9015 | LR=0.000100 
2025-07-10 15:55:33 | INFO     | Epoch 25:
2025-07-10 15:55:33 | INFO     |   训练指标:
2025-07-10 15:55:33 | INFO     |     损失(hybrid_focal): 0.270865
2025-07-10 15:55:33 | INFO     |     准确率: 0.910463
2025-07-10 15:55:33 | INFO     |     学习率: 0.00010000
2025-07-10 15:55:33 | INFO     |   验证指标(标准CE):
2025-07-10 15:55:33 | INFO     |     损失: 0.384703
2025-07-10 15:55:33 | INFO     |     准确率: 0.908177
2025-07-10 15:55:33 | INFO     |     F1(macro): 0.913636
2025-07-10 15:55:33 | INFO     |     F1(weighted): 0.909795
2025-07-10 15:55:33 | INFO     |     精确率: 0.930086
2025-07-10 15:55:33 | INFO     |     召回率: 0.913450
2025-07-10 15:55:33 | INFO     |   学习率调度器: f1_based
2025-07-10 15:55:33 | INFO     | ------------------------------------------------------------
2025-07-10 15:55:33 | INFO     | Epoch  25 | Train: Loss=0.2709, Acc=0.9105 | Val: Loss=0.3847, Acc=0.9082, F1=0.9098 | LR=0.000100 
2025-07-10 15:59:59 | INFO     | Epoch 26:
2025-07-10 15:59:59 | INFO     |   训练指标:
2025-07-10 15:59:59 | INFO     |     损失(hybrid_focal): 0.272950
2025-07-10 15:59:59 | INFO     |     准确率: 0.911469
2025-07-10 15:59:59 | INFO     |     学习率: 0.00010000
2025-07-10 15:59:59 | INFO     |   验证指标(标准CE):
2025-07-10 15:59:59 | INFO     |     损失: 0.472195
2025-07-10 15:59:59 | INFO     |     准确率: 0.891421
2025-07-10 15:59:59 | INFO     |     F1(macro): 0.893076
2025-07-10 15:59:59 | INFO     |     F1(weighted): 0.885820
2025-07-10 15:59:59 | INFO     |     精确率: 0.910879
2025-07-10 15:59:59 | INFO     |     召回率: 0.896570
2025-07-10 15:59:59 | INFO     |   学习率调度器: f1_based
2025-07-10 15:59:59 | INFO     | ------------------------------------------------------------
2025-07-10 15:59:59 | INFO     | Epoch  26 | Train: Loss=0.2729, Acc=0.9115 | Val: Loss=0.4722, Acc=0.8914, F1=0.8858 | LR=0.000100 
2025-07-10 16:04:25 | INFO     | Epoch 27:
2025-07-10 16:04:25 | INFO     |   训练指标:
2025-07-10 16:04:25 | INFO     |     损失(hybrid_focal): 0.261733
2025-07-10 16:04:25 | INFO     |     准确率: 0.919182
2025-07-10 16:04:25 | INFO     |     学习率: 0.00010000
2025-07-10 16:04:25 | INFO     |   验证指标(标准CE):
2025-07-10 16:04:25 | INFO     |     损失: 0.438208
2025-07-10 16:04:25 | INFO     |     准确率: 0.894772
2025-07-10 16:04:25 | INFO     |     F1(macro): 0.895628
2025-07-10 16:04:25 | INFO     |     F1(weighted): 0.893355
2025-07-10 16:04:25 | INFO     |     精确率: 0.927384
2025-07-10 16:04:25 | INFO     |     召回率: 0.897217
2025-07-10 16:04:25 | INFO     |   学习率调度器: f1_based
2025-07-10 16:04:25 | INFO     | ------------------------------------------------------------
2025-07-10 16:04:25 | INFO     | Epoch  27 | Train: Loss=0.2617, Acc=0.9192 | Val: Loss=0.4382, Acc=0.8948, F1=0.8934 | LR=0.000100 
2025-07-10 16:08:50 | INFO     | Epoch 28:
2025-07-10 16:08:50 | INFO     |   训练指标:
2025-07-10 16:08:50 | INFO     |     损失(hybrid_focal): 0.247217
2025-07-10 16:08:50 | INFO     |     准确率: 0.924547
2025-07-10 16:08:50 | INFO     |     学习率: 0.00010000
2025-07-10 16:08:50 | INFO     |   验证指标(标准CE):
2025-07-10 16:08:50 | INFO     |     损失: 0.326980
2025-07-10 16:08:50 | INFO     |     准确率: 0.943700
2025-07-10 16:08:50 | INFO     |     F1(macro): 0.946567
2025-07-10 16:08:50 | INFO     |     F1(weighted): 0.944978
2025-07-10 16:08:50 | INFO     |     精确率: 0.954438
2025-07-10 16:08:50 | INFO     |     召回率: 0.945579
2025-07-10 16:08:50 | INFO     |   学习率调度器: f1_based
2025-07-10 16:08:50 | INFO     | ------------------------------------------------------------
2025-07-10 16:08:50 | INFO     | Epoch  28 | Train: Loss=0.2472, Acc=0.9245 | Val: Loss=0.3270, Acc=0.9437, F1=0.9450 | LR=0.000100 🏆 [最佳模型]
2025-07-10 16:13:17 | INFO     | Epoch 29:
2025-07-10 16:13:17 | INFO     |   训练指标:
2025-07-10 16:13:17 | INFO     |     损失(hybrid_focal): 0.254354
2025-07-10 16:13:17 | INFO     |     准确率: 0.917840
2025-07-10 16:13:17 | INFO     |     学习率: 0.00010000
2025-07-10 16:13:17 | INFO     |   验证指标(标准CE):
2025-07-10 16:13:17 | INFO     |     损失: 0.511757
2025-07-10 16:13:17 | INFO     |     准确率: 0.906836
2025-07-10 16:13:17 | INFO     |     F1(macro): 0.910548
2025-07-10 16:13:17 | INFO     |     F1(weighted): 0.911034
2025-07-10 16:13:17 | INFO     |     精确率: 0.935313
2025-07-10 16:13:17 | INFO     |     召回率: 0.904814
2025-07-10 16:13:17 | INFO     |   学习率调度器: f1_based
2025-07-10 16:13:17 | INFO     | ------------------------------------------------------------
2025-07-10 16:13:17 | INFO     | Epoch  29 | Train: Loss=0.2544, Acc=0.9178 | Val: Loss=0.5118, Acc=0.9068, F1=0.9110 | LR=0.000100 
2025-07-10 16:17:43 | INFO     | Epoch 30:
2025-07-10 16:17:43 | INFO     |   训练指标:
2025-07-10 16:17:43 | INFO     |     损失(hybrid_focal): 0.265974
2025-07-10 16:17:43 | INFO     |     准确率: 0.916499
2025-07-10 16:17:43 | INFO     |     学习率: 0.00010000
2025-07-10 16:17:43 | INFO     |   验证指标(标准CE):
2025-07-10 16:17:43 | INFO     |     损失: 0.339054
2025-07-10 16:17:43 | INFO     |     准确率: 0.949732
2025-07-10 16:17:43 | INFO     |     F1(macro): 0.952361
2025-07-10 16:17:43 | INFO     |     F1(weighted): 0.950684
2025-07-10 16:17:43 | INFO     |     精确率: 0.959023
2025-07-10 16:17:43 | INFO     |     召回率: 0.951501
2025-07-10 16:17:43 | INFO     |   学习率调度器: f1_based
2025-07-10 16:17:43 | INFO     | ------------------------------------------------------------
2025-07-10 16:17:43 | INFO     | Epoch  30 | Train: Loss=0.2660, Acc=0.9165 | Val: Loss=0.3391, Acc=0.9497, F1=0.9507 | LR=0.000100 🏆 [最佳模型]
2025-07-10 16:22:11 | INFO     | Epoch 31:
2025-07-10 16:22:11 | INFO     |   训练指标:
2025-07-10 16:22:11 | INFO     |     损失(hybrid_focal): 0.236901
2025-07-10 16:22:11 | INFO     |     准确率: 0.928404
2025-07-10 16:22:11 | INFO     |     学习率: 0.00010000
2025-07-10 16:22:11 | INFO     |   验证指标(标准CE):
2025-07-10 16:22:11 | INFO     |     损失: 0.338630
2025-07-10 16:22:11 | INFO     |     准确率: 0.913539
2025-07-10 16:22:11 | INFO     |     F1(macro): 0.908479
2025-07-10 16:22:11 | INFO     |     F1(weighted): 0.909401
2025-07-10 16:22:11 | INFO     |     精确率: 0.932320
2025-07-10 16:22:11 | INFO     |     召回率: 0.913522
2025-07-10 16:22:11 | INFO     |   学习率调度器: f1_based
2025-07-10 16:22:11 | INFO     | ------------------------------------------------------------
2025-07-10 16:22:11 | INFO     | Epoch  31 | Train: Loss=0.2369, Acc=0.9284 | Val: Loss=0.3386, Acc=0.9135, F1=0.9094 | LR=0.000100 
2025-07-10 16:26:37 | INFO     | Epoch 32:
2025-07-10 16:26:37 | INFO     |   训练指标:
2025-07-10 16:26:37 | INFO     |     损失(hybrid_focal): 0.245397
2025-07-10 16:26:37 | INFO     |     准确率: 0.926392
2025-07-10 16:26:37 | INFO     |     学习率: 0.00010000
2025-07-10 16:26:37 | INFO     |   验证指标(标准CE):
2025-07-10 16:26:37 | INFO     |     损失: 0.451041
2025-07-10 16:26:37 | INFO     |     准确率: 0.898794
2025-07-10 16:26:37 | INFO     |     F1(macro): 0.899344
2025-07-10 16:26:37 | INFO     |     F1(weighted): 0.897711
2025-07-10 16:26:37 | INFO     |     精确率: 0.931115
2025-07-10 16:26:37 | INFO     |     召回率: 0.900872
2025-07-10 16:26:37 | INFO     |   学习率调度器: f1_based
2025-07-10 16:26:37 | INFO     | ------------------------------------------------------------
2025-07-10 16:26:37 | INFO     | Epoch  32 | Train: Loss=0.2454, Acc=0.9264 | Val: Loss=0.4510, Acc=0.8988, F1=0.8977 | LR=0.000100 
2025-07-10 16:31:02 | INFO     | Epoch 33:
2025-07-10 16:31:02 | INFO     |   训练指标:
2025-07-10 16:31:02 | INFO     |     损失(hybrid_focal): 0.239324
2025-07-10 16:31:02 | INFO     |     准确率: 0.928907
2025-07-10 16:31:02 | INFO     |     学习率: 0.00010000
2025-07-10 16:31:02 | INFO     |   验证指标(标准CE):
2025-07-10 16:31:02 | INFO     |     损失: 0.346101
2025-07-10 16:31:02 | INFO     |     准确率: 0.935657
2025-07-10 16:31:02 | INFO     |     F1(macro): 0.938773
2025-07-10 16:31:02 | INFO     |     F1(weighted): 0.935132
2025-07-10 16:31:02 | INFO     |     精确率: 0.949190
2025-07-10 16:31:02 | INFO     |     召回率: 0.937563
2025-07-10 16:31:02 | INFO     |   学习率调度器: f1_based
2025-07-10 16:31:02 | INFO     | ------------------------------------------------------------
2025-07-10 16:31:02 | INFO     | Epoch  33 | Train: Loss=0.2393, Acc=0.9289 | Val: Loss=0.3461, Acc=0.9357, F1=0.9351 | LR=0.000100 
2025-07-10 16:35:28 | INFO     | Epoch 34:
2025-07-10 16:35:28 | INFO     |   训练指标:
2025-07-10 16:35:28 | INFO     |     损失(hybrid_focal): 0.225685
2025-07-10 16:35:28 | INFO     |     准确率: 0.931757
2025-07-10 16:35:28 | INFO     |     学习率: 0.00010000
2025-07-10 16:35:28 | INFO     |   验证指标(标准CE):
2025-07-10 16:35:28 | INFO     |     损失: 0.394495
2025-07-10 16:35:28 | INFO     |     准确率: 0.902815
2025-07-10 16:35:28 | INFO     |     F1(macro): 0.890209
2025-07-10 16:35:28 | INFO     |     F1(weighted): 0.890691
2025-07-10 16:35:28 | INFO     |     精确率: 0.922829
2025-07-10 16:35:28 | INFO     |     召回率: 0.901125
2025-07-10 16:35:28 | INFO     |   学习率调度器: f1_based
2025-07-10 16:35:28 | INFO     | ------------------------------------------------------------
2025-07-10 16:35:28 | INFO     | Epoch  34 | Train: Loss=0.2257, Acc=0.9318 | Val: Loss=0.3945, Acc=0.9028, F1=0.8907 | LR=0.000100 
2025-07-10 16:39:54 | INFO     | Epoch 35:
2025-07-10 16:39:54 | INFO     |   训练指标:
2025-07-10 16:39:54 | INFO     |     损失(hybrid_focal): 0.218356
2025-07-10 16:39:54 | INFO     |     准确率: 0.933937
2025-07-10 16:39:54 | INFO     |     学习率: 0.00010000
2025-07-10 16:39:54 | INFO     |   验证指标(标准CE):
2025-07-10 16:39:54 | INFO     |     损失: 0.286288
2025-07-10 16:39:54 | INFO     |     准确率: 0.947721
2025-07-10 16:39:54 | INFO     |     F1(macro): 0.949155
2025-07-10 16:39:54 | INFO     |     F1(weighted): 0.947243
2025-07-10 16:39:54 | INFO     |     精确率: 0.959995
2025-07-10 16:39:54 | INFO     |     召回率: 0.950485
2025-07-10 16:39:54 | INFO     |   学习率调度器: f1_based
2025-07-10 16:39:54 | INFO     | ------------------------------------------------------------
2025-07-10 16:39:54 | INFO     | 🎯 学习率调整事件:
2025-07-10 16:39:54 | INFO     |   调度器类型: f1_based
2025-07-10 16:39:54 | INFO     |   学习率变化: 0.00010000 → 0.00005000
2025-07-10 16:39:54 | INFO     |   触发条件: F1分数 = 0.947243
2025-07-10 16:39:54 | INFO     |   变化幅度: -50.00%
2025-07-10 16:39:54 | INFO     | ------------------------------------------------------------
2025-07-10 16:39:54 | INFO     | Epoch  35 | Train: Loss=0.2184, Acc=0.9339 | Val: Loss=0.2863, Acc=0.9477, F1=0.9472 | LR=0.000050 
2025-07-10 16:44:19 | INFO     | Epoch 36:
2025-07-10 16:44:19 | INFO     |   训练指标:
2025-07-10 16:44:19 | INFO     |     损失(hybrid_focal): 0.177543
2025-07-10 16:44:19 | INFO     |     准确率: 0.953722
2025-07-10 16:44:19 | INFO     |     学习率: 0.00005000
2025-07-10 16:44:19 | INFO     |   验证指标(标准CE):
2025-07-10 16:44:19 | INFO     |     损失: 0.238311
2025-07-10 16:44:19 | INFO     |     准确率: 0.951743
2025-07-10 16:44:19 | INFO     |     F1(macro): 0.954765
2025-07-10 16:44:19 | INFO     |     F1(weighted): 0.952616
2025-07-10 16:44:19 | INFO     |     精确率: 0.962500
2025-07-10 16:44:19 | INFO     |     召回率: 0.954633
2025-07-10 16:44:19 | INFO     |   学习率调度器: f1_based
2025-07-10 16:44:19 | INFO     | ------------------------------------------------------------
2025-07-10 16:44:19 | INFO     | Epoch  36 | Train: Loss=0.1775, Acc=0.9537 | Val: Loss=0.2383, Acc=0.9517, F1=0.9526 | LR=0.000050 🏆 [最佳模型]
2025-07-10 16:48:47 | INFO     | Epoch 37:
2025-07-10 16:48:47 | INFO     |   训练指标:
2025-07-10 16:48:47 | INFO     |     损失(hybrid_focal): 0.165996
2025-07-10 16:48:47 | INFO     |     准确率: 0.957579
2025-07-10 16:48:47 | INFO     |     学习率: 0.00005000
2025-07-10 16:48:47 | INFO     |   验证指标(标准CE):
2025-07-10 16:48:47 | INFO     |     损失: 0.300597
2025-07-10 16:48:47 | INFO     |     准确率: 0.955094
2025-07-10 16:48:47 | INFO     |     F1(macro): 0.957645
2025-07-10 16:48:47 | INFO     |     F1(weighted): 0.957196
2025-07-10 16:48:47 | INFO     |     精确率: 0.969111
2025-07-10 16:48:47 | INFO     |     召回率: 0.955202
2025-07-10 16:48:47 | INFO     |   学习率调度器: f1_based
2025-07-10 16:48:47 | INFO     | ------------------------------------------------------------
2025-07-10 16:48:47 | INFO     | Epoch  37 | Train: Loss=0.1660, Acc=0.9576 | Val: Loss=0.3006, Acc=0.9551, F1=0.9572 | LR=0.000050 🏆 [最佳模型]
2025-07-10 16:53:14 | INFO     | Epoch 38:
2025-07-10 16:53:14 | INFO     |   训练指标:
2025-07-10 16:53:14 | INFO     |     损失(hybrid_focal): 0.163901
2025-07-10 16:53:14 | INFO     |     准确率: 0.955567
2025-07-10 16:53:14 | INFO     |     学习率: 0.00005000
2025-07-10 16:53:14 | INFO     |   验证指标(标准CE):
2025-07-10 16:53:14 | INFO     |     损失: 0.254060
2025-07-10 16:53:14 | INFO     |     准确率: 0.961126
2025-07-10 16:53:14 | INFO     |     F1(macro): 0.962208
2025-07-10 16:53:14 | INFO     |     F1(weighted): 0.961334
2025-07-10 16:53:14 | INFO     |     精确率: 0.969495
2025-07-10 16:53:14 | INFO     |     召回率: 0.961176
2025-07-10 16:53:14 | INFO     |   学习率调度器: f1_based
2025-07-10 16:53:14 | INFO     | ------------------------------------------------------------
2025-07-10 16:53:14 | INFO     | Epoch  38 | Train: Loss=0.1639, Acc=0.9556 | Val: Loss=0.2541, Acc=0.9611, F1=0.9613 | LR=0.000050 🏆 [最佳模型]
2025-07-10 16:57:41 | INFO     | Epoch 39:
2025-07-10 16:57:41 | INFO     |   训练指标:
2025-07-10 16:57:41 | INFO     |     损失(hybrid_focal): 0.157067
2025-07-10 16:57:41 | INFO     |     准确率: 0.962274
2025-07-10 16:57:41 | INFO     |     学习率: 0.00005000
2025-07-10 16:57:41 | INFO     |   验证指标(标准CE):
2025-07-10 16:57:41 | INFO     |     损失: 0.220731
2025-07-10 16:57:41 | INFO     |     准确率: 0.973190
2025-07-10 16:57:41 | INFO     |     F1(macro): 0.974355
2025-07-10 16:57:41 | INFO     |     F1(weighted): 0.973225
2025-07-10 16:57:41 | INFO     |     精确率: 0.977557
2025-07-10 16:57:41 | INFO     |     召回率: 0.974102
2025-07-10 16:57:41 | INFO     |   学习率调度器: f1_based
2025-07-10 16:57:41 | INFO     | ------------------------------------------------------------
2025-07-10 16:57:41 | INFO     | Epoch  39 | Train: Loss=0.1571, Acc=0.9623 | Val: Loss=0.2207, Acc=0.9732, F1=0.9732 | LR=0.000050 🏆 [最佳模型]
2025-07-10 17:02:08 | INFO     | Epoch 40:
2025-07-10 17:02:08 | INFO     |   训练指标:
2025-07-10 17:02:08 | INFO     |     损失(hybrid_focal): 0.160519
2025-07-10 17:02:08 | INFO     |     准确率: 0.961268
2025-07-10 17:02:08 | INFO     |     学习率: 0.00005000
2025-07-10 17:02:08 | INFO     |   验证指标(标准CE):
2025-07-10 17:02:08 | INFO     |     损失: 0.279551
2025-07-10 17:02:08 | INFO     |     准确率: 0.964477
2025-07-10 17:02:08 | INFO     |     F1(macro): 0.967002
2025-07-10 17:02:08 | INFO     |     F1(weighted): 0.965148
2025-07-10 17:02:08 | INFO     |     精确率: 0.973757
2025-07-10 17:02:08 | INFO     |     召回率: 0.965142
2025-07-10 17:02:08 | INFO     |   学习率调度器: f1_based
2025-07-10 17:02:08 | INFO     | ------------------------------------------------------------
2025-07-10 17:02:08 | INFO     | Epoch  40 | Train: Loss=0.1605, Acc=0.9613 | Val: Loss=0.2796, Acc=0.9645, F1=0.9651 | LR=0.000050 
2025-07-10 17:06:34 | INFO     | Epoch 41:
2025-07-10 17:06:34 | INFO     |   训练指标:
2025-07-10 17:06:34 | INFO     |     损失(hybrid_focal): 0.157275
2025-07-10 17:06:34 | INFO     |     准确率: 0.959759
2025-07-10 17:06:34 | INFO     |     学习率: 0.00005000
2025-07-10 17:06:34 | INFO     |   验证指标(标准CE):
2025-07-10 17:06:34 | INFO     |     损失: 0.298246
2025-07-10 17:06:34 | INFO     |     准确率: 0.954424
2025-07-10 17:06:34 | INFO     |     F1(macro): 0.954400
2025-07-10 17:06:34 | INFO     |     F1(weighted): 0.953588
2025-07-10 17:06:34 | INFO     |     精确率: 0.962055
2025-07-10 17:06:34 | INFO     |     召回率: 0.954552
2025-07-10 17:06:34 | INFO     |   学习率调度器: f1_based
2025-07-10 17:06:34 | INFO     | ------------------------------------------------------------
2025-07-10 17:06:34 | INFO     | Epoch  41 | Train: Loss=0.1573, Acc=0.9598 | Val: Loss=0.2982, Acc=0.9544, F1=0.9536 | LR=0.000050 
2025-07-10 17:10:59 | INFO     | Epoch 42:
2025-07-10 17:10:59 | INFO     |   训练指标:
2025-07-10 17:10:59 | INFO     |     损失(hybrid_focal): 0.160005
2025-07-10 17:10:59 | INFO     |     准确率: 0.959423
2025-07-10 17:10:59 | INFO     |     学习率: 0.00005000
2025-07-10 17:10:59 | INFO     |   验证指标(标准CE):
2025-07-10 17:10:59 | INFO     |     损失: 0.301278
2025-07-10 17:10:59 | INFO     |     准确率: 0.950402
2025-07-10 17:10:59 | INFO     |     F1(macro): 0.952006
2025-07-10 17:10:59 | INFO     |     F1(weighted): 0.950397
2025-07-10 17:10:59 | INFO     |     精确率: 0.959916
2025-07-10 17:10:59 | INFO     |     召回率: 0.951649
2025-07-10 17:10:59 | INFO     |   学习率调度器: f1_based
2025-07-10 17:10:59 | INFO     | ------------------------------------------------------------
2025-07-10 17:10:59 | INFO     | Epoch  42 | Train: Loss=0.1600, Acc=0.9594 | Val: Loss=0.3013, Acc=0.9504, F1=0.9504 | LR=0.000050 
2025-07-10 17:15:26 | INFO     | Epoch 43:
2025-07-10 17:15:26 | INFO     |   训练指标:
2025-07-10 17:15:26 | INFO     |     损失(hybrid_focal): 0.153466
2025-07-10 17:15:26 | INFO     |     准确率: 0.963280
2025-07-10 17:15:26 | INFO     |     学习率: 0.00005000
2025-07-10 17:15:26 | INFO     |   验证指标(标准CE):
2025-07-10 17:15:26 | INFO     |     损失: 0.463196
2025-07-10 17:15:26 | INFO     |     准确率: 0.933646
2025-07-10 17:15:26 | INFO     |     F1(macro): 0.931938
2025-07-10 17:15:26 | INFO     |     F1(weighted): 0.931114
2025-07-10 17:15:26 | INFO     |     精确率: 0.945457
2025-07-10 17:15:26 | INFO     |     召回率: 0.935937
2025-07-10 17:15:26 | INFO     |   学习率调度器: f1_based
2025-07-10 17:15:26 | INFO     | ------------------------------------------------------------
2025-07-10 17:15:26 | INFO     | Epoch  43 | Train: Loss=0.1535, Acc=0.9633 | Val: Loss=0.4632, Acc=0.9336, F1=0.9311 | LR=0.000050 
2025-07-10 17:19:52 | INFO     | Epoch 44:
2025-07-10 17:19:52 | INFO     |   训练指标:
2025-07-10 17:19:52 | INFO     |     损失(hybrid_focal): 0.149934
2025-07-10 17:19:52 | INFO     |     准确率: 0.965795
2025-07-10 17:19:52 | INFO     |     学习率: 0.00005000
2025-07-10 17:19:52 | INFO     |   验证指标(标准CE):
2025-07-10 17:19:52 | INFO     |     损失: 0.319372
2025-07-10 17:19:52 | INFO     |     准确率: 0.947721
2025-07-10 17:19:52 | INFO     |     F1(macro): 0.946743
2025-07-10 17:19:52 | INFO     |     F1(weighted): 0.946068
2025-07-10 17:19:52 | INFO     |     精确率: 0.952174
2025-07-10 17:19:52 | INFO     |     召回率: 0.949339
2025-07-10 17:19:52 | INFO     |   学习率调度器: f1_based
2025-07-10 17:19:52 | INFO     | ------------------------------------------------------------
2025-07-10 17:19:52 | INFO     | 🎯 学习率调整事件:
2025-07-10 17:19:52 | INFO     |   调度器类型: f1_based
2025-07-10 17:19:52 | INFO     |   学习率变化: 0.00005000 → 0.00002500
2025-07-10 17:19:52 | INFO     |   触发条件: F1分数 = 0.946068
2025-07-10 17:19:52 | INFO     |   变化幅度: -50.00%
2025-07-10 17:19:52 | INFO     | ------------------------------------------------------------
2025-07-10 17:19:52 | INFO     | Epoch  44 | Train: Loss=0.1499, Acc=0.9658 | Val: Loss=0.3194, Acc=0.9477, F1=0.9461 | LR=0.000025 
2025-07-10 17:24:18 | INFO     | Epoch 45:
2025-07-10 17:24:18 | INFO     |   训练指标:
2025-07-10 17:24:18 | INFO     |     损失(hybrid_focal): 0.144948
2025-07-10 17:24:18 | INFO     |     准确率: 0.968478
2025-07-10 17:24:18 | INFO     |     学习率: 0.00002500
2025-07-10 17:24:18 | INFO     |   验证指标(标准CE):
2025-07-10 17:24:18 | INFO     |     损失: 0.347433
2025-07-10 17:24:18 | INFO     |     准确率: 0.959115
2025-07-10 17:24:18 | INFO     |     F1(macro): 0.958944
2025-07-10 17:24:18 | INFO     |     F1(weighted): 0.958626
2025-07-10 17:24:18 | INFO     |     精确率: 0.964948
2025-07-10 17:24:18 | INFO     |     召回率: 0.958802
2025-07-10 17:24:18 | INFO     |   学习率调度器: f1_based
2025-07-10 17:24:18 | INFO     | ------------------------------------------------------------
2025-07-10 17:24:18 | INFO     | Epoch  45 | Train: Loss=0.1449, Acc=0.9685 | Val: Loss=0.3474, Acc=0.9591, F1=0.9586 | LR=0.000025 
2025-07-10 17:28:44 | INFO     | Epoch 46:
2025-07-10 17:28:44 | INFO     |   训练指标:
2025-07-10 17:28:44 | INFO     |     损失(hybrid_focal): 0.131062
2025-07-10 17:28:44 | INFO     |     准确率: 0.972334
2025-07-10 17:28:44 | INFO     |     学习率: 0.00002500
2025-07-10 17:28:44 | INFO     |   验证指标(标准CE):
2025-07-10 17:28:44 | INFO     |     损失: 0.405804
2025-07-10 17:28:44 | INFO     |     准确率: 0.940349
2025-07-10 17:28:44 | INFO     |     F1(macro): 0.933246
2025-07-10 17:28:44 | INFO     |     F1(weighted): 0.933492
2025-07-10 17:28:44 | INFO     |     精确率: 0.956157
2025-07-10 17:28:44 | INFO     |     召回率: 0.940137
2025-07-10 17:28:44 | INFO     |   学习率调度器: f1_based
2025-07-10 17:28:44 | INFO     | ------------------------------------------------------------
2025-07-10 17:28:44 | INFO     | Epoch  46 | Train: Loss=0.1311, Acc=0.9723 | Val: Loss=0.4058, Acc=0.9403, F1=0.9335 | LR=0.000025 
2025-07-10 17:33:10 | INFO     | Epoch 47:
2025-07-10 17:33:10 | INFO     |   训练指标:
2025-07-10 17:33:10 | INFO     |     损失(hybrid_focal): 0.130104
2025-07-10 17:33:10 | INFO     |     准确率: 0.974011
2025-07-10 17:33:10 | INFO     |     学习率: 0.00002500
2025-07-10 17:33:10 | INFO     |   验证指标(标准CE):
2025-07-10 17:33:10 | INFO     |     损失: 0.294583
2025-07-10 17:33:10 | INFO     |     准确率: 0.976542
2025-07-10 17:33:10 | INFO     |     F1(macro): 0.977388
2025-07-10 17:33:10 | INFO     |     F1(weighted): 0.976395
2025-07-10 17:33:10 | INFO     |     精确率: 0.979270
2025-07-10 17:33:10 | INFO     |     召回率: 0.977247
2025-07-10 17:33:10 | INFO     |   学习率调度器: f1_based
2025-07-10 17:33:10 | INFO     | ------------------------------------------------------------
2025-07-10 17:33:10 | INFO     | Epoch  47 | Train: Loss=0.1301, Acc=0.9740 | Val: Loss=0.2946, Acc=0.9765, F1=0.9764 | LR=0.000025 🏆 [最佳模型]
2025-07-10 17:37:36 | INFO     | Epoch 48:
2025-07-10 17:37:36 | INFO     |   训练指标:
2025-07-10 17:37:36 | INFO     |     损失(hybrid_focal): 0.129654
2025-07-10 17:37:36 | INFO     |     准确率: 0.975687
2025-07-10 17:37:36 | INFO     |     学习率: 0.00002500
2025-07-10 17:37:36 | INFO     |   验证指标(标准CE):
2025-07-10 17:37:36 | INFO     |     损失: 0.323969
2025-07-10 17:37:36 | INFO     |     准确率: 0.947051
2025-07-10 17:37:36 | INFO     |     F1(macro): 0.947470
2025-07-10 17:37:36 | INFO     |     F1(weighted): 0.946133
2025-07-10 17:37:36 | INFO     |     精确率: 0.951683
2025-07-10 17:37:36 | INFO     |     召回率: 0.949876
2025-07-10 17:37:36 | INFO     |   学习率调度器: f1_based
2025-07-10 17:37:36 | INFO     | ------------------------------------------------------------
2025-07-10 17:37:36 | INFO     | Epoch  48 | Train: Loss=0.1297, Acc=0.9757 | Val: Loss=0.3240, Acc=0.9471, F1=0.9461 | LR=0.000025 
2025-07-10 17:42:02 | INFO     | Epoch 49:
2025-07-10 17:42:02 | INFO     |   训练指标:
2025-07-10 17:42:02 | INFO     |     损失(hybrid_focal): 0.130375
2025-07-10 17:42:02 | INFO     |     准确率: 0.974178
2025-07-10 17:42:02 | INFO     |     学习率: 0.00002500
2025-07-10 17:42:02 | INFO     |   验证指标(标准CE):
2025-07-10 17:42:02 | INFO     |     损失: 0.312758
2025-07-10 17:42:02 | INFO     |     准确率: 0.961126
2025-07-10 17:42:02 | INFO     |     F1(macro): 0.961894
2025-07-10 17:42:02 | INFO     |     F1(weighted): 0.960891
2025-07-10 17:42:02 | INFO     |     精确率: 0.966304
2025-07-10 17:42:02 | INFO     |     召回率: 0.962066
2025-07-10 17:42:02 | INFO     |   学习率调度器: f1_based
2025-07-10 17:42:02 | INFO     | ------------------------------------------------------------
2025-07-10 17:42:02 | INFO     | Epoch  49 | Train: Loss=0.1304, Acc=0.9742 | Val: Loss=0.3128, Acc=0.9611, F1=0.9609 | LR=0.000025 
2025-07-10 17:46:28 | INFO     | Epoch 50:
2025-07-10 17:46:28 | INFO     |   训练指标:
2025-07-10 17:46:28 | INFO     |     损失(hybrid_focal): 0.131124
2025-07-10 17:46:28 | INFO     |     准确率: 0.973172
2025-07-10 17:46:28 | INFO     |     学习率: 0.00002500
2025-07-10 17:46:28 | INFO     |   验证指标(标准CE):
2025-07-10 17:46:28 | INFO     |     损失: 0.334407
2025-07-10 17:46:28 | INFO     |     准确率: 0.965147
2025-07-10 17:46:28 | INFO     |     F1(macro): 0.964805
2025-07-10 17:46:28 | INFO     |     F1(weighted): 0.964275
2025-07-10 17:46:28 | INFO     |     精确率: 0.971356
2025-07-10 17:46:28 | INFO     |     召回率: 0.965213
2025-07-10 17:46:28 | INFO     |   学习率调度器: f1_based
2025-07-10 17:46:28 | INFO     | ------------------------------------------------------------
2025-07-10 17:46:28 | INFO     | Epoch  50 | Train: Loss=0.1311, Acc=0.9732 | Val: Loss=0.3344, Acc=0.9651, F1=0.9643 | LR=0.000025 
2025-07-10 17:50:54 | INFO     | Epoch 51:
2025-07-10 17:50:54 | INFO     |   训练指标:
2025-07-10 17:50:54 | INFO     |     损失(hybrid_focal): 0.130206
2025-07-10 17:50:54 | INFO     |     准确率: 0.974178
2025-07-10 17:50:54 | INFO     |     学习率: 0.00002500
2025-07-10 17:50:54 | INFO     |   验证指标(标准CE):
2025-07-10 17:50:54 | INFO     |     损失: 0.251147
2025-07-10 17:50:54 | INFO     |     准确率: 0.976542
2025-07-10 17:50:54 | INFO     |     F1(macro): 0.977170
2025-07-10 17:50:54 | INFO     |     F1(weighted): 0.976460
2025-07-10 17:50:54 | INFO     |     精确率: 0.978992
2025-07-10 17:50:54 | INFO     |     召回率: 0.977366
2025-07-10 17:50:54 | INFO     |   学习率调度器: f1_based
2025-07-10 17:50:54 | INFO     | ------------------------------------------------------------
2025-07-10 17:50:54 | INFO     | Epoch  51 | Train: Loss=0.1302, Acc=0.9742 | Val: Loss=0.2511, Acc=0.9765, F1=0.9765 | LR=0.000025 🏆 [最佳模型]
2025-07-10 17:55:21 | INFO     | Epoch 52:
2025-07-10 17:55:21 | INFO     |   训练指标:
2025-07-10 17:55:21 | INFO     |     损失(hybrid_focal): 0.127758
2025-07-10 17:55:21 | INFO     |     准确率: 0.976526
2025-07-10 17:55:21 | INFO     |     学习率: 0.00002500
2025-07-10 17:55:21 | INFO     |   验证指标(标准CE):
2025-07-10 17:55:21 | INFO     |     损失: 0.648554
2025-07-10 17:55:21 | INFO     |     准确率: 0.943700
2025-07-10 17:55:21 | INFO     |     F1(macro): 0.939054
2025-07-10 17:55:21 | INFO     |     F1(weighted): 0.939247
2025-07-10 17:55:21 | INFO     |     精确率: 0.947160
2025-07-10 17:55:21 | INFO     |     召回率: 0.942937
2025-07-10 17:55:21 | INFO     |   学习率调度器: f1_based
2025-07-10 17:55:21 | INFO     | ------------------------------------------------------------
2025-07-10 17:55:21 | INFO     | 🎯 学习率调整事件:
2025-07-10 17:55:21 | INFO     |   调度器类型: f1_based
2025-07-10 17:55:21 | INFO     |   学习率变化: 0.00002500 → 0.00001250
2025-07-10 17:55:21 | INFO     |   触发条件: F1分数 = 0.939247
2025-07-10 17:55:21 | INFO     |   变化幅度: -50.00%
2025-07-10 17:55:21 | INFO     | ------------------------------------------------------------
2025-07-10 17:55:21 | INFO     | Epoch  52 | Train: Loss=0.1278, Acc=0.9765 | Val: Loss=0.6486, Acc=0.9437, F1=0.9392 | LR=0.000013 
2025-07-10 17:59:47 | INFO     | Epoch 53:
2025-07-10 17:59:47 | INFO     |   训练指标:
2025-07-10 17:59:47 | INFO     |     损失(hybrid_focal): 0.120411
2025-07-10 17:59:47 | INFO     |     准确率: 0.978370
2025-07-10 17:59:47 | INFO     |     学习率: 0.00001250
2025-07-10 17:59:47 | INFO     |   验证指标(标准CE):
2025-07-10 17:59:47 | INFO     |     损失: 0.377007
2025-07-10 17:59:47 | INFO     |     准确率: 0.953083
2025-07-10 17:59:47 | INFO     |     F1(macro): 0.952396
2025-07-10 17:59:47 | INFO     |     F1(weighted): 0.952054
2025-07-10 17:59:47 | INFO     |     精确率: 0.957072
2025-07-10 17:59:47 | INFO     |     召回率: 0.954254
2025-07-10 17:59:47 | INFO     |   学习率调度器: f1_based
2025-07-10 17:59:47 | INFO     | ------------------------------------------------------------
2025-07-10 17:59:47 | INFO     | Epoch  53 | Train: Loss=0.1204, Acc=0.9784 | Val: Loss=0.3770, Acc=0.9531, F1=0.9521 | LR=0.000013 
2025-07-10 18:04:13 | INFO     | Epoch 54:
2025-07-10 18:04:13 | INFO     |   训练指标:
2025-07-10 18:04:13 | INFO     |     损失(hybrid_focal): 0.120579
2025-07-10 18:04:13 | INFO     |     准确率: 0.976526
2025-07-10 18:04:13 | INFO     |     学习率: 0.00001250
2025-07-10 18:04:13 | INFO     |   验证指标(标准CE):
2025-07-10 18:04:13 | INFO     |     损失: 0.386323
2025-07-10 18:04:13 | INFO     |     准确率: 0.949732
2025-07-10 18:04:13 | INFO     |     F1(macro): 0.948194
2025-07-10 18:04:13 | INFO     |     F1(weighted): 0.948103
2025-07-10 18:04:13 | INFO     |     精确率: 0.956496
2025-07-10 18:04:13 | INFO     |     召回率: 0.950499
2025-07-10 18:04:13 | INFO     |   学习率调度器: f1_based
2025-07-10 18:04:13 | INFO     | ------------------------------------------------------------
2025-07-10 18:04:13 | INFO     | Epoch  54 | Train: Loss=0.1206, Acc=0.9765 | Val: Loss=0.3863, Acc=0.9497, F1=0.9481 | LR=0.000013 
2025-07-10 18:08:39 | INFO     | Epoch 55:
2025-07-10 18:08:39 | INFO     |   训练指标:
2025-07-10 18:08:39 | INFO     |     损失(hybrid_focal): 0.115352
2025-07-10 18:08:39 | INFO     |     准确率: 0.979544
2025-07-10 18:08:39 | INFO     |     学习率: 0.00001250
2025-07-10 18:08:39 | INFO     |   验证指标(标准CE):
2025-07-10 18:08:39 | INFO     |     损失: 0.338055
2025-07-10 18:08:39 | INFO     |     准确率: 0.958445
2025-07-10 18:08:39 | INFO     |     F1(macro): 0.959045
2025-07-10 18:08:39 | INFO     |     F1(weighted): 0.958485
2025-07-10 18:08:39 | INFO     |     精确率: 0.960980
2025-07-10 18:08:39 | INFO     |     召回率: 0.959902
2025-07-10 18:08:39 | INFO     |   学习率调度器: f1_based
2025-07-10 18:08:39 | INFO     | ------------------------------------------------------------
2025-07-10 18:08:39 | INFO     | Epoch  55 | Train: Loss=0.1154, Acc=0.9795 | Val: Loss=0.3381, Acc=0.9584, F1=0.9585 | LR=0.000013 
2025-07-10 18:13:05 | INFO     | Epoch 56:
2025-07-10 18:13:05 | INFO     |   训练指标:
2025-07-10 18:13:05 | INFO     |     损失(hybrid_focal): 0.115781
2025-07-10 18:13:05 | INFO     |     准确率: 0.981053
2025-07-10 18:13:05 | INFO     |     学习率: 0.00001250
2025-07-10 18:13:05 | INFO     |   验证指标(标准CE):
2025-07-10 18:13:05 | INFO     |     损失: 0.695360
2025-07-10 18:13:05 | INFO     |     准确率: 0.900134
2025-07-10 18:13:05 | INFO     |     F1(macro): 0.880075
2025-07-10 18:13:05 | INFO     |     F1(weighted): 0.886943
2025-07-10 18:13:05 | INFO     |     精确率: 0.917762
2025-07-10 18:13:05 | INFO     |     召回率: 0.892369
2025-07-10 18:13:05 | INFO     |   学习率调度器: f1_based
2025-07-10 18:13:05 | INFO     | ------------------------------------------------------------
2025-07-10 18:13:05 | INFO     | Epoch  56 | Train: Loss=0.1158, Acc=0.9811 | Val: Loss=0.6954, Acc=0.9001, F1=0.8869 | LR=0.000013 
2025-07-10 18:17:31 | INFO     | Epoch 57:
2025-07-10 18:17:31 | INFO     |   训练指标:
2025-07-10 18:17:31 | INFO     |     损失(hybrid_focal): 0.118366
2025-07-10 18:17:31 | INFO     |     准确率: 0.978538
2025-07-10 18:17:31 | INFO     |     学习率: 0.00001250
2025-07-10 18:17:31 | INFO     |   验证指标(标准CE):
2025-07-10 18:17:31 | INFO     |     损失: 0.340640
2025-07-10 18:17:31 | INFO     |     准确率: 0.951072
2025-07-10 18:17:31 | INFO     |     F1(macro): 0.944572
2025-07-10 18:17:31 | INFO     |     F1(weighted): 0.947441
2025-07-10 18:17:31 | INFO     |     精确率: 0.958545
2025-07-10 18:17:31 | INFO     |     召回率: 0.947662
2025-07-10 18:17:31 | INFO     |   学习率调度器: f1_based
2025-07-10 18:17:31 | INFO     | ------------------------------------------------------------
2025-07-10 18:17:31 | INFO     | Epoch  57 | Train: Loss=0.1184, Acc=0.9785 | Val: Loss=0.3406, Acc=0.9511, F1=0.9474 | LR=0.000013 
2025-07-10 18:21:57 | INFO     | Epoch 58:
2025-07-10 18:21:57 | INFO     |   训练指标:
2025-07-10 18:21:57 | INFO     |     损失(hybrid_focal): 0.117705
2025-07-10 18:21:57 | INFO     |     准确率: 0.981556
2025-07-10 18:21:57 | INFO     |     学习率: 0.00001250
2025-07-10 18:21:57 | INFO     |   验证指标(标准CE):
2025-07-10 18:21:57 | INFO     |     损失: 0.292565
2025-07-10 18:21:57 | INFO     |     准确率: 0.959115
2025-07-10 18:21:57 | INFO     |     F1(macro): 0.956464
2025-07-10 18:21:57 | INFO     |     F1(weighted): 0.956593
2025-07-10 18:21:57 | INFO     |     精确率: 0.963185
2025-07-10 18:21:57 | INFO     |     召回率: 0.958598
2025-07-10 18:21:57 | INFO     |   学习率调度器: f1_based
2025-07-10 18:21:57 | INFO     | ------------------------------------------------------------
2025-07-10 18:21:57 | INFO     | Epoch  58 | Train: Loss=0.1177, Acc=0.9816 | Val: Loss=0.2926, Acc=0.9591, F1=0.9566 | LR=0.000013 
2025-07-10 18:26:23 | INFO     | Epoch 59:
2025-07-10 18:26:23 | INFO     |   训练指标:
2025-07-10 18:26:23 | INFO     |     损失(hybrid_focal): 0.117182
2025-07-10 18:26:23 | INFO     |     准确率: 0.978873
2025-07-10 18:26:23 | INFO     |     学习率: 0.00001250
2025-07-10 18:26:23 | INFO     |   验证指标(标准CE):
2025-07-10 18:26:23 | INFO     |     损失: 0.323154
2025-07-10 18:26:23 | INFO     |     准确率: 0.944370
2025-07-10 18:26:23 | INFO     |     F1(macro): 0.931410
2025-07-10 18:26:23 | INFO     |     F1(weighted): 0.935593
2025-07-10 18:26:23 | INFO     |     精确率: 0.962425
2025-07-10 18:26:23 | INFO     |     召回率: 0.941008
2025-07-10 18:26:23 | INFO     |   学习率调度器: f1_based
2025-07-10 18:26:23 | INFO     | ------------------------------------------------------------
2025-07-10 18:26:23 | INFO     | 🎯 学习率调整事件:
2025-07-10 18:26:23 | INFO     |   调度器类型: f1_based
2025-07-10 18:26:23 | INFO     |   学习率变化: 0.00001250 → 0.00000625
2025-07-10 18:26:23 | INFO     |   触发条件: F1分数 = 0.935593
2025-07-10 18:26:23 | INFO     |   变化幅度: -50.00%
2025-07-10 18:26:23 | INFO     | ------------------------------------------------------------
2025-07-10 18:26:23 | INFO     | Epoch  59 | Train: Loss=0.1172, Acc=0.9789 | Val: Loss=0.3232, Acc=0.9444, F1=0.9356 | LR=0.000006 
2025-07-10 18:30:49 | INFO     | Epoch 60:
2025-07-10 18:30:49 | INFO     |   训练指标:
2025-07-10 18:30:49 | INFO     |     损失(hybrid_focal): 0.114334
2025-07-10 18:30:49 | INFO     |     准确率: 0.981891
2025-07-10 18:30:49 | INFO     |     学习率: 0.00000625
2025-07-10 18:30:49 | INFO     |   验证指标(标准CE):
2025-07-10 18:30:49 | INFO     |     损失: 0.303264
2025-07-10 18:30:49 | INFO     |     准确率: 0.965818
2025-07-10 18:30:49 | INFO     |     F1(macro): 0.964743
2025-07-10 18:30:49 | INFO     |     F1(weighted): 0.964957
2025-07-10 18:30:49 | INFO     |     精确率: 0.971327
2025-07-10 18:30:49 | INFO     |     召回率: 0.965812
2025-07-10 18:30:49 | INFO     |   学习率调度器: f1_based
2025-07-10 18:30:49 | INFO     | ------------------------------------------------------------
2025-07-10 18:30:49 | INFO     | Epoch  60 | Train: Loss=0.1143, Acc=0.9819 | Val: Loss=0.3033, Acc=0.9658, F1=0.9650 | LR=0.000006 
2025-07-10 18:35:15 | INFO     | Epoch 61:
2025-07-10 18:35:15 | INFO     |   训练指标:
2025-07-10 18:35:15 | INFO     |     损失(hybrid_focal): 0.110910
2025-07-10 18:35:15 | INFO     |     准确率: 0.980382
2025-07-10 18:35:15 | INFO     |     学习率: 0.00000625
2025-07-10 18:35:15 | INFO     |   验证指标(标准CE):
2025-07-10 18:35:15 | INFO     |     损失: 0.355009
2025-07-10 18:35:15 | INFO     |     准确率: 0.960456
2025-07-10 18:35:15 | INFO     |     F1(macro): 0.954326
2025-07-10 18:35:15 | INFO     |     F1(weighted): 0.957104
2025-07-10 18:35:15 | INFO     |     精确率: 0.970671
2025-07-10 18:35:15 | INFO     |     召回率: 0.957084
2025-07-10 18:35:15 | INFO     |   学习率调度器: f1_based
2025-07-10 18:35:15 | INFO     | ------------------------------------------------------------
2025-07-10 18:35:15 | INFO     | Epoch  61 | Train: Loss=0.1109, Acc=0.9804 | Val: Loss=0.3550, Acc=0.9605, F1=0.9571 | LR=0.000006 
2025-07-10 18:39:41 | INFO     | Epoch 62:
2025-07-10 18:39:41 | INFO     |   训练指标:
2025-07-10 18:39:41 | INFO     |     损失(hybrid_focal): 0.109508
2025-07-10 18:39:41 | INFO     |     准确率: 0.983903
2025-07-10 18:39:41 | INFO     |     学习率: 0.00000625
2025-07-10 18:39:41 | INFO     |   验证指标(标准CE):
2025-07-10 18:39:41 | INFO     |     损失: 0.384324
2025-07-10 18:39:41 | INFO     |     准确率: 0.958445
2025-07-10 18:39:41 | INFO     |     F1(macro): 0.955621
2025-07-10 18:39:41 | INFO     |     F1(weighted): 0.955559
2025-07-10 18:39:41 | INFO     |     精确率: 0.964372
2025-07-10 18:39:41 | INFO     |     召回率: 0.957716
2025-07-10 18:39:41 | INFO     |   学习率调度器: f1_based
2025-07-10 18:39:41 | INFO     | ------------------------------------------------------------
2025-07-10 18:39:41 | INFO     | Epoch  62 | Train: Loss=0.1095, Acc=0.9839 | Val: Loss=0.3843, Acc=0.9584, F1=0.9556 | LR=0.000006 
2025-07-10 18:44:07 | INFO     | Epoch 63:
2025-07-10 18:44:07 | INFO     |   训练指标:
2025-07-10 18:44:07 | INFO     |     损失(hybrid_focal): 0.113666
2025-07-10 18:44:07 | INFO     |     准确率: 0.982227
2025-07-10 18:44:07 | INFO     |     学习率: 0.00000625
2025-07-10 18:44:07 | INFO     |   验证指标(标准CE):
2025-07-10 18:44:07 | INFO     |     损失: 0.564017
2025-07-10 18:44:07 | INFO     |     准确率: 0.915550
2025-07-10 18:44:07 | INFO     |     F1(macro): 0.898231
2025-07-10 18:44:07 | INFO     |     F1(weighted): 0.903644
2025-07-10 18:44:07 | INFO     |     精确率: 0.938637
2025-07-10 18:44:07 | INFO     |     召回率: 0.911376
2025-07-10 18:44:07 | INFO     |   学习率调度器: f1_based
2025-07-10 18:44:07 | INFO     | ------------------------------------------------------------
2025-07-10 18:44:07 | INFO     | Epoch  63 | Train: Loss=0.1137, Acc=0.9822 | Val: Loss=0.5640, Acc=0.9155, F1=0.9036 | LR=0.000006 
2025-07-10 18:48:32 | INFO     | Epoch 64:
2025-07-10 18:48:32 | INFO     |   训练指标:
2025-07-10 18:48:32 | INFO     |     损失(hybrid_focal): 0.116219
2025-07-10 18:48:32 | INFO     |     准确率: 0.980550
2025-07-10 18:48:32 | INFO     |     学习率: 0.00000625
2025-07-10 18:48:32 | INFO     |   验证指标(标准CE):
2025-07-10 18:48:32 | INFO     |     损失: 0.393986
2025-07-10 18:48:32 | INFO     |     准确率: 0.934987
2025-07-10 18:48:32 | INFO     |     F1(macro): 0.918641
2025-07-10 18:48:32 | INFO     |     F1(weighted): 0.923600
2025-07-10 18:48:32 | INFO     |     精确率: 0.953578
2025-07-10 18:48:32 | INFO     |     召回率: 0.929964
2025-07-10 18:48:32 | INFO     |   学习率调度器: f1_based
2025-07-10 18:48:32 | INFO     | ------------------------------------------------------------
2025-07-10 18:48:32 | INFO     | Epoch  64 | Train: Loss=0.1162, Acc=0.9805 | Val: Loss=0.3940, Acc=0.9350, F1=0.9236 | LR=0.000006 
2025-07-10 18:52:58 | INFO     | Epoch 65:
2025-07-10 18:52:58 | INFO     |   训练指标:
2025-07-10 18:52:58 | INFO     |     损失(hybrid_focal): 0.108456
2025-07-10 18:52:58 | INFO     |     准确率: 0.984742
2025-07-10 18:52:58 | INFO     |     学习率: 0.00000625
2025-07-10 18:52:58 | INFO     |   验证指标(标准CE):
2025-07-10 18:52:58 | INFO     |     损失: 0.376506
2025-07-10 18:52:58 | INFO     |     准确率: 0.960456
2025-07-10 18:52:58 | INFO     |     F1(macro): 0.957059
2025-07-10 18:52:58 | INFO     |     F1(weighted): 0.959168
2025-07-10 18:52:58 | INFO     |     精确率: 0.968834
2025-07-10 18:52:58 | INFO     |     召回率: 0.958504
2025-07-10 18:52:58 | INFO     |   学习率调度器: f1_based
2025-07-10 18:52:58 | INFO     | ------------------------------------------------------------
2025-07-10 18:52:58 | INFO     | Epoch  65 | Train: Loss=0.1085, Acc=0.9847 | Val: Loss=0.3765, Acc=0.9605, F1=0.9592 | LR=0.000006 
2025-07-10 18:57:24 | INFO     | Epoch 66:
2025-07-10 18:57:24 | INFO     |   训练指标:
2025-07-10 18:57:24 | INFO     |     损失(hybrid_focal): 0.110392
2025-07-10 18:57:24 | INFO     |     准确率: 0.982562
2025-07-10 18:57:24 | INFO     |     学习率: 0.00000625
2025-07-10 18:57:24 | INFO     |   验证指标(标准CE):
2025-07-10 18:57:24 | INFO     |     损失: 0.580452
2025-07-10 18:57:24 | INFO     |     准确率: 0.951072
2025-07-10 18:57:24 | INFO     |     F1(macro): 0.944350
2025-07-10 18:57:24 | INFO     |     F1(weighted): 0.944573
2025-07-10 18:57:24 | INFO     |     精确率: 0.954026
2025-07-10 18:57:24 | INFO     |     召回率: 0.950172
2025-07-10 18:57:24 | INFO     |   学习率调度器: f1_based
2025-07-10 18:57:24 | INFO     | ------------------------------------------------------------
2025-07-10 18:57:24 | INFO     | 🎯 学习率调整事件:
2025-07-10 18:57:24 | INFO     |   调度器类型: f1_based
2025-07-10 18:57:24 | INFO     |   学习率变化: 0.00000625 → 0.00000313
2025-07-10 18:57:24 | INFO     |   触发条件: F1分数 = 0.944573
2025-07-10 18:57:24 | INFO     |   变化幅度: -50.00%
2025-07-10 18:57:24 | INFO     | ------------------------------------------------------------
2025-07-10 18:57:24 | INFO     | Epoch  66 | Train: Loss=0.1104, Acc=0.9826 | Val: Loss=0.5805, Acc=0.9511, F1=0.9446 | LR=0.000003 
2025-07-10 18:57:24 | INFO     | ⏹️ 早停触发，在第 66 轮停止训练
2025-07-10 18:57:42 | INFO     | 训练历史已保存到: ./result/0710_1403_DualGAF_DDAHU_DualGAFNet_dilated_enhanced_sl96_step96_fd128_extractor-dilated_gaf-adaptive_attention-cbam_classifier-residual_bottleneck_stat-basic_fusion-concat/training_history.csv
2025-07-10 18:57:42 | INFO     | 
====================================================================================================
2025-07-10 18:57:42 | INFO     | 🎉 训练完成总结:
2025-07-10 18:57:42 | INFO     |   训练损失函数: hybrid_focal
2025-07-10 18:57:42 | INFO     |   验证损失函数: 标准交叉熵（遵循主流ML规范）
2025-07-10 18:57:42 | INFO     |   训练过程最佳验证准确率: 0.9765
2025-07-10 18:57:42 | INFO     |   训练过程最佳验证F1(macro): 0.9774
2025-07-10 18:57:42 | INFO     |   训练过程最佳验证F1(weighted): 0.9765
2025-07-10 18:57:42 | INFO     |   训练轮数: 66
2025-07-10 18:57:42 | INFO     | --------------------------------------------------
2025-07-10 18:57:42 | INFO     | 📊 最佳模型真实性能指标（基于标准交叉熵损失）:
2025-07-10 18:57:42 | INFO     |   验证损失(标准CE): 0.2511
2025-07-10 18:57:42 | INFO     |   验证准确率: 0.9765
2025-07-10 18:57:42 | INFO     |   验证F1(macro): 0.9772
2025-07-10 18:57:42 | INFO     |   验证F1(weighted): 0.9765
2025-07-10 18:57:42 | INFO     |   验证精确率: 0.9790
2025-07-10 18:57:42 | INFO     |   验证召回率: 0.9774
2025-07-10 18:57:42 | INFO     | ====================================================================================================
2025-07-10 18:57:44 | INFO     | ================================================================================
2025-07-10 18:57:44 | INFO     | 实验日志结束: DualGAF_DDAHU_DualGAFNet_dilated_enhanced_sl96_step96_fd128_extractor-dilated_gaf-adaptive_attention-cbam_classifier-residual_bottleneck_stat-basic_fusion-concat
2025-07-10 18:57:44 | INFO     | 结束时间: 2025-07-10 18:57:44
2025-07-10 18:57:44 | INFO     | ================================================================================
