2025-07-21 20:06:55 | INFO     | ================================================================================
2025-07-21 20:06:55 | INFO     | 实验日志开始: DualGAF_DualGAFNet_dilated_enhanced_sl96_step96_fd128_extractor-dilated_gaf-adaptive_attention-channel_classifier-mlp_stat-basic_fusion-concat_ablation-no_diff
2025-07-21 20:06:55 | INFO     | 日志文件: ./result/0721_2006_DualGAF_DualGAFNet_dilated_enhanced_sl96_step96_fd128_extractor-dilated_gaf-adaptive_attention-channel_classifier-mlp_stat-basic_fusion-concat_ablation-no_diff/training.log
2025-07-21 20:06:55 | INFO     | 开始时间: 2025-07-21 20:06:55
2025-07-21 20:06:55 | INFO     | ================================================================================
2025-07-21 20:06:55 | INFO     | ⚙️ 实验配置:
2025-07-21 20:06:55 | INFO     |    task_name: classification
2025-07-21 20:06:55 | INFO     |    is_training: 1
2025-07-21 20:06:55 | INFO     |    model_id: test
2025-07-21 20:06:55 | INFO     |    model: DualGAFNet
2025-07-21 20:06:55 | INFO     |    data: DualGAF
2025-07-21 20:06:55 | INFO     |    root_path: ./dataset/SAHU/direct_5_working
2025-07-21 20:06:55 | INFO     |    step: 96
2025-07-21 20:06:55 | INFO     |    checkpoints: ./checkpoints/
2025-07-21 20:06:55 | INFO     |    num_class: 9
2025-07-21 20:06:55 | INFO     |    result_path: ./result/
2025-07-21 20:06:55 | INFO     |    test_size: 0.2
2025-07-21 20:06:55 | INFO     |    seq_len: 96
2025-07-21 20:06:55 | INFO     |    enc_in: 26
2025-07-21 20:06:55 | INFO     |    d_model: 512
2025-07-21 20:06:55 | INFO     |    n_heads: 8
2025-07-21 20:06:55 | INFO     |    e_layers: 2
2025-07-21 20:06:55 | INFO     |    d_layers: 1
2025-07-21 20:06:55 | INFO     |    d_ff: 2048
2025-07-21 20:06:55 | INFO     |    moving_avg: 25
2025-07-21 20:06:55 | INFO     |    factor: 1
2025-07-21 20:06:55 | INFO     |    distil: True
2025-07-21 20:06:55 | INFO     |    dropout: 0.1
2025-07-21 20:06:55 | INFO     |    embed: timeF
2025-07-21 20:06:55 | INFO     |    activation: gelu
2025-07-21 20:06:55 | INFO     |    use_norm: 1
2025-07-21 20:06:55 | INFO     |    gaf_method: summation
2025-07-21 20:06:55 | INFO     |    feature_dim: 128
2025-07-21 20:06:55 | INFO     |    data_type_method: uint8
2025-07-21 20:06:55 | INFO     |    use_attention: True
2025-07-21 20:06:55 | INFO     |    hidden_dim: 64
2025-07-21 20:06:55 | INFO     |    sample_size: 1000
2025-07-21 20:06:55 | INFO     |    channel_groups: None
2025-07-21 20:06:55 | INFO     |    hvac_groups: None
2025-07-21 20:06:55 | INFO     |    extractor_type: dilated
2025-07-21 20:06:55 | INFO     |    fusion_type: adaptive
2025-07-21 20:06:55 | INFO     |    attention_type: channel
2025-07-21 20:06:55 | INFO     |    classifier_type: mlp
2025-07-21 20:06:55 | INFO     |    use_statistical_features: True
2025-07-21 20:06:55 | INFO     |    stat_type: basic
2025-07-21 20:06:55 | INFO     |    multimodal_fusion_strategy: concat
2025-07-21 20:06:55 | INFO     |    use_signal_level_stats: False
2025-07-21 20:06:55 | INFO     |    signal_stat_type: comprehensive
2025-07-21 20:06:55 | INFO     |    signal_stat_fusion_strategy: concat_project
2025-07-21 20:06:55 | INFO     |    signal_stat_feature_dim: 32
2025-07-21 20:06:55 | INFO     |    use_diff_branch: False
2025-07-21 20:06:55 | INFO     |    ablation_mode: no_diff
2025-07-21 20:06:55 | INFO     |    backbone_type: resnet18
2025-07-21 20:06:55 | INFO     |    use_sum_branch: True
2025-07-21 20:06:55 | INFO     |    num_workers: 0
2025-07-21 20:06:55 | INFO     |    cuda_debug: False
2025-07-21 20:06:55 | INFO     |    gpu_memory_fraction: 0.9
2025-07-21 20:06:55 | INFO     |    safe_mode: True
2025-07-21 20:06:55 | INFO     |    drop_last_batch: True
2025-07-21 20:06:55 | INFO     |    itr: 1
2025-07-21 20:06:55 | INFO     |    train_epochs: 300
2025-07-21 20:06:55 | INFO     |    batch_size: 4
2025-07-21 20:06:55 | INFO     |    patience: 15
2025-07-21 20:06:55 | INFO     |    learning_rate: 0.0001
2025-07-21 20:06:55 | INFO     |    des: dilated_enhanced
2025-07-21 20:06:55 | INFO     |    loss: MSE
2025-07-21 20:06:55 | INFO     |    lradj: type1
2025-07-21 20:06:55 | INFO     |    lr_scheduler_type: f1_based
2025-07-21 20:06:55 | INFO     |    lr_loss_weight: 0.3
2025-07-21 20:06:55 | INFO     |    lr_f1_weight: 0.7
2025-07-21 20:06:55 | INFO     |    use_amp: False
2025-07-21 20:06:55 | INFO     |    gradient_accumulation_steps: 2
2025-07-21 20:06:55 | INFO     |    enable_auto_gradient_accumulation: True
2025-07-21 20:06:55 | INFO     |    loss_type: ce
2025-07-21 20:06:55 | INFO     |    label_smoothing: 0.1
2025-07-21 20:06:55 | INFO     |    focal_alpha: 1.0
2025-07-21 20:06:55 | INFO     |    focal_gamma: 2.0
2025-07-21 20:06:55 | INFO     |    confidence_penalty_beta: 0.1
2025-07-21 20:06:55 | INFO     |    use_timm_loss: True
2025-07-21 20:06:55 | INFO     |    adaptive_initial_smoothing: 0.2
2025-07-21 20:06:55 | INFO     |    adaptive_final_smoothing: 0.05
2025-07-21 20:06:55 | INFO     |    adaptive_decay_epochs: 30
2025-07-21 20:06:55 | INFO     |    enable_class_weights: False
2025-07-21 20:06:55 | INFO     |    class_weights: None
2025-07-21 20:06:55 | INFO     |    loss_preset: None
2025-07-21 20:06:55 | INFO     |    n_jobs: 8
2025-07-21 20:06:55 | INFO     |    use_multiprocessing: True
2025-07-21 20:06:55 | INFO     |    chunk_size: 800
2025-07-21 20:06:55 | INFO     |    disable_parallel: False
2025-07-21 20:06:55 | INFO     |    use_shared_memory: True
2025-07-21 20:06:55 | INFO     |    disable_shared_memory: False
2025-07-21 20:06:55 | INFO     |    use_gpu: True
2025-07-21 20:06:55 | INFO     |    gpu: 0
2025-07-21 20:06:55 | INFO     |    gpu_type: cuda
2025-07-21 20:06:55 | INFO     |    use_multi_gpu: False
2025-07-21 20:06:55 | INFO     |    devices: 0,1,2,3
2025-07-21 20:06:55 | INFO     |    device: cuda:0
2025-07-21 20:06:55 | INFO     |    feature_columns: ['CHWC_VLV', 'CHWC_VLV_DM', 'MA_TEMP', 'OA_CFM', 'OA_DMPR', 'OA_DMPR_DM', 'OA_TEMP', 'RA_CFM', 'RA_DMPR', 'RA_DMPR_DM', 'RA_TEMP', 'RF_CS', 'RF_SPD', 'RF_WAT', 'SA_CFM', 'SA_SP', 'SA_SPSPT', 'SA_TEMP', 'SF_CS', 'SF_SPD', 'SF_WAT', 'ZONE_TEMP_1', 'ZONE_TEMP_2', 'ZONE_TEMP_3', 'ZONE_TEMP_4', 'ZONE_TEMP_5']
2025-07-21 20:06:55 | INFO     | 🏗️ 模型信息:
2025-07-21 20:06:55 | INFO     |    模型类型: Model
2025-07-21 20:06:55 | INFO     |    总参数数量: 8,255,298
2025-07-21 20:06:55 | INFO     |    可训练参数: 8,255,298
2025-07-21 20:06:55 | INFO     |    模型大小估计: 31.49 MB
2025-07-21 20:06:55 | INFO     | 📊 数据集信息:
2025-07-21 20:06:55 | INFO     |    训练集大小: 3996
2025-07-21 20:06:55 | INFO     |    验证集大小: 999
2025-07-21 20:06:55 | INFO     | 
================================================================================
2025-07-21 20:06:55 | INFO     | 📋 损失函数使用策略（遵循主流机器学习规范）:
2025-07-21 20:06:55 | INFO     |    🎯 训练阶段: 使用 ce 损失函数
2025-07-21 20:06:55 | INFO     |       → 目的：优化模型参数，解决特定问题（类别不平衡、相似性等）
2025-07-21 20:06:55 | INFO     |    📊 验证阶段: 使用标准交叉熵损失函数
2025-07-21 20:06:55 | INFO     |       → 目的：客观评估模型性能，便于不同方法比较
2025-07-21 20:06:55 | INFO     |    📈 最终报告: 基于标准交叉熵损失的指标
2025-07-21 20:06:55 | INFO     |       → 目的：提供可信、可比较的性能指标
2025-07-21 20:06:55 | INFO     | ================================================================================

2025-07-21 20:06:55 | INFO     | 🔄 梯度累积配置: 每2轮累积一次梯度
2025-07-21 20:06:55 | INFO     |    实际batch_size: 4
2025-07-21 20:06:55 | INFO     |    有效batch_size: 8
2025-07-21 20:07:29 | INFO     | Epoch 1:
2025-07-21 20:07:29 | INFO     |   训练指标:
2025-07-21 20:07:29 | INFO     |     损失(ce): 1.362008
2025-07-21 20:07:29 | INFO     |     准确率: 0.517768
2025-07-21 20:07:29 | INFO     |     学习率: 0.00010000
2025-07-21 20:07:29 | INFO     |   验证指标(标准CE):
2025-07-21 20:07:29 | INFO     |     损失: 0.447831
2025-07-21 20:07:29 | INFO     |     准确率: 0.826827
2025-07-21 20:07:29 | INFO     |     F1(macro): 0.823839
2025-07-21 20:07:29 | INFO     |     F1(weighted): 0.817705
2025-07-21 20:07:29 | INFO     |     精确率: 0.830711
2025-07-21 20:07:29 | INFO     |     召回率: 0.833746
2025-07-21 20:07:29 | INFO     |   学习率调度器: f1_based
2025-07-21 20:07:29 | INFO     | ------------------------------------------------------------
2025-07-21 20:07:29 | INFO     | Epoch   1 | Train: Loss=1.3620, Acc=0.5178 | Val: Loss=0.4478, Acc=0.8268, F1=0.8177 | LR=0.000100 🏆 [最佳模型]
2025-07-21 20:08:01 | INFO     | Epoch 2:
2025-07-21 20:08:01 | INFO     |   训练指标:
2025-07-21 20:08:01 | INFO     |     损失(ce): 0.403145
2025-07-21 20:08:01 | INFO     |     准确率: 0.829580
2025-07-21 20:08:01 | INFO     |     学习率: 0.00010000
2025-07-21 20:08:01 | INFO     |   验证指标(标准CE):
2025-07-21 20:08:01 | INFO     |     损失: 0.282690
2025-07-21 20:08:01 | INFO     |     准确率: 0.849850
2025-07-21 20:08:01 | INFO     |     F1(macro): 0.856262
2025-07-21 20:08:01 | INFO     |     F1(weighted): 0.850830
2025-07-21 20:08:01 | INFO     |     精确率: 0.863188
2025-07-21 20:08:01 | INFO     |     召回率: 0.856422
2025-07-21 20:08:01 | INFO     |   学习率调度器: f1_based
2025-07-21 20:08:01 | INFO     | ------------------------------------------------------------
2025-07-21 20:08:01 | INFO     | Epoch   2 | Train: Loss=0.4031, Acc=0.8296 | Val: Loss=0.2827, Acc=0.8498, F1=0.8508 | LR=0.000100 🏆 [最佳模型]
2025-07-21 20:08:33 | INFO     | Epoch 3:
2025-07-21 20:08:33 | INFO     |   训练指标:
2025-07-21 20:08:33 | INFO     |     损失(ce): 0.252662
2025-07-21 20:08:33 | INFO     |     准确率: 0.878378
2025-07-21 20:08:33 | INFO     |     学习率: 0.00010000
2025-07-21 20:08:33 | INFO     |   验证指标(标准CE):
2025-07-21 20:08:33 | INFO     |     损失: 0.188276
2025-07-21 20:08:33 | INFO     |     准确率: 0.898899
2025-07-21 20:08:33 | INFO     |     F1(macro): 0.872476
2025-07-21 20:08:33 | INFO     |     F1(weighted): 0.869851
2025-07-21 20:08:33 | INFO     |     精确率: 0.938138
2025-07-21 20:08:33 | INFO     |     召回率: 0.898772
2025-07-21 20:08:33 | INFO     |   学习率调度器: f1_based
2025-07-21 20:08:33 | INFO     | ------------------------------------------------------------
2025-07-21 20:08:33 | INFO     | Epoch   3 | Train: Loss=0.2527, Acc=0.8784 | Val: Loss=0.1883, Acc=0.8989, F1=0.8699 | LR=0.000100 🏆 [最佳模型]
2025-07-21 20:09:05 | INFO     | Epoch 4:
2025-07-21 20:09:05 | INFO     |   训练指标:
2025-07-21 20:09:05 | INFO     |     损失(ce): 0.183834
2025-07-21 20:09:05 | INFO     |     准确率: 0.909409
2025-07-21 20:09:05 | INFO     |     学习率: 0.00010000
2025-07-21 20:09:05 | INFO     |   验证指标(标准CE):
2025-07-21 20:09:05 | INFO     |     损失: 0.154653
2025-07-21 20:09:05 | INFO     |     准确率: 0.905906
2025-07-21 20:09:05 | INFO     |     F1(macro): 0.900374
2025-07-21 20:09:05 | INFO     |     F1(weighted): 0.894997
2025-07-21 20:09:05 | INFO     |     精确率: 0.941349
2025-07-21 20:09:05 | INFO     |     召回率: 0.912793
2025-07-21 20:09:05 | INFO     |   学习率调度器: f1_based
2025-07-21 20:09:05 | INFO     | ------------------------------------------------------------
2025-07-21 20:09:05 | INFO     | Epoch   4 | Train: Loss=0.1838, Acc=0.9094 | Val: Loss=0.1547, Acc=0.9059, F1=0.8950 | LR=0.000100 🏆 [最佳模型]
2025-07-21 20:09:37 | INFO     | Epoch 5:
2025-07-21 20:09:37 | INFO     |   训练指标:
2025-07-21 20:09:37 | INFO     |     损失(ce): 0.149647
2025-07-21 20:09:37 | INFO     |     准确率: 0.933433
2025-07-21 20:09:37 | INFO     |     学习率: 0.00010000
2025-07-21 20:09:37 | INFO     |   验证指标(标准CE):
2025-07-21 20:09:37 | INFO     |     损失: 0.090364
2025-07-21 20:09:37 | INFO     |     准确率: 0.949950
2025-07-21 20:09:37 | INFO     |     F1(macro): 0.949535
2025-07-21 20:09:37 | INFO     |     F1(weighted): 0.947739
2025-07-21 20:09:37 | INFO     |     精确率: 0.962479
2025-07-21 20:09:37 | INFO     |     召回率: 0.950169
2025-07-21 20:09:37 | INFO     |   学习率调度器: f1_based
2025-07-21 20:09:37 | INFO     | ------------------------------------------------------------
2025-07-21 20:09:37 | INFO     | Epoch   5 | Train: Loss=0.1496, Acc=0.9334 | Val: Loss=0.0904, Acc=0.9499, F1=0.9477 | LR=0.000100 🏆 [最佳模型]
2025-07-21 20:10:09 | INFO     | Epoch 6:
2025-07-21 20:10:09 | INFO     |   训练指标:
2025-07-21 20:10:09 | INFO     |     损失(ce): 0.124189
2025-07-21 20:10:09 | INFO     |     准确率: 0.942442
2025-07-21 20:10:09 | INFO     |     学习率: 0.00010000
2025-07-21 20:10:09 | INFO     |   验证指标(标准CE):
2025-07-21 20:10:09 | INFO     |     损失: 0.062037
2025-07-21 20:10:09 | INFO     |     准确率: 0.961962
2025-07-21 20:10:09 | INFO     |     F1(macro): 0.963140
2025-07-21 20:10:09 | INFO     |     F1(weighted): 0.961461
2025-07-21 20:10:09 | INFO     |     精确率: 0.966477
2025-07-21 20:10:09 | INFO     |     召回率: 0.964400
2025-07-21 20:10:09 | INFO     |   学习率调度器: f1_based
2025-07-21 20:10:09 | INFO     | ------------------------------------------------------------
2025-07-21 20:10:09 | INFO     | Epoch   6 | Train: Loss=0.1242, Acc=0.9424 | Val: Loss=0.0620, Acc=0.9620, F1=0.9615 | LR=0.000100 🏆 [最佳模型]
2025-07-21 20:10:41 | INFO     | Epoch 7:
2025-07-21 20:10:41 | INFO     |   训练指标:
2025-07-21 20:10:41 | INFO     |     损失(ce): 0.104665
2025-07-21 20:10:41 | INFO     |     准确率: 0.950701
2025-07-21 20:10:41 | INFO     |     学习率: 0.00010000
2025-07-21 20:10:41 | INFO     |   验证指标(标准CE):
2025-07-21 20:10:41 | INFO     |     损失: 0.076070
2025-07-21 20:10:41 | INFO     |     准确率: 0.964965
2025-07-21 20:10:41 | INFO     |     F1(macro): 0.965106
2025-07-21 20:10:41 | INFO     |     F1(weighted): 0.963984
2025-07-21 20:10:41 | INFO     |     精确率: 0.974493
2025-07-21 20:10:41 | INFO     |     召回率: 0.964887
2025-07-21 20:10:41 | INFO     |   学习率调度器: f1_based
2025-07-21 20:10:41 | INFO     | ------------------------------------------------------------
2025-07-21 20:10:41 | INFO     | Epoch   7 | Train: Loss=0.1047, Acc=0.9507 | Val: Loss=0.0761, Acc=0.9650, F1=0.9640 | LR=0.000100 🏆 [最佳模型]
2025-07-21 20:11:13 | INFO     | Epoch 8:
2025-07-21 20:11:13 | INFO     |   训练指标:
2025-07-21 20:11:13 | INFO     |     损失(ce): 0.090436
2025-07-21 20:11:13 | INFO     |     准确率: 0.960961
2025-07-21 20:11:13 | INFO     |     学习率: 0.00010000
2025-07-21 20:11:13 | INFO     |   验证指标(标准CE):
2025-07-21 20:11:13 | INFO     |     损失: 0.060492
2025-07-21 20:11:13 | INFO     |     准确率: 0.972973
2025-07-21 20:11:13 | INFO     |     F1(macro): 0.973702
2025-07-21 20:11:13 | INFO     |     F1(weighted): 0.972699
2025-07-21 20:11:13 | INFO     |     精确率: 0.977045
2025-07-21 20:11:13 | INFO     |     召回率: 0.973239
2025-07-21 20:11:13 | INFO     |   学习率调度器: f1_based
2025-07-21 20:11:13 | INFO     | ------------------------------------------------------------
2025-07-21 20:11:13 | INFO     | Epoch   8 | Train: Loss=0.0904, Acc=0.9610 | Val: Loss=0.0605, Acc=0.9730, F1=0.9727 | LR=0.000100 🏆 [最佳模型]
2025-07-21 20:11:45 | INFO     | Epoch 9:
2025-07-21 20:11:45 | INFO     |   训练指标:
2025-07-21 20:11:45 | INFO     |     损失(ce): 0.079339
2025-07-21 20:11:45 | INFO     |     准确率: 0.961962
2025-07-21 20:11:45 | INFO     |     学习率: 0.00010000
2025-07-21 20:11:45 | INFO     |   验证指标(标准CE):
2025-07-21 20:11:45 | INFO     |     损失: 0.082421
2025-07-21 20:11:45 | INFO     |     准确率: 0.962963
2025-07-21 20:11:45 | INFO     |     F1(macro): 0.963855
2025-07-21 20:11:45 | INFO     |     F1(weighted): 0.962386
2025-07-21 20:11:45 | INFO     |     精确率: 0.971247
2025-07-21 20:11:45 | INFO     |     召回率: 0.965569
2025-07-21 20:11:45 | INFO     |   学习率调度器: f1_based
2025-07-21 20:11:45 | INFO     | ------------------------------------------------------------
2025-07-21 20:11:45 | INFO     | Epoch   9 | Train: Loss=0.0793, Acc=0.9620 | Val: Loss=0.0824, Acc=0.9630, F1=0.9624 | LR=0.000100 
2025-07-21 20:12:16 | INFO     | Epoch 10:
2025-07-21 20:12:16 | INFO     |   训练指标:
2025-07-21 20:12:16 | INFO     |     损失(ce): 0.072831
2025-07-21 20:12:16 | INFO     |     准确率: 0.968218
2025-07-21 20:12:16 | INFO     |     学习率: 0.00010000
2025-07-21 20:12:16 | INFO     |   验证指标(标准CE):
2025-07-21 20:12:16 | INFO     |     损失: 0.064507
2025-07-21 20:12:16 | INFO     |     准确率: 0.965966
2025-07-21 20:12:16 | INFO     |     F1(macro): 0.966985
2025-07-21 20:12:16 | INFO     |     F1(weighted): 0.965589
2025-07-21 20:12:16 | INFO     |     精确率: 0.972599
2025-07-21 20:12:16 | INFO     |     召回率: 0.968610
2025-07-21 20:12:16 | INFO     |   学习率调度器: f1_based
2025-07-21 20:12:16 | INFO     | ------------------------------------------------------------
2025-07-21 20:12:16 | INFO     | Epoch  10 | Train: Loss=0.0728, Acc=0.9682 | Val: Loss=0.0645, Acc=0.9660, F1=0.9656 | LR=0.000100 
2025-07-21 20:12:48 | INFO     | Epoch 11:
2025-07-21 20:12:48 | INFO     |   训练指标:
2025-07-21 20:12:48 | INFO     |     损失(ce): 0.066242
2025-07-21 20:12:48 | INFO     |     准确率: 0.970470
2025-07-21 20:12:48 | INFO     |     学习率: 0.00010000
2025-07-21 20:12:48 | INFO     |   验证指标(标准CE):
2025-07-21 20:12:48 | INFO     |     损失: 0.070818
2025-07-21 20:12:48 | INFO     |     准确率: 0.959960
2025-07-21 20:12:48 | INFO     |     F1(macro): 0.961660
2025-07-21 20:12:48 | INFO     |     F1(weighted): 0.959978
2025-07-21 20:12:48 | INFO     |     精确率: 0.961650
2025-07-21 20:12:48 | INFO     |     召回率: 0.961780
2025-07-21 20:12:48 | INFO     |   学习率调度器: f1_based
2025-07-21 20:12:48 | INFO     | ------------------------------------------------------------
2025-07-21 20:12:48 | INFO     | Epoch  11 | Train: Loss=0.0662, Acc=0.9705 | Val: Loss=0.0708, Acc=0.9600, F1=0.9600 | LR=0.000100 
2025-07-21 20:13:19 | INFO     | Epoch 12:
2025-07-21 20:13:19 | INFO     |   训练指标:
2025-07-21 20:13:19 | INFO     |     损失(ce): 0.072288
2025-07-21 20:13:19 | INFO     |     准确率: 0.968468
2025-07-21 20:13:19 | INFO     |     学习率: 0.00010000
2025-07-21 20:13:19 | INFO     |   验证指标(标准CE):
2025-07-21 20:13:19 | INFO     |     损失: 0.055695
2025-07-21 20:13:19 | INFO     |     准确率: 0.972973
2025-07-21 20:13:19 | INFO     |     F1(macro): 0.973658
2025-07-21 20:13:19 | INFO     |     F1(weighted): 0.972674
2025-07-21 20:13:19 | INFO     |     精确率: 0.976198
2025-07-21 20:13:19 | INFO     |     召回率: 0.973322
2025-07-21 20:13:19 | INFO     |   学习率调度器: f1_based
2025-07-21 20:13:19 | INFO     | ------------------------------------------------------------
2025-07-21 20:13:19 | INFO     | Epoch  12 | Train: Loss=0.0723, Acc=0.9685 | Val: Loss=0.0557, Acc=0.9730, F1=0.9727 | LR=0.000100 
2025-07-21 20:13:51 | INFO     | Epoch 13:
2025-07-21 20:13:51 | INFO     |   训练指标:
2025-07-21 20:13:51 | INFO     |     损失(ce): 0.071436
2025-07-21 20:13:51 | INFO     |     准确率: 0.965215
2025-07-21 20:13:51 | INFO     |     学习率: 0.00010000
2025-07-21 20:13:51 | INFO     |   验证指标(标准CE):
2025-07-21 20:13:51 | INFO     |     损失: 0.059124
2025-07-21 20:13:51 | INFO     |     准确率: 0.966967
2025-07-21 20:13:51 | INFO     |     F1(macro): 0.968432
2025-07-21 20:13:51 | INFO     |     F1(weighted): 0.967006
2025-07-21 20:13:51 | INFO     |     精确率: 0.969833
2025-07-21 20:13:51 | INFO     |     召回率: 0.968970
2025-07-21 20:13:51 | INFO     |   学习率调度器: f1_based
2025-07-21 20:13:51 | INFO     | ------------------------------------------------------------
2025-07-21 20:13:51 | INFO     | Epoch  13 | Train: Loss=0.0714, Acc=0.9652 | Val: Loss=0.0591, Acc=0.9670, F1=0.9670 | LR=0.000100 
2025-07-21 20:14:22 | INFO     | Epoch 14:
2025-07-21 20:14:22 | INFO     |   训练指标:
2025-07-21 20:14:22 | INFO     |     损失(ce): 0.069954
2025-07-21 20:14:22 | INFO     |     准确率: 0.967217
2025-07-21 20:14:22 | INFO     |     学习率: 0.00010000
2025-07-21 20:14:22 | INFO     |   验证指标(标准CE):
2025-07-21 20:14:22 | INFO     |     损失: 0.050502
2025-07-21 20:14:22 | INFO     |     准确率: 0.973974
2025-07-21 20:14:22 | INFO     |     F1(macro): 0.974832
2025-07-21 20:14:22 | INFO     |     F1(weighted): 0.973843
2025-07-21 20:14:22 | INFO     |     精确率: 0.977812
2025-07-21 20:14:22 | INFO     |     召回率: 0.974283
2025-07-21 20:14:22 | INFO     |   学习率调度器: f1_based
2025-07-21 20:14:22 | INFO     | ------------------------------------------------------------
2025-07-21 20:14:22 | INFO     | Epoch  14 | Train: Loss=0.0700, Acc=0.9672 | Val: Loss=0.0505, Acc=0.9740, F1=0.9738 | LR=0.000100 🏆 [最佳模型]
2025-07-21 20:14:54 | INFO     | Epoch 15:
2025-07-21 20:14:54 | INFO     |   训练指标:
2025-07-21 20:14:54 | INFO     |     损失(ce): 0.059949
2025-07-21 20:14:54 | INFO     |     准确率: 0.965465
2025-07-21 20:14:54 | INFO     |     学习率: 0.00010000
2025-07-21 20:14:54 | INFO     |   验证指标(标准CE):
2025-07-21 20:14:54 | INFO     |     损失: 0.063581
2025-07-21 20:14:54 | INFO     |     准确率: 0.960961
2025-07-21 20:14:54 | INFO     |     F1(macro): 0.962610
2025-07-21 20:14:54 | INFO     |     F1(weighted): 0.960875
2025-07-21 20:14:54 | INFO     |     精确率: 0.963942
2025-07-21 20:14:54 | INFO     |     召回率: 0.963277
2025-07-21 20:14:54 | INFO     |   学习率调度器: f1_based
2025-07-21 20:14:54 | INFO     | ------------------------------------------------------------
2025-07-21 20:14:54 | INFO     | Epoch  15 | Train: Loss=0.0599, Acc=0.9655 | Val: Loss=0.0636, Acc=0.9610, F1=0.9609 | LR=0.000100 
2025-07-21 20:15:26 | INFO     | Epoch 16:
2025-07-21 20:15:26 | INFO     |   训练指标:
2025-07-21 20:15:26 | INFO     |     损失(ce): 0.058662
2025-07-21 20:15:26 | INFO     |     准确率: 0.969970
2025-07-21 20:15:26 | INFO     |     学习率: 0.00010000
2025-07-21 20:15:26 | INFO     |   验证指标(标准CE):
2025-07-21 20:15:26 | INFO     |     损失: 0.064698
2025-07-21 20:15:26 | INFO     |     准确率: 0.972973
2025-07-21 20:15:26 | INFO     |     F1(macro): 0.973536
2025-07-21 20:15:26 | INFO     |     F1(weighted): 0.972523
2025-07-21 20:15:26 | INFO     |     精确率: 0.978921
2025-07-21 20:15:26 | INFO     |     召回率: 0.973056
2025-07-21 20:15:26 | INFO     |   学习率调度器: f1_based
2025-07-21 20:15:26 | INFO     | ------------------------------------------------------------
2025-07-21 20:15:26 | INFO     | Epoch  16 | Train: Loss=0.0587, Acc=0.9700 | Val: Loss=0.0647, Acc=0.9730, F1=0.9725 | LR=0.000100 
2025-07-21 20:15:57 | INFO     | Epoch 17:
2025-07-21 20:15:57 | INFO     |   训练指标:
2025-07-21 20:15:57 | INFO     |     损失(ce): 0.071255
2025-07-21 20:15:57 | INFO     |     准确率: 0.968468
2025-07-21 20:15:57 | INFO     |     学习率: 0.00010000
2025-07-21 20:15:57 | INFO     |   验证指标(标准CE):
2025-07-21 20:15:57 | INFO     |     损失: 0.049591
2025-07-21 20:15:57 | INFO     |     准确率: 0.972973
2025-07-21 20:15:57 | INFO     |     F1(macro): 0.972979
2025-07-21 20:15:57 | INFO     |     F1(weighted): 0.972282
2025-07-21 20:15:57 | INFO     |     精确率: 0.977504
2025-07-21 20:15:57 | INFO     |     召回率: 0.973056
2025-07-21 20:15:57 | INFO     |   学习率调度器: f1_based
2025-07-21 20:15:57 | INFO     | ------------------------------------------------------------
2025-07-21 20:15:57 | INFO     | Epoch  17 | Train: Loss=0.0713, Acc=0.9685 | Val: Loss=0.0496, Acc=0.9730, F1=0.9723 | LR=0.000100 
2025-07-21 20:16:29 | INFO     | Epoch 18:
2025-07-21 20:16:29 | INFO     |   训练指标:
2025-07-21 20:16:29 | INFO     |     损失(ce): 0.062231
2025-07-21 20:16:29 | INFO     |     准确率: 0.968468
2025-07-21 20:16:29 | INFO     |     学习率: 0.00010000
2025-07-21 20:16:29 | INFO     |   验证指标(标准CE):
2025-07-21 20:16:29 | INFO     |     损失: 0.065416
2025-07-21 20:16:29 | INFO     |     准确率: 0.966967
2025-07-21 20:16:29 | INFO     |     F1(macro): 0.967958
2025-07-21 20:16:29 | INFO     |     F1(weighted): 0.966544
2025-07-21 20:16:29 | INFO     |     精确率: 0.974068
2025-07-21 20:16:29 | INFO     |     召回率: 0.969470
2025-07-21 20:16:29 | INFO     |   学习率调度器: f1_based
2025-07-21 20:16:29 | INFO     | ------------------------------------------------------------
2025-07-21 20:16:29 | INFO     | Epoch  18 | Train: Loss=0.0622, Acc=0.9685 | Val: Loss=0.0654, Acc=0.9670, F1=0.9665 | LR=0.000100 
2025-07-21 20:17:00 | INFO     | Epoch 19:
2025-07-21 20:17:00 | INFO     |   训练指标:
2025-07-21 20:17:00 | INFO     |     损失(ce): 0.067483
2025-07-21 20:17:00 | INFO     |     准确率: 0.969469
2025-07-21 20:17:00 | INFO     |     学习率: 0.00010000
2025-07-21 20:17:00 | INFO     |   验证指标(标准CE):
2025-07-21 20:17:00 | INFO     |     损失: 0.046808
2025-07-21 20:17:00 | INFO     |     准确率: 0.969970
2025-07-21 20:17:00 | INFO     |     F1(macro): 0.971151
2025-07-21 20:17:00 | INFO     |     F1(weighted): 0.969779
2025-07-21 20:17:00 | INFO     |     精确率: 0.976359
2025-07-21 20:17:00 | INFO     |     召回率: 0.972387
2025-07-21 20:17:00 | INFO     |   学习率调度器: f1_based
2025-07-21 20:17:00 | INFO     | ------------------------------------------------------------
2025-07-21 20:17:00 | INFO     | Epoch  19 | Train: Loss=0.0675, Acc=0.9695 | Val: Loss=0.0468, Acc=0.9700, F1=0.9698 | LR=0.000100 
2025-07-21 20:17:31 | INFO     | Epoch 20:
2025-07-21 20:17:31 | INFO     |   训练指标:
2025-07-21 20:17:31 | INFO     |     损失(ce): 0.053035
2025-07-21 20:17:31 | INFO     |     准确率: 0.969469
2025-07-21 20:17:31 | INFO     |     学习率: 0.00010000
2025-07-21 20:17:31 | INFO     |   验证指标(标准CE):
2025-07-21 20:17:31 | INFO     |     损失: 0.041257
2025-07-21 20:17:31 | INFO     |     准确率: 0.971972
2025-07-21 20:17:31 | INFO     |     F1(macro): 0.973082
2025-07-21 20:17:31 | INFO     |     F1(weighted): 0.971796
2025-07-21 20:17:31 | INFO     |     精确率: 0.976310
2025-07-21 20:17:31 | INFO     |     召回率: 0.974123
2025-07-21 20:17:31 | INFO     |   学习率调度器: f1_based
2025-07-21 20:17:31 | INFO     | ------------------------------------------------------------
2025-07-21 20:17:31 | INFO     | 🎯 学习率调整事件:
2025-07-21 20:17:31 | INFO     |   调度器类型: f1_based
2025-07-21 20:17:31 | INFO     |   学习率变化: 0.00010000 → 0.00005000
2025-07-21 20:17:31 | INFO     |   触发条件: F1分数 = 0.971796
2025-07-21 20:17:31 | INFO     |   变化幅度: -50.00%
2025-07-21 20:17:31 | INFO     | ------------------------------------------------------------
2025-07-21 20:17:31 | INFO     | Epoch  20 | Train: Loss=0.0530, Acc=0.9695 | Val: Loss=0.0413, Acc=0.9720, F1=0.9718 | LR=0.000050 
2025-07-21 20:18:03 | INFO     | Epoch 21:
2025-07-21 20:18:03 | INFO     |   训练指标:
2025-07-21 20:18:03 | INFO     |     损失(ce): 0.039095
2025-07-21 20:18:03 | INFO     |     准确率: 0.978228
2025-07-21 20:18:03 | INFO     |     学习率: 0.00005000
2025-07-21 20:18:03 | INFO     |   验证指标(标准CE):
2025-07-21 20:18:03 | INFO     |     损失: 0.043322
2025-07-21 20:18:03 | INFO     |     准确率: 0.970971
2025-07-21 20:18:03 | INFO     |     F1(macro): 0.972035
2025-07-21 20:18:03 | INFO     |     F1(weighted): 0.970672
2025-07-21 20:18:03 | INFO     |     精确率: 0.976984
2025-07-21 20:18:03 | INFO     |     召回率: 0.973370
2025-07-21 20:18:03 | INFO     |   学习率调度器: f1_based
2025-07-21 20:18:03 | INFO     | ------------------------------------------------------------
2025-07-21 20:18:03 | INFO     | Epoch  21 | Train: Loss=0.0391, Acc=0.9782 | Val: Loss=0.0433, Acc=0.9710, F1=0.9707 | LR=0.000050 
2025-07-21 20:18:34 | INFO     | Epoch 22:
2025-07-21 20:18:34 | INFO     |   训练指标:
2025-07-21 20:18:34 | INFO     |     损失(ce): 0.039050
2025-07-21 20:18:34 | INFO     |     准确率: 0.975726
2025-07-21 20:18:34 | INFO     |     学习率: 0.00005000
2025-07-21 20:18:34 | INFO     |   验证指标(标准CE):
2025-07-21 20:18:34 | INFO     |     损失: 0.043267
2025-07-21 20:18:34 | INFO     |     准确率: 0.976977
2025-07-21 20:18:34 | INFO     |     F1(macro): 0.977620
2025-07-21 20:18:34 | INFO     |     F1(weighted): 0.976738
2025-07-21 20:18:34 | INFO     |     精确率: 0.980918
2025-07-21 20:18:34 | INFO     |     召回率: 0.977142
2025-07-21 20:18:34 | INFO     |   学习率调度器: f1_based
2025-07-21 20:18:34 | INFO     | ------------------------------------------------------------
2025-07-21 20:18:34 | INFO     | Epoch  22 | Train: Loss=0.0391, Acc=0.9757 | Val: Loss=0.0433, Acc=0.9770, F1=0.9767 | LR=0.000050 🏆 [最佳模型]
2025-07-21 20:19:06 | INFO     | Epoch 23:
2025-07-21 20:19:06 | INFO     |   训练指标:
2025-07-21 20:19:06 | INFO     |     损失(ce): 0.042444
2025-07-21 20:19:06 | INFO     |     准确率: 0.975976
2025-07-21 20:19:06 | INFO     |     学习率: 0.00005000
2025-07-21 20:19:06 | INFO     |   验证指标(标准CE):
2025-07-21 20:19:06 | INFO     |     损失: 0.039258
2025-07-21 20:19:06 | INFO     |     准确率: 0.976977
2025-07-21 20:19:06 | INFO     |     F1(macro): 0.977569
2025-07-21 20:19:06 | INFO     |     F1(weighted): 0.976693
2025-07-21 20:19:06 | INFO     |     精确率: 0.981551
2025-07-21 20:19:06 | INFO     |     召回率: 0.977060
2025-07-21 20:19:06 | INFO     |   学习率调度器: f1_based
2025-07-21 20:19:06 | INFO     | ------------------------------------------------------------
2025-07-21 20:19:06 | INFO     | Epoch  23 | Train: Loss=0.0424, Acc=0.9760 | Val: Loss=0.0393, Acc=0.9770, F1=0.9767 | LR=0.000050 
2025-07-21 20:19:38 | INFO     | Epoch 24:
2025-07-21 20:19:38 | INFO     |   训练指标:
2025-07-21 20:19:38 | INFO     |     损失(ce): 0.037332
2025-07-21 20:19:38 | INFO     |     准确率: 0.972222
2025-07-21 20:19:38 | INFO     |     学习率: 0.00005000
2025-07-21 20:19:38 | INFO     |   验证指标(标准CE):
2025-07-21 20:19:38 | INFO     |     损失: 0.039657
2025-07-21 20:19:38 | INFO     |     准确率: 0.976977
2025-07-21 20:19:38 | INFO     |     F1(macro): 0.977569
2025-07-21 20:19:38 | INFO     |     F1(weighted): 0.976693
2025-07-21 20:19:38 | INFO     |     精确率: 0.981551
2025-07-21 20:19:38 | INFO     |     召回率: 0.977060
2025-07-21 20:19:38 | INFO     |   学习率调度器: f1_based
2025-07-21 20:19:38 | INFO     | ------------------------------------------------------------
2025-07-21 20:19:38 | INFO     | Epoch  24 | Train: Loss=0.0373, Acc=0.9722 | Val: Loss=0.0397, Acc=0.9770, F1=0.9767 | LR=0.000050 
2025-07-21 20:20:09 | INFO     | Epoch 25:
2025-07-21 20:20:09 | INFO     |   训练指标:
2025-07-21 20:20:09 | INFO     |     损失(ce): 0.046966
2025-07-21 20:20:09 | INFO     |     准确率: 0.973223
2025-07-21 20:20:09 | INFO     |     学习率: 0.00005000
2025-07-21 20:20:09 | INFO     |   验证指标(标准CE):
2025-07-21 20:20:09 | INFO     |     损失: 0.038408
2025-07-21 20:20:09 | INFO     |     准确率: 0.970971
2025-07-21 20:20:09 | INFO     |     F1(macro): 0.972035
2025-07-21 20:20:09 | INFO     |     F1(weighted): 0.970672
2025-07-21 20:20:09 | INFO     |     精确率: 0.976984
2025-07-21 20:20:09 | INFO     |     召回率: 0.973370
2025-07-21 20:20:09 | INFO     |   学习率调度器: f1_based
2025-07-21 20:20:09 | INFO     | ------------------------------------------------------------
2025-07-21 20:20:09 | INFO     | Epoch  25 | Train: Loss=0.0470, Acc=0.9732 | Val: Loss=0.0384, Acc=0.9710, F1=0.9707 | LR=0.000050 
2025-07-21 20:20:41 | INFO     | Epoch 26:
2025-07-21 20:20:41 | INFO     |   训练指标:
2025-07-21 20:20:41 | INFO     |     损失(ce): 0.038804
2025-07-21 20:20:41 | INFO     |     准确率: 0.975475
2025-07-21 20:20:41 | INFO     |     学习率: 0.00005000
2025-07-21 20:20:41 | INFO     |   验证指标(标准CE):
2025-07-21 20:20:41 | INFO     |     损失: 0.089033
2025-07-21 20:20:41 | INFO     |     准确率: 0.953954
2025-07-21 20:20:41 | INFO     |     F1(macro): 0.953370
2025-07-21 20:20:41 | INFO     |     F1(weighted): 0.951792
2025-07-21 20:20:41 | INFO     |     精确率: 0.968221
2025-07-21 20:20:41 | INFO     |     召回率: 0.953972
2025-07-21 20:20:41 | INFO     |   学习率调度器: f1_based
2025-07-21 20:20:41 | INFO     | ------------------------------------------------------------
2025-07-21 20:20:41 | INFO     | Epoch  26 | Train: Loss=0.0388, Acc=0.9755 | Val: Loss=0.0890, Acc=0.9540, F1=0.9518 | LR=0.000050 
2025-07-21 20:21:13 | INFO     | Epoch 27:
2025-07-21 20:21:13 | INFO     |   训练指标:
2025-07-21 20:21:13 | INFO     |     损失(ce): 0.041229
2025-07-21 20:21:13 | INFO     |     准确率: 0.975475
2025-07-21 20:21:13 | INFO     |     学习率: 0.00005000
2025-07-21 20:21:13 | INFO     |   验证指标(标准CE):
2025-07-21 20:21:13 | INFO     |     损失: 0.090485
2025-07-21 20:21:13 | INFO     |     准确率: 0.955956
2025-07-21 20:21:13 | INFO     |     F1(macro): 0.955122
2025-07-21 20:21:13 | INFO     |     F1(weighted): 0.953754
2025-07-21 20:21:13 | INFO     |     精确率: 0.962148
2025-07-21 20:21:13 | INFO     |     召回率: 0.959431
2025-07-21 20:21:13 | INFO     |   学习率调度器: f1_based
2025-07-21 20:21:13 | INFO     | ------------------------------------------------------------
2025-07-21 20:21:13 | INFO     | Epoch  27 | Train: Loss=0.0412, Acc=0.9755 | Val: Loss=0.0905, Acc=0.9560, F1=0.9538 | LR=0.000050 
2025-07-21 20:21:44 | INFO     | Epoch 28:
2025-07-21 20:21:44 | INFO     |   训练指标:
2025-07-21 20:21:44 | INFO     |     损失(ce): 0.047144
2025-07-21 20:21:44 | INFO     |     准确率: 0.975976
2025-07-21 20:21:44 | INFO     |     学习率: 0.00005000
2025-07-21 20:21:44 | INFO     |   验证指标(标准CE):
2025-07-21 20:21:44 | INFO     |     损失: 0.038387
2025-07-21 20:21:44 | INFO     |     准确率: 0.969970
2025-07-21 20:21:44 | INFO     |     F1(macro): 0.971151
2025-07-21 20:21:44 | INFO     |     F1(weighted): 0.969779
2025-07-21 20:21:44 | INFO     |     精确率: 0.976359
2025-07-21 20:21:44 | INFO     |     召回率: 0.972387
2025-07-21 20:21:44 | INFO     |   学习率调度器: f1_based
2025-07-21 20:21:44 | INFO     | ------------------------------------------------------------
2025-07-21 20:21:44 | INFO     | 🎯 学习率调整事件:
2025-07-21 20:21:44 | INFO     |   调度器类型: f1_based
2025-07-21 20:21:44 | INFO     |   学习率变化: 0.00005000 → 0.00002500
2025-07-21 20:21:44 | INFO     |   触发条件: F1分数 = 0.969779
2025-07-21 20:21:44 | INFO     |   变化幅度: -50.00%
2025-07-21 20:21:44 | INFO     | ------------------------------------------------------------
2025-07-21 20:21:44 | INFO     | Epoch  28 | Train: Loss=0.0471, Acc=0.9760 | Val: Loss=0.0384, Acc=0.9700, F1=0.9698 | LR=0.000025 
2025-07-21 20:22:16 | INFO     | Epoch 29:
2025-07-21 20:22:16 | INFO     |   训练指标:
2025-07-21 20:22:16 | INFO     |     损失(ce): 0.036193
2025-07-21 20:22:16 | INFO     |     准确率: 0.975225
2025-07-21 20:22:16 | INFO     |     学习率: 0.00002500
2025-07-21 20:22:16 | INFO     |   验证指标(标准CE):
2025-07-21 20:22:16 | INFO     |     损失: 0.042739
2025-07-21 20:22:16 | INFO     |     准确率: 0.969970
2025-07-21 20:22:16 | INFO     |     F1(macro): 0.971049
2025-07-21 20:22:16 | INFO     |     F1(weighted): 0.969633
2025-07-21 20:22:16 | INFO     |     精确率: 0.976359
2025-07-21 20:22:16 | INFO     |     召回率: 0.972452
2025-07-21 20:22:16 | INFO     |   学习率调度器: f1_based
2025-07-21 20:22:16 | INFO     | ------------------------------------------------------------
2025-07-21 20:22:16 | INFO     | Epoch  29 | Train: Loss=0.0362, Acc=0.9752 | Val: Loss=0.0427, Acc=0.9700, F1=0.9696 | LR=0.000025 
2025-07-21 20:22:47 | INFO     | Epoch 30:
2025-07-21 20:22:47 | INFO     |   训练指标:
2025-07-21 20:22:47 | INFO     |     损失(ce): 0.033460
2025-07-21 20:22:47 | INFO     |     准确率: 0.979980
2025-07-21 20:22:47 | INFO     |     学习率: 0.00002500
2025-07-21 20:22:47 | INFO     |   验证指标(标准CE):
2025-07-21 20:22:47 | INFO     |     损失: 0.042950
2025-07-21 20:22:47 | INFO     |     准确率: 0.976977
2025-07-21 20:22:47 | INFO     |     F1(macro): 0.977569
2025-07-21 20:22:47 | INFO     |     F1(weighted): 0.976693
2025-07-21 20:22:47 | INFO     |     精确率: 0.981551
2025-07-21 20:22:47 | INFO     |     召回率: 0.977060
2025-07-21 20:22:47 | INFO     |   学习率调度器: f1_based
2025-07-21 20:22:47 | INFO     | ------------------------------------------------------------
2025-07-21 20:22:47 | INFO     | Epoch  30 | Train: Loss=0.0335, Acc=0.9800 | Val: Loss=0.0429, Acc=0.9770, F1=0.9767 | LR=0.000025 
2025-07-21 20:23:19 | INFO     | Epoch 31:
2025-07-21 20:23:19 | INFO     |   训练指标:
2025-07-21 20:23:19 | INFO     |     损失(ce): 0.039376
2025-07-21 20:23:19 | INFO     |     准确率: 0.977227
2025-07-21 20:23:19 | INFO     |     学习率: 0.00002500
2025-07-21 20:23:19 | INFO     |   验证指标(标准CE):
2025-07-21 20:23:19 | INFO     |     损失: 0.037946
2025-07-21 20:23:19 | INFO     |     准确率: 0.972973
2025-07-21 20:23:19 | INFO     |     F1(macro): 0.974126
2025-07-21 20:23:19 | INFO     |     F1(weighted): 0.972935
2025-07-21 20:23:19 | INFO     |     精确率: 0.975192
2025-07-21 20:23:19 | INFO     |     召回率: 0.974710
2025-07-21 20:23:19 | INFO     |   学习率调度器: f1_based
2025-07-21 20:23:19 | INFO     | ------------------------------------------------------------
2025-07-21 20:23:19 | INFO     | Epoch  31 | Train: Loss=0.0394, Acc=0.9772 | Val: Loss=0.0379, Acc=0.9730, F1=0.9729 | LR=0.000025 
2025-07-21 20:23:50 | INFO     | Epoch 32:
2025-07-21 20:23:50 | INFO     |   训练指标:
2025-07-21 20:23:50 | INFO     |     损失(ce): 0.034418
2025-07-21 20:23:50 | INFO     |     准确率: 0.975726
2025-07-21 20:23:50 | INFO     |     学习率: 0.00002500
2025-07-21 20:23:50 | INFO     |   验证指标(标准CE):
2025-07-21 20:23:50 | INFO     |     损失: 0.040127
2025-07-21 20:23:50 | INFO     |     准确率: 0.970971
2025-07-21 20:23:50 | INFO     |     F1(macro): 0.972035
2025-07-21 20:23:50 | INFO     |     F1(weighted): 0.970672
2025-07-21 20:23:50 | INFO     |     精确率: 0.976984
2025-07-21 20:23:50 | INFO     |     召回率: 0.973370
2025-07-21 20:23:50 | INFO     |   学习率调度器: f1_based
2025-07-21 20:23:50 | INFO     | ------------------------------------------------------------
2025-07-21 20:23:50 | INFO     | Epoch  32 | Train: Loss=0.0344, Acc=0.9757 | Val: Loss=0.0401, Acc=0.9710, F1=0.9707 | LR=0.000025 
2025-07-21 20:24:22 | INFO     | Epoch 33:
2025-07-21 20:24:22 | INFO     |   训练指标:
2025-07-21 20:24:22 | INFO     |     损失(ce): 0.034485
2025-07-21 20:24:22 | INFO     |     准确率: 0.976727
2025-07-21 20:24:22 | INFO     |     学习率: 0.00002500
2025-07-21 20:24:22 | INFO     |   验证指标(标准CE):
2025-07-21 20:24:22 | INFO     |     损失: 0.040983
2025-07-21 20:24:22 | INFO     |     准确率: 0.970971
2025-07-21 20:24:22 | INFO     |     F1(macro): 0.972209
2025-07-21 20:24:22 | INFO     |     F1(weighted): 0.970984
2025-07-21 20:24:22 | INFO     |     精确率: 0.972222
2025-07-21 20:24:22 | INFO     |     召回率: 0.972377
2025-07-21 20:24:22 | INFO     |   学习率调度器: f1_based
2025-07-21 20:24:22 | INFO     | ------------------------------------------------------------
2025-07-21 20:24:22 | INFO     | Epoch  33 | Train: Loss=0.0345, Acc=0.9767 | Val: Loss=0.0410, Acc=0.9710, F1=0.9710 | LR=0.000025 
2025-07-21 20:24:53 | INFO     | Epoch 34:
2025-07-21 20:24:53 | INFO     |   训练指标:
2025-07-21 20:24:53 | INFO     |     损失(ce): 0.032790
2025-07-21 20:24:53 | INFO     |     准确率: 0.979229
2025-07-21 20:24:53 | INFO     |     学习率: 0.00002500
2025-07-21 20:24:53 | INFO     |   验证指标(标准CE):
2025-07-21 20:24:53 | INFO     |     损失: 0.035459
2025-07-21 20:24:53 | INFO     |     准确率: 0.971972
2025-07-21 20:24:53 | INFO     |     F1(macro): 0.973172
2025-07-21 20:24:53 | INFO     |     F1(weighted): 0.971984
2025-07-21 20:24:53 | INFO     |     精确率: 0.973228
2025-07-21 20:24:53 | INFO     |     召回率: 0.973378
2025-07-21 20:24:53 | INFO     |   学习率调度器: f1_based
2025-07-21 20:24:53 | INFO     | ------------------------------------------------------------
2025-07-21 20:24:53 | INFO     | Epoch  34 | Train: Loss=0.0328, Acc=0.9792 | Val: Loss=0.0355, Acc=0.9720, F1=0.9720 | LR=0.000025 
2025-07-21 20:25:25 | INFO     | Epoch 35:
2025-07-21 20:25:25 | INFO     |   训练指标:
2025-07-21 20:25:25 | INFO     |     损失(ce): 0.037164
2025-07-21 20:25:25 | INFO     |     准确率: 0.977477
2025-07-21 20:25:25 | INFO     |     学习率: 0.00002500
2025-07-21 20:25:25 | INFO     |   验证指标(标准CE):
2025-07-21 20:25:25 | INFO     |     损失: 0.037825
2025-07-21 20:25:25 | INFO     |     准确率: 0.975976
2025-07-21 20:25:25 | INFO     |     F1(macro): 0.976827
2025-07-21 20:25:25 | INFO     |     F1(weighted): 0.975908
2025-07-21 20:25:25 | INFO     |     精确率: 0.977989
2025-07-21 20:25:25 | INFO     |     召回率: 0.976490
2025-07-21 20:25:25 | INFO     |   学习率调度器: f1_based
2025-07-21 20:25:25 | INFO     | ------------------------------------------------------------
2025-07-21 20:25:25 | INFO     | Epoch  35 | Train: Loss=0.0372, Acc=0.9775 | Val: Loss=0.0378, Acc=0.9760, F1=0.9759 | LR=0.000025 
2025-07-21 20:25:56 | INFO     | Epoch 36:
2025-07-21 20:25:56 | INFO     |   训练指标:
2025-07-21 20:25:56 | INFO     |     损失(ce): 0.033455
2025-07-21 20:25:56 | INFO     |     准确率: 0.978478
2025-07-21 20:25:56 | INFO     |     学习率: 0.00002500
2025-07-21 20:25:56 | INFO     |   验证指标(标准CE):
2025-07-21 20:25:56 | INFO     |     损失: 0.039803
2025-07-21 20:25:56 | INFO     |     准确率: 0.975976
2025-07-21 20:25:56 | INFO     |     F1(macro): 0.976719
2025-07-21 20:25:56 | INFO     |     F1(weighted): 0.975788
2025-07-21 20:25:56 | INFO     |     精确率: 0.979101
2025-07-21 20:25:56 | INFO     |     召回率: 0.976307
2025-07-21 20:25:56 | INFO     |   学习率调度器: f1_based
2025-07-21 20:25:56 | INFO     | ------------------------------------------------------------
2025-07-21 20:25:56 | INFO     | 🎯 学习率调整事件:
2025-07-21 20:25:56 | INFO     |   调度器类型: f1_based
2025-07-21 20:25:56 | INFO     |   学习率变化: 0.00002500 → 0.00001250
2025-07-21 20:25:56 | INFO     |   触发条件: F1分数 = 0.975788
2025-07-21 20:25:56 | INFO     |   变化幅度: -50.00%
2025-07-21 20:25:56 | INFO     | ------------------------------------------------------------
2025-07-21 20:25:56 | INFO     | Epoch  36 | Train: Loss=0.0335, Acc=0.9785 | Val: Loss=0.0398, Acc=0.9760, F1=0.9758 | LR=0.000013 
2025-07-21 20:26:28 | INFO     | Epoch 37:
2025-07-21 20:26:28 | INFO     |   训练指标:
2025-07-21 20:26:28 | INFO     |     损失(ce): 0.032337
2025-07-21 20:26:28 | INFO     |     准确率: 0.978729
2025-07-21 20:26:28 | INFO     |     学习率: 0.00001250
2025-07-21 20:26:28 | INFO     |   验证指标(标准CE):
2025-07-21 20:26:28 | INFO     |     损失: 0.037722
2025-07-21 20:26:28 | INFO     |     准确率: 0.971972
2025-07-21 20:26:28 | INFO     |     F1(macro): 0.973148
2025-07-21 20:26:28 | INFO     |     F1(weighted): 0.971980
2025-07-21 20:26:28 | INFO     |     精确率: 0.973113
2025-07-21 20:26:28 | INFO     |     召回率: 0.973213
2025-07-21 20:26:28 | INFO     |   学习率调度器: f1_based
2025-07-21 20:26:28 | INFO     | ------------------------------------------------------------
2025-07-21 20:26:28 | INFO     | Epoch  37 | Train: Loss=0.0323, Acc=0.9787 | Val: Loss=0.0377, Acc=0.9720, F1=0.9720 | LR=0.000013 
2025-07-21 20:26:28 | INFO     | ⏹️ 早停触发，在第 37 轮停止训练
2025-07-21 20:26:32 | INFO     | 训练历史已保存到: ./result/0721_2006_DualGAF_DualGAFNet_dilated_enhanced_sl96_step96_fd128_extractor-dilated_gaf-adaptive_attention-channel_classifier-mlp_stat-basic_fusion-concat_ablation-no_diff/training_history.csv
2025-07-21 20:26:32 | INFO     | 
====================================================================================================
2025-07-21 20:26:32 | INFO     | 🎉 训练完成总结:
2025-07-21 20:26:32 | INFO     |   训练损失函数: ce
2025-07-21 20:26:32 | INFO     |   验证损失函数: 标准交叉熵（遵循主流ML规范）
2025-07-21 20:26:32 | INFO     |   训练过程最佳验证准确率: 0.9770
2025-07-21 20:26:32 | INFO     |   训练过程最佳验证F1(macro): 0.9776
2025-07-21 20:26:32 | INFO     |   训练过程最佳验证F1(weighted): 0.9767
2025-07-21 20:26:32 | INFO     |   训练轮数: 37
2025-07-21 20:26:32 | INFO     | --------------------------------------------------
2025-07-21 20:26:32 | INFO     | 📊 最佳模型真实性能指标（基于标准交叉熵损失）:
2025-07-21 20:26:32 | INFO     |   验证损失(标准CE): 0.0433
2025-07-21 20:26:32 | INFO     |   验证准确率: 0.9770
2025-07-21 20:26:32 | INFO     |   验证F1(macro): 0.9776
2025-07-21 20:26:32 | INFO     |   验证F1(weighted): 0.9767
2025-07-21 20:26:32 | INFO     |   验证精确率: 0.9809
2025-07-21 20:26:32 | INFO     |   验证召回率: 0.9771
2025-07-21 20:26:32 | INFO     | ====================================================================================================
2025-07-21 20:26:34 | INFO     | ================================================================================
2025-07-21 20:26:34 | INFO     | 实验日志结束: DualGAF_DualGAFNet_dilated_enhanced_sl96_step96_fd128_extractor-dilated_gaf-adaptive_attention-channel_classifier-mlp_stat-basic_fusion-concat_ablation-no_diff
2025-07-21 20:26:34 | INFO     | 结束时间: 2025-07-21 20:26:34
2025-07-21 20:26:34 | INFO     | ================================================================================
