2025-07-27 15:45:32 | INFO     | ================================================================================
2025-07-27 15:45:32 | INFO     | 实验日志开始: DualGAF_SimpleGAFNet_消融-直接卷积-resnet_sl96_step96_fd128_extractor-dilated_gaf-adaptive_attention-channel_classifier-mlp_stat-basic_fusion-concat
2025-07-27 15:45:32 | INFO     | 日志文件: ./result/0727_1545_DualGAF_SimpleGAFNet_消融-直接卷积-resnet_sl96_step96_fd128_extractor-dilated_gaf-adaptive_attention-channel_classifier-mlp_stat-basic_fusion-concat/training.log
2025-07-27 15:45:32 | INFO     | 开始时间: 2025-07-27 15:45:32
2025-07-27 15:45:32 | INFO     | ================================================================================
2025-07-27 15:45:32 | INFO     | ⚙️ 实验配置:
2025-07-27 15:45:32 | INFO     |    task_name: classification
2025-07-27 15:45:32 | INFO     |    is_training: 1
2025-07-27 15:45:32 | INFO     |    model_id: test
2025-07-27 15:45:32 | INFO     |    model: SimpleGAFNet
2025-07-27 15:45:32 | INFO     |    data: DualGAF
2025-07-27 15:45:32 | INFO     |    root_path: ./dataset/SAHU/direct_5_working
2025-07-27 15:45:32 | INFO     |    step: 96
2025-07-27 15:45:32 | INFO     |    checkpoints: ./checkpoints/
2025-07-27 15:45:32 | INFO     |    num_class: 9
2025-07-27 15:45:32 | INFO     |    result_path: ./result/
2025-07-27 15:45:32 | INFO     |    test_size: 0.2
2025-07-27 15:45:32 | INFO     |    rows: None
2025-07-27 15:45:32 | INFO     |    seq_len: 96
2025-07-27 15:45:32 | INFO     |    enc_in: 26
2025-07-27 15:45:32 | INFO     |    d_model: 512
2025-07-27 15:45:32 | INFO     |    n_heads: 8
2025-07-27 15:45:32 | INFO     |    e_layers: 2
2025-07-27 15:45:32 | INFO     |    d_layers: 1
2025-07-27 15:45:32 | INFO     |    d_ff: 2048
2025-07-27 15:45:32 | INFO     |    moving_avg: 25
2025-07-27 15:45:32 | INFO     |    factor: 1
2025-07-27 15:45:32 | INFO     |    distil: True
2025-07-27 15:45:32 | INFO     |    dropout: 0.1
2025-07-27 15:45:32 | INFO     |    embed: timeF
2025-07-27 15:45:32 | INFO     |    activation: gelu
2025-07-27 15:45:32 | INFO     |    use_norm: 1
2025-07-27 15:45:32 | INFO     |    gaf_method: summation
2025-07-27 15:45:32 | INFO     |    feature_dim: 128
2025-07-27 15:45:32 | INFO     |    data_type_method: uint8
2025-07-27 15:45:32 | INFO     |    use_attention: True
2025-07-27 15:45:32 | INFO     |    hidden_dim: 64
2025-07-27 15:45:32 | INFO     |    sample_size: 1000
2025-07-27 15:45:32 | INFO     |    channel_groups: None
2025-07-27 15:45:32 | INFO     |    hvac_groups: None
2025-07-27 15:45:32 | INFO     |    extractor_type: dilated
2025-07-27 15:45:32 | INFO     |    fusion_type: adaptive
2025-07-27 15:45:32 | INFO     |    attention_type: channel
2025-07-27 15:45:32 | INFO     |    classifier_type: mlp
2025-07-27 15:45:32 | INFO     |    use_statistical_features: True
2025-07-27 15:45:32 | INFO     |    stat_type: basic
2025-07-27 15:45:32 | INFO     |    multimodal_fusion_strategy: concat
2025-07-27 15:45:32 | INFO     |    use_signal_level_stats: False
2025-07-27 15:45:32 | INFO     |    signal_stat_type: comprehensive
2025-07-27 15:45:32 | INFO     |    signal_stat_fusion_strategy: concat_project
2025-07-27 15:45:32 | INFO     |    signal_stat_feature_dim: 32
2025-07-27 15:45:32 | INFO     |    use_diff_branch: True
2025-07-27 15:45:32 | INFO     |    ablation_mode: none
2025-07-27 15:45:32 | INFO     |    backbone_type: inception
2025-07-27 15:45:32 | INFO     |    use_sum_branch: True
2025-07-27 15:45:32 | INFO     |    num_workers: 0
2025-07-27 15:45:32 | INFO     |    cuda_debug: False
2025-07-27 15:45:32 | INFO     |    gpu_memory_fraction: 0.9
2025-07-27 15:45:32 | INFO     |    safe_mode: True
2025-07-27 15:45:32 | INFO     |    drop_last_batch: True
2025-07-27 15:45:32 | INFO     |    itr: 1
2025-07-27 15:45:32 | INFO     |    train_epochs: 300
2025-07-27 15:45:32 | INFO     |    batch_size: 4
2025-07-27 15:45:32 | INFO     |    patience: 15
2025-07-27 15:45:32 | INFO     |    learning_rate: 0.0001
2025-07-27 15:45:32 | INFO     |    des: 消融-直接卷积-resnet
2025-07-27 15:45:32 | INFO     |    loss: MSE
2025-07-27 15:45:32 | INFO     |    lradj: type1
2025-07-27 15:45:32 | INFO     |    lr_scheduler_type: f1_based
2025-07-27 15:45:32 | INFO     |    lr_loss_weight: 0.3
2025-07-27 15:45:32 | INFO     |    lr_f1_weight: 0.7
2025-07-27 15:45:32 | INFO     |    use_amp: False
2025-07-27 15:45:32 | INFO     |    gradient_accumulation_steps: 2
2025-07-27 15:45:32 | INFO     |    enable_auto_gradient_accumulation: True
2025-07-27 15:45:32 | INFO     |    loss_type: ce
2025-07-27 15:45:32 | INFO     |    label_smoothing: 0.1
2025-07-27 15:45:32 | INFO     |    focal_alpha: 1.0
2025-07-27 15:45:32 | INFO     |    focal_gamma: 2.0
2025-07-27 15:45:32 | INFO     |    confidence_penalty_beta: 0.1
2025-07-27 15:45:32 | INFO     |    use_timm_loss: True
2025-07-27 15:45:32 | INFO     |    adaptive_initial_smoothing: 0.2
2025-07-27 15:45:32 | INFO     |    adaptive_final_smoothing: 0.05
2025-07-27 15:45:32 | INFO     |    adaptive_decay_epochs: 30
2025-07-27 15:45:32 | INFO     |    enable_class_weights: False
2025-07-27 15:45:32 | INFO     |    class_weights: None
2025-07-27 15:45:32 | INFO     |    loss_preset: None
2025-07-27 15:45:32 | INFO     |    n_jobs: 1
2025-07-27 15:45:32 | INFO     |    use_multiprocessing: False
2025-07-27 15:45:32 | INFO     |    chunk_size: 800
2025-07-27 15:45:32 | INFO     |    disable_parallel: True
2025-07-27 15:45:32 | INFO     |    use_shared_memory: False
2025-07-27 15:45:32 | INFO     |    disable_shared_memory: False
2025-07-27 15:45:32 | INFO     |    use_gpu: True
2025-07-27 15:45:32 | INFO     |    gpu: 0
2025-07-27 15:45:32 | INFO     |    gpu_type: cuda
2025-07-27 15:45:32 | INFO     |    use_multi_gpu: False
2025-07-27 15:45:32 | INFO     |    devices: 0,1,2,3
2025-07-27 15:45:32 | INFO     |    device: cuda:0
2025-07-27 15:45:32 | INFO     |    feature_columns: ['CHWC_VLV', 'CHWC_VLV_DM', 'MA_TEMP', 'OA_CFM', 'OA_DMPR', 'OA_DMPR_DM', 'OA_TEMP', 'RA_CFM', 'RA_DMPR', 'RA_DMPR_DM', 'RA_TEMP', 'RF_CS', 'RF_SPD', 'RF_WAT', 'SA_CFM', 'SA_SP', 'SA_SPSPT', 'SA_TEMP', 'SF_CS', 'SF_SPD', 'SF_WAT', 'ZONE_TEMP_1', 'ZONE_TEMP_2', 'ZONE_TEMP_3', 'ZONE_TEMP_4', 'ZONE_TEMP_5']
2025-07-27 15:45:32 | INFO     | 🏗️ 模型信息:
2025-07-27 15:45:32 | INFO     |    模型类型: Model
2025-07-27 15:45:32 | INFO     |    总参数数量: 21,810,633
2025-07-27 15:45:32 | INFO     |    可训练参数: 21,810,633
2025-07-27 15:45:32 | INFO     |    模型大小估计: 83.20 MB
2025-07-27 15:45:32 | INFO     | 📊 数据集信息:
2025-07-27 15:45:32 | INFO     |    训练集大小: 3996
2025-07-27 15:45:32 | INFO     |    验证集大小: 999
2025-07-27 15:45:32 | INFO     | 
================================================================================
2025-07-27 15:45:32 | INFO     | 📋 损失函数使用策略（遵循主流机器学习规范）:
2025-07-27 15:45:32 | INFO     |    🎯 训练阶段: 使用 ce 损失函数
2025-07-27 15:45:32 | INFO     |       → 目的：优化模型参数，解决特定问题（类别不平衡、相似性等）
2025-07-27 15:45:32 | INFO     |    📊 验证阶段: 使用标准交叉熵损失函数
2025-07-27 15:45:32 | INFO     |       → 目的：客观评估模型性能，便于不同方法比较
2025-07-27 15:45:32 | INFO     |    📈 最终报告: 基于标准交叉熵损失的指标
2025-07-27 15:45:32 | INFO     |       → 目的：提供可信、可比较的性能指标
2025-07-27 15:45:32 | INFO     | ================================================================================

2025-07-27 15:45:32 | INFO     | 🔄 梯度累积配置: 每2轮累积一次梯度
2025-07-27 15:45:32 | INFO     |    实际batch_size: 4
2025-07-27 15:45:32 | INFO     |    有效batch_size: 8
2025-07-27 15:46:28 | INFO     | Epoch 1:
2025-07-27 15:46:28 | INFO     |   训练指标:
2025-07-27 15:46:28 | INFO     |     损失(ce): 17.544564
2025-07-27 15:46:28 | INFO     |     准确率: 0.138889
2025-07-27 15:46:28 | INFO     |     学习率: 0.00010000
2025-07-27 15:46:28 | INFO     |   验证指标(标准CE):
2025-07-27 15:46:28 | INFO     |     损失: 49.391675
2025-07-27 15:46:28 | INFO     |     准确率: 0.208208
2025-07-27 15:46:28 | INFO     |     F1(macro): 0.178699
2025-07-27 15:46:28 | INFO     |     F1(weighted): 0.181298
2025-07-27 15:46:28 | INFO     |     精确率: 0.223278
2025-07-27 15:46:28 | INFO     |     召回率: 0.199891
2025-07-27 15:46:28 | INFO     |   学习率调度器: f1_based
2025-07-27 15:46:28 | INFO     | ------------------------------------------------------------
2025-07-27 15:46:28 | INFO     | Epoch   1 | Train: Loss=17.5446, Acc=0.1389 | Val: Loss=49.3917, Acc=0.2082, F1=0.1813 | LR=0.000100 🏆 [最佳模型]
2025-07-27 15:47:16 | INFO     | Epoch 2:
2025-07-27 15:47:16 | INFO     |   训练指标:
2025-07-27 15:47:16 | INFO     |     损失(ce): 12.930661
2025-07-27 15:47:16 | INFO     |     准确率: 0.176176
2025-07-27 15:47:16 | INFO     |     学习率: 0.00010000
2025-07-27 15:47:16 | INFO     |   验证指标(标准CE):
2025-07-27 15:47:16 | INFO     |     损失: 36.624028
2025-07-27 15:47:16 | INFO     |     准确率: 0.240240
2025-07-27 15:47:16 | INFO     |     F1(macro): 0.204510
2025-07-27 15:47:16 | INFO     |     F1(weighted): 0.204762
2025-07-27 15:47:16 | INFO     |     精确率: 0.286293
2025-07-27 15:47:16 | INFO     |     召回率: 0.245201
2025-07-27 15:47:16 | INFO     |   学习率调度器: f1_based
2025-07-27 15:47:16 | INFO     | ------------------------------------------------------------
2025-07-27 15:47:16 | INFO     | Epoch   2 | Train: Loss=12.9307, Acc=0.1762 | Val: Loss=36.6240, Acc=0.2402, F1=0.2048 | LR=0.000100 🏆 [最佳模型]
2025-07-27 15:48:05 | INFO     | Epoch 3:
2025-07-27 15:48:05 | INFO     |   训练指标:
2025-07-27 15:48:05 | INFO     |     损失(ce): 11.493808
2025-07-27 15:48:05 | INFO     |     准确率: 0.191191
2025-07-27 15:48:05 | INFO     |     学习率: 0.00010000
2025-07-27 15:48:05 | INFO     |   验证指标(标准CE):
2025-07-27 15:48:05 | INFO     |     损失: 23.936254
2025-07-27 15:48:05 | INFO     |     准确率: 0.295295
2025-07-27 15:48:05 | INFO     |     F1(macro): 0.270666
2025-07-27 15:48:05 | INFO     |     F1(weighted): 0.273615
2025-07-27 15:48:05 | INFO     |     精确率: 0.292766
2025-07-27 15:48:05 | INFO     |     召回率: 0.291343
2025-07-27 15:48:05 | INFO     |   学习率调度器: f1_based
2025-07-27 15:48:05 | INFO     | ------------------------------------------------------------
2025-07-27 15:48:05 | INFO     | Epoch   3 | Train: Loss=11.4938, Acc=0.1912 | Val: Loss=23.9363, Acc=0.2953, F1=0.2736 | LR=0.000100 🏆 [最佳模型]
2025-07-27 15:48:53 | INFO     | Epoch 4:
2025-07-27 15:48:53 | INFO     |   训练指标:
2025-07-27 15:48:53 | INFO     |     损失(ce): 9.988471
2025-07-27 15:48:53 | INFO     |     准确率: 0.206707
2025-07-27 15:48:53 | INFO     |     学习率: 0.00010000
2025-07-27 15:48:53 | INFO     |   验证指标(标准CE):
2025-07-27 15:48:53 | INFO     |     损失: 25.418765
2025-07-27 15:48:53 | INFO     |     准确率: 0.215215
2025-07-27 15:48:53 | INFO     |     F1(macro): 0.204434
2025-07-27 15:48:53 | INFO     |     F1(weighted): 0.204857
2025-07-27 15:48:53 | INFO     |     精确率: 0.279289
2025-07-27 15:48:53 | INFO     |     召回率: 0.215948
2025-07-27 15:48:53 | INFO     |   学习率调度器: f1_based
2025-07-27 15:48:53 | INFO     | ------------------------------------------------------------
2025-07-27 15:48:53 | INFO     | Epoch   4 | Train: Loss=9.9885, Acc=0.2067 | Val: Loss=25.4188, Acc=0.2152, F1=0.2049 | LR=0.000100 
2025-07-27 15:49:41 | INFO     | Epoch 5:
2025-07-27 15:49:41 | INFO     |   训练指标:
2025-07-27 15:49:41 | INFO     |     损失(ce): 8.098489
2025-07-27 15:49:41 | INFO     |     准确率: 0.197698
2025-07-27 15:49:41 | INFO     |     学习率: 0.00010000
2025-07-27 15:49:41 | INFO     |   验证指标(标准CE):
2025-07-27 15:49:41 | INFO     |     损失: 7.491935
2025-07-27 15:49:41 | INFO     |     准确率: 0.294294
2025-07-27 15:49:41 | INFO     |     F1(macro): 0.260254
2025-07-27 15:49:41 | INFO     |     F1(weighted): 0.264262
2025-07-27 15:49:41 | INFO     |     精确率: 0.439812
2025-07-27 15:49:41 | INFO     |     召回率: 0.288939
2025-07-27 15:49:41 | INFO     |   学习率调度器: f1_based
2025-07-27 15:49:41 | INFO     | ------------------------------------------------------------
2025-07-27 15:49:41 | INFO     | Epoch   5 | Train: Loss=8.0985, Acc=0.1977 | Val: Loss=7.4919, Acc=0.2943, F1=0.2643 | LR=0.000100 
2025-07-27 15:50:28 | INFO     | Epoch 6:
2025-07-27 15:50:28 | INFO     |   训练指标:
2025-07-27 15:50:28 | INFO     |     损失(ce): 5.530616
2025-07-27 15:50:28 | INFO     |     准确率: 0.221221
2025-07-27 15:50:28 | INFO     |     学习率: 0.00010000
2025-07-27 15:50:28 | INFO     |   验证指标(标准CE):
2025-07-27 15:50:28 | INFO     |     损失: 2.766922
2025-07-27 15:50:28 | INFO     |     准确率: 0.376376
2025-07-27 15:50:28 | INFO     |     F1(macro): 0.371957
2025-07-27 15:50:28 | INFO     |     F1(weighted): 0.374286
2025-07-27 15:50:28 | INFO     |     精确率: 0.395829
2025-07-27 15:50:28 | INFO     |     召回率: 0.376465
2025-07-27 15:50:28 | INFO     |   学习率调度器: f1_based
2025-07-27 15:50:28 | INFO     | ------------------------------------------------------------
2025-07-27 15:50:28 | INFO     | Epoch   6 | Train: Loss=5.5306, Acc=0.2212 | Val: Loss=2.7669, Acc=0.3764, F1=0.3743 | LR=0.000100 🏆 [最佳模型]
2025-07-27 15:51:16 | INFO     | Epoch 7:
2025-07-27 15:51:16 | INFO     |   训练指标:
2025-07-27 15:51:16 | INFO     |     损失(ce): 4.345288
2025-07-27 15:51:16 | INFO     |     准确率: 0.265766
2025-07-27 15:51:16 | INFO     |     学习率: 0.00010000
2025-07-27 15:51:16 | INFO     |   验证指标(标准CE):
2025-07-27 15:51:16 | INFO     |     损失: 11.917339
2025-07-27 15:51:16 | INFO     |     准确率: 0.363363
2025-07-27 15:51:16 | INFO     |     F1(macro): 0.351969
2025-07-27 15:51:16 | INFO     |     F1(weighted): 0.354568
2025-07-27 15:51:16 | INFO     |     精确率: 0.431176
2025-07-27 15:51:16 | INFO     |     召回率: 0.362482
2025-07-27 15:51:16 | INFO     |   学习率调度器: f1_based
2025-07-27 15:51:16 | INFO     | ------------------------------------------------------------
2025-07-27 15:51:16 | INFO     | Epoch   7 | Train: Loss=4.3453, Acc=0.2658 | Val: Loss=11.9173, Acc=0.3634, F1=0.3546 | LR=0.000100 
2025-07-27 15:52:04 | INFO     | Epoch 8:
2025-07-27 15:52:04 | INFO     |   训练指标:
2025-07-27 15:52:04 | INFO     |     损失(ce): 3.746367
2025-07-27 15:52:04 | INFO     |     准确率: 0.300551
2025-07-27 15:52:04 | INFO     |     学习率: 0.00010000
2025-07-27 15:52:04 | INFO     |   验证指标(标准CE):
2025-07-27 15:52:04 | INFO     |     损失: 2.478490
2025-07-27 15:52:04 | INFO     |     准确率: 0.429429
2025-07-27 15:52:04 | INFO     |     F1(macro): 0.414040
2025-07-27 15:52:04 | INFO     |     F1(weighted): 0.417335
2025-07-27 15:52:04 | INFO     |     精确率: 0.468530
2025-07-27 15:52:04 | INFO     |     召回率: 0.432456
2025-07-27 15:52:04 | INFO     |   学习率调度器: f1_based
2025-07-27 15:52:04 | INFO     | ------------------------------------------------------------
2025-07-27 15:52:04 | INFO     | Epoch   8 | Train: Loss=3.7464, Acc=0.3006 | Val: Loss=2.4785, Acc=0.4294, F1=0.4173 | LR=0.000100 🏆 [最佳模型]
2025-07-27 15:52:52 | INFO     | Epoch 9:
2025-07-27 15:52:52 | INFO     |   训练指标:
2025-07-27 15:52:52 | INFO     |     损失(ce): 3.395430
2025-07-27 15:52:52 | INFO     |     准确率: 0.342092
2025-07-27 15:52:52 | INFO     |     学习率: 0.00010000
2025-07-27 15:52:52 | INFO     |   验证指标(标准CE):
2025-07-27 15:52:52 | INFO     |     损失: 2.712967
2025-07-27 15:52:52 | INFO     |     准确率: 0.457457
2025-07-27 15:52:52 | INFO     |     F1(macro): 0.427416
2025-07-27 15:52:52 | INFO     |     F1(weighted): 0.425075
2025-07-27 15:52:52 | INFO     |     精确率: 0.527121
2025-07-27 15:52:52 | INFO     |     召回率: 0.466820
2025-07-27 15:52:52 | INFO     |   学习率调度器: f1_based
2025-07-27 15:52:52 | INFO     | ------------------------------------------------------------
2025-07-27 15:52:52 | INFO     | Epoch   9 | Train: Loss=3.3954, Acc=0.3421 | Val: Loss=2.7130, Acc=0.4575, F1=0.4251 | LR=0.000100 🏆 [最佳模型]
2025-07-27 15:53:40 | INFO     | Epoch 10:
2025-07-27 15:53:40 | INFO     |   训练指标:
2025-07-27 15:53:40 | INFO     |     损失(ce): 2.884753
2025-07-27 15:53:40 | INFO     |     准确率: 0.397397
2025-07-27 15:53:40 | INFO     |     学习率: 0.00010000
2025-07-27 15:53:40 | INFO     |   验证指标(标准CE):
2025-07-27 15:53:40 | INFO     |     损失: 1.479622
2025-07-27 15:53:40 | INFO     |     准确率: 0.544545
2025-07-27 15:53:40 | INFO     |     F1(macro): 0.509524
2025-07-27 15:53:40 | INFO     |     F1(weighted): 0.517977
2025-07-27 15:53:40 | INFO     |     精确率: 0.648728
2025-07-27 15:53:40 | INFO     |     召回率: 0.532624
2025-07-27 15:53:40 | INFO     |   学习率调度器: f1_based
2025-07-27 15:53:40 | INFO     | ------------------------------------------------------------
2025-07-27 15:53:40 | INFO     | Epoch  10 | Train: Loss=2.8848, Acc=0.3974 | Val: Loss=1.4796, Acc=0.5445, F1=0.5180 | LR=0.000100 🏆 [最佳模型]
2025-07-27 15:54:28 | INFO     | Epoch 11:
2025-07-27 15:54:28 | INFO     |   训练指标:
2025-07-27 15:54:28 | INFO     |     损失(ce): 2.505152
2025-07-27 15:54:28 | INFO     |     准确率: 0.434434
2025-07-27 15:54:28 | INFO     |     学习率: 0.00010000
2025-07-27 15:54:28 | INFO     |   验证指标(标准CE):
2025-07-27 15:54:28 | INFO     |     损失: 2.675460
2025-07-27 15:54:28 | INFO     |     准确率: 0.526527
2025-07-27 15:54:28 | INFO     |     F1(macro): 0.509002
2025-07-27 15:54:28 | INFO     |     F1(weighted): 0.515853
2025-07-27 15:54:28 | INFO     |     精确率: 0.588736
2025-07-27 15:54:28 | INFO     |     召回率: 0.519236
2025-07-27 15:54:28 | INFO     |   学习率调度器: f1_based
2025-07-27 15:54:28 | INFO     | ------------------------------------------------------------
2025-07-27 15:54:28 | INFO     | Epoch  11 | Train: Loss=2.5052, Acc=0.4344 | Val: Loss=2.6755, Acc=0.5265, F1=0.5159 | LR=0.000100 
2025-07-27 15:55:16 | INFO     | Epoch 12:
2025-07-27 15:55:16 | INFO     |   训练指标:
2025-07-27 15:55:16 | INFO     |     损失(ce): 2.342288
2025-07-27 15:55:16 | INFO     |     准确率: 0.467467
2025-07-27 15:55:16 | INFO     |     学习率: 0.00010000
2025-07-27 15:55:16 | INFO     |   验证指标(标准CE):
2025-07-27 15:55:16 | INFO     |     损失: 1.419576
2025-07-27 15:55:16 | INFO     |     准确率: 0.605606
2025-07-27 15:55:16 | INFO     |     F1(macro): 0.598304
2025-07-27 15:55:16 | INFO     |     F1(weighted): 0.604560
2025-07-27 15:55:16 | INFO     |     精确率: 0.610143
2025-07-27 15:55:16 | INFO     |     召回率: 0.598722
2025-07-27 15:55:16 | INFO     |   学习率调度器: f1_based
2025-07-27 15:55:16 | INFO     | ------------------------------------------------------------
2025-07-27 15:55:16 | INFO     | Epoch  12 | Train: Loss=2.3423, Acc=0.4675 | Val: Loss=1.4196, Acc=0.6056, F1=0.6046 | LR=0.000100 🏆 [最佳模型]
2025-07-27 15:56:05 | INFO     | Epoch 13:
2025-07-27 15:56:05 | INFO     |   训练指标:
2025-07-27 15:56:05 | INFO     |     损失(ce): 2.087491
2025-07-27 15:56:05 | INFO     |     准确率: 0.484735
2025-07-27 15:56:05 | INFO     |     学习率: 0.00010000
2025-07-27 15:56:05 | INFO     |   验证指标(标准CE):
2025-07-27 15:56:05 | INFO     |     损失: 1.931599
2025-07-27 15:56:05 | INFO     |     准确率: 0.591592
2025-07-27 15:56:05 | INFO     |     F1(macro): 0.575453
2025-07-27 15:56:05 | INFO     |     F1(weighted): 0.584153
2025-07-27 15:56:05 | INFO     |     精确率: 0.630218
2025-07-27 15:56:05 | INFO     |     召回率: 0.579746
2025-07-27 15:56:05 | INFO     |   学习率调度器: f1_based
2025-07-27 15:56:05 | INFO     | ------------------------------------------------------------
2025-07-27 15:56:05 | INFO     | Epoch  13 | Train: Loss=2.0875, Acc=0.4847 | Val: Loss=1.9316, Acc=0.5916, F1=0.5842 | LR=0.000100 
2025-07-27 15:56:53 | INFO     | Epoch 14:
2025-07-27 15:56:53 | INFO     |   训练指标:
2025-07-27 15:56:53 | INFO     |     损失(ce): 1.941875
2025-07-27 15:56:53 | INFO     |     准确率: 0.512763
2025-07-27 15:56:53 | INFO     |     学习率: 0.00010000
2025-07-27 15:56:53 | INFO     |   验证指标(标准CE):
2025-07-27 15:56:53 | INFO     |     损失: 1.261061
2025-07-27 15:56:53 | INFO     |     准确率: 0.647648
2025-07-27 15:56:53 | INFO     |     F1(macro): 0.622293
2025-07-27 15:56:53 | INFO     |     F1(weighted): 0.626311
2025-07-27 15:56:53 | INFO     |     精确率: 0.633964
2025-07-27 15:56:53 | INFO     |     召回率: 0.642904
2025-07-27 15:56:53 | INFO     |   学习率调度器: f1_based
2025-07-27 15:56:53 | INFO     | ------------------------------------------------------------
2025-07-27 15:56:53 | INFO     | Epoch  14 | Train: Loss=1.9419, Acc=0.5128 | Val: Loss=1.2611, Acc=0.6476, F1=0.6263 | LR=0.000100 🏆 [最佳模型]
2025-07-27 15:57:41 | INFO     | Epoch 15:
2025-07-27 15:57:41 | INFO     |   训练指标:
2025-07-27 15:57:41 | INFO     |     损失(ce): 1.739875
2025-07-27 15:57:41 | INFO     |     准确率: 0.540791
2025-07-27 15:57:41 | INFO     |     学习率: 0.00010000
2025-07-27 15:57:41 | INFO     |   验证指标(标准CE):
2025-07-27 15:57:41 | INFO     |     损失: 1.228826
2025-07-27 15:57:41 | INFO     |     准确率: 0.638639
2025-07-27 15:57:41 | INFO     |     F1(macro): 0.631218
2025-07-27 15:57:41 | INFO     |     F1(weighted): 0.635590
2025-07-27 15:57:41 | INFO     |     精确率: 0.643723
2025-07-27 15:57:41 | INFO     |     召回率: 0.632882
2025-07-27 15:57:41 | INFO     |   学习率调度器: f1_based
2025-07-27 15:57:41 | INFO     | ------------------------------------------------------------
2025-07-27 15:57:41 | INFO     | Epoch  15 | Train: Loss=1.7399, Acc=0.5408 | Val: Loss=1.2288, Acc=0.6386, F1=0.6356 | LR=0.000100 🏆 [最佳模型]
2025-07-27 15:58:29 | INFO     | Epoch 16:
2025-07-27 15:58:29 | INFO     |   训练指标:
2025-07-27 15:58:29 | INFO     |     损失(ce): 1.649559
2025-07-27 15:58:29 | INFO     |     准确率: 0.551051
2025-07-27 15:58:29 | INFO     |     学习率: 0.00010000
2025-07-27 15:58:29 | INFO     |   验证指标(标准CE):
2025-07-27 15:58:29 | INFO     |     损失: 1.258317
2025-07-27 15:58:29 | INFO     |     准确率: 0.647648
2025-07-27 15:58:29 | INFO     |     F1(macro): 0.626304
2025-07-27 15:58:29 | INFO     |     F1(weighted): 0.632316
2025-07-27 15:58:29 | INFO     |     精确率: 0.654070
2025-07-27 15:58:29 | INFO     |     召回率: 0.641981
2025-07-27 15:58:29 | INFO     |   学习率调度器: f1_based
2025-07-27 15:58:29 | INFO     | ------------------------------------------------------------
2025-07-27 15:58:29 | INFO     | Epoch  16 | Train: Loss=1.6496, Acc=0.5511 | Val: Loss=1.2583, Acc=0.6476, F1=0.6323 | LR=0.000100 
2025-07-27 15:59:17 | INFO     | Epoch 17:
2025-07-27 15:59:17 | INFO     |   训练指标:
2025-07-27 15:59:17 | INFO     |     损失(ce): 1.612159
2025-07-27 15:59:17 | INFO     |     准确率: 0.565816
2025-07-27 15:59:17 | INFO     |     学习率: 0.00010000
2025-07-27 15:59:17 | INFO     |   验证指标(标准CE):
2025-07-27 15:59:17 | INFO     |     损失: 0.982779
2025-07-27 15:59:17 | INFO     |     准确率: 0.678679
2025-07-27 15:59:17 | INFO     |     F1(macro): 0.661029
2025-07-27 15:59:17 | INFO     |     F1(weighted): 0.668403
2025-07-27 15:59:17 | INFO     |     精确率: 0.671082
2025-07-27 15:59:17 | INFO     |     召回率: 0.674064
2025-07-27 15:59:17 | INFO     |   学习率调度器: f1_based
2025-07-27 15:59:17 | INFO     | ------------------------------------------------------------
2025-07-27 15:59:17 | INFO     | Epoch  17 | Train: Loss=1.6122, Acc=0.5658 | Val: Loss=0.9828, Acc=0.6787, F1=0.6684 | LR=0.000100 🏆 [最佳模型]
2025-07-27 16:00:05 | INFO     | Epoch 18:
2025-07-27 16:00:05 | INFO     |   训练指标:
2025-07-27 16:00:05 | INFO     |     损失(ce): 1.410447
2025-07-27 16:00:05 | INFO     |     准确率: 0.599099
2025-07-27 16:00:05 | INFO     |     学习率: 0.00010000
2025-07-27 16:00:05 | INFO     |   验证指标(标准CE):
2025-07-27 16:00:05 | INFO     |     损失: 1.137591
2025-07-27 16:00:05 | INFO     |     准确率: 0.683684
2025-07-27 16:00:05 | INFO     |     F1(macro): 0.663364
2025-07-27 16:00:05 | INFO     |     F1(weighted): 0.662698
2025-07-27 16:00:05 | INFO     |     精确率: 0.681456
2025-07-27 16:00:05 | INFO     |     召回率: 0.686543
2025-07-27 16:00:05 | INFO     |   学习率调度器: f1_based
2025-07-27 16:00:05 | INFO     | ------------------------------------------------------------
2025-07-27 16:00:05 | INFO     | Epoch  18 | Train: Loss=1.4104, Acc=0.5991 | Val: Loss=1.1376, Acc=0.6837, F1=0.6627 | LR=0.000100 
2025-07-27 16:00:53 | INFO     | Epoch 19:
2025-07-27 16:00:53 | INFO     |   训练指标:
2025-07-27 16:00:53 | INFO     |     损失(ce): 1.299534
2025-07-27 16:00:53 | INFO     |     准确率: 0.619119
2025-07-27 16:00:53 | INFO     |     学习率: 0.00010000
2025-07-27 16:00:53 | INFO     |   验证指标(标准CE):
2025-07-27 16:00:53 | INFO     |     损失: 1.265088
2025-07-27 16:00:53 | INFO     |     准确率: 0.683684
2025-07-27 16:00:53 | INFO     |     F1(macro): 0.671431
2025-07-27 16:00:53 | INFO     |     F1(weighted): 0.674961
2025-07-27 16:00:53 | INFO     |     精确率: 0.727672
2025-07-27 16:00:53 | INFO     |     召回率: 0.681067
2025-07-27 16:00:53 | INFO     |   学习率调度器: f1_based
2025-07-27 16:00:53 | INFO     | ------------------------------------------------------------
2025-07-27 16:00:53 | INFO     | Epoch  19 | Train: Loss=1.2995, Acc=0.6191 | Val: Loss=1.2651, Acc=0.6837, F1=0.6750 | LR=0.000100 🏆 [最佳模型]
2025-07-27 16:01:41 | INFO     | Epoch 20:
2025-07-27 16:01:41 | INFO     |   训练指标:
2025-07-27 16:01:41 | INFO     |     损失(ce): 1.325023
2025-07-27 16:01:41 | INFO     |     准确率: 0.631632
2025-07-27 16:01:41 | INFO     |     学习率: 0.00010000
2025-07-27 16:01:41 | INFO     |   验证指标(标准CE):
2025-07-27 16:01:41 | INFO     |     损失: 6.555749
2025-07-27 16:01:41 | INFO     |     准确率: 0.614615
2025-07-27 16:01:41 | INFO     |     F1(macro): 0.588773
2025-07-27 16:01:41 | INFO     |     F1(weighted): 0.596562
2025-07-27 16:01:41 | INFO     |     精确率: 0.620921
2025-07-27 16:01:41 | INFO     |     召回率: 0.611894
2025-07-27 16:01:41 | INFO     |   学习率调度器: f1_based
2025-07-27 16:01:41 | INFO     | ------------------------------------------------------------
2025-07-27 16:01:41 | INFO     | Epoch  20 | Train: Loss=1.3250, Acc=0.6316 | Val: Loss=6.5557, Acc=0.6146, F1=0.5966 | LR=0.000100 
2025-07-27 16:02:29 | INFO     | Epoch 21:
2025-07-27 16:02:29 | INFO     |   训练指标:
2025-07-27 16:02:29 | INFO     |     损失(ce): 1.187796
2025-07-27 16:02:29 | INFO     |     准确率: 0.650901
2025-07-27 16:02:29 | INFO     |     学习率: 0.00010000
2025-07-27 16:02:29 | INFO     |   验证指标(标准CE):
2025-07-27 16:02:29 | INFO     |     损失: 0.929431
2025-07-27 16:02:29 | INFO     |     准确率: 0.734735
2025-07-27 16:02:29 | INFO     |     F1(macro): 0.727432
2025-07-27 16:02:29 | INFO     |     F1(weighted): 0.729785
2025-07-27 16:02:29 | INFO     |     精确率: 0.730141
2025-07-27 16:02:29 | INFO     |     召回率: 0.733749
2025-07-27 16:02:29 | INFO     |   学习率调度器: f1_based
2025-07-27 16:02:29 | INFO     | ------------------------------------------------------------
2025-07-27 16:02:29 | INFO     | Epoch  21 | Train: Loss=1.1878, Acc=0.6509 | Val: Loss=0.9294, Acc=0.7347, F1=0.7298 | LR=0.000100 🏆 [最佳模型]
2025-07-27 16:03:17 | INFO     | Epoch 22:
2025-07-27 16:03:17 | INFO     |   训练指标:
2025-07-27 16:03:17 | INFO     |     损失(ce): 1.165974
2025-07-27 16:03:17 | INFO     |     准确率: 0.666667
2025-07-27 16:03:17 | INFO     |     学习率: 0.00010000
2025-07-27 16:03:17 | INFO     |   验证指标(标准CE):
2025-07-27 16:03:17 | INFO     |     损失: 3.056563
2025-07-27 16:03:17 | INFO     |     准确率: 0.698699
2025-07-27 16:03:17 | INFO     |     F1(macro): 0.697491
2025-07-27 16:03:17 | INFO     |     F1(weighted): 0.700176
2025-07-27 16:03:17 | INFO     |     精确率: 0.729629
2025-07-27 16:03:17 | INFO     |     召回率: 0.695031
2025-07-27 16:03:17 | INFO     |   学习率调度器: f1_based
2025-07-27 16:03:17 | INFO     | ------------------------------------------------------------
2025-07-27 16:03:17 | INFO     | Epoch  22 | Train: Loss=1.1660, Acc=0.6667 | Val: Loss=3.0566, Acc=0.6987, F1=0.7002 | LR=0.000100 
2025-07-27 16:04:04 | INFO     | Epoch 23:
2025-07-27 16:04:04 | INFO     |   训练指标:
2025-07-27 16:04:04 | INFO     |     损失(ce): 1.130949
2025-07-27 16:04:04 | INFO     |     准确率: 0.673674
2025-07-27 16:04:04 | INFO     |     学习率: 0.00010000
2025-07-27 16:04:04 | INFO     |   验证指标(标准CE):
2025-07-27 16:04:04 | INFO     |     损失: 0.946667
2025-07-27 16:04:04 | INFO     |     准确率: 0.730731
2025-07-27 16:04:04 | INFO     |     F1(macro): 0.712473
2025-07-27 16:04:04 | INFO     |     F1(weighted): 0.713196
2025-07-27 16:04:04 | INFO     |     精确率: 0.721423
2025-07-27 16:04:04 | INFO     |     召回率: 0.732643
2025-07-27 16:04:04 | INFO     |   学习率调度器: f1_based
2025-07-27 16:04:04 | INFO     | ------------------------------------------------------------
2025-07-27 16:04:04 | INFO     | Epoch  23 | Train: Loss=1.1309, Acc=0.6737 | Val: Loss=0.9467, Acc=0.7307, F1=0.7132 | LR=0.000100 
2025-07-27 16:04:52 | INFO     | Epoch 24:
2025-07-27 16:04:52 | INFO     |   训练指标:
2025-07-27 16:04:52 | INFO     |     损失(ce): 1.069343
2025-07-27 16:04:52 | INFO     |     准确率: 0.693694
2025-07-27 16:04:52 | INFO     |     学习率: 0.00010000
2025-07-27 16:04:52 | INFO     |   验证指标(标准CE):
2025-07-27 16:04:52 | INFO     |     损失: 0.948473
2025-07-27 16:04:52 | INFO     |     准确率: 0.734735
2025-07-27 16:04:52 | INFO     |     F1(macro): 0.723657
2025-07-27 16:04:52 | INFO     |     F1(weighted): 0.726441
2025-07-27 16:04:52 | INFO     |     精确率: 0.725884
2025-07-27 16:04:52 | INFO     |     召回率: 0.731603
2025-07-27 16:04:52 | INFO     |   学习率调度器: f1_based
2025-07-27 16:04:52 | INFO     | ------------------------------------------------------------
2025-07-27 16:04:52 | INFO     | Epoch  24 | Train: Loss=1.0693, Acc=0.6937 | Val: Loss=0.9485, Acc=0.7347, F1=0.7264 | LR=0.000100 
2025-07-27 16:05:40 | INFO     | Epoch 25:
2025-07-27 16:05:40 | INFO     |   训练指标:
2025-07-27 16:05:40 | INFO     |     损失(ce): 1.011027
2025-07-27 16:05:40 | INFO     |     准确率: 0.698448
2025-07-27 16:05:40 | INFO     |     学习率: 0.00010000
2025-07-27 16:05:40 | INFO     |   验证指标(标准CE):
2025-07-27 16:05:40 | INFO     |     损失: 1.323832
2025-07-27 16:05:40 | INFO     |     准确率: 0.688689
2025-07-27 16:05:40 | INFO     |     F1(macro): 0.680535
2025-07-27 16:05:40 | INFO     |     F1(weighted): 0.685193
2025-07-27 16:05:40 | INFO     |     精确率: 0.681390
2025-07-27 16:05:40 | INFO     |     召回率: 0.686572
2025-07-27 16:05:40 | INFO     |   学习率调度器: f1_based
2025-07-27 16:05:40 | INFO     | ------------------------------------------------------------
2025-07-27 16:05:40 | INFO     | Epoch  25 | Train: Loss=1.0110, Acc=0.6984 | Val: Loss=1.3238, Acc=0.6887, F1=0.6852 | LR=0.000100 
2025-07-27 16:06:28 | INFO     | Epoch 26:
2025-07-27 16:06:28 | INFO     |   训练指标:
2025-07-27 16:06:28 | INFO     |     损失(ce): 0.917973
2025-07-27 16:06:28 | INFO     |     准确率: 0.713463
2025-07-27 16:06:28 | INFO     |     学习率: 0.00010000
2025-07-27 16:06:28 | INFO     |   验证指标(标准CE):
2025-07-27 16:06:28 | INFO     |     损失: 1.448481
2025-07-27 16:06:28 | INFO     |     准确率: 0.712713
2025-07-27 16:06:28 | INFO     |     F1(macro): 0.706395
2025-07-27 16:06:28 | INFO     |     F1(weighted): 0.709585
2025-07-27 16:06:28 | INFO     |     精确率: 0.716132
2025-07-27 16:06:28 | INFO     |     召回率: 0.707365
2025-07-27 16:06:28 | INFO     |   学习率调度器: f1_based
2025-07-27 16:06:28 | INFO     | ------------------------------------------------------------
2025-07-27 16:06:28 | INFO     | Epoch  26 | Train: Loss=0.9180, Acc=0.7135 | Val: Loss=1.4485, Acc=0.7127, F1=0.7096 | LR=0.000100 
2025-07-27 16:07:16 | INFO     | Epoch 27:
2025-07-27 16:07:16 | INFO     |   训练指标:
2025-07-27 16:07:16 | INFO     |     损失(ce): 0.895696
2025-07-27 16:07:16 | INFO     |     准确率: 0.726476
2025-07-27 16:07:16 | INFO     |     学习率: 0.00010000
2025-07-27 16:07:16 | INFO     |   验证指标(标准CE):
2025-07-27 16:07:16 | INFO     |     损失: 1.003423
2025-07-27 16:07:16 | INFO     |     准确率: 0.730731
2025-07-27 16:07:16 | INFO     |     F1(macro): 0.724461
2025-07-27 16:07:16 | INFO     |     F1(weighted): 0.726924
2025-07-27 16:07:16 | INFO     |     精确率: 0.734367
2025-07-27 16:07:16 | INFO     |     召回率: 0.730513
2025-07-27 16:07:16 | INFO     |   学习率调度器: f1_based
2025-07-27 16:07:16 | INFO     | ------------------------------------------------------------
2025-07-27 16:07:16 | INFO     | 🎯 学习率调整事件:
2025-07-27 16:07:16 | INFO     |   调度器类型: f1_based
2025-07-27 16:07:16 | INFO     |   学习率变化: 0.00010000 → 0.00005000
2025-07-27 16:07:16 | INFO     |   触发条件: F1分数 = 0.726924
2025-07-27 16:07:16 | INFO     |   变化幅度: -50.00%
2025-07-27 16:07:16 | INFO     | ------------------------------------------------------------
2025-07-27 16:07:16 | INFO     | Epoch  27 | Train: Loss=0.8957, Acc=0.7265 | Val: Loss=1.0034, Acc=0.7307, F1=0.7269 | LR=0.000050 
2025-07-27 16:08:03 | INFO     | Epoch 28:
2025-07-27 16:08:03 | INFO     |   训练指标:
2025-07-27 16:08:03 | INFO     |     损失(ce): 0.747982
2025-07-27 16:08:03 | INFO     |     准确率: 0.762513
2025-07-27 16:08:03 | INFO     |     学习率: 0.00005000
2025-07-27 16:08:03 | INFO     |   验证指标(标准CE):
2025-07-27 16:08:03 | INFO     |     损失: 1.353459
2025-07-27 16:08:03 | INFO     |     准确率: 0.744745
2025-07-27 16:08:03 | INFO     |     F1(macro): 0.739362
2025-07-27 16:08:03 | INFO     |     F1(weighted): 0.743017
2025-07-27 16:08:03 | INFO     |     精确率: 0.764963
2025-07-27 16:08:03 | INFO     |     召回率: 0.738310
2025-07-27 16:08:03 | INFO     |   学习率调度器: f1_based
2025-07-27 16:08:03 | INFO     | ------------------------------------------------------------
2025-07-27 16:08:03 | INFO     | Epoch  28 | Train: Loss=0.7480, Acc=0.7625 | Val: Loss=1.3535, Acc=0.7447, F1=0.7430 | LR=0.000050 🏆 [最佳模型]
2025-07-27 16:08:52 | INFO     | Epoch 29:
2025-07-27 16:08:52 | INFO     |   训练指标:
2025-07-27 16:08:52 | INFO     |     损失(ce): 0.630286
2025-07-27 16:08:52 | INFO     |     准确率: 0.787538
2025-07-27 16:08:52 | INFO     |     学习率: 0.00005000
2025-07-27 16:08:52 | INFO     |   验证指标(标准CE):
2025-07-27 16:08:52 | INFO     |     损失: 2.618939
2025-07-27 16:08:52 | INFO     |     准确率: 0.729730
2025-07-27 16:08:52 | INFO     |     F1(macro): 0.719273
2025-07-27 16:08:52 | INFO     |     F1(weighted): 0.720354
2025-07-27 16:08:52 | INFO     |     精确率: 0.714978
2025-07-27 16:08:52 | INFO     |     召回率: 0.729521
2025-07-27 16:08:52 | INFO     |   学习率调度器: f1_based
2025-07-27 16:08:52 | INFO     | ------------------------------------------------------------
2025-07-27 16:08:52 | INFO     | Epoch  29 | Train: Loss=0.6303, Acc=0.7875 | Val: Loss=2.6189, Acc=0.7297, F1=0.7204 | LR=0.000050 
2025-07-27 16:09:40 | INFO     | Epoch 30:
2025-07-27 16:09:40 | INFO     |   训练指标:
2025-07-27 16:09:40 | INFO     |     损失(ce): 0.571373
2025-07-27 16:09:40 | INFO     |     准确率: 0.802052
2025-07-27 16:09:40 | INFO     |     学习率: 0.00005000
2025-07-27 16:09:40 | INFO     |   验证指标(标准CE):
2025-07-27 16:09:40 | INFO     |     损失: 3.392113
2025-07-27 16:09:40 | INFO     |     准确率: 0.748749
2025-07-27 16:09:40 | INFO     |     F1(macro): 0.743090
2025-07-27 16:09:40 | INFO     |     F1(weighted): 0.745745
2025-07-27 16:09:40 | INFO     |     精确率: 0.749205
2025-07-27 16:09:40 | INFO     |     召回率: 0.744989
2025-07-27 16:09:40 | INFO     |   学习率调度器: f1_based
2025-07-27 16:09:40 | INFO     | ------------------------------------------------------------
2025-07-27 16:09:40 | INFO     | Epoch  30 | Train: Loss=0.5714, Acc=0.8021 | Val: Loss=3.3921, Acc=0.7487, F1=0.7457 | LR=0.000050 🏆 [最佳模型]
2025-07-27 16:10:28 | INFO     | Epoch 31:
2025-07-27 16:10:28 | INFO     |   训练指标:
2025-07-27 16:10:28 | INFO     |     损失(ce): 0.578863
2025-07-27 16:10:28 | INFO     |     准确率: 0.802803
2025-07-27 16:10:28 | INFO     |     学习率: 0.00005000
2025-07-27 16:10:28 | INFO     |   验证指标(标准CE):
2025-07-27 16:10:28 | INFO     |     损失: 1.831285
2025-07-27 16:10:28 | INFO     |     准确率: 0.713714
2025-07-27 16:10:28 | INFO     |     F1(macro): 0.720951
2025-07-27 16:10:28 | INFO     |     F1(weighted): 0.723171
2025-07-27 16:10:28 | INFO     |     精确率: 0.759816
2025-07-27 16:10:28 | INFO     |     召回率: 0.709010
2025-07-27 16:10:28 | INFO     |   学习率调度器: f1_based
2025-07-27 16:10:28 | INFO     | ------------------------------------------------------------
2025-07-27 16:10:28 | INFO     | Epoch  31 | Train: Loss=0.5789, Acc=0.8028 | Val: Loss=1.8313, Acc=0.7137, F1=0.7232 | LR=0.000050 
2025-07-27 16:11:16 | INFO     | Epoch 32:
2025-07-27 16:11:16 | INFO     |   训练指标:
2025-07-27 16:11:16 | INFO     |     损失(ce): 0.545732
2025-07-27 16:11:16 | INFO     |     准确率: 0.811562
2025-07-27 16:11:16 | INFO     |     学习率: 0.00005000
2025-07-27 16:11:16 | INFO     |   验证指标(标准CE):
2025-07-27 16:11:16 | INFO     |     损失: 4.165871
2025-07-27 16:11:16 | INFO     |     准确率: 0.675676
2025-07-27 16:11:16 | INFO     |     F1(macro): 0.674746
2025-07-27 16:11:16 | INFO     |     F1(weighted): 0.674144
2025-07-27 16:11:16 | INFO     |     精确率: 0.693662
2025-07-27 16:11:16 | INFO     |     召回率: 0.677594
2025-07-27 16:11:16 | INFO     |   学习率调度器: f1_based
2025-07-27 16:11:16 | INFO     | ------------------------------------------------------------
2025-07-27 16:11:16 | INFO     | Epoch  32 | Train: Loss=0.5457, Acc=0.8116 | Val: Loss=4.1659, Acc=0.6757, F1=0.6741 | LR=0.000050 
2025-07-27 16:12:03 | INFO     | Epoch 33:
2025-07-27 16:12:03 | INFO     |   训练指标:
2025-07-27 16:12:03 | INFO     |     损失(ce): 0.566883
2025-07-27 16:12:03 | INFO     |     准确率: 0.817568
2025-07-27 16:12:03 | INFO     |     学习率: 0.00005000
2025-07-27 16:12:03 | INFO     |   验证指标(标准CE):
2025-07-27 16:12:03 | INFO     |     损失: 0.908046
2025-07-27 16:12:03 | INFO     |     准确率: 0.765766
2025-07-27 16:12:03 | INFO     |     F1(macro): 0.765012
2025-07-27 16:12:03 | INFO     |     F1(weighted): 0.768587
2025-07-27 16:12:03 | INFO     |     精确率: 0.773128
2025-07-27 16:12:03 | INFO     |     召回率: 0.761314
2025-07-27 16:12:03 | INFO     |   学习率调度器: f1_based
2025-07-27 16:12:03 | INFO     | ------------------------------------------------------------
2025-07-27 16:12:03 | INFO     | Epoch  33 | Train: Loss=0.5669, Acc=0.8176 | Val: Loss=0.9080, Acc=0.7658, F1=0.7686 | LR=0.000050 🏆 [最佳模型]
2025-07-27 16:12:52 | INFO     | Epoch 34:
2025-07-27 16:12:52 | INFO     |   训练指标:
2025-07-27 16:12:52 | INFO     |     损失(ce): 0.526935
2025-07-27 16:12:52 | INFO     |     准确率: 0.827327
2025-07-27 16:12:52 | INFO     |     学习率: 0.00005000
2025-07-27 16:12:52 | INFO     |   验证指标(标准CE):
2025-07-27 16:12:52 | INFO     |     损失: 3.475352
2025-07-27 16:12:52 | INFO     |     准确率: 0.737738
2025-07-27 16:12:52 | INFO     |     F1(macro): 0.738892
2025-07-27 16:12:52 | INFO     |     F1(weighted): 0.738353
2025-07-27 16:12:52 | INFO     |     精确率: 0.744868
2025-07-27 16:12:52 | INFO     |     召回率: 0.739774
2025-07-27 16:12:52 | INFO     |   学习率调度器: f1_based
2025-07-27 16:12:52 | INFO     | ------------------------------------------------------------
2025-07-27 16:12:52 | INFO     | Epoch  34 | Train: Loss=0.5269, Acc=0.8273 | Val: Loss=3.4754, Acc=0.7377, F1=0.7384 | LR=0.000050 
2025-07-27 16:13:39 | INFO     | Epoch 35:
2025-07-27 16:13:39 | INFO     |   训练指标:
2025-07-27 16:13:39 | INFO     |     损失(ce): 0.501199
2025-07-27 16:13:39 | INFO     |     准确率: 0.834585
2025-07-27 16:13:39 | INFO     |     学习率: 0.00005000
2025-07-27 16:13:39 | INFO     |   验证指标(标准CE):
2025-07-27 16:13:39 | INFO     |     损失: 3.652061
2025-07-27 16:13:39 | INFO     |     准确率: 0.714715
2025-07-27 16:13:39 | INFO     |     F1(macro): 0.711811
2025-07-27 16:13:39 | INFO     |     F1(weighted): 0.715246
2025-07-27 16:13:39 | INFO     |     精确率: 0.726406
2025-07-27 16:13:39 | INFO     |     召回率: 0.712826
2025-07-27 16:13:39 | INFO     |   学习率调度器: f1_based
2025-07-27 16:13:39 | INFO     | ------------------------------------------------------------
2025-07-27 16:13:39 | INFO     | Epoch  35 | Train: Loss=0.5012, Acc=0.8346 | Val: Loss=3.6521, Acc=0.7147, F1=0.7152 | LR=0.000050 
2025-07-27 16:14:27 | INFO     | Epoch 36:
2025-07-27 16:14:27 | INFO     |   训练指标:
2025-07-27 16:14:27 | INFO     |     损失(ce): 0.494071
2025-07-27 16:14:27 | INFO     |     准确率: 0.830080
2025-07-27 16:14:27 | INFO     |     学习率: 0.00005000
2025-07-27 16:14:27 | INFO     |   验证指标(标准CE):
2025-07-27 16:14:27 | INFO     |     损失: 0.711177
2025-07-27 16:14:27 | INFO     |     准确率: 0.791792
2025-07-27 16:14:27 | INFO     |     F1(macro): 0.787734
2025-07-27 16:14:27 | INFO     |     F1(weighted): 0.791106
2025-07-27 16:14:27 | INFO     |     精确率: 0.790456
2025-07-27 16:14:27 | INFO     |     召回率: 0.787973
2025-07-27 16:14:27 | INFO     |   学习率调度器: f1_based
2025-07-27 16:14:27 | INFO     | ------------------------------------------------------------
2025-07-27 16:14:27 | INFO     | Epoch  36 | Train: Loss=0.4941, Acc=0.8301 | Val: Loss=0.7112, Acc=0.7918, F1=0.7911 | LR=0.000050 🏆 [最佳模型]
2025-07-27 16:15:15 | INFO     | Epoch 37:
2025-07-27 16:15:15 | INFO     |   训练指标:
2025-07-27 16:15:15 | INFO     |     损失(ce): 0.479437
2025-07-27 16:15:15 | INFO     |     准确率: 0.830330
2025-07-27 16:15:15 | INFO     |     学习率: 0.00005000
2025-07-27 16:15:15 | INFO     |   验证指标(标准CE):
2025-07-27 16:15:15 | INFO     |     损失: 2.511732
2025-07-27 16:15:15 | INFO     |     准确率: 0.725726
2025-07-27 16:15:15 | INFO     |     F1(macro): 0.722377
2025-07-27 16:15:15 | INFO     |     F1(weighted): 0.724734
2025-07-27 16:15:15 | INFO     |     精确率: 0.741309
2025-07-27 16:15:15 | INFO     |     召回率: 0.727004
2025-07-27 16:15:15 | INFO     |   学习率调度器: f1_based
2025-07-27 16:15:15 | INFO     | ------------------------------------------------------------
2025-07-27 16:15:15 | INFO     | Epoch  37 | Train: Loss=0.4794, Acc=0.8303 | Val: Loss=2.5117, Acc=0.7257, F1=0.7247 | LR=0.000050 
2025-07-27 16:16:03 | INFO     | Epoch 38:
2025-07-27 16:16:03 | INFO     |   训练指标:
2025-07-27 16:16:03 | INFO     |     损失(ce): 0.426096
2025-07-27 16:16:03 | INFO     |     准确率: 0.847347
2025-07-27 16:16:03 | INFO     |     学习率: 0.00005000
2025-07-27 16:16:03 | INFO     |   验证指标(标准CE):
2025-07-27 16:16:03 | INFO     |     损失: 1.861495
2025-07-27 16:16:03 | INFO     |     准确率: 0.742743
2025-07-27 16:16:03 | INFO     |     F1(macro): 0.745631
2025-07-27 16:16:03 | INFO     |     F1(weighted): 0.747594
2025-07-27 16:16:03 | INFO     |     精确率: 0.764801
2025-07-27 16:16:03 | INFO     |     召回率: 0.739970
2025-07-27 16:16:03 | INFO     |   学习率调度器: f1_based
2025-07-27 16:16:03 | INFO     | ------------------------------------------------------------
2025-07-27 16:16:03 | INFO     | Epoch  38 | Train: Loss=0.4261, Acc=0.8473 | Val: Loss=1.8615, Acc=0.7427, F1=0.7476 | LR=0.000050 
2025-07-27 16:16:50 | INFO     | Epoch 39:
2025-07-27 16:16:50 | INFO     |   训练指标:
2025-07-27 16:16:50 | INFO     |     损失(ce): 0.492995
2025-07-27 16:16:50 | INFO     |     准确率: 0.845846
2025-07-27 16:16:50 | INFO     |     学习率: 0.00005000
2025-07-27 16:16:50 | INFO     |   验证指标(标准CE):
2025-07-27 16:16:50 | INFO     |     损失: 1.083169
2025-07-27 16:16:50 | INFO     |     准确率: 0.760761
2025-07-27 16:16:50 | INFO     |     F1(macro): 0.756245
2025-07-27 16:16:50 | INFO     |     F1(weighted): 0.758894
2025-07-27 16:16:50 | INFO     |     精确率: 0.759678
2025-07-27 16:16:50 | INFO     |     召回率: 0.760587
2025-07-27 16:16:50 | INFO     |   学习率调度器: f1_based
2025-07-27 16:16:50 | INFO     | ------------------------------------------------------------
2025-07-27 16:16:50 | INFO     | Epoch  39 | Train: Loss=0.4930, Acc=0.8458 | Val: Loss=1.0832, Acc=0.7608, F1=0.7589 | LR=0.000050 
2025-07-27 16:17:38 | INFO     | Epoch 40:
2025-07-27 16:17:38 | INFO     |   训练指标:
2025-07-27 16:17:38 | INFO     |     损失(ce): 0.432210
2025-07-27 16:17:38 | INFO     |     准确率: 0.841592
2025-07-27 16:17:38 | INFO     |     学习率: 0.00005000
2025-07-27 16:17:38 | INFO     |   验证指标(标准CE):
2025-07-27 16:17:38 | INFO     |     损失: 1.439441
2025-07-27 16:17:38 | INFO     |     准确率: 0.755756
2025-07-27 16:17:38 | INFO     |     F1(macro): 0.749098
2025-07-27 16:17:38 | INFO     |     F1(weighted): 0.752053
2025-07-27 16:17:38 | INFO     |     精确率: 0.749138
2025-07-27 16:17:38 | INFO     |     召回率: 0.752979
2025-07-27 16:17:38 | INFO     |   学习率调度器: f1_based
2025-07-27 16:17:38 | INFO     | ------------------------------------------------------------
2025-07-27 16:17:38 | INFO     | Epoch  40 | Train: Loss=0.4322, Acc=0.8416 | Val: Loss=1.4394, Acc=0.7558, F1=0.7521 | LR=0.000050 
2025-07-27 16:18:25 | INFO     | Epoch 41:
2025-07-27 16:18:25 | INFO     |   训练指标:
2025-07-27 16:18:25 | INFO     |     损失(ce): 0.438162
2025-07-27 16:18:25 | INFO     |     准确率: 0.850100
2025-07-27 16:18:25 | INFO     |     学习率: 0.00005000
2025-07-27 16:18:25 | INFO     |   验证指标(标准CE):
2025-07-27 16:18:25 | INFO     |     损失: 0.867001
2025-07-27 16:18:25 | INFO     |     准确率: 0.776777
2025-07-27 16:18:25 | INFO     |     F1(macro): 0.773554
2025-07-27 16:18:25 | INFO     |     F1(weighted): 0.775268
2025-07-27 16:18:25 | INFO     |     精确率: 0.774014
2025-07-27 16:18:25 | INFO     |     召回率: 0.776356
2025-07-27 16:18:25 | INFO     |   学习率调度器: f1_based
2025-07-27 16:18:25 | INFO     | ------------------------------------------------------------
2025-07-27 16:18:25 | INFO     | Epoch  41 | Train: Loss=0.4382, Acc=0.8501 | Val: Loss=0.8670, Acc=0.7768, F1=0.7753 | LR=0.000050 
2025-07-27 16:19:12 | INFO     | Epoch 42:
2025-07-27 16:19:12 | INFO     |   训练指标:
2025-07-27 16:19:12 | INFO     |     损失(ce): 0.408081
2025-07-27 16:19:12 | INFO     |     准确率: 0.860611
2025-07-27 16:19:12 | INFO     |     学习率: 0.00005000
2025-07-27 16:19:12 | INFO     |   验证指标(标准CE):
2025-07-27 16:19:12 | INFO     |     损失: 1.247616
2025-07-27 16:19:12 | INFO     |     准确率: 0.742743
2025-07-27 16:19:12 | INFO     |     F1(macro): 0.740994
2025-07-27 16:19:12 | INFO     |     F1(weighted): 0.741984
2025-07-27 16:19:12 | INFO     |     精确率: 0.750706
2025-07-27 16:19:12 | INFO     |     召回率: 0.743457
2025-07-27 16:19:12 | INFO     |   学习率调度器: f1_based
2025-07-27 16:19:12 | INFO     | ------------------------------------------------------------
2025-07-27 16:19:12 | INFO     | 🎯 学习率调整事件:
2025-07-27 16:19:12 | INFO     |   调度器类型: f1_based
2025-07-27 16:19:12 | INFO     |   学习率变化: 0.00005000 → 0.00002500
2025-07-27 16:19:12 | INFO     |   触发条件: F1分数 = 0.741984
2025-07-27 16:19:12 | INFO     |   变化幅度: -50.00%
2025-07-27 16:19:12 | INFO     | ------------------------------------------------------------
2025-07-27 16:19:12 | INFO     | Epoch  42 | Train: Loss=0.4081, Acc=0.8606 | Val: Loss=1.2476, Acc=0.7427, F1=0.7420 | LR=0.000025 
2025-07-27 16:20:00 | INFO     | Epoch 43:
2025-07-27 16:20:00 | INFO     |   训练指标:
2025-07-27 16:20:00 | INFO     |     损失(ce): 0.355106
2025-07-27 16:20:00 | INFO     |     准确率: 0.872372
2025-07-27 16:20:00 | INFO     |     学习率: 0.00002500
2025-07-27 16:20:00 | INFO     |   验证指标(标准CE):
2025-07-27 16:20:00 | INFO     |     损失: 1.875460
2025-07-27 16:20:00 | INFO     |     准确率: 0.736737
2025-07-27 16:20:00 | INFO     |     F1(macro): 0.737614
2025-07-27 16:20:00 | INFO     |     F1(weighted): 0.738437
2025-07-27 16:20:00 | INFO     |     精确率: 0.740171
2025-07-27 16:20:00 | INFO     |     召回率: 0.736999
2025-07-27 16:20:00 | INFO     |   学习率调度器: f1_based
2025-07-27 16:20:00 | INFO     | ------------------------------------------------------------
2025-07-27 16:20:00 | INFO     | Epoch  43 | Train: Loss=0.3551, Acc=0.8724 | Val: Loss=1.8755, Acc=0.7367, F1=0.7384 | LR=0.000025 
2025-07-27 16:20:48 | INFO     | Epoch 44:
2025-07-27 16:20:48 | INFO     |   训练指标:
2025-07-27 16:20:48 | INFO     |     损失(ce): 0.326279
2025-07-27 16:20:48 | INFO     |     准确率: 0.880130
2025-07-27 16:20:48 | INFO     |     学习率: 0.00002500
2025-07-27 16:20:48 | INFO     |   验证指标(标准CE):
2025-07-27 16:20:48 | INFO     |     损失: 0.867466
2025-07-27 16:20:48 | INFO     |     准确率: 0.786787
2025-07-27 16:20:48 | INFO     |     F1(macro): 0.786844
2025-07-27 16:20:48 | INFO     |     F1(weighted): 0.789121
2025-07-27 16:20:48 | INFO     |     精确率: 0.792276
2025-07-27 16:20:48 | INFO     |     召回率: 0.785525
2025-07-27 16:20:48 | INFO     |   学习率调度器: f1_based
2025-07-27 16:20:48 | INFO     | ------------------------------------------------------------
2025-07-27 16:20:48 | INFO     | Epoch  44 | Train: Loss=0.3263, Acc=0.8801 | Val: Loss=0.8675, Acc=0.7868, F1=0.7891 | LR=0.000025 
2025-07-27 16:21:35 | INFO     | Epoch 45:
2025-07-27 16:21:35 | INFO     |   训练指标:
2025-07-27 16:21:35 | INFO     |     损失(ce): 0.332942
2025-07-27 16:21:35 | INFO     |     准确率: 0.877878
2025-07-27 16:21:35 | INFO     |     学习率: 0.00002500
2025-07-27 16:21:35 | INFO     |   验证指标(标准CE):
2025-07-27 16:21:35 | INFO     |     损失: 2.561515
2025-07-27 16:21:35 | INFO     |     准确率: 0.724725
2025-07-27 16:21:35 | INFO     |     F1(macro): 0.729648
2025-07-27 16:21:35 | INFO     |     F1(weighted): 0.732234
2025-07-27 16:21:35 | INFO     |     精确率: 0.743219
2025-07-27 16:21:35 | INFO     |     召回率: 0.721810
2025-07-27 16:21:35 | INFO     |   学习率调度器: f1_based
2025-07-27 16:21:35 | INFO     | ------------------------------------------------------------
2025-07-27 16:21:35 | INFO     | Epoch  45 | Train: Loss=0.3329, Acc=0.8779 | Val: Loss=2.5615, Acc=0.7247, F1=0.7322 | LR=0.000025 
2025-07-27 16:22:23 | INFO     | Epoch 46:
2025-07-27 16:22:23 | INFO     |   训练指标:
2025-07-27 16:22:23 | INFO     |     损失(ce): 0.324598
2025-07-27 16:22:23 | INFO     |     准确率: 0.882382
2025-07-27 16:22:23 | INFO     |     学习率: 0.00002500
2025-07-27 16:22:23 | INFO     |   验证指标(标准CE):
2025-07-27 16:22:23 | INFO     |     损失: 2.516113
2025-07-27 16:22:23 | INFO     |     准确率: 0.714715
2025-07-27 16:22:23 | INFO     |     F1(macro): 0.717563
2025-07-27 16:22:23 | INFO     |     F1(weighted): 0.719554
2025-07-27 16:22:23 | INFO     |     精确率: 0.731606
2025-07-27 16:22:23 | INFO     |     召回率: 0.713687
2025-07-27 16:22:23 | INFO     |   学习率调度器: f1_based
2025-07-27 16:22:23 | INFO     | ------------------------------------------------------------
2025-07-27 16:22:23 | INFO     | Epoch  46 | Train: Loss=0.3246, Acc=0.8824 | Val: Loss=2.5161, Acc=0.7147, F1=0.7196 | LR=0.000025 
2025-07-27 16:23:11 | INFO     | Epoch 47:
2025-07-27 16:23:11 | INFO     |   训练指标:
2025-07-27 16:23:11 | INFO     |     损失(ce): 0.293040
2025-07-27 16:23:11 | INFO     |     准确率: 0.890140
2025-07-27 16:23:11 | INFO     |     学习率: 0.00002500
2025-07-27 16:23:11 | INFO     |   验证指标(标准CE):
2025-07-27 16:23:11 | INFO     |     损失: 1.931911
2025-07-27 16:23:11 | INFO     |     准确率: 0.718719
2025-07-27 16:23:11 | INFO     |     F1(macro): 0.724391
2025-07-27 16:23:11 | INFO     |     F1(weighted): 0.727080
2025-07-27 16:23:11 | INFO     |     精确率: 0.742042
2025-07-27 16:23:11 | INFO     |     召回率: 0.715656
2025-07-27 16:23:11 | INFO     |   学习率调度器: f1_based
2025-07-27 16:23:11 | INFO     | ------------------------------------------------------------
2025-07-27 16:23:11 | INFO     | Epoch  47 | Train: Loss=0.2930, Acc=0.8901 | Val: Loss=1.9319, Acc=0.7187, F1=0.7271 | LR=0.000025 
2025-07-27 16:23:58 | INFO     | Epoch 48:
2025-07-27 16:23:58 | INFO     |   训练指标:
2025-07-27 16:23:58 | INFO     |     损失(ce): 0.298269
2025-07-27 16:23:58 | INFO     |     准确率: 0.895145
2025-07-27 16:23:58 | INFO     |     学习率: 0.00002500
2025-07-27 16:23:58 | INFO     |   验证指标(标准CE):
2025-07-27 16:23:58 | INFO     |     损失: 0.994904
2025-07-27 16:23:58 | INFO     |     准确率: 0.768769
2025-07-27 16:23:58 | INFO     |     F1(macro): 0.763901
2025-07-27 16:23:58 | INFO     |     F1(weighted): 0.766031
2025-07-27 16:23:58 | INFO     |     精确率: 0.769649
2025-07-27 16:23:58 | INFO     |     召回率: 0.769071
2025-07-27 16:23:58 | INFO     |   学习率调度器: f1_based
2025-07-27 16:23:58 | INFO     | ------------------------------------------------------------
2025-07-27 16:23:58 | INFO     | Epoch  48 | Train: Loss=0.2983, Acc=0.8951 | Val: Loss=0.9949, Acc=0.7688, F1=0.7660 | LR=0.000025 
2025-07-27 16:24:46 | INFO     | Epoch 49:
2025-07-27 16:24:46 | INFO     |   训练指标:
2025-07-27 16:24:46 | INFO     |     损失(ce): 0.294970
2025-07-27 16:24:46 | INFO     |     准确率: 0.894144
2025-07-27 16:24:46 | INFO     |     学习率: 0.00002500
2025-07-27 16:24:46 | INFO     |   验证指标(标准CE):
2025-07-27 16:24:46 | INFO     |     损失: 2.672514
2025-07-27 16:24:46 | INFO     |     准确率: 0.723724
2025-07-27 16:24:46 | INFO     |     F1(macro): 0.729198
2025-07-27 16:24:46 | INFO     |     F1(weighted): 0.729860
2025-07-27 16:24:46 | INFO     |     精确率: 0.751867
2025-07-27 16:24:46 | INFO     |     召回率: 0.722914
2025-07-27 16:24:46 | INFO     |   学习率调度器: f1_based
2025-07-27 16:24:46 | INFO     | ------------------------------------------------------------
2025-07-27 16:24:46 | INFO     | Epoch  49 | Train: Loss=0.2950, Acc=0.8941 | Val: Loss=2.6725, Acc=0.7237, F1=0.7299 | LR=0.000025 
2025-07-27 16:25:33 | INFO     | Epoch 50:
2025-07-27 16:25:33 | INFO     |   训练指标:
2025-07-27 16:25:33 | INFO     |     损失(ce): 0.275424
2025-07-27 16:25:33 | INFO     |     准确率: 0.892643
2025-07-27 16:25:33 | INFO     |     学习率: 0.00002500
2025-07-27 16:25:33 | INFO     |   验证指标(标准CE):
2025-07-27 16:25:33 | INFO     |     损失: 4.166162
2025-07-27 16:25:33 | INFO     |     准确率: 0.721722
2025-07-27 16:25:33 | INFO     |     F1(macro): 0.720099
2025-07-27 16:25:33 | INFO     |     F1(weighted): 0.725109
2025-07-27 16:25:33 | INFO     |     精确率: 0.742606
2025-07-27 16:25:33 | INFO     |     召回率: 0.719710
2025-07-27 16:25:33 | INFO     |   学习率调度器: f1_based
2025-07-27 16:25:33 | INFO     | ------------------------------------------------------------
2025-07-27 16:25:33 | INFO     | 🎯 学习率调整事件:
2025-07-27 16:25:33 | INFO     |   调度器类型: f1_based
2025-07-27 16:25:33 | INFO     |   学习率变化: 0.00002500 → 0.00001250
2025-07-27 16:25:33 | INFO     |   触发条件: F1分数 = 0.725109
2025-07-27 16:25:33 | INFO     |   变化幅度: -50.00%
2025-07-27 16:25:33 | INFO     | ------------------------------------------------------------
2025-07-27 16:25:33 | INFO     | Epoch  50 | Train: Loss=0.2754, Acc=0.8926 | Val: Loss=4.1662, Acc=0.7217, F1=0.7251 | LR=0.000013 
2025-07-27 16:26:21 | INFO     | Epoch 51:
2025-07-27 16:26:21 | INFO     |   训练指标:
2025-07-27 16:26:21 | INFO     |     损失(ce): 0.262160
2025-07-27 16:26:21 | INFO     |     准确率: 0.903403
2025-07-27 16:26:21 | INFO     |     学习率: 0.00001250
2025-07-27 16:26:21 | INFO     |   验证指标(标准CE):
2025-07-27 16:26:21 | INFO     |     损失: 2.549729
2025-07-27 16:26:21 | INFO     |     准确率: 0.736737
2025-07-27 16:26:21 | INFO     |     F1(macro): 0.740176
2025-07-27 16:26:21 | INFO     |     F1(weighted): 0.743863
2025-07-27 16:26:21 | INFO     |     精确率: 0.757269
2025-07-27 16:26:21 | INFO     |     召回率: 0.734907
2025-07-27 16:26:21 | INFO     |   学习率调度器: f1_based
2025-07-27 16:26:21 | INFO     | ------------------------------------------------------------
2025-07-27 16:26:21 | INFO     | Epoch  51 | Train: Loss=0.2622, Acc=0.9034 | Val: Loss=2.5497, Acc=0.7367, F1=0.7439 | LR=0.000013 
2025-07-27 16:26:21 | INFO     | ⏹️ 早停触发，在第 51 轮停止训练
2025-07-27 16:26:25 | INFO     | 训练历史已保存到: ./result/0727_1545_DualGAF_SimpleGAFNet_消融-直接卷积-resnet_sl96_step96_fd128_extractor-dilated_gaf-adaptive_attention-channel_classifier-mlp_stat-basic_fusion-concat/training_history.csv
2025-07-27 16:26:25 | INFO     | 
====================================================================================================
2025-07-27 16:26:25 | INFO     | 🎉 训练完成总结:
2025-07-27 16:26:25 | INFO     |   训练损失函数: ce
2025-07-27 16:26:25 | INFO     |   验证损失函数: 标准交叉熵（遵循主流ML规范）
2025-07-27 16:26:25 | INFO     |   训练过程最佳验证准确率: 0.7918
2025-07-27 16:26:25 | INFO     |   训练过程最佳验证F1(macro): 0.7877
2025-07-27 16:26:25 | INFO     |   训练过程最佳验证F1(weighted): 0.7911
2025-07-27 16:26:25 | INFO     |   训练轮数: 51
2025-07-27 16:26:25 | INFO     | --------------------------------------------------
2025-07-27 16:26:25 | INFO     | 📊 最佳模型真实性能指标（基于标准交叉熵损失）:
2025-07-27 16:26:25 | INFO     |   验证损失(标准CE): 0.7118
2025-07-27 16:26:25 | INFO     |   验证准确率: 0.7918
2025-07-27 16:26:25 | INFO     |   验证F1(macro): 0.7877
2025-07-27 16:26:25 | INFO     |   验证F1(weighted): 0.7911
2025-07-27 16:26:25 | INFO     |   验证精确率: 0.7905
2025-07-27 16:26:25 | INFO     |   验证召回率: 0.7880
2025-07-27 16:26:25 | INFO     | ====================================================================================================
2025-07-27 16:26:27 | INFO     | ================================================================================
2025-07-27 16:26:27 | INFO     | 实验日志结束: DualGAF_SimpleGAFNet_消融-直接卷积-resnet_sl96_step96_fd128_extractor-dilated_gaf-adaptive_attention-channel_classifier-mlp_stat-basic_fusion-concat
2025-07-27 16:26:27 | INFO     | 结束时间: 2025-07-27 16:26:27
2025-07-27 16:26:27 | INFO     | ================================================================================
