2025-07-23 00:01:33 | INFO     | ================================================================================
2025-07-23 00:01:33 | INFO     | 实验日志开始: DualGAF_DualGAFNet_静态融合缩放+门控融合+自注意力_sl96_step96_fd128_extractor-dilated_gaf-adaptive_attention-self_classifier-mlp_stat-basic_fusion-gated
2025-07-23 00:01:33 | INFO     | 日志文件: ./result/0723_0001_DualGAF_DualGAFNet_静态融合缩放+门控融合+自注意力_sl96_step96_fd128_extractor-dilated_gaf-adaptive_attention-self_classifier-mlp_stat-basic_fusion-gated/training.log
2025-07-23 00:01:33 | INFO     | 开始时间: 2025-07-23 00:01:33
2025-07-23 00:01:33 | INFO     | ================================================================================
2025-07-23 00:01:33 | INFO     | ⚙️ 实验配置:
2025-07-23 00:01:33 | INFO     |    task_name: classification
2025-07-23 00:01:33 | INFO     |    is_training: 1
2025-07-23 00:01:33 | INFO     |    model_id: test
2025-07-23 00:01:33 | INFO     |    model: DualGAFNet
2025-07-23 00:01:33 | INFO     |    data: DualGAF
2025-07-23 00:01:33 | INFO     |    root_path: ./dataset/SAHU/direct_5_working
2025-07-23 00:01:33 | INFO     |    step: 96
2025-07-23 00:01:33 | INFO     |    checkpoints: ./checkpoints/
2025-07-23 00:01:33 | INFO     |    num_class: 9
2025-07-23 00:01:33 | INFO     |    result_path: ./result/
2025-07-23 00:01:33 | INFO     |    test_size: 0.2
2025-07-23 00:01:33 | INFO     |    rows: None
2025-07-23 00:01:33 | INFO     |    seq_len: 96
2025-07-23 00:01:33 | INFO     |    enc_in: 26
2025-07-23 00:01:33 | INFO     |    d_model: 512
2025-07-23 00:01:33 | INFO     |    n_heads: 8
2025-07-23 00:01:33 | INFO     |    e_layers: 2
2025-07-23 00:01:33 | INFO     |    d_layers: 1
2025-07-23 00:01:33 | INFO     |    d_ff: 2048
2025-07-23 00:01:33 | INFO     |    moving_avg: 25
2025-07-23 00:01:33 | INFO     |    factor: 1
2025-07-23 00:01:33 | INFO     |    distil: True
2025-07-23 00:01:33 | INFO     |    dropout: 0.1
2025-07-23 00:01:33 | INFO     |    embed: timeF
2025-07-23 00:01:33 | INFO     |    activation: gelu
2025-07-23 00:01:33 | INFO     |    use_norm: 1
2025-07-23 00:01:33 | INFO     |    gaf_method: summation
2025-07-23 00:01:33 | INFO     |    feature_dim: 128
2025-07-23 00:01:33 | INFO     |    data_type_method: uint8
2025-07-23 00:01:33 | INFO     |    use_attention: True
2025-07-23 00:01:33 | INFO     |    hidden_dim: 64
2025-07-23 00:01:33 | INFO     |    sample_size: 1000
2025-07-23 00:01:33 | INFO     |    channel_groups: None
2025-07-23 00:01:33 | INFO     |    hvac_groups: None
2025-07-23 00:01:33 | INFO     |    extractor_type: dilated
2025-07-23 00:01:33 | INFO     |    fusion_type: adaptive
2025-07-23 00:01:33 | INFO     |    attention_type: self
2025-07-23 00:01:33 | INFO     |    classifier_type: mlp
2025-07-23 00:01:33 | INFO     |    use_statistical_features: True
2025-07-23 00:01:33 | INFO     |    stat_type: basic
2025-07-23 00:01:33 | INFO     |    multimodal_fusion_strategy: gated
2025-07-23 00:01:33 | INFO     |    use_signal_level_stats: False
2025-07-23 00:01:33 | INFO     |    signal_stat_type: comprehensive
2025-07-23 00:01:33 | INFO     |    signal_stat_fusion_strategy: concat_project
2025-07-23 00:01:33 | INFO     |    signal_stat_feature_dim: 32
2025-07-23 00:01:33 | INFO     |    use_diff_branch: True
2025-07-23 00:01:33 | INFO     |    ablation_mode: none
2025-07-23 00:01:33 | INFO     |    backbone_type: resnet18
2025-07-23 00:01:33 | INFO     |    use_sum_branch: True
2025-07-23 00:01:33 | INFO     |    num_workers: 0
2025-07-23 00:01:33 | INFO     |    cuda_debug: False
2025-07-23 00:01:33 | INFO     |    gpu_memory_fraction: 0.9
2025-07-23 00:01:33 | INFO     |    safe_mode: True
2025-07-23 00:01:33 | INFO     |    drop_last_batch: True
2025-07-23 00:01:33 | INFO     |    itr: 1
2025-07-23 00:01:33 | INFO     |    train_epochs: 300
2025-07-23 00:01:33 | INFO     |    batch_size: 4
2025-07-23 00:01:33 | INFO     |    patience: 15
2025-07-23 00:01:33 | INFO     |    learning_rate: 0.0001
2025-07-23 00:01:33 | INFO     |    des: 静态融合缩放+门控融合+自注意力
2025-07-23 00:01:33 | INFO     |    loss: MSE
2025-07-23 00:01:33 | INFO     |    lradj: type1
2025-07-23 00:01:33 | INFO     |    lr_scheduler_type: f1_based
2025-07-23 00:01:33 | INFO     |    lr_loss_weight: 0.3
2025-07-23 00:01:33 | INFO     |    lr_f1_weight: 0.7
2025-07-23 00:01:33 | INFO     |    use_amp: False
2025-07-23 00:01:33 | INFO     |    gradient_accumulation_steps: 2
2025-07-23 00:01:33 | INFO     |    enable_auto_gradient_accumulation: True
2025-07-23 00:01:33 | INFO     |    loss_type: ce
2025-07-23 00:01:33 | INFO     |    label_smoothing: 0.1
2025-07-23 00:01:33 | INFO     |    focal_alpha: 1.0
2025-07-23 00:01:33 | INFO     |    focal_gamma: 2.0
2025-07-23 00:01:33 | INFO     |    confidence_penalty_beta: 0.1
2025-07-23 00:01:33 | INFO     |    use_timm_loss: True
2025-07-23 00:01:33 | INFO     |    adaptive_initial_smoothing: 0.2
2025-07-23 00:01:33 | INFO     |    adaptive_final_smoothing: 0.05
2025-07-23 00:01:33 | INFO     |    adaptive_decay_epochs: 30
2025-07-23 00:01:33 | INFO     |    enable_class_weights: False
2025-07-23 00:01:33 | INFO     |    class_weights: None
2025-07-23 00:01:33 | INFO     |    loss_preset: None
2025-07-23 00:01:33 | INFO     |    n_jobs: 1
2025-07-23 00:01:33 | INFO     |    use_multiprocessing: False
2025-07-23 00:01:33 | INFO     |    chunk_size: 800
2025-07-23 00:01:33 | INFO     |    disable_parallel: True
2025-07-23 00:01:33 | INFO     |    use_shared_memory: False
2025-07-23 00:01:33 | INFO     |    disable_shared_memory: False
2025-07-23 00:01:33 | INFO     |    use_gpu: True
2025-07-23 00:01:33 | INFO     |    gpu: 0
2025-07-23 00:01:33 | INFO     |    gpu_type: cuda
2025-07-23 00:01:33 | INFO     |    use_multi_gpu: False
2025-07-23 00:01:33 | INFO     |    devices: 0,1,2,3
2025-07-23 00:01:33 | INFO     |    device: cuda:0
2025-07-23 00:01:33 | INFO     |    feature_columns: ['CHWC_VLV', 'CHWC_VLV_DM', 'MA_TEMP', 'OA_CFM', 'OA_DMPR', 'OA_DMPR_DM', 'OA_TEMP', 'RA_CFM', 'RA_DMPR', 'RA_DMPR_DM', 'RA_TEMP', 'RF_CS', 'RF_SPD', 'RF_WAT', 'SA_CFM', 'SA_SP', 'SA_SPSPT', 'SA_TEMP', 'SF_CS', 'SF_SPD', 'SF_WAT', 'ZONE_TEMP_1', 'ZONE_TEMP_2', 'ZONE_TEMP_3', 'ZONE_TEMP_4', 'ZONE_TEMP_5']
2025-07-23 00:01:33 | INFO     | 🏗️ 模型信息:
2025-07-23 00:01:33 | INFO     |    模型类型: Model
2025-07-23 00:01:33 | INFO     |    总参数数量: 8,460,041
2025-07-23 00:01:33 | INFO     |    可训练参数: 8,460,041
2025-07-23 00:01:33 | INFO     |    模型大小估计: 32.27 MB
2025-07-23 00:01:33 | INFO     | 📊 数据集信息:
2025-07-23 00:01:33 | INFO     |    训练集大小: 3996
2025-07-23 00:01:33 | INFO     |    验证集大小: 999
2025-07-23 00:01:33 | INFO     | 
================================================================================
2025-07-23 00:01:33 | INFO     | 📋 损失函数使用策略（遵循主流机器学习规范）:
2025-07-23 00:01:33 | INFO     |    🎯 训练阶段: 使用 ce 损失函数
2025-07-23 00:01:33 | INFO     |       → 目的：优化模型参数，解决特定问题（类别不平衡、相似性等）
2025-07-23 00:01:33 | INFO     |    📊 验证阶段: 使用标准交叉熵损失函数
2025-07-23 00:01:33 | INFO     |       → 目的：客观评估模型性能，便于不同方法比较
2025-07-23 00:01:33 | INFO     |    📈 最终报告: 基于标准交叉熵损失的指标
2025-07-23 00:01:33 | INFO     |       → 目的：提供可信、可比较的性能指标
2025-07-23 00:01:33 | INFO     | ================================================================================

2025-07-23 00:01:33 | INFO     | 🔄 梯度累积配置: 每2轮累积一次梯度
2025-07-23 00:01:33 | INFO     |    实际batch_size: 4
2025-07-23 00:01:33 | INFO     |    有效batch_size: 8
2025-07-23 00:02:28 | INFO     | Epoch 1:
2025-07-23 00:02:28 | INFO     |   训练指标:
2025-07-23 00:02:28 | INFO     |     损失(ce): 1.221121
2025-07-23 00:02:28 | INFO     |     准确率: 0.587838
2025-07-23 00:02:28 | INFO     |     学习率: 0.00010000
2025-07-23 00:02:28 | INFO     |   验证指标(标准CE):
2025-07-23 00:02:28 | INFO     |     损失: 0.352283
2025-07-23 00:02:28 | INFO     |     准确率: 0.843844
2025-07-23 00:02:28 | INFO     |     F1(macro): 0.846331
2025-07-23 00:02:28 | INFO     |     F1(weighted): 0.843157
2025-07-23 00:02:28 | INFO     |     精确率: 0.864302
2025-07-23 00:02:28 | INFO     |     召回率: 0.844999
2025-07-23 00:02:28 | INFO     |   学习率调度器: f1_based
2025-07-23 00:02:28 | INFO     | ------------------------------------------------------------
2025-07-23 00:02:28 | INFO     | Epoch   1 | Train: Loss=1.2211, Acc=0.5878 | Val: Loss=0.3523, Acc=0.8438, F1=0.8432 | LR=0.000100 🏆 [最佳模型]
2025-07-23 00:03:23 | INFO     | Epoch 2:
2025-07-23 00:03:23 | INFO     |   训练指标:
2025-07-23 00:03:23 | INFO     |     损失(ce): 0.385342
2025-07-23 00:03:23 | INFO     |     准确率: 0.830831
2025-07-23 00:03:23 | INFO     |     学习率: 0.00010000
2025-07-23 00:03:23 | INFO     |   验证指标(标准CE):
2025-07-23 00:03:23 | INFO     |     损失: 0.316752
2025-07-23 00:03:23 | INFO     |     准确率: 0.847848
2025-07-23 00:03:23 | INFO     |     F1(macro): 0.826986
2025-07-23 00:03:23 | INFO     |     F1(weighted): 0.817851
2025-07-23 00:03:23 | INFO     |     精确率: 0.859351
2025-07-23 00:03:23 | INFO     |     召回率: 0.856202
2025-07-23 00:03:23 | INFO     |   学习率调度器: f1_based
2025-07-23 00:03:23 | INFO     | ------------------------------------------------------------
2025-07-23 00:03:23 | INFO     | Epoch   2 | Train: Loss=0.3853, Acc=0.8308 | Val: Loss=0.3168, Acc=0.8478, F1=0.8179 | LR=0.000100 
2025-07-23 00:04:18 | INFO     | Epoch 3:
2025-07-23 00:04:18 | INFO     |   训练指标:
2025-07-23 00:04:18 | INFO     |     损失(ce): 0.286349
2025-07-23 00:04:18 | INFO     |     准确率: 0.871121
2025-07-23 00:04:18 | INFO     |     学习率: 0.00010000
2025-07-23 00:04:18 | INFO     |   验证指标(标准CE):
2025-07-23 00:04:18 | INFO     |     损失: 0.214488
2025-07-23 00:04:18 | INFO     |     准确率: 0.913914
2025-07-23 00:04:18 | INFO     |     F1(macro): 0.910094
2025-07-23 00:04:18 | INFO     |     F1(weighted): 0.905281
2025-07-23 00:04:18 | INFO     |     精确率: 0.941373
2025-07-23 00:04:18 | INFO     |     召回率: 0.920388
2025-07-23 00:04:18 | INFO     |   学习率调度器: f1_based
2025-07-23 00:04:18 | INFO     | ------------------------------------------------------------
2025-07-23 00:04:18 | INFO     | Epoch   3 | Train: Loss=0.2863, Acc=0.8711 | Val: Loss=0.2145, Acc=0.9139, F1=0.9053 | LR=0.000100 🏆 [最佳模型]
2025-07-23 00:05:13 | INFO     | Epoch 4:
2025-07-23 00:05:13 | INFO     |   训练指标:
2025-07-23 00:05:13 | INFO     |     损失(ce): 0.198165
2025-07-23 00:05:13 | INFO     |     准确率: 0.917167
2025-07-23 00:05:13 | INFO     |     学习率: 0.00010000
2025-07-23 00:05:13 | INFO     |   验证指标(标准CE):
2025-07-23 00:05:13 | INFO     |     损失: 0.198688
2025-07-23 00:05:13 | INFO     |     准确率: 0.926927
2025-07-23 00:05:13 | INFO     |     F1(macro): 0.924393
2025-07-23 00:05:13 | INFO     |     F1(weighted): 0.922619
2025-07-23 00:05:13 | INFO     |     精确率: 0.946852
2025-07-23 00:05:13 | INFO     |     召回率: 0.927065
2025-07-23 00:05:13 | INFO     |   学习率调度器: f1_based
2025-07-23 00:05:13 | INFO     | ------------------------------------------------------------
2025-07-23 00:05:13 | INFO     | Epoch   4 | Train: Loss=0.1982, Acc=0.9172 | Val: Loss=0.1987, Acc=0.9269, F1=0.9226 | LR=0.000100 🏆 [最佳模型]
2025-07-23 00:06:08 | INFO     | Epoch 5:
2025-07-23 00:06:08 | INFO     |   训练指标:
2025-07-23 00:06:08 | INFO     |     损失(ce): 0.173828
2025-07-23 00:06:08 | INFO     |     准确率: 0.931932
2025-07-23 00:06:08 | INFO     |     学习率: 0.00010000
2025-07-23 00:06:08 | INFO     |   验证指标(标准CE):
2025-07-23 00:06:08 | INFO     |     损失: 0.213982
2025-07-23 00:06:08 | INFO     |     准确率: 0.902903
2025-07-23 00:06:08 | INFO     |     F1(macro): 0.898246
2025-07-23 00:06:08 | INFO     |     F1(weighted): 0.893012
2025-07-23 00:06:08 | INFO     |     精确率: 0.934250
2025-07-23 00:06:08 | INFO     |     召回率: 0.909485
2025-07-23 00:06:08 | INFO     |   学习率调度器: f1_based
2025-07-23 00:06:08 | INFO     | ------------------------------------------------------------
2025-07-23 00:06:08 | INFO     | Epoch   5 | Train: Loss=0.1738, Acc=0.9319 | Val: Loss=0.2140, Acc=0.9029, F1=0.8930 | LR=0.000100 
2025-07-23 00:07:02 | INFO     | Epoch 6:
2025-07-23 00:07:02 | INFO     |   训练指标:
2025-07-23 00:07:02 | INFO     |     损失(ce): 0.118042
2025-07-23 00:07:02 | INFO     |     准确率: 0.955706
2025-07-23 00:07:02 | INFO     |     学习率: 0.00010000
2025-07-23 00:07:02 | INFO     |   验证指标(标准CE):
2025-07-23 00:07:02 | INFO     |     损失: 0.152436
2025-07-23 00:07:02 | INFO     |     准确率: 0.938939
2025-07-23 00:07:02 | INFO     |     F1(macro): 0.940006
2025-07-23 00:07:02 | INFO     |     F1(weighted): 0.937080
2025-07-23 00:07:02 | INFO     |     精确率: 0.954263
2025-07-23 00:07:02 | INFO     |     召回率: 0.943288
2025-07-23 00:07:02 | INFO     |   学习率调度器: f1_based
2025-07-23 00:07:02 | INFO     | ------------------------------------------------------------
2025-07-23 00:07:02 | INFO     | Epoch   6 | Train: Loss=0.1180, Acc=0.9557 | Val: Loss=0.1524, Acc=0.9389, F1=0.9371 | LR=0.000100 🏆 [最佳模型]
2025-07-23 00:07:57 | INFO     | Epoch 7:
2025-07-23 00:07:57 | INFO     |   训练指标:
2025-07-23 00:07:57 | INFO     |     损失(ce): 0.137116
2025-07-23 00:07:57 | INFO     |     准确率: 0.948699
2025-07-23 00:07:57 | INFO     |     学习率: 0.00010000
2025-07-23 00:07:57 | INFO     |   验证指标(标准CE):
2025-07-23 00:07:57 | INFO     |     损失: 0.237635
2025-07-23 00:07:57 | INFO     |     准确率: 0.916917
2025-07-23 00:07:57 | INFO     |     F1(macro): 0.918606
2025-07-23 00:07:57 | INFO     |     F1(weighted): 0.915973
2025-07-23 00:07:57 | INFO     |     精确率: 0.922738
2025-07-23 00:07:57 | INFO     |     召回率: 0.918627
2025-07-23 00:07:57 | INFO     |   学习率调度器: f1_based
2025-07-23 00:07:57 | INFO     | ------------------------------------------------------------
2025-07-23 00:07:57 | INFO     | Epoch   7 | Train: Loss=0.1371, Acc=0.9487 | Val: Loss=0.2376, Acc=0.9169, F1=0.9160 | LR=0.000100 
2025-07-23 00:08:52 | INFO     | Epoch 8:
2025-07-23 00:08:52 | INFO     |   训练指标:
2025-07-23 00:08:52 | INFO     |     损失(ce): 0.121901
2025-07-23 00:08:52 | INFO     |     准确率: 0.949449
2025-07-23 00:08:52 | INFO     |     学习率: 0.00010000
2025-07-23 00:08:52 | INFO     |   验证指标(标准CE):
2025-07-23 00:08:52 | INFO     |     损失: 0.074026
2025-07-23 00:08:52 | INFO     |     准确率: 0.956957
2025-07-23 00:08:52 | INFO     |     F1(macro): 0.958651
2025-07-23 00:08:52 | INFO     |     F1(weighted): 0.957137
2025-07-23 00:08:52 | INFO     |     精确率: 0.965548
2025-07-23 00:08:52 | INFO     |     召回率: 0.959372
2025-07-23 00:08:52 | INFO     |   学习率调度器: f1_based
2025-07-23 00:08:52 | INFO     | ------------------------------------------------------------
2025-07-23 00:08:52 | INFO     | Epoch   8 | Train: Loss=0.1219, Acc=0.9494 | Val: Loss=0.0740, Acc=0.9570, F1=0.9571 | LR=0.000100 🏆 [最佳模型]
2025-07-23 00:09:47 | INFO     | Epoch 9:
2025-07-23 00:09:47 | INFO     |   训练指标:
2025-07-23 00:09:47 | INFO     |     损失(ce): 0.119911
2025-07-23 00:09:47 | INFO     |     准确率: 0.954204
2025-07-23 00:09:47 | INFO     |     学习率: 0.00010000
2025-07-23 00:09:47 | INFO     |   验证指标(标准CE):
2025-07-23 00:09:47 | INFO     |     损失: 0.102335
2025-07-23 00:09:47 | INFO     |     准确率: 0.954955
2025-07-23 00:09:47 | INFO     |     F1(macro): 0.956547
2025-07-23 00:09:47 | INFO     |     F1(weighted): 0.954631
2025-07-23 00:09:47 | INFO     |     精确率: 0.959483
2025-07-23 00:09:47 | INFO     |     召回率: 0.957785
2025-07-23 00:09:47 | INFO     |   学习率调度器: f1_based
2025-07-23 00:09:47 | INFO     | ------------------------------------------------------------
2025-07-23 00:09:47 | INFO     | Epoch   9 | Train: Loss=0.1199, Acc=0.9542 | Val: Loss=0.1023, Acc=0.9550, F1=0.9546 | LR=0.000100 
2025-07-23 00:10:42 | INFO     | Epoch 10:
2025-07-23 00:10:42 | INFO     |   训练指标:
2025-07-23 00:10:42 | INFO     |     损失(ce): 0.120205
2025-07-23 00:10:42 | INFO     |     准确率: 0.952953
2025-07-23 00:10:42 | INFO     |     学习率: 0.00010000
2025-07-23 00:10:42 | INFO     |   验证指标(标准CE):
2025-07-23 00:10:42 | INFO     |     损失: 0.067847
2025-07-23 00:10:42 | INFO     |     准确率: 0.967968
2025-07-23 00:10:42 | INFO     |     F1(macro): 0.968574
2025-07-23 00:10:42 | INFO     |     F1(weighted): 0.967648
2025-07-23 00:10:42 | INFO     |     精确率: 0.971259
2025-07-23 00:10:42 | INFO     |     召回率: 0.968300
2025-07-23 00:10:42 | INFO     |   学习率调度器: f1_based
2025-07-23 00:10:42 | INFO     | ------------------------------------------------------------
2025-07-23 00:10:42 | INFO     | Epoch  10 | Train: Loss=0.1202, Acc=0.9530 | Val: Loss=0.0678, Acc=0.9680, F1=0.9676 | LR=0.000100 🏆 [最佳模型]
2025-07-23 00:11:37 | INFO     | Epoch 11:
2025-07-23 00:11:37 | INFO     |   训练指标:
2025-07-23 00:11:37 | INFO     |     损失(ce): 0.104289
2025-07-23 00:11:37 | INFO     |     准确率: 0.957708
2025-07-23 00:11:37 | INFO     |     学习率: 0.00010000
2025-07-23 00:11:37 | INFO     |   验证指标(标准CE):
2025-07-23 00:11:37 | INFO     |     损失: 0.076782
2025-07-23 00:11:37 | INFO     |     准确率: 0.958959
2025-07-23 00:11:37 | INFO     |     F1(macro): 0.960515
2025-07-23 00:11:37 | INFO     |     F1(weighted): 0.958948
2025-07-23 00:11:37 | INFO     |     精确率: 0.962516
2025-07-23 00:11:37 | INFO     |     召回率: 0.961136
2025-07-23 00:11:37 | INFO     |   学习率调度器: f1_based
2025-07-23 00:11:37 | INFO     | ------------------------------------------------------------
2025-07-23 00:11:37 | INFO     | Epoch  11 | Train: Loss=0.1043, Acc=0.9577 | Val: Loss=0.0768, Acc=0.9590, F1=0.9589 | LR=0.000100 
2025-07-23 00:12:32 | INFO     | Epoch 12:
2025-07-23 00:12:32 | INFO     |   训练指标:
2025-07-23 00:12:32 | INFO     |     损失(ce): 0.100657
2025-07-23 00:12:32 | INFO     |     准确率: 0.959459
2025-07-23 00:12:32 | INFO     |     学习率: 0.00010000
2025-07-23 00:12:32 | INFO     |   验证指标(标准CE):
2025-07-23 00:12:32 | INFO     |     损失: 0.053378
2025-07-23 00:12:32 | INFO     |     准确率: 0.970971
2025-07-23 00:12:32 | INFO     |     F1(macro): 0.971649
2025-07-23 00:12:32 | INFO     |     F1(weighted): 0.970553
2025-07-23 00:12:32 | INFO     |     精确率: 0.976150
2025-07-23 00:12:32 | INFO     |     召回率: 0.971219
2025-07-23 00:12:32 | INFO     |   学习率调度器: f1_based
2025-07-23 00:12:32 | INFO     | ------------------------------------------------------------
2025-07-23 00:12:32 | INFO     | Epoch  12 | Train: Loss=0.1007, Acc=0.9595 | Val: Loss=0.0534, Acc=0.9710, F1=0.9706 | LR=0.000100 🏆 [最佳模型]
2025-07-23 00:13:27 | INFO     | Epoch 13:
2025-07-23 00:13:27 | INFO     |   训练指标:
2025-07-23 00:13:27 | INFO     |     损失(ce): 0.083257
2025-07-23 00:13:27 | INFO     |     准确率: 0.964715
2025-07-23 00:13:27 | INFO     |     学习率: 0.00010000
2025-07-23 00:13:27 | INFO     |   验证指标(标准CE):
2025-07-23 00:13:27 | INFO     |     损失: 0.212410
2025-07-23 00:13:27 | INFO     |     准确率: 0.936937
2025-07-23 00:13:27 | INFO     |     F1(macro): 0.935605
2025-07-23 00:13:27 | INFO     |     F1(weighted): 0.934308
2025-07-23 00:13:27 | INFO     |     精确率: 0.937904
2025-07-23 00:13:27 | INFO     |     召回率: 0.937600
2025-07-23 00:13:27 | INFO     |   学习率调度器: f1_based
2025-07-23 00:13:27 | INFO     | ------------------------------------------------------------
2025-07-23 00:13:27 | INFO     | Epoch  13 | Train: Loss=0.0833, Acc=0.9647 | Val: Loss=0.2124, Acc=0.9369, F1=0.9343 | LR=0.000100 
2025-07-23 00:14:21 | INFO     | Epoch 14:
2025-07-23 00:14:21 | INFO     |   训练指标:
2025-07-23 00:14:21 | INFO     |     损失(ce): 0.083642
2025-07-23 00:14:21 | INFO     |     准确率: 0.965215
2025-07-23 00:14:21 | INFO     |     学习率: 0.00010000
2025-07-23 00:14:21 | INFO     |   验证指标(标准CE):
2025-07-23 00:14:21 | INFO     |     损失: 0.103179
2025-07-23 00:14:21 | INFO     |     准确率: 0.958959
2025-07-23 00:14:21 | INFO     |     F1(macro): 0.960645
2025-07-23 00:14:21 | INFO     |     F1(weighted): 0.959058
2025-07-23 00:14:21 | INFO     |     精确率: 0.966006
2025-07-23 00:14:21 | INFO     |     召回率: 0.961712
2025-07-23 00:14:21 | INFO     |   学习率调度器: f1_based
2025-07-23 00:14:21 | INFO     | ------------------------------------------------------------
2025-07-23 00:14:21 | INFO     | Epoch  14 | Train: Loss=0.0836, Acc=0.9652 | Val: Loss=0.1032, Acc=0.9590, F1=0.9591 | LR=0.000100 
2025-07-23 00:15:16 | INFO     | Epoch 15:
2025-07-23 00:15:16 | INFO     |   训练指标:
2025-07-23 00:15:16 | INFO     |     损失(ce): 0.136905
2025-07-23 00:15:16 | INFO     |     准确率: 0.955455
2025-07-23 00:15:16 | INFO     |     学习率: 0.00010000
2025-07-23 00:15:16 | INFO     |   验证指标(标准CE):
2025-07-23 00:15:16 | INFO     |     损失: 0.056333
2025-07-23 00:15:16 | INFO     |     准确率: 0.961962
2025-07-23 00:15:16 | INFO     |     F1(macro): 0.963426
2025-07-23 00:15:16 | INFO     |     F1(weighted): 0.962031
2025-07-23 00:15:16 | INFO     |     精确率: 0.967997
2025-07-23 00:15:16 | INFO     |     召回率: 0.964228
2025-07-23 00:15:16 | INFO     |   学习率调度器: f1_based
2025-07-23 00:15:16 | INFO     | ------------------------------------------------------------
2025-07-23 00:15:16 | INFO     | Epoch  15 | Train: Loss=0.1369, Acc=0.9555 | Val: Loss=0.0563, Acc=0.9620, F1=0.9620 | LR=0.000100 
2025-07-23 00:16:11 | INFO     | Epoch 16:
2025-07-23 00:16:11 | INFO     |   训练指标:
2025-07-23 00:16:11 | INFO     |     损失(ce): 0.095365
2025-07-23 00:16:11 | INFO     |     准确率: 0.962462
2025-07-23 00:16:11 | INFO     |     学习率: 0.00010000
2025-07-23 00:16:11 | INFO     |   验证指标(标准CE):
2025-07-23 00:16:11 | INFO     |     损失: 0.087014
2025-07-23 00:16:11 | INFO     |     准确率: 0.957958
2025-07-23 00:16:11 | INFO     |     F1(macro): 0.958992
2025-07-23 00:16:11 | INFO     |     F1(weighted): 0.957082
2025-07-23 00:16:11 | INFO     |     精确率: 0.967947
2025-07-23 00:16:11 | INFO     |     召回率: 0.961123
2025-07-23 00:16:11 | INFO     |   学习率调度器: f1_based
2025-07-23 00:16:11 | INFO     | ------------------------------------------------------------
2025-07-23 00:16:11 | INFO     | Epoch  16 | Train: Loss=0.0954, Acc=0.9625 | Val: Loss=0.0870, Acc=0.9580, F1=0.9571 | LR=0.000100 
2025-07-23 00:17:06 | INFO     | Epoch 17:
2025-07-23 00:17:06 | INFO     |   训练指标:
2025-07-23 00:17:06 | INFO     |     损失(ce): 0.107880
2025-07-23 00:17:06 | INFO     |     准确率: 0.961962
2025-07-23 00:17:06 | INFO     |     学习率: 0.00010000
2025-07-23 00:17:06 | INFO     |   验证指标(标准CE):
2025-07-23 00:17:06 | INFO     |     损失: 0.062231
2025-07-23 00:17:06 | INFO     |     准确率: 0.963964
2025-07-23 00:17:06 | INFO     |     F1(macro): 0.965046
2025-07-23 00:17:06 | INFO     |     F1(weighted): 0.963537
2025-07-23 00:17:06 | INFO     |     精确率: 0.969216
2025-07-23 00:17:06 | INFO     |     召回率: 0.966634
2025-07-23 00:17:06 | INFO     |   学习率调度器: f1_based
2025-07-23 00:17:06 | INFO     | ------------------------------------------------------------
2025-07-23 00:17:06 | INFO     | Epoch  17 | Train: Loss=0.1079, Acc=0.9620 | Val: Loss=0.0622, Acc=0.9640, F1=0.9635 | LR=0.000100 
2025-07-23 00:18:00 | INFO     | Epoch 18:
2025-07-23 00:18:00 | INFO     |   训练指标:
2025-07-23 00:18:00 | INFO     |     损失(ce): 0.079273
2025-07-23 00:18:00 | INFO     |     准确率: 0.964464
2025-07-23 00:18:00 | INFO     |     学习率: 0.00010000
2025-07-23 00:18:00 | INFO     |   验证指标(标准CE):
2025-07-23 00:18:00 | INFO     |     损失: 0.070751
2025-07-23 00:18:00 | INFO     |     准确率: 0.968969
2025-07-23 00:18:00 | INFO     |     F1(macro): 0.969604
2025-07-23 00:18:00 | INFO     |     F1(weighted): 0.968497
2025-07-23 00:18:00 | INFO     |     精确率: 0.973058
2025-07-23 00:18:00 | INFO     |     召回率: 0.969383
2025-07-23 00:18:00 | INFO     |   学习率调度器: f1_based
2025-07-23 00:18:00 | INFO     | ------------------------------------------------------------
2025-07-23 00:18:00 | INFO     | 🎯 学习率调整事件:
2025-07-23 00:18:00 | INFO     |   调度器类型: f1_based
2025-07-23 00:18:00 | INFO     |   学习率变化: 0.00010000 → 0.00005000
2025-07-23 00:18:00 | INFO     |   触发条件: F1分数 = 0.968497
2025-07-23 00:18:00 | INFO     |   变化幅度: -50.00%
2025-07-23 00:18:00 | INFO     | ------------------------------------------------------------
2025-07-23 00:18:00 | INFO     | Epoch  18 | Train: Loss=0.0793, Acc=0.9645 | Val: Loss=0.0708, Acc=0.9690, F1=0.9685 | LR=0.000050 
2025-07-23 00:18:55 | INFO     | Epoch 19:
2025-07-23 00:18:55 | INFO     |   训练指标:
2025-07-23 00:18:55 | INFO     |     损失(ce): 0.041994
2025-07-23 00:18:55 | INFO     |     准确率: 0.974224
2025-07-23 00:18:55 | INFO     |     学习率: 0.00005000
2025-07-23 00:18:55 | INFO     |   验证指标(标准CE):
2025-07-23 00:18:55 | INFO     |     损失: 0.048913
2025-07-23 00:18:55 | INFO     |     准确率: 0.968969
2025-07-23 00:18:55 | INFO     |     F1(macro): 0.970017
2025-07-23 00:18:55 | INFO     |     F1(weighted): 0.968639
2025-07-23 00:18:55 | INFO     |     精确率: 0.975122
2025-07-23 00:18:55 | INFO     |     召回率: 0.971451
2025-07-23 00:18:55 | INFO     |   学习率调度器: f1_based
2025-07-23 00:18:55 | INFO     | ------------------------------------------------------------
2025-07-23 00:18:55 | INFO     | Epoch  19 | Train: Loss=0.0420, Acc=0.9742 | Val: Loss=0.0489, Acc=0.9690, F1=0.9686 | LR=0.000050 
2025-07-23 00:19:50 | INFO     | Epoch 20:
2025-07-23 00:19:50 | INFO     |   训练指标:
2025-07-23 00:19:50 | INFO     |     损失(ce): 0.035647
2025-07-23 00:19:50 | INFO     |     准确率: 0.973223
2025-07-23 00:19:50 | INFO     |     学习率: 0.00005000
2025-07-23 00:19:50 | INFO     |   验证指标(标准CE):
2025-07-23 00:19:50 | INFO     |     损失: 0.048633
2025-07-23 00:19:50 | INFO     |     准确率: 0.969970
2025-07-23 00:19:50 | INFO     |     F1(macro): 0.971035
2025-07-23 00:19:50 | INFO     |     F1(weighted): 0.969724
2025-07-23 00:19:50 | INFO     |     精确率: 0.975041
2025-07-23 00:19:50 | INFO     |     召回率: 0.972286
2025-07-23 00:19:50 | INFO     |   学习率调度器: f1_based
2025-07-23 00:19:50 | INFO     | ------------------------------------------------------------
2025-07-23 00:19:50 | INFO     | Epoch  20 | Train: Loss=0.0356, Acc=0.9732 | Val: Loss=0.0486, Acc=0.9700, F1=0.9697 | LR=0.000050 
2025-07-23 00:20:44 | INFO     | Epoch 21:
2025-07-23 00:20:44 | INFO     |   训练指标:
2025-07-23 00:20:44 | INFO     |     损失(ce): 0.050113
2025-07-23 00:20:44 | INFO     |     准确率: 0.973223
2025-07-23 00:20:44 | INFO     |     学习率: 0.00005000
2025-07-23 00:20:44 | INFO     |   验证指标(标准CE):
2025-07-23 00:20:44 | INFO     |     损失: 0.057647
2025-07-23 00:20:44 | INFO     |     准确率: 0.972973
2025-07-23 00:20:44 | INFO     |     F1(macro): 0.973480
2025-07-23 00:20:44 | INFO     |     F1(weighted): 0.972736
2025-07-23 00:20:44 | INFO     |     精确率: 0.977988
2025-07-23 00:20:44 | INFO     |     召回率: 0.972943
2025-07-23 00:20:44 | INFO     |   学习率调度器: f1_based
2025-07-23 00:20:44 | INFO     | ------------------------------------------------------------
2025-07-23 00:20:44 | INFO     | Epoch  21 | Train: Loss=0.0501, Acc=0.9732 | Val: Loss=0.0576, Acc=0.9730, F1=0.9727 | LR=0.000050 🏆 [最佳模型]
2025-07-23 00:21:39 | INFO     | Epoch 22:
2025-07-23 00:21:39 | INFO     |   训练指标:
2025-07-23 00:21:39 | INFO     |     损失(ce): 0.047926
2025-07-23 00:21:39 | INFO     |     准确率: 0.971972
2025-07-23 00:21:39 | INFO     |     学习率: 0.00005000
2025-07-23 00:21:39 | INFO     |   验证指标(标准CE):
2025-07-23 00:21:39 | INFO     |     损失: 0.054274
2025-07-23 00:21:39 | INFO     |     准确率: 0.969970
2025-07-23 00:21:39 | INFO     |     F1(macro): 0.971003
2025-07-23 00:21:39 | INFO     |     F1(weighted): 0.969671
2025-07-23 00:21:39 | INFO     |     精确率: 0.976009
2025-07-23 00:21:39 | INFO     |     召回率: 0.972291
2025-07-23 00:21:39 | INFO     |   学习率调度器: f1_based
2025-07-23 00:21:39 | INFO     | ------------------------------------------------------------
2025-07-23 00:21:39 | INFO     | Epoch  22 | Train: Loss=0.0479, Acc=0.9720 | Val: Loss=0.0543, Acc=0.9700, F1=0.9697 | LR=0.000050 
2025-07-23 00:22:34 | INFO     | Epoch 23:
2025-07-23 00:22:34 | INFO     |   训练指标:
2025-07-23 00:22:34 | INFO     |     损失(ce): 0.041612
2025-07-23 00:22:34 | INFO     |     准确率: 0.974224
2025-07-23 00:22:34 | INFO     |     学习率: 0.00005000
2025-07-23 00:22:34 | INFO     |   验证指标(标准CE):
2025-07-23 00:22:34 | INFO     |     损失: 0.040941
2025-07-23 00:22:34 | INFO     |     准确率: 0.969970
2025-07-23 00:22:34 | INFO     |     F1(macro): 0.971127
2025-07-23 00:22:34 | INFO     |     F1(weighted): 0.969737
2025-07-23 00:22:34 | INFO     |     精确率: 0.974952
2025-07-23 00:22:34 | INFO     |     召回率: 0.972286
2025-07-23 00:22:34 | INFO     |   学习率调度器: f1_based
2025-07-23 00:22:34 | INFO     | ------------------------------------------------------------
2025-07-23 00:22:34 | INFO     | Epoch  23 | Train: Loss=0.0416, Acc=0.9742 | Val: Loss=0.0409, Acc=0.9700, F1=0.9697 | LR=0.000050 
2025-07-23 00:23:29 | INFO     | Epoch 24:
2025-07-23 00:23:29 | INFO     |   训练指标:
2025-07-23 00:23:29 | INFO     |     损失(ce): 0.040086
2025-07-23 00:23:29 | INFO     |     准确率: 0.975726
2025-07-23 00:23:29 | INFO     |     学习率: 0.00005000
2025-07-23 00:23:29 | INFO     |   验证指标(标准CE):
2025-07-23 00:23:29 | INFO     |     损失: 0.052414
2025-07-23 00:23:29 | INFO     |     准确率: 0.974975
2025-07-23 00:23:29 | INFO     |     F1(macro): 0.975338
2025-07-23 00:23:29 | INFO     |     F1(weighted): 0.974473
2025-07-23 00:23:29 | INFO     |     精确率: 0.980541
2025-07-23 00:23:29 | INFO     |     召回率: 0.974975
2025-07-23 00:23:29 | INFO     |   学习率调度器: f1_based
2025-07-23 00:23:29 | INFO     | ------------------------------------------------------------
2025-07-23 00:23:29 | INFO     | Epoch  24 | Train: Loss=0.0401, Acc=0.9757 | Val: Loss=0.0524, Acc=0.9750, F1=0.9745 | LR=0.000050 🏆 [最佳模型]
2025-07-23 00:24:24 | INFO     | Epoch 25:
2025-07-23 00:24:24 | INFO     |   训练指标:
2025-07-23 00:24:24 | INFO     |     损失(ce): 0.049248
2025-07-23 00:24:24 | INFO     |     准确率: 0.971972
2025-07-23 00:24:24 | INFO     |     学习率: 0.00005000
2025-07-23 00:24:24 | INFO     |   验证指标(标准CE):
2025-07-23 00:24:24 | INFO     |     损失: 0.098334
2025-07-23 00:24:24 | INFO     |     准确率: 0.954955
2025-07-23 00:24:24 | INFO     |     F1(macro): 0.954421
2025-07-23 00:24:24 | INFO     |     F1(weighted): 0.952710
2025-07-23 00:24:24 | INFO     |     精确率: 0.963090
2025-07-23 00:24:24 | INFO     |     召回率: 0.958595
2025-07-23 00:24:24 | INFO     |   学习率调度器: f1_based
2025-07-23 00:24:24 | INFO     | ------------------------------------------------------------
2025-07-23 00:24:24 | INFO     | Epoch  25 | Train: Loss=0.0492, Acc=0.9720 | Val: Loss=0.0983, Acc=0.9550, F1=0.9527 | LR=0.000050 
2025-07-23 00:25:18 | INFO     | Epoch 26:
2025-07-23 00:25:18 | INFO     |   训练指标:
2025-07-23 00:25:18 | INFO     |     损失(ce): 0.039559
2025-07-23 00:25:18 | INFO     |     准确率: 0.975726
2025-07-23 00:25:18 | INFO     |     学习率: 0.00005000
2025-07-23 00:25:18 | INFO     |   验证指标(标准CE):
2025-07-23 00:25:18 | INFO     |     损失: 0.072611
2025-07-23 00:25:18 | INFO     |     准确率: 0.968969
2025-07-23 00:25:18 | INFO     |     F1(macro): 0.969828
2025-07-23 00:25:18 | INFO     |     F1(weighted): 0.968775
2025-07-23 00:25:18 | INFO     |     精确率: 0.971571
2025-07-23 00:25:18 | INFO     |     召回率: 0.969544
2025-07-23 00:25:18 | INFO     |   学习率调度器: f1_based
2025-07-23 00:25:18 | INFO     | ------------------------------------------------------------
2025-07-23 00:25:18 | INFO     | Epoch  26 | Train: Loss=0.0396, Acc=0.9757 | Val: Loss=0.0726, Acc=0.9690, F1=0.9688 | LR=0.000050 
2025-07-23 00:26:13 | INFO     | Epoch 27:
2025-07-23 00:26:13 | INFO     |   训练指标:
2025-07-23 00:26:13 | INFO     |     损失(ce): 0.049325
2025-07-23 00:26:13 | INFO     |     准确率: 0.970470
2025-07-23 00:26:13 | INFO     |     学习率: 0.00005000
2025-07-23 00:26:13 | INFO     |   验证指标(标准CE):
2025-07-23 00:26:13 | INFO     |     损失: 0.048739
2025-07-23 00:26:13 | INFO     |     准确率: 0.968969
2025-07-23 00:26:13 | INFO     |     F1(macro): 0.969850
2025-07-23 00:26:13 | INFO     |     F1(weighted): 0.968429
2025-07-23 00:26:13 | INFO     |     精确率: 0.974504
2025-07-23 00:26:13 | INFO     |     召回率: 0.971451
2025-07-23 00:26:13 | INFO     |   学习率调度器: f1_based
2025-07-23 00:26:13 | INFO     | ------------------------------------------------------------
2025-07-23 00:26:13 | INFO     | Epoch  27 | Train: Loss=0.0493, Acc=0.9705 | Val: Loss=0.0487, Acc=0.9690, F1=0.9684 | LR=0.000050 
2025-07-23 00:27:08 | INFO     | Epoch 28:
2025-07-23 00:27:08 | INFO     |   训练指标:
2025-07-23 00:27:08 | INFO     |     损失(ce): 0.046873
2025-07-23 00:27:08 | INFO     |     准确率: 0.974224
2025-07-23 00:27:08 | INFO     |     学习率: 0.00005000
2025-07-23 00:27:08 | INFO     |   验证指标(标准CE):
2025-07-23 00:27:08 | INFO     |     损失: 0.054623
2025-07-23 00:27:08 | INFO     |     准确率: 0.966967
2025-07-23 00:27:08 | INFO     |     F1(macro): 0.967972
2025-07-23 00:27:08 | INFO     |     F1(weighted): 0.966720
2025-07-23 00:27:08 | INFO     |     精确率: 0.972120
2025-07-23 00:27:08 | INFO     |     召回率: 0.969389
2025-07-23 00:27:08 | INFO     |   学习率调度器: f1_based
2025-07-23 00:27:08 | INFO     | ------------------------------------------------------------
2025-07-23 00:27:08 | INFO     | Epoch  28 | Train: Loss=0.0469, Acc=0.9742 | Val: Loss=0.0546, Acc=0.9670, F1=0.9667 | LR=0.000050 
2025-07-23 00:28:03 | INFO     | Epoch 29:
2025-07-23 00:28:03 | INFO     |   训练指标:
2025-07-23 00:28:03 | INFO     |     损失(ce): 0.049115
2025-07-23 00:28:03 | INFO     |     准确率: 0.971221
2025-07-23 00:28:03 | INFO     |     学习率: 0.00005000
2025-07-23 00:28:03 | INFO     |   验证指标(标准CE):
2025-07-23 00:28:03 | INFO     |     损失: 0.039667
2025-07-23 00:28:03 | INFO     |     准确率: 0.969970
2025-07-23 00:28:03 | INFO     |     F1(macro): 0.970877
2025-07-23 00:28:03 | INFO     |     F1(weighted): 0.969717
2025-07-23 00:28:03 | INFO     |     精确率: 0.975339
2025-07-23 00:28:03 | INFO     |     召回率: 0.972142
2025-07-23 00:28:03 | INFO     |   学习率调度器: f1_based
2025-07-23 00:28:03 | INFO     | ------------------------------------------------------------
2025-07-23 00:28:03 | INFO     | Epoch  29 | Train: Loss=0.0491, Acc=0.9712 | Val: Loss=0.0397, Acc=0.9700, F1=0.9697 | LR=0.000050 
2025-07-23 00:28:57 | INFO     | Epoch 30:
2025-07-23 00:28:57 | INFO     |   训练指标:
2025-07-23 00:28:57 | INFO     |     损失(ce): 0.047987
2025-07-23 00:28:57 | INFO     |     准确率: 0.973724
2025-07-23 00:28:57 | INFO     |     学习率: 0.00005000
2025-07-23 00:28:57 | INFO     |   验证指标(标准CE):
2025-07-23 00:28:57 | INFO     |     损失: 0.039190
2025-07-23 00:28:57 | INFO     |     准确率: 0.977978
2025-07-23 00:28:57 | INFO     |     F1(macro): 0.978369
2025-07-23 00:28:57 | INFO     |     F1(weighted): 0.977608
2025-07-23 00:28:57 | INFO     |     精确率: 0.982500
2025-07-23 00:28:57 | INFO     |     召回率: 0.977978
2025-07-23 00:28:57 | INFO     |   学习率调度器: f1_based
2025-07-23 00:28:57 | INFO     | ------------------------------------------------------------
2025-07-23 00:28:57 | INFO     | Epoch  30 | Train: Loss=0.0480, Acc=0.9737 | Val: Loss=0.0392, Acc=0.9780, F1=0.9776 | LR=0.000050 🏆 [最佳模型]
2025-07-23 00:29:52 | INFO     | Epoch 31:
2025-07-23 00:29:52 | INFO     |   训练指标:
2025-07-23 00:29:52 | INFO     |     损失(ce): 0.041257
2025-07-23 00:29:52 | INFO     |     准确率: 0.971221
2025-07-23 00:29:52 | INFO     |     学习率: 0.00005000
2025-07-23 00:29:52 | INFO     |   验证指标(标准CE):
2025-07-23 00:29:52 | INFO     |     损失: 0.035825
2025-07-23 00:29:52 | INFO     |     准确率: 0.970971
2025-07-23 00:29:52 | INFO     |     F1(macro): 0.972072
2025-07-23 00:29:52 | INFO     |     F1(weighted): 0.970722
2025-07-23 00:29:52 | INFO     |     精确率: 0.976274
2025-07-23 00:29:52 | INFO     |     召回率: 0.973287
2025-07-23 00:29:52 | INFO     |   学习率调度器: f1_based
2025-07-23 00:29:52 | INFO     | ------------------------------------------------------------
2025-07-23 00:29:52 | INFO     | Epoch  31 | Train: Loss=0.0413, Acc=0.9712 | Val: Loss=0.0358, Acc=0.9710, F1=0.9707 | LR=0.000050 
2025-07-23 00:30:47 | INFO     | Epoch 32:
2025-07-23 00:30:47 | INFO     |   训练指标:
2025-07-23 00:30:47 | INFO     |     损失(ce): 0.042208
2025-07-23 00:30:47 | INFO     |     准确率: 0.974474
2025-07-23 00:30:47 | INFO     |     学习率: 0.00005000
2025-07-23 00:30:47 | INFO     |   验证指标(标准CE):
2025-07-23 00:30:47 | INFO     |     损失: 0.046236
2025-07-23 00:30:47 | INFO     |     准确率: 0.973974
2025-07-23 00:30:47 | INFO     |     F1(macro): 0.974706
2025-07-23 00:30:47 | INFO     |     F1(weighted): 0.973734
2025-07-23 00:30:47 | INFO     |     精确率: 0.977761
2025-07-23 00:30:47 | INFO     |     召回率: 0.974248
2025-07-23 00:30:47 | INFO     |   学习率调度器: f1_based
2025-07-23 00:30:47 | INFO     | ------------------------------------------------------------
2025-07-23 00:30:47 | INFO     | Epoch  32 | Train: Loss=0.0422, Acc=0.9745 | Val: Loss=0.0462, Acc=0.9740, F1=0.9737 | LR=0.000050 
2025-07-23 00:31:42 | INFO     | Epoch 33:
2025-07-23 00:31:42 | INFO     |   训练指标:
2025-07-23 00:31:42 | INFO     |     损失(ce): 0.046113
2025-07-23 00:31:42 | INFO     |     准确率: 0.971722
2025-07-23 00:31:42 | INFO     |     学习率: 0.00005000
2025-07-23 00:31:42 | INFO     |   验证指标(标准CE):
2025-07-23 00:31:42 | INFO     |     损失: 0.045052
2025-07-23 00:31:42 | INFO     |     准确率: 0.970971
2025-07-23 00:31:42 | INFO     |     F1(macro): 0.971947
2025-07-23 00:31:42 | INFO     |     F1(weighted): 0.970808
2025-07-23 00:31:42 | INFO     |     精确率: 0.973517
2025-07-23 00:31:42 | INFO     |     召回率: 0.971633
2025-07-23 00:31:42 | INFO     |   学习率调度器: f1_based
2025-07-23 00:31:42 | INFO     | ------------------------------------------------------------
2025-07-23 00:31:42 | INFO     | Epoch  33 | Train: Loss=0.0461, Acc=0.9717 | Val: Loss=0.0451, Acc=0.9710, F1=0.9708 | LR=0.000050 
2025-07-23 00:32:37 | INFO     | Epoch 34:
2025-07-23 00:32:37 | INFO     |   训练指标:
2025-07-23 00:32:37 | INFO     |     损失(ce): 0.049513
2025-07-23 00:32:37 | INFO     |     准确率: 0.971221
2025-07-23 00:32:37 | INFO     |     学习率: 0.00005000
2025-07-23 00:32:37 | INFO     |   验证指标(标准CE):
2025-07-23 00:32:37 | INFO     |     损失: 0.040587
2025-07-23 00:32:37 | INFO     |     准确率: 0.971972
2025-07-23 00:32:37 | INFO     |     F1(macro): 0.973148
2025-07-23 00:32:37 | INFO     |     F1(weighted): 0.971897
2025-07-23 00:32:37 | INFO     |     精确率: 0.974796
2025-07-23 00:32:37 | INFO     |     召回率: 0.973875
2025-07-23 00:32:37 | INFO     |   学习率调度器: f1_based
2025-07-23 00:32:37 | INFO     | ------------------------------------------------------------
2025-07-23 00:32:37 | INFO     | Epoch  34 | Train: Loss=0.0495, Acc=0.9712 | Val: Loss=0.0406, Acc=0.9720, F1=0.9719 | LR=0.000050 
2025-07-23 00:33:32 | INFO     | Epoch 35:
2025-07-23 00:33:32 | INFO     |   训练指标:
2025-07-23 00:33:32 | INFO     |     损失(ce): 0.043737
2025-07-23 00:33:32 | INFO     |     准确率: 0.971221
2025-07-23 00:33:32 | INFO     |     学习率: 0.00005000
2025-07-23 00:33:32 | INFO     |   验证指标(标准CE):
2025-07-23 00:33:32 | INFO     |     损失: 0.034824
2025-07-23 00:33:32 | INFO     |     准确率: 0.978979
2025-07-23 00:33:32 | INFO     |     F1(macro): 0.979519
2025-07-23 00:33:32 | INFO     |     F1(weighted): 0.978720
2025-07-23 00:33:32 | INFO     |     精确率: 0.983568
2025-07-23 00:33:32 | INFO     |     召回率: 0.978979
2025-07-23 00:33:32 | INFO     |   学习率调度器: f1_based
2025-07-23 00:33:32 | INFO     | ------------------------------------------------------------
2025-07-23 00:33:32 | INFO     | Epoch  35 | Train: Loss=0.0437, Acc=0.9712 | Val: Loss=0.0348, Acc=0.9790, F1=0.9787 | LR=0.000050 🏆 [最佳模型]
2025-07-23 00:34:27 | INFO     | Epoch 36:
2025-07-23 00:34:27 | INFO     |   训练指标:
2025-07-23 00:34:27 | INFO     |     损失(ce): 0.039475
2025-07-23 00:34:27 | INFO     |     准确率: 0.973974
2025-07-23 00:34:27 | INFO     |     学习率: 0.00005000
2025-07-23 00:34:27 | INFO     |   验证指标(标准CE):
2025-07-23 00:34:27 | INFO     |     损失: 0.040920
2025-07-23 00:34:27 | INFO     |     准确率: 0.968969
2025-07-23 00:34:27 | INFO     |     F1(macro): 0.970165
2025-07-23 00:34:27 | INFO     |     F1(weighted): 0.968700
2025-07-23 00:34:27 | INFO     |     精确率: 0.974454
2025-07-23 00:34:27 | INFO     |     召回率: 0.971411
2025-07-23 00:34:27 | INFO     |   学习率调度器: f1_based
2025-07-23 00:34:27 | INFO     | ------------------------------------------------------------
2025-07-23 00:34:27 | INFO     | Epoch  36 | Train: Loss=0.0395, Acc=0.9740 | Val: Loss=0.0409, Acc=0.9690, F1=0.9687 | LR=0.000050 
2025-07-23 00:35:21 | INFO     | Epoch 37:
2025-07-23 00:35:21 | INFO     |   训练指标:
2025-07-23 00:35:21 | INFO     |     损失(ce): 0.040663
2025-07-23 00:35:21 | INFO     |     准确率: 0.972723
2025-07-23 00:35:21 | INFO     |     学习率: 0.00005000
2025-07-23 00:35:21 | INFO     |   验证指标(标准CE):
2025-07-23 00:35:21 | INFO     |     损失: 0.050034
2025-07-23 00:35:21 | INFO     |     准确率: 0.971972
2025-07-23 00:35:21 | INFO     |     F1(macro): 0.973066
2025-07-23 00:35:21 | INFO     |     F1(weighted): 0.971982
2025-07-23 00:35:21 | INFO     |     精确率: 0.977910
2025-07-23 00:35:21 | INFO     |     召回率: 0.972270
2025-07-23 00:35:21 | INFO     |   学习率调度器: f1_based
2025-07-23 00:35:21 | INFO     | ------------------------------------------------------------
2025-07-23 00:35:21 | INFO     | Epoch  37 | Train: Loss=0.0407, Acc=0.9727 | Val: Loss=0.0500, Acc=0.9720, F1=0.9720 | LR=0.000050 
2025-07-23 00:36:16 | INFO     | Epoch 38:
2025-07-23 00:36:16 | INFO     |   训练指标:
2025-07-23 00:36:16 | INFO     |     损失(ce): 0.051761
2025-07-23 00:36:16 | INFO     |     准确率: 0.971221
2025-07-23 00:36:16 | INFO     |     学习率: 0.00005000
2025-07-23 00:36:16 | INFO     |   验证指标(标准CE):
2025-07-23 00:36:16 | INFO     |     损失: 0.036672
2025-07-23 00:36:16 | INFO     |     准确率: 0.977978
2025-07-23 00:36:16 | INFO     |     F1(macro): 0.978369
2025-07-23 00:36:16 | INFO     |     F1(weighted): 0.977608
2025-07-23 00:36:16 | INFO     |     精确率: 0.982500
2025-07-23 00:36:16 | INFO     |     召回率: 0.977978
2025-07-23 00:36:16 | INFO     |   学习率调度器: f1_based
2025-07-23 00:36:16 | INFO     | ------------------------------------------------------------
2025-07-23 00:36:16 | INFO     | Epoch  38 | Train: Loss=0.0518, Acc=0.9712 | Val: Loss=0.0367, Acc=0.9780, F1=0.9776 | LR=0.000050 
2025-07-23 00:37:11 | INFO     | Epoch 39:
2025-07-23 00:37:11 | INFO     |   训练指标:
2025-07-23 00:37:11 | INFO     |     损失(ce): 0.049999
2025-07-23 00:37:11 | INFO     |     准确率: 0.973223
2025-07-23 00:37:11 | INFO     |     学习率: 0.00005000
2025-07-23 00:37:11 | INFO     |   验证指标(标准CE):
2025-07-23 00:37:11 | INFO     |     损失: 0.042538
2025-07-23 00:37:11 | INFO     |     准确率: 0.968969
2025-07-23 00:37:11 | INFO     |     F1(macro): 0.969895
2025-07-23 00:37:11 | INFO     |     F1(weighted): 0.968682
2025-07-23 00:37:11 | INFO     |     精确率: 0.974702
2025-07-23 00:37:11 | INFO     |     召回率: 0.971224
2025-07-23 00:37:11 | INFO     |   学习率调度器: f1_based
2025-07-23 00:37:11 | INFO     | ------------------------------------------------------------
2025-07-23 00:37:11 | INFO     | Epoch  39 | Train: Loss=0.0500, Acc=0.9732 | Val: Loss=0.0425, Acc=0.9690, F1=0.9687 | LR=0.000050 
2025-07-23 00:38:05 | INFO     | Epoch 40:
2025-07-23 00:38:05 | INFO     |   训练指标:
2025-07-23 00:38:05 | INFO     |     损失(ce): 0.037979
2025-07-23 00:38:05 | INFO     |     准确率: 0.973974
2025-07-23 00:38:05 | INFO     |     学习率: 0.00005000
2025-07-23 00:38:05 | INFO     |   验证指标(标准CE):
2025-07-23 00:38:05 | INFO     |     损失: 0.057030
2025-07-23 00:38:05 | INFO     |     准确率: 0.966967
2025-07-23 00:38:05 | INFO     |     F1(macro): 0.968258
2025-07-23 00:38:05 | INFO     |     F1(weighted): 0.966736
2025-07-23 00:38:05 | INFO     |     精确率: 0.971678
2025-07-23 00:38:05 | INFO     |     召回率: 0.969366
2025-07-23 00:38:05 | INFO     |   学习率调度器: f1_based
2025-07-23 00:38:05 | INFO     | ------------------------------------------------------------
2025-07-23 00:38:05 | INFO     | Epoch  40 | Train: Loss=0.0380, Acc=0.9740 | Val: Loss=0.0570, Acc=0.9670, F1=0.9667 | LR=0.000050 
2025-07-23 00:39:00 | INFO     | Epoch 41:
2025-07-23 00:39:00 | INFO     |   训练指标:
2025-07-23 00:39:00 | INFO     |     损失(ce): 0.042959
2025-07-23 00:39:00 | INFO     |     准确率: 0.976977
2025-07-23 00:39:00 | INFO     |     学习率: 0.00005000
2025-07-23 00:39:00 | INFO     |   验证指标(标准CE):
2025-07-23 00:39:00 | INFO     |     损失: 0.046316
2025-07-23 00:39:00 | INFO     |     准确率: 0.964965
2025-07-23 00:39:00 | INFO     |     F1(macro): 0.966058
2025-07-23 00:39:00 | INFO     |     F1(weighted): 0.964779
2025-07-23 00:39:00 | INFO     |     精确率: 0.970717
2025-07-23 00:39:00 | INFO     |     召回率: 0.967487
2025-07-23 00:39:00 | INFO     |   学习率调度器: f1_based
2025-07-23 00:39:00 | INFO     | ------------------------------------------------------------
2025-07-23 00:39:00 | INFO     | 🎯 学习率调整事件:
2025-07-23 00:39:00 | INFO     |   调度器类型: f1_based
2025-07-23 00:39:00 | INFO     |   学习率变化: 0.00005000 → 0.00002500
2025-07-23 00:39:00 | INFO     |   触发条件: F1分数 = 0.964779
2025-07-23 00:39:00 | INFO     |   变化幅度: -50.00%
2025-07-23 00:39:00 | INFO     | ------------------------------------------------------------
2025-07-23 00:39:00 | INFO     | Epoch  41 | Train: Loss=0.0430, Acc=0.9770 | Val: Loss=0.0463, Acc=0.9650, F1=0.9648 | LR=0.000025 
2025-07-23 00:39:55 | INFO     | Epoch 42:
2025-07-23 00:39:55 | INFO     |   训练指标:
2025-07-23 00:39:55 | INFO     |     损失(ce): 0.034998
2025-07-23 00:39:55 | INFO     |     准确率: 0.976476
2025-07-23 00:39:55 | INFO     |     学习率: 0.00002500
2025-07-23 00:39:55 | INFO     |   验证指标(标准CE):
2025-07-23 00:39:55 | INFO     |     损失: 0.037751
2025-07-23 00:39:55 | INFO     |     准确率: 0.970971
2025-07-23 00:39:55 | INFO     |     F1(macro): 0.972035
2025-07-23 00:39:55 | INFO     |     F1(weighted): 0.970672
2025-07-23 00:39:55 | INFO     |     精确率: 0.976984
2025-07-23 00:39:55 | INFO     |     召回率: 0.973370
2025-07-23 00:39:55 | INFO     |   学习率调度器: f1_based
2025-07-23 00:39:55 | INFO     | ------------------------------------------------------------
2025-07-23 00:39:55 | INFO     | Epoch  42 | Train: Loss=0.0350, Acc=0.9765 | Val: Loss=0.0378, Acc=0.9710, F1=0.9707 | LR=0.000025 
2025-07-23 00:40:50 | INFO     | Epoch 43:
2025-07-23 00:40:50 | INFO     |   训练指标:
2025-07-23 00:40:50 | INFO     |     损失(ce): 0.032759
2025-07-23 00:40:50 | INFO     |     准确率: 0.977728
2025-07-23 00:40:50 | INFO     |     学习率: 0.00002500
2025-07-23 00:40:50 | INFO     |   验证指标(标准CE):
2025-07-23 00:40:50 | INFO     |     损失: 0.034282
2025-07-23 00:40:50 | INFO     |     准确率: 0.976977
2025-07-23 00:40:50 | INFO     |     F1(macro): 0.977821
2025-07-23 00:40:50 | INFO     |     F1(weighted): 0.976903
2025-07-23 00:40:50 | INFO     |     精确率: 0.978700
2025-07-23 00:40:50 | INFO     |     召回率: 0.977556
2025-07-23 00:40:50 | INFO     |   学习率调度器: f1_based
2025-07-23 00:40:50 | INFO     | ------------------------------------------------------------
2025-07-23 00:40:50 | INFO     | Epoch  43 | Train: Loss=0.0328, Acc=0.9777 | Val: Loss=0.0343, Acc=0.9770, F1=0.9769 | LR=0.000025 
2025-07-23 00:41:44 | INFO     | Epoch 44:
2025-07-23 00:41:44 | INFO     |   训练指标:
2025-07-23 00:41:44 | INFO     |     损失(ce): 0.032882
2025-07-23 00:41:44 | INFO     |     准确率: 0.977477
2025-07-23 00:41:44 | INFO     |     学习率: 0.00002500
2025-07-23 00:41:44 | INFO     |   验证指标(标准CE):
2025-07-23 00:41:44 | INFO     |     损失: 0.035679
2025-07-23 00:41:44 | INFO     |     准确率: 0.971972
2025-07-23 00:41:44 | INFO     |     F1(macro): 0.973018
2025-07-23 00:41:44 | INFO     |     F1(weighted): 0.971708
2025-07-23 00:41:44 | INFO     |     精确率: 0.977618
2025-07-23 00:41:44 | INFO     |     召回率: 0.974288
2025-07-23 00:41:44 | INFO     |   学习率调度器: f1_based
2025-07-23 00:41:44 | INFO     | ------------------------------------------------------------
2025-07-23 00:41:44 | INFO     | Epoch  44 | Train: Loss=0.0329, Acc=0.9775 | Val: Loss=0.0357, Acc=0.9720, F1=0.9717 | LR=0.000025 
2025-07-23 00:42:39 | INFO     | Epoch 45:
2025-07-23 00:42:39 | INFO     |   训练指标:
2025-07-23 00:42:39 | INFO     |     损失(ce): 0.032482
2025-07-23 00:42:39 | INFO     |     准确率: 0.977978
2025-07-23 00:42:39 | INFO     |     学习率: 0.00002500
2025-07-23 00:42:39 | INFO     |   验证指标(标准CE):
2025-07-23 00:42:39 | INFO     |     损失: 0.035223
2025-07-23 00:42:39 | INFO     |     准确率: 0.978979
2025-07-23 00:42:39 | INFO     |     F1(macro): 0.979519
2025-07-23 00:42:39 | INFO     |     F1(weighted): 0.978720
2025-07-23 00:42:39 | INFO     |     精确率: 0.983568
2025-07-23 00:42:39 | INFO     |     召回率: 0.978979
2025-07-23 00:42:39 | INFO     |   学习率调度器: f1_based
2025-07-23 00:42:39 | INFO     | ------------------------------------------------------------
2025-07-23 00:42:39 | INFO     | Epoch  45 | Train: Loss=0.0325, Acc=0.9780 | Val: Loss=0.0352, Acc=0.9790, F1=0.9787 | LR=0.000025 
2025-07-23 00:43:34 | INFO     | Epoch 46:
2025-07-23 00:43:34 | INFO     |   训练指标:
2025-07-23 00:43:34 | INFO     |     损失(ce): 0.033271
2025-07-23 00:43:34 | INFO     |     准确率: 0.976226
2025-07-23 00:43:34 | INFO     |     学习率: 0.00002500
2025-07-23 00:43:34 | INFO     |   验证指标(标准CE):
2025-07-23 00:43:34 | INFO     |     损失: 0.034641
2025-07-23 00:43:34 | INFO     |     准确率: 0.969970
2025-07-23 00:43:34 | INFO     |     F1(macro): 0.971159
2025-07-23 00:43:34 | INFO     |     F1(weighted): 0.969782
2025-07-23 00:43:34 | INFO     |     精确率: 0.974341
2025-07-23 00:43:34 | INFO     |     召回率: 0.972204
2025-07-23 00:43:34 | INFO     |   学习率调度器: f1_based
2025-07-23 00:43:34 | INFO     | ------------------------------------------------------------
2025-07-23 00:43:34 | INFO     | Epoch  46 | Train: Loss=0.0333, Acc=0.9762 | Val: Loss=0.0346, Acc=0.9700, F1=0.9698 | LR=0.000025 
2025-07-23 00:44:29 | INFO     | Epoch 47:
2025-07-23 00:44:29 | INFO     |   训练指标:
2025-07-23 00:44:29 | INFO     |     损失(ce): 0.038124
2025-07-23 00:44:29 | INFO     |     准确率: 0.974474
2025-07-23 00:44:29 | INFO     |     学习率: 0.00002500
2025-07-23 00:44:29 | INFO     |   验证指标(标准CE):
2025-07-23 00:44:29 | INFO     |     损失: 0.037764
2025-07-23 00:44:29 | INFO     |     准确率: 0.968969
2025-07-23 00:44:29 | INFO     |     F1(macro): 0.970262
2025-07-23 00:44:29 | INFO     |     F1(weighted): 0.968974
2025-07-23 00:44:29 | INFO     |     精确率: 0.970238
2025-07-23 00:44:29 | INFO     |     召回率: 0.970293
2025-07-23 00:44:29 | INFO     |   学习率调度器: f1_based
2025-07-23 00:44:29 | INFO     | ------------------------------------------------------------
2025-07-23 00:44:29 | INFO     | Epoch  47 | Train: Loss=0.0381, Acc=0.9745 | Val: Loss=0.0378, Acc=0.9690, F1=0.9690 | LR=0.000025 
2025-07-23 00:45:23 | INFO     | Epoch 48:
2025-07-23 00:45:23 | INFO     |   训练指标:
2025-07-23 00:45:23 | INFO     |     损失(ce): 0.031897
2025-07-23 00:45:23 | INFO     |     准确率: 0.977728
2025-07-23 00:45:23 | INFO     |     学习率: 0.00002500
2025-07-23 00:45:23 | INFO     |   验证指标(标准CE):
2025-07-23 00:45:23 | INFO     |     损失: 0.035719
2025-07-23 00:45:23 | INFO     |     准确率: 0.969970
2025-07-23 00:45:23 | INFO     |     F1(macro): 0.971109
2025-07-23 00:45:23 | INFO     |     F1(weighted): 0.969834
2025-07-23 00:45:23 | INFO     |     精确率: 0.973283
2025-07-23 00:45:23 | INFO     |     召回率: 0.972038
2025-07-23 00:45:23 | INFO     |   学习率调度器: f1_based
2025-07-23 00:45:23 | INFO     | ------------------------------------------------------------
2025-07-23 00:45:23 | INFO     | Epoch  48 | Train: Loss=0.0319, Acc=0.9777 | Val: Loss=0.0357, Acc=0.9700, F1=0.9698 | LR=0.000025 
2025-07-23 00:46:18 | INFO     | Epoch 49:
2025-07-23 00:46:18 | INFO     |   训练指标:
2025-07-23 00:46:18 | INFO     |     损失(ce): 0.032839
2025-07-23 00:46:18 | INFO     |     准确率: 0.976226
2025-07-23 00:46:18 | INFO     |     学习率: 0.00002500
2025-07-23 00:46:18 | INFO     |   验证指标(标准CE):
2025-07-23 00:46:18 | INFO     |     损失: 0.041522
2025-07-23 00:46:18 | INFO     |     准确率: 0.969970
2025-07-23 00:46:18 | INFO     |     F1(macro): 0.971105
2025-07-23 00:46:18 | INFO     |     F1(weighted): 0.969680
2025-07-23 00:46:18 | INFO     |     精确率: 0.975789
2025-07-23 00:46:18 | INFO     |     召回率: 0.972412
2025-07-23 00:46:18 | INFO     |   学习率调度器: f1_based
2025-07-23 00:46:18 | INFO     | ------------------------------------------------------------
2025-07-23 00:46:18 | INFO     | 🎯 学习率调整事件:
2025-07-23 00:46:18 | INFO     |   调度器类型: f1_based
2025-07-23 00:46:18 | INFO     |   学习率变化: 0.00002500 → 0.00001250
2025-07-23 00:46:18 | INFO     |   触发条件: F1分数 = 0.969680
2025-07-23 00:46:18 | INFO     |   变化幅度: -50.00%
2025-07-23 00:46:18 | INFO     | ------------------------------------------------------------
2025-07-23 00:46:18 | INFO     | Epoch  49 | Train: Loss=0.0328, Acc=0.9762 | Val: Loss=0.0415, Acc=0.9700, F1=0.9697 | LR=0.000013 
2025-07-23 00:47:13 | INFO     | Epoch 50:
2025-07-23 00:47:13 | INFO     |   训练指标:
2025-07-23 00:47:13 | INFO     |     损失(ce): 0.032012
2025-07-23 00:47:13 | INFO     |     准确率: 0.976727
2025-07-23 00:47:13 | INFO     |     学习率: 0.00001250
2025-07-23 00:47:13 | INFO     |   验证指标(标准CE):
2025-07-23 00:47:13 | INFO     |     损失: 0.034602
2025-07-23 00:47:13 | INFO     |     准确率: 0.971972
2025-07-23 00:47:13 | INFO     |     F1(macro): 0.973018
2025-07-23 00:47:13 | INFO     |     F1(weighted): 0.971708
2025-07-23 00:47:13 | INFO     |     精确率: 0.977618
2025-07-23 00:47:13 | INFO     |     召回率: 0.974288
2025-07-23 00:47:13 | INFO     |   学习率调度器: f1_based
2025-07-23 00:47:13 | INFO     | ------------------------------------------------------------
2025-07-23 00:47:13 | INFO     | Epoch  50 | Train: Loss=0.0320, Acc=0.9767 | Val: Loss=0.0346, Acc=0.9720, F1=0.9717 | LR=0.000013 
2025-07-23 00:47:13 | INFO     | ⏹️ 早停触发，在第 50 轮停止训练
2025-07-23 00:47:17 | INFO     | 训练历史已保存到: ./result/0723_0001_DualGAF_DualGAFNet_静态融合缩放+门控融合+自注意力_sl96_step96_fd128_extractor-dilated_gaf-adaptive_attention-self_classifier-mlp_stat-basic_fusion-gated/training_history.csv
2025-07-23 00:47:17 | INFO     | 
====================================================================================================
2025-07-23 00:47:17 | INFO     | 🎉 训练完成总结:
2025-07-23 00:47:17 | INFO     |   训练损失函数: ce
2025-07-23 00:47:17 | INFO     |   验证损失函数: 标准交叉熵（遵循主流ML规范）
2025-07-23 00:47:17 | INFO     |   训练过程最佳验证准确率: 0.9790
2025-07-23 00:47:17 | INFO     |   训练过程最佳验证F1(macro): 0.9795
2025-07-23 00:47:17 | INFO     |   训练过程最佳验证F1(weighted): 0.9787
2025-07-23 00:47:17 | INFO     |   训练轮数: 50
2025-07-23 00:47:17 | INFO     | --------------------------------------------------
2025-07-23 00:47:17 | INFO     | 📊 最佳模型真实性能指标（基于标准交叉熵损失）:
2025-07-23 00:47:17 | INFO     |   验证损失(标准CE): 0.0348
2025-07-23 00:47:17 | INFO     |   验证准确率: 0.9790
2025-07-23 00:47:17 | INFO     |   验证F1(macro): 0.9795
2025-07-23 00:47:17 | INFO     |   验证F1(weighted): 0.9787
2025-07-23 00:47:17 | INFO     |   验证精确率: 0.9836
2025-07-23 00:47:17 | INFO     |   验证召回率: 0.9790
2025-07-23 00:47:17 | INFO     | ====================================================================================================
2025-07-23 00:47:18 | INFO     | ================================================================================
2025-07-23 00:47:18 | INFO     | 实验日志结束: DualGAF_DualGAFNet_静态融合缩放+门控融合+自注意力_sl96_step96_fd128_extractor-dilated_gaf-adaptive_attention-self_classifier-mlp_stat-basic_fusion-gated
2025-07-23 00:47:18 | INFO     | 结束时间: 2025-07-23 00:47:18
2025-07-23 00:47:18 | INFO     | ================================================================================
