2025-07-15 09:59:09 | INFO     | ================================================================================
2025-07-15 09:59:09 | INFO     | 实验日志开始: DualGAF_FCU_DualGAFNet_dilated_enhanced_sl96_step96_fd128_extractor-dilated_gaf-adaptive_attention-channel_classifier-mlp_stat-basic_fusion-concat
2025-07-15 09:59:09 | INFO     | 日志文件: ./result/0715_0959_DualGAF_FCU_DualGAFNet_dilated_enhanced_sl96_step96_fd128_extractor-dilated_gaf-adaptive_attention-channel_classifier-mlp_stat-basic_fusion-concat/training.log
2025-07-15 09:59:09 | INFO     | 开始时间: 2025-07-15 09:59:09
2025-07-15 09:59:09 | INFO     | ================================================================================
2025-07-15 09:59:09 | INFO     | ⚙️ 实验配置:
2025-07-15 09:59:09 | INFO     |    task_name: classification
2025-07-15 09:59:09 | INFO     |    is_training: 1
2025-07-15 09:59:09 | INFO     |    model_id: test
2025-07-15 09:59:09 | INFO     |    model: DualGAFNet
2025-07-15 09:59:09 | INFO     |    data: DualGAF_FCU
2025-07-15 09:59:09 | INFO     |    root_path: ./dataset/FCU/direct_5_working
2025-07-15 09:59:09 | INFO     |    step: 96
2025-07-15 09:59:09 | INFO     |    checkpoints: ./checkpoints/
2025-07-15 09:59:09 | INFO     |    num_class: 15
2025-07-15 09:59:09 | INFO     |    result_path: ./result/
2025-07-15 09:59:09 | INFO     |    test_size: 0.2
2025-07-15 09:59:09 | INFO     |    seq_len: 96
2025-07-15 09:59:09 | INFO     |    enc_in: 27
2025-07-15 09:59:09 | INFO     |    d_model: 512
2025-07-15 09:59:09 | INFO     |    n_heads: 8
2025-07-15 09:59:09 | INFO     |    e_layers: 2
2025-07-15 09:59:09 | INFO     |    d_layers: 1
2025-07-15 09:59:09 | INFO     |    d_ff: 2048
2025-07-15 09:59:09 | INFO     |    moving_avg: 25
2025-07-15 09:59:09 | INFO     |    factor: 1
2025-07-15 09:59:09 | INFO     |    distil: True
2025-07-15 09:59:09 | INFO     |    dropout: 0.1
2025-07-15 09:59:09 | INFO     |    embed: timeF
2025-07-15 09:59:09 | INFO     |    activation: gelu
2025-07-15 09:59:09 | INFO     |    use_norm: 1
2025-07-15 09:59:09 | INFO     |    gaf_method: summation
2025-07-15 09:59:09 | INFO     |    feature_dim: 128
2025-07-15 09:59:09 | INFO     |    data_type_method: uint8
2025-07-15 09:59:09 | INFO     |    use_attention: True
2025-07-15 09:59:09 | INFO     |    hidden_dim: 64
2025-07-15 09:59:09 | INFO     |    sample_size: 1000
2025-07-15 09:59:09 | INFO     |    channel_groups: None
2025-07-15 09:59:09 | INFO     |    hvac_groups: None
2025-07-15 09:59:09 | INFO     |    extractor_type: dilated
2025-07-15 09:59:09 | INFO     |    fusion_type: adaptive
2025-07-15 09:59:09 | INFO     |    attention_type: channel
2025-07-15 09:59:09 | INFO     |    classifier_type: mlp
2025-07-15 09:59:09 | INFO     |    use_statistical_features: True
2025-07-15 09:59:09 | INFO     |    stat_type: basic
2025-07-15 09:59:09 | INFO     |    multimodal_fusion_strategy: concat
2025-07-15 09:59:09 | INFO     |    use_signal_level_stats: False
2025-07-15 09:59:09 | INFO     |    signal_stat_type: comprehensive
2025-07-15 09:59:09 | INFO     |    signal_stat_fusion_strategy: concat_project
2025-07-15 09:59:09 | INFO     |    signal_stat_feature_dim: 32
2025-07-15 09:59:09 | INFO     |    use_diff_branch: True
2025-07-15 09:59:09 | INFO     |    ablation_mode: none
2025-07-15 09:59:09 | INFO     |    backbone_type: resnet18
2025-07-15 09:59:09 | INFO     |    use_sum_branch: True
2025-07-15 09:59:09 | INFO     |    num_workers: 0
2025-07-15 09:59:09 | INFO     |    cuda_debug: False
2025-07-15 09:59:09 | INFO     |    gpu_memory_fraction: 0.9
2025-07-15 09:59:09 | INFO     |    safe_mode: True
2025-07-15 09:59:09 | INFO     |    drop_last_batch: True
2025-07-15 09:59:09 | INFO     |    itr: 1
2025-07-15 09:59:09 | INFO     |    train_epochs: 300
2025-07-15 09:59:09 | INFO     |    batch_size: 4
2025-07-15 09:59:09 | INFO     |    patience: 15
2025-07-15 09:59:09 | INFO     |    learning_rate: 0.0001
2025-07-15 09:59:09 | INFO     |    des: dilated_enhanced
2025-07-15 09:59:09 | INFO     |    loss: MSE
2025-07-15 09:59:09 | INFO     |    lradj: type1
2025-07-15 09:59:09 | INFO     |    lr_scheduler_type: f1_based
2025-07-15 09:59:09 | INFO     |    lr_loss_weight: 0.3
2025-07-15 09:59:09 | INFO     |    lr_f1_weight: 0.7
2025-07-15 09:59:09 | INFO     |    use_amp: False
2025-07-15 09:59:09 | INFO     |    gradient_accumulation_steps: 2
2025-07-15 09:59:09 | INFO     |    enable_auto_gradient_accumulation: True
2025-07-15 09:59:09 | INFO     |    loss_type: ce
2025-07-15 09:59:09 | INFO     |    label_smoothing: 0.1
2025-07-15 09:59:09 | INFO     |    focal_alpha: 1.0
2025-07-15 09:59:09 | INFO     |    focal_gamma: 2.0
2025-07-15 09:59:09 | INFO     |    confidence_penalty_beta: 0.1
2025-07-15 09:59:09 | INFO     |    use_timm_loss: True
2025-07-15 09:59:09 | INFO     |    adaptive_initial_smoothing: 0.2
2025-07-15 09:59:09 | INFO     |    adaptive_final_smoothing: 0.05
2025-07-15 09:59:09 | INFO     |    adaptive_decay_epochs: 30
2025-07-15 09:59:09 | INFO     |    enable_class_weights: False
2025-07-15 09:59:09 | INFO     |    class_weights: None
2025-07-15 09:59:09 | INFO     |    loss_preset: None
2025-07-15 09:59:09 | INFO     |    n_jobs: 8
2025-07-15 09:59:09 | INFO     |    use_multiprocessing: True
2025-07-15 09:59:09 | INFO     |    chunk_size: 800
2025-07-15 09:59:09 | INFO     |    disable_parallel: False
2025-07-15 09:59:09 | INFO     |    use_shared_memory: True
2025-07-15 09:59:09 | INFO     |    disable_shared_memory: False
2025-07-15 09:59:09 | INFO     |    use_gpu: True
2025-07-15 09:59:09 | INFO     |    gpu: 0
2025-07-15 09:59:09 | INFO     |    gpu_type: cuda
2025-07-15 09:59:09 | INFO     |    use_multi_gpu: False
2025-07-15 09:59:09 | INFO     |    devices: 0,1,2,3
2025-07-15 09:59:09 | INFO     |    device: cuda:0
2025-07-15 09:59:09 | INFO     |    feature_columns: ['FCU_WAT', 'FCU_HVLV', 'FCU_HTG_GPM', 'FCU_OAT', 'FCU_CVLV', 'FCU_OA_CFM', 'FCU_HTG_RWT', 'FCU_CLG_GPM', 'FCU_DMPR_DM', 'RMHTGSPT', 'FCU_SPD', 'RM_TEMP', 'FCU_DAT', 'FCU_HTG_EWT', 'FCU_CLG_RWT', 'FCU_RAT', 'FCU_DA_HUMD', 'FCU_DMPR', 'FCU_MAT', 'RMCLGSPT', 'FCU_OA_HUMD', 'FCU_HVLV_DM', 'FCU_DA_CFM', 'FCU_CLG_EWT', 'FCU_CVLV_DM', 'FCU_MA_HUMD', 'FCU_RA_HUMD']
2025-07-15 09:59:09 | INFO     | 🏗️ 模型信息:
2025-07-15 09:59:09 | INFO     |    模型类型: Model
2025-07-15 09:59:09 | INFO     |    总参数数量: 8,552,399
2025-07-15 09:59:09 | INFO     |    可训练参数: 8,552,399
2025-07-15 09:59:09 | INFO     |    模型大小估计: 32.62 MB
2025-07-15 09:59:09 | INFO     | 📊 数据集信息:
2025-07-15 09:59:09 | INFO     |    训练集大小: 3120
2025-07-15 09:59:09 | INFO     |    验证集大小: 781
2025-07-15 09:59:09 | INFO     | 
================================================================================
2025-07-15 09:59:09 | INFO     | 📋 损失函数使用策略（遵循主流机器学习规范）:
2025-07-15 09:59:09 | INFO     |    🎯 训练阶段: 使用 ce 损失函数
2025-07-15 09:59:09 | INFO     |       → 目的：优化模型参数，解决特定问题（类别不平衡、相似性等）
2025-07-15 09:59:09 | INFO     |    📊 验证阶段: 使用标准交叉熵损失函数
2025-07-15 09:59:09 | INFO     |       → 目的：客观评估模型性能，便于不同方法比较
2025-07-15 09:59:09 | INFO     |    📈 最终报告: 基于标准交叉熵损失的指标
2025-07-15 09:59:09 | INFO     |       → 目的：提供可信、可比较的性能指标
2025-07-15 09:59:09 | INFO     | ================================================================================

2025-07-15 09:59:09 | INFO     | 🔄 梯度累积配置: 每2轮累积一次梯度
2025-07-15 09:59:09 | INFO     |    实际batch_size: 4
2025-07-15 09:59:09 | INFO     |    有效batch_size: 8
2025-07-15 09:59:53 | INFO     | Epoch 1:
2025-07-15 09:59:53 | INFO     |   训练指标:
2025-07-15 09:59:53 | INFO     |     损失(ce): 2.226829
2025-07-15 09:59:53 | INFO     |     准确率: 0.265705
2025-07-15 09:59:53 | INFO     |     学习率: 0.00010000
2025-07-15 09:59:53 | INFO     |   验证指标(标准CE):
2025-07-15 09:59:53 | INFO     |     损失: 1.504841
2025-07-15 09:59:53 | INFO     |     准确率: 0.414853
2025-07-15 09:59:53 | INFO     |     F1(macro): 0.363574
2025-07-15 09:59:53 | INFO     |     F1(weighted): 0.352127
2025-07-15 09:59:53 | INFO     |     精确率: 0.390635
2025-07-15 09:59:53 | INFO     |     召回率: 0.429636
2025-07-15 09:59:53 | INFO     |   学习率调度器: f1_based
2025-07-15 09:59:53 | INFO     | ------------------------------------------------------------
2025-07-15 09:59:53 | INFO     | Epoch   1 | Train: Loss=2.2268, Acc=0.2657 | Val: Loss=1.5048, Acc=0.4149, F1=0.3521 | LR=0.000100 🏆 [最佳模型]
2025-07-15 10:00:37 | INFO     | Epoch 2:
2025-07-15 10:00:37 | INFO     |   训练指标:
2025-07-15 10:00:37 | INFO     |     损失(ce): 1.361368
2025-07-15 10:00:37 | INFO     |     准确率: 0.464103
2025-07-15 10:00:37 | INFO     |     学习率: 0.00010000
2025-07-15 10:00:37 | INFO     |   验证指标(标准CE):
2025-07-15 10:00:37 | INFO     |     损失: 1.322956
2025-07-15 10:00:37 | INFO     |     准确率: 0.426376
2025-07-15 10:00:37 | INFO     |     F1(macro): 0.378841
2025-07-15 10:00:37 | INFO     |     F1(weighted): 0.367421
2025-07-15 10:00:37 | INFO     |     精确率: 0.471485
2025-07-15 10:00:37 | INFO     |     召回率: 0.440971
2025-07-15 10:00:37 | INFO     |   学习率调度器: f1_based
2025-07-15 10:00:37 | INFO     | ------------------------------------------------------------
2025-07-15 10:00:37 | INFO     | Epoch   2 | Train: Loss=1.3614, Acc=0.4641 | Val: Loss=1.3230, Acc=0.4264, F1=0.3674 | LR=0.000100 🏆 [最佳模型]
2025-07-15 10:01:21 | INFO     | Epoch 3:
2025-07-15 10:01:21 | INFO     |   训练指标:
2025-07-15 10:01:21 | INFO     |     损失(ce): 1.244472
2025-07-15 10:01:21 | INFO     |     准确率: 0.482372
2025-07-15 10:01:21 | INFO     |     学习率: 0.00010000
2025-07-15 10:01:21 | INFO     |   验证指标(标准CE):
2025-07-15 10:01:21 | INFO     |     损失: 1.167418
2025-07-15 10:01:21 | INFO     |     准确率: 0.517286
2025-07-15 10:01:21 | INFO     |     F1(macro): 0.449288
2025-07-15 10:01:21 | INFO     |     F1(weighted): 0.444510
2025-07-15 10:01:21 | INFO     |     精确率: 0.467208
2025-07-15 10:01:21 | INFO     |     召回率: 0.511350
2025-07-15 10:01:21 | INFO     |   学习率调度器: f1_based
2025-07-15 10:01:21 | INFO     | ------------------------------------------------------------
2025-07-15 10:01:21 | INFO     | Epoch   3 | Train: Loss=1.2445, Acc=0.4824 | Val: Loss=1.1674, Acc=0.5173, F1=0.4445 | LR=0.000100 🏆 [最佳模型]
2025-07-15 10:02:06 | INFO     | Epoch 4:
2025-07-15 10:02:06 | INFO     |   训练指标:
2025-07-15 10:02:06 | INFO     |     损失(ce): 1.128301
2025-07-15 10:02:06 | INFO     |     准确率: 0.525641
2025-07-15 10:02:06 | INFO     |     学习率: 0.00010000
2025-07-15 10:02:06 | INFO     |   验证指标(标准CE):
2025-07-15 10:02:06 | INFO     |     损失: 1.042117
2025-07-15 10:02:06 | INFO     |     准确率: 0.549296
2025-07-15 10:02:06 | INFO     |     F1(macro): 0.518590
2025-07-15 10:02:06 | INFO     |     F1(weighted): 0.511420
2025-07-15 10:02:06 | INFO     |     精确率: 0.571100
2025-07-15 10:02:06 | INFO     |     召回率: 0.559881
2025-07-15 10:02:06 | INFO     |   学习率调度器: f1_based
2025-07-15 10:02:06 | INFO     | ------------------------------------------------------------
2025-07-15 10:02:06 | INFO     | Epoch   4 | Train: Loss=1.1283, Acc=0.5256 | Val: Loss=1.0421, Acc=0.5493, F1=0.5114 | LR=0.000100 🏆 [最佳模型]
2025-07-15 10:02:50 | INFO     | Epoch 5:
2025-07-15 10:02:50 | INFO     |   训练指标:
2025-07-15 10:02:50 | INFO     |     损失(ce): 1.085622
2025-07-15 10:02:50 | INFO     |     准确率: 0.551923
2025-07-15 10:02:50 | INFO     |     学习率: 0.00010000
2025-07-15 10:02:50 | INFO     |   验证指标(标准CE):
2025-07-15 10:02:50 | INFO     |     损失: 1.148550
2025-07-15 10:02:50 | INFO     |     准确率: 0.544174
2025-07-15 10:02:50 | INFO     |     F1(macro): 0.483691
2025-07-15 10:02:50 | INFO     |     F1(weighted): 0.486005
2025-07-15 10:02:50 | INFO     |     精确率: 0.518365
2025-07-15 10:02:50 | INFO     |     召回率: 0.534027
2025-07-15 10:02:50 | INFO     |   学习率调度器: f1_based
2025-07-15 10:02:50 | INFO     | ------------------------------------------------------------
2025-07-15 10:02:50 | INFO     | Epoch   5 | Train: Loss=1.0856, Acc=0.5519 | Val: Loss=1.1486, Acc=0.5442, F1=0.4860 | LR=0.000100 
2025-07-15 10:03:33 | INFO     | Epoch 6:
2025-07-15 10:03:33 | INFO     |   训练指标:
2025-07-15 10:03:33 | INFO     |     损失(ce): 1.077923
2025-07-15 10:03:33 | INFO     |     准确率: 0.541346
2025-07-15 10:03:33 | INFO     |     学习率: 0.00010000
2025-07-15 10:03:33 | INFO     |   验证指标(标准CE):
2025-07-15 10:03:33 | INFO     |     损失: 1.060220
2025-07-15 10:03:33 | INFO     |     准确率: 0.496799
2025-07-15 10:03:33 | INFO     |     F1(macro): 0.456911
2025-07-15 10:03:33 | INFO     |     F1(weighted): 0.443127
2025-07-15 10:03:33 | INFO     |     精确率: 0.513718
2025-07-15 10:03:33 | INFO     |     召回率: 0.514355
2025-07-15 10:03:33 | INFO     |   学习率调度器: f1_based
2025-07-15 10:03:33 | INFO     | ------------------------------------------------------------
2025-07-15 10:03:33 | INFO     | Epoch   6 | Train: Loss=1.0779, Acc=0.5413 | Val: Loss=1.0602, Acc=0.4968, F1=0.4431 | LR=0.000100 
2025-07-15 10:04:17 | INFO     | Epoch 7:
2025-07-15 10:04:17 | INFO     |   训练指标:
2025-07-15 10:04:17 | INFO     |     损失(ce): 1.019409
2025-07-15 10:04:17 | INFO     |     准确率: 0.560897
2025-07-15 10:04:17 | INFO     |     学习率: 0.00010000
2025-07-15 10:04:17 | INFO     |   验证指标(标准CE):
2025-07-15 10:04:17 | INFO     |     损失: 0.929758
2025-07-15 10:04:17 | INFO     |     准确率: 0.562100
2025-07-15 10:04:17 | INFO     |     F1(macro): 0.528522
2025-07-15 10:04:17 | INFO     |     F1(weighted): 0.517683
2025-07-15 10:04:17 | INFO     |     精确率: 0.557355
2025-07-15 10:04:17 | INFO     |     召回率: 0.578696
2025-07-15 10:04:17 | INFO     |   学习率调度器: f1_based
2025-07-15 10:04:17 | INFO     | ------------------------------------------------------------
2025-07-15 10:04:17 | INFO     | Epoch   7 | Train: Loss=1.0194, Acc=0.5609 | Val: Loss=0.9298, Acc=0.5621, F1=0.5177 | LR=0.000100 🏆 [最佳模型]
2025-07-15 10:05:01 | INFO     | Epoch 8:
2025-07-15 10:05:01 | INFO     |   训练指标:
2025-07-15 10:05:01 | INFO     |     损失(ce): 1.000684
2025-07-15 10:05:01 | INFO     |     准确率: 0.572115
2025-07-15 10:05:01 | INFO     |     学习率: 0.00010000
2025-07-15 10:05:01 | INFO     |   验证指标(标准CE):
2025-07-15 10:05:01 | INFO     |     损失: 1.199770
2025-07-15 10:05:01 | INFO     |     准确率: 0.519846
2025-07-15 10:05:01 | INFO     |     F1(macro): 0.464576
2025-07-15 10:05:01 | INFO     |     F1(weighted): 0.463740
2025-07-15 10:05:01 | INFO     |     精确率: 0.499885
2025-07-15 10:05:01 | INFO     |     召回率: 0.512324
2025-07-15 10:05:01 | INFO     |   学习率调度器: f1_based
2025-07-15 10:05:01 | INFO     | ------------------------------------------------------------
2025-07-15 10:05:01 | INFO     | Epoch   8 | Train: Loss=1.0007, Acc=0.5721 | Val: Loss=1.1998, Acc=0.5198, F1=0.4637 | LR=0.000100 
2025-07-15 10:05:45 | INFO     | Epoch 9:
2025-07-15 10:05:45 | INFO     |   训练指标:
2025-07-15 10:05:45 | INFO     |     损失(ce): 0.919269
2025-07-15 10:05:45 | INFO     |     准确率: 0.592949
2025-07-15 10:05:45 | INFO     |     学习率: 0.00010000
2025-07-15 10:05:45 | INFO     |   验证指标(标准CE):
2025-07-15 10:05:45 | INFO     |     损失: 0.783921
2025-07-15 10:05:45 | INFO     |     准确率: 0.637644
2025-07-15 10:05:45 | INFO     |     F1(macro): 0.601654
2025-07-15 10:05:45 | INFO     |     F1(weighted): 0.599485
2025-07-15 10:05:45 | INFO     |     精确率: 0.584451
2025-07-15 10:05:45 | INFO     |     召回率: 0.640380
2025-07-15 10:05:45 | INFO     |   学习率调度器: f1_based
2025-07-15 10:05:45 | INFO     | ------------------------------------------------------------
2025-07-15 10:05:45 | INFO     | Epoch   9 | Train: Loss=0.9193, Acc=0.5929 | Val: Loss=0.7839, Acc=0.6376, F1=0.5995 | LR=0.000100 🏆 [最佳模型]
2025-07-15 10:06:29 | INFO     | Epoch 10:
2025-07-15 10:06:29 | INFO     |   训练指标:
2025-07-15 10:06:29 | INFO     |     损失(ce): 0.926876
2025-07-15 10:06:29 | INFO     |     准确率: 0.592308
2025-07-15 10:06:29 | INFO     |     学习率: 0.00010000
2025-07-15 10:06:29 | INFO     |   验证指标(标准CE):
2025-07-15 10:06:29 | INFO     |     损失: 0.839799
2025-07-15 10:06:29 | INFO     |     准确率: 0.603073
2025-07-15 10:06:29 | INFO     |     F1(macro): 0.550843
2025-07-15 10:06:29 | INFO     |     F1(weighted): 0.536468
2025-07-15 10:06:29 | INFO     |     精确率: 0.564820
2025-07-15 10:06:29 | INFO     |     召回率: 0.629501
2025-07-15 10:06:29 | INFO     |   学习率调度器: f1_based
2025-07-15 10:06:29 | INFO     | ------------------------------------------------------------
2025-07-15 10:06:29 | INFO     | Epoch  10 | Train: Loss=0.9269, Acc=0.5923 | Val: Loss=0.8398, Acc=0.6031, F1=0.5365 | LR=0.000100 
2025-07-15 10:07:12 | INFO     | Epoch 11:
2025-07-15 10:07:12 | INFO     |   训练指标:
2025-07-15 10:07:12 | INFO     |     损失(ce): 0.901518
2025-07-15 10:07:12 | INFO     |     准确率: 0.588141
2025-07-15 10:07:12 | INFO     |     学习率: 0.00010000
2025-07-15 10:07:12 | INFO     |   验证指标(标准CE):
2025-07-15 10:07:12 | INFO     |     损失: 0.901788
2025-07-15 10:07:12 | INFO     |     准确率: 0.564661
2025-07-15 10:07:12 | INFO     |     F1(macro): 0.520611
2025-07-15 10:07:12 | INFO     |     F1(weighted): 0.506847
2025-07-15 10:07:12 | INFO     |     精确率: 0.519647
2025-07-15 10:07:12 | INFO     |     召回率: 0.579829
2025-07-15 10:07:12 | INFO     |   学习率调度器: f1_based
2025-07-15 10:07:12 | INFO     | ------------------------------------------------------------
2025-07-15 10:07:12 | INFO     | Epoch  11 | Train: Loss=0.9015, Acc=0.5881 | Val: Loss=0.9018, Acc=0.5647, F1=0.5068 | LR=0.000100 
2025-07-15 10:07:56 | INFO     | Epoch 12:
2025-07-15 10:07:56 | INFO     |   训练指标:
2025-07-15 10:07:56 | INFO     |     损失(ce): 0.842993
2025-07-15 10:07:56 | INFO     |     准确率: 0.617308
2025-07-15 10:07:56 | INFO     |     学习率: 0.00010000
2025-07-15 10:07:56 | INFO     |   验证指标(标准CE):
2025-07-15 10:07:56 | INFO     |     损失: 0.799858
2025-07-15 10:07:56 | INFO     |     准确率: 0.610755
2025-07-15 10:07:56 | INFO     |     F1(macro): 0.549654
2025-07-15 10:07:56 | INFO     |     F1(weighted): 0.541944
2025-07-15 10:07:56 | INFO     |     精确率: 0.604102
2025-07-15 10:07:56 | INFO     |     召回率: 0.621029
2025-07-15 10:07:56 | INFO     |   学习率调度器: f1_based
2025-07-15 10:07:56 | INFO     | ------------------------------------------------------------
2025-07-15 10:07:56 | INFO     | Epoch  12 | Train: Loss=0.8430, Acc=0.6173 | Val: Loss=0.7999, Acc=0.6108, F1=0.5419 | LR=0.000100 
2025-07-15 10:08:39 | INFO     | Epoch 13:
2025-07-15 10:08:39 | INFO     |   训练指标:
2025-07-15 10:08:39 | INFO     |     损失(ce): 0.839977
2025-07-15 10:08:39 | INFO     |     准确率: 0.608333
2025-07-15 10:08:39 | INFO     |     学习率: 0.00010000
2025-07-15 10:08:39 | INFO     |   验证指标(标准CE):
2025-07-15 10:08:39 | INFO     |     损失: 0.844007
2025-07-15 10:08:39 | INFO     |     准确率: 0.622279
2025-07-15 10:08:39 | INFO     |     F1(macro): 0.566591
2025-07-15 10:08:39 | INFO     |     F1(weighted): 0.564724
2025-07-15 10:08:39 | INFO     |     精确率: 0.556667
2025-07-15 10:08:39 | INFO     |     召回率: 0.619109
2025-07-15 10:08:39 | INFO     |   学习率调度器: f1_based
2025-07-15 10:08:39 | INFO     | ------------------------------------------------------------
2025-07-15 10:08:39 | INFO     | Epoch  13 | Train: Loss=0.8400, Acc=0.6083 | Val: Loss=0.8440, Acc=0.6223, F1=0.5647 | LR=0.000100 
2025-07-15 10:09:22 | INFO     | Epoch 14:
2025-07-15 10:09:22 | INFO     |   训练指标:
2025-07-15 10:09:22 | INFO     |     损失(ce): 0.827751
2025-07-15 10:09:22 | INFO     |     准确率: 0.618910
2025-07-15 10:09:22 | INFO     |     学习率: 0.00010000
2025-07-15 10:09:22 | INFO     |   验证指标(标准CE):
2025-07-15 10:09:22 | INFO     |     损失: 1.207331
2025-07-15 10:09:22 | INFO     |     准确率: 0.550576
2025-07-15 10:09:22 | INFO     |     F1(macro): 0.483234
2025-07-15 10:09:22 | INFO     |     F1(weighted): 0.476133
2025-07-15 10:09:22 | INFO     |     精确率: 0.526639
2025-07-15 10:09:22 | INFO     |     召回率: 0.556871
2025-07-15 10:09:22 | INFO     |   学习率调度器: f1_based
2025-07-15 10:09:22 | INFO     | ------------------------------------------------------------
2025-07-15 10:09:22 | INFO     | Epoch  14 | Train: Loss=0.8278, Acc=0.6189 | Val: Loss=1.2073, Acc=0.5506, F1=0.4761 | LR=0.000100 
2025-07-15 10:10:04 | INFO     | Epoch 15:
2025-07-15 10:10:04 | INFO     |   训练指标:
2025-07-15 10:10:04 | INFO     |     损失(ce): 0.819432
2025-07-15 10:10:04 | INFO     |     准确率: 0.628205
2025-07-15 10:10:04 | INFO     |     学习率: 0.00010000
2025-07-15 10:10:04 | INFO     |   验证指标(标准CE):
2025-07-15 10:10:04 | INFO     |     损失: 0.822181
2025-07-15 10:10:04 | INFO     |     准确率: 0.583867
2025-07-15 10:10:04 | INFO     |     F1(macro): 0.550111
2025-07-15 10:10:04 | INFO     |     F1(weighted): 0.543522
2025-07-15 10:10:04 | INFO     |     精确率: 0.624766
2025-07-15 10:10:04 | INFO     |     召回率: 0.595356
2025-07-15 10:10:04 | INFO     |   学习率调度器: f1_based
2025-07-15 10:10:04 | INFO     | ------------------------------------------------------------
2025-07-15 10:10:04 | INFO     | 🎯 学习率调整事件:
2025-07-15 10:10:04 | INFO     |   调度器类型: f1_based
2025-07-15 10:10:04 | INFO     |   学习率变化: 0.00010000 → 0.00005000
2025-07-15 10:10:04 | INFO     |   触发条件: F1分数 = 0.543522
2025-07-15 10:10:04 | INFO     |   变化幅度: -50.00%
2025-07-15 10:10:04 | INFO     | ------------------------------------------------------------
2025-07-15 10:10:04 | INFO     | Epoch  15 | Train: Loss=0.8194, Acc=0.6282 | Val: Loss=0.8222, Acc=0.5839, F1=0.5435 | LR=0.000050 
2025-07-15 10:10:46 | INFO     | Epoch 16:
2025-07-15 10:10:46 | INFO     |   训练指标:
2025-07-15 10:10:46 | INFO     |     损失(ce): 0.704333
2025-07-15 10:10:46 | INFO     |     准确率: 0.652244
2025-07-15 10:10:46 | INFO     |     学习率: 0.00005000
2025-07-15 10:10:46 | INFO     |   验证指标(标准CE):
2025-07-15 10:10:46 | INFO     |     损失: 0.625015
2025-07-15 10:10:46 | INFO     |     准确率: 0.658131
2025-07-15 10:10:46 | INFO     |     F1(macro): 0.597647
2025-07-15 10:10:46 | INFO     |     F1(weighted): 0.595238
2025-07-15 10:10:46 | INFO     |     精确率: 0.638501
2025-07-15 10:10:46 | INFO     |     召回率: 0.666142
2025-07-15 10:10:46 | INFO     |   学习率调度器: f1_based
2025-07-15 10:10:46 | INFO     | ------------------------------------------------------------
2025-07-15 10:10:46 | INFO     | Epoch  16 | Train: Loss=0.7043, Acc=0.6522 | Val: Loss=0.6250, Acc=0.6581, F1=0.5952 | LR=0.000050 
2025-07-15 10:11:28 | INFO     | Epoch 17:
2025-07-15 10:11:28 | INFO     |   训练指标:
2025-07-15 10:11:28 | INFO     |     损失(ce): 0.690259
2025-07-15 10:11:28 | INFO     |     准确率: 0.642628
2025-07-15 10:11:28 | INFO     |     学习率: 0.00005000
2025-07-15 10:11:28 | INFO     |   验证指标(标准CE):
2025-07-15 10:11:28 | INFO     |     损失: 0.601937
2025-07-15 10:11:28 | INFO     |     准确率: 0.654289
2025-07-15 10:11:28 | INFO     |     F1(macro): 0.611998
2025-07-15 10:11:28 | INFO     |     F1(weighted): 0.604562
2025-07-15 10:11:28 | INFO     |     精确率: 0.630449
2025-07-15 10:11:28 | INFO     |     召回率: 0.668325
2025-07-15 10:11:28 | INFO     |   学习率调度器: f1_based
2025-07-15 10:11:28 | INFO     | ------------------------------------------------------------
2025-07-15 10:11:28 | INFO     | Epoch  17 | Train: Loss=0.6903, Acc=0.6426 | Val: Loss=0.6019, Acc=0.6543, F1=0.6046 | LR=0.000050 🏆 [最佳模型]
2025-07-15 10:12:11 | INFO     | Epoch 18:
2025-07-15 10:12:11 | INFO     |   训练指标:
2025-07-15 10:12:11 | INFO     |     损失(ce): 0.707104
2025-07-15 10:12:11 | INFO     |     准确率: 0.633333
2025-07-15 10:12:11 | INFO     |     学习率: 0.00005000
2025-07-15 10:12:11 | INFO     |   验证指标(标准CE):
2025-07-15 10:12:11 | INFO     |     损失: 0.681825
2025-07-15 10:12:11 | INFO     |     准确率: 0.638924
2025-07-15 10:12:11 | INFO     |     F1(macro): 0.589261
2025-07-15 10:12:11 | INFO     |     F1(weighted): 0.574435
2025-07-15 10:12:11 | INFO     |     精确率: 0.727067
2025-07-15 10:12:11 | INFO     |     召回率: 0.666033
2025-07-15 10:12:11 | INFO     |   学习率调度器: f1_based
2025-07-15 10:12:11 | INFO     | ------------------------------------------------------------
2025-07-15 10:12:11 | INFO     | Epoch  18 | Train: Loss=0.7071, Acc=0.6333 | Val: Loss=0.6818, Acc=0.6389, F1=0.5744 | LR=0.000050 
2025-07-15 10:12:53 | INFO     | Epoch 19:
2025-07-15 10:12:53 | INFO     |   训练指标:
2025-07-15 10:12:53 | INFO     |     损失(ce): 0.689389
2025-07-15 10:12:53 | INFO     |     准确率: 0.655449
2025-07-15 10:12:53 | INFO     |     学习率: 0.00005000
2025-07-15 10:12:53 | INFO     |   验证指标(标准CE):
2025-07-15 10:12:53 | INFO     |     损失: 0.599702
2025-07-15 10:12:53 | INFO     |     准确率: 0.686300
2025-07-15 10:12:53 | INFO     |     F1(macro): 0.641901
2025-07-15 10:12:53 | INFO     |     F1(weighted): 0.651304
2025-07-15 10:12:53 | INFO     |     精确率: 0.640184
2025-07-15 10:12:53 | INFO     |     召回率: 0.670789
2025-07-15 10:12:53 | INFO     |   学习率调度器: f1_based
2025-07-15 10:12:53 | INFO     | ------------------------------------------------------------
2025-07-15 10:12:53 | INFO     | Epoch  19 | Train: Loss=0.6894, Acc=0.6554 | Val: Loss=0.5997, Acc=0.6863, F1=0.6513 | LR=0.000050 🏆 [最佳模型]
2025-07-15 10:13:36 | INFO     | Epoch 20:
2025-07-15 10:13:36 | INFO     |   训练指标:
2025-07-15 10:13:36 | INFO     |     损失(ce): 0.668068
2025-07-15 10:13:36 | INFO     |     准确率: 0.654167
2025-07-15 10:13:36 | INFO     |     学习率: 0.00005000
2025-07-15 10:13:36 | INFO     |   验证指标(标准CE):
2025-07-15 10:13:36 | INFO     |     损失: 0.619146
2025-07-15 10:13:36 | INFO     |     准确率: 0.645327
2025-07-15 10:13:36 | INFO     |     F1(macro): 0.594204
2025-07-15 10:13:36 | INFO     |     F1(weighted): 0.580135
2025-07-15 10:13:36 | INFO     |     精确率: 0.632741
2025-07-15 10:13:36 | INFO     |     召回率: 0.669911
2025-07-15 10:13:36 | INFO     |   学习率调度器: f1_based
2025-07-15 10:13:36 | INFO     | ------------------------------------------------------------
2025-07-15 10:13:36 | INFO     | Epoch  20 | Train: Loss=0.6681, Acc=0.6542 | Val: Loss=0.6191, Acc=0.6453, F1=0.5801 | LR=0.000050 
2025-07-15 10:14:19 | INFO     | Epoch 21:
2025-07-15 10:14:19 | INFO     |   训练指标:
2025-07-15 10:14:19 | INFO     |     损失(ce): 0.640585
2025-07-15 10:14:19 | INFO     |     准确率: 0.665064
2025-07-15 10:14:19 | INFO     |     学习率: 0.00005000
2025-07-15 10:14:19 | INFO     |   验证指标(标准CE):
2025-07-15 10:14:19 | INFO     |     损失: 0.796694
2025-07-15 10:14:19 | INFO     |     准确率: 0.615877
2025-07-15 10:14:19 | INFO     |     F1(macro): 0.554858
2025-07-15 10:14:19 | INFO     |     F1(weighted): 0.553782
2025-07-15 10:14:19 | INFO     |     精确率: 0.565037
2025-07-15 10:14:19 | INFO     |     召回率: 0.614277
2025-07-15 10:14:19 | INFO     |   学习率调度器: f1_based
2025-07-15 10:14:19 | INFO     | ------------------------------------------------------------
2025-07-15 10:14:19 | INFO     | Epoch  21 | Train: Loss=0.6406, Acc=0.6651 | Val: Loss=0.7967, Acc=0.6159, F1=0.5538 | LR=0.000050 
2025-07-15 10:15:01 | INFO     | Epoch 22:
2025-07-15 10:15:01 | INFO     |   训练指标:
2025-07-15 10:15:01 | INFO     |     损失(ce): 0.647278
2025-07-15 10:15:01 | INFO     |     准确率: 0.672115
2025-07-15 10:15:01 | INFO     |     学习率: 0.00005000
2025-07-15 10:15:01 | INFO     |   验证指标(标准CE):
2025-07-15 10:15:01 | INFO     |     损失: 0.626577
2025-07-15 10:15:01 | INFO     |     准确率: 0.663252
2025-07-15 10:15:01 | INFO     |     F1(macro): 0.614616
2025-07-15 10:15:01 | INFO     |     F1(weighted): 0.611621
2025-07-15 10:15:01 | INFO     |     精确率: 0.632164
2025-07-15 10:15:01 | INFO     |     召回率: 0.670758
2025-07-15 10:15:01 | INFO     |   学习率调度器: f1_based
2025-07-15 10:15:01 | INFO     | ------------------------------------------------------------
2025-07-15 10:15:01 | INFO     | Epoch  22 | Train: Loss=0.6473, Acc=0.6721 | Val: Loss=0.6266, Acc=0.6633, F1=0.6116 | LR=0.000050 
2025-07-15 10:15:43 | INFO     | Epoch 23:
2025-07-15 10:15:43 | INFO     |   训练指标:
2025-07-15 10:15:43 | INFO     |     损失(ce): 0.661341
2025-07-15 10:15:43 | INFO     |     准确率: 0.653205
2025-07-15 10:15:43 | INFO     |     学习率: 0.00005000
2025-07-15 10:15:43 | INFO     |   验证指标(标准CE):
2025-07-15 10:15:43 | INFO     |     损失: 0.712428
2025-07-15 10:15:43 | INFO     |     准确率: 0.654289
2025-07-15 10:15:43 | INFO     |     F1(macro): 0.607958
2025-07-15 10:15:43 | INFO     |     F1(weighted): 0.613704
2025-07-15 10:15:43 | INFO     |     精确率: 0.602179
2025-07-15 10:15:43 | INFO     |     召回率: 0.647267
2025-07-15 10:15:43 | INFO     |   学习率调度器: f1_based
2025-07-15 10:15:43 | INFO     | ------------------------------------------------------------
2025-07-15 10:15:43 | INFO     | Epoch  23 | Train: Loss=0.6613, Acc=0.6532 | Val: Loss=0.7124, Acc=0.6543, F1=0.6137 | LR=0.000050 
2025-07-15 10:16:26 | INFO     | Epoch 24:
2025-07-15 10:16:26 | INFO     |   训练指标:
2025-07-15 10:16:26 | INFO     |     损失(ce): 0.634070
2025-07-15 10:16:26 | INFO     |     准确率: 0.668590
2025-07-15 10:16:26 | INFO     |     学习率: 0.00005000
2025-07-15 10:16:26 | INFO     |   验证指标(标准CE):
2025-07-15 10:16:26 | INFO     |     损失: 0.598941
2025-07-15 10:16:26 | INFO     |     准确率: 0.678617
2025-07-15 10:16:26 | INFO     |     F1(macro): 0.633840
2025-07-15 10:16:26 | INFO     |     F1(weighted): 0.638128
2025-07-15 10:16:26 | INFO     |     精确率: 0.746305
2025-07-15 10:16:26 | INFO     |     召回率: 0.676922
2025-07-15 10:16:26 | INFO     |   学习率调度器: f1_based
2025-07-15 10:16:26 | INFO     | ------------------------------------------------------------
2025-07-15 10:16:26 | INFO     | Epoch  24 | Train: Loss=0.6341, Acc=0.6686 | Val: Loss=0.5989, Acc=0.6786, F1=0.6381 | LR=0.000050 
2025-07-15 10:17:08 | INFO     | Epoch 25:
2025-07-15 10:17:08 | INFO     |   训练指标:
2025-07-15 10:17:08 | INFO     |     损失(ce): 0.633065
2025-07-15 10:17:08 | INFO     |     准确率: 0.667308
2025-07-15 10:17:08 | INFO     |     学习率: 0.00005000
2025-07-15 10:17:08 | INFO     |   验证指标(标准CE):
2025-07-15 10:17:08 | INFO     |     损失: 0.586780
2025-07-15 10:17:08 | INFO     |     准确率: 0.655570
2025-07-15 10:17:08 | INFO     |     F1(macro): 0.621876
2025-07-15 10:17:08 | INFO     |     F1(weighted): 0.607029
2025-07-15 10:17:08 | INFO     |     精确率: 0.663630
2025-07-15 10:17:08 | INFO     |     召回率: 0.682699
2025-07-15 10:17:08 | INFO     |   学习率调度器: f1_based
2025-07-15 10:17:08 | INFO     | ------------------------------------------------------------
2025-07-15 10:17:08 | INFO     | 🎯 学习率调整事件:
2025-07-15 10:17:08 | INFO     |   调度器类型: f1_based
2025-07-15 10:17:08 | INFO     |   学习率变化: 0.00005000 → 0.00002500
2025-07-15 10:17:08 | INFO     |   触发条件: F1分数 = 0.607029
2025-07-15 10:17:08 | INFO     |   变化幅度: -50.00%
2025-07-15 10:17:08 | INFO     | ------------------------------------------------------------
2025-07-15 10:17:08 | INFO     | Epoch  25 | Train: Loss=0.6331, Acc=0.6673 | Val: Loss=0.5868, Acc=0.6556, F1=0.6070 | LR=0.000025 
2025-07-15 10:17:50 | INFO     | Epoch 26:
2025-07-15 10:17:50 | INFO     |   训练指标:
2025-07-15 10:17:50 | INFO     |     损失(ce): 0.585372
2025-07-15 10:17:50 | INFO     |     准确率: 0.673718
2025-07-15 10:17:50 | INFO     |     学习率: 0.00002500
2025-07-15 10:17:50 | INFO     |   验证指标(标准CE):
2025-07-15 10:17:50 | INFO     |     损失: 0.566171
2025-07-15 10:17:50 | INFO     |     准确率: 0.655570
2025-07-15 10:17:50 | INFO     |     F1(macro): 0.602092
2025-07-15 10:17:50 | INFO     |     F1(weighted): 0.591102
2025-07-15 10:17:50 | INFO     |     精确率: 0.645381
2025-07-15 10:17:50 | INFO     |     召回率: 0.674650
2025-07-15 10:17:50 | INFO     |   学习率调度器: f1_based
2025-07-15 10:17:50 | INFO     | ------------------------------------------------------------
2025-07-15 10:17:50 | INFO     | Epoch  26 | Train: Loss=0.5854, Acc=0.6737 | Val: Loss=0.5662, Acc=0.6556, F1=0.5911 | LR=0.000025 
2025-07-15 10:18:33 | INFO     | Epoch 27:
2025-07-15 10:18:33 | INFO     |   训练指标:
2025-07-15 10:18:33 | INFO     |     损失(ce): 0.583617
2025-07-15 10:18:33 | INFO     |     准确率: 0.679808
2025-07-15 10:18:33 | INFO     |     学习率: 0.00002500
2025-07-15 10:18:33 | INFO     |   验证指标(标准CE):
2025-07-15 10:18:33 | INFO     |     损失: 0.593287
2025-07-15 10:18:33 | INFO     |     准确率: 0.642766
2025-07-15 10:18:33 | INFO     |     F1(macro): 0.619987
2025-07-15 10:18:33 | INFO     |     F1(weighted): 0.606332
2025-07-15 10:18:33 | INFO     |     精确率: 0.657116
2025-07-15 10:18:33 | INFO     |     召回率: 0.666594
2025-07-15 10:18:33 | INFO     |   学习率调度器: f1_based
2025-07-15 10:18:33 | INFO     | ------------------------------------------------------------
2025-07-15 10:18:33 | INFO     | Epoch  27 | Train: Loss=0.5836, Acc=0.6798 | Val: Loss=0.5933, Acc=0.6428, F1=0.6063 | LR=0.000025 
2025-07-15 10:19:15 | INFO     | Epoch 28:
2025-07-15 10:19:15 | INFO     |   训练指标:
2025-07-15 10:19:15 | INFO     |     损失(ce): 0.587722
2025-07-15 10:19:15 | INFO     |     准确率: 0.684615
2025-07-15 10:19:15 | INFO     |     学习率: 0.00002500
2025-07-15 10:19:15 | INFO     |   验证指标(标准CE):
2025-07-15 10:19:15 | INFO     |     损失: 0.563742
2025-07-15 10:19:15 | INFO     |     准确率: 0.655570
2025-07-15 10:19:15 | INFO     |     F1(macro): 0.604664
2025-07-15 10:19:15 | INFO     |     F1(weighted): 0.593682
2025-07-15 10:19:15 | INFO     |     精确率: 0.651077
2025-07-15 10:19:15 | INFO     |     召回率: 0.674357
2025-07-15 10:19:15 | INFO     |   学习率调度器: f1_based
2025-07-15 10:19:15 | INFO     | ------------------------------------------------------------
2025-07-15 10:19:15 | INFO     | Epoch  28 | Train: Loss=0.5877, Acc=0.6846 | Val: Loss=0.5637, Acc=0.6556, F1=0.5937 | LR=0.000025 
2025-07-15 10:19:57 | INFO     | Epoch 29:
2025-07-15 10:19:57 | INFO     |   训练指标:
2025-07-15 10:19:57 | INFO     |     损失(ce): 0.588282
2025-07-15 10:19:57 | INFO     |     准确率: 0.669551
2025-07-15 10:19:57 | INFO     |     学习率: 0.00002500
2025-07-15 10:19:57 | INFO     |   验证指标(标准CE):
2025-07-15 10:19:57 | INFO     |     损失: 0.550836
2025-07-15 10:19:57 | INFO     |     准确率: 0.653009
2025-07-15 10:19:57 | INFO     |     F1(macro): 0.617423
2025-07-15 10:19:57 | INFO     |     F1(weighted): 0.606884
2025-07-15 10:19:57 | INFO     |     精确率: 0.670455
2025-07-15 10:19:57 | INFO     |     召回率: 0.671677
2025-07-15 10:19:57 | INFO     |   学习率调度器: f1_based
2025-07-15 10:19:57 | INFO     | ------------------------------------------------------------
2025-07-15 10:19:57 | INFO     | Epoch  29 | Train: Loss=0.5883, Acc=0.6696 | Val: Loss=0.5508, Acc=0.6530, F1=0.6069 | LR=0.000025 
2025-07-15 10:20:39 | INFO     | Epoch 30:
2025-07-15 10:20:39 | INFO     |   训练指标:
2025-07-15 10:20:39 | INFO     |     损失(ce): 0.573566
2025-07-15 10:20:39 | INFO     |     准确率: 0.683974
2025-07-15 10:20:39 | INFO     |     学习率: 0.00002500
2025-07-15 10:20:39 | INFO     |   验证指标(标准CE):
2025-07-15 10:20:39 | INFO     |     损失: 0.579127
2025-07-15 10:20:39 | INFO     |     准确率: 0.670935
2025-07-15 10:20:39 | INFO     |     F1(macro): 0.606954
2025-07-15 10:20:39 | INFO     |     F1(weighted): 0.605383
2025-07-15 10:20:39 | INFO     |     精确率: 0.633250
2025-07-15 10:20:39 | INFO     |     召回率: 0.675421
2025-07-15 10:20:39 | INFO     |   学习率调度器: f1_based
2025-07-15 10:20:39 | INFO     | ------------------------------------------------------------
2025-07-15 10:20:39 | INFO     | Epoch  30 | Train: Loss=0.5736, Acc=0.6840 | Val: Loss=0.5791, Acc=0.6709, F1=0.6054 | LR=0.000025 
2025-07-15 10:21:22 | INFO     | Epoch 31:
2025-07-15 10:21:22 | INFO     |   训练指标:
2025-07-15 10:21:22 | INFO     |     损失(ce): 0.570246
2025-07-15 10:21:22 | INFO     |     准确率: 0.679167
2025-07-15 10:21:22 | INFO     |     学习率: 0.00002500
2025-07-15 10:21:22 | INFO     |   验证指标(标准CE):
2025-07-15 10:21:22 | INFO     |     损失: 0.559031
2025-07-15 10:21:22 | INFO     |     准确率: 0.663252
2025-07-15 10:21:22 | INFO     |     F1(macro): 0.630414
2025-07-15 10:21:22 | INFO     |     F1(weighted): 0.624357
2025-07-15 10:21:22 | INFO     |     精确率: 0.651373
2025-07-15 10:21:22 | INFO     |     召回率: 0.671267
2025-07-15 10:21:22 | INFO     |   学习率调度器: f1_based
2025-07-15 10:21:22 | INFO     | ------------------------------------------------------------
2025-07-15 10:21:22 | INFO     | Epoch  31 | Train: Loss=0.5702, Acc=0.6792 | Val: Loss=0.5590, Acc=0.6633, F1=0.6244 | LR=0.000025 
2025-07-15 10:22:04 | INFO     | Epoch 32:
2025-07-15 10:22:04 | INFO     |   训练指标:
2025-07-15 10:22:04 | INFO     |     损失(ce): 0.579726
2025-07-15 10:22:04 | INFO     |     准确率: 0.679487
2025-07-15 10:22:04 | INFO     |     学习率: 0.00002500
2025-07-15 10:22:04 | INFO     |   验证指标(标准CE):
2025-07-15 10:22:04 | INFO     |     损失: 0.573423
2025-07-15 10:22:04 | INFO     |     准确率: 0.668374
2025-07-15 10:22:04 | INFO     |     F1(macro): 0.618992
2025-07-15 10:22:04 | INFO     |     F1(weighted): 0.618512
2025-07-15 10:22:04 | INFO     |     精确率: 0.650214
2025-07-15 10:22:04 | INFO     |     召回率: 0.671117
2025-07-15 10:22:04 | INFO     |   学习率调度器: f1_based
2025-07-15 10:22:04 | INFO     | ------------------------------------------------------------
2025-07-15 10:22:04 | INFO     | Epoch  32 | Train: Loss=0.5797, Acc=0.6795 | Val: Loss=0.5734, Acc=0.6684, F1=0.6185 | LR=0.000025 
2025-07-15 10:22:46 | INFO     | Epoch 33:
2025-07-15 10:22:46 | INFO     |   训练指标:
2025-07-15 10:22:46 | INFO     |     损失(ce): 0.585181
2025-07-15 10:22:46 | INFO     |     准确率: 0.673397
2025-07-15 10:22:46 | INFO     |     学习率: 0.00002500
2025-07-15 10:22:46 | INFO     |   验证指标(标准CE):
2025-07-15 10:22:46 | INFO     |     损失: 0.560081
2025-07-15 10:22:46 | INFO     |     准确率: 0.654289
2025-07-15 10:22:46 | INFO     |     F1(macro): 0.619175
2025-07-15 10:22:46 | INFO     |     F1(weighted): 0.610870
2025-07-15 10:22:46 | INFO     |     精确率: 0.701176
2025-07-15 10:22:46 | INFO     |     召回率: 0.672492
2025-07-15 10:22:46 | INFO     |   学习率调度器: f1_based
2025-07-15 10:22:46 | INFO     | ------------------------------------------------------------
2025-07-15 10:22:46 | INFO     | 🎯 学习率调整事件:
2025-07-15 10:22:46 | INFO     |   调度器类型: f1_based
2025-07-15 10:22:46 | INFO     |   学习率变化: 0.00002500 → 0.00001250
2025-07-15 10:22:46 | INFO     |   触发条件: F1分数 = 0.610870
2025-07-15 10:22:46 | INFO     |   变化幅度: -50.00%
2025-07-15 10:22:46 | INFO     | ------------------------------------------------------------
2025-07-15 10:22:46 | INFO     | Epoch  33 | Train: Loss=0.5852, Acc=0.6734 | Val: Loss=0.5601, Acc=0.6543, F1=0.6109 | LR=0.000013 
2025-07-15 10:23:29 | INFO     | Epoch 34:
2025-07-15 10:23:29 | INFO     |   训练指标:
2025-07-15 10:23:29 | INFO     |     损失(ce): 0.560648
2025-07-15 10:23:29 | INFO     |     准确率: 0.686218
2025-07-15 10:23:29 | INFO     |     学习率: 0.00001250
2025-07-15 10:23:29 | INFO     |   验证指标(标准CE):
2025-07-15 10:23:29 | INFO     |     损失: 0.569209
2025-07-15 10:23:29 | INFO     |     准确率: 0.656850
2025-07-15 10:23:29 | INFO     |     F1(macro): 0.612181
2025-07-15 10:23:29 | INFO     |     F1(weighted): 0.608285
2025-07-15 10:23:29 | INFO     |     精确率: 0.638729
2025-07-15 10:23:29 | INFO     |     召回率: 0.667285
2025-07-15 10:23:29 | INFO     |   学习率调度器: f1_based
2025-07-15 10:23:29 | INFO     | ------------------------------------------------------------
2025-07-15 10:23:29 | INFO     | Epoch  34 | Train: Loss=0.5606, Acc=0.6862 | Val: Loss=0.5692, Acc=0.6569, F1=0.6083 | LR=0.000013 
2025-07-15 10:23:29 | INFO     | ⏹️ 早停触发，在第 34 轮停止训练
2025-07-15 10:23:32 | INFO     | 训练历史已保存到: ./result/0715_0959_DualGAF_FCU_DualGAFNet_dilated_enhanced_sl96_step96_fd128_extractor-dilated_gaf-adaptive_attention-channel_classifier-mlp_stat-basic_fusion-concat/training_history.csv
2025-07-15 10:23:32 | INFO     | 
====================================================================================================
2025-07-15 10:23:32 | INFO     | 🎉 训练完成总结:
2025-07-15 10:23:32 | INFO     |   训练损失函数: ce
2025-07-15 10:23:32 | INFO     |   验证损失函数: 标准交叉熵（遵循主流ML规范）
2025-07-15 10:23:32 | INFO     |   训练过程最佳验证准确率: 0.6863
2025-07-15 10:23:32 | INFO     |   训练过程最佳验证F1(macro): 0.6419
2025-07-15 10:23:32 | INFO     |   训练过程最佳验证F1(weighted): 0.6513
2025-07-15 10:23:32 | INFO     |   训练轮数: 34
2025-07-15 10:23:32 | INFO     | --------------------------------------------------
2025-07-15 10:23:32 | INFO     | 📊 最佳模型真实性能指标（基于标准交叉熵损失）:
2025-07-15 10:23:32 | INFO     |   验证损失(标准CE): 0.5995
2025-07-15 10:23:32 | INFO     |   验证准确率: 0.6863
2025-07-15 10:23:32 | INFO     |   验证F1(macro): 0.6419
2025-07-15 10:23:32 | INFO     |   验证F1(weighted): 0.6513
2025-07-15 10:23:32 | INFO     |   验证精确率: 0.6402
2025-07-15 10:23:32 | INFO     |   验证召回率: 0.6708
2025-07-15 10:23:32 | INFO     | ====================================================================================================
2025-07-15 10:23:34 | INFO     | ================================================================================
2025-07-15 10:23:34 | INFO     | 实验日志结束: DualGAF_FCU_DualGAFNet_dilated_enhanced_sl96_step96_fd128_extractor-dilated_gaf-adaptive_attention-channel_classifier-mlp_stat-basic_fusion-concat
2025-07-15 10:23:34 | INFO     | 结束时间: 2025-07-15 10:23:34
2025-07-15 10:23:34 | INFO     | ================================================================================
