2025-07-22 13:28:13 | INFO     | ================================================================================
2025-07-22 13:28:13 | INFO     | 实验日志开始: DualGAF_DualGAFNet_dilated_enhanced_sl96_step96_fd128_extractor-dilated_gaf-adaptive_attention-channel_classifier-mlp_stat-basic_fusion-concat
2025-07-22 13:28:13 | INFO     | 日志文件: ./result/0722_1328_DualGAF_DualGAFNet_dilated_enhanced_sl96_step96_fd128_extractor-dilated_gaf-adaptive_attention-channel_classifier-mlp_stat-basic_fusion-concat/training.log
2025-07-22 13:28:13 | INFO     | 开始时间: 2025-07-22 13:28:13
2025-07-22 13:28:13 | INFO     | ================================================================================
2025-07-22 13:28:13 | INFO     | ⚙️ 实验配置:
2025-07-22 13:28:13 | INFO     |    task_name: classification
2025-07-22 13:28:13 | INFO     |    is_training: 1
2025-07-22 13:28:13 | INFO     |    model_id: test
2025-07-22 13:28:13 | INFO     |    model: DualGAFNet
2025-07-22 13:28:13 | INFO     |    data: DualGAF
2025-07-22 13:28:13 | INFO     |    root_path: ./dataset/SAHU/origin_working
2025-07-22 13:28:13 | INFO     |    step: 96
2025-07-22 13:28:13 | INFO     |    checkpoints: ./checkpoints/
2025-07-22 13:28:13 | INFO     |    num_class: 9
2025-07-22 13:28:13 | INFO     |    result_path: ./result/
2025-07-22 13:28:13 | INFO     |    test_size: 0.2
2025-07-22 13:28:13 | INFO     |    rows: 115200
2025-07-22 13:28:13 | INFO     |    seq_len: 96
2025-07-22 13:28:13 | INFO     |    enc_in: 26
2025-07-22 13:28:13 | INFO     |    d_model: 512
2025-07-22 13:28:13 | INFO     |    n_heads: 8
2025-07-22 13:28:13 | INFO     |    e_layers: 2
2025-07-22 13:28:13 | INFO     |    d_layers: 1
2025-07-22 13:28:13 | INFO     |    d_ff: 2048
2025-07-22 13:28:13 | INFO     |    moving_avg: 25
2025-07-22 13:28:13 | INFO     |    factor: 1
2025-07-22 13:28:13 | INFO     |    distil: True
2025-07-22 13:28:13 | INFO     |    dropout: 0.1
2025-07-22 13:28:13 | INFO     |    embed: timeF
2025-07-22 13:28:13 | INFO     |    activation: gelu
2025-07-22 13:28:13 | INFO     |    use_norm: 1
2025-07-22 13:28:13 | INFO     |    gaf_method: summation
2025-07-22 13:28:13 | INFO     |    feature_dim: 128
2025-07-22 13:28:13 | INFO     |    data_type_method: uint8
2025-07-22 13:28:13 | INFO     |    use_attention: True
2025-07-22 13:28:13 | INFO     |    hidden_dim: 64
2025-07-22 13:28:13 | INFO     |    sample_size: 1000
2025-07-22 13:28:13 | INFO     |    channel_groups: None
2025-07-22 13:28:13 | INFO     |    hvac_groups: None
2025-07-22 13:28:13 | INFO     |    extractor_type: dilated
2025-07-22 13:28:13 | INFO     |    fusion_type: adaptive
2025-07-22 13:28:13 | INFO     |    attention_type: channel
2025-07-22 13:28:13 | INFO     |    classifier_type: mlp
2025-07-22 13:28:13 | INFO     |    use_statistical_features: True
2025-07-22 13:28:13 | INFO     |    stat_type: basic
2025-07-22 13:28:13 | INFO     |    multimodal_fusion_strategy: concat
2025-07-22 13:28:13 | INFO     |    use_signal_level_stats: False
2025-07-22 13:28:13 | INFO     |    signal_stat_type: comprehensive
2025-07-22 13:28:13 | INFO     |    signal_stat_fusion_strategy: concat_project
2025-07-22 13:28:13 | INFO     |    signal_stat_feature_dim: 32
2025-07-22 13:28:13 | INFO     |    use_diff_branch: True
2025-07-22 13:28:13 | INFO     |    ablation_mode: none
2025-07-22 13:28:13 | INFO     |    backbone_type: resnet18
2025-07-22 13:28:13 | INFO     |    use_sum_branch: True
2025-07-22 13:28:13 | INFO     |    num_workers: 0
2025-07-22 13:28:13 | INFO     |    cuda_debug: False
2025-07-22 13:28:13 | INFO     |    gpu_memory_fraction: 0.9
2025-07-22 13:28:13 | INFO     |    safe_mode: True
2025-07-22 13:28:13 | INFO     |    drop_last_batch: True
2025-07-22 13:28:13 | INFO     |    itr: 1
2025-07-22 13:28:13 | INFO     |    train_epochs: 300
2025-07-22 13:28:13 | INFO     |    batch_size: 4
2025-07-22 13:28:13 | INFO     |    patience: 15
2025-07-22 13:28:13 | INFO     |    learning_rate: 0.0001
2025-07-22 13:28:13 | INFO     |    des: dilated_enhanced
2025-07-22 13:28:13 | INFO     |    loss: MSE
2025-07-22 13:28:13 | INFO     |    lradj: type1
2025-07-22 13:28:13 | INFO     |    lr_scheduler_type: f1_based
2025-07-22 13:28:13 | INFO     |    lr_loss_weight: 0.3
2025-07-22 13:28:13 | INFO     |    lr_f1_weight: 0.7
2025-07-22 13:28:13 | INFO     |    use_amp: False
2025-07-22 13:28:13 | INFO     |    gradient_accumulation_steps: 2
2025-07-22 13:28:13 | INFO     |    enable_auto_gradient_accumulation: True
2025-07-22 13:28:13 | INFO     |    loss_type: ce
2025-07-22 13:28:13 | INFO     |    label_smoothing: 0.1
2025-07-22 13:28:13 | INFO     |    focal_alpha: 1.0
2025-07-22 13:28:13 | INFO     |    focal_gamma: 2.0
2025-07-22 13:28:13 | INFO     |    confidence_penalty_beta: 0.1
2025-07-22 13:28:13 | INFO     |    use_timm_loss: True
2025-07-22 13:28:13 | INFO     |    adaptive_initial_smoothing: 0.2
2025-07-22 13:28:13 | INFO     |    adaptive_final_smoothing: 0.05
2025-07-22 13:28:13 | INFO     |    adaptive_decay_epochs: 30
2025-07-22 13:28:13 | INFO     |    enable_class_weights: False
2025-07-22 13:28:13 | INFO     |    class_weights: None
2025-07-22 13:28:13 | INFO     |    loss_preset: None
2025-07-22 13:28:13 | INFO     |    n_jobs: 1
2025-07-22 13:28:13 | INFO     |    use_multiprocessing: False
2025-07-22 13:28:13 | INFO     |    chunk_size: 800
2025-07-22 13:28:13 | INFO     |    disable_parallel: True
2025-07-22 13:28:13 | INFO     |    use_shared_memory: False
2025-07-22 13:28:13 | INFO     |    disable_shared_memory: False
2025-07-22 13:28:13 | INFO     |    use_gpu: True
2025-07-22 13:28:13 | INFO     |    gpu: 0
2025-07-22 13:28:13 | INFO     |    gpu_type: cuda
2025-07-22 13:28:13 | INFO     |    use_multi_gpu: False
2025-07-22 13:28:13 | INFO     |    devices: 0,1,2,3
2025-07-22 13:28:13 | INFO     |    device: cuda:0
2025-07-22 13:28:13 | INFO     |    feature_columns: ['CHWC_VLV', 'CHWC_VLV_DM', 'MA_TEMP', 'OA_CFM', 'OA_DMPR', 'OA_DMPR_DM', 'OA_TEMP', 'RA_CFM', 'RA_DMPR', 'RA_DMPR_DM', 'RA_TEMP', 'RF_CS', 'RF_SPD', 'RF_WAT', 'SA_CFM', 'SA_SP', 'SA_SPSPT', 'SA_TEMP', 'SF_CS', 'SF_SPD', 'SF_WAT', 'ZONE_TEMP_1', 'ZONE_TEMP_2', 'ZONE_TEMP_3', 'ZONE_TEMP_4', 'ZONE_TEMP_5']
2025-07-22 13:28:13 | INFO     | 🏗️ 模型信息:
2025-07-22 13:28:13 | INFO     |    模型类型: Model
2025-07-22 13:28:13 | INFO     |    总参数数量: 8,294,850
2025-07-22 13:28:13 | INFO     |    可训练参数: 8,294,850
2025-07-22 13:28:13 | INFO     |    模型大小估计: 31.64 MB
2025-07-22 13:28:13 | INFO     | 📊 数据集信息:
2025-07-22 13:28:13 | INFO     |    训练集大小: 4503
2025-07-22 13:28:13 | INFO     |    验证集大小: 1126
2025-07-22 13:28:13 | INFO     | 
================================================================================
2025-07-22 13:28:13 | INFO     | 📋 损失函数使用策略（遵循主流机器学习规范）:
2025-07-22 13:28:13 | INFO     |    🎯 训练阶段: 使用 ce 损失函数
2025-07-22 13:28:13 | INFO     |       → 目的：优化模型参数，解决特定问题（类别不平衡、相似性等）
2025-07-22 13:28:13 | INFO     |    📊 验证阶段: 使用标准交叉熵损失函数
2025-07-22 13:28:13 | INFO     |       → 目的：客观评估模型性能，便于不同方法比较
2025-07-22 13:28:13 | INFO     |    📈 最终报告: 基于标准交叉熵损失的指标
2025-07-22 13:28:13 | INFO     |       → 目的：提供可信、可比较的性能指标
2025-07-22 13:28:13 | INFO     | ================================================================================

2025-07-22 13:28:13 | INFO     | 🔄 梯度累积配置: 每2轮累积一次梯度
2025-07-22 13:28:13 | INFO     |    实际batch_size: 4
2025-07-22 13:28:13 | INFO     |    有效batch_size: 8
2025-07-22 13:29:20 | INFO     | Epoch 1:
2025-07-22 13:29:20 | INFO     |   训练指标:
2025-07-22 13:29:20 | INFO     |     损失(ce): 1.288104
2025-07-22 13:29:20 | INFO     |     准确率: 0.555556
2025-07-22 13:29:20 | INFO     |     学习率: 0.00010000
2025-07-22 13:29:20 | INFO     |   验证指标(标准CE):
2025-07-22 13:29:20 | INFO     |     损失: 0.503202
2025-07-22 13:29:20 | INFO     |     准确率: 0.753108
2025-07-22 13:29:20 | INFO     |     F1(macro): 0.750131
2025-07-22 13:29:20 | INFO     |     F1(weighted): 0.739678
2025-07-22 13:29:20 | INFO     |     精确率: 0.772262
2025-07-22 13:29:20 | INFO     |     召回率: 0.765705
2025-07-22 13:29:20 | INFO     |   学习率调度器: f1_based
2025-07-22 13:29:20 | INFO     | ------------------------------------------------------------
2025-07-22 13:29:20 | INFO     | Epoch   1 | Train: Loss=1.2881, Acc=0.5556 | Val: Loss=0.5032, Acc=0.7531, F1=0.7397 | LR=0.000100 🏆 [最佳模型]
2025-07-22 13:30:21 | INFO     | Epoch 2:
2025-07-22 13:30:21 | INFO     |   训练指标:
2025-07-22 13:30:21 | INFO     |     损失(ce): 0.329803
2025-07-22 13:30:21 | INFO     |     准确率: 0.868000
2025-07-22 13:30:21 | INFO     |     学习率: 0.00010000
2025-07-22 13:30:21 | INFO     |   验证指标(标准CE):
2025-07-22 13:30:21 | INFO     |     损失: 0.136924
2025-07-22 13:30:21 | INFO     |     准确率: 0.923623
2025-07-22 13:30:21 | INFO     |     F1(macro): 0.924586
2025-07-22 13:30:21 | INFO     |     F1(weighted): 0.919854
2025-07-22 13:30:21 | INFO     |     精确率: 0.944693
2025-07-22 13:30:21 | INFO     |     召回率: 0.931677
2025-07-22 13:30:21 | INFO     |   学习率调度器: f1_based
2025-07-22 13:30:21 | INFO     | ------------------------------------------------------------
2025-07-22 13:30:21 | INFO     | Epoch   2 | Train: Loss=0.3298, Acc=0.8680 | Val: Loss=0.1369, Acc=0.9236, F1=0.9199 | LR=0.000100 🏆 [最佳模型]
2025-07-22 13:31:21 | INFO     | Epoch 3:
2025-07-22 13:31:21 | INFO     |   训练指标:
2025-07-22 13:31:21 | INFO     |     损失(ce): 0.195206
2025-07-22 13:31:21 | INFO     |     准确率: 0.912444
2025-07-22 13:31:21 | INFO     |     学习率: 0.00010000
2025-07-22 13:31:21 | INFO     |   验证指标(标准CE):
2025-07-22 13:31:21 | INFO     |     损失: 0.162455
2025-07-22 13:31:21 | INFO     |     准确率: 0.930728
2025-07-22 13:31:21 | INFO     |     F1(macro): 0.931444
2025-07-22 13:31:21 | INFO     |     F1(weighted): 0.929001
2025-07-22 13:31:21 | INFO     |     精确率: 0.942623
2025-07-22 13:31:21 | INFO     |     召回率: 0.931194
2025-07-22 13:31:21 | INFO     |   学习率调度器: f1_based
2025-07-22 13:31:21 | INFO     | ------------------------------------------------------------
2025-07-22 13:31:21 | INFO     | Epoch   3 | Train: Loss=0.1952, Acc=0.9124 | Val: Loss=0.1625, Acc=0.9307, F1=0.9290 | LR=0.000100 🏆 [最佳模型]
2025-07-22 13:32:22 | INFO     | Epoch 4:
2025-07-22 13:32:22 | INFO     |   训练指标:
2025-07-22 13:32:22 | INFO     |     损失(ce): 0.170826
2025-07-22 13:32:22 | INFO     |     准确率: 0.916222
2025-07-22 13:32:22 | INFO     |     学习率: 0.00010000
2025-07-22 13:32:22 | INFO     |   验证指标(标准CE):
2025-07-22 13:32:22 | INFO     |     损失: 0.120076
2025-07-22 13:32:22 | INFO     |     准确率: 0.936057
2025-07-22 13:32:22 | INFO     |     F1(macro): 0.938023
2025-07-22 13:32:22 | INFO     |     F1(weighted): 0.933955
2025-07-22 13:32:22 | INFO     |     精确率: 0.954468
2025-07-22 13:32:22 | INFO     |     召回率: 0.943300
2025-07-22 13:32:22 | INFO     |   学习率调度器: f1_based
2025-07-22 13:32:22 | INFO     | ------------------------------------------------------------
2025-07-22 13:32:22 | INFO     | Epoch   4 | Train: Loss=0.1708, Acc=0.9162 | Val: Loss=0.1201, Acc=0.9361, F1=0.9340 | LR=0.000100 🏆 [最佳模型]
2025-07-22 13:33:23 | INFO     | Epoch 5:
2025-07-22 13:33:23 | INFO     |   训练指标:
2025-07-22 13:33:23 | INFO     |     损失(ce): 0.131311
2025-07-22 13:33:23 | INFO     |     准确率: 0.930889
2025-07-22 13:33:23 | INFO     |     学习率: 0.00010000
2025-07-22 13:33:23 | INFO     |   验证指标(标准CE):
2025-07-22 13:33:23 | INFO     |     损失: 0.110365
2025-07-22 13:33:23 | INFO     |     准确率: 0.941385
2025-07-22 13:33:23 | INFO     |     F1(macro): 0.941528
2025-07-22 13:33:23 | INFO     |     F1(weighted): 0.939626
2025-07-22 13:33:23 | INFO     |     精确率: 0.956011
2025-07-22 13:33:23 | INFO     |     召回率: 0.940668
2025-07-22 13:33:23 | INFO     |   学习率调度器: f1_based
2025-07-22 13:33:23 | INFO     | ------------------------------------------------------------
2025-07-22 13:33:23 | INFO     | Epoch   5 | Train: Loss=0.1313, Acc=0.9309 | Val: Loss=0.1104, Acc=0.9414, F1=0.9396 | LR=0.000100 🏆 [最佳模型]
2025-07-22 13:34:23 | INFO     | Epoch 6:
2025-07-22 13:34:23 | INFO     |   训练指标:
2025-07-22 13:34:23 | INFO     |     损失(ce): 0.117517
2025-07-22 13:34:23 | INFO     |     准确率: 0.933111
2025-07-22 13:34:23 | INFO     |     学习率: 0.00010000
2025-07-22 13:34:23 | INFO     |   验证指标(标准CE):
2025-07-22 13:34:23 | INFO     |     损失: 0.100249
2025-07-22 13:34:23 | INFO     |     准确率: 0.952931
2025-07-22 13:34:23 | INFO     |     F1(macro): 0.951530
2025-07-22 13:34:23 | INFO     |     F1(weighted): 0.950410
2025-07-22 13:34:23 | INFO     |     精确率: 0.964292
2025-07-22 13:34:23 | INFO     |     召回率: 0.951789
2025-07-22 13:34:23 | INFO     |   学习率调度器: f1_based
2025-07-22 13:34:23 | INFO     | ------------------------------------------------------------
2025-07-22 13:34:23 | INFO     | Epoch   6 | Train: Loss=0.1175, Acc=0.9331 | Val: Loss=0.1002, Acc=0.9529, F1=0.9504 | LR=0.000100 🏆 [最佳模型]
2025-07-22 13:35:24 | INFO     | Epoch 7:
2025-07-22 13:35:24 | INFO     |   训练指标:
2025-07-22 13:35:24 | INFO     |     损失(ce): 0.133273
2025-07-22 13:35:24 | INFO     |     准确率: 0.930444
2025-07-22 13:35:24 | INFO     |     学习率: 0.00010000
2025-07-22 13:35:24 | INFO     |   验证指标(标准CE):
2025-07-22 13:35:24 | INFO     |     损失: 0.092853
2025-07-22 13:35:24 | INFO     |     准确率: 0.936057
2025-07-22 13:35:24 | INFO     |     F1(macro): 0.938982
2025-07-22 13:35:24 | INFO     |     F1(weighted): 0.935491
2025-07-22 13:35:24 | INFO     |     精确率: 0.944880
2025-07-22 13:35:24 | INFO     |     召回率: 0.941586
2025-07-22 13:35:24 | INFO     |   学习率调度器: f1_based
2025-07-22 13:35:24 | INFO     | ------------------------------------------------------------
2025-07-22 13:35:24 | INFO     | Epoch   7 | Train: Loss=0.1333, Acc=0.9304 | Val: Loss=0.0929, Acc=0.9361, F1=0.9355 | LR=0.000100 
2025-07-22 13:36:24 | INFO     | Epoch 8:
2025-07-22 13:36:24 | INFO     |   训练指标:
2025-07-22 13:36:24 | INFO     |     损失(ce): 0.126684
2025-07-22 13:36:24 | INFO     |     准确率: 0.931778
2025-07-22 13:36:24 | INFO     |     学习率: 0.00010000
2025-07-22 13:36:24 | INFO     |   验证指标(标准CE):
2025-07-22 13:36:24 | INFO     |     损失: 0.125348
2025-07-22 13:36:24 | INFO     |     准确率: 0.943162
2025-07-22 13:36:24 | INFO     |     F1(macro): 0.942087
2025-07-22 13:36:24 | INFO     |     F1(weighted): 0.940586
2025-07-22 13:36:24 | INFO     |     精确率: 0.961545
2025-07-22 13:36:24 | INFO     |     召回率: 0.941454
2025-07-22 13:36:24 | INFO     |   学习率调度器: f1_based
2025-07-22 13:36:24 | INFO     | ------------------------------------------------------------
2025-07-22 13:36:24 | INFO     | Epoch   8 | Train: Loss=0.1267, Acc=0.9318 | Val: Loss=0.1253, Acc=0.9432, F1=0.9406 | LR=0.000100 
2025-07-22 13:37:23 | INFO     | Epoch 9:
2025-07-22 13:37:23 | INFO     |   训练指标:
2025-07-22 13:37:23 | INFO     |     损失(ce): 0.123021
2025-07-22 13:37:23 | INFO     |     准确率: 0.936667
2025-07-22 13:37:23 | INFO     |     学习率: 0.00010000
2025-07-22 13:37:23 | INFO     |   验证指标(标准CE):
2025-07-22 13:37:23 | INFO     |     损失: 0.125892
2025-07-22 13:37:23 | INFO     |     准确率: 0.928064
2025-07-22 13:37:23 | INFO     |     F1(macro): 0.931008
2025-07-22 13:37:23 | INFO     |     F1(weighted): 0.926368
2025-07-22 13:37:23 | INFO     |     精确率: 0.942692
2025-07-22 13:37:23 | INFO     |     召回率: 0.935532
2025-07-22 13:37:23 | INFO     |   学习率调度器: f1_based
2025-07-22 13:37:23 | INFO     | ------------------------------------------------------------
2025-07-22 13:37:23 | INFO     | Epoch   9 | Train: Loss=0.1230, Acc=0.9367 | Val: Loss=0.1259, Acc=0.9281, F1=0.9264 | LR=0.000100 
2025-07-22 13:38:23 | INFO     | Epoch 10:
2025-07-22 13:38:23 | INFO     |   训练指标:
2025-07-22 13:38:23 | INFO     |     损失(ce): 0.116627
2025-07-22 13:38:23 | INFO     |     准确率: 0.938667
2025-07-22 13:38:23 | INFO     |     学习率: 0.00010000
2025-07-22 13:38:23 | INFO     |   验证指标(标准CE):
2025-07-22 13:38:23 | INFO     |     损失: 0.093355
2025-07-22 13:38:23 | INFO     |     准确率: 0.950266
2025-07-22 13:38:23 | INFO     |     F1(macro): 0.949021
2025-07-22 13:38:23 | INFO     |     F1(weighted): 0.947552
2025-07-22 13:38:23 | INFO     |     精确率: 0.966536
2025-07-22 13:38:23 | INFO     |     召回率: 0.948937
2025-07-22 13:38:23 | INFO     |   学习率调度器: f1_based
2025-07-22 13:38:23 | INFO     | ------------------------------------------------------------
2025-07-22 13:38:23 | INFO     | Epoch  10 | Train: Loss=0.1166, Acc=0.9387 | Val: Loss=0.0934, Acc=0.9503, F1=0.9476 | LR=0.000100 
2025-07-22 13:39:23 | INFO     | Epoch 11:
2025-07-22 13:39:23 | INFO     |   训练指标:
2025-07-22 13:39:23 | INFO     |     损失(ce): 0.111435
2025-07-22 13:39:23 | INFO     |     准确率: 0.934444
2025-07-22 13:39:23 | INFO     |     学习率: 0.00010000
2025-07-22 13:39:23 | INFO     |   验证指标(标准CE):
2025-07-22 13:39:23 | INFO     |     损失: 0.106406
2025-07-22 13:39:23 | INFO     |     准确率: 0.934281
2025-07-22 13:39:23 | INFO     |     F1(macro): 0.935104
2025-07-22 13:39:23 | INFO     |     F1(weighted): 0.930805
2025-07-22 13:39:23 | INFO     |     精确率: 0.956058
2025-07-22 13:39:23 | INFO     |     召回率: 0.941922
2025-07-22 13:39:23 | INFO     |   学习率调度器: f1_based
2025-07-22 13:39:23 | INFO     | ------------------------------------------------------------
2025-07-22 13:39:23 | INFO     | Epoch  11 | Train: Loss=0.1114, Acc=0.9344 | Val: Loss=0.1064, Acc=0.9343, F1=0.9308 | LR=0.000100 
2025-07-22 13:40:23 | INFO     | Epoch 12:
2025-07-22 13:40:23 | INFO     |   训练指标:
2025-07-22 13:40:23 | INFO     |     损失(ce): 0.104555
2025-07-22 13:40:23 | INFO     |     准确率: 0.936667
2025-07-22 13:40:23 | INFO     |     学习率: 0.00010000
2025-07-22 13:40:23 | INFO     |   验证指标(标准CE):
2025-07-22 13:40:23 | INFO     |     损失: 0.083490
2025-07-22 13:40:23 | INFO     |     准确率: 0.952043
2025-07-22 13:40:23 | INFO     |     F1(macro): 0.950520
2025-07-22 13:40:23 | INFO     |     F1(weighted): 0.949156
2025-07-22 13:40:23 | INFO     |     精确率: 0.968719
2025-07-22 13:40:23 | INFO     |     召回率: 0.950549
2025-07-22 13:40:23 | INFO     |   学习率调度器: f1_based
2025-07-22 13:40:23 | INFO     | ------------------------------------------------------------
2025-07-22 13:40:23 | INFO     | 🎯 学习率调整事件:
2025-07-22 13:40:23 | INFO     |   调度器类型: f1_based
2025-07-22 13:40:23 | INFO     |   学习率变化: 0.00010000 → 0.00005000
2025-07-22 13:40:23 | INFO     |   触发条件: F1分数 = 0.949156
2025-07-22 13:40:23 | INFO     |   变化幅度: -50.00%
2025-07-22 13:40:23 | INFO     | ------------------------------------------------------------
2025-07-22 13:40:23 | INFO     | Epoch  12 | Train: Loss=0.1046, Acc=0.9367 | Val: Loss=0.0835, Acc=0.9520, F1=0.9492 | LR=0.000050 
2025-07-22 13:41:23 | INFO     | Epoch 13:
2025-07-22 13:41:23 | INFO     |   训练指标:
2025-07-22 13:41:23 | INFO     |     损失(ce): 0.086755
2025-07-22 13:41:23 | INFO     |     准确率: 0.941556
2025-07-22 13:41:23 | INFO     |     学习率: 0.00005000
2025-07-22 13:41:23 | INFO     |   验证指标(标准CE):
2025-07-22 13:41:23 | INFO     |     损失: 0.072920
2025-07-22 13:41:23 | INFO     |     准确率: 0.949378
2025-07-22 13:41:23 | INFO     |     F1(macro): 0.951203
2025-07-22 13:41:23 | INFO     |     F1(weighted): 0.948244
2025-07-22 13:41:23 | INFO     |     精确率: 0.961453
2025-07-22 13:41:23 | INFO     |     召回率: 0.954992
2025-07-22 13:41:23 | INFO     |   学习率调度器: f1_based
2025-07-22 13:41:23 | INFO     | ------------------------------------------------------------
2025-07-22 13:41:23 | INFO     | Epoch  13 | Train: Loss=0.0868, Acc=0.9416 | Val: Loss=0.0729, Acc=0.9494, F1=0.9482 | LR=0.000050 
2025-07-22 13:42:24 | INFO     | Epoch 14:
2025-07-22 13:42:24 | INFO     |   训练指标:
2025-07-22 13:42:24 | INFO     |     损失(ce): 0.080465
2025-07-22 13:42:24 | INFO     |     准确率: 0.946000
2025-07-22 13:42:24 | INFO     |     学习率: 0.00005000
2025-07-22 13:42:24 | INFO     |   验证指标(标准CE):
2025-07-22 13:42:24 | INFO     |     损失: 0.093258
2025-07-22 13:42:24 | INFO     |     准确率: 0.944938
2025-07-22 13:42:24 | INFO     |     F1(macro): 0.946529
2025-07-22 13:42:24 | INFO     |     F1(weighted): 0.943142
2025-07-22 13:42:24 | INFO     |     精确率: 0.962356
2025-07-22 13:42:24 | INFO     |     召回率: 0.951440
2025-07-22 13:42:24 | INFO     |   学习率调度器: f1_based
2025-07-22 13:42:24 | INFO     | ------------------------------------------------------------
2025-07-22 13:42:24 | INFO     | Epoch  14 | Train: Loss=0.0805, Acc=0.9460 | Val: Loss=0.0933, Acc=0.9449, F1=0.9431 | LR=0.000050 
2025-07-22 13:43:24 | INFO     | Epoch 15:
2025-07-22 13:43:24 | INFO     |   训练指标:
2025-07-22 13:43:24 | INFO     |     损失(ce): 0.089141
2025-07-22 13:43:24 | INFO     |     准确率: 0.945778
2025-07-22 13:43:24 | INFO     |     学习率: 0.00005000
2025-07-22 13:43:24 | INFO     |   验证指标(标准CE):
2025-07-22 13:43:24 | INFO     |     损失: 0.074347
2025-07-22 13:43:24 | INFO     |     准确率: 0.948490
2025-07-22 13:43:24 | INFO     |     F1(macro): 0.950137
2025-07-22 13:43:24 | INFO     |     F1(weighted): 0.946988
2025-07-22 13:43:24 | INFO     |     精确率: 0.963127
2025-07-22 13:43:24 | INFO     |     召回率: 0.954570
2025-07-22 13:43:24 | INFO     |   学习率调度器: f1_based
2025-07-22 13:43:24 | INFO     | ------------------------------------------------------------
2025-07-22 13:43:24 | INFO     | Epoch  15 | Train: Loss=0.0891, Acc=0.9458 | Val: Loss=0.0743, Acc=0.9485, F1=0.9470 | LR=0.000050 
2025-07-22 13:44:24 | INFO     | Epoch 16:
2025-07-22 13:44:24 | INFO     |   训练指标:
2025-07-22 13:44:24 | INFO     |     损失(ce): 0.080012
2025-07-22 13:44:24 | INFO     |     准确率: 0.952000
2025-07-22 13:44:24 | INFO     |     学习率: 0.00005000
2025-07-22 13:44:24 | INFO     |   验证指标(标准CE):
2025-07-22 13:44:24 | INFO     |     损失: 0.070073
2025-07-22 13:44:24 | INFO     |     准确率: 0.947602
2025-07-22 13:44:24 | INFO     |     F1(macro): 0.949331
2025-07-22 13:44:24 | INFO     |     F1(weighted): 0.946148
2025-07-22 13:44:24 | INFO     |     精确率: 0.961664
2025-07-22 13:44:24 | INFO     |     召回率: 0.953652
2025-07-22 13:44:24 | INFO     |   学习率调度器: f1_based
2025-07-22 13:44:24 | INFO     | ------------------------------------------------------------
2025-07-22 13:44:24 | INFO     | Epoch  16 | Train: Loss=0.0800, Acc=0.9520 | Val: Loss=0.0701, Acc=0.9476, F1=0.9461 | LR=0.000050 
2025-07-22 13:45:24 | INFO     | Epoch 17:
2025-07-22 13:45:24 | INFO     |   训练指标:
2025-07-22 13:45:24 | INFO     |     损失(ce): 0.081078
2025-07-22 13:45:24 | INFO     |     准确率: 0.948444
2025-07-22 13:45:24 | INFO     |     学习率: 0.00005000
2025-07-22 13:45:24 | INFO     |   验证指标(标准CE):
2025-07-22 13:45:24 | INFO     |     损失: 0.060866
2025-07-22 13:45:24 | INFO     |     准确率: 0.961812
2025-07-22 13:45:24 | INFO     |     F1(macro): 0.961380
2025-07-22 13:45:24 | INFO     |     F1(weighted): 0.960197
2025-07-22 13:45:24 | INFO     |     精确率: 0.974174
2025-07-22 13:45:24 | INFO     |     召回率: 0.960514
2025-07-22 13:45:24 | INFO     |   学习率调度器: f1_based
2025-07-22 13:45:24 | INFO     | ------------------------------------------------------------
2025-07-22 13:45:24 | INFO     | Epoch  17 | Train: Loss=0.0811, Acc=0.9484 | Val: Loss=0.0609, Acc=0.9618, F1=0.9602 | LR=0.000050 🏆 [最佳模型]
2025-07-22 13:46:25 | INFO     | Epoch 18:
2025-07-22 13:46:25 | INFO     |   训练指标:
2025-07-22 13:46:25 | INFO     |     损失(ce): 0.082611
2025-07-22 13:46:25 | INFO     |     准确率: 0.947556
2025-07-22 13:46:25 | INFO     |     学习率: 0.00005000
2025-07-22 13:46:25 | INFO     |   验证指标(标准CE):
2025-07-22 13:46:25 | INFO     |     损失: 0.075552
2025-07-22 13:46:25 | INFO     |     准确率: 0.946714
2025-07-22 13:46:25 | INFO     |     F1(macro): 0.949097
2025-07-22 13:46:25 | INFO     |     F1(weighted): 0.946140
2025-07-22 13:46:25 | INFO     |     精确率: 0.954813
2025-07-22 13:46:25 | INFO     |     召回率: 0.951783
2025-07-22 13:46:25 | INFO     |   学习率调度器: f1_based
2025-07-22 13:46:25 | INFO     | ------------------------------------------------------------
2025-07-22 13:46:25 | INFO     | Epoch  18 | Train: Loss=0.0826, Acc=0.9476 | Val: Loss=0.0756, Acc=0.9467, F1=0.9461 | LR=0.000050 
2025-07-22 13:47:25 | INFO     | Epoch 19:
2025-07-22 13:47:25 | INFO     |   训练指标:
2025-07-22 13:47:25 | INFO     |     损失(ce): 0.077410
2025-07-22 13:47:25 | INFO     |     准确率: 0.948000
2025-07-22 13:47:25 | INFO     |     学习率: 0.00005000
2025-07-22 13:47:25 | INFO     |   验证指标(标准CE):
2025-07-22 13:47:25 | INFO     |     损失: 0.065131
2025-07-22 13:47:25 | INFO     |     准确率: 0.961812
2025-07-22 13:47:25 | INFO     |     F1(macro): 0.961781
2025-07-22 13:47:25 | INFO     |     F1(weighted): 0.960526
2025-07-22 13:47:25 | INFO     |     精确率: 0.973127
2025-07-22 13:47:25 | INFO     |     召回率: 0.960739
2025-07-22 13:47:25 | INFO     |   学习率调度器: f1_based
2025-07-22 13:47:25 | INFO     | ------------------------------------------------------------
2025-07-22 13:47:25 | INFO     | Epoch  19 | Train: Loss=0.0774, Acc=0.9480 | Val: Loss=0.0651, Acc=0.9618, F1=0.9605 | LR=0.000050 🏆 [最佳模型]
2025-07-22 13:48:25 | INFO     | Epoch 20:
2025-07-22 13:48:25 | INFO     |   训练指标:
2025-07-22 13:48:25 | INFO     |     损失(ce): 0.078141
2025-07-22 13:48:25 | INFO     |     准确率: 0.949111
2025-07-22 13:48:25 | INFO     |     学习率: 0.00005000
2025-07-22 13:48:25 | INFO     |   验证指标(标准CE):
2025-07-22 13:48:25 | INFO     |     损失: 0.082971
2025-07-22 13:48:25 | INFO     |     准确率: 0.960036
2025-07-22 13:48:25 | INFO     |     F1(macro): 0.959958
2025-07-22 13:48:25 | INFO     |     F1(weighted): 0.958636
2025-07-22 13:48:25 | INFO     |     精确率: 0.973262
2025-07-22 13:48:25 | INFO     |     召回率: 0.958856
2025-07-22 13:48:25 | INFO     |   学习率调度器: f1_based
2025-07-22 13:48:25 | INFO     | ------------------------------------------------------------
2025-07-22 13:48:25 | INFO     | Epoch  20 | Train: Loss=0.0781, Acc=0.9491 | Val: Loss=0.0830, Acc=0.9600, F1=0.9586 | LR=0.000050 
2025-07-22 13:49:25 | INFO     | Epoch 21:
2025-07-22 13:49:25 | INFO     |   训练指标:
2025-07-22 13:49:25 | INFO     |     损失(ce): 0.075889
2025-07-22 13:49:25 | INFO     |     准确率: 0.951111
2025-07-22 13:49:25 | INFO     |     学习率: 0.00005000
2025-07-22 13:49:25 | INFO     |   验证指标(标准CE):
2025-07-22 13:49:25 | INFO     |     损失: 0.084338
2025-07-22 13:49:25 | INFO     |     准确率: 0.944050
2025-07-22 13:49:25 | INFO     |     F1(macro): 0.946684
2025-07-22 13:49:25 | INFO     |     F1(weighted): 0.943813
2025-07-22 13:49:25 | INFO     |     精确率: 0.951867
2025-07-22 13:49:25 | INFO     |     召回率: 0.948723
2025-07-22 13:49:25 | INFO     |   学习率调度器: f1_based
2025-07-22 13:49:25 | INFO     | ------------------------------------------------------------
2025-07-22 13:49:25 | INFO     | Epoch  21 | Train: Loss=0.0759, Acc=0.9511 | Val: Loss=0.0843, Acc=0.9440, F1=0.9438 | LR=0.000050 
2025-07-22 13:50:25 | INFO     | Epoch 22:
2025-07-22 13:50:25 | INFO     |   训练指标:
2025-07-22 13:50:25 | INFO     |     损失(ce): 0.073522
2025-07-22 13:50:25 | INFO     |     准确率: 0.949778
2025-07-22 13:50:25 | INFO     |     学习率: 0.00005000
2025-07-22 13:50:25 | INFO     |   验证指标(标准CE):
2025-07-22 13:50:25 | INFO     |     损失: 0.075299
2025-07-22 13:50:25 | INFO     |     准确率: 0.946714
2025-07-22 13:50:25 | INFO     |     F1(macro): 0.948483
2025-07-22 13:50:25 | INFO     |     F1(weighted): 0.945285
2025-07-22 13:50:25 | INFO     |     精确率: 0.962070
2025-07-22 13:50:25 | INFO     |     召回率: 0.952869
2025-07-22 13:50:25 | INFO     |   学习率调度器: f1_based
2025-07-22 13:50:25 | INFO     | ------------------------------------------------------------
2025-07-22 13:50:25 | INFO     | Epoch  22 | Train: Loss=0.0735, Acc=0.9498 | Val: Loss=0.0753, Acc=0.9467, F1=0.9453 | LR=0.000050 
2025-07-22 13:51:25 | INFO     | Epoch 23:
2025-07-22 13:51:25 | INFO     |   训练指标:
2025-07-22 13:51:25 | INFO     |     损失(ce): 0.084251
2025-07-22 13:51:25 | INFO     |     准确率: 0.952667
2025-07-22 13:51:25 | INFO     |     学习率: 0.00005000
2025-07-22 13:51:25 | INFO     |   验证指标(标准CE):
2025-07-22 13:51:25 | INFO     |     损失: 0.062113
2025-07-22 13:51:25 | INFO     |     准确率: 0.961812
2025-07-22 13:51:25 | INFO     |     F1(macro): 0.961672
2025-07-22 13:51:25 | INFO     |     F1(weighted): 0.960449
2025-07-22 13:51:25 | INFO     |     精确率: 0.972121
2025-07-22 13:51:25 | INFO     |     召回率: 0.960786
2025-07-22 13:51:25 | INFO     |   学习率调度器: f1_based
2025-07-22 13:51:25 | INFO     | ------------------------------------------------------------
2025-07-22 13:51:25 | INFO     | 🎯 学习率调整事件:
2025-07-22 13:51:25 | INFO     |   调度器类型: f1_based
2025-07-22 13:51:25 | INFO     |   学习率变化: 0.00005000 → 0.00002500
2025-07-22 13:51:25 | INFO     |   触发条件: F1分数 = 0.960449
2025-07-22 13:51:25 | INFO     |   变化幅度: -50.00%
2025-07-22 13:51:25 | INFO     | ------------------------------------------------------------
2025-07-22 13:51:25 | INFO     | Epoch  23 | Train: Loss=0.0843, Acc=0.9527 | Val: Loss=0.0621, Acc=0.9618, F1=0.9604 | LR=0.000025 
2025-07-22 13:52:25 | INFO     | Epoch 24:
2025-07-22 13:52:25 | INFO     |   训练指标:
2025-07-22 13:52:25 | INFO     |     损失(ce): 0.069584
2025-07-22 13:52:25 | INFO     |     准确率: 0.955556
2025-07-22 13:52:25 | INFO     |     学习率: 0.00002500
2025-07-22 13:52:25 | INFO     |   验证指标(标准CE):
2025-07-22 13:52:25 | INFO     |     损失: 0.060749
2025-07-22 13:52:25 | INFO     |     准确率: 0.963588
2025-07-22 13:52:25 | INFO     |     F1(macro): 0.963318
2025-07-22 13:52:25 | INFO     |     F1(weighted): 0.962171
2025-07-22 13:52:25 | INFO     |     精确率: 0.975106
2025-07-22 13:52:25 | INFO     |     召回率: 0.962351
2025-07-22 13:52:25 | INFO     |   学习率调度器: f1_based
2025-07-22 13:52:25 | INFO     | ------------------------------------------------------------
2025-07-22 13:52:25 | INFO     | Epoch  24 | Train: Loss=0.0696, Acc=0.9556 | Val: Loss=0.0607, Acc=0.9636, F1=0.9622 | LR=0.000025 🏆 [最佳模型]
2025-07-22 13:53:26 | INFO     | Epoch 25:
2025-07-22 13:53:26 | INFO     |   训练指标:
2025-07-22 13:53:26 | INFO     |     损失(ce): 0.073689
2025-07-22 13:53:26 | INFO     |     准确率: 0.953111
2025-07-22 13:53:26 | INFO     |     学习率: 0.00002500
2025-07-22 13:53:26 | INFO     |   验证指标(标准CE):
2025-07-22 13:53:26 | INFO     |     损失: 0.073778
2025-07-22 13:53:26 | INFO     |     准确率: 0.944938
2025-07-22 13:53:26 | INFO     |     F1(macro): 0.946650
2025-07-22 13:53:26 | INFO     |     F1(weighted): 0.943303
2025-07-22 13:53:26 | INFO     |     精确率: 0.961215
2025-07-22 13:53:26 | INFO     |     召回率: 0.951304
2025-07-22 13:53:26 | INFO     |   学习率调度器: f1_based
2025-07-22 13:53:26 | INFO     | ------------------------------------------------------------
2025-07-22 13:53:26 | INFO     | Epoch  25 | Train: Loss=0.0737, Acc=0.9531 | Val: Loss=0.0738, Acc=0.9449, F1=0.9433 | LR=0.000025 
2025-07-22 13:54:26 | INFO     | Epoch 26:
2025-07-22 13:54:26 | INFO     |   训练指标:
2025-07-22 13:54:26 | INFO     |     损失(ce): 0.070507
2025-07-22 13:54:26 | INFO     |     准确率: 0.953333
2025-07-22 13:54:26 | INFO     |     学习率: 0.00002500
2025-07-22 13:54:26 | INFO     |   验证指标(标准CE):
2025-07-22 13:54:26 | INFO     |     损失: 0.075665
2025-07-22 13:54:26 | INFO     |     准确率: 0.945826
2025-07-22 13:54:26 | INFO     |     F1(macro): 0.947359
2025-07-22 13:54:26 | INFO     |     F1(weighted): 0.944033
2025-07-22 13:54:26 | INFO     |     精确率: 0.961624
2025-07-22 13:54:26 | INFO     |     召回率: 0.952133
2025-07-22 13:54:26 | INFO     |   学习率调度器: f1_based
2025-07-22 13:54:26 | INFO     | ------------------------------------------------------------
2025-07-22 13:54:26 | INFO     | Epoch  26 | Train: Loss=0.0705, Acc=0.9533 | Val: Loss=0.0757, Acc=0.9458, F1=0.9440 | LR=0.000025 
2025-07-22 13:55:26 | INFO     | Epoch 27:
2025-07-22 13:55:26 | INFO     |   训练指标:
2025-07-22 13:55:26 | INFO     |     损失(ce): 0.068529
2025-07-22 13:55:26 | INFO     |     准确率: 0.956000
2025-07-22 13:55:26 | INFO     |     学习率: 0.00002500
2025-07-22 13:55:26 | INFO     |   验证指标(标准CE):
2025-07-22 13:55:26 | INFO     |     损失: 0.065628
2025-07-22 13:55:26 | INFO     |     准确率: 0.960924
2025-07-22 13:55:26 | INFO     |     F1(macro): 0.960559
2025-07-22 13:55:26 | INFO     |     F1(weighted): 0.959338
2025-07-22 13:55:26 | INFO     |     精确率: 0.972627
2025-07-22 13:55:26 | INFO     |     召回率: 0.959732
2025-07-22 13:55:26 | INFO     |   学习率调度器: f1_based
2025-07-22 13:55:26 | INFO     | ------------------------------------------------------------
2025-07-22 13:55:26 | INFO     | Epoch  27 | Train: Loss=0.0685, Acc=0.9560 | Val: Loss=0.0656, Acc=0.9609, F1=0.9593 | LR=0.000025 
2025-07-22 13:56:26 | INFO     | Epoch 28:
2025-07-22 13:56:26 | INFO     |   训练指标:
2025-07-22 13:56:26 | INFO     |     损失(ce): 0.069350
2025-07-22 13:56:26 | INFO     |     准确率: 0.954444
2025-07-22 13:56:26 | INFO     |     学习率: 0.00002500
2025-07-22 13:56:26 | INFO     |   验证指标(标准CE):
2025-07-22 13:56:26 | INFO     |     损失: 0.066665
2025-07-22 13:56:26 | INFO     |     准确率: 0.960036
2025-07-22 13:56:26 | INFO     |     F1(macro): 0.959997
2025-07-22 13:56:26 | INFO     |     F1(weighted): 0.958686
2025-07-22 13:56:26 | INFO     |     精确率: 0.971148
2025-07-22 13:56:26 | INFO     |     召回率: 0.959038
2025-07-22 13:56:26 | INFO     |   学习率调度器: f1_based
2025-07-22 13:56:26 | INFO     | ------------------------------------------------------------
2025-07-22 13:56:26 | INFO     | Epoch  28 | Train: Loss=0.0694, Acc=0.9544 | Val: Loss=0.0667, Acc=0.9600, F1=0.9587 | LR=0.000025 
2025-07-22 13:57:26 | INFO     | Epoch 29:
2025-07-22 13:57:26 | INFO     |   训练指标:
2025-07-22 13:57:26 | INFO     |     损失(ce): 0.067838
2025-07-22 13:57:26 | INFO     |     准确率: 0.957333
2025-07-22 13:57:26 | INFO     |     学习率: 0.00002500
2025-07-22 13:57:26 | INFO     |   验证指标(标准CE):
2025-07-22 13:57:26 | INFO     |     损失: 0.066224
2025-07-22 13:57:26 | INFO     |     准确率: 0.948490
2025-07-22 13:57:26 | INFO     |     F1(macro): 0.950202
2025-07-22 13:57:26 | INFO     |     F1(weighted): 0.947112
2025-07-22 13:57:26 | INFO     |     精确率: 0.963998
2025-07-22 13:57:26 | INFO     |     召回率: 0.954570
2025-07-22 13:57:26 | INFO     |   学习率调度器: f1_based
2025-07-22 13:57:26 | INFO     | ------------------------------------------------------------
2025-07-22 13:57:26 | INFO     | Epoch  29 | Train: Loss=0.0678, Acc=0.9573 | Val: Loss=0.0662, Acc=0.9485, F1=0.9471 | LR=0.000025 
2025-07-22 13:58:26 | INFO     | Epoch 30:
2025-07-22 13:58:26 | INFO     |   训练指标:
2025-07-22 13:58:26 | INFO     |     损失(ce): 0.069065
2025-07-22 13:58:26 | INFO     |     准确率: 0.957778
2025-07-22 13:58:26 | INFO     |     学习率: 0.00002500
2025-07-22 13:58:26 | INFO     |   验证指标(标准CE):
2025-07-22 13:58:26 | INFO     |     损失: 0.071394
2025-07-22 13:58:26 | INFO     |     准确率: 0.959147
2025-07-22 13:58:26 | INFO     |     F1(macro): 0.958897
2025-07-22 13:58:26 | INFO     |     F1(weighted): 0.957622
2025-07-22 13:58:26 | INFO     |     精确率: 0.969777
2025-07-22 13:58:26 | INFO     |     召回率: 0.958120
2025-07-22 13:58:26 | INFO     |   学习率调度器: f1_based
2025-07-22 13:58:26 | INFO     | ------------------------------------------------------------
2025-07-22 13:58:26 | INFO     | Epoch  30 | Train: Loss=0.0691, Acc=0.9578 | Val: Loss=0.0714, Acc=0.9591, F1=0.9576 | LR=0.000025 
2025-07-22 13:59:26 | INFO     | Epoch 31:
2025-07-22 13:59:26 | INFO     |   训练指标:
2025-07-22 13:59:26 | INFO     |     损失(ce): 0.074445
2025-07-22 13:59:26 | INFO     |     准确率: 0.955556
2025-07-22 13:59:26 | INFO     |     学习率: 0.00002500
2025-07-22 13:59:26 | INFO     |   验证指标(标准CE):
2025-07-22 13:59:26 | INFO     |     损失: 0.067169
2025-07-22 13:59:26 | INFO     |     准确率: 0.963588
2025-07-22 13:59:26 | INFO     |     F1(macro): 0.965155
2025-07-22 13:59:26 | INFO     |     F1(weighted): 0.963599
2025-07-22 13:59:26 | INFO     |     精确率: 0.965114
2025-07-22 13:59:26 | INFO     |     召回率: 0.965203
2025-07-22 13:59:26 | INFO     |   学习率调度器: f1_based
2025-07-22 13:59:26 | INFO     | ------------------------------------------------------------
2025-07-22 13:59:26 | INFO     | Epoch  31 | Train: Loss=0.0744, Acc=0.9556 | Val: Loss=0.0672, Acc=0.9636, F1=0.9636 | LR=0.000025 🏆 [最佳模型]
2025-07-22 14:00:27 | INFO     | Epoch 32:
2025-07-22 14:00:27 | INFO     |   训练指标:
2025-07-22 14:00:27 | INFO     |     损失(ce): 0.071020
2025-07-22 14:00:27 | INFO     |     准确率: 0.959778
2025-07-22 14:00:27 | INFO     |     学习率: 0.00002500
2025-07-22 14:00:27 | INFO     |   验证指标(标准CE):
2025-07-22 14:00:27 | INFO     |     损失: 0.138606
2025-07-22 14:00:27 | INFO     |     准确率: 0.947602
2025-07-22 14:00:27 | INFO     |     F1(macro): 0.949228
2025-07-22 14:00:27 | INFO     |     F1(weighted): 0.946116
2025-07-22 14:00:27 | INFO     |     精确率: 0.962001
2025-07-22 14:00:27 | INFO     |     召回率: 0.953652
2025-07-22 14:00:27 | INFO     |   学习率调度器: f1_based
2025-07-22 14:00:27 | INFO     | ------------------------------------------------------------
2025-07-22 14:00:27 | INFO     | Epoch  32 | Train: Loss=0.0710, Acc=0.9598 | Val: Loss=0.1386, Acc=0.9476, F1=0.9461 | LR=0.000025 
2025-07-22 14:01:27 | INFO     | Epoch 33:
2025-07-22 14:01:27 | INFO     |   训练指标:
2025-07-22 14:01:27 | INFO     |     损失(ce): 0.078044
2025-07-22 14:01:27 | INFO     |     准确率: 0.959778
2025-07-22 14:01:27 | INFO     |     学习率: 0.00002500
2025-07-22 14:01:27 | INFO     |   验证指标(标准CE):
2025-07-22 14:01:27 | INFO     |     损失: 0.066908
2025-07-22 14:01:27 | INFO     |     准确率: 0.963588
2025-07-22 14:01:27 | INFO     |     F1(macro): 0.964042
2025-07-22 14:01:27 | INFO     |     F1(weighted): 0.962805
2025-07-22 14:01:27 | INFO     |     精确率: 0.970144
2025-07-22 14:01:27 | INFO     |     召回率: 0.963119
2025-07-22 14:01:27 | INFO     |   学习率调度器: f1_based
2025-07-22 14:01:27 | INFO     | ------------------------------------------------------------
2025-07-22 14:01:27 | INFO     | Epoch  33 | Train: Loss=0.0780, Acc=0.9598 | Val: Loss=0.0669, Acc=0.9636, F1=0.9628 | LR=0.000025 
2025-07-22 14:02:27 | INFO     | Epoch 34:
2025-07-22 14:02:27 | INFO     |   训练指标:
2025-07-22 14:02:27 | INFO     |     损失(ce): 0.069632
2025-07-22 14:02:27 | INFO     |     准确率: 0.957556
2025-07-22 14:02:27 | INFO     |     学习率: 0.00002500
2025-07-22 14:02:27 | INFO     |   验证指标(标准CE):
2025-07-22 14:02:27 | INFO     |     损失: 0.064801
2025-07-22 14:02:27 | INFO     |     准确率: 0.961812
2025-07-22 14:02:27 | INFO     |     F1(macro): 0.961641
2025-07-22 14:02:27 | INFO     |     F1(weighted): 0.960426
2025-07-22 14:02:27 | INFO     |     精确率: 0.972534
2025-07-22 14:02:27 | INFO     |     召回率: 0.960786
2025-07-22 14:02:27 | INFO     |   学习率调度器: f1_based
2025-07-22 14:02:27 | INFO     | ------------------------------------------------------------
2025-07-22 14:02:27 | INFO     | Epoch  34 | Train: Loss=0.0696, Acc=0.9576 | Val: Loss=0.0648, Acc=0.9618, F1=0.9604 | LR=0.000025 
2025-07-22 14:03:27 | INFO     | Epoch 35:
2025-07-22 14:03:27 | INFO     |   训练指标:
2025-07-22 14:03:27 | INFO     |     损失(ce): 0.070251
2025-07-22 14:03:27 | INFO     |     准确率: 0.958222
2025-07-22 14:03:27 | INFO     |     学习率: 0.00002500
2025-07-22 14:03:27 | INFO     |   验证指标(标准CE):
2025-07-22 14:03:27 | INFO     |     损失: 0.089854
2025-07-22 14:03:27 | INFO     |     准确率: 0.946714
2025-07-22 14:03:27 | INFO     |     F1(macro): 0.948091
2025-07-22 14:03:27 | INFO     |     F1(weighted): 0.944873
2025-07-22 14:03:27 | INFO     |     精确率: 0.961506
2025-07-22 14:03:27 | INFO     |     召回率: 0.952916
2025-07-22 14:03:27 | INFO     |   学习率调度器: f1_based
2025-07-22 14:03:27 | INFO     | ------------------------------------------------------------
2025-07-22 14:03:27 | INFO     | Epoch  35 | Train: Loss=0.0703, Acc=0.9582 | Val: Loss=0.0899, Acc=0.9467, F1=0.9449 | LR=0.000025 
2025-07-22 14:04:27 | INFO     | Epoch 36:
2025-07-22 14:04:27 | INFO     |   训练指标:
2025-07-22 14:04:27 | INFO     |     损失(ce): 0.078288
2025-07-22 14:04:27 | INFO     |     准确率: 0.958000
2025-07-22 14:04:27 | INFO     |     学习率: 0.00002500
2025-07-22 14:04:27 | INFO     |   验证指标(标准CE):
2025-07-22 14:04:27 | INFO     |     损失: 0.063546
2025-07-22 14:04:27 | INFO     |     准确率: 0.964476
2025-07-22 14:04:27 | INFO     |     F1(macro): 0.965522
2025-07-22 14:04:27 | INFO     |     F1(weighted): 0.964195
2025-07-22 14:04:27 | INFO     |     精确率: 0.967735
2025-07-22 14:04:27 | INFO     |     召回率: 0.964852
2025-07-22 14:04:27 | INFO     |   学习率调度器: f1_based
2025-07-22 14:04:27 | INFO     | ------------------------------------------------------------
2025-07-22 14:04:27 | INFO     | Epoch  36 | Train: Loss=0.0783, Acc=0.9580 | Val: Loss=0.0635, Acc=0.9645, F1=0.9642 | LR=0.000025 🏆 [最佳模型]
2025-07-22 14:05:28 | INFO     | Epoch 37:
2025-07-22 14:05:28 | INFO     |   训练指标:
2025-07-22 14:05:28 | INFO     |     损失(ce): 0.067738
2025-07-22 14:05:28 | INFO     |     准确率: 0.962667
2025-07-22 14:05:28 | INFO     |     学习率: 0.00002500
2025-07-22 14:05:28 | INFO     |   验证指标(标准CE):
2025-07-22 14:05:28 | INFO     |     损失: 0.063229
2025-07-22 14:05:28 | INFO     |     准确率: 0.964476
2025-07-22 14:05:28 | INFO     |     F1(macro): 0.966251
2025-07-22 14:05:28 | INFO     |     F1(weighted): 0.964574
2025-07-22 14:05:28 | INFO     |     精确率: 0.966475
2025-07-22 14:05:28 | INFO     |     召回率: 0.966889
2025-07-22 14:05:28 | INFO     |   学习率调度器: f1_based
2025-07-22 14:05:28 | INFO     | ------------------------------------------------------------
2025-07-22 14:05:28 | INFO     | Epoch  37 | Train: Loss=0.0677, Acc=0.9627 | Val: Loss=0.0632, Acc=0.9645, F1=0.9646 | LR=0.000025 🏆 [最佳模型]
2025-07-22 14:06:28 | INFO     | Epoch 38:
2025-07-22 14:06:28 | INFO     |   训练指标:
2025-07-22 14:06:28 | INFO     |     损失(ce): 0.075553
2025-07-22 14:06:28 | INFO     |     准确率: 0.960000
2025-07-22 14:06:28 | INFO     |     学习率: 0.00002500
2025-07-22 14:06:28 | INFO     |   验证指标(标准CE):
2025-07-22 14:06:28 | INFO     |     损失: 0.104423
2025-07-22 14:06:28 | INFO     |     准确率: 0.949378
2025-07-22 14:06:28 | INFO     |     F1(macro): 0.951295
2025-07-22 14:06:28 | INFO     |     F1(weighted): 0.948350
2025-07-22 14:06:28 | INFO     |     精确率: 0.962410
2025-07-22 14:06:28 | INFO     |     召回率: 0.955081
2025-07-22 14:06:28 | INFO     |   学习率调度器: f1_based
2025-07-22 14:06:28 | INFO     | ------------------------------------------------------------
2025-07-22 14:06:28 | INFO     | Epoch  38 | Train: Loss=0.0756, Acc=0.9600 | Val: Loss=0.1044, Acc=0.9494, F1=0.9484 | LR=0.000025 
2025-07-22 14:07:28 | INFO     | Epoch 39:
2025-07-22 14:07:28 | INFO     |   训练指标:
2025-07-22 14:07:28 | INFO     |     损失(ce): 0.071157
2025-07-22 14:07:28 | INFO     |     准确率: 0.964222
2025-07-22 14:07:28 | INFO     |     学习率: 0.00002500
2025-07-22 14:07:28 | INFO     |   验证指标(标准CE):
2025-07-22 14:07:28 | INFO     |     损失: 0.083505
2025-07-22 14:07:28 | INFO     |     准确率: 0.950266
2025-07-22 14:07:28 | INFO     |     F1(macro): 0.952108
2025-07-22 14:07:28 | INFO     |     F1(weighted): 0.949198
2025-07-22 14:07:28 | INFO     |     精确率: 0.963831
2025-07-22 14:07:28 | INFO     |     召回率: 0.955999
2025-07-22 14:07:28 | INFO     |   学习率调度器: f1_based
2025-07-22 14:07:28 | INFO     | ------------------------------------------------------------
2025-07-22 14:07:28 | INFO     | Epoch  39 | Train: Loss=0.0712, Acc=0.9642 | Val: Loss=0.0835, Acc=0.9503, F1=0.9492 | LR=0.000025 
2025-07-22 14:08:28 | INFO     | Epoch 40:
2025-07-22 14:08:28 | INFO     |   训练指标:
2025-07-22 14:08:28 | INFO     |     损失(ce): 0.073524
2025-07-22 14:08:28 | INFO     |     准确率: 0.960222
2025-07-22 14:08:28 | INFO     |     学习率: 0.00002500
2025-07-22 14:08:28 | INFO     |   验证指标(标准CE):
2025-07-22 14:08:28 | INFO     |     损失: 0.074171
2025-07-22 14:08:28 | INFO     |     准确率: 0.953819
2025-07-22 14:08:28 | INFO     |     F1(macro): 0.955683
2025-07-22 14:08:28 | INFO     |     F1(weighted): 0.953049
2025-07-22 14:08:28 | INFO     |     精确率: 0.965667
2025-07-22 14:08:28 | INFO     |     召回率: 0.959129
2025-07-22 14:08:28 | INFO     |   学习率调度器: f1_based
2025-07-22 14:08:28 | INFO     | ------------------------------------------------------------
2025-07-22 14:08:28 | INFO     | Epoch  40 | Train: Loss=0.0735, Acc=0.9602 | Val: Loss=0.0742, Acc=0.9538, F1=0.9530 | LR=0.000025 
2025-07-22 14:09:29 | INFO     | Epoch 41:
2025-07-22 14:09:29 | INFO     |   训练指标:
2025-07-22 14:09:29 | INFO     |     损失(ce): 0.071254
2025-07-22 14:09:29 | INFO     |     准确率: 0.958000
2025-07-22 14:09:29 | INFO     |     学习率: 0.00002500
2025-07-22 14:09:29 | INFO     |   验证指标(标准CE):
2025-07-22 14:09:29 | INFO     |     损失: 0.062684
2025-07-22 14:09:29 | INFO     |     准确率: 0.961812
2025-07-22 14:09:29 | INFO     |     F1(macro): 0.961645
2025-07-22 14:09:29 | INFO     |     F1(weighted): 0.960444
2025-07-22 14:09:29 | INFO     |     精确率: 0.972259
2025-07-22 14:09:29 | INFO     |     召回率: 0.960739
2025-07-22 14:09:29 | INFO     |   学习率调度器: f1_based
2025-07-22 14:09:29 | INFO     | ------------------------------------------------------------
2025-07-22 14:09:29 | INFO     | Epoch  41 | Train: Loss=0.0713, Acc=0.9580 | Val: Loss=0.0627, Acc=0.9618, F1=0.9604 | LR=0.000025 
2025-07-22 14:10:29 | INFO     | Epoch 42:
2025-07-22 14:10:29 | INFO     |   训练指标:
2025-07-22 14:10:29 | INFO     |     损失(ce): 0.068643
2025-07-22 14:10:29 | INFO     |     准确率: 0.962000
2025-07-22 14:10:29 | INFO     |     学习率: 0.00002500
2025-07-22 14:10:29 | INFO     |   验证指标(标准CE):
2025-07-22 14:10:29 | INFO     |     损失: 0.066184
2025-07-22 14:10:29 | INFO     |     准确率: 0.959147
2025-07-22 14:10:29 | INFO     |     F1(macro): 0.960691
2025-07-22 14:10:29 | INFO     |     F1(weighted): 0.959011
2025-07-22 14:10:29 | INFO     |     精确率: 0.960891
2025-07-22 14:10:29 | INFO     |     召回率: 0.960611
2025-07-22 14:10:29 | INFO     |   学习率调度器: f1_based
2025-07-22 14:10:29 | INFO     | ------------------------------------------------------------
2025-07-22 14:10:29 | INFO     | Epoch  42 | Train: Loss=0.0686, Acc=0.9620 | Val: Loss=0.0662, Acc=0.9591, F1=0.9590 | LR=0.000025 
2025-07-22 14:11:29 | INFO     | Epoch 43:
2025-07-22 14:11:29 | INFO     |   训练指标:
2025-07-22 14:11:29 | INFO     |     损失(ce): 0.076328
2025-07-22 14:11:29 | INFO     |     准确率: 0.959333
2025-07-22 14:11:29 | INFO     |     学习率: 0.00002500
2025-07-22 14:11:29 | INFO     |   验证指标(标准CE):
2025-07-22 14:11:29 | INFO     |     损失: 0.064317
2025-07-22 14:11:29 | INFO     |     准确率: 0.966252
2025-07-22 14:11:29 | INFO     |     F1(macro): 0.966480
2025-07-22 14:11:29 | INFO     |     F1(weighted): 0.965369
2025-07-22 14:11:29 | INFO     |     精确率: 0.974327
2025-07-22 14:11:29 | INFO     |     召回率: 0.965466
2025-07-22 14:11:29 | INFO     |   学习率调度器: f1_based
2025-07-22 14:11:29 | INFO     | ------------------------------------------------------------
2025-07-22 14:11:29 | INFO     | 🎯 学习率调整事件:
2025-07-22 14:11:29 | INFO     |   调度器类型: f1_based
2025-07-22 14:11:29 | INFO     |   学习率变化: 0.00002500 → 0.00001250
2025-07-22 14:11:29 | INFO     |   触发条件: F1分数 = 0.965369
2025-07-22 14:11:29 | INFO     |   变化幅度: -50.00%
2025-07-22 14:11:29 | INFO     | ------------------------------------------------------------
2025-07-22 14:11:29 | INFO     | Epoch  43 | Train: Loss=0.0763, Acc=0.9593 | Val: Loss=0.0643, Acc=0.9663, F1=0.9654 | LR=0.000013 🏆 [最佳模型]
2025-07-22 14:12:30 | INFO     | Epoch 44:
2025-07-22 14:12:30 | INFO     |   训练指标:
2025-07-22 14:12:30 | INFO     |     损失(ce): 0.070400
2025-07-22 14:12:30 | INFO     |     准确率: 0.963556
2025-07-22 14:12:30 | INFO     |     学习率: 0.00001250
2025-07-22 14:12:30 | INFO     |   验证指标(标准CE):
2025-07-22 14:12:30 | INFO     |     损失: 0.069341
2025-07-22 14:12:30 | INFO     |     准确率: 0.962700
2025-07-22 14:12:30 | INFO     |     F1(macro): 0.962601
2025-07-22 14:12:30 | INFO     |     F1(weighted): 0.961405
2025-07-22 14:12:30 | INFO     |     精确率: 0.973028
2025-07-22 14:12:30 | INFO     |     召回率: 0.961704
2025-07-22 14:12:30 | INFO     |   学习率调度器: f1_based
2025-07-22 14:12:30 | INFO     | ------------------------------------------------------------
2025-07-22 14:12:30 | INFO     | Epoch  44 | Train: Loss=0.0704, Acc=0.9636 | Val: Loss=0.0693, Acc=0.9627, F1=0.9614 | LR=0.000013 
2025-07-22 14:13:30 | INFO     | Epoch 45:
2025-07-22 14:13:30 | INFO     |   训练指标:
2025-07-22 14:13:30 | INFO     |     损失(ce): 0.068222
2025-07-22 14:13:30 | INFO     |     准确率: 0.966222
2025-07-22 14:13:30 | INFO     |     学习率: 0.00001250
2025-07-22 14:13:30 | INFO     |   验证指标(标准CE):
2025-07-22 14:13:30 | INFO     |     损失: 0.062433
2025-07-22 14:13:30 | INFO     |     准确率: 0.963588
2025-07-22 14:13:30 | INFO     |     F1(macro): 0.965355
2025-07-22 14:13:30 | INFO     |     F1(weighted): 0.963564
2025-07-22 14:13:30 | INFO     |     精确率: 0.966905
2025-07-22 14:13:30 | INFO     |     召回率: 0.966696
2025-07-22 14:13:30 | INFO     |   学习率调度器: f1_based
2025-07-22 14:13:30 | INFO     | ------------------------------------------------------------
2025-07-22 14:13:30 | INFO     | Epoch  45 | Train: Loss=0.0682, Acc=0.9662 | Val: Loss=0.0624, Acc=0.9636, F1=0.9636 | LR=0.000013 
2025-07-22 14:14:30 | INFO     | Epoch 46:
2025-07-22 14:14:30 | INFO     |   训练指标:
2025-07-22 14:14:30 | INFO     |     损失(ce): 0.072103
2025-07-22 14:14:30 | INFO     |     准确率: 0.963111
2025-07-22 14:14:30 | INFO     |     学习率: 0.00001250
2025-07-22 14:14:30 | INFO     |   验证指标(标准CE):
2025-07-22 14:14:30 | INFO     |     损失: 0.057402
2025-07-22 14:14:30 | INFO     |     准确率: 0.967140
2025-07-22 14:14:30 | INFO     |     F1(macro): 0.968730
2025-07-22 14:14:30 | INFO     |     F1(weighted): 0.967173
2025-07-22 14:14:30 | INFO     |     精确率: 0.969372
2025-07-22 14:14:30 | INFO     |     召回率: 0.969691
2025-07-22 14:14:30 | INFO     |   学习率调度器: f1_based
2025-07-22 14:14:30 | INFO     | ------------------------------------------------------------
2025-07-22 14:14:30 | INFO     | Epoch  46 | Train: Loss=0.0721, Acc=0.9631 | Val: Loss=0.0574, Acc=0.9671, F1=0.9672 | LR=0.000013 🏆 [最佳模型]
2025-07-22 14:15:31 | INFO     | Epoch 47:
2025-07-22 14:15:31 | INFO     |   训练指标:
2025-07-22 14:15:31 | INFO     |     损失(ce): 0.072407
2025-07-22 14:15:31 | INFO     |     准确率: 0.965333
2025-07-22 14:15:31 | INFO     |     学习率: 0.00001250
2025-07-22 14:15:31 | INFO     |   验证指标(标准CE):
2025-07-22 14:15:31 | INFO     |     损失: 0.084869
2025-07-22 14:15:31 | INFO     |     准确率: 0.957371
2025-07-22 14:15:31 | INFO     |     F1(macro): 0.959230
2025-07-22 14:15:31 | INFO     |     F1(weighted): 0.956900
2025-07-22 14:15:31 | INFO     |     精确率: 0.965277
2025-07-22 14:15:31 | INFO     |     召回率: 0.961898
2025-07-22 14:15:31 | INFO     |   学习率调度器: f1_based
2025-07-22 14:15:31 | INFO     | ------------------------------------------------------------
2025-07-22 14:15:31 | INFO     | Epoch  47 | Train: Loss=0.0724, Acc=0.9653 | Val: Loss=0.0849, Acc=0.9574, F1=0.9569 | LR=0.000013 
2025-07-22 14:16:31 | INFO     | Epoch 48:
2025-07-22 14:16:31 | INFO     |   训练指标:
2025-07-22 14:16:31 | INFO     |     损失(ce): 0.072697
2025-07-22 14:16:31 | INFO     |     准确率: 0.967778
2025-07-22 14:16:31 | INFO     |     学习率: 0.00001250
2025-07-22 14:16:31 | INFO     |   验证指标(标准CE):
2025-07-22 14:16:31 | INFO     |     损失: 0.097072
2025-07-22 14:16:31 | INFO     |     准确率: 0.953819
2025-07-22 14:16:31 | INFO     |     F1(macro): 0.955601
2025-07-22 14:16:31 | INFO     |     F1(weighted): 0.953011
2025-07-22 14:16:31 | INFO     |     精确率: 0.964327
2025-07-22 14:16:31 | INFO     |     召回率: 0.958993
2025-07-22 14:16:31 | INFO     |   学习率调度器: f1_based
2025-07-22 14:16:31 | INFO     | ------------------------------------------------------------
2025-07-22 14:16:31 | INFO     | Epoch  48 | Train: Loss=0.0727, Acc=0.9678 | Val: Loss=0.0971, Acc=0.9538, F1=0.9530 | LR=0.000013 
2025-07-22 14:17:32 | INFO     | Epoch 49:
2025-07-22 14:17:32 | INFO     |   训练指标:
2025-07-22 14:17:32 | INFO     |     损失(ce): 0.067800
2025-07-22 14:17:32 | INFO     |     准确率: 0.967556
2025-07-22 14:17:32 | INFO     |     学习率: 0.00001250
2025-07-22 14:17:32 | INFO     |   验证指标(标准CE):
2025-07-22 14:17:32 | INFO     |     损失: 0.062186
2025-07-22 14:17:32 | INFO     |     准确率: 0.964476
2025-07-22 14:17:32 | INFO     |     F1(macro): 0.966213
2025-07-22 14:17:32 | INFO     |     F1(weighted): 0.964616
2025-07-22 14:17:32 | INFO     |     精确率: 0.966405
2025-07-22 14:17:32 | INFO     |     召回率: 0.966753
2025-07-22 14:17:32 | INFO     |   学习率调度器: f1_based
2025-07-22 14:17:32 | INFO     | ------------------------------------------------------------
2025-07-22 14:17:32 | INFO     | Epoch  49 | Train: Loss=0.0678, Acc=0.9676 | Val: Loss=0.0622, Acc=0.9645, F1=0.9646 | LR=0.000013 
2025-07-22 14:18:32 | INFO     | Epoch 50:
2025-07-22 14:18:32 | INFO     |   训练指标:
2025-07-22 14:18:32 | INFO     |     损失(ce): 0.072713
2025-07-22 14:18:32 | INFO     |     准确率: 0.964889
2025-07-22 14:18:32 | INFO     |     学习率: 0.00001250
2025-07-22 14:18:32 | INFO     |   验证指标(标准CE):
2025-07-22 14:18:32 | INFO     |     损失: 0.055813
2025-07-22 14:18:32 | INFO     |     准确率: 0.976021
2025-07-22 14:18:32 | INFO     |     F1(macro): 0.976925
2025-07-22 14:18:32 | INFO     |     F1(weighted): 0.975953
2025-07-22 14:18:32 | INFO     |     精确率: 0.977576
2025-07-22 14:18:32 | INFO     |     召回率: 0.976565
2025-07-22 14:18:32 | INFO     |   学习率调度器: f1_based
2025-07-22 14:18:32 | INFO     | ------------------------------------------------------------
2025-07-22 14:18:32 | INFO     | Epoch  50 | Train: Loss=0.0727, Acc=0.9649 | Val: Loss=0.0558, Acc=0.9760, F1=0.9760 | LR=0.000013 🏆 [最佳模型]
2025-07-22 14:19:33 | INFO     | Epoch 51:
2025-07-22 14:19:33 | INFO     |   训练指标:
2025-07-22 14:19:33 | INFO     |     损失(ce): 0.071218
2025-07-22 14:19:33 | INFO     |     准确率: 0.967556
2025-07-22 14:19:33 | INFO     |     学习率: 0.00001250
2025-07-22 14:19:33 | INFO     |   验证指标(标准CE):
2025-07-22 14:19:33 | INFO     |     损失: 0.061957
2025-07-22 14:19:33 | INFO     |     准确率: 0.968917
2025-07-22 14:19:33 | INFO     |     F1(macro): 0.970399
2025-07-22 14:19:33 | INFO     |     F1(weighted): 0.968963
2025-07-22 14:19:33 | INFO     |     精确率: 0.970625
2025-07-22 14:19:33 | INFO     |     召回率: 0.971120
2025-07-22 14:19:33 | INFO     |   学习率调度器: f1_based
2025-07-22 14:19:33 | INFO     | ------------------------------------------------------------
2025-07-22 14:19:33 | INFO     | Epoch  51 | Train: Loss=0.0712, Acc=0.9676 | Val: Loss=0.0620, Acc=0.9689, F1=0.9690 | LR=0.000013 
2025-07-22 14:20:33 | INFO     | Epoch 52:
2025-07-22 14:20:33 | INFO     |   训练指标:
2025-07-22 14:20:33 | INFO     |     损失(ce): 0.069795
2025-07-22 14:20:33 | INFO     |     准确率: 0.969111
2025-07-22 14:20:33 | INFO     |     学习率: 0.00001250
2025-07-22 14:20:33 | INFO     |   验证指标(标准CE):
2025-07-22 14:20:33 | INFO     |     损失: 0.058242
2025-07-22 14:20:33 | INFO     |     准确率: 0.968028
2025-07-22 14:20:33 | INFO     |     F1(macro): 0.969454
2025-07-22 14:20:33 | INFO     |     F1(weighted): 0.968060
2025-07-22 14:20:33 | INFO     |     精确率: 0.969340
2025-07-22 14:20:33 | INFO     |     召回率: 0.969658
2025-07-22 14:20:33 | INFO     |   学习率调度器: f1_based
2025-07-22 14:20:33 | INFO     | ------------------------------------------------------------
2025-07-22 14:20:33 | INFO     | Epoch  52 | Train: Loss=0.0698, Acc=0.9691 | Val: Loss=0.0582, Acc=0.9680, F1=0.9681 | LR=0.000013 
2025-07-22 14:21:33 | INFO     | Epoch 53:
2025-07-22 14:21:33 | INFO     |   训练指标:
2025-07-22 14:21:33 | INFO     |     损失(ce): 0.069355
2025-07-22 14:21:33 | INFO     |     准确率: 0.969333
2025-07-22 14:21:33 | INFO     |     学习率: 0.00001250
2025-07-22 14:21:33 | INFO     |   验证指标(标准CE):
2025-07-22 14:21:33 | INFO     |     损失: 0.059122
2025-07-22 14:21:33 | INFO     |     准确率: 0.967140
2025-07-22 14:21:33 | INFO     |     F1(macro): 0.968647
2025-07-22 14:21:33 | INFO     |     F1(weighted): 0.967191
2025-07-22 14:21:33 | INFO     |     精确率: 0.968623
2025-07-22 14:21:33 | INFO     |     召回率: 0.969236
2025-07-22 14:21:33 | INFO     |   学习率调度器: f1_based
2025-07-22 14:21:33 | INFO     | ------------------------------------------------------------
2025-07-22 14:21:33 | INFO     | Epoch  53 | Train: Loss=0.0694, Acc=0.9693 | Val: Loss=0.0591, Acc=0.9671, F1=0.9672 | LR=0.000013 
2025-07-22 14:22:33 | INFO     | Epoch 54:
2025-07-22 14:22:33 | INFO     |   训练指标:
2025-07-22 14:22:33 | INFO     |     损失(ce): 0.077028
2025-07-22 14:22:33 | INFO     |     准确率: 0.965333
2025-07-22 14:22:33 | INFO     |     学习率: 0.00001250
2025-07-22 14:22:33 | INFO     |   验证指标(标准CE):
2025-07-22 14:22:33 | INFO     |     损失: 0.106051
2025-07-22 14:22:33 | INFO     |     准确率: 0.952931
2025-07-22 14:22:33 | INFO     |     F1(macro): 0.954545
2025-07-22 14:22:33 | INFO     |     F1(weighted): 0.951759
2025-07-22 14:22:33 | INFO     |     精确率: 0.966156
2025-07-22 14:22:33 | INFO     |     召回率: 0.958529
2025-07-22 14:22:33 | INFO     |   学习率调度器: f1_based
2025-07-22 14:22:33 | INFO     | ------------------------------------------------------------
2025-07-22 14:22:33 | INFO     | Epoch  54 | Train: Loss=0.0770, Acc=0.9653 | Val: Loss=0.1061, Acc=0.9529, F1=0.9518 | LR=0.000013 
2025-07-22 14:23:34 | INFO     | Epoch 55:
2025-07-22 14:23:34 | INFO     |   训练指标:
2025-07-22 14:23:34 | INFO     |     损失(ce): 0.070877
2025-07-22 14:23:34 | INFO     |     准确率: 0.967111
2025-07-22 14:23:34 | INFO     |     学习率: 0.00001250
2025-07-22 14:23:34 | INFO     |   验证指标(标准CE):
2025-07-22 14:23:34 | INFO     |     损失: 0.057624
2025-07-22 14:23:34 | INFO     |     准确率: 0.970693
2025-07-22 14:23:34 | INFO     |     F1(macro): 0.972148
2025-07-22 14:23:34 | INFO     |     F1(weighted): 0.970810
2025-07-22 14:23:34 | INFO     |     精确率: 0.972580
2025-07-22 14:23:34 | INFO     |     召回率: 0.972909
2025-07-22 14:23:34 | INFO     |   学习率调度器: f1_based
2025-07-22 14:23:34 | INFO     | ------------------------------------------------------------
2025-07-22 14:23:34 | INFO     | Epoch  55 | Train: Loss=0.0709, Acc=0.9671 | Val: Loss=0.0576, Acc=0.9707, F1=0.9708 | LR=0.000013 
2025-07-22 14:24:34 | INFO     | Epoch 56:
2025-07-22 14:24:34 | INFO     |   训练指标:
2025-07-22 14:24:34 | INFO     |     损失(ce): 0.070252
2025-07-22 14:24:34 | INFO     |     准确率: 0.969111
2025-07-22 14:24:34 | INFO     |     学习率: 0.00001250
2025-07-22 14:24:34 | INFO     |   验证指标(标准CE):
2025-07-22 14:24:34 | INFO     |     损失: 0.057214
2025-07-22 14:24:34 | INFO     |     准确率: 0.974245
2025-07-22 14:24:34 | INFO     |     F1(macro): 0.975400
2025-07-22 14:24:34 | INFO     |     F1(weighted): 0.974313
2025-07-22 14:24:34 | INFO     |     精确率: 0.975346
2025-07-22 14:24:34 | INFO     |     召回率: 0.975496
2025-07-22 14:24:34 | INFO     |   学习率调度器: f1_based
2025-07-22 14:24:34 | INFO     | ------------------------------------------------------------
2025-07-22 14:24:34 | INFO     | 🎯 学习率调整事件:
2025-07-22 14:24:34 | INFO     |   调度器类型: f1_based
2025-07-22 14:24:34 | INFO     |   学习率变化: 0.00001250 → 0.00000625
2025-07-22 14:24:34 | INFO     |   触发条件: F1分数 = 0.974313
2025-07-22 14:24:34 | INFO     |   变化幅度: -50.00%
2025-07-22 14:24:34 | INFO     | ------------------------------------------------------------
2025-07-22 14:24:34 | INFO     | Epoch  56 | Train: Loss=0.0703, Acc=0.9691 | Val: Loss=0.0572, Acc=0.9742, F1=0.9743 | LR=0.000006 
2025-07-22 14:25:34 | INFO     | Epoch 57:
2025-07-22 14:25:34 | INFO     |   训练指标:
2025-07-22 14:25:34 | INFO     |     损失(ce): 0.064281
2025-07-22 14:25:34 | INFO     |     准确率: 0.970889
2025-07-22 14:25:34 | INFO     |     学习率: 0.00000625
2025-07-22 14:25:34 | INFO     |   验证指标(标准CE):
2025-07-22 14:25:34 | INFO     |     损失: 0.063024
2025-07-22 14:25:34 | INFO     |     准确率: 0.969805
2025-07-22 14:25:34 | INFO     |     F1(macro): 0.970686
2025-07-22 14:25:34 | INFO     |     F1(weighted): 0.969562
2025-07-22 14:25:34 | INFO     |     精确率: 0.973006
2025-07-22 14:25:34 | INFO     |     召回率: 0.969954
2025-07-22 14:25:34 | INFO     |   学习率调度器: f1_based
2025-07-22 14:25:34 | INFO     | ------------------------------------------------------------
2025-07-22 14:25:34 | INFO     | Epoch  57 | Train: Loss=0.0643, Acc=0.9709 | Val: Loss=0.0630, Acc=0.9698, F1=0.9696 | LR=0.000006 
2025-07-22 14:26:34 | INFO     | Epoch 58:
2025-07-22 14:26:34 | INFO     |   训练指标:
2025-07-22 14:26:34 | INFO     |     损失(ce): 0.063691
2025-07-22 14:26:34 | INFO     |     准确率: 0.972222
2025-07-22 14:26:34 | INFO     |     学习率: 0.00000625
2025-07-22 14:26:34 | INFO     |   验证指标(标准CE):
2025-07-22 14:26:34 | INFO     |     损失: 0.078719
2025-07-22 14:26:34 | INFO     |     准确率: 0.961812
2025-07-22 14:26:34 | INFO     |     F1(macro): 0.963642
2025-07-22 14:26:34 | INFO     |     F1(weighted): 0.961635
2025-07-22 14:26:34 | INFO     |     精确率: 0.968726
2025-07-22 14:26:34 | INFO     |     召回率: 0.965900
2025-07-22 14:26:34 | INFO     |   学习率调度器: f1_based
2025-07-22 14:26:34 | INFO     | ------------------------------------------------------------
2025-07-22 14:26:34 | INFO     | Epoch  58 | Train: Loss=0.0637, Acc=0.9722 | Val: Loss=0.0787, Acc=0.9618, F1=0.9616 | LR=0.000006 
2025-07-22 14:27:35 | INFO     | Epoch 59:
2025-07-22 14:27:35 | INFO     |   训练指标:
2025-07-22 14:27:35 | INFO     |     损失(ce): 0.068875
2025-07-22 14:27:35 | INFO     |     准确率: 0.971333
2025-07-22 14:27:35 | INFO     |     学习率: 0.00000625
2025-07-22 14:27:35 | INFO     |   验证指标(标准CE):
2025-07-22 14:27:35 | INFO     |     损失: 0.068049
2025-07-22 14:27:35 | INFO     |     准确率: 0.968028
2025-07-22 14:27:35 | INFO     |     F1(macro): 0.969627
2025-07-22 14:27:35 | INFO     |     F1(weighted): 0.968022
2025-07-22 14:27:35 | INFO     |     精确率: 0.972768
2025-07-22 14:27:35 | INFO     |     召回率: 0.971377
2025-07-22 14:27:35 | INFO     |   学习率调度器: f1_based
2025-07-22 14:27:35 | INFO     | ------------------------------------------------------------
2025-07-22 14:27:35 | INFO     | Epoch  59 | Train: Loss=0.0689, Acc=0.9713 | Val: Loss=0.0680, Acc=0.9680, F1=0.9680 | LR=0.000006 
2025-07-22 14:28:35 | INFO     | Epoch 60:
2025-07-22 14:28:35 | INFO     |   训练指标:
2025-07-22 14:28:35 | INFO     |     损失(ce): 0.063789
2025-07-22 14:28:35 | INFO     |     准确率: 0.971556
2025-07-22 14:28:35 | INFO     |     学习率: 0.00000625
2025-07-22 14:28:35 | INFO     |   验证指标(标准CE):
2025-07-22 14:28:35 | INFO     |     损失: 0.049525
2025-07-22 14:28:35 | INFO     |     准确率: 0.976021
2025-07-22 14:28:35 | INFO     |     F1(macro): 0.977121
2025-07-22 14:28:35 | INFO     |     F1(weighted): 0.976055
2025-07-22 14:28:35 | INFO     |     精确率: 0.977013
2025-07-22 14:28:35 | INFO     |     召回率: 0.977515
2025-07-22 14:28:35 | INFO     |   学习率调度器: f1_based
2025-07-22 14:28:35 | INFO     | ------------------------------------------------------------
2025-07-22 14:28:35 | INFO     | Epoch  60 | Train: Loss=0.0638, Acc=0.9716 | Val: Loss=0.0495, Acc=0.9760, F1=0.9761 | LR=0.000006 🏆 [最佳模型]
2025-07-22 14:29:36 | INFO     | Epoch 61:
2025-07-22 14:29:36 | INFO     |   训练指标:
2025-07-22 14:29:36 | INFO     |     损失(ce): 0.069160
2025-07-22 14:29:36 | INFO     |     准确率: 0.971556
2025-07-22 14:29:36 | INFO     |     学习率: 0.00000625
2025-07-22 14:29:36 | INFO     |   验证指标(标准CE):
2025-07-22 14:29:36 | INFO     |     损失: 0.067089
2025-07-22 14:29:36 | INFO     |     准确率: 0.969805
2025-07-22 14:29:36 | INFO     |     F1(macro): 0.971328
2025-07-22 14:29:36 | INFO     |     F1(weighted): 0.969905
2025-07-22 14:29:36 | INFO     |     精确率: 0.972400
2025-07-22 14:29:36 | INFO     |     召回率: 0.972399
2025-07-22 14:29:36 | INFO     |   学习率调度器: f1_based
2025-07-22 14:29:36 | INFO     | ------------------------------------------------------------
2025-07-22 14:29:36 | INFO     | Epoch  61 | Train: Loss=0.0692, Acc=0.9716 | Val: Loss=0.0671, Acc=0.9698, F1=0.9699 | LR=0.000006 
2025-07-22 14:30:36 | INFO     | Epoch 62:
2025-07-22 14:30:36 | INFO     |   训练指标:
2025-07-22 14:30:36 | INFO     |     损失(ce): 0.068778
2025-07-22 14:30:36 | INFO     |     准确率: 0.973556
2025-07-22 14:30:36 | INFO     |     学习率: 0.00000625
2025-07-22 14:30:36 | INFO     |   验证指标(标准CE):
2025-07-22 14:30:36 | INFO     |     损失: 0.057878
2025-07-22 14:30:36 | INFO     |     准确率: 0.970693
2025-07-22 14:30:36 | INFO     |     F1(macro): 0.972093
2025-07-22 14:30:36 | INFO     |     F1(weighted): 0.970805
2025-07-22 14:30:36 | INFO     |     精确率: 0.972101
2025-07-22 14:30:36 | INFO     |     召回率: 0.972502
2025-07-22 14:30:36 | INFO     |   学习率调度器: f1_based
2025-07-22 14:30:36 | INFO     | ------------------------------------------------------------
2025-07-22 14:30:36 | INFO     | Epoch  62 | Train: Loss=0.0688, Acc=0.9736 | Val: Loss=0.0579, Acc=0.9707, F1=0.9708 | LR=0.000006 
2025-07-22 14:31:36 | INFO     | Epoch 63:
2025-07-22 14:31:36 | INFO     |   训练指标:
2025-07-22 14:31:36 | INFO     |     损失(ce): 0.064974
2025-07-22 14:31:36 | INFO     |     准确率: 0.970889
2025-07-22 14:31:36 | INFO     |     学习率: 0.00000625
2025-07-22 14:31:36 | INFO     |   验证指标(标准CE):
2025-07-22 14:31:36 | INFO     |     损失: 0.050623
2025-07-22 14:31:36 | INFO     |     准确率: 0.973357
2025-07-22 14:31:36 | INFO     |     F1(macro): 0.974589
2025-07-22 14:31:36 | INFO     |     F1(weighted): 0.973397
2025-07-22 14:31:36 | INFO     |     精确率: 0.974514
2025-07-22 14:31:36 | INFO     |     召回率: 0.975032
2025-07-22 14:31:36 | INFO     |   学习率调度器: f1_based
2025-07-22 14:31:36 | INFO     | ------------------------------------------------------------
2025-07-22 14:31:36 | INFO     | Epoch  63 | Train: Loss=0.0650, Acc=0.9709 | Val: Loss=0.0506, Acc=0.9734, F1=0.9734 | LR=0.000006 
2025-07-22 14:32:37 | INFO     | Epoch 64:
2025-07-22 14:32:37 | INFO     |   训练指标:
2025-07-22 14:32:37 | INFO     |     损失(ce): 0.072082
2025-07-22 14:32:37 | INFO     |     准确率: 0.968889
2025-07-22 14:32:37 | INFO     |     学习率: 0.00000625
2025-07-22 14:32:37 | INFO     |   验证指标(标准CE):
2025-07-22 14:32:37 | INFO     |     损失: 0.091316
2025-07-22 14:32:37 | INFO     |     准确率: 0.960036
2025-07-22 14:32:37 | INFO     |     F1(macro): 0.961917
2025-07-22 14:32:37 | INFO     |     F1(weighted): 0.959789
2025-07-22 14:32:37 | INFO     |     精确率: 0.967628
2025-07-22 14:32:37 | INFO     |     召回率: 0.964335
2025-07-22 14:32:37 | INFO     |   学习率调度器: f1_based
2025-07-22 14:32:37 | INFO     | ------------------------------------------------------------
2025-07-22 14:32:37 | INFO     | 🎯 学习率调整事件:
2025-07-22 14:32:37 | INFO     |   调度器类型: f1_based
2025-07-22 14:32:37 | INFO     |   学习率变化: 0.00000625 → 0.00000313
2025-07-22 14:32:37 | INFO     |   触发条件: F1分数 = 0.959789
2025-07-22 14:32:37 | INFO     |   变化幅度: -50.00%
2025-07-22 14:32:37 | INFO     | ------------------------------------------------------------
2025-07-22 14:32:37 | INFO     | Epoch  64 | Train: Loss=0.0721, Acc=0.9689 | Val: Loss=0.0913, Acc=0.9600, F1=0.9598 | LR=0.000003 
2025-07-22 14:33:37 | INFO     | Epoch 65:
2025-07-22 14:33:37 | INFO     |   训练指标:
2025-07-22 14:33:37 | INFO     |     损失(ce): 0.066212
2025-07-22 14:33:37 | INFO     |     准确率: 0.972222
2025-07-22 14:33:37 | INFO     |     学习率: 0.00000313
2025-07-22 14:33:37 | INFO     |   验证指标(标准CE):
2025-07-22 14:33:37 | INFO     |     损失: 0.048590
2025-07-22 14:33:37 | INFO     |     准确率: 0.976909
2025-07-22 14:33:37 | INFO     |     F1(macro): 0.977929
2025-07-22 14:33:37 | INFO     |     F1(weighted): 0.976963
2025-07-22 14:33:37 | INFO     |     精确率: 0.977897
2025-07-22 14:33:37 | INFO     |     召回率: 0.977979
2025-07-22 14:33:37 | INFO     |   学习率调度器: f1_based
2025-07-22 14:33:37 | INFO     | ------------------------------------------------------------
2025-07-22 14:33:37 | INFO     | Epoch  65 | Train: Loss=0.0662, Acc=0.9722 | Val: Loss=0.0486, Acc=0.9769, F1=0.9770 | LR=0.000003 🏆 [最佳模型]
2025-07-22 14:34:38 | INFO     | Epoch 66:
2025-07-22 14:34:38 | INFO     |   训练指标:
2025-07-22 14:34:38 | INFO     |     损失(ce): 0.064479
2025-07-22 14:34:38 | INFO     |     准确率: 0.973778
2025-07-22 14:34:38 | INFO     |     学习率: 0.00000313
2025-07-22 14:34:38 | INFO     |   验证指标(标准CE):
2025-07-22 14:34:38 | INFO     |     损失: 0.064353
2025-07-22 14:34:38 | INFO     |     准确率: 0.971581
2025-07-22 14:34:38 | INFO     |     F1(macro): 0.973018
2025-07-22 14:34:38 | INFO     |     F1(weighted): 0.971629
2025-07-22 14:34:38 | INFO     |     精确率: 0.975231
2025-07-22 14:34:38 | INFO     |     召回率: 0.974507
2025-07-22 14:34:38 | INFO     |   学习率调度器: f1_based
2025-07-22 14:34:38 | INFO     | ------------------------------------------------------------
2025-07-22 14:34:38 | INFO     | Epoch  66 | Train: Loss=0.0645, Acc=0.9738 | Val: Loss=0.0644, Acc=0.9716, F1=0.9716 | LR=0.000003 
2025-07-22 14:35:38 | INFO     | Epoch 67:
2025-07-22 14:35:38 | INFO     |   训练指标:
2025-07-22 14:35:38 | INFO     |     损失(ce): 0.062285
2025-07-22 14:35:38 | INFO     |     准确率: 0.974444
2025-07-22 14:35:38 | INFO     |     学习率: 0.00000313
2025-07-22 14:35:38 | INFO     |   验证指标(标准CE):
2025-07-22 14:35:38 | INFO     |     损失: 0.056999
2025-07-22 14:35:38 | INFO     |     准确率: 0.971581
2025-07-22 14:35:38 | INFO     |     F1(macro): 0.972901
2025-07-22 14:35:38 | INFO     |     F1(weighted): 0.971622
2025-07-22 14:35:38 | INFO     |     精确率: 0.973080
2025-07-22 14:35:38 | INFO     |     召回率: 0.973692
2025-07-22 14:35:38 | INFO     |   学习率调度器: f1_based
2025-07-22 14:35:38 | INFO     | ------------------------------------------------------------
2025-07-22 14:35:38 | INFO     | Epoch  67 | Train: Loss=0.0623, Acc=0.9744 | Val: Loss=0.0570, Acc=0.9716, F1=0.9716 | LR=0.000003 
2025-07-22 14:36:39 | INFO     | Epoch 68:
2025-07-22 14:36:39 | INFO     |   训练指标:
2025-07-22 14:36:39 | INFO     |     损失(ce): 0.063980
2025-07-22 14:36:39 | INFO     |     准确率: 0.973111
2025-07-22 14:36:39 | INFO     |     学习率: 0.00000313
2025-07-22 14:36:39 | INFO     |   验证指标(标准CE):
2025-07-22 14:36:39 | INFO     |     损失: 0.049386
2025-07-22 14:36:39 | INFO     |     准确率: 0.975133
2025-07-22 14:36:39 | INFO     |     F1(macro): 0.976286
2025-07-22 14:36:39 | INFO     |     F1(weighted): 0.975217
2025-07-22 14:36:39 | INFO     |     精确率: 0.976206
2025-07-22 14:36:39 | INFO     |     召回率: 0.976550
2025-07-22 14:36:39 | INFO     |   学习率调度器: f1_based
2025-07-22 14:36:39 | INFO     | ------------------------------------------------------------
2025-07-22 14:36:39 | INFO     | Epoch  68 | Train: Loss=0.0640, Acc=0.9731 | Val: Loss=0.0494, Acc=0.9751, F1=0.9752 | LR=0.000003 
2025-07-22 14:37:39 | INFO     | Epoch 69:
2025-07-22 14:37:39 | INFO     |   训练指标:
2025-07-22 14:37:39 | INFO     |     损失(ce): 0.057563
2025-07-22 14:37:39 | INFO     |     准确率: 0.976444
2025-07-22 14:37:39 | INFO     |     学习率: 0.00000313
2025-07-22 14:37:39 | INFO     |   验证指标(标准CE):
2025-07-22 14:37:39 | INFO     |     损失: 0.067177
2025-07-22 14:37:39 | INFO     |     准确率: 0.972469
2025-07-22 14:37:39 | INFO     |     F1(macro): 0.973863
2025-07-22 14:37:39 | INFO     |     F1(weighted): 0.972543
2025-07-22 14:37:39 | INFO     |     精确率: 0.975463
2025-07-22 14:37:39 | INFO     |     召回率: 0.975153
2025-07-22 14:37:39 | INFO     |   学习率调度器: f1_based
2025-07-22 14:37:39 | INFO     | ------------------------------------------------------------
2025-07-22 14:37:39 | INFO     | Epoch  69 | Train: Loss=0.0576, Acc=0.9764 | Val: Loss=0.0672, Acc=0.9725, F1=0.9725 | LR=0.000003 
2025-07-22 14:38:39 | INFO     | Epoch 70:
2025-07-22 14:38:39 | INFO     |   训练指标:
2025-07-22 14:38:39 | INFO     |     损失(ce): 0.066157
2025-07-22 14:38:39 | INFO     |     准确率: 0.975556
2025-07-22 14:38:39 | INFO     |     学习率: 0.00000313
2025-07-22 14:38:39 | INFO     |   验证指标(标准CE):
2025-07-22 14:38:39 | INFO     |     损失: 0.052310
2025-07-22 14:38:39 | INFO     |     准确率: 0.974245
2025-07-22 14:38:39 | INFO     |     F1(macro): 0.975386
2025-07-22 14:38:39 | INFO     |     F1(weighted): 0.974221
2025-07-22 14:38:39 | INFO     |     精确率: 0.975325
2025-07-22 14:38:39 | INFO     |     召回率: 0.976086
2025-07-22 14:38:39 | INFO     |   学习率调度器: f1_based
2025-07-22 14:38:39 | INFO     | ------------------------------------------------------------
2025-07-22 14:38:39 | INFO     | Epoch  70 | Train: Loss=0.0662, Acc=0.9756 | Val: Loss=0.0523, Acc=0.9742, F1=0.9742 | LR=0.000003 
2025-07-22 14:39:39 | INFO     | Epoch 71:
2025-07-22 14:39:39 | INFO     |   训练指标:
2025-07-22 14:39:39 | INFO     |     损失(ce): 0.060338
2025-07-22 14:39:39 | INFO     |     准确率: 0.975556
2025-07-22 14:39:39 | INFO     |     学习率: 0.00000313
2025-07-22 14:39:39 | INFO     |   验证指标(标准CE):
2025-07-22 14:39:39 | INFO     |     损失: 0.046116
2025-07-22 14:39:39 | INFO     |     准确率: 0.978686
2025-07-22 14:39:39 | INFO     |     F1(macro): 0.979625
2025-07-22 14:39:39 | INFO     |     F1(weighted): 0.978735
2025-07-22 14:39:39 | INFO     |     精确率: 0.979588
2025-07-22 14:39:39 | INFO     |     召回率: 0.979680
2025-07-22 14:39:39 | INFO     |   学习率调度器: f1_based
2025-07-22 14:39:39 | INFO     | ------------------------------------------------------------
2025-07-22 14:39:39 | INFO     | Epoch  71 | Train: Loss=0.0603, Acc=0.9756 | Val: Loss=0.0461, Acc=0.9787, F1=0.9787 | LR=0.000003 🏆 [最佳模型]
2025-07-22 14:40:39 | INFO     | Epoch 72:
2025-07-22 14:40:39 | INFO     |   训练指标:
2025-07-22 14:40:39 | INFO     |     损失(ce): 0.065378
2025-07-22 14:40:39 | INFO     |     准确率: 0.973111
2025-07-22 14:40:39 | INFO     |     学习率: 0.00000313
2025-07-22 14:40:39 | INFO     |   验证指标(标准CE):
2025-07-22 14:40:39 | INFO     |     损失: 0.058372
2025-07-22 14:40:39 | INFO     |     准确率: 0.973357
2025-07-22 14:40:39 | INFO     |     F1(macro): 0.973929
2025-07-22 14:40:39 | INFO     |     F1(weighted): 0.972964
2025-07-22 14:40:39 | INFO     |     精确率: 0.978058
2025-07-22 14:40:39 | INFO     |     召回率: 0.972995
2025-07-22 14:40:39 | INFO     |   学习率调度器: f1_based
2025-07-22 14:40:39 | INFO     | ------------------------------------------------------------
2025-07-22 14:40:39 | INFO     | Epoch  72 | Train: Loss=0.0654, Acc=0.9731 | Val: Loss=0.0584, Acc=0.9734, F1=0.9730 | LR=0.000003 
2025-07-22 14:41:39 | INFO     | Epoch 73:
2025-07-22 14:41:39 | INFO     |   训练指标:
2025-07-22 14:41:39 | INFO     |     损失(ce): 0.072244
2025-07-22 14:41:39 | INFO     |     准确率: 0.971111
2025-07-22 14:41:39 | INFO     |     学习率: 0.00000313
2025-07-22 14:41:39 | INFO     |   验证指标(标准CE):
2025-07-22 14:41:39 | INFO     |     损失: 0.051148
2025-07-22 14:41:39 | INFO     |     准确率: 0.977798
2025-07-22 14:41:39 | INFO     |     F1(macro): 0.978763
2025-07-22 14:41:39 | INFO     |     F1(weighted): 0.977842
2025-07-22 14:41:39 | INFO     |     精确率: 0.978771
2025-07-22 14:41:39 | INFO     |     召回率: 0.978762
2025-07-22 14:41:39 | INFO     |   学习率调度器: f1_based
2025-07-22 14:41:39 | INFO     | ------------------------------------------------------------
2025-07-22 14:41:39 | INFO     | Epoch  73 | Train: Loss=0.0722, Acc=0.9711 | Val: Loss=0.0511, Acc=0.9778, F1=0.9778 | LR=0.000003 
2025-07-22 14:42:39 | INFO     | Epoch 74:
2025-07-22 14:42:39 | INFO     |   训练指标:
2025-07-22 14:42:39 | INFO     |     损失(ce): 0.058462
2025-07-22 14:42:39 | INFO     |     准确率: 0.977556
2025-07-22 14:42:39 | INFO     |     学习率: 0.00000313
2025-07-22 14:42:39 | INFO     |   验证指标(标准CE):
2025-07-22 14:42:39 | INFO     |     损失: 0.088823
2025-07-22 14:42:39 | INFO     |     准确率: 0.962700
2025-07-22 14:42:39 | INFO     |     F1(macro): 0.964474
2025-07-22 14:42:39 | INFO     |     F1(weighted): 0.962502
2025-07-22 14:42:39 | INFO     |     精确率: 0.969931
2025-07-22 14:42:39 | INFO     |     召回率: 0.966818
2025-07-22 14:42:39 | INFO     |   学习率调度器: f1_based
2025-07-22 14:42:39 | INFO     | ------------------------------------------------------------
2025-07-22 14:42:39 | INFO     | Epoch  74 | Train: Loss=0.0585, Acc=0.9776 | Val: Loss=0.0888, Acc=0.9627, F1=0.9625 | LR=0.000003 
2025-07-22 14:43:39 | INFO     | Epoch 75:
2025-07-22 14:43:39 | INFO     |   训练指标:
2025-07-22 14:43:39 | INFO     |     损失(ce): 0.071314
2025-07-22 14:43:39 | INFO     |     准确率: 0.972889
2025-07-22 14:43:39 | INFO     |     学习率: 0.00000313
2025-07-22 14:43:39 | INFO     |   验证指标(标准CE):
2025-07-22 14:43:39 | INFO     |     损失: 0.056100
2025-07-22 14:43:39 | INFO     |     准确率: 0.974245
2025-07-22 14:43:39 | INFO     |     F1(macro): 0.975397
2025-07-22 14:43:39 | INFO     |     F1(weighted): 0.974217
2025-07-22 14:43:39 | INFO     |     精确率: 0.975475
2025-07-22 14:43:39 | INFO     |     召回率: 0.976222
2025-07-22 14:43:39 | INFO     |   学习率调度器: f1_based
2025-07-22 14:43:39 | INFO     | ------------------------------------------------------------
2025-07-22 14:43:39 | INFO     | Epoch  75 | Train: Loss=0.0713, Acc=0.9729 | Val: Loss=0.0561, Acc=0.9742, F1=0.9742 | LR=0.000003 
2025-07-22 14:44:39 | INFO     | Epoch 76:
2025-07-22 14:44:39 | INFO     |   训练指标:
2025-07-22 14:44:39 | INFO     |     损失(ce): 0.059727
2025-07-22 14:44:39 | INFO     |     准确率: 0.979111
2025-07-22 14:44:39 | INFO     |     学习率: 0.00000313
2025-07-22 14:44:39 | INFO     |   验证指标(标准CE):
2025-07-22 14:44:39 | INFO     |     损失: 0.065687
2025-07-22 14:44:39 | INFO     |     准确率: 0.968917
2025-07-22 14:44:39 | INFO     |     F1(macro): 0.970482
2025-07-22 14:44:39 | INFO     |     F1(weighted): 0.969025
2025-07-22 14:44:39 | INFO     |     精确率: 0.971403
2025-07-22 14:44:39 | INFO     |     召回率: 0.971480
2025-07-22 14:44:39 | INFO     |   学习率调度器: f1_based
2025-07-22 14:44:39 | INFO     | ------------------------------------------------------------
2025-07-22 14:44:39 | INFO     | Epoch  76 | Train: Loss=0.0597, Acc=0.9791 | Val: Loss=0.0657, Acc=0.9689, F1=0.9690 | LR=0.000003 
2025-07-22 14:45:39 | INFO     | Epoch 77:
2025-07-22 14:45:39 | INFO     |   训练指标:
2025-07-22 14:45:39 | INFO     |     损失(ce): 0.064083
2025-07-22 14:45:39 | INFO     |     准确率: 0.975556
2025-07-22 14:45:39 | INFO     |     学习率: 0.00000313
2025-07-22 14:45:39 | INFO     |   验证指标(标准CE):
2025-07-22 14:45:39 | INFO     |     损失: 0.073893
2025-07-22 14:45:39 | INFO     |     准确率: 0.969805
2025-07-22 14:45:39 | INFO     |     F1(macro): 0.971333
2025-07-22 14:45:39 | INFO     |     F1(weighted): 0.969874
2025-07-22 14:45:39 | INFO     |     精确率: 0.973109
2025-07-22 14:45:39 | INFO     |     召回率: 0.972670
2025-07-22 14:45:39 | INFO     |   学习率调度器: f1_based
2025-07-22 14:45:39 | INFO     | ------------------------------------------------------------
2025-07-22 14:45:39 | INFO     | 🎯 学习率调整事件:
2025-07-22 14:45:39 | INFO     |   调度器类型: f1_based
2025-07-22 14:45:39 | INFO     |   学习率变化: 0.00000313 → 0.00000156
2025-07-22 14:45:39 | INFO     |   触发条件: F1分数 = 0.969874
2025-07-22 14:45:39 | INFO     |   变化幅度: -50.00%
2025-07-22 14:45:39 | INFO     | ------------------------------------------------------------
2025-07-22 14:45:39 | INFO     | Epoch  77 | Train: Loss=0.0641, Acc=0.9756 | Val: Loss=0.0739, Acc=0.9698, F1=0.9699 | LR=0.000002 
2025-07-22 14:46:39 | INFO     | Epoch 78:
2025-07-22 14:46:39 | INFO     |   训练指标:
2025-07-22 14:46:39 | INFO     |     损失(ce): 0.064345
2025-07-22 14:46:39 | INFO     |     准确率: 0.974889
2025-07-22 14:46:39 | INFO     |     学习率: 0.00000156
2025-07-22 14:46:39 | INFO     |   验证指标(标准CE):
2025-07-22 14:46:39 | INFO     |     损失: 0.061849
2025-07-22 14:46:39 | INFO     |     准确率: 0.969805
2025-07-22 14:46:39 | INFO     |     F1(macro): 0.971297
2025-07-22 14:46:39 | INFO     |     F1(weighted): 0.969926
2025-07-22 14:46:39 | INFO     |     精确率: 0.971634
2025-07-22 14:46:39 | INFO     |     召回率: 0.971991
2025-07-22 14:46:39 | INFO     |   学习率调度器: f1_based
2025-07-22 14:46:39 | INFO     | ------------------------------------------------------------
2025-07-22 14:46:39 | INFO     | Epoch  78 | Train: Loss=0.0643, Acc=0.9749 | Val: Loss=0.0618, Acc=0.9698, F1=0.9699 | LR=0.000002 
2025-07-22 14:47:39 | INFO     | Epoch 79:
2025-07-22 14:47:39 | INFO     |   训练指标:
2025-07-22 14:47:39 | INFO     |     损失(ce): 0.061024
2025-07-22 14:47:39 | INFO     |     准确率: 0.976667
2025-07-22 14:47:39 | INFO     |     学习率: 0.00000156
2025-07-22 14:47:39 | INFO     |   验证指标(标准CE):
2025-07-22 14:47:39 | INFO     |     损失: 0.062372
2025-07-22 14:47:39 | INFO     |     准确率: 0.969805
2025-07-22 14:47:39 | INFO     |     F1(macro): 0.971172
2025-07-22 14:47:39 | INFO     |     F1(weighted): 0.969760
2025-07-22 14:47:39 | INFO     |     精确率: 0.971530
2025-07-22 14:47:39 | INFO     |     召回率: 0.972174
2025-07-22 14:47:39 | INFO     |   学习率调度器: f1_based
2025-07-22 14:47:39 | INFO     | ------------------------------------------------------------
2025-07-22 14:47:39 | INFO     | Epoch  79 | Train: Loss=0.0610, Acc=0.9767 | Val: Loss=0.0624, Acc=0.9698, F1=0.9698 | LR=0.000002 
2025-07-22 14:48:39 | INFO     | Epoch 80:
2025-07-22 14:48:39 | INFO     |   训练指标:
2025-07-22 14:48:39 | INFO     |     损失(ce): 0.059826
2025-07-22 14:48:39 | INFO     |     准确率: 0.975556
2025-07-22 14:48:39 | INFO     |     学习率: 0.00000156
2025-07-22 14:48:39 | INFO     |   验证指标(标准CE):
2025-07-22 14:48:39 | INFO     |     损失: 0.052357
2025-07-22 14:48:39 | INFO     |     准确率: 0.973357
2025-07-22 14:48:39 | INFO     |     F1(macro): 0.974564
2025-07-22 14:48:39 | INFO     |     F1(weighted): 0.973398
2025-07-22 14:48:39 | INFO     |     精确率: 0.974481
2025-07-22 14:48:39 | INFO     |     召回率: 0.975121
2025-07-22 14:48:39 | INFO     |   学习率调度器: f1_based
2025-07-22 14:48:39 | INFO     | ------------------------------------------------------------
2025-07-22 14:48:39 | INFO     | Epoch  80 | Train: Loss=0.0598, Acc=0.9756 | Val: Loss=0.0524, Acc=0.9734, F1=0.9734 | LR=0.000002 
2025-07-22 14:49:39 | INFO     | Epoch 81:
2025-07-22 14:49:39 | INFO     |   训练指标:
2025-07-22 14:49:39 | INFO     |     损失(ce): 0.055579
2025-07-22 14:49:39 | INFO     |     准确率: 0.977111
2025-07-22 14:49:39 | INFO     |     学习率: 0.00000156
2025-07-22 14:49:39 | INFO     |   验证指标(标准CE):
2025-07-22 14:49:39 | INFO     |     损失: 0.072001
2025-07-22 14:49:39 | INFO     |     准确率: 0.971581
2025-07-22 14:49:39 | INFO     |     F1(macro): 0.973020
2025-07-22 14:49:39 | INFO     |     F1(weighted): 0.971648
2025-07-22 14:49:39 | INFO     |     精确率: 0.974809
2025-07-22 14:49:39 | INFO     |     召回率: 0.974371
2025-07-22 14:49:39 | INFO     |   学习率调度器: f1_based
2025-07-22 14:49:39 | INFO     | ------------------------------------------------------------
2025-07-22 14:49:39 | INFO     | Epoch  81 | Train: Loss=0.0556, Acc=0.9771 | Val: Loss=0.0720, Acc=0.9716, F1=0.9716 | LR=0.000002 
2025-07-22 14:50:39 | INFO     | Epoch 82:
2025-07-22 14:50:39 | INFO     |   训练指标:
2025-07-22 14:50:39 | INFO     |     损失(ce): 0.062840
2025-07-22 14:50:39 | INFO     |     准确率: 0.975556
2025-07-22 14:50:39 | INFO     |     学习率: 0.00000156
2025-07-22 14:50:39 | INFO     |   验证指标(标准CE):
2025-07-22 14:50:39 | INFO     |     损失: 0.057004
2025-07-22 14:50:39 | INFO     |     准确率: 0.974245
2025-07-22 14:50:39 | INFO     |     F1(macro): 0.975397
2025-07-22 14:50:39 | INFO     |     F1(weighted): 0.974217
2025-07-22 14:50:39 | INFO     |     精确率: 0.975475
2025-07-22 14:50:39 | INFO     |     召回率: 0.976222
2025-07-22 14:50:39 | INFO     |   学习率调度器: f1_based
2025-07-22 14:50:39 | INFO     | ------------------------------------------------------------
2025-07-22 14:50:39 | INFO     | Epoch  82 | Train: Loss=0.0628, Acc=0.9756 | Val: Loss=0.0570, Acc=0.9742, F1=0.9742 | LR=0.000002 
2025-07-22 14:51:39 | INFO     | Epoch 83:
2025-07-22 14:51:39 | INFO     |   训练指标:
2025-07-22 14:51:39 | INFO     |     损失(ce): 0.064250
2025-07-22 14:51:39 | INFO     |     准确率: 0.975556
2025-07-22 14:51:39 | INFO     |     学习率: 0.00000156
2025-07-22 14:51:39 | INFO     |   验证指标(标准CE):
2025-07-22 14:51:39 | INFO     |     损失: 0.052032
2025-07-22 14:51:39 | INFO     |     准确率: 0.978686
2025-07-22 14:51:39 | INFO     |     F1(macro): 0.979615
2025-07-22 14:51:39 | INFO     |     F1(weighted): 0.978697
2025-07-22 14:51:39 | INFO     |     精确率: 0.979526
2025-07-22 14:51:39 | INFO     |     召回率: 0.979727
2025-07-22 14:51:39 | INFO     |   学习率调度器: f1_based
2025-07-22 14:51:39 | INFO     | ------------------------------------------------------------
2025-07-22 14:51:39 | INFO     | Epoch  83 | Train: Loss=0.0642, Acc=0.9756 | Val: Loss=0.0520, Acc=0.9787, F1=0.9787 | LR=0.000002 
2025-07-22 14:52:39 | INFO     | Epoch 84:
2025-07-22 14:52:39 | INFO     |   训练指标:
2025-07-22 14:52:39 | INFO     |     损失(ce): 0.066077
2025-07-22 14:52:39 | INFO     |     准确率: 0.975778
2025-07-22 14:52:39 | INFO     |     学习率: 0.00000156
2025-07-22 14:52:39 | INFO     |   验证指标(标准CE):
2025-07-22 14:52:39 | INFO     |     损失: 0.053562
2025-07-22 14:52:39 | INFO     |     准确率: 0.974245
2025-07-22 14:52:39 | INFO     |     F1(macro): 0.975493
2025-07-22 14:52:39 | INFO     |     F1(weighted): 0.974350
2025-07-22 14:52:39 | INFO     |     精确率: 0.975589
2025-07-22 14:52:39 | INFO     |     召回率: 0.976039
2025-07-22 14:52:39 | INFO     |   学习率调度器: f1_based
2025-07-22 14:52:39 | INFO     | ------------------------------------------------------------
2025-07-22 14:52:39 | INFO     | Epoch  84 | Train: Loss=0.0661, Acc=0.9758 | Val: Loss=0.0536, Acc=0.9742, F1=0.9743 | LR=0.000002 
2025-07-22 14:53:39 | INFO     | Epoch 85:
2025-07-22 14:53:39 | INFO     |   训练指标:
2025-07-22 14:53:39 | INFO     |     损失(ce): 0.064041
2025-07-22 14:53:39 | INFO     |     准确率: 0.974222
2025-07-22 14:53:39 | INFO     |     学习率: 0.00000156
2025-07-22 14:53:39 | INFO     |   验证指标(标准CE):
2025-07-22 14:53:39 | INFO     |     损失: 0.059501
2025-07-22 14:53:39 | INFO     |     准确率: 0.974245
2025-07-22 14:53:39 | INFO     |     F1(macro): 0.975461
2025-07-22 14:53:39 | INFO     |     F1(weighted): 0.974286
2025-07-22 14:53:39 | INFO     |     精确率: 0.975531
2025-07-22 14:53:39 | INFO     |     召回率: 0.976086
2025-07-22 14:53:39 | INFO     |   学习率调度器: f1_based
2025-07-22 14:53:39 | INFO     | ------------------------------------------------------------
2025-07-22 14:53:39 | INFO     | 🎯 学习率调整事件:
2025-07-22 14:53:39 | INFO     |   调度器类型: f1_based
2025-07-22 14:53:39 | INFO     |   学习率变化: 0.00000156 → 0.00000100
2025-07-22 14:53:39 | INFO     |   触发条件: F1分数 = 0.974286
2025-07-22 14:53:39 | INFO     |   变化幅度: -36.00%
2025-07-22 14:53:39 | INFO     | ------------------------------------------------------------
2025-07-22 14:53:39 | INFO     | Epoch  85 | Train: Loss=0.0640, Acc=0.9742 | Val: Loss=0.0595, Acc=0.9742, F1=0.9743 | LR=0.000001 
2025-07-22 14:54:39 | INFO     | Epoch 86:
2025-07-22 14:54:39 | INFO     |   训练指标:
2025-07-22 14:54:39 | INFO     |     损失(ce): 0.058540
2025-07-22 14:54:39 | INFO     |     准确率: 0.977778
2025-07-22 14:54:39 | INFO     |     学习率: 0.00000100
2025-07-22 14:54:39 | INFO     |   验证指标(标准CE):
2025-07-22 14:54:39 | INFO     |     损失: 0.061038
2025-07-22 14:54:39 | INFO     |     准确率: 0.973357
2025-07-22 14:54:39 | INFO     |     F1(macro): 0.974633
2025-07-22 14:54:39 | INFO     |     F1(weighted): 0.973395
2025-07-22 14:54:39 | INFO     |     精确率: 0.974949
2025-07-22 14:54:39 | INFO     |     召回率: 0.975439
2025-07-22 14:54:39 | INFO     |   学习率调度器: f1_based
2025-07-22 14:54:39 | INFO     | ------------------------------------------------------------
2025-07-22 14:54:39 | INFO     | Epoch  86 | Train: Loss=0.0585, Acc=0.9778 | Val: Loss=0.0610, Acc=0.9734, F1=0.9734 | LR=0.000001 
2025-07-22 14:54:39 | INFO     | ⏹️ 早停触发，在第 86 轮停止训练
2025-07-22 14:54:44 | INFO     | 训练历史已保存到: ./result/0722_1328_DualGAF_DualGAFNet_dilated_enhanced_sl96_step96_fd128_extractor-dilated_gaf-adaptive_attention-channel_classifier-mlp_stat-basic_fusion-concat/training_history.csv
2025-07-22 14:54:44 | INFO     | 
====================================================================================================
2025-07-22 14:54:44 | INFO     | 🎉 训练完成总结:
2025-07-22 14:54:44 | INFO     |   训练损失函数: ce
2025-07-22 14:54:44 | INFO     |   验证损失函数: 标准交叉熵（遵循主流ML规范）
2025-07-22 14:54:44 | INFO     |   训练过程最佳验证准确率: 0.9787
2025-07-22 14:54:44 | INFO     |   训练过程最佳验证F1(macro): 0.9796
2025-07-22 14:54:44 | INFO     |   训练过程最佳验证F1(weighted): 0.9787
2025-07-22 14:54:44 | INFO     |   训练轮数: 86
2025-07-22 14:54:44 | INFO     | --------------------------------------------------
2025-07-22 14:54:44 | INFO     | 📊 最佳模型真实性能指标（基于标准交叉熵损失）:
2025-07-22 14:54:44 | INFO     |   验证损失(标准CE): 0.0461
2025-07-22 14:54:44 | INFO     |   验证准确率: 0.9787
2025-07-22 14:54:44 | INFO     |   验证F1(macro): 0.9796
2025-07-22 14:54:44 | INFO     |   验证F1(weighted): 0.9787
2025-07-22 14:54:44 | INFO     |   验证精确率: 0.9796
2025-07-22 14:54:44 | INFO     |   验证召回率: 0.9797
2025-07-22 14:54:44 | INFO     | ====================================================================================================
2025-07-22 14:54:46 | INFO     | ================================================================================
2025-07-22 14:54:46 | INFO     | 实验日志结束: DualGAF_DualGAFNet_dilated_enhanced_sl96_step96_fd128_extractor-dilated_gaf-adaptive_attention-channel_classifier-mlp_stat-basic_fusion-concat
2025-07-22 14:54:46 | INFO     | 结束时间: 2025-07-22 14:54:46
2025-07-22 14:54:46 | INFO     | ================================================================================
