2025-07-22 08:51:06 | INFO     | ================================================================================
2025-07-22 08:51:06 | INFO     | 实验日志开始: DualGAF_DualGAFNet_dilated_enhanced_sl96_step96_fd128_extractor-dilated_gaf-adaptive_attention-channel_classifier-mlp_stat-basic_fusion-concat_ablation-no_diff
2025-07-22 08:51:06 | INFO     | 日志文件: ./result/0722_0851_DualGAF_DualGAFNet_dilated_enhanced_sl96_step96_fd128_extractor-dilated_gaf-adaptive_attention-channel_classifier-mlp_stat-basic_fusion-concat_ablation-no_diff/training.log
2025-07-22 08:51:06 | INFO     | 开始时间: 2025-07-22 08:51:06
2025-07-22 08:51:06 | INFO     | ================================================================================
2025-07-22 08:51:06 | INFO     | ⚙️ 实验配置:
2025-07-22 08:51:06 | INFO     |    task_name: classification
2025-07-22 08:51:06 | INFO     |    is_training: 1
2025-07-22 08:51:06 | INFO     |    model_id: test
2025-07-22 08:51:06 | INFO     |    model: DualGAFNet
2025-07-22 08:51:06 | INFO     |    data: DualGAF
2025-07-22 08:51:06 | INFO     |    root_path: ./dataset/SAHU/direct_5_working
2025-07-22 08:51:06 | INFO     |    step: 96
2025-07-22 08:51:06 | INFO     |    checkpoints: ./checkpoints/
2025-07-22 08:51:06 | INFO     |    num_class: 9
2025-07-22 08:51:06 | INFO     |    result_path: ./result/
2025-07-22 08:51:06 | INFO     |    test_size: 0.2
2025-07-22 08:51:06 | INFO     |    seq_len: 96
2025-07-22 08:51:06 | INFO     |    enc_in: 26
2025-07-22 08:51:06 | INFO     |    d_model: 512
2025-07-22 08:51:06 | INFO     |    n_heads: 8
2025-07-22 08:51:06 | INFO     |    e_layers: 2
2025-07-22 08:51:06 | INFO     |    d_layers: 1
2025-07-22 08:51:06 | INFO     |    d_ff: 2048
2025-07-22 08:51:06 | INFO     |    moving_avg: 25
2025-07-22 08:51:06 | INFO     |    factor: 1
2025-07-22 08:51:06 | INFO     |    distil: True
2025-07-22 08:51:06 | INFO     |    dropout: 0.1
2025-07-22 08:51:06 | INFO     |    embed: timeF
2025-07-22 08:51:06 | INFO     |    activation: gelu
2025-07-22 08:51:06 | INFO     |    use_norm: 1
2025-07-22 08:51:06 | INFO     |    gaf_method: summation
2025-07-22 08:51:06 | INFO     |    feature_dim: 128
2025-07-22 08:51:06 | INFO     |    data_type_method: uint8
2025-07-22 08:51:06 | INFO     |    use_attention: True
2025-07-22 08:51:06 | INFO     |    hidden_dim: 64
2025-07-22 08:51:06 | INFO     |    sample_size: 1000
2025-07-22 08:51:06 | INFO     |    channel_groups: None
2025-07-22 08:51:06 | INFO     |    hvac_groups: None
2025-07-22 08:51:06 | INFO     |    extractor_type: dilated
2025-07-22 08:51:06 | INFO     |    fusion_type: adaptive
2025-07-22 08:51:06 | INFO     |    attention_type: channel
2025-07-22 08:51:06 | INFO     |    classifier_type: mlp
2025-07-22 08:51:06 | INFO     |    use_statistical_features: True
2025-07-22 08:51:06 | INFO     |    stat_type: basic
2025-07-22 08:51:06 | INFO     |    multimodal_fusion_strategy: concat
2025-07-22 08:51:06 | INFO     |    use_signal_level_stats: False
2025-07-22 08:51:06 | INFO     |    signal_stat_type: comprehensive
2025-07-22 08:51:06 | INFO     |    signal_stat_fusion_strategy: concat_project
2025-07-22 08:51:06 | INFO     |    signal_stat_feature_dim: 32
2025-07-22 08:51:06 | INFO     |    use_diff_branch: False
2025-07-22 08:51:06 | INFO     |    ablation_mode: no_diff
2025-07-22 08:51:06 | INFO     |    backbone_type: resnet18
2025-07-22 08:51:06 | INFO     |    use_sum_branch: True
2025-07-22 08:51:06 | INFO     |    num_workers: 0
2025-07-22 08:51:06 | INFO     |    cuda_debug: False
2025-07-22 08:51:06 | INFO     |    gpu_memory_fraction: 0.9
2025-07-22 08:51:06 | INFO     |    safe_mode: True
2025-07-22 08:51:06 | INFO     |    drop_last_batch: True
2025-07-22 08:51:06 | INFO     |    itr: 1
2025-07-22 08:51:06 | INFO     |    train_epochs: 300
2025-07-22 08:51:06 | INFO     |    batch_size: 4
2025-07-22 08:51:06 | INFO     |    patience: 15
2025-07-22 08:51:06 | INFO     |    learning_rate: 0.0001
2025-07-22 08:51:06 | INFO     |    des: dilated_enhanced
2025-07-22 08:51:06 | INFO     |    loss: MSE
2025-07-22 08:51:06 | INFO     |    lradj: type1
2025-07-22 08:51:06 | INFO     |    lr_scheduler_type: f1_based
2025-07-22 08:51:06 | INFO     |    lr_loss_weight: 0.3
2025-07-22 08:51:06 | INFO     |    lr_f1_weight: 0.7
2025-07-22 08:51:06 | INFO     |    use_amp: False
2025-07-22 08:51:06 | INFO     |    gradient_accumulation_steps: 2
2025-07-22 08:51:06 | INFO     |    enable_auto_gradient_accumulation: True
2025-07-22 08:51:06 | INFO     |    loss_type: ce
2025-07-22 08:51:06 | INFO     |    label_smoothing: 0.1
2025-07-22 08:51:06 | INFO     |    focal_alpha: 1.0
2025-07-22 08:51:06 | INFO     |    focal_gamma: 2.0
2025-07-22 08:51:06 | INFO     |    confidence_penalty_beta: 0.1
2025-07-22 08:51:06 | INFO     |    use_timm_loss: True
2025-07-22 08:51:06 | INFO     |    adaptive_initial_smoothing: 0.2
2025-07-22 08:51:06 | INFO     |    adaptive_final_smoothing: 0.05
2025-07-22 08:51:06 | INFO     |    adaptive_decay_epochs: 30
2025-07-22 08:51:06 | INFO     |    enable_class_weights: False
2025-07-22 08:51:06 | INFO     |    class_weights: None
2025-07-22 08:51:06 | INFO     |    loss_preset: None
2025-07-22 08:51:06 | INFO     |    n_jobs: 8
2025-07-22 08:51:06 | INFO     |    use_multiprocessing: True
2025-07-22 08:51:06 | INFO     |    chunk_size: 800
2025-07-22 08:51:06 | INFO     |    disable_parallel: False
2025-07-22 08:51:06 | INFO     |    use_shared_memory: True
2025-07-22 08:51:06 | INFO     |    disable_shared_memory: False
2025-07-22 08:51:06 | INFO     |    use_gpu: True
2025-07-22 08:51:06 | INFO     |    gpu: 0
2025-07-22 08:51:06 | INFO     |    gpu_type: cuda
2025-07-22 08:51:06 | INFO     |    use_multi_gpu: False
2025-07-22 08:51:06 | INFO     |    devices: 0,1,2,3
2025-07-22 08:51:06 | INFO     |    device: cuda:0
2025-07-22 08:51:06 | INFO     |    feature_columns: ['CHWC_VLV', 'CHWC_VLV_DM', 'MA_TEMP', 'OA_CFM', 'OA_DMPR', 'OA_DMPR_DM', 'OA_TEMP', 'RA_CFM', 'RA_DMPR', 'RA_DMPR_DM', 'RA_TEMP', 'RF_CS', 'RF_SPD', 'RF_WAT', 'SA_CFM', 'SA_SP', 'SA_SPSPT', 'SA_TEMP', 'SF_CS', 'SF_SPD', 'SF_WAT', 'ZONE_TEMP_1', 'ZONE_TEMP_2', 'ZONE_TEMP_3', 'ZONE_TEMP_4', 'ZONE_TEMP_5']
2025-07-22 08:51:06 | INFO     | 🏗️ 模型信息:
2025-07-22 08:51:06 | INFO     |    模型类型: Model
2025-07-22 08:51:06 | INFO     |    总参数数量: 8,539,970
2025-07-22 08:51:06 | INFO     |    可训练参数: 8,539,970
2025-07-22 08:51:06 | INFO     |    模型大小估计: 32.58 MB
2025-07-22 08:51:06 | INFO     | 📊 数据集信息:
2025-07-22 08:51:06 | INFO     |    训练集大小: 3996
2025-07-22 08:51:06 | INFO     |    验证集大小: 999
2025-07-22 08:51:06 | INFO     | 
================================================================================
2025-07-22 08:51:06 | INFO     | 📋 损失函数使用策略（遵循主流机器学习规范）:
2025-07-22 08:51:06 | INFO     |    🎯 训练阶段: 使用 ce 损失函数
2025-07-22 08:51:06 | INFO     |       → 目的：优化模型参数，解决特定问题（类别不平衡、相似性等）
2025-07-22 08:51:06 | INFO     |    📊 验证阶段: 使用标准交叉熵损失函数
2025-07-22 08:51:06 | INFO     |       → 目的：客观评估模型性能，便于不同方法比较
2025-07-22 08:51:06 | INFO     |    📈 最终报告: 基于标准交叉熵损失的指标
2025-07-22 08:51:06 | INFO     |       → 目的：提供可信、可比较的性能指标
2025-07-22 08:51:06 | INFO     | ================================================================================

2025-07-22 08:51:06 | INFO     | 🔄 梯度累积配置: 每2轮累积一次梯度
2025-07-22 08:51:06 | INFO     |    实际batch_size: 4
2025-07-22 08:51:06 | INFO     |    有效batch_size: 8
2025-07-22 08:51:44 | INFO     | Epoch 1:
2025-07-22 08:51:44 | INFO     |   训练指标:
2025-07-22 08:51:44 | INFO     |     损失(ce): 1.675828
2025-07-22 08:51:44 | INFO     |     准确率: 0.395395
2025-07-22 08:51:44 | INFO     |     学习率: 0.00010000
2025-07-22 08:51:44 | INFO     |   验证指标(标准CE):
2025-07-22 08:51:44 | INFO     |     损失: 0.823896
2025-07-22 08:51:44 | INFO     |     准确率: 0.676677
2025-07-22 08:51:44 | INFO     |     F1(macro): 0.642103
2025-07-22 08:51:44 | INFO     |     F1(weighted): 0.637676
2025-07-22 08:51:44 | INFO     |     精确率: 0.677767
2025-07-22 08:51:44 | INFO     |     召回率: 0.687011
2025-07-22 08:51:44 | INFO     |   学习率调度器: f1_based
2025-07-22 08:51:44 | INFO     | ------------------------------------------------------------
2025-07-22 08:51:44 | INFO     | Epoch   1 | Train: Loss=1.6758, Acc=0.3954 | Val: Loss=0.8239, Acc=0.6767, F1=0.6377 | LR=0.000100 🏆 [最佳模型]
2025-07-22 08:52:17 | INFO     | Epoch 2:
2025-07-22 08:52:17 | INFO     |   训练指标:
2025-07-22 08:52:17 | INFO     |     损失(ce): 0.713834
2025-07-22 08:52:17 | INFO     |     准确率: 0.725475
2025-07-22 08:52:17 | INFO     |     学习率: 0.00010000
2025-07-22 08:52:17 | INFO     |   验证指标(标准CE):
2025-07-22 08:52:17 | INFO     |     损失: 0.471108
2025-07-22 08:52:17 | INFO     |     准确率: 0.803804
2025-07-22 08:52:17 | INFO     |     F1(macro): 0.787178
2025-07-22 08:52:17 | INFO     |     F1(weighted): 0.781602
2025-07-22 08:52:17 | INFO     |     精确率: 0.795310
2025-07-22 08:52:17 | INFO     |     召回率: 0.810816
2025-07-22 08:52:17 | INFO     |   学习率调度器: f1_based
2025-07-22 08:52:17 | INFO     | ------------------------------------------------------------
2025-07-22 08:52:17 | INFO     | Epoch   2 | Train: Loss=0.7138, Acc=0.7255 | Val: Loss=0.4711, Acc=0.8038, F1=0.7816 | LR=0.000100 🏆 [最佳模型]
2025-07-22 08:52:50 | INFO     | Epoch 3:
2025-07-22 08:52:50 | INFO     |   训练指标:
2025-07-22 08:52:50 | INFO     |     损失(ce): 0.484978
2025-07-22 08:52:50 | INFO     |     准确率: 0.811812
2025-07-22 08:52:50 | INFO     |     学习率: 0.00010000
2025-07-22 08:52:50 | INFO     |   验证指标(标准CE):
2025-07-22 08:52:50 | INFO     |     损失: 0.316176
2025-07-22 08:52:50 | INFO     |     准确率: 0.872873
2025-07-22 08:52:50 | INFO     |     F1(macro): 0.874214
2025-07-22 08:52:50 | INFO     |     F1(weighted): 0.871351
2025-07-22 08:52:50 | INFO     |     精确率: 0.886723
2025-07-22 08:52:50 | INFO     |     召回率: 0.874400
2025-07-22 08:52:50 | INFO     |   学习率调度器: f1_based
2025-07-22 08:52:50 | INFO     | ------------------------------------------------------------
2025-07-22 08:52:50 | INFO     | Epoch   3 | Train: Loss=0.4850, Acc=0.8118 | Val: Loss=0.3162, Acc=0.8729, F1=0.8714 | LR=0.000100 🏆 [最佳模型]
2025-07-22 08:53:22 | INFO     | Epoch 4:
2025-07-22 08:53:22 | INFO     |   训练指标:
2025-07-22 08:53:22 | INFO     |     损失(ce): 0.381140
2025-07-22 08:53:22 | INFO     |     准确率: 0.845846
2025-07-22 08:53:22 | INFO     |     学习率: 0.00010000
2025-07-22 08:53:22 | INFO     |   验证指标(标准CE):
2025-07-22 08:53:22 | INFO     |     损失: 0.304542
2025-07-22 08:53:22 | INFO     |     准确率: 0.884885
2025-07-22 08:53:22 | INFO     |     F1(macro): 0.887149
2025-07-22 08:53:22 | INFO     |     F1(weighted): 0.884409
2025-07-22 08:53:22 | INFO     |     精确率: 0.901921
2025-07-22 08:53:22 | INFO     |     召回率: 0.886274
2025-07-22 08:53:22 | INFO     |   学习率调度器: f1_based
2025-07-22 08:53:22 | INFO     | ------------------------------------------------------------
2025-07-22 08:53:22 | INFO     | Epoch   4 | Train: Loss=0.3811, Acc=0.8458 | Val: Loss=0.3045, Acc=0.8849, F1=0.8844 | LR=0.000100 🏆 [最佳模型]
2025-07-22 08:53:55 | INFO     | Epoch 5:
2025-07-22 08:53:55 | INFO     |   训练指标:
2025-07-22 08:53:55 | INFO     |     损失(ce): 0.320008
2025-07-22 08:53:55 | INFO     |     准确率: 0.870370
2025-07-22 08:53:55 | INFO     |     学习率: 0.00010000
2025-07-22 08:53:55 | INFO     |   验证指标(标准CE):
2025-07-22 08:53:55 | INFO     |     损失: 0.284329
2025-07-22 08:53:55 | INFO     |     准确率: 0.889890
2025-07-22 08:53:55 | INFO     |     F1(macro): 0.889389
2025-07-22 08:53:55 | INFO     |     F1(weighted): 0.884811
2025-07-22 08:53:55 | INFO     |     精确率: 0.898832
2025-07-22 08:53:55 | INFO     |     召回率: 0.895409
2025-07-22 08:53:55 | INFO     |   学习率调度器: f1_based
2025-07-22 08:53:55 | INFO     | ------------------------------------------------------------
2025-07-22 08:53:55 | INFO     | Epoch   5 | Train: Loss=0.3200, Acc=0.8704 | Val: Loss=0.2843, Acc=0.8899, F1=0.8848 | LR=0.000100 🏆 [最佳模型]
2025-07-22 08:54:28 | INFO     | Epoch 6:
2025-07-22 08:54:28 | INFO     |   训练指标:
2025-07-22 08:54:28 | INFO     |     损失(ce): 0.306940
2025-07-22 08:54:28 | INFO     |     准确率: 0.878879
2025-07-22 08:54:28 | INFO     |     学习率: 0.00010000
2025-07-22 08:54:28 | INFO     |   验证指标(标准CE):
2025-07-22 08:54:28 | INFO     |     损失: 0.257183
2025-07-22 08:54:28 | INFO     |     准确率: 0.887888
2025-07-22 08:54:28 | INFO     |     F1(macro): 0.884190
2025-07-22 08:54:28 | INFO     |     F1(weighted): 0.879142
2025-07-22 08:54:28 | INFO     |     精确率: 0.912171
2025-07-22 08:54:28 | INFO     |     召回率: 0.894288
2025-07-22 08:54:28 | INFO     |   学习率调度器: f1_based
2025-07-22 08:54:28 | INFO     | ------------------------------------------------------------
2025-07-22 08:54:28 | INFO     | Epoch   6 | Train: Loss=0.3069, Acc=0.8789 | Val: Loss=0.2572, Acc=0.8879, F1=0.8791 | LR=0.000100 
2025-07-22 08:55:00 | INFO     | Epoch 7:
2025-07-22 08:55:00 | INFO     |   训练指标:
2025-07-22 08:55:00 | INFO     |     损失(ce): 0.254392
2025-07-22 08:55:00 | INFO     |     准确率: 0.902152
2025-07-22 08:55:00 | INFO     |     学习率: 0.00010000
2025-07-22 08:55:00 | INFO     |   验证指标(标准CE):
2025-07-22 08:55:00 | INFO     |     损失: 0.292489
2025-07-22 08:55:00 | INFO     |     准确率: 0.893894
2025-07-22 08:55:00 | INFO     |     F1(macro): 0.889891
2025-07-22 08:55:00 | INFO     |     F1(weighted): 0.885479
2025-07-22 08:55:00 | INFO     |     精确率: 0.901956
2025-07-22 08:55:00 | INFO     |     召回率: 0.900028
2025-07-22 08:55:00 | INFO     |   学习率调度器: f1_based
2025-07-22 08:55:00 | INFO     | ------------------------------------------------------------
2025-07-22 08:55:00 | INFO     | Epoch   7 | Train: Loss=0.2544, Acc=0.9022 | Val: Loss=0.2925, Acc=0.8939, F1=0.8855 | LR=0.000100 🏆 [最佳模型]
2025-07-22 08:55:33 | INFO     | Epoch 8:
2025-07-22 08:55:33 | INFO     |   训练指标:
2025-07-22 08:55:33 | INFO     |     损失(ce): 0.248495
2025-07-22 08:55:33 | INFO     |     准确率: 0.901401
2025-07-22 08:55:33 | INFO     |     学习率: 0.00010000
2025-07-22 08:55:33 | INFO     |   验证指标(标准CE):
2025-07-22 08:55:33 | INFO     |     损失: 0.261995
2025-07-22 08:55:33 | INFO     |     准确率: 0.900901
2025-07-22 08:55:33 | INFO     |     F1(macro): 0.899802
2025-07-22 08:55:33 | INFO     |     F1(weighted): 0.896609
2025-07-22 08:55:33 | INFO     |     精确率: 0.918169
2025-07-22 08:55:33 | INFO     |     召回率: 0.906496
2025-07-22 08:55:33 | INFO     |   学习率调度器: f1_based
2025-07-22 08:55:33 | INFO     | ------------------------------------------------------------
2025-07-22 08:55:33 | INFO     | Epoch   8 | Train: Loss=0.2485, Acc=0.9014 | Val: Loss=0.2620, Acc=0.9009, F1=0.8966 | LR=0.000100 🏆 [最佳模型]
2025-07-22 08:56:05 | INFO     | Epoch 9:
2025-07-22 08:56:05 | INFO     |   训练指标:
2025-07-22 08:56:05 | INFO     |     损失(ce): 0.230047
2025-07-22 08:56:05 | INFO     |     准确率: 0.903153
2025-07-22 08:56:05 | INFO     |     学习率: 0.00010000
2025-07-22 08:56:05 | INFO     |   验证指标(标准CE):
2025-07-22 08:56:05 | INFO     |     损失: 0.243701
2025-07-22 08:56:05 | INFO     |     准确率: 0.919920
2025-07-22 08:56:05 | INFO     |     F1(macro): 0.921220
2025-07-22 08:56:05 | INFO     |     F1(weighted): 0.918895
2025-07-22 08:56:05 | INFO     |     精确率: 0.924454
2025-07-22 08:56:05 | INFO     |     召回率: 0.922856
2025-07-22 08:56:05 | INFO     |   学习率调度器: f1_based
2025-07-22 08:56:05 | INFO     | ------------------------------------------------------------
2025-07-22 08:56:05 | INFO     | Epoch   9 | Train: Loss=0.2300, Acc=0.9032 | Val: Loss=0.2437, Acc=0.9199, F1=0.9189 | LR=0.000100 🏆 [最佳模型]
2025-07-22 08:56:38 | INFO     | Epoch 10:
2025-07-22 08:56:38 | INFO     |   训练指标:
2025-07-22 08:56:38 | INFO     |     损失(ce): 0.203466
2025-07-22 08:56:38 | INFO     |     准确率: 0.920420
2025-07-22 08:56:38 | INFO     |     学习率: 0.00010000
2025-07-22 08:56:38 | INFO     |   验证指标(标准CE):
2025-07-22 08:56:38 | INFO     |     损失: 0.174195
2025-07-22 08:56:38 | INFO     |     准确率: 0.940941
2025-07-22 08:56:38 | INFO     |     F1(macro): 0.940305
2025-07-22 08:56:38 | INFO     |     F1(weighted): 0.938898
2025-07-22 08:56:38 | INFO     |     精确率: 0.943667
2025-07-22 08:56:38 | INFO     |     召回率: 0.942021
2025-07-22 08:56:38 | INFO     |   学习率调度器: f1_based
2025-07-22 08:56:38 | INFO     | ------------------------------------------------------------
2025-07-22 08:56:38 | INFO     | Epoch  10 | Train: Loss=0.2035, Acc=0.9204 | Val: Loss=0.1742, Acc=0.9409, F1=0.9389 | LR=0.000100 🏆 [最佳模型]
2025-07-22 08:57:11 | INFO     | Epoch 11:
2025-07-22 08:57:11 | INFO     |   训练指标:
2025-07-22 08:57:11 | INFO     |     损失(ce): 0.204151
2025-07-22 08:57:11 | INFO     |     准确率: 0.922673
2025-07-22 08:57:11 | INFO     |     学习率: 0.00010000
2025-07-22 08:57:11 | INFO     |   验证指标(标准CE):
2025-07-22 08:57:11 | INFO     |     损失: 0.335423
2025-07-22 08:57:11 | INFO     |     准确率: 0.900901
2025-07-22 08:57:11 | INFO     |     F1(macro): 0.905534
2025-07-22 08:57:11 | INFO     |     F1(weighted): 0.901911
2025-07-22 08:57:11 | INFO     |     精确率: 0.922600
2025-07-22 08:57:11 | INFO     |     召回率: 0.905311
2025-07-22 08:57:11 | INFO     |   学习率调度器: f1_based
2025-07-22 08:57:11 | INFO     | ------------------------------------------------------------
2025-07-22 08:57:11 | INFO     | Epoch  11 | Train: Loss=0.2042, Acc=0.9227 | Val: Loss=0.3354, Acc=0.9009, F1=0.9019 | LR=0.000100 
2025-07-22 08:57:43 | INFO     | Epoch 12:
2025-07-22 08:57:43 | INFO     |   训练指标:
2025-07-22 08:57:43 | INFO     |     损失(ce): 0.171852
2025-07-22 08:57:43 | INFO     |     准确率: 0.930180
2025-07-22 08:57:43 | INFO     |     学习率: 0.00010000
2025-07-22 08:57:43 | INFO     |   验证指标(标准CE):
2025-07-22 08:57:43 | INFO     |     损失: 0.184858
2025-07-22 08:57:43 | INFO     |     准确率: 0.927928
2025-07-22 08:57:43 | INFO     |     F1(macro): 0.927442
2025-07-22 08:57:43 | INFO     |     F1(weighted): 0.924410
2025-07-22 08:57:43 | INFO     |     精确率: 0.939524
2025-07-22 08:57:43 | INFO     |     召回率: 0.932644
2025-07-22 08:57:43 | INFO     |   学习率调度器: f1_based
2025-07-22 08:57:43 | INFO     | ------------------------------------------------------------
2025-07-22 08:57:43 | INFO     | Epoch  12 | Train: Loss=0.1719, Acc=0.9302 | Val: Loss=0.1849, Acc=0.9279, F1=0.9244 | LR=0.000100 
2025-07-22 08:58:16 | INFO     | Epoch 13:
2025-07-22 08:58:16 | INFO     |   训练指标:
2025-07-22 08:58:16 | INFO     |     损失(ce): 0.178807
2025-07-22 08:58:16 | INFO     |     准确率: 0.932933
2025-07-22 08:58:16 | INFO     |     学习率: 0.00010000
2025-07-22 08:58:16 | INFO     |   验证指标(标准CE):
2025-07-22 08:58:16 | INFO     |     损失: 0.219352
2025-07-22 08:58:16 | INFO     |     准确率: 0.943944
2025-07-22 08:58:16 | INFO     |     F1(macro): 0.946120
2025-07-22 08:58:16 | INFO     |     F1(weighted): 0.944468
2025-07-22 08:58:16 | INFO     |     精确率: 0.947299
2025-07-22 08:58:16 | INFO     |     召回率: 0.945253
2025-07-22 08:58:16 | INFO     |   学习率调度器: f1_based
2025-07-22 08:58:16 | INFO     | ------------------------------------------------------------
2025-07-22 08:58:16 | INFO     | Epoch  13 | Train: Loss=0.1788, Acc=0.9329 | Val: Loss=0.2194, Acc=0.9439, F1=0.9445 | LR=0.000100 🏆 [最佳模型]
2025-07-22 08:58:48 | INFO     | Epoch 14:
2025-07-22 08:58:48 | INFO     |   训练指标:
2025-07-22 08:58:48 | INFO     |     损失(ce): 0.152560
2025-07-22 08:58:48 | INFO     |     准确率: 0.937187
2025-07-22 08:58:48 | INFO     |     学习率: 0.00010000
2025-07-22 08:58:48 | INFO     |   验证指标(标准CE):
2025-07-22 08:58:48 | INFO     |     损失: 0.213081
2025-07-22 08:58:48 | INFO     |     准确率: 0.921922
2025-07-22 08:58:48 | INFO     |     F1(macro): 0.925884
2025-07-22 08:58:48 | INFO     |     F1(weighted): 0.923228
2025-07-22 08:58:48 | INFO     |     精确率: 0.942997
2025-07-22 08:58:48 | INFO     |     召回率: 0.925841
2025-07-22 08:58:48 | INFO     |   学习率调度器: f1_based
2025-07-22 08:58:48 | INFO     | ------------------------------------------------------------
2025-07-22 08:58:48 | INFO     | Epoch  14 | Train: Loss=0.1526, Acc=0.9372 | Val: Loss=0.2131, Acc=0.9219, F1=0.9232 | LR=0.000100 
2025-07-22 08:59:20 | INFO     | Epoch 15:
2025-07-22 08:59:20 | INFO     |   训练指标:
2025-07-22 08:59:20 | INFO     |     损失(ce): 0.166172
2025-07-22 08:59:20 | INFO     |     准确率: 0.938188
2025-07-22 08:59:20 | INFO     |     学习率: 0.00010000
2025-07-22 08:59:20 | INFO     |   验证指标(标准CE):
2025-07-22 08:59:20 | INFO     |     损失: 0.179885
2025-07-22 08:59:20 | INFO     |     准确率: 0.946947
2025-07-22 08:59:20 | INFO     |     F1(macro): 0.948562
2025-07-22 08:59:20 | INFO     |     F1(weighted): 0.946931
2025-07-22 08:59:20 | INFO     |     精确率: 0.953357
2025-07-22 08:59:20 | INFO     |     召回率: 0.947688
2025-07-22 08:59:20 | INFO     |   学习率调度器: f1_based
2025-07-22 08:59:20 | INFO     | ------------------------------------------------------------
2025-07-22 08:59:20 | INFO     | Epoch  15 | Train: Loss=0.1662, Acc=0.9382 | Val: Loss=0.1799, Acc=0.9469, F1=0.9469 | LR=0.000100 🏆 [最佳模型]
2025-07-22 08:59:53 | INFO     | Epoch 16:
2025-07-22 08:59:53 | INFO     |   训练指标:
2025-07-22 08:59:53 | INFO     |     损失(ce): 0.155548
2025-07-22 08:59:53 | INFO     |     准确率: 0.941441
2025-07-22 08:59:53 | INFO     |     学习率: 0.00010000
2025-07-22 08:59:53 | INFO     |   验证指标(标准CE):
2025-07-22 08:59:53 | INFO     |     损失: 0.189443
2025-07-22 08:59:53 | INFO     |     准确率: 0.942943
2025-07-22 08:59:53 | INFO     |     F1(macro): 0.943311
2025-07-22 08:59:53 | INFO     |     F1(weighted): 0.942078
2025-07-22 08:59:53 | INFO     |     精确率: 0.948442
2025-07-22 08:59:53 | INFO     |     召回率: 0.943618
2025-07-22 08:59:53 | INFO     |   学习率调度器: f1_based
2025-07-22 08:59:53 | INFO     | ------------------------------------------------------------
2025-07-22 08:59:53 | INFO     | Epoch  16 | Train: Loss=0.1555, Acc=0.9414 | Val: Loss=0.1894, Acc=0.9429, F1=0.9421 | LR=0.000100 
2025-07-22 09:00:25 | INFO     | Epoch 17:
2025-07-22 09:00:25 | INFO     |   训练指标:
2025-07-22 09:00:25 | INFO     |     损失(ce): 0.155639
2025-07-22 09:00:25 | INFO     |     准确率: 0.946697
2025-07-22 09:00:25 | INFO     |     学习率: 0.00010000
2025-07-22 09:00:25 | INFO     |   验证指标(标准CE):
2025-07-22 09:00:25 | INFO     |     损失: 0.143632
2025-07-22 09:00:25 | INFO     |     准确率: 0.955956
2025-07-22 09:00:25 | INFO     |     F1(macro): 0.956170
2025-07-22 09:00:25 | INFO     |     F1(weighted): 0.954817
2025-07-22 09:00:25 | INFO     |     精确率: 0.961000
2025-07-22 09:00:25 | INFO     |     召回率: 0.956658
2025-07-22 09:00:25 | INFO     |   学习率调度器: f1_based
2025-07-22 09:00:25 | INFO     | ------------------------------------------------------------
2025-07-22 09:00:25 | INFO     | Epoch  17 | Train: Loss=0.1556, Acc=0.9467 | Val: Loss=0.1436, Acc=0.9560, F1=0.9548 | LR=0.000100 🏆 [最佳模型]
2025-07-22 09:00:58 | INFO     | Epoch 18:
2025-07-22 09:00:58 | INFO     |   训练指标:
2025-07-22 09:00:58 | INFO     |     损失(ce): 0.157335
2025-07-22 09:00:58 | INFO     |     准确率: 0.943443
2025-07-22 09:00:58 | INFO     |     学习率: 0.00010000
2025-07-22 09:00:58 | INFO     |   验证指标(标准CE):
2025-07-22 09:00:58 | INFO     |     损失: 0.218117
2025-07-22 09:00:58 | INFO     |     准确率: 0.928929
2025-07-22 09:00:58 | INFO     |     F1(macro): 0.931200
2025-07-22 09:00:58 | INFO     |     F1(weighted): 0.928396
2025-07-22 09:00:58 | INFO     |     精确率: 0.932600
2025-07-22 09:00:58 | INFO     |     召回率: 0.932178
2025-07-22 09:00:58 | INFO     |   学习率调度器: f1_based
2025-07-22 09:00:58 | INFO     | ------------------------------------------------------------
2025-07-22 09:00:58 | INFO     | Epoch  18 | Train: Loss=0.1573, Acc=0.9434 | Val: Loss=0.2181, Acc=0.9289, F1=0.9284 | LR=0.000100 
2025-07-22 09:01:30 | INFO     | Epoch 19:
2025-07-22 09:01:30 | INFO     |   训练指标:
2025-07-22 09:01:30 | INFO     |     损失(ce): 0.111103
2025-07-22 09:01:30 | INFO     |     准确率: 0.957708
2025-07-22 09:01:30 | INFO     |     学习率: 0.00010000
2025-07-22 09:01:30 | INFO     |   验证指标(标准CE):
2025-07-22 09:01:30 | INFO     |     损失: 0.247299
2025-07-22 09:01:30 | INFO     |     准确率: 0.929930
2025-07-22 09:01:30 | INFO     |     F1(macro): 0.933382
2025-07-22 09:01:30 | INFO     |     F1(weighted): 0.931447
2025-07-22 09:01:30 | INFO     |     精确率: 0.937785
2025-07-22 09:01:30 | INFO     |     召回率: 0.931924
2025-07-22 09:01:30 | INFO     |   学习率调度器: f1_based
2025-07-22 09:01:30 | INFO     | ------------------------------------------------------------
2025-07-22 09:01:30 | INFO     | Epoch  19 | Train: Loss=0.1111, Acc=0.9577 | Val: Loss=0.2473, Acc=0.9299, F1=0.9314 | LR=0.000100 
2025-07-22 09:02:02 | INFO     | Epoch 20:
2025-07-22 09:02:02 | INFO     |   训练指标:
2025-07-22 09:02:02 | INFO     |     损失(ce): 0.145430
2025-07-22 09:02:02 | INFO     |     准确率: 0.946446
2025-07-22 09:02:02 | INFO     |     学习率: 0.00010000
2025-07-22 09:02:02 | INFO     |   验证指标(标准CE):
2025-07-22 09:02:02 | INFO     |     损失: 0.223644
2025-07-22 09:02:02 | INFO     |     准确率: 0.951952
2025-07-22 09:02:02 | INFO     |     F1(macro): 0.952876
2025-07-22 09:02:02 | INFO     |     F1(weighted): 0.951672
2025-07-22 09:02:02 | INFO     |     精确率: 0.958473
2025-07-22 09:02:02 | INFO     |     召回率: 0.951978
2025-07-22 09:02:02 | INFO     |   学习率调度器: f1_based
2025-07-22 09:02:02 | INFO     | ------------------------------------------------------------
2025-07-22 09:02:02 | INFO     | Epoch  20 | Train: Loss=0.1454, Acc=0.9464 | Val: Loss=0.2236, Acc=0.9520, F1=0.9517 | LR=0.000100 
2025-07-22 09:02:35 | INFO     | Epoch 21:
2025-07-22 09:02:35 | INFO     |   训练指标:
2025-07-22 09:02:35 | INFO     |     损失(ce): 0.142158
2025-07-22 09:02:35 | INFO     |     准确率: 0.947948
2025-07-22 09:02:35 | INFO     |     学习率: 0.00010000
2025-07-22 09:02:35 | INFO     |   验证指标(标准CE):
2025-07-22 09:02:35 | INFO     |     损失: 0.316338
2025-07-22 09:02:35 | INFO     |     准确率: 0.929930
2025-07-22 09:02:35 | INFO     |     F1(macro): 0.930742
2025-07-22 09:02:35 | INFO     |     F1(weighted): 0.927956
2025-07-22 09:02:35 | INFO     |     精确率: 0.941805
2025-07-22 09:02:35 | INFO     |     召回率: 0.933687
2025-07-22 09:02:35 | INFO     |   学习率调度器: f1_based
2025-07-22 09:02:35 | INFO     | ------------------------------------------------------------
2025-07-22 09:02:35 | INFO     | Epoch  21 | Train: Loss=0.1422, Acc=0.9479 | Val: Loss=0.3163, Acc=0.9299, F1=0.9280 | LR=0.000100 
2025-07-22 09:03:07 | INFO     | Epoch 22:
2025-07-22 09:03:07 | INFO     |   训练指标:
2025-07-22 09:03:07 | INFO     |     损失(ce): 0.107645
2025-07-22 09:03:07 | INFO     |     准确率: 0.952703
2025-07-22 09:03:07 | INFO     |     学习率: 0.00010000
2025-07-22 09:03:07 | INFO     |   验证指标(标准CE):
2025-07-22 09:03:07 | INFO     |     损失: 0.192243
2025-07-22 09:03:07 | INFO     |     准确率: 0.939940
2025-07-22 09:03:07 | INFO     |     F1(macro): 0.941417
2025-07-22 09:03:07 | INFO     |     F1(weighted): 0.939476
2025-07-22 09:03:07 | INFO     |     精确率: 0.948940
2025-07-22 09:03:07 | INFO     |     召回率: 0.943618
2025-07-22 09:03:07 | INFO     |   学习率调度器: f1_based
2025-07-22 09:03:07 | INFO     | ------------------------------------------------------------
2025-07-22 09:03:07 | INFO     | Epoch  22 | Train: Loss=0.1076, Acc=0.9527 | Val: Loss=0.1922, Acc=0.9399, F1=0.9395 | LR=0.000100 
2025-07-22 09:03:39 | INFO     | Epoch 23:
2025-07-22 09:03:39 | INFO     |   训练指标:
2025-07-22 09:03:39 | INFO     |     损失(ce): 0.134345
2025-07-22 09:03:39 | INFO     |     准确率: 0.946446
2025-07-22 09:03:39 | INFO     |     学习率: 0.00010000
2025-07-22 09:03:39 | INFO     |   验证指标(标准CE):
2025-07-22 09:03:39 | INFO     |     损失: 0.219027
2025-07-22 09:03:39 | INFO     |     准确率: 0.932933
2025-07-22 09:03:39 | INFO     |     F1(macro): 0.936973
2025-07-22 09:03:39 | INFO     |     F1(weighted): 0.935040
2025-07-22 09:03:39 | INFO     |     精确率: 0.950177
2025-07-22 09:03:39 | INFO     |     召回率: 0.935689
2025-07-22 09:03:39 | INFO     |   学习率调度器: f1_based
2025-07-22 09:03:39 | INFO     | ------------------------------------------------------------
2025-07-22 09:03:39 | INFO     | 🎯 学习率调整事件:
2025-07-22 09:03:39 | INFO     |   调度器类型: f1_based
2025-07-22 09:03:39 | INFO     |   学习率变化: 0.00010000 → 0.00005000
2025-07-22 09:03:39 | INFO     |   触发条件: F1分数 = 0.935040
2025-07-22 09:03:39 | INFO     |   变化幅度: -50.00%
2025-07-22 09:03:39 | INFO     | ------------------------------------------------------------
2025-07-22 09:03:39 | INFO     | Epoch  23 | Train: Loss=0.1343, Acc=0.9464 | Val: Loss=0.2190, Acc=0.9329, F1=0.9350 | LR=0.000050 
2025-07-22 09:04:12 | INFO     | Epoch 24:
2025-07-22 09:04:12 | INFO     |   训练指标:
2025-07-22 09:04:12 | INFO     |     损失(ce): 0.063620
2025-07-22 09:04:12 | INFO     |     准确率: 0.964965
2025-07-22 09:04:12 | INFO     |     学习率: 0.00005000
2025-07-22 09:04:12 | INFO     |   验证指标(标准CE):
2025-07-22 09:04:12 | INFO     |     损失: 0.172190
2025-07-22 09:04:12 | INFO     |     准确率: 0.953954
2025-07-22 09:04:12 | INFO     |     F1(macro): 0.955119
2025-07-22 09:04:12 | INFO     |     F1(weighted): 0.953955
2025-07-22 09:04:12 | INFO     |     精确率: 0.957998
2025-07-22 09:04:12 | INFO     |     召回率: 0.954304
2025-07-22 09:04:12 | INFO     |   学习率调度器: f1_based
2025-07-22 09:04:12 | INFO     | ------------------------------------------------------------
2025-07-22 09:04:12 | INFO     | Epoch  24 | Train: Loss=0.0636, Acc=0.9650 | Val: Loss=0.1722, Acc=0.9540, F1=0.9540 | LR=0.000050 
2025-07-22 09:04:44 | INFO     | Epoch 25:
2025-07-22 09:04:44 | INFO     |   训练指标:
2025-07-22 09:04:44 | INFO     |     损失(ce): 0.058259
2025-07-22 09:04:44 | INFO     |     准确率: 0.967217
2025-07-22 09:04:44 | INFO     |     学习率: 0.00005000
2025-07-22 09:04:44 | INFO     |   验证指标(标准CE):
2025-07-22 09:04:44 | INFO     |     损失: 0.197679
2025-07-22 09:04:44 | INFO     |     准确率: 0.938939
2025-07-22 09:04:44 | INFO     |     F1(macro): 0.941151
2025-07-22 09:04:44 | INFO     |     F1(weighted): 0.939204
2025-07-22 09:04:44 | INFO     |     精确率: 0.943041
2025-07-22 09:04:44 | INFO     |     召回率: 0.941175
2025-07-22 09:04:44 | INFO     |   学习率调度器: f1_based
2025-07-22 09:04:44 | INFO     | ------------------------------------------------------------
2025-07-22 09:04:44 | INFO     | Epoch  25 | Train: Loss=0.0583, Acc=0.9672 | Val: Loss=0.1977, Acc=0.9389, F1=0.9392 | LR=0.000050 
2025-07-22 09:05:17 | INFO     | Epoch 26:
2025-07-22 09:05:17 | INFO     |   训练指标:
2025-07-22 09:05:17 | INFO     |     损失(ce): 0.066657
2025-07-22 09:05:17 | INFO     |     准确率: 0.965465
2025-07-22 09:05:17 | INFO     |     学习率: 0.00005000
2025-07-22 09:05:17 | INFO     |   验证指标(标准CE):
2025-07-22 09:05:17 | INFO     |     损失: 0.186305
2025-07-22 09:05:17 | INFO     |     准确率: 0.956957
2025-07-22 09:05:17 | INFO     |     F1(macro): 0.957938
2025-07-22 09:05:17 | INFO     |     F1(weighted): 0.956735
2025-07-22 09:05:17 | INFO     |     精确率: 0.959507
2025-07-22 09:05:17 | INFO     |     召回率: 0.957781
2025-07-22 09:05:17 | INFO     |   学习率调度器: f1_based
2025-07-22 09:05:17 | INFO     | ------------------------------------------------------------
2025-07-22 09:05:17 | INFO     | Epoch  26 | Train: Loss=0.0667, Acc=0.9655 | Val: Loss=0.1863, Acc=0.9570, F1=0.9567 | LR=0.000050 🏆 [最佳模型]
2025-07-22 09:05:49 | INFO     | Epoch 27:
2025-07-22 09:05:49 | INFO     |   训练指标:
2025-07-22 09:05:49 | INFO     |     损失(ce): 0.073691
2025-07-22 09:05:49 | INFO     |     准确率: 0.966466
2025-07-22 09:05:49 | INFO     |     学习率: 0.00005000
2025-07-22 09:05:49 | INFO     |   验证指标(标准CE):
2025-07-22 09:05:49 | INFO     |     损失: 0.156880
2025-07-22 09:05:49 | INFO     |     准确率: 0.948949
2025-07-22 09:05:49 | INFO     |     F1(macro): 0.951693
2025-07-22 09:05:49 | INFO     |     F1(weighted): 0.949836
2025-07-22 09:05:49 | INFO     |     精确率: 0.956046
2025-07-22 09:05:49 | INFO     |     召回率: 0.951283
2025-07-22 09:05:49 | INFO     |   学习率调度器: f1_based
2025-07-22 09:05:49 | INFO     | ------------------------------------------------------------
2025-07-22 09:05:49 | INFO     | Epoch  27 | Train: Loss=0.0737, Acc=0.9665 | Val: Loss=0.1569, Acc=0.9489, F1=0.9498 | LR=0.000050 
2025-07-22 09:06:22 | INFO     | Epoch 28:
2025-07-22 09:06:22 | INFO     |   训练指标:
2025-07-22 09:06:22 | INFO     |     损失(ce): 0.060381
2025-07-22 09:06:22 | INFO     |     准确率: 0.968969
2025-07-22 09:06:22 | INFO     |     学习率: 0.00005000
2025-07-22 09:06:22 | INFO     |   验证指标(标准CE):
2025-07-22 09:06:22 | INFO     |     损失: 0.203597
2025-07-22 09:06:22 | INFO     |     准确率: 0.943944
2025-07-22 09:06:22 | INFO     |     F1(macro): 0.946156
2025-07-22 09:06:22 | INFO     |     F1(weighted): 0.944505
2025-07-22 09:06:22 | INFO     |     精确率: 0.955071
2025-07-22 09:06:22 | INFO     |     召回率: 0.947210
2025-07-22 09:06:22 | INFO     |   学习率调度器: f1_based
2025-07-22 09:06:22 | INFO     | ------------------------------------------------------------
2025-07-22 09:06:22 | INFO     | Epoch  28 | Train: Loss=0.0604, Acc=0.9690 | Val: Loss=0.2036, Acc=0.9439, F1=0.9445 | LR=0.000050 
2025-07-22 09:06:54 | INFO     | Epoch 29:
2025-07-22 09:06:54 | INFO     |   训练指标:
2025-07-22 09:06:54 | INFO     |     损失(ce): 0.061334
2025-07-22 09:06:54 | INFO     |     准确率: 0.966466
2025-07-22 09:06:54 | INFO     |     学习率: 0.00005000
2025-07-22 09:06:54 | INFO     |   验证指标(标准CE):
2025-07-22 09:06:54 | INFO     |     损失: 0.152101
2025-07-22 09:06:54 | INFO     |     准确率: 0.950951
2025-07-22 09:06:54 | INFO     |     F1(macro): 0.953486
2025-07-22 09:06:54 | INFO     |     F1(weighted): 0.951498
2025-07-22 09:06:54 | INFO     |     精确率: 0.959026
2025-07-22 09:06:54 | INFO     |     召回率: 0.953884
2025-07-22 09:06:54 | INFO     |   学习率调度器: f1_based
2025-07-22 09:06:54 | INFO     | ------------------------------------------------------------
2025-07-22 09:06:54 | INFO     | Epoch  29 | Train: Loss=0.0613, Acc=0.9665 | Val: Loss=0.1521, Acc=0.9510, F1=0.9515 | LR=0.000050 
2025-07-22 09:07:26 | INFO     | Epoch 30:
2025-07-22 09:07:26 | INFO     |   训练指标:
2025-07-22 09:07:26 | INFO     |     损失(ce): 0.062312
2025-07-22 09:07:26 | INFO     |     准确率: 0.969720
2025-07-22 09:07:26 | INFO     |     学习率: 0.00005000
2025-07-22 09:07:26 | INFO     |   验证指标(标准CE):
2025-07-22 09:07:26 | INFO     |     损失: 0.166055
2025-07-22 09:07:26 | INFO     |     准确率: 0.953954
2025-07-22 09:07:26 | INFO     |     F1(macro): 0.956089
2025-07-22 09:07:26 | INFO     |     F1(weighted): 0.954073
2025-07-22 09:07:26 | INFO     |     精确率: 0.965432
2025-07-22 09:07:26 | INFO     |     召回率: 0.957238
2025-07-22 09:07:26 | INFO     |   学习率调度器: f1_based
2025-07-22 09:07:26 | INFO     | ------------------------------------------------------------
2025-07-22 09:07:26 | INFO     | Epoch  30 | Train: Loss=0.0623, Acc=0.9697 | Val: Loss=0.1661, Acc=0.9540, F1=0.9541 | LR=0.000050 
2025-07-22 09:07:58 | INFO     | Epoch 31:
2025-07-22 09:07:58 | INFO     |   训练指标:
2025-07-22 09:07:58 | INFO     |     损失(ce): 0.059531
2025-07-22 09:07:58 | INFO     |     准确率: 0.967217
2025-07-22 09:07:58 | INFO     |     学习率: 0.00005000
2025-07-22 09:07:58 | INFO     |   验证指标(标准CE):
2025-07-22 09:07:58 | INFO     |     损失: 0.151975
2025-07-22 09:07:58 | INFO     |     准确率: 0.952953
2025-07-22 09:07:58 | INFO     |     F1(macro): 0.955208
2025-07-22 09:07:58 | INFO     |     F1(weighted): 0.953322
2025-07-22 09:07:58 | INFO     |     精确率: 0.961170
2025-07-22 09:07:58 | INFO     |     召回率: 0.955911
2025-07-22 09:07:58 | INFO     |   学习率调度器: f1_based
2025-07-22 09:07:58 | INFO     | ------------------------------------------------------------
2025-07-22 09:07:58 | INFO     | Epoch  31 | Train: Loss=0.0595, Acc=0.9672 | Val: Loss=0.1520, Acc=0.9530, F1=0.9533 | LR=0.000050 
2025-07-22 09:08:31 | INFO     | Epoch 32:
2025-07-22 09:08:31 | INFO     |   训练指标:
2025-07-22 09:08:31 | INFO     |     损失(ce): 0.063507
2025-07-22 09:08:31 | INFO     |     准确率: 0.967718
2025-07-22 09:08:31 | INFO     |     学习率: 0.00005000
2025-07-22 09:08:31 | INFO     |   验证指标(标准CE):
2025-07-22 09:08:31 | INFO     |     损失: 0.196642
2025-07-22 09:08:31 | INFO     |     准确率: 0.949950
2025-07-22 09:08:31 | INFO     |     F1(macro): 0.952630
2025-07-22 09:08:31 | INFO     |     F1(weighted): 0.950788
2025-07-22 09:08:31 | INFO     |     精确率: 0.958716
2025-07-22 09:08:31 | INFO     |     召回率: 0.952796
2025-07-22 09:08:31 | INFO     |   学习率调度器: f1_based
2025-07-22 09:08:31 | INFO     | ------------------------------------------------------------
2025-07-22 09:08:31 | INFO     | 🎯 学习率调整事件:
2025-07-22 09:08:31 | INFO     |   调度器类型: f1_based
2025-07-22 09:08:31 | INFO     |   学习率变化: 0.00005000 → 0.00002500
2025-07-22 09:08:31 | INFO     |   触发条件: F1分数 = 0.950788
2025-07-22 09:08:31 | INFO     |   变化幅度: -50.00%
2025-07-22 09:08:31 | INFO     | ------------------------------------------------------------
2025-07-22 09:08:31 | INFO     | Epoch  32 | Train: Loss=0.0635, Acc=0.9677 | Val: Loss=0.1966, Acc=0.9499, F1=0.9508 | LR=0.000025 
2025-07-22 09:09:03 | INFO     | Epoch 33:
2025-07-22 09:09:03 | INFO     |   训练指标:
2025-07-22 09:09:03 | INFO     |     损失(ce): 0.045817
2025-07-22 09:09:03 | INFO     |     准确率: 0.972973
2025-07-22 09:09:03 | INFO     |     学习率: 0.00002500
2025-07-22 09:09:03 | INFO     |   验证指标(标准CE):
2025-07-22 09:09:03 | INFO     |     损失: 0.201809
2025-07-22 09:09:03 | INFO     |     准确率: 0.951952
2025-07-22 09:09:03 | INFO     |     F1(macro): 0.953892
2025-07-22 09:09:03 | INFO     |     F1(weighted): 0.952432
2025-07-22 09:09:03 | INFO     |     精确率: 0.959399
2025-07-22 09:09:03 | INFO     |     召回率: 0.954018
2025-07-22 09:09:03 | INFO     |   学习率调度器: f1_based
2025-07-22 09:09:03 | INFO     | ------------------------------------------------------------
2025-07-22 09:09:03 | INFO     | Epoch  33 | Train: Loss=0.0458, Acc=0.9730 | Val: Loss=0.2018, Acc=0.9520, F1=0.9524 | LR=0.000025 
2025-07-22 09:09:35 | INFO     | Epoch 34:
2025-07-22 09:09:35 | INFO     |   训练指标:
2025-07-22 09:09:35 | INFO     |     损失(ce): 0.045428
2025-07-22 09:09:35 | INFO     |     准确率: 0.972222
2025-07-22 09:09:35 | INFO     |     学习率: 0.00002500
2025-07-22 09:09:35 | INFO     |   验证指标(标准CE):
2025-07-22 09:09:35 | INFO     |     损失: 0.159763
2025-07-22 09:09:35 | INFO     |     准确率: 0.962963
2025-07-22 09:09:35 | INFO     |     F1(macro): 0.964074
2025-07-22 09:09:35 | INFO     |     F1(weighted): 0.962958
2025-07-22 09:09:35 | INFO     |     精确率: 0.966542
2025-07-22 09:09:35 | INFO     |     召回率: 0.963456
2025-07-22 09:09:35 | INFO     |   学习率调度器: f1_based
2025-07-22 09:09:35 | INFO     | ------------------------------------------------------------
2025-07-22 09:09:35 | INFO     | Epoch  34 | Train: Loss=0.0454, Acc=0.9722 | Val: Loss=0.1598, Acc=0.9630, F1=0.9630 | LR=0.000025 🏆 [最佳模型]
2025-07-22 09:10:08 | INFO     | Epoch 35:
2025-07-22 09:10:08 | INFO     |   训练指标:
2025-07-22 09:10:08 | INFO     |     损失(ce): 0.047796
2025-07-22 09:10:08 | INFO     |     准确率: 0.970971
2025-07-22 09:10:08 | INFO     |     学习率: 0.00002500
2025-07-22 09:10:08 | INFO     |   验证指标(标准CE):
2025-07-22 09:10:08 | INFO     |     损失: 0.134450
2025-07-22 09:10:08 | INFO     |     准确率: 0.961962
2025-07-22 09:10:08 | INFO     |     F1(macro): 0.962827
2025-07-22 09:10:08 | INFO     |     F1(weighted): 0.961736
2025-07-22 09:10:08 | INFO     |     精确率: 0.964965
2025-07-22 09:10:08 | INFO     |     召回率: 0.962625
2025-07-22 09:10:08 | INFO     |   学习率调度器: f1_based
2025-07-22 09:10:08 | INFO     | ------------------------------------------------------------
2025-07-22 09:10:08 | INFO     | Epoch  35 | Train: Loss=0.0478, Acc=0.9710 | Val: Loss=0.1344, Acc=0.9620, F1=0.9617 | LR=0.000025 
2025-07-22 09:10:41 | INFO     | Epoch 36:
2025-07-22 09:10:41 | INFO     |   训练指标:
2025-07-22 09:10:41 | INFO     |     损失(ce): 0.047609
2025-07-22 09:10:41 | INFO     |     准确率: 0.974725
2025-07-22 09:10:41 | INFO     |     学习率: 0.00002500
2025-07-22 09:10:41 | INFO     |   验证指标(标准CE):
2025-07-22 09:10:41 | INFO     |     损失: 0.133873
2025-07-22 09:10:41 | INFO     |     准确率: 0.957958
2025-07-22 09:10:41 | INFO     |     F1(macro): 0.960227
2025-07-22 09:10:41 | INFO     |     F1(weighted): 0.958532
2025-07-22 09:10:41 | INFO     |     精确率: 0.965464
2025-07-22 09:10:41 | INFO     |     召回率: 0.960598
2025-07-22 09:10:41 | INFO     |   学习率调度器: f1_based
2025-07-22 09:10:41 | INFO     | ------------------------------------------------------------
2025-07-22 09:10:41 | INFO     | Epoch  36 | Train: Loss=0.0476, Acc=0.9747 | Val: Loss=0.1339, Acc=0.9580, F1=0.9585 | LR=0.000025 
2025-07-22 09:11:13 | INFO     | Epoch 37:
2025-07-22 09:11:13 | INFO     |   训练指标:
2025-07-22 09:11:13 | INFO     |     损失(ce): 0.046964
2025-07-22 09:11:13 | INFO     |     准确率: 0.976226
2025-07-22 09:11:13 | INFO     |     学习率: 0.00002500
2025-07-22 09:11:13 | INFO     |   验证指标(标准CE):
2025-07-22 09:11:13 | INFO     |     损失: 0.156679
2025-07-22 09:11:13 | INFO     |     准确率: 0.956957
2025-07-22 09:11:13 | INFO     |     F1(macro): 0.958067
2025-07-22 09:11:13 | INFO     |     F1(weighted): 0.957044
2025-07-22 09:11:13 | INFO     |     精确率: 0.961980
2025-07-22 09:11:13 | INFO     |     召回率: 0.956978
2025-07-22 09:11:13 | INFO     |   学习率调度器: f1_based
2025-07-22 09:11:13 | INFO     | ------------------------------------------------------------
2025-07-22 09:11:13 | INFO     | Epoch  37 | Train: Loss=0.0470, Acc=0.9762 | Val: Loss=0.1567, Acc=0.9570, F1=0.9570 | LR=0.000025 
2025-07-22 09:11:45 | INFO     | Epoch 38:
2025-07-22 09:11:45 | INFO     |   训练指标:
2025-07-22 09:11:45 | INFO     |     损失(ce): 0.047766
2025-07-22 09:11:45 | INFO     |     准确率: 0.972222
2025-07-22 09:11:45 | INFO     |     学习率: 0.00002500
2025-07-22 09:11:45 | INFO     |   验证指标(标准CE):
2025-07-22 09:11:45 | INFO     |     损失: 0.174911
2025-07-22 09:11:45 | INFO     |     准确率: 0.952953
2025-07-22 09:11:45 | INFO     |     F1(macro): 0.955493
2025-07-22 09:11:45 | INFO     |     F1(weighted): 0.953575
2025-07-22 09:11:45 | INFO     |     精确率: 0.960320
2025-07-22 09:11:45 | INFO     |     召回率: 0.955759
2025-07-22 09:11:45 | INFO     |   学习率调度器: f1_based
2025-07-22 09:11:45 | INFO     | ------------------------------------------------------------
2025-07-22 09:11:45 | INFO     | Epoch  38 | Train: Loss=0.0478, Acc=0.9722 | Val: Loss=0.1749, Acc=0.9530, F1=0.9536 | LR=0.000025 
2025-07-22 09:12:18 | INFO     | Epoch 39:
2025-07-22 09:12:18 | INFO     |   训练指标:
2025-07-22 09:12:18 | INFO     |     损失(ce): 0.038502
2025-07-22 09:12:18 | INFO     |     准确率: 0.975225
2025-07-22 09:12:18 | INFO     |     学习率: 0.00002500
2025-07-22 09:12:18 | INFO     |   验证指标(标准CE):
2025-07-22 09:12:18 | INFO     |     损失: 0.178618
2025-07-22 09:12:18 | INFO     |     准确率: 0.961962
2025-07-22 09:12:18 | INFO     |     F1(macro): 0.963173
2025-07-22 09:12:18 | INFO     |     F1(weighted): 0.961962
2025-07-22 09:12:18 | INFO     |     精确率: 0.965303
2025-07-22 09:12:18 | INFO     |     召回率: 0.962643
2025-07-22 09:12:18 | INFO     |   学习率调度器: f1_based
2025-07-22 09:12:18 | INFO     | ------------------------------------------------------------
2025-07-22 09:12:18 | INFO     | Epoch  39 | Train: Loss=0.0385, Acc=0.9752 | Val: Loss=0.1786, Acc=0.9620, F1=0.9620 | LR=0.000025 
2025-07-22 09:12:50 | INFO     | Epoch 40:
2025-07-22 09:12:50 | INFO     |   训练指标:
2025-07-22 09:12:50 | INFO     |     损失(ce): 0.044271
2025-07-22 09:12:50 | INFO     |     准确率: 0.973724
2025-07-22 09:12:50 | INFO     |     学习率: 0.00002500
2025-07-22 09:12:50 | INFO     |   验证指标(标准CE):
2025-07-22 09:12:50 | INFO     |     损失: 0.190324
2025-07-22 09:12:50 | INFO     |     准确率: 0.951952
2025-07-22 09:12:50 | INFO     |     F1(macro): 0.954542
2025-07-22 09:12:50 | INFO     |     F1(weighted): 0.952671
2025-07-22 09:12:50 | INFO     |     精确率: 0.960610
2025-07-22 09:12:50 | INFO     |     召回率: 0.954714
2025-07-22 09:12:50 | INFO     |   学习率调度器: f1_based
2025-07-22 09:12:50 | INFO     | ------------------------------------------------------------
2025-07-22 09:12:50 | INFO     | 🎯 学习率调整事件:
2025-07-22 09:12:50 | INFO     |   调度器类型: f1_based
2025-07-22 09:12:50 | INFO     |   学习率变化: 0.00002500 → 0.00001250
2025-07-22 09:12:50 | INFO     |   触发条件: F1分数 = 0.952671
2025-07-22 09:12:50 | INFO     |   变化幅度: -50.00%
2025-07-22 09:12:50 | INFO     | ------------------------------------------------------------
2025-07-22 09:12:50 | INFO     | Epoch  40 | Train: Loss=0.0443, Acc=0.9737 | Val: Loss=0.1903, Acc=0.9520, F1=0.9527 | LR=0.000013 
2025-07-22 09:13:22 | INFO     | Epoch 41:
2025-07-22 09:13:22 | INFO     |   训练指标:
2025-07-22 09:13:22 | INFO     |     损失(ce): 0.041669
2025-07-22 09:13:22 | INFO     |     准确率: 0.974224
2025-07-22 09:13:22 | INFO     |     学习率: 0.00001250
2025-07-22 09:13:22 | INFO     |   验证指标(标准CE):
2025-07-22 09:13:22 | INFO     |     损失: 0.169775
2025-07-22 09:13:22 | INFO     |     准确率: 0.955956
2025-07-22 09:13:22 | INFO     |     F1(macro): 0.958106
2025-07-22 09:13:22 | INFO     |     F1(weighted): 0.956266
2025-07-22 09:13:22 | INFO     |     精确率: 0.965061
2025-07-22 09:13:22 | INFO     |     召回率: 0.958909
2025-07-22 09:13:22 | INFO     |   学习率调度器: f1_based
2025-07-22 09:13:22 | INFO     | ------------------------------------------------------------
2025-07-22 09:13:22 | INFO     | Epoch  41 | Train: Loss=0.0417, Acc=0.9742 | Val: Loss=0.1698, Acc=0.9560, F1=0.9563 | LR=0.000013 
2025-07-22 09:13:54 | INFO     | Epoch 42:
2025-07-22 09:13:54 | INFO     |   训练指标:
2025-07-22 09:13:54 | INFO     |     损失(ce): 0.036563
2025-07-22 09:13:54 | INFO     |     准确率: 0.975475
2025-07-22 09:13:54 | INFO     |     学习率: 0.00001250
2025-07-22 09:13:54 | INFO     |   验证指标(标准CE):
2025-07-22 09:13:54 | INFO     |     损失: 0.170566
2025-07-22 09:13:54 | INFO     |     准确率: 0.954955
2025-07-22 09:13:54 | INFO     |     F1(macro): 0.957336
2025-07-22 09:13:54 | INFO     |     F1(weighted): 0.955478
2025-07-22 09:13:54 | INFO     |     精确率: 0.963585
2025-07-22 09:13:54 | INFO     |     召回率: 0.957843
2025-07-22 09:13:54 | INFO     |   学习率调度器: f1_based
2025-07-22 09:13:54 | INFO     | ------------------------------------------------------------
2025-07-22 09:13:54 | INFO     | Epoch  42 | Train: Loss=0.0366, Acc=0.9755 | Val: Loss=0.1706, Acc=0.9550, F1=0.9555 | LR=0.000013 
2025-07-22 09:14:27 | INFO     | Epoch 43:
2025-07-22 09:14:27 | INFO     |   训练指标:
2025-07-22 09:14:27 | INFO     |     损失(ce): 0.036764
2025-07-22 09:14:27 | INFO     |     准确率: 0.977728
2025-07-22 09:14:27 | INFO     |     学习率: 0.00001250
2025-07-22 09:14:27 | INFO     |   验证指标(标准CE):
2025-07-22 09:14:27 | INFO     |     损失: 0.184475
2025-07-22 09:14:27 | INFO     |     准确率: 0.951952
2025-07-22 09:14:27 | INFO     |     F1(macro): 0.954314
2025-07-22 09:14:27 | INFO     |     F1(weighted): 0.952318
2025-07-22 09:14:27 | INFO     |     精确率: 0.960257
2025-07-22 09:14:27 | INFO     |     召回率: 0.954950
2025-07-22 09:14:27 | INFO     |   学习率调度器: f1_based
2025-07-22 09:14:27 | INFO     | ------------------------------------------------------------
2025-07-22 09:14:27 | INFO     | Epoch  43 | Train: Loss=0.0368, Acc=0.9777 | Val: Loss=0.1845, Acc=0.9520, F1=0.9523 | LR=0.000013 
2025-07-22 09:14:59 | INFO     | Epoch 44:
2025-07-22 09:14:59 | INFO     |   训练指标:
2025-07-22 09:14:59 | INFO     |     损失(ce): 0.035753
2025-07-22 09:14:59 | INFO     |     准确率: 0.976226
2025-07-22 09:14:59 | INFO     |     学习率: 0.00001250
2025-07-22 09:14:59 | INFO     |   验证指标(标准CE):
2025-07-22 09:14:59 | INFO     |     损失: 0.178095
2025-07-22 09:14:59 | INFO     |     准确率: 0.953954
2025-07-22 09:14:59 | INFO     |     F1(macro): 0.956401
2025-07-22 09:14:59 | INFO     |     F1(weighted): 0.954504
2025-07-22 09:14:59 | INFO     |     精确率: 0.962256
2025-07-22 09:14:59 | INFO     |     召回率: 0.956842
2025-07-22 09:14:59 | INFO     |   学习率调度器: f1_based
2025-07-22 09:14:59 | INFO     | ------------------------------------------------------------
2025-07-22 09:14:59 | INFO     | Epoch  44 | Train: Loss=0.0358, Acc=0.9762 | Val: Loss=0.1781, Acc=0.9540, F1=0.9545 | LR=0.000013 
2025-07-22 09:15:31 | INFO     | Epoch 45:
2025-07-22 09:15:31 | INFO     |   训练指标:
2025-07-22 09:15:31 | INFO     |     损失(ce): 0.036770
2025-07-22 09:15:31 | INFO     |     准确率: 0.975976
2025-07-22 09:15:31 | INFO     |     学习率: 0.00001250
2025-07-22 09:15:31 | INFO     |   验证指标(标准CE):
2025-07-22 09:15:31 | INFO     |     损失: 0.177957
2025-07-22 09:15:31 | INFO     |     准确率: 0.952953
2025-07-22 09:15:31 | INFO     |     F1(macro): 0.955357
2025-07-22 09:15:31 | INFO     |     F1(weighted): 0.953486
2025-07-22 09:15:31 | INFO     |     精确率: 0.961188
2025-07-22 09:15:31 | INFO     |     召回率: 0.955868
2025-07-22 09:15:31 | INFO     |   学习率调度器: f1_based
2025-07-22 09:15:31 | INFO     | ------------------------------------------------------------
2025-07-22 09:15:31 | INFO     | Epoch  45 | Train: Loss=0.0368, Acc=0.9760 | Val: Loss=0.1780, Acc=0.9530, F1=0.9535 | LR=0.000013 
2025-07-22 09:16:03 | INFO     | Epoch 46:
2025-07-22 09:16:03 | INFO     |   训练指标:
2025-07-22 09:16:03 | INFO     |     损失(ce): 0.035085
2025-07-22 09:16:03 | INFO     |     准确率: 0.975726
2025-07-22 09:16:03 | INFO     |     学习率: 0.00001250
2025-07-22 09:16:03 | INFO     |   验证指标(标准CE):
2025-07-22 09:16:03 | INFO     |     损失: 0.194029
2025-07-22 09:16:03 | INFO     |     准确率: 0.951952
2025-07-22 09:16:03 | INFO     |     F1(macro): 0.954121
2025-07-22 09:16:03 | INFO     |     F1(weighted): 0.952206
2025-07-22 09:16:03 | INFO     |     精确率: 0.961358
2025-07-22 09:16:03 | INFO     |     召回率: 0.955097
2025-07-22 09:16:03 | INFO     |   学习率调度器: f1_based
2025-07-22 09:16:03 | INFO     | ------------------------------------------------------------
2025-07-22 09:16:03 | INFO     | Epoch  46 | Train: Loss=0.0351, Acc=0.9757 | Val: Loss=0.1940, Acc=0.9520, F1=0.9522 | LR=0.000013 
2025-07-22 09:16:35 | INFO     | Epoch 47:
2025-07-22 09:16:35 | INFO     |   训练指标:
2025-07-22 09:16:35 | INFO     |     损失(ce): 0.037757
2025-07-22 09:16:35 | INFO     |     准确率: 0.975976
2025-07-22 09:16:35 | INFO     |     学习率: 0.00001250
2025-07-22 09:16:35 | INFO     |   验证指标(标准CE):
2025-07-22 09:16:35 | INFO     |     损失: 0.177306
2025-07-22 09:16:35 | INFO     |     准确率: 0.954955
2025-07-22 09:16:35 | INFO     |     F1(macro): 0.956920
2025-07-22 09:16:35 | INFO     |     F1(weighted): 0.955426
2025-07-22 09:16:35 | INFO     |     精确率: 0.957532
2025-07-22 09:16:35 | INFO     |     召回率: 0.956546
2025-07-22 09:16:35 | INFO     |   学习率调度器: f1_based
2025-07-22 09:16:35 | INFO     | ------------------------------------------------------------
2025-07-22 09:16:35 | INFO     | Epoch  47 | Train: Loss=0.0378, Acc=0.9760 | Val: Loss=0.1773, Acc=0.9550, F1=0.9554 | LR=0.000013 
2025-07-22 09:17:08 | INFO     | Epoch 48:
2025-07-22 09:17:08 | INFO     |   训练指标:
2025-07-22 09:17:08 | INFO     |     损失(ce): 0.034563
2025-07-22 09:17:08 | INFO     |     准确率: 0.976226
2025-07-22 09:17:08 | INFO     |     学习率: 0.00001250
2025-07-22 09:17:08 | INFO     |   验证指标(标准CE):
2025-07-22 09:17:08 | INFO     |     损失: 0.174574
2025-07-22 09:17:08 | INFO     |     准确率: 0.953954
2025-07-22 09:17:08 | INFO     |     F1(macro): 0.956258
2025-07-22 09:17:08 | INFO     |     F1(weighted): 0.954422
2025-07-22 09:17:08 | INFO     |     精确率: 0.963057
2025-07-22 09:17:08 | INFO     |     召回率: 0.956925
2025-07-22 09:17:08 | INFO     |   学习率调度器: f1_based
2025-07-22 09:17:08 | INFO     | ------------------------------------------------------------
2025-07-22 09:17:08 | INFO     | 🎯 学习率调整事件:
2025-07-22 09:17:08 | INFO     |   调度器类型: f1_based
2025-07-22 09:17:08 | INFO     |   学习率变化: 0.00001250 → 0.00000625
2025-07-22 09:17:08 | INFO     |   触发条件: F1分数 = 0.954422
2025-07-22 09:17:08 | INFO     |   变化幅度: -50.00%
2025-07-22 09:17:08 | INFO     | ------------------------------------------------------------
2025-07-22 09:17:08 | INFO     | Epoch  48 | Train: Loss=0.0346, Acc=0.9762 | Val: Loss=0.1746, Acc=0.9540, F1=0.9544 | LR=0.000006 
2025-07-22 09:17:40 | INFO     | Epoch 49:
2025-07-22 09:17:40 | INFO     |   训练指标:
2025-07-22 09:17:40 | INFO     |     损失(ce): 0.034877
2025-07-22 09:17:40 | INFO     |     准确率: 0.975726
2025-07-22 09:17:40 | INFO     |     学习率: 0.00000625
2025-07-22 09:17:40 | INFO     |   验证指标(标准CE):
2025-07-22 09:17:40 | INFO     |     损失: 0.198771
2025-07-22 09:17:40 | INFO     |     准确率: 0.953954
2025-07-22 09:17:40 | INFO     |     F1(macro): 0.956326
2025-07-22 09:17:40 | INFO     |     F1(weighted): 0.954395
2025-07-22 09:17:40 | INFO     |     精确率: 0.963742
2025-07-22 09:17:40 | INFO     |     召回率: 0.957008
2025-07-22 09:17:40 | INFO     |   学习率调度器: f1_based
2025-07-22 09:17:40 | INFO     | ------------------------------------------------------------
2025-07-22 09:17:40 | INFO     | Epoch  49 | Train: Loss=0.0349, Acc=0.9757 | Val: Loss=0.1988, Acc=0.9540, F1=0.9544 | LR=0.000006 
2025-07-22 09:17:40 | INFO     | ⏹️ 早停触发，在第 49 轮停止训练
2025-07-22 09:17:43 | INFO     | 训练历史已保存到: ./result/0722_0851_DualGAF_DualGAFNet_dilated_enhanced_sl96_step96_fd128_extractor-dilated_gaf-adaptive_attention-channel_classifier-mlp_stat-basic_fusion-concat_ablation-no_diff/training_history.csv
2025-07-22 09:17:43 | INFO     | 
====================================================================================================
2025-07-22 09:17:43 | INFO     | 🎉 训练完成总结:
2025-07-22 09:17:43 | INFO     |   训练损失函数: ce
2025-07-22 09:17:43 | INFO     |   验证损失函数: 标准交叉熵（遵循主流ML规范）
2025-07-22 09:17:43 | INFO     |   训练过程最佳验证准确率: 0.9630
2025-07-22 09:17:43 | INFO     |   训练过程最佳验证F1(macro): 0.9641
2025-07-22 09:17:43 | INFO     |   训练过程最佳验证F1(weighted): 0.9630
2025-07-22 09:17:43 | INFO     |   训练轮数: 49
2025-07-22 09:17:43 | INFO     | --------------------------------------------------
2025-07-22 09:17:43 | INFO     | 📊 最佳模型真实性能指标（基于标准交叉熵损失）:
2025-07-22 09:17:43 | INFO     |   验证损失(标准CE): 0.1598
2025-07-22 09:17:43 | INFO     |   验证准确率: 0.9630
2025-07-22 09:17:43 | INFO     |   验证F1(macro): 0.9641
2025-07-22 09:17:43 | INFO     |   验证F1(weighted): 0.9630
2025-07-22 09:17:43 | INFO     |   验证精确率: 0.9665
2025-07-22 09:17:43 | INFO     |   验证召回率: 0.9635
2025-07-22 09:17:43 | INFO     | ====================================================================================================
2025-07-22 09:17:45 | INFO     | ================================================================================
2025-07-22 09:17:45 | INFO     | 实验日志结束: DualGAF_DualGAFNet_dilated_enhanced_sl96_step96_fd128_extractor-dilated_gaf-adaptive_attention-channel_classifier-mlp_stat-basic_fusion-concat_ablation-no_diff
2025-07-22 09:17:45 | INFO     | 结束时间: 2025-07-22 09:17:45
2025-07-22 09:17:45 | INFO     | ================================================================================
