2025-07-22 10:27:18 | INFO     | ================================================================================
2025-07-22 10:27:18 | INFO     | 实验日志开始: DualGAF_DualGAFNet_dilated_enhanced_sl96_step96_fd128_extractor-dilated_gaf-adaptive_attention-channel_classifier-mlp_stat-basic_fusion-concat
2025-07-22 10:27:18 | INFO     | 日志文件: ./result/0722_1027_DualGAF_DualGAFNet_dilated_enhanced_sl96_step96_fd128_extractor-dilated_gaf-adaptive_attention-channel_classifier-mlp_stat-basic_fusion-concat/training.log
2025-07-22 10:27:18 | INFO     | 开始时间: 2025-07-22 10:27:18
2025-07-22 10:27:18 | INFO     | ================================================================================
2025-07-22 10:27:18 | INFO     | ⚙️ 实验配置:
2025-07-22 10:27:18 | INFO     |    task_name: classification
2025-07-22 10:27:18 | INFO     |    is_training: 1
2025-07-22 10:27:18 | INFO     |    model_id: test
2025-07-22 10:27:18 | INFO     |    model: DualGAFNet
2025-07-22 10:27:18 | INFO     |    data: DualGAF
2025-07-22 10:27:18 | INFO     |    root_path: ./dataset/SAHU/direct_5_working
2025-07-22 10:27:18 | INFO     |    step: 96
2025-07-22 10:27:18 | INFO     |    checkpoints: ./checkpoints/
2025-07-22 10:27:18 | INFO     |    num_class: 9
2025-07-22 10:27:18 | INFO     |    result_path: ./result/
2025-07-22 10:27:18 | INFO     |    test_size: 0.2
2025-07-22 10:27:18 | INFO     |    seq_len: 96
2025-07-22 10:27:18 | INFO     |    enc_in: 26
2025-07-22 10:27:18 | INFO     |    d_model: 512
2025-07-22 10:27:18 | INFO     |    n_heads: 8
2025-07-22 10:27:18 | INFO     |    e_layers: 2
2025-07-22 10:27:18 | INFO     |    d_layers: 1
2025-07-22 10:27:18 | INFO     |    d_ff: 2048
2025-07-22 10:27:18 | INFO     |    moving_avg: 25
2025-07-22 10:27:18 | INFO     |    factor: 1
2025-07-22 10:27:18 | INFO     |    distil: True
2025-07-22 10:27:18 | INFO     |    dropout: 0.1
2025-07-22 10:27:18 | INFO     |    embed: timeF
2025-07-22 10:27:18 | INFO     |    activation: gelu
2025-07-22 10:27:18 | INFO     |    use_norm: 1
2025-07-22 10:27:18 | INFO     |    gaf_method: summation
2025-07-22 10:27:18 | INFO     |    feature_dim: 128
2025-07-22 10:27:18 | INFO     |    data_type_method: uint8
2025-07-22 10:27:18 | INFO     |    use_attention: True
2025-07-22 10:27:18 | INFO     |    hidden_dim: 64
2025-07-22 10:27:18 | INFO     |    sample_size: 1000
2025-07-22 10:27:18 | INFO     |    channel_groups: None
2025-07-22 10:27:18 | INFO     |    hvac_groups: None
2025-07-22 10:27:18 | INFO     |    extractor_type: dilated
2025-07-22 10:27:18 | INFO     |    fusion_type: adaptive
2025-07-22 10:27:18 | INFO     |    attention_type: channel
2025-07-22 10:27:18 | INFO     |    classifier_type: mlp
2025-07-22 10:27:18 | INFO     |    use_statistical_features: True
2025-07-22 10:27:18 | INFO     |    stat_type: basic
2025-07-22 10:27:18 | INFO     |    multimodal_fusion_strategy: concat
2025-07-22 10:27:18 | INFO     |    use_signal_level_stats: False
2025-07-22 10:27:18 | INFO     |    signal_stat_type: comprehensive
2025-07-22 10:27:18 | INFO     |    signal_stat_fusion_strategy: concat_project
2025-07-22 10:27:18 | INFO     |    signal_stat_feature_dim: 32
2025-07-22 10:27:18 | INFO     |    use_diff_branch: True
2025-07-22 10:27:18 | INFO     |    ablation_mode: none
2025-07-22 10:27:18 | INFO     |    backbone_type: resnet18
2025-07-22 10:27:18 | INFO     |    use_sum_branch: True
2025-07-22 10:27:18 | INFO     |    num_workers: 0
2025-07-22 10:27:18 | INFO     |    cuda_debug: False
2025-07-22 10:27:18 | INFO     |    gpu_memory_fraction: 0.9
2025-07-22 10:27:18 | INFO     |    safe_mode: True
2025-07-22 10:27:18 | INFO     |    drop_last_batch: True
2025-07-22 10:27:18 | INFO     |    itr: 1
2025-07-22 10:27:18 | INFO     |    train_epochs: 300
2025-07-22 10:27:18 | INFO     |    batch_size: 4
2025-07-22 10:27:18 | INFO     |    patience: 15
2025-07-22 10:27:18 | INFO     |    learning_rate: 0.0001
2025-07-22 10:27:18 | INFO     |    des: dilated_enhanced
2025-07-22 10:27:18 | INFO     |    loss: MSE
2025-07-22 10:27:18 | INFO     |    lradj: type1
2025-07-22 10:27:18 | INFO     |    lr_scheduler_type: f1_based
2025-07-22 10:27:18 | INFO     |    lr_loss_weight: 0.3
2025-07-22 10:27:18 | INFO     |    lr_f1_weight: 0.7
2025-07-22 10:27:18 | INFO     |    use_amp: False
2025-07-22 10:27:18 | INFO     |    gradient_accumulation_steps: 2
2025-07-22 10:27:18 | INFO     |    enable_auto_gradient_accumulation: True
2025-07-22 10:27:18 | INFO     |    loss_type: ce
2025-07-22 10:27:18 | INFO     |    label_smoothing: 0.1
2025-07-22 10:27:18 | INFO     |    focal_alpha: 1.0
2025-07-22 10:27:18 | INFO     |    focal_gamma: 2.0
2025-07-22 10:27:18 | INFO     |    confidence_penalty_beta: 0.1
2025-07-22 10:27:18 | INFO     |    use_timm_loss: True
2025-07-22 10:27:18 | INFO     |    adaptive_initial_smoothing: 0.2
2025-07-22 10:27:18 | INFO     |    adaptive_final_smoothing: 0.05
2025-07-22 10:27:18 | INFO     |    adaptive_decay_epochs: 30
2025-07-22 10:27:18 | INFO     |    enable_class_weights: False
2025-07-22 10:27:18 | INFO     |    class_weights: None
2025-07-22 10:27:18 | INFO     |    loss_preset: None
2025-07-22 10:27:18 | INFO     |    n_jobs: 8
2025-07-22 10:27:18 | INFO     |    use_multiprocessing: True
2025-07-22 10:27:18 | INFO     |    chunk_size: 800
2025-07-22 10:27:18 | INFO     |    disable_parallel: False
2025-07-22 10:27:18 | INFO     |    use_shared_memory: True
2025-07-22 10:27:18 | INFO     |    disable_shared_memory: False
2025-07-22 10:27:18 | INFO     |    use_gpu: True
2025-07-22 10:27:18 | INFO     |    gpu: 0
2025-07-22 10:27:18 | INFO     |    gpu_type: cuda
2025-07-22 10:27:18 | INFO     |    use_multi_gpu: False
2025-07-22 10:27:18 | INFO     |    devices: 0,1,2,3
2025-07-22 10:27:18 | INFO     |    device: cuda:0
2025-07-22 10:27:18 | INFO     |    feature_columns: ['CHWC_VLV', 'CHWC_VLV_DM', 'MA_TEMP', 'OA_CFM', 'OA_DMPR', 'OA_DMPR_DM', 'OA_TEMP', 'RA_CFM', 'RA_DMPR', 'RA_DMPR_DM', 'RA_TEMP', 'RF_CS', 'RF_SPD', 'RF_WAT', 'SA_CFM', 'SA_SP', 'SA_SPSPT', 'SA_TEMP', 'SF_CS', 'SF_SPD', 'SF_WAT', 'ZONE_TEMP_1', 'ZONE_TEMP_2', 'ZONE_TEMP_3', 'ZONE_TEMP_4', 'ZONE_TEMP_5']
2025-07-22 10:27:18 | INFO     | 🏗️ 模型信息:
2025-07-22 10:27:18 | INFO     |    模型类型: Model
2025-07-22 10:27:18 | INFO     |    总参数数量: 8,288,194
2025-07-22 10:27:18 | INFO     |    可训练参数: 8,288,194
2025-07-22 10:27:18 | INFO     |    模型大小估计: 31.62 MB
2025-07-22 10:27:18 | INFO     | 📊 数据集信息:
2025-07-22 10:27:18 | INFO     |    训练集大小: 3996
2025-07-22 10:27:18 | INFO     |    验证集大小: 999
2025-07-22 10:27:18 | INFO     | 
================================================================================
2025-07-22 10:27:18 | INFO     | 📋 损失函数使用策略（遵循主流机器学习规范）:
2025-07-22 10:27:18 | INFO     |    🎯 训练阶段: 使用 ce 损失函数
2025-07-22 10:27:18 | INFO     |       → 目的：优化模型参数，解决特定问题（类别不平衡、相似性等）
2025-07-22 10:27:18 | INFO     |    📊 验证阶段: 使用标准交叉熵损失函数
2025-07-22 10:27:18 | INFO     |       → 目的：客观评估模型性能，便于不同方法比较
2025-07-22 10:27:18 | INFO     |    📈 最终报告: 基于标准交叉熵损失的指标
2025-07-22 10:27:18 | INFO     |       → 目的：提供可信、可比较的性能指标
2025-07-22 10:27:18 | INFO     | ================================================================================

2025-07-22 10:27:18 | INFO     | 🔄 梯度累积配置: 每2轮累积一次梯度
2025-07-22 10:27:18 | INFO     |    实际batch_size: 4
2025-07-22 10:27:18 | INFO     |    有效batch_size: 8
2025-07-22 10:28:12 | INFO     | Epoch 1:
2025-07-22 10:28:12 | INFO     |   训练指标:
2025-07-22 10:28:12 | INFO     |     损失(ce): 1.345064
2025-07-22 10:28:12 | INFO     |     准确率: 0.525776
2025-07-22 10:28:12 | INFO     |     学习率: 0.00010000
2025-07-22 10:28:12 | INFO     |   验证指标(标准CE):
2025-07-22 10:28:12 | INFO     |     损失: 0.394228
2025-07-22 10:28:12 | INFO     |     准确率: 0.823824
2025-07-22 10:28:12 | INFO     |     F1(macro): 0.830683
2025-07-22 10:28:12 | INFO     |     F1(weighted): 0.824836
2025-07-22 10:28:12 | INFO     |     精确率: 0.837558
2025-07-22 10:28:12 | INFO     |     召回率: 0.828989
2025-07-22 10:28:12 | INFO     |   学习率调度器: f1_based
2025-07-22 10:28:12 | INFO     | ------------------------------------------------------------
2025-07-22 10:28:12 | INFO     | Epoch   1 | Train: Loss=1.3451, Acc=0.5258 | Val: Loss=0.3942, Acc=0.8238, F1=0.8248 | LR=0.000100 🏆 [最佳模型]
2025-07-22 10:29:06 | INFO     | Epoch 2:
2025-07-22 10:29:06 | INFO     |   训练指标:
2025-07-22 10:29:06 | INFO     |     损失(ce): 0.356867
2025-07-22 10:29:06 | INFO     |     准确率: 0.850100
2025-07-22 10:29:06 | INFO     |     学习率: 0.00010000
2025-07-22 10:29:06 | INFO     |   验证指标(标准CE):
2025-07-22 10:29:06 | INFO     |     损失: 0.257926
2025-07-22 10:29:06 | INFO     |     准确率: 0.868869
2025-07-22 10:29:06 | INFO     |     F1(macro): 0.844799
2025-07-22 10:29:06 | INFO     |     F1(weighted): 0.843302
2025-07-22 10:29:06 | INFO     |     精确率: 0.891973
2025-07-22 10:29:06 | INFO     |     召回率: 0.869248
2025-07-22 10:29:06 | INFO     |   学习率调度器: f1_based
2025-07-22 10:29:06 | INFO     | ------------------------------------------------------------
2025-07-22 10:29:06 | INFO     | Epoch   2 | Train: Loss=0.3569, Acc=0.8501 | Val: Loss=0.2579, Acc=0.8689, F1=0.8433 | LR=0.000100 🏆 [最佳模型]
2025-07-22 10:30:00 | INFO     | Epoch 3:
2025-07-22 10:30:00 | INFO     |   训练指标:
2025-07-22 10:30:00 | INFO     |     损失(ce): 0.237446
2025-07-22 10:30:00 | INFO     |     准确率: 0.894394
2025-07-22 10:30:00 | INFO     |     学习率: 0.00010000
2025-07-22 10:30:00 | INFO     |   验证指标(标准CE):
2025-07-22 10:30:00 | INFO     |     损失: 0.133925
2025-07-22 10:30:00 | INFO     |     准确率: 0.922923
2025-07-22 10:30:00 | INFO     |     F1(macro): 0.921286
2025-07-22 10:30:00 | INFO     |     F1(weighted): 0.917230
2025-07-22 10:30:00 | INFO     |     精确率: 0.951728
2025-07-22 10:30:00 | INFO     |     召回率: 0.928599
2025-07-22 10:30:00 | INFO     |   学习率调度器: f1_based
2025-07-22 10:30:00 | INFO     | ------------------------------------------------------------
2025-07-22 10:30:00 | INFO     | Epoch   3 | Train: Loss=0.2374, Acc=0.8944 | Val: Loss=0.1339, Acc=0.9229, F1=0.9172 | LR=0.000100 🏆 [最佳模型]
2025-07-22 10:30:55 | INFO     | Epoch 4:
2025-07-22 10:30:55 | INFO     |   训练指标:
2025-07-22 10:30:55 | INFO     |     损失(ce): 0.169664
2025-07-22 10:30:55 | INFO     |     准确率: 0.918669
2025-07-22 10:30:55 | INFO     |     学习率: 0.00010000
2025-07-22 10:30:55 | INFO     |   验证指标(标准CE):
2025-07-22 10:30:55 | INFO     |     损失: 0.141069
2025-07-22 10:30:55 | INFO     |     准确率: 0.909910
2025-07-22 10:30:55 | INFO     |     F1(macro): 0.910348
2025-07-22 10:30:55 | INFO     |     F1(weighted): 0.907283
2025-07-22 10:30:55 | INFO     |     精确率: 0.914425
2025-07-22 10:30:55 | INFO     |     召回率: 0.912082
2025-07-22 10:30:55 | INFO     |   学习率调度器: f1_based
2025-07-22 10:30:55 | INFO     | ------------------------------------------------------------
2025-07-22 10:30:55 | INFO     | Epoch   4 | Train: Loss=0.1697, Acc=0.9187 | Val: Loss=0.1411, Acc=0.9099, F1=0.9073 | LR=0.000100 
2025-07-22 10:31:49 | INFO     | Epoch 5:
2025-07-22 10:31:49 | INFO     |   训练指标:
2025-07-22 10:31:49 | INFO     |     损失(ce): 0.136848
2025-07-22 10:31:49 | INFO     |     准确率: 0.936687
2025-07-22 10:31:49 | INFO     |     学习率: 0.00010000
2025-07-22 10:31:49 | INFO     |   验证指标(标准CE):
2025-07-22 10:31:49 | INFO     |     损失: 0.068660
2025-07-22 10:31:49 | INFO     |     准确率: 0.962963
2025-07-22 10:31:49 | INFO     |     F1(macro): 0.964386
2025-07-22 10:31:49 | INFO     |     F1(weighted): 0.962984
2025-07-22 10:31:49 | INFO     |     精确率: 0.964782
2025-07-22 10:31:49 | INFO     |     召回率: 0.964144
2025-07-22 10:31:49 | INFO     |   学习率调度器: f1_based
2025-07-22 10:31:49 | INFO     | ------------------------------------------------------------
2025-07-22 10:31:49 | INFO     | Epoch   5 | Train: Loss=0.1368, Acc=0.9367 | Val: Loss=0.0687, Acc=0.9630, F1=0.9630 | LR=0.000100 🏆 [最佳模型]
2025-07-22 10:32:43 | INFO     | Epoch 6:
2025-07-22 10:32:43 | INFO     |   训练指标:
2025-07-22 10:32:43 | INFO     |     损失(ce): 0.139393
2025-07-22 10:32:43 | INFO     |     准确率: 0.942943
2025-07-22 10:32:43 | INFO     |     学习率: 0.00010000
2025-07-22 10:32:43 | INFO     |   验证指标(标准CE):
2025-07-22 10:32:43 | INFO     |     损失: 0.092440
2025-07-22 10:32:43 | INFO     |     准确率: 0.949950
2025-07-22 10:32:43 | INFO     |     F1(macro): 0.951172
2025-07-22 10:32:43 | INFO     |     F1(weighted): 0.948770
2025-07-22 10:32:43 | INFO     |     精确率: 0.960263
2025-07-22 10:32:43 | INFO     |     召回率: 0.953673
2025-07-22 10:32:43 | INFO     |   学习率调度器: f1_based
2025-07-22 10:32:43 | INFO     | ------------------------------------------------------------
2025-07-22 10:32:43 | INFO     | Epoch   6 | Train: Loss=0.1394, Acc=0.9429 | Val: Loss=0.0924, Acc=0.9499, F1=0.9488 | LR=0.000100 
2025-07-22 10:33:37 | INFO     | Epoch 7:
2025-07-22 10:33:37 | INFO     |   训练指标:
2025-07-22 10:33:37 | INFO     |     损失(ce): 0.097391
2025-07-22 10:33:37 | INFO     |     准确率: 0.950701
2025-07-22 10:33:37 | INFO     |     学习率: 0.00010000
2025-07-22 10:33:37 | INFO     |   验证指标(标准CE):
2025-07-22 10:33:37 | INFO     |     损失: 0.073907
2025-07-22 10:33:37 | INFO     |     准确率: 0.964965
2025-07-22 10:33:37 | INFO     |     F1(macro): 0.965924
2025-07-22 10:33:37 | INFO     |     F1(weighted): 0.964757
2025-07-22 10:33:37 | INFO     |     精确率: 0.966637
2025-07-22 10:33:37 | INFO     |     召回率: 0.965880
2025-07-22 10:33:37 | INFO     |   学习率调度器: f1_based
2025-07-22 10:33:37 | INFO     | ------------------------------------------------------------
2025-07-22 10:33:37 | INFO     | Epoch   7 | Train: Loss=0.0974, Acc=0.9507 | Val: Loss=0.0739, Acc=0.9650, F1=0.9648 | LR=0.000100 🏆 [最佳模型]
2025-07-22 10:34:31 | INFO     | Epoch 8:
2025-07-22 10:34:31 | INFO     |   训练指标:
2025-07-22 10:34:31 | INFO     |     损失(ce): 0.107859
2025-07-22 10:34:31 | INFO     |     准确率: 0.956206
2025-07-22 10:34:31 | INFO     |     学习率: 0.00010000
2025-07-22 10:34:31 | INFO     |   验证指标(标准CE):
2025-07-22 10:34:31 | INFO     |     损失: 0.058265
2025-07-22 10:34:31 | INFO     |     准确率: 0.966967
2025-07-22 10:34:31 | INFO     |     F1(macro): 0.968130
2025-07-22 10:34:31 | INFO     |     F1(weighted): 0.966564
2025-07-22 10:34:31 | INFO     |     精确率: 0.973726
2025-07-22 10:34:31 | INFO     |     召回率: 0.969614
2025-07-22 10:34:31 | INFO     |   学习率调度器: f1_based
2025-07-22 10:34:31 | INFO     | ------------------------------------------------------------
2025-07-22 10:34:31 | INFO     | Epoch   8 | Train: Loss=0.1079, Acc=0.9562 | Val: Loss=0.0583, Acc=0.9670, F1=0.9666 | LR=0.000100 🏆 [最佳模型]
2025-07-22 10:35:25 | INFO     | Epoch 9:
2025-07-22 10:35:25 | INFO     |   训练指标:
2025-07-22 10:35:25 | INFO     |     损失(ce): 0.103270
2025-07-22 10:35:25 | INFO     |     准确率: 0.958959
2025-07-22 10:35:25 | INFO     |     学习率: 0.00010000
2025-07-22 10:35:25 | INFO     |   验证指标(标准CE):
2025-07-22 10:35:25 | INFO     |     损失: 0.101281
2025-07-22 10:35:25 | INFO     |     准确率: 0.947948
2025-07-22 10:35:25 | INFO     |     F1(macro): 0.948672
2025-07-22 10:35:25 | INFO     |     F1(weighted): 0.946615
2025-07-22 10:35:25 | INFO     |     精确率: 0.959466
2025-07-22 10:35:25 | INFO     |     召回率: 0.951797
2025-07-22 10:35:25 | INFO     |   学习率调度器: f1_based
2025-07-22 10:35:25 | INFO     | ------------------------------------------------------------
2025-07-22 10:35:25 | INFO     | Epoch   9 | Train: Loss=0.1033, Acc=0.9590 | Val: Loss=0.1013, Acc=0.9479, F1=0.9466 | LR=0.000100 
2025-07-22 10:36:19 | INFO     | Epoch 10:
2025-07-22 10:36:19 | INFO     |   训练指标:
2025-07-22 10:36:19 | INFO     |     损失(ce): 0.078979
2025-07-22 10:36:19 | INFO     |     准确率: 0.964715
2025-07-22 10:36:19 | INFO     |     学习率: 0.00010000
2025-07-22 10:36:19 | INFO     |   验证指标(标准CE):
2025-07-22 10:36:19 | INFO     |     损失: 0.075736
2025-07-22 10:36:19 | INFO     |     准确率: 0.954955
2025-07-22 10:36:19 | INFO     |     F1(macro): 0.956951
2025-07-22 10:36:19 | INFO     |     F1(weighted): 0.954945
2025-07-22 10:36:19 | INFO     |     精确率: 0.958030
2025-07-22 10:36:19 | INFO     |     召回率: 0.957480
2025-07-22 10:36:19 | INFO     |   学习率调度器: f1_based
2025-07-22 10:36:19 | INFO     | ------------------------------------------------------------
2025-07-22 10:36:19 | INFO     | Epoch  10 | Train: Loss=0.0790, Acc=0.9647 | Val: Loss=0.0757, Acc=0.9550, F1=0.9549 | LR=0.000100 
2025-07-22 10:37:13 | INFO     | Epoch 11:
2025-07-22 10:37:13 | INFO     |   训练指标:
2025-07-22 10:37:13 | INFO     |     损失(ce): 0.071824
2025-07-22 10:37:13 | INFO     |     准确率: 0.965465
2025-07-22 10:37:13 | INFO     |     学习率: 0.00010000
2025-07-22 10:37:13 | INFO     |   验证指标(标准CE):
2025-07-22 10:37:13 | INFO     |     损失: 0.105286
2025-07-22 10:37:13 | INFO     |     准确率: 0.958959
2025-07-22 10:37:13 | INFO     |     F1(macro): 0.960014
2025-07-22 10:37:13 | INFO     |     F1(weighted): 0.957972
2025-07-22 10:37:13 | INFO     |     精确率: 0.970029
2025-07-22 10:37:13 | INFO     |     召回率: 0.962351
2025-07-22 10:37:13 | INFO     |   学习率调度器: f1_based
2025-07-22 10:37:13 | INFO     | ------------------------------------------------------------
2025-07-22 10:37:13 | INFO     | Epoch  11 | Train: Loss=0.0718, Acc=0.9655 | Val: Loss=0.1053, Acc=0.9590, F1=0.9580 | LR=0.000100 
2025-07-22 10:38:07 | INFO     | Epoch 12:
2025-07-22 10:38:07 | INFO     |   训练指标:
2025-07-22 10:38:07 | INFO     |     损失(ce): 0.086724
2025-07-22 10:38:07 | INFO     |     准确率: 0.959710
2025-07-22 10:38:07 | INFO     |     学习率: 0.00010000
2025-07-22 10:38:07 | INFO     |   验证指标(标准CE):
2025-07-22 10:38:07 | INFO     |     损失: 0.066125
2025-07-22 10:38:07 | INFO     |     准确率: 0.972973
2025-07-22 10:38:07 | INFO     |     F1(macro): 0.973834
2025-07-22 10:38:07 | INFO     |     F1(weighted): 0.972782
2025-07-22 10:38:07 | INFO     |     精确率: 0.975899
2025-07-22 10:38:07 | INFO     |     召回率: 0.973469
2025-07-22 10:38:07 | INFO     |   学习率调度器: f1_based
2025-07-22 10:38:07 | INFO     | ------------------------------------------------------------
2025-07-22 10:38:07 | INFO     | Epoch  12 | Train: Loss=0.0867, Acc=0.9597 | Val: Loss=0.0661, Acc=0.9730, F1=0.9728 | LR=0.000100 🏆 [最佳模型]
2025-07-22 10:39:02 | INFO     | Epoch 13:
2025-07-22 10:39:02 | INFO     |   训练指标:
2025-07-22 10:39:02 | INFO     |     损失(ce): 0.065566
2025-07-22 10:39:02 | INFO     |     准确率: 0.966967
2025-07-22 10:39:02 | INFO     |     学习率: 0.00010000
2025-07-22 10:39:02 | INFO     |   验证指标(标准CE):
2025-07-22 10:39:02 | INFO     |     损失: 0.063237
2025-07-22 10:39:02 | INFO     |     准确率: 0.965966
2025-07-22 10:39:02 | INFO     |     F1(macro): 0.967277
2025-07-22 10:39:02 | INFO     |     F1(weighted): 0.965702
2025-07-22 10:39:02 | INFO     |     精确率: 0.970991
2025-07-22 10:39:02 | INFO     |     召回率: 0.968448
2025-07-22 10:39:02 | INFO     |   学习率调度器: f1_based
2025-07-22 10:39:02 | INFO     | ------------------------------------------------------------
2025-07-22 10:39:02 | INFO     | Epoch  13 | Train: Loss=0.0656, Acc=0.9670 | Val: Loss=0.0632, Acc=0.9660, F1=0.9657 | LR=0.000100 
2025-07-22 10:39:56 | INFO     | Epoch 14:
2025-07-22 10:39:56 | INFO     |   训练指标:
2025-07-22 10:39:56 | INFO     |     损失(ce): 0.068032
2025-07-22 10:39:56 | INFO     |     准确率: 0.968468
2025-07-22 10:39:56 | INFO     |     学习率: 0.00010000
2025-07-22 10:39:56 | INFO     |   验证指标(标准CE):
2025-07-22 10:39:56 | INFO     |     损失: 0.058203
2025-07-22 10:39:56 | INFO     |     准确率: 0.966967
2025-07-22 10:39:56 | INFO     |     F1(macro): 0.968077
2025-07-22 10:39:56 | INFO     |     F1(weighted): 0.966497
2025-07-22 10:39:56 | INFO     |     精确率: 0.974537
2025-07-22 10:39:56 | INFO     |     召回率: 0.969697
2025-07-22 10:39:56 | INFO     |   学习率调度器: f1_based
2025-07-22 10:39:56 | INFO     | ------------------------------------------------------------
2025-07-22 10:39:56 | INFO     | Epoch  14 | Train: Loss=0.0680, Acc=0.9685 | Val: Loss=0.0582, Acc=0.9670, F1=0.9665 | LR=0.000100 
2025-07-22 10:40:49 | INFO     | Epoch 15:
2025-07-22 10:40:49 | INFO     |   训练指标:
2025-07-22 10:40:49 | INFO     |     损失(ce): 0.084268
2025-07-22 10:40:49 | INFO     |     准确率: 0.964965
2025-07-22 10:40:49 | INFO     |     学习率: 0.00010000
2025-07-22 10:40:49 | INFO     |   验证指标(标准CE):
2025-07-22 10:40:49 | INFO     |     损失: 0.047364
2025-07-22 10:40:49 | INFO     |     准确率: 0.967968
2025-07-22 10:40:49 | INFO     |     F1(macro): 0.969030
2025-07-22 10:40:49 | INFO     |     F1(weighted): 0.967598
2025-07-22 10:40:49 | INFO     |     精确率: 0.974503
2025-07-22 10:40:49 | INFO     |     召回率: 0.970533
2025-07-22 10:40:49 | INFO     |   学习率调度器: f1_based
2025-07-22 10:40:49 | INFO     | ------------------------------------------------------------
2025-07-22 10:40:49 | INFO     | Epoch  15 | Train: Loss=0.0843, Acc=0.9650 | Val: Loss=0.0474, Acc=0.9680, F1=0.9676 | LR=0.000100 
2025-07-22 10:41:43 | INFO     | Epoch 16:
2025-07-22 10:41:43 | INFO     |   训练指标:
2025-07-22 10:41:43 | INFO     |     损失(ce): 0.079548
2025-07-22 10:41:43 | INFO     |     准确率: 0.965215
2025-07-22 10:41:43 | INFO     |     学习率: 0.00010000
2025-07-22 10:41:43 | INFO     |   验证指标(标准CE):
2025-07-22 10:41:43 | INFO     |     损失: 0.041720
2025-07-22 10:41:43 | INFO     |     准确率: 0.976977
2025-07-22 10:41:43 | INFO     |     F1(macro): 0.977620
2025-07-22 10:41:43 | INFO     |     F1(weighted): 0.976738
2025-07-22 10:41:43 | INFO     |     精确率: 0.980918
2025-07-22 10:41:43 | INFO     |     召回率: 0.977142
2025-07-22 10:41:43 | INFO     |   学习率调度器: f1_based
2025-07-22 10:41:43 | INFO     | ------------------------------------------------------------
2025-07-22 10:41:43 | INFO     | Epoch  16 | Train: Loss=0.0795, Acc=0.9652 | Val: Loss=0.0417, Acc=0.9770, F1=0.9767 | LR=0.000100 🏆 [最佳模型]
2025-07-22 10:42:37 | INFO     | Epoch 17:
2025-07-22 10:42:37 | INFO     |   训练指标:
2025-07-22 10:42:37 | INFO     |     损失(ce): 0.065616
2025-07-22 10:42:37 | INFO     |     准确率: 0.966717
2025-07-22 10:42:37 | INFO     |     学习率: 0.00010000
2025-07-22 10:42:37 | INFO     |   验证指标(标准CE):
2025-07-22 10:42:37 | INFO     |     损失: 0.055480
2025-07-22 10:42:37 | INFO     |     准确率: 0.974975
2025-07-22 10:42:37 | INFO     |     F1(macro): 0.975725
2025-07-22 10:42:37 | INFO     |     F1(weighted): 0.974759
2025-07-22 10:42:37 | INFO     |     精确率: 0.978364
2025-07-22 10:42:37 | INFO     |     召回率: 0.975306
2025-07-22 10:42:37 | INFO     |   学习率调度器: f1_based
2025-07-22 10:42:37 | INFO     | ------------------------------------------------------------
2025-07-22 10:42:37 | INFO     | Epoch  17 | Train: Loss=0.0656, Acc=0.9667 | Val: Loss=0.0555, Acc=0.9750, F1=0.9748 | LR=0.000100 
2025-07-22 10:43:30 | INFO     | Epoch 18:
2025-07-22 10:43:30 | INFO     |   训练指标:
2025-07-22 10:43:30 | INFO     |     损失(ce): 0.057992
2025-07-22 10:43:30 | INFO     |     准确率: 0.968969
2025-07-22 10:43:30 | INFO     |     学习率: 0.00010000
2025-07-22 10:43:30 | INFO     |   验证指标(标准CE):
2025-07-22 10:43:30 | INFO     |     损失: 0.059405
2025-07-22 10:43:30 | INFO     |     准确率: 0.965966
2025-07-22 10:43:30 | INFO     |     F1(macro): 0.967081
2025-07-22 10:43:30 | INFO     |     F1(weighted): 0.965444
2025-07-22 10:43:30 | INFO     |     精确率: 0.973946
2025-07-22 10:43:30 | INFO     |     召回率: 0.968779
2025-07-22 10:43:30 | INFO     |   学习率调度器: f1_based
2025-07-22 10:43:30 | INFO     | ------------------------------------------------------------
2025-07-22 10:43:30 | INFO     | Epoch  18 | Train: Loss=0.0580, Acc=0.9690 | Val: Loss=0.0594, Acc=0.9660, F1=0.9654 | LR=0.000100 
2025-07-22 10:44:24 | INFO     | Epoch 19:
2025-07-22 10:44:24 | INFO     |   训练指标:
2025-07-22 10:44:24 | INFO     |     损失(ce): 0.054828
2025-07-22 10:44:24 | INFO     |     准确率: 0.971471
2025-07-22 10:44:24 | INFO     |     学习率: 0.00010000
2025-07-22 10:44:24 | INFO     |   验证指标(标准CE):
2025-07-22 10:44:24 | INFO     |     损失: 0.055625
2025-07-22 10:44:24 | INFO     |     准确率: 0.967968
2025-07-22 10:44:24 | INFO     |     F1(macro): 0.969119
2025-07-22 10:44:24 | INFO     |     F1(weighted): 0.967608
2025-07-22 10:44:24 | INFO     |     精确率: 0.974350
2025-07-22 10:44:24 | INFO     |     召回率: 0.970533
2025-07-22 10:44:24 | INFO     |   学习率调度器: f1_based
2025-07-22 10:44:24 | INFO     | ------------------------------------------------------------
2025-07-22 10:44:24 | INFO     | Epoch  19 | Train: Loss=0.0548, Acc=0.9715 | Val: Loss=0.0556, Acc=0.9680, F1=0.9676 | LR=0.000100 
2025-07-22 10:45:18 | INFO     | Epoch 20:
2025-07-22 10:45:18 | INFO     |   训练指标:
2025-07-22 10:45:18 | INFO     |     损失(ce): 0.071529
2025-07-22 10:45:18 | INFO     |     准确率: 0.966216
2025-07-22 10:45:18 | INFO     |     学习率: 0.00010000
2025-07-22 10:45:18 | INFO     |   验证指标(标准CE):
2025-07-22 10:45:18 | INFO     |     损失: 0.043847
2025-07-22 10:45:18 | INFO     |     准确率: 0.968969
2025-07-22 10:45:18 | INFO     |     F1(macro): 0.970061
2025-07-22 10:45:18 | INFO     |     F1(weighted): 0.968591
2025-07-22 10:45:18 | INFO     |     精确率: 0.975743
2025-07-22 10:45:18 | INFO     |     召回率: 0.971534
2025-07-22 10:45:18 | INFO     |   学习率调度器: f1_based
2025-07-22 10:45:18 | INFO     | ------------------------------------------------------------
2025-07-22 10:45:18 | INFO     | Epoch  20 | Train: Loss=0.0715, Acc=0.9662 | Val: Loss=0.0438, Acc=0.9690, F1=0.9686 | LR=0.000100 
2025-07-22 10:46:11 | INFO     | Epoch 21:
2025-07-22 10:46:11 | INFO     |   训练指标:
2025-07-22 10:46:11 | INFO     |     损失(ce): 0.063160
2025-07-22 10:46:11 | INFO     |     准确率: 0.966466
2025-07-22 10:46:11 | INFO     |     学习率: 0.00010000
2025-07-22 10:46:11 | INFO     |   验证指标(标准CE):
2025-07-22 10:46:11 | INFO     |     损失: 0.133586
2025-07-22 10:46:11 | INFO     |     准确率: 0.954955
2025-07-22 10:46:11 | INFO     |     F1(macro): 0.955897
2025-07-22 10:46:11 | INFO     |     F1(weighted): 0.954571
2025-07-22 10:46:11 | INFO     |     精确率: 0.961309
2025-07-22 10:46:11 | INFO     |     召回率: 0.957452
2025-07-22 10:46:11 | INFO     |   学习率调度器: f1_based
2025-07-22 10:46:11 | INFO     | ------------------------------------------------------------
2025-07-22 10:46:11 | INFO     | Epoch  21 | Train: Loss=0.0632, Acc=0.9665 | Val: Loss=0.1336, Acc=0.9550, F1=0.9546 | LR=0.000100 
2025-07-22 10:47:05 | INFO     | Epoch 22:
2025-07-22 10:47:05 | INFO     |   训练指标:
2025-07-22 10:47:05 | INFO     |     损失(ce): 0.061006
2025-07-22 10:47:05 | INFO     |     准确率: 0.970470
2025-07-22 10:47:05 | INFO     |     学习率: 0.00010000
2025-07-22 10:47:05 | INFO     |   验证指标(标准CE):
2025-07-22 10:47:05 | INFO     |     损失: 0.041679
2025-07-22 10:47:05 | INFO     |     准确率: 0.970971
2025-07-22 10:47:05 | INFO     |     F1(macro): 0.972035
2025-07-22 10:47:05 | INFO     |     F1(weighted): 0.970672
2025-07-22 10:47:05 | INFO     |     精确率: 0.976984
2025-07-22 10:47:05 | INFO     |     召回率: 0.973370
2025-07-22 10:47:05 | INFO     |   学习率调度器: f1_based
2025-07-22 10:47:05 | INFO     | ------------------------------------------------------------
2025-07-22 10:47:05 | INFO     | 🎯 学习率调整事件:
2025-07-22 10:47:05 | INFO     |   调度器类型: f1_based
2025-07-22 10:47:05 | INFO     |   学习率变化: 0.00010000 → 0.00005000
2025-07-22 10:47:05 | INFO     |   触发条件: F1分数 = 0.970672
2025-07-22 10:47:05 | INFO     |   变化幅度: -50.00%
2025-07-22 10:47:05 | INFO     | ------------------------------------------------------------
2025-07-22 10:47:05 | INFO     | Epoch  22 | Train: Loss=0.0610, Acc=0.9705 | Val: Loss=0.0417, Acc=0.9710, F1=0.9707 | LR=0.000050 
2025-07-22 10:47:58 | INFO     | Epoch 23:
2025-07-22 10:47:58 | INFO     |   训练指标:
2025-07-22 10:47:58 | INFO     |     损失(ce): 0.037544
2025-07-22 10:47:58 | INFO     |     准确率: 0.976977
2025-07-22 10:47:58 | INFO     |     学习率: 0.00005000
2025-07-22 10:47:58 | INFO     |   验证指标(标准CE):
2025-07-22 10:47:58 | INFO     |     损失: 0.080313
2025-07-22 10:47:58 | INFO     |     准确率: 0.969970
2025-07-22 10:47:58 | INFO     |     F1(macro): 0.971049
2025-07-22 10:47:58 | INFO     |     F1(weighted): 0.969633
2025-07-22 10:47:58 | INFO     |     精确率: 0.976359
2025-07-22 10:47:58 | INFO     |     召回率: 0.972452
2025-07-22 10:47:58 | INFO     |   学习率调度器: f1_based
2025-07-22 10:47:58 | INFO     | ------------------------------------------------------------
2025-07-22 10:47:58 | INFO     | Epoch  23 | Train: Loss=0.0375, Acc=0.9770 | Val: Loss=0.0803, Acc=0.9700, F1=0.9696 | LR=0.000050 
2025-07-22 10:48:52 | INFO     | Epoch 24:
2025-07-22 10:48:52 | INFO     |   训练指标:
2025-07-22 10:48:52 | INFO     |     损失(ce): 0.044243
2025-07-22 10:48:52 | INFO     |     准确率: 0.973473
2025-07-22 10:48:52 | INFO     |     学习率: 0.00005000
2025-07-22 10:48:52 | INFO     |   验证指标(标准CE):
2025-07-22 10:48:52 | INFO     |     损失: 0.054694
2025-07-22 10:48:52 | INFO     |     准确率: 0.968969
2025-07-22 10:48:52 | INFO     |     F1(macro): 0.970061
2025-07-22 10:48:52 | INFO     |     F1(weighted): 0.968591
2025-07-22 10:48:52 | INFO     |     精确率: 0.975743
2025-07-22 10:48:52 | INFO     |     召回率: 0.971534
2025-07-22 10:48:52 | INFO     |   学习率调度器: f1_based
2025-07-22 10:48:52 | INFO     | ------------------------------------------------------------
2025-07-22 10:48:52 | INFO     | Epoch  24 | Train: Loss=0.0442, Acc=0.9735 | Val: Loss=0.0547, Acc=0.9690, F1=0.9686 | LR=0.000050 
2025-07-22 10:49:46 | INFO     | Epoch 25:
2025-07-22 10:49:46 | INFO     |   训练指标:
2025-07-22 10:49:46 | INFO     |     损失(ce): 0.037662
2025-07-22 10:49:46 | INFO     |     准确率: 0.975976
2025-07-22 10:49:46 | INFO     |     学习率: 0.00005000
2025-07-22 10:49:46 | INFO     |   验证指标(标准CE):
2025-07-22 10:49:46 | INFO     |     损失: 0.046398
2025-07-22 10:49:46 | INFO     |     准确率: 0.974975
2025-07-22 10:49:46 | INFO     |     F1(macro): 0.975953
2025-07-22 10:49:46 | INFO     |     F1(weighted): 0.974940
2025-07-22 10:49:46 | INFO     |     精确率: 0.976290
2025-07-22 10:49:46 | INFO     |     召回率: 0.975802
2025-07-22 10:49:46 | INFO     |   学习率调度器: f1_based
2025-07-22 10:49:46 | INFO     | ------------------------------------------------------------
2025-07-22 10:49:46 | INFO     | Epoch  25 | Train: Loss=0.0377, Acc=0.9760 | Val: Loss=0.0464, Acc=0.9750, F1=0.9749 | LR=0.000050 
2025-07-22 10:50:39 | INFO     | Epoch 26:
2025-07-22 10:50:39 | INFO     |   训练指标:
2025-07-22 10:50:39 | INFO     |     损失(ce): 0.038774
2025-07-22 10:50:39 | INFO     |     准确率: 0.978228
2025-07-22 10:50:39 | INFO     |     学习率: 0.00005000
2025-07-22 10:50:39 | INFO     |   验证指标(标准CE):
2025-07-22 10:50:39 | INFO     |     损失: 0.044046
2025-07-22 10:50:39 | INFO     |     准确率: 0.969970
2025-07-22 10:50:39 | INFO     |     F1(macro): 0.971049
2025-07-22 10:50:39 | INFO     |     F1(weighted): 0.969633
2025-07-22 10:50:39 | INFO     |     精确率: 0.976359
2025-07-22 10:50:39 | INFO     |     召回率: 0.972452
2025-07-22 10:50:39 | INFO     |   学习率调度器: f1_based
2025-07-22 10:50:39 | INFO     | ------------------------------------------------------------
2025-07-22 10:50:39 | INFO     | Epoch  26 | Train: Loss=0.0388, Acc=0.9782 | Val: Loss=0.0440, Acc=0.9700, F1=0.9696 | LR=0.000050 
2025-07-22 10:51:33 | INFO     | Epoch 27:
2025-07-22 10:51:33 | INFO     |   训练指标:
2025-07-22 10:51:33 | INFO     |     损失(ce): 0.039015
2025-07-22 10:51:33 | INFO     |     准确率: 0.976226
2025-07-22 10:51:33 | INFO     |     学习率: 0.00005000
2025-07-22 10:51:33 | INFO     |   验证指标(标准CE):
2025-07-22 10:51:33 | INFO     |     损失: 0.045821
2025-07-22 10:51:33 | INFO     |     准确率: 0.968969
2025-07-22 10:51:33 | INFO     |     F1(macro): 0.970061
2025-07-22 10:51:33 | INFO     |     F1(weighted): 0.968591
2025-07-22 10:51:33 | INFO     |     精确率: 0.975743
2025-07-22 10:51:33 | INFO     |     召回率: 0.971534
2025-07-22 10:51:33 | INFO     |   学习率调度器: f1_based
2025-07-22 10:51:33 | INFO     | ------------------------------------------------------------
2025-07-22 10:51:33 | INFO     | Epoch  27 | Train: Loss=0.0390, Acc=0.9762 | Val: Loss=0.0458, Acc=0.9690, F1=0.9686 | LR=0.000050 
2025-07-22 10:52:26 | INFO     | Epoch 28:
2025-07-22 10:52:26 | INFO     |   训练指标:
2025-07-22 10:52:26 | INFO     |     损失(ce): 0.048559
2025-07-22 10:52:26 | INFO     |     准确率: 0.972472
2025-07-22 10:52:26 | INFO     |     学习率: 0.00005000
2025-07-22 10:52:26 | INFO     |   验证指标(标准CE):
2025-07-22 10:52:26 | INFO     |     损失: 0.042014
2025-07-22 10:52:26 | INFO     |     准确率: 0.970971
2025-07-22 10:52:26 | INFO     |     F1(macro): 0.972035
2025-07-22 10:52:26 | INFO     |     F1(weighted): 0.970672
2025-07-22 10:52:26 | INFO     |     精确率: 0.976984
2025-07-22 10:52:26 | INFO     |     召回率: 0.973370
2025-07-22 10:52:26 | INFO     |   学习率调度器: f1_based
2025-07-22 10:52:26 | INFO     | ------------------------------------------------------------
2025-07-22 10:52:26 | INFO     | Epoch  28 | Train: Loss=0.0486, Acc=0.9725 | Val: Loss=0.0420, Acc=0.9710, F1=0.9707 | LR=0.000050 
2025-07-22 10:53:20 | INFO     | Epoch 29:
2025-07-22 10:53:20 | INFO     |   训练指标:
2025-07-22 10:53:20 | INFO     |     损失(ce): 0.040648
2025-07-22 10:53:20 | INFO     |     准确率: 0.975976
2025-07-22 10:53:20 | INFO     |     学习率: 0.00005000
2025-07-22 10:53:20 | INFO     |   验证指标(标准CE):
2025-07-22 10:53:20 | INFO     |     损失: 0.056580
2025-07-22 10:53:20 | INFO     |     准确率: 0.966967
2025-07-22 10:53:20 | INFO     |     F1(macro): 0.968077
2025-07-22 10:53:20 | INFO     |     F1(weighted): 0.966497
2025-07-22 10:53:20 | INFO     |     精确率: 0.974537
2025-07-22 10:53:20 | INFO     |     召回率: 0.969697
2025-07-22 10:53:20 | INFO     |   学习率调度器: f1_based
2025-07-22 10:53:20 | INFO     | ------------------------------------------------------------
2025-07-22 10:53:20 | INFO     | Epoch  29 | Train: Loss=0.0406, Acc=0.9760 | Val: Loss=0.0566, Acc=0.9670, F1=0.9665 | LR=0.000050 
2025-07-22 10:54:14 | INFO     | Epoch 30:
2025-07-22 10:54:14 | INFO     |   训练指标:
2025-07-22 10:54:14 | INFO     |     损失(ce): 0.043302
2025-07-22 10:54:14 | INFO     |     准确率: 0.975726
2025-07-22 10:54:14 | INFO     |     学习率: 0.00005000
2025-07-22 10:54:14 | INFO     |   验证指标(标准CE):
2025-07-22 10:54:14 | INFO     |     损失: 0.049841
2025-07-22 10:54:14 | INFO     |     准确率: 0.968969
2025-07-22 10:54:14 | INFO     |     F1(macro): 0.970146
2025-07-22 10:54:14 | INFO     |     F1(weighted): 0.968703
2025-07-22 10:54:14 | INFO     |     精确率: 0.974286
2025-07-22 10:54:14 | INFO     |     召回率: 0.971368
2025-07-22 10:54:14 | INFO     |   学习率调度器: f1_based
2025-07-22 10:54:14 | INFO     | ------------------------------------------------------------
2025-07-22 10:54:14 | INFO     | 🎯 学习率调整事件:
2025-07-22 10:54:14 | INFO     |   调度器类型: f1_based
2025-07-22 10:54:14 | INFO     |   学习率变化: 0.00005000 → 0.00002500
2025-07-22 10:54:14 | INFO     |   触发条件: F1分数 = 0.968703
2025-07-22 10:54:14 | INFO     |   变化幅度: -50.00%
2025-07-22 10:54:14 | INFO     | ------------------------------------------------------------
2025-07-22 10:54:14 | INFO     | Epoch  30 | Train: Loss=0.0433, Acc=0.9757 | Val: Loss=0.0498, Acc=0.9690, F1=0.9687 | LR=0.000025 
2025-07-22 10:55:07 | INFO     | Epoch 31:
2025-07-22 10:55:07 | INFO     |   训练指标:
2025-07-22 10:55:07 | INFO     |     损失(ce): 0.034634
2025-07-22 10:55:07 | INFO     |     准确率: 0.975726
2025-07-22 10:55:07 | INFO     |     学习率: 0.00002500
2025-07-22 10:55:07 | INFO     |   验证指标(标准CE):
2025-07-22 10:55:07 | INFO     |     损失: 0.046132
2025-07-22 10:55:07 | INFO     |     准确率: 0.969970
2025-07-22 10:55:07 | INFO     |     F1(macro): 0.971049
2025-07-22 10:55:07 | INFO     |     F1(weighted): 0.969633
2025-07-22 10:55:07 | INFO     |     精确率: 0.976359
2025-07-22 10:55:07 | INFO     |     召回率: 0.972452
2025-07-22 10:55:07 | INFO     |   学习率调度器: f1_based
2025-07-22 10:55:07 | INFO     | ------------------------------------------------------------
2025-07-22 10:55:07 | INFO     | Epoch  31 | Train: Loss=0.0346, Acc=0.9757 | Val: Loss=0.0461, Acc=0.9700, F1=0.9696 | LR=0.000025 
2025-07-22 10:55:07 | INFO     | ⏹️ 早停触发，在第 31 轮停止训练
2025-07-22 10:55:11 | INFO     | 训练历史已保存到: ./result/0722_1027_DualGAF_DualGAFNet_dilated_enhanced_sl96_step96_fd128_extractor-dilated_gaf-adaptive_attention-channel_classifier-mlp_stat-basic_fusion-concat/training_history.csv
2025-07-22 10:55:11 | INFO     | 
====================================================================================================
2025-07-22 10:55:11 | INFO     | 🎉 训练完成总结:
2025-07-22 10:55:11 | INFO     |   训练损失函数: ce
2025-07-22 10:55:11 | INFO     |   验证损失函数: 标准交叉熵（遵循主流ML规范）
2025-07-22 10:55:11 | INFO     |   训练过程最佳验证准确率: 0.9770
2025-07-22 10:55:11 | INFO     |   训练过程最佳验证F1(macro): 0.9776
2025-07-22 10:55:11 | INFO     |   训练过程最佳验证F1(weighted): 0.9767
2025-07-22 10:55:11 | INFO     |   训练轮数: 31
2025-07-22 10:55:11 | INFO     | --------------------------------------------------
2025-07-22 10:55:11 | INFO     | 📊 最佳模型真实性能指标（基于标准交叉熵损失）:
2025-07-22 10:55:11 | INFO     |   验证损失(标准CE): 0.0417
2025-07-22 10:55:11 | INFO     |   验证准确率: 0.9770
2025-07-22 10:55:11 | INFO     |   验证F1(macro): 0.9776
2025-07-22 10:55:11 | INFO     |   验证F1(weighted): 0.9767
2025-07-22 10:55:11 | INFO     |   验证精确率: 0.9809
2025-07-22 10:55:11 | INFO     |   验证召回率: 0.9771
2025-07-22 10:55:11 | INFO     | ====================================================================================================
2025-07-22 10:55:13 | INFO     | ================================================================================
2025-07-22 10:55:13 | INFO     | 实验日志结束: DualGAF_DualGAFNet_dilated_enhanced_sl96_step96_fd128_extractor-dilated_gaf-adaptive_attention-channel_classifier-mlp_stat-basic_fusion-concat
2025-07-22 10:55:13 | INFO     | 结束时间: 2025-07-22 10:55:13
2025-07-22 10:55:13 | INFO     | ================================================================================
