2025-07-27 23:54:30 | INFO     | ================================================================================
2025-07-27 23:54:30 | INFO     | 实验日志开始: DualGAF_DDAHU_OneDCNN_oneCNN_sl96_step96_fd128_extractor-dilated_gaf-concat_attention-channel_classifier-mlp_stat-basic_fusion-concat
2025-07-27 23:54:30 | INFO     | 日志文件: ./result/0727_2354_DualGAF_DDAHU_OneDCNN_oneCNN_sl96_step96_fd128_extractor-dilated_gaf-concat_attention-channel_classifier-mlp_stat-basic_fusion-concat/training.log
2025-07-27 23:54:30 | INFO     | 开始时间: 2025-07-27 23:54:30
2025-07-27 23:54:30 | INFO     | ================================================================================
2025-07-27 23:54:30 | INFO     | ⚙️ 实验配置:
2025-07-27 23:54:30 | INFO     |    task_name: classification
2025-07-27 23:54:30 | INFO     |    is_training: 1
2025-07-27 23:54:30 | INFO     |    model_id: test
2025-07-27 23:54:30 | INFO     |    model: OneDCNN
2025-07-27 23:54:30 | INFO     |    data: DualGAF_DDAHU
2025-07-27 23:54:30 | INFO     |    root_path: ./dataset/DDAHU/direct_5_working
2025-07-27 23:54:30 | INFO     |    step: 96
2025-07-27 23:54:30 | INFO     |    checkpoints: ./checkpoints/
2025-07-27 23:54:30 | INFO     |    num_class: 29
2025-07-27 23:54:30 | INFO     |    result_path: ./result/
2025-07-27 23:54:30 | INFO     |    test_size: 0.2
2025-07-27 23:54:30 | INFO     |    rows: None
2025-07-27 23:54:30 | INFO     |    seq_len: 96
2025-07-27 23:54:30 | INFO     |    enc_in: 97
2025-07-27 23:54:30 | INFO     |    d_model: 512
2025-07-27 23:54:30 | INFO     |    n_heads: 8
2025-07-27 23:54:30 | INFO     |    e_layers: 2
2025-07-27 23:54:30 | INFO     |    d_layers: 1
2025-07-27 23:54:30 | INFO     |    d_ff: 2048
2025-07-27 23:54:30 | INFO     |    moving_avg: 25
2025-07-27 23:54:30 | INFO     |    factor: 1
2025-07-27 23:54:30 | INFO     |    distil: True
2025-07-27 23:54:30 | INFO     |    dropout: 0.1
2025-07-27 23:54:30 | INFO     |    embed: timeF
2025-07-27 23:54:30 | INFO     |    activation: gelu
2025-07-27 23:54:30 | INFO     |    use_norm: 1
2025-07-27 23:54:30 | INFO     |    gaf_method: summation
2025-07-27 23:54:30 | INFO     |    feature_dim: 128
2025-07-27 23:54:30 | INFO     |    data_type_method: uint8
2025-07-27 23:54:30 | INFO     |    use_attention: True
2025-07-27 23:54:30 | INFO     |    hidden_dim: 64
2025-07-27 23:54:30 | INFO     |    sample_size: 1000
2025-07-27 23:54:30 | INFO     |    cnn_dropout_rate: 0.3
2025-07-27 23:54:30 | INFO     |    cnn_use_batch_norm: True
2025-07-27 23:54:30 | INFO     |    channel_groups: None
2025-07-27 23:54:30 | INFO     |    hvac_groups: None
2025-07-27 23:54:30 | INFO     |    extractor_type: dilated
2025-07-27 23:54:30 | INFO     |    fusion_type: concat
2025-07-27 23:54:30 | INFO     |    attention_type: channel
2025-07-27 23:54:30 | INFO     |    classifier_type: mlp
2025-07-27 23:54:30 | INFO     |    use_statistical_features: True
2025-07-27 23:54:30 | INFO     |    stat_type: basic
2025-07-27 23:54:30 | INFO     |    multimodal_fusion_strategy: concat
2025-07-27 23:54:30 | INFO     |    use_signal_level_stats: False
2025-07-27 23:54:30 | INFO     |    signal_stat_type: comprehensive
2025-07-27 23:54:30 | INFO     |    signal_stat_fusion_strategy: concat_project
2025-07-27 23:54:30 | INFO     |    signal_stat_feature_dim: 32
2025-07-27 23:54:30 | INFO     |    use_diff_branch: True
2025-07-27 23:54:30 | INFO     |    ablation_mode: none
2025-07-27 23:54:30 | INFO     |    backbone_type: resnet18
2025-07-27 23:54:30 | INFO     |    use_sum_branch: True
2025-07-27 23:54:30 | INFO     |    num_workers: 0
2025-07-27 23:54:30 | INFO     |    cuda_debug: False
2025-07-27 23:54:30 | INFO     |    gpu_memory_fraction: 0.9
2025-07-27 23:54:30 | INFO     |    safe_mode: True
2025-07-27 23:54:30 | INFO     |    drop_last_batch: True
2025-07-27 23:54:30 | INFO     |    itr: 1
2025-07-27 23:54:30 | INFO     |    train_epochs: 300
2025-07-27 23:54:30 | INFO     |    batch_size: 4
2025-07-27 23:54:30 | INFO     |    patience: 15
2025-07-27 23:54:30 | INFO     |    learning_rate: 0.0001
2025-07-27 23:54:30 | INFO     |    des: oneCNN
2025-07-27 23:54:30 | INFO     |    loss: MSE
2025-07-27 23:54:30 | INFO     |    lradj: type1
2025-07-27 23:54:30 | INFO     |    lr_scheduler_type: f1_based
2025-07-27 23:54:30 | INFO     |    lr_loss_weight: 0.3
2025-07-27 23:54:30 | INFO     |    lr_f1_weight: 0.7
2025-07-27 23:54:30 | INFO     |    use_amp: False
2025-07-27 23:54:30 | INFO     |    gradient_accumulation_steps: 2
2025-07-27 23:54:30 | INFO     |    enable_auto_gradient_accumulation: True
2025-07-27 23:54:30 | INFO     |    loss_type: ce
2025-07-27 23:54:30 | INFO     |    label_smoothing: 0.1
2025-07-27 23:54:30 | INFO     |    focal_alpha: 1.0
2025-07-27 23:54:30 | INFO     |    focal_gamma: 2.0
2025-07-27 23:54:30 | INFO     |    confidence_penalty_beta: 0.1
2025-07-27 23:54:30 | INFO     |    use_timm_loss: True
2025-07-27 23:54:30 | INFO     |    adaptive_initial_smoothing: 0.2
2025-07-27 23:54:30 | INFO     |    adaptive_final_smoothing: 0.05
2025-07-27 23:54:30 | INFO     |    adaptive_decay_epochs: 30
2025-07-27 23:54:30 | INFO     |    enable_class_weights: False
2025-07-27 23:54:30 | INFO     |    class_weights: None
2025-07-27 23:54:30 | INFO     |    loss_preset: None
2025-07-27 23:54:30 | INFO     |    n_jobs: 1
2025-07-27 23:54:30 | INFO     |    use_multiprocessing: False
2025-07-27 23:54:30 | INFO     |    chunk_size: 800
2025-07-27 23:54:30 | INFO     |    disable_parallel: True
2025-07-27 23:54:30 | INFO     |    use_shared_memory: False
2025-07-27 23:54:30 | INFO     |    disable_shared_memory: False
2025-07-27 23:54:30 | INFO     |    use_gpu: True
2025-07-27 23:54:30 | INFO     |    gpu: 0
2025-07-27 23:54:30 | INFO     |    gpu_type: cuda
2025-07-27 23:54:30 | INFO     |    use_multi_gpu: False
2025-07-27 23:54:30 | INFO     |    devices: 0,1,2,3
2025-07-27 23:54:30 | INFO     |    device: cuda:0
2025-07-27 23:54:30 | INFO     |    feature_columns: ['CHWP_GPMC', 'CHWC_VLV_DM', 'CHWC_VLV', 'CHWC_MWT', 'CHWC_LWT', 'VAVCFM_H_DM_SB', 'CHWC_EAH', 'VAV_DAT_SA', 'CHWC_DAT', 'VAV_SP_C_SA', 'HWP_GPMT', 'VAVCFM_C_DM_SB', 'RM_TEMP_W', 'HWP_GPMC', 'VAVCFM_T_SB', 'VAV_DMPR_H_SB', 'HWC_VLV_DM', 'VAVCFM_H_SB', 'HWC_VLV', 'VAV_DMPR_H_E', 'HWC_LWT', 'HWC_MWT', 'VAV_DMPR_C_SB', 'HWC_DAT', 'RM_TEMP_SB', 'CSF_WAT', 'CSF_SPD', 'CSF_DP', 'CSA_TEMP', 'CSA_CFM', 'VAV_EAT_C_SB', 'CSA_HUMD', 'CSA_SP', 'VAVCFM_C_SB', 'VAVCFM_H_W', 'HSF_SPD', 'VAV_EAT_H_SB', 'VAV_DAT_SB', 'RM_TEMP_SA', 'HSF_DP', 'HSA_TEMP', 'VAVCFM_C_DM_W', 'VAVCFM_C_W', 'VAV_DAT_W', 'HSA_SP', 'HSA_CFM', 'VAV_DMPR_H_W', 'HSF_WAT', 'VAVCFM_T_W', 'EA_DMPR_DM', 'RF_WAT', 'VAV_SP_C_W', 'VAV_SP_H_E', 'EA_DMPR', 'VAV_SP_H_SB', 'RF_SPD', 'RA_TEMP', 'RA_HUMD', 'VAV_SP_H_SA', 'VAV_EAT_H_W', 'RF_DP', 'VAV_DMPR_C_SA', 'VAV_SP_C_SB', 'RA_DMPR_DM', 'VAV_DMPR_H_SA', 'VAV_SP_H_W', 'VAVCFM_H_DM_SA', 'RA_DMPR', 'VAV_EAT_C_W', 'VAVCFM_C_DM_SA', 'RA_CFM', 'MA_TEMP', 'VAVCFM_C_SA', 'OA_TEMP', 'VAVCFM_H_SA', 'VAVCFM_H_DM_W', 'OA_HUMD', 'VAVCFM_T_SA', 'OA_DMPR_DM', 'VAV_EAT_C_SA', 'VAV_DMPR_C_W', 'OA_DMPR', 'VAV_EAT_H_SA', 'HSA_HUMD', 'RM_TEMP_E', 'VAV_EAT_H_E', 'VAV_DAT_E', 'VAV_EAT_C_E', 'VAVCFM_T_E', 'VAVCFM_H_E', 'VAV_SP_C_E', 'VAVCFM_C_DM_E', 'OA_CFM', 'VAV_DMPR_C_E', 'VAVCFM_C_E', 'VAVCFM_H_DM_E', 'CHWP_GPMT']
2025-07-27 23:54:30 | INFO     | 🏗️ 模型信息:
2025-07-27 23:54:30 | INFO     |    模型类型: Model
2025-07-27 23:54:30 | INFO     |    总参数数量: 717,981
2025-07-27 23:54:30 | INFO     |    可训练参数: 717,981
2025-07-27 23:54:30 | INFO     |    模型大小估计: 2.74 MB
2025-07-27 23:54:30 | INFO     | 📊 数据集信息:
2025-07-27 23:54:30 | INFO     |    训练集大小: 5967
2025-07-27 23:54:30 | INFO     |    验证集大小: 1492
2025-07-27 23:54:30 | INFO     | 
================================================================================
2025-07-27 23:54:30 | INFO     | 📋 损失函数使用策略（遵循主流机器学习规范）:
2025-07-27 23:54:30 | INFO     |    🎯 训练阶段: 使用 ce 损失函数
2025-07-27 23:54:30 | INFO     |       → 目的：优化模型参数，解决特定问题（类别不平衡、相似性等）
2025-07-27 23:54:30 | INFO     |    📊 验证阶段: 使用标准交叉熵损失函数
2025-07-27 23:54:30 | INFO     |       → 目的：客观评估模型性能，便于不同方法比较
2025-07-27 23:54:30 | INFO     |    📈 最终报告: 基于标准交叉熵损失的指标
2025-07-27 23:54:30 | INFO     |       → 目的：提供可信、可比较的性能指标
2025-07-27 23:54:30 | INFO     | ================================================================================

2025-07-27 23:54:30 | INFO     | 🔄 梯度累积配置: 每2轮累积一次梯度
2025-07-27 23:54:30 | INFO     |    实际batch_size: 4
2025-07-27 23:54:30 | INFO     |    有效batch_size: 8
2025-07-27 23:56:14 | INFO     | Epoch 1:
2025-07-27 23:56:14 | INFO     |   训练指标:
2025-07-27 23:56:14 | INFO     |     损失(ce): 3.278254
2025-07-27 23:56:14 | INFO     |     准确率: 0.091885
2025-07-27 23:56:14 | INFO     |     学习率: 0.00010000
2025-07-27 23:56:14 | INFO     |   验证指标(标准CE):
2025-07-27 23:56:14 | INFO     |     损失: 2.646742
2025-07-27 23:56:14 | INFO     |     准确率: 0.106568
2025-07-27 23:56:14 | INFO     |     F1(macro): 0.031582
2025-07-27 23:56:14 | INFO     |     F1(weighted): 0.031140
2025-07-27 23:56:14 | INFO     |     精确率: 0.039847
2025-07-27 23:56:14 | INFO     |     召回率: 0.105967
2025-07-27 23:56:14 | INFO     |   学习率调度器: f1_based
2025-07-27 23:56:14 | INFO     | ------------------------------------------------------------
2025-07-27 23:56:14 | INFO     | Epoch   1 | Train: Loss=3.2783, Acc=0.0919 | Val: Loss=2.6467, Acc=0.1066, F1=0.0311 | LR=0.000100 🏆 [最佳模型]
2025-07-27 23:57:05 | INFO     | Epoch 2:
2025-07-27 23:57:05 | INFO     |   训练指标:
2025-07-27 23:57:05 | INFO     |     损失(ce): 2.555163
2025-07-27 23:57:05 | INFO     |     准确率: 0.227364
2025-07-27 23:57:05 | INFO     |     学习率: 0.00010000
2025-07-27 23:57:05 | INFO     |   验证指标(标准CE):
2025-07-27 23:57:05 | INFO     |     损失: 1.924324
2025-07-27 23:57:05 | INFO     |     准确率: 0.361260
2025-07-27 23:57:05 | INFO     |     F1(macro): 0.303725
2025-07-27 23:57:05 | INFO     |     F1(weighted): 0.294194
2025-07-27 23:57:05 | INFO     |     精确率: 0.333856
2025-07-27 23:57:05 | INFO     |     召回率: 0.368272
2025-07-27 23:57:05 | INFO     |   学习率调度器: f1_based
2025-07-27 23:57:05 | INFO     | ------------------------------------------------------------
2025-07-27 23:57:05 | INFO     | Epoch   2 | Train: Loss=2.5552, Acc=0.2274 | Val: Loss=1.9243, Acc=0.3613, F1=0.2942 | LR=0.000100 🏆 [最佳模型]
2025-07-27 23:57:47 | INFO     | Epoch 3:
2025-07-27 23:57:47 | INFO     |   训练指标:
2025-07-27 23:57:47 | INFO     |     损失(ce): 2.135098
2025-07-27 23:57:47 | INFO     |     准确率: 0.341214
2025-07-27 23:57:47 | INFO     |     学习率: 0.00010000
2025-07-27 23:57:47 | INFO     |   验证指标(标准CE):
2025-07-27 23:57:47 | INFO     |     损失: 1.684591
2025-07-27 23:57:47 | INFO     |     准确率: 0.432976
2025-07-27 23:57:47 | INFO     |     F1(macro): 0.397007
2025-07-27 23:57:47 | INFO     |     F1(weighted): 0.386301
2025-07-27 23:57:47 | INFO     |     精确率: 0.450062
2025-07-27 23:57:47 | INFO     |     召回率: 0.441363
2025-07-27 23:57:47 | INFO     |   学习率调度器: f1_based
2025-07-27 23:57:47 | INFO     | ------------------------------------------------------------
2025-07-27 23:57:47 | INFO     | Epoch   3 | Train: Loss=2.1351, Acc=0.3412 | Val: Loss=1.6846, Acc=0.4330, F1=0.3863 | LR=0.000100 🏆 [最佳模型]
2025-07-27 23:58:27 | INFO     | Epoch 4:
2025-07-27 23:58:27 | INFO     |   训练指标:
2025-07-27 23:58:27 | INFO     |     损失(ce): 1.936296
2025-07-27 23:58:27 | INFO     |     准确率: 0.391180
2025-07-27 23:58:27 | INFO     |     学习率: 0.00010000
2025-07-27 23:58:27 | INFO     |   验证指标(标准CE):
2025-07-27 23:58:27 | INFO     |     损失: 1.547316
2025-07-27 23:58:27 | INFO     |     准确率: 0.429625
2025-07-27 23:58:27 | INFO     |     F1(macro): 0.372649
2025-07-27 23:58:27 | INFO     |     F1(weighted): 0.363798
2025-07-27 23:58:27 | INFO     |     精确率: 0.384505
2025-07-27 23:58:27 | INFO     |     召回率: 0.435581
2025-07-27 23:58:27 | INFO     |   学习率调度器: f1_based
2025-07-27 23:58:27 | INFO     | ------------------------------------------------------------
2025-07-27 23:58:27 | INFO     | Epoch   4 | Train: Loss=1.9363, Acc=0.3912 | Val: Loss=1.5473, Acc=0.4296, F1=0.3638 | LR=0.000100 
2025-07-27 23:59:08 | INFO     | Epoch 5:
2025-07-27 23:59:08 | INFO     |   训练指标:
2025-07-27 23:59:08 | INFO     |     损失(ce): 1.809432
2025-07-27 23:59:08 | INFO     |     准确率: 0.431590
2025-07-27 23:59:08 | INFO     |     学习率: 0.00010000
2025-07-27 23:59:08 | INFO     |   验证指标(标准CE):
2025-07-27 23:59:08 | INFO     |     损失: 1.335262
2025-07-27 23:59:08 | INFO     |     准确率: 0.538204
2025-07-27 23:59:08 | INFO     |     F1(macro): 0.466351
2025-07-27 23:59:08 | INFO     |     F1(weighted): 0.456750
2025-07-27 23:59:08 | INFO     |     精确率: 0.520413
2025-07-27 23:59:08 | INFO     |     召回率: 0.544659
2025-07-27 23:59:08 | INFO     |   学习率调度器: f1_based
2025-07-27 23:59:08 | INFO     | ------------------------------------------------------------
2025-07-27 23:59:08 | INFO     | Epoch   5 | Train: Loss=1.8094, Acc=0.4316 | Val: Loss=1.3353, Acc=0.5382, F1=0.4567 | LR=0.000100 🏆 [最佳模型]
2025-07-27 23:59:50 | INFO     | Epoch 6:
2025-07-27 23:59:50 | INFO     |   训练指标:
2025-07-27 23:59:50 | INFO     |     损失(ce): 1.714925
2025-07-27 23:59:50 | INFO     |     准确率: 0.464789
2025-07-27 23:59:50 | INFO     |     学习率: 0.00010000
2025-07-27 23:59:50 | INFO     |   验证指标(标准CE):
2025-07-27 23:59:50 | INFO     |     损失: 1.256274
2025-07-27 23:59:50 | INFO     |     准确率: 0.568365
2025-07-27 23:59:50 | INFO     |     F1(macro): 0.505529
2025-07-27 23:59:50 | INFO     |     F1(weighted): 0.490115
2025-07-27 23:59:50 | INFO     |     精确率: 0.623153
2025-07-27 23:59:50 | INFO     |     召回率: 0.578049
2025-07-27 23:59:50 | INFO     |   学习率调度器: f1_based
2025-07-27 23:59:50 | INFO     | ------------------------------------------------------------
2025-07-27 23:59:50 | INFO     | Epoch   6 | Train: Loss=1.7149, Acc=0.4648 | Val: Loss=1.2563, Acc=0.5684, F1=0.4901 | LR=0.000100 🏆 [最佳模型]
2025-07-28 00:00:32 | INFO     | Epoch 7:
2025-07-28 00:00:32 | INFO     |   训练指标:
2025-07-28 00:00:32 | INFO     |     损失(ce): 1.636297
2025-07-28 00:00:32 | INFO     |     准确率: 0.494802
2025-07-28 00:00:32 | INFO     |     学习率: 0.00010000
2025-07-28 00:00:32 | INFO     |   验证指标(标准CE):
2025-07-28 00:00:32 | INFO     |     损失: 1.143184
2025-07-28 00:00:32 | INFO     |     准确率: 0.598525
2025-07-28 00:00:32 | INFO     |     F1(macro): 0.537649
2025-07-28 00:00:32 | INFO     |     F1(weighted): 0.520497
2025-07-28 00:00:32 | INFO     |     精确率: 0.587393
2025-07-28 00:00:32 | INFO     |     召回率: 0.607852
2025-07-28 00:00:32 | INFO     |   学习率调度器: f1_based
2025-07-28 00:00:32 | INFO     | ------------------------------------------------------------
2025-07-28 00:00:32 | INFO     | Epoch   7 | Train: Loss=1.6363, Acc=0.4948 | Val: Loss=1.1432, Acc=0.5985, F1=0.5205 | LR=0.000100 🏆 [最佳模型]
2025-07-28 00:01:13 | INFO     | Epoch 8:
2025-07-28 00:01:13 | INFO     |   训练指标:
2025-07-28 00:01:13 | INFO     |     损失(ce): 1.566840
2025-07-28 00:01:13 | INFO     |     准确率: 0.509893
2025-07-28 00:01:13 | INFO     |     学习率: 0.00010000
2025-07-28 00:01:13 | INFO     |   验证指标(标准CE):
2025-07-28 00:01:13 | INFO     |     损失: 1.155964
2025-07-28 00:01:13 | INFO     |     准确率: 0.569035
2025-07-28 00:01:13 | INFO     |     F1(macro): 0.526669
2025-07-28 00:01:13 | INFO     |     F1(weighted): 0.511417
2025-07-28 00:01:13 | INFO     |     精确率: 0.589884
2025-07-28 00:01:13 | INFO     |     召回率: 0.582930
2025-07-28 00:01:13 | INFO     |   学习率调度器: f1_based
2025-07-28 00:01:13 | INFO     | ------------------------------------------------------------
2025-07-28 00:01:13 | INFO     | Epoch   8 | Train: Loss=1.5668, Acc=0.5099 | Val: Loss=1.1560, Acc=0.5690, F1=0.5114 | LR=0.000100 
2025-07-28 00:01:54 | INFO     | Epoch 9:
2025-07-28 00:01:54 | INFO     |   训练指标:
2025-07-28 00:01:54 | INFO     |     损失(ce): 1.475162
2025-07-28 00:01:54 | INFO     |     准确率: 0.546110
2025-07-28 00:01:54 | INFO     |     学习率: 0.00010000
2025-07-28 00:01:54 | INFO     |   验证指标(标准CE):
2025-07-28 00:01:54 | INFO     |     损失: 0.906711
2025-07-28 00:01:54 | INFO     |     准确率: 0.681635
2025-07-28 00:01:54 | INFO     |     F1(macro): 0.669698
2025-07-28 00:01:54 | INFO     |     F1(weighted): 0.655258
2025-07-28 00:01:54 | INFO     |     精确率: 0.713199
2025-07-28 00:01:54 | INFO     |     召回率: 0.691606
2025-07-28 00:01:54 | INFO     |   学习率调度器: f1_based
2025-07-28 00:01:54 | INFO     | ------------------------------------------------------------
2025-07-28 00:01:54 | INFO     | Epoch   9 | Train: Loss=1.4752, Acc=0.5461 | Val: Loss=0.9067, Acc=0.6816, F1=0.6553 | LR=0.000100 🏆 [最佳模型]
2025-07-28 00:02:34 | INFO     | Epoch 10:
2025-07-28 00:02:34 | INFO     |   训练指标:
2025-07-28 00:02:34 | INFO     |     损失(ce): 1.394525
2025-07-28 00:02:34 | INFO     |     准确率: 0.570087
2025-07-28 00:02:34 | INFO     |     学习率: 0.00010000
2025-07-28 00:02:34 | INFO     |   验证指标(标准CE):
2025-07-28 00:02:34 | INFO     |     损失: 0.941649
2025-07-28 00:02:34 | INFO     |     准确率: 0.666890
2025-07-28 00:02:34 | INFO     |     F1(macro): 0.615273
2025-07-28 00:02:34 | INFO     |     F1(weighted): 0.605475
2025-07-28 00:02:34 | INFO     |     精确率: 0.633106
2025-07-28 00:02:34 | INFO     |     召回率: 0.675293
2025-07-28 00:02:34 | INFO     |   学习率调度器: f1_based
2025-07-28 00:02:34 | INFO     | ------------------------------------------------------------
2025-07-28 00:02:34 | INFO     | Epoch  10 | Train: Loss=1.3945, Acc=0.5701 | Val: Loss=0.9416, Acc=0.6669, F1=0.6055 | LR=0.000100 
2025-07-28 00:03:15 | INFO     | Epoch 11:
2025-07-28 00:03:15 | INFO     |   训练指标:
2025-07-28 00:03:15 | INFO     |     损失(ce): 1.325403
2025-07-28 00:03:15 | INFO     |     准确率: 0.580818
2025-07-28 00:03:15 | INFO     |     学习率: 0.00010000
2025-07-28 00:03:15 | INFO     |   验证指标(标准CE):
2025-07-28 00:03:15 | INFO     |     损失: 1.021985
2025-07-28 00:03:15 | INFO     |     准确率: 0.670912
2025-07-28 00:03:15 | INFO     |     F1(macro): 0.650717
2025-07-28 00:03:15 | INFO     |     F1(weighted): 0.638414
2025-07-28 00:03:15 | INFO     |     精确率: 0.689115
2025-07-28 00:03:15 | INFO     |     召回率: 0.684244
2025-07-28 00:03:15 | INFO     |   学习率调度器: f1_based
2025-07-28 00:03:15 | INFO     | ------------------------------------------------------------
2025-07-28 00:03:15 | INFO     | Epoch  11 | Train: Loss=1.3254, Acc=0.5808 | Val: Loss=1.0220, Acc=0.6709, F1=0.6384 | LR=0.000100 
2025-07-28 00:03:55 | INFO     | Epoch 12:
2025-07-28 00:03:55 | INFO     |   训练指标:
2025-07-28 00:03:55 | INFO     |     损失(ce): 1.229764
2025-07-28 00:03:55 | INFO     |     准确率: 0.622569
2025-07-28 00:03:55 | INFO     |     学习率: 0.00010000
2025-07-28 00:03:55 | INFO     |   验证指标(标准CE):
2025-07-28 00:03:55 | INFO     |     损失: 0.907025
2025-07-28 00:03:55 | INFO     |     准确率: 0.705094
2025-07-28 00:03:55 | INFO     |     F1(macro): 0.679375
2025-07-28 00:03:55 | INFO     |     F1(weighted): 0.667250
2025-07-28 00:03:55 | INFO     |     精确率: 0.719437
2025-07-28 00:03:55 | INFO     |     召回率: 0.714074
2025-07-28 00:03:55 | INFO     |   学习率调度器: f1_based
2025-07-28 00:03:55 | INFO     | ------------------------------------------------------------
2025-07-28 00:03:55 | INFO     | Epoch  12 | Train: Loss=1.2298, Acc=0.6226 | Val: Loss=0.9070, Acc=0.7051, F1=0.6672 | LR=0.000100 🏆 [最佳模型]
2025-07-28 00:04:35 | INFO     | Epoch 13:
2025-07-28 00:04:35 | INFO     |   训练指标:
2025-07-28 00:04:35 | INFO     |     损失(ce): 1.224318
2025-07-28 00:04:35 | INFO     |     准确率: 0.611502
2025-07-28 00:04:35 | INFO     |     学习率: 0.00010000
2025-07-28 00:04:35 | INFO     |   验证指标(标准CE):
2025-07-28 00:04:35 | INFO     |     损失: 0.732016
2025-07-28 00:04:35 | INFO     |     准确率: 0.778150
2025-07-28 00:04:35 | INFO     |     F1(macro): 0.767608
2025-07-28 00:04:35 | INFO     |     F1(weighted): 0.762404
2025-07-28 00:04:35 | INFO     |     精确率: 0.791466
2025-07-28 00:04:35 | INFO     |     召回率: 0.783037
2025-07-28 00:04:35 | INFO     |   学习率调度器: f1_based
2025-07-28 00:04:35 | INFO     | ------------------------------------------------------------
2025-07-28 00:04:35 | INFO     | Epoch  13 | Train: Loss=1.2243, Acc=0.6115 | Val: Loss=0.7320, Acc=0.7782, F1=0.7624 | LR=0.000100 🏆 [最佳模型]
2025-07-28 00:05:17 | INFO     | Epoch 14:
2025-07-28 00:05:17 | INFO     |   训练指标:
2025-07-28 00:05:17 | INFO     |     损失(ce): 1.085387
2025-07-28 00:05:17 | INFO     |     准确率: 0.657445
2025-07-28 00:05:17 | INFO     |     学习率: 0.00010000
2025-07-28 00:05:17 | INFO     |   验证指标(标准CE):
2025-07-28 00:05:17 | INFO     |     损失: 0.700885
2025-07-28 00:05:17 | INFO     |     准确率: 0.776139
2025-07-28 00:05:17 | INFO     |     F1(macro): 0.763826
2025-07-28 00:05:17 | INFO     |     F1(weighted): 0.758283
2025-07-28 00:05:17 | INFO     |     精确率: 0.837020
2025-07-28 00:05:17 | INFO     |     召回率: 0.784903
2025-07-28 00:05:17 | INFO     |   学习率调度器: f1_based
2025-07-28 00:05:17 | INFO     | ------------------------------------------------------------
2025-07-28 00:05:17 | INFO     | Epoch  14 | Train: Loss=1.0854, Acc=0.6574 | Val: Loss=0.7009, Acc=0.7761, F1=0.7583 | LR=0.000100 
2025-07-28 00:05:59 | INFO     | Epoch 15:
2025-07-28 00:05:59 | INFO     |   训练指标:
2025-07-28 00:05:59 | INFO     |     损失(ce): 1.069497
2025-07-28 00:05:59 | INFO     |     准确率: 0.668176
2025-07-28 00:05:59 | INFO     |     学习率: 0.00010000
2025-07-28 00:05:59 | INFO     |   验证指标(标准CE):
2025-07-28 00:05:59 | INFO     |     损失: 0.606379
2025-07-28 00:05:59 | INFO     |     准确率: 0.780161
2025-07-28 00:05:59 | INFO     |     F1(macro): 0.769306
2025-07-28 00:05:59 | INFO     |     F1(weighted): 0.764226
2025-07-28 00:05:59 | INFO     |     精确率: 0.808027
2025-07-28 00:05:59 | INFO     |     召回率: 0.785094
2025-07-28 00:05:59 | INFO     |   学习率调度器: f1_based
2025-07-28 00:05:59 | INFO     | ------------------------------------------------------------
2025-07-28 00:05:59 | INFO     | Epoch  15 | Train: Loss=1.0695, Acc=0.6682 | Val: Loss=0.6064, Acc=0.7802, F1=0.7642 | LR=0.000100 🏆 [最佳模型]
2025-07-28 00:06:41 | INFO     | Epoch 16:
2025-07-28 00:06:41 | INFO     |   训练指标:
2025-07-28 00:06:41 | INFO     |     损失(ce): 1.038116
2025-07-28 00:06:41 | INFO     |     准确率: 0.675386
2025-07-28 00:06:41 | INFO     |     学习率: 0.00010000
2025-07-28 00:06:41 | INFO     |   验证指标(标准CE):
2025-07-28 00:06:41 | INFO     |     损失: 0.663507
2025-07-28 00:06:41 | INFO     |     准确率: 0.778820
2025-07-28 00:06:41 | INFO     |     F1(macro): 0.768361
2025-07-28 00:06:41 | INFO     |     F1(weighted): 0.762920
2025-07-28 00:06:41 | INFO     |     精确率: 0.795050
2025-07-28 00:06:41 | INFO     |     召回率: 0.788392
2025-07-28 00:06:41 | INFO     |   学习率调度器: f1_based
2025-07-28 00:06:41 | INFO     | ------------------------------------------------------------
2025-07-28 00:06:41 | INFO     | Epoch  16 | Train: Loss=1.0381, Acc=0.6754 | Val: Loss=0.6635, Acc=0.7788, F1=0.7629 | LR=0.000100 
2025-07-28 00:07:23 | INFO     | Epoch 17:
2025-07-28 00:07:23 | INFO     |   训练指标:
2025-07-28 00:07:23 | INFO     |     损失(ce): 0.967955
2025-07-28 00:07:23 | INFO     |     准确率: 0.697015
2025-07-28 00:07:23 | INFO     |     学习率: 0.00010000
2025-07-28 00:07:23 | INFO     |   验证指标(标准CE):
2025-07-28 00:07:23 | INFO     |     损失: 0.642401
2025-07-28 00:07:23 | INFO     |     准确率: 0.802949
2025-07-28 00:07:23 | INFO     |     F1(macro): 0.803946
2025-07-28 00:07:23 | INFO     |     F1(weighted): 0.790173
2025-07-28 00:07:23 | INFO     |     精确率: 0.855234
2025-07-28 00:07:23 | INFO     |     召回率: 0.819779
2025-07-28 00:07:23 | INFO     |   学习率调度器: f1_based
2025-07-28 00:07:23 | INFO     | ------------------------------------------------------------
2025-07-28 00:07:23 | INFO     | Epoch  17 | Train: Loss=0.9680, Acc=0.6970 | Val: Loss=0.6424, Acc=0.8029, F1=0.7902 | LR=0.000100 🏆 [最佳模型]
2025-07-28 00:08:04 | INFO     | Epoch 18:
2025-07-28 00:08:04 | INFO     |   训练指标:
2025-07-28 00:08:04 | INFO     |     损失(ce): 0.942393
2025-07-28 00:08:04 | INFO     |     准确率: 0.704058
2025-07-28 00:08:04 | INFO     |     学习率: 0.00010000
2025-07-28 00:08:04 | INFO     |   验证指标(标准CE):
2025-07-28 00:08:04 | INFO     |     损失: 0.590239
2025-07-28 00:08:04 | INFO     |     准确率: 0.810992
2025-07-28 00:08:04 | INFO     |     F1(macro): 0.809113
2025-07-28 00:08:04 | INFO     |     F1(weighted): 0.798688
2025-07-28 00:08:04 | INFO     |     精确率: 0.849377
2025-07-28 00:08:04 | INFO     |     召回率: 0.825003
2025-07-28 00:08:04 | INFO     |   学习率调度器: f1_based
2025-07-28 00:08:04 | INFO     | ------------------------------------------------------------
2025-07-28 00:08:04 | INFO     | Epoch  18 | Train: Loss=0.9424, Acc=0.7041 | Val: Loss=0.5902, Acc=0.8110, F1=0.7987 | LR=0.000100 🏆 [最佳模型]
2025-07-28 00:08:45 | INFO     | Epoch 19:
2025-07-28 00:08:45 | INFO     |   训练指标:
2025-07-28 00:08:45 | INFO     |     损失(ce): 0.873662
2025-07-28 00:08:45 | INFO     |     准确率: 0.720154
2025-07-28 00:08:45 | INFO     |     学习率: 0.00010000
2025-07-28 00:08:45 | INFO     |   验证指标(标准CE):
2025-07-28 00:08:45 | INFO     |     损失: 0.605574
2025-07-28 00:08:45 | INFO     |     准确率: 0.787534
2025-07-28 00:08:45 | INFO     |     F1(macro): 0.788491
2025-07-28 00:08:45 | INFO     |     F1(weighted): 0.773663
2025-07-28 00:08:45 | INFO     |     精确率: 0.840434
2025-07-28 00:08:45 | INFO     |     召回率: 0.804824
2025-07-28 00:08:45 | INFO     |   学习率调度器: f1_based
2025-07-28 00:08:45 | INFO     | ------------------------------------------------------------
2025-07-28 00:08:45 | INFO     | Epoch  19 | Train: Loss=0.8737, Acc=0.7202 | Val: Loss=0.6056, Acc=0.7875, F1=0.7737 | LR=0.000100 
2025-07-28 00:09:27 | INFO     | Epoch 20:
2025-07-28 00:09:27 | INFO     |   训练指标:
2025-07-28 00:09:27 | INFO     |     损失(ce): 0.855284
2025-07-28 00:09:27 | INFO     |     准确率: 0.731221
2025-07-28 00:09:27 | INFO     |     学习率: 0.00010000
2025-07-28 00:09:27 | INFO     |   验证指标(标准CE):
2025-07-28 00:09:27 | INFO     |     损失: 0.612428
2025-07-28 00:09:27 | INFO     |     准确率: 0.819705
2025-07-28 00:09:27 | INFO     |     F1(macro): 0.810942
2025-07-28 00:09:27 | INFO     |     F1(weighted): 0.797430
2025-07-28 00:09:27 | INFO     |     精确率: 0.832346
2025-07-28 00:09:27 | INFO     |     召回率: 0.834228
2025-07-28 00:09:27 | INFO     |   学习率调度器: f1_based
2025-07-28 00:09:27 | INFO     | ------------------------------------------------------------
2025-07-28 00:09:27 | INFO     | Epoch  20 | Train: Loss=0.8553, Acc=0.7312 | Val: Loss=0.6124, Acc=0.8197, F1=0.7974 | LR=0.000100 
2025-07-28 00:10:08 | INFO     | Epoch 21:
2025-07-28 00:10:08 | INFO     |   训练指标:
2025-07-28 00:10:08 | INFO     |     损失(ce): 0.817349
2025-07-28 00:10:08 | INFO     |     准确率: 0.745473
2025-07-28 00:10:08 | INFO     |     学习率: 0.00010000
2025-07-28 00:10:08 | INFO     |   验证指标(标准CE):
2025-07-28 00:10:08 | INFO     |     损失: 0.767389
2025-07-28 00:10:08 | INFO     |     准确率: 0.803619
2025-07-28 00:10:08 | INFO     |     F1(macro): 0.800352
2025-07-28 00:10:08 | INFO     |     F1(weighted): 0.785434
2025-07-28 00:10:08 | INFO     |     精确率: 0.824059
2025-07-28 00:10:08 | INFO     |     召回率: 0.819005
2025-07-28 00:10:08 | INFO     |   学习率调度器: f1_based
2025-07-28 00:10:08 | INFO     | ------------------------------------------------------------
2025-07-28 00:10:08 | INFO     | Epoch  21 | Train: Loss=0.8173, Acc=0.7455 | Val: Loss=0.7674, Acc=0.8036, F1=0.7854 | LR=0.000100 
2025-07-28 00:10:49 | INFO     | Epoch 22:
2025-07-28 00:10:49 | INFO     |   训练指标:
2025-07-28 00:10:49 | INFO     |     损失(ce): 0.802688
2025-07-28 00:10:49 | INFO     |     准确率: 0.750838
2025-07-28 00:10:49 | INFO     |     学习率: 0.00010000
2025-07-28 00:10:49 | INFO     |   验证指标(标准CE):
2025-07-28 00:10:49 | INFO     |     损失: 0.489418
2025-07-28 00:10:49 | INFO     |     准确率: 0.822386
2025-07-28 00:10:49 | INFO     |     F1(macro): 0.818840
2025-07-28 00:10:49 | INFO     |     F1(weighted): 0.809987
2025-07-28 00:10:49 | INFO     |     精确率: 0.839427
2025-07-28 00:10:49 | INFO     |     召回率: 0.831876
2025-07-28 00:10:49 | INFO     |   学习率调度器: f1_based
2025-07-28 00:10:49 | INFO     | ------------------------------------------------------------
2025-07-28 00:10:49 | INFO     | Epoch  22 | Train: Loss=0.8027, Acc=0.7508 | Val: Loss=0.4894, Acc=0.8224, F1=0.8100 | LR=0.000100 🏆 [最佳模型]
2025-07-28 00:11:29 | INFO     | Epoch 23:
2025-07-28 00:11:29 | INFO     |   训练指标:
2025-07-28 00:11:29 | INFO     |     损失(ce): 0.798875
2025-07-28 00:11:29 | INFO     |     准确率: 0.756539
2025-07-28 00:11:29 | INFO     |     学习率: 0.00010000
2025-07-28 00:11:29 | INFO     |   验证指标(标准CE):
2025-07-28 00:11:29 | INFO     |     损失: 0.538831
2025-07-28 00:11:29 | INFO     |     准确率: 0.821046
2025-07-28 00:11:29 | INFO     |     F1(macro): 0.822794
2025-07-28 00:11:29 | INFO     |     F1(weighted): 0.806799
2025-07-28 00:11:29 | INFO     |     精确率: 0.880050
2025-07-28 00:11:29 | INFO     |     召回率: 0.837506
2025-07-28 00:11:29 | INFO     |   学习率调度器: f1_based
2025-07-28 00:11:29 | INFO     | ------------------------------------------------------------
2025-07-28 00:11:29 | INFO     | Epoch  23 | Train: Loss=0.7989, Acc=0.7565 | Val: Loss=0.5388, Acc=0.8210, F1=0.8068 | LR=0.000100 
2025-07-28 00:12:09 | INFO     | Epoch 24:
2025-07-28 00:12:09 | INFO     |   训练指标:
2025-07-28 00:12:09 | INFO     |     损失(ce): 0.741793
2025-07-28 00:12:09 | INFO     |     准确率: 0.770959
2025-07-28 00:12:09 | INFO     |     学习率: 0.00010000
2025-07-28 00:12:09 | INFO     |   验证指标(标准CE):
2025-07-28 00:12:09 | INFO     |     损失: 0.502494
2025-07-28 00:12:09 | INFO     |     准确率: 0.822386
2025-07-28 00:12:09 | INFO     |     F1(macro): 0.810840
2025-07-28 00:12:09 | INFO     |     F1(weighted): 0.803408
2025-07-28 00:12:09 | INFO     |     精确率: 0.837558
2025-07-28 00:12:09 | INFO     |     召回率: 0.833556
2025-07-28 00:12:09 | INFO     |   学习率调度器: f1_based
2025-07-28 00:12:09 | INFO     | ------------------------------------------------------------
2025-07-28 00:12:09 | INFO     | Epoch  24 | Train: Loss=0.7418, Acc=0.7710 | Val: Loss=0.5025, Acc=0.8224, F1=0.8034 | LR=0.000100 
2025-07-28 00:12:49 | INFO     | Epoch 25:
2025-07-28 00:12:49 | INFO     |   训练指标:
2025-07-28 00:12:49 | INFO     |     损失(ce): 0.700685
2025-07-28 00:12:49 | INFO     |     准确率: 0.775989
2025-07-28 00:12:49 | INFO     |     学习率: 0.00010000
2025-07-28 00:12:49 | INFO     |   验证指标(标准CE):
2025-07-28 00:12:49 | INFO     |     损失: 0.630841
2025-07-28 00:12:49 | INFO     |     准确率: 0.827748
2025-07-28 00:12:49 | INFO     |     F1(macro): 0.839893
2025-07-28 00:12:49 | INFO     |     F1(weighted): 0.829071
2025-07-28 00:12:49 | INFO     |     精确率: 0.896393
2025-07-28 00:12:49 | INFO     |     召回率: 0.840267
2025-07-28 00:12:49 | INFO     |   学习率调度器: f1_based
2025-07-28 00:12:49 | INFO     | ------------------------------------------------------------
2025-07-28 00:12:49 | INFO     | Epoch  25 | Train: Loss=0.7007, Acc=0.7760 | Val: Loss=0.6308, Acc=0.8277, F1=0.8291 | LR=0.000100 🏆 [最佳模型]
2025-07-28 00:13:31 | INFO     | Epoch 26:
2025-07-28 00:13:31 | INFO     |   训练指标:
2025-07-28 00:13:31 | INFO     |     损失(ce): 0.685344
2025-07-28 00:13:31 | INFO     |     准确率: 0.785882
2025-07-28 00:13:31 | INFO     |     学习率: 0.00010000
2025-07-28 00:13:31 | INFO     |   验证指标(标准CE):
2025-07-28 00:13:31 | INFO     |     损失: 0.479311
2025-07-28 00:13:31 | INFO     |     准确率: 0.846515
2025-07-28 00:13:31 | INFO     |     F1(macro): 0.853472
2025-07-28 00:13:31 | INFO     |     F1(weighted): 0.841532
2025-07-28 00:13:31 | INFO     |     精确率: 0.882630
2025-07-28 00:13:31 | INFO     |     召回率: 0.858983
2025-07-28 00:13:31 | INFO     |   学习率调度器: f1_based
2025-07-28 00:13:31 | INFO     | ------------------------------------------------------------
2025-07-28 00:13:31 | INFO     | Epoch  26 | Train: Loss=0.6853, Acc=0.7859 | Val: Loss=0.4793, Acc=0.8465, F1=0.8415 | LR=0.000100 🏆 [最佳模型]
2025-07-28 00:14:12 | INFO     | Epoch 27:
2025-07-28 00:14:12 | INFO     |   训练指标:
2025-07-28 00:14:12 | INFO     |     损失(ce): 0.664104
2025-07-28 00:14:12 | INFO     |     准确率: 0.791080
2025-07-28 00:14:12 | INFO     |     学习率: 0.00010000
2025-07-28 00:14:12 | INFO     |   验证指标(标准CE):
2025-07-28 00:14:12 | INFO     |     损失: 0.724947
2025-07-28 00:14:12 | INFO     |     准确率: 0.810322
2025-07-28 00:14:12 | INFO     |     F1(macro): 0.808363
2025-07-28 00:14:12 | INFO     |     F1(weighted): 0.798577
2025-07-28 00:14:12 | INFO     |     精确率: 0.855601
2025-07-28 00:14:12 | INFO     |     召回率: 0.822691
2025-07-28 00:14:12 | INFO     |   学习率调度器: f1_based
2025-07-28 00:14:12 | INFO     | ------------------------------------------------------------
2025-07-28 00:14:12 | INFO     | Epoch  27 | Train: Loss=0.6641, Acc=0.7911 | Val: Loss=0.7249, Acc=0.8103, F1=0.7986 | LR=0.000100 
2025-07-28 00:14:53 | INFO     | Epoch 28:
2025-07-28 00:14:53 | INFO     |   训练指标:
2025-07-28 00:14:53 | INFO     |     损失(ce): 0.643990
2025-07-28 00:14:53 | INFO     |     准确率: 0.796948
2025-07-28 00:14:53 | INFO     |     学习率: 0.00010000
2025-07-28 00:14:53 | INFO     |   验证指标(标准CE):
2025-07-28 00:14:53 | INFO     |     损失: 0.578058
2025-07-28 00:14:53 | INFO     |     准确率: 0.826408
2025-07-28 00:14:53 | INFO     |     F1(macro): 0.819296
2025-07-28 00:14:53 | INFO     |     F1(weighted): 0.803355
2025-07-28 00:14:53 | INFO     |     精确率: 0.873226
2025-07-28 00:14:53 | INFO     |     召回率: 0.842777
2025-07-28 00:14:53 | INFO     |   学习率调度器: f1_based
2025-07-28 00:14:53 | INFO     | ------------------------------------------------------------
2025-07-28 00:14:53 | INFO     | Epoch  28 | Train: Loss=0.6440, Acc=0.7969 | Val: Loss=0.5781, Acc=0.8264, F1=0.8034 | LR=0.000100 
2025-07-28 00:15:33 | INFO     | Epoch 29:
2025-07-28 00:15:33 | INFO     |   训练指标:
2025-07-28 00:15:33 | INFO     |     损失(ce): 0.593379
2025-07-28 00:15:33 | INFO     |     准确率: 0.811033
2025-07-28 00:15:33 | INFO     |     学习率: 0.00010000
2025-07-28 00:15:33 | INFO     |   验证指标(标准CE):
2025-07-28 00:15:33 | INFO     |     损失: 0.457096
2025-07-28 00:15:33 | INFO     |     准确率: 0.837131
2025-07-28 00:15:33 | INFO     |     F1(macro): 0.846951
2025-07-28 00:15:33 | INFO     |     F1(weighted): 0.835689
2025-07-28 00:15:33 | INFO     |     精确率: 0.902133
2025-07-28 00:15:33 | INFO     |     召回率: 0.848719
2025-07-28 00:15:33 | INFO     |   学习率调度器: f1_based
2025-07-28 00:15:33 | INFO     | ------------------------------------------------------------
2025-07-28 00:15:33 | INFO     | Epoch  29 | Train: Loss=0.5934, Acc=0.8110 | Val: Loss=0.4571, Acc=0.8371, F1=0.8357 | LR=0.000100 
2025-07-28 00:16:14 | INFO     | Epoch 30:
2025-07-28 00:16:14 | INFO     |   训练指标:
2025-07-28 00:16:14 | INFO     |     损失(ce): 0.595589
2025-07-28 00:16:14 | INFO     |     准确率: 0.809859
2025-07-28 00:16:14 | INFO     |     学习率: 0.00010000
2025-07-28 00:16:14 | INFO     |   验证指标(标准CE):
2025-07-28 00:16:14 | INFO     |     损失: 0.519504
2025-07-28 00:16:14 | INFO     |     准确率: 0.842493
2025-07-28 00:16:14 | INFO     |     F1(macro): 0.844763
2025-07-28 00:16:14 | INFO     |     F1(weighted): 0.836189
2025-07-28 00:16:14 | INFO     |     精确率: 0.898443
2025-07-28 00:16:14 | INFO     |     召回率: 0.849468
2025-07-28 00:16:14 | INFO     |   学习率调度器: f1_based
2025-07-28 00:16:14 | INFO     | ------------------------------------------------------------
2025-07-28 00:16:14 | INFO     | Epoch  30 | Train: Loss=0.5956, Acc=0.8099 | Val: Loss=0.5195, Acc=0.8425, F1=0.8362 | LR=0.000100 
2025-07-28 00:16:53 | INFO     | Epoch 31:
2025-07-28 00:16:53 | INFO     |   训练指标:
2025-07-28 00:16:53 | INFO     |     损失(ce): 0.613141
2025-07-28 00:16:53 | INFO     |     准确率: 0.813213
2025-07-28 00:16:53 | INFO     |     学习率: 0.00010000
2025-07-28 00:16:53 | INFO     |   验证指标(标准CE):
2025-07-28 00:16:53 | INFO     |     损失: 0.594692
2025-07-28 00:16:53 | INFO     |     准确率: 0.801609
2025-07-28 00:16:53 | INFO     |     F1(macro): 0.793447
2025-07-28 00:16:53 | INFO     |     F1(weighted): 0.783668
2025-07-28 00:16:53 | INFO     |     精确率: 0.869019
2025-07-28 00:16:53 | INFO     |     召回率: 0.813455
2025-07-28 00:16:53 | INFO     |   学习率调度器: f1_based
2025-07-28 00:16:53 | INFO     | ------------------------------------------------------------
2025-07-28 00:16:53 | INFO     | Epoch  31 | Train: Loss=0.6131, Acc=0.8132 | Val: Loss=0.5947, Acc=0.8016, F1=0.7837 | LR=0.000100 
2025-07-28 00:17:34 | INFO     | Epoch 32:
2025-07-28 00:17:34 | INFO     |   训练指标:
2025-07-28 00:17:34 | INFO     |     损失(ce): 0.566793
2025-07-28 00:17:34 | INFO     |     准确率: 0.818913
2025-07-28 00:17:34 | INFO     |     学习率: 0.00010000
2025-07-28 00:17:34 | INFO     |   验证指标(标准CE):
2025-07-28 00:17:34 | INFO     |     损失: 0.407903
2025-07-28 00:17:34 | INFO     |     准确率: 0.830429
2025-07-28 00:17:34 | INFO     |     F1(macro): 0.822353
2025-07-28 00:17:34 | INFO     |     F1(weighted): 0.819889
2025-07-28 00:17:34 | INFO     |     精确率: 0.856709
2025-07-28 00:17:34 | INFO     |     召回率: 0.833279
2025-07-28 00:17:34 | INFO     |   学习率调度器: f1_based
2025-07-28 00:17:34 | INFO     | ------------------------------------------------------------
2025-07-28 00:17:34 | INFO     | 🎯 学习率调整事件:
2025-07-28 00:17:34 | INFO     |   调度器类型: f1_based
2025-07-28 00:17:34 | INFO     |   学习率变化: 0.00010000 → 0.00005000
2025-07-28 00:17:34 | INFO     |   触发条件: F1分数 = 0.819889
2025-07-28 00:17:34 | INFO     |   变化幅度: -50.00%
2025-07-28 00:17:34 | INFO     | ------------------------------------------------------------
2025-07-28 00:17:34 | INFO     | Epoch  32 | Train: Loss=0.5668, Acc=0.8189 | Val: Loss=0.4079, Acc=0.8304, F1=0.8199 | LR=0.000050 
2025-07-28 00:18:14 | INFO     | Epoch 33:
2025-07-28 00:18:14 | INFO     |   训练指标:
2025-07-28 00:18:14 | INFO     |     损失(ce): 0.524928
2025-07-28 00:18:14 | INFO     |     准确率: 0.833669
2025-07-28 00:18:14 | INFO     |     学习率: 0.00005000
2025-07-28 00:18:14 | INFO     |   验证指标(标准CE):
2025-07-28 00:18:14 | INFO     |     损失: 0.364514
2025-07-28 00:18:14 | INFO     |     准确率: 0.844504
2025-07-28 00:18:14 | INFO     |     F1(macro): 0.840564
2025-07-28 00:18:14 | INFO     |     F1(weighted): 0.834474
2025-07-28 00:18:14 | INFO     |     精确率: 0.859457
2025-07-28 00:18:14 | INFO     |     召回率: 0.852161
2025-07-28 00:18:14 | INFO     |   学习率调度器: f1_based
2025-07-28 00:18:14 | INFO     | ------------------------------------------------------------
2025-07-28 00:18:14 | INFO     | Epoch  33 | Train: Loss=0.5249, Acc=0.8337 | Val: Loss=0.3645, Acc=0.8445, F1=0.8345 | LR=0.000050 
2025-07-28 00:18:55 | INFO     | Epoch 34:
2025-07-28 00:18:55 | INFO     |   训练指标:
2025-07-28 00:18:55 | INFO     |     损失(ce): 0.481357
2025-07-28 00:18:55 | INFO     |     准确率: 0.850101
2025-07-28 00:18:55 | INFO     |     学习率: 0.00005000
2025-07-28 00:18:55 | INFO     |   验证指标(标准CE):
2025-07-28 00:18:55 | INFO     |     损失: 0.293460
2025-07-28 00:18:55 | INFO     |     准确率: 0.868633
2025-07-28 00:18:55 | INFO     |     F1(macro): 0.870295
2025-07-28 00:18:55 | INFO     |     F1(weighted): 0.863355
2025-07-28 00:18:55 | INFO     |     精确率: 0.884807
2025-07-28 00:18:55 | INFO     |     召回率: 0.877136
2025-07-28 00:18:55 | INFO     |   学习率调度器: f1_based
2025-07-28 00:18:55 | INFO     | ------------------------------------------------------------
2025-07-28 00:18:55 | INFO     | Epoch  34 | Train: Loss=0.4814, Acc=0.8501 | Val: Loss=0.2935, Acc=0.8686, F1=0.8634 | LR=0.000050 🏆 [最佳模型]
2025-07-28 00:19:35 | INFO     | Epoch 35:
2025-07-28 00:19:35 | INFO     |   训练指标:
2025-07-28 00:19:35 | INFO     |     损失(ce): 0.474147
2025-07-28 00:19:35 | INFO     |     准确率: 0.850939
2025-07-28 00:19:35 | INFO     |     学习率: 0.00005000
2025-07-28 00:19:35 | INFO     |   验证指标(标准CE):
2025-07-28 00:19:35 | INFO     |     损失: 0.576736
2025-07-28 00:19:35 | INFO     |     准确率: 0.837802
2025-07-28 00:19:35 | INFO     |     F1(macro): 0.841102
2025-07-28 00:19:35 | INFO     |     F1(weighted): 0.828510
2025-07-28 00:19:35 | INFO     |     精确率: 0.875951
2025-07-28 00:19:35 | INFO     |     召回率: 0.850440
2025-07-28 00:19:35 | INFO     |   学习率调度器: f1_based
2025-07-28 00:19:35 | INFO     | ------------------------------------------------------------
2025-07-28 00:19:35 | INFO     | Epoch  35 | Train: Loss=0.4741, Acc=0.8509 | Val: Loss=0.5767, Acc=0.8378, F1=0.8285 | LR=0.000050 
2025-07-28 00:20:15 | INFO     | Epoch 36:
2025-07-28 00:20:15 | INFO     |   训练指标:
2025-07-28 00:20:15 | INFO     |     损失(ce): 0.456115
2025-07-28 00:20:15 | INFO     |     准确率: 0.854292
2025-07-28 00:20:15 | INFO     |     学习率: 0.00005000
2025-07-28 00:20:15 | INFO     |   验证指标(标准CE):
2025-07-28 00:20:15 | INFO     |     损失: 0.331058
2025-07-28 00:20:15 | INFO     |     准确率: 0.862601
2025-07-28 00:20:15 | INFO     |     F1(macro): 0.862850
2025-07-28 00:20:15 | INFO     |     F1(weighted): 0.858100
2025-07-28 00:20:15 | INFO     |     精确率: 0.872713
2025-07-28 00:20:15 | INFO     |     召回率: 0.867197
2025-07-28 00:20:15 | INFO     |   学习率调度器: f1_based
2025-07-28 00:20:15 | INFO     | ------------------------------------------------------------
2025-07-28 00:20:15 | INFO     | Epoch  36 | Train: Loss=0.4561, Acc=0.8543 | Val: Loss=0.3311, Acc=0.8626, F1=0.8581 | LR=0.000050 
2025-07-28 00:20:56 | INFO     | Epoch 37:
2025-07-28 00:20:56 | INFO     |   训练指标:
2025-07-28 00:20:56 | INFO     |     损失(ce): 0.470254
2025-07-28 00:20:56 | INFO     |     准确率: 0.847921
2025-07-28 00:20:56 | INFO     |     学习率: 0.00005000
2025-07-28 00:20:56 | INFO     |   验证指标(标准CE):
2025-07-28 00:20:56 | INFO     |     损失: 0.767492
2025-07-28 00:20:56 | INFO     |     准确率: 0.820375
2025-07-28 00:20:56 | INFO     |     F1(macro): 0.805934
2025-07-28 00:20:56 | INFO     |     F1(weighted): 0.797905
2025-07-28 00:20:56 | INFO     |     精确率: 0.866900
2025-07-28 00:20:56 | INFO     |     召回率: 0.827198
2025-07-28 00:20:56 | INFO     |   学习率调度器: f1_based
2025-07-28 00:20:56 | INFO     | ------------------------------------------------------------
2025-07-28 00:20:56 | INFO     | Epoch  37 | Train: Loss=0.4703, Acc=0.8479 | Val: Loss=0.7675, Acc=0.8204, F1=0.7979 | LR=0.000050 
2025-07-28 00:21:36 | INFO     | Epoch 38:
2025-07-28 00:21:36 | INFO     |   训练指标:
2025-07-28 00:21:36 | INFO     |     损失(ce): 0.457618
2025-07-28 00:21:36 | INFO     |     准确率: 0.852280
2025-07-28 00:21:36 | INFO     |     学习率: 0.00005000
2025-07-28 00:21:36 | INFO     |   验证指标(标准CE):
2025-07-28 00:21:36 | INFO     |     损失: 0.440851
2025-07-28 00:21:36 | INFO     |     准确率: 0.846515
2025-07-28 00:21:36 | INFO     |     F1(macro): 0.843746
2025-07-28 00:21:36 | INFO     |     F1(weighted): 0.833082
2025-07-28 00:21:36 | INFO     |     精确率: 0.883945
2025-07-28 00:21:36 | INFO     |     召回率: 0.856263
2025-07-28 00:21:36 | INFO     |   学习率调度器: f1_based
2025-07-28 00:21:36 | INFO     | ------------------------------------------------------------
2025-07-28 00:21:36 | INFO     | Epoch  38 | Train: Loss=0.4576, Acc=0.8523 | Val: Loss=0.4409, Acc=0.8465, F1=0.8331 | LR=0.000050 
2025-07-28 00:22:15 | INFO     | Epoch 39:
2025-07-28 00:22:15 | INFO     |   训练指标:
2025-07-28 00:22:15 | INFO     |     损失(ce): 0.452518
2025-07-28 00:22:15 | INFO     |     准确率: 0.861335
2025-07-28 00:22:15 | INFO     |     学习率: 0.00005000
2025-07-28 00:22:15 | INFO     |   验证指标(标准CE):
2025-07-28 00:22:15 | INFO     |     损失: 0.701447
2025-07-28 00:22:15 | INFO     |     准确率: 0.855898
2025-07-28 00:22:15 | INFO     |     F1(macro): 0.855780
2025-07-28 00:22:15 | INFO     |     F1(weighted): 0.844048
2025-07-28 00:22:15 | INFO     |     精确率: 0.885720
2025-07-28 00:22:15 | INFO     |     召回率: 0.866526
2025-07-28 00:22:15 | INFO     |   学习率调度器: f1_based
2025-07-28 00:22:15 | INFO     | ------------------------------------------------------------
2025-07-28 00:22:15 | INFO     | Epoch  39 | Train: Loss=0.4525, Acc=0.8613 | Val: Loss=0.7014, Acc=0.8559, F1=0.8440 | LR=0.000050 
2025-07-28 00:22:56 | INFO     | Epoch 40:
2025-07-28 00:22:56 | INFO     |   训练指标:
2025-07-28 00:22:56 | INFO     |     损失(ce): 0.423332
2025-07-28 00:22:56 | INFO     |     准确率: 0.862676
2025-07-28 00:22:56 | INFO     |     学习率: 0.00005000
2025-07-28 00:22:56 | INFO     |   验证指标(标准CE):
2025-07-28 00:22:56 | INFO     |     损失: 0.390253
2025-07-28 00:22:56 | INFO     |     准确率: 0.847855
2025-07-28 00:22:56 | INFO     |     F1(macro): 0.851543
2025-07-28 00:22:56 | INFO     |     F1(weighted): 0.848099
2025-07-28 00:22:56 | INFO     |     精确率: 0.883495
2025-07-28 00:22:56 | INFO     |     召回率: 0.853074
2025-07-28 00:22:56 | INFO     |   学习率调度器: f1_based
2025-07-28 00:22:56 | INFO     | ------------------------------------------------------------
2025-07-28 00:22:56 | INFO     | 🎯 学习率调整事件:
2025-07-28 00:22:56 | INFO     |   调度器类型: f1_based
2025-07-28 00:22:56 | INFO     |   学习率变化: 0.00005000 → 0.00002500
2025-07-28 00:22:56 | INFO     |   触发条件: F1分数 = 0.848099
2025-07-28 00:22:56 | INFO     |   变化幅度: -50.00%
2025-07-28 00:22:56 | INFO     | ------------------------------------------------------------
2025-07-28 00:22:56 | INFO     | Epoch  40 | Train: Loss=0.4233, Acc=0.8627 | Val: Loss=0.3903, Acc=0.8479, F1=0.8481 | LR=0.000025 
2025-07-28 00:23:37 | INFO     | Epoch 41:
2025-07-28 00:23:37 | INFO     |   训练指标:
2025-07-28 00:23:37 | INFO     |     损失(ce): 0.414199
2025-07-28 00:23:37 | INFO     |     准确率: 0.871730
2025-07-28 00:23:37 | INFO     |     学习率: 0.00002500
2025-07-28 00:23:37 | INFO     |   验证指标(标准CE):
2025-07-28 00:23:37 | INFO     |     损失: 0.521262
2025-07-28 00:23:37 | INFO     |     准确率: 0.847185
2025-07-28 00:23:37 | INFO     |     F1(macro): 0.849774
2025-07-28 00:23:37 | INFO     |     F1(weighted): 0.836901
2025-07-28 00:23:37 | INFO     |     精确率: 0.889572
2025-07-28 00:23:37 | INFO     |     召回率: 0.859289
2025-07-28 00:23:37 | INFO     |   学习率调度器: f1_based
2025-07-28 00:23:37 | INFO     | ------------------------------------------------------------
2025-07-28 00:23:37 | INFO     | Epoch  41 | Train: Loss=0.4142, Acc=0.8717 | Val: Loss=0.5213, Acc=0.8472, F1=0.8369 | LR=0.000025 
2025-07-28 00:24:17 | INFO     | Epoch 42:
2025-07-28 00:24:17 | INFO     |   训练指标:
2025-07-28 00:24:17 | INFO     |     损失(ce): 0.410113
2025-07-28 00:24:17 | INFO     |     准确率: 0.869048
2025-07-28 00:24:17 | INFO     |     学习率: 0.00002500
2025-07-28 00:24:17 | INFO     |   验证指标(标准CE):
2025-07-28 00:24:17 | INFO     |     损失: 0.408354
2025-07-28 00:24:17 | INFO     |     准确率: 0.843834
2025-07-28 00:24:17 | INFO     |     F1(macro): 0.844317
2025-07-28 00:24:17 | INFO     |     F1(weighted): 0.834746
2025-07-28 00:24:17 | INFO     |     精确率: 0.879806
2025-07-28 00:24:17 | INFO     |     召回率: 0.854280
2025-07-28 00:24:17 | INFO     |   学习率调度器: f1_based
2025-07-28 00:24:17 | INFO     | ------------------------------------------------------------
2025-07-28 00:24:17 | INFO     | Epoch  42 | Train: Loss=0.4101, Acc=0.8690 | Val: Loss=0.4084, Acc=0.8438, F1=0.8347 | LR=0.000025 
2025-07-28 00:24:57 | INFO     | Epoch 43:
2025-07-28 00:24:57 | INFO     |   训练指标:
2025-07-28 00:24:57 | INFO     |     损失(ce): 0.397345
2025-07-28 00:24:57 | INFO     |     准确率: 0.875922
2025-07-28 00:24:57 | INFO     |     学习率: 0.00002500
2025-07-28 00:24:57 | INFO     |   验证指标(标准CE):
2025-07-28 00:24:57 | INFO     |     损失: 0.901389
2025-07-28 00:24:57 | INFO     |     准确率: 0.845174
2025-07-28 00:24:57 | INFO     |     F1(macro): 0.850484
2025-07-28 00:24:57 | INFO     |     F1(weighted): 0.838291
2025-07-28 00:24:57 | INFO     |     精确率: 0.886676
2025-07-28 00:24:57 | INFO     |     召回率: 0.855945
2025-07-28 00:24:57 | INFO     |   学习率调度器: f1_based
2025-07-28 00:24:57 | INFO     | ------------------------------------------------------------
2025-07-28 00:24:57 | INFO     | Epoch  43 | Train: Loss=0.3973, Acc=0.8759 | Val: Loss=0.9014, Acc=0.8452, F1=0.8383 | LR=0.000025 
2025-07-28 00:25:37 | INFO     | Epoch 44:
2025-07-28 00:25:37 | INFO     |   训练指标:
2025-07-28 00:25:37 | INFO     |     损失(ce): 0.400873
2025-07-28 00:25:37 | INFO     |     准确率: 0.876258
2025-07-28 00:25:37 | INFO     |     学习率: 0.00002500
2025-07-28 00:25:37 | INFO     |   验证指标(标准CE):
2025-07-28 00:25:37 | INFO     |     损失: 0.276063
2025-07-28 00:25:37 | INFO     |     准确率: 0.900134
2025-07-28 00:25:37 | INFO     |     F1(macro): 0.905868
2025-07-28 00:25:37 | INFO     |     F1(weighted): 0.900166
2025-07-28 00:25:37 | INFO     |     精确率: 0.917810
2025-07-28 00:25:37 | INFO     |     召回率: 0.905782
2025-07-28 00:25:37 | INFO     |   学习率调度器: f1_based
2025-07-28 00:25:37 | INFO     | ------------------------------------------------------------
2025-07-28 00:25:37 | INFO     | Epoch  44 | Train: Loss=0.4009, Acc=0.8763 | Val: Loss=0.2761, Acc=0.9001, F1=0.9002 | LR=0.000025 🏆 [最佳模型]
2025-07-28 00:26:19 | INFO     | Epoch 45:
2025-07-28 00:26:19 | INFO     |   训练指标:
2025-07-28 00:26:19 | INFO     |     损失(ce): 0.386950
2025-07-28 00:26:19 | INFO     |     准确率: 0.875084
2025-07-28 00:26:19 | INFO     |     学习率: 0.00002500
2025-07-28 00:26:19 | INFO     |   验证指标(标准CE):
2025-07-28 00:26:19 | INFO     |     损失: 0.579899
2025-07-28 00:26:19 | INFO     |     准确率: 0.831769
2025-07-28 00:26:19 | INFO     |     F1(macro): 0.820702
2025-07-28 00:26:19 | INFO     |     F1(weighted): 0.815322
2025-07-28 00:26:19 | INFO     |     精确率: 0.875085
2025-07-28 00:26:19 | INFO     |     召回率: 0.836377
2025-07-28 00:26:19 | INFO     |   学习率调度器: f1_based
2025-07-28 00:26:19 | INFO     | ------------------------------------------------------------
2025-07-28 00:26:19 | INFO     | Epoch  45 | Train: Loss=0.3870, Acc=0.8751 | Val: Loss=0.5799, Acc=0.8318, F1=0.8153 | LR=0.000025 
2025-07-28 00:27:01 | INFO     | Epoch 46:
2025-07-28 00:27:01 | INFO     |   训练指标:
2025-07-28 00:27:01 | INFO     |     损失(ce): 0.396033
2025-07-28 00:27:01 | INFO     |     准确率: 0.877934
2025-07-28 00:27:01 | INFO     |     学习率: 0.00002500
2025-07-28 00:27:01 | INFO     |   验证指标(标准CE):
2025-07-28 00:27:01 | INFO     |     损失: 1.092445
2025-07-28 00:27:01 | INFO     |     准确率: 0.815684
2025-07-28 00:27:01 | INFO     |     F1(macro): 0.806033
2025-07-28 00:27:01 | INFO     |     F1(weighted): 0.798163
2025-07-28 00:27:01 | INFO     |     精确率: 0.826304
2025-07-28 00:27:01 | INFO     |     召回率: 0.823256
2025-07-28 00:27:01 | INFO     |   学习率调度器: f1_based
2025-07-28 00:27:01 | INFO     | ------------------------------------------------------------
2025-07-28 00:27:01 | INFO     | Epoch  46 | Train: Loss=0.3960, Acc=0.8779 | Val: Loss=1.0924, Acc=0.8157, F1=0.7982 | LR=0.000025 
2025-07-28 00:27:43 | INFO     | Epoch 47:
2025-07-28 00:27:43 | INFO     |   训练指标:
2025-07-28 00:27:43 | INFO     |     损失(ce): 0.400651
2025-07-28 00:27:43 | INFO     |     准确率: 0.875252
2025-07-28 00:27:43 | INFO     |     学习率: 0.00002500
2025-07-28 00:27:43 | INFO     |   验证指标(标准CE):
2025-07-28 00:27:43 | INFO     |     损失: 0.412380
2025-07-28 00:27:43 | INFO     |     准确率: 0.872654
2025-07-28 00:27:43 | INFO     |     F1(macro): 0.859408
2025-07-28 00:27:43 | INFO     |     F1(weighted): 0.861012
2025-07-28 00:27:43 | INFO     |     精确率: 0.897743
2025-07-28 00:27:43 | INFO     |     召回率: 0.871043
2025-07-28 00:27:43 | INFO     |   学习率调度器: f1_based
2025-07-28 00:27:43 | INFO     | ------------------------------------------------------------
2025-07-28 00:27:43 | INFO     | Epoch  47 | Train: Loss=0.4007, Acc=0.8753 | Val: Loss=0.4124, Acc=0.8727, F1=0.8610 | LR=0.000025 
2025-07-28 00:28:25 | INFO     | Epoch 48:
2025-07-28 00:28:25 | INFO     |   训练指标:
2025-07-28 00:28:25 | INFO     |     损失(ce): 0.399881
2025-07-28 00:28:25 | INFO     |     准确率: 0.874916
2025-07-28 00:28:25 | INFO     |     学习率: 0.00002500
2025-07-28 00:28:25 | INFO     |   验证指标(标准CE):
2025-07-28 00:28:25 | INFO     |     损失: 0.663923
2025-07-28 00:28:25 | INFO     |     准确率: 0.850536
2025-07-28 00:28:25 | INFO     |     F1(macro): 0.838304
2025-07-28 00:28:25 | INFO     |     F1(weighted): 0.836895
2025-07-28 00:28:25 | INFO     |     精确率: 0.848983
2025-07-28 00:28:25 | INFO     |     召回率: 0.853894
2025-07-28 00:28:25 | INFO     |   学习率调度器: f1_based
2025-07-28 00:28:25 | INFO     | ------------------------------------------------------------
2025-07-28 00:28:25 | INFO     | Epoch  48 | Train: Loss=0.3999, Acc=0.8749 | Val: Loss=0.6639, Acc=0.8505, F1=0.8369 | LR=0.000025 
2025-07-28 00:29:06 | INFO     | Epoch 49:
2025-07-28 00:29:06 | INFO     |   训练指标:
2025-07-28 00:29:06 | INFO     |     损失(ce): 0.367637
2025-07-28 00:29:06 | INFO     |     准确率: 0.881958
2025-07-28 00:29:06 | INFO     |     学习率: 0.00002500
2025-07-28 00:29:06 | INFO     |   验证指标(标准CE):
2025-07-28 00:29:06 | INFO     |     损失: 0.694176
2025-07-28 00:29:06 | INFO     |     准确率: 0.847855
2025-07-28 00:29:06 | INFO     |     F1(macro): 0.854506
2025-07-28 00:29:06 | INFO     |     F1(weighted): 0.843378
2025-07-28 00:29:06 | INFO     |     精确率: 0.883093
2025-07-28 00:29:06 | INFO     |     召回率: 0.859970
2025-07-28 00:29:06 | INFO     |   学习率调度器: f1_based
2025-07-28 00:29:06 | INFO     | ------------------------------------------------------------
2025-07-28 00:29:06 | INFO     | Epoch  49 | Train: Loss=0.3676, Acc=0.8820 | Val: Loss=0.6942, Acc=0.8479, F1=0.8434 | LR=0.000025 
2025-07-28 00:29:47 | INFO     | Epoch 50:
2025-07-28 00:29:47 | INFO     |   训练指标:
2025-07-28 00:29:47 | INFO     |     损失(ce): 0.372932
2025-07-28 00:29:47 | INFO     |     准确率: 0.879611
2025-07-28 00:29:47 | INFO     |     学习率: 0.00002500
2025-07-28 00:29:47 | INFO     |   验证指标(标准CE):
2025-07-28 00:29:47 | INFO     |     损失: 0.441377
2025-07-28 00:29:47 | INFO     |     准确率: 0.884718
2025-07-28 00:29:47 | INFO     |     F1(macro): 0.885938
2025-07-28 00:29:47 | INFO     |     F1(weighted): 0.876781
2025-07-28 00:29:47 | INFO     |     精确率: 0.915494
2025-07-28 00:29:47 | INFO     |     召回率: 0.895110
2025-07-28 00:29:47 | INFO     |   学习率调度器: f1_based
2025-07-28 00:29:47 | INFO     | ------------------------------------------------------------
2025-07-28 00:29:47 | INFO     | 🎯 学习率调整事件:
2025-07-28 00:29:47 | INFO     |   调度器类型: f1_based
2025-07-28 00:29:47 | INFO     |   学习率变化: 0.00002500 → 0.00001250
2025-07-28 00:29:47 | INFO     |   触发条件: F1分数 = 0.876781
2025-07-28 00:29:47 | INFO     |   变化幅度: -50.00%
2025-07-28 00:29:47 | INFO     | ------------------------------------------------------------
2025-07-28 00:29:47 | INFO     | Epoch  50 | Train: Loss=0.3729, Acc=0.8796 | Val: Loss=0.4414, Acc=0.8847, F1=0.8768 | LR=0.000013 
2025-07-28 00:30:28 | INFO     | Epoch 51:
2025-07-28 00:30:28 | INFO     |   训练指标:
2025-07-28 00:30:28 | INFO     |     损失(ce): 0.355139
2025-07-28 00:30:28 | INFO     |     准确率: 0.884641
2025-07-28 00:30:28 | INFO     |     学习率: 0.00001250
2025-07-28 00:30:28 | INFO     |   验证指标(标准CE):
2025-07-28 00:30:28 | INFO     |     损失: 1.261368
2025-07-28 00:30:28 | INFO     |     准确率: 0.859920
2025-07-28 00:30:28 | INFO     |     F1(macro): 0.863950
2025-07-28 00:30:28 | INFO     |     F1(weighted): 0.850184
2025-07-28 00:30:28 | INFO     |     精确率: 0.893442
2025-07-28 00:30:28 | INFO     |     召回率: 0.874206
2025-07-28 00:30:28 | INFO     |   学习率调度器: f1_based
2025-07-28 00:30:28 | INFO     | ------------------------------------------------------------
2025-07-28 00:30:28 | INFO     | Epoch  51 | Train: Loss=0.3551, Acc=0.8846 | Val: Loss=1.2614, Acc=0.8599, F1=0.8502 | LR=0.000013 
2025-07-28 00:31:09 | INFO     | Epoch 52:
2025-07-28 00:31:09 | INFO     |   训练指标:
2025-07-28 00:31:09 | INFO     |     损失(ce): 0.354750
2025-07-28 00:31:09 | INFO     |     准确率: 0.893528
2025-07-28 00:31:09 | INFO     |     学习率: 0.00001250
2025-07-28 00:31:09 | INFO     |   验证指标(标准CE):
2025-07-28 00:31:09 | INFO     |     损失: 0.583267
2025-07-28 00:31:09 | INFO     |     准确率: 0.876676
2025-07-28 00:31:09 | INFO     |     F1(macro): 0.865625
2025-07-28 00:31:09 | INFO     |     F1(weighted): 0.865561
2025-07-28 00:31:09 | INFO     |     精确率: 0.868603
2025-07-28 00:31:09 | INFO     |     召回率: 0.878680
2025-07-28 00:31:09 | INFO     |   学习率调度器: f1_based
2025-07-28 00:31:09 | INFO     | ------------------------------------------------------------
2025-07-28 00:31:09 | INFO     | Epoch  52 | Train: Loss=0.3548, Acc=0.8935 | Val: Loss=0.5833, Acc=0.8767, F1=0.8656 | LR=0.000013 
2025-07-28 00:31:49 | INFO     | Epoch 53:
2025-07-28 00:31:49 | INFO     |   训练指标:
2025-07-28 00:31:49 | INFO     |     损失(ce): 0.364889
2025-07-28 00:31:49 | INFO     |     准确率: 0.885815
2025-07-28 00:31:49 | INFO     |     学习率: 0.00001250
2025-07-28 00:31:49 | INFO     |   验证指标(标准CE):
2025-07-28 00:31:49 | INFO     |     损失: 0.561603
2025-07-28 00:31:49 | INFO     |     准确率: 0.878686
2025-07-28 00:31:49 | INFO     |     F1(macro): 0.878904
2025-07-28 00:31:49 | INFO     |     F1(weighted): 0.868207
2025-07-28 00:31:49 | INFO     |     精确率: 0.906872
2025-07-28 00:31:49 | INFO     |     召回率: 0.890779
2025-07-28 00:31:49 | INFO     |   学习率调度器: f1_based
2025-07-28 00:31:49 | INFO     | ------------------------------------------------------------
2025-07-28 00:31:49 | INFO     | Epoch  53 | Train: Loss=0.3649, Acc=0.8858 | Val: Loss=0.5616, Acc=0.8787, F1=0.8682 | LR=0.000013 
2025-07-28 00:32:30 | INFO     | Epoch 54:
2025-07-28 00:32:30 | INFO     |   训练指标:
2025-07-28 00:32:30 | INFO     |     损失(ce): 0.366046
2025-07-28 00:32:30 | INFO     |     准确率: 0.884474
2025-07-28 00:32:30 | INFO     |     学习率: 0.00001250
2025-07-28 00:32:30 | INFO     |   验证指标(标准CE):
2025-07-28 00:32:30 | INFO     |     损失: 0.299789
2025-07-28 00:32:30 | INFO     |     准确率: 0.904826
2025-07-28 00:32:30 | INFO     |     F1(macro): 0.907576
2025-07-28 00:32:30 | INFO     |     F1(weighted): 0.900372
2025-07-28 00:32:30 | INFO     |     精确率: 0.927365
2025-07-28 00:32:30 | INFO     |     召回率: 0.911896
2025-07-28 00:32:30 | INFO     |   学习率调度器: f1_based
2025-07-28 00:32:30 | INFO     | ------------------------------------------------------------
2025-07-28 00:32:30 | INFO     | Epoch  54 | Train: Loss=0.3660, Acc=0.8845 | Val: Loss=0.2998, Acc=0.9048, F1=0.9004 | LR=0.000013 🏆 [最佳模型]
2025-07-28 00:33:11 | INFO     | Epoch 55:
2025-07-28 00:33:11 | INFO     |   训练指标:
2025-07-28 00:33:11 | INFO     |     损失(ce): 0.342320
2025-07-28 00:33:11 | INFO     |     准确率: 0.891851
2025-07-28 00:33:11 | INFO     |     学习率: 0.00001250
2025-07-28 00:33:11 | INFO     |   验证指标(标准CE):
2025-07-28 00:33:11 | INFO     |     损失: 0.575809
2025-07-28 00:33:11 | INFO     |     准确率: 0.891421
2025-07-28 00:33:11 | INFO     |     F1(macro): 0.892205
2025-07-28 00:33:11 | INFO     |     F1(weighted): 0.882039
2025-07-28 00:33:11 | INFO     |     精确率: 0.919359
2025-07-28 00:33:11 | INFO     |     召回率: 0.900860
2025-07-28 00:33:11 | INFO     |   学习率调度器: f1_based
2025-07-28 00:33:11 | INFO     | ------------------------------------------------------------
2025-07-28 00:33:11 | INFO     | Epoch  55 | Train: Loss=0.3423, Acc=0.8919 | Val: Loss=0.5758, Acc=0.8914, F1=0.8820 | LR=0.000013 
2025-07-28 00:33:52 | INFO     | Epoch 56:
2025-07-28 00:33:52 | INFO     |   训练指标:
2025-07-28 00:33:52 | INFO     |     损失(ce): 0.327752
2025-07-28 00:33:52 | INFO     |     准确率: 0.891348
2025-07-28 00:33:52 | INFO     |     学习率: 0.00001250
2025-07-28 00:33:52 | INFO     |   验证指标(标准CE):
2025-07-28 00:33:52 | INFO     |     损失: 1.098114
2025-07-28 00:33:52 | INFO     |     准确率: 0.831769
2025-07-28 00:33:52 | INFO     |     F1(macro): 0.838284
2025-07-28 00:33:52 | INFO     |     F1(weighted): 0.823089
2025-07-28 00:33:52 | INFO     |     精确率: 0.870089
2025-07-28 00:33:52 | INFO     |     召回率: 0.847063
2025-07-28 00:33:52 | INFO     |   学习率调度器: f1_based
2025-07-28 00:33:52 | INFO     | ------------------------------------------------------------
2025-07-28 00:33:52 | INFO     | Epoch  56 | Train: Loss=0.3278, Acc=0.8913 | Val: Loss=1.0981, Acc=0.8318, F1=0.8231 | LR=0.000013 
2025-07-28 00:34:32 | INFO     | Epoch 57:
2025-07-28 00:34:32 | INFO     |   训练指标:
2025-07-28 00:34:32 | INFO     |     损失(ce): 0.371910
2025-07-28 00:34:32 | INFO     |     准确率: 0.884641
2025-07-28 00:34:32 | INFO     |     学习率: 0.00001250
2025-07-28 00:34:32 | INFO     |   验证指标(标准CE):
2025-07-28 00:34:32 | INFO     |     损失: 0.252277
2025-07-28 00:34:32 | INFO     |     准确率: 0.912869
2025-07-28 00:34:32 | INFO     |     F1(macro): 0.916448
2025-07-28 00:34:32 | INFO     |     F1(weighted): 0.912974
2025-07-28 00:34:32 | INFO     |     精确率: 0.924405
2025-07-28 00:34:32 | INFO     |     召回率: 0.917477
2025-07-28 00:34:32 | INFO     |   学习率调度器: f1_based
2025-07-28 00:34:32 | INFO     | ------------------------------------------------------------
2025-07-28 00:34:32 | INFO     | Epoch  57 | Train: Loss=0.3719, Acc=0.8846 | Val: Loss=0.2523, Acc=0.9129, F1=0.9130 | LR=0.000013 🏆 [最佳模型]
2025-07-28 00:35:13 | INFO     | Epoch 58:
2025-07-28 00:35:13 | INFO     |   训练指标:
2025-07-28 00:35:13 | INFO     |     损失(ce): 0.331053
2025-07-28 00:35:13 | INFO     |     准确率: 0.891348
2025-07-28 00:35:13 | INFO     |     学习率: 0.00001250
2025-07-28 00:35:13 | INFO     |   验证指标(标准CE):
2025-07-28 00:35:13 | INFO     |     损失: 0.565795
2025-07-28 00:35:13 | INFO     |     准确率: 0.874665
2025-07-28 00:35:13 | INFO     |     F1(macro): 0.875730
2025-07-28 00:35:13 | INFO     |     F1(weighted): 0.868456
2025-07-28 00:35:13 | INFO     |     精确率: 0.904749
2025-07-28 00:35:13 | INFO     |     召回率: 0.880360
2025-07-28 00:35:13 | INFO     |   学习率调度器: f1_based
2025-07-28 00:35:13 | INFO     | ------------------------------------------------------------
2025-07-28 00:35:13 | INFO     | Epoch  58 | Train: Loss=0.3311, Acc=0.8913 | Val: Loss=0.5658, Acc=0.8747, F1=0.8685 | LR=0.000013 
2025-07-28 00:35:54 | INFO     | Epoch 59:
2025-07-28 00:35:54 | INFO     |   训练指标:
2025-07-28 00:35:54 | INFO     |     损失(ce): 0.354372
2025-07-28 00:35:54 | INFO     |     准确率: 0.890845
2025-07-28 00:35:54 | INFO     |     学习率: 0.00001250
2025-07-28 00:35:54 | INFO     |   验证指标(标准CE):
2025-07-28 00:35:54 | INFO     |     损失: 0.300593
2025-07-28 00:35:54 | INFO     |     准确率: 0.877346
2025-07-28 00:35:54 | INFO     |     F1(macro): 0.880450
2025-07-28 00:35:54 | INFO     |     F1(weighted): 0.876407
2025-07-28 00:35:54 | INFO     |     精确率: 0.898679
2025-07-28 00:35:54 | INFO     |     召回率: 0.881519
2025-07-28 00:35:54 | INFO     |   学习率调度器: f1_based
2025-07-28 00:35:54 | INFO     | ------------------------------------------------------------
2025-07-28 00:35:54 | INFO     | Epoch  59 | Train: Loss=0.3544, Acc=0.8908 | Val: Loss=0.3006, Acc=0.8773, F1=0.8764 | LR=0.000013 
2025-07-28 00:36:34 | INFO     | Epoch 60:
2025-07-28 00:36:34 | INFO     |   训练指标:
2025-07-28 00:36:34 | INFO     |     损失(ce): 0.354285
2025-07-28 00:36:34 | INFO     |     准确率: 0.885312
2025-07-28 00:36:34 | INFO     |     学习率: 0.00001250
2025-07-28 00:36:34 | INFO     |   验证指标(标准CE):
2025-07-28 00:36:34 | INFO     |     损失: 0.818552
2025-07-28 00:36:34 | INFO     |     准确率: 0.847855
2025-07-28 00:36:34 | INFO     |     F1(macro): 0.833705
2025-07-28 00:36:34 | INFO     |     F1(weighted): 0.832439
2025-07-28 00:36:34 | INFO     |     精确率: 0.853247
2025-07-28 00:36:34 | INFO     |     召回率: 0.850046
2025-07-28 00:36:34 | INFO     |   学习率调度器: f1_based
2025-07-28 00:36:34 | INFO     | ------------------------------------------------------------
2025-07-28 00:36:34 | INFO     | Epoch  60 | Train: Loss=0.3543, Acc=0.8853 | Val: Loss=0.8186, Acc=0.8479, F1=0.8324 | LR=0.000013 
2025-07-28 00:37:15 | INFO     | Epoch 61:
2025-07-28 00:37:15 | INFO     |   训练指标:
2025-07-28 00:37:15 | INFO     |     损失(ce): 0.342255
2025-07-28 00:37:15 | INFO     |     准确率: 0.891851
2025-07-28 00:37:15 | INFO     |     学习率: 0.00001250
2025-07-28 00:37:15 | INFO     |   验证指标(标准CE):
2025-07-28 00:37:15 | INFO     |     损失: 0.884439
2025-07-28 00:37:15 | INFO     |     准确率: 0.829759
2025-07-28 00:37:15 | INFO     |     F1(macro): 0.819984
2025-07-28 00:37:15 | INFO     |     F1(weighted): 0.812983
2025-07-28 00:37:15 | INFO     |     精确率: 0.844995
2025-07-28 00:37:15 | INFO     |     召回率: 0.837140
2025-07-28 00:37:15 | INFO     |   学习率调度器: f1_based
2025-07-28 00:37:15 | INFO     | ------------------------------------------------------------
2025-07-28 00:37:15 | INFO     | Epoch  61 | Train: Loss=0.3423, Acc=0.8919 | Val: Loss=0.8844, Acc=0.8298, F1=0.8130 | LR=0.000013 
2025-07-28 00:37:57 | INFO     | Epoch 62:
2025-07-28 00:37:57 | INFO     |   训练指标:
2025-07-28 00:37:57 | INFO     |     损失(ce): 0.373920
2025-07-28 00:37:57 | INFO     |     准确率: 0.885480
2025-07-28 00:37:57 | INFO     |     学习率: 0.00001250
2025-07-28 00:37:57 | INFO     |   验证指标(标准CE):
2025-07-28 00:37:57 | INFO     |     损失: 0.368844
2025-07-28 00:37:57 | INFO     |     准确率: 0.899464
2025-07-28 00:37:57 | INFO     |     F1(macro): 0.902699
2025-07-28 00:37:57 | INFO     |     F1(weighted): 0.894250
2025-07-28 00:37:57 | INFO     |     精确率: 0.925306
2025-07-28 00:37:57 | INFO     |     召回率: 0.907937
2025-07-28 00:37:57 | INFO     |   学习率调度器: f1_based
2025-07-28 00:37:57 | INFO     | ------------------------------------------------------------
2025-07-28 00:37:57 | INFO     | Epoch  62 | Train: Loss=0.3739, Acc=0.8855 | Val: Loss=0.3688, Acc=0.8995, F1=0.8943 | LR=0.000013 
2025-07-28 00:38:38 | INFO     | Epoch 63:
2025-07-28 00:38:38 | INFO     |   训练指标:
2025-07-28 00:38:38 | INFO     |     损失(ce): 0.324415
2025-07-28 00:38:38 | INFO     |     准确率: 0.900905
2025-07-28 00:38:38 | INFO     |     学习率: 0.00001250
2025-07-28 00:38:38 | INFO     |   验证指标(标准CE):
2025-07-28 00:38:38 | INFO     |     损失: 0.449640
2025-07-28 00:38:38 | INFO     |     准确率: 0.869973
2025-07-28 00:38:38 | INFO     |     F1(macro): 0.872553
2025-07-28 00:38:38 | INFO     |     F1(weighted): 0.860540
2025-07-28 00:38:38 | INFO     |     精确率: 0.910558
2025-07-28 00:38:38 | INFO     |     召回率: 0.882333
2025-07-28 00:38:38 | INFO     |   学习率调度器: f1_based
2025-07-28 00:38:38 | INFO     | ------------------------------------------------------------
2025-07-28 00:38:38 | INFO     | 🎯 学习率调整事件:
2025-07-28 00:38:38 | INFO     |   调度器类型: f1_based
2025-07-28 00:38:38 | INFO     |   学习率变化: 0.00001250 → 0.00000625
2025-07-28 00:38:38 | INFO     |   触发条件: F1分数 = 0.860540
2025-07-28 00:38:38 | INFO     |   变化幅度: -50.00%
2025-07-28 00:38:38 | INFO     | ------------------------------------------------------------
2025-07-28 00:38:38 | INFO     | Epoch  63 | Train: Loss=0.3244, Acc=0.9009 | Val: Loss=0.4496, Acc=0.8700, F1=0.8605 | LR=0.000006 
2025-07-28 00:39:19 | INFO     | Epoch 64:
2025-07-28 00:39:19 | INFO     |   训练指标:
2025-07-28 00:39:19 | INFO     |     损失(ce): 0.356319
2025-07-28 00:39:19 | INFO     |     准确率: 0.894702
2025-07-28 00:39:19 | INFO     |     学习率: 0.00000625
2025-07-28 00:39:19 | INFO     |   验证指标(标准CE):
2025-07-28 00:39:19 | INFO     |     损失: 0.228686
2025-07-28 00:39:19 | INFO     |     准确率: 0.920912
2025-07-28 00:39:19 | INFO     |     F1(macro): 0.923397
2025-07-28 00:39:19 | INFO     |     F1(weighted): 0.920738
2025-07-28 00:39:19 | INFO     |     精确率: 0.930025
2025-07-28 00:39:19 | INFO     |     召回率: 0.925524
2025-07-28 00:39:19 | INFO     |   学习率调度器: f1_based
2025-07-28 00:39:19 | INFO     | ------------------------------------------------------------
2025-07-28 00:39:19 | INFO     | Epoch  64 | Train: Loss=0.3563, Acc=0.8947 | Val: Loss=0.2287, Acc=0.9209, F1=0.9207 | LR=0.000006 🏆 [最佳模型]
2025-07-28 00:40:00 | INFO     | Epoch 65:
2025-07-28 00:40:00 | INFO     |   训练指标:
2025-07-28 00:40:00 | INFO     |     损失(ce): 0.341735
2025-07-28 00:40:00 | INFO     |     准确率: 0.889671
2025-07-28 00:40:00 | INFO     |     学习率: 0.00000625
2025-07-28 00:40:00 | INFO     |   验证指标(标准CE):
2025-07-28 00:40:00 | INFO     |     损失: 0.335528
2025-07-28 00:40:00 | INFO     |     准确率: 0.888070
2025-07-28 00:40:00 | INFO     |     F1(macro): 0.877127
2025-07-28 00:40:00 | INFO     |     F1(weighted): 0.879154
2025-07-28 00:40:00 | INFO     |     精确率: 0.911372
2025-07-28 00:40:00 | INFO     |     召回率: 0.887175
2025-07-28 00:40:00 | INFO     |   学习率调度器: f1_based
2025-07-28 00:40:00 | INFO     | ------------------------------------------------------------
2025-07-28 00:40:00 | INFO     | Epoch  65 | Train: Loss=0.3417, Acc=0.8897 | Val: Loss=0.3355, Acc=0.8881, F1=0.8792 | LR=0.000006 
2025-07-28 00:40:41 | INFO     | Epoch 66:
2025-07-28 00:40:41 | INFO     |   训练指标:
2025-07-28 00:40:41 | INFO     |     损失(ce): 0.329540
2025-07-28 00:40:41 | INFO     |     准确率: 0.896211
2025-07-28 00:40:41 | INFO     |     学习率: 0.00000625
2025-07-28 00:40:41 | INFO     |   验证指标(标准CE):
2025-07-28 00:40:41 | INFO     |     损失: 0.271256
2025-07-28 00:40:41 | INFO     |     准确率: 0.893432
2025-07-28 00:40:41 | INFO     |     F1(macro): 0.897528
2025-07-28 00:40:41 | INFO     |     F1(weighted): 0.890951
2025-07-28 00:40:41 | INFO     |     精确率: 0.913418
2025-07-28 00:40:41 | INFO     |     召回率: 0.901009
2025-07-28 00:40:41 | INFO     |   学习率调度器: f1_based
2025-07-28 00:40:41 | INFO     | ------------------------------------------------------------
2025-07-28 00:40:41 | INFO     | Epoch  66 | Train: Loss=0.3295, Acc=0.8962 | Val: Loss=0.2713, Acc=0.8934, F1=0.8910 | LR=0.000006 
2025-07-28 00:41:21 | INFO     | Epoch 67:
2025-07-28 00:41:21 | INFO     |   训练指标:
2025-07-28 00:41:21 | INFO     |     损失(ce): 0.337856
2025-07-28 00:41:21 | INFO     |     准确率: 0.890677
2025-07-28 00:41:21 | INFO     |     学习率: 0.00000625
2025-07-28 00:41:21 | INFO     |   验证指标(标准CE):
2025-07-28 00:41:21 | INFO     |     损失: 0.747876
2025-07-28 00:41:21 | INFO     |     准确率: 0.889410
2025-07-28 00:41:21 | INFO     |     F1(macro): 0.890893
2025-07-28 00:41:21 | INFO     |     F1(weighted): 0.879462
2025-07-28 00:41:21 | INFO     |     精确率: 0.923241
2025-07-28 00:41:21 | INFO     |     召回率: 0.899647
2025-07-28 00:41:21 | INFO     |   学习率调度器: f1_based
2025-07-28 00:41:21 | INFO     | ------------------------------------------------------------
2025-07-28 00:41:21 | INFO     | Epoch  67 | Train: Loss=0.3379, Acc=0.8907 | Val: Loss=0.7479, Acc=0.8894, F1=0.8795 | LR=0.000006 
2025-07-28 00:42:02 | INFO     | Epoch 68:
2025-07-28 00:42:02 | INFO     |   训练指标:
2025-07-28 00:42:02 | INFO     |     损失(ce): 0.309848
2025-07-28 00:42:02 | INFO     |     准确率: 0.901241
2025-07-28 00:42:02 | INFO     |     学习率: 0.00000625
2025-07-28 00:42:02 | INFO     |   验证指标(标准CE):
2025-07-28 00:42:02 | INFO     |     损失: 0.445661
2025-07-28 00:42:02 | INFO     |     准确率: 0.883378
2025-07-28 00:42:02 | INFO     |     F1(macro): 0.881822
2025-07-28 00:42:02 | INFO     |     F1(weighted): 0.872536
2025-07-28 00:42:02 | INFO     |     精确率: 0.910735
2025-07-28 00:42:02 | INFO     |     召回率: 0.891616
2025-07-28 00:42:02 | INFO     |   学习率调度器: f1_based
2025-07-28 00:42:02 | INFO     | ------------------------------------------------------------
2025-07-28 00:42:02 | INFO     | Epoch  68 | Train: Loss=0.3098, Acc=0.9012 | Val: Loss=0.4457, Acc=0.8834, F1=0.8725 | LR=0.000006 
2025-07-28 00:42:42 | INFO     | Epoch 69:
2025-07-28 00:42:42 | INFO     |   训练指标:
2025-07-28 00:42:42 | INFO     |     损失(ce): 0.313054
2025-07-28 00:42:42 | INFO     |     准确率: 0.895540
2025-07-28 00:42:42 | INFO     |     学习率: 0.00000625
2025-07-28 00:42:42 | INFO     |   验证指标(标准CE):
2025-07-28 00:42:42 | INFO     |     损失: 0.582832
2025-07-28 00:42:42 | INFO     |     准确率: 0.869303
2025-07-28 00:42:42 | INFO     |     F1(macro): 0.862997
2025-07-28 00:42:42 | INFO     |     F1(weighted): 0.856561
2025-07-28 00:42:42 | INFO     |     精确率: 0.908503
2025-07-28 00:42:42 | INFO     |     召回率: 0.875066
2025-07-28 00:42:42 | INFO     |   学习率调度器: f1_based
2025-07-28 00:42:42 | INFO     | ------------------------------------------------------------
2025-07-28 00:42:42 | INFO     | Epoch  69 | Train: Loss=0.3131, Acc=0.8955 | Val: Loss=0.5828, Acc=0.8693, F1=0.8566 | LR=0.000006 
2025-07-28 00:43:23 | INFO     | Epoch 70:
2025-07-28 00:43:23 | INFO     |   训练指标:
2025-07-28 00:43:23 | INFO     |     损失(ce): 0.326203
2025-07-28 00:43:23 | INFO     |     准确率: 0.898055
2025-07-28 00:43:23 | INFO     |     学习率: 0.00000625
2025-07-28 00:43:23 | INFO     |   验证指标(标准CE):
2025-07-28 00:43:23 | INFO     |     损失: 0.691675
2025-07-28 00:43:23 | INFO     |     准确率: 0.857239
2025-07-28 00:43:23 | INFO     |     F1(macro): 0.845097
2025-07-28 00:43:23 | INFO     |     F1(weighted): 0.839424
2025-07-28 00:43:23 | INFO     |     精确率: 0.903776
2025-07-28 00:43:23 | INFO     |     召回率: 0.863315
2025-07-28 00:43:23 | INFO     |   学习率调度器: f1_based
2025-07-28 00:43:23 | INFO     | ------------------------------------------------------------
2025-07-28 00:43:23 | INFO     | Epoch  70 | Train: Loss=0.3262, Acc=0.8981 | Val: Loss=0.6917, Acc=0.8572, F1=0.8394 | LR=0.000006 
2025-07-28 00:44:04 | INFO     | Epoch 71:
2025-07-28 00:44:04 | INFO     |   训练指标:
2025-07-28 00:44:04 | INFO     |     损失(ce): 0.324921
2025-07-28 00:44:04 | INFO     |     准确率: 0.897887
2025-07-28 00:44:04 | INFO     |     学习率: 0.00000625
2025-07-28 00:44:04 | INFO     |   验证指标(标准CE):
2025-07-28 00:44:04 | INFO     |     损失: 0.569293
2025-07-28 00:44:04 | INFO     |     准确率: 0.846515
2025-07-28 00:44:04 | INFO     |     F1(macro): 0.838092
2025-07-28 00:44:04 | INFO     |     F1(weighted): 0.830899
2025-07-28 00:44:04 | INFO     |     精确率: 0.881376
2025-07-28 00:44:04 | INFO     |     召回率: 0.854132
2025-07-28 00:44:04 | INFO     |   学习率调度器: f1_based
2025-07-28 00:44:04 | INFO     | ------------------------------------------------------------
2025-07-28 00:44:04 | INFO     | 🎯 学习率调整事件:
2025-07-28 00:44:04 | INFO     |   调度器类型: f1_based
2025-07-28 00:44:04 | INFO     |   学习率变化: 0.00000625 → 0.00000313
2025-07-28 00:44:04 | INFO     |   触发条件: F1分数 = 0.830899
2025-07-28 00:44:04 | INFO     |   变化幅度: -50.00%
2025-07-28 00:44:04 | INFO     | ------------------------------------------------------------
2025-07-28 00:44:04 | INFO     | Epoch  71 | Train: Loss=0.3249, Acc=0.8979 | Val: Loss=0.5693, Acc=0.8465, F1=0.8309 | LR=0.000003 
2025-07-28 00:44:45 | INFO     | Epoch 72:
2025-07-28 00:44:45 | INFO     |   训练指标:
2025-07-28 00:44:45 | INFO     |     损失(ce): 0.297436
2025-07-28 00:44:45 | INFO     |     准确率: 0.900738
2025-07-28 00:44:45 | INFO     |     学习率: 0.00000313
2025-07-28 00:44:45 | INFO     |   验证指标(标准CE):
2025-07-28 00:44:45 | INFO     |     损失: 0.462047
2025-07-28 00:44:45 | INFO     |     准确率: 0.861930
2025-07-28 00:44:45 | INFO     |     F1(macro): 0.851964
2025-07-28 00:44:45 | INFO     |     F1(weighted): 0.846789
2025-07-28 00:44:45 | INFO     |     精确率: 0.899841
2025-07-28 00:44:45 | INFO     |     召回率: 0.866409
2025-07-28 00:44:45 | INFO     |   学习率调度器: f1_based
2025-07-28 00:44:45 | INFO     | ------------------------------------------------------------
2025-07-28 00:44:45 | INFO     | Epoch  72 | Train: Loss=0.2974, Acc=0.9007 | Val: Loss=0.4620, Acc=0.8619, F1=0.8468 | LR=0.000003 
2025-07-28 00:45:26 | INFO     | Epoch 73:
2025-07-28 00:45:26 | INFO     |   训练指标:
2025-07-28 00:45:26 | INFO     |     损失(ce): 0.325260
2025-07-28 00:45:26 | INFO     |     准确率: 0.900067
2025-07-28 00:45:26 | INFO     |     学习率: 0.00000313
2025-07-28 00:45:26 | INFO     |   验证指标(标准CE):
2025-07-28 00:45:26 | INFO     |     损失: 1.325655
2025-07-28 00:45:26 | INFO     |     准确率: 0.830429
2025-07-28 00:45:26 | INFO     |     F1(macro): 0.818896
2025-07-28 00:45:26 | INFO     |     F1(weighted): 0.811972
2025-07-28 00:45:26 | INFO     |     精确率: 0.875120
2025-07-28 00:45:26 | INFO     |     召回率: 0.838678
2025-07-28 00:45:26 | INFO     |   学习率调度器: f1_based
2025-07-28 00:45:26 | INFO     | ------------------------------------------------------------
2025-07-28 00:45:26 | INFO     | Epoch  73 | Train: Loss=0.3253, Acc=0.9001 | Val: Loss=1.3257, Acc=0.8304, F1=0.8120 | LR=0.000003 
2025-07-28 00:46:05 | INFO     | Epoch 74:
2025-07-28 00:46:05 | INFO     |   训练指标:
2025-07-28 00:46:05 | INFO     |     损失(ce): 0.319797
2025-07-28 00:46:05 | INFO     |     准确率: 0.897384
2025-07-28 00:46:05 | INFO     |     学习率: 0.00000313
2025-07-28 00:46:05 | INFO     |   验证指标(标准CE):
2025-07-28 00:46:05 | INFO     |     损失: 0.539647
2025-07-28 00:46:05 | INFO     |     准确率: 0.884718
2025-07-28 00:46:05 | INFO     |     F1(macro): 0.884816
2025-07-28 00:46:05 | INFO     |     F1(weighted): 0.876689
2025-07-28 00:46:05 | INFO     |     精确率: 0.910611
2025-07-28 00:46:05 | INFO     |     召回率: 0.891815
2025-07-28 00:46:05 | INFO     |   学习率调度器: f1_based
2025-07-28 00:46:05 | INFO     | ------------------------------------------------------------
2025-07-28 00:46:05 | INFO     | Epoch  74 | Train: Loss=0.3198, Acc=0.8974 | Val: Loss=0.5396, Acc=0.8847, F1=0.8767 | LR=0.000003 
2025-07-28 00:46:45 | INFO     | Epoch 75:
2025-07-28 00:46:45 | INFO     |   训练指标:
2025-07-28 00:46:45 | INFO     |     损失(ce): 0.315919
2025-07-28 00:46:45 | INFO     |     准确率: 0.901073
2025-07-28 00:46:45 | INFO     |     学习率: 0.00000313
2025-07-28 00:46:45 | INFO     |   验证指标(标准CE):
2025-07-28 00:46:45 | INFO     |     损失: 0.356059
2025-07-28 00:46:45 | INFO     |     准确率: 0.870643
2025-07-28 00:46:45 | INFO     |     F1(macro): 0.861972
2025-07-28 00:46:45 | INFO     |     F1(weighted): 0.862680
2025-07-28 00:46:45 | INFO     |     精确率: 0.894557
2025-07-28 00:46:45 | INFO     |     召回率: 0.871185
2025-07-28 00:46:45 | INFO     |   学习率调度器: f1_based
2025-07-28 00:46:45 | INFO     | ------------------------------------------------------------
2025-07-28 00:46:45 | INFO     | Epoch  75 | Train: Loss=0.3159, Acc=0.9011 | Val: Loss=0.3561, Acc=0.8706, F1=0.8627 | LR=0.000003 
2025-07-28 00:47:26 | INFO     | Epoch 76:
2025-07-28 00:47:26 | INFO     |   训练指标:
2025-07-28 00:47:26 | INFO     |     损失(ce): 0.320413
2025-07-28 00:47:26 | INFO     |     准确率: 0.899061
2025-07-28 00:47:26 | INFO     |     学习率: 0.00000313
2025-07-28 00:47:26 | INFO     |   验证指标(标准CE):
2025-07-28 00:47:26 | INFO     |     损失: 0.406458
2025-07-28 00:47:26 | INFO     |     准确率: 0.871314
2025-07-28 00:47:26 | INFO     |     F1(macro): 0.864207
2025-07-28 00:47:26 | INFO     |     F1(weighted): 0.860129
2025-07-28 00:47:26 | INFO     |     精确率: 0.906888
2025-07-28 00:47:26 | INFO     |     召回率: 0.876135
2025-07-28 00:47:26 | INFO     |   学习率调度器: f1_based
2025-07-28 00:47:26 | INFO     | ------------------------------------------------------------
2025-07-28 00:47:26 | INFO     | Epoch  76 | Train: Loss=0.3204, Acc=0.8991 | Val: Loss=0.4065, Acc=0.8713, F1=0.8601 | LR=0.000003 
2025-07-28 00:48:08 | INFO     | Epoch 77:
2025-07-28 00:48:08 | INFO     |   训练指标:
2025-07-28 00:48:08 | INFO     |     损失(ce): 0.322580
2025-07-28 00:48:08 | INFO     |     准确率: 0.896881
2025-07-28 00:48:08 | INFO     |     学习率: 0.00000313
2025-07-28 00:48:08 | INFO     |   验证指标(标准CE):
2025-07-28 00:48:08 | INFO     |     损失: 0.538064
2025-07-28 00:48:08 | INFO     |     准确率: 0.876005
2025-07-28 00:48:08 | INFO     |     F1(macro): 0.864589
2025-07-28 00:48:08 | INFO     |     F1(weighted): 0.865480
2025-07-28 00:48:08 | INFO     |     精确率: 0.873261
2025-07-28 00:48:08 | INFO     |     召回率: 0.876439
2025-07-28 00:48:08 | INFO     |   学习率调度器: f1_based
2025-07-28 00:48:08 | INFO     | ------------------------------------------------------------
2025-07-28 00:48:08 | INFO     | Epoch  77 | Train: Loss=0.3226, Acc=0.8969 | Val: Loss=0.5381, Acc=0.8760, F1=0.8655 | LR=0.000003 
2025-07-28 00:48:49 | INFO     | Epoch 78:
2025-07-28 00:48:49 | INFO     |   训练指标:
2025-07-28 00:48:49 | INFO     |     损失(ce): 0.315011
2025-07-28 00:48:49 | INFO     |     准确率: 0.900235
2025-07-28 00:48:49 | INFO     |     学习率: 0.00000313
2025-07-28 00:48:49 | INFO     |   验证指标(标准CE):
2025-07-28 00:48:49 | INFO     |     损失: 0.405413
2025-07-28 00:48:49 | INFO     |     准确率: 0.885389
2025-07-28 00:48:49 | INFO     |     F1(macro): 0.886451
2025-07-28 00:48:49 | INFO     |     F1(weighted): 0.876859
2025-07-28 00:48:49 | INFO     |     精确率: 0.915034
2025-07-28 00:48:49 | INFO     |     召回率: 0.894207
2025-07-28 00:48:49 | INFO     |   学习率调度器: f1_based
2025-07-28 00:48:49 | INFO     | ------------------------------------------------------------
2025-07-28 00:48:49 | INFO     | Epoch  78 | Train: Loss=0.3150, Acc=0.9002 | Val: Loss=0.4054, Acc=0.8854, F1=0.8769 | LR=0.000003 
2025-07-28 00:49:30 | INFO     | Epoch 79:
2025-07-28 00:49:30 | INFO     |   训练指标:
2025-07-28 00:49:30 | INFO     |     损失(ce): 0.321897
2025-07-28 00:49:30 | INFO     |     准确率: 0.902247
2025-07-28 00:49:30 | INFO     |     学习率: 0.00000313
2025-07-28 00:49:30 | INFO     |   验证指标(标准CE):
2025-07-28 00:49:30 | INFO     |     损失: 0.312250
2025-07-28 00:49:30 | INFO     |     准确率: 0.882038
2025-07-28 00:49:30 | INFO     |     F1(macro): 0.885010
2025-07-28 00:49:30 | INFO     |     F1(weighted): 0.879060
2025-07-28 00:49:30 | INFO     |     精确率: 0.902822
2025-07-28 00:49:30 | INFO     |     召回率: 0.887428
2025-07-28 00:49:30 | INFO     |   学习率调度器: f1_based
2025-07-28 00:49:30 | INFO     | ------------------------------------------------------------
2025-07-28 00:49:30 | INFO     | 🎯 学习率调整事件:
2025-07-28 00:49:30 | INFO     |   调度器类型: f1_based
2025-07-28 00:49:30 | INFO     |   学习率变化: 0.00000313 → 0.00000156
2025-07-28 00:49:30 | INFO     |   触发条件: F1分数 = 0.879060
2025-07-28 00:49:30 | INFO     |   变化幅度: -50.00%
2025-07-28 00:49:30 | INFO     | ------------------------------------------------------------
2025-07-28 00:49:30 | INFO     | Epoch  79 | Train: Loss=0.3219, Acc=0.9022 | Val: Loss=0.3123, Acc=0.8820, F1=0.8791 | LR=0.000002 
2025-07-28 00:49:30 | INFO     | ⏹️ 早停触发，在第 79 轮停止训练
2025-07-28 00:49:38 | INFO     | 训练历史已保存到: ./result/0727_2354_DualGAF_DDAHU_OneDCNN_oneCNN_sl96_step96_fd128_extractor-dilated_gaf-concat_attention-channel_classifier-mlp_stat-basic_fusion-concat/training_history.csv
2025-07-28 00:49:38 | INFO     | 
====================================================================================================
2025-07-28 00:49:38 | INFO     | 🎉 训练完成总结:
2025-07-28 00:49:38 | INFO     |   训练损失函数: ce
2025-07-28 00:49:38 | INFO     |   验证损失函数: 标准交叉熵（遵循主流ML规范）
2025-07-28 00:49:38 | INFO     |   训练过程最佳验证准确率: 0.9209
2025-07-28 00:49:38 | INFO     |   训练过程最佳验证F1(macro): 0.9234
2025-07-28 00:49:38 | INFO     |   训练过程最佳验证F1(weighted): 0.9207
2025-07-28 00:49:38 | INFO     |   训练轮数: 79
2025-07-28 00:49:38 | INFO     | --------------------------------------------------
2025-07-28 00:49:38 | INFO     | 📊 最佳模型真实性能指标（基于标准交叉熵损失）:
2025-07-28 00:49:38 | INFO     |   验证损失(标准CE): 0.2287
2025-07-28 00:49:38 | INFO     |   验证准确率: 0.9209
2025-07-28 00:49:38 | INFO     |   验证F1(macro): 0.9234
2025-07-28 00:49:38 | INFO     |   验证F1(weighted): 0.9207
2025-07-28 00:49:38 | INFO     |   验证精确率: 0.9300
2025-07-28 00:49:38 | INFO     |   验证召回率: 0.9255
2025-07-28 00:49:38 | INFO     | ====================================================================================================
2025-07-28 00:49:40 | INFO     | ================================================================================
2025-07-28 00:49:40 | INFO     | 实验日志结束: DualGAF_DDAHU_OneDCNN_oneCNN_sl96_step96_fd128_extractor-dilated_gaf-concat_attention-channel_classifier-mlp_stat-basic_fusion-concat
2025-07-28 00:49:40 | INFO     | 结束时间: 2025-07-28 00:49:40
2025-07-28 00:49:40 | INFO     | ================================================================================
