2025-07-10 09:33:11 | INFO     | ================================================================================
2025-07-10 09:33:11 | INFO     | 实验日志开始: DualGAF_DDAHU_DualGAFNet_dilated_enhanced_sl96_step96_fd128_extractor-dilated_gaf-adaptive_attention-channel_classifier-residual_stat-basic_fusion-concat
2025-07-10 09:33:11 | INFO     | 日志文件: ./result/0710_0933_DualGAF_DDAHU_DualGAFNet_dilated_enhanced_sl96_step96_fd128_extractor-dilated_gaf-adaptive_attention-channel_classifier-residual_stat-basic_fusion-concat/training.log
2025-07-10 09:33:11 | INFO     | 开始时间: 2025-07-10 09:33:11
2025-07-10 09:33:11 | INFO     | ================================================================================
2025-07-10 09:33:11 | INFO     | ⚙️ 实验配置:
2025-07-10 09:33:11 | INFO     |    task_name: classification
2025-07-10 09:33:11 | INFO     |    is_training: 1
2025-07-10 09:33:11 | INFO     |    model_id: test
2025-07-10 09:33:11 | INFO     |    model: DualGAFNet
2025-07-10 09:33:11 | INFO     |    data: DualGAF_DDAHU
2025-07-10 09:33:11 | INFO     |    root_path: ./dataset/DDAHU/direct_5_working
2025-07-10 09:33:11 | INFO     |    step: 96
2025-07-10 09:33:11 | INFO     |    checkpoints: ./checkpoints/
2025-07-10 09:33:11 | INFO     |    num_class: 29
2025-07-10 09:33:11 | INFO     |    result_path: ./result/
2025-07-10 09:33:11 | INFO     |    test_size: 0.2
2025-07-10 09:33:11 | INFO     |    seq_len: 96
2025-07-10 09:33:11 | INFO     |    enc_in: 97
2025-07-10 09:33:11 | INFO     |    d_model: 512
2025-07-10 09:33:11 | INFO     |    n_heads: 8
2025-07-10 09:33:11 | INFO     |    e_layers: 2
2025-07-10 09:33:11 | INFO     |    d_layers: 1
2025-07-10 09:33:11 | INFO     |    d_ff: 2048
2025-07-10 09:33:11 | INFO     |    moving_avg: 25
2025-07-10 09:33:11 | INFO     |    factor: 1
2025-07-10 09:33:11 | INFO     |    distil: True
2025-07-10 09:33:11 | INFO     |    dropout: 0.1
2025-07-10 09:33:11 | INFO     |    embed: timeF
2025-07-10 09:33:11 | INFO     |    activation: gelu
2025-07-10 09:33:11 | INFO     |    use_norm: 1
2025-07-10 09:33:11 | INFO     |    gaf_method: summation
2025-07-10 09:33:11 | INFO     |    feature_dim: 128
2025-07-10 09:33:11 | INFO     |    data_type_method: uint8
2025-07-10 09:33:11 | INFO     |    use_attention: True
2025-07-10 09:33:11 | INFO     |    hidden_dim: 64
2025-07-10 09:33:11 | INFO     |    sample_size: 1000
2025-07-10 09:33:11 | INFO     |    channel_groups: None
2025-07-10 09:33:11 | INFO     |    hvac_groups: None
2025-07-10 09:33:11 | INFO     |    extractor_type: dilated
2025-07-10 09:33:11 | INFO     |    fusion_type: adaptive
2025-07-10 09:33:11 | INFO     |    attention_type: channel
2025-07-10 09:33:11 | INFO     |    classifier_type: residual
2025-07-10 09:33:11 | INFO     |    use_statistical_features: True
2025-07-10 09:33:11 | INFO     |    stat_type: basic
2025-07-10 09:33:11 | INFO     |    multimodal_fusion_strategy: concat
2025-07-10 09:33:11 | INFO     |    use_diff_branch: True
2025-07-10 09:33:11 | INFO     |    ablation_mode: none
2025-07-10 09:33:11 | INFO     |    backbone_type: resnet18
2025-07-10 09:33:11 | INFO     |    use_sum_branch: True
2025-07-10 09:33:11 | INFO     |    num_workers: 0
2025-07-10 09:33:11 | INFO     |    cuda_debug: False
2025-07-10 09:33:11 | INFO     |    gpu_memory_fraction: 0.9
2025-07-10 09:33:11 | INFO     |    safe_mode: True
2025-07-10 09:33:11 | INFO     |    drop_last_batch: True
2025-07-10 09:33:11 | INFO     |    itr: 1
2025-07-10 09:33:11 | INFO     |    train_epochs: 300
2025-07-10 09:33:11 | INFO     |    batch_size: 4
2025-07-10 09:33:11 | INFO     |    patience: 10
2025-07-10 09:33:11 | INFO     |    learning_rate: 0.0001
2025-07-10 09:33:11 | INFO     |    des: dilated_enhanced
2025-07-10 09:33:11 | INFO     |    loss: MSE
2025-07-10 09:33:11 | INFO     |    lradj: type1
2025-07-10 09:33:11 | INFO     |    lr_scheduler_type: f1_based
2025-07-10 09:33:11 | INFO     |    lr_loss_weight: 0.3
2025-07-10 09:33:11 | INFO     |    lr_f1_weight: 0.7
2025-07-10 09:33:11 | INFO     |    use_amp: False
2025-07-10 09:33:11 | INFO     |    gradient_accumulation_steps: 2
2025-07-10 09:33:11 | INFO     |    enable_auto_gradient_accumulation: True
2025-07-10 09:33:11 | INFO     |    loss_type: ce
2025-07-10 09:33:11 | INFO     |    label_smoothing: 0.1
2025-07-10 09:33:11 | INFO     |    focal_alpha: 1.0
2025-07-10 09:33:11 | INFO     |    focal_gamma: 2.0
2025-07-10 09:33:11 | INFO     |    confidence_penalty_beta: 0.1
2025-07-10 09:33:11 | INFO     |    use_timm_loss: True
2025-07-10 09:33:11 | INFO     |    adaptive_initial_smoothing: 0.2
2025-07-10 09:33:11 | INFO     |    adaptive_final_smoothing: 0.05
2025-07-10 09:33:11 | INFO     |    adaptive_decay_epochs: 30
2025-07-10 09:33:11 | INFO     |    enable_class_weights: False
2025-07-10 09:33:11 | INFO     |    class_weights: None
2025-07-10 09:33:11 | INFO     |    loss_preset: hvac_hard_samples
2025-07-10 09:33:11 | INFO     |    n_jobs: 8
2025-07-10 09:33:11 | INFO     |    use_multiprocessing: True
2025-07-10 09:33:11 | INFO     |    chunk_size: 800
2025-07-10 09:33:11 | INFO     |    disable_parallel: False
2025-07-10 09:33:11 | INFO     |    use_shared_memory: True
2025-07-10 09:33:11 | INFO     |    disable_shared_memory: False
2025-07-10 09:33:11 | INFO     |    use_gpu: True
2025-07-10 09:33:11 | INFO     |    gpu: 0
2025-07-10 09:33:11 | INFO     |    gpu_type: cuda
2025-07-10 09:33:11 | INFO     |    use_multi_gpu: False
2025-07-10 09:33:11 | INFO     |    devices: 0,1,2,3
2025-07-10 09:33:11 | INFO     |    device: cuda:0
2025-07-10 09:33:11 | INFO     |    feature_columns: ['CHWP_GPMC', 'CHWC_VLV_DM', 'CHWC_VLV', 'CHWC_MWT', 'CHWC_LWT', 'VAVCFM_H_DM_SB', 'CHWC_EAH', 'VAV_DAT_SA', 'CHWC_DAT', 'VAV_SP_C_SA', 'HWP_GPMT', 'VAVCFM_C_DM_SB', 'RM_TEMP_W', 'HWP_GPMC', 'VAVCFM_T_SB', 'VAV_DMPR_H_SB', 'HWC_VLV_DM', 'VAVCFM_H_SB', 'HWC_VLV', 'VAV_DMPR_H_E', 'HWC_LWT', 'HWC_MWT', 'VAV_DMPR_C_SB', 'HWC_DAT', 'RM_TEMP_SB', 'CSF_WAT', 'CSF_SPD', 'CSF_DP', 'CSA_TEMP', 'CSA_CFM', 'VAV_EAT_C_SB', 'CSA_HUMD', 'CSA_SP', 'VAVCFM_C_SB', 'VAVCFM_H_W', 'HSF_SPD', 'VAV_EAT_H_SB', 'VAV_DAT_SB', 'RM_TEMP_SA', 'HSF_DP', 'HSA_TEMP', 'VAVCFM_C_DM_W', 'VAVCFM_C_W', 'VAV_DAT_W', 'HSA_SP', 'HSA_CFM', 'VAV_DMPR_H_W', 'HSF_WAT', 'VAVCFM_T_W', 'EA_DMPR_DM', 'RF_WAT', 'VAV_SP_C_W', 'VAV_SP_H_E', 'EA_DMPR', 'VAV_SP_H_SB', 'RF_SPD', 'RA_TEMP', 'RA_HUMD', 'VAV_SP_H_SA', 'VAV_EAT_H_W', 'RF_DP', 'VAV_DMPR_C_SA', 'VAV_SP_C_SB', 'RA_DMPR_DM', 'VAV_DMPR_H_SA', 'VAV_SP_H_W', 'VAVCFM_H_DM_SA', 'RA_DMPR', 'VAV_EAT_C_W', 'VAVCFM_C_DM_SA', 'RA_CFM', 'MA_TEMP', 'VAVCFM_C_SA', 'OA_TEMP', 'VAVCFM_H_SA', 'VAVCFM_H_DM_W', 'OA_HUMD', 'VAVCFM_T_SA', 'OA_DMPR_DM', 'VAV_EAT_C_SA', 'VAV_DMPR_C_W', 'OA_DMPR', 'VAV_EAT_H_SA', 'HSA_HUMD', 'RM_TEMP_E', 'VAV_EAT_H_E', 'VAV_DAT_E', 'VAV_EAT_C_E', 'VAVCFM_T_E', 'VAVCFM_H_E', 'VAV_SP_C_E', 'VAVCFM_C_DM_E', 'OA_CFM', 'VAV_DMPR_C_E', 'VAVCFM_C_E', 'VAVCFM_H_DM_E', 'CHWP_GPMT']
2025-07-10 09:33:11 | INFO     | 🏗️ 模型信息:
2025-07-10 09:33:11 | INFO     |    模型类型: Model
2025-07-10 09:33:11 | INFO     |    总参数数量: 122,572,514
2025-07-10 09:33:11 | INFO     |    可训练参数: 122,572,514
2025-07-10 09:33:11 | INFO     |    模型大小估计: 467.58 MB
2025-07-10 09:33:11 | INFO     | 📊 数据集信息:
2025-07-10 09:33:11 | INFO     |    训练集大小: 5967
2025-07-10 09:33:11 | INFO     |    验证集大小: 1492
2025-07-10 09:33:11 | INFO     | 
================================================================================
2025-07-10 09:33:11 | INFO     | 📋 损失函数使用策略（遵循主流机器学习规范）:
2025-07-10 09:33:11 | INFO     |    🎯 训练阶段: 使用 hybrid_focal 损失函数
2025-07-10 09:33:11 | INFO     |       → 目的：优化模型参数，解决特定问题（类别不平衡、相似性等）
2025-07-10 09:33:11 | INFO     |    📊 验证阶段: 使用标准交叉熵损失函数
2025-07-10 09:33:11 | INFO     |       → 目的：客观评估模型性能，便于不同方法比较
2025-07-10 09:33:11 | INFO     |    📈 最终报告: 基于标准交叉熵损失的指标
2025-07-10 09:33:11 | INFO     |       → 目的：提供可信、可比较的性能指标
2025-07-10 09:33:11 | INFO     | ================================================================================

2025-07-10 09:33:11 | INFO     | 🔄 梯度累积配置: 每2轮累积一次梯度
2025-07-10 09:33:11 | INFO     |    实际batch_size: 4
2025-07-10 09:33:11 | INFO     |    有效batch_size: 8
2025-07-10 09:38:02 | INFO     | Epoch 1:
2025-07-10 09:38:02 | INFO     |   训练指标:
2025-07-10 09:38:02 | INFO     |     损失(hybrid_focal): 4.007238
2025-07-10 09:38:02 | INFO     |     准确率: 0.266767
2025-07-10 09:38:02 | INFO     |     学习率: 0.00010000
2025-07-10 09:38:02 | INFO     |   验证指标(标准CE):
2025-07-10 09:38:02 | INFO     |     损失: 1.640234
2025-07-10 09:38:02 | INFO     |     准确率: 0.550268
2025-07-10 09:38:02 | INFO     |     F1(macro): 0.538240
2025-07-10 09:38:02 | INFO     |     F1(weighted): 0.533376
2025-07-10 09:38:02 | INFO     |     精确率: 0.582480
2025-07-10 09:38:02 | INFO     |     召回率: 0.557850
2025-07-10 09:38:02 | INFO     |   学习率调度器: f1_based
2025-07-10 09:38:02 | INFO     | ------------------------------------------------------------
2025-07-10 09:38:02 | INFO     | Epoch   1 | Train: Loss=4.0072, Acc=0.2668 | Val: Loss=1.6402, Acc=0.5503, F1=0.5334 | LR=0.000100 🏆 [最佳模型]
2025-07-10 09:42:59 | INFO     | Epoch 2:
2025-07-10 09:42:59 | INFO     |   训练指标:
2025-07-10 09:42:59 | INFO     |     损失(hybrid_focal): 1.067931
2025-07-10 09:42:59 | INFO     |     准确率: 0.565225
2025-07-10 09:42:59 | INFO     |     学习率: 0.00010000
2025-07-10 09:42:59 | INFO     |   验证指标(标准CE):
2025-07-10 09:42:59 | INFO     |     损失: 1.156949
2025-07-10 09:42:59 | INFO     |     准确率: 0.661528
2025-07-10 09:42:59 | INFO     |     F1(macro): 0.660418
2025-07-10 09:42:59 | INFO     |     F1(weighted): 0.655684
2025-07-10 09:42:59 | INFO     |     精确率: 0.781435
2025-07-10 09:42:59 | INFO     |     召回率: 0.666924
2025-07-10 09:42:59 | INFO     |   学习率调度器: f1_based
2025-07-10 09:42:59 | INFO     | ------------------------------------------------------------
2025-07-10 09:42:59 | INFO     | Epoch   2 | Train: Loss=1.0679, Acc=0.5652 | Val: Loss=1.1569, Acc=0.6615, F1=0.6557 | LR=0.000100 🏆 [最佳模型]
2025-07-10 09:47:32 | INFO     | Epoch 3:
2025-07-10 09:47:32 | INFO     |   训练指标:
2025-07-10 09:47:32 | INFO     |     损失(hybrid_focal): 0.693605
2025-07-10 09:47:32 | INFO     |     准确率: 0.704225
2025-07-10 09:47:32 | INFO     |     学习率: 0.00010000
2025-07-10 09:47:32 | INFO     |   验证指标(标准CE):
2025-07-10 09:47:32 | INFO     |     损失: 0.791874
2025-07-10 09:47:32 | INFO     |     准确率: 0.761394
2025-07-10 09:47:32 | INFO     |     F1(macro): 0.771431
2025-07-10 09:47:32 | INFO     |     F1(weighted): 0.769301
2025-07-10 09:47:32 | INFO     |     精确率: 0.850652
2025-07-10 09:47:32 | INFO     |     召回率: 0.765416
2025-07-10 09:47:32 | INFO     |   学习率调度器: f1_based
2025-07-10 09:47:32 | INFO     | ------------------------------------------------------------
2025-07-10 09:47:32 | INFO     | Epoch   3 | Train: Loss=0.6936, Acc=0.7042 | Val: Loss=0.7919, Acc=0.7614, F1=0.7693 | LR=0.000100 🏆 [最佳模型]
2025-07-10 09:52:01 | INFO     | Epoch 4:
2025-07-10 09:52:01 | INFO     |   训练指标:
2025-07-10 09:52:01 | INFO     |     损失(hybrid_focal): 0.485640
2025-07-10 09:52:01 | INFO     |     准确率: 0.780684
2025-07-10 09:52:01 | INFO     |     学习率: 0.00010000
2025-07-10 09:52:01 | INFO     |   验证指标(标准CE):
2025-07-10 09:52:01 | INFO     |     损失: 0.540489
2025-07-10 09:52:01 | INFO     |     准确率: 0.838472
2025-07-10 09:52:01 | INFO     |     F1(macro): 0.848245
2025-07-10 09:52:01 | INFO     |     F1(weighted): 0.844664
2025-07-10 09:52:01 | INFO     |     精确率: 0.888336
2025-07-10 09:52:01 | INFO     |     召回率: 0.841239
2025-07-10 09:52:01 | INFO     |   学习率调度器: f1_based
2025-07-10 09:52:01 | INFO     | ------------------------------------------------------------
2025-07-10 09:52:01 | INFO     | Epoch   4 | Train: Loss=0.4856, Acc=0.7807 | Val: Loss=0.5405, Acc=0.8385, F1=0.8447 | LR=0.000100 🏆 [最佳模型]
2025-07-10 09:56:31 | INFO     | Epoch 5:
2025-07-10 09:56:31 | INFO     |   训练指标:
2025-07-10 09:56:31 | INFO     |     损失(hybrid_focal): 0.381195
2025-07-10 09:56:31 | INFO     |     准确率: 0.826962
2025-07-10 09:56:31 | INFO     |     学习率: 0.00010000
2025-07-10 09:56:31 | INFO     |   验证指标(标准CE):
2025-07-10 09:56:31 | INFO     |     损失: 0.529463
2025-07-10 09:56:31 | INFO     |     准确率: 0.833780
2025-07-10 09:56:31 | INFO     |     F1(macro): 0.851935
2025-07-10 09:56:31 | INFO     |     F1(weighted): 0.849954
2025-07-10 09:56:31 | INFO     |     精确率: 0.898772
2025-07-10 09:56:31 | INFO     |     召回率: 0.837433
2025-07-10 09:56:31 | INFO     |   学习率调度器: f1_based
2025-07-10 09:56:31 | INFO     | ------------------------------------------------------------
2025-07-10 09:56:31 | INFO     | Epoch   5 | Train: Loss=0.3812, Acc=0.8270 | Val: Loss=0.5295, Acc=0.8338, F1=0.8500 | LR=0.000100 🏆 [最佳模型]
2025-07-10 10:01:00 | INFO     | Epoch 6:
2025-07-10 10:01:00 | INFO     |   训练指标:
2025-07-10 10:01:00 | INFO     |     损失(hybrid_focal): 0.294181
2025-07-10 10:01:00 | INFO     |     准确率: 0.866700
2025-07-10 10:01:00 | INFO     |     学习率: 0.00010000
2025-07-10 10:01:00 | INFO     |   验证指标(标准CE):
2025-07-10 10:01:00 | INFO     |     损失: 0.489251
2025-07-10 10:01:00 | INFO     |     准确率: 0.852547
2025-07-10 10:01:00 | INFO     |     F1(macro): 0.856521
2025-07-10 10:01:00 | INFO     |     F1(weighted): 0.855959
2025-07-10 10:01:00 | INFO     |     精确率: 0.913156
2025-07-10 10:01:00 | INFO     |     召回率: 0.850925
2025-07-10 10:01:00 | INFO     |   学习率调度器: f1_based
2025-07-10 10:01:00 | INFO     | ------------------------------------------------------------
2025-07-10 10:01:00 | INFO     | Epoch   6 | Train: Loss=0.2942, Acc=0.8667 | Val: Loss=0.4893, Acc=0.8525, F1=0.8560 | LR=0.000100 🏆 [最佳模型]
2025-07-10 10:05:29 | INFO     | Epoch 7:
2025-07-10 10:05:29 | INFO     |   训练指标:
2025-07-10 10:05:29 | INFO     |     损失(hybrid_focal): 0.253797
2025-07-10 10:05:29 | INFO     |     准确率: 0.884977
2025-07-10 10:05:29 | INFO     |     学习率: 0.00010000
2025-07-10 10:05:29 | INFO     |   验证指标(标准CE):
2025-07-10 10:05:29 | INFO     |     损失: 0.381153
2025-07-10 10:05:29 | INFO     |     准确率: 0.898123
2025-07-10 10:05:29 | INFO     |     F1(macro): 0.904223
2025-07-10 10:05:29 | INFO     |     F1(weighted): 0.902140
2025-07-10 10:05:29 | INFO     |     精确率: 0.932654
2025-07-10 10:05:29 | INFO     |     召回率: 0.898825
2025-07-10 10:05:29 | INFO     |   学习率调度器: f1_based
2025-07-10 10:05:29 | INFO     | ------------------------------------------------------------
2025-07-10 10:05:29 | INFO     | Epoch   7 | Train: Loss=0.2538, Acc=0.8850 | Val: Loss=0.3812, Acc=0.8981, F1=0.9021 | LR=0.000100 🏆 [最佳模型]
2025-07-10 10:09:59 | INFO     | Epoch 8:
2025-07-10 10:09:59 | INFO     |   训练指标:
2025-07-10 10:09:59 | INFO     |     损失(hybrid_focal): 0.227288
2025-07-10 10:09:59 | INFO     |     准确率: 0.900738
2025-07-10 10:09:59 | INFO     |     学习率: 0.00010000
2025-07-10 10:09:59 | INFO     |   验证指标(标准CE):
2025-07-10 10:09:59 | INFO     |     损失: 0.412480
2025-07-10 10:09:59 | INFO     |     准确率: 0.884718
2025-07-10 10:09:59 | INFO     |     F1(macro): 0.888546
2025-07-10 10:09:59 | INFO     |     F1(weighted): 0.886954
2025-07-10 10:09:59 | INFO     |     精确率: 0.920296
2025-07-10 10:09:59 | INFO     |     召回率: 0.887034
2025-07-10 10:09:59 | INFO     |   学习率调度器: f1_based
2025-07-10 10:09:59 | INFO     | ------------------------------------------------------------
2025-07-10 10:09:59 | INFO     | Epoch   8 | Train: Loss=0.2273, Acc=0.9007 | Val: Loss=0.4125, Acc=0.8847, F1=0.8870 | LR=0.000100 
2025-07-10 10:14:27 | INFO     | Epoch 9:
2025-07-10 10:14:27 | INFO     |   训练指标:
2025-07-10 10:14:27 | INFO     |     损失(hybrid_focal): 0.222295
2025-07-10 10:14:27 | INFO     |     准确率: 0.904427
2025-07-10 10:14:27 | INFO     |     学习率: 0.00010000
2025-07-10 10:14:27 | INFO     |   验证指标(标准CE):
2025-07-10 10:14:27 | INFO     |     损失: 0.352899
2025-07-10 10:14:27 | INFO     |     准确率: 0.899464
2025-07-10 10:14:27 | INFO     |     F1(macro): 0.904475
2025-07-10 10:14:27 | INFO     |     F1(weighted): 0.903767
2025-07-10 10:14:27 | INFO     |     精确率: 0.926075
2025-07-10 10:14:27 | INFO     |     召回率: 0.899365
2025-07-10 10:14:27 | INFO     |   学习率调度器: f1_based
2025-07-10 10:14:27 | INFO     | ------------------------------------------------------------
2025-07-10 10:14:27 | INFO     | Epoch   9 | Train: Loss=0.2223, Acc=0.9044 | Val: Loss=0.3529, Acc=0.8995, F1=0.9038 | LR=0.000100 🏆 [最佳模型]
2025-07-10 10:18:56 | INFO     | Epoch 10:
2025-07-10 10:18:56 | INFO     |   训练指标:
2025-07-10 10:18:56 | INFO     |     损失(hybrid_focal): 0.199945
2025-07-10 10:18:56 | INFO     |     准确率: 0.912140
2025-07-10 10:18:56 | INFO     |     学习率: 0.00010000
2025-07-10 10:18:56 | INFO     |   验证指标(标准CE):
2025-07-10 10:18:56 | INFO     |     损失: 0.400251
2025-07-10 10:18:56 | INFO     |     准确率: 0.895442
2025-07-10 10:18:56 | INFO     |     F1(macro): 0.903726
2025-07-10 10:18:56 | INFO     |     F1(weighted): 0.902408
2025-07-10 10:18:56 | INFO     |     精确率: 0.929221
2025-07-10 10:18:56 | INFO     |     召回率: 0.897414
2025-07-10 10:18:56 | INFO     |   学习率调度器: f1_based
2025-07-10 10:18:56 | INFO     | ------------------------------------------------------------
2025-07-10 10:18:56 | INFO     | Epoch  10 | Train: Loss=0.1999, Acc=0.9121 | Val: Loss=0.4003, Acc=0.8954, F1=0.9024 | LR=0.000100 
2025-07-10 10:23:25 | INFO     | Epoch 11:
2025-07-10 10:23:25 | INFO     |   训练指标:
2025-07-10 10:23:25 | INFO     |     损失(hybrid_focal): 0.188324
2025-07-10 10:23:25 | INFO     |     准确率: 0.917337
2025-07-10 10:23:25 | INFO     |     学习率: 0.00010000
2025-07-10 10:23:25 | INFO     |   验证指标(标准CE):
2025-07-10 10:23:25 | INFO     |     损失: 0.290636
2025-07-10 10:23:25 | INFO     |     准确率: 0.914879
2025-07-10 10:23:25 | INFO     |     F1(macro): 0.919731
2025-07-10 10:23:25 | INFO     |     F1(weighted): 0.917843
2025-07-10 10:23:25 | INFO     |     精确率: 0.931144
2025-07-10 10:23:25 | INFO     |     召回率: 0.917534
2025-07-10 10:23:25 | INFO     |   学习率调度器: f1_based
2025-07-10 10:23:25 | INFO     | ------------------------------------------------------------
2025-07-10 10:23:25 | INFO     | Epoch  11 | Train: Loss=0.1883, Acc=0.9173 | Val: Loss=0.2906, Acc=0.9149, F1=0.9178 | LR=0.000100 🏆 [最佳模型]
2025-07-10 10:27:54 | INFO     | Epoch 12:
2025-07-10 10:27:54 | INFO     |   训练指标:
2025-07-10 10:27:54 | INFO     |     损失(hybrid_focal): 0.180762
2025-07-10 10:27:54 | INFO     |     准确率: 0.923374
2025-07-10 10:27:54 | INFO     |     学习率: 0.00010000
2025-07-10 10:27:54 | INFO     |   验证指标(标准CE):
2025-07-10 10:27:54 | INFO     |     损失: 0.260220
2025-07-10 10:27:54 | INFO     |     准确率: 0.923592
2025-07-10 10:27:54 | INFO     |     F1(macro): 0.927194
2025-07-10 10:27:54 | INFO     |     F1(weighted): 0.924117
2025-07-10 10:27:54 | INFO     |     精确率: 0.935479
2025-07-10 10:27:54 | INFO     |     召回率: 0.928226
2025-07-10 10:27:54 | INFO     |   学习率调度器: f1_based
2025-07-10 10:27:54 | INFO     | ------------------------------------------------------------
2025-07-10 10:27:54 | INFO     | Epoch  12 | Train: Loss=0.1808, Acc=0.9234 | Val: Loss=0.2602, Acc=0.9236, F1=0.9241 | LR=0.000100 🏆 [最佳模型]
2025-07-10 10:32:23 | INFO     | Epoch 13:
2025-07-10 10:32:23 | INFO     |   训练指标:
2025-07-10 10:32:23 | INFO     |     损失(hybrid_focal): 0.174369
2025-07-10 10:32:23 | INFO     |     准确率: 0.928907
2025-07-10 10:32:23 | INFO     |     学习率: 0.00010000
2025-07-10 10:32:23 | INFO     |   验证指标(标准CE):
2025-07-10 10:32:23 | INFO     |     损失: 0.331291
2025-07-10 10:32:23 | INFO     |     准确率: 0.900134
2025-07-10 10:32:23 | INFO     |     F1(macro): 0.906516
2025-07-10 10:32:23 | INFO     |     F1(weighted): 0.902930
2025-07-10 10:32:23 | INFO     |     精确率: 0.922643
2025-07-10 10:32:23 | INFO     |     召回率: 0.902841
2025-07-10 10:32:23 | INFO     |   学习率调度器: f1_based
2025-07-10 10:32:23 | INFO     | ------------------------------------------------------------
2025-07-10 10:32:23 | INFO     | Epoch  13 | Train: Loss=0.1744, Acc=0.9289 | Val: Loss=0.3313, Acc=0.9001, F1=0.9029 | LR=0.000100 
2025-07-10 10:36:51 | INFO     | Epoch 14:
2025-07-10 10:36:51 | INFO     |   训练指标:
2025-07-10 10:36:51 | INFO     |     损失(hybrid_focal): 0.160338
2025-07-10 10:36:51 | INFO     |     准确率: 0.935614
2025-07-10 10:36:51 | INFO     |     学习率: 0.00010000
2025-07-10 10:36:51 | INFO     |   验证指标(标准CE):
2025-07-10 10:36:51 | INFO     |     损失: 0.230993
2025-07-10 10:36:51 | INFO     |     准确率: 0.940349
2025-07-10 10:36:51 | INFO     |     F1(macro): 0.942695
2025-07-10 10:36:51 | INFO     |     F1(weighted): 0.940989
2025-07-10 10:36:51 | INFO     |     精确率: 0.949522
2025-07-10 10:36:51 | INFO     |     召回率: 0.943134
2025-07-10 10:36:51 | INFO     |   学习率调度器: f1_based
2025-07-10 10:36:51 | INFO     | ------------------------------------------------------------
2025-07-10 10:36:51 | INFO     | Epoch  14 | Train: Loss=0.1603, Acc=0.9356 | Val: Loss=0.2310, Acc=0.9403, F1=0.9410 | LR=0.000100 🏆 [最佳模型]
2025-07-10 10:41:21 | INFO     | Epoch 15:
2025-07-10 10:41:21 | INFO     |   训练指标:
2025-07-10 10:41:21 | INFO     |     损失(hybrid_focal): 0.167590
2025-07-10 10:41:21 | INFO     |     准确率: 0.930248
2025-07-10 10:41:21 | INFO     |     学习率: 0.00010000
2025-07-10 10:41:21 | INFO     |   验证指标(标准CE):
2025-07-10 10:41:21 | INFO     |     损失: 0.336232
2025-07-10 10:41:21 | INFO     |     准确率: 0.916890
2025-07-10 10:41:21 | INFO     |     F1(macro): 0.917102
2025-07-10 10:41:21 | INFO     |     F1(weighted): 0.914647
2025-07-10 10:41:21 | INFO     |     精确率: 0.929359
2025-07-10 10:41:21 | INFO     |     召回率: 0.920749
2025-07-10 10:41:21 | INFO     |   学习率调度器: f1_based
2025-07-10 10:41:21 | INFO     | ------------------------------------------------------------
2025-07-10 10:41:21 | INFO     | Epoch  15 | Train: Loss=0.1676, Acc=0.9302 | Val: Loss=0.3362, Acc=0.9169, F1=0.9146 | LR=0.000100 
2025-07-10 10:45:49 | INFO     | Epoch 16:
2025-07-10 10:45:49 | INFO     |   训练指标:
2025-07-10 10:45:49 | INFO     |     损失(hybrid_focal): 0.160381
2025-07-10 10:45:49 | INFO     |     准确率: 0.937458
2025-07-10 10:45:49 | INFO     |     学习率: 0.00010000
2025-07-10 10:45:49 | INFO     |   验证指标(标准CE):
2025-07-10 10:45:49 | INFO     |     损失: 0.274222
2025-07-10 10:45:49 | INFO     |     准确率: 0.932306
2025-07-10 10:45:49 | INFO     |     F1(macro): 0.938042
2025-07-10 10:45:49 | INFO     |     F1(weighted): 0.935859
2025-07-10 10:45:49 | INFO     |     精确率: 0.955550
2025-07-10 10:45:49 | INFO     |     召回率: 0.933734
2025-07-10 10:45:49 | INFO     |   学习率调度器: f1_based
2025-07-10 10:45:49 | INFO     | ------------------------------------------------------------
2025-07-10 10:45:49 | INFO     | Epoch  16 | Train: Loss=0.1604, Acc=0.9375 | Val: Loss=0.2742, Acc=0.9323, F1=0.9359 | LR=0.000100 
2025-07-10 10:50:17 | INFO     | Epoch 17:
2025-07-10 10:50:17 | INFO     |   训练指标:
2025-07-10 10:50:17 | INFO     |     损失(hybrid_focal): 0.162885
2025-07-10 10:50:17 | INFO     |     准确率: 0.932428
2025-07-10 10:50:17 | INFO     |     学习率: 0.00010000
2025-07-10 10:50:17 | INFO     |   验证指标(标准CE):
2025-07-10 10:50:17 | INFO     |     损失: 0.235960
2025-07-10 10:50:17 | INFO     |     准确率: 0.943700
2025-07-10 10:50:17 | INFO     |     F1(macro): 0.946224
2025-07-10 10:50:17 | INFO     |     F1(weighted): 0.945065
2025-07-10 10:50:17 | INFO     |     精确率: 0.956015
2025-07-10 10:50:17 | INFO     |     召回率: 0.943872
2025-07-10 10:50:17 | INFO     |   学习率调度器: f1_based
2025-07-10 10:50:17 | INFO     | ------------------------------------------------------------
2025-07-10 10:50:17 | INFO     | Epoch  17 | Train: Loss=0.1629, Acc=0.9324 | Val: Loss=0.2360, Acc=0.9437, F1=0.9451 | LR=0.000100 🏆 [最佳模型]
2025-07-10 10:54:46 | INFO     | Epoch 18:
2025-07-10 10:54:46 | INFO     |   训练指标:
2025-07-10 10:54:46 | INFO     |     损失(hybrid_focal): 0.149466
2025-07-10 10:54:46 | INFO     |     准确率: 0.941985
2025-07-10 10:54:46 | INFO     |     学习率: 0.00010000
2025-07-10 10:54:46 | INFO     |   验证指标(标准CE):
2025-07-10 10:54:46 | INFO     |     损失: 0.254131
2025-07-10 10:54:46 | INFO     |     准确率: 0.943700
2025-07-10 10:54:46 | INFO     |     F1(macro): 0.946999
2025-07-10 10:54:46 | INFO     |     F1(weighted): 0.945254
2025-07-10 10:54:46 | INFO     |     精确率: 0.959512
2025-07-10 10:54:46 | INFO     |     召回率: 0.944479
2025-07-10 10:54:46 | INFO     |   学习率调度器: f1_based
2025-07-10 10:54:46 | INFO     | ------------------------------------------------------------
2025-07-10 10:54:46 | INFO     | Epoch  18 | Train: Loss=0.1495, Acc=0.9420 | Val: Loss=0.2541, Acc=0.9437, F1=0.9453 | LR=0.000100 🏆 [最佳模型]
2025-07-10 10:59:15 | INFO     | Epoch 19:
2025-07-10 10:59:15 | INFO     |   训练指标:
2025-07-10 10:59:15 | INFO     |     损失(hybrid_focal): 0.148707
2025-07-10 10:59:15 | INFO     |     准确率: 0.942321
2025-07-10 10:59:15 | INFO     |     学习率: 0.00010000
2025-07-10 10:59:15 | INFO     |   验证指标(标准CE):
2025-07-10 10:59:15 | INFO     |     损失: 0.241581
2025-07-10 10:59:15 | INFO     |     准确率: 0.939678
2025-07-10 10:59:15 | INFO     |     F1(macro): 0.942568
2025-07-10 10:59:15 | INFO     |     F1(weighted): 0.940836
2025-07-10 10:59:15 | INFO     |     精确率: 0.952900
2025-07-10 10:59:15 | INFO     |     召回率: 0.941810
2025-07-10 10:59:15 | INFO     |   学习率调度器: f1_based
2025-07-10 10:59:15 | INFO     | ------------------------------------------------------------
2025-07-10 10:59:15 | INFO     | Epoch  19 | Train: Loss=0.1487, Acc=0.9423 | Val: Loss=0.2416, Acc=0.9397, F1=0.9408 | LR=0.000100 
2025-07-10 11:03:44 | INFO     | Epoch 20:
2025-07-10 11:03:44 | INFO     |   训练指标:
2025-07-10 11:03:44 | INFO     |     损失(hybrid_focal): 0.148495
2025-07-10 11:03:44 | INFO     |     准确率: 0.948357
2025-07-10 11:03:44 | INFO     |     学习率: 0.00010000
2025-07-10 11:03:44 | INFO     |   验证指标(标准CE):
2025-07-10 11:03:44 | INFO     |     损失: 0.224531
2025-07-10 11:03:44 | INFO     |     准确率: 0.947051
2025-07-10 11:03:44 | INFO     |     F1(macro): 0.950195
2025-07-10 11:03:44 | INFO     |     F1(weighted): 0.947486
2025-07-10 11:03:44 | INFO     |     精确率: 0.955887
2025-07-10 11:03:44 | INFO     |     召回率: 0.950365
2025-07-10 11:03:44 | INFO     |   学习率调度器: f1_based
2025-07-10 11:03:44 | INFO     | ------------------------------------------------------------
2025-07-10 11:03:44 | INFO     | Epoch  20 | Train: Loss=0.1485, Acc=0.9484 | Val: Loss=0.2245, Acc=0.9471, F1=0.9475 | LR=0.000100 🏆 [最佳模型]
2025-07-10 11:08:13 | INFO     | Epoch 21:
2025-07-10 11:08:13 | INFO     |   训练指标:
2025-07-10 11:08:13 | INFO     |     损失(hybrid_focal): 0.147422
2025-07-10 11:08:13 | INFO     |     准确率: 0.942153
2025-07-10 11:08:13 | INFO     |     学习率: 0.00010000
2025-07-10 11:08:13 | INFO     |   验证指标(标准CE):
2025-07-10 11:08:13 | INFO     |     损失: 0.372486
2025-07-10 11:08:13 | INFO     |     准确率: 0.912869
2025-07-10 11:08:13 | INFO     |     F1(macro): 0.917744
2025-07-10 11:08:13 | INFO     |     F1(weighted): 0.915048
2025-07-10 11:08:13 | INFO     |     精确率: 0.933174
2025-07-10 11:08:13 | INFO     |     召回率: 0.913906
2025-07-10 11:08:13 | INFO     |   学习率调度器: f1_based
2025-07-10 11:08:13 | INFO     | ------------------------------------------------------------
2025-07-10 11:08:13 | INFO     | Epoch  21 | Train: Loss=0.1474, Acc=0.9422 | Val: Loss=0.3725, Acc=0.9129, F1=0.9150 | LR=0.000100 
2025-07-10 11:12:41 | INFO     | Epoch 22:
2025-07-10 11:12:41 | INFO     |   训练指标:
2025-07-10 11:12:41 | INFO     |     损失(hybrid_focal): 0.142331
2025-07-10 11:12:41 | INFO     |     准确率: 0.949363
2025-07-10 11:12:41 | INFO     |     学习率: 0.00010000
2025-07-10 11:12:41 | INFO     |   验证指标(标准CE):
2025-07-10 11:12:41 | INFO     |     损失: 0.230994
2025-07-10 11:12:41 | INFO     |     准确率: 0.939008
2025-07-10 11:12:41 | INFO     |     F1(macro): 0.944331
2025-07-10 11:12:41 | INFO     |     F1(weighted): 0.942251
2025-07-10 11:12:41 | INFO     |     精确率: 0.959959
2025-07-10 11:12:41 | INFO     |     召回率: 0.939665
2025-07-10 11:12:41 | INFO     |   学习率调度器: f1_based
2025-07-10 11:12:41 | INFO     | ------------------------------------------------------------
2025-07-10 11:12:41 | INFO     | Epoch  22 | Train: Loss=0.1423, Acc=0.9494 | Val: Loss=0.2310, Acc=0.9390, F1=0.9423 | LR=0.000100 
2025-07-10 11:17:09 | INFO     | Epoch 23:
2025-07-10 11:17:09 | INFO     |   训练指标:
2025-07-10 11:17:09 | INFO     |     损失(hybrid_focal): 0.146119
2025-07-10 11:17:09 | INFO     |     准确率: 0.948189
2025-07-10 11:17:09 | INFO     |     学习率: 0.00010000
2025-07-10 11:17:09 | INFO     |   验证指标(标准CE):
2025-07-10 11:17:09 | INFO     |     损失: 0.210859
2025-07-10 11:17:09 | INFO     |     准确率: 0.951072
2025-07-10 11:17:09 | INFO     |     F1(macro): 0.953439
2025-07-10 11:17:09 | INFO     |     F1(weighted): 0.951883
2025-07-10 11:17:09 | INFO     |     精确率: 0.960484
2025-07-10 11:17:09 | INFO     |     召回率: 0.953312
2025-07-10 11:17:09 | INFO     |   学习率调度器: f1_based
2025-07-10 11:17:09 | INFO     | ------------------------------------------------------------
2025-07-10 11:17:09 | INFO     | Epoch  23 | Train: Loss=0.1461, Acc=0.9482 | Val: Loss=0.2109, Acc=0.9511, F1=0.9519 | LR=0.000100 🏆 [最佳模型]
2025-07-10 11:21:38 | INFO     | Epoch 24:
2025-07-10 11:21:38 | INFO     |   训练指标:
2025-07-10 11:21:38 | INFO     |     损失(hybrid_focal): 0.139291
2025-07-10 11:21:38 | INFO     |     准确率: 0.949698
2025-07-10 11:21:38 | INFO     |     学习率: 0.00010000
2025-07-10 11:21:38 | INFO     |   验证指标(标准CE):
2025-07-10 11:21:38 | INFO     |     损失: 0.310566
2025-07-10 11:21:38 | INFO     |     准确率: 0.921582
2025-07-10 11:21:38 | INFO     |     F1(macro): 0.926070
2025-07-10 11:21:38 | INFO     |     F1(weighted): 0.922964
2025-07-10 11:21:38 | INFO     |     精确率: 0.938334
2025-07-10 11:21:38 | INFO     |     召回率: 0.924800
2025-07-10 11:21:38 | INFO     |   学习率调度器: f1_based
2025-07-10 11:21:38 | INFO     | ------------------------------------------------------------
2025-07-10 11:21:38 | INFO     | Epoch  24 | Train: Loss=0.1393, Acc=0.9497 | Val: Loss=0.3106, Acc=0.9216, F1=0.9230 | LR=0.000100 
2025-07-10 11:26:06 | INFO     | Epoch 25:
2025-07-10 11:26:06 | INFO     |   训练指标:
2025-07-10 11:26:06 | INFO     |     损失(hybrid_focal): 0.139818
2025-07-10 11:26:06 | INFO     |     准确率: 0.950369
2025-07-10 11:26:06 | INFO     |     学习率: 0.00010000
2025-07-10 11:26:06 | INFO     |   验证指标(标准CE):
2025-07-10 11:26:06 | INFO     |     损失: 0.222599
2025-07-10 11:26:06 | INFO     |     准确率: 0.939008
2025-07-10 11:26:06 | INFO     |     F1(macro): 0.940414
2025-07-10 11:26:06 | INFO     |     F1(weighted): 0.938705
2025-07-10 11:26:06 | INFO     |     精确率: 0.943264
2025-07-10 11:26:06 | INFO     |     召回率: 0.941040
2025-07-10 11:26:06 | INFO     |   学习率调度器: f1_based
2025-07-10 11:26:06 | INFO     | ------------------------------------------------------------
2025-07-10 11:26:06 | INFO     | Epoch  25 | Train: Loss=0.1398, Acc=0.9504 | Val: Loss=0.2226, Acc=0.9390, F1=0.9387 | LR=0.000100 
2025-07-10 11:30:34 | INFO     | Epoch 26:
2025-07-10 11:30:34 | INFO     |   训练指标:
2025-07-10 11:30:34 | INFO     |     损失(hybrid_focal): 0.135097
2025-07-10 11:30:34 | INFO     |     准确率: 0.952381
2025-07-10 11:30:34 | INFO     |     学习率: 0.00010000
2025-07-10 11:30:34 | INFO     |   验证指标(标准CE):
2025-07-10 11:30:34 | INFO     |     损失: 0.186615
2025-07-10 11:30:34 | INFO     |     准确率: 0.959786
2025-07-10 11:30:34 | INFO     |     F1(macro): 0.961220
2025-07-10 11:30:34 | INFO     |     F1(weighted): 0.959683
2025-07-10 11:30:34 | INFO     |     精确率: 0.963187
2025-07-10 11:30:34 | INFO     |     召回率: 0.961506
2025-07-10 11:30:34 | INFO     |   学习率调度器: f1_based
2025-07-10 11:30:34 | INFO     | ------------------------------------------------------------
2025-07-10 11:30:34 | INFO     | Epoch  26 | Train: Loss=0.1351, Acc=0.9524 | Val: Loss=0.1866, Acc=0.9598, F1=0.9597 | LR=0.000100 🏆 [最佳模型]
2025-07-10 11:35:03 | INFO     | Epoch 27:
2025-07-10 11:35:03 | INFO     |   训练指标:
2025-07-10 11:35:03 | INFO     |     损失(hybrid_focal): 0.129513
2025-07-10 11:35:03 | INFO     |     准确率: 0.955734
2025-07-10 11:35:03 | INFO     |     学习率: 0.00010000
2025-07-10 11:35:03 | INFO     |   验证指标(标准CE):
2025-07-10 11:35:03 | INFO     |     损失: 0.207601
2025-07-10 11:35:03 | INFO     |     准确率: 0.956434
2025-07-10 11:35:03 | INFO     |     F1(macro): 0.958317
2025-07-10 11:35:03 | INFO     |     F1(weighted): 0.957116
2025-07-10 11:35:03 | INFO     |     精确率: 0.964797
2025-07-10 11:35:03 | INFO     |     召回率: 0.956529
2025-07-10 11:35:03 | INFO     |   学习率调度器: f1_based
2025-07-10 11:35:03 | INFO     | ------------------------------------------------------------
2025-07-10 11:35:03 | INFO     | Epoch  27 | Train: Loss=0.1295, Acc=0.9557 | Val: Loss=0.2076, Acc=0.9564, F1=0.9571 | LR=0.000100 
2025-07-10 11:39:31 | INFO     | Epoch 28:
2025-07-10 11:39:31 | INFO     |   训练指标:
2025-07-10 11:39:31 | INFO     |     损失(hybrid_focal): 0.127375
2025-07-10 11:39:31 | INFO     |     准确率: 0.957579
2025-07-10 11:39:31 | INFO     |     学习率: 0.00010000
2025-07-10 11:39:31 | INFO     |   验证指标(标准CE):
2025-07-10 11:39:31 | INFO     |     损失: 0.226052
2025-07-10 11:39:31 | INFO     |     准确率: 0.954424
2025-07-10 11:39:31 | INFO     |     F1(macro): 0.957148
2025-07-10 11:39:31 | INFO     |     F1(weighted): 0.955328
2025-07-10 11:39:31 | INFO     |     精确率: 0.966814
2025-07-10 11:39:31 | INFO     |     召回率: 0.955637
2025-07-10 11:39:31 | INFO     |   学习率调度器: f1_based
2025-07-10 11:39:31 | INFO     | ------------------------------------------------------------
2025-07-10 11:39:31 | INFO     | Epoch  28 | Train: Loss=0.1274, Acc=0.9576 | Val: Loss=0.2261, Acc=0.9544, F1=0.9553 | LR=0.000100 
2025-07-10 11:44:00 | INFO     | Epoch 29:
2025-07-10 11:44:00 | INFO     |   训练指标:
2025-07-10 11:44:00 | INFO     |     损失(hybrid_focal): 0.134443
2025-07-10 11:44:00 | INFO     |     准确率: 0.951878
2025-07-10 11:44:00 | INFO     |     学习率: 0.00010000
2025-07-10 11:44:00 | INFO     |   验证指标(标准CE):
2025-07-10 11:44:00 | INFO     |     损失: 0.209704
2025-07-10 11:44:00 | INFO     |     准确率: 0.959786
2025-07-10 11:44:00 | INFO     |     F1(macro): 0.960913
2025-07-10 11:44:00 | INFO     |     F1(weighted): 0.960262
2025-07-10 11:44:00 | INFO     |     精确率: 0.967662
2025-07-10 11:44:00 | INFO     |     召回率: 0.960214
2025-07-10 11:44:00 | INFO     |   学习率调度器: f1_based
2025-07-10 11:44:00 | INFO     | ------------------------------------------------------------
2025-07-10 11:44:00 | INFO     | Epoch  29 | Train: Loss=0.1344, Acc=0.9519 | Val: Loss=0.2097, Acc=0.9598, F1=0.9603 | LR=0.000100 🏆 [最佳模型]
2025-07-10 11:48:30 | INFO     | Epoch 30:
2025-07-10 11:48:30 | INFO     |   训练指标:
2025-07-10 11:48:30 | INFO     |     损失(hybrid_focal): 0.128317
2025-07-10 11:48:30 | INFO     |     准确率: 0.960765
2025-07-10 11:48:30 | INFO     |     学习率: 0.00010000
2025-07-10 11:48:30 | INFO     |   验证指标(标准CE):
2025-07-10 11:48:30 | INFO     |     损失: 0.260346
2025-07-10 11:48:30 | INFO     |     准确率: 0.936327
2025-07-10 11:48:30 | INFO     |     F1(macro): 0.937463
2025-07-10 11:48:30 | INFO     |     F1(weighted): 0.935958
2025-07-10 11:48:30 | INFO     |     精确率: 0.945261
2025-07-10 11:48:30 | INFO     |     召回率: 0.937987
2025-07-10 11:48:30 | INFO     |   学习率调度器: f1_based
2025-07-10 11:48:30 | INFO     | ------------------------------------------------------------
2025-07-10 11:48:30 | INFO     | Epoch  30 | Train: Loss=0.1283, Acc=0.9608 | Val: Loss=0.2603, Acc=0.9363, F1=0.9360 | LR=0.000100 
2025-07-10 11:52:57 | INFO     | Epoch 31:
2025-07-10 11:52:57 | INFO     |   训练指标:
2025-07-10 11:52:57 | INFO     |     损失(hybrid_focal): 0.123799
2025-07-10 11:52:57 | INFO     |     准确率: 0.958249
2025-07-10 11:52:57 | INFO     |     学习率: 0.00010000
2025-07-10 11:52:57 | INFO     |   验证指标(标准CE):
2025-07-10 11:52:57 | INFO     |     损失: 0.236715
2025-07-10 11:52:57 | INFO     |     准确率: 0.945710
2025-07-10 11:52:57 | INFO     |     F1(macro): 0.947926
2025-07-10 11:52:57 | INFO     |     F1(weighted): 0.944916
2025-07-10 11:52:57 | INFO     |     精确率: 0.953276
2025-07-10 11:52:57 | INFO     |     召回率: 0.948497
2025-07-10 11:52:57 | INFO     |   学习率调度器: f1_based
2025-07-10 11:52:57 | INFO     | ------------------------------------------------------------
2025-07-10 11:52:57 | INFO     | Epoch  31 | Train: Loss=0.1238, Acc=0.9582 | Val: Loss=0.2367, Acc=0.9457, F1=0.9449 | LR=0.000100 
2025-07-10 11:57:25 | INFO     | Epoch 32:
2025-07-10 11:57:25 | INFO     |   训练指标:
2025-07-10 11:57:25 | INFO     |     损失(hybrid_focal): 0.127172
2025-07-10 11:57:25 | INFO     |     准确率: 0.960094
2025-07-10 11:57:25 | INFO     |     学习率: 0.00010000
2025-07-10 11:57:25 | INFO     |   验证指标(标准CE):
2025-07-10 11:57:25 | INFO     |     损失: 0.169346
2025-07-10 11:57:25 | INFO     |     准确率: 0.963807
2025-07-10 11:57:25 | INFO     |     F1(macro): 0.965309
2025-07-10 11:57:25 | INFO     |     F1(weighted): 0.963722
2025-07-10 11:57:25 | INFO     |     精确率: 0.969861
2025-07-10 11:57:25 | INFO     |     召回率: 0.965389
2025-07-10 11:57:25 | INFO     |   学习率调度器: f1_based
2025-07-10 11:57:25 | INFO     | ------------------------------------------------------------
2025-07-10 11:57:25 | INFO     | Epoch  32 | Train: Loss=0.1272, Acc=0.9601 | Val: Loss=0.1693, Acc=0.9638, F1=0.9637 | LR=0.000100 🏆 [最佳模型]
2025-07-10 12:01:54 | INFO     | Epoch 33:
2025-07-10 12:01:54 | INFO     |   训练指标:
2025-07-10 12:01:54 | INFO     |     损失(hybrid_focal): 0.127693
2025-07-10 12:01:54 | INFO     |     准确率: 0.957243
2025-07-10 12:01:54 | INFO     |     学习率: 0.00010000
2025-07-10 12:01:54 | INFO     |   验证指标(标准CE):
2025-07-10 12:01:54 | INFO     |     损失: 0.195035
2025-07-10 12:01:54 | INFO     |     准确率: 0.954424
2025-07-10 12:01:54 | INFO     |     F1(macro): 0.956411
2025-07-10 12:01:54 | INFO     |     F1(weighted): 0.953975
2025-07-10 12:01:54 | INFO     |     精确率: 0.961404
2025-07-10 12:01:54 | INFO     |     召回率: 0.957951
2025-07-10 12:01:54 | INFO     |   学习率调度器: f1_based
2025-07-10 12:01:54 | INFO     | ------------------------------------------------------------
2025-07-10 12:01:54 | INFO     | Epoch  33 | Train: Loss=0.1277, Acc=0.9572 | Val: Loss=0.1950, Acc=0.9544, F1=0.9540 | LR=0.000100 
2025-07-10 12:06:22 | INFO     | Epoch 34:
2025-07-10 12:06:22 | INFO     |   训练指标:
2025-07-10 12:06:22 | INFO     |     损失(hybrid_focal): 0.131561
2025-07-10 12:06:22 | INFO     |     准确率: 0.958249
2025-07-10 12:06:22 | INFO     |     学习率: 0.00010000
2025-07-10 12:06:22 | INFO     |   验证指标(标准CE):
2025-07-10 12:06:22 | INFO     |     损失: 0.230675
2025-07-10 12:06:22 | INFO     |     准确率: 0.944370
2025-07-10 12:06:22 | INFO     |     F1(macro): 0.946907
2025-07-10 12:06:22 | INFO     |     F1(weighted): 0.943622
2025-07-10 12:06:22 | INFO     |     精确率: 0.952312
2025-07-10 12:06:22 | INFO     |     召回率: 0.947653
2025-07-10 12:06:22 | INFO     |   学习率调度器: f1_based
2025-07-10 12:06:22 | INFO     | ------------------------------------------------------------
2025-07-10 12:06:22 | INFO     | Epoch  34 | Train: Loss=0.1316, Acc=0.9582 | Val: Loss=0.2307, Acc=0.9444, F1=0.9436 | LR=0.000100 
2025-07-10 12:10:49 | INFO     | Epoch 35:
2025-07-10 12:10:49 | INFO     |   训练指标:
2025-07-10 12:10:49 | INFO     |     损失(hybrid_focal): 0.129570
2025-07-10 12:10:49 | INFO     |     准确率: 0.958249
2025-07-10 12:10:49 | INFO     |     学习率: 0.00010000
2025-07-10 12:10:49 | INFO     |   验证指标(标准CE):
2025-07-10 12:10:49 | INFO     |     损失: 0.228514
2025-07-10 12:10:49 | INFO     |     准确率: 0.945040
2025-07-10 12:10:49 | INFO     |     F1(macro): 0.945171
2025-07-10 12:10:49 | INFO     |     F1(weighted): 0.943764
2025-07-10 12:10:49 | INFO     |     精确率: 0.951219
2025-07-10 12:10:49 | INFO     |     召回率: 0.947049
2025-07-10 12:10:49 | INFO     |   学习率调度器: f1_based
2025-07-10 12:10:49 | INFO     | ------------------------------------------------------------
2025-07-10 12:10:49 | INFO     | Epoch  35 | Train: Loss=0.1296, Acc=0.9582 | Val: Loss=0.2285, Acc=0.9450, F1=0.9438 | LR=0.000100 
2025-07-10 12:15:18 | INFO     | Epoch 36:
2025-07-10 12:15:18 | INFO     |   训练指标:
2025-07-10 12:15:18 | INFO     |     损失(hybrid_focal): 0.116063
2025-07-10 12:15:18 | INFO     |     准确率: 0.965124
2025-07-10 12:15:18 | INFO     |     学习率: 0.00010000
2025-07-10 12:15:18 | INFO     |   验证指标(标准CE):
2025-07-10 12:15:18 | INFO     |     损失: 0.216842
2025-07-10 12:15:18 | INFO     |     准确率: 0.949732
2025-07-10 12:15:18 | INFO     |     F1(macro): 0.952002
2025-07-10 12:15:18 | INFO     |     F1(weighted): 0.949995
2025-07-10 12:15:18 | INFO     |     精确率: 0.961248
2025-07-10 12:15:18 | INFO     |     召回率: 0.951247
2025-07-10 12:15:18 | INFO     |   学习率调度器: f1_based
2025-07-10 12:15:18 | INFO     | ------------------------------------------------------------
2025-07-10 12:15:18 | INFO     | Epoch  36 | Train: Loss=0.1161, Acc=0.9651 | Val: Loss=0.2168, Acc=0.9497, F1=0.9500 | LR=0.000100 
2025-07-10 12:19:46 | INFO     | Epoch 37:
2025-07-10 12:19:46 | INFO     |   训练指标:
2025-07-10 12:19:46 | INFO     |     损失(hybrid_focal): 0.121620
2025-07-10 12:19:46 | INFO     |     准确率: 0.962944
2025-07-10 12:19:46 | INFO     |     学习率: 0.00010000
2025-07-10 12:19:46 | INFO     |   验证指标(标准CE):
2025-07-10 12:19:46 | INFO     |     损失: 0.226913
2025-07-10 12:19:46 | INFO     |     准确率: 0.955094
2025-07-10 12:19:46 | INFO     |     F1(macro): 0.956803
2025-07-10 12:19:46 | INFO     |     F1(weighted): 0.955599
2025-07-10 12:19:46 | INFO     |     精确率: 0.961795
2025-07-10 12:19:46 | INFO     |     召回率: 0.955963
2025-07-10 12:19:46 | INFO     |   学习率调度器: f1_based
2025-07-10 12:19:46 | INFO     | ------------------------------------------------------------
2025-07-10 12:19:46 | INFO     | Epoch  37 | Train: Loss=0.1216, Acc=0.9629 | Val: Loss=0.2269, Acc=0.9551, F1=0.9556 | LR=0.000100 
2025-07-10 12:24:14 | INFO     | Epoch 38:
2025-07-10 12:24:14 | INFO     |   训练指标:
2025-07-10 12:24:14 | INFO     |     损失(hybrid_focal): 0.119465
2025-07-10 12:24:14 | INFO     |     准确率: 0.964956
2025-07-10 12:24:14 | INFO     |     学习率: 0.00010000
2025-07-10 12:24:14 | INFO     |   验证指标(标准CE):
2025-07-10 12:24:14 | INFO     |     损失: 0.176496
2025-07-10 12:24:14 | INFO     |     准确率: 0.965147
2025-07-10 12:24:14 | INFO     |     F1(macro): 0.966050
2025-07-10 12:24:14 | INFO     |     F1(weighted): 0.964995
2025-07-10 12:24:14 | INFO     |     精确率: 0.969226
2025-07-10 12:24:14 | INFO     |     召回率: 0.966585
2025-07-10 12:24:14 | INFO     |   学习率调度器: f1_based
2025-07-10 12:24:14 | INFO     | ------------------------------------------------------------
2025-07-10 12:24:14 | INFO     | Epoch  38 | Train: Loss=0.1195, Acc=0.9650 | Val: Loss=0.1765, Acc=0.9651, F1=0.9650 | LR=0.000100 🏆 [最佳模型]
2025-07-10 12:28:43 | INFO     | Epoch 39:
2025-07-10 12:28:43 | INFO     |   训练指标:
2025-07-10 12:28:43 | INFO     |     损失(hybrid_focal): 0.123968
2025-07-10 12:28:43 | INFO     |     准确率: 0.963783
2025-07-10 12:28:43 | INFO     |     学习率: 0.00010000
2025-07-10 12:28:43 | INFO     |   验证指标(标准CE):
2025-07-10 12:28:43 | INFO     |     损失: 0.221495
2025-07-10 12:28:43 | INFO     |     准确率: 0.951072
2025-07-10 12:28:43 | INFO     |     F1(macro): 0.952620
2025-07-10 12:28:43 | INFO     |     F1(weighted): 0.950270
2025-07-10 12:28:43 | INFO     |     精确率: 0.958201
2025-07-10 12:28:43 | INFO     |     召回率: 0.954469
2025-07-10 12:28:43 | INFO     |   学习率调度器: f1_based
2025-07-10 12:28:43 | INFO     | ------------------------------------------------------------
2025-07-10 12:28:43 | INFO     | Epoch  39 | Train: Loss=0.1240, Acc=0.9638 | Val: Loss=0.2215, Acc=0.9511, F1=0.9503 | LR=0.000100 
2025-07-10 12:33:12 | INFO     | Epoch 40:
2025-07-10 12:33:12 | INFO     |   训练指标:
2025-07-10 12:33:12 | INFO     |     损失(hybrid_focal): 0.116129
2025-07-10 12:33:12 | INFO     |     准确率: 0.965795
2025-07-10 12:33:12 | INFO     |     学习率: 0.00010000
2025-07-10 12:33:12 | INFO     |   验证指标(标准CE):
2025-07-10 12:33:12 | INFO     |     损失: 0.204412
2025-07-10 12:33:12 | INFO     |     准确率: 0.955764
2025-07-10 12:33:12 | INFO     |     F1(macro): 0.957284
2025-07-10 12:33:12 | INFO     |     F1(weighted): 0.955638
2025-07-10 12:33:12 | INFO     |     精确率: 0.961821
2025-07-10 12:33:12 | INFO     |     召回率: 0.957538
2025-07-10 12:33:12 | INFO     |   学习率调度器: f1_based
2025-07-10 12:33:12 | INFO     | ------------------------------------------------------------
2025-07-10 12:33:12 | INFO     | Epoch  40 | Train: Loss=0.1161, Acc=0.9658 | Val: Loss=0.2044, Acc=0.9558, F1=0.9556 | LR=0.000100 
2025-07-10 12:37:40 | INFO     | Epoch 41:
2025-07-10 12:37:40 | INFO     |   训练指标:
2025-07-10 12:37:40 | INFO     |     损失(hybrid_focal): 0.117243
2025-07-10 12:37:40 | INFO     |     准确率: 0.965292
2025-07-10 12:37:40 | INFO     |     学习率: 0.00010000
2025-07-10 12:37:40 | INFO     |   验证指标(标准CE):
2025-07-10 12:37:40 | INFO     |     损失: 0.174787
2025-07-10 12:37:40 | INFO     |     准确率: 0.965818
2025-07-10 12:37:40 | INFO     |     F1(macro): 0.966795
2025-07-10 12:37:40 | INFO     |     F1(weighted): 0.965626
2025-07-10 12:37:40 | INFO     |     精确率: 0.968979
2025-07-10 12:37:40 | INFO     |     召回率: 0.967887
2025-07-10 12:37:40 | INFO     |   学习率调度器: f1_based
2025-07-10 12:37:40 | INFO     | ------------------------------------------------------------
2025-07-10 12:37:40 | INFO     | Epoch  41 | Train: Loss=0.1172, Acc=0.9653 | Val: Loss=0.1748, Acc=0.9658, F1=0.9656 | LR=0.000100 🏆 [最佳模型]
2025-07-10 12:42:09 | INFO     | Epoch 42:
2025-07-10 12:42:09 | INFO     |   训练指标:
2025-07-10 12:42:09 | INFO     |     损失(hybrid_focal): 0.120121
2025-07-10 12:42:09 | INFO     |     准确率: 0.964453
2025-07-10 12:42:09 | INFO     |     学习率: 0.00010000
2025-07-10 12:42:09 | INFO     |   验证指标(标准CE):
2025-07-10 12:42:09 | INFO     |     损失: 0.241581
2025-07-10 12:42:09 | INFO     |     准确率: 0.943029
2025-07-10 12:42:09 | INFO     |     F1(macro): 0.944880
2025-07-10 12:42:09 | INFO     |     F1(weighted): 0.941864
2025-07-10 12:42:09 | INFO     |     精确率: 0.950443
2025-07-10 12:42:09 | INFO     |     召回率: 0.947206
2025-07-10 12:42:09 | INFO     |   学习率调度器: f1_based
2025-07-10 12:42:09 | INFO     | ------------------------------------------------------------
2025-07-10 12:42:09 | INFO     | Epoch  42 | Train: Loss=0.1201, Acc=0.9645 | Val: Loss=0.2416, Acc=0.9430, F1=0.9419 | LR=0.000100 
2025-07-10 12:46:37 | INFO     | Epoch 43:
2025-07-10 12:46:37 | INFO     |   训练指标:
2025-07-10 12:46:37 | INFO     |     损失(hybrid_focal): 0.114384
2025-07-10 12:46:37 | INFO     |     准确率: 0.965795
2025-07-10 12:46:37 | INFO     |     学习率: 0.00010000
2025-07-10 12:46:37 | INFO     |   验证指标(标准CE):
2025-07-10 12:46:37 | INFO     |     损失: 0.170046
2025-07-10 12:46:37 | INFO     |     准确率: 0.967828
2025-07-10 12:46:37 | INFO     |     F1(macro): 0.969153
2025-07-10 12:46:37 | INFO     |     F1(weighted): 0.968158
2025-07-10 12:46:37 | INFO     |     精确率: 0.971478
2025-07-10 12:46:37 | INFO     |     召回率: 0.968261
2025-07-10 12:46:37 | INFO     |   学习率调度器: f1_based
2025-07-10 12:46:37 | INFO     | ------------------------------------------------------------
2025-07-10 12:46:37 | INFO     | Epoch  43 | Train: Loss=0.1144, Acc=0.9658 | Val: Loss=0.1700, Acc=0.9678, F1=0.9682 | LR=0.000100 🏆 [最佳模型]
2025-07-10 12:51:06 | INFO     | Epoch 44:
2025-07-10 12:51:06 | INFO     |   训练指标:
2025-07-10 12:51:06 | INFO     |     损失(hybrid_focal): 0.118092
2025-07-10 12:51:06 | INFO     |     准确率: 0.967136
2025-07-10 12:51:06 | INFO     |     学习率: 0.00010000
2025-07-10 12:51:06 | INFO     |   验证指标(标准CE):
2025-07-10 12:51:06 | INFO     |     损失: 0.224383
2025-07-10 12:51:06 | INFO     |     准确率: 0.947051
2025-07-10 12:51:06 | INFO     |     F1(macro): 0.949677
2025-07-10 12:51:06 | INFO     |     F1(weighted): 0.947917
2025-07-10 12:51:06 | INFO     |     精确率: 0.957022
2025-07-10 12:51:06 | INFO     |     召回率: 0.949582
2025-07-10 12:51:06 | INFO     |   学习率调度器: f1_based
2025-07-10 12:51:06 | INFO     | ------------------------------------------------------------
2025-07-10 12:51:06 | INFO     | Epoch  44 | Train: Loss=0.1181, Acc=0.9671 | Val: Loss=0.2244, Acc=0.9471, F1=0.9479 | LR=0.000100 
2025-07-10 12:55:34 | INFO     | Epoch 45:
2025-07-10 12:55:34 | INFO     |   训练指标:
2025-07-10 12:55:34 | INFO     |     损失(hybrid_focal): 0.118701
2025-07-10 12:55:34 | INFO     |     准确率: 0.962106
2025-07-10 12:55:34 | INFO     |     学习率: 0.00010000
2025-07-10 12:55:34 | INFO     |   验证指标(标准CE):
2025-07-10 12:55:34 | INFO     |     损失: 0.214463
2025-07-10 12:55:34 | INFO     |     准确率: 0.945040
2025-07-10 12:55:34 | INFO     |     F1(macro): 0.947361
2025-07-10 12:55:34 | INFO     |     F1(weighted): 0.945734
2025-07-10 12:55:34 | INFO     |     精确率: 0.954621
2025-07-10 12:55:34 | INFO     |     召回率: 0.947561
2025-07-10 12:55:34 | INFO     |   学习率调度器: f1_based
2025-07-10 12:55:34 | INFO     | ------------------------------------------------------------
2025-07-10 12:55:34 | INFO     | Epoch  45 | Train: Loss=0.1187, Acc=0.9621 | Val: Loss=0.2145, Acc=0.9450, F1=0.9457 | LR=0.000100 
2025-07-10 13:00:03 | INFO     | Epoch 46:
2025-07-10 13:00:03 | INFO     |   训练指标:
2025-07-10 13:00:03 | INFO     |     损失(hybrid_focal): 0.119179
2025-07-10 13:00:03 | INFO     |     准确率: 0.964956
2025-07-10 13:00:03 | INFO     |     学习率: 0.00010000
2025-07-10 13:00:03 | INFO     |   验证指标(标准CE):
2025-07-10 13:00:03 | INFO     |     损失: 0.205161
2025-07-10 13:00:03 | INFO     |     准确率: 0.952413
2025-07-10 13:00:03 | INFO     |     F1(macro): 0.954873
2025-07-10 13:00:03 | INFO     |     F1(weighted): 0.953678
2025-07-10 13:00:03 | INFO     |     精确率: 0.963561
2025-07-10 13:00:03 | INFO     |     召回率: 0.953822
2025-07-10 13:00:03 | INFO     |   学习率调度器: f1_based
2025-07-10 13:00:03 | INFO     | ------------------------------------------------------------
2025-07-10 13:00:03 | INFO     | Epoch  46 | Train: Loss=0.1192, Acc=0.9650 | Val: Loss=0.2052, Acc=0.9524, F1=0.9537 | LR=0.000100 
2025-07-10 13:04:31 | INFO     | Epoch 47:
2025-07-10 13:04:31 | INFO     |   训练指标:
2025-07-10 13:04:31 | INFO     |     损失(hybrid_focal): 0.116335
2025-07-10 13:04:31 | INFO     |     准确率: 0.965124
2025-07-10 13:04:31 | INFO     |     学习率: 0.00010000
2025-07-10 13:04:31 | INFO     |   验证指标(标准CE):
2025-07-10 13:04:31 | INFO     |     损失: 0.192059
2025-07-10 13:04:31 | INFO     |     准确率: 0.969839
2025-07-10 13:04:31 | INFO     |     F1(macro): 0.969731
2025-07-10 13:04:31 | INFO     |     F1(weighted): 0.969698
2025-07-10 13:04:31 | INFO     |     精确率: 0.973318
2025-07-10 13:04:31 | INFO     |     召回率: 0.969063
2025-07-10 13:04:31 | INFO     |   学习率调度器: f1_based
2025-07-10 13:04:31 | INFO     | ------------------------------------------------------------
2025-07-10 13:04:31 | INFO     | Epoch  47 | Train: Loss=0.1163, Acc=0.9651 | Val: Loss=0.1921, Acc=0.9698, F1=0.9697 | LR=0.000100 🏆 [最佳模型]
2025-07-10 13:09:01 | INFO     | Epoch 48:
2025-07-10 13:09:01 | INFO     |   训练指标:
2025-07-10 13:09:01 | INFO     |     损失(hybrid_focal): 0.109502
2025-07-10 13:09:01 | INFO     |     准确率: 0.970322
2025-07-10 13:09:01 | INFO     |     学习率: 0.00010000
2025-07-10 13:09:01 | INFO     |   验证指标(标准CE):
2025-07-10 13:09:01 | INFO     |     损失: 0.208151
2025-07-10 13:09:01 | INFO     |     准确率: 0.959786
2025-07-10 13:09:01 | INFO     |     F1(macro): 0.961285
2025-07-10 13:09:01 | INFO     |     F1(weighted): 0.960236
2025-07-10 13:09:01 | INFO     |     精确率: 0.966359
2025-07-10 13:09:01 | INFO     |     召回率: 0.961983
2025-07-10 13:09:01 | INFO     |   学习率调度器: f1_based
2025-07-10 13:09:01 | INFO     | ------------------------------------------------------------
2025-07-10 13:09:01 | INFO     | Epoch  48 | Train: Loss=0.1095, Acc=0.9703 | Val: Loss=0.2082, Acc=0.9598, F1=0.9602 | LR=0.000100 
2025-07-10 13:13:29 | INFO     | Epoch 49:
2025-07-10 13:13:29 | INFO     |   训练指标:
2025-07-10 13:13:29 | INFO     |     损失(hybrid_focal): 0.113747
2025-07-10 13:13:29 | INFO     |     准确率: 0.967136
2025-07-10 13:13:29 | INFO     |     学习率: 0.00010000
2025-07-10 13:13:29 | INFO     |   验证指标(标准CE):
2025-07-10 13:13:29 | INFO     |     损失: 0.157687
2025-07-10 13:13:29 | INFO     |     准确率: 0.975871
2025-07-10 13:13:29 | INFO     |     F1(macro): 0.976928
2025-07-10 13:13:29 | INFO     |     F1(weighted): 0.975909
2025-07-10 13:13:29 | INFO     |     精确率: 0.978307
2025-07-10 13:13:29 | INFO     |     召回率: 0.976660
2025-07-10 13:13:29 | INFO     |   学习率调度器: f1_based
2025-07-10 13:13:29 | INFO     | ------------------------------------------------------------
2025-07-10 13:13:29 | INFO     | Epoch  49 | Train: Loss=0.1137, Acc=0.9671 | Val: Loss=0.1577, Acc=0.9759, F1=0.9759 | LR=0.000100 🏆 [最佳模型]
2025-07-10 13:17:58 | INFO     | Epoch 50:
2025-07-10 13:17:58 | INFO     |   训练指标:
2025-07-10 13:17:58 | INFO     |     损失(hybrid_focal): 0.108491
2025-07-10 13:17:58 | INFO     |     准确率: 0.971831
2025-07-10 13:17:58 | INFO     |     学习率: 0.00010000
2025-07-10 13:17:58 | INFO     |   验证指标(标准CE):
2025-07-10 13:17:58 | INFO     |     损失: 0.203184
2025-07-10 13:17:58 | INFO     |     准确率: 0.956434
2025-07-10 13:17:58 | INFO     |     F1(macro): 0.958847
2025-07-10 13:17:58 | INFO     |     F1(weighted): 0.957369
2025-07-10 13:17:58 | INFO     |     精确率: 0.964795
2025-07-10 13:17:58 | INFO     |     召回率: 0.957634
2025-07-10 13:17:58 | INFO     |   学习率调度器: f1_based
2025-07-10 13:17:58 | INFO     | ------------------------------------------------------------
2025-07-10 13:17:58 | INFO     | Epoch  50 | Train: Loss=0.1085, Acc=0.9718 | Val: Loss=0.2032, Acc=0.9564, F1=0.9574 | LR=0.000100 
2025-07-10 13:22:26 | INFO     | Epoch 51:
2025-07-10 13:22:26 | INFO     |   训练指标:
2025-07-10 13:22:26 | INFO     |     损失(hybrid_focal): 0.115983
2025-07-10 13:22:26 | INFO     |     准确率: 0.967975
2025-07-10 13:22:26 | INFO     |     学习率: 0.00010000
2025-07-10 13:22:26 | INFO     |   验证指标(标准CE):
2025-07-10 13:22:26 | INFO     |     损失: 0.235086
2025-07-10 13:22:26 | INFO     |     准确率: 0.955764
2025-07-10 13:22:26 | INFO     |     F1(macro): 0.958248
2025-07-10 13:22:26 | INFO     |     F1(weighted): 0.956314
2025-07-10 13:22:26 | INFO     |     精确率: 0.963372
2025-07-10 13:22:26 | INFO     |     召回率: 0.958664
2025-07-10 13:22:26 | INFO     |   学习率调度器: f1_based
2025-07-10 13:22:26 | INFO     | ------------------------------------------------------------
2025-07-10 13:22:26 | INFO     | Epoch  51 | Train: Loss=0.1160, Acc=0.9680 | Val: Loss=0.2351, Acc=0.9558, F1=0.9563 | LR=0.000100 
2025-07-10 13:26:54 | INFO     | Epoch 52:
2025-07-10 13:26:54 | INFO     |   训练指标:
2025-07-10 13:26:54 | INFO     |     损失(hybrid_focal): 0.115904
2025-07-10 13:26:54 | INFO     |     准确率: 0.970154
2025-07-10 13:26:54 | INFO     |     学习率: 0.00010000
2025-07-10 13:26:54 | INFO     |   验证指标(标准CE):
2025-07-10 13:26:54 | INFO     |     损失: 0.222507
2025-07-10 13:26:54 | INFO     |     准确率: 0.953083
2025-07-10 13:26:54 | INFO     |     F1(macro): 0.955119
2025-07-10 13:26:54 | INFO     |     F1(weighted): 0.952287
2025-07-10 13:26:54 | INFO     |     精确率: 0.957877
2025-07-10 13:26:54 | INFO     |     召回率: 0.956942
2025-07-10 13:26:54 | INFO     |   学习率调度器: f1_based
2025-07-10 13:26:54 | INFO     | ------------------------------------------------------------
2025-07-10 13:26:54 | INFO     | Epoch  52 | Train: Loss=0.1159, Acc=0.9702 | Val: Loss=0.2225, Acc=0.9531, F1=0.9523 | LR=0.000100 
2025-07-10 13:31:21 | INFO     | Epoch 53:
2025-07-10 13:31:21 | INFO     |   训练指标:
2025-07-10 13:31:21 | INFO     |     损失(hybrid_focal): 0.115451
2025-07-10 13:31:21 | INFO     |     准确率: 0.965292
2025-07-10 13:31:21 | INFO     |     学习率: 0.00010000
2025-07-10 13:31:21 | INFO     |   验证指标(标准CE):
2025-07-10 13:31:21 | INFO     |     损失: 0.199665
2025-07-10 13:31:21 | INFO     |     准确率: 0.963807
2025-07-10 13:31:21 | INFO     |     F1(macro): 0.964812
2025-07-10 13:31:21 | INFO     |     F1(weighted): 0.964043
2025-07-10 13:31:21 | INFO     |     精确率: 0.969336
2025-07-10 13:31:21 | INFO     |     召回率: 0.963347
2025-07-10 13:31:21 | INFO     |   学习率调度器: f1_based
2025-07-10 13:31:21 | INFO     | ------------------------------------------------------------
2025-07-10 13:31:21 | INFO     | Epoch  53 | Train: Loss=0.1155, Acc=0.9653 | Val: Loss=0.1997, Acc=0.9638, F1=0.9640 | LR=0.000100 
2025-07-10 13:35:49 | INFO     | Epoch 54:
2025-07-10 13:35:49 | INFO     |   训练指标:
2025-07-10 13:35:49 | INFO     |     损失(hybrid_focal): 0.107633
2025-07-10 13:35:49 | INFO     |     准确率: 0.973675
2025-07-10 13:35:49 | INFO     |     学习率: 0.00010000
2025-07-10 13:35:49 | INFO     |   验证指标(标准CE):
2025-07-10 13:35:49 | INFO     |     损失: 0.229861
2025-07-10 13:35:49 | INFO     |     准确率: 0.943029
2025-07-10 13:35:49 | INFO     |     F1(macro): 0.946020
2025-07-10 13:35:49 | INFO     |     F1(weighted): 0.943600
2025-07-10 13:35:49 | INFO     |     精确率: 0.956979
2025-07-10 13:35:49 | INFO     |     召回率: 0.945533
2025-07-10 13:35:49 | INFO     |   学习率调度器: f1_based
2025-07-10 13:35:49 | INFO     | ------------------------------------------------------------
2025-07-10 13:35:49 | INFO     | Epoch  54 | Train: Loss=0.1076, Acc=0.9737 | Val: Loss=0.2299, Acc=0.9430, F1=0.9436 | LR=0.000100 
2025-07-10 13:40:17 | INFO     | Epoch 55:
2025-07-10 13:40:17 | INFO     |   训练指标:
2025-07-10 13:40:17 | INFO     |     损失(hybrid_focal): 0.111540
2025-07-10 13:40:17 | INFO     |     准确率: 0.966298
2025-07-10 13:40:17 | INFO     |     学习率: 0.00010000
2025-07-10 13:40:17 | INFO     |   验证指标(标准CE):
2025-07-10 13:40:17 | INFO     |     损失: 0.196119
2025-07-10 13:40:17 | INFO     |     准确率: 0.960456
2025-07-10 13:40:17 | INFO     |     F1(macro): 0.961978
2025-07-10 13:40:17 | INFO     |     F1(weighted): 0.960219
2025-07-10 13:40:17 | INFO     |     精确率: 0.967290
2025-07-10 13:40:17 | INFO     |     召回率: 0.962728
2025-07-10 13:40:17 | INFO     |   学习率调度器: f1_based
2025-07-10 13:40:17 | INFO     | ------------------------------------------------------------
2025-07-10 13:40:17 | INFO     | 🎯 学习率调整事件:
2025-07-10 13:40:17 | INFO     |   调度器类型: f1_based
2025-07-10 13:40:17 | INFO     |   学习率变化: 0.00010000 → 0.00005000
2025-07-10 13:40:17 | INFO     |   触发条件: F1分数 = 0.960219
2025-07-10 13:40:17 | INFO     |   变化幅度: -50.00%
2025-07-10 13:40:17 | INFO     | ------------------------------------------------------------
2025-07-10 13:40:17 | INFO     | Epoch  55 | Train: Loss=0.1115, Acc=0.9663 | Val: Loss=0.1961, Acc=0.9605, F1=0.9602 | LR=0.000050 
2025-07-10 13:44:46 | INFO     | Epoch 56:
2025-07-10 13:44:46 | INFO     |   训练指标:
2025-07-10 13:44:46 | INFO     |     损失(hybrid_focal): 0.095446
2025-07-10 13:44:46 | INFO     |     准确率: 0.980382
2025-07-10 13:44:46 | INFO     |     学习率: 0.00005000
2025-07-10 13:44:46 | INFO     |   验证指标(标准CE):
2025-07-10 13:44:46 | INFO     |     损失: 0.169702
2025-07-10 13:44:46 | INFO     |     准确率: 0.969169
2025-07-10 13:44:46 | INFO     |     F1(macro): 0.970648
2025-07-10 13:44:46 | INFO     |     F1(weighted): 0.969080
2025-07-10 13:44:46 | INFO     |     精确率: 0.973976
2025-07-10 13:44:46 | INFO     |     召回率: 0.971079
2025-07-10 13:44:46 | INFO     |   学习率调度器: f1_based
2025-07-10 13:44:46 | INFO     | ------------------------------------------------------------
2025-07-10 13:44:46 | INFO     | Epoch  56 | Train: Loss=0.0954, Acc=0.9804 | Val: Loss=0.1697, Acc=0.9692, F1=0.9691 | LR=0.000050 
2025-07-10 13:49:14 | INFO     | Epoch 57:
2025-07-10 13:49:14 | INFO     |   训练指标:
2025-07-10 13:49:14 | INFO     |     损失(hybrid_focal): 0.094201
2025-07-10 13:49:14 | INFO     |     准确率: 0.981221
2025-07-10 13:49:14 | INFO     |     学习率: 0.00005000
2025-07-10 13:49:14 | INFO     |   验证指标(标准CE):
2025-07-10 13:49:14 | INFO     |     损失: 0.164072
2025-07-10 13:49:14 | INFO     |     准确率: 0.970509
2025-07-10 13:49:14 | INFO     |     F1(macro): 0.971516
2025-07-10 13:49:14 | INFO     |     F1(weighted): 0.970367
2025-07-10 13:49:14 | INFO     |     精确率: 0.975018
2025-07-10 13:49:14 | INFO     |     召回率: 0.971721
2025-07-10 13:49:14 | INFO     |   学习率调度器: f1_based
2025-07-10 13:49:14 | INFO     | ------------------------------------------------------------
2025-07-10 13:49:14 | INFO     | Epoch  57 | Train: Loss=0.0942, Acc=0.9812 | Val: Loss=0.1641, Acc=0.9705, F1=0.9704 | LR=0.000050 
2025-07-10 13:53:41 | INFO     | Epoch 58:
2025-07-10 13:53:41 | INFO     |   训练指标:
2025-07-10 13:53:41 | INFO     |     损失(hybrid_focal): 0.096784
2025-07-10 13:53:41 | INFO     |     准确率: 0.979544
2025-07-10 13:53:41 | INFO     |     学习率: 0.00005000
2025-07-10 13:53:41 | INFO     |   验证指标(标准CE):
2025-07-10 13:53:41 | INFO     |     损失: 0.173295
2025-07-10 13:53:41 | INFO     |     准确率: 0.966488
2025-07-10 13:53:41 | INFO     |     F1(macro): 0.967351
2025-07-10 13:53:41 | INFO     |     F1(weighted): 0.966359
2025-07-10 13:53:41 | INFO     |     精确率: 0.969522
2025-07-10 13:53:41 | INFO     |     召回率: 0.968579
2025-07-10 13:53:41 | INFO     |   学习率调度器: f1_based
2025-07-10 13:53:41 | INFO     | ------------------------------------------------------------
2025-07-10 13:53:41 | INFO     | Epoch  58 | Train: Loss=0.0968, Acc=0.9795 | Val: Loss=0.1733, Acc=0.9665, F1=0.9664 | LR=0.000050 
2025-07-10 13:58:09 | INFO     | Epoch 59:
2025-07-10 13:58:09 | INFO     |   训练指标:
2025-07-10 13:58:09 | INFO     |     损失(hybrid_focal): 0.096628
2025-07-10 13:58:09 | INFO     |     准确率: 0.981053
2025-07-10 13:58:09 | INFO     |     学习率: 0.00005000
2025-07-10 13:58:09 | INFO     |   验证指标(标准CE):
2025-07-10 13:58:09 | INFO     |     损失: 0.189560
2025-07-10 13:58:09 | INFO     |     准确率: 0.965147
2025-07-10 13:58:09 | INFO     |     F1(macro): 0.966893
2025-07-10 13:58:09 | INFO     |     F1(weighted): 0.965490
2025-07-10 13:58:09 | INFO     |     精确率: 0.969683
2025-07-10 13:58:09 | INFO     |     召回率: 0.966386
2025-07-10 13:58:09 | INFO     |   学习率调度器: f1_based
2025-07-10 13:58:09 | INFO     | ------------------------------------------------------------
2025-07-10 13:58:09 | INFO     | Epoch  59 | Train: Loss=0.0966, Acc=0.9811 | Val: Loss=0.1896, Acc=0.9651, F1=0.9655 | LR=0.000050 
2025-07-10 13:58:09 | INFO     | ⏹️ 早停触发，在第 59 轮停止训练
2025-07-10 13:58:28 | INFO     | 训练历史已保存到: ./result/0710_0933_DualGAF_DDAHU_DualGAFNet_dilated_enhanced_sl96_step96_fd128_extractor-dilated_gaf-adaptive_attention-channel_classifier-residual_stat-basic_fusion-concat/training_history.csv
2025-07-10 13:58:28 | INFO     | 
====================================================================================================
2025-07-10 13:58:28 | INFO     | 🎉 训练完成总结:
2025-07-10 13:58:28 | INFO     |   训练损失函数: hybrid_focal
2025-07-10 13:58:28 | INFO     |   验证损失函数: 标准交叉熵（遵循主流ML规范）
2025-07-10 13:58:28 | INFO     |   训练过程最佳验证准确率: 0.9759
2025-07-10 13:58:28 | INFO     |   训练过程最佳验证F1(macro): 0.9769
2025-07-10 13:58:28 | INFO     |   训练过程最佳验证F1(weighted): 0.9759
2025-07-10 13:58:28 | INFO     |   训练轮数: 59
2025-07-10 13:58:28 | INFO     | --------------------------------------------------
2025-07-10 13:58:28 | INFO     | 📊 最佳模型真实性能指标（基于标准交叉熵损失）:
2025-07-10 13:58:28 | INFO     |   验证损失(标准CE): 0.1577
2025-07-10 13:58:28 | INFO     |   验证准确率: 0.9759
2025-07-10 13:58:28 | INFO     |   验证F1(macro): 0.9769
2025-07-10 13:58:28 | INFO     |   验证F1(weighted): 0.9759
2025-07-10 13:58:28 | INFO     |   验证精确率: 0.9783
2025-07-10 13:58:28 | INFO     |   验证召回率: 0.9767
2025-07-10 13:58:28 | INFO     | ====================================================================================================
2025-07-10 13:58:30 | INFO     | ================================================================================
2025-07-10 13:58:30 | INFO     | 实验日志结束: DualGAF_DDAHU_DualGAFNet_dilated_enhanced_sl96_step96_fd128_extractor-dilated_gaf-adaptive_attention-channel_classifier-residual_stat-basic_fusion-concat
2025-07-10 13:58:30 | INFO     | 结束时间: 2025-07-10 13:58:30
2025-07-10 13:58:30 | INFO     | ================================================================================
