2025-07-12 13:33:36 | INFO     | ================================================================================
2025-07-12 13:33:36 | INFO     | 实验日志开始: DualGAF_DDAHU_DualGAFNet_summation_gaf_sl96_step96_fd64_extractor-dilated_gaf-adaptive_attention-channel_classifier-residual_bottleneck
2025-07-12 13:33:36 | INFO     | 日志文件: ./result/0712_1333_DualGAF_DDAHU_DualGAFNet_summation_gaf_sl96_step96_fd64_extractor-dilated_gaf-adaptive_attention-channel_classifier-residual_bottleneck/training.log
2025-07-12 13:33:36 | INFO     | 开始时间: 2025-07-12 13:33:36
2025-07-12 13:33:36 | INFO     | ================================================================================
2025-07-12 13:33:36 | INFO     | ⚙️ 实验配置:
2025-07-12 13:33:36 | INFO     |    task_name: classification
2025-07-12 13:33:36 | INFO     |    is_training: 1
2025-07-12 13:33:36 | INFO     |    model_id: test
2025-07-12 13:33:36 | INFO     |    model: DualGAFNet
2025-07-12 13:33:36 | INFO     |    data: DualGAF_DDAHU
2025-07-12 13:33:36 | INFO     |    root_path: ./dataset/DDAHU/direct_5_working
2025-07-12 13:33:36 | INFO     |    step: 96
2025-07-12 13:33:36 | INFO     |    checkpoints: ./checkpoints/
2025-07-12 13:33:36 | INFO     |    num_class: 29
2025-07-12 13:33:36 | INFO     |    result_path: ./result/
2025-07-12 13:33:36 | INFO     |    test_size: 0.2
2025-07-12 13:33:36 | INFO     |    seq_len: 96
2025-07-12 13:33:36 | INFO     |    enc_in: 97
2025-07-12 13:33:36 | INFO     |    d_model: 512
2025-07-12 13:33:36 | INFO     |    n_heads: 8
2025-07-12 13:33:36 | INFO     |    e_layers: 2
2025-07-12 13:33:36 | INFO     |    d_layers: 1
2025-07-12 13:33:36 | INFO     |    d_ff: 2048
2025-07-12 13:33:36 | INFO     |    moving_avg: 25
2025-07-12 13:33:36 | INFO     |    factor: 1
2025-07-12 13:33:36 | INFO     |    distil: True
2025-07-12 13:33:36 | INFO     |    dropout: 0.1
2025-07-12 13:33:36 | INFO     |    embed: timeF
2025-07-12 13:33:36 | INFO     |    activation: gelu
2025-07-12 13:33:36 | INFO     |    use_norm: 1
2025-07-12 13:33:36 | INFO     |    gaf_method: summation
2025-07-12 13:33:36 | INFO     |    feature_dim: 64
2025-07-12 13:33:36 | INFO     |    data_type_method: uint8
2025-07-12 13:33:36 | INFO     |    use_attention: True
2025-07-12 13:33:36 | INFO     |    hidden_dim: 64
2025-07-12 13:33:36 | INFO     |    sample_size: 1000
2025-07-12 13:33:36 | INFO     |    channel_groups: None
2025-07-12 13:33:36 | INFO     |    hvac_groups: None
2025-07-12 13:33:36 | INFO     |    extractor_type: dilated
2025-07-12 13:33:36 | INFO     |    fusion_type: adaptive
2025-07-12 13:33:36 | INFO     |    attention_type: channel
2025-07-12 13:33:36 | INFO     |    classifier_type: residual_bottleneck
2025-07-12 13:33:36 | INFO     |    use_statistical_features: False
2025-07-12 13:33:36 | INFO     |    stat_type: comprehensive
2025-07-12 13:33:36 | INFO     |    multimodal_fusion_strategy: concat
2025-07-12 13:33:36 | INFO     |    use_signal_level_stats: True
2025-07-12 13:33:36 | INFO     |    signal_stat_type: basic
2025-07-12 13:33:36 | INFO     |    signal_stat_fusion_strategy: concat_project
2025-07-12 13:33:36 | INFO     |    signal_stat_feature_dim: 32
2025-07-12 13:33:36 | INFO     |    use_diff_branch: True
2025-07-12 13:33:36 | INFO     |    ablation_mode: none
2025-07-12 13:33:36 | INFO     |    backbone_type: resnet18
2025-07-12 13:33:36 | INFO     |    use_sum_branch: True
2025-07-12 13:33:36 | INFO     |    num_workers: 0
2025-07-12 13:33:36 | INFO     |    cuda_debug: False
2025-07-12 13:33:36 | INFO     |    gpu_memory_fraction: 0.9
2025-07-12 13:33:36 | INFO     |    safe_mode: True
2025-07-12 13:33:36 | INFO     |    drop_last_batch: True
2025-07-12 13:33:36 | INFO     |    itr: 1
2025-07-12 13:33:36 | INFO     |    train_epochs: 300
2025-07-12 13:33:36 | INFO     |    batch_size: 4
2025-07-12 13:33:36 | INFO     |    patience: 15
2025-07-12 13:33:36 | INFO     |    learning_rate: 0.0001
2025-07-12 13:33:36 | INFO     |    des: summation_gaf
2025-07-12 13:33:36 | INFO     |    loss: MSE
2025-07-12 13:33:36 | INFO     |    lradj: type1
2025-07-12 13:33:36 | INFO     |    lr_scheduler_type: f1_based
2025-07-12 13:33:36 | INFO     |    lr_loss_weight: 0.3
2025-07-12 13:33:36 | INFO     |    lr_f1_weight: 0.7
2025-07-12 13:33:36 | INFO     |    use_amp: False
2025-07-12 13:33:36 | INFO     |    gradient_accumulation_steps: 2
2025-07-12 13:33:36 | INFO     |    enable_auto_gradient_accumulation: True
2025-07-12 13:33:36 | INFO     |    loss_type: ce
2025-07-12 13:33:36 | INFO     |    label_smoothing: 0.1
2025-07-12 13:33:36 | INFO     |    focal_alpha: 1.0
2025-07-12 13:33:36 | INFO     |    focal_gamma: 2.0
2025-07-12 13:33:36 | INFO     |    confidence_penalty_beta: 0.1
2025-07-12 13:33:36 | INFO     |    use_timm_loss: True
2025-07-12 13:33:36 | INFO     |    adaptive_initial_smoothing: 0.2
2025-07-12 13:33:36 | INFO     |    adaptive_final_smoothing: 0.05
2025-07-12 13:33:36 | INFO     |    adaptive_decay_epochs: 30
2025-07-12 13:33:36 | INFO     |    enable_class_weights: False
2025-07-12 13:33:36 | INFO     |    class_weights: None
2025-07-12 13:33:36 | INFO     |    loss_preset: hvac_hard_samples
2025-07-12 13:33:36 | INFO     |    n_jobs: 8
2025-07-12 13:33:36 | INFO     |    use_multiprocessing: True
2025-07-12 13:33:36 | INFO     |    chunk_size: 800
2025-07-12 13:33:36 | INFO     |    disable_parallel: False
2025-07-12 13:33:36 | INFO     |    use_shared_memory: True
2025-07-12 13:33:36 | INFO     |    disable_shared_memory: False
2025-07-12 13:33:36 | INFO     |    use_gpu: True
2025-07-12 13:33:36 | INFO     |    gpu: 0
2025-07-12 13:33:36 | INFO     |    gpu_type: cuda
2025-07-12 13:33:36 | INFO     |    use_multi_gpu: False
2025-07-12 13:33:36 | INFO     |    devices: 0,1,2,3
2025-07-12 13:33:36 | INFO     |    device: cuda:0
2025-07-12 13:33:36 | INFO     |    feature_columns: ['CHWP_GPMC', 'CHWC_VLV_DM', 'CHWC_VLV', 'CHWC_MWT', 'CHWC_LWT', 'VAVCFM_H_DM_SB', 'CHWC_EAH', 'VAV_DAT_SA', 'CHWC_DAT', 'VAV_SP_C_SA', 'HWP_GPMT', 'VAVCFM_C_DM_SB', 'RM_TEMP_W', 'HWP_GPMC', 'VAVCFM_T_SB', 'VAV_DMPR_H_SB', 'HWC_VLV_DM', 'VAVCFM_H_SB', 'HWC_VLV', 'VAV_DMPR_H_E', 'HWC_LWT', 'HWC_MWT', 'VAV_DMPR_C_SB', 'HWC_DAT', 'RM_TEMP_SB', 'CSF_WAT', 'CSF_SPD', 'CSF_DP', 'CSA_TEMP', 'CSA_CFM', 'VAV_EAT_C_SB', 'CSA_HUMD', 'CSA_SP', 'VAVCFM_C_SB', 'VAVCFM_H_W', 'HSF_SPD', 'VAV_EAT_H_SB', 'VAV_DAT_SB', 'RM_TEMP_SA', 'HSF_DP', 'HSA_TEMP', 'VAVCFM_C_DM_W', 'VAVCFM_C_W', 'VAV_DAT_W', 'HSA_SP', 'HSA_CFM', 'VAV_DMPR_H_W', 'HSF_WAT', 'VAVCFM_T_W', 'EA_DMPR_DM', 'RF_WAT', 'VAV_SP_C_W', 'VAV_SP_H_E', 'EA_DMPR', 'VAV_SP_H_SB', 'RF_SPD', 'RA_TEMP', 'RA_HUMD', 'VAV_SP_H_SA', 'VAV_EAT_H_W', 'RF_DP', 'VAV_DMPR_C_SA', 'VAV_SP_C_SB', 'RA_DMPR_DM', 'VAV_DMPR_H_SA', 'VAV_SP_H_W', 'VAVCFM_H_DM_SA', 'RA_DMPR', 'VAV_EAT_C_W', 'VAVCFM_C_DM_SA', 'RA_CFM', 'MA_TEMP', 'VAVCFM_C_SA', 'OA_TEMP', 'VAVCFM_H_SA', 'VAVCFM_H_DM_W', 'OA_HUMD', 'VAVCFM_T_SA', 'OA_DMPR_DM', 'VAV_EAT_C_SA', 'VAV_DMPR_C_W', 'OA_DMPR', 'VAV_EAT_H_SA', 'HSA_HUMD', 'RM_TEMP_E', 'VAV_EAT_H_E', 'VAV_DAT_E', 'VAV_EAT_C_E', 'VAVCFM_T_E', 'VAVCFM_H_E', 'VAV_SP_C_E', 'VAVCFM_C_DM_E', 'OA_CFM', 'VAV_DMPR_C_E', 'VAVCFM_C_E', 'VAVCFM_H_DM_E', 'CHWP_GPMT']
2025-07-12 13:33:36 | INFO     | 🏗️ 模型信息:
2025-07-12 13:33:36 | INFO     |    模型类型: Model
2025-07-12 13:33:36 | INFO     |    总参数数量: 39,939,634
2025-07-12 13:33:36 | INFO     |    可训练参数: 39,939,634
2025-07-12 13:33:36 | INFO     |    模型大小估计: 152.36 MB
2025-07-12 13:33:36 | INFO     | 📊 数据集信息:
2025-07-12 13:33:36 | INFO     |    训练集大小: 5967
2025-07-12 13:33:36 | INFO     |    验证集大小: 1492
2025-07-12 13:33:36 | INFO     | 
================================================================================
2025-07-12 13:33:36 | INFO     | 📋 损失函数使用策略（遵循主流机器学习规范）:
2025-07-12 13:33:36 | INFO     |    🎯 训练阶段: 使用 hybrid_focal 损失函数
2025-07-12 13:33:36 | INFO     |       → 目的：优化模型参数，解决特定问题（类别不平衡、相似性等）
2025-07-12 13:33:36 | INFO     |    📊 验证阶段: 使用标准交叉熵损失函数
2025-07-12 13:33:36 | INFO     |       → 目的：客观评估模型性能，便于不同方法比较
2025-07-12 13:33:36 | INFO     |    📈 最终报告: 基于标准交叉熵损失的指标
2025-07-12 13:33:36 | INFO     |       → 目的：提供可信、可比较的性能指标
2025-07-12 13:33:36 | INFO     | ================================================================================

2025-07-12 13:33:36 | INFO     | 🔄 梯度累积配置: 每2轮累积一次梯度
2025-07-12 13:33:36 | INFO     |    实际batch_size: 4
2025-07-12 13:33:36 | INFO     |    有效batch_size: 8
2025-07-12 13:40:15 | INFO     | Epoch 1:
2025-07-12 13:40:15 | INFO     |   训练指标:
2025-07-12 13:40:15 | INFO     |     损失(hybrid_focal): 8.711237
2025-07-12 13:40:15 | INFO     |     准确率: 0.054494
2025-07-12 13:40:15 | INFO     |     学习率: 0.00010000
2025-07-12 13:40:15 | INFO     |   验证指标(标准CE):
2025-07-12 13:40:15 | INFO     |     损失: 4.827832
2025-07-12 13:40:15 | INFO     |     准确率: 0.179625
2025-07-12 13:40:15 | INFO     |     F1(macro): 0.157009
2025-07-12 13:40:15 | INFO     |     F1(weighted): 0.158415
2025-07-12 13:40:15 | INFO     |     精确率: 0.199670
2025-07-12 13:40:15 | INFO     |     召回率: 0.172568
2025-07-12 13:40:15 | INFO     |   学习率调度器: f1_based
2025-07-12 13:40:15 | INFO     | ------------------------------------------------------------
2025-07-12 13:40:15 | INFO     | Epoch   1 | Train: Loss=8.7112, Acc=0.0545 | Val: Loss=4.8278, Acc=0.1796, F1=0.1584 | LR=0.000100 🏆 [最佳模型]
2025-07-12 13:46:16 | INFO     | Epoch 2:
2025-07-12 13:46:16 | INFO     |   训练指标:
2025-07-12 13:46:16 | INFO     |     损失(hybrid_focal): 7.044798
2025-07-12 13:46:16 | INFO     |     准确率: 0.101945
2025-07-12 13:46:16 | INFO     |     学习率: 0.00010000
2025-07-12 13:46:16 | INFO     |   验证指标(标准CE):
2025-07-12 13:46:16 | INFO     |     损失: 4.619495
2025-07-12 13:46:16 | INFO     |     准确率: 0.213137
2025-07-12 13:46:16 | INFO     |     F1(macro): 0.201783
2025-07-12 13:46:16 | INFO     |     F1(weighted): 0.201400
2025-07-12 13:46:16 | INFO     |     精确率: 0.292294
2025-07-12 13:46:16 | INFO     |     召回率: 0.215794
2025-07-12 13:46:16 | INFO     |   学习率调度器: f1_based
2025-07-12 13:46:16 | INFO     | ------------------------------------------------------------
2025-07-12 13:46:16 | INFO     | Epoch   2 | Train: Loss=7.0448, Acc=0.1019 | Val: Loss=4.6195, Acc=0.2131, F1=0.2014 | LR=0.000100 🏆 [最佳模型]
2025-07-12 13:51:53 | INFO     | Epoch 3:
2025-07-12 13:51:53 | INFO     |   训练指标:
2025-07-12 13:51:53 | INFO     |     损失(hybrid_focal): 5.538491
2025-07-12 13:51:53 | INFO     |     准确率: 0.140342
2025-07-12 13:51:53 | INFO     |     学习率: 0.00010000
2025-07-12 13:51:53 | INFO     |   验证指标(标准CE):
2025-07-12 13:51:53 | INFO     |     损失: 3.255848
2025-07-12 13:51:53 | INFO     |     准确率: 0.298928
2025-07-12 13:51:53 | INFO     |     F1(macro): 0.284309
2025-07-12 13:51:53 | INFO     |     F1(weighted): 0.278175
2025-07-12 13:51:53 | INFO     |     精确率: 0.351189
2025-07-12 13:51:53 | INFO     |     召回率: 0.301411
2025-07-12 13:51:53 | INFO     |   学习率调度器: f1_based
2025-07-12 13:51:53 | INFO     | ------------------------------------------------------------
2025-07-12 13:51:53 | INFO     | Epoch   3 | Train: Loss=5.5385, Acc=0.1403 | Val: Loss=3.2558, Acc=0.2989, F1=0.2782 | LR=0.000100 🏆 [最佳模型]
2025-07-12 13:57:30 | INFO     | Epoch 4:
2025-07-12 13:57:30 | INFO     |   训练指标:
2025-07-12 13:57:30 | INFO     |     损失(hybrid_focal): 3.589279
2025-07-12 13:57:30 | INFO     |     准确率: 0.179410
2025-07-12 13:57:30 | INFO     |     学习率: 0.00010000
2025-07-12 13:57:30 | INFO     |   验证指标(标准CE):
2025-07-12 13:57:30 | INFO     |     损失: 2.630629
2025-07-12 13:57:30 | INFO     |     准确率: 0.345174
2025-07-12 13:57:30 | INFO     |     F1(macro): 0.343123
2025-07-12 13:57:30 | INFO     |     F1(weighted): 0.339212
2025-07-12 13:57:30 | INFO     |     精确率: 0.391340
2025-07-12 13:57:30 | INFO     |     召回率: 0.350441
2025-07-12 13:57:30 | INFO     |   学习率调度器: f1_based
2025-07-12 13:57:30 | INFO     | ------------------------------------------------------------
2025-07-12 13:57:30 | INFO     | Epoch   4 | Train: Loss=3.5893, Acc=0.1794 | Val: Loss=2.6306, Acc=0.3452, F1=0.3392 | LR=0.000100 🏆 [最佳模型]
2025-07-12 14:03:07 | INFO     | Epoch 5:
2025-07-12 14:03:07 | INFO     |   训练指标:
2025-07-12 14:03:07 | INFO     |     损失(hybrid_focal): 2.048918
2025-07-12 14:03:07 | INFO     |     准确率: 0.331657
2025-07-12 14:03:07 | INFO     |     学习率: 0.00010000
2025-07-12 14:03:07 | INFO     |   验证指标(标准CE):
2025-07-12 14:03:07 | INFO     |     损失: 2.176596
2025-07-12 14:03:07 | INFO     |     准确率: 0.472520
2025-07-12 14:03:07 | INFO     |     F1(macro): 0.501504
2025-07-12 14:03:07 | INFO     |     F1(weighted): 0.492470
2025-07-12 14:03:07 | INFO     |     精确率: 0.558421
2025-07-12 14:03:07 | INFO     |     召回率: 0.483590
2025-07-12 14:03:07 | INFO     |   学习率调度器: f1_based
2025-07-12 14:03:07 | INFO     | ------------------------------------------------------------
2025-07-12 14:03:07 | INFO     | Epoch   5 | Train: Loss=2.0489, Acc=0.3317 | Val: Loss=2.1766, Acc=0.4725, F1=0.4925 | LR=0.000100 🏆 [最佳模型]
2025-07-12 14:08:44 | INFO     | Epoch 6:
2025-07-12 14:08:44 | INFO     |   训练指标:
2025-07-12 14:08:44 | INFO     |     损失(hybrid_focal): 1.468216
2025-07-12 14:08:44 | INFO     |     准确率: 0.474514
2025-07-12 14:08:44 | INFO     |     学习率: 0.00010000
2025-07-12 14:08:44 | INFO     |   验证指标(标准CE):
2025-07-12 14:08:44 | INFO     |     损失: 1.083740
2025-07-12 14:08:44 | INFO     |     准确率: 0.695040
2025-07-12 14:08:44 | INFO     |     F1(macro): 0.694170
2025-07-12 14:08:44 | INFO     |     F1(weighted): 0.684621
2025-07-12 14:08:44 | INFO     |     精确率: 0.725948
2025-07-12 14:08:44 | INFO     |     召回率: 0.705706
2025-07-12 14:08:44 | INFO     |   学习率调度器: f1_based
2025-07-12 14:08:44 | INFO     | ------------------------------------------------------------
2025-07-12 14:08:44 | INFO     | Epoch   6 | Train: Loss=1.4682, Acc=0.4745 | Val: Loss=1.0837, Acc=0.6950, F1=0.6846 | LR=0.000100 🏆 [最佳模型]
2025-07-12 14:14:22 | INFO     | Epoch 7:
2025-07-12 14:14:22 | INFO     |   训练指标:
2025-07-12 14:14:22 | INFO     |     损失(hybrid_focal): 1.086237
2025-07-12 14:14:22 | INFO     |     准确率: 0.602783
2025-07-12 14:14:22 | INFO     |     学习率: 0.00010000
2025-07-12 14:14:22 | INFO     |   验证指标(标准CE):
2025-07-12 14:14:22 | INFO     |     损失: 0.766282
2025-07-12 14:14:22 | INFO     |     准确率: 0.774799
2025-07-12 14:14:22 | INFO     |     F1(macro): 0.795786
2025-07-12 14:14:22 | INFO     |     F1(weighted): 0.792085
2025-07-12 14:14:22 | INFO     |     精确率: 0.851776
2025-07-12 14:14:22 | INFO     |     召回率: 0.778524
2025-07-12 14:14:22 | INFO     |   学习率调度器: f1_based
2025-07-12 14:14:22 | INFO     | ------------------------------------------------------------
2025-07-12 14:14:22 | INFO     | Epoch   7 | Train: Loss=1.0862, Acc=0.6028 | Val: Loss=0.7663, Acc=0.7748, F1=0.7921 | LR=0.000100 🏆 [最佳模型]
2025-07-12 14:19:58 | INFO     | Epoch 8:
2025-07-12 14:19:58 | INFO     |   训练指标:
2025-07-12 14:19:58 | INFO     |     损失(hybrid_focal): 0.840493
2025-07-12 14:19:58 | INFO     |     准确率: 0.697686
2025-07-12 14:19:58 | INFO     |     学习率: 0.00010000
2025-07-12 14:19:58 | INFO     |   验证指标(标准CE):
2025-07-12 14:19:58 | INFO     |     损失: 0.536304
2025-07-12 14:19:58 | INFO     |     准确率: 0.844504
2025-07-12 14:19:58 | INFO     |     F1(macro): 0.852821
2025-07-12 14:19:58 | INFO     |     F1(weighted): 0.851555
2025-07-12 14:19:58 | INFO     |     精确率: 0.880776
2025-07-12 14:19:58 | INFO     |     召回率: 0.845738
2025-07-12 14:19:58 | INFO     |   学习率调度器: f1_based
2025-07-12 14:19:58 | INFO     | ------------------------------------------------------------
2025-07-12 14:19:58 | INFO     | Epoch   8 | Train: Loss=0.8405, Acc=0.6977 | Val: Loss=0.5363, Acc=0.8445, F1=0.8516 | LR=0.000100 🏆 [最佳模型]
2025-07-12 14:25:34 | INFO     | Epoch 9:
2025-07-12 14:25:34 | INFO     |   训练指标:
2025-07-12 14:25:34 | INFO     |     损失(hybrid_focal): 0.668214
2025-07-12 14:25:34 | INFO     |     准确率: 0.761905
2025-07-12 14:25:34 | INFO     |     学习率: 0.00010000
2025-07-12 14:25:34 | INFO     |   验证指标(标准CE):
2025-07-12 14:25:34 | INFO     |     损失: 0.443684
2025-07-12 14:25:34 | INFO     |     准确率: 0.859920
2025-07-12 14:25:34 | INFO     |     F1(macro): 0.864234
2025-07-12 14:25:34 | INFO     |     F1(weighted): 0.862650
2025-07-12 14:25:34 | INFO     |     精确率: 0.886209
2025-07-12 14:25:34 | INFO     |     召回率: 0.863393
2025-07-12 14:25:34 | INFO     |   学习率调度器: f1_based
2025-07-12 14:25:34 | INFO     | ------------------------------------------------------------
2025-07-12 14:25:34 | INFO     | Epoch   9 | Train: Loss=0.6682, Acc=0.7619 | Val: Loss=0.4437, Acc=0.8599, F1=0.8627 | LR=0.000100 🏆 [最佳模型]
2025-07-12 14:31:10 | INFO     | Epoch 10:
2025-07-12 14:31:10 | INFO     |   训练指标:
2025-07-12 14:31:10 | INFO     |     损失(hybrid_focal): 0.586952
2025-07-12 14:31:10 | INFO     |     准确率: 0.800134
2025-07-12 14:31:10 | INFO     |     学习率: 0.00010000
2025-07-12 14:31:10 | INFO     |   验证指标(标准CE):
2025-07-12 14:31:10 | INFO     |     损失: 0.385098
2025-07-12 14:31:10 | INFO     |     准确率: 0.890080
2025-07-12 14:31:10 | INFO     |     F1(macro): 0.888564
2025-07-12 14:31:10 | INFO     |     F1(weighted): 0.884326
2025-07-12 14:31:10 | INFO     |     精确率: 0.898224
2025-07-12 14:31:10 | INFO     |     召回率: 0.896184
2025-07-12 14:31:10 | INFO     |   学习率调度器: f1_based
2025-07-12 14:31:10 | INFO     | ------------------------------------------------------------
2025-07-12 14:31:10 | INFO     | Epoch  10 | Train: Loss=0.5870, Acc=0.8001 | Val: Loss=0.3851, Acc=0.8901, F1=0.8843 | LR=0.000100 🏆 [最佳模型]
2025-07-12 14:36:47 | INFO     | Epoch 11:
2025-07-12 14:36:47 | INFO     |   训练指标:
2025-07-12 14:36:47 | INFO     |     损失(hybrid_focal): 0.517517
2025-07-12 14:36:47 | INFO     |     准确率: 0.822267
2025-07-12 14:36:47 | INFO     |     学习率: 0.00010000
2025-07-12 14:36:47 | INFO     |   验证指标(标准CE):
2025-07-12 14:36:47 | INFO     |     损失: 0.494623
2025-07-12 14:36:47 | INFO     |     准确率: 0.880027
2025-07-12 14:36:47 | INFO     |     F1(macro): 0.889362
2025-07-12 14:36:47 | INFO     |     F1(weighted): 0.887724
2025-07-12 14:36:47 | INFO     |     精确率: 0.915042
2025-07-12 14:36:47 | INFO     |     召回率: 0.882625
2025-07-12 14:36:47 | INFO     |   学习率调度器: f1_based
2025-07-12 14:36:47 | INFO     | ------------------------------------------------------------
2025-07-12 14:36:47 | INFO     | Epoch  11 | Train: Loss=0.5175, Acc=0.8223 | Val: Loss=0.4946, Acc=0.8800, F1=0.8877 | LR=0.000100 🏆 [最佳模型]
2025-07-12 14:42:23 | INFO     | Epoch 12:
2025-07-12 14:42:23 | INFO     |   训练指标:
2025-07-12 14:42:23 | INFO     |     损失(hybrid_focal): 0.458064
2025-07-12 14:42:23 | INFO     |     准确率: 0.839370
2025-07-12 14:42:23 | INFO     |     学习率: 0.00010000
2025-07-12 14:42:23 | INFO     |   验证指标(标准CE):
2025-07-12 14:42:23 | INFO     |     损失: 0.541650
2025-07-12 14:42:23 | INFO     |     准确率: 0.899464
2025-07-12 14:42:23 | INFO     |     F1(macro): 0.907929
2025-07-12 14:42:23 | INFO     |     F1(weighted): 0.906306
2025-07-12 14:42:23 | INFO     |     精确率: 0.931867
2025-07-12 14:42:23 | INFO     |     召回率: 0.904135
2025-07-12 14:42:23 | INFO     |   学习率调度器: f1_based
2025-07-12 14:42:23 | INFO     | ------------------------------------------------------------
2025-07-12 14:42:23 | INFO     | Epoch  12 | Train: Loss=0.4581, Acc=0.8394 | Val: Loss=0.5417, Acc=0.8995, F1=0.9063 | LR=0.000100 🏆 [最佳模型]
2025-07-12 14:47:59 | INFO     | Epoch 13:
2025-07-12 14:47:59 | INFO     |   训练指标:
2025-07-12 14:47:59 | INFO     |     损失(hybrid_focal): 0.419407
2025-07-12 14:47:59 | INFO     |     准确率: 0.856472
2025-07-12 14:47:59 | INFO     |     学习率: 0.00010000
2025-07-12 14:47:59 | INFO     |   验证指标(标准CE):
2025-07-12 14:47:59 | INFO     |     损失: 0.353561
2025-07-12 14:47:59 | INFO     |     准确率: 0.903485
2025-07-12 14:47:59 | INFO     |     F1(macro): 0.911075
2025-07-12 14:47:59 | INFO     |     F1(weighted): 0.908664
2025-07-12 14:47:59 | INFO     |     精确率: 0.927439
2025-07-12 14:47:59 | INFO     |     召回率: 0.908329
2025-07-12 14:47:59 | INFO     |   学习率调度器: f1_based
2025-07-12 14:47:59 | INFO     | ------------------------------------------------------------
2025-07-12 14:47:59 | INFO     | Epoch  13 | Train: Loss=0.4194, Acc=0.8565 | Val: Loss=0.3536, Acc=0.9035, F1=0.9087 | LR=0.000100 🏆 [最佳模型]
2025-07-12 14:53:35 | INFO     | Epoch 14:
2025-07-12 14:53:35 | INFO     |   训练指标:
2025-07-12 14:53:35 | INFO     |     损失(hybrid_focal): 0.377024
2025-07-12 14:53:35 | INFO     |     准确率: 0.867036
2025-07-12 14:53:35 | INFO     |     学习率: 0.00010000
2025-07-12 14:53:35 | INFO     |   验证指标(标准CE):
2025-07-12 14:53:35 | INFO     |     损失: 0.307486
2025-07-12 14:53:35 | INFO     |     准确率: 0.907507
2025-07-12 14:53:35 | INFO     |     F1(macro): 0.913934
2025-07-12 14:53:35 | INFO     |     F1(weighted): 0.912998
2025-07-12 14:53:35 | INFO     |     精确率: 0.942762
2025-07-12 14:53:35 | INFO     |     召回率: 0.907556
2025-07-12 14:53:35 | INFO     |   学习率调度器: f1_based
2025-07-12 14:53:35 | INFO     | ------------------------------------------------------------
2025-07-12 14:53:35 | INFO     | Epoch  14 | Train: Loss=0.3770, Acc=0.8670 | Val: Loss=0.3075, Acc=0.9075, F1=0.9130 | LR=0.000100 🏆 [最佳模型]
2025-07-12 14:59:11 | INFO     | Epoch 15:
2025-07-12 14:59:11 | INFO     |   训练指标:
2025-07-12 14:59:11 | INFO     |     损失(hybrid_focal): 0.361643
2025-07-12 14:59:11 | INFO     |     准确率: 0.873575
2025-07-12 14:59:11 | INFO     |     学习率: 0.00010000
2025-07-12 14:59:11 | INFO     |   验证指标(标准CE):
2025-07-12 14:59:11 | INFO     |     损失: 0.313570
2025-07-12 14:59:11 | INFO     |     准确率: 0.924933
2025-07-12 14:59:11 | INFO     |     F1(macro): 0.926214
2025-07-12 14:59:11 | INFO     |     F1(weighted): 0.924962
2025-07-12 14:59:11 | INFO     |     精确率: 0.933010
2025-07-12 14:59:11 | INFO     |     召回率: 0.926027
2025-07-12 14:59:11 | INFO     |   学习率调度器: f1_based
2025-07-12 14:59:11 | INFO     | ------------------------------------------------------------
2025-07-12 14:59:11 | INFO     | Epoch  15 | Train: Loss=0.3616, Acc=0.8736 | Val: Loss=0.3136, Acc=0.9249, F1=0.9250 | LR=0.000100 🏆 [最佳模型]
2025-07-12 15:04:47 | INFO     | Epoch 16:
2025-07-12 15:04:47 | INFO     |   训练指标:
2025-07-12 15:04:47 | INFO     |     损失(hybrid_focal): 0.330583
2025-07-12 15:04:47 | INFO     |     准确率: 0.885815
2025-07-12 15:04:47 | INFO     |     学习率: 0.00010000
2025-07-12 15:04:47 | INFO     |   验证指标(标准CE):
2025-07-12 15:04:47 | INFO     |     损失: 0.401778
2025-07-12 15:04:47 | INFO     |     准确率: 0.922252
2025-07-12 15:04:47 | INFO     |     F1(macro): 0.925448
2025-07-12 15:04:47 | INFO     |     F1(weighted): 0.924655
2025-07-12 15:04:47 | INFO     |     精确率: 0.939853
2025-07-12 15:04:47 | INFO     |     召回率: 0.921995
2025-07-12 15:04:47 | INFO     |   学习率调度器: f1_based
2025-07-12 15:04:47 | INFO     | ------------------------------------------------------------
2025-07-12 15:04:47 | INFO     | Epoch  16 | Train: Loss=0.3306, Acc=0.8858 | Val: Loss=0.4018, Acc=0.9223, F1=0.9247 | LR=0.000100 
2025-07-12 15:10:22 | INFO     | Epoch 17:
2025-07-12 15:10:22 | INFO     |   训练指标:
2025-07-12 15:10:22 | INFO     |     损失(hybrid_focal): 0.323663
2025-07-12 15:10:22 | INFO     |     准确率: 0.886989
2025-07-12 15:10:22 | INFO     |     学习率: 0.00010000
2025-07-12 15:10:22 | INFO     |   验证指标(标准CE):
2025-07-12 15:10:22 | INFO     |     损失: 0.268920
2025-07-12 15:10:22 | INFO     |     准确率: 0.932306
2025-07-12 15:10:22 | INFO     |     F1(macro): 0.934545
2025-07-12 15:10:22 | INFO     |     F1(weighted): 0.934487
2025-07-12 15:10:22 | INFO     |     精确率: 0.948700
2025-07-12 15:10:22 | INFO     |     召回率: 0.931937
2025-07-12 15:10:22 | INFO     |   学习率调度器: f1_based
2025-07-12 15:10:22 | INFO     | ------------------------------------------------------------
2025-07-12 15:10:22 | INFO     | Epoch  17 | Train: Loss=0.3237, Acc=0.8870 | Val: Loss=0.2689, Acc=0.9323, F1=0.9345 | LR=0.000100 🏆 [最佳模型]
2025-07-12 15:15:58 | INFO     | Epoch 18:
2025-07-12 15:15:58 | INFO     |   训练指标:
2025-07-12 15:15:58 | INFO     |     损失(hybrid_focal): 0.312531
2025-07-12 15:15:58 | INFO     |     准确率: 0.896378
2025-07-12 15:15:58 | INFO     |     学习率: 0.00010000
2025-07-12 15:15:58 | INFO     |   验证指标(标准CE):
2025-07-12 15:15:58 | INFO     |     损失: 0.327436
2025-07-12 15:15:58 | INFO     |     准确率: 0.920912
2025-07-12 15:15:58 | INFO     |     F1(macro): 0.923843
2025-07-12 15:15:58 | INFO     |     F1(weighted): 0.920608
2025-07-12 15:15:58 | INFO     |     精确率: 0.945385
2025-07-12 15:15:58 | INFO     |     召回率: 0.924140
2025-07-12 15:15:58 | INFO     |   学习率调度器: f1_based
2025-07-12 15:15:58 | INFO     | ------------------------------------------------------------
2025-07-12 15:15:58 | INFO     | Epoch  18 | Train: Loss=0.3125, Acc=0.8964 | Val: Loss=0.3274, Acc=0.9209, F1=0.9206 | LR=0.000100 
2025-07-12 15:21:34 | INFO     | Epoch 19:
2025-07-12 15:21:34 | INFO     |   训练指标:
2025-07-12 15:21:34 | INFO     |     损失(hybrid_focal): 0.298868
2025-07-12 15:21:34 | INFO     |     准确率: 0.900738
2025-07-12 15:21:34 | INFO     |     学习率: 0.00010000
2025-07-12 15:21:34 | INFO     |   验证指标(标准CE):
2025-07-12 15:21:34 | INFO     |     损失: 0.296493
2025-07-12 15:21:34 | INFO     |     准确率: 0.937668
2025-07-12 15:21:34 | INFO     |     F1(macro): 0.936504
2025-07-12 15:21:34 | INFO     |     F1(weighted): 0.934640
2025-07-12 15:21:34 | INFO     |     精确率: 0.947412
2025-07-12 15:21:34 | INFO     |     召回率: 0.940447
2025-07-12 15:21:34 | INFO     |   学习率调度器: f1_based
2025-07-12 15:21:34 | INFO     | ------------------------------------------------------------
2025-07-12 15:21:34 | INFO     | Epoch  19 | Train: Loss=0.2989, Acc=0.9007 | Val: Loss=0.2965, Acc=0.9377, F1=0.9346 | LR=0.000100 🏆 [最佳模型]
2025-07-12 15:27:10 | INFO     | Epoch 20:
2025-07-12 15:27:10 | INFO     |   训练指标:
2025-07-12 15:27:10 | INFO     |     损失(hybrid_focal): 0.287344
2025-07-12 15:27:10 | INFO     |     准确率: 0.903085
2025-07-12 15:27:10 | INFO     |     学习率: 0.00010000
2025-07-12 15:27:10 | INFO     |   验证指标(标准CE):
2025-07-12 15:27:10 | INFO     |     损失: 0.422093
2025-07-12 15:27:10 | INFO     |     准确率: 0.936997
2025-07-12 15:27:10 | INFO     |     F1(macro): 0.941051
2025-07-12 15:27:10 | INFO     |     F1(weighted): 0.939407
2025-07-12 15:27:10 | INFO     |     精确率: 0.955781
2025-07-12 15:27:10 | INFO     |     召回率: 0.938371
2025-07-12 15:27:10 | INFO     |   学习率调度器: f1_based
2025-07-12 15:27:10 | INFO     | ------------------------------------------------------------
2025-07-12 15:27:10 | INFO     | Epoch  20 | Train: Loss=0.2873, Acc=0.9031 | Val: Loss=0.4221, Acc=0.9370, F1=0.9394 | LR=0.000100 🏆 [最佳模型]
2025-07-12 15:32:46 | INFO     | Epoch 21:
2025-07-12 15:32:46 | INFO     |   训练指标:
2025-07-12 15:32:46 | INFO     |     损失(hybrid_focal): 0.280920
2025-07-12 15:32:46 | INFO     |     准确率: 0.912810
2025-07-12 15:32:46 | INFO     |     学习率: 0.00010000
2025-07-12 15:32:46 | INFO     |   验证指标(标准CE):
2025-07-12 15:32:46 | INFO     |     损失: 0.321408
2025-07-12 15:32:46 | INFO     |     准确率: 0.939008
2025-07-12 15:32:46 | INFO     |     F1(macro): 0.938361
2025-07-12 15:32:46 | INFO     |     F1(weighted): 0.937950
2025-07-12 15:32:46 | INFO     |     精确率: 0.948952
2025-07-12 15:32:46 | INFO     |     召回率: 0.940932
2025-07-12 15:32:46 | INFO     |   学习率调度器: f1_based
2025-07-12 15:32:46 | INFO     | ------------------------------------------------------------
2025-07-12 15:32:46 | INFO     | Epoch  21 | Train: Loss=0.2809, Acc=0.9128 | Val: Loss=0.3214, Acc=0.9390, F1=0.9379 | LR=0.000100 
2025-07-12 15:38:21 | INFO     | Epoch 22:
2025-07-12 15:38:21 | INFO     |   训练指标:
2025-07-12 15:38:21 | INFO     |     损失(hybrid_focal): 0.266676
2025-07-12 15:38:21 | INFO     |     准确率: 0.913984
2025-07-12 15:38:21 | INFO     |     学习率: 0.00010000
2025-07-12 15:38:21 | INFO     |   验证指标(标准CE):
2025-07-12 15:38:21 | INFO     |     损失: 0.258573
2025-07-12 15:38:21 | INFO     |     准确率: 0.943700
2025-07-12 15:38:21 | INFO     |     F1(macro): 0.946832
2025-07-12 15:38:21 | INFO     |     F1(weighted): 0.944271
2025-07-12 15:38:21 | INFO     |     精确率: 0.957243
2025-07-12 15:38:21 | INFO     |     召回率: 0.948028
2025-07-12 15:38:21 | INFO     |   学习率调度器: f1_based
2025-07-12 15:38:21 | INFO     | ------------------------------------------------------------
2025-07-12 15:38:21 | INFO     | Epoch  22 | Train: Loss=0.2667, Acc=0.9140 | Val: Loss=0.2586, Acc=0.9437, F1=0.9443 | LR=0.000100 🏆 [最佳模型]
2025-07-12 15:43:58 | INFO     | Epoch 23:
2025-07-12 15:43:58 | INFO     |   训练指标:
2025-07-12 15:43:58 | INFO     |     损失(hybrid_focal): 0.261076
2025-07-12 15:43:58 | INFO     |     准确率: 0.916834
2025-07-12 15:43:58 | INFO     |     学习率: 0.00010000
2025-07-12 15:43:58 | INFO     |   验证指标(标准CE):
2025-07-12 15:43:58 | INFO     |     损失: 0.279886
2025-07-12 15:43:58 | INFO     |     准确率: 0.951743
2025-07-12 15:43:58 | INFO     |     F1(macro): 0.953152
2025-07-12 15:43:58 | INFO     |     F1(weighted): 0.951896
2025-07-12 15:43:58 | INFO     |     精确率: 0.956750
2025-07-12 15:43:58 | INFO     |     召回率: 0.954308
2025-07-12 15:43:58 | INFO     |   学习率调度器: f1_based
2025-07-12 15:43:58 | INFO     | ------------------------------------------------------------
2025-07-12 15:43:58 | INFO     | Epoch  23 | Train: Loss=0.2611, Acc=0.9168 | Val: Loss=0.2799, Acc=0.9517, F1=0.9519 | LR=0.000100 🏆 [最佳模型]
2025-07-12 15:49:34 | INFO     | Epoch 24:
2025-07-12 15:49:34 | INFO     |   训练指标:
2025-07-12 15:49:34 | INFO     |     损失(hybrid_focal): 0.253468
2025-07-12 15:49:34 | INFO     |     准确率: 0.917673
2025-07-12 15:49:34 | INFO     |     学习率: 0.00010000
2025-07-12 15:49:34 | INFO     |   验证指标(标准CE):
2025-07-12 15:49:34 | INFO     |     损失: 0.293000
2025-07-12 15:49:34 | INFO     |     准确率: 0.940349
2025-07-12 15:49:34 | INFO     |     F1(macro): 0.942906
2025-07-12 15:49:34 | INFO     |     F1(weighted): 0.941311
2025-07-12 15:49:34 | INFO     |     精确率: 0.953434
2025-07-12 15:49:34 | INFO     |     召回率: 0.942210
2025-07-12 15:49:34 | INFO     |   学习率调度器: f1_based
2025-07-12 15:49:34 | INFO     | ------------------------------------------------------------
2025-07-12 15:49:34 | INFO     | Epoch  24 | Train: Loss=0.2535, Acc=0.9177 | Val: Loss=0.2930, Acc=0.9403, F1=0.9413 | LR=0.000100 
2025-07-12 15:55:09 | INFO     | Epoch 25:
2025-07-12 15:55:09 | INFO     |   训练指标:
2025-07-12 15:55:09 | INFO     |     损失(hybrid_focal): 0.248992
2025-07-12 15:55:09 | INFO     |     准确率: 0.920355
2025-07-12 15:55:09 | INFO     |     学习率: 0.00010000
2025-07-12 15:55:09 | INFO     |   验证指标(标准CE):
2025-07-12 15:55:09 | INFO     |     损失: 0.315006
2025-07-12 15:55:09 | INFO     |     准确率: 0.946381
2025-07-12 15:55:09 | INFO     |     F1(macro): 0.948670
2025-07-12 15:55:09 | INFO     |     F1(weighted): 0.947274
2025-07-12 15:55:09 | INFO     |     精确率: 0.953076
2025-07-12 15:55:09 | INFO     |     召回率: 0.948203
2025-07-12 15:55:09 | INFO     |   学习率调度器: f1_based
2025-07-12 15:55:09 | INFO     | ------------------------------------------------------------
2025-07-12 15:55:09 | INFO     | Epoch  25 | Train: Loss=0.2490, Acc=0.9204 | Val: Loss=0.3150, Acc=0.9464, F1=0.9473 | LR=0.000100 
2025-07-12 16:00:45 | INFO     | Epoch 26:
2025-07-12 16:00:45 | INFO     |   训练指标:
2025-07-12 16:00:45 | INFO     |     损失(hybrid_focal): 0.245287
2025-07-12 16:00:45 | INFO     |     准确率: 0.920523
2025-07-12 16:00:45 | INFO     |     学习率: 0.00010000
2025-07-12 16:00:45 | INFO     |   验证指标(标准CE):
2025-07-12 16:00:45 | INFO     |     损失: 0.262603
2025-07-12 16:00:45 | INFO     |     准确率: 0.949062
2025-07-12 16:00:45 | INFO     |     F1(macro): 0.951166
2025-07-12 16:00:45 | INFO     |     F1(weighted): 0.949754
2025-07-12 16:00:45 | INFO     |     精确率: 0.957986
2025-07-12 16:00:45 | INFO     |     召回率: 0.950956
2025-07-12 16:00:45 | INFO     |   学习率调度器: f1_based
2025-07-12 16:00:45 | INFO     | ------------------------------------------------------------
2025-07-12 16:00:45 | INFO     | Epoch  26 | Train: Loss=0.2453, Acc=0.9205 | Val: Loss=0.2626, Acc=0.9491, F1=0.9498 | LR=0.000100 
2025-07-12 16:06:20 | INFO     | Epoch 27:
2025-07-12 16:06:20 | INFO     |   训练指标:
2025-07-12 16:06:20 | INFO     |     损失(hybrid_focal): 0.239679
2025-07-12 16:06:20 | INFO     |     准确率: 0.922032
2025-07-12 16:06:20 | INFO     |     学习率: 0.00010000
2025-07-12 16:06:20 | INFO     |   验证指标(标准CE):
2025-07-12 16:06:20 | INFO     |     损失: 0.247306
2025-07-12 16:06:20 | INFO     |     准确率: 0.949732
2025-07-12 16:06:20 | INFO     |     F1(macro): 0.950684
2025-07-12 16:06:20 | INFO     |     F1(weighted): 0.950419
2025-07-12 16:06:20 | INFO     |     精确率: 0.954632
2025-07-12 16:06:20 | INFO     |     召回率: 0.951228
2025-07-12 16:06:20 | INFO     |   学习率调度器: f1_based
2025-07-12 16:06:20 | INFO     | ------------------------------------------------------------
2025-07-12 16:06:20 | INFO     | Epoch  27 | Train: Loss=0.2397, Acc=0.9220 | Val: Loss=0.2473, Acc=0.9497, F1=0.9504 | LR=0.000100 
2025-07-12 16:11:56 | INFO     | Epoch 28:
2025-07-12 16:11:56 | INFO     |   训练指标:
2025-07-12 16:11:56 | INFO     |     损失(hybrid_focal): 0.236217
2025-07-12 16:11:56 | INFO     |     准确率: 0.925050
2025-07-12 16:11:56 | INFO     |     学习率: 0.00010000
2025-07-12 16:11:56 | INFO     |   验证指标(标准CE):
2025-07-12 16:11:56 | INFO     |     损失: 0.295246
2025-07-12 16:11:56 | INFO     |     准确率: 0.949732
2025-07-12 16:11:56 | INFO     |     F1(macro): 0.951527
2025-07-12 16:11:56 | INFO     |     F1(weighted): 0.950832
2025-07-12 16:11:56 | INFO     |     精确率: 0.957659
2025-07-12 16:11:56 | INFO     |     召回率: 0.951577
2025-07-12 16:11:56 | INFO     |   学习率调度器: f1_based
2025-07-12 16:11:56 | INFO     | ------------------------------------------------------------
2025-07-12 16:11:56 | INFO     | Epoch  28 | Train: Loss=0.2362, Acc=0.9251 | Val: Loss=0.2952, Acc=0.9497, F1=0.9508 | LR=0.000100 
2025-07-12 16:17:31 | INFO     | Epoch 29:
2025-07-12 16:17:31 | INFO     |   训练指标:
2025-07-12 16:17:31 | INFO     |     损失(hybrid_focal): 0.218590
2025-07-12 16:17:31 | INFO     |     准确率: 0.933937
2025-07-12 16:17:31 | INFO     |     学习率: 0.00010000
2025-07-12 16:17:31 | INFO     |   验证指标(标准CE):
2025-07-12 16:17:31 | INFO     |     损失: 0.297991
2025-07-12 16:17:31 | INFO     |     准确率: 0.954424
2025-07-12 16:17:31 | INFO     |     F1(macro): 0.958114
2025-07-12 16:17:31 | INFO     |     F1(weighted): 0.956432
2025-07-12 16:17:31 | INFO     |     精确率: 0.967238
2025-07-12 16:17:31 | INFO     |     召回率: 0.955221
2025-07-12 16:17:31 | INFO     |   学习率调度器: f1_based
2025-07-12 16:17:31 | INFO     | ------------------------------------------------------------
2025-07-12 16:17:31 | INFO     | Epoch  29 | Train: Loss=0.2186, Acc=0.9339 | Val: Loss=0.2980, Acc=0.9544, F1=0.9564 | LR=0.000100 🏆 [最佳模型]
2025-07-12 16:23:07 | INFO     | Epoch 30:
2025-07-12 16:23:07 | INFO     |   训练指标:
2025-07-12 16:23:07 | INFO     |     损失(hybrid_focal): 0.232321
2025-07-12 16:23:07 | INFO     |     准确率: 0.927733
2025-07-12 16:23:07 | INFO     |     学习率: 0.00010000
2025-07-12 16:23:07 | INFO     |   验证指标(标准CE):
2025-07-12 16:23:07 | INFO     |     损失: 0.322884
2025-07-12 16:23:07 | INFO     |     准确率: 0.941019
2025-07-12 16:23:07 | INFO     |     F1(macro): 0.943540
2025-07-12 16:23:07 | INFO     |     F1(weighted): 0.942099
2025-07-12 16:23:07 | INFO     |     精确率: 0.952061
2025-07-12 16:23:07 | INFO     |     召回率: 0.942716
2025-07-12 16:23:07 | INFO     |   学习率调度器: f1_based
2025-07-12 16:23:07 | INFO     | ------------------------------------------------------------
2025-07-12 16:23:07 | INFO     | Epoch  30 | Train: Loss=0.2323, Acc=0.9277 | Val: Loss=0.3229, Acc=0.9410, F1=0.9421 | LR=0.000100 
2025-07-12 16:28:42 | INFO     | Epoch 31:
2025-07-12 16:28:42 | INFO     |   训练指标:
2025-07-12 16:28:42 | INFO     |     损失(hybrid_focal): 0.220981
2025-07-12 16:28:42 | INFO     |     准确率: 0.934272
2025-07-12 16:28:42 | INFO     |     学习率: 0.00010000
2025-07-12 16:28:42 | INFO     |   验证指标(标准CE):
2025-07-12 16:28:42 | INFO     |     损失: 0.342612
2025-07-12 16:28:42 | INFO     |     准确率: 0.948391
2025-07-12 16:28:42 | INFO     |     F1(macro): 0.949814
2025-07-12 16:28:42 | INFO     |     F1(weighted): 0.949406
2025-07-12 16:28:42 | INFO     |     精确率: 0.956367
2025-07-12 16:28:42 | INFO     |     召回率: 0.949803
2025-07-12 16:28:42 | INFO     |   学习率调度器: f1_based
2025-07-12 16:28:42 | INFO     | ------------------------------------------------------------
2025-07-12 16:28:42 | INFO     | Epoch  31 | Train: Loss=0.2210, Acc=0.9343 | Val: Loss=0.3426, Acc=0.9484, F1=0.9494 | LR=0.000100 
2025-07-12 16:34:18 | INFO     | Epoch 32:
2025-07-12 16:34:18 | INFO     |   训练指标:
2025-07-12 16:34:18 | INFO     |     损失(hybrid_focal): 0.218781
2025-07-12 16:34:18 | INFO     |     准确率: 0.933602
2025-07-12 16:34:18 | INFO     |     学习率: 0.00010000
2025-07-12 16:34:18 | INFO     |   验证指标(标准CE):
2025-07-12 16:34:18 | INFO     |     损失: 0.423685
2025-07-12 16:34:18 | INFO     |     准确率: 0.959115
2025-07-12 16:34:18 | INFO     |     F1(macro): 0.959331
2025-07-12 16:34:18 | INFO     |     F1(weighted): 0.959218
2025-07-12 16:34:18 | INFO     |     精确率: 0.964446
2025-07-12 16:34:18 | INFO     |     召回率: 0.960668
2025-07-12 16:34:18 | INFO     |   学习率调度器: f1_based
2025-07-12 16:34:18 | INFO     | ------------------------------------------------------------
2025-07-12 16:34:18 | INFO     | Epoch  32 | Train: Loss=0.2188, Acc=0.9336 | Val: Loss=0.4237, Acc=0.9591, F1=0.9592 | LR=0.000100 🏆 [最佳模型]
2025-07-12 16:39:55 | INFO     | Epoch 33:
2025-07-12 16:39:55 | INFO     |   训练指标:
2025-07-12 16:39:55 | INFO     |     损失(hybrid_focal): 0.211668
2025-07-12 16:39:55 | INFO     |     准确率: 0.937458
2025-07-12 16:39:55 | INFO     |     学习率: 0.00010000
2025-07-12 16:39:55 | INFO     |   验证指标(标准CE):
2025-07-12 16:39:55 | INFO     |     损失: 0.280261
2025-07-12 16:39:55 | INFO     |     准确率: 0.943029
2025-07-12 16:39:55 | INFO     |     F1(macro): 0.941244
2025-07-12 16:39:55 | INFO     |     F1(weighted): 0.942592
2025-07-12 16:39:55 | INFO     |     精确率: 0.946546
2025-07-12 16:39:55 | INFO     |     召回率: 0.943105
2025-07-12 16:39:55 | INFO     |   学习率调度器: f1_based
2025-07-12 16:39:55 | INFO     | ------------------------------------------------------------
2025-07-12 16:39:55 | INFO     | Epoch  33 | Train: Loss=0.2117, Acc=0.9375 | Val: Loss=0.2803, Acc=0.9430, F1=0.9426 | LR=0.000100 
2025-07-12 16:45:33 | INFO     | Epoch 34:
2025-07-12 16:45:33 | INFO     |   训练指标:
2025-07-12 16:45:33 | INFO     |     损失(hybrid_focal): 0.211319
2025-07-12 16:45:33 | INFO     |     准确率: 0.941818
2025-07-12 16:45:33 | INFO     |     学习率: 0.00010000
2025-07-12 16:45:33 | INFO     |   验证指标(标准CE):
2025-07-12 16:45:33 | INFO     |     损失: 0.422467
2025-07-12 16:45:33 | INFO     |     准确率: 0.920241
2025-07-12 16:45:33 | INFO     |     F1(macro): 0.921460
2025-07-12 16:45:33 | INFO     |     F1(weighted): 0.920500
2025-07-12 16:45:33 | INFO     |     精确率: 0.936139
2025-07-12 16:45:33 | INFO     |     召回率: 0.920589
2025-07-12 16:45:33 | INFO     |   学习率调度器: f1_based
2025-07-12 16:45:33 | INFO     | ------------------------------------------------------------
2025-07-12 16:45:33 | INFO     | Epoch  34 | Train: Loss=0.2113, Acc=0.9418 | Val: Loss=0.4225, Acc=0.9202, F1=0.9205 | LR=0.000100 
2025-07-12 16:51:10 | INFO     | Epoch 35:
2025-07-12 16:51:10 | INFO     |   训练指标:
2025-07-12 16:51:10 | INFO     |     损失(hybrid_focal): 0.212576
2025-07-12 16:51:10 | INFO     |     准确率: 0.940812
2025-07-12 16:51:10 | INFO     |     学习率: 0.00010000
2025-07-12 16:51:10 | INFO     |   验证指标(标准CE):
2025-07-12 16:51:10 | INFO     |     损失: 0.275908
2025-07-12 16:51:10 | INFO     |     准确率: 0.961126
2025-07-12 16:51:10 | INFO     |     F1(macro): 0.961992
2025-07-12 16:51:10 | INFO     |     F1(weighted): 0.961377
2025-07-12 16:51:10 | INFO     |     精确率: 0.963475
2025-07-12 16:51:10 | INFO     |     召回率: 0.963252
2025-07-12 16:51:10 | INFO     |   学习率调度器: f1_based
2025-07-12 16:51:10 | INFO     | ------------------------------------------------------------
2025-07-12 16:51:10 | INFO     | Epoch  35 | Train: Loss=0.2126, Acc=0.9408 | Val: Loss=0.2759, Acc=0.9611, F1=0.9614 | LR=0.000100 🏆 [最佳模型]
2025-07-12 16:56:47 | INFO     | Epoch 36:
2025-07-12 16:56:47 | INFO     |   训练指标:
2025-07-12 16:56:47 | INFO     |     损失(hybrid_focal): 0.204693
2025-07-12 16:56:47 | INFO     |     准确率: 0.940309
2025-07-12 16:56:47 | INFO     |     学习率: 0.00010000
2025-07-12 16:56:47 | INFO     |   验证指标(标准CE):
2025-07-12 16:56:47 | INFO     |     损失: 0.276890
2025-07-12 16:56:47 | INFO     |     准确率: 0.953753
2025-07-12 16:56:47 | INFO     |     F1(macro): 0.955810
2025-07-12 16:56:47 | INFO     |     F1(weighted): 0.954563
2025-07-12 16:56:47 | INFO     |     精确率: 0.959934
2025-07-12 16:56:47 | INFO     |     召回率: 0.955721
2025-07-12 16:56:47 | INFO     |   学习率调度器: f1_based
2025-07-12 16:56:47 | INFO     | ------------------------------------------------------------
2025-07-12 16:56:47 | INFO     | Epoch  36 | Train: Loss=0.2047, Acc=0.9403 | Val: Loss=0.2769, Acc=0.9538, F1=0.9546 | LR=0.000100 
2025-07-12 17:02:22 | INFO     | Epoch 37:
2025-07-12 17:02:22 | INFO     |   训练指标:
2025-07-12 17:02:22 | INFO     |     损失(hybrid_focal): 0.204958
2025-07-12 17:02:22 | INFO     |     准确率: 0.943997
2025-07-12 17:02:22 | INFO     |     学习率: 0.00010000
2025-07-12 17:02:22 | INFO     |   验证指标(标准CE):
2025-07-12 17:02:22 | INFO     |     损失: 0.371381
2025-07-12 17:02:22 | INFO     |     准确率: 0.936327
2025-07-12 17:02:22 | INFO     |     F1(macro): 0.938853
2025-07-12 17:02:22 | INFO     |     F1(weighted): 0.936553
2025-07-12 17:02:22 | INFO     |     精确率: 0.943541
2025-07-12 17:02:22 | INFO     |     召回率: 0.940179
2025-07-12 17:02:22 | INFO     |   学习率调度器: f1_based
2025-07-12 17:02:22 | INFO     | ------------------------------------------------------------
2025-07-12 17:02:22 | INFO     | Epoch  37 | Train: Loss=0.2050, Acc=0.9440 | Val: Loss=0.3714, Acc=0.9363, F1=0.9366 | LR=0.000100 
2025-07-12 17:07:57 | INFO     | Epoch 38:
2025-07-12 17:07:57 | INFO     |   训练指标:
2025-07-12 17:07:57 | INFO     |     损失(hybrid_focal): 0.198426
2025-07-12 17:07:57 | INFO     |     准确率: 0.945339
2025-07-12 17:07:57 | INFO     |     学习率: 0.00010000
2025-07-12 17:07:57 | INFO     |   验证指标(标准CE):
2025-07-12 17:07:57 | INFO     |     损失: 0.988040
2025-07-12 17:07:57 | INFO     |     准确率: 0.939678
2025-07-12 17:07:57 | INFO     |     F1(macro): 0.937705
2025-07-12 17:07:57 | INFO     |     F1(weighted): 0.936264
2025-07-12 17:07:57 | INFO     |     精确率: 0.945544
2025-07-12 17:07:57 | INFO     |     召回率: 0.941037
2025-07-12 17:07:57 | INFO     |   学习率调度器: f1_based
2025-07-12 17:07:57 | INFO     | ------------------------------------------------------------
2025-07-12 17:07:57 | INFO     | Epoch  38 | Train: Loss=0.1984, Acc=0.9453 | Val: Loss=0.9880, Acc=0.9397, F1=0.9363 | LR=0.000100 
2025-07-12 17:13:34 | INFO     | Epoch 39:
2025-07-12 17:13:34 | INFO     |   训练指标:
2025-07-12 17:13:34 | INFO     |     损失(hybrid_focal): 0.199899
2025-07-12 17:13:34 | INFO     |     准确率: 0.943997
2025-07-12 17:13:34 | INFO     |     学习率: 0.00010000
2025-07-12 17:13:34 | INFO     |   验证指标(标准CE):
2025-07-12 17:13:34 | INFO     |     损失: 0.268581
2025-07-12 17:13:34 | INFO     |     准确率: 0.961796
2025-07-12 17:13:34 | INFO     |     F1(macro): 0.963382
2025-07-12 17:13:34 | INFO     |     F1(weighted): 0.962359
2025-07-12 17:13:34 | INFO     |     精确率: 0.971459
2025-07-12 17:13:34 | INFO     |     召回率: 0.963057
2025-07-12 17:13:34 | INFO     |   学习率调度器: f1_based
2025-07-12 17:13:34 | INFO     | ------------------------------------------------------------
2025-07-12 17:13:34 | INFO     | Epoch  39 | Train: Loss=0.1999, Acc=0.9440 | Val: Loss=0.2686, Acc=0.9618, F1=0.9624 | LR=0.000100 🏆 [最佳模型]
2025-07-12 17:19:10 | INFO     | Epoch 40:
2025-07-12 17:19:10 | INFO     |   训练指标:
2025-07-12 17:19:10 | INFO     |     损失(hybrid_focal): 0.198526
2025-07-12 17:19:10 | INFO     |     准确率: 0.945842
2025-07-12 17:19:10 | INFO     |     学习率: 0.00010000
2025-07-12 17:19:10 | INFO     |   验证指标(标准CE):
2025-07-12 17:19:10 | INFO     |     损失: 0.256903
2025-07-12 17:19:10 | INFO     |     准确率: 0.958445
2025-07-12 17:19:10 | INFO     |     F1(macro): 0.958916
2025-07-12 17:19:10 | INFO     |     F1(weighted): 0.958488
2025-07-12 17:19:10 | INFO     |     精确率: 0.962266
2025-07-12 17:19:10 | INFO     |     召回率: 0.958425
2025-07-12 17:19:10 | INFO     |   学习率调度器: f1_based
2025-07-12 17:19:10 | INFO     | ------------------------------------------------------------
2025-07-12 17:19:10 | INFO     | Epoch  40 | Train: Loss=0.1985, Acc=0.9458 | Val: Loss=0.2569, Acc=0.9584, F1=0.9585 | LR=0.000100 
2025-07-12 17:24:46 | INFO     | Epoch 41:
2025-07-12 17:24:46 | INFO     |   训练指标:
2025-07-12 17:24:46 | INFO     |     损失(hybrid_focal): 0.193182
2025-07-12 17:24:46 | INFO     |     准确率: 0.946009
2025-07-12 17:24:46 | INFO     |     学习率: 0.00010000
2025-07-12 17:24:46 | INFO     |   验证指标(标准CE):
2025-07-12 17:24:46 | INFO     |     损失: 0.290490
2025-07-12 17:24:46 | INFO     |     准确率: 0.953083
2025-07-12 17:24:46 | INFO     |     F1(macro): 0.954337
2025-07-12 17:24:46 | INFO     |     F1(weighted): 0.953098
2025-07-12 17:24:46 | INFO     |     精确率: 0.957446
2025-07-12 17:24:46 | INFO     |     召回率: 0.955400
2025-07-12 17:24:46 | INFO     |   学习率调度器: f1_based
2025-07-12 17:24:46 | INFO     | ------------------------------------------------------------
2025-07-12 17:24:46 | INFO     | Epoch  41 | Train: Loss=0.1932, Acc=0.9460 | Val: Loss=0.2905, Acc=0.9531, F1=0.9531 | LR=0.000100 
2025-07-12 17:30:21 | INFO     | Epoch 42:
2025-07-12 17:30:21 | INFO     |   训练指标:
2025-07-12 17:30:21 | INFO     |     损失(hybrid_focal): 0.194095
2025-07-12 17:30:21 | INFO     |     准确率: 0.945674
2025-07-12 17:30:21 | INFO     |     学习率: 0.00010000
2025-07-12 17:30:21 | INFO     |   验证指标(标准CE):
2025-07-12 17:30:21 | INFO     |     损失: 0.314531
2025-07-12 17:30:21 | INFO     |     准确率: 0.954424
2025-07-12 17:30:21 | INFO     |     F1(macro): 0.955501
2025-07-12 17:30:21 | INFO     |     F1(weighted): 0.954359
2025-07-12 17:30:21 | INFO     |     精确率: 0.961707
2025-07-12 17:30:21 | INFO     |     召回率: 0.955608
2025-07-12 17:30:21 | INFO     |   学习率调度器: f1_based
2025-07-12 17:30:21 | INFO     | ------------------------------------------------------------
2025-07-12 17:30:21 | INFO     | Epoch  42 | Train: Loss=0.1941, Acc=0.9457 | Val: Loss=0.3145, Acc=0.9544, F1=0.9544 | LR=0.000100 
2025-07-12 17:35:57 | INFO     | Epoch 43:
2025-07-12 17:35:57 | INFO     |   训练指标:
2025-07-12 17:35:57 | INFO     |     损失(hybrid_focal): 0.187912
2025-07-12 17:35:57 | INFO     |     准确率: 0.950537
2025-07-12 17:35:57 | INFO     |     学习率: 0.00010000
2025-07-12 17:35:57 | INFO     |   验证指标(标准CE):
2025-07-12 17:35:57 | INFO     |     损失: 0.247910
2025-07-12 17:35:57 | INFO     |     准确率: 0.967828
2025-07-12 17:35:57 | INFO     |     F1(macro): 0.967976
2025-07-12 17:35:57 | INFO     |     F1(weighted): 0.968057
2025-07-12 17:35:57 | INFO     |     精确率: 0.971352
2025-07-12 17:35:57 | INFO     |     召回率: 0.967433
2025-07-12 17:35:57 | INFO     |   学习率调度器: f1_based
2025-07-12 17:35:57 | INFO     | ------------------------------------------------------------
2025-07-12 17:35:57 | INFO     | Epoch  43 | Train: Loss=0.1879, Acc=0.9505 | Val: Loss=0.2479, Acc=0.9678, F1=0.9681 | LR=0.000100 🏆 [最佳模型]
2025-07-12 17:41:32 | INFO     | Epoch 44:
2025-07-12 17:41:32 | INFO     |   训练指标:
2025-07-12 17:41:32 | INFO     |     损失(hybrid_focal): 0.180587
2025-07-12 17:41:32 | INFO     |     准确率: 0.954561
2025-07-12 17:41:32 | INFO     |     学习率: 0.00010000
2025-07-12 17:41:32 | INFO     |   验证指标(标准CE):
2025-07-12 17:41:32 | INFO     |     损失: 0.300725
2025-07-12 17:41:32 | INFO     |     准确率: 0.951743
2025-07-12 17:41:32 | INFO     |     F1(macro): 0.953360
2025-07-12 17:41:32 | INFO     |     F1(weighted): 0.952958
2025-07-12 17:41:32 | INFO     |     精确率: 0.961309
2025-07-12 17:41:32 | INFO     |     召回率: 0.951418
2025-07-12 17:41:32 | INFO     |   学习率调度器: f1_based
2025-07-12 17:41:32 | INFO     | ------------------------------------------------------------
2025-07-12 17:41:32 | INFO     | Epoch  44 | Train: Loss=0.1806, Acc=0.9546 | Val: Loss=0.3007, Acc=0.9517, F1=0.9530 | LR=0.000100 
2025-07-12 17:47:07 | INFO     | Epoch 45:
2025-07-12 17:47:07 | INFO     |   训练指标:
2025-07-12 17:47:07 | INFO     |     损失(hybrid_focal): 0.183602
2025-07-12 17:47:07 | INFO     |     准确率: 0.952046
2025-07-12 17:47:07 | INFO     |     学习率: 0.00010000
2025-07-12 17:47:07 | INFO     |   验证指标(标准CE):
2025-07-12 17:47:07 | INFO     |     损失: 0.314256
2025-07-12 17:47:07 | INFO     |     准确率: 0.943700
2025-07-12 17:47:07 | INFO     |     F1(macro): 0.941695
2025-07-12 17:47:07 | INFO     |     F1(weighted): 0.942882
2025-07-12 17:47:07 | INFO     |     精确率: 0.958512
2025-07-12 17:47:07 | INFO     |     召回率: 0.943827
2025-07-12 17:47:07 | INFO     |   学习率调度器: f1_based
2025-07-12 17:47:07 | INFO     | ------------------------------------------------------------
2025-07-12 17:47:07 | INFO     | Epoch  45 | Train: Loss=0.1836, Acc=0.9520 | Val: Loss=0.3143, Acc=0.9437, F1=0.9429 | LR=0.000100 
2025-07-12 17:52:42 | INFO     | Epoch 46:
2025-07-12 17:52:42 | INFO     |   训练指标:
2025-07-12 17:52:42 | INFO     |     损失(hybrid_focal): 0.179940
2025-07-12 17:52:42 | INFO     |     准确率: 0.953555
2025-07-12 17:52:42 | INFO     |     学习率: 0.00010000
2025-07-12 17:52:42 | INFO     |   验证指标(标准CE):
2025-07-12 17:52:42 | INFO     |     损失: 0.334458
2025-07-12 17:52:42 | INFO     |     准确率: 0.957775
2025-07-12 17:52:42 | INFO     |     F1(macro): 0.957561
2025-07-12 17:52:42 | INFO     |     F1(weighted): 0.958474
2025-07-12 17:52:42 | INFO     |     精确率: 0.963578
2025-07-12 17:52:42 | INFO     |     召回率: 0.957068
2025-07-12 17:52:42 | INFO     |   学习率调度器: f1_based
2025-07-12 17:52:42 | INFO     | ------------------------------------------------------------
2025-07-12 17:52:42 | INFO     | Epoch  46 | Train: Loss=0.1799, Acc=0.9536 | Val: Loss=0.3345, Acc=0.9578, F1=0.9585 | LR=0.000100 
2025-07-12 17:58:17 | INFO     | Epoch 47:
2025-07-12 17:58:17 | INFO     |   训练指标:
2025-07-12 17:58:17 | INFO     |     损失(hybrid_focal): 0.179638
2025-07-12 17:58:17 | INFO     |     准确率: 0.954896
2025-07-12 17:58:17 | INFO     |     学习率: 0.00010000
2025-07-12 17:58:17 | INFO     |   验证指标(标准CE):
2025-07-12 17:58:17 | INFO     |     损失: 0.309417
2025-07-12 17:58:17 | INFO     |     准确率: 0.960456
2025-07-12 17:58:17 | INFO     |     F1(macro): 0.961550
2025-07-12 17:58:17 | INFO     |     F1(weighted): 0.961294
2025-07-12 17:58:17 | INFO     |     精确率: 0.967607
2025-07-12 17:58:17 | INFO     |     召回率: 0.962427
2025-07-12 17:58:17 | INFO     |   学习率调度器: f1_based
2025-07-12 17:58:17 | INFO     | ------------------------------------------------------------
2025-07-12 17:58:17 | INFO     | Epoch  47 | Train: Loss=0.1796, Acc=0.9549 | Val: Loss=0.3094, Acc=0.9605, F1=0.9613 | LR=0.000100 
2025-07-12 18:03:52 | INFO     | Epoch 48:
2025-07-12 18:03:52 | INFO     |   训练指标:
2025-07-12 18:03:52 | INFO     |     损失(hybrid_focal): 0.179368
2025-07-12 18:03:52 | INFO     |     准确率: 0.952549
2025-07-12 18:03:52 | INFO     |     学习率: 0.00010000
2025-07-12 18:03:52 | INFO     |   验证指标(标准CE):
2025-07-12 18:03:52 | INFO     |     损失: 0.360822
2025-07-12 18:03:52 | INFO     |     准确率: 0.965818
2025-07-12 18:03:52 | INFO     |     F1(macro): 0.965700
2025-07-12 18:03:52 | INFO     |     F1(weighted): 0.966197
2025-07-12 18:03:52 | INFO     |     精确率: 0.967554
2025-07-12 18:03:52 | INFO     |     召回率: 0.965923
2025-07-12 18:03:52 | INFO     |   学习率调度器: f1_based
2025-07-12 18:03:52 | INFO     | ------------------------------------------------------------
2025-07-12 18:03:52 | INFO     | Epoch  48 | Train: Loss=0.1794, Acc=0.9525 | Val: Loss=0.3608, Acc=0.9658, F1=0.9662 | LR=0.000100 
2025-07-12 18:09:27 | INFO     | Epoch 49:
2025-07-12 18:09:27 | INFO     |   训练指标:
2025-07-12 18:09:27 | INFO     |     损失(hybrid_focal): 0.174213
2025-07-12 18:09:27 | INFO     |     准确率: 0.957411
2025-07-12 18:09:27 | INFO     |     学习率: 0.00010000
2025-07-12 18:09:27 | INFO     |   验证指标(标准CE):
2025-07-12 18:09:27 | INFO     |     损失: 0.263235
2025-07-12 18:09:27 | INFO     |     准确率: 0.963807
2025-07-12 18:09:27 | INFO     |     F1(macro): 0.964542
2025-07-12 18:09:27 | INFO     |     F1(weighted): 0.963771
2025-07-12 18:09:27 | INFO     |     精确率: 0.968948
2025-07-12 18:09:27 | INFO     |     召回率: 0.965417
2025-07-12 18:09:27 | INFO     |   学习率调度器: f1_based
2025-07-12 18:09:27 | INFO     | ------------------------------------------------------------
2025-07-12 18:09:27 | INFO     | 🎯 学习率调整事件:
2025-07-12 18:09:27 | INFO     |   调度器类型: f1_based
2025-07-12 18:09:27 | INFO     |   学习率变化: 0.00010000 → 0.00005000
2025-07-12 18:09:27 | INFO     |   触发条件: F1分数 = 0.963771
2025-07-12 18:09:27 | INFO     |   变化幅度: -50.00%
2025-07-12 18:09:27 | INFO     | ------------------------------------------------------------
2025-07-12 18:09:27 | INFO     | Epoch  49 | Train: Loss=0.1742, Acc=0.9574 | Val: Loss=0.2632, Acc=0.9638, F1=0.9638 | LR=0.000050 
2025-07-12 18:15:02 | INFO     | Epoch 50:
2025-07-12 18:15:02 | INFO     |   训练指标:
2025-07-12 18:15:02 | INFO     |     损失(hybrid_focal): 0.164086
2025-07-12 18:15:02 | INFO     |     准确率: 0.961268
2025-07-12 18:15:02 | INFO     |     学习率: 0.00005000
2025-07-12 18:15:02 | INFO     |   验证指标(标准CE):
2025-07-12 18:15:02 | INFO     |     损失: 0.294448
2025-07-12 18:15:02 | INFO     |     准确率: 0.964477
2025-07-12 18:15:02 | INFO     |     F1(macro): 0.964852
2025-07-12 18:15:02 | INFO     |     F1(weighted): 0.964443
2025-07-12 18:15:02 | INFO     |     精确率: 0.969962
2025-07-12 18:15:02 | INFO     |     召回率: 0.965889
2025-07-12 18:15:02 | INFO     |   学习率调度器: f1_based
2025-07-12 18:15:02 | INFO     | ------------------------------------------------------------
2025-07-12 18:15:02 | INFO     | Epoch  50 | Train: Loss=0.1641, Acc=0.9613 | Val: Loss=0.2944, Acc=0.9645, F1=0.9644 | LR=0.000050 
2025-07-12 18:20:37 | INFO     | Epoch 51:
2025-07-12 18:20:37 | INFO     |   训练指标:
2025-07-12 18:20:37 | INFO     |     损失(hybrid_focal): 0.155039
2025-07-12 18:20:37 | INFO     |     准确率: 0.964956
2025-07-12 18:20:37 | INFO     |     学习率: 0.00005000
2025-07-12 18:20:37 | INFO     |   验证指标(标准CE):
2025-07-12 18:20:37 | INFO     |     损失: 0.289810
2025-07-12 18:20:37 | INFO     |     准确率: 0.965818
2025-07-12 18:20:37 | INFO     |     F1(macro): 0.966381
2025-07-12 18:20:37 | INFO     |     F1(weighted): 0.965913
2025-07-12 18:20:37 | INFO     |     精确率: 0.966850
2025-07-12 18:20:37 | INFO     |     召回率: 0.967184
2025-07-12 18:20:37 | INFO     |   学习率调度器: f1_based
2025-07-12 18:20:37 | INFO     | ------------------------------------------------------------
2025-07-12 18:20:37 | INFO     | Epoch  51 | Train: Loss=0.1550, Acc=0.9650 | Val: Loss=0.2898, Acc=0.9658, F1=0.9659 | LR=0.000050 
2025-07-12 18:26:13 | INFO     | Epoch 52:
2025-07-12 18:26:13 | INFO     |   训练指标:
2025-07-12 18:26:13 | INFO     |     损失(hybrid_focal): 0.153478
2025-07-12 18:26:13 | INFO     |     准确率: 0.962609
2025-07-12 18:26:13 | INFO     |     学习率: 0.00005000
2025-07-12 18:26:13 | INFO     |   验证指标(标准CE):
2025-07-12 18:26:13 | INFO     |     损失: 0.396265
2025-07-12 18:26:13 | INFO     |     准确率: 0.947051
2025-07-12 18:26:13 | INFO     |     F1(macro): 0.947394
2025-07-12 18:26:13 | INFO     |     F1(weighted): 0.946560
2025-07-12 18:26:13 | INFO     |     精确率: 0.949337
2025-07-12 18:26:13 | INFO     |     召回率: 0.950323
2025-07-12 18:26:13 | INFO     |   学习率调度器: f1_based
2025-07-12 18:26:13 | INFO     | ------------------------------------------------------------
2025-07-12 18:26:13 | INFO     | Epoch  52 | Train: Loss=0.1535, Acc=0.9626 | Val: Loss=0.3963, Acc=0.9471, F1=0.9466 | LR=0.000050 
2025-07-12 18:31:48 | INFO     | Epoch 53:
2025-07-12 18:31:48 | INFO     |   训练指标:
2025-07-12 18:31:48 | INFO     |     损失(hybrid_focal): 0.149433
2025-07-12 18:31:48 | INFO     |     准确率: 0.965292
2025-07-12 18:31:48 | INFO     |     学习率: 0.00005000
2025-07-12 18:31:48 | INFO     |   验证指标(标准CE):
2025-07-12 18:31:48 | INFO     |     损失: 0.320863
2025-07-12 18:31:48 | INFO     |     准确率: 0.964477
2025-07-12 18:31:48 | INFO     |     F1(macro): 0.965417
2025-07-12 18:31:48 | INFO     |     F1(weighted): 0.964985
2025-07-12 18:31:48 | INFO     |     精确率: 0.967989
2025-07-12 18:31:48 | INFO     |     召回率: 0.965815
2025-07-12 18:31:48 | INFO     |   学习率调度器: f1_based
2025-07-12 18:31:48 | INFO     | ------------------------------------------------------------
2025-07-12 18:31:48 | INFO     | Epoch  53 | Train: Loss=0.1494, Acc=0.9653 | Val: Loss=0.3209, Acc=0.9645, F1=0.9650 | LR=0.000050 
2025-07-12 18:37:23 | INFO     | Epoch 54:
2025-07-12 18:37:23 | INFO     |   训练指标:
2025-07-12 18:37:23 | INFO     |     损失(hybrid_focal): 0.150855
2025-07-12 18:37:23 | INFO     |     准确率: 0.965962
2025-07-12 18:37:23 | INFO     |     学习率: 0.00005000
2025-07-12 18:37:23 | INFO     |   验证指标(标准CE):
2025-07-12 18:37:23 | INFO     |     损失: 0.296522
2025-07-12 18:37:23 | INFO     |     准确率: 0.962466
2025-07-12 18:37:23 | INFO     |     F1(macro): 0.963427
2025-07-12 18:37:23 | INFO     |     F1(weighted): 0.962667
2025-07-12 18:37:23 | INFO     |     精确率: 0.968728
2025-07-12 18:37:23 | INFO     |     召回率: 0.962586
2025-07-12 18:37:23 | INFO     |   学习率调度器: f1_based
2025-07-12 18:37:23 | INFO     | ------------------------------------------------------------
2025-07-12 18:37:23 | INFO     | Epoch  54 | Train: Loss=0.1509, Acc=0.9660 | Val: Loss=0.2965, Acc=0.9625, F1=0.9627 | LR=0.000050 
2025-07-12 18:42:58 | INFO     | Epoch 55:
2025-07-12 18:42:58 | INFO     |   训练指标:
2025-07-12 18:42:58 | INFO     |     损失(hybrid_focal): 0.151829
2025-07-12 18:42:58 | INFO     |     准确率: 0.968310
2025-07-12 18:42:58 | INFO     |     学习率: 0.00005000
2025-07-12 18:42:58 | INFO     |   验证指标(标准CE):
2025-07-12 18:42:58 | INFO     |     损失: 0.411258
2025-07-12 18:42:58 | INFO     |     准确率: 0.937668
2025-07-12 18:42:58 | INFO     |     F1(macro): 0.939514
2025-07-12 18:42:58 | INFO     |     F1(weighted): 0.936918
2025-07-12 18:42:58 | INFO     |     精确率: 0.947749
2025-07-12 18:42:58 | INFO     |     召回率: 0.942882
2025-07-12 18:42:58 | INFO     |   学习率调度器: f1_based
2025-07-12 18:42:58 | INFO     | ------------------------------------------------------------
2025-07-12 18:42:58 | INFO     | Epoch  55 | Train: Loss=0.1518, Acc=0.9683 | Val: Loss=0.4113, Acc=0.9377, F1=0.9369 | LR=0.000050 
2025-07-12 18:48:33 | INFO     | Epoch 56:
2025-07-12 18:48:33 | INFO     |   训练指标:
2025-07-12 18:48:33 | INFO     |     损失(hybrid_focal): 0.151096
2025-07-12 18:48:33 | INFO     |     准确率: 0.967471
2025-07-12 18:48:33 | INFO     |     学习率: 0.00005000
2025-07-12 18:48:33 | INFO     |   验证指标(标准CE):
2025-07-12 18:48:33 | INFO     |     损失: 0.373499
2025-07-12 18:48:33 | INFO     |     准确率: 0.970509
2025-07-12 18:48:33 | INFO     |     F1(macro): 0.971497
2025-07-12 18:48:33 | INFO     |     F1(weighted): 0.970699
2025-07-12 18:48:33 | INFO     |     精确率: 0.972570
2025-07-12 18:48:33 | INFO     |     召回率: 0.971959
2025-07-12 18:48:33 | INFO     |   学习率调度器: f1_based
2025-07-12 18:48:33 | INFO     | ------------------------------------------------------------
2025-07-12 18:48:33 | INFO     | Epoch  56 | Train: Loss=0.1511, Acc=0.9675 | Val: Loss=0.3735, Acc=0.9705, F1=0.9707 | LR=0.000050 🏆 [最佳模型]
2025-07-12 18:54:09 | INFO     | Epoch 57:
2025-07-12 18:54:09 | INFO     |   训练指标:
2025-07-12 18:54:09 | INFO     |     损失(hybrid_focal): 0.143454
2025-07-12 18:54:09 | INFO     |     准确率: 0.969987
2025-07-12 18:54:09 | INFO     |     学习率: 0.00005000
2025-07-12 18:54:09 | INFO     |   验证指标(标准CE):
2025-07-12 18:54:09 | INFO     |     损失: 0.371060
2025-07-12 18:54:09 | INFO     |     准确率: 0.971180
2025-07-12 18:54:09 | INFO     |     F1(macro): 0.971486
2025-07-12 18:54:09 | INFO     |     F1(weighted): 0.970705
2025-07-12 18:54:09 | INFO     |     精确率: 0.974634
2025-07-12 18:54:09 | INFO     |     召回率: 0.972972
2025-07-12 18:54:09 | INFO     |   学习率调度器: f1_based
2025-07-12 18:54:09 | INFO     | ------------------------------------------------------------
2025-07-12 18:54:09 | INFO     | Epoch  57 | Train: Loss=0.1435, Acc=0.9700 | Val: Loss=0.3711, Acc=0.9712, F1=0.9707 | LR=0.000050 🏆 [最佳模型]
2025-07-12 18:59:45 | INFO     | Epoch 58:
2025-07-12 18:59:45 | INFO     |   训练指标:
2025-07-12 18:59:45 | INFO     |     损失(hybrid_focal): 0.145710
2025-07-12 18:59:45 | INFO     |     准确率: 0.972166
2025-07-12 18:59:45 | INFO     |     学习率: 0.00005000
2025-07-12 18:59:45 | INFO     |   验证指标(标准CE):
2025-07-12 18:59:45 | INFO     |     损失: 0.360989
2025-07-12 18:59:45 | INFO     |     准确率: 0.974531
2025-07-12 18:59:45 | INFO     |     F1(macro): 0.975838
2025-07-12 18:59:45 | INFO     |     F1(weighted): 0.974566
2025-07-12 18:59:45 | INFO     |     精确率: 0.977728
2025-07-12 18:59:45 | INFO     |     召回率: 0.975499
2025-07-12 18:59:45 | INFO     |   学习率调度器: f1_based
2025-07-12 18:59:45 | INFO     | ------------------------------------------------------------
2025-07-12 18:59:45 | INFO     | Epoch  58 | Train: Loss=0.1457, Acc=0.9722 | Val: Loss=0.3610, Acc=0.9745, F1=0.9746 | LR=0.000050 🏆 [最佳模型]
2025-07-12 19:05:21 | INFO     | Epoch 59:
2025-07-12 19:05:21 | INFO     |   训练指标:
2025-07-12 19:05:21 | INFO     |     损失(hybrid_focal): 0.147194
2025-07-12 19:05:21 | INFO     |     准确率: 0.966465
2025-07-12 19:05:21 | INFO     |     学习率: 0.00005000
2025-07-12 19:05:21 | INFO     |   验证指标(标准CE):
2025-07-12 19:05:21 | INFO     |     损失: 0.576332
2025-07-12 19:05:21 | INFO     |     准确率: 0.927614
2025-07-12 19:05:21 | INFO     |     F1(macro): 0.916004
2025-07-12 19:05:21 | INFO     |     F1(weighted): 0.911783
2025-07-12 19:05:21 | INFO     |     精确率: 0.903153
2025-07-12 19:05:21 | INFO     |     召回率: 0.934280
2025-07-12 19:05:21 | INFO     |   学习率调度器: f1_based
2025-07-12 19:05:21 | INFO     | ------------------------------------------------------------
2025-07-12 19:05:21 | INFO     | Epoch  59 | Train: Loss=0.1472, Acc=0.9665 | Val: Loss=0.5763, Acc=0.9276, F1=0.9118 | LR=0.000050 
2025-07-12 19:10:56 | INFO     | Epoch 60:
2025-07-12 19:10:56 | INFO     |   训练指标:
2025-07-12 19:10:56 | INFO     |     损失(hybrid_focal): 0.143346
2025-07-12 19:10:56 | INFO     |     准确率: 0.969987
2025-07-12 19:10:56 | INFO     |     学习率: 0.00005000
2025-07-12 19:10:56 | INFO     |   验证指标(标准CE):
2025-07-12 19:10:56 | INFO     |     损失: 0.347422
2025-07-12 19:10:56 | INFO     |     准确率: 0.957775
2025-07-12 19:10:56 | INFO     |     F1(macro): 0.957611
2025-07-12 19:10:56 | INFO     |     F1(weighted): 0.957408
2025-07-12 19:10:56 | INFO     |     精确率: 0.963161
2025-07-12 19:10:56 | INFO     |     召回率: 0.960354
2025-07-12 19:10:56 | INFO     |   学习率调度器: f1_based
2025-07-12 19:10:56 | INFO     | ------------------------------------------------------------
2025-07-12 19:10:56 | INFO     | Epoch  60 | Train: Loss=0.1433, Acc=0.9700 | Val: Loss=0.3474, Acc=0.9578, F1=0.9574 | LR=0.000050 
2025-07-12 19:16:31 | INFO     | Epoch 61:
2025-07-12 19:16:31 | INFO     |   训练指标:
2025-07-12 19:16:31 | INFO     |     损失(hybrid_focal): 0.142201
2025-07-12 19:16:31 | INFO     |     准确率: 0.969148
2025-07-12 19:16:31 | INFO     |     学习率: 0.00005000
2025-07-12 19:16:31 | INFO     |   验证指标(标准CE):
2025-07-12 19:16:31 | INFO     |     损失: 0.432343
2025-07-12 19:16:31 | INFO     |     准确率: 0.919571
2025-07-12 19:16:31 | INFO     |     F1(macro): 0.911678
2025-07-12 19:16:31 | INFO     |     F1(weighted): 0.910015
2025-07-12 19:16:31 | INFO     |     精确率: 0.932140
2025-07-12 19:16:31 | INFO     |     召回率: 0.925078
2025-07-12 19:16:31 | INFO     |   学习率调度器: f1_based
2025-07-12 19:16:31 | INFO     | ------------------------------------------------------------
2025-07-12 19:16:31 | INFO     | Epoch  61 | Train: Loss=0.1422, Acc=0.9691 | Val: Loss=0.4323, Acc=0.9196, F1=0.9100 | LR=0.000050 
2025-07-12 19:22:07 | INFO     | Epoch 62:
2025-07-12 19:22:07 | INFO     |   训练指标:
2025-07-12 19:22:07 | INFO     |     损失(hybrid_focal): 0.142927
2025-07-12 19:22:07 | INFO     |     准确率: 0.972166
2025-07-12 19:22:07 | INFO     |     学习率: 0.00005000
2025-07-12 19:22:07 | INFO     |   验证指标(标准CE):
2025-07-12 19:22:07 | INFO     |     损失: 0.363467
2025-07-12 19:22:07 | INFO     |     准确率: 0.970509
2025-07-12 19:22:07 | INFO     |     F1(macro): 0.970825
2025-07-12 19:22:07 | INFO     |     F1(weighted): 0.970461
2025-07-12 19:22:07 | INFO     |     精确率: 0.972256
2025-07-12 19:22:07 | INFO     |     召回率: 0.971632
2025-07-12 19:22:07 | INFO     |   学习率调度器: f1_based
2025-07-12 19:22:07 | INFO     | ------------------------------------------------------------
2025-07-12 19:22:07 | INFO     | Epoch  62 | Train: Loss=0.1429, Acc=0.9722 | Val: Loss=0.3635, Acc=0.9705, F1=0.9705 | LR=0.000050 
2025-07-12 19:27:41 | INFO     | Epoch 63:
2025-07-12 19:27:41 | INFO     |   训练指标:
2025-07-12 19:27:41 | INFO     |     损失(hybrid_focal): 0.142150
2025-07-12 19:27:41 | INFO     |     准确率: 0.969316
2025-07-12 19:27:41 | INFO     |     学习率: 0.00005000
2025-07-12 19:27:41 | INFO     |   验证指标(标准CE):
2025-07-12 19:27:41 | INFO     |     损失: 0.425079
2025-07-12 19:27:41 | INFO     |     准确率: 0.934316
2025-07-12 19:27:41 | INFO     |     F1(macro): 0.928700
2025-07-12 19:27:41 | INFO     |     F1(weighted): 0.924697
2025-07-12 19:27:41 | INFO     |     精确率: 0.943063
2025-07-12 19:27:41 | INFO     |     召回率: 0.939460
2025-07-12 19:27:41 | INFO     |   学习率调度器: f1_based
2025-07-12 19:27:41 | INFO     | ------------------------------------------------------------
2025-07-12 19:27:41 | INFO     | Epoch  63 | Train: Loss=0.1421, Acc=0.9693 | Val: Loss=0.4251, Acc=0.9343, F1=0.9247 | LR=0.000050 
2025-07-12 19:33:16 | INFO     | Epoch 64:
2025-07-12 19:33:16 | INFO     |   训练指标:
2025-07-12 19:33:16 | INFO     |     损失(hybrid_focal): 0.141414
2025-07-12 19:33:16 | INFO     |     准确率: 0.968981
2025-07-12 19:33:16 | INFO     |     学习率: 0.00005000
2025-07-12 19:33:16 | INFO     |   验证指标(标准CE):
2025-07-12 19:33:16 | INFO     |     损失: 0.506208
2025-07-12 19:33:16 | INFO     |     准确率: 0.929625
2025-07-12 19:33:16 | INFO     |     F1(macro): 0.924160
2025-07-12 19:33:16 | INFO     |     F1(weighted): 0.919941
2025-07-12 19:33:16 | INFO     |     精确率: 0.942475
2025-07-12 19:33:16 | INFO     |     召回率: 0.935566
2025-07-12 19:33:16 | INFO     |   学习率调度器: f1_based
2025-07-12 19:33:16 | INFO     | ------------------------------------------------------------
2025-07-12 19:33:16 | INFO     | 🎯 学习率调整事件:
2025-07-12 19:33:16 | INFO     |   调度器类型: f1_based
2025-07-12 19:33:16 | INFO     |   学习率变化: 0.00005000 → 0.00002500
2025-07-12 19:33:16 | INFO     |   触发条件: F1分数 = 0.919941
2025-07-12 19:33:16 | INFO     |   变化幅度: -50.00%
2025-07-12 19:33:16 | INFO     | ------------------------------------------------------------
2025-07-12 19:33:16 | INFO     | Epoch  64 | Train: Loss=0.1414, Acc=0.9690 | Val: Loss=0.5062, Acc=0.9296, F1=0.9199 | LR=0.000025 
2025-07-12 19:38:51 | INFO     | Epoch 65:
2025-07-12 19:38:51 | INFO     |   训练指标:
2025-07-12 19:38:51 | INFO     |     损失(hybrid_focal): 0.137167
2025-07-12 19:38:51 | INFO     |     准确率: 0.971999
2025-07-12 19:38:51 | INFO     |     学习率: 0.00002500
2025-07-12 19:38:51 | INFO     |   验证指标(标准CE):
2025-07-12 19:38:51 | INFO     |     损失: 0.558818
2025-07-12 19:38:51 | INFO     |     准确率: 0.925603
2025-07-12 19:38:51 | INFO     |     F1(macro): 0.917705
2025-07-12 19:38:51 | INFO     |     F1(weighted): 0.910065
2025-07-12 19:38:51 | INFO     |     精确率: 0.907747
2025-07-12 19:38:51 | INFO     |     召回率: 0.932106
2025-07-12 19:38:51 | INFO     |   学习率调度器: f1_based
2025-07-12 19:38:51 | INFO     | ------------------------------------------------------------
2025-07-12 19:38:51 | INFO     | Epoch  65 | Train: Loss=0.1372, Acc=0.9720 | Val: Loss=0.5588, Acc=0.9256, F1=0.9101 | LR=0.000025 
2025-07-12 19:44:27 | INFO     | Epoch 66:
2025-07-12 19:44:27 | INFO     |   训练指标:
2025-07-12 19:44:27 | INFO     |     损失(hybrid_focal): 0.137035
2025-07-12 19:44:27 | INFO     |     准确率: 0.972502
2025-07-12 19:44:27 | INFO     |     学习率: 0.00002500
2025-07-12 19:44:27 | INFO     |   验证指标(标准CE):
2025-07-12 19:44:27 | INFO     |     损失: 0.463967
2025-07-12 19:44:27 | INFO     |     准确率: 0.909517
2025-07-12 19:44:27 | INFO     |     F1(macro): 0.905061
2025-07-12 19:44:27 | INFO     |     F1(weighted): 0.899536
2025-07-12 19:44:27 | INFO     |     精确率: 0.940138
2025-07-12 19:44:27 | INFO     |     召回率: 0.916559
2025-07-12 19:44:27 | INFO     |   学习率调度器: f1_based
2025-07-12 19:44:27 | INFO     | ------------------------------------------------------------
2025-07-12 19:44:27 | INFO     | Epoch  66 | Train: Loss=0.1370, Acc=0.9725 | Val: Loss=0.4640, Acc=0.9095, F1=0.8995 | LR=0.000025 
2025-07-12 19:50:02 | INFO     | Epoch 67:
2025-07-12 19:50:02 | INFO     |   训练指标:
2025-07-12 19:50:02 | INFO     |     损失(hybrid_focal): 0.130380
2025-07-12 19:50:02 | INFO     |     准确率: 0.973508
2025-07-12 19:50:02 | INFO     |     学习率: 0.00002500
2025-07-12 19:50:02 | INFO     |   验证指标(标准CE):
2025-07-12 19:50:02 | INFO     |     损失: 0.560961
2025-07-12 19:50:02 | INFO     |     准确率: 0.930295
2025-07-12 19:50:02 | INFO     |     F1(macro): 0.918621
2025-07-12 19:50:02 | INFO     |     F1(weighted): 0.914578
2025-07-12 19:50:02 | INFO     |     精确率: 0.907416
2025-07-12 19:50:02 | INFO     |     召回率: 0.935816
2025-07-12 19:50:02 | INFO     |   学习率调度器: f1_based
2025-07-12 19:50:02 | INFO     | ------------------------------------------------------------
2025-07-12 19:50:02 | INFO     | Epoch  67 | Train: Loss=0.1304, Acc=0.9735 | Val: Loss=0.5610, Acc=0.9303, F1=0.9146 | LR=0.000025 
2025-07-12 19:55:37 | INFO     | Epoch 68:
2025-07-12 19:55:37 | INFO     |   训练指标:
2025-07-12 19:55:37 | INFO     |     损失(hybrid_focal): 0.130619
2025-07-12 19:55:37 | INFO     |     准确率: 0.973843
2025-07-12 19:55:37 | INFO     |     学习率: 0.00002500
2025-07-12 19:55:37 | INFO     |   验证指标(标准CE):
2025-07-12 19:55:37 | INFO     |     损失: 0.636555
2025-07-12 19:55:37 | INFO     |     准确率: 0.927614
2025-07-12 19:55:37 | INFO     |     F1(macro): 0.919080
2025-07-12 19:55:37 | INFO     |     F1(weighted): 0.913433
2025-07-12 19:55:37 | INFO     |     精确率: 0.909094
2025-07-12 19:55:37 | INFO     |     召回率: 0.933728
2025-07-12 19:55:37 | INFO     |   学习率调度器: f1_based
2025-07-12 19:55:37 | INFO     | ------------------------------------------------------------
2025-07-12 19:55:37 | INFO     | Epoch  68 | Train: Loss=0.1306, Acc=0.9738 | Val: Loss=0.6366, Acc=0.9276, F1=0.9134 | LR=0.000025 
2025-07-12 20:01:12 | INFO     | Epoch 69:
2025-07-12 20:01:12 | INFO     |   训练指标:
2025-07-12 20:01:12 | INFO     |     损失(hybrid_focal): 0.123727
2025-07-12 20:01:12 | INFO     |     准确率: 0.978035
2025-07-12 20:01:12 | INFO     |     学习率: 0.00002500
2025-07-12 20:01:12 | INFO     |   验证指标(标准CE):
2025-07-12 20:01:12 | INFO     |     损失: 0.585842
2025-07-12 20:01:12 | INFO     |     准确率: 0.932306
2025-07-12 20:01:12 | INFO     |     F1(macro): 0.921426
2025-07-12 20:01:12 | INFO     |     F1(weighted): 0.917520
2025-07-12 20:01:12 | INFO     |     精确率: 0.945689
2025-07-12 20:01:12 | INFO     |     召回率: 0.939091
2025-07-12 20:01:12 | INFO     |   学习率调度器: f1_based
2025-07-12 20:01:12 | INFO     | ------------------------------------------------------------
2025-07-12 20:01:12 | INFO     | Epoch  69 | Train: Loss=0.1237, Acc=0.9780 | Val: Loss=0.5858, Acc=0.9323, F1=0.9175 | LR=0.000025 
2025-07-12 20:06:47 | INFO     | Epoch 70:
2025-07-12 20:06:47 | INFO     |   训练指标:
2025-07-12 20:06:47 | INFO     |     损失(hybrid_focal): 0.127346
2025-07-12 20:06:47 | INFO     |     准确率: 0.977197
2025-07-12 20:06:47 | INFO     |     学习率: 0.00002500
2025-07-12 20:06:47 | INFO     |   验证指标(标准CE):
2025-07-12 20:06:47 | INFO     |     损失: 0.659686
2025-07-12 20:06:47 | INFO     |     准确率: 0.931635
2025-07-12 20:06:47 | INFO     |     F1(macro): 0.931230
2025-07-12 20:06:47 | INFO     |     F1(weighted): 0.928780
2025-07-12 20:06:47 | INFO     |     精确率: 0.940436
2025-07-12 20:06:47 | INFO     |     召回率: 0.936277
2025-07-12 20:06:47 | INFO     |   学习率调度器: f1_based
2025-07-12 20:06:47 | INFO     | ------------------------------------------------------------
2025-07-12 20:06:47 | INFO     | Epoch  70 | Train: Loss=0.1273, Acc=0.9772 | Val: Loss=0.6597, Acc=0.9316, F1=0.9288 | LR=0.000025 
2025-07-12 20:12:22 | INFO     | Epoch 71:
2025-07-12 20:12:22 | INFO     |   训练指标:
2025-07-12 20:12:22 | INFO     |     损失(hybrid_focal): 0.131863
2025-07-12 20:12:22 | INFO     |     准确率: 0.974178
2025-07-12 20:12:22 | INFO     |     学习率: 0.00002500
2025-07-12 20:12:22 | INFO     |   验证指标(标准CE):
2025-07-12 20:12:22 | INFO     |     损失: 0.577874
2025-07-12 20:12:22 | INFO     |     准确率: 0.926273
2025-07-12 20:12:22 | INFO     |     F1(macro): 0.913712
2025-07-12 20:12:22 | INFO     |     F1(weighted): 0.909916
2025-07-12 20:12:22 | INFO     |     精确率: 0.904048
2025-07-12 20:12:22 | INFO     |     召回率: 0.932916
2025-07-12 20:12:22 | INFO     |   学习率调度器: f1_based
2025-07-12 20:12:22 | INFO     | ------------------------------------------------------------
2025-07-12 20:12:22 | INFO     | Epoch  71 | Train: Loss=0.1319, Acc=0.9742 | Val: Loss=0.5779, Acc=0.9263, F1=0.9099 | LR=0.000025 
2025-07-12 20:17:58 | INFO     | Epoch 72:
2025-07-12 20:17:58 | INFO     |   训练指标:
2025-07-12 20:17:58 | INFO     |     损失(hybrid_focal): 0.121511
2025-07-12 20:17:58 | INFO     |     准确率: 0.978706
2025-07-12 20:17:58 | INFO     |     学习率: 0.00002500
2025-07-12 20:17:58 | INFO     |   验证指标(标准CE):
2025-07-12 20:17:58 | INFO     |     损失: 0.675781
2025-07-12 20:17:58 | INFO     |     准确率: 0.924933
2025-07-12 20:17:58 | INFO     |     F1(macro): 0.915419
2025-07-12 20:17:58 | INFO     |     F1(weighted): 0.910223
2025-07-12 20:17:58 | INFO     |     精确率: 0.910026
2025-07-12 20:17:58 | INFO     |     召回率: 0.932279
2025-07-12 20:17:58 | INFO     |   学习率调度器: f1_based
2025-07-12 20:17:58 | INFO     | ------------------------------------------------------------
2025-07-12 20:17:58 | INFO     | 🎯 学习率调整事件:
2025-07-12 20:17:58 | INFO     |   调度器类型: f1_based
2025-07-12 20:17:58 | INFO     |   学习率变化: 0.00002500 → 0.00001250
2025-07-12 20:17:58 | INFO     |   触发条件: F1分数 = 0.910223
2025-07-12 20:17:58 | INFO     |   变化幅度: -50.00%
2025-07-12 20:17:58 | INFO     | ------------------------------------------------------------
2025-07-12 20:17:58 | INFO     | Epoch  72 | Train: Loss=0.1215, Acc=0.9787 | Val: Loss=0.6758, Acc=0.9249, F1=0.9102 | LR=0.000013 
2025-07-12 20:23:35 | INFO     | Epoch 73:
2025-07-12 20:23:35 | INFO     |   训练指标:
2025-07-12 20:23:35 | INFO     |     损失(hybrid_focal): 0.124888
2025-07-12 20:23:35 | INFO     |     准确率: 0.978370
2025-07-12 20:23:35 | INFO     |     学习率: 0.00001250
2025-07-12 20:23:35 | INFO     |   验证指标(标准CE):
2025-07-12 20:23:35 | INFO     |     损失: 0.564788
2025-07-12 20:23:35 | INFO     |     准确率: 0.945040
2025-07-12 20:23:35 | INFO     |     F1(macro): 0.942857
2025-07-12 20:23:35 | INFO     |     F1(weighted): 0.942504
2025-07-12 20:23:35 | INFO     |     精确率: 0.949253
2025-07-12 20:23:35 | INFO     |     召回率: 0.949351
2025-07-12 20:23:35 | INFO     |   学习率调度器: f1_based
2025-07-12 20:23:35 | INFO     | ------------------------------------------------------------
2025-07-12 20:23:35 | INFO     | Epoch  73 | Train: Loss=0.1249, Acc=0.9784 | Val: Loss=0.5648, Acc=0.9450, F1=0.9425 | LR=0.000013 
2025-07-12 20:23:35 | INFO     | ⏹️ 早停触发，在第 73 轮停止训练
2025-07-12 20:23:58 | INFO     | 训练历史已保存到: ./result/0712_1333_DualGAF_DDAHU_DualGAFNet_summation_gaf_sl96_step96_fd64_extractor-dilated_gaf-adaptive_attention-channel_classifier-residual_bottleneck/training_history.csv
2025-07-12 20:23:58 | INFO     | 
====================================================================================================
2025-07-12 20:23:58 | INFO     | 🎉 训练完成总结:
2025-07-12 20:23:58 | INFO     |   训练损失函数: hybrid_focal
2025-07-12 20:23:58 | INFO     |   验证损失函数: 标准交叉熵（遵循主流ML规范）
2025-07-12 20:23:58 | INFO     |   训练过程最佳验证准确率: 0.9745
2025-07-12 20:23:58 | INFO     |   训练过程最佳验证F1(macro): 0.9758
2025-07-12 20:23:58 | INFO     |   训练过程最佳验证F1(weighted): 0.9746
2025-07-12 20:23:58 | INFO     |   训练轮数: 73
2025-07-12 20:23:58 | INFO     | --------------------------------------------------
2025-07-12 20:23:58 | INFO     | 📊 最佳模型真实性能指标（基于标准交叉熵损失）:
2025-07-12 20:23:58 | INFO     |   验证损失(标准CE): 0.3610
2025-07-12 20:23:58 | INFO     |   验证准确率: 0.9745
2025-07-12 20:23:58 | INFO     |   验证F1(macro): 0.9758
2025-07-12 20:23:58 | INFO     |   验证F1(weighted): 0.9746
2025-07-12 20:23:58 | INFO     |   验证精确率: 0.9777
2025-07-12 20:23:58 | INFO     |   验证召回率: 0.9755
2025-07-12 20:23:58 | INFO     | ====================================================================================================
2025-07-12 20:24:00 | INFO     | ================================================================================
2025-07-12 20:24:00 | INFO     | 实验日志结束: DualGAF_DDAHU_DualGAFNet_summation_gaf_sl96_step96_fd64_extractor-dilated_gaf-adaptive_attention-channel_classifier-residual_bottleneck
2025-07-12 20:24:00 | INFO     | 结束时间: 2025-07-12 20:24:00
2025-07-12 20:24:00 | INFO     | ================================================================================
