2025-07-21 10:38:33 | INFO     | ================================================================================
2025-07-21 10:38:33 | INFO     | 实验日志开始: DualGAF_DualGAFNet_dilated_enhanced_sl96_step96_fd128_extractor-dilated_gaf-adaptive_attention-channel_classifier-mlp_ablation-no_stat
2025-07-21 10:38:33 | INFO     | 日志文件: ./result/0721_1038_DualGAF_DualGAFNet_dilated_enhanced_sl96_step96_fd128_extractor-dilated_gaf-adaptive_attention-channel_classifier-mlp_ablation-no_stat/training.log
2025-07-21 10:38:33 | INFO     | 开始时间: 2025-07-21 10:38:33
2025-07-21 10:38:33 | INFO     | ================================================================================
2025-07-21 10:38:33 | INFO     | ⚙️ 实验配置:
2025-07-21 10:38:33 | INFO     |    task_name: classification
2025-07-21 10:38:33 | INFO     |    is_training: 1
2025-07-21 10:38:33 | INFO     |    model_id: test
2025-07-21 10:38:33 | INFO     |    model: DualGAFNet
2025-07-21 10:38:33 | INFO     |    data: DualGAF
2025-07-21 10:38:33 | INFO     |    root_path: ./dataset/SAHU/direct_5_working
2025-07-21 10:38:33 | INFO     |    step: 96
2025-07-21 10:38:33 | INFO     |    checkpoints: ./checkpoints/
2025-07-21 10:38:33 | INFO     |    num_class: 9
2025-07-21 10:38:33 | INFO     |    result_path: ./result/
2025-07-21 10:38:33 | INFO     |    test_size: 0.2
2025-07-21 10:38:33 | INFO     |    seq_len: 96
2025-07-21 10:38:33 | INFO     |    enc_in: 26
2025-07-21 10:38:33 | INFO     |    d_model: 512
2025-07-21 10:38:33 | INFO     |    n_heads: 8
2025-07-21 10:38:33 | INFO     |    e_layers: 2
2025-07-21 10:38:33 | INFO     |    d_layers: 1
2025-07-21 10:38:33 | INFO     |    d_ff: 2048
2025-07-21 10:38:33 | INFO     |    moving_avg: 25
2025-07-21 10:38:33 | INFO     |    factor: 1
2025-07-21 10:38:33 | INFO     |    distil: True
2025-07-21 10:38:33 | INFO     |    dropout: 0.1
2025-07-21 10:38:33 | INFO     |    embed: timeF
2025-07-21 10:38:33 | INFO     |    activation: gelu
2025-07-21 10:38:33 | INFO     |    use_norm: 1
2025-07-21 10:38:33 | INFO     |    gaf_method: summation
2025-07-21 10:38:33 | INFO     |    feature_dim: 128
2025-07-21 10:38:33 | INFO     |    data_type_method: uint8
2025-07-21 10:38:33 | INFO     |    use_attention: True
2025-07-21 10:38:33 | INFO     |    hidden_dim: 64
2025-07-21 10:38:33 | INFO     |    sample_size: 1000
2025-07-21 10:38:33 | INFO     |    channel_groups: None
2025-07-21 10:38:33 | INFO     |    hvac_groups: None
2025-07-21 10:38:33 | INFO     |    extractor_type: dilated
2025-07-21 10:38:33 | INFO     |    fusion_type: adaptive
2025-07-21 10:38:33 | INFO     |    attention_type: channel
2025-07-21 10:38:33 | INFO     |    classifier_type: mlp
2025-07-21 10:38:33 | INFO     |    use_statistical_features: False
2025-07-21 10:38:33 | INFO     |    stat_type: basic
2025-07-21 10:38:33 | INFO     |    multimodal_fusion_strategy: concat
2025-07-21 10:38:33 | INFO     |    use_signal_level_stats: False
2025-07-21 10:38:33 | INFO     |    signal_stat_type: comprehensive
2025-07-21 10:38:33 | INFO     |    signal_stat_fusion_strategy: concat_project
2025-07-21 10:38:33 | INFO     |    signal_stat_feature_dim: 32
2025-07-21 10:38:33 | INFO     |    use_diff_branch: True
2025-07-21 10:38:33 | INFO     |    ablation_mode: no_stat
2025-07-21 10:38:33 | INFO     |    backbone_type: resnet18
2025-07-21 10:38:33 | INFO     |    use_sum_branch: True
2025-07-21 10:38:33 | INFO     |    num_workers: 0
2025-07-21 10:38:33 | INFO     |    cuda_debug: False
2025-07-21 10:38:33 | INFO     |    gpu_memory_fraction: 0.9
2025-07-21 10:38:33 | INFO     |    safe_mode: True
2025-07-21 10:38:33 | INFO     |    drop_last_batch: True
2025-07-21 10:38:33 | INFO     |    itr: 1
2025-07-21 10:38:33 | INFO     |    train_epochs: 300
2025-07-21 10:38:33 | INFO     |    batch_size: 4
2025-07-21 10:38:33 | INFO     |    patience: 15
2025-07-21 10:38:33 | INFO     |    learning_rate: 0.0001
2025-07-21 10:38:33 | INFO     |    des: dilated_enhanced
2025-07-21 10:38:33 | INFO     |    loss: MSE
2025-07-21 10:38:33 | INFO     |    lradj: type1
2025-07-21 10:38:33 | INFO     |    lr_scheduler_type: f1_based
2025-07-21 10:38:33 | INFO     |    lr_loss_weight: 0.3
2025-07-21 10:38:33 | INFO     |    lr_f1_weight: 0.7
2025-07-21 10:38:33 | INFO     |    use_amp: False
2025-07-21 10:38:33 | INFO     |    gradient_accumulation_steps: 2
2025-07-21 10:38:33 | INFO     |    enable_auto_gradient_accumulation: True
2025-07-21 10:38:33 | INFO     |    loss_type: ce
2025-07-21 10:38:33 | INFO     |    label_smoothing: 0.1
2025-07-21 10:38:33 | INFO     |    focal_alpha: 1.0
2025-07-21 10:38:33 | INFO     |    focal_gamma: 2.0
2025-07-21 10:38:33 | INFO     |    confidence_penalty_beta: 0.1
2025-07-21 10:38:33 | INFO     |    use_timm_loss: True
2025-07-21 10:38:33 | INFO     |    adaptive_initial_smoothing: 0.2
2025-07-21 10:38:33 | INFO     |    adaptive_final_smoothing: 0.05
2025-07-21 10:38:33 | INFO     |    adaptive_decay_epochs: 30
2025-07-21 10:38:33 | INFO     |    enable_class_weights: False
2025-07-21 10:38:33 | INFO     |    class_weights: None
2025-07-21 10:38:33 | INFO     |    loss_preset: None
2025-07-21 10:38:33 | INFO     |    n_jobs: 1
2025-07-21 10:38:33 | INFO     |    use_multiprocessing: False
2025-07-21 10:38:33 | INFO     |    chunk_size: 800
2025-07-21 10:38:33 | INFO     |    disable_parallel: True
2025-07-21 10:38:33 | INFO     |    use_shared_memory: False
2025-07-21 10:38:33 | INFO     |    disable_shared_memory: False
2025-07-21 10:38:33 | INFO     |    use_gpu: True
2025-07-21 10:38:33 | INFO     |    gpu: 0
2025-07-21 10:38:33 | INFO     |    gpu_type: cuda
2025-07-21 10:38:33 | INFO     |    use_multi_gpu: False
2025-07-21 10:38:33 | INFO     |    devices: 0,1,2,3
2025-07-21 10:38:33 | INFO     |    device: cuda:0
2025-07-21 10:38:33 | INFO     | 🏗️ 模型信息:
2025-07-21 10:38:33 | INFO     |    模型类型: Model
2025-07-21 10:38:33 | INFO     |    总参数数量: 8,188,610
2025-07-21 10:38:33 | INFO     |    可训练参数: 8,188,610
2025-07-21 10:38:33 | INFO     |    模型大小估计: 31.24 MB
2025-07-21 10:38:33 | INFO     | 📊 数据集信息:
2025-07-21 10:38:33 | INFO     |    训练集大小: 3996
2025-07-21 10:38:33 | INFO     |    验证集大小: 999
2025-07-21 10:38:33 | INFO     | 
================================================================================
2025-07-21 10:38:33 | INFO     | 📋 损失函数使用策略（遵循主流机器学习规范）:
2025-07-21 10:38:33 | INFO     |    🎯 训练阶段: 使用 ce 损失函数
2025-07-21 10:38:33 | INFO     |       → 目的：优化模型参数，解决特定问题（类别不平衡、相似性等）
2025-07-21 10:38:33 | INFO     |    📊 验证阶段: 使用标准交叉熵损失函数
2025-07-21 10:38:33 | INFO     |       → 目的：客观评估模型性能，便于不同方法比较
2025-07-21 10:38:33 | INFO     |    📈 最终报告: 基于标准交叉熵损失的指标
2025-07-21 10:38:33 | INFO     |       → 目的：提供可信、可比较的性能指标
2025-07-21 10:38:33 | INFO     | ================================================================================

2025-07-21 10:38:33 | INFO     | 🔄 梯度累积配置: 每2轮累积一次梯度
2025-07-21 10:38:33 | INFO     |    实际batch_size: 4
2025-07-21 10:38:33 | INFO     |    有效batch_size: 8
2025-07-21 10:39:52 | INFO     | Epoch 1:
2025-07-21 10:39:52 | INFO     |   训练指标:
2025-07-21 10:39:52 | INFO     |     损失(ce): 1.976106
2025-07-21 10:39:52 | INFO     |     准确率: 0.210210
2025-07-21 10:39:52 | INFO     |     学习率: 0.00010000
2025-07-21 10:39:52 | INFO     |   验证指标(标准CE):
2025-07-21 10:39:52 | INFO     |     损失: 1.629635
2025-07-21 10:39:52 | INFO     |     准确率: 0.321321
2025-07-21 10:39:52 | INFO     |     F1(macro): 0.277578
2025-07-21 10:39:52 | INFO     |     F1(weighted): 0.289983
2025-07-21 10:39:52 | INFO     |     精确率: 0.306150
2025-07-21 10:39:52 | INFO     |     召回率: 0.311557
2025-07-21 10:39:52 | INFO     |   学习率调度器: f1_based
2025-07-21 10:39:52 | INFO     | ------------------------------------------------------------
2025-07-21 10:39:52 | INFO     | Epoch   1 | Train: Loss=1.9761, Acc=0.2102 | Val: Loss=1.6296, Acc=0.3213, F1=0.2900 | LR=0.000100 🏆 [最佳模型]
2025-07-21 10:41:05 | INFO     | Epoch 2:
2025-07-21 10:41:05 | INFO     |   训练指标:
2025-07-21 10:41:05 | INFO     |     损失(ce): 1.388068
2025-07-21 10:41:05 | INFO     |     准确率: 0.467217
2025-07-21 10:41:05 | INFO     |     学习率: 0.00010000
2025-07-21 10:41:05 | INFO     |   验证指标(标准CE):
2025-07-21 10:41:05 | INFO     |     损失: 1.178750
2025-07-21 10:41:05 | INFO     |     准确率: 0.503504
2025-07-21 10:41:05 | INFO     |     F1(macro): 0.490499
2025-07-21 10:41:05 | INFO     |     F1(weighted): 0.497528
2025-07-21 10:41:05 | INFO     |     精确率: 0.537370
2025-07-21 10:41:05 | INFO     |     召回率: 0.497488
2025-07-21 10:41:05 | INFO     |   学习率调度器: f1_based
2025-07-21 10:41:05 | INFO     | ------------------------------------------------------------
2025-07-21 10:41:05 | INFO     | Epoch   2 | Train: Loss=1.3881, Acc=0.4672 | Val: Loss=1.1788, Acc=0.5035, F1=0.4975 | LR=0.000100 🏆 [最佳模型]
2025-07-21 10:42:18 | INFO     | Epoch 3:
2025-07-21 10:42:18 | INFO     |   训练指标:
2025-07-21 10:42:18 | INFO     |     损失(ce): 1.079998
2025-07-21 10:42:18 | INFO     |     准确率: 0.572573
2025-07-21 10:42:18 | INFO     |     学习率: 0.00010000
2025-07-21 10:42:18 | INFO     |   验证指标(标准CE):
2025-07-21 10:42:18 | INFO     |     损失: 0.965921
2025-07-21 10:42:18 | INFO     |     准确率: 0.607608
2025-07-21 10:42:18 | INFO     |     F1(macro): 0.565729
2025-07-21 10:42:18 | INFO     |     F1(weighted): 0.572314
2025-07-21 10:42:18 | INFO     |     精确率: 0.583777
2025-07-21 10:42:18 | INFO     |     召回率: 0.598565
2025-07-21 10:42:18 | INFO     |   学习率调度器: f1_based
2025-07-21 10:42:18 | INFO     | ------------------------------------------------------------
2025-07-21 10:42:18 | INFO     | Epoch   3 | Train: Loss=1.0800, Acc=0.5726 | Val: Loss=0.9659, Acc=0.6076, F1=0.5723 | LR=0.000100 🏆 [最佳模型]
2025-07-21 10:43:55 | INFO     | Epoch 4:
2025-07-21 10:43:55 | INFO     |   训练指标:
2025-07-21 10:43:55 | INFO     |     损失(ce): 0.886736
2025-07-21 10:43:55 | INFO     |     准确率: 0.648899
2025-07-21 10:43:55 | INFO     |     学习率: 0.00010000
2025-07-21 10:43:55 | INFO     |   验证指标(标准CE):
2025-07-21 10:43:55 | INFO     |     损失: 0.765113
2025-07-21 10:43:55 | INFO     |     准确率: 0.704705
2025-07-21 10:43:55 | INFO     |     F1(macro): 0.686298
2025-07-21 10:43:55 | INFO     |     F1(weighted): 0.694272
2025-07-21 10:43:55 | INFO     |     精确率: 0.688297
2025-07-21 10:43:55 | INFO     |     召回率: 0.696046
2025-07-21 10:43:55 | INFO     |   学习率调度器: f1_based
2025-07-21 10:43:55 | INFO     | ------------------------------------------------------------
2025-07-21 10:43:55 | INFO     | Epoch   4 | Train: Loss=0.8867, Acc=0.6489 | Val: Loss=0.7651, Acc=0.7047, F1=0.6943 | LR=0.000100 🏆 [最佳模型]
2025-07-21 10:45:08 | INFO     | Epoch 5:
2025-07-21 10:45:08 | INFO     |   训练指标:
2025-07-21 10:45:08 | INFO     |     损失(ce): 0.772636
2025-07-21 10:45:08 | INFO     |     准确率: 0.695696
2025-07-21 10:45:08 | INFO     |     学习率: 0.00010000
2025-07-21 10:45:08 | INFO     |   验证指标(标准CE):
2025-07-21 10:45:08 | INFO     |     损失: 0.639165
2025-07-21 10:45:08 | INFO     |     准确率: 0.757758
2025-07-21 10:45:08 | INFO     |     F1(macro): 0.742715
2025-07-21 10:45:08 | INFO     |     F1(weighted): 0.746587
2025-07-21 10:45:08 | INFO     |     精确率: 0.745111
2025-07-21 10:45:08 | INFO     |     召回率: 0.752662
2025-07-21 10:45:08 | INFO     |   学习率调度器: f1_based
2025-07-21 10:45:08 | INFO     | ------------------------------------------------------------
2025-07-21 10:45:08 | INFO     | Epoch   5 | Train: Loss=0.7726, Acc=0.6957 | Val: Loss=0.6392, Acc=0.7578, F1=0.7466 | LR=0.000100 🏆 [最佳模型]
2025-07-21 10:46:21 | INFO     | Epoch 6:
2025-07-21 10:46:21 | INFO     |   训练指标:
2025-07-21 10:46:21 | INFO     |     损失(ce): 0.681223
2025-07-21 10:46:21 | INFO     |     准确率: 0.723724
2025-07-21 10:46:21 | INFO     |     学习率: 0.00010000
2025-07-21 10:46:21 | INFO     |   验证指标(标准CE):
2025-07-21 10:46:21 | INFO     |     损失: 0.667607
2025-07-21 10:46:21 | INFO     |     准确率: 0.732733
2025-07-21 10:46:21 | INFO     |     F1(macro): 0.724912
2025-07-21 10:46:21 | INFO     |     F1(weighted): 0.728824
2025-07-21 10:46:21 | INFO     |     精确率: 0.752771
2025-07-21 10:46:21 | INFO     |     召回率: 0.728416
2025-07-21 10:46:21 | INFO     |   学习率调度器: f1_based
2025-07-21 10:46:21 | INFO     | ------------------------------------------------------------
2025-07-21 10:46:21 | INFO     | Epoch   6 | Train: Loss=0.6812, Acc=0.7237 | Val: Loss=0.6676, Acc=0.7327, F1=0.7288 | LR=0.000100 
2025-07-21 10:47:58 | INFO     | Epoch 7:
2025-07-21 10:47:58 | INFO     |   训练指标:
2025-07-21 10:47:58 | INFO     |     损失(ce): 0.608627
2025-07-21 10:47:58 | INFO     |     准确率: 0.756757
2025-07-21 10:47:58 | INFO     |     学习率: 0.00010000
2025-07-21 10:47:58 | INFO     |   验证指标(标准CE):
2025-07-21 10:47:58 | INFO     |     损失: 0.630894
2025-07-21 10:47:58 | INFO     |     准确率: 0.750751
2025-07-21 10:47:58 | INFO     |     F1(macro): 0.743164
2025-07-21 10:47:58 | INFO     |     F1(weighted): 0.747268
2025-07-21 10:47:58 | INFO     |     精确率: 0.753738
2025-07-21 10:47:58 | INFO     |     召回率: 0.752919
2025-07-21 10:47:58 | INFO     |   学习率调度器: f1_based
2025-07-21 10:47:58 | INFO     | ------------------------------------------------------------
2025-07-21 10:47:58 | INFO     | Epoch   7 | Train: Loss=0.6086, Acc=0.7568 | Val: Loss=0.6309, Acc=0.7508, F1=0.7473 | LR=0.000100 🏆 [最佳模型]
2025-07-21 10:49:11 | INFO     | Epoch 8:
2025-07-21 10:49:11 | INFO     |   训练指标:
2025-07-21 10:49:11 | INFO     |     损失(ce): 0.547748
2025-07-21 10:49:11 | INFO     |     准确率: 0.780781
2025-07-21 10:49:11 | INFO     |     学习率: 0.00010000
2025-07-21 10:49:11 | INFO     |   验证指标(标准CE):
2025-07-21 10:49:11 | INFO     |     损失: 0.536367
2025-07-21 10:49:11 | INFO     |     准确率: 0.782783
2025-07-21 10:49:11 | INFO     |     F1(macro): 0.769325
2025-07-21 10:49:11 | INFO     |     F1(weighted): 0.773337
2025-07-21 10:49:11 | INFO     |     精确率: 0.769623
2025-07-21 10:49:11 | INFO     |     召回率: 0.780694
2025-07-21 10:49:11 | INFO     |   学习率调度器: f1_based
2025-07-21 10:49:11 | INFO     | ------------------------------------------------------------
2025-07-21 10:49:11 | INFO     | Epoch   8 | Train: Loss=0.5477, Acc=0.7808 | Val: Loss=0.5364, Acc=0.7828, F1=0.7733 | LR=0.000100 🏆 [最佳模型]
2025-07-21 10:50:47 | INFO     | Epoch 9:
2025-07-21 10:50:47 | INFO     |   训练指标:
2025-07-21 10:50:47 | INFO     |     损失(ce): 0.501039
2025-07-21 10:50:47 | INFO     |     准确率: 0.800050
2025-07-21 10:50:47 | INFO     |     学习率: 0.00010000
2025-07-21 10:50:47 | INFO     |   验证指标(标准CE):
2025-07-21 10:50:47 | INFO     |     损失: 0.546135
2025-07-21 10:50:47 | INFO     |     准确率: 0.796797
2025-07-21 10:50:47 | INFO     |     F1(macro): 0.793571
2025-07-21 10:50:47 | INFO     |     F1(weighted): 0.795861
2025-07-21 10:50:47 | INFO     |     精确率: 0.795781
2025-07-21 10:50:47 | INFO     |     召回率: 0.796849
2025-07-21 10:50:47 | INFO     |   学习率调度器: f1_based
2025-07-21 10:50:47 | INFO     | ------------------------------------------------------------
2025-07-21 10:50:47 | INFO     | Epoch   9 | Train: Loss=0.5010, Acc=0.8001 | Val: Loss=0.5461, Acc=0.7968, F1=0.7959 | LR=0.000100 🏆 [最佳模型]
2025-07-21 10:52:00 | INFO     | Epoch 10:
2025-07-21 10:52:00 | INFO     |   训练指标:
2025-07-21 10:52:00 | INFO     |     损失(ce): 0.459406
2025-07-21 10:52:00 | INFO     |     准确率: 0.811812
2025-07-21 10:52:00 | INFO     |     学习率: 0.00010000
2025-07-21 10:52:00 | INFO     |   验证指标(标准CE):
2025-07-21 10:52:00 | INFO     |     损失: 0.478268
2025-07-21 10:52:00 | INFO     |     准确率: 0.808809
2025-07-21 10:52:00 | INFO     |     F1(macro): 0.805577
2025-07-21 10:52:00 | INFO     |     F1(weighted): 0.809058
2025-07-21 10:52:00 | INFO     |     精确率: 0.807779
2025-07-21 10:52:00 | INFO     |     召回率: 0.809054
2025-07-21 10:52:00 | INFO     |   学习率调度器: f1_based
2025-07-21 10:52:00 | INFO     | ------------------------------------------------------------
2025-07-21 10:52:00 | INFO     | Epoch  10 | Train: Loss=0.4594, Acc=0.8118 | Val: Loss=0.4783, Acc=0.8088, F1=0.8091 | LR=0.000100 🏆 [最佳模型]
2025-07-21 10:53:13 | INFO     | Epoch 11:
2025-07-21 10:53:13 | INFO     |   训练指标:
2025-07-21 10:53:13 | INFO     |     损失(ce): 0.441894
2025-07-21 10:53:13 | INFO     |     准确率: 0.811311
2025-07-21 10:53:13 | INFO     |     学习率: 0.00010000
2025-07-21 10:53:13 | INFO     |   验证指标(标准CE):
2025-07-21 10:53:13 | INFO     |     损失: 0.494806
2025-07-21 10:53:13 | INFO     |     准确率: 0.814815
2025-07-21 10:53:13 | INFO     |     F1(macro): 0.806221
2025-07-21 10:53:13 | INFO     |     F1(weighted): 0.809169
2025-07-21 10:53:13 | INFO     |     精确率: 0.814758
2025-07-21 10:53:13 | INFO     |     召回率: 0.811561
2025-07-21 10:53:13 | INFO     |   学习率调度器: f1_based
2025-07-21 10:53:13 | INFO     | ------------------------------------------------------------
2025-07-21 10:53:13 | INFO     | Epoch  11 | Train: Loss=0.4419, Acc=0.8113 | Val: Loss=0.4948, Acc=0.8148, F1=0.8092 | LR=0.000100 🏆 [最佳模型]
2025-07-21 10:54:50 | INFO     | Epoch 12:
2025-07-21 10:54:50 | INFO     |   训练指标:
2025-07-21 10:54:50 | INFO     |     损失(ce): 0.403772
2025-07-21 10:54:50 | INFO     |     准确率: 0.831331
2025-07-21 10:54:50 | INFO     |     学习率: 0.00010000
2025-07-21 10:54:50 | INFO     |   验证指标(标准CE):
2025-07-21 10:54:50 | INFO     |     损失: 0.488812
2025-07-21 10:54:50 | INFO     |     准确率: 0.821822
2025-07-21 10:54:50 | INFO     |     F1(macro): 0.819205
2025-07-21 10:54:50 | INFO     |     F1(weighted): 0.821560
2025-07-21 10:54:50 | INFO     |     精确率: 0.823084
2025-07-21 10:54:50 | INFO     |     召回率: 0.821171
2025-07-21 10:54:50 | INFO     |   学习率调度器: f1_based
2025-07-21 10:54:50 | INFO     | ------------------------------------------------------------
2025-07-21 10:54:50 | INFO     | Epoch  12 | Train: Loss=0.4038, Acc=0.8313 | Val: Loss=0.4888, Acc=0.8218, F1=0.8216 | LR=0.000100 🏆 [最佳模型]
2025-07-21 10:56:03 | INFO     | Epoch 13:
2025-07-21 10:56:03 | INFO     |   训练指标:
2025-07-21 10:56:03 | INFO     |     损失(ce): 0.384268
2025-07-21 10:56:03 | INFO     |     准确率: 0.840841
2025-07-21 10:56:03 | INFO     |     学习率: 0.00010000
2025-07-21 10:56:03 | INFO     |   验证指标(标准CE):
2025-07-21 10:56:03 | INFO     |     损失: 0.458943
2025-07-21 10:56:03 | INFO     |     准确率: 0.821822
2025-07-21 10:56:03 | INFO     |     F1(macro): 0.815401
2025-07-21 10:56:03 | INFO     |     F1(weighted): 0.819089
2025-07-21 10:56:03 | INFO     |     精确率: 0.819218
2025-07-21 10:56:03 | INFO     |     召回率: 0.818461
2025-07-21 10:56:03 | INFO     |   学习率调度器: f1_based
2025-07-21 10:56:03 | INFO     | ------------------------------------------------------------
2025-07-21 10:56:03 | INFO     | Epoch  13 | Train: Loss=0.3843, Acc=0.8408 | Val: Loss=0.4589, Acc=0.8218, F1=0.8191 | LR=0.000100 
2025-07-21 10:56:55 | INFO     | Epoch 14:
2025-07-21 10:56:55 | INFO     |   训练指标:
2025-07-21 10:56:55 | INFO     |     损失(ce): 0.356325
2025-07-21 10:56:55 | INFO     |     准确率: 0.845596
2025-07-21 10:56:55 | INFO     |     学习率: 0.00010000
2025-07-21 10:56:55 | INFO     |   验证指标(标准CE):
2025-07-21 10:56:55 | INFO     |     损失: 0.549193
2025-07-21 10:56:55 | INFO     |     准确率: 0.808809
2025-07-21 10:56:55 | INFO     |     F1(macro): 0.801638
2025-07-21 10:56:55 | INFO     |     F1(weighted): 0.803297
2025-07-21 10:56:55 | INFO     |     精确率: 0.805033
2025-07-21 10:56:55 | INFO     |     召回率: 0.810150
2025-07-21 10:56:55 | INFO     |   学习率调度器: f1_based
2025-07-21 10:56:55 | INFO     | ------------------------------------------------------------
2025-07-21 10:56:55 | INFO     | Epoch  14 | Train: Loss=0.3563, Acc=0.8456 | Val: Loss=0.5492, Acc=0.8088, F1=0.8033 | LR=0.000100 
2025-07-21 10:57:47 | INFO     | Epoch 15:
2025-07-21 10:57:47 | INFO     |   训练指标:
2025-07-21 10:57:47 | INFO     |     损失(ce): 0.364318
2025-07-21 10:57:47 | INFO     |     准确率: 0.849099
2025-07-21 10:57:47 | INFO     |     学习率: 0.00010000
2025-07-21 10:57:47 | INFO     |   验证指标(标准CE):
2025-07-21 10:57:47 | INFO     |     损失: 0.565086
2025-07-21 10:57:47 | INFO     |     准确率: 0.798799
2025-07-21 10:57:47 | INFO     |     F1(macro): 0.788711
2025-07-21 10:57:47 | INFO     |     F1(weighted): 0.793252
2025-07-21 10:57:47 | INFO     |     精确率: 0.790885
2025-07-21 10:57:47 | INFO     |     召回率: 0.794361
2025-07-21 10:57:47 | INFO     |   学习率调度器: f1_based
2025-07-21 10:57:47 | INFO     | ------------------------------------------------------------
2025-07-21 10:57:47 | INFO     | Epoch  15 | Train: Loss=0.3643, Acc=0.8491 | Val: Loss=0.5651, Acc=0.7988, F1=0.7933 | LR=0.000100 
2025-07-21 10:58:39 | INFO     | Epoch 16:
2025-07-21 10:58:39 | INFO     |   训练指标:
2025-07-21 10:58:39 | INFO     |     损失(ce): 0.333793
2025-07-21 10:58:39 | INFO     |     准确率: 0.852603
2025-07-21 10:58:39 | INFO     |     学习率: 0.00010000
2025-07-21 10:58:39 | INFO     |   验证指标(标准CE):
2025-07-21 10:58:39 | INFO     |     损失: 0.467933
2025-07-21 10:58:39 | INFO     |     准确率: 0.831832
2025-07-21 10:58:39 | INFO     |     F1(macro): 0.825953
2025-07-21 10:58:39 | INFO     |     F1(weighted): 0.827974
2025-07-21 10:58:39 | INFO     |     精确率: 0.831534
2025-07-21 10:58:39 | INFO     |     召回率: 0.829635
2025-07-21 10:58:39 | INFO     |   学习率调度器: f1_based
2025-07-21 10:58:39 | INFO     | ------------------------------------------------------------
2025-07-21 10:58:39 | INFO     | Epoch  16 | Train: Loss=0.3338, Acc=0.8526 | Val: Loss=0.4679, Acc=0.8318, F1=0.8280 | LR=0.000100 🏆 [最佳模型]
2025-07-21 10:59:31 | INFO     | Epoch 17:
2025-07-21 10:59:31 | INFO     |   训练指标:
2025-07-21 10:59:31 | INFO     |     损失(ce): 0.324158
2025-07-21 10:59:31 | INFO     |     准确率: 0.863864
2025-07-21 10:59:31 | INFO     |     学习率: 0.00010000
2025-07-21 10:59:31 | INFO     |   验证指标(标准CE):
2025-07-21 10:59:31 | INFO     |     损失: 0.467828
2025-07-21 10:59:31 | INFO     |     准确率: 0.830831
2025-07-21 10:59:31 | INFO     |     F1(macro): 0.827315
2025-07-21 10:59:31 | INFO     |     F1(weighted): 0.830760
2025-07-21 10:59:31 | INFO     |     精确率: 0.829554
2025-07-21 10:59:31 | INFO     |     召回率: 0.830842
2025-07-21 10:59:31 | INFO     |   学习率调度器: f1_based
2025-07-21 10:59:31 | INFO     | ------------------------------------------------------------
2025-07-21 10:59:31 | INFO     | Epoch  17 | Train: Loss=0.3242, Acc=0.8639 | Val: Loss=0.4678, Acc=0.8308, F1=0.8308 | LR=0.000100 🏆 [最佳模型]
2025-07-21 11:00:24 | INFO     | Epoch 18:
2025-07-21 11:00:24 | INFO     |   训练指标:
2025-07-21 11:00:24 | INFO     |     损失(ce): 0.305006
2025-07-21 11:00:24 | INFO     |     准确率: 0.872122
2025-07-21 11:00:24 | INFO     |     学习率: 0.00010000
2025-07-21 11:00:24 | INFO     |   验证指标(标准CE):
2025-07-21 11:00:24 | INFO     |     损失: 0.523451
2025-07-21 11:00:24 | INFO     |     准确率: 0.819820
2025-07-21 11:00:24 | INFO     |     F1(macro): 0.813869
2025-07-21 11:00:24 | INFO     |     F1(weighted): 0.816607
2025-07-21 11:00:24 | INFO     |     精确率: 0.814288
2025-07-21 11:00:24 | INFO     |     召回率: 0.817262
2025-07-21 11:00:24 | INFO     |   学习率调度器: f1_based
2025-07-21 11:00:24 | INFO     | ------------------------------------------------------------
2025-07-21 11:00:24 | INFO     | Epoch  18 | Train: Loss=0.3050, Acc=0.8721 | Val: Loss=0.5235, Acc=0.8198, F1=0.8166 | LR=0.000100 
2025-07-21 11:01:16 | INFO     | Epoch 19:
2025-07-21 11:01:16 | INFO     |   训练指标:
2025-07-21 11:01:16 | INFO     |     损失(ce): 0.300463
2025-07-21 11:01:16 | INFO     |     准确率: 0.875876
2025-07-21 11:01:16 | INFO     |     学习率: 0.00010000
2025-07-21 11:01:16 | INFO     |   验证指标(标准CE):
2025-07-21 11:01:16 | INFO     |     损失: 0.499415
2025-07-21 11:01:16 | INFO     |     准确率: 0.824825
2025-07-21 11:01:16 | INFO     |     F1(macro): 0.813318
2025-07-21 11:01:16 | INFO     |     F1(weighted): 0.816878
2025-07-21 11:01:16 | INFO     |     精确率: 0.831769
2025-07-21 11:01:16 | INFO     |     召回率: 0.818129
2025-07-21 11:01:16 | INFO     |   学习率调度器: f1_based
2025-07-21 11:01:16 | INFO     | ------------------------------------------------------------
2025-07-21 11:01:16 | INFO     | Epoch  19 | Train: Loss=0.3005, Acc=0.8759 | Val: Loss=0.4994, Acc=0.8248, F1=0.8169 | LR=0.000100 
2025-07-21 11:02:19 | INFO     | Epoch 20:
2025-07-21 11:02:19 | INFO     |   训练指标:
2025-07-21 11:02:19 | INFO     |     损失(ce): 0.284607
2025-07-21 11:02:19 | INFO     |     准确率: 0.876877
2025-07-21 11:02:19 | INFO     |     学习率: 0.00010000
2025-07-21 11:02:19 | INFO     |   验证指标(标准CE):
2025-07-21 11:02:19 | INFO     |     损失: 0.464949
2025-07-21 11:02:19 | INFO     |     准确率: 0.833834
2025-07-21 11:02:19 | INFO     |     F1(macro): 0.829310
2025-07-21 11:02:19 | INFO     |     F1(weighted): 0.831450
2025-07-21 11:02:19 | INFO     |     精确率: 0.841052
2025-07-21 11:02:19 | INFO     |     召回率: 0.836540
2025-07-21 11:02:19 | INFO     |   学习率调度器: f1_based
2025-07-21 11:02:19 | INFO     | ------------------------------------------------------------
2025-07-21 11:02:19 | INFO     | Epoch  20 | Train: Loss=0.2846, Acc=0.8769 | Val: Loss=0.4649, Acc=0.8338, F1=0.8315 | LR=0.000100 🏆 [最佳模型]
2025-07-21 11:03:56 | INFO     | Epoch 21:
2025-07-21 11:03:56 | INFO     |   训练指标:
2025-07-21 11:03:56 | INFO     |     损失(ce): 0.271978
2025-07-21 11:03:56 | INFO     |     准确率: 0.879129
2025-07-21 11:03:56 | INFO     |     学习率: 0.00010000
2025-07-21 11:03:56 | INFO     |   验证指标(标准CE):
2025-07-21 11:03:56 | INFO     |     损失: 0.492325
2025-07-21 11:03:56 | INFO     |     准确率: 0.827828
2025-07-21 11:03:56 | INFO     |     F1(macro): 0.819682
2025-07-21 11:03:56 | INFO     |     F1(weighted): 0.823565
2025-07-21 11:03:56 | INFO     |     精确率: 0.825307
2025-07-21 11:03:56 | INFO     |     召回率: 0.822869
2025-07-21 11:03:56 | INFO     |   学习率调度器: f1_based
2025-07-21 11:03:56 | INFO     | ------------------------------------------------------------
2025-07-21 11:03:56 | INFO     | Epoch  21 | Train: Loss=0.2720, Acc=0.8791 | Val: Loss=0.4923, Acc=0.8278, F1=0.8236 | LR=0.000100 
2025-07-21 11:05:09 | INFO     | Epoch 22:
2025-07-21 11:05:09 | INFO     |   训练指标:
2025-07-21 11:05:09 | INFO     |     损失(ce): 0.265383
2025-07-21 11:05:09 | INFO     |     准确率: 0.882382
2025-07-21 11:05:09 | INFO     |     学习率: 0.00010000
2025-07-21 11:05:09 | INFO     |   验证指标(标准CE):
2025-07-21 11:05:09 | INFO     |     损失: 0.478339
2025-07-21 11:05:09 | INFO     |     准确率: 0.847848
2025-07-21 11:05:09 | INFO     |     F1(macro): 0.844412
2025-07-21 11:05:09 | INFO     |     F1(weighted): 0.846497
2025-07-21 11:05:09 | INFO     |     精确率: 0.850338
2025-07-21 11:05:09 | INFO     |     召回率: 0.843830
2025-07-21 11:05:09 | INFO     |   学习率调度器: f1_based
2025-07-21 11:05:09 | INFO     | ------------------------------------------------------------
2025-07-21 11:05:09 | INFO     | Epoch  22 | Train: Loss=0.2654, Acc=0.8824 | Val: Loss=0.4783, Acc=0.8478, F1=0.8465 | LR=0.000100 🏆 [最佳模型]
2025-07-21 11:06:21 | INFO     | Epoch 23:
2025-07-21 11:06:21 | INFO     |   训练指标:
2025-07-21 11:06:21 | INFO     |     损失(ce): 0.252784
2025-07-21 11:06:21 | INFO     |     准确率: 0.887888
2025-07-21 11:06:21 | INFO     |     学习率: 0.00010000
2025-07-21 11:06:21 | INFO     |   验证指标(标准CE):
2025-07-21 11:06:21 | INFO     |     损失: 0.522975
2025-07-21 11:06:21 | INFO     |     准确率: 0.834835
2025-07-21 11:06:21 | INFO     |     F1(macro): 0.829449
2025-07-21 11:06:21 | INFO     |     F1(weighted): 0.831263
2025-07-21 11:06:21 | INFO     |     精确率: 0.835698
2025-07-21 11:06:21 | INFO     |     召回率: 0.834034
2025-07-21 11:06:21 | INFO     |   学习率调度器: f1_based
2025-07-21 11:06:21 | INFO     | ------------------------------------------------------------
2025-07-21 11:06:21 | INFO     | Epoch  23 | Train: Loss=0.2528, Acc=0.8879 | Val: Loss=0.5230, Acc=0.8348, F1=0.8313 | LR=0.000100 
2025-07-21 11:07:58 | INFO     | Epoch 24:
2025-07-21 11:07:58 | INFO     |   训练指标:
2025-07-21 11:07:58 | INFO     |     损失(ce): 0.243080
2025-07-21 11:07:58 | INFO     |     准确率: 0.896146
2025-07-21 11:07:58 | INFO     |     学习率: 0.00010000
2025-07-21 11:07:58 | INFO     |   验证指标(标准CE):
2025-07-21 11:07:58 | INFO     |     损失: 0.516980
2025-07-21 11:07:58 | INFO     |     准确率: 0.824825
2025-07-21 11:07:58 | INFO     |     F1(macro): 0.821916
2025-07-21 11:07:58 | INFO     |     F1(weighted): 0.825336
2025-07-21 11:07:58 | INFO     |     精确率: 0.837550
2025-07-21 11:07:58 | INFO     |     召回率: 0.820736
2025-07-21 11:07:58 | INFO     |   学习率调度器: f1_based
2025-07-21 11:07:58 | INFO     | ------------------------------------------------------------
2025-07-21 11:07:58 | INFO     | Epoch  24 | Train: Loss=0.2431, Acc=0.8961 | Val: Loss=0.5170, Acc=0.8248, F1=0.8253 | LR=0.000100 
2025-07-21 11:09:11 | INFO     | Epoch 25:
2025-07-21 11:09:11 | INFO     |   训练指标:
2025-07-21 11:09:11 | INFO     |     损失(ce): 0.245044
2025-07-21 11:09:11 | INFO     |     准确率: 0.895896
2025-07-21 11:09:11 | INFO     |     学习率: 0.00010000
2025-07-21 11:09:11 | INFO     |   验证指标(标准CE):
2025-07-21 11:09:11 | INFO     |     损失: 0.468500
2025-07-21 11:09:11 | INFO     |     准确率: 0.833834
2025-07-21 11:09:11 | INFO     |     F1(macro): 0.833702
2025-07-21 11:09:11 | INFO     |     F1(weighted): 0.836222
2025-07-21 11:09:11 | INFO     |     精确率: 0.838320
2025-07-21 11:09:11 | INFO     |     召回率: 0.832692
2025-07-21 11:09:11 | INFO     |   学习率调度器: f1_based
2025-07-21 11:09:11 | INFO     | ------------------------------------------------------------
2025-07-21 11:09:11 | INFO     | Epoch  25 | Train: Loss=0.2450, Acc=0.8959 | Val: Loss=0.4685, Acc=0.8338, F1=0.8362 | LR=0.000100 
2025-07-21 11:10:48 | INFO     | Epoch 26:
2025-07-21 11:10:48 | INFO     |   训练指标:
2025-07-21 11:10:48 | INFO     |     损失(ce): 0.238446
2025-07-21 11:10:48 | INFO     |     准确率: 0.894645
2025-07-21 11:10:48 | INFO     |     学习率: 0.00010000
2025-07-21 11:10:48 | INFO     |   验证指标(标准CE):
2025-07-21 11:10:48 | INFO     |     损失: 0.458528
2025-07-21 11:10:48 | INFO     |     准确率: 0.837838
2025-07-21 11:10:48 | INFO     |     F1(macro): 0.835007
2025-07-21 11:10:48 | INFO     |     F1(weighted): 0.836478
2025-07-21 11:10:48 | INFO     |     精确率: 0.841016
2025-07-21 11:10:48 | INFO     |     召回率: 0.837645
2025-07-21 11:10:48 | INFO     |   学习率调度器: f1_based
2025-07-21 11:10:48 | INFO     | ------------------------------------------------------------
2025-07-21 11:10:48 | INFO     | Epoch  26 | Train: Loss=0.2384, Acc=0.8946 | Val: Loss=0.4585, Acc=0.8378, F1=0.8365 | LR=0.000100 
2025-07-21 11:12:01 | INFO     | Epoch 27:
2025-07-21 11:12:01 | INFO     |   训练指标:
2025-07-21 11:12:01 | INFO     |     损失(ce): 0.228582
2025-07-21 11:12:01 | INFO     |     准确率: 0.898398
2025-07-21 11:12:01 | INFO     |     学习率: 0.00010000
2025-07-21 11:12:01 | INFO     |   验证指标(标准CE):
2025-07-21 11:12:01 | INFO     |     损失: 0.458232
2025-07-21 11:12:01 | INFO     |     准确率: 0.853854
2025-07-21 11:12:01 | INFO     |     F1(macro): 0.853489
2025-07-21 11:12:01 | INFO     |     F1(weighted): 0.854459
2025-07-21 11:12:01 | INFO     |     精确率: 0.854975
2025-07-21 11:12:01 | INFO     |     召回率: 0.853112
2025-07-21 11:12:01 | INFO     |   学习率调度器: f1_based
2025-07-21 11:12:01 | INFO     | ------------------------------------------------------------
2025-07-21 11:12:01 | INFO     | Epoch  27 | Train: Loss=0.2286, Acc=0.8984 | Val: Loss=0.4582, Acc=0.8539, F1=0.8545 | LR=0.000100 🏆 [最佳模型]
2025-07-21 11:13:14 | INFO     | Epoch 28:
2025-07-21 11:13:14 | INFO     |   训练指标:
2025-07-21 11:13:14 | INFO     |     损失(ce): 0.219344
2025-07-21 11:13:14 | INFO     |     准确率: 0.901652
2025-07-21 11:13:14 | INFO     |     学习率: 0.00010000
2025-07-21 11:13:14 | INFO     |   验证指标(标准CE):
2025-07-21 11:13:14 | INFO     |     损失: 0.447681
2025-07-21 11:13:14 | INFO     |     准确率: 0.844845
2025-07-21 11:13:14 | INFO     |     F1(macro): 0.843886
2025-07-21 11:13:14 | INFO     |     F1(weighted): 0.846117
2025-07-21 11:13:14 | INFO     |     精确率: 0.850003
2025-07-21 11:13:14 | INFO     |     召回率: 0.843415
2025-07-21 11:13:14 | INFO     |   学习率调度器: f1_based
2025-07-21 11:13:14 | INFO     | ------------------------------------------------------------
2025-07-21 11:13:14 | INFO     | Epoch  28 | Train: Loss=0.2193, Acc=0.9017 | Val: Loss=0.4477, Acc=0.8448, F1=0.8461 | LR=0.000100 
2025-07-21 11:14:06 | INFO     | Epoch 29:
2025-07-21 11:14:06 | INFO     |   训练指标:
2025-07-21 11:14:06 | INFO     |     损失(ce): 0.219040
2025-07-21 11:14:06 | INFO     |     准确率: 0.912162
2025-07-21 11:14:06 | INFO     |     学习率: 0.00010000
2025-07-21 11:14:06 | INFO     |   验证指标(标准CE):
2025-07-21 11:14:06 | INFO     |     损失: 0.542502
2025-07-21 11:14:06 | INFO     |     准确率: 0.833834
2025-07-21 11:14:06 | INFO     |     F1(macro): 0.829903
2025-07-21 11:14:06 | INFO     |     F1(weighted): 0.832934
2025-07-21 11:14:06 | INFO     |     精确率: 0.831554
2025-07-21 11:14:06 | INFO     |     召回率: 0.830845
2025-07-21 11:14:06 | INFO     |   学习率调度器: f1_based
2025-07-21 11:14:06 | INFO     | ------------------------------------------------------------
2025-07-21 11:14:06 | INFO     | Epoch  29 | Train: Loss=0.2190, Acc=0.9122 | Val: Loss=0.5425, Acc=0.8338, F1=0.8329 | LR=0.000100 
2025-07-21 11:14:58 | INFO     | Epoch 30:
2025-07-21 11:14:58 | INFO     |   训练指标:
2025-07-21 11:14:58 | INFO     |     损失(ce): 0.222958
2025-07-21 11:14:58 | INFO     |     准确率: 0.903904
2025-07-21 11:14:58 | INFO     |     学习率: 0.00010000
2025-07-21 11:14:58 | INFO     |   验证指标(标准CE):
2025-07-21 11:14:58 | INFO     |     损失: 0.452113
2025-07-21 11:14:58 | INFO     |     准确率: 0.850851
2025-07-21 11:14:58 | INFO     |     F1(macro): 0.847150
2025-07-21 11:14:58 | INFO     |     F1(weighted): 0.849601
2025-07-21 11:14:58 | INFO     |     精确率: 0.847103
2025-07-21 11:14:58 | INFO     |     召回率: 0.848961
2025-07-21 11:14:58 | INFO     |   学习率调度器: f1_based
2025-07-21 11:14:58 | INFO     | ------------------------------------------------------------
2025-07-21 11:14:58 | INFO     | Epoch  30 | Train: Loss=0.2230, Acc=0.9039 | Val: Loss=0.4521, Acc=0.8509, F1=0.8496 | LR=0.000100 
2025-07-21 11:16:00 | INFO     | Epoch 31:
2025-07-21 11:16:00 | INFO     |   训练指标:
2025-07-21 11:16:00 | INFO     |     损失(ce): 0.208815
2025-07-21 11:16:00 | INFO     |     准确率: 0.905656
2025-07-21 11:16:00 | INFO     |     学习率: 0.00010000
2025-07-21 11:16:00 | INFO     |   验证指标(标准CE):
2025-07-21 11:16:00 | INFO     |     损失: 0.476019
2025-07-21 11:16:00 | INFO     |     准确率: 0.847848
2025-07-21 11:16:00 | INFO     |     F1(macro): 0.842506
2025-07-21 11:16:00 | INFO     |     F1(weighted): 0.844212
2025-07-21 11:16:00 | INFO     |     精确率: 0.845067
2025-07-21 11:16:00 | INFO     |     召回率: 0.844682
2025-07-21 11:16:00 | INFO     |   学习率调度器: f1_based
2025-07-21 11:16:00 | INFO     | ------------------------------------------------------------
2025-07-21 11:16:00 | INFO     | Epoch  31 | Train: Loss=0.2088, Acc=0.9057 | Val: Loss=0.4760, Acc=0.8478, F1=0.8442 | LR=0.000100 
2025-07-21 11:17:13 | INFO     | Epoch 32:
2025-07-21 11:17:13 | INFO     |   训练指标:
2025-07-21 11:17:13 | INFO     |     损失(ce): 0.209695
2025-07-21 11:17:13 | INFO     |     准确率: 0.907407
2025-07-21 11:17:13 | INFO     |     学习率: 0.00010000
2025-07-21 11:17:13 | INFO     |   验证指标(标准CE):
2025-07-21 11:17:13 | INFO     |     损失: 0.456011
2025-07-21 11:17:13 | INFO     |     准确率: 0.843844
2025-07-21 11:17:13 | INFO     |     F1(macro): 0.840337
2025-07-21 11:17:13 | INFO     |     F1(weighted): 0.843122
2025-07-21 11:17:13 | INFO     |     精确率: 0.845204
2025-07-21 11:17:13 | INFO     |     召回率: 0.841130
2025-07-21 11:17:13 | INFO     |   学习率调度器: f1_based
2025-07-21 11:17:13 | INFO     | ------------------------------------------------------------
2025-07-21 11:17:13 | INFO     | Epoch  32 | Train: Loss=0.2097, Acc=0.9074 | Val: Loss=0.4560, Acc=0.8438, F1=0.8431 | LR=0.000100 
2025-07-21 11:18:26 | INFO     | Epoch 33:
2025-07-21 11:18:26 | INFO     |   训练指标:
2025-07-21 11:18:26 | INFO     |     损失(ce): 0.199899
2025-07-21 11:18:26 | INFO     |     准确率: 0.905155
2025-07-21 11:18:26 | INFO     |     学习率: 0.00010000
2025-07-21 11:18:26 | INFO     |   验证指标(标准CE):
2025-07-21 11:18:26 | INFO     |     损失: 0.530071
2025-07-21 11:18:26 | INFO     |     准确率: 0.835836
2025-07-21 11:18:26 | INFO     |     F1(macro): 0.830930
2025-07-21 11:18:26 | INFO     |     F1(weighted): 0.834246
2025-07-21 11:18:26 | INFO     |     精确率: 0.832809
2025-07-21 11:18:26 | INFO     |     召回率: 0.832578
2025-07-21 11:18:26 | INFO     |   学习率调度器: f1_based
2025-07-21 11:18:26 | INFO     | ------------------------------------------------------------
2025-07-21 11:18:26 | INFO     | 🎯 学习率调整事件:
2025-07-21 11:18:26 | INFO     |   调度器类型: f1_based
2025-07-21 11:18:26 | INFO     |   学习率变化: 0.00010000 → 0.00005000
2025-07-21 11:18:26 | INFO     |   触发条件: F1分数 = 0.834246
2025-07-21 11:18:26 | INFO     |   变化幅度: -50.00%
2025-07-21 11:18:26 | INFO     | ------------------------------------------------------------
2025-07-21 11:18:26 | INFO     | Epoch  33 | Train: Loss=0.1999, Acc=0.9052 | Val: Loss=0.5301, Acc=0.8358, F1=0.8342 | LR=0.000050 
2025-07-21 11:19:18 | INFO     | Epoch 34:
2025-07-21 11:19:18 | INFO     |   训练指标:
2025-07-21 11:19:18 | INFO     |     损失(ce): 0.157492
2025-07-21 11:19:18 | INFO     |     准确率: 0.924925
2025-07-21 11:19:18 | INFO     |     学习率: 0.00005000
2025-07-21 11:19:18 | INFO     |   验证指标(标准CE):
2025-07-21 11:19:18 | INFO     |     损失: 0.465916
2025-07-21 11:19:18 | INFO     |     准确率: 0.854855
2025-07-21 11:19:18 | INFO     |     F1(macro): 0.849518
2025-07-21 11:19:18 | INFO     |     F1(weighted): 0.852622
2025-07-21 11:19:18 | INFO     |     精确率: 0.850610
2025-07-21 11:19:18 | INFO     |     召回率: 0.854534
2025-07-21 11:19:18 | INFO     |   学习率调度器: f1_based
2025-07-21 11:19:18 | INFO     | ------------------------------------------------------------
2025-07-21 11:19:18 | INFO     | Epoch  34 | Train: Loss=0.1575, Acc=0.9249 | Val: Loss=0.4659, Acc=0.8549, F1=0.8526 | LR=0.000050 
2025-07-21 11:20:10 | INFO     | Epoch 35:
2025-07-21 11:20:10 | INFO     |   训练指标:
2025-07-21 11:20:10 | INFO     |     损失(ce): 0.144261
2025-07-21 11:20:10 | INFO     |     准确率: 0.926677
2025-07-21 11:20:10 | INFO     |     学习率: 0.00005000
2025-07-21 11:20:10 | INFO     |   验证指标(标准CE):
2025-07-21 11:20:10 | INFO     |     损失: 0.515505
2025-07-21 11:20:10 | INFO     |     准确率: 0.853854
2025-07-21 11:20:10 | INFO     |     F1(macro): 0.850367
2025-07-21 11:20:10 | INFO     |     F1(weighted): 0.852249
2025-07-21 11:20:10 | INFO     |     精确率: 0.851815
2025-07-21 11:20:10 | INFO     |     召回率: 0.854173
2025-07-21 11:20:10 | INFO     |   学习率调度器: f1_based
2025-07-21 11:20:10 | INFO     | ------------------------------------------------------------
2025-07-21 11:20:10 | INFO     | Epoch  35 | Train: Loss=0.1443, Acc=0.9267 | Val: Loss=0.5155, Acc=0.8539, F1=0.8522 | LR=0.000050 
2025-07-21 11:21:02 | INFO     | Epoch 36:
2025-07-21 11:21:02 | INFO     |   训练指标:
2025-07-21 11:21:02 | INFO     |     损失(ce): 0.142282
2025-07-21 11:21:02 | INFO     |     准确率: 0.928428
2025-07-21 11:21:02 | INFO     |     学习率: 0.00005000
2025-07-21 11:21:02 | INFO     |   验证指标(标准CE):
2025-07-21 11:21:02 | INFO     |     损失: 0.516283
2025-07-21 11:21:02 | INFO     |     准确率: 0.844845
2025-07-21 11:21:02 | INFO     |     F1(macro): 0.841175
2025-07-21 11:21:02 | INFO     |     F1(weighted): 0.844013
2025-07-21 11:21:02 | INFO     |     精确率: 0.842134
2025-07-21 11:21:02 | INFO     |     召回率: 0.844272
2025-07-21 11:21:02 | INFO     |   学习率调度器: f1_based
2025-07-21 11:21:02 | INFO     | ------------------------------------------------------------
2025-07-21 11:21:02 | INFO     | Epoch  36 | Train: Loss=0.1423, Acc=0.9284 | Val: Loss=0.5163, Acc=0.8448, F1=0.8440 | LR=0.000050 
2025-07-21 11:21:54 | INFO     | Epoch 37:
2025-07-21 11:21:54 | INFO     |   训练指标:
2025-07-21 11:21:54 | INFO     |     损失(ce): 0.143203
2025-07-21 11:21:54 | INFO     |     准确率: 0.932182
2025-07-21 11:21:54 | INFO     |     学习率: 0.00005000
2025-07-21 11:21:54 | INFO     |   验证指标(标准CE):
2025-07-21 11:21:54 | INFO     |     损失: 0.483150
2025-07-21 11:21:54 | INFO     |     准确率: 0.858859
2025-07-21 11:21:54 | INFO     |     F1(macro): 0.857404
2025-07-21 11:21:54 | INFO     |     F1(weighted): 0.859434
2025-07-21 11:21:54 | INFO     |     精确率: 0.857914
2025-07-21 11:21:54 | INFO     |     召回率: 0.857695
2025-07-21 11:21:54 | INFO     |   学习率调度器: f1_based
2025-07-21 11:21:54 | INFO     | ------------------------------------------------------------
2025-07-21 11:21:54 | INFO     | Epoch  37 | Train: Loss=0.1432, Acc=0.9322 | Val: Loss=0.4832, Acc=0.8589, F1=0.8594 | LR=0.000050 🏆 [最佳模型]
2025-07-21 11:22:47 | INFO     | Epoch 38:
2025-07-21 11:22:47 | INFO     |   训练指标:
2025-07-21 11:22:47 | INFO     |     损失(ce): 0.144498
2025-07-21 11:22:47 | INFO     |     准确率: 0.932182
2025-07-21 11:22:47 | INFO     |     学习率: 0.00005000
2025-07-21 11:22:47 | INFO     |   验证指标(标准CE):
2025-07-21 11:22:47 | INFO     |     损失: 0.537459
2025-07-21 11:22:47 | INFO     |     准确率: 0.852853
2025-07-21 11:22:47 | INFO     |     F1(macro): 0.846937
2025-07-21 11:22:47 | INFO     |     F1(weighted): 0.849728
2025-07-21 11:22:47 | INFO     |     精确率: 0.850310
2025-07-21 11:22:47 | INFO     |     召回率: 0.848439
2025-07-21 11:22:47 | INFO     |   学习率调度器: f1_based
2025-07-21 11:22:47 | INFO     | ------------------------------------------------------------
2025-07-21 11:22:47 | INFO     | Epoch  38 | Train: Loss=0.1445, Acc=0.9322 | Val: Loss=0.5375, Acc=0.8529, F1=0.8497 | LR=0.000050 
2025-07-21 11:23:39 | INFO     | Epoch 39:
2025-07-21 11:23:39 | INFO     |   训练指标:
2025-07-21 11:23:39 | INFO     |     损失(ce): 0.137496
2025-07-21 11:23:39 | INFO     |     准确率: 0.931431
2025-07-21 11:23:39 | INFO     |     学习率: 0.00005000
2025-07-21 11:23:39 | INFO     |   验证指标(标准CE):
2025-07-21 11:23:39 | INFO     |     损失: 0.560543
2025-07-21 11:23:39 | INFO     |     准确率: 0.846847
2025-07-21 11:23:39 | INFO     |     F1(macro): 0.844227
2025-07-21 11:23:39 | INFO     |     F1(weighted): 0.845477
2025-07-21 11:23:39 | INFO     |     精确率: 0.842939
2025-07-21 11:23:39 | INFO     |     召回率: 0.847536
2025-07-21 11:23:39 | INFO     |   学习率调度器: f1_based
2025-07-21 11:23:39 | INFO     | ------------------------------------------------------------
2025-07-21 11:23:39 | INFO     | Epoch  39 | Train: Loss=0.1375, Acc=0.9314 | Val: Loss=0.5605, Acc=0.8468, F1=0.8455 | LR=0.000050 
2025-07-21 11:24:31 | INFO     | Epoch 40:
2025-07-21 11:24:31 | INFO     |   训练指标:
2025-07-21 11:24:31 | INFO     |     损失(ce): 0.132782
2025-07-21 11:24:31 | INFO     |     准确率: 0.930681
2025-07-21 11:24:31 | INFO     |     学习率: 0.00005000
2025-07-21 11:24:31 | INFO     |   验证指标(标准CE):
2025-07-21 11:24:31 | INFO     |     损失: 0.543191
2025-07-21 11:24:31 | INFO     |     准确率: 0.847848
2025-07-21 11:24:31 | INFO     |     F1(macro): 0.845678
2025-07-21 11:24:31 | INFO     |     F1(weighted): 0.848504
2025-07-21 11:24:31 | INFO     |     精确率: 0.847335
2025-07-21 11:24:31 | INFO     |     召回率: 0.847935
2025-07-21 11:24:31 | INFO     |   学习率调度器: f1_based
2025-07-21 11:24:31 | INFO     | ------------------------------------------------------------
2025-07-21 11:24:31 | INFO     | Epoch  40 | Train: Loss=0.1328, Acc=0.9307 | Val: Loss=0.5432, Acc=0.8478, F1=0.8485 | LR=0.000050 
2025-07-21 11:25:23 | INFO     | Epoch 41:
2025-07-21 11:25:23 | INFO     |   训练指标:
2025-07-21 11:25:23 | INFO     |     损失(ce): 0.142707
2025-07-21 11:25:23 | INFO     |     准确率: 0.929680
2025-07-21 11:25:23 | INFO     |     学习率: 0.00005000
2025-07-21 11:25:23 | INFO     |   验证指标(标准CE):
2025-07-21 11:25:23 | INFO     |     损失: 0.514365
2025-07-21 11:25:23 | INFO     |     准确率: 0.853854
2025-07-21 11:25:23 | INFO     |     F1(macro): 0.850740
2025-07-21 11:25:23 | INFO     |     F1(weighted): 0.852375
2025-07-21 11:25:23 | INFO     |     精确率: 0.851443
2025-07-21 11:25:23 | INFO     |     召回率: 0.852068
2025-07-21 11:25:23 | INFO     |   学习率调度器: f1_based
2025-07-21 11:25:23 | INFO     | ------------------------------------------------------------
2025-07-21 11:25:23 | INFO     | Epoch  41 | Train: Loss=0.1427, Acc=0.9297 | Val: Loss=0.5144, Acc=0.8539, F1=0.8524 | LR=0.000050 
2025-07-21 11:26:26 | INFO     | Epoch 42:
2025-07-21 11:26:26 | INFO     |   训练指标:
2025-07-21 11:26:26 | INFO     |     损失(ce): 0.124659
2025-07-21 11:26:26 | INFO     |     准确率: 0.933433
2025-07-21 11:26:26 | INFO     |     学习率: 0.00005000
2025-07-21 11:26:26 | INFO     |   验证指标(标准CE):
2025-07-21 11:26:26 | INFO     |     损失: 0.553009
2025-07-21 11:26:26 | INFO     |     准确率: 0.849850
2025-07-21 11:26:26 | INFO     |     F1(macro): 0.849570
2025-07-21 11:26:26 | INFO     |     F1(weighted): 0.850870
2025-07-21 11:26:26 | INFO     |     精确率: 0.857004
2025-07-21 11:26:26 | INFO     |     召回率: 0.848879
2025-07-21 11:26:26 | INFO     |   学习率调度器: f1_based
2025-07-21 11:26:26 | INFO     | ------------------------------------------------------------
2025-07-21 11:26:26 | INFO     | Epoch  42 | Train: Loss=0.1247, Acc=0.9334 | Val: Loss=0.5530, Acc=0.8498, F1=0.8509 | LR=0.000050 
2025-07-21 11:27:18 | INFO     | Epoch 43:
2025-07-21 11:27:18 | INFO     |   训练指标:
2025-07-21 11:27:18 | INFO     |     损失(ce): 0.135169
2025-07-21 11:27:18 | INFO     |     准确率: 0.930931
2025-07-21 11:27:18 | INFO     |     学习率: 0.00005000
2025-07-21 11:27:18 | INFO     |   验证指标(标准CE):
2025-07-21 11:27:18 | INFO     |     损失: 0.551427
2025-07-21 11:27:18 | INFO     |     准确率: 0.863864
2025-07-21 11:27:18 | INFO     |     F1(macro): 0.862270
2025-07-21 11:27:18 | INFO     |     F1(weighted): 0.864380
2025-07-21 11:27:18 | INFO     |     精确率: 0.864556
2025-07-21 11:27:18 | INFO     |     召回率: 0.862621
2025-07-21 11:27:18 | INFO     |   学习率调度器: f1_based
2025-07-21 11:27:18 | INFO     | ------------------------------------------------------------
2025-07-21 11:27:18 | INFO     | Epoch  43 | Train: Loss=0.1352, Acc=0.9309 | Val: Loss=0.5514, Acc=0.8639, F1=0.8644 | LR=0.000050 🏆 [最佳模型]
2025-07-21 11:28:10 | INFO     | Epoch 44:
2025-07-21 11:28:10 | INFO     |   训练指标:
2025-07-21 11:28:10 | INFO     |     损失(ce): 0.131466
2025-07-21 11:28:10 | INFO     |     准确率: 0.934685
2025-07-21 11:28:10 | INFO     |     学习率: 0.00005000
2025-07-21 11:28:10 | INFO     |   验证指标(标准CE):
2025-07-21 11:28:10 | INFO     |     损失: 0.523166
2025-07-21 11:28:10 | INFO     |     准确率: 0.839840
2025-07-21 11:28:10 | INFO     |     F1(macro): 0.836125
2025-07-21 11:28:10 | INFO     |     F1(weighted): 0.838662
2025-07-21 11:28:10 | INFO     |     精确率: 0.835709
2025-07-21 11:28:10 | INFO     |     召回率: 0.838232
2025-07-21 11:28:10 | INFO     |   学习率调度器: f1_based
2025-07-21 11:28:10 | INFO     | ------------------------------------------------------------
2025-07-21 11:28:10 | INFO     | Epoch  44 | Train: Loss=0.1315, Acc=0.9347 | Val: Loss=0.5232, Acc=0.8398, F1=0.8387 | LR=0.000050 
2025-07-21 11:29:03 | INFO     | Epoch 45:
2025-07-21 11:29:03 | INFO     |   训练指标:
2025-07-21 11:29:03 | INFO     |     损失(ce): 0.127955
2025-07-21 11:29:03 | INFO     |     准确率: 0.935936
2025-07-21 11:29:03 | INFO     |     学习率: 0.00005000
2025-07-21 11:29:03 | INFO     |   验证指标(标准CE):
2025-07-21 11:29:03 | INFO     |     损失: 0.574203
2025-07-21 11:29:03 | INFO     |     准确率: 0.843844
2025-07-21 11:29:03 | INFO     |     F1(macro): 0.842701
2025-07-21 11:29:03 | INFO     |     F1(weighted): 0.844902
2025-07-21 11:29:03 | INFO     |     精确率: 0.846496
2025-07-21 11:29:03 | INFO     |     召回率: 0.844363
2025-07-21 11:29:03 | INFO     |   学习率调度器: f1_based
2025-07-21 11:29:03 | INFO     | ------------------------------------------------------------
2025-07-21 11:29:03 | INFO     | Epoch  45 | Train: Loss=0.1280, Acc=0.9359 | Val: Loss=0.5742, Acc=0.8438, F1=0.8449 | LR=0.000050 
2025-07-21 11:29:55 | INFO     | Epoch 46:
2025-07-21 11:29:55 | INFO     |   训练指标:
2025-07-21 11:29:55 | INFO     |     损失(ce): 0.128005
2025-07-21 11:29:55 | INFO     |     准确率: 0.936687
2025-07-21 11:29:55 | INFO     |     学习率: 0.00005000
2025-07-21 11:29:55 | INFO     |   验证指标(标准CE):
2025-07-21 11:29:55 | INFO     |     损失: 0.603742
2025-07-21 11:29:55 | INFO     |     准确率: 0.837838
2025-07-21 11:29:55 | INFO     |     F1(macro): 0.835439
2025-07-21 11:29:55 | INFO     |     F1(weighted): 0.837657
2025-07-21 11:29:55 | INFO     |     精确率: 0.841136
2025-07-21 11:29:55 | INFO     |     召回率: 0.835151
2025-07-21 11:29:55 | INFO     |   学习率调度器: f1_based
2025-07-21 11:29:55 | INFO     | ------------------------------------------------------------
2025-07-21 11:29:55 | INFO     | Epoch  46 | Train: Loss=0.1280, Acc=0.9367 | Val: Loss=0.6037, Acc=0.8378, F1=0.8377 | LR=0.000050 
2025-07-21 11:30:47 | INFO     | Epoch 47:
2025-07-21 11:30:47 | INFO     |   训练指标:
2025-07-21 11:30:47 | INFO     |     损失(ce): 0.133065
2025-07-21 11:30:47 | INFO     |     准确率: 0.937688
2025-07-21 11:30:47 | INFO     |     学习率: 0.00005000
2025-07-21 11:30:47 | INFO     |   验证指标(标准CE):
2025-07-21 11:30:47 | INFO     |     损失: 0.585076
2025-07-21 11:30:47 | INFO     |     准确率: 0.851852
2025-07-21 11:30:47 | INFO     |     F1(macro): 0.851749
2025-07-21 11:30:47 | INFO     |     F1(weighted): 0.854239
2025-07-21 11:30:47 | INFO     |     精确率: 0.855068
2025-07-21 11:30:47 | INFO     |     召回率: 0.850305
2025-07-21 11:30:47 | INFO     |   学习率调度器: f1_based
2025-07-21 11:30:47 | INFO     | ------------------------------------------------------------
2025-07-21 11:30:47 | INFO     | Epoch  47 | Train: Loss=0.1331, Acc=0.9377 | Val: Loss=0.5851, Acc=0.8519, F1=0.8542 | LR=0.000050 
2025-07-21 11:31:39 | INFO     | Epoch 48:
2025-07-21 11:31:39 | INFO     |   训练指标:
2025-07-21 11:31:39 | INFO     |     损失(ce): 0.124546
2025-07-21 11:31:39 | INFO     |     准确率: 0.935936
2025-07-21 11:31:39 | INFO     |     学习率: 0.00005000
2025-07-21 11:31:39 | INFO     |   验证指标(标准CE):
2025-07-21 11:31:39 | INFO     |     损失: 0.593982
2025-07-21 11:31:39 | INFO     |     准确率: 0.851852
2025-07-21 11:31:39 | INFO     |     F1(macro): 0.850617
2025-07-21 11:31:39 | INFO     |     F1(weighted): 0.852949
2025-07-21 11:31:39 | INFO     |     精确率: 0.852328
2025-07-21 11:31:39 | INFO     |     召回率: 0.852066
2025-07-21 11:31:39 | INFO     |   学习率调度器: f1_based
2025-07-21 11:31:39 | INFO     | ------------------------------------------------------------
2025-07-21 11:31:39 | INFO     | Epoch  48 | Train: Loss=0.1245, Acc=0.9359 | Val: Loss=0.5940, Acc=0.8519, F1=0.8529 | LR=0.000050 
2025-07-21 11:32:31 | INFO     | Epoch 49:
2025-07-21 11:32:31 | INFO     |   训练指标:
2025-07-21 11:32:31 | INFO     |     损失(ce): 0.123459
2025-07-21 11:32:31 | INFO     |     准确率: 0.938689
2025-07-21 11:32:31 | INFO     |     学习率: 0.00005000
2025-07-21 11:32:31 | INFO     |   验证指标(标准CE):
2025-07-21 11:32:31 | INFO     |     损失: 0.541768
2025-07-21 11:32:31 | INFO     |     准确率: 0.847848
2025-07-21 11:32:31 | INFO     |     F1(macro): 0.847492
2025-07-21 11:32:31 | INFO     |     F1(weighted): 0.849402
2025-07-21 11:32:31 | INFO     |     精确率: 0.850543
2025-07-21 11:32:31 | INFO     |     召回率: 0.846303
2025-07-21 11:32:31 | INFO     |   学习率调度器: f1_based
2025-07-21 11:32:31 | INFO     | ------------------------------------------------------------
2025-07-21 11:32:31 | INFO     | 🎯 学习率调整事件:
2025-07-21 11:32:31 | INFO     |   调度器类型: f1_based
2025-07-21 11:32:31 | INFO     |   学习率变化: 0.00005000 → 0.00002500
2025-07-21 11:32:31 | INFO     |   触发条件: F1分数 = 0.849402
2025-07-21 11:32:31 | INFO     |   变化幅度: -50.00%
2025-07-21 11:32:31 | INFO     | ------------------------------------------------------------
2025-07-21 11:32:31 | INFO     | Epoch  49 | Train: Loss=0.1235, Acc=0.9387 | Val: Loss=0.5418, Acc=0.8478, F1=0.8494 | LR=0.000025 
2025-07-21 11:33:23 | INFO     | Epoch 50:
2025-07-21 11:33:23 | INFO     |   训练指标:
2025-07-21 11:33:23 | INFO     |     损失(ce): 0.105278
2025-07-21 11:33:23 | INFO     |     准确率: 0.945445
2025-07-21 11:33:23 | INFO     |     学习率: 0.00002500
2025-07-21 11:33:23 | INFO     |   验证指标(标准CE):
2025-07-21 11:33:23 | INFO     |     损失: 0.592719
2025-07-21 11:33:23 | INFO     |     准确率: 0.854855
2025-07-21 11:33:23 | INFO     |     F1(macro): 0.853660
2025-07-21 11:33:23 | INFO     |     F1(weighted): 0.855616
2025-07-21 11:33:23 | INFO     |     精确率: 0.854737
2025-07-21 11:33:23 | INFO     |     召回率: 0.854163
2025-07-21 11:33:23 | INFO     |   学习率调度器: f1_based
2025-07-21 11:33:23 | INFO     | ------------------------------------------------------------
2025-07-21 11:33:23 | INFO     | Epoch  50 | Train: Loss=0.1053, Acc=0.9454 | Val: Loss=0.5927, Acc=0.8549, F1=0.8556 | LR=0.000025 
2025-07-21 11:34:16 | INFO     | Epoch 51:
2025-07-21 11:34:16 | INFO     |   训练指标:
2025-07-21 11:34:16 | INFO     |     损失(ce): 0.102629
2025-07-21 11:34:16 | INFO     |     准确率: 0.948198
2025-07-21 11:34:16 | INFO     |     学习率: 0.00002500
2025-07-21 11:34:16 | INFO     |   验证指标(标准CE):
2025-07-21 11:34:16 | INFO     |     损失: 0.588422
2025-07-21 11:34:16 | INFO     |     准确率: 0.853854
2025-07-21 11:34:16 | INFO     |     F1(macro): 0.853307
2025-07-21 11:34:16 | INFO     |     F1(weighted): 0.855189
2025-07-21 11:34:16 | INFO     |     精确率: 0.855789
2025-07-21 11:34:16 | INFO     |     召回率: 0.852338
2025-07-21 11:34:16 | INFO     |   学习率调度器: f1_based
2025-07-21 11:34:16 | INFO     | ------------------------------------------------------------
2025-07-21 11:34:16 | INFO     | Epoch  51 | Train: Loss=0.1026, Acc=0.9482 | Val: Loss=0.5884, Acc=0.8539, F1=0.8552 | LR=0.000025 
2025-07-21 11:35:08 | INFO     | Epoch 52:
2025-07-21 11:35:08 | INFO     |   训练指标:
2025-07-21 11:35:08 | INFO     |     损失(ce): 0.101835
2025-07-21 11:35:08 | INFO     |     准确率: 0.947948
2025-07-21 11:35:08 | INFO     |     学习率: 0.00002500
2025-07-21 11:35:08 | INFO     |   验证指标(标准CE):
2025-07-21 11:35:08 | INFO     |     损失: 0.598282
2025-07-21 11:35:08 | INFO     |     准确率: 0.850851
2025-07-21 11:35:08 | INFO     |     F1(macro): 0.847317
2025-07-21 11:35:08 | INFO     |     F1(weighted): 0.849845
2025-07-21 11:35:08 | INFO     |     精确率: 0.846712
2025-07-21 11:35:08 | INFO     |     召回率: 0.849970
2025-07-21 11:35:08 | INFO     |   学习率调度器: f1_based
2025-07-21 11:35:08 | INFO     | ------------------------------------------------------------
2025-07-21 11:35:08 | INFO     | Epoch  52 | Train: Loss=0.1018, Acc=0.9479 | Val: Loss=0.5983, Acc=0.8509, F1=0.8498 | LR=0.000025 
2025-07-21 11:36:00 | INFO     | Epoch 53:
2025-07-21 11:36:00 | INFO     |   训练指标:
2025-07-21 11:36:00 | INFO     |     损失(ce): 0.097437
2025-07-21 11:36:00 | INFO     |     准确率: 0.947698
2025-07-21 11:36:00 | INFO     |     学习率: 0.00002500
2025-07-21 11:36:00 | INFO     |   验证指标(标准CE):
2025-07-21 11:36:00 | INFO     |     损失: 0.599094
2025-07-21 11:36:00 | INFO     |     准确率: 0.847848
2025-07-21 11:36:00 | INFO     |     F1(macro): 0.845198
2025-07-21 11:36:00 | INFO     |     F1(weighted): 0.847830
2025-07-21 11:36:00 | INFO     |     精确率: 0.845469
2025-07-21 11:36:00 | INFO     |     召回率: 0.845886
2025-07-21 11:36:00 | INFO     |   学习率调度器: f1_based
2025-07-21 11:36:00 | INFO     | ------------------------------------------------------------
2025-07-21 11:36:00 | INFO     | Epoch  53 | Train: Loss=0.0974, Acc=0.9477 | Val: Loss=0.5991, Acc=0.8478, F1=0.8478 | LR=0.000025 
2025-07-21 11:36:52 | INFO     | Epoch 54:
2025-07-21 11:36:52 | INFO     |   训练指标:
2025-07-21 11:36:52 | INFO     |     损失(ce): 0.095182
2025-07-21 11:36:52 | INFO     |     准确率: 0.951702
2025-07-21 11:36:52 | INFO     |     学习率: 0.00002500
2025-07-21 11:36:52 | INFO     |   验证指标(标准CE):
2025-07-21 11:36:52 | INFO     |     损失: 0.614617
2025-07-21 11:36:52 | INFO     |     准确率: 0.852853
2025-07-21 11:36:52 | INFO     |     F1(macro): 0.851668
2025-07-21 11:36:52 | INFO     |     F1(weighted): 0.853583
2025-07-21 11:36:52 | INFO     |     精确率: 0.854374
2025-07-21 11:36:52 | INFO     |     召回率: 0.852393
2025-07-21 11:36:52 | INFO     |   学习率调度器: f1_based
2025-07-21 11:36:52 | INFO     | ------------------------------------------------------------
2025-07-21 11:36:52 | INFO     | Epoch  54 | Train: Loss=0.0952, Acc=0.9517 | Val: Loss=0.6146, Acc=0.8529, F1=0.8536 | LR=0.000025 
2025-07-21 11:37:44 | INFO     | Epoch 55:
2025-07-21 11:37:44 | INFO     |   训练指标:
2025-07-21 11:37:44 | INFO     |     损失(ce): 0.095411
2025-07-21 11:37:44 | INFO     |     准确率: 0.949950
2025-07-21 11:37:44 | INFO     |     学习率: 0.00002500
2025-07-21 11:37:44 | INFO     |   验证指标(标准CE):
2025-07-21 11:37:44 | INFO     |     损失: 0.612479
2025-07-21 11:37:44 | INFO     |     准确率: 0.852853
2025-07-21 11:37:44 | INFO     |     F1(macro): 0.852494
2025-07-21 11:37:44 | INFO     |     F1(weighted): 0.854495
2025-07-21 11:37:44 | INFO     |     精确率: 0.855672
2025-07-21 11:37:44 | INFO     |     召回率: 0.851234
2025-07-21 11:37:44 | INFO     |   学习率调度器: f1_based
2025-07-21 11:37:44 | INFO     | ------------------------------------------------------------
2025-07-21 11:37:44 | INFO     | Epoch  55 | Train: Loss=0.0954, Acc=0.9499 | Val: Loss=0.6125, Acc=0.8529, F1=0.8545 | LR=0.000025 
2025-07-21 11:38:36 | INFO     | Epoch 56:
2025-07-21 11:38:36 | INFO     |   训练指标:
2025-07-21 11:38:36 | INFO     |     损失(ce): 0.099184
2025-07-21 11:38:36 | INFO     |     准确率: 0.947447
2025-07-21 11:38:36 | INFO     |     学习率: 0.00002500
2025-07-21 11:38:36 | INFO     |   验证指标(标准CE):
2025-07-21 11:38:36 | INFO     |     损失: 0.636023
2025-07-21 11:38:36 | INFO     |     准确率: 0.848849
2025-07-21 11:38:36 | INFO     |     F1(macro): 0.845369
2025-07-21 11:38:36 | INFO     |     F1(weighted): 0.847761
2025-07-21 11:38:36 | INFO     |     精确率: 0.844894
2025-07-21 11:38:36 | INFO     |     召回率: 0.848594
2025-07-21 11:38:36 | INFO     |   学习率调度器: f1_based
2025-07-21 11:38:36 | INFO     | ------------------------------------------------------------
2025-07-21 11:38:36 | INFO     | Epoch  56 | Train: Loss=0.0992, Acc=0.9474 | Val: Loss=0.6360, Acc=0.8488, F1=0.8478 | LR=0.000025 
2025-07-21 11:39:29 | INFO     | Epoch 57:
2025-07-21 11:39:29 | INFO     |   训练指标:
2025-07-21 11:39:29 | INFO     |     损失(ce): 0.101964
2025-07-21 11:39:29 | INFO     |     准确率: 0.946196
2025-07-21 11:39:29 | INFO     |     学习率: 0.00002500
2025-07-21 11:39:29 | INFO     |   验证指标(标准CE):
2025-07-21 11:39:29 | INFO     |     损失: 0.623406
2025-07-21 11:39:29 | INFO     |     准确率: 0.849850
2025-07-21 11:39:29 | INFO     |     F1(macro): 0.848578
2025-07-21 11:39:29 | INFO     |     F1(weighted): 0.850308
2025-07-21 11:39:29 | INFO     |     精确率: 0.851254
2025-07-21 11:39:29 | INFO     |     召回率: 0.849752
2025-07-21 11:39:29 | INFO     |   学习率调度器: f1_based
2025-07-21 11:39:29 | INFO     | ------------------------------------------------------------
2025-07-21 11:39:29 | INFO     | 🎯 学习率调整事件:
2025-07-21 11:39:29 | INFO     |   调度器类型: f1_based
2025-07-21 11:39:29 | INFO     |   学习率变化: 0.00002500 → 0.00001250
2025-07-21 11:39:29 | INFO     |   触发条件: F1分数 = 0.850308
2025-07-21 11:39:29 | INFO     |   变化幅度: -50.00%
2025-07-21 11:39:29 | INFO     | ------------------------------------------------------------
2025-07-21 11:39:29 | INFO     | Epoch  57 | Train: Loss=0.1020, Acc=0.9462 | Val: Loss=0.6234, Acc=0.8498, F1=0.8503 | LR=0.000013 
2025-07-21 11:40:21 | INFO     | Epoch 58:
2025-07-21 11:40:21 | INFO     |   训练指标:
2025-07-21 11:40:21 | INFO     |     损失(ce): 0.083548
2025-07-21 11:40:21 | INFO     |     准确率: 0.954955
2025-07-21 11:40:21 | INFO     |     学习率: 0.00001250
2025-07-21 11:40:21 | INFO     |   验证指标(标准CE):
2025-07-21 11:40:21 | INFO     |     损失: 0.604954
2025-07-21 11:40:21 | INFO     |     准确率: 0.855856
2025-07-21 11:40:21 | INFO     |     F1(macro): 0.855629
2025-07-21 11:40:21 | INFO     |     F1(weighted): 0.857259
2025-07-21 11:40:21 | INFO     |     精确率: 0.859988
2025-07-21 11:40:21 | INFO     |     召回率: 0.855258
2025-07-21 11:40:21 | INFO     |   学习率调度器: f1_based
2025-07-21 11:40:21 | INFO     | ------------------------------------------------------------
2025-07-21 11:40:21 | INFO     | Epoch  58 | Train: Loss=0.0835, Acc=0.9550 | Val: Loss=0.6050, Acc=0.8559, F1=0.8573 | LR=0.000013 
2025-07-21 11:40:21 | INFO     | ⏹️ 早停触发，在第 58 轮停止训练
2025-07-21 11:40:24 | INFO     | 训练历史已保存到: ./result/0721_1038_DualGAF_DualGAFNet_dilated_enhanced_sl96_step96_fd128_extractor-dilated_gaf-adaptive_attention-channel_classifier-mlp_ablation-no_stat/training_history.csv
2025-07-21 11:40:24 | INFO     | 
====================================================================================================
2025-07-21 11:40:24 | INFO     | 🎉 训练完成总结:
2025-07-21 11:40:24 | INFO     |   训练损失函数: ce
2025-07-21 11:40:24 | INFO     |   验证损失函数: 标准交叉熵（遵循主流ML规范）
2025-07-21 11:40:24 | INFO     |   训练过程最佳验证准确率: 0.8639
2025-07-21 11:40:24 | INFO     |   训练过程最佳验证F1(macro): 0.8623
2025-07-21 11:40:24 | INFO     |   训练过程最佳验证F1(weighted): 0.8644
2025-07-21 11:40:24 | INFO     |   训练轮数: 58
2025-07-21 11:40:24 | INFO     | --------------------------------------------------
2025-07-21 11:40:24 | INFO     | 📊 最佳模型真实性能指标（基于标准交叉熵损失）:
2025-07-21 11:40:24 | INFO     |   验证损失(标准CE): 0.5514
2025-07-21 11:40:24 | INFO     |   验证准确率: 0.8639
2025-07-21 11:40:24 | INFO     |   验证F1(macro): 0.8623
2025-07-21 11:40:24 | INFO     |   验证F1(weighted): 0.8644
2025-07-21 11:40:24 | INFO     |   验证精确率: 0.8646
2025-07-21 11:40:24 | INFO     |   验证召回率: 0.8626
2025-07-21 11:40:24 | INFO     | ====================================================================================================
2025-07-21 11:40:26 | INFO     | ================================================================================
2025-07-21 11:40:26 | INFO     | 实验日志结束: DualGAF_DualGAFNet_dilated_enhanced_sl96_step96_fd128_extractor-dilated_gaf-adaptive_attention-channel_classifier-mlp_ablation-no_stat
2025-07-21 11:40:26 | INFO     | 结束时间: 2025-07-21 11:40:26
2025-07-21 11:40:26 | INFO     | ================================================================================
