2025-07-28 19:04:48 | INFO     | ================================================================================
2025-07-28 19:04:48 | INFO     | 实验日志开始: DualGAF_DualGAFNet_SDAHU通道压缩_sl96_step96_fd128_extractor-dilated_gaf-adaptive_attention-channel_classifier-mlp_stat-basic_fusion-concat
2025-07-28 19:04:48 | INFO     | 日志文件: ./result/0728_1904_DualGAF_DualGAFNet_SDAHU通道压缩_sl96_step96_fd128_extractor-dilated_gaf-adaptive_attention-channel_classifier-mlp_stat-basic_fusion-concat/training.log
2025-07-28 19:04:48 | INFO     | 开始时间: 2025-07-28 19:04:48
2025-07-28 19:04:48 | INFO     | ================================================================================
2025-07-28 19:04:48 | INFO     | ⚙️ 实验配置:
2025-07-28 19:04:48 | INFO     |    task_name: classification
2025-07-28 19:04:48 | INFO     |    is_training: 1
2025-07-28 19:04:48 | INFO     |    model_id: test
2025-07-28 19:04:48 | INFO     |    model: DualGAFNet
2025-07-28 19:04:48 | INFO     |    data: DualGAF
2025-07-28 19:04:48 | INFO     |    root_path: ./dataset/SAHU/direct_5_working
2025-07-28 19:04:48 | INFO     |    step: 96
2025-07-28 19:04:48 | INFO     |    checkpoints: ./checkpoints/
2025-07-28 19:04:48 | INFO     |    num_class: 9
2025-07-28 19:04:48 | INFO     |    result_path: ./result/
2025-07-28 19:04:48 | INFO     |    test_size: 0.2
2025-07-28 19:04:48 | INFO     |    rows: None
2025-07-28 19:04:48 | INFO     |    seq_len: 96
2025-07-28 19:04:48 | INFO     |    enc_in: 26
2025-07-28 19:04:48 | INFO     |    d_model: 512
2025-07-28 19:04:48 | INFO     |    n_heads: 8
2025-07-28 19:04:48 | INFO     |    e_layers: 2
2025-07-28 19:04:48 | INFO     |    d_layers: 1
2025-07-28 19:04:48 | INFO     |    d_ff: 2048
2025-07-28 19:04:48 | INFO     |    moving_avg: 25
2025-07-28 19:04:48 | INFO     |    factor: 1
2025-07-28 19:04:48 | INFO     |    distil: True
2025-07-28 19:04:48 | INFO     |    dropout: 0.1
2025-07-28 19:04:48 | INFO     |    embed: timeF
2025-07-28 19:04:48 | INFO     |    activation: gelu
2025-07-28 19:04:48 | INFO     |    use_norm: 1
2025-07-28 19:04:48 | INFO     |    gaf_method: summation
2025-07-28 19:04:48 | INFO     |    feature_dim: 128
2025-07-28 19:04:48 | INFO     |    data_type_method: uint8
2025-07-28 19:04:48 | INFO     |    use_attention: True
2025-07-28 19:04:48 | INFO     |    hidden_dim: 64
2025-07-28 19:04:48 | INFO     |    sample_size: 1000
2025-07-28 19:04:48 | INFO     |    cnn_dropout_rate: 0.3
2025-07-28 19:04:48 | INFO     |    cnn_use_batch_norm: True
2025-07-28 19:04:48 | INFO     |    channel_groups: None
2025-07-28 19:04:48 | INFO     |    hvac_groups: None
2025-07-28 19:04:48 | INFO     |    use_channel_compression: True
2025-07-28 19:04:48 | INFO     |    compression_strategy: signal_compression
2025-07-28 19:04:48 | INFO     |    compression_ratio: 0.7
2025-07-28 19:04:48 | INFO     |    compression_channels: 16
2025-07-28 19:04:48 | INFO     |    adaptive_compression_ratios: [0.5, 0.7, 0.8]
2025-07-28 19:04:48 | INFO     |    hvac_group_compression_ratios: None
2025-07-28 19:04:48 | INFO     |    extractor_type: dilated
2025-07-28 19:04:48 | INFO     |    fusion_type: adaptive
2025-07-28 19:04:48 | INFO     |    attention_type: channel
2025-07-28 19:04:48 | INFO     |    classifier_type: mlp
2025-07-28 19:04:48 | INFO     |    use_statistical_features: True
2025-07-28 19:04:48 | INFO     |    stat_type: basic
2025-07-28 19:04:48 | INFO     |    multimodal_fusion_strategy: concat
2025-07-28 19:04:48 | INFO     |    use_signal_level_stats: False
2025-07-28 19:04:48 | INFO     |    signal_stat_type: comprehensive
2025-07-28 19:04:48 | INFO     |    signal_stat_fusion_strategy: concat_project
2025-07-28 19:04:48 | INFO     |    signal_stat_feature_dim: 32
2025-07-28 19:04:48 | INFO     |    use_diff_branch: True
2025-07-28 19:04:48 | INFO     |    ablation_mode: none
2025-07-28 19:04:48 | INFO     |    backbone_type: resnet18
2025-07-28 19:04:48 | INFO     |    use_sum_branch: True
2025-07-28 19:04:48 | INFO     |    num_workers: 0
2025-07-28 19:04:48 | INFO     |    cuda_debug: False
2025-07-28 19:04:48 | INFO     |    gpu_memory_fraction: 0.9
2025-07-28 19:04:48 | INFO     |    safe_mode: True
2025-07-28 19:04:48 | INFO     |    drop_last_batch: True
2025-07-28 19:04:48 | INFO     |    itr: 1
2025-07-28 19:04:48 | INFO     |    train_epochs: 300
2025-07-28 19:04:48 | INFO     |    batch_size: 8
2025-07-28 19:04:48 | INFO     |    patience: 15
2025-07-28 19:04:48 | INFO     |    learning_rate: 0.0001
2025-07-28 19:04:48 | INFO     |    des: SDAHU通道压缩
2025-07-28 19:04:48 | INFO     |    loss: MSE
2025-07-28 19:04:48 | INFO     |    lradj: type1
2025-07-28 19:04:48 | INFO     |    lr_scheduler_type: f1_based
2025-07-28 19:04:48 | INFO     |    lr_loss_weight: 0.3
2025-07-28 19:04:48 | INFO     |    lr_f1_weight: 0.7
2025-07-28 19:04:48 | INFO     |    use_amp: False
2025-07-28 19:04:48 | INFO     |    gradient_accumulation_steps: 1
2025-07-28 19:04:48 | INFO     |    enable_auto_gradient_accumulation: True
2025-07-28 19:04:48 | INFO     |    loss_type: ce
2025-07-28 19:04:48 | INFO     |    label_smoothing: 0.1
2025-07-28 19:04:48 | INFO     |    focal_alpha: 1.0
2025-07-28 19:04:48 | INFO     |    focal_gamma: 2.0
2025-07-28 19:04:48 | INFO     |    confidence_penalty_beta: 0.1
2025-07-28 19:04:48 | INFO     |    use_timm_loss: True
2025-07-28 19:04:48 | INFO     |    adaptive_initial_smoothing: 0.2
2025-07-28 19:04:48 | INFO     |    adaptive_final_smoothing: 0.05
2025-07-28 19:04:48 | INFO     |    adaptive_decay_epochs: 30
2025-07-28 19:04:48 | INFO     |    enable_class_weights: False
2025-07-28 19:04:48 | INFO     |    class_weights: None
2025-07-28 19:04:48 | INFO     |    loss_preset: None
2025-07-28 19:04:48 | INFO     |    n_jobs: 1
2025-07-28 19:04:48 | INFO     |    use_multiprocessing: False
2025-07-28 19:04:48 | INFO     |    chunk_size: 800
2025-07-28 19:04:48 | INFO     |    disable_parallel: True
2025-07-28 19:04:48 | INFO     |    use_shared_memory: False
2025-07-28 19:04:48 | INFO     |    disable_shared_memory: False
2025-07-28 19:04:48 | INFO     |    use_gpu: True
2025-07-28 19:04:48 | INFO     |    gpu: 0
2025-07-28 19:04:48 | INFO     |    gpu_type: cuda
2025-07-28 19:04:48 | INFO     |    use_multi_gpu: False
2025-07-28 19:04:48 | INFO     |    devices: 0,1,2,3
2025-07-28 19:04:48 | INFO     |    device: cuda:0
2025-07-28 19:04:48 | INFO     |    feature_columns: ['CHWC_VLV', 'CHWC_VLV_DM', 'MA_TEMP', 'OA_CFM', 'OA_DMPR', 'OA_DMPR_DM', 'OA_TEMP', 'RA_CFM', 'RA_DMPR', 'RA_DMPR_DM', 'RA_TEMP', 'RF_CS', 'RF_SPD', 'RF_WAT', 'SA_CFM', 'SA_SP', 'SA_SPSPT', 'SA_TEMP', 'SF_CS', 'SF_SPD', 'SF_WAT', 'ZONE_TEMP_1', 'ZONE_TEMP_2', 'ZONE_TEMP_3', 'ZONE_TEMP_4', 'ZONE_TEMP_5']
2025-07-28 19:04:48 | INFO     | 🏗️ 模型信息:
2025-07-28 19:04:48 | INFO     |    模型类型: Model
2025-07-28 19:04:48 | INFO     |    总参数数量: 5,742,415
2025-07-28 19:04:48 | INFO     |    可训练参数: 5,742,415
2025-07-28 19:04:48 | INFO     |    模型大小估计: 21.91 MB
2025-07-28 19:04:48 | INFO     | 📊 数据集信息:
2025-07-28 19:04:48 | INFO     |    训练集大小: 3996
2025-07-28 19:04:48 | INFO     |    验证集大小: 999
2025-07-28 19:04:48 | INFO     | 
================================================================================
2025-07-28 19:04:48 | INFO     | 📋 损失函数使用策略（遵循主流机器学习规范）:
2025-07-28 19:04:48 | INFO     |    🎯 训练阶段: 使用 ce 损失函数
2025-07-28 19:04:48 | INFO     |       → 目的：优化模型参数，解决特定问题（类别不平衡、相似性等）
2025-07-28 19:04:48 | INFO     |    📊 验证阶段: 使用标准交叉熵损失函数
2025-07-28 19:04:48 | INFO     |       → 目的：客观评估模型性能，便于不同方法比较
2025-07-28 19:04:48 | INFO     |    📈 最终报告: 基于标准交叉熵损失的指标
2025-07-28 19:04:48 | INFO     |       → 目的：提供可信、可比较的性能指标
2025-07-28 19:04:48 | INFO     | ================================================================================

2025-07-28 19:04:48 | INFO     | 🔄 梯度累积: 已禁用（gradient_accumulation_steps=1）
2025-07-28 19:05:33 | INFO     | Epoch 1:
2025-07-28 19:05:33 | INFO     |   训练指标:
2025-07-28 19:05:33 | INFO     |     损失(ce): 1.696510
2025-07-28 19:05:33 | INFO     |     准确率: 0.363727
2025-07-28 19:05:33 | INFO     |     学习率: 0.00010000
2025-07-28 19:05:33 | INFO     |   验证指标(标准CE):
2025-07-28 19:05:33 | INFO     |     损失: 0.619904
2025-07-28 19:05:33 | INFO     |     准确率: 0.746747
2025-07-28 19:05:33 | INFO     |     F1(macro): 0.726415
2025-07-28 19:05:33 | INFO     |     F1(weighted): 0.715719
2025-07-28 19:05:33 | INFO     |     精确率: 0.759739
2025-07-28 19:05:33 | INFO     |     召回率: 0.755573
2025-07-28 19:05:33 | INFO     |   学习率调度器: f1_based
2025-07-28 19:05:33 | INFO     | ------------------------------------------------------------
2025-07-28 19:05:33 | INFO     | Epoch   1 | Train: Loss=1.6965, Acc=0.3637 | Val: Loss=0.6199, Acc=0.7467, F1=0.7157 | LR=0.000100 🏆 [最佳模型]
2025-07-28 19:06:17 | INFO     | Epoch 2:
2025-07-28 19:06:17 | INFO     |   训练指标:
2025-07-28 19:06:17 | INFO     |     损失(ce): 0.449333
2025-07-28 19:06:17 | INFO     |     准确率: 0.824148
2025-07-28 19:06:17 | INFO     |     学习率: 0.00010000
2025-07-28 19:06:17 | INFO     |   验证指标(标准CE):
2025-07-28 19:06:17 | INFO     |     损失: 0.271097
2025-07-28 19:06:17 | INFO     |     准确率: 0.851852
2025-07-28 19:06:17 | INFO     |     F1(macro): 0.827799
2025-07-28 19:06:17 | INFO     |     F1(weighted): 0.818854
2025-07-28 19:06:17 | INFO     |     精确率: 0.915780
2025-07-28 19:06:17 | INFO     |     召回率: 0.859821
2025-07-28 19:06:17 | INFO     |   学习率调度器: f1_based
2025-07-28 19:06:17 | INFO     | ------------------------------------------------------------
2025-07-28 19:06:17 | INFO     | Epoch   2 | Train: Loss=0.4493, Acc=0.8241 | Val: Loss=0.2711, Acc=0.8519, F1=0.8189 | LR=0.000100 🏆 [最佳模型]
2025-07-28 19:07:01 | INFO     | Epoch 3:
2025-07-28 19:07:01 | INFO     |   训练指标:
2025-07-28 19:07:01 | INFO     |     损失(ce): 0.234289
2025-07-28 19:07:01 | INFO     |     准确率: 0.892786
2025-07-28 19:07:01 | INFO     |     学习率: 0.00010000
2025-07-28 19:07:01 | INFO     |   验证指标(标准CE):
2025-07-28 19:07:01 | INFO     |     损失: 0.248655
2025-07-28 19:07:01 | INFO     |     准确率: 0.883884
2025-07-28 19:07:01 | INFO     |     F1(macro): 0.882888
2025-07-28 19:07:01 | INFO     |     F1(weighted): 0.878478
2025-07-28 19:07:01 | INFO     |     精确率: 0.889521
2025-07-28 19:07:01 | INFO     |     召回率: 0.889491
2025-07-28 19:07:01 | INFO     |   学习率调度器: f1_based
2025-07-28 19:07:01 | INFO     | ------------------------------------------------------------
2025-07-28 19:07:01 | INFO     | Epoch   3 | Train: Loss=0.2343, Acc=0.8928 | Val: Loss=0.2487, Acc=0.8839, F1=0.8785 | LR=0.000100 🏆 [最佳模型]
2025-07-28 19:07:45 | INFO     | Epoch 4:
2025-07-28 19:07:45 | INFO     |   训练指标:
2025-07-28 19:07:45 | INFO     |     损失(ce): 0.181690
2025-07-28 19:07:45 | INFO     |     准确率: 0.918587
2025-07-28 19:07:45 | INFO     |     学习率: 0.00010000
2025-07-28 19:07:45 | INFO     |   验证指标(标准CE):
2025-07-28 19:07:45 | INFO     |     损失: 0.267412
2025-07-28 19:07:45 | INFO     |     准确率: 0.897898
2025-07-28 19:07:45 | INFO     |     F1(macro): 0.875523
2025-07-28 19:07:45 | INFO     |     F1(weighted): 0.872794
2025-07-28 19:07:45 | INFO     |     精确率: 0.944765
2025-07-28 19:07:45 | INFO     |     召回率: 0.897832
2025-07-28 19:07:45 | INFO     |   学习率调度器: f1_based
2025-07-28 19:07:45 | INFO     | ------------------------------------------------------------
2025-07-28 19:07:45 | INFO     | Epoch   4 | Train: Loss=0.1817, Acc=0.9186 | Val: Loss=0.2674, Acc=0.8979, F1=0.8728 | LR=0.000100 
2025-07-28 19:08:28 | INFO     | Epoch 5:
2025-07-28 19:08:28 | INFO     |   训练指标:
2025-07-28 19:08:28 | INFO     |     损失(ce): 0.150961
2025-07-28 19:08:28 | INFO     |     准确率: 0.938627
2025-07-28 19:08:28 | INFO     |     学习率: 0.00010000
2025-07-28 19:08:28 | INFO     |   验证指标(标准CE):
2025-07-28 19:08:28 | INFO     |     损失: 0.132440
2025-07-28 19:08:28 | INFO     |     准确率: 0.951952
2025-07-28 19:08:28 | INFO     |     F1(macro): 0.952972
2025-07-28 19:08:28 | INFO     |     F1(weighted): 0.950551
2025-07-28 19:08:28 | INFO     |     精确率: 0.966457
2025-07-28 19:08:28 | INFO     |     召回率: 0.955858
2025-07-28 19:08:28 | INFO     |   学习率调度器: f1_based
2025-07-28 19:08:28 | INFO     | ------------------------------------------------------------
2025-07-28 19:08:28 | INFO     | Epoch   5 | Train: Loss=0.1510, Acc=0.9386 | Val: Loss=0.1324, Acc=0.9520, F1=0.9506 | LR=0.000100 🏆 [最佳模型]
2025-07-28 19:09:13 | INFO     | Epoch 6:
2025-07-28 19:09:13 | INFO     |   训练指标:
2025-07-28 19:09:13 | INFO     |     损失(ce): 0.122012
2025-07-28 19:09:13 | INFO     |     准确率: 0.949900
2025-07-28 19:09:13 | INFO     |     学习率: 0.00010000
2025-07-28 19:09:13 | INFO     |   验证指标(标准CE):
2025-07-28 19:09:13 | INFO     |     损失: 0.128129
2025-07-28 19:09:13 | INFO     |     准确率: 0.929930
2025-07-28 19:09:13 | INFO     |     F1(macro): 0.924890
2025-07-28 19:09:13 | INFO     |     F1(weighted): 0.922615
2025-07-28 19:09:13 | INFO     |     精确率: 0.954658
2025-07-28 19:09:13 | INFO     |     召回率: 0.930095
2025-07-28 19:09:13 | INFO     |   学习率调度器: f1_based
2025-07-28 19:09:13 | INFO     | ------------------------------------------------------------
2025-07-28 19:09:13 | INFO     | Epoch   6 | Train: Loss=0.1220, Acc=0.9499 | Val: Loss=0.1281, Acc=0.9299, F1=0.9226 | LR=0.000100 
2025-07-28 19:09:56 | INFO     | Epoch 7:
2025-07-28 19:09:56 | INFO     |   训练指标:
2025-07-28 19:09:56 | INFO     |     损失(ce): 0.097890
2025-07-28 19:09:56 | INFO     |     准确率: 0.960922
2025-07-28 19:09:56 | INFO     |     学习率: 0.00010000
2025-07-28 19:09:56 | INFO     |   验证指标(标准CE):
2025-07-28 19:09:56 | INFO     |     损失: 0.065677
2025-07-28 19:09:56 | INFO     |     准确率: 0.964965
2025-07-28 19:09:56 | INFO     |     F1(macro): 0.966049
2025-07-28 19:09:56 | INFO     |     F1(weighted): 0.964562
2025-07-28 19:09:56 | INFO     |     精确率: 0.971714
2025-07-28 19:09:56 | INFO     |     召回率: 0.967485
2025-07-28 19:09:56 | INFO     |   学习率调度器: f1_based
2025-07-28 19:09:56 | INFO     | ------------------------------------------------------------
2025-07-28 19:09:56 | INFO     | Epoch   7 | Train: Loss=0.0979, Acc=0.9609 | Val: Loss=0.0657, Acc=0.9650, F1=0.9646 | LR=0.000100 🏆 [最佳模型]
2025-07-28 19:10:40 | INFO     | Epoch 8:
2025-07-28 19:10:40 | INFO     |   训练指标:
2025-07-28 19:10:40 | INFO     |     损失(ce): 0.103138
2025-07-28 19:10:40 | INFO     |     准确率: 0.959168
2025-07-28 19:10:40 | INFO     |     学习率: 0.00010000
2025-07-28 19:10:40 | INFO     |   验证指标(标准CE):
2025-07-28 19:10:40 | INFO     |     损失: 0.057582
2025-07-28 19:10:40 | INFO     |     准确率: 0.969970
2025-07-28 19:10:40 | INFO     |     F1(macro): 0.970845
2025-07-28 19:10:40 | INFO     |     F1(weighted): 0.969813
2025-07-28 19:10:40 | INFO     |     精确率: 0.972902
2025-07-28 19:10:40 | INFO     |     召回率: 0.970366
2025-07-28 19:10:40 | INFO     |   学习率调度器: f1_based
2025-07-28 19:10:40 | INFO     | ------------------------------------------------------------
2025-07-28 19:10:40 | INFO     | Epoch   8 | Train: Loss=0.1031, Acc=0.9592 | Val: Loss=0.0576, Acc=0.9700, F1=0.9698 | LR=0.000100 🏆 [最佳模型]
2025-07-28 19:11:24 | INFO     | Epoch 9:
2025-07-28 19:11:24 | INFO     |   训练指标:
2025-07-28 19:11:24 | INFO     |     损失(ce): 0.074684
2025-07-28 19:11:24 | INFO     |     准确率: 0.962926
2025-07-28 19:11:24 | INFO     |     学习率: 0.00010000
2025-07-28 19:11:24 | INFO     |   验证指标(标准CE):
2025-07-28 19:11:24 | INFO     |     损失: 0.119223
2025-07-28 19:11:24 | INFO     |     准确率: 0.952953
2025-07-28 19:11:24 | INFO     |     F1(macro): 0.954246
2025-07-28 19:11:24 | INFO     |     F1(weighted): 0.951852
2025-07-28 19:11:24 | INFO     |     精确率: 0.966252
2025-07-28 19:11:24 | INFO     |     召回率: 0.956655
2025-07-28 19:11:24 | INFO     |   学习率调度器: f1_based
2025-07-28 19:11:24 | INFO     | ------------------------------------------------------------
2025-07-28 19:11:24 | INFO     | Epoch   9 | Train: Loss=0.0747, Acc=0.9629 | Val: Loss=0.1192, Acc=0.9530, F1=0.9519 | LR=0.000100 
2025-07-28 19:12:08 | INFO     | Epoch 10:
2025-07-28 19:12:08 | INFO     |   训练指标:
2025-07-28 19:12:08 | INFO     |     损失(ce): 0.082097
2025-07-28 19:12:08 | INFO     |     准确率: 0.962926
2025-07-28 19:12:08 | INFO     |     学习率: 0.00010000
2025-07-28 19:12:08 | INFO     |   验证指标(标准CE):
2025-07-28 19:12:08 | INFO     |     损失: 0.069326
2025-07-28 19:12:08 | INFO     |     准确率: 0.965966
2025-07-28 19:12:08 | INFO     |     F1(macro): 0.967210
2025-07-28 19:12:08 | INFO     |     F1(weighted): 0.965616
2025-07-28 19:12:08 | INFO     |     精确率: 0.973946
2025-07-28 19:12:08 | INFO     |     召回率: 0.968722
2025-07-28 19:12:08 | INFO     |   学习率调度器: f1_based
2025-07-28 19:12:08 | INFO     | ------------------------------------------------------------
2025-07-28 19:12:08 | INFO     | Epoch  10 | Train: Loss=0.0821, Acc=0.9629 | Val: Loss=0.0693, Acc=0.9660, F1=0.9656 | LR=0.000100 
2025-07-28 19:12:51 | INFO     | Epoch 11:
2025-07-28 19:12:51 | INFO     |   训练指标:
2025-07-28 19:12:51 | INFO     |     损失(ce): 0.075820
2025-07-28 19:12:51 | INFO     |     准确率: 0.961172
2025-07-28 19:12:51 | INFO     |     学习率: 0.00010000
2025-07-28 19:12:51 | INFO     |   验证指标(标准CE):
2025-07-28 19:12:51 | INFO     |     损失: 0.044928
2025-07-28 19:12:51 | INFO     |     准确率: 0.966967
2025-07-28 19:12:51 | INFO     |     F1(macro): 0.968232
2025-07-28 19:12:51 | INFO     |     F1(weighted): 0.966766
2025-07-28 19:12:51 | INFO     |     精确率: 0.971518
2025-07-28 19:12:51 | INFO     |     召回率: 0.969139
2025-07-28 19:12:51 | INFO     |   学习率调度器: f1_based
2025-07-28 19:12:51 | INFO     | ------------------------------------------------------------
2025-07-28 19:12:51 | INFO     | Epoch  11 | Train: Loss=0.0758, Acc=0.9612 | Val: Loss=0.0449, Acc=0.9670, F1=0.9668 | LR=0.000100 
2025-07-28 19:13:35 | INFO     | Epoch 12:
2025-07-28 19:13:35 | INFO     |   训练指标:
2025-07-28 19:13:35 | INFO     |     损失(ce): 0.061010
2025-07-28 19:13:35 | INFO     |     准确率: 0.966433
2025-07-28 19:13:35 | INFO     |     学习率: 0.00010000
2025-07-28 19:13:35 | INFO     |   验证指标(标准CE):
2025-07-28 19:13:35 | INFO     |     损失: 0.080184
2025-07-28 19:13:35 | INFO     |     准确率: 0.960961
2025-07-28 19:13:35 | INFO     |     F1(macro): 0.961823
2025-07-28 19:13:35 | INFO     |     F1(weighted): 0.960215
2025-07-28 19:13:35 | INFO     |     精确率: 0.967911
2025-07-28 19:13:35 | INFO     |     召回率: 0.963862
2025-07-28 19:13:35 | INFO     |   学习率调度器: f1_based
2025-07-28 19:13:35 | INFO     | ------------------------------------------------------------
2025-07-28 19:13:35 | INFO     | Epoch  12 | Train: Loss=0.0610, Acc=0.9664 | Val: Loss=0.0802, Acc=0.9610, F1=0.9602 | LR=0.000100 
2025-07-28 19:14:19 | INFO     | Epoch 13:
2025-07-28 19:14:19 | INFO     |   训练指标:
2025-07-28 19:14:19 | INFO     |     损失(ce): 0.068848
2025-07-28 19:14:19 | INFO     |     准确率: 0.966934
2025-07-28 19:14:19 | INFO     |     学习率: 0.00010000
2025-07-28 19:14:19 | INFO     |   验证指标(标准CE):
2025-07-28 19:14:19 | INFO     |     损失: 0.049846
2025-07-28 19:14:19 | INFO     |     准确率: 0.972973
2025-07-28 19:14:19 | INFO     |     F1(macro): 0.973490
2025-07-28 19:14:19 | INFO     |     F1(weighted): 0.972635
2025-07-28 19:14:19 | INFO     |     精确率: 0.976595
2025-07-28 19:14:19 | INFO     |     召回率: 0.973094
2025-07-28 19:14:19 | INFO     |   学习率调度器: f1_based
2025-07-28 19:14:19 | INFO     | ------------------------------------------------------------
2025-07-28 19:14:19 | INFO     | Epoch  13 | Train: Loss=0.0688, Acc=0.9669 | Val: Loss=0.0498, Acc=0.9730, F1=0.9726 | LR=0.000100 🏆 [最佳模型]
2025-07-28 19:15:03 | INFO     | Epoch 14:
2025-07-28 19:15:03 | INFO     |   训练指标:
2025-07-28 19:15:03 | INFO     |     损失(ce): 0.065204
2025-07-28 19:15:03 | INFO     |     准确率: 0.966683
2025-07-28 19:15:03 | INFO     |     学习率: 0.00010000
2025-07-28 19:15:03 | INFO     |   验证指标(标准CE):
2025-07-28 19:15:03 | INFO     |     损失: 0.063262
2025-07-28 19:15:03 | INFO     |     准确率: 0.965966
2025-07-28 19:15:03 | INFO     |     F1(macro): 0.967233
2025-07-28 19:15:03 | INFO     |     F1(weighted): 0.965643
2025-07-28 19:15:03 | INFO     |     精确率: 0.972356
2025-07-28 19:15:03 | INFO     |     召回率: 0.968483
2025-07-28 19:15:03 | INFO     |   学习率调度器: f1_based
2025-07-28 19:15:03 | INFO     | ------------------------------------------------------------
2025-07-28 19:15:03 | INFO     | Epoch  14 | Train: Loss=0.0652, Acc=0.9667 | Val: Loss=0.0633, Acc=0.9660, F1=0.9656 | LR=0.000100 
2025-07-28 19:15:46 | INFO     | Epoch 15:
2025-07-28 19:15:46 | INFO     |   训练指标:
2025-07-28 19:15:46 | INFO     |     损失(ce): 0.059175
2025-07-28 19:15:46 | INFO     |     准确率: 0.971443
2025-07-28 19:15:46 | INFO     |     学习率: 0.00010000
2025-07-28 19:15:46 | INFO     |   验证指标(标准CE):
2025-07-28 19:15:46 | INFO     |     损失: 0.039808
2025-07-28 19:15:46 | INFO     |     准确率: 0.976977
2025-07-28 19:15:46 | INFO     |     F1(macro): 0.977620
2025-07-28 19:15:46 | INFO     |     F1(weighted): 0.976738
2025-07-28 19:15:46 | INFO     |     精确率: 0.980918
2025-07-28 19:15:46 | INFO     |     召回率: 0.977142
2025-07-28 19:15:46 | INFO     |   学习率调度器: f1_based
2025-07-28 19:15:46 | INFO     | ------------------------------------------------------------
2025-07-28 19:15:46 | INFO     | Epoch  15 | Train: Loss=0.0592, Acc=0.9714 | Val: Loss=0.0398, Acc=0.9770, F1=0.9767 | LR=0.000100 🏆 [最佳模型]
2025-07-28 19:16:30 | INFO     | Epoch 16:
2025-07-28 19:16:30 | INFO     |   训练指标:
2025-07-28 19:16:30 | INFO     |     损失(ce): 0.057173
2025-07-28 19:16:30 | INFO     |     准确率: 0.969940
2025-07-28 19:16:30 | INFO     |     学习率: 0.00010000
2025-07-28 19:16:30 | INFO     |   验证指标(标准CE):
2025-07-28 19:16:30 | INFO     |     损失: 0.061924
2025-07-28 19:16:30 | INFO     |     准确率: 0.967968
2025-07-28 19:16:30 | INFO     |     F1(macro): 0.969361
2025-07-28 19:16:30 | INFO     |     F1(weighted): 0.968061
2025-07-28 19:16:30 | INFO     |     精确率: 0.969724
2025-07-28 19:16:30 | INFO     |     召回率: 0.969130
2025-07-28 19:16:30 | INFO     |   学习率调度器: f1_based
2025-07-28 19:16:30 | INFO     | ------------------------------------------------------------
2025-07-28 19:16:30 | INFO     | Epoch  16 | Train: Loss=0.0572, Acc=0.9699 | Val: Loss=0.0619, Acc=0.9680, F1=0.9681 | LR=0.000100 
2025-07-28 19:17:14 | INFO     | Epoch 17:
2025-07-28 19:17:14 | INFO     |   训练指标:
2025-07-28 19:17:14 | INFO     |     损失(ce): 0.056971
2025-07-28 19:17:14 | INFO     |     准确率: 0.969940
2025-07-28 19:17:14 | INFO     |     学习率: 0.00010000
2025-07-28 19:17:14 | INFO     |   验证指标(标准CE):
2025-07-28 19:17:14 | INFO     |     损失: 0.043962
2025-07-28 19:17:14 | INFO     |     准确率: 0.975976
2025-07-28 19:17:14 | INFO     |     F1(macro): 0.976697
2025-07-28 19:17:14 | INFO     |     F1(weighted): 0.975736
2025-07-28 19:17:14 | INFO     |     精确率: 0.980063
2025-07-28 19:17:14 | INFO     |     召回率: 0.976159
2025-07-28 19:17:14 | INFO     |   学习率调度器: f1_based
2025-07-28 19:17:14 | INFO     | ------------------------------------------------------------
2025-07-28 19:17:14 | INFO     | Epoch  17 | Train: Loss=0.0570, Acc=0.9699 | Val: Loss=0.0440, Acc=0.9760, F1=0.9757 | LR=0.000100 
2025-07-28 19:17:57 | INFO     | Epoch 18:
2025-07-28 19:17:57 | INFO     |   训练指标:
2025-07-28 19:17:57 | INFO     |     损失(ce): 0.056568
2025-07-28 19:17:57 | INFO     |     准确率: 0.969689
2025-07-28 19:17:57 | INFO     |     学习率: 0.00010000
2025-07-28 19:17:57 | INFO     |   验证指标(标准CE):
2025-07-28 19:17:57 | INFO     |     损失: 0.038601
2025-07-28 19:17:57 | INFO     |     准确率: 0.976977
2025-07-28 19:17:57 | INFO     |     F1(macro): 0.977620
2025-07-28 19:17:57 | INFO     |     F1(weighted): 0.976738
2025-07-28 19:17:57 | INFO     |     精确率: 0.980918
2025-07-28 19:17:57 | INFO     |     召回率: 0.977142
2025-07-28 19:17:57 | INFO     |   学习率调度器: f1_based
2025-07-28 19:17:57 | INFO     | ------------------------------------------------------------
2025-07-28 19:17:57 | INFO     | Epoch  18 | Train: Loss=0.0566, Acc=0.9697 | Val: Loss=0.0386, Acc=0.9770, F1=0.9767 | LR=0.000100 
2025-07-28 19:18:41 | INFO     | Epoch 19:
2025-07-28 19:18:41 | INFO     |   训练指标:
2025-07-28 19:18:41 | INFO     |     损失(ce): 0.058348
2025-07-28 19:18:41 | INFO     |     准确率: 0.968938
2025-07-28 19:18:41 | INFO     |     学习率: 0.00010000
2025-07-28 19:18:41 | INFO     |   验证指标(标准CE):
2025-07-28 19:18:41 | INFO     |     损失: 0.043845
2025-07-28 19:18:41 | INFO     |     准确率: 0.969970
2025-07-28 19:18:41 | INFO     |     F1(macro): 0.971112
2025-07-28 19:18:41 | INFO     |     F1(weighted): 0.969670
2025-07-28 19:18:41 | INFO     |     精确率: 0.976129
2025-07-28 19:18:41 | INFO     |     召回率: 0.972387
2025-07-28 19:18:41 | INFO     |   学习率调度器: f1_based
2025-07-28 19:18:41 | INFO     | ------------------------------------------------------------
2025-07-28 19:18:41 | INFO     | Epoch  19 | Train: Loss=0.0583, Acc=0.9689 | Val: Loss=0.0438, Acc=0.9700, F1=0.9697 | LR=0.000100 
2025-07-28 19:19:25 | INFO     | Epoch 20:
2025-07-28 19:19:25 | INFO     |   训练指标:
2025-07-28 19:19:25 | INFO     |     损失(ce): 0.058040
2025-07-28 19:19:25 | INFO     |     准确率: 0.965681
2025-07-28 19:19:25 | INFO     |     学习率: 0.00010000
2025-07-28 19:19:25 | INFO     |   验证指标(标准CE):
2025-07-28 19:19:25 | INFO     |     损失: 0.048367
2025-07-28 19:19:25 | INFO     |     准确率: 0.969970
2025-07-28 19:19:25 | INFO     |     F1(macro): 0.971049
2025-07-28 19:19:25 | INFO     |     F1(weighted): 0.969633
2025-07-28 19:19:25 | INFO     |     精确率: 0.976359
2025-07-28 19:19:25 | INFO     |     召回率: 0.972452
2025-07-28 19:19:25 | INFO     |   学习率调度器: f1_based
2025-07-28 19:19:25 | INFO     | ------------------------------------------------------------
2025-07-28 19:19:25 | INFO     | Epoch  20 | Train: Loss=0.0580, Acc=0.9657 | Val: Loss=0.0484, Acc=0.9700, F1=0.9696 | LR=0.000100 
2025-07-28 19:20:08 | INFO     | Epoch 21:
2025-07-28 19:20:08 | INFO     |   训练指标:
2025-07-28 19:20:08 | INFO     |     损失(ce): 0.043939
2025-07-28 19:20:08 | INFO     |     准确率: 0.973948
2025-07-28 19:20:08 | INFO     |     学习率: 0.00010000
2025-07-28 19:20:08 | INFO     |   验证指标(标准CE):
2025-07-28 19:20:08 | INFO     |     损失: 0.036150
2025-07-28 19:20:08 | INFO     |     准确率: 0.977978
2025-07-28 19:20:08 | INFO     |     F1(macro): 0.978569
2025-07-28 19:20:08 | INFO     |     F1(weighted): 0.977728
2025-07-28 19:20:08 | INFO     |     精确率: 0.982231
2025-07-28 19:20:08 | INFO     |     召回率: 0.978061
2025-07-28 19:20:08 | INFO     |   学习率调度器: f1_based
2025-07-28 19:20:08 | INFO     | ------------------------------------------------------------
2025-07-28 19:20:08 | INFO     | Epoch  21 | Train: Loss=0.0439, Acc=0.9739 | Val: Loss=0.0361, Acc=0.9780, F1=0.9777 | LR=0.000100 🏆 [最佳模型]
2025-07-28 19:20:52 | INFO     | Epoch 22:
2025-07-28 19:20:52 | INFO     |   训练指标:
2025-07-28 19:20:52 | INFO     |     损失(ce): 0.056670
2025-07-28 19:20:52 | INFO     |     准确率: 0.968687
2025-07-28 19:20:52 | INFO     |     学习率: 0.00010000
2025-07-28 19:20:52 | INFO     |   验证指标(标准CE):
2025-07-28 19:20:52 | INFO     |     损失: 0.042120
2025-07-28 19:20:52 | INFO     |     准确率: 0.970971
2025-07-28 19:20:52 | INFO     |     F1(macro): 0.972035
2025-07-28 19:20:52 | INFO     |     F1(weighted): 0.970672
2025-07-28 19:20:52 | INFO     |     精确率: 0.976984
2025-07-28 19:20:52 | INFO     |     召回率: 0.973370
2025-07-28 19:20:52 | INFO     |   学习率调度器: f1_based
2025-07-28 19:20:52 | INFO     | ------------------------------------------------------------
2025-07-28 19:20:52 | INFO     | Epoch  22 | Train: Loss=0.0567, Acc=0.9687 | Val: Loss=0.0421, Acc=0.9710, F1=0.9707 | LR=0.000100 
2025-07-28 19:21:36 | INFO     | Epoch 23:
2025-07-28 19:21:36 | INFO     |   训练指标:
2025-07-28 19:21:36 | INFO     |     损失(ce): 0.048807
2025-07-28 19:21:36 | INFO     |     准确率: 0.971944
2025-07-28 19:21:36 | INFO     |     学习率: 0.00010000
2025-07-28 19:21:36 | INFO     |   验证指标(标准CE):
2025-07-28 19:21:36 | INFO     |     损失: 0.043843
2025-07-28 19:21:36 | INFO     |     准确率: 0.975976
2025-07-28 19:21:36 | INFO     |     F1(macro): 0.976672
2025-07-28 19:21:36 | INFO     |     F1(weighted): 0.975748
2025-07-28 19:21:36 | INFO     |     精确率: 0.979629
2025-07-28 19:21:36 | INFO     |     召回率: 0.976224
2025-07-28 19:21:36 | INFO     |   学习率调度器: f1_based
2025-07-28 19:21:36 | INFO     | ------------------------------------------------------------
2025-07-28 19:21:36 | INFO     | Epoch  23 | Train: Loss=0.0488, Acc=0.9719 | Val: Loss=0.0438, Acc=0.9760, F1=0.9757 | LR=0.000100 
2025-07-28 19:22:19 | INFO     | Epoch 24:
2025-07-28 19:22:19 | INFO     |   训练指标:
2025-07-28 19:22:19 | INFO     |     损失(ce): 0.057630
2025-07-28 19:22:19 | INFO     |     准确率: 0.970441
2025-07-28 19:22:19 | INFO     |     学习率: 0.00010000
2025-07-28 19:22:19 | INFO     |   验证指标(标准CE):
2025-07-28 19:22:19 | INFO     |     损失: 0.046228
2025-07-28 19:22:19 | INFO     |     准确率: 0.972973
2025-07-28 19:22:19 | INFO     |     F1(macro): 0.973873
2025-07-28 19:22:19 | INFO     |     F1(weighted): 0.972938
2025-07-28 19:22:19 | INFO     |     精确率: 0.974278
2025-07-28 19:22:19 | INFO     |     召回率: 0.973673
2025-07-28 19:22:19 | INFO     |   学习率调度器: f1_based
2025-07-28 19:22:19 | INFO     | ------------------------------------------------------------
2025-07-28 19:22:19 | INFO     | Epoch  24 | Train: Loss=0.0576, Acc=0.9704 | Val: Loss=0.0462, Acc=0.9730, F1=0.9729 | LR=0.000100 
2025-07-28 19:23:03 | INFO     | Epoch 25:
2025-07-28 19:23:03 | INFO     |   训练指标:
2025-07-28 19:23:03 | INFO     |     损失(ce): 0.046152
2025-07-28 19:23:03 | INFO     |     准确率: 0.975701
2025-07-28 19:23:03 | INFO     |     学习率: 0.00010000
2025-07-28 19:23:03 | INFO     |   验证指标(标准CE):
2025-07-28 19:23:03 | INFO     |     损失: 0.046254
2025-07-28 19:23:03 | INFO     |     准确率: 0.974975
2025-07-28 19:23:03 | INFO     |     F1(macro): 0.975698
2025-07-28 19:23:03 | INFO     |     F1(weighted): 0.974702
2025-07-28 19:23:03 | INFO     |     精确率: 0.979367
2025-07-28 19:23:03 | INFO     |     召回率: 0.975158
2025-07-28 19:23:03 | INFO     |   学习率调度器: f1_based
2025-07-28 19:23:03 | INFO     | ------------------------------------------------------------
2025-07-28 19:23:03 | INFO     | Epoch  25 | Train: Loss=0.0462, Acc=0.9757 | Val: Loss=0.0463, Acc=0.9750, F1=0.9747 | LR=0.000100 
2025-07-28 19:23:47 | INFO     | Epoch 26:
2025-07-28 19:23:47 | INFO     |   训练指标:
2025-07-28 19:23:47 | INFO     |     损失(ce): 0.056065
2025-07-28 19:23:47 | INFO     |     准确率: 0.973447
2025-07-28 19:23:47 | INFO     |     学习率: 0.00010000
2025-07-28 19:23:47 | INFO     |   验证指标(标准CE):
2025-07-28 19:23:47 | INFO     |     损失: 0.054831
2025-07-28 19:23:47 | INFO     |     准确率: 0.969970
2025-07-28 19:23:47 | INFO     |     F1(macro): 0.971090
2025-07-28 19:23:47 | INFO     |     F1(weighted): 0.969687
2025-07-28 19:23:47 | INFO     |     精确率: 0.975624
2025-07-28 19:23:47 | INFO     |     召回率: 0.972369
2025-07-28 19:23:47 | INFO     |   学习率调度器: f1_based
2025-07-28 19:23:47 | INFO     | ------------------------------------------------------------
2025-07-28 19:23:47 | INFO     | Epoch  26 | Train: Loss=0.0561, Acc=0.9734 | Val: Loss=0.0548, Acc=0.9700, F1=0.9697 | LR=0.000100 
2025-07-28 19:24:30 | INFO     | Epoch 27:
2025-07-28 19:24:30 | INFO     |   训练指标:
2025-07-28 19:24:30 | INFO     |     损失(ce): 0.048800
2025-07-28 19:24:30 | INFO     |     准确率: 0.970190
2025-07-28 19:24:30 | INFO     |     学习率: 0.00010000
2025-07-28 19:24:30 | INFO     |   验证指标(标准CE):
2025-07-28 19:24:30 | INFO     |     损失: 0.043028
2025-07-28 19:24:30 | INFO     |     准确率: 0.975976
2025-07-28 19:24:30 | INFO     |     F1(macro): 0.976697
2025-07-28 19:24:30 | INFO     |     F1(weighted): 0.975736
2025-07-28 19:24:30 | INFO     |     精确率: 0.980063
2025-07-28 19:24:30 | INFO     |     召回率: 0.976159
2025-07-28 19:24:30 | INFO     |   学习率调度器: f1_based
2025-07-28 19:24:30 | INFO     | ------------------------------------------------------------
2025-07-28 19:24:30 | INFO     | 🎯 学习率调整事件:
2025-07-28 19:24:30 | INFO     |   调度器类型: f1_based
2025-07-28 19:24:30 | INFO     |   学习率变化: 0.00010000 → 0.00005000
2025-07-28 19:24:30 | INFO     |   触发条件: F1分数 = 0.975736
2025-07-28 19:24:30 | INFO     |   变化幅度: -50.00%
2025-07-28 19:24:30 | INFO     | ------------------------------------------------------------
2025-07-28 19:24:30 | INFO     | Epoch  27 | Train: Loss=0.0488, Acc=0.9702 | Val: Loss=0.0430, Acc=0.9760, F1=0.9757 | LR=0.000050 
2025-07-28 19:25:14 | INFO     | Epoch 28:
2025-07-28 19:25:14 | INFO     |   训练指标:
2025-07-28 19:25:14 | INFO     |     损失(ce): 0.038701
2025-07-28 19:25:14 | INFO     |     准确率: 0.976453
2025-07-28 19:25:14 | INFO     |     学习率: 0.00005000
2025-07-28 19:25:14 | INFO     |   验证指标(标准CE):
2025-07-28 19:25:14 | INFO     |     损失: 0.042475
2025-07-28 19:25:14 | INFO     |     准确率: 0.970971
2025-07-28 19:25:14 | INFO     |     F1(macro): 0.972035
2025-07-28 19:25:14 | INFO     |     F1(weighted): 0.970672
2025-07-28 19:25:14 | INFO     |     精确率: 0.976984
2025-07-28 19:25:14 | INFO     |     召回率: 0.973370
2025-07-28 19:25:14 | INFO     |   学习率调度器: f1_based
2025-07-28 19:25:14 | INFO     | ------------------------------------------------------------
2025-07-28 19:25:14 | INFO     | Epoch  28 | Train: Loss=0.0387, Acc=0.9765 | Val: Loss=0.0425, Acc=0.9710, F1=0.9707 | LR=0.000050 
2025-07-28 19:25:58 | INFO     | Epoch 29:
2025-07-28 19:25:58 | INFO     |   训练指标:
2025-07-28 19:25:58 | INFO     |     损失(ce): 0.037380
2025-07-28 19:25:58 | INFO     |     准确率: 0.974950
2025-07-28 19:25:58 | INFO     |     学习率: 0.00005000
2025-07-28 19:25:58 | INFO     |   验证指标(标准CE):
2025-07-28 19:25:58 | INFO     |     损失: 0.041093
2025-07-28 19:25:58 | INFO     |     准确率: 0.969970
2025-07-28 19:25:58 | INFO     |     F1(macro): 0.971112
2025-07-28 19:25:58 | INFO     |     F1(weighted): 0.969670
2025-07-28 19:25:58 | INFO     |     精确率: 0.976129
2025-07-28 19:25:58 | INFO     |     召回率: 0.972387
2025-07-28 19:25:58 | INFO     |   学习率调度器: f1_based
2025-07-28 19:25:58 | INFO     | ------------------------------------------------------------
2025-07-28 19:25:58 | INFO     | Epoch  29 | Train: Loss=0.0374, Acc=0.9749 | Val: Loss=0.0411, Acc=0.9700, F1=0.9697 | LR=0.000050 
2025-07-28 19:26:41 | INFO     | Epoch 30:
2025-07-28 19:26:41 | INFO     |   训练指标:
2025-07-28 19:26:41 | INFO     |     损失(ce): 0.035566
2025-07-28 19:26:41 | INFO     |     准确率: 0.976703
2025-07-28 19:26:41 | INFO     |     学习率: 0.00005000
2025-07-28 19:26:41 | INFO     |   验证指标(标准CE):
2025-07-28 19:26:41 | INFO     |     损失: 0.045199
2025-07-28 19:26:41 | INFO     |     准确率: 0.968969
2025-07-28 19:26:41 | INFO     |     F1(macro): 0.970188
2025-07-28 19:26:41 | INFO     |     F1(weighted): 0.968669
2025-07-28 19:26:41 | INFO     |     精确率: 0.975288
2025-07-28 19:26:41 | INFO     |     召回率: 0.971403
2025-07-28 19:26:41 | INFO     |   学习率调度器: f1_based
2025-07-28 19:26:41 | INFO     | ------------------------------------------------------------
2025-07-28 19:26:41 | INFO     | Epoch  30 | Train: Loss=0.0356, Acc=0.9767 | Val: Loss=0.0452, Acc=0.9690, F1=0.9687 | LR=0.000050 
2025-07-28 19:27:25 | INFO     | Epoch 31:
2025-07-28 19:27:25 | INFO     |   训练指标:
2025-07-28 19:27:25 | INFO     |     损失(ce): 0.040420
2025-07-28 19:27:25 | INFO     |     准确率: 0.973447
2025-07-28 19:27:25 | INFO     |     学习率: 0.00005000
2025-07-28 19:27:25 | INFO     |   验证指标(标准CE):
2025-07-28 19:27:25 | INFO     |     损失: 0.041825
2025-07-28 19:27:25 | INFO     |     准确率: 0.968969
2025-07-28 19:27:25 | INFO     |     F1(macro): 0.970188
2025-07-28 19:27:25 | INFO     |     F1(weighted): 0.968669
2025-07-28 19:27:25 | INFO     |     精确率: 0.975288
2025-07-28 19:27:25 | INFO     |     召回率: 0.971403
2025-07-28 19:27:25 | INFO     |   学习率调度器: f1_based
2025-07-28 19:27:25 | INFO     | ------------------------------------------------------------
2025-07-28 19:27:25 | INFO     | Epoch  31 | Train: Loss=0.0404, Acc=0.9734 | Val: Loss=0.0418, Acc=0.9690, F1=0.9687 | LR=0.000050 
2025-07-28 19:28:08 | INFO     | Epoch 32:
2025-07-28 19:28:08 | INFO     |   训练指标:
2025-07-28 19:28:08 | INFO     |     损失(ce): 0.039711
2025-07-28 19:28:08 | INFO     |     准确率: 0.975952
2025-07-28 19:28:08 | INFO     |     学习率: 0.00005000
2025-07-28 19:28:08 | INFO     |   验证指标(标准CE):
2025-07-28 19:28:08 | INFO     |     损失: 0.043956
2025-07-28 19:28:08 | INFO     |     准确率: 0.968969
2025-07-28 19:28:08 | INFO     |     F1(macro): 0.970350
2025-07-28 19:28:08 | INFO     |     F1(weighted): 0.968903
2025-07-28 19:28:08 | INFO     |     精确率: 0.971928
2025-07-28 19:28:08 | INFO     |     召回率: 0.970907
2025-07-28 19:28:08 | INFO     |   学习率调度器: f1_based
2025-07-28 19:28:08 | INFO     | ------------------------------------------------------------
2025-07-28 19:28:08 | INFO     | Epoch  32 | Train: Loss=0.0397, Acc=0.9760 | Val: Loss=0.0440, Acc=0.9690, F1=0.9689 | LR=0.000050 
2025-07-28 19:28:52 | INFO     | Epoch 33:
2025-07-28 19:28:52 | INFO     |   训练指标:
2025-07-28 19:28:52 | INFO     |     损失(ce): 0.036937
2025-07-28 19:28:52 | INFO     |     准确率: 0.975200
2025-07-28 19:28:52 | INFO     |     学习率: 0.00005000
2025-07-28 19:28:52 | INFO     |   验证指标(标准CE):
2025-07-28 19:28:52 | INFO     |     损失: 0.046390
2025-07-28 19:28:52 | INFO     |     准确率: 0.968969
2025-07-28 19:28:52 | INFO     |     F1(macro): 0.970188
2025-07-28 19:28:52 | INFO     |     F1(weighted): 0.968669
2025-07-28 19:28:52 | INFO     |     精确率: 0.975288
2025-07-28 19:28:52 | INFO     |     召回率: 0.971403
2025-07-28 19:28:52 | INFO     |   学习率调度器: f1_based
2025-07-28 19:28:52 | INFO     | ------------------------------------------------------------
2025-07-28 19:28:52 | INFO     | Epoch  33 | Train: Loss=0.0369, Acc=0.9752 | Val: Loss=0.0464, Acc=0.9690, F1=0.9687 | LR=0.000050 
2025-07-28 19:29:36 | INFO     | Epoch 34:
2025-07-28 19:29:36 | INFO     |   训练指标:
2025-07-28 19:29:36 | INFO     |     损失(ce): 0.037094
2025-07-28 19:29:36 | INFO     |     准确率: 0.977455
2025-07-28 19:29:36 | INFO     |     学习率: 0.00005000
2025-07-28 19:29:36 | INFO     |   验证指标(标准CE):
2025-07-28 19:29:36 | INFO     |     损失: 0.046712
2025-07-28 19:29:36 | INFO     |     准确率: 0.967968
2025-07-28 19:29:36 | INFO     |     F1(macro): 0.969264
2025-07-28 19:29:36 | INFO     |     F1(weighted): 0.967773
2025-07-28 19:29:36 | INFO     |     精确率: 0.972542
2025-07-28 19:29:36 | INFO     |     召回率: 0.970327
2025-07-28 19:29:36 | INFO     |   学习率调度器: f1_based
2025-07-28 19:29:36 | INFO     | ------------------------------------------------------------
2025-07-28 19:29:36 | INFO     | Epoch  34 | Train: Loss=0.0371, Acc=0.9775 | Val: Loss=0.0467, Acc=0.9680, F1=0.9678 | LR=0.000050 
2025-07-28 19:30:19 | INFO     | Epoch 35:
2025-07-28 19:30:19 | INFO     |   训练指标:
2025-07-28 19:30:19 | INFO     |     损失(ce): 0.037856
2025-07-28 19:30:19 | INFO     |     准确率: 0.979459
2025-07-28 19:30:19 | INFO     |     学习率: 0.00005000
2025-07-28 19:30:19 | INFO     |   验证指标(标准CE):
2025-07-28 19:30:19 | INFO     |     损失: 0.058202
2025-07-28 19:30:19 | INFO     |     准确率: 0.967968
2025-07-28 19:30:19 | INFO     |     F1(macro): 0.969202
2025-07-28 19:30:19 | INFO     |     F1(weighted): 0.967629
2025-07-28 19:30:19 | INFO     |     精确率: 0.974663
2025-07-28 19:30:19 | INFO     |     召回率: 0.970485
2025-07-28 19:30:19 | INFO     |   学习率调度器: f1_based
2025-07-28 19:30:19 | INFO     | ------------------------------------------------------------
2025-07-28 19:30:19 | INFO     | 🎯 学习率调整事件:
2025-07-28 19:30:19 | INFO     |   调度器类型: f1_based
2025-07-28 19:30:19 | INFO     |   学习率变化: 0.00005000 → 0.00002500
2025-07-28 19:30:19 | INFO     |   触发条件: F1分数 = 0.967629
2025-07-28 19:30:19 | INFO     |   变化幅度: -50.00%
2025-07-28 19:30:19 | INFO     | ------------------------------------------------------------
2025-07-28 19:30:19 | INFO     | Epoch  35 | Train: Loss=0.0379, Acc=0.9795 | Val: Loss=0.0582, Acc=0.9680, F1=0.9676 | LR=0.000025 
2025-07-28 19:31:03 | INFO     | Epoch 36:
2025-07-28 19:31:03 | INFO     |   训练指标:
2025-07-28 19:31:03 | INFO     |     损失(ce): 0.034203
2025-07-28 19:31:03 | INFO     |     准确率: 0.975701
2025-07-28 19:31:03 | INFO     |     学习率: 0.00002500
2025-07-28 19:31:03 | INFO     |   验证指标(标准CE):
2025-07-28 19:31:03 | INFO     |     损失: 0.045640
2025-07-28 19:31:03 | INFO     |     准确率: 0.969970
2025-07-28 19:31:03 | INFO     |     F1(macro): 0.971112
2025-07-28 19:31:03 | INFO     |     F1(weighted): 0.969670
2025-07-28 19:31:03 | INFO     |     精确率: 0.976129
2025-07-28 19:31:03 | INFO     |     召回率: 0.972387
2025-07-28 19:31:03 | INFO     |   学习率调度器: f1_based
2025-07-28 19:31:03 | INFO     | ------------------------------------------------------------
2025-07-28 19:31:03 | INFO     | Epoch  36 | Train: Loss=0.0342, Acc=0.9757 | Val: Loss=0.0456, Acc=0.9700, F1=0.9697 | LR=0.000025 
2025-07-28 19:31:03 | INFO     | ⏹️ 早停触发，在第 36 轮停止训练
2025-07-28 19:31:06 | INFO     | 训练历史已保存到: ./result/0728_1904_DualGAF_DualGAFNet_SDAHU通道压缩_sl96_step96_fd128_extractor-dilated_gaf-adaptive_attention-channel_classifier-mlp_stat-basic_fusion-concat/training_history.csv
2025-07-28 19:31:06 | INFO     | 
====================================================================================================
2025-07-28 19:31:06 | INFO     | 🎉 训练完成总结:
2025-07-28 19:31:06 | INFO     |   训练损失函数: ce
2025-07-28 19:31:06 | INFO     |   验证损失函数: 标准交叉熵（遵循主流ML规范）
2025-07-28 19:31:06 | INFO     |   训练过程最佳验证准确率: 0.9780
2025-07-28 19:31:06 | INFO     |   训练过程最佳验证F1(macro): 0.9786
2025-07-28 19:31:06 | INFO     |   训练过程最佳验证F1(weighted): 0.9777
2025-07-28 19:31:06 | INFO     |   训练轮数: 36
2025-07-28 19:31:06 | INFO     | --------------------------------------------------
2025-07-28 19:31:06 | INFO     | 📊 最佳模型真实性能指标（基于标准交叉熵损失）:
2025-07-28 19:31:06 | INFO     |   验证损失(标准CE): 0.0361
2025-07-28 19:31:06 | INFO     |   验证准确率: 0.9780
2025-07-28 19:31:06 | INFO     |   验证F1(macro): 0.9786
2025-07-28 19:31:06 | INFO     |   验证F1(weighted): 0.9777
2025-07-28 19:31:06 | INFO     |   验证精确率: 0.9822
2025-07-28 19:31:06 | INFO     |   验证召回率: 0.9781
2025-07-28 19:31:06 | INFO     | ====================================================================================================
2025-07-28 19:31:08 | INFO     | ================================================================================
2025-07-28 19:31:08 | INFO     | 实验日志结束: DualGAF_DualGAFNet_SDAHU通道压缩_sl96_step96_fd128_extractor-dilated_gaf-adaptive_attention-channel_classifier-mlp_stat-basic_fusion-concat
2025-07-28 19:31:08 | INFO     | 结束时间: 2025-07-28 19:31:08
2025-07-28 19:31:08 | INFO     | ================================================================================
