2025-07-22 23:06:05 | INFO     | ================================================================================
2025-07-22 23:06:05 | INFO     | 实验日志开始: DualGAF_DualGAFNet_静态融合缩放+残差分类器_sl96_step96_fd128_extractor-dilated_gaf-adaptive_attention-channel_classifier-residual_bottleneck_stat-basic_fusion-concat
2025-07-22 23:06:05 | INFO     | 日志文件: ./result/0722_2306_DualGAF_DualGAFNet_静态融合缩放+残差分类器_sl96_step96_fd128_extractor-dilated_gaf-adaptive_attention-channel_classifier-residual_bottleneck_stat-basic_fusion-concat/training.log
2025-07-22 23:06:05 | INFO     | 开始时间: 2025-07-22 23:06:05
2025-07-22 23:06:05 | INFO     | ================================================================================
2025-07-22 23:06:05 | INFO     | ⚙️ 实验配置:
2025-07-22 23:06:05 | INFO     |    task_name: classification
2025-07-22 23:06:05 | INFO     |    is_training: 1
2025-07-22 23:06:05 | INFO     |    model_id: test
2025-07-22 23:06:05 | INFO     |    model: DualGAFNet
2025-07-22 23:06:05 | INFO     |    data: DualGAF
2025-07-22 23:06:05 | INFO     |    root_path: ./dataset/SAHU/direct_5_working
2025-07-22 23:06:05 | INFO     |    step: 96
2025-07-22 23:06:05 | INFO     |    checkpoints: ./checkpoints/
2025-07-22 23:06:05 | INFO     |    num_class: 9
2025-07-22 23:06:05 | INFO     |    result_path: ./result/
2025-07-22 23:06:05 | INFO     |    test_size: 0.2
2025-07-22 23:06:05 | INFO     |    rows: None
2025-07-22 23:06:05 | INFO     |    seq_len: 96
2025-07-22 23:06:05 | INFO     |    enc_in: 26
2025-07-22 23:06:05 | INFO     |    d_model: 512
2025-07-22 23:06:05 | INFO     |    n_heads: 8
2025-07-22 23:06:05 | INFO     |    e_layers: 2
2025-07-22 23:06:05 | INFO     |    d_layers: 1
2025-07-22 23:06:05 | INFO     |    d_ff: 2048
2025-07-22 23:06:05 | INFO     |    moving_avg: 25
2025-07-22 23:06:05 | INFO     |    factor: 1
2025-07-22 23:06:05 | INFO     |    distil: True
2025-07-22 23:06:05 | INFO     |    dropout: 0.1
2025-07-22 23:06:05 | INFO     |    embed: timeF
2025-07-22 23:06:05 | INFO     |    activation: gelu
2025-07-22 23:06:05 | INFO     |    use_norm: 1
2025-07-22 23:06:05 | INFO     |    gaf_method: summation
2025-07-22 23:06:05 | INFO     |    feature_dim: 128
2025-07-22 23:06:05 | INFO     |    data_type_method: uint8
2025-07-22 23:06:05 | INFO     |    use_attention: True
2025-07-22 23:06:05 | INFO     |    hidden_dim: 64
2025-07-22 23:06:05 | INFO     |    sample_size: 1000
2025-07-22 23:06:05 | INFO     |    channel_groups: None
2025-07-22 23:06:05 | INFO     |    hvac_groups: None
2025-07-22 23:06:05 | INFO     |    extractor_type: dilated
2025-07-22 23:06:05 | INFO     |    fusion_type: adaptive
2025-07-22 23:06:05 | INFO     |    attention_type: channel
2025-07-22 23:06:05 | INFO     |    classifier_type: residual_bottleneck
2025-07-22 23:06:05 | INFO     |    use_statistical_features: True
2025-07-22 23:06:05 | INFO     |    stat_type: basic
2025-07-22 23:06:05 | INFO     |    multimodal_fusion_strategy: concat
2025-07-22 23:06:05 | INFO     |    use_signal_level_stats: False
2025-07-22 23:06:05 | INFO     |    signal_stat_type: comprehensive
2025-07-22 23:06:05 | INFO     |    signal_stat_fusion_strategy: concat_project
2025-07-22 23:06:05 | INFO     |    signal_stat_feature_dim: 32
2025-07-22 23:06:05 | INFO     |    use_diff_branch: True
2025-07-22 23:06:05 | INFO     |    ablation_mode: none
2025-07-22 23:06:05 | INFO     |    backbone_type: resnet18
2025-07-22 23:06:05 | INFO     |    use_sum_branch: True
2025-07-22 23:06:05 | INFO     |    num_workers: 0
2025-07-22 23:06:05 | INFO     |    cuda_debug: False
2025-07-22 23:06:05 | INFO     |    gpu_memory_fraction: 0.9
2025-07-22 23:06:05 | INFO     |    safe_mode: True
2025-07-22 23:06:05 | INFO     |    drop_last_batch: True
2025-07-22 23:06:05 | INFO     |    itr: 1
2025-07-22 23:06:05 | INFO     |    train_epochs: 300
2025-07-22 23:06:05 | INFO     |    batch_size: 4
2025-07-22 23:06:05 | INFO     |    patience: 15
2025-07-22 23:06:05 | INFO     |    learning_rate: 0.0001
2025-07-22 23:06:05 | INFO     |    des: 静态融合缩放+残差分类器
2025-07-22 23:06:05 | INFO     |    loss: MSE
2025-07-22 23:06:05 | INFO     |    lradj: type1
2025-07-22 23:06:05 | INFO     |    lr_scheduler_type: f1_based
2025-07-22 23:06:05 | INFO     |    lr_loss_weight: 0.3
2025-07-22 23:06:05 | INFO     |    lr_f1_weight: 0.7
2025-07-22 23:06:05 | INFO     |    use_amp: False
2025-07-22 23:06:05 | INFO     |    gradient_accumulation_steps: 2
2025-07-22 23:06:05 | INFO     |    enable_auto_gradient_accumulation: True
2025-07-22 23:06:05 | INFO     |    loss_type: ce
2025-07-22 23:06:05 | INFO     |    label_smoothing: 0.1
2025-07-22 23:06:05 | INFO     |    focal_alpha: 1.0
2025-07-22 23:06:05 | INFO     |    focal_gamma: 2.0
2025-07-22 23:06:05 | INFO     |    confidence_penalty_beta: 0.1
2025-07-22 23:06:05 | INFO     |    use_timm_loss: True
2025-07-22 23:06:05 | INFO     |    adaptive_initial_smoothing: 0.2
2025-07-22 23:06:05 | INFO     |    adaptive_final_smoothing: 0.05
2025-07-22 23:06:05 | INFO     |    adaptive_decay_epochs: 30
2025-07-22 23:06:05 | INFO     |    enable_class_weights: False
2025-07-22 23:06:05 | INFO     |    class_weights: None
2025-07-22 23:06:05 | INFO     |    loss_preset: None
2025-07-22 23:06:05 | INFO     |    n_jobs: 1
2025-07-22 23:06:05 | INFO     |    use_multiprocessing: False
2025-07-22 23:06:05 | INFO     |    chunk_size: 800
2025-07-22 23:06:05 | INFO     |    disable_parallel: True
2025-07-22 23:06:05 | INFO     |    use_shared_memory: False
2025-07-22 23:06:05 | INFO     |    disable_shared_memory: False
2025-07-22 23:06:05 | INFO     |    use_gpu: True
2025-07-22 23:06:05 | INFO     |    gpu: 0
2025-07-22 23:06:05 | INFO     |    gpu_type: cuda
2025-07-22 23:06:05 | INFO     |    use_multi_gpu: False
2025-07-22 23:06:05 | INFO     |    devices: 0,1,2,3
2025-07-22 23:06:05 | INFO     |    device: cuda:0
2025-07-22 23:06:05 | INFO     |    feature_columns: ['CHWC_VLV', 'CHWC_VLV_DM', 'MA_TEMP', 'OA_CFM', 'OA_DMPR', 'OA_DMPR_DM', 'OA_TEMP', 'RA_CFM', 'RA_DMPR', 'RA_DMPR_DM', 'RA_TEMP', 'RF_CS', 'RF_SPD', 'RF_WAT', 'SA_CFM', 'SA_SP', 'SA_SPSPT', 'SA_TEMP', 'SF_CS', 'SF_SPD', 'SF_WAT', 'ZONE_TEMP_1', 'ZONE_TEMP_2', 'ZONE_TEMP_3', 'ZONE_TEMP_4', 'ZONE_TEMP_5']
2025-07-22 23:06:05 | INFO     | 🏗️ 模型信息:
2025-07-22 23:06:05 | INFO     |    模型类型: Model
2025-07-22 23:06:05 | INFO     |    总参数数量: 20,660,098
2025-07-22 23:06:05 | INFO     |    可训练参数: 20,660,098
2025-07-22 23:06:05 | INFO     |    模型大小估计: 78.81 MB
2025-07-22 23:06:05 | INFO     | 📊 数据集信息:
2025-07-22 23:06:05 | INFO     |    训练集大小: 3996
2025-07-22 23:06:05 | INFO     |    验证集大小: 999
2025-07-22 23:06:05 | INFO     | 
================================================================================
2025-07-22 23:06:05 | INFO     | 📋 损失函数使用策略（遵循主流机器学习规范）:
2025-07-22 23:06:05 | INFO     |    🎯 训练阶段: 使用 ce 损失函数
2025-07-22 23:06:05 | INFO     |       → 目的：优化模型参数，解决特定问题（类别不平衡、相似性等）
2025-07-22 23:06:05 | INFO     |    📊 验证阶段: 使用标准交叉熵损失函数
2025-07-22 23:06:05 | INFO     |       → 目的：客观评估模型性能，便于不同方法比较
2025-07-22 23:06:05 | INFO     |    📈 最终报告: 基于标准交叉熵损失的指标
2025-07-22 23:06:05 | INFO     |       → 目的：提供可信、可比较的性能指标
2025-07-22 23:06:05 | INFO     | ================================================================================

2025-07-22 23:06:05 | INFO     | 🔄 梯度累积配置: 每2轮累积一次梯度
2025-07-22 23:06:05 | INFO     |    实际batch_size: 4
2025-07-22 23:06:05 | INFO     |    有效batch_size: 8
2025-07-22 23:07:02 | INFO     | Epoch 1:
2025-07-22 23:07:02 | INFO     |   训练指标:
2025-07-22 23:07:02 | INFO     |     损失(ce): 14.006112
2025-07-22 23:07:02 | INFO     |     准确率: 0.129129
2025-07-22 23:07:02 | INFO     |     学习率: 0.00010000
2025-07-22 23:07:02 | INFO     |   验证指标(标准CE):
2025-07-22 23:07:02 | INFO     |     损失: 9.147556
2025-07-22 23:07:02 | INFO     |     准确率: 0.158158
2025-07-22 23:07:02 | INFO     |     F1(macro): 0.119984
2025-07-22 23:07:02 | INFO     |     F1(weighted): 0.117815
2025-07-22 23:07:02 | INFO     |     精确率: 0.368317
2025-07-22 23:07:02 | INFO     |     召回率: 0.155699
2025-07-22 23:07:02 | INFO     |   学习率调度器: f1_based
2025-07-22 23:07:02 | INFO     | ------------------------------------------------------------
2025-07-22 23:07:02 | INFO     | Epoch   1 | Train: Loss=14.0061, Acc=0.1291 | Val: Loss=9.1476, Acc=0.1582, F1=0.1178 | LR=0.000100 🏆 [最佳模型]
2025-07-22 23:07:59 | INFO     | Epoch 2:
2025-07-22 23:07:59 | INFO     |   训练指标:
2025-07-22 23:07:59 | INFO     |     损失(ce): 11.224637
2025-07-22 23:07:59 | INFO     |     准确率: 0.182933
2025-07-22 23:07:59 | INFO     |     学习率: 0.00010000
2025-07-22 23:07:59 | INFO     |   验证指标(标准CE):
2025-07-22 23:07:59 | INFO     |     损失: 6.937810
2025-07-22 23:07:59 | INFO     |     准确率: 0.247247
2025-07-22 23:07:59 | INFO     |     F1(macro): 0.202794
2025-07-22 23:07:59 | INFO     |     F1(weighted): 0.191972
2025-07-22 23:07:59 | INFO     |     精确率: 0.242659
2025-07-22 23:07:59 | INFO     |     召回率: 0.253299
2025-07-22 23:07:59 | INFO     |   学习率调度器: f1_based
2025-07-22 23:07:59 | INFO     | ------------------------------------------------------------
2025-07-22 23:07:59 | INFO     | Epoch   2 | Train: Loss=11.2246, Acc=0.1829 | Val: Loss=6.9378, Acc=0.2472, F1=0.1920 | LR=0.000100 🏆 [最佳模型]
2025-07-22 23:08:55 | INFO     | Epoch 3:
2025-07-22 23:08:55 | INFO     |   训练指标:
2025-07-22 23:08:55 | INFO     |     损失(ce): 9.767131
2025-07-22 23:08:55 | INFO     |     准确率: 0.214214
2025-07-22 23:08:55 | INFO     |     学习率: 0.00010000
2025-07-22 23:08:55 | INFO     |   验证指标(标准CE):
2025-07-22 23:08:55 | INFO     |     损失: 6.272375
2025-07-22 23:08:55 | INFO     |     准确率: 0.266266
2025-07-22 23:08:55 | INFO     |     F1(macro): 0.225466
2025-07-22 23:08:55 | INFO     |     F1(weighted): 0.211944
2025-07-22 23:08:55 | INFO     |     精确率: 0.349898
2025-07-22 23:08:55 | INFO     |     召回率: 0.276640
2025-07-22 23:08:55 | INFO     |   学习率调度器: f1_based
2025-07-22 23:08:55 | INFO     | ------------------------------------------------------------
2025-07-22 23:08:55 | INFO     | Epoch   3 | Train: Loss=9.7671, Acc=0.2142 | Val: Loss=6.2724, Acc=0.2663, F1=0.2119 | LR=0.000100 🏆 [最佳模型]
2025-07-22 23:09:51 | INFO     | Epoch 4:
2025-07-22 23:09:51 | INFO     |   训练指标:
2025-07-22 23:09:51 | INFO     |     损失(ce): 8.338567
2025-07-22 23:09:51 | INFO     |     准确率: 0.258258
2025-07-22 23:09:51 | INFO     |     学习率: 0.00010000
2025-07-22 23:09:51 | INFO     |   验证指标(标准CE):
2025-07-22 23:09:51 | INFO     |     损失: 4.170911
2025-07-22 23:09:51 | INFO     |     准确率: 0.394394
2025-07-22 23:09:51 | INFO     |     F1(macro): 0.384181
2025-07-22 23:09:51 | INFO     |     F1(weighted): 0.377479
2025-07-22 23:09:51 | INFO     |     精确率: 0.484195
2025-07-22 23:09:51 | INFO     |     召回率: 0.402976
2025-07-22 23:09:51 | INFO     |   学习率调度器: f1_based
2025-07-22 23:09:51 | INFO     | ------------------------------------------------------------
2025-07-22 23:09:51 | INFO     | Epoch   4 | Train: Loss=8.3386, Acc=0.2583 | Val: Loss=4.1709, Acc=0.3944, F1=0.3775 | LR=0.000100 🏆 [最佳模型]
2025-07-22 23:10:48 | INFO     | Epoch 5:
2025-07-22 23:10:48 | INFO     |   训练指标:
2025-07-22 23:10:48 | INFO     |     损失(ce): 7.113192
2025-07-22 23:10:48 | INFO     |     准确率: 0.297047
2025-07-22 23:10:48 | INFO     |     学习率: 0.00010000
2025-07-22 23:10:48 | INFO     |   验证指标(标准CE):
2025-07-22 23:10:48 | INFO     |     损失: 2.696546
2025-07-22 23:10:48 | INFO     |     准确率: 0.502503
2025-07-22 23:10:48 | INFO     |     F1(macro): 0.482693
2025-07-22 23:10:48 | INFO     |     F1(weighted): 0.472665
2025-07-22 23:10:48 | INFO     |     精确率: 0.541055
2025-07-22 23:10:48 | INFO     |     召回率: 0.507516
2025-07-22 23:10:48 | INFO     |   学习率调度器: f1_based
2025-07-22 23:10:48 | INFO     | ------------------------------------------------------------
2025-07-22 23:10:48 | INFO     | Epoch   5 | Train: Loss=7.1132, Acc=0.2970 | Val: Loss=2.6965, Acc=0.5025, F1=0.4727 | LR=0.000100 🏆 [最佳模型]
2025-07-22 23:11:44 | INFO     | Epoch 6:
2025-07-22 23:11:44 | INFO     |   训练指标:
2025-07-22 23:11:44 | INFO     |     损失(ce): 6.017208
2025-07-22 23:11:44 | INFO     |     准确率: 0.342593
2025-07-22 23:11:44 | INFO     |     学习率: 0.00010000
2025-07-22 23:11:44 | INFO     |   验证指标(标准CE):
2025-07-22 23:11:44 | INFO     |     损失: 2.953223
2025-07-22 23:11:44 | INFO     |     准确率: 0.512513
2025-07-22 23:11:44 | INFO     |     F1(macro): 0.544421
2025-07-22 23:11:44 | INFO     |     F1(weighted): 0.535458
2025-07-22 23:11:44 | INFO     |     精确率: 0.641089
2025-07-22 23:11:44 | INFO     |     召回率: 0.524957
2025-07-22 23:11:44 | INFO     |   学习率调度器: f1_based
2025-07-22 23:11:44 | INFO     | ------------------------------------------------------------
2025-07-22 23:11:44 | INFO     | Epoch   6 | Train: Loss=6.0172, Acc=0.3426 | Val: Loss=2.9532, Acc=0.5125, F1=0.5355 | LR=0.000100 🏆 [最佳模型]
2025-07-22 23:12:40 | INFO     | Epoch 7:
2025-07-22 23:12:40 | INFO     |   训练指标:
2025-07-22 23:12:40 | INFO     |     损失(ce): 5.055459
2025-07-22 23:12:40 | INFO     |     准确率: 0.372122
2025-07-22 23:12:40 | INFO     |     学习率: 0.00010000
2025-07-22 23:12:40 | INFO     |   验证指标(标准CE):
2025-07-22 23:12:40 | INFO     |     损失: 2.655208
2025-07-22 23:12:40 | INFO     |     准确率: 0.601602
2025-07-22 23:12:40 | INFO     |     F1(macro): 0.592085
2025-07-22 23:12:40 | INFO     |     F1(weighted): 0.579988
2025-07-22 23:12:40 | INFO     |     精确率: 0.690049
2025-07-22 23:12:40 | INFO     |     召回率: 0.609795
2025-07-22 23:12:40 | INFO     |   学习率调度器: f1_based
2025-07-22 23:12:40 | INFO     | ------------------------------------------------------------
2025-07-22 23:12:40 | INFO     | Epoch   7 | Train: Loss=5.0555, Acc=0.3721 | Val: Loss=2.6552, Acc=0.6016, F1=0.5800 | LR=0.000100 🏆 [最佳模型]
2025-07-22 23:13:37 | INFO     | Epoch 8:
2025-07-22 23:13:37 | INFO     |   训练指标:
2025-07-22 23:13:37 | INFO     |     损失(ce): 3.795678
2025-07-22 23:13:37 | INFO     |     准确率: 0.443193
2025-07-22 23:13:37 | INFO     |     学习率: 0.00010000
2025-07-22 23:13:37 | INFO     |   验证指标(标准CE):
2025-07-22 23:13:37 | INFO     |     损失: 2.191936
2025-07-22 23:13:37 | INFO     |     准确率: 0.617618
2025-07-22 23:13:37 | INFO     |     F1(macro): 0.610817
2025-07-22 23:13:37 | INFO     |     F1(weighted): 0.605119
2025-07-22 23:13:37 | INFO     |     精确率: 0.641505
2025-07-22 23:13:37 | INFO     |     召回率: 0.622820
2025-07-22 23:13:37 | INFO     |   学习率调度器: f1_based
2025-07-22 23:13:37 | INFO     | ------------------------------------------------------------
2025-07-22 23:13:37 | INFO     | Epoch   8 | Train: Loss=3.7957, Acc=0.4432 | Val: Loss=2.1919, Acc=0.6176, F1=0.6051 | LR=0.000100 🏆 [最佳模型]
2025-07-22 23:14:33 | INFO     | Epoch 9:
2025-07-22 23:14:33 | INFO     |   训练指标:
2025-07-22 23:14:33 | INFO     |     损失(ce): 2.786398
2025-07-22 23:14:33 | INFO     |     准确率: 0.490490
2025-07-22 23:14:33 | INFO     |     学习率: 0.00010000
2025-07-22 23:14:33 | INFO     |   验证指标(标准CE):
2025-07-22 23:14:33 | INFO     |     损失: 1.717211
2025-07-22 23:14:33 | INFO     |     准确率: 0.668669
2025-07-22 23:14:33 | INFO     |     F1(macro): 0.665407
2025-07-22 23:14:33 | INFO     |     F1(weighted): 0.661516
2025-07-22 23:14:33 | INFO     |     精确率: 0.671999
2025-07-22 23:14:33 | INFO     |     召回率: 0.675580
2025-07-22 23:14:33 | INFO     |   学习率调度器: f1_based
2025-07-22 23:14:33 | INFO     | ------------------------------------------------------------
2025-07-22 23:14:33 | INFO     | Epoch   9 | Train: Loss=2.7864, Acc=0.4905 | Val: Loss=1.7172, Acc=0.6687, F1=0.6615 | LR=0.000100 🏆 [最佳模型]
2025-07-22 23:15:29 | INFO     | Epoch 10:
2025-07-22 23:15:29 | INFO     |   训练指标:
2025-07-22 23:15:29 | INFO     |     损失(ce): 2.008890
2025-07-22 23:15:29 | INFO     |     准确率: 0.548298
2025-07-22 23:15:29 | INFO     |     学习率: 0.00010000
2025-07-22 23:15:29 | INFO     |   验证指标(标准CE):
2025-07-22 23:15:29 | INFO     |     损失: 1.137870
2025-07-22 23:15:29 | INFO     |     准确率: 0.710711
2025-07-22 23:15:29 | INFO     |     F1(macro): 0.719957
2025-07-22 23:15:29 | INFO     |     F1(weighted): 0.714907
2025-07-22 23:15:29 | INFO     |     精确率: 0.742128
2025-07-22 23:15:29 | INFO     |     召回率: 0.715834
2025-07-22 23:15:29 | INFO     |   学习率调度器: f1_based
2025-07-22 23:15:29 | INFO     | ------------------------------------------------------------
2025-07-22 23:15:29 | INFO     | Epoch  10 | Train: Loss=2.0089, Acc=0.5483 | Val: Loss=1.1379, Acc=0.7107, F1=0.7149 | LR=0.000100 🏆 [最佳模型]
2025-07-22 23:16:26 | INFO     | Epoch 11:
2025-07-22 23:16:26 | INFO     |   训练指标:
2025-07-22 23:16:26 | INFO     |     损失(ce): 1.570491
2025-07-22 23:16:26 | INFO     |     准确率: 0.596346
2025-07-22 23:16:26 | INFO     |     学习率: 0.00010000
2025-07-22 23:16:26 | INFO     |   验证指标(标准CE):
2025-07-22 23:16:26 | INFO     |     损失: 1.168243
2025-07-22 23:16:26 | INFO     |     准确率: 0.715716
2025-07-22 23:16:26 | INFO     |     F1(macro): 0.704168
2025-07-22 23:16:26 | INFO     |     F1(weighted): 0.697084
2025-07-22 23:16:26 | INFO     |     精确率: 0.756185
2025-07-22 23:16:26 | INFO     |     召回率: 0.720003
2025-07-22 23:16:26 | INFO     |   学习率调度器: f1_based
2025-07-22 23:16:26 | INFO     | ------------------------------------------------------------
2025-07-22 23:16:26 | INFO     | Epoch  11 | Train: Loss=1.5705, Acc=0.5963 | Val: Loss=1.1682, Acc=0.7157, F1=0.6971 | LR=0.000100 
2025-07-22 23:17:22 | INFO     | Epoch 12:
2025-07-22 23:17:22 | INFO     |   训练指标:
2025-07-22 23:17:22 | INFO     |     损失(ce): 1.347570
2025-07-22 23:17:22 | INFO     |     准确率: 0.635385
2025-07-22 23:17:22 | INFO     |     学习率: 0.00010000
2025-07-22 23:17:22 | INFO     |   验证指标(标准CE):
2025-07-22 23:17:22 | INFO     |     损失: 1.021704
2025-07-22 23:17:22 | INFO     |     准确率: 0.803804
2025-07-22 23:17:22 | INFO     |     F1(macro): 0.803931
2025-07-22 23:17:22 | INFO     |     F1(weighted): 0.799083
2025-07-22 23:17:22 | INFO     |     精确率: 0.845499
2025-07-22 23:17:22 | INFO     |     召回率: 0.805673
2025-07-22 23:17:22 | INFO     |   学习率调度器: f1_based
2025-07-22 23:17:22 | INFO     | ------------------------------------------------------------
2025-07-22 23:17:22 | INFO     | Epoch  12 | Train: Loss=1.3476, Acc=0.6354 | Val: Loss=1.0217, Acc=0.8038, F1=0.7991 | LR=0.000100 🏆 [最佳模型]
2025-07-22 23:18:18 | INFO     | Epoch 13:
2025-07-22 23:18:18 | INFO     |   训练指标:
2025-07-22 23:18:18 | INFO     |     损失(ce): 1.152157
2025-07-22 23:18:18 | INFO     |     准确率: 0.667918
2025-07-22 23:18:18 | INFO     |     学习率: 0.00010000
2025-07-22 23:18:18 | INFO     |   验证指标(标准CE):
2025-07-22 23:18:18 | INFO     |     损失: 2.194227
2025-07-22 23:18:18 | INFO     |     准确率: 0.763764
2025-07-22 23:18:18 | INFO     |     F1(macro): 0.782367
2025-07-22 23:18:18 | INFO     |     F1(weighted): 0.778119
2025-07-22 23:18:18 | INFO     |     精确率: 0.827166
2025-07-22 23:18:18 | INFO     |     召回率: 0.766508
2025-07-22 23:18:18 | INFO     |   学习率调度器: f1_based
2025-07-22 23:18:18 | INFO     | ------------------------------------------------------------
2025-07-22 23:18:18 | INFO     | Epoch  13 | Train: Loss=1.1522, Acc=0.6679 | Val: Loss=2.1942, Acc=0.7638, F1=0.7781 | LR=0.000100 
2025-07-22 23:19:14 | INFO     | Epoch 14:
2025-07-22 23:19:14 | INFO     |   训练指标:
2025-07-22 23:19:14 | INFO     |     损失(ce): 1.035129
2025-07-22 23:19:14 | INFO     |     准确率: 0.695445
2025-07-22 23:19:14 | INFO     |     学习率: 0.00010000
2025-07-22 23:19:14 | INFO     |   验证指标(标准CE):
2025-07-22 23:19:14 | INFO     |     损失: 0.686445
2025-07-22 23:19:14 | INFO     |     准确率: 0.793794
2025-07-22 23:19:14 | INFO     |     F1(macro): 0.811558
2025-07-22 23:19:14 | INFO     |     F1(weighted): 0.807519
2025-07-22 23:19:14 | INFO     |     精确率: 0.838698
2025-07-22 23:19:14 | INFO     |     召回率: 0.796345
2025-07-22 23:19:14 | INFO     |   学习率调度器: f1_based
2025-07-22 23:19:14 | INFO     | ------------------------------------------------------------
2025-07-22 23:19:14 | INFO     | Epoch  14 | Train: Loss=1.0351, Acc=0.6954 | Val: Loss=0.6864, Acc=0.7938, F1=0.8075 | LR=0.000100 🏆 [最佳模型]
2025-07-22 23:20:10 | INFO     | Epoch 15:
2025-07-22 23:20:10 | INFO     |   训练指标:
2025-07-22 23:20:10 | INFO     |     损失(ce): 0.862275
2025-07-22 23:20:10 | INFO     |     准确率: 0.743994
2025-07-22 23:20:10 | INFO     |     学习率: 0.00010000
2025-07-22 23:20:10 | INFO     |   验证指标(标准CE):
2025-07-22 23:20:10 | INFO     |     损失: 0.617567
2025-07-22 23:20:10 | INFO     |     准确率: 0.813814
2025-07-22 23:20:10 | INFO     |     F1(macro): 0.826037
2025-07-22 23:20:10 | INFO     |     F1(weighted): 0.820396
2025-07-22 23:20:10 | INFO     |     精确率: 0.855960
2025-07-22 23:20:10 | INFO     |     召回率: 0.820432
2025-07-22 23:20:10 | INFO     |   学习率调度器: f1_based
2025-07-22 23:20:10 | INFO     | ------------------------------------------------------------
2025-07-22 23:20:10 | INFO     | Epoch  15 | Train: Loss=0.8623, Acc=0.7440 | Val: Loss=0.6176, Acc=0.8138, F1=0.8204 | LR=0.000100 🏆 [最佳模型]
2025-07-22 23:21:06 | INFO     | Epoch 16:
2025-07-22 23:21:06 | INFO     |   训练指标:
2025-07-22 23:21:06 | INFO     |     损失(ce): 0.800437
2025-07-22 23:21:06 | INFO     |     准确率: 0.762262
2025-07-22 23:21:06 | INFO     |     学习率: 0.00010000
2025-07-22 23:21:06 | INFO     |   验证指标(标准CE):
2025-07-22 23:21:06 | INFO     |     损失: 2.300901
2025-07-22 23:21:06 | INFO     |     准确率: 0.802803
2025-07-22 23:21:06 | INFO     |     F1(macro): 0.792694
2025-07-22 23:21:06 | INFO     |     F1(weighted): 0.788537
2025-07-22 23:21:06 | INFO     |     精确率: 0.800939
2025-07-22 23:21:06 | INFO     |     召回率: 0.809810
2025-07-22 23:21:06 | INFO     |   学习率调度器: f1_based
2025-07-22 23:21:06 | INFO     | ------------------------------------------------------------
2025-07-22 23:21:06 | INFO     | Epoch  16 | Train: Loss=0.8004, Acc=0.7623 | Val: Loss=2.3009, Acc=0.8028, F1=0.7885 | LR=0.000100 
2025-07-22 23:22:02 | INFO     | Epoch 17:
2025-07-22 23:22:02 | INFO     |   训练指标:
2025-07-22 23:22:02 | INFO     |     损失(ce): 0.743778
2025-07-22 23:22:02 | INFO     |     准确率: 0.773273
2025-07-22 23:22:02 | INFO     |     学习率: 0.00010000
2025-07-22 23:22:02 | INFO     |   验证指标(标准CE):
2025-07-22 23:22:02 | INFO     |     损失: 0.275126
2025-07-22 23:22:02 | INFO     |     准确率: 0.877878
2025-07-22 23:22:02 | INFO     |     F1(macro): 0.877915
2025-07-22 23:22:02 | INFO     |     F1(weighted): 0.874766
2025-07-22 23:22:02 | INFO     |     精确率: 0.875704
2025-07-22 23:22:02 | INFO     |     召回率: 0.882037
2025-07-22 23:22:02 | INFO     |   学习率调度器: f1_based
2025-07-22 23:22:02 | INFO     | ------------------------------------------------------------
2025-07-22 23:22:02 | INFO     | Epoch  17 | Train: Loss=0.7438, Acc=0.7733 | Val: Loss=0.2751, Acc=0.8779, F1=0.8748 | LR=0.000100 🏆 [最佳模型]
2025-07-22 23:22:59 | INFO     | Epoch 18:
2025-07-22 23:22:59 | INFO     |   训练指标:
2025-07-22 23:22:59 | INFO     |     损失(ce): 0.675296
2025-07-22 23:22:59 | INFO     |     准确率: 0.791291
2025-07-22 23:22:59 | INFO     |     学习率: 0.00010000
2025-07-22 23:22:59 | INFO     |   验证指标(标准CE):
2025-07-22 23:22:59 | INFO     |     损失: 0.548920
2025-07-22 23:22:59 | INFO     |     准确率: 0.847848
2025-07-22 23:22:59 | INFO     |     F1(macro): 0.845364
2025-07-22 23:22:59 | INFO     |     F1(weighted): 0.838990
2025-07-22 23:22:59 | INFO     |     精确率: 0.872196
2025-07-22 23:22:59 | INFO     |     召回率: 0.856321
2025-07-22 23:22:59 | INFO     |   学习率调度器: f1_based
2025-07-22 23:22:59 | INFO     | ------------------------------------------------------------
2025-07-22 23:22:59 | INFO     | Epoch  18 | Train: Loss=0.6753, Acc=0.7913 | Val: Loss=0.5489, Acc=0.8478, F1=0.8390 | LR=0.000100 
2025-07-22 23:23:55 | INFO     | Epoch 19:
2025-07-22 23:23:55 | INFO     |   训练指标:
2025-07-22 23:23:55 | INFO     |     损失(ce): 0.577168
2025-07-22 23:23:55 | INFO     |     准确率: 0.820320
2025-07-22 23:23:55 | INFO     |     学习率: 0.00010000
2025-07-22 23:23:55 | INFO     |   验证指标(标准CE):
2025-07-22 23:23:55 | INFO     |     损失: 3.633883
2025-07-22 23:23:55 | INFO     |     准确率: 0.885886
2025-07-22 23:23:55 | INFO     |     F1(macro): 0.882198
2025-07-22 23:23:55 | INFO     |     F1(weighted): 0.878920
2025-07-22 23:23:55 | INFO     |     精确率: 0.879244
2025-07-22 23:23:55 | INFO     |     召回率: 0.890520
2025-07-22 23:23:55 | INFO     |   学习率调度器: f1_based
2025-07-22 23:23:55 | INFO     | ------------------------------------------------------------
2025-07-22 23:23:55 | INFO     | Epoch  19 | Train: Loss=0.5772, Acc=0.8203 | Val: Loss=3.6339, Acc=0.8859, F1=0.8789 | LR=0.000100 🏆 [最佳模型]
2025-07-22 23:24:51 | INFO     | Epoch 20:
2025-07-22 23:24:51 | INFO     |   训练指标:
2025-07-22 23:24:51 | INFO     |     损失(ce): 0.554867
2025-07-22 23:24:51 | INFO     |     准确率: 0.834084
2025-07-22 23:24:51 | INFO     |     学习率: 0.00010000
2025-07-22 23:24:51 | INFO     |   验证指标(标准CE):
2025-07-22 23:24:51 | INFO     |     损失: 0.476093
2025-07-22 23:24:51 | INFO     |     准确率: 0.856857
2025-07-22 23:24:51 | INFO     |     F1(macro): 0.854565
2025-07-22 23:24:51 | INFO     |     F1(weighted): 0.847477
2025-07-22 23:24:51 | INFO     |     精确率: 0.883523
2025-07-22 23:24:51 | INFO     |     召回率: 0.865310
2025-07-22 23:24:51 | INFO     |   学习率调度器: f1_based
2025-07-22 23:24:51 | INFO     | ------------------------------------------------------------
2025-07-22 23:24:51 | INFO     | Epoch  20 | Train: Loss=0.5549, Acc=0.8341 | Val: Loss=0.4761, Acc=0.8569, F1=0.8475 | LR=0.000100 
2025-07-22 23:25:47 | INFO     | Epoch 21:
2025-07-22 23:25:47 | INFO     |   训练指标:
2025-07-22 23:25:47 | INFO     |     损失(ce): 0.518556
2025-07-22 23:25:47 | INFO     |     准确率: 0.842342
2025-07-22 23:25:47 | INFO     |     学习率: 0.00010000
2025-07-22 23:25:47 | INFO     |   验证指标(标准CE):
2025-07-22 23:25:47 | INFO     |     损失: 0.357858
2025-07-22 23:25:47 | INFO     |     准确率: 0.890891
2025-07-22 23:25:47 | INFO     |     F1(macro): 0.898480
2025-07-22 23:25:47 | INFO     |     F1(weighted): 0.893903
2025-07-22 23:25:47 | INFO     |     精确率: 0.903960
2025-07-22 23:25:47 | INFO     |     召回率: 0.895644
2025-07-22 23:25:47 | INFO     |   学习率调度器: f1_based
2025-07-22 23:25:47 | INFO     | ------------------------------------------------------------
2025-07-22 23:25:47 | INFO     | Epoch  21 | Train: Loss=0.5186, Acc=0.8423 | Val: Loss=0.3579, Acc=0.8909, F1=0.8939 | LR=0.000100 🏆 [最佳模型]
2025-07-22 23:26:43 | INFO     | Epoch 22:
2025-07-22 23:26:43 | INFO     |   训练指标:
2025-07-22 23:26:43 | INFO     |     损失(ce): 0.485865
2025-07-22 23:26:43 | INFO     |     准确率: 0.858358
2025-07-22 23:26:43 | INFO     |     学习率: 0.00010000
2025-07-22 23:26:43 | INFO     |   验证指标(标准CE):
2025-07-22 23:26:43 | INFO     |     损失: 0.403322
2025-07-22 23:26:43 | INFO     |     准确率: 0.892893
2025-07-22 23:26:43 | INFO     |     F1(macro): 0.897639
2025-07-22 23:26:43 | INFO     |     F1(weighted): 0.894148
2025-07-22 23:26:43 | INFO     |     精确率: 0.911114
2025-07-22 23:26:43 | INFO     |     召回率: 0.897895
2025-07-22 23:26:43 | INFO     |   学习率调度器: f1_based
2025-07-22 23:26:43 | INFO     | ------------------------------------------------------------
2025-07-22 23:26:43 | INFO     | Epoch  22 | Train: Loss=0.4859, Acc=0.8584 | Val: Loss=0.4033, Acc=0.8929, F1=0.8941 | LR=0.000100 🏆 [最佳模型]
2025-07-22 23:27:40 | INFO     | Epoch 23:
2025-07-22 23:27:40 | INFO     |   训练指标:
2025-07-22 23:27:40 | INFO     |     损失(ce): 0.444129
2025-07-22 23:27:40 | INFO     |     准确率: 0.869620
2025-07-22 23:27:40 | INFO     |     学习率: 0.00010000
2025-07-22 23:27:40 | INFO     |   验证指标(标准CE):
2025-07-22 23:27:40 | INFO     |     损失: 0.606216
2025-07-22 23:27:40 | INFO     |     准确率: 0.876877
2025-07-22 23:27:40 | INFO     |     F1(macro): 0.880476
2025-07-22 23:27:40 | INFO     |     F1(weighted): 0.877350
2025-07-22 23:27:40 | INFO     |     精确率: 0.886114
2025-07-22 23:27:40 | INFO     |     召回率: 0.880038
2025-07-22 23:27:40 | INFO     |   学习率调度器: f1_based
2025-07-22 23:27:40 | INFO     | ------------------------------------------------------------
2025-07-22 23:27:40 | INFO     | Epoch  23 | Train: Loss=0.4441, Acc=0.8696 | Val: Loss=0.6062, Acc=0.8769, F1=0.8774 | LR=0.000100 
2025-07-22 23:28:35 | INFO     | Epoch 24:
2025-07-22 23:28:35 | INFO     |   训练指标:
2025-07-22 23:28:35 | INFO     |     损失(ce): 0.389375
2025-07-22 23:28:35 | INFO     |     准确率: 0.886887
2025-07-22 23:28:35 | INFO     |     学习率: 0.00010000
2025-07-22 23:28:35 | INFO     |   验证指标(标准CE):
2025-07-22 23:28:35 | INFO     |     损失: 0.139061
2025-07-22 23:28:35 | INFO     |     准确率: 0.947948
2025-07-22 23:28:35 | INFO     |     F1(macro): 0.949678
2025-07-22 23:28:35 | INFO     |     F1(weighted): 0.947278
2025-07-22 23:28:35 | INFO     |     精确率: 0.955529
2025-07-22 23:28:35 | INFO     |     召回率: 0.951408
2025-07-22 23:28:35 | INFO     |   学习率调度器: f1_based
2025-07-22 23:28:35 | INFO     | ------------------------------------------------------------
2025-07-22 23:28:35 | INFO     | Epoch  24 | Train: Loss=0.3894, Acc=0.8869 | Val: Loss=0.1391, Acc=0.9479, F1=0.9473 | LR=0.000100 🏆 [最佳模型]
2025-07-22 23:29:32 | INFO     | Epoch 25:
2025-07-22 23:29:32 | INFO     |   训练指标:
2025-07-22 23:29:32 | INFO     |     损失(ce): 0.410386
2025-07-22 23:29:32 | INFO     |     准确率: 0.891391
2025-07-22 23:29:32 | INFO     |     学习率: 0.00010000
2025-07-22 23:29:32 | INFO     |   验证指标(标准CE):
2025-07-22 23:29:32 | INFO     |     损失: 0.101884
2025-07-22 23:29:32 | INFO     |     准确率: 0.957958
2025-07-22 23:29:32 | INFO     |     F1(macro): 0.959768
2025-07-22 23:29:32 | INFO     |     F1(weighted): 0.957956
2025-07-22 23:29:32 | INFO     |     精确率: 0.960387
2025-07-22 23:29:32 | INFO     |     召回率: 0.959497
2025-07-22 23:29:32 | INFO     |   学习率调度器: f1_based
2025-07-22 23:29:32 | INFO     | ------------------------------------------------------------
2025-07-22 23:29:32 | INFO     | Epoch  25 | Train: Loss=0.4104, Acc=0.8914 | Val: Loss=0.1019, Acc=0.9580, F1=0.9580 | LR=0.000100 🏆 [最佳模型]
2025-07-22 23:30:28 | INFO     | Epoch 26:
2025-07-22 23:30:28 | INFO     |   训练指标:
2025-07-22 23:30:28 | INFO     |     损失(ce): 0.362093
2025-07-22 23:30:28 | INFO     |     准确率: 0.894645
2025-07-22 23:30:28 | INFO     |     学习率: 0.00010000
2025-07-22 23:30:28 | INFO     |   验证指标(标准CE):
2025-07-22 23:30:28 | INFO     |     损失: 0.200200
2025-07-22 23:30:28 | INFO     |     准确率: 0.934935
2025-07-22 23:30:28 | INFO     |     F1(macro): 0.936284
2025-07-22 23:30:28 | INFO     |     F1(weighted): 0.934316
2025-07-22 23:30:28 | INFO     |     精确率: 0.942226
2025-07-22 23:30:28 | INFO     |     召回率: 0.937736
2025-07-22 23:30:28 | INFO     |   学习率调度器: f1_based
2025-07-22 23:30:28 | INFO     | ------------------------------------------------------------
2025-07-22 23:30:28 | INFO     | Epoch  26 | Train: Loss=0.3621, Acc=0.8946 | Val: Loss=0.2002, Acc=0.9349, F1=0.9343 | LR=0.000100 
2025-07-22 23:31:24 | INFO     | Epoch 27:
2025-07-22 23:31:24 | INFO     |   训练指标:
2025-07-22 23:31:24 | INFO     |     损失(ce): 0.333997
2025-07-22 23:31:24 | INFO     |     准确率: 0.910911
2025-07-22 23:31:24 | INFO     |     学习率: 0.00010000
2025-07-22 23:31:24 | INFO     |   验证指标(标准CE):
2025-07-22 23:31:24 | INFO     |     损失: 0.271019
2025-07-22 23:31:24 | INFO     |     准确率: 0.946947
2025-07-22 23:31:24 | INFO     |     F1(macro): 0.947733
2025-07-22 23:31:24 | INFO     |     F1(weighted): 0.945819
2025-07-22 23:31:24 | INFO     |     精确率: 0.951812
2025-07-22 23:31:24 | INFO     |     召回率: 0.950245
2025-07-22 23:31:24 | INFO     |   学习率调度器: f1_based
2025-07-22 23:31:24 | INFO     | ------------------------------------------------------------
2025-07-22 23:31:24 | INFO     | Epoch  27 | Train: Loss=0.3340, Acc=0.9109 | Val: Loss=0.2710, Acc=0.9469, F1=0.9458 | LR=0.000100 
2025-07-22 23:32:20 | INFO     | Epoch 28:
2025-07-22 23:32:20 | INFO     |   训练指标:
2025-07-22 23:32:20 | INFO     |     损失(ce): 0.332785
2025-07-22 23:32:20 | INFO     |     准确率: 0.911411
2025-07-22 23:32:20 | INFO     |     学习率: 0.00010000
2025-07-22 23:32:20 | INFO     |   验证指标(标准CE):
2025-07-22 23:32:20 | INFO     |     损失: 0.139374
2025-07-22 23:32:20 | INFO     |     准确率: 0.956957
2025-07-22 23:32:20 | INFO     |     F1(macro): 0.956521
2025-07-22 23:32:20 | INFO     |     F1(weighted): 0.955221
2025-07-22 23:32:20 | INFO     |     精确率: 0.966577
2025-07-22 23:32:20 | INFO     |     召回率: 0.957205
2025-07-22 23:32:20 | INFO     |   学习率调度器: f1_based
2025-07-22 23:32:20 | INFO     | ------------------------------------------------------------
2025-07-22 23:32:20 | INFO     | Epoch  28 | Train: Loss=0.3328, Acc=0.9114 | Val: Loss=0.1394, Acc=0.9570, F1=0.9552 | LR=0.000100 
2025-07-22 23:33:16 | INFO     | Epoch 29:
2025-07-22 23:33:16 | INFO     |   训练指标:
2025-07-22 23:33:16 | INFO     |     损失(ce): 0.268093
2025-07-22 23:33:16 | INFO     |     准确率: 0.926927
2025-07-22 23:33:16 | INFO     |     学习率: 0.00010000
2025-07-22 23:33:16 | INFO     |   验证指标(标准CE):
2025-07-22 23:33:16 | INFO     |     损失: 0.083545
2025-07-22 23:33:16 | INFO     |     准确率: 0.964965
2025-07-22 23:33:16 | INFO     |     F1(macro): 0.965921
2025-07-22 23:33:16 | INFO     |     F1(weighted): 0.964664
2025-07-22 23:33:16 | INFO     |     精确率: 0.968739
2025-07-22 23:33:16 | INFO     |     召回率: 0.965605
2025-07-22 23:33:16 | INFO     |   学习率调度器: f1_based
2025-07-22 23:33:16 | INFO     | ------------------------------------------------------------
2025-07-22 23:33:16 | INFO     | Epoch  29 | Train: Loss=0.2681, Acc=0.9269 | Val: Loss=0.0835, Acc=0.9650, F1=0.9647 | LR=0.000100 🏆 [最佳模型]
2025-07-22 23:34:12 | INFO     | Epoch 30:
2025-07-22 23:34:12 | INFO     |   训练指标:
2025-07-22 23:34:12 | INFO     |     损失(ce): 0.333526
2025-07-22 23:34:12 | INFO     |     准确率: 0.917417
2025-07-22 23:34:12 | INFO     |     学习率: 0.00010000
2025-07-22 23:34:12 | INFO     |   验证指标(标准CE):
2025-07-22 23:34:12 | INFO     |     损失: 0.213934
2025-07-22 23:34:12 | INFO     |     准确率: 0.961962
2025-07-22 23:34:12 | INFO     |     F1(macro): 0.963393
2025-07-22 23:34:12 | INFO     |     F1(weighted): 0.961703
2025-07-22 23:34:12 | INFO     |     精确率: 0.966660
2025-07-22 23:34:12 | INFO     |     召回率: 0.964570
2025-07-22 23:34:12 | INFO     |   学习率调度器: f1_based
2025-07-22 23:34:12 | INFO     | ------------------------------------------------------------
2025-07-22 23:34:12 | INFO     | Epoch  30 | Train: Loss=0.3335, Acc=0.9174 | Val: Loss=0.2139, Acc=0.9620, F1=0.9617 | LR=0.000100 
2025-07-22 23:35:08 | INFO     | Epoch 31:
2025-07-22 23:35:08 | INFO     |   训练指标:
2025-07-22 23:35:08 | INFO     |     损失(ce): 0.300888
2025-07-22 23:35:08 | INFO     |     准确率: 0.927427
2025-07-22 23:35:08 | INFO     |     学习率: 0.00010000
2025-07-22 23:35:08 | INFO     |   验证指标(标准CE):
2025-07-22 23:35:08 | INFO     |     损失: 0.208354
2025-07-22 23:35:08 | INFO     |     准确率: 0.944945
2025-07-22 23:35:08 | INFO     |     F1(macro): 0.947419
2025-07-22 23:35:08 | INFO     |     F1(weighted): 0.945232
2025-07-22 23:35:08 | INFO     |     精确率: 0.953063
2025-07-22 23:35:08 | INFO     |     召回率: 0.948195
2025-07-22 23:35:08 | INFO     |   学习率调度器: f1_based
2025-07-22 23:35:08 | INFO     | ------------------------------------------------------------
2025-07-22 23:35:08 | INFO     | Epoch  31 | Train: Loss=0.3009, Acc=0.9274 | Val: Loss=0.2084, Acc=0.9449, F1=0.9452 | LR=0.000100 
2025-07-22 23:36:03 | INFO     | Epoch 32:
2025-07-22 23:36:03 | INFO     |   训练指标:
2025-07-22 23:36:03 | INFO     |     损失(ce): 0.279075
2025-07-22 23:36:03 | INFO     |     准确率: 0.931181
2025-07-22 23:36:03 | INFO     |     学习率: 0.00010000
2025-07-22 23:36:03 | INFO     |   验证指标(标准CE):
2025-07-22 23:36:03 | INFO     |     损失: 0.177127
2025-07-22 23:36:03 | INFO     |     准确率: 0.949950
2025-07-22 23:36:03 | INFO     |     F1(macro): 0.951871
2025-07-22 23:36:03 | INFO     |     F1(weighted): 0.949690
2025-07-22 23:36:03 | INFO     |     精确率: 0.953690
2025-07-22 23:36:03 | INFO     |     召回率: 0.952845
2025-07-22 23:36:03 | INFO     |   学习率调度器: f1_based
2025-07-22 23:36:03 | INFO     | ------------------------------------------------------------
2025-07-22 23:36:03 | INFO     | Epoch  32 | Train: Loss=0.2791, Acc=0.9312 | Val: Loss=0.1771, Acc=0.9499, F1=0.9497 | LR=0.000100 
2025-07-22 23:36:59 | INFO     | Epoch 33:
2025-07-22 23:36:59 | INFO     |   训练指标:
2025-07-22 23:36:59 | INFO     |     损失(ce): 0.242357
2025-07-22 23:36:59 | INFO     |     准确率: 0.938939
2025-07-22 23:36:59 | INFO     |     学习率: 0.00010000
2025-07-22 23:36:59 | INFO     |   验证指标(标准CE):
2025-07-22 23:36:59 | INFO     |     损失: 0.116805
2025-07-22 23:36:59 | INFO     |     准确率: 0.967968
2025-07-22 23:36:59 | INFO     |     F1(macro): 0.968928
2025-07-22 23:36:59 | INFO     |     F1(weighted): 0.967762
2025-07-22 23:36:59 | INFO     |     精确率: 0.970164
2025-07-22 23:36:59 | INFO     |     召回率: 0.968756
2025-07-22 23:36:59 | INFO     |   学习率调度器: f1_based
2025-07-22 23:36:59 | INFO     | ------------------------------------------------------------
2025-07-22 23:36:59 | INFO     | Epoch  33 | Train: Loss=0.2424, Acc=0.9389 | Val: Loss=0.1168, Acc=0.9680, F1=0.9678 | LR=0.000100 🏆 [最佳模型]
2025-07-22 23:37:56 | INFO     | Epoch 34:
2025-07-22 23:37:56 | INFO     |   训练指标:
2025-07-22 23:37:56 | INFO     |     损失(ce): 0.248117
2025-07-22 23:37:56 | INFO     |     准确率: 0.938438
2025-07-22 23:37:56 | INFO     |     学习率: 0.00010000
2025-07-22 23:37:56 | INFO     |   验证指标(标准CE):
2025-07-22 23:37:56 | INFO     |     损失: 0.165128
2025-07-22 23:37:56 | INFO     |     准确率: 0.960961
2025-07-22 23:37:56 | INFO     |     F1(macro): 0.961737
2025-07-22 23:37:56 | INFO     |     F1(weighted): 0.960151
2025-07-22 23:37:56 | INFO     |     精确率: 0.969279
2025-07-22 23:37:56 | INFO     |     召回率: 0.963944
2025-07-22 23:37:56 | INFO     |   学习率调度器: f1_based
2025-07-22 23:37:56 | INFO     | ------------------------------------------------------------
2025-07-22 23:37:56 | INFO     | Epoch  34 | Train: Loss=0.2481, Acc=0.9384 | Val: Loss=0.1651, Acc=0.9610, F1=0.9602 | LR=0.000100 
2025-07-22 23:38:52 | INFO     | Epoch 35:
2025-07-22 23:38:52 | INFO     |   训练指标:
2025-07-22 23:38:52 | INFO     |     损失(ce): 0.222581
2025-07-22 23:38:52 | INFO     |     准确率: 0.936937
2025-07-22 23:38:52 | INFO     |     学习率: 0.00010000
2025-07-22 23:38:52 | INFO     |   验证指标(标准CE):
2025-07-22 23:38:52 | INFO     |     损失: 0.195116
2025-07-22 23:38:52 | INFO     |     准确率: 0.965966
2025-07-22 23:38:52 | INFO     |     F1(macro): 0.967205
2025-07-22 23:38:52 | INFO     |     F1(weighted): 0.965616
2025-07-22 23:38:52 | INFO     |     精确率: 0.973946
2025-07-22 23:38:52 | INFO     |     召回率: 0.968714
2025-07-22 23:38:52 | INFO     |   学习率调度器: f1_based
2025-07-22 23:38:52 | INFO     | ------------------------------------------------------------
2025-07-22 23:38:52 | INFO     | Epoch  35 | Train: Loss=0.2226, Acc=0.9369 | Val: Loss=0.1951, Acc=0.9660, F1=0.9656 | LR=0.000100 
2025-07-22 23:39:47 | INFO     | Epoch 36:
2025-07-22 23:39:47 | INFO     |   训练指标:
2025-07-22 23:39:47 | INFO     |     损失(ce): 0.223223
2025-07-22 23:39:47 | INFO     |     准确率: 0.941191
2025-07-22 23:39:47 | INFO     |     学习率: 0.00010000
2025-07-22 23:39:47 | INFO     |   验证指标(标准CE):
2025-07-22 23:39:47 | INFO     |     损失: 0.317701
2025-07-22 23:39:47 | INFO     |     准确率: 0.954955
2025-07-22 23:39:47 | INFO     |     F1(macro): 0.955336
2025-07-22 23:39:47 | INFO     |     F1(weighted): 0.954554
2025-07-22 23:39:47 | INFO     |     精确率: 0.961660
2025-07-22 23:39:47 | INFO     |     召回率: 0.957815
2025-07-22 23:39:47 | INFO     |   学习率调度器: f1_based
2025-07-22 23:39:47 | INFO     | ------------------------------------------------------------
2025-07-22 23:39:47 | INFO     | Epoch  36 | Train: Loss=0.2232, Acc=0.9412 | Val: Loss=0.3177, Acc=0.9550, F1=0.9546 | LR=0.000100 
2025-07-22 23:40:43 | INFO     | Epoch 37:
2025-07-22 23:40:43 | INFO     |   训练指标:
2025-07-22 23:40:43 | INFO     |     损失(ce): 0.214537
2025-07-22 23:40:43 | INFO     |     准确率: 0.941692
2025-07-22 23:40:43 | INFO     |     学习率: 0.00010000
2025-07-22 23:40:43 | INFO     |   验证指标(标准CE):
2025-07-22 23:40:43 | INFO     |     损失: 0.238826
2025-07-22 23:40:43 | INFO     |     准确率: 0.949950
2025-07-22 23:40:43 | INFO     |     F1(macro): 0.951672
2025-07-22 23:40:43 | INFO     |     F1(weighted): 0.949640
2025-07-22 23:40:43 | INFO     |     精确率: 0.960470
2025-07-22 23:40:43 | INFO     |     召回率: 0.953255
2025-07-22 23:40:43 | INFO     |   学习率调度器: f1_based
2025-07-22 23:40:43 | INFO     | ------------------------------------------------------------
2025-07-22 23:40:43 | INFO     | Epoch  37 | Train: Loss=0.2145, Acc=0.9417 | Val: Loss=0.2388, Acc=0.9499, F1=0.9496 | LR=0.000100 
2025-07-22 23:41:39 | INFO     | Epoch 38:
2025-07-22 23:41:39 | INFO     |   训练指标:
2025-07-22 23:41:39 | INFO     |     损失(ce): 0.220546
2025-07-22 23:41:39 | INFO     |     准确率: 0.946947
2025-07-22 23:41:39 | INFO     |     学习率: 0.00010000
2025-07-22 23:41:39 | INFO     |   验证指标(标准CE):
2025-07-22 23:41:39 | INFO     |     损失: 0.104973
2025-07-22 23:41:39 | INFO     |     准确率: 0.951952
2025-07-22 23:41:39 | INFO     |     F1(macro): 0.953570
2025-07-22 23:41:39 | INFO     |     F1(weighted): 0.951392
2025-07-22 23:41:39 | INFO     |     精确率: 0.965669
2025-07-22 23:41:39 | INFO     |     召回率: 0.955615
2025-07-22 23:41:39 | INFO     |   学习率调度器: f1_based
2025-07-22 23:41:39 | INFO     | ------------------------------------------------------------
2025-07-22 23:41:39 | INFO     | Epoch  38 | Train: Loss=0.2205, Acc=0.9469 | Val: Loss=0.1050, Acc=0.9520, F1=0.9514 | LR=0.000100 
2025-07-22 23:42:35 | INFO     | Epoch 39:
2025-07-22 23:42:35 | INFO     |   训练指标:
2025-07-22 23:42:35 | INFO     |     损失(ce): 0.250512
2025-07-22 23:42:35 | INFO     |     准确率: 0.940190
2025-07-22 23:42:35 | INFO     |     学习率: 0.00010000
2025-07-22 23:42:35 | INFO     |   验证指标(标准CE):
2025-07-22 23:42:35 | INFO     |     损失: 0.055435
2025-07-22 23:42:35 | INFO     |     准确率: 0.974975
2025-07-22 23:42:35 | INFO     |     F1(macro): 0.975404
2025-07-22 23:42:35 | INFO     |     F1(weighted): 0.974532
2025-07-22 23:42:35 | INFO     |     精确率: 0.979798
2025-07-22 23:42:35 | INFO     |     召回率: 0.975058
2025-07-22 23:42:35 | INFO     |   学习率调度器: f1_based
2025-07-22 23:42:35 | INFO     | ------------------------------------------------------------
2025-07-22 23:42:35 | INFO     | Epoch  39 | Train: Loss=0.2505, Acc=0.9402 | Val: Loss=0.0554, Acc=0.9750, F1=0.9745 | LR=0.000100 🏆 [最佳模型]
2025-07-22 23:43:31 | INFO     | Epoch 40:
2025-07-22 23:43:31 | INFO     |   训练指标:
2025-07-22 23:43:31 | INFO     |     损失(ce): 0.199784
2025-07-22 23:43:31 | INFO     |     准确率: 0.951702
2025-07-22 23:43:31 | INFO     |     学习率: 0.00010000
2025-07-22 23:43:31 | INFO     |   验证指标(标准CE):
2025-07-22 23:43:31 | INFO     |     损失: 0.107101
2025-07-22 23:43:31 | INFO     |     准确率: 0.968969
2025-07-22 23:43:31 | INFO     |     F1(macro): 0.969714
2025-07-22 23:43:31 | INFO     |     F1(weighted): 0.968977
2025-07-22 23:43:31 | INFO     |     精确率: 0.973825
2025-07-22 23:43:31 | INFO     |     召回率: 0.968579
2025-07-22 23:43:31 | INFO     |   学习率调度器: f1_based
2025-07-22 23:43:31 | INFO     | ------------------------------------------------------------
2025-07-22 23:43:31 | INFO     | Epoch  40 | Train: Loss=0.1998, Acc=0.9517 | Val: Loss=0.1071, Acc=0.9690, F1=0.9690 | LR=0.000100 
2025-07-22 23:44:27 | INFO     | Epoch 41:
2025-07-22 23:44:27 | INFO     |   训练指标:
2025-07-22 23:44:27 | INFO     |     损失(ce): 0.190699
2025-07-22 23:44:27 | INFO     |     准确率: 0.951201
2025-07-22 23:44:27 | INFO     |     学习率: 0.00010000
2025-07-22 23:44:27 | INFO     |   验证指标(标准CE):
2025-07-22 23:44:27 | INFO     |     损失: 0.058002
2025-07-22 23:44:27 | INFO     |     准确率: 0.975976
2025-07-22 23:44:27 | INFO     |     F1(macro): 0.976672
2025-07-22 23:44:27 | INFO     |     F1(weighted): 0.975748
2025-07-22 23:44:27 | INFO     |     精确率: 0.979629
2025-07-22 23:44:27 | INFO     |     召回率: 0.976224
2025-07-22 23:44:27 | INFO     |   学习率调度器: f1_based
2025-07-22 23:44:27 | INFO     | ------------------------------------------------------------
2025-07-22 23:44:27 | INFO     | Epoch  41 | Train: Loss=0.1907, Acc=0.9512 | Val: Loss=0.0580, Acc=0.9760, F1=0.9757 | LR=0.000100 🏆 [最佳模型]
2025-07-22 23:45:23 | INFO     | Epoch 42:
2025-07-22 23:45:23 | INFO     |   训练指标:
2025-07-22 23:45:23 | INFO     |     损失(ce): 0.176283
2025-07-22 23:45:23 | INFO     |     准确率: 0.951451
2025-07-22 23:45:23 | INFO     |     学习率: 0.00010000
2025-07-22 23:45:23 | INFO     |   验证指标(标准CE):
2025-07-22 23:45:23 | INFO     |     损失: 0.086275
2025-07-22 23:45:23 | INFO     |     准确率: 0.956957
2025-07-22 23:45:23 | INFO     |     F1(macro): 0.958639
2025-07-22 23:45:23 | INFO     |     F1(weighted): 0.956801
2025-07-22 23:45:23 | INFO     |     精确率: 0.959945
2025-07-22 23:45:23 | INFO     |     召回率: 0.959439
2025-07-22 23:45:23 | INFO     |   学习率调度器: f1_based
2025-07-22 23:45:23 | INFO     | ------------------------------------------------------------
2025-07-22 23:45:23 | INFO     | Epoch  42 | Train: Loss=0.1763, Acc=0.9515 | Val: Loss=0.0863, Acc=0.9570, F1=0.9568 | LR=0.000100 
2025-07-22 23:46:19 | INFO     | Epoch 43:
2025-07-22 23:46:19 | INFO     |   训练指标:
2025-07-22 23:46:19 | INFO     |     损失(ce): 0.172910
2025-07-22 23:46:19 | INFO     |     准确率: 0.950200
2025-07-22 23:46:19 | INFO     |     学习率: 0.00010000
2025-07-22 23:46:19 | INFO     |   验证指标(标准CE):
2025-07-22 23:46:19 | INFO     |     损失: 0.515381
2025-07-22 23:46:19 | INFO     |     准确率: 0.936937
2025-07-22 23:46:19 | INFO     |     F1(macro): 0.933367
2025-07-22 23:46:19 | INFO     |     F1(weighted): 0.931317
2025-07-22 23:46:19 | INFO     |     精确率: 0.960134
2025-07-22 23:46:19 | INFO     |     召回率: 0.936955
2025-07-22 23:46:19 | INFO     |   学习率调度器: f1_based
2025-07-22 23:46:19 | INFO     | ------------------------------------------------------------
2025-07-22 23:46:19 | INFO     | Epoch  43 | Train: Loss=0.1729, Acc=0.9502 | Val: Loss=0.5154, Acc=0.9369, F1=0.9313 | LR=0.000100 
2025-07-22 23:47:15 | INFO     | Epoch 44:
2025-07-22 23:47:15 | INFO     |   训练指标:
2025-07-22 23:47:15 | INFO     |     损失(ce): 0.210633
2025-07-22 23:47:15 | INFO     |     准确率: 0.948448
2025-07-22 23:47:15 | INFO     |     学习率: 0.00010000
2025-07-22 23:47:15 | INFO     |   验证指标(标准CE):
2025-07-22 23:47:15 | INFO     |     损失: 0.185307
2025-07-22 23:47:15 | INFO     |     准确率: 0.977978
2025-07-22 23:47:15 | INFO     |     F1(macro): 0.978569
2025-07-22 23:47:15 | INFO     |     F1(weighted): 0.977728
2025-07-22 23:47:15 | INFO     |     精确率: 0.982231
2025-07-22 23:47:15 | INFO     |     召回率: 0.978061
2025-07-22 23:47:15 | INFO     |   学习率调度器: f1_based
2025-07-22 23:47:15 | INFO     | ------------------------------------------------------------
2025-07-22 23:47:15 | INFO     | Epoch  44 | Train: Loss=0.2106, Acc=0.9484 | Val: Loss=0.1853, Acc=0.9780, F1=0.9777 | LR=0.000100 🏆 [最佳模型]
2025-07-22 23:48:11 | INFO     | Epoch 45:
2025-07-22 23:48:11 | INFO     |   训练指标:
2025-07-22 23:48:11 | INFO     |     损失(ce): 0.163562
2025-07-22 23:48:11 | INFO     |     准确率: 0.954454
2025-07-22 23:48:11 | INFO     |     学习率: 0.00010000
2025-07-22 23:48:11 | INFO     |   验证指标(标准CE):
2025-07-22 23:48:11 | INFO     |     损失: 0.165053
2025-07-22 23:48:11 | INFO     |     准确率: 0.974975
2025-07-22 23:48:11 | INFO     |     F1(macro): 0.975725
2025-07-22 23:48:11 | INFO     |     F1(weighted): 0.974759
2025-07-22 23:48:11 | INFO     |     精确率: 0.978364
2025-07-22 23:48:11 | INFO     |     召回率: 0.975306
2025-07-22 23:48:11 | INFO     |   学习率调度器: f1_based
2025-07-22 23:48:11 | INFO     | ------------------------------------------------------------
2025-07-22 23:48:11 | INFO     | Epoch  45 | Train: Loss=0.1636, Acc=0.9545 | Val: Loss=0.1651, Acc=0.9750, F1=0.9748 | LR=0.000100 
2025-07-22 23:49:07 | INFO     | Epoch 46:
2025-07-22 23:49:07 | INFO     |   训练指标:
2025-07-22 23:49:07 | INFO     |     损失(ce): 0.158336
2025-07-22 23:49:07 | INFO     |     准确率: 0.954955
2025-07-22 23:49:07 | INFO     |     学习率: 0.00010000
2025-07-22 23:49:07 | INFO     |   验证指标(标准CE):
2025-07-22 23:49:07 | INFO     |     损失: 0.048136
2025-07-22 23:49:07 | INFO     |     准确率: 0.976977
2025-07-22 23:49:07 | INFO     |     F1(macro): 0.977653
2025-07-22 23:49:07 | INFO     |     F1(weighted): 0.976763
2025-07-22 23:49:07 | INFO     |     精确率: 0.982253
2025-07-22 23:49:07 | INFO     |     召回率: 0.977020
2025-07-22 23:49:07 | INFO     |   学习率调度器: f1_based
2025-07-22 23:49:07 | INFO     | ------------------------------------------------------------
2025-07-22 23:49:07 | INFO     | Epoch  46 | Train: Loss=0.1583, Acc=0.9550 | Val: Loss=0.0481, Acc=0.9770, F1=0.9768 | LR=0.000100 
2025-07-22 23:50:03 | INFO     | Epoch 47:
2025-07-22 23:50:03 | INFO     |   训练指标:
2025-07-22 23:50:03 | INFO     |     损失(ce): 0.185011
2025-07-22 23:50:03 | INFO     |     准确率: 0.950701
2025-07-22 23:50:03 | INFO     |     学习率: 0.00010000
2025-07-22 23:50:03 | INFO     |   验证指标(标准CE):
2025-07-22 23:50:03 | INFO     |     损失: 0.226930
2025-07-22 23:50:03 | INFO     |     准确率: 0.940941
2025-07-22 23:50:03 | INFO     |     F1(macro): 0.940351
2025-07-22 23:50:03 | INFO     |     F1(weighted): 0.940296
2025-07-22 23:50:03 | INFO     |     精确率: 0.942084
2025-07-22 23:50:03 | INFO     |     召回率: 0.943646
2025-07-22 23:50:03 | INFO     |   学习率调度器: f1_based
2025-07-22 23:50:03 | INFO     | ------------------------------------------------------------
2025-07-22 23:50:03 | INFO     | Epoch  47 | Train: Loss=0.1850, Acc=0.9507 | Val: Loss=0.2269, Acc=0.9409, F1=0.9403 | LR=0.000100 
2025-07-22 23:50:59 | INFO     | Epoch 48:
2025-07-22 23:50:59 | INFO     |   训练指标:
2025-07-22 23:50:59 | INFO     |     损失(ce): 0.154885
2025-07-22 23:50:59 | INFO     |     准确率: 0.956456
2025-07-22 23:50:59 | INFO     |     学习率: 0.00010000
2025-07-22 23:50:59 | INFO     |   验证指标(标准CE):
2025-07-22 23:50:59 | INFO     |     损失: 0.125807
2025-07-22 23:50:59 | INFO     |     准确率: 0.964965
2025-07-22 23:50:59 | INFO     |     F1(macro): 0.966010
2025-07-22 23:50:59 | INFO     |     F1(weighted): 0.964677
2025-07-22 23:50:59 | INFO     |     精确率: 0.969170
2025-07-22 23:50:59 | INFO     |     召回率: 0.965618
2025-07-22 23:50:59 | INFO     |   学习率调度器: f1_based
2025-07-22 23:50:59 | INFO     | ------------------------------------------------------------
2025-07-22 23:50:59 | INFO     | Epoch  48 | Train: Loss=0.1549, Acc=0.9565 | Val: Loss=0.1258, Acc=0.9650, F1=0.9647 | LR=0.000100 
2025-07-22 23:51:55 | INFO     | Epoch 49:
2025-07-22 23:51:55 | INFO     |   训练指标:
2025-07-22 23:51:55 | INFO     |     损失(ce): 0.175090
2025-07-22 23:51:55 | INFO     |     准确率: 0.956957
2025-07-22 23:51:55 | INFO     |     学习率: 0.00010000
2025-07-22 23:51:55 | INFO     |   验证指标(标准CE):
2025-07-22 23:51:55 | INFO     |     损失: 0.304208
2025-07-22 23:51:55 | INFO     |     准确率: 0.968969
2025-07-22 23:51:55 | INFO     |     F1(macro): 0.970017
2025-07-22 23:51:55 | INFO     |     F1(weighted): 0.968639
2025-07-22 23:51:55 | INFO     |     精确率: 0.975122
2025-07-22 23:51:55 | INFO     |     召回率: 0.971451
2025-07-22 23:51:55 | INFO     |   学习率调度器: f1_based
2025-07-22 23:51:55 | INFO     | ------------------------------------------------------------
2025-07-22 23:51:55 | INFO     | Epoch  49 | Train: Loss=0.1751, Acc=0.9570 | Val: Loss=0.3042, Acc=0.9690, F1=0.9686 | LR=0.000100 
2025-07-22 23:52:51 | INFO     | Epoch 50:
2025-07-22 23:52:51 | INFO     |   训练指标:
2025-07-22 23:52:51 | INFO     |     损失(ce): 0.175548
2025-07-22 23:52:51 | INFO     |     准确率: 0.954705
2025-07-22 23:52:51 | INFO     |     学习率: 0.00010000
2025-07-22 23:52:51 | INFO     |   验证指标(标准CE):
2025-07-22 23:52:51 | INFO     |     损失: 0.047350
2025-07-22 23:52:51 | INFO     |     准确率: 0.975976
2025-07-22 23:52:51 | INFO     |     F1(macro): 0.976413
2025-07-22 23:52:51 | INFO     |     F1(weighted): 0.975576
2025-07-22 23:52:51 | INFO     |     精确率: 0.980469
2025-07-22 23:52:51 | INFO     |     召回率: 0.976059
2025-07-22 23:52:51 | INFO     |   学习率调度器: f1_based
2025-07-22 23:52:51 | INFO     | ------------------------------------------------------------
2025-07-22 23:52:51 | INFO     | 🎯 学习率调整事件:
2025-07-22 23:52:51 | INFO     |   调度器类型: f1_based
2025-07-22 23:52:51 | INFO     |   学习率变化: 0.00010000 → 0.00005000
2025-07-22 23:52:51 | INFO     |   触发条件: F1分数 = 0.975576
2025-07-22 23:52:51 | INFO     |   变化幅度: -50.00%
2025-07-22 23:52:51 | INFO     | ------------------------------------------------------------
2025-07-22 23:52:51 | INFO     | Epoch  50 | Train: Loss=0.1755, Acc=0.9547 | Val: Loss=0.0474, Acc=0.9760, F1=0.9756 | LR=0.000050 
2025-07-22 23:53:46 | INFO     | Epoch 51:
2025-07-22 23:53:46 | INFO     |   训练指标:
2025-07-22 23:53:46 | INFO     |     损失(ce): 0.148882
2025-07-22 23:53:46 | INFO     |     准确率: 0.962212
2025-07-22 23:53:46 | INFO     |     学习率: 0.00005000
2025-07-22 23:53:46 | INFO     |   验证指标(标准CE):
2025-07-22 23:53:46 | INFO     |     损失: 0.066171
2025-07-22 23:53:46 | INFO     |     准确率: 0.972973
2025-07-22 23:53:46 | INFO     |     F1(macro): 0.973498
2025-07-22 23:53:46 | INFO     |     F1(weighted): 0.972518
2025-07-22 23:53:46 | INFO     |     精确率: 0.979056
2025-07-22 23:53:46 | INFO     |     召回率: 0.972991
2025-07-22 23:53:46 | INFO     |   学习率调度器: f1_based
2025-07-22 23:53:46 | INFO     | ------------------------------------------------------------
2025-07-22 23:53:46 | INFO     | Epoch  51 | Train: Loss=0.1489, Acc=0.9622 | Val: Loss=0.0662, Acc=0.9730, F1=0.9725 | LR=0.000050 
2025-07-22 23:54:42 | INFO     | Epoch 52:
2025-07-22 23:54:42 | INFO     |   训练指标:
2025-07-22 23:54:42 | INFO     |     损失(ce): 0.108854
2025-07-22 23:54:42 | INFO     |     准确率: 0.965215
2025-07-22 23:54:42 | INFO     |     学习率: 0.00005000
2025-07-22 23:54:42 | INFO     |   验证指标(标准CE):
2025-07-22 23:54:42 | INFO     |     损失: 0.071743
2025-07-22 23:54:42 | INFO     |     准确率: 0.972973
2025-07-22 23:54:42 | INFO     |     F1(macro): 0.973450
2025-07-22 23:54:42 | INFO     |     F1(weighted): 0.972518
2025-07-22 23:54:42 | INFO     |     精确率: 0.979056
2025-07-22 23:54:42 | INFO     |     召回率: 0.972895
2025-07-22 23:54:42 | INFO     |   学习率调度器: f1_based
2025-07-22 23:54:42 | INFO     | ------------------------------------------------------------
2025-07-22 23:54:42 | INFO     | Epoch  52 | Train: Loss=0.1089, Acc=0.9652 | Val: Loss=0.0717, Acc=0.9730, F1=0.9725 | LR=0.000050 
2025-07-22 23:55:38 | INFO     | Epoch 53:
2025-07-22 23:55:38 | INFO     |   训练指标:
2025-07-22 23:55:38 | INFO     |     损失(ce): 0.101511
2025-07-22 23:55:38 | INFO     |     准确率: 0.969720
2025-07-22 23:55:38 | INFO     |     学习率: 0.00005000
2025-07-22 23:55:38 | INFO     |   验证指标(标准CE):
2025-07-22 23:55:38 | INFO     |     损失: 0.046676
2025-07-22 23:55:38 | INFO     |     准确率: 0.969970
2025-07-22 23:55:38 | INFO     |     F1(macro): 0.971090
2025-07-22 23:55:38 | INFO     |     F1(weighted): 0.969687
2025-07-22 23:55:38 | INFO     |     精确率: 0.975624
2025-07-22 23:55:38 | INFO     |     召回率: 0.972369
2025-07-22 23:55:38 | INFO     |   学习率调度器: f1_based
2025-07-22 23:55:38 | INFO     | ------------------------------------------------------------
2025-07-22 23:55:38 | INFO     | Epoch  53 | Train: Loss=0.1015, Acc=0.9697 | Val: Loss=0.0467, Acc=0.9700, F1=0.9697 | LR=0.000050 
2025-07-22 23:56:34 | INFO     | Epoch 54:
2025-07-22 23:56:34 | INFO     |   训练指标:
2025-07-22 23:56:34 | INFO     |     损失(ce): 0.086088
2025-07-22 23:56:34 | INFO     |     准确率: 0.969469
2025-07-22 23:56:34 | INFO     |     学习率: 0.00005000
2025-07-22 23:56:34 | INFO     |   验证指标(标准CE):
2025-07-22 23:56:34 | INFO     |     损失: 0.134647
2025-07-22 23:56:34 | INFO     |     准确率: 0.969970
2025-07-22 23:56:34 | INFO     |     F1(macro): 0.971002
2025-07-22 23:56:34 | INFO     |     F1(weighted): 0.969678
2025-07-22 23:56:34 | INFO     |     精确率: 0.975750
2025-07-22 23:56:34 | INFO     |     召回率: 0.972369
2025-07-22 23:56:34 | INFO     |   学习率调度器: f1_based
2025-07-22 23:56:34 | INFO     | ------------------------------------------------------------
2025-07-22 23:56:34 | INFO     | Epoch  54 | Train: Loss=0.0861, Acc=0.9695 | Val: Loss=0.1346, Acc=0.9700, F1=0.9697 | LR=0.000050 
2025-07-22 23:57:30 | INFO     | Epoch 55:
2025-07-22 23:57:30 | INFO     |   训练指标:
2025-07-22 23:57:30 | INFO     |     损失(ce): 0.083099
2025-07-22 23:57:30 | INFO     |     准确率: 0.967718
2025-07-22 23:57:30 | INFO     |     学习率: 0.00005000
2025-07-22 23:57:30 | INFO     |   验证指标(标准CE):
2025-07-22 23:57:30 | INFO     |     损失: 0.145823
2025-07-22 23:57:30 | INFO     |     准确率: 0.977978
2025-07-22 23:57:30 | INFO     |     F1(macro): 0.978569
2025-07-22 23:57:30 | INFO     |     F1(weighted): 0.977728
2025-07-22 23:57:30 | INFO     |     精确率: 0.982231
2025-07-22 23:57:30 | INFO     |     召回率: 0.978061
2025-07-22 23:57:30 | INFO     |   学习率调度器: f1_based
2025-07-22 23:57:30 | INFO     | ------------------------------------------------------------
2025-07-22 23:57:30 | INFO     | Epoch  55 | Train: Loss=0.0831, Acc=0.9677 | Val: Loss=0.1458, Acc=0.9780, F1=0.9777 | LR=0.000050 
2025-07-22 23:58:25 | INFO     | Epoch 56:
2025-07-22 23:58:25 | INFO     |   训练指标:
2025-07-22 23:58:25 | INFO     |     损失(ce): 0.086821
2025-07-22 23:58:25 | INFO     |     准确率: 0.968468
2025-07-22 23:58:25 | INFO     |     学习率: 0.00005000
2025-07-22 23:58:25 | INFO     |   验证指标(标准CE):
2025-07-22 23:58:25 | INFO     |     损失: 0.099666
2025-07-22 23:58:25 | INFO     |     准确率: 0.965966
2025-07-22 23:58:25 | INFO     |     F1(macro): 0.966448
2025-07-22 23:58:25 | INFO     |     F1(weighted): 0.965154
2025-07-22 23:58:25 | INFO     |     精确率: 0.974570
2025-07-22 23:58:25 | INFO     |     召回率: 0.966131
2025-07-22 23:58:25 | INFO     |   学习率调度器: f1_based
2025-07-22 23:58:25 | INFO     | ------------------------------------------------------------
2025-07-22 23:58:25 | INFO     | Epoch  56 | Train: Loss=0.0868, Acc=0.9685 | Val: Loss=0.0997, Acc=0.9660, F1=0.9652 | LR=0.000050 
2025-07-22 23:59:21 | INFO     | Epoch 57:
2025-07-22 23:59:21 | INFO     |   训练指标:
2025-07-22 23:59:21 | INFO     |     损失(ce): 0.107656
2025-07-22 23:59:21 | INFO     |     准确率: 0.969219
2025-07-22 23:59:21 | INFO     |     学习率: 0.00005000
2025-07-22 23:59:21 | INFO     |   验证指标(标准CE):
2025-07-22 23:59:21 | INFO     |     损失: 0.071778
2025-07-22 23:59:21 | INFO     |     准确率: 0.976977
2025-07-22 23:59:21 | INFO     |     F1(macro): 0.977514
2025-07-22 23:59:21 | INFO     |     F1(weighted): 0.976646
2025-07-22 23:59:21 | INFO     |     精确率: 0.982253
2025-07-22 23:59:21 | INFO     |     召回率: 0.976977
2025-07-22 23:59:21 | INFO     |   学习率调度器: f1_based
2025-07-22 23:59:21 | INFO     | ------------------------------------------------------------
2025-07-22 23:59:21 | INFO     | Epoch  57 | Train: Loss=0.1077, Acc=0.9692 | Val: Loss=0.0718, Acc=0.9770, F1=0.9766 | LR=0.000050 
2025-07-23 00:00:17 | INFO     | Epoch 58:
2025-07-23 00:00:17 | INFO     |   训练指标:
2025-07-23 00:00:17 | INFO     |     损失(ce): 0.129893
2025-07-23 00:00:17 | INFO     |     准确率: 0.970220
2025-07-23 00:00:17 | INFO     |     学习率: 0.00005000
2025-07-23 00:00:17 | INFO     |   验证指标(标准CE):
2025-07-23 00:00:17 | INFO     |     损失: 0.140473
2025-07-23 00:00:17 | INFO     |     准确率: 0.968969
2025-07-23 00:00:17 | INFO     |     F1(macro): 0.970182
2025-07-23 00:00:17 | INFO     |     F1(weighted): 0.968752
2025-07-23 00:00:17 | INFO     |     精确率: 0.973652
2025-07-23 00:00:17 | INFO     |     召回率: 0.971285
2025-07-23 00:00:17 | INFO     |   学习率调度器: f1_based
2025-07-23 00:00:17 | INFO     | ------------------------------------------------------------
2025-07-23 00:00:17 | INFO     | 🎯 学习率调整事件:
2025-07-23 00:00:17 | INFO     |   调度器类型: f1_based
2025-07-23 00:00:17 | INFO     |   学习率变化: 0.00005000 → 0.00002500
2025-07-23 00:00:17 | INFO     |   触发条件: F1分数 = 0.968752
2025-07-23 00:00:17 | INFO     |   变化幅度: -50.00%
2025-07-23 00:00:17 | INFO     | ------------------------------------------------------------
2025-07-23 00:00:17 | INFO     | Epoch  58 | Train: Loss=0.1299, Acc=0.9702 | Val: Loss=0.1405, Acc=0.9690, F1=0.9688 | LR=0.000025 
2025-07-23 00:01:13 | INFO     | Epoch 59:
2025-07-23 00:01:13 | INFO     |   训练指标:
2025-07-23 00:01:13 | INFO     |     损失(ce): 0.081805
2025-07-23 00:01:13 | INFO     |     准确率: 0.971972
2025-07-23 00:01:13 | INFO     |     学习率: 0.00002500
2025-07-23 00:01:13 | INFO     |   验证指标(标准CE):
2025-07-23 00:01:13 | INFO     |     损失: 0.052192
2025-07-23 00:01:13 | INFO     |     准确率: 0.976977
2025-07-23 00:01:13 | INFO     |     F1(macro): 0.977514
2025-07-23 00:01:13 | INFO     |     F1(weighted): 0.976646
2025-07-23 00:01:13 | INFO     |     精确率: 0.982253
2025-07-23 00:01:13 | INFO     |     召回率: 0.976977
2025-07-23 00:01:13 | INFO     |   学习率调度器: f1_based
2025-07-23 00:01:13 | INFO     | ------------------------------------------------------------
2025-07-23 00:01:13 | INFO     | Epoch  59 | Train: Loss=0.0818, Acc=0.9720 | Val: Loss=0.0522, Acc=0.9770, F1=0.9766 | LR=0.000025 
2025-07-23 00:01:13 | INFO     | ⏹️ 早停触发，在第 59 轮停止训练
2025-07-23 00:01:17 | INFO     | 训练历史已保存到: ./result/0722_2306_DualGAF_DualGAFNet_静态融合缩放+残差分类器_sl96_step96_fd128_extractor-dilated_gaf-adaptive_attention-channel_classifier-residual_bottleneck_stat-basic_fusion-concat/training_history.csv
2025-07-23 00:01:17 | INFO     | 
====================================================================================================
2025-07-23 00:01:17 | INFO     | 🎉 训练完成总结:
2025-07-23 00:01:17 | INFO     |   训练损失函数: ce
2025-07-23 00:01:17 | INFO     |   验证损失函数: 标准交叉熵（遵循主流ML规范）
2025-07-23 00:01:17 | INFO     |   训练过程最佳验证准确率: 0.9780
2025-07-23 00:01:17 | INFO     |   训练过程最佳验证F1(macro): 0.9786
2025-07-23 00:01:17 | INFO     |   训练过程最佳验证F1(weighted): 0.9777
2025-07-23 00:01:17 | INFO     |   训练轮数: 59
2025-07-23 00:01:17 | INFO     | --------------------------------------------------
2025-07-23 00:01:17 | INFO     | 📊 最佳模型真实性能指标（基于标准交叉熵损失）:
2025-07-23 00:01:17 | INFO     |   验证损失(标准CE): 0.1853
2025-07-23 00:01:17 | INFO     |   验证准确率: 0.9780
2025-07-23 00:01:17 | INFO     |   验证F1(macro): 0.9786
2025-07-23 00:01:17 | INFO     |   验证F1(weighted): 0.9777
2025-07-23 00:01:17 | INFO     |   验证精确率: 0.9822
2025-07-23 00:01:17 | INFO     |   验证召回率: 0.9781
2025-07-23 00:01:17 | INFO     | ====================================================================================================
2025-07-23 00:01:19 | INFO     | ================================================================================
2025-07-23 00:01:19 | INFO     | 实验日志结束: DualGAF_DualGAFNet_静态融合缩放+残差分类器_sl96_step96_fd128_extractor-dilated_gaf-adaptive_attention-channel_classifier-residual_bottleneck_stat-basic_fusion-concat
2025-07-23 00:01:19 | INFO     | 结束时间: 2025-07-23 00:01:19
2025-07-23 00:01:19 | INFO     | ================================================================================
