2025-07-21 12:26:05 | INFO     | ================================================================================
2025-07-21 12:26:05 | INFO     | 实验日志开始: DualGAF_DualGAFNet_dilated_enhanced_sl96_step96_fd128_extractor-dilated_gaf-adaptive_attention-none_classifier-mlp_stat-basic_fusion-concat_ablation-no_attention
2025-07-21 12:26:05 | INFO     | 日志文件: ./result/0721_1226_DualGAF_DualGAFNet_dilated_enhanced_sl96_step96_fd128_extractor-dilated_gaf-adaptive_attention-none_classifier-mlp_stat-basic_fusion-concat_ablation-no_attention/training.log
2025-07-21 12:26:05 | INFO     | 开始时间: 2025-07-21 12:26:05
2025-07-21 12:26:05 | INFO     | ================================================================================
2025-07-21 12:26:05 | INFO     | ⚙️ 实验配置:
2025-07-21 12:26:05 | INFO     |    task_name: classification
2025-07-21 12:26:05 | INFO     |    is_training: 1
2025-07-21 12:26:05 | INFO     |    model_id: test
2025-07-21 12:26:05 | INFO     |    model: DualGAFNet
2025-07-21 12:26:05 | INFO     |    data: DualGAF
2025-07-21 12:26:05 | INFO     |    root_path: ./dataset/SAHU/direct_5_working
2025-07-21 12:26:05 | INFO     |    step: 96
2025-07-21 12:26:05 | INFO     |    checkpoints: ./checkpoints/
2025-07-21 12:26:05 | INFO     |    num_class: 9
2025-07-21 12:26:05 | INFO     |    result_path: ./result/
2025-07-21 12:26:05 | INFO     |    test_size: 0.2
2025-07-21 12:26:05 | INFO     |    seq_len: 96
2025-07-21 12:26:05 | INFO     |    enc_in: 26
2025-07-21 12:26:05 | INFO     |    d_model: 512
2025-07-21 12:26:05 | INFO     |    n_heads: 8
2025-07-21 12:26:05 | INFO     |    e_layers: 2
2025-07-21 12:26:05 | INFO     |    d_layers: 1
2025-07-21 12:26:05 | INFO     |    d_ff: 2048
2025-07-21 12:26:05 | INFO     |    moving_avg: 25
2025-07-21 12:26:05 | INFO     |    factor: 1
2025-07-21 12:26:05 | INFO     |    distil: True
2025-07-21 12:26:05 | INFO     |    dropout: 0.1
2025-07-21 12:26:05 | INFO     |    embed: timeF
2025-07-21 12:26:05 | INFO     |    activation: gelu
2025-07-21 12:26:05 | INFO     |    use_norm: 1
2025-07-21 12:26:05 | INFO     |    gaf_method: summation
2025-07-21 12:26:05 | INFO     |    feature_dim: 128
2025-07-21 12:26:05 | INFO     |    data_type_method: uint8
2025-07-21 12:26:05 | INFO     |    use_attention: True
2025-07-21 12:26:05 | INFO     |    hidden_dim: 64
2025-07-21 12:26:05 | INFO     |    sample_size: 1000
2025-07-21 12:26:05 | INFO     |    channel_groups: None
2025-07-21 12:26:05 | INFO     |    hvac_groups: None
2025-07-21 12:26:05 | INFO     |    extractor_type: dilated
2025-07-21 12:26:05 | INFO     |    fusion_type: adaptive
2025-07-21 12:26:05 | INFO     |    attention_type: none
2025-07-21 12:26:05 | INFO     |    classifier_type: mlp
2025-07-21 12:26:05 | INFO     |    use_statistical_features: True
2025-07-21 12:26:05 | INFO     |    stat_type: basic
2025-07-21 12:26:05 | INFO     |    multimodal_fusion_strategy: concat
2025-07-21 12:26:05 | INFO     |    use_signal_level_stats: False
2025-07-21 12:26:05 | INFO     |    signal_stat_type: comprehensive
2025-07-21 12:26:05 | INFO     |    signal_stat_fusion_strategy: concat_project
2025-07-21 12:26:05 | INFO     |    signal_stat_feature_dim: 32
2025-07-21 12:26:05 | INFO     |    use_diff_branch: True
2025-07-21 12:26:05 | INFO     |    ablation_mode: no_attention
2025-07-21 12:26:05 | INFO     |    backbone_type: resnet18
2025-07-21 12:26:05 | INFO     |    use_sum_branch: True
2025-07-21 12:26:05 | INFO     |    num_workers: 0
2025-07-21 12:26:05 | INFO     |    cuda_debug: False
2025-07-21 12:26:05 | INFO     |    gpu_memory_fraction: 0.9
2025-07-21 12:26:05 | INFO     |    safe_mode: True
2025-07-21 12:26:05 | INFO     |    drop_last_batch: True
2025-07-21 12:26:05 | INFO     |    itr: 1
2025-07-21 12:26:05 | INFO     |    train_epochs: 300
2025-07-21 12:26:05 | INFO     |    batch_size: 4
2025-07-21 12:26:05 | INFO     |    patience: 15
2025-07-21 12:26:05 | INFO     |    learning_rate: 0.0001
2025-07-21 12:26:05 | INFO     |    des: dilated_enhanced
2025-07-21 12:26:05 | INFO     |    loss: MSE
2025-07-21 12:26:05 | INFO     |    lradj: type1
2025-07-21 12:26:05 | INFO     |    lr_scheduler_type: f1_based
2025-07-21 12:26:05 | INFO     |    lr_loss_weight: 0.3
2025-07-21 12:26:05 | INFO     |    lr_f1_weight: 0.7
2025-07-21 12:26:05 | INFO     |    use_amp: False
2025-07-21 12:26:05 | INFO     |    gradient_accumulation_steps: 2
2025-07-21 12:26:05 | INFO     |    enable_auto_gradient_accumulation: True
2025-07-21 12:26:05 | INFO     |    loss_type: ce
2025-07-21 12:26:05 | INFO     |    label_smoothing: 0.1
2025-07-21 12:26:05 | INFO     |    focal_alpha: 1.0
2025-07-21 12:26:05 | INFO     |    focal_gamma: 2.0
2025-07-21 12:26:05 | INFO     |    confidence_penalty_beta: 0.1
2025-07-21 12:26:05 | INFO     |    use_timm_loss: True
2025-07-21 12:26:05 | INFO     |    adaptive_initial_smoothing: 0.2
2025-07-21 12:26:05 | INFO     |    adaptive_final_smoothing: 0.05
2025-07-21 12:26:05 | INFO     |    adaptive_decay_epochs: 30
2025-07-21 12:26:05 | INFO     |    enable_class_weights: False
2025-07-21 12:26:05 | INFO     |    class_weights: None
2025-07-21 12:26:05 | INFO     |    loss_preset: None
2025-07-21 12:26:05 | INFO     |    n_jobs: 1
2025-07-21 12:26:05 | INFO     |    use_multiprocessing: False
2025-07-21 12:26:05 | INFO     |    chunk_size: 800
2025-07-21 12:26:05 | INFO     |    disable_parallel: True
2025-07-21 12:26:05 | INFO     |    use_shared_memory: False
2025-07-21 12:26:05 | INFO     |    disable_shared_memory: False
2025-07-21 12:26:05 | INFO     |    use_gpu: True
2025-07-21 12:26:05 | INFO     |    gpu: 0
2025-07-21 12:26:05 | INFO     |    gpu_type: cuda
2025-07-21 12:26:05 | INFO     |    use_multi_gpu: False
2025-07-21 12:26:05 | INFO     |    devices: 0,1,2,3
2025-07-21 12:26:05 | INFO     |    device: cuda:0
2025-07-21 12:26:05 | INFO     |    feature_columns: ['CHWC_VLV', 'CHWC_VLV_DM', 'MA_TEMP', 'OA_CFM', 'OA_DMPR', 'OA_DMPR_DM', 'OA_TEMP', 'RA_CFM', 'RA_DMPR', 'RA_DMPR_DM', 'RA_TEMP', 'RF_CS', 'RF_SPD', 'RF_WAT', 'SA_CFM', 'SA_SP', 'SA_SPSPT', 'SA_TEMP', 'SF_CS', 'SF_SPD', 'SF_WAT', 'ZONE_TEMP_1', 'ZONE_TEMP_2', 'ZONE_TEMP_3', 'ZONE_TEMP_4', 'ZONE_TEMP_5']
2025-07-21 12:26:05 | INFO     | 🏗️ 模型信息:
2025-07-21 12:26:05 | INFO     |    模型类型: Model
2025-07-21 12:26:05 | INFO     |    总参数数量: 8,288,009
2025-07-21 12:26:05 | INFO     |    可训练参数: 8,288,009
2025-07-21 12:26:05 | INFO     |    模型大小估计: 31.62 MB
2025-07-21 12:26:05 | INFO     | 📊 数据集信息:
2025-07-21 12:26:05 | INFO     |    训练集大小: 3996
2025-07-21 12:26:05 | INFO     |    验证集大小: 999
2025-07-21 12:26:05 | INFO     | 
================================================================================
2025-07-21 12:26:05 | INFO     | 📋 损失函数使用策略（遵循主流机器学习规范）:
2025-07-21 12:26:05 | INFO     |    🎯 训练阶段: 使用 ce 损失函数
2025-07-21 12:26:05 | INFO     |       → 目的：优化模型参数，解决特定问题（类别不平衡、相似性等）
2025-07-21 12:26:05 | INFO     |    📊 验证阶段: 使用标准交叉熵损失函数
2025-07-21 12:26:05 | INFO     |       → 目的：客观评估模型性能，便于不同方法比较
2025-07-21 12:26:05 | INFO     |    📈 最终报告: 基于标准交叉熵损失的指标
2025-07-21 12:26:05 | INFO     |       → 目的：提供可信、可比较的性能指标
2025-07-21 12:26:05 | INFO     | ================================================================================

2025-07-21 12:26:05 | INFO     | 🔄 梯度累积配置: 每2轮累积一次梯度
2025-07-21 12:26:05 | INFO     |    实际batch_size: 4
2025-07-21 12:26:05 | INFO     |    有效batch_size: 8
2025-07-21 12:26:58 | INFO     | Epoch 1:
2025-07-21 12:26:58 | INFO     |   训练指标:
2025-07-21 12:26:58 | INFO     |     损失(ce): 1.253470
2025-07-21 12:26:58 | INFO     |     准确率: 0.561061
2025-07-21 12:26:58 | INFO     |     学习率: 0.00010000
2025-07-21 12:26:58 | INFO     |   验证指标(标准CE):
2025-07-21 12:26:58 | INFO     |     损失: 0.409450
2025-07-21 12:26:58 | INFO     |     准确率: 0.854855
2025-07-21 12:26:58 | INFO     |     F1(macro): 0.841310
2025-07-21 12:26:58 | INFO     |     F1(weighted): 0.833061
2025-07-21 12:26:58 | INFO     |     精确率: 0.895471
2025-07-21 12:26:58 | INFO     |     召回率: 0.863632
2025-07-21 12:26:58 | INFO     |   学习率调度器: f1_based
2025-07-21 12:26:58 | INFO     | ------------------------------------------------------------
2025-07-21 12:26:58 | INFO     | Epoch   1 | Train: Loss=1.2535, Acc=0.5611 | Val: Loss=0.4095, Acc=0.8549, F1=0.8331 | LR=0.000100 🏆 [最佳模型]
2025-07-21 12:27:51 | INFO     | Epoch 2:
2025-07-21 12:27:51 | INFO     |   训练指标:
2025-07-21 12:27:51 | INFO     |     损失(ce): 0.336732
2025-07-21 12:27:51 | INFO     |     准确率: 0.856607
2025-07-21 12:27:51 | INFO     |     学习率: 0.00010000
2025-07-21 12:27:51 | INFO     |   验证指标(标准CE):
2025-07-21 12:27:51 | INFO     |     损失: 0.185803
2025-07-21 12:27:51 | INFO     |     准确率: 0.892893
2025-07-21 12:27:51 | INFO     |     F1(macro): 0.892316
2025-07-21 12:27:51 | INFO     |     F1(weighted): 0.888947
2025-07-21 12:27:51 | INFO     |     精确率: 0.891543
2025-07-21 12:27:51 | INFO     |     召回率: 0.895752
2025-07-21 12:27:51 | INFO     |   学习率调度器: f1_based
2025-07-21 12:27:51 | INFO     | ------------------------------------------------------------
2025-07-21 12:27:51 | INFO     | Epoch   2 | Train: Loss=0.3367, Acc=0.8566 | Val: Loss=0.1858, Acc=0.8929, F1=0.8889 | LR=0.000100 🏆 [最佳模型]
2025-07-21 12:28:44 | INFO     | Epoch 3:
2025-07-21 12:28:44 | INFO     |   训练指标:
2025-07-21 12:28:44 | INFO     |     损失(ce): 0.217105
2025-07-21 12:28:44 | INFO     |     准确率: 0.896396
2025-07-21 12:28:44 | INFO     |     学习率: 0.00010000
2025-07-21 12:28:44 | INFO     |   验证指标(标准CE):
2025-07-21 12:28:44 | INFO     |     损失: 0.308440
2025-07-21 12:28:44 | INFO     |     准确率: 0.882883
2025-07-21 12:28:44 | INFO     |     F1(macro): 0.840828
2025-07-21 12:28:44 | INFO     |     F1(weighted): 0.839558
2025-07-21 12:28:44 | INFO     |     精确率: 0.811242
2025-07-21 12:28:44 | INFO     |     召回率: 0.883340
2025-07-21 12:28:44 | INFO     |   学习率调度器: f1_based
2025-07-21 12:28:44 | INFO     | ------------------------------------------------------------
2025-07-21 12:28:44 | INFO     | Epoch   3 | Train: Loss=0.2171, Acc=0.8964 | Val: Loss=0.3084, Acc=0.8829, F1=0.8396 | LR=0.000100 
2025-07-21 12:29:36 | INFO     | Epoch 4:
2025-07-21 12:29:36 | INFO     |   训练指标:
2025-07-21 12:29:36 | INFO     |     损失(ce): 0.174919
2025-07-21 12:29:36 | INFO     |     准确率: 0.918418
2025-07-21 12:29:36 | INFO     |     学习率: 0.00010000
2025-07-21 12:29:36 | INFO     |   验证指标(标准CE):
2025-07-21 12:29:36 | INFO     |     损失: 0.149151
2025-07-21 12:29:36 | INFO     |     准确率: 0.909910
2025-07-21 12:29:36 | INFO     |     F1(macro): 0.907202
2025-07-21 12:29:36 | INFO     |     F1(weighted): 0.902606
2025-07-21 12:29:36 | INFO     |     精确率: 0.938641
2025-07-21 12:29:36 | INFO     |     召回率: 0.916053
2025-07-21 12:29:36 | INFO     |   学习率调度器: f1_based
2025-07-21 12:29:36 | INFO     | ------------------------------------------------------------
2025-07-21 12:29:36 | INFO     | Epoch   4 | Train: Loss=0.1749, Acc=0.9184 | Val: Loss=0.1492, Acc=0.9099, F1=0.9026 | LR=0.000100 🏆 [最佳模型]
2025-07-21 12:30:29 | INFO     | Epoch 5:
2025-07-21 12:30:29 | INFO     |   训练指标:
2025-07-21 12:30:29 | INFO     |     损失(ce): 0.147950
2025-07-21 12:30:29 | INFO     |     准确率: 0.931932
2025-07-21 12:30:29 | INFO     |     学习率: 0.00010000
2025-07-21 12:30:29 | INFO     |   验证指标(标准CE):
2025-07-21 12:30:29 | INFO     |     损失: 0.110215
2025-07-21 12:30:29 | INFO     |     准确率: 0.924925
2025-07-21 12:30:29 | INFO     |     F1(macro): 0.925373
2025-07-21 12:30:29 | INFO     |     F1(weighted): 0.922736
2025-07-21 12:30:29 | INFO     |     精确率: 0.932082
2025-07-21 12:30:29 | INFO     |     召回率: 0.926449
2025-07-21 12:30:29 | INFO     |   学习率调度器: f1_based
2025-07-21 12:30:29 | INFO     | ------------------------------------------------------------
2025-07-21 12:30:29 | INFO     | Epoch   5 | Train: Loss=0.1480, Acc=0.9319 | Val: Loss=0.1102, Acc=0.9249, F1=0.9227 | LR=0.000100 🏆 [最佳模型]
2025-07-21 12:31:36 | INFO     | Epoch 6:
2025-07-21 12:31:36 | INFO     |   训练指标:
2025-07-21 12:31:36 | INFO     |     损失(ce): 0.118134
2025-07-21 12:31:36 | INFO     |     准确率: 0.948949
2025-07-21 12:31:36 | INFO     |     学习率: 0.00010000
2025-07-21 12:31:36 | INFO     |   验证指标(标准CE):
2025-07-21 12:31:36 | INFO     |     损失: 0.082886
2025-07-21 12:31:36 | INFO     |     准确率: 0.957958
2025-07-21 12:31:36 | INFO     |     F1(macro): 0.958990
2025-07-21 12:31:36 | INFO     |     F1(weighted): 0.956888
2025-07-21 12:31:36 | INFO     |     精确率: 0.969499
2025-07-21 12:31:36 | INFO     |     召回率: 0.961433
2025-07-21 12:31:36 | INFO     |   学习率调度器: f1_based
2025-07-21 12:31:36 | INFO     | ------------------------------------------------------------
2025-07-21 12:31:36 | INFO     | Epoch   6 | Train: Loss=0.1181, Acc=0.9489 | Val: Loss=0.0829, Acc=0.9580, F1=0.9569 | LR=0.000100 🏆 [最佳模型]
2025-07-21 12:32:29 | INFO     | Epoch 7:
2025-07-21 12:32:29 | INFO     |   训练指标:
2025-07-21 12:32:29 | INFO     |     损失(ce): 0.101574
2025-07-21 12:32:29 | INFO     |     准确率: 0.955706
2025-07-21 12:32:29 | INFO     |     学习率: 0.00010000
2025-07-21 12:32:29 | INFO     |   验证指标(标准CE):
2025-07-21 12:32:29 | INFO     |     损失: 0.132470
2025-07-21 12:32:29 | INFO     |     准确率: 0.944945
2025-07-21 12:32:29 | INFO     |     F1(macro): 0.945961
2025-07-21 12:32:29 | INFO     |     F1(weighted): 0.943303
2025-07-21 12:32:29 | INFO     |     精确率: 0.960950
2025-07-21 12:32:29 | INFO     |     召回率: 0.949199
2025-07-21 12:32:29 | INFO     |   学习率调度器: f1_based
2025-07-21 12:32:29 | INFO     | ------------------------------------------------------------
2025-07-21 12:32:29 | INFO     | Epoch   7 | Train: Loss=0.1016, Acc=0.9557 | Val: Loss=0.1325, Acc=0.9449, F1=0.9433 | LR=0.000100 
2025-07-21 12:33:21 | INFO     | Epoch 8:
2025-07-21 12:33:21 | INFO     |   训练指标:
2025-07-21 12:33:21 | INFO     |     损失(ce): 0.089148
2025-07-21 12:33:21 | INFO     |     准确率: 0.961962
2025-07-21 12:33:21 | INFO     |     学习率: 0.00010000
2025-07-21 12:33:21 | INFO     |   验证指标(标准CE):
2025-07-21 12:33:21 | INFO     |     损失: 0.065549
2025-07-21 12:33:21 | INFO     |     准确率: 0.970971
2025-07-21 12:33:21 | INFO     |     F1(macro): 0.971423
2025-07-21 12:33:21 | INFO     |     F1(weighted): 0.970660
2025-07-21 12:33:21 | INFO     |     精确率: 0.974670
2025-07-21 12:33:21 | INFO     |     召回率: 0.970830
2025-07-21 12:33:21 | INFO     |   学习率调度器: f1_based
2025-07-21 12:33:21 | INFO     | ------------------------------------------------------------
2025-07-21 12:33:21 | INFO     | Epoch   8 | Train: Loss=0.0891, Acc=0.9620 | Val: Loss=0.0655, Acc=0.9710, F1=0.9707 | LR=0.000100 🏆 [最佳模型]
2025-07-21 12:34:47 | INFO     | Epoch 9:
2025-07-21 12:34:47 | INFO     |   训练指标:
2025-07-21 12:34:47 | INFO     |     损失(ce): 0.089938
2025-07-21 12:34:47 | INFO     |     准确率: 0.961962
2025-07-21 12:34:47 | INFO     |     学习率: 0.00010000
2025-07-21 12:34:47 | INFO     |   验证指标(标准CE):
2025-07-21 12:34:47 | INFO     |     损失: 0.062361
2025-07-21 12:34:47 | INFO     |     准确率: 0.967968
2025-07-21 12:34:47 | INFO     |     F1(macro): 0.969071
2025-07-21 12:34:47 | INFO     |     F1(weighted): 0.967545
2025-07-21 12:34:47 | INFO     |     精确率: 0.975136
2025-07-21 12:34:47 | INFO     |     召回率: 0.970615
2025-07-21 12:34:47 | INFO     |   学习率调度器: f1_based
2025-07-21 12:34:47 | INFO     | ------------------------------------------------------------
2025-07-21 12:34:47 | INFO     | Epoch   9 | Train: Loss=0.0899, Acc=0.9620 | Val: Loss=0.0624, Acc=0.9680, F1=0.9675 | LR=0.000100 
2025-07-21 12:36:00 | INFO     | Epoch 10:
2025-07-21 12:36:00 | INFO     |   训练指标:
2025-07-21 12:36:00 | INFO     |     损失(ce): 0.089090
2025-07-21 12:36:00 | INFO     |     准确率: 0.957457
2025-07-21 12:36:00 | INFO     |     学习率: 0.00010000
2025-07-21 12:36:00 | INFO     |   验证指标(标准CE):
2025-07-21 12:36:00 | INFO     |     损失: 0.070586
2025-07-21 12:36:00 | INFO     |     准确率: 0.962963
2025-07-21 12:36:00 | INFO     |     F1(macro): 0.963967
2025-07-21 12:36:00 | INFO     |     F1(weighted): 0.962328
2025-07-21 12:36:00 | INFO     |     精确率: 0.971655
2025-07-21 12:36:00 | INFO     |     召回率: 0.965863
2025-07-21 12:36:00 | INFO     |   学习率调度器: f1_based
2025-07-21 12:36:00 | INFO     | ------------------------------------------------------------
2025-07-21 12:36:00 | INFO     | Epoch  10 | Train: Loss=0.0891, Acc=0.9575 | Val: Loss=0.0706, Acc=0.9630, F1=0.9623 | LR=0.000100 
2025-07-21 12:37:13 | INFO     | Epoch 11:
2025-07-21 12:37:13 | INFO     |   训练指标:
2025-07-21 12:37:13 | INFO     |     损失(ce): 0.082158
2025-07-21 12:37:13 | INFO     |     准确率: 0.965966
2025-07-21 12:37:13 | INFO     |     学习率: 0.00010000
2025-07-21 12:37:13 | INFO     |   验证指标(标准CE):
2025-07-21 12:37:13 | INFO     |     损失: 0.076492
2025-07-21 12:37:13 | INFO     |     准确率: 0.967968
2025-07-21 12:37:13 | INFO     |     F1(macro): 0.969027
2025-07-21 12:37:13 | INFO     |     F1(weighted): 0.967866
2025-07-21 12:37:13 | INFO     |     精确率: 0.970362
2025-07-21 12:37:13 | INFO     |     召回率: 0.968652
2025-07-21 12:37:13 | INFO     |   学习率调度器: f1_based
2025-07-21 12:37:13 | INFO     | ------------------------------------------------------------
2025-07-21 12:37:13 | INFO     | Epoch  11 | Train: Loss=0.0822, Acc=0.9660 | Val: Loss=0.0765, Acc=0.9680, F1=0.9679 | LR=0.000100 
2025-07-21 12:38:49 | INFO     | Epoch 12:
2025-07-21 12:38:49 | INFO     |   训练指标:
2025-07-21 12:38:49 | INFO     |     损失(ce): 0.079353
2025-07-21 12:38:49 | INFO     |     准确率: 0.965465
2025-07-21 12:38:49 | INFO     |     学习率: 0.00010000
2025-07-21 12:38:49 | INFO     |   验证指标(标准CE):
2025-07-21 12:38:49 | INFO     |     损失: 0.147799
2025-07-21 12:38:49 | INFO     |     准确率: 0.950951
2025-07-21 12:38:49 | INFO     |     F1(macro): 0.950270
2025-07-21 12:38:49 | INFO     |     F1(weighted): 0.948561
2025-07-21 12:38:49 | INFO     |     精确率: 0.965174
2025-07-21 12:38:49 | INFO     |     召回率: 0.951116
2025-07-21 12:38:49 | INFO     |   学习率调度器: f1_based
2025-07-21 12:38:49 | INFO     | ------------------------------------------------------------
2025-07-21 12:38:49 | INFO     | Epoch  12 | Train: Loss=0.0794, Acc=0.9655 | Val: Loss=0.1478, Acc=0.9510, F1=0.9486 | LR=0.000100 
2025-07-21 12:40:02 | INFO     | Epoch 13:
2025-07-21 12:40:02 | INFO     |   训练指标:
2025-07-21 12:40:02 | INFO     |     损失(ce): 0.071430
2025-07-21 12:40:02 | INFO     |     准确率: 0.965465
2025-07-21 12:40:02 | INFO     |     学习率: 0.00010000
2025-07-21 12:40:02 | INFO     |   验证指标(标准CE):
2025-07-21 12:40:02 | INFO     |     损失: 0.097537
2025-07-21 12:40:02 | INFO     |     准确率: 0.954955
2025-07-21 12:40:02 | INFO     |     F1(macro): 0.955670
2025-07-21 12:40:02 | INFO     |     F1(weighted): 0.953456
2025-07-21 12:40:02 | INFO     |     精确率: 0.967325
2025-07-21 12:40:02 | INFO     |     召回率: 0.958678
2025-07-21 12:40:02 | INFO     |   学习率调度器: f1_based
2025-07-21 12:40:02 | INFO     | ------------------------------------------------------------
2025-07-21 12:40:02 | INFO     | Epoch  13 | Train: Loss=0.0714, Acc=0.9655 | Val: Loss=0.0975, Acc=0.9550, F1=0.9535 | LR=0.000100 
2025-07-21 12:41:15 | INFO     | Epoch 14:
2025-07-21 12:41:15 | INFO     |   训练指标:
2025-07-21 12:41:15 | INFO     |     损失(ce): 0.087554
2025-07-21 12:41:15 | INFO     |     准确率: 0.962462
2025-07-21 12:41:15 | INFO     |     学习率: 0.00010000
2025-07-21 12:41:15 | INFO     |   验证指标(标准CE):
2025-07-21 12:41:15 | INFO     |     损失: 0.079861
2025-07-21 12:41:15 | INFO     |     准确率: 0.960961
2025-07-21 12:41:15 | INFO     |     F1(macro): 0.962351
2025-07-21 12:41:15 | INFO     |     F1(weighted): 0.960526
2025-07-21 12:41:15 | INFO     |     精确率: 0.971111
2025-07-21 12:41:15 | INFO     |     召回率: 0.964057
2025-07-21 12:41:15 | INFO     |   学习率调度器: f1_based
2025-07-21 12:41:15 | INFO     | ------------------------------------------------------------
2025-07-21 12:41:15 | INFO     | 🎯 学习率调整事件:
2025-07-21 12:41:15 | INFO     |   调度器类型: f1_based
2025-07-21 12:41:15 | INFO     |   学习率变化: 0.00010000 → 0.00005000
2025-07-21 12:41:15 | INFO     |   触发条件: F1分数 = 0.960526
2025-07-21 12:41:15 | INFO     |   变化幅度: -50.00%
2025-07-21 12:41:15 | INFO     | ------------------------------------------------------------
2025-07-21 12:41:15 | INFO     | Epoch  14 | Train: Loss=0.0876, Acc=0.9625 | Val: Loss=0.0799, Acc=0.9610, F1=0.9605 | LR=0.000050 
2025-07-21 12:42:52 | INFO     | Epoch 15:
2025-07-21 12:42:52 | INFO     |   训练指标:
2025-07-21 12:42:52 | INFO     |     损失(ce): 0.046473
2025-07-21 12:42:52 | INFO     |     准确率: 0.973223
2025-07-21 12:42:52 | INFO     |     学习率: 0.00005000
2025-07-21 12:42:52 | INFO     |   验证指标(标准CE):
2025-07-21 12:42:52 | INFO     |     损失: 0.041032
2025-07-21 12:42:52 | INFO     |     准确率: 0.976977
2025-07-21 12:42:52 | INFO     |     F1(macro): 0.977620
2025-07-21 12:42:52 | INFO     |     F1(weighted): 0.976738
2025-07-21 12:42:52 | INFO     |     精确率: 0.980918
2025-07-21 12:42:52 | INFO     |     召回率: 0.977142
2025-07-21 12:42:52 | INFO     |   学习率调度器: f1_based
2025-07-21 12:42:52 | INFO     | ------------------------------------------------------------
2025-07-21 12:42:52 | INFO     | Epoch  15 | Train: Loss=0.0465, Acc=0.9732 | Val: Loss=0.0410, Acc=0.9770, F1=0.9767 | LR=0.000050 🏆 [最佳模型]
2025-07-21 12:44:05 | INFO     | Epoch 16:
2025-07-21 12:44:05 | INFO     |   训练指标:
2025-07-21 12:44:05 | INFO     |     损失(ce): 0.048535
2025-07-21 12:44:05 | INFO     |     准确率: 0.973724
2025-07-21 12:44:05 | INFO     |     学习率: 0.00005000
2025-07-21 12:44:05 | INFO     |   验证指标(标准CE):
2025-07-21 12:44:05 | INFO     |     损失: 0.049389
2025-07-21 12:44:05 | INFO     |     准确率: 0.974975
2025-07-21 12:44:05 | INFO     |     F1(macro): 0.975725
2025-07-21 12:44:05 | INFO     |     F1(weighted): 0.974759
2025-07-21 12:44:05 | INFO     |     精确率: 0.978364
2025-07-21 12:44:05 | INFO     |     召回率: 0.975306
2025-07-21 12:44:05 | INFO     |   学习率调度器: f1_based
2025-07-21 12:44:05 | INFO     | ------------------------------------------------------------
2025-07-21 12:44:05 | INFO     | Epoch  16 | Train: Loss=0.0485, Acc=0.9737 | Val: Loss=0.0494, Acc=0.9750, F1=0.9748 | LR=0.000050 
2025-07-21 12:45:18 | INFO     | Epoch 17:
2025-07-21 12:45:18 | INFO     |   训练指标:
2025-07-21 12:45:18 | INFO     |     损失(ce): 0.045054
2025-07-21 12:45:18 | INFO     |     准确率: 0.970470
2025-07-21 12:45:18 | INFO     |     学习率: 0.00005000
2025-07-21 12:45:18 | INFO     |   验证指标(标准CE):
2025-07-21 12:45:18 | INFO     |     损失: 0.053125
2025-07-21 12:45:18 | INFO     |     准确率: 0.967968
2025-07-21 12:45:18 | INFO     |     F1(macro): 0.969071
2025-07-21 12:45:18 | INFO     |     F1(weighted): 0.967545
2025-07-21 12:45:18 | INFO     |     精确率: 0.975136
2025-07-21 12:45:18 | INFO     |     召回率: 0.970615
2025-07-21 12:45:18 | INFO     |   学习率调度器: f1_based
2025-07-21 12:45:18 | INFO     | ------------------------------------------------------------
2025-07-21 12:45:18 | INFO     | Epoch  17 | Train: Loss=0.0451, Acc=0.9705 | Val: Loss=0.0531, Acc=0.9680, F1=0.9675 | LR=0.000050 
2025-07-21 12:46:55 | INFO     | Epoch 18:
2025-07-21 12:46:55 | INFO     |   训练指标:
2025-07-21 12:46:55 | INFO     |     损失(ce): 0.047280
2025-07-21 12:46:55 | INFO     |     准确率: 0.973223
2025-07-21 12:46:55 | INFO     |     学习率: 0.00005000
2025-07-21 12:46:55 | INFO     |   验证指标(标准CE):
2025-07-21 12:46:55 | INFO     |     损失: 0.053594
2025-07-21 12:46:55 | INFO     |     准确率: 0.967968
2025-07-21 12:46:55 | INFO     |     F1(macro): 0.969071
2025-07-21 12:46:55 | INFO     |     F1(weighted): 0.967545
2025-07-21 12:46:55 | INFO     |     精确率: 0.975136
2025-07-21 12:46:55 | INFO     |     召回率: 0.970615
2025-07-21 12:46:55 | INFO     |   学习率调度器: f1_based
2025-07-21 12:46:55 | INFO     | ------------------------------------------------------------
2025-07-21 12:46:55 | INFO     | Epoch  18 | Train: Loss=0.0473, Acc=0.9732 | Val: Loss=0.0536, Acc=0.9680, F1=0.9675 | LR=0.000050 
2025-07-21 12:48:08 | INFO     | Epoch 19:
2025-07-21 12:48:08 | INFO     |   训练指标:
2025-07-21 12:48:08 | INFO     |     损失(ce): 0.044029
2025-07-21 12:48:08 | INFO     |     准确率: 0.976226
2025-07-21 12:48:08 | INFO     |     学习率: 0.00005000
2025-07-21 12:48:08 | INFO     |   验证指标(标准CE):
2025-07-21 12:48:08 | INFO     |     损失: 0.053596
2025-07-21 12:48:08 | INFO     |     准确率: 0.972973
2025-07-21 12:48:08 | INFO     |     F1(macro): 0.973816
2025-07-21 12:48:08 | INFO     |     F1(weighted): 0.972799
2025-07-21 12:48:08 | INFO     |     精确率: 0.976024
2025-07-21 12:48:08 | INFO     |     召回率: 0.973404
2025-07-21 12:48:08 | INFO     |   学习率调度器: f1_based
2025-07-21 12:48:08 | INFO     | ------------------------------------------------------------
2025-07-21 12:48:08 | INFO     | Epoch  19 | Train: Loss=0.0440, Acc=0.9762 | Val: Loss=0.0536, Acc=0.9730, F1=0.9728 | LR=0.000050 
2025-07-21 12:49:20 | INFO     | Epoch 20:
2025-07-21 12:49:20 | INFO     |   训练指标:
2025-07-21 12:49:20 | INFO     |     损失(ce): 0.047971
2025-07-21 12:49:20 | INFO     |     准确率: 0.972723
2025-07-21 12:49:20 | INFO     |     学习率: 0.00005000
2025-07-21 12:49:20 | INFO     |   验证指标(标准CE):
2025-07-21 12:49:20 | INFO     |     损失: 0.043294
2025-07-21 12:49:20 | INFO     |     准确率: 0.970971
2025-07-21 12:49:20 | INFO     |     F1(macro): 0.972035
2025-07-21 12:49:20 | INFO     |     F1(weighted): 0.970672
2025-07-21 12:49:20 | INFO     |     精确率: 0.976984
2025-07-21 12:49:20 | INFO     |     召回率: 0.973370
2025-07-21 12:49:20 | INFO     |   学习率调度器: f1_based
2025-07-21 12:49:20 | INFO     | ------------------------------------------------------------
2025-07-21 12:49:20 | INFO     | Epoch  20 | Train: Loss=0.0480, Acc=0.9727 | Val: Loss=0.0433, Acc=0.9710, F1=0.9707 | LR=0.000050 
2025-07-21 12:50:57 | INFO     | Epoch 21:
2025-07-21 12:50:57 | INFO     |   训练指标:
2025-07-21 12:50:57 | INFO     |     损失(ce): 0.049972
2025-07-21 12:50:57 | INFO     |     准确率: 0.969970
2025-07-21 12:50:57 | INFO     |     学习率: 0.00005000
2025-07-21 12:50:57 | INFO     |   验证指标(标准CE):
2025-07-21 12:50:57 | INFO     |     损失: 0.047350
2025-07-21 12:50:57 | INFO     |     准确率: 0.969970
2025-07-21 12:50:57 | INFO     |     F1(macro): 0.971049
2025-07-21 12:50:57 | INFO     |     F1(weighted): 0.969633
2025-07-21 12:50:57 | INFO     |     精确率: 0.976359
2025-07-21 12:50:57 | INFO     |     召回率: 0.972452
2025-07-21 12:50:57 | INFO     |   学习率调度器: f1_based
2025-07-21 12:50:57 | INFO     | ------------------------------------------------------------
2025-07-21 12:50:57 | INFO     | Epoch  21 | Train: Loss=0.0500, Acc=0.9700 | Val: Loss=0.0474, Acc=0.9700, F1=0.9696 | LR=0.000050 
2025-07-21 12:52:10 | INFO     | Epoch 22:
2025-07-21 12:52:10 | INFO     |   训练指标:
2025-07-21 12:52:10 | INFO     |     损失(ce): 0.044205
2025-07-21 12:52:10 | INFO     |     准确率: 0.975475
2025-07-21 12:52:10 | INFO     |     学习率: 0.00005000
2025-07-21 12:52:10 | INFO     |   验证指标(标准CE):
2025-07-21 12:52:10 | INFO     |     损失: 0.052003
2025-07-21 12:52:10 | INFO     |     准确率: 0.973974
2025-07-21 12:52:10 | INFO     |     F1(macro): 0.974672
2025-07-21 12:52:10 | INFO     |     F1(weighted): 0.973679
2025-07-21 12:52:10 | INFO     |     精确率: 0.978212
2025-07-21 12:52:10 | INFO     |     召回率: 0.974222
2025-07-21 12:52:10 | INFO     |   学习率调度器: f1_based
2025-07-21 12:52:10 | INFO     | ------------------------------------------------------------
2025-07-21 12:52:10 | INFO     | 🎯 学习率调整事件:
2025-07-21 12:52:10 | INFO     |   调度器类型: f1_based
2025-07-21 12:52:10 | INFO     |   学习率变化: 0.00005000 → 0.00002500
2025-07-21 12:52:10 | INFO     |   触发条件: F1分数 = 0.973679
2025-07-21 12:52:10 | INFO     |   变化幅度: -50.00%
2025-07-21 12:52:10 | INFO     | ------------------------------------------------------------
2025-07-21 12:52:10 | INFO     | Epoch  22 | Train: Loss=0.0442, Acc=0.9755 | Val: Loss=0.0520, Acc=0.9740, F1=0.9737 | LR=0.000025 
2025-07-21 12:53:47 | INFO     | Epoch 23:
2025-07-21 12:53:47 | INFO     |   训练指标:
2025-07-21 12:53:47 | INFO     |     损失(ce): 0.040694
2025-07-21 12:53:47 | INFO     |     准确率: 0.973223
2025-07-21 12:53:47 | INFO     |     学习率: 0.00002500
2025-07-21 12:53:47 | INFO     |   验证指标(标准CE):
2025-07-21 12:53:47 | INFO     |     损失: 0.041483
2025-07-21 12:53:47 | INFO     |     准确率: 0.970971
2025-07-21 12:53:47 | INFO     |     F1(macro): 0.972035
2025-07-21 12:53:47 | INFO     |     F1(weighted): 0.970672
2025-07-21 12:53:47 | INFO     |     精确率: 0.976984
2025-07-21 12:53:47 | INFO     |     召回率: 0.973370
2025-07-21 12:53:47 | INFO     |   学习率调度器: f1_based
2025-07-21 12:53:47 | INFO     | ------------------------------------------------------------
2025-07-21 12:53:47 | INFO     | Epoch  23 | Train: Loss=0.0407, Acc=0.9732 | Val: Loss=0.0415, Acc=0.9710, F1=0.9707 | LR=0.000025 
2025-07-21 12:55:00 | INFO     | Epoch 24:
2025-07-21 12:55:00 | INFO     |   训练指标:
2025-07-21 12:55:00 | INFO     |     损失(ce): 0.037029
2025-07-21 12:55:00 | INFO     |     准确率: 0.974725
2025-07-21 12:55:00 | INFO     |     学习率: 0.00002500
2025-07-21 12:55:00 | INFO     |   验证指标(标准CE):
2025-07-21 12:55:00 | INFO     |     损失: 0.046497
2025-07-21 12:55:00 | INFO     |     准确率: 0.969970
2025-07-21 12:55:00 | INFO     |     F1(macro): 0.971049
2025-07-21 12:55:00 | INFO     |     F1(weighted): 0.969633
2025-07-21 12:55:00 | INFO     |     精确率: 0.976359
2025-07-21 12:55:00 | INFO     |     召回率: 0.972452
2025-07-21 12:55:00 | INFO     |   学习率调度器: f1_based
2025-07-21 12:55:00 | INFO     | ------------------------------------------------------------
2025-07-21 12:55:00 | INFO     | Epoch  24 | Train: Loss=0.0370, Acc=0.9747 | Val: Loss=0.0465, Acc=0.9700, F1=0.9696 | LR=0.000025 
2025-07-21 12:56:13 | INFO     | Epoch 25:
2025-07-21 12:56:13 | INFO     |   训练指标:
2025-07-21 12:56:13 | INFO     |     损失(ce): 0.038709
2025-07-21 12:56:13 | INFO     |     准确率: 0.975475
2025-07-21 12:56:13 | INFO     |     学习率: 0.00002500
2025-07-21 12:56:13 | INFO     |   验证指标(标准CE):
2025-07-21 12:56:13 | INFO     |     损失: 0.064169
2025-07-21 12:56:13 | INFO     |     准确率: 0.965966
2025-07-21 12:56:13 | INFO     |     F1(macro): 0.967081
2025-07-21 12:56:13 | INFO     |     F1(weighted): 0.965444
2025-07-21 12:56:13 | INFO     |     精确率: 0.973946
2025-07-21 12:56:13 | INFO     |     召回率: 0.968779
2025-07-21 12:56:13 | INFO     |   学习率调度器: f1_based
2025-07-21 12:56:13 | INFO     | ------------------------------------------------------------
2025-07-21 12:56:13 | INFO     | Epoch  25 | Train: Loss=0.0387, Acc=0.9755 | Val: Loss=0.0642, Acc=0.9660, F1=0.9654 | LR=0.000025 
2025-07-21 12:57:49 | INFO     | Epoch 26:
2025-07-21 12:57:49 | INFO     |   训练指标:
2025-07-21 12:57:49 | INFO     |     损失(ce): 0.036080
2025-07-21 12:57:49 | INFO     |     准确率: 0.976226
2025-07-21 12:57:49 | INFO     |     学习率: 0.00002500
2025-07-21 12:57:49 | INFO     |   验证指标(标准CE):
2025-07-21 12:57:49 | INFO     |     损失: 0.039652
2025-07-21 12:57:49 | INFO     |     准确率: 0.970971
2025-07-21 12:57:49 | INFO     |     F1(macro): 0.972035
2025-07-21 12:57:49 | INFO     |     F1(weighted): 0.970672
2025-07-21 12:57:49 | INFO     |     精确率: 0.976984
2025-07-21 12:57:49 | INFO     |     召回率: 0.973370
2025-07-21 12:57:49 | INFO     |   学习率调度器: f1_based
2025-07-21 12:57:49 | INFO     | ------------------------------------------------------------
2025-07-21 12:57:49 | INFO     | Epoch  26 | Train: Loss=0.0361, Acc=0.9762 | Val: Loss=0.0397, Acc=0.9710, F1=0.9707 | LR=0.000025 
2025-07-21 12:59:02 | INFO     | Epoch 27:
2025-07-21 12:59:02 | INFO     |   训练指标:
2025-07-21 12:59:02 | INFO     |     损失(ce): 0.041561
2025-07-21 12:59:02 | INFO     |     准确率: 0.972973
2025-07-21 12:59:02 | INFO     |     学习率: 0.00002500
2025-07-21 12:59:02 | INFO     |   验证指标(标准CE):
2025-07-21 12:59:02 | INFO     |     损失: 0.046091
2025-07-21 12:59:02 | INFO     |     准确率: 0.970971
2025-07-21 12:59:02 | INFO     |     F1(macro): 0.972035
2025-07-21 12:59:02 | INFO     |     F1(weighted): 0.970672
2025-07-21 12:59:02 | INFO     |     精确率: 0.976984
2025-07-21 12:59:02 | INFO     |     召回率: 0.973370
2025-07-21 12:59:02 | INFO     |   学习率调度器: f1_based
2025-07-21 12:59:02 | INFO     | ------------------------------------------------------------
2025-07-21 12:59:02 | INFO     | Epoch  27 | Train: Loss=0.0416, Acc=0.9730 | Val: Loss=0.0461, Acc=0.9710, F1=0.9707 | LR=0.000025 
2025-07-21 13:00:15 | INFO     | Epoch 28:
2025-07-21 13:00:15 | INFO     |   训练指标:
2025-07-21 13:00:15 | INFO     |     损失(ce): 0.040870
2025-07-21 13:00:15 | INFO     |     准确率: 0.976226
2025-07-21 13:00:15 | INFO     |     学习率: 0.00002500
2025-07-21 13:00:15 | INFO     |   验证指标(标准CE):
2025-07-21 13:00:15 | INFO     |     损失: 0.044581
2025-07-21 13:00:15 | INFO     |     准确率: 0.969970
2025-07-21 13:00:15 | INFO     |     F1(macro): 0.971049
2025-07-21 13:00:15 | INFO     |     F1(weighted): 0.969633
2025-07-21 13:00:15 | INFO     |     精确率: 0.976359
2025-07-21 13:00:15 | INFO     |     召回率: 0.972452
2025-07-21 13:00:15 | INFO     |   学习率调度器: f1_based
2025-07-21 13:00:15 | INFO     | ------------------------------------------------------------
2025-07-21 13:00:15 | INFO     | Epoch  28 | Train: Loss=0.0409, Acc=0.9762 | Val: Loss=0.0446, Acc=0.9700, F1=0.9696 | LR=0.000025 
2025-07-21 13:01:52 | INFO     | Epoch 29:
2025-07-21 13:01:52 | INFO     |   训练指标:
2025-07-21 13:01:52 | INFO     |     损失(ce): 0.036543
2025-07-21 13:01:52 | INFO     |     准确率: 0.978729
2025-07-21 13:01:52 | INFO     |     学习率: 0.00002500
2025-07-21 13:01:52 | INFO     |   验证指标(标准CE):
2025-07-21 13:01:52 | INFO     |     损失: 0.052779
2025-07-21 13:01:52 | INFO     |     准确率: 0.968969
2025-07-21 13:01:52 | INFO     |     F1(macro): 0.970061
2025-07-21 13:01:52 | INFO     |     F1(weighted): 0.968591
2025-07-21 13:01:52 | INFO     |     精确率: 0.975743
2025-07-21 13:01:52 | INFO     |     召回率: 0.971534
2025-07-21 13:01:52 | INFO     |   学习率调度器: f1_based
2025-07-21 13:01:52 | INFO     | ------------------------------------------------------------
2025-07-21 13:01:52 | INFO     | Epoch  29 | Train: Loss=0.0365, Acc=0.9787 | Val: Loss=0.0528, Acc=0.9690, F1=0.9686 | LR=0.000025 
2025-07-21 13:03:05 | INFO     | Epoch 30:
2025-07-21 13:03:05 | INFO     |   训练指标:
2025-07-21 13:03:05 | INFO     |     损失(ce): 0.037540
2025-07-21 13:03:05 | INFO     |     准确率: 0.975225
2025-07-21 13:03:05 | INFO     |     学习率: 0.00002500
2025-07-21 13:03:05 | INFO     |   验证指标(标准CE):
2025-07-21 13:03:05 | INFO     |     损失: 0.036496
2025-07-21 13:03:05 | INFO     |     准确率: 0.970971
2025-07-21 13:03:05 | INFO     |     F1(macro): 0.972035
2025-07-21 13:03:05 | INFO     |     F1(weighted): 0.970672
2025-07-21 13:03:05 | INFO     |     精确率: 0.976984
2025-07-21 13:03:05 | INFO     |     召回率: 0.973370
2025-07-21 13:03:05 | INFO     |   学习率调度器: f1_based
2025-07-21 13:03:05 | INFO     | ------------------------------------------------------------
2025-07-21 13:03:05 | INFO     | 🎯 学习率调整事件:
2025-07-21 13:03:05 | INFO     |   调度器类型: f1_based
2025-07-21 13:03:05 | INFO     |   学习率变化: 0.00002500 → 0.00001250
2025-07-21 13:03:05 | INFO     |   触发条件: F1分数 = 0.970672
2025-07-21 13:03:05 | INFO     |   变化幅度: -50.00%
2025-07-21 13:03:05 | INFO     | ------------------------------------------------------------
2025-07-21 13:03:05 | INFO     | Epoch  30 | Train: Loss=0.0375, Acc=0.9752 | Val: Loss=0.0365, Acc=0.9710, F1=0.9707 | LR=0.000013 
2025-07-21 13:03:05 | INFO     | ⏹️ 早停触发，在第 30 轮停止训练
2025-07-21 13:03:09 | INFO     | 训练历史已保存到: ./result/0721_1226_DualGAF_DualGAFNet_dilated_enhanced_sl96_step96_fd128_extractor-dilated_gaf-adaptive_attention-none_classifier-mlp_stat-basic_fusion-concat_ablation-no_attention/training_history.csv
2025-07-21 13:03:09 | INFO     | 
====================================================================================================
2025-07-21 13:03:09 | INFO     | 🎉 训练完成总结:
2025-07-21 13:03:09 | INFO     |   训练损失函数: ce
2025-07-21 13:03:09 | INFO     |   验证损失函数: 标准交叉熵（遵循主流ML规范）
2025-07-21 13:03:09 | INFO     |   训练过程最佳验证准确率: 0.9770
2025-07-21 13:03:09 | INFO     |   训练过程最佳验证F1(macro): 0.9776
2025-07-21 13:03:09 | INFO     |   训练过程最佳验证F1(weighted): 0.9767
2025-07-21 13:03:09 | INFO     |   训练轮数: 30
2025-07-21 13:03:09 | INFO     | --------------------------------------------------
2025-07-21 13:03:09 | INFO     | 📊 最佳模型真实性能指标（基于标准交叉熵损失）:
2025-07-21 13:03:09 | INFO     |   验证损失(标准CE): 0.0410
2025-07-21 13:03:09 | INFO     |   验证准确率: 0.9770
2025-07-21 13:03:09 | INFO     |   验证F1(macro): 0.9776
2025-07-21 13:03:09 | INFO     |   验证F1(weighted): 0.9767
2025-07-21 13:03:09 | INFO     |   验证精确率: 0.9809
2025-07-21 13:03:09 | INFO     |   验证召回率: 0.9771
2025-07-21 13:03:09 | INFO     | ====================================================================================================
2025-07-21 13:03:11 | INFO     | ================================================================================
2025-07-21 13:03:11 | INFO     | 实验日志结束: DualGAF_DualGAFNet_dilated_enhanced_sl96_step96_fd128_extractor-dilated_gaf-adaptive_attention-none_classifier-mlp_stat-basic_fusion-concat_ablation-no_attention
2025-07-21 13:03:11 | INFO     | 结束时间: 2025-07-21 13:03:11
2025-07-21 13:03:11 | INFO     | ================================================================================
