2025-08-01 07:21:39 | INFO     | ================================================================================
2025-08-01 07:21:39 | INFO     | 实验日志开始: DualGAF_DDAHU_DualGAFNet_SDAHU通道压缩3,5,7_sl96_step96_fd128_extractor-dilated_gaf-adaptive_attention-channel_classifier-mlp_stat-basic_fusion-concat_compression-signal_compression_ratio-0.3
2025-08-01 07:21:39 | INFO     | 日志文件: ./result/0801_0721_DualGAF_DDAHU_DualGAFNet_SDAHU通道压缩3,5,7_sl96_step96_fd128_extractor-dilated_gaf-adaptive_attention-channel_classifier-mlp_stat-basic_fusion-concat_compression-signal_compression_ratio-0.3/training.log
2025-08-01 07:21:39 | INFO     | 开始时间: 2025-08-01 07:21:39
2025-08-01 07:21:39 | INFO     | ================================================================================
2025-08-01 07:21:39 | INFO     | ⚙️ 实验配置:
2025-08-01 07:21:39 | INFO     |    task_name: classification
2025-08-01 07:21:39 | INFO     |    is_training: 1
2025-08-01 07:21:39 | INFO     |    model_id: test
2025-08-01 07:21:39 | INFO     |    model: DualGAFNet
2025-08-01 07:21:39 | INFO     |    data: DualGAF_DDAHU
2025-08-01 07:21:39 | INFO     |    root_path: ./dataset/DDAHU/direct_5_working
2025-08-01 07:21:39 | INFO     |    step: 96
2025-08-01 07:21:39 | INFO     |    checkpoints: ./checkpoints/
2025-08-01 07:21:39 | INFO     |    num_class: 29
2025-08-01 07:21:39 | INFO     |    result_path: ./result/
2025-08-01 07:21:39 | INFO     |    test_size: 0.2
2025-08-01 07:21:39 | INFO     |    rows: None
2025-08-01 07:21:39 | INFO     |    seq_len: 96
2025-08-01 07:21:39 | INFO     |    enc_in: 97
2025-08-01 07:21:39 | INFO     |    d_model: 512
2025-08-01 07:21:39 | INFO     |    n_heads: 8
2025-08-01 07:21:39 | INFO     |    e_layers: 2
2025-08-01 07:21:39 | INFO     |    d_layers: 1
2025-08-01 07:21:39 | INFO     |    d_ff: 2048
2025-08-01 07:21:39 | INFO     |    moving_avg: 25
2025-08-01 07:21:39 | INFO     |    factor: 1
2025-08-01 07:21:39 | INFO     |    distil: True
2025-08-01 07:21:39 | INFO     |    dropout: 0.1
2025-08-01 07:21:39 | INFO     |    embed: timeF
2025-08-01 07:21:39 | INFO     |    activation: gelu
2025-08-01 07:21:39 | INFO     |    use_norm: 1
2025-08-01 07:21:39 | INFO     |    gaf_method: summation
2025-08-01 07:21:39 | INFO     |    feature_dim: 128
2025-08-01 07:21:39 | INFO     |    data_type_method: uint8
2025-08-01 07:21:39 | INFO     |    use_attention: True
2025-08-01 07:21:39 | INFO     |    hidden_dim: 64
2025-08-01 07:21:39 | INFO     |    sample_size: 1000
2025-08-01 07:21:39 | INFO     |    cnn_dropout_rate: 0.3
2025-08-01 07:21:39 | INFO     |    cnn_use_batch_norm: True
2025-08-01 07:21:39 | INFO     |    channel_groups: None
2025-08-01 07:21:39 | INFO     |    hvac_groups: None
2025-08-01 07:21:39 | INFO     |    use_channel_compression: True
2025-08-01 07:21:39 | INFO     |    compression_strategy: signal_compression
2025-08-01 07:21:39 | INFO     |    compression_ratio: 0.3
2025-08-01 07:21:39 | INFO     |    compression_channels: None
2025-08-01 07:21:39 | INFO     |    adaptive_compression_ratios: [0.5, 0.7, 0.8]
2025-08-01 07:21:39 | INFO     |    hvac_group_compression_ratios: None
2025-08-01 07:21:39 | INFO     |    extractor_type: dilated
2025-08-01 07:21:39 | INFO     |    fusion_type: adaptive
2025-08-01 07:21:39 | INFO     |    attention_type: channel
2025-08-01 07:21:39 | INFO     |    classifier_type: mlp
2025-08-01 07:21:39 | INFO     |    use_statistical_features: True
2025-08-01 07:21:39 | INFO     |    stat_type: basic
2025-08-01 07:21:39 | INFO     |    multimodal_fusion_strategy: concat
2025-08-01 07:21:39 | INFO     |    use_signal_level_stats: False
2025-08-01 07:21:39 | INFO     |    signal_stat_type: comprehensive
2025-08-01 07:21:39 | INFO     |    signal_stat_fusion_strategy: concat_project
2025-08-01 07:21:39 | INFO     |    signal_stat_feature_dim: 32
2025-08-01 07:21:39 | INFO     |    use_diff_branch: True
2025-08-01 07:21:39 | INFO     |    ablation_mode: none
2025-08-01 07:21:39 | INFO     |    backbone_type: resnet18
2025-08-01 07:21:39 | INFO     |    use_sum_branch: True
2025-08-01 07:21:39 | INFO     |    num_workers: 0
2025-08-01 07:21:39 | INFO     |    cuda_debug: False
2025-08-01 07:21:39 | INFO     |    gpu_memory_fraction: 0.9
2025-08-01 07:21:39 | INFO     |    safe_mode: True
2025-08-01 07:21:39 | INFO     |    drop_last_batch: True
2025-08-01 07:21:39 | INFO     |    itr: 1
2025-08-01 07:21:39 | INFO     |    train_epochs: 300
2025-08-01 07:21:39 | INFO     |    batch_size: 4
2025-08-01 07:21:39 | INFO     |    patience: 15
2025-08-01 07:21:39 | INFO     |    learning_rate: 0.0001
2025-08-01 07:21:39 | INFO     |    des: SDAHU通道压缩3,5,7
2025-08-01 07:21:39 | INFO     |    loss: MSE
2025-08-01 07:21:39 | INFO     |    lradj: type1
2025-08-01 07:21:39 | INFO     |    lr_scheduler_type: f1_based
2025-08-01 07:21:39 | INFO     |    lr_loss_weight: 0.3
2025-08-01 07:21:39 | INFO     |    lr_f1_weight: 0.7
2025-08-01 07:21:39 | INFO     |    use_amp: False
2025-08-01 07:21:39 | INFO     |    gradient_accumulation_steps: 2
2025-08-01 07:21:39 | INFO     |    enable_auto_gradient_accumulation: True
2025-08-01 07:21:39 | INFO     |    loss_type: ce
2025-08-01 07:21:39 | INFO     |    label_smoothing: 0.1
2025-08-01 07:21:39 | INFO     |    focal_alpha: 1.0
2025-08-01 07:21:39 | INFO     |    focal_gamma: 2.0
2025-08-01 07:21:39 | INFO     |    confidence_penalty_beta: 0.1
2025-08-01 07:21:39 | INFO     |    use_timm_loss: True
2025-08-01 07:21:39 | INFO     |    adaptive_initial_smoothing: 0.2
2025-08-01 07:21:39 | INFO     |    adaptive_final_smoothing: 0.05
2025-08-01 07:21:39 | INFO     |    adaptive_decay_epochs: 30
2025-08-01 07:21:39 | INFO     |    enable_class_weights: False
2025-08-01 07:21:39 | INFO     |    class_weights: None
2025-08-01 07:21:39 | INFO     |    loss_preset: None
2025-08-01 07:21:39 | INFO     |    n_jobs: 1
2025-08-01 07:21:39 | INFO     |    use_multiprocessing: False
2025-08-01 07:21:39 | INFO     |    chunk_size: 800
2025-08-01 07:21:39 | INFO     |    disable_parallel: True
2025-08-01 07:21:39 | INFO     |    use_shared_memory: False
2025-08-01 07:21:39 | INFO     |    disable_shared_memory: False
2025-08-01 07:21:39 | INFO     |    use_gpu: True
2025-08-01 07:21:39 | INFO     |    gpu: 0
2025-08-01 07:21:39 | INFO     |    gpu_type: cuda
2025-08-01 07:21:39 | INFO     |    use_multi_gpu: False
2025-08-01 07:21:39 | INFO     |    devices: 0,1,2,3
2025-08-01 07:21:39 | INFO     |    device: cuda:0
2025-08-01 07:21:39 | INFO     |    feature_columns: ['CHWP_GPMC', 'CHWC_VLV_DM', 'CHWC_VLV', 'CHWC_MWT', 'CHWC_LWT', 'VAVCFM_H_DM_SB', 'CHWC_EAH', 'VAV_DAT_SA', 'CHWC_DAT', 'VAV_SP_C_SA', 'HWP_GPMT', 'VAVCFM_C_DM_SB', 'RM_TEMP_W', 'HWP_GPMC', 'VAVCFM_T_SB', 'VAV_DMPR_H_SB', 'HWC_VLV_DM', 'VAVCFM_H_SB', 'HWC_VLV', 'VAV_DMPR_H_E', 'HWC_LWT', 'HWC_MWT', 'VAV_DMPR_C_SB', 'HWC_DAT', 'RM_TEMP_SB', 'CSF_WAT', 'CSF_SPD', 'CSF_DP', 'CSA_TEMP', 'CSA_CFM', 'VAV_EAT_C_SB', 'CSA_HUMD', 'CSA_SP', 'VAVCFM_C_SB', 'VAVCFM_H_W', 'HSF_SPD', 'VAV_EAT_H_SB', 'VAV_DAT_SB', 'RM_TEMP_SA', 'HSF_DP', 'HSA_TEMP', 'VAVCFM_C_DM_W', 'VAVCFM_C_W', 'VAV_DAT_W', 'HSA_SP', 'HSA_CFM', 'VAV_DMPR_H_W', 'HSF_WAT', 'VAVCFM_T_W', 'EA_DMPR_DM', 'RF_WAT', 'VAV_SP_C_W', 'VAV_SP_H_E', 'EA_DMPR', 'VAV_SP_H_SB', 'RF_SPD', 'RA_TEMP', 'RA_HUMD', 'VAV_SP_H_SA', 'VAV_EAT_H_W', 'RF_DP', 'VAV_DMPR_C_SA', 'VAV_SP_C_SB', 'RA_DMPR_DM', 'VAV_DMPR_H_SA', 'VAV_SP_H_W', 'VAVCFM_H_DM_SA', 'RA_DMPR', 'VAV_EAT_C_W', 'VAVCFM_C_DM_SA', 'RA_CFM', 'MA_TEMP', 'VAVCFM_C_SA', 'OA_TEMP', 'VAVCFM_H_SA', 'VAVCFM_H_DM_W', 'OA_HUMD', 'VAVCFM_T_SA', 'OA_DMPR_DM', 'VAV_EAT_C_SA', 'VAV_DMPR_C_W', 'OA_DMPR', 'VAV_EAT_H_SA', 'HSA_HUMD', 'RM_TEMP_E', 'VAV_EAT_H_E', 'VAV_DAT_E', 'VAV_EAT_C_E', 'VAVCFM_T_E', 'VAVCFM_H_E', 'VAV_SP_C_E', 'VAVCFM_C_DM_E', 'OA_CFM', 'VAV_DMPR_C_E', 'VAVCFM_C_E', 'VAVCFM_H_DM_E', 'CHWP_GPMT']
2025-08-01 07:21:39 | INFO     | 🏗️ 模型信息:
2025-08-01 07:21:39 | INFO     |    模型类型: Model
2025-08-01 07:21:39 | INFO     |    总参数数量: 9,337,708
2025-08-01 07:21:39 | INFO     |    可训练参数: 9,337,708
2025-08-01 07:21:39 | INFO     |    模型大小估计: 35.62 MB
2025-08-01 07:21:39 | INFO     | 📊 数据集信息:
2025-08-01 07:21:39 | INFO     |    训练集大小: 5967
2025-08-01 07:21:39 | INFO     |    验证集大小: 1492
2025-08-01 07:21:39 | INFO     | 
================================================================================
2025-08-01 07:21:39 | INFO     | 📋 损失函数使用策略（遵循主流机器学习规范）:
2025-08-01 07:21:39 | INFO     |    🎯 训练阶段: 使用 ce 损失函数
2025-08-01 07:21:39 | INFO     |       → 目的：优化模型参数，解决特定问题（类别不平衡、相似性等）
2025-08-01 07:21:39 | INFO     |    📊 验证阶段: 使用标准交叉熵损失函数
2025-08-01 07:21:39 | INFO     |       → 目的：客观评估模型性能，便于不同方法比较
2025-08-01 07:21:39 | INFO     |    📈 最终报告: 基于标准交叉熵损失的指标
2025-08-01 07:21:39 | INFO     |       → 目的：提供可信、可比较的性能指标
2025-08-01 07:21:39 | INFO     | ================================================================================

2025-08-01 07:21:39 | INFO     | 🔄 梯度累积配置: 每2轮累积一次梯度
2025-08-01 07:21:39 | INFO     |    实际batch_size: 4
2025-08-01 07:21:39 | INFO     |    有效batch_size: 8
2025-08-01 07:27:22 | INFO     | Epoch 1:
2025-08-01 07:27:22 | INFO     |   训练指标:
2025-08-01 07:27:22 | INFO     |     损失(ce): 3.043294
2025-08-01 07:27:22 | INFO     |     准确率: 0.132294
2025-08-01 07:27:22 | INFO     |     学习率: 0.00010000
2025-08-01 07:27:22 | INFO     |   验证指标(标准CE):
2025-08-01 07:27:22 | INFO     |     损失: 2.237960
2025-08-01 07:27:22 | INFO     |     准确率: 0.356568
2025-08-01 07:27:22 | INFO     |     F1(macro): 0.284538
2025-08-01 07:27:22 | INFO     |     F1(weighted): 0.289260
2025-08-01 07:27:22 | INFO     |     精确率: 0.301527
2025-08-01 07:27:22 | INFO     |     召回率: 0.355323
2025-08-01 07:27:22 | INFO     |   学习率调度器: f1_based
2025-08-01 07:27:22 | INFO     | ------------------------------------------------------------
2025-08-01 07:27:22 | INFO     | Epoch   1 | Train: Loss=3.0433, Acc=0.1323 | Val: Loss=2.2380, Acc=0.3566, F1=0.2893 | LR=0.000100 🏆 [最佳模型]
2025-08-01 07:31:58 | INFO     | Epoch 2:
2025-08-01 07:31:58 | INFO     |   训练指标:
2025-08-01 07:31:58 | INFO     |     损失(ce): 1.612178
2025-08-01 07:31:58 | INFO     |     准确率: 0.501174
2025-08-01 07:31:58 | INFO     |     学习率: 0.00010000
2025-08-01 07:31:58 | INFO     |   验证指标(标准CE):
2025-08-01 07:31:58 | INFO     |     损失: 1.223267
2025-08-01 07:31:58 | INFO     |     准确率: 0.645442
2025-08-01 07:31:58 | INFO     |     F1(macro): 0.628216
2025-08-01 07:31:58 | INFO     |     F1(weighted): 0.622675
2025-08-01 07:31:58 | INFO     |     精确率: 0.698057
2025-08-01 07:31:58 | INFO     |     召回率: 0.653470
2025-08-01 07:31:58 | INFO     |   学习率调度器: f1_based
2025-08-01 07:31:58 | INFO     | ------------------------------------------------------------
2025-08-01 07:31:58 | INFO     | Epoch   2 | Train: Loss=1.6122, Acc=0.5012 | Val: Loss=1.2233, Acc=0.6454, F1=0.6227 | LR=0.000100 🏆 [最佳模型]
2025-08-01 07:36:26 | INFO     | Epoch 3:
2025-08-01 07:36:26 | INFO     |   训练指标:
2025-08-01 07:36:26 | INFO     |     损失(ce): 1.078849
2025-08-01 07:36:26 | INFO     |     准确率: 0.652414
2025-08-01 07:36:26 | INFO     |     学习率: 0.00010000
2025-08-01 07:36:26 | INFO     |   验证指标(标准CE):
2025-08-01 07:36:26 | INFO     |     损失: 0.877082
2025-08-01 07:36:26 | INFO     |     准确率: 0.703083
2025-08-01 07:36:26 | INFO     |     F1(macro): 0.695281
2025-08-01 07:36:26 | INFO     |     F1(weighted): 0.688751
2025-08-01 07:36:26 | INFO     |     精确率: 0.739541
2025-08-01 07:36:26 | INFO     |     召回率: 0.711277
2025-08-01 07:36:26 | INFO     |   学习率调度器: f1_based
2025-08-01 07:36:26 | INFO     | ------------------------------------------------------------
2025-08-01 07:36:26 | INFO     | Epoch   3 | Train: Loss=1.0788, Acc=0.6524 | Val: Loss=0.8771, Acc=0.7031, F1=0.6888 | LR=0.000100 🏆 [最佳模型]
2025-08-01 07:40:54 | INFO     | Epoch 4:
2025-08-01 07:40:54 | INFO     |   训练指标:
2025-08-01 07:40:54 | INFO     |     损失(ce): 0.868446
2025-08-01 07:40:54 | INFO     |     准确率: 0.728203
2025-08-01 07:40:54 | INFO     |     学习率: 0.00010000
2025-08-01 07:40:54 | INFO     |   验证指标(标准CE):
2025-08-01 07:40:54 | INFO     |     损失: 0.653836
2025-08-01 07:40:54 | INFO     |     准确率: 0.802279
2025-08-01 07:40:54 | INFO     |     F1(macro): 0.800174
2025-08-01 07:40:54 | INFO     |     F1(weighted): 0.792213
2025-08-01 07:40:54 | INFO     |     精确率: 0.829154
2025-08-01 07:40:54 | INFO     |     召回率: 0.811903
2025-08-01 07:40:54 | INFO     |   学习率调度器: f1_based
2025-08-01 07:40:54 | INFO     | ------------------------------------------------------------
2025-08-01 07:40:54 | INFO     | Epoch   4 | Train: Loss=0.8684, Acc=0.7282 | Val: Loss=0.6538, Acc=0.8023, F1=0.7922 | LR=0.000100 🏆 [最佳模型]
2025-08-01 07:45:21 | INFO     | Epoch 5:
2025-08-01 07:45:21 | INFO     |   训练指标:
2025-08-01 07:45:21 | INFO     |     损失(ce): 0.704259
2025-08-01 07:45:21 | INFO     |     准确率: 0.782864
2025-08-01 07:45:21 | INFO     |     学习率: 0.00010000
2025-08-01 07:45:21 | INFO     |   验证指标(标准CE):
2025-08-01 07:45:21 | INFO     |     损失: 0.696644
2025-08-01 07:45:21 | INFO     |     准确率: 0.790885
2025-08-01 07:45:21 | INFO     |     F1(macro): 0.798327
2025-08-01 07:45:21 | INFO     |     F1(weighted): 0.797453
2025-08-01 07:45:21 | INFO     |     精确率: 0.858885
2025-08-01 07:45:21 | INFO     |     召回率: 0.794677
2025-08-01 07:45:21 | INFO     |   学习率调度器: f1_based
2025-08-01 07:45:21 | INFO     | ------------------------------------------------------------
2025-08-01 07:45:21 | INFO     | Epoch   5 | Train: Loss=0.7043, Acc=0.7829 | Val: Loss=0.6966, Acc=0.7909, F1=0.7975 | LR=0.000100 🏆 [最佳模型]
2025-08-01 07:49:49 | INFO     | Epoch 6:
2025-08-01 07:49:49 | INFO     |   训练指标:
2025-08-01 07:49:49 | INFO     |     损失(ce): 0.630595
2025-08-01 07:49:49 | INFO     |     准确率: 0.800637
2025-08-01 07:49:49 | INFO     |     学习率: 0.00010000
2025-08-01 07:49:49 | INFO     |   验证指标(标准CE):
2025-08-01 07:49:49 | INFO     |     损失: 0.500805
2025-08-01 07:49:49 | INFO     |     准确率: 0.826408
2025-08-01 07:49:49 | INFO     |     F1(macro): 0.820514
2025-08-01 07:49:49 | INFO     |     F1(weighted): 0.818898
2025-08-01 07:49:49 | INFO     |     精确率: 0.845689
2025-08-01 07:49:49 | INFO     |     召回率: 0.826197
2025-08-01 07:49:49 | INFO     |   学习率调度器: f1_based
2025-08-01 07:49:49 | INFO     | ------------------------------------------------------------
2025-08-01 07:49:49 | INFO     | Epoch   6 | Train: Loss=0.6306, Acc=0.8006 | Val: Loss=0.5008, Acc=0.8264, F1=0.8189 | LR=0.000100 🏆 [最佳模型]
2025-08-01 07:54:17 | INFO     | Epoch 7:
2025-08-01 07:54:17 | INFO     |   训练指标:
2025-08-01 07:54:17 | INFO     |     损失(ce): 0.552298
2025-08-01 07:54:17 | INFO     |     准确率: 0.823273
2025-08-01 07:54:17 | INFO     |     学习率: 0.00010000
2025-08-01 07:54:17 | INFO     |   验证指标(标准CE):
2025-08-01 07:54:17 | INFO     |     损失: 0.571482
2025-08-01 07:54:17 | INFO     |     准确率: 0.824397
2025-08-01 07:54:17 | INFO     |     F1(macro): 0.821405
2025-08-01 07:54:17 | INFO     |     F1(weighted): 0.822139
2025-08-01 07:54:17 | INFO     |     精确率: 0.863965
2025-08-01 07:54:17 | INFO     |     召回率: 0.826251
2025-08-01 07:54:17 | INFO     |   学习率调度器: f1_based
2025-08-01 07:54:17 | INFO     | ------------------------------------------------------------
2025-08-01 07:54:17 | INFO     | Epoch   7 | Train: Loss=0.5523, Acc=0.8233 | Val: Loss=0.5715, Acc=0.8244, F1=0.8221 | LR=0.000100 🏆 [最佳模型]
2025-08-01 07:58:44 | INFO     | Epoch 8:
2025-08-01 07:58:44 | INFO     |   训练指标:
2025-08-01 07:58:44 | INFO     |     损失(ce): 0.538534
2025-08-01 07:58:44 | INFO     |     准确率: 0.833501
2025-08-01 07:58:44 | INFO     |     学习率: 0.00010000
2025-08-01 07:58:44 | INFO     |   验证指标(标准CE):
2025-08-01 07:58:44 | INFO     |     损失: 0.464836
2025-08-01 07:58:44 | INFO     |     准确率: 0.844504
2025-08-01 07:58:44 | INFO     |     F1(macro): 0.844219
2025-08-01 07:58:44 | INFO     |     F1(weighted): 0.840793
2025-08-01 07:58:44 | INFO     |     精确率: 0.869369
2025-08-01 07:58:44 | INFO     |     召回率: 0.849323
2025-08-01 07:58:44 | INFO     |   学习率调度器: f1_based
2025-08-01 07:58:44 | INFO     | ------------------------------------------------------------
2025-08-01 07:58:44 | INFO     | Epoch   8 | Train: Loss=0.5385, Acc=0.8335 | Val: Loss=0.4648, Acc=0.8445, F1=0.8408 | LR=0.000100 🏆 [最佳模型]
2025-08-01 08:03:12 | INFO     | Epoch 9:
2025-08-01 08:03:12 | INFO     |   训练指标:
2025-08-01 08:03:12 | INFO     |     损失(ce): 0.485451
2025-08-01 08:03:12 | INFO     |     准确率: 0.847250
2025-08-01 08:03:12 | INFO     |     学习率: 0.00010000
2025-08-01 08:03:12 | INFO     |   验证指标(标准CE):
2025-08-01 08:03:12 | INFO     |     损失: 0.417273
2025-08-01 08:03:12 | INFO     |     准确率: 0.863941
2025-08-01 08:03:12 | INFO     |     F1(macro): 0.870767
2025-08-01 08:03:12 | INFO     |     F1(weighted): 0.868727
2025-08-01 08:03:12 | INFO     |     精确率: 0.902212
2025-08-01 08:03:12 | INFO     |     召回率: 0.867711
2025-08-01 08:03:12 | INFO     |   学习率调度器: f1_based
2025-08-01 08:03:12 | INFO     | ------------------------------------------------------------
2025-08-01 08:03:12 | INFO     | Epoch   9 | Train: Loss=0.4855, Acc=0.8473 | Val: Loss=0.4173, Acc=0.8639, F1=0.8687 | LR=0.000100 🏆 [最佳模型]
2025-08-01 08:07:39 | INFO     | Epoch 10:
2025-08-01 08:07:39 | INFO     |   训练指标:
2025-08-01 08:07:39 | INFO     |     损失(ce): 0.483922
2025-08-01 08:07:39 | INFO     |     准确率: 0.846244
2025-08-01 08:07:39 | INFO     |     学习率: 0.00010000
2025-08-01 08:07:39 | INFO     |   验证指标(标准CE):
2025-08-01 08:07:39 | INFO     |     损失: 0.304257
2025-08-01 08:07:39 | INFO     |     准确率: 0.911528
2025-08-01 08:07:39 | INFO     |     F1(macro): 0.920842
2025-08-01 08:07:39 | INFO     |     F1(weighted): 0.918989
2025-08-01 08:07:39 | INFO     |     精确率: 0.946235
2025-08-01 08:07:39 | INFO     |     召回率: 0.914416
2025-08-01 08:07:39 | INFO     |   学习率调度器: f1_based
2025-08-01 08:07:39 | INFO     | ------------------------------------------------------------
2025-08-01 08:07:39 | INFO     | Epoch  10 | Train: Loss=0.4839, Acc=0.8462 | Val: Loss=0.3043, Acc=0.9115, F1=0.9190 | LR=0.000100 🏆 [最佳模型]
2025-08-01 08:12:07 | INFO     | Epoch 11:
2025-08-01 08:12:07 | INFO     |   训练指标:
2025-08-01 08:12:07 | INFO     |     损失(ce): 0.415196
2025-08-01 08:12:07 | INFO     |     准确率: 0.864520
2025-08-01 08:12:07 | INFO     |     学习率: 0.00010000
2025-08-01 08:12:07 | INFO     |   验证指标(标准CE):
2025-08-01 08:12:07 | INFO     |     损失: 0.351976
2025-08-01 08:12:07 | INFO     |     准确率: 0.893432
2025-08-01 08:12:07 | INFO     |     F1(macro): 0.894382
2025-08-01 08:12:07 | INFO     |     F1(weighted): 0.893396
2025-08-01 08:12:07 | INFO     |     精确率: 0.920084
2025-08-01 08:12:07 | INFO     |     召回率: 0.897291
2025-08-01 08:12:07 | INFO     |   学习率调度器: f1_based
2025-08-01 08:12:07 | INFO     | ------------------------------------------------------------
2025-08-01 08:12:07 | INFO     | Epoch  11 | Train: Loss=0.4152, Acc=0.8645 | Val: Loss=0.3520, Acc=0.8934, F1=0.8934 | LR=0.000100 
2025-08-01 08:16:34 | INFO     | Epoch 12:
2025-08-01 08:16:34 | INFO     |   训练指标:
2025-08-01 08:16:34 | INFO     |     损失(ce): 0.400988
2025-08-01 08:16:34 | INFO     |     准确率: 0.871395
2025-08-01 08:16:34 | INFO     |     学习率: 0.00010000
2025-08-01 08:16:34 | INFO     |   验证指标(标准CE):
2025-08-01 08:16:34 | INFO     |     损失: 0.261079
2025-08-01 08:16:34 | INFO     |     准确率: 0.908847
2025-08-01 08:16:34 | INFO     |     F1(macro): 0.914239
2025-08-01 08:16:34 | INFO     |     F1(weighted): 0.912170
2025-08-01 08:16:34 | INFO     |     精确率: 0.929731
2025-08-01 08:16:34 | INFO     |     召回率: 0.912099
2025-08-01 08:16:34 | INFO     |   学习率调度器: f1_based
2025-08-01 08:16:34 | INFO     | ------------------------------------------------------------
2025-08-01 08:16:34 | INFO     | Epoch  12 | Train: Loss=0.4010, Acc=0.8714 | Val: Loss=0.2611, Acc=0.9088, F1=0.9122 | LR=0.000100 
2025-08-01 08:21:01 | INFO     | Epoch 13:
2025-08-01 08:21:01 | INFO     |   训练指标:
2025-08-01 08:21:01 | INFO     |     损失(ce): 0.382429
2025-08-01 08:21:01 | INFO     |     准确率: 0.880114
2025-08-01 08:21:01 | INFO     |     学习率: 0.00010000
2025-08-01 08:21:01 | INFO     |   验证指标(标准CE):
2025-08-01 08:21:01 | INFO     |     损失: 0.245577
2025-08-01 08:21:01 | INFO     |     准确率: 0.915550
2025-08-01 08:21:01 | INFO     |     F1(macro): 0.916882
2025-08-01 08:21:01 | INFO     |     F1(weighted): 0.915924
2025-08-01 08:21:01 | INFO     |     精确率: 0.930266
2025-08-01 08:21:01 | INFO     |     召回率: 0.917586
2025-08-01 08:21:01 | INFO     |   学习率调度器: f1_based
2025-08-01 08:21:01 | INFO     | ------------------------------------------------------------
2025-08-01 08:21:01 | INFO     | Epoch  13 | Train: Loss=0.3824, Acc=0.8801 | Val: Loss=0.2456, Acc=0.9155, F1=0.9159 | LR=0.000100 
2025-08-01 08:25:28 | INFO     | Epoch 14:
2025-08-01 08:25:28 | INFO     |   训练指标:
2025-08-01 08:25:28 | INFO     |     损失(ce): 0.367075
2025-08-01 08:25:28 | INFO     |     准确率: 0.886989
2025-08-01 08:25:28 | INFO     |     学习率: 0.00010000
2025-08-01 08:25:28 | INFO     |   验证指标(标准CE):
2025-08-01 08:25:28 | INFO     |     损失: 0.266709
2025-08-01 08:25:28 | INFO     |     准确率: 0.914879
2025-08-01 08:25:28 | INFO     |     F1(macro): 0.915287
2025-08-01 08:25:28 | INFO     |     F1(weighted): 0.914497
2025-08-01 08:25:28 | INFO     |     精确率: 0.930873
2025-08-01 08:25:28 | INFO     |     召回率: 0.917250
2025-08-01 08:25:28 | INFO     |   学习率调度器: f1_based
2025-08-01 08:25:28 | INFO     | ------------------------------------------------------------
2025-08-01 08:25:28 | INFO     | Epoch  14 | Train: Loss=0.3671, Acc=0.8870 | Val: Loss=0.2667, Acc=0.9149, F1=0.9145 | LR=0.000100 
2025-08-01 08:29:55 | INFO     | Epoch 15:
2025-08-01 08:29:55 | INFO     |   训练指标:
2025-08-01 08:29:55 | INFO     |     损失(ce): 0.343071
2025-08-01 08:29:55 | INFO     |     准确率: 0.893025
2025-08-01 08:29:55 | INFO     |     学习率: 0.00010000
2025-08-01 08:29:55 | INFO     |   验证指标(标准CE):
2025-08-01 08:29:55 | INFO     |     损失: 0.222178
2025-08-01 08:29:55 | INFO     |     准确率: 0.921582
2025-08-01 08:29:55 | INFO     |     F1(macro): 0.926615
2025-08-01 08:29:55 | INFO     |     F1(weighted): 0.924438
2025-08-01 08:29:55 | INFO     |     精确率: 0.944958
2025-08-01 08:29:55 | INFO     |     召回率: 0.921633
2025-08-01 08:29:55 | INFO     |   学习率调度器: f1_based
2025-08-01 08:29:55 | INFO     | ------------------------------------------------------------
2025-08-01 08:29:55 | INFO     | Epoch  15 | Train: Loss=0.3431, Acc=0.8930 | Val: Loss=0.2222, Acc=0.9216, F1=0.9244 | LR=0.000100 🏆 [最佳模型]
2025-08-01 08:34:23 | INFO     | Epoch 16:
2025-08-01 08:34:23 | INFO     |   训练指标:
2025-08-01 08:34:23 | INFO     |     损失(ce): 0.334001
2025-08-01 08:34:23 | INFO     |     准确率: 0.895037
2025-08-01 08:34:23 | INFO     |     学习率: 0.00010000
2025-08-01 08:34:23 | INFO     |   验证指标(标准CE):
2025-08-01 08:34:23 | INFO     |     损失: 0.245368
2025-08-01 08:34:23 | INFO     |     准确率: 0.914879
2025-08-01 08:34:23 | INFO     |     F1(macro): 0.915092
2025-08-01 08:34:23 | INFO     |     F1(weighted): 0.914121
2025-08-01 08:34:23 | INFO     |     精确率: 0.927515
2025-08-01 08:34:23 | INFO     |     召回率: 0.918458
2025-08-01 08:34:23 | INFO     |   学习率调度器: f1_based
2025-08-01 08:34:23 | INFO     | ------------------------------------------------------------
2025-08-01 08:34:23 | INFO     | Epoch  16 | Train: Loss=0.3340, Acc=0.8950 | Val: Loss=0.2454, Acc=0.9149, F1=0.9141 | LR=0.000100 
2025-08-01 08:38:50 | INFO     | Epoch 17:
2025-08-01 08:38:50 | INFO     |   训练指标:
2025-08-01 08:38:50 | INFO     |     损失(ce): 0.335244
2025-08-01 08:38:50 | INFO     |     准确率: 0.898893
2025-08-01 08:38:50 | INFO     |     学习率: 0.00010000
2025-08-01 08:38:50 | INFO     |   验证指标(标准CE):
2025-08-01 08:38:50 | INFO     |     损失: 0.550337
2025-08-01 08:38:50 | INFO     |     准确率: 0.875335
2025-08-01 08:38:50 | INFO     |     F1(macro): 0.878432
2025-08-01 08:38:50 | INFO     |     F1(weighted): 0.877535
2025-08-01 08:38:50 | INFO     |     精确率: 0.918288
2025-08-01 08:38:50 | INFO     |     召回率: 0.877217
2025-08-01 08:38:50 | INFO     |   学习率调度器: f1_based
2025-08-01 08:38:50 | INFO     | ------------------------------------------------------------
2025-08-01 08:38:50 | INFO     | Epoch  17 | Train: Loss=0.3352, Acc=0.8989 | Val: Loss=0.5503, Acc=0.8753, F1=0.8775 | LR=0.000100 
2025-08-01 08:43:17 | INFO     | Epoch 18:
2025-08-01 08:43:17 | INFO     |   训练指标:
2025-08-01 08:43:17 | INFO     |     损失(ce): 0.313460
2025-08-01 08:43:17 | INFO     |     准确率: 0.902750
2025-08-01 08:43:17 | INFO     |     学习率: 0.00010000
2025-08-01 08:43:17 | INFO     |   验证指标(标准CE):
2025-08-01 08:43:17 | INFO     |     损失: 0.463345
2025-08-01 08:43:17 | INFO     |     准确率: 0.865282
2025-08-01 08:43:17 | INFO     |     F1(macro): 0.878841
2025-08-01 08:43:17 | INFO     |     F1(weighted): 0.874283
2025-08-01 08:43:17 | INFO     |     精确率: 0.913421
2025-08-01 08:43:17 | INFO     |     召回率: 0.870910
2025-08-01 08:43:17 | INFO     |   学习率调度器: f1_based
2025-08-01 08:43:17 | INFO     | ------------------------------------------------------------
2025-08-01 08:43:17 | INFO     | Epoch  18 | Train: Loss=0.3135, Acc=0.9027 | Val: Loss=0.4633, Acc=0.8653, F1=0.8743 | LR=0.000100 
2025-08-01 08:47:44 | INFO     | Epoch 19:
2025-08-01 08:47:44 | INFO     |   训练指标:
2025-08-01 08:47:44 | INFO     |     损失(ce): 0.293294
2025-08-01 08:47:44 | INFO     |     准确率: 0.908451
2025-08-01 08:47:44 | INFO     |     学习率: 0.00010000
2025-08-01 08:47:44 | INFO     |   验证指标(标准CE):
2025-08-01 08:47:44 | INFO     |     损失: 0.228139
2025-08-01 08:47:44 | INFO     |     准确率: 0.917560
2025-08-01 08:47:44 | INFO     |     F1(macro): 0.925962
2025-08-01 08:47:44 | INFO     |     F1(weighted): 0.923745
2025-08-01 08:47:44 | INFO     |     精确率: 0.953187
2025-08-01 08:47:44 | INFO     |     召回率: 0.918983
2025-08-01 08:47:44 | INFO     |   学习率调度器: f1_based
2025-08-01 08:47:44 | INFO     | ------------------------------------------------------------
2025-08-01 08:47:44 | INFO     | Epoch  19 | Train: Loss=0.2933, Acc=0.9085 | Val: Loss=0.2281, Acc=0.9176, F1=0.9237 | LR=0.000100 
2025-08-01 08:52:10 | INFO     | Epoch 20:
2025-08-01 08:52:10 | INFO     |   训练指标:
2025-08-01 08:52:10 | INFO     |     损失(ce): 0.285626
2025-08-01 08:52:10 | INFO     |     准确率: 0.910463
2025-08-01 08:52:10 | INFO     |     学习率: 0.00010000
2025-08-01 08:52:10 | INFO     |   验证指标(标准CE):
2025-08-01 08:52:10 | INFO     |     损失: 0.454397
2025-08-01 08:52:10 | INFO     |     准确率: 0.871984
2025-08-01 08:52:10 | INFO     |     F1(macro): 0.879878
2025-08-01 08:52:10 | INFO     |     F1(weighted): 0.877704
2025-08-01 08:52:10 | INFO     |     精确率: 0.916107
2025-08-01 08:52:10 | INFO     |     召回率: 0.875667
2025-08-01 08:52:10 | INFO     |   学习率调度器: f1_based
2025-08-01 08:52:10 | INFO     | ------------------------------------------------------------
2025-08-01 08:52:10 | INFO     | Epoch  20 | Train: Loss=0.2856, Acc=0.9105 | Val: Loss=0.4544, Acc=0.8720, F1=0.8777 | LR=0.000100 
2025-08-01 08:56:37 | INFO     | Epoch 21:
2025-08-01 08:56:37 | INFO     |   训练指标:
2025-08-01 08:56:37 | INFO     |     损失(ce): 0.288414
2025-08-01 08:56:37 | INFO     |     准确率: 0.908618
2025-08-01 08:56:37 | INFO     |     学习率: 0.00010000
2025-08-01 08:56:37 | INFO     |   验证指标(标准CE):
2025-08-01 08:56:37 | INFO     |     损失: 0.219320
2025-08-01 08:56:37 | INFO     |     准确率: 0.927614
2025-08-01 08:56:37 | INFO     |     F1(macro): 0.931944
2025-08-01 08:56:37 | INFO     |     F1(weighted): 0.930435
2025-08-01 08:56:37 | INFO     |     精确率: 0.949338
2025-08-01 08:56:37 | INFO     |     召回率: 0.928750
2025-08-01 08:56:37 | INFO     |   学习率调度器: f1_based
2025-08-01 08:56:37 | INFO     | ------------------------------------------------------------
2025-08-01 08:56:37 | INFO     | Epoch  21 | Train: Loss=0.2884, Acc=0.9086 | Val: Loss=0.2193, Acc=0.9276, F1=0.9304 | LR=0.000100 🏆 [最佳模型]
2025-08-01 09:01:05 | INFO     | Epoch 22:
2025-08-01 09:01:05 | INFO     |   训练指标:
2025-08-01 09:01:05 | INFO     |     损失(ce): 0.273621
2025-08-01 09:01:05 | INFO     |     准确率: 0.917170
2025-08-01 09:01:05 | INFO     |     学习率: 0.00010000
2025-08-01 09:01:05 | INFO     |   验证指标(标准CE):
2025-08-01 09:01:05 | INFO     |     损失: 0.493793
2025-08-01 09:01:05 | INFO     |     准确率: 0.894102
2025-08-01 09:01:05 | INFO     |     F1(macro): 0.892968
2025-08-01 09:01:05 | INFO     |     F1(weighted): 0.888761
2025-08-01 09:01:05 | INFO     |     精确率: 0.911751
2025-08-01 09:01:05 | INFO     |     召回率: 0.899427
2025-08-01 09:01:05 | INFO     |   学习率调度器: f1_based
2025-08-01 09:01:05 | INFO     | ------------------------------------------------------------
2025-08-01 09:01:05 | INFO     | Epoch  22 | Train: Loss=0.2736, Acc=0.9172 | Val: Loss=0.4938, Acc=0.8941, F1=0.8888 | LR=0.000100 
2025-08-01 09:05:32 | INFO     | Epoch 23:
2025-08-01 09:05:32 | INFO     |   训练指标:
2025-08-01 09:05:32 | INFO     |     损失(ce): 0.285566
2025-08-01 09:05:32 | INFO     |     准确率: 0.912978
2025-08-01 09:05:32 | INFO     |     学习率: 0.00010000
2025-08-01 09:05:32 | INFO     |   验证指标(标准CE):
2025-08-01 09:05:32 | INFO     |     损失: 0.259669
2025-08-01 09:05:32 | INFO     |     准确率: 0.917560
2025-08-01 09:05:32 | INFO     |     F1(macro): 0.919190
2025-08-01 09:05:32 | INFO     |     F1(weighted): 0.914456
2025-08-01 09:05:32 | INFO     |     精确率: 0.942461
2025-08-01 09:05:32 | INFO     |     召回率: 0.923336
2025-08-01 09:05:32 | INFO     |   学习率调度器: f1_based
2025-08-01 09:05:32 | INFO     | ------------------------------------------------------------
2025-08-01 09:05:32 | INFO     | Epoch  23 | Train: Loss=0.2856, Acc=0.9130 | Val: Loss=0.2597, Acc=0.9176, F1=0.9145 | LR=0.000100 
2025-08-01 09:09:59 | INFO     | Epoch 24:
2025-08-01 09:09:59 | INFO     |   训练指标:
2025-08-01 09:09:59 | INFO     |     损失(ce): 0.291634
2025-08-01 09:09:59 | INFO     |     准确率: 0.916331
2025-08-01 09:09:59 | INFO     |     学习率: 0.00010000
2025-08-01 09:09:59 | INFO     |   验证指标(标准CE):
2025-08-01 09:09:59 | INFO     |     损失: 0.263680
2025-08-01 09:09:59 | INFO     |     准确率: 0.918231
2025-08-01 09:09:59 | INFO     |     F1(macro): 0.921822
2025-08-01 09:09:59 | INFO     |     F1(weighted): 0.919223
2025-08-01 09:09:59 | INFO     |     精确率: 0.941514
2025-08-01 09:09:59 | INFO     |     召回率: 0.921655
2025-08-01 09:09:59 | INFO     |   学习率调度器: f1_based
2025-08-01 09:09:59 | INFO     | ------------------------------------------------------------
2025-08-01 09:09:59 | INFO     | Epoch  24 | Train: Loss=0.2916, Acc=0.9163 | Val: Loss=0.2637, Acc=0.9182, F1=0.9192 | LR=0.000100 
2025-08-01 09:14:26 | INFO     | Epoch 25:
2025-08-01 09:14:26 | INFO     |   训练指标:
2025-08-01 09:14:26 | INFO     |     损失(ce): 0.261900
2025-08-01 09:14:26 | INFO     |     准确率: 0.921362
2025-08-01 09:14:26 | INFO     |     学习率: 0.00010000
2025-08-01 09:14:26 | INFO     |   验证指标(标准CE):
2025-08-01 09:14:26 | INFO     |     损失: 0.202337
2025-08-01 09:14:26 | INFO     |     准确率: 0.928954
2025-08-01 09:14:26 | INFO     |     F1(macro): 0.931543
2025-08-01 09:14:26 | INFO     |     F1(weighted): 0.929891
2025-08-01 09:14:26 | INFO     |     精确率: 0.947105
2025-08-01 09:14:26 | INFO     |     召回率: 0.931826
2025-08-01 09:14:26 | INFO     |   学习率调度器: f1_based
2025-08-01 09:14:26 | INFO     | ------------------------------------------------------------
2025-08-01 09:14:26 | INFO     | Epoch  25 | Train: Loss=0.2619, Acc=0.9214 | Val: Loss=0.2023, Acc=0.9290, F1=0.9299 | LR=0.000100 
2025-08-01 09:18:52 | INFO     | Epoch 26:
2025-08-01 09:18:52 | INFO     |   训练指标:
2025-08-01 09:18:52 | INFO     |     损失(ce): 0.263735
2025-08-01 09:18:52 | INFO     |     准确率: 0.924044
2025-08-01 09:18:52 | INFO     |     学习率: 0.00010000
2025-08-01 09:18:52 | INFO     |   验证指标(标准CE):
2025-08-01 09:18:52 | INFO     |     损失: 0.238054
2025-08-01 09:18:52 | INFO     |     准确率: 0.926273
2025-08-01 09:18:52 | INFO     |     F1(macro): 0.928688
2025-08-01 09:18:52 | INFO     |     F1(weighted): 0.927345
2025-08-01 09:18:52 | INFO     |     精确率: 0.944897
2025-08-01 09:18:52 | INFO     |     召回率: 0.928633
2025-08-01 09:18:52 | INFO     |   学习率调度器: f1_based
2025-08-01 09:18:52 | INFO     | ------------------------------------------------------------
2025-08-01 09:18:52 | INFO     | Epoch  26 | Train: Loss=0.2637, Acc=0.9240 | Val: Loss=0.2381, Acc=0.9263, F1=0.9273 | LR=0.000100 
2025-08-01 09:23:19 | INFO     | Epoch 27:
2025-08-01 09:23:19 | INFO     |   训练指标:
2025-08-01 09:23:19 | INFO     |     损失(ce): 0.262155
2025-08-01 09:23:19 | INFO     |     准确率: 0.921697
2025-08-01 09:23:19 | INFO     |     学习率: 0.00010000
2025-08-01 09:23:19 | INFO     |   验证指标(标准CE):
2025-08-01 09:23:19 | INFO     |     损失: 0.326921
2025-08-01 09:23:19 | INFO     |     准确率: 0.913539
2025-08-01 09:23:19 | INFO     |     F1(macro): 0.922941
2025-08-01 09:23:19 | INFO     |     F1(weighted): 0.920150
2025-08-01 09:23:19 | INFO     |     精确率: 0.942092
2025-08-01 09:23:19 | INFO     |     召回率: 0.917157
2025-08-01 09:23:19 | INFO     |   学习率调度器: f1_based
2025-08-01 09:23:19 | INFO     | ------------------------------------------------------------
2025-08-01 09:23:19 | INFO     | Epoch  27 | Train: Loss=0.2622, Acc=0.9217 | Val: Loss=0.3269, Acc=0.9135, F1=0.9201 | LR=0.000100 
2025-08-01 09:27:46 | INFO     | Epoch 28:
2025-08-01 09:27:46 | INFO     |   训练指标:
2025-08-01 09:27:46 | INFO     |     损失(ce): 0.256017
2025-08-01 09:27:46 | INFO     |     准确率: 0.923038
2025-08-01 09:27:46 | INFO     |     学习率: 0.00010000
2025-08-01 09:27:46 | INFO     |   验证指标(标准CE):
2025-08-01 09:27:46 | INFO     |     损失: 0.190879
2025-08-01 09:27:46 | INFO     |     准确率: 0.931635
2025-08-01 09:27:46 | INFO     |     F1(macro): 0.933099
2025-08-01 09:27:46 | INFO     |     F1(weighted): 0.932176
2025-08-01 09:27:46 | INFO     |     精确率: 0.944348
2025-08-01 09:27:46 | INFO     |     召回率: 0.932795
2025-08-01 09:27:46 | INFO     |   学习率调度器: f1_based
2025-08-01 09:27:46 | INFO     | ------------------------------------------------------------
2025-08-01 09:27:46 | INFO     | Epoch  28 | Train: Loss=0.2560, Acc=0.9230 | Val: Loss=0.1909, Acc=0.9316, F1=0.9322 | LR=0.000100 🏆 [最佳模型]
2025-08-01 09:32:14 | INFO     | Epoch 29:
2025-08-01 09:32:14 | INFO     |   训练指标:
2025-08-01 09:32:14 | INFO     |     损失(ce): 0.235133
2025-08-01 09:32:14 | INFO     |     准确率: 0.924715
2025-08-01 09:32:14 | INFO     |     学习率: 0.00010000
2025-08-01 09:32:14 | INFO     |   验证指标(标准CE):
2025-08-01 09:32:14 | INFO     |     损失: 0.254674
2025-08-01 09:32:14 | INFO     |     准确率: 0.910188
2025-08-01 09:32:14 | INFO     |     F1(macro): 0.914072
2025-08-01 09:32:14 | INFO     |     F1(weighted): 0.911993
2025-08-01 09:32:14 | INFO     |     精确率: 0.927592
2025-08-01 09:32:14 | INFO     |     召回率: 0.911832
2025-08-01 09:32:14 | INFO     |   学习率调度器: f1_based
2025-08-01 09:32:14 | INFO     | ------------------------------------------------------------
2025-08-01 09:32:14 | INFO     | Epoch  29 | Train: Loss=0.2351, Acc=0.9247 | Val: Loss=0.2547, Acc=0.9102, F1=0.9120 | LR=0.000100 
2025-08-01 09:36:41 | INFO     | Epoch 30:
2025-08-01 09:36:41 | INFO     |   训练指标:
2025-08-01 09:36:41 | INFO     |     损失(ce): 0.251341
2025-08-01 09:36:41 | INFO     |     准确率: 0.923877
2025-08-01 09:36:41 | INFO     |     学习率: 0.00010000
2025-08-01 09:36:41 | INFO     |   验证指标(标准CE):
2025-08-01 09:36:41 | INFO     |     损失: 0.251890
2025-08-01 09:36:41 | INFO     |     准确率: 0.916890
2025-08-01 09:36:41 | INFO     |     F1(macro): 0.917860
2025-08-01 09:36:41 | INFO     |     F1(weighted): 0.917136
2025-08-01 09:36:41 | INFO     |     精确率: 0.927880
2025-08-01 09:36:41 | INFO     |     召回率: 0.918197
2025-08-01 09:36:41 | INFO     |   学习率调度器: f1_based
2025-08-01 09:36:41 | INFO     | ------------------------------------------------------------
2025-08-01 09:36:41 | INFO     | Epoch  30 | Train: Loss=0.2513, Acc=0.9239 | Val: Loss=0.2519, Acc=0.9169, F1=0.9171 | LR=0.000100 
2025-08-01 09:41:08 | INFO     | Epoch 31:
2025-08-01 09:41:08 | INFO     |   训练指标:
2025-08-01 09:41:08 | INFO     |     损失(ce): 0.246139
2025-08-01 09:41:08 | INFO     |     准确率: 0.928739
2025-08-01 09:41:08 | INFO     |     学习率: 0.00010000
2025-08-01 09:41:08 | INFO     |   验证指标(标准CE):
2025-08-01 09:41:08 | INFO     |     损失: 0.199051
2025-08-01 09:41:08 | INFO     |     准确率: 0.937668
2025-08-01 09:41:08 | INFO     |     F1(macro): 0.940047
2025-08-01 09:41:08 | INFO     |     F1(weighted): 0.937674
2025-08-01 09:41:08 | INFO     |     精确率: 0.947820
2025-08-01 09:41:08 | INFO     |     召回率: 0.941718
2025-08-01 09:41:08 | INFO     |   学习率调度器: f1_based
2025-08-01 09:41:08 | INFO     | ------------------------------------------------------------
2025-08-01 09:41:08 | INFO     | Epoch  31 | Train: Loss=0.2461, Acc=0.9287 | Val: Loss=0.1991, Acc=0.9377, F1=0.9377 | LR=0.000100 🏆 [最佳模型]
2025-08-01 09:45:35 | INFO     | Epoch 32:
2025-08-01 09:45:35 | INFO     |   训练指标:
2025-08-01 09:45:35 | INFO     |     损失(ce): 0.228116
2025-08-01 09:45:35 | INFO     |     准确率: 0.935614
2025-08-01 09:45:35 | INFO     |     学习率: 0.00010000
2025-08-01 09:45:35 | INFO     |   验证指标(标准CE):
2025-08-01 09:45:35 | INFO     |     损失: 0.179340
2025-08-01 09:45:35 | INFO     |     准确率: 0.939008
2025-08-01 09:45:35 | INFO     |     F1(macro): 0.942292
2025-08-01 09:45:35 | INFO     |     F1(weighted): 0.940642
2025-08-01 09:45:35 | INFO     |     精确率: 0.959935
2025-08-01 09:45:35 | INFO     |     召回率: 0.940642
2025-08-01 09:45:35 | INFO     |   学习率调度器: f1_based
2025-08-01 09:45:35 | INFO     | ------------------------------------------------------------
2025-08-01 09:45:35 | INFO     | Epoch  32 | Train: Loss=0.2281, Acc=0.9356 | Val: Loss=0.1793, Acc=0.9390, F1=0.9406 | LR=0.000100 🏆 [最佳模型]
2025-08-01 09:50:02 | INFO     | Epoch 33:
2025-08-01 09:50:02 | INFO     |   训练指标:
2025-08-01 09:50:02 | INFO     |     损失(ce): 0.246913
2025-08-01 09:50:02 | INFO     |     准确率: 0.930919
2025-08-01 09:50:02 | INFO     |     学习率: 0.00010000
2025-08-01 09:50:02 | INFO     |   验证指标(标准CE):
2025-08-01 09:50:02 | INFO     |     损失: 0.279361
2025-08-01 09:50:02 | INFO     |     准确率: 0.921582
2025-08-01 09:50:02 | INFO     |     F1(macro): 0.921885
2025-08-01 09:50:02 | INFO     |     F1(weighted): 0.919906
2025-08-01 09:50:02 | INFO     |     精确率: 0.936864
2025-08-01 09:50:02 | INFO     |     召回率: 0.924256
2025-08-01 09:50:02 | INFO     |   学习率调度器: f1_based
2025-08-01 09:50:02 | INFO     | ------------------------------------------------------------
2025-08-01 09:50:02 | INFO     | Epoch  33 | Train: Loss=0.2469, Acc=0.9309 | Val: Loss=0.2794, Acc=0.9216, F1=0.9199 | LR=0.000100 
2025-08-01 09:54:29 | INFO     | Epoch 34:
2025-08-01 09:54:29 | INFO     |   训练指标:
2025-08-01 09:54:29 | INFO     |     损失(ce): 0.234689
2025-08-01 09:54:29 | INFO     |     准确率: 0.930919
2025-08-01 09:54:29 | INFO     |     学习率: 0.00010000
2025-08-01 09:54:29 | INFO     |   验证指标(标准CE):
2025-08-01 09:54:29 | INFO     |     损失: 0.216637
2025-08-01 09:54:29 | INFO     |     准确率: 0.938338
2025-08-01 09:54:29 | INFO     |     F1(macro): 0.940225
2025-08-01 09:54:29 | INFO     |     F1(weighted): 0.939706
2025-08-01 09:54:29 | INFO     |     精确率: 0.957937
2025-08-01 09:54:29 | INFO     |     召回率: 0.939770
2025-08-01 09:54:29 | INFO     |   学习率调度器: f1_based
2025-08-01 09:54:29 | INFO     | ------------------------------------------------------------
2025-08-01 09:54:29 | INFO     | Epoch  34 | Train: Loss=0.2347, Acc=0.9309 | Val: Loss=0.2166, Acc=0.9383, F1=0.9397 | LR=0.000100 
2025-08-01 09:58:55 | INFO     | Epoch 35:
2025-08-01 09:58:55 | INFO     |   训练指标:
2025-08-01 09:58:55 | INFO     |     损失(ce): 0.222017
2025-08-01 09:58:55 | INFO     |     准确率: 0.934943
2025-08-01 09:58:55 | INFO     |     学习率: 0.00010000
2025-08-01 09:58:55 | INFO     |   验证指标(标准CE):
2025-08-01 09:58:55 | INFO     |     损失: 0.516979
2025-08-01 09:58:55 | INFO     |     准确率: 0.894102
2025-08-01 09:58:55 | INFO     |     F1(macro): 0.909836
2025-08-01 09:58:55 | INFO     |     F1(weighted): 0.905557
2025-08-01 09:58:55 | INFO     |     精确率: 0.936492
2025-08-01 09:58:55 | INFO     |     召回率: 0.899479
2025-08-01 09:58:55 | INFO     |   学习率调度器: f1_based
2025-08-01 09:58:55 | INFO     | ------------------------------------------------------------
2025-08-01 09:58:55 | INFO     | Epoch  35 | Train: Loss=0.2220, Acc=0.9349 | Val: Loss=0.5170, Acc=0.8941, F1=0.9056 | LR=0.000100 
2025-08-01 10:03:22 | INFO     | Epoch 36:
2025-08-01 10:03:22 | INFO     |   训练指标:
2025-08-01 10:03:22 | INFO     |     损失(ce): 0.229179
2025-08-01 10:03:22 | INFO     |     准确率: 0.934775
2025-08-01 10:03:22 | INFO     |     学习率: 0.00010000
2025-08-01 10:03:22 | INFO     |   验证指标(标准CE):
2025-08-01 10:03:22 | INFO     |     损失: 0.248573
2025-08-01 10:03:22 | INFO     |     准确率: 0.928284
2025-08-01 10:03:22 | INFO     |     F1(macro): 0.930275
2025-08-01 10:03:22 | INFO     |     F1(weighted): 0.928622
2025-08-01 10:03:22 | INFO     |     精确率: 0.941877
2025-08-01 10:03:22 | INFO     |     召回率: 0.931409
2025-08-01 10:03:22 | INFO     |   学习率调度器: f1_based
2025-08-01 10:03:22 | INFO     | ------------------------------------------------------------
2025-08-01 10:03:22 | INFO     | Epoch  36 | Train: Loss=0.2292, Acc=0.9348 | Val: Loss=0.2486, Acc=0.9283, F1=0.9286 | LR=0.000100 
2025-08-01 10:07:48 | INFO     | Epoch 37:
2025-08-01 10:07:48 | INFO     |   训练指标:
2025-08-01 10:07:48 | INFO     |     损失(ce): 0.219466
2025-08-01 10:07:48 | INFO     |     准确率: 0.934272
2025-08-01 10:07:48 | INFO     |     学习率: 0.00010000
2025-08-01 10:07:48 | INFO     |   验证指标(标准CE):
2025-08-01 10:07:48 | INFO     |     损失: 0.181866
2025-08-01 10:07:48 | INFO     |     准确率: 0.940349
2025-08-01 10:07:48 | INFO     |     F1(macro): 0.943329
2025-08-01 10:07:48 | INFO     |     F1(weighted): 0.942481
2025-08-01 10:07:48 | INFO     |     精确率: 0.957857
2025-08-01 10:07:48 | INFO     |     召回率: 0.942456
2025-08-01 10:07:48 | INFO     |   学习率调度器: f1_based
2025-08-01 10:07:48 | INFO     | ------------------------------------------------------------
2025-08-01 10:07:48 | INFO     | Epoch  37 | Train: Loss=0.2195, Acc=0.9343 | Val: Loss=0.1819, Acc=0.9403, F1=0.9425 | LR=0.000100 🏆 [最佳模型]
2025-08-01 10:12:16 | INFO     | Epoch 38:
2025-08-01 10:12:16 | INFO     |   训练指标:
2025-08-01 10:12:16 | INFO     |     损失(ce): 0.214516
2025-08-01 10:12:16 | INFO     |     准确率: 0.936787
2025-08-01 10:12:16 | INFO     |     学习率: 0.00010000
2025-08-01 10:12:16 | INFO     |   验证指标(标准CE):
2025-08-01 10:12:16 | INFO     |     损失: 0.300092
2025-08-01 10:12:16 | INFO     |     准确率: 0.921582
2025-08-01 10:12:16 | INFO     |     F1(macro): 0.928773
2025-08-01 10:12:16 | INFO     |     F1(weighted): 0.926618
2025-08-01 10:12:16 | INFO     |     精确率: 0.948484
2025-08-01 10:12:16 | INFO     |     召回率: 0.925623
2025-08-01 10:12:16 | INFO     |   学习率调度器: f1_based
2025-08-01 10:12:16 | INFO     | ------------------------------------------------------------
2025-08-01 10:12:16 | INFO     | Epoch  38 | Train: Loss=0.2145, Acc=0.9368 | Val: Loss=0.3001, Acc=0.9216, F1=0.9266 | LR=0.000100 
2025-08-01 10:16:44 | INFO     | Epoch 39:
2025-08-01 10:16:44 | INFO     |   训练指标:
2025-08-01 10:16:44 | INFO     |     损失(ce): 0.238664
2025-08-01 10:16:44 | INFO     |     准确率: 0.932931
2025-08-01 10:16:44 | INFO     |     学习率: 0.00010000
2025-08-01 10:16:44 | INFO     |   验证指标(标准CE):
2025-08-01 10:16:44 | INFO     |     损失: 0.396663
2025-08-01 10:16:44 | INFO     |     准确率: 0.897453
2025-08-01 10:16:44 | INFO     |     F1(macro): 0.902132
2025-08-01 10:16:44 | INFO     |     F1(weighted): 0.900834
2025-08-01 10:16:44 | INFO     |     精确率: 0.923871
2025-08-01 10:16:44 | INFO     |     召回率: 0.899179
2025-08-01 10:16:44 | INFO     |   学习率调度器: f1_based
2025-08-01 10:16:44 | INFO     | ------------------------------------------------------------
2025-08-01 10:16:44 | INFO     | Epoch  39 | Train: Loss=0.2387, Acc=0.9329 | Val: Loss=0.3967, Acc=0.8975, F1=0.9008 | LR=0.000100 
2025-08-01 10:21:11 | INFO     | Epoch 40:
2025-08-01 10:21:11 | INFO     |   训练指标:
2025-08-01 10:21:11 | INFO     |     损失(ce): 0.241535
2025-08-01 10:21:11 | INFO     |     准确率: 0.931087
2025-08-01 10:21:11 | INFO     |     学习率: 0.00010000
2025-08-01 10:21:11 | INFO     |   验证指标(标准CE):
2025-08-01 10:21:11 | INFO     |     损失: 0.248336
2025-08-01 10:21:11 | INFO     |     准确率: 0.930295
2025-08-01 10:21:11 | INFO     |     F1(macro): 0.933672
2025-08-01 10:21:11 | INFO     |     F1(weighted): 0.931967
2025-08-01 10:21:11 | INFO     |     精确率: 0.950688
2025-08-01 10:21:11 | INFO     |     召回率: 0.933096
2025-08-01 10:21:11 | INFO     |   学习率调度器: f1_based
2025-08-01 10:21:11 | INFO     | ------------------------------------------------------------
2025-08-01 10:21:11 | INFO     | Epoch  40 | Train: Loss=0.2415, Acc=0.9311 | Val: Loss=0.2483, Acc=0.9303, F1=0.9320 | LR=0.000100 
2025-08-01 10:25:39 | INFO     | Epoch 41:
2025-08-01 10:25:39 | INFO     |   训练指标:
2025-08-01 10:25:39 | INFO     |     损失(ce): 0.206297
2025-08-01 10:25:39 | INFO     |     准确率: 0.940309
2025-08-01 10:25:39 | INFO     |     学习率: 0.00010000
2025-08-01 10:25:39 | INFO     |   验证指标(标准CE):
2025-08-01 10:25:39 | INFO     |     损失: 0.146050
2025-08-01 10:25:39 | INFO     |     准确率: 0.951743
2025-08-01 10:25:39 | INFO     |     F1(macro): 0.954574
2025-08-01 10:25:39 | INFO     |     F1(weighted): 0.952206
2025-08-01 10:25:39 | INFO     |     精确率: 0.959350
2025-08-01 10:25:39 | INFO     |     召回率: 0.954145
2025-08-01 10:25:39 | INFO     |   学习率调度器: f1_based
2025-08-01 10:25:39 | INFO     | ------------------------------------------------------------
2025-08-01 10:25:39 | INFO     | Epoch  41 | Train: Loss=0.2063, Acc=0.9403 | Val: Loss=0.1460, Acc=0.9517, F1=0.9522 | LR=0.000100 🏆 [最佳模型]
2025-08-01 10:30:07 | INFO     | Epoch 42:
2025-08-01 10:30:07 | INFO     |   训练指标:
2025-08-01 10:30:07 | INFO     |     损失(ce): 0.215653
2025-08-01 10:30:07 | INFO     |     准确率: 0.938632
2025-08-01 10:30:07 | INFO     |     学习率: 0.00010000
2025-08-01 10:30:07 | INFO     |   验证指标(标准CE):
2025-08-01 10:30:07 | INFO     |     损失: 0.199996
2025-08-01 10:30:07 | INFO     |     准确率: 0.939678
2025-08-01 10:30:07 | INFO     |     F1(macro): 0.944450
2025-08-01 10:30:07 | INFO     |     F1(weighted): 0.941174
2025-08-01 10:30:07 | INFO     |     精确率: 0.956824
2025-08-01 10:30:07 | INFO     |     召回率: 0.941692
2025-08-01 10:30:07 | INFO     |   学习率调度器: f1_based
2025-08-01 10:30:07 | INFO     | ------------------------------------------------------------
2025-08-01 10:30:07 | INFO     | Epoch  42 | Train: Loss=0.2157, Acc=0.9386 | Val: Loss=0.2000, Acc=0.9397, F1=0.9412 | LR=0.000100 
2025-08-01 10:34:35 | INFO     | Epoch 43:
2025-08-01 10:34:35 | INFO     |   训练指标:
2025-08-01 10:34:35 | INFO     |     损失(ce): 0.205438
2025-08-01 10:34:35 | INFO     |     准确率: 0.940309
2025-08-01 10:34:35 | INFO     |     学习率: 0.00010000
2025-08-01 10:34:35 | INFO     |   验证指标(标准CE):
2025-08-01 10:34:35 | INFO     |     损失: 0.220356
2025-08-01 10:34:35 | INFO     |     准确率: 0.945040
2025-08-01 10:34:35 | INFO     |     F1(macro): 0.948820
2025-08-01 10:34:35 | INFO     |     F1(weighted): 0.946691
2025-08-01 10:34:35 | INFO     |     精确率: 0.960833
2025-08-01 10:34:35 | INFO     |     召回率: 0.947188
2025-08-01 10:34:35 | INFO     |   学习率调度器: f1_based
2025-08-01 10:34:35 | INFO     | ------------------------------------------------------------
2025-08-01 10:34:35 | INFO     | Epoch  43 | Train: Loss=0.2054, Acc=0.9403 | Val: Loss=0.2204, Acc=0.9450, F1=0.9467 | LR=0.000100 
2025-08-01 10:39:02 | INFO     | Epoch 44:
2025-08-01 10:39:02 | INFO     |   训练指标:
2025-08-01 10:39:02 | INFO     |     损失(ce): 0.207025
2025-08-01 10:39:02 | INFO     |     准确率: 0.940309
2025-08-01 10:39:02 | INFO     |     学习率: 0.00010000
2025-08-01 10:39:02 | INFO     |   验证指标(标准CE):
2025-08-01 10:39:02 | INFO     |     损失: 0.268818
2025-08-01 10:39:02 | INFO     |     准确率: 0.918231
2025-08-01 10:39:02 | INFO     |     F1(macro): 0.918588
2025-08-01 10:39:02 | INFO     |     F1(weighted): 0.916399
2025-08-01 10:39:02 | INFO     |     精确率: 0.935474
2025-08-01 10:39:02 | INFO     |     召回率: 0.923237
2025-08-01 10:39:02 | INFO     |   学习率调度器: f1_based
2025-08-01 10:39:02 | INFO     | ------------------------------------------------------------
2025-08-01 10:39:02 | INFO     | Epoch  44 | Train: Loss=0.2070, Acc=0.9403 | Val: Loss=0.2688, Acc=0.9182, F1=0.9164 | LR=0.000100 
2025-08-01 10:43:30 | INFO     | Epoch 45:
2025-08-01 10:43:30 | INFO     |   训练指标:
2025-08-01 10:43:30 | INFO     |     损失(ce): 0.222362
2025-08-01 10:43:30 | INFO     |     准确率: 0.940309
2025-08-01 10:43:30 | INFO     |     学习率: 0.00010000
2025-08-01 10:43:30 | INFO     |   验证指标(标准CE):
2025-08-01 10:43:30 | INFO     |     损失: 0.196042
2025-08-01 10:43:30 | INFO     |     准确率: 0.943700
2025-08-01 10:43:30 | INFO     |     F1(macro): 0.950957
2025-08-01 10:43:30 | INFO     |     F1(weighted): 0.947828
2025-08-01 10:43:30 | INFO     |     精确率: 0.965932
2025-08-01 10:43:30 | INFO     |     召回率: 0.946375
2025-08-01 10:43:30 | INFO     |   学习率调度器: f1_based
2025-08-01 10:43:30 | INFO     | ------------------------------------------------------------
2025-08-01 10:43:30 | INFO     | Epoch  45 | Train: Loss=0.2224, Acc=0.9403 | Val: Loss=0.1960, Acc=0.9437, F1=0.9478 | LR=0.000100 
2025-08-01 10:47:58 | INFO     | Epoch 46:
2025-08-01 10:47:58 | INFO     |   训练指标:
2025-08-01 10:47:58 | INFO     |     损失(ce): 0.186319
2025-08-01 10:47:58 | INFO     |     准确率: 0.947351
2025-08-01 10:47:58 | INFO     |     学习率: 0.00010000
2025-08-01 10:47:58 | INFO     |   验证指标(标准CE):
2025-08-01 10:47:58 | INFO     |     损失: 0.160376
2025-08-01 10:47:58 | INFO     |     准确率: 0.960456
2025-08-01 10:47:58 | INFO     |     F1(macro): 0.962174
2025-08-01 10:47:58 | INFO     |     F1(weighted): 0.960761
2025-08-01 10:47:58 | INFO     |     精确率: 0.967062
2025-08-01 10:47:58 | INFO     |     召回率: 0.962091
2025-08-01 10:47:58 | INFO     |   学习率调度器: f1_based
2025-08-01 10:47:58 | INFO     | ------------------------------------------------------------
2025-08-01 10:47:58 | INFO     | Epoch  46 | Train: Loss=0.1863, Acc=0.9474 | Val: Loss=0.1604, Acc=0.9605, F1=0.9608 | LR=0.000100 🏆 [最佳模型]
2025-08-01 10:52:26 | INFO     | Epoch 47:
2025-08-01 10:52:26 | INFO     |   训练指标:
2025-08-01 10:52:26 | INFO     |     损失(ce): 0.217824
2025-08-01 10:52:26 | INFO     |     准确率: 0.940812
2025-08-01 10:52:26 | INFO     |     学习率: 0.00010000
2025-08-01 10:52:26 | INFO     |   验证指标(标准CE):
2025-08-01 10:52:26 | INFO     |     损失: 0.202886
2025-08-01 10:52:26 | INFO     |     准确率: 0.935657
2025-08-01 10:52:26 | INFO     |     F1(macro): 0.940519
2025-08-01 10:52:26 | INFO     |     F1(weighted): 0.938656
2025-08-01 10:52:26 | INFO     |     精确率: 0.956519
2025-08-01 10:52:26 | INFO     |     召回率: 0.939998
2025-08-01 10:52:26 | INFO     |   学习率调度器: f1_based
2025-08-01 10:52:26 | INFO     | ------------------------------------------------------------
2025-08-01 10:52:26 | INFO     | Epoch  47 | Train: Loss=0.2178, Acc=0.9408 | Val: Loss=0.2029, Acc=0.9357, F1=0.9387 | LR=0.000100 
2025-08-01 10:56:53 | INFO     | Epoch 48:
2025-08-01 10:56:53 | INFO     |   训练指标:
2025-08-01 10:56:53 | INFO     |     损失(ce): 0.201196
2025-08-01 10:56:53 | INFO     |     准确率: 0.944836
2025-08-01 10:56:53 | INFO     |     学习率: 0.00010000
2025-08-01 10:56:53 | INFO     |   验证指标(标准CE):
2025-08-01 10:56:53 | INFO     |     损失: 0.260575
2025-08-01 10:56:53 | INFO     |     准确率: 0.936997
2025-08-01 10:56:53 | INFO     |     F1(macro): 0.941101
2025-08-01 10:56:53 | INFO     |     F1(weighted): 0.939763
2025-08-01 10:56:53 | INFO     |     精确率: 0.955469
2025-08-01 10:56:53 | INFO     |     召回率: 0.940474
2025-08-01 10:56:53 | INFO     |   学习率调度器: f1_based
2025-08-01 10:56:53 | INFO     | ------------------------------------------------------------
2025-08-01 10:56:53 | INFO     | Epoch  48 | Train: Loss=0.2012, Acc=0.9448 | Val: Loss=0.2606, Acc=0.9370, F1=0.9398 | LR=0.000100 
2025-08-01 11:01:21 | INFO     | Epoch 49:
2025-08-01 11:01:21 | INFO     |   训练指标:
2025-08-01 11:01:21 | INFO     |     损失(ce): 0.195238
2025-08-01 11:01:21 | INFO     |     准确率: 0.944333
2025-08-01 11:01:21 | INFO     |     学习率: 0.00010000
2025-08-01 11:01:21 | INFO     |   验证指标(标准CE):
2025-08-01 11:01:21 | INFO     |     损失: 0.288078
2025-08-01 11:01:21 | INFO     |     准确率: 0.912869
2025-08-01 11:01:21 | INFO     |     F1(macro): 0.918766
2025-08-01 11:01:21 | INFO     |     F1(weighted): 0.914574
2025-08-01 11:01:21 | INFO     |     精确率: 0.934918
2025-08-01 11:01:21 | INFO     |     召回率: 0.914843
2025-08-01 11:01:21 | INFO     |   学习率调度器: f1_based
2025-08-01 11:01:21 | INFO     | ------------------------------------------------------------
2025-08-01 11:01:21 | INFO     | Epoch  49 | Train: Loss=0.1952, Acc=0.9443 | Val: Loss=0.2881, Acc=0.9129, F1=0.9146 | LR=0.000100 
2025-08-01 11:05:48 | INFO     | Epoch 50:
2025-08-01 11:05:48 | INFO     |   训练指标:
2025-08-01 11:05:48 | INFO     |     损失(ce): 0.201936
2025-08-01 11:05:48 | INFO     |     准确率: 0.941818
2025-08-01 11:05:48 | INFO     |     学习率: 0.00010000
2025-08-01 11:05:48 | INFO     |   验证指标(标准CE):
2025-08-01 11:05:48 | INFO     |     损失: 0.205961
2025-08-01 11:05:48 | INFO     |     准确率: 0.939008
2025-08-01 11:05:48 | INFO     |     F1(macro): 0.940913
2025-08-01 11:05:48 | INFO     |     F1(weighted): 0.939394
2025-08-01 11:05:48 | INFO     |     精确率: 0.948225
2025-08-01 11:05:48 | INFO     |     召回率: 0.939973
2025-08-01 11:05:48 | INFO     |   学习率调度器: f1_based
2025-08-01 11:05:48 | INFO     | ------------------------------------------------------------
2025-08-01 11:05:48 | INFO     | Epoch  50 | Train: Loss=0.2019, Acc=0.9418 | Val: Loss=0.2060, Acc=0.9390, F1=0.9394 | LR=0.000100 
2025-08-01 11:10:16 | INFO     | Epoch 51:
2025-08-01 11:10:16 | INFO     |   训练指标:
2025-08-01 11:10:16 | INFO     |     损失(ce): 0.215651
2025-08-01 11:10:16 | INFO     |     准确率: 0.941818
2025-08-01 11:10:16 | INFO     |     学习率: 0.00010000
2025-08-01 11:10:16 | INFO     |   验证指标(标准CE):
2025-08-01 11:10:16 | INFO     |     损失: 0.283131
2025-08-01 11:10:16 | INFO     |     准确率: 0.932976
2025-08-01 11:10:16 | INFO     |     F1(macro): 0.938137
2025-08-01 11:10:16 | INFO     |     F1(weighted): 0.937415
2025-08-01 11:10:16 | INFO     |     精确率: 0.959303
2025-08-01 11:10:16 | INFO     |     召回率: 0.935748
2025-08-01 11:10:16 | INFO     |   学习率调度器: f1_based
2025-08-01 11:10:16 | INFO     | ------------------------------------------------------------
2025-08-01 11:10:16 | INFO     | Epoch  51 | Train: Loss=0.2157, Acc=0.9418 | Val: Loss=0.2831, Acc=0.9330, F1=0.9374 | LR=0.000100 
2025-08-01 11:14:43 | INFO     | Epoch 52:
2025-08-01 11:14:43 | INFO     |   训练指标:
2025-08-01 11:14:43 | INFO     |     损失(ce): 0.194074
2025-08-01 11:14:43 | INFO     |     准确率: 0.946345
2025-08-01 11:14:43 | INFO     |     学习率: 0.00010000
2025-08-01 11:14:43 | INFO     |   验证指标(标准CE):
2025-08-01 11:14:43 | INFO     |     损失: 0.197574
2025-08-01 11:14:43 | INFO     |     准确率: 0.947721
2025-08-01 11:14:43 | INFO     |     F1(macro): 0.951413
2025-08-01 11:14:43 | INFO     |     F1(weighted): 0.949550
2025-08-01 11:14:43 | INFO     |     精确率: 0.960385
2025-08-01 11:14:43 | INFO     |     召回率: 0.948833
2025-08-01 11:14:43 | INFO     |   学习率调度器: f1_based
2025-08-01 11:14:43 | INFO     | ------------------------------------------------------------
2025-08-01 11:14:43 | INFO     | Epoch  52 | Train: Loss=0.1941, Acc=0.9463 | Val: Loss=0.1976, Acc=0.9477, F1=0.9495 | LR=0.000100 
2025-08-01 11:19:10 | INFO     | Epoch 53:
2025-08-01 11:19:10 | INFO     |   训练指标:
2025-08-01 11:19:10 | INFO     |     损失(ce): 0.181006
2025-08-01 11:19:10 | INFO     |     准确率: 0.945674
2025-08-01 11:19:10 | INFO     |     学习率: 0.00010000
2025-08-01 11:19:10 | INFO     |   验证指标(标准CE):
2025-08-01 11:19:10 | INFO     |     损失: 0.149009
2025-08-01 11:19:10 | INFO     |     准确率: 0.951743
2025-08-01 11:19:10 | INFO     |     F1(macro): 0.953218
2025-08-01 11:19:10 | INFO     |     F1(weighted): 0.950821
2025-08-01 11:19:10 | INFO     |     精确率: 0.960323
2025-08-01 11:19:10 | INFO     |     召回率: 0.954709
2025-08-01 11:19:10 | INFO     |   学习率调度器: f1_based
2025-08-01 11:19:10 | INFO     | ------------------------------------------------------------
2025-08-01 11:19:10 | INFO     | Epoch  53 | Train: Loss=0.1810, Acc=0.9457 | Val: Loss=0.1490, Acc=0.9517, F1=0.9508 | LR=0.000100 
2025-08-01 11:23:38 | INFO     | Epoch 54:
2025-08-01 11:23:38 | INFO     |   训练指标:
2025-08-01 11:23:38 | INFO     |     损失(ce): 0.197972
2025-08-01 11:23:38 | INFO     |     准确率: 0.943830
2025-08-01 11:23:38 | INFO     |     学习率: 0.00010000
2025-08-01 11:23:38 | INFO     |   验证指标(标准CE):
2025-08-01 11:23:38 | INFO     |     损失: 0.098859
2025-08-01 11:23:38 | INFO     |     准确率: 0.971180
2025-08-01 11:23:38 | INFO     |     F1(macro): 0.972898
2025-08-01 11:23:38 | INFO     |     F1(weighted): 0.971110
2025-08-01 11:23:38 | INFO     |     精确率: 0.976289
2025-08-01 11:23:38 | INFO     |     召回率: 0.973007
2025-08-01 11:23:38 | INFO     |   学习率调度器: f1_based
2025-08-01 11:23:38 | INFO     | ------------------------------------------------------------
2025-08-01 11:23:38 | INFO     | Epoch  54 | Train: Loss=0.1980, Acc=0.9438 | Val: Loss=0.0989, Acc=0.9712, F1=0.9711 | LR=0.000100 🏆 [最佳模型]
2025-08-01 11:28:05 | INFO     | Epoch 55:
2025-08-01 11:28:05 | INFO     |   训练指标:
2025-08-01 11:28:05 | INFO     |     损失(ce): 0.203807
2025-08-01 11:28:05 | INFO     |     准确率: 0.944668
2025-08-01 11:28:05 | INFO     |     学习率: 0.00010000
2025-08-01 11:28:05 | INFO     |   验证指标(标准CE):
2025-08-01 11:28:05 | INFO     |     损失: 0.191463
2025-08-01 11:28:05 | INFO     |     准确率: 0.945040
2025-08-01 11:28:05 | INFO     |     F1(macro): 0.947241
2025-08-01 11:28:05 | INFO     |     F1(weighted): 0.946377
2025-08-01 11:28:05 | INFO     |     精确率: 0.958776
2025-08-01 11:28:05 | INFO     |     召回率: 0.947135
2025-08-01 11:28:05 | INFO     |   学习率调度器: f1_based
2025-08-01 11:28:05 | INFO     | ------------------------------------------------------------
2025-08-01 11:28:05 | INFO     | Epoch  55 | Train: Loss=0.2038, Acc=0.9447 | Val: Loss=0.1915, Acc=0.9450, F1=0.9464 | LR=0.000100 
2025-08-01 11:32:33 | INFO     | Epoch 56:
2025-08-01 11:32:33 | INFO     |   训练指标:
2025-08-01 11:32:33 | INFO     |     损失(ce): 0.209087
2025-08-01 11:32:33 | INFO     |     准确率: 0.946345
2025-08-01 11:32:33 | INFO     |     学习率: 0.00010000
2025-08-01 11:32:33 | INFO     |   验证指标(标准CE):
2025-08-01 11:32:33 | INFO     |     损失: 0.277623
2025-08-01 11:32:33 | INFO     |     准确率: 0.916890
2025-08-01 11:32:33 | INFO     |     F1(macro): 0.913632
2025-08-01 11:32:33 | INFO     |     F1(weighted): 0.910638
2025-08-01 11:32:33 | INFO     |     精确率: 0.939748
2025-08-01 11:32:33 | INFO     |     召回率: 0.921746
2025-08-01 11:32:33 | INFO     |   学习率调度器: f1_based
2025-08-01 11:32:33 | INFO     | ------------------------------------------------------------
2025-08-01 11:32:33 | INFO     | Epoch  56 | Train: Loss=0.2091, Acc=0.9463 | Val: Loss=0.2776, Acc=0.9169, F1=0.9106 | LR=0.000100 
2025-08-01 11:37:00 | INFO     | Epoch 57:
2025-08-01 11:37:00 | INFO     |   训练指标:
2025-08-01 11:37:00 | INFO     |     损失(ce): 0.175361
2025-08-01 11:37:00 | INFO     |     准确率: 0.951375
2025-08-01 11:37:00 | INFO     |     学习率: 0.00010000
2025-08-01 11:37:00 | INFO     |   验证指标(标准CE):
2025-08-01 11:37:00 | INFO     |     损失: 0.119788
2025-08-01 11:37:00 | INFO     |     准确率: 0.957775
2025-08-01 11:37:00 | INFO     |     F1(macro): 0.959579
2025-08-01 11:37:00 | INFO     |     F1(weighted): 0.957637
2025-08-01 11:37:00 | INFO     |     精确率: 0.966585
2025-08-01 11:37:00 | INFO     |     召回率: 0.960366
2025-08-01 11:37:00 | INFO     |   学习率调度器: f1_based
2025-08-01 11:37:00 | INFO     | ------------------------------------------------------------
2025-08-01 11:37:00 | INFO     | Epoch  57 | Train: Loss=0.1754, Acc=0.9514 | Val: Loss=0.1198, Acc=0.9578, F1=0.9576 | LR=0.000100 
2025-08-01 11:41:28 | INFO     | Epoch 58:
2025-08-01 11:41:28 | INFO     |   训练指标:
2025-08-01 11:41:28 | INFO     |     损失(ce): 0.174145
2025-08-01 11:41:28 | INFO     |     准确率: 0.951207
2025-08-01 11:41:28 | INFO     |     学习率: 0.00010000
2025-08-01 11:41:28 | INFO     |   验证指标(标准CE):
2025-08-01 11:41:28 | INFO     |     损失: 0.261286
2025-08-01 11:41:28 | INFO     |     准确率: 0.943700
2025-08-01 11:41:28 | INFO     |     F1(macro): 0.948008
2025-08-01 11:41:28 | INFO     |     F1(weighted): 0.946135
2025-08-01 11:41:28 | INFO     |     精确率: 0.962209
2025-08-01 11:41:28 | INFO     |     召回率: 0.945778
2025-08-01 11:41:28 | INFO     |   学习率调度器: f1_based
2025-08-01 11:41:28 | INFO     | ------------------------------------------------------------
2025-08-01 11:41:28 | INFO     | Epoch  58 | Train: Loss=0.1741, Acc=0.9512 | Val: Loss=0.2613, Acc=0.9437, F1=0.9461 | LR=0.000100 
2025-08-01 11:45:55 | INFO     | Epoch 59:
2025-08-01 11:45:55 | INFO     |   训练指标:
2025-08-01 11:45:55 | INFO     |     损失(ce): 0.195130
2025-08-01 11:45:55 | INFO     |     准确率: 0.943830
2025-08-01 11:45:55 | INFO     |     学习率: 0.00010000
2025-08-01 11:45:55 | INFO     |   验证指标(标准CE):
2025-08-01 11:45:55 | INFO     |     损失: 0.211581
2025-08-01 11:45:55 | INFO     |     准确率: 0.940349
2025-08-01 11:45:55 | INFO     |     F1(macro): 0.945556
2025-08-01 11:45:55 | INFO     |     F1(weighted): 0.943022
2025-08-01 11:45:55 | INFO     |     精确率: 0.958493
2025-08-01 11:45:55 | INFO     |     召回率: 0.941919
2025-08-01 11:45:55 | INFO     |   学习率调度器: f1_based
2025-08-01 11:45:55 | INFO     | ------------------------------------------------------------
2025-08-01 11:45:55 | INFO     | Epoch  59 | Train: Loss=0.1951, Acc=0.9438 | Val: Loss=0.2116, Acc=0.9403, F1=0.9430 | LR=0.000100 
2025-08-01 11:50:23 | INFO     | Epoch 60:
2025-08-01 11:50:23 | INFO     |   训练指标:
2025-08-01 11:50:23 | INFO     |     损失(ce): 0.192741
2025-08-01 11:50:23 | INFO     |     准确率: 0.946512
2025-08-01 11:50:23 | INFO     |     学习率: 0.00010000
2025-08-01 11:50:23 | INFO     |   验证指标(标准CE):
2025-08-01 11:50:23 | INFO     |     损失: 0.185858
2025-08-01 11:50:23 | INFO     |     准确率: 0.945710
2025-08-01 11:50:23 | INFO     |     F1(macro): 0.947592
2025-08-01 11:50:23 | INFO     |     F1(weighted): 0.945783
2025-08-01 11:50:23 | INFO     |     精确率: 0.954520
2025-08-01 11:50:23 | INFO     |     召回率: 0.948916
2025-08-01 11:50:23 | INFO     |   学习率调度器: f1_based
2025-08-01 11:50:23 | INFO     | ------------------------------------------------------------
2025-08-01 11:50:23 | INFO     | Epoch  60 | Train: Loss=0.1927, Acc=0.9465 | Val: Loss=0.1859, Acc=0.9457, F1=0.9458 | LR=0.000100 
2025-08-01 11:54:50 | INFO     | Epoch 61:
2025-08-01 11:54:50 | INFO     |   训练指标:
2025-08-01 11:54:50 | INFO     |     损失(ce): 0.193046
2025-08-01 11:54:50 | INFO     |     准确率: 0.946345
2025-08-01 11:54:50 | INFO     |     学习率: 0.00010000
2025-08-01 11:54:50 | INFO     |   验证指标(标准CE):
2025-08-01 11:54:50 | INFO     |     损失: 0.217344
2025-08-01 11:54:50 | INFO     |     准确率: 0.939678
2025-08-01 11:54:50 | INFO     |     F1(macro): 0.943775
2025-08-01 11:54:50 | INFO     |     F1(weighted): 0.941142
2025-08-01 11:54:50 | INFO     |     精确率: 0.955102
2025-08-01 11:54:50 | INFO     |     召回率: 0.942676
2025-08-01 11:54:50 | INFO     |   学习率调度器: f1_based
2025-08-01 11:54:50 | INFO     | ------------------------------------------------------------
2025-08-01 11:54:50 | INFO     | Epoch  61 | Train: Loss=0.1930, Acc=0.9463 | Val: Loss=0.2173, Acc=0.9397, F1=0.9411 | LR=0.000100 
2025-08-01 11:59:17 | INFO     | Epoch 62:
2025-08-01 11:59:17 | INFO     |   训练指标:
2025-08-01 11:59:17 | INFO     |     损失(ce): 0.192502
2025-08-01 11:59:17 | INFO     |     准确率: 0.946848
2025-08-01 11:59:17 | INFO     |     学习率: 0.00010000
2025-08-01 11:59:17 | INFO     |   验证指标(标准CE):
2025-08-01 11:59:17 | INFO     |     损失: 0.399377
2025-08-01 11:59:17 | INFO     |     准确率: 0.929625
2025-08-01 11:59:17 | INFO     |     F1(macro): 0.938073
2025-08-01 11:59:17 | INFO     |     F1(weighted): 0.936678
2025-08-01 11:59:17 | INFO     |     精确率: 0.960385
2025-08-01 11:59:17 | INFO     |     召回率: 0.932948
2025-08-01 11:59:17 | INFO     |   学习率调度器: f1_based
2025-08-01 11:59:17 | INFO     | ------------------------------------------------------------
2025-08-01 11:59:17 | INFO     | 🎯 学习率调整事件:
2025-08-01 11:59:17 | INFO     |   调度器类型: f1_based
2025-08-01 11:59:17 | INFO     |   学习率变化: 0.00010000 → 0.00005000
2025-08-01 11:59:17 | INFO     |   触发条件: F1分数 = 0.936678
2025-08-01 11:59:17 | INFO     |   变化幅度: -50.00%
2025-08-01 11:59:17 | INFO     | ------------------------------------------------------------
2025-08-01 11:59:17 | INFO     | Epoch  62 | Train: Loss=0.1925, Acc=0.9468 | Val: Loss=0.3994, Acc=0.9296, F1=0.9367 | LR=0.000050 
2025-08-01 12:03:45 | INFO     | Epoch 63:
2025-08-01 12:03:45 | INFO     |   训练指标:
2025-08-01 12:03:45 | INFO     |     损失(ce): 0.117434
2025-08-01 12:03:45 | INFO     |     准确率: 0.964118
2025-08-01 12:03:45 | INFO     |     学习率: 0.00005000
2025-08-01 12:03:45 | INFO     |   验证指标(标准CE):
2025-08-01 12:03:45 | INFO     |     损失: 0.118164
2025-08-01 12:03:45 | INFO     |     准确率: 0.965147
2025-08-01 12:03:45 | INFO     |     F1(macro): 0.966922
2025-08-01 12:03:45 | INFO     |     F1(weighted): 0.965368
2025-08-01 12:03:45 | INFO     |     精确率: 0.969483
2025-08-01 12:03:45 | INFO     |     召回率: 0.967098
2025-08-01 12:03:45 | INFO     |   学习率调度器: f1_based
2025-08-01 12:03:45 | INFO     | ------------------------------------------------------------
2025-08-01 12:03:45 | INFO     | Epoch  63 | Train: Loss=0.1174, Acc=0.9641 | Val: Loss=0.1182, Acc=0.9651, F1=0.9654 | LR=0.000050 
2025-08-01 12:08:12 | INFO     | Epoch 64:
2025-08-01 12:08:12 | INFO     |   训练指标:
2025-08-01 12:08:12 | INFO     |     损失(ce): 0.104039
2025-08-01 12:08:12 | INFO     |     准确率: 0.965795
2025-08-01 12:08:12 | INFO     |     学习率: 0.00005000
2025-08-01 12:08:12 | INFO     |   验证指标(标准CE):
2025-08-01 12:08:12 | INFO     |     损失: 0.120708
2025-08-01 12:08:12 | INFO     |     准确率: 0.960456
2025-08-01 12:08:12 | INFO     |     F1(macro): 0.961603
2025-08-01 12:08:12 | INFO     |     F1(weighted): 0.960573
2025-08-01 12:08:12 | INFO     |     精确率: 0.968312
2025-08-01 12:08:12 | INFO     |     召回率: 0.961528
2025-08-01 12:08:12 | INFO     |   学习率调度器: f1_based
2025-08-01 12:08:12 | INFO     | ------------------------------------------------------------
2025-08-01 12:08:12 | INFO     | Epoch  64 | Train: Loss=0.1040, Acc=0.9658 | Val: Loss=0.1207, Acc=0.9605, F1=0.9606 | LR=0.000050 
2025-08-01 12:12:39 | INFO     | Epoch 65:
2025-08-01 12:12:39 | INFO     |   训练指标:
2025-08-01 12:12:39 | INFO     |     损失(ce): 0.113750
2025-08-01 12:12:39 | INFO     |     准确率: 0.963112
2025-08-01 12:12:39 | INFO     |     学习率: 0.00005000
2025-08-01 12:12:39 | INFO     |   验证指标(标准CE):
2025-08-01 12:12:39 | INFO     |     损失: 0.113078
2025-08-01 12:12:39 | INFO     |     准确率: 0.967828
2025-08-01 12:12:39 | INFO     |     F1(macro): 0.969566
2025-08-01 12:12:39 | INFO     |     F1(weighted): 0.967845
2025-08-01 12:12:39 | INFO     |     精确率: 0.975005
2025-08-01 12:12:39 | INFO     |     召回率: 0.969857
2025-08-01 12:12:39 | INFO     |   学习率调度器: f1_based
2025-08-01 12:12:39 | INFO     | ------------------------------------------------------------
2025-08-01 12:12:39 | INFO     | Epoch  65 | Train: Loss=0.1137, Acc=0.9631 | Val: Loss=0.1131, Acc=0.9678, F1=0.9678 | LR=0.000050 
2025-08-01 12:17:07 | INFO     | Epoch 66:
2025-08-01 12:17:07 | INFO     |   训练指标:
2025-08-01 12:17:07 | INFO     |     损失(ce): 0.106265
2025-08-01 12:17:07 | INFO     |     准确率: 0.969148
2025-08-01 12:17:07 | INFO     |     学习率: 0.00005000
2025-08-01 12:17:07 | INFO     |   验证指标(标准CE):
2025-08-01 12:17:07 | INFO     |     损失: 0.150521
2025-08-01 12:17:07 | INFO     |     准确率: 0.961796
2025-08-01 12:17:07 | INFO     |     F1(macro): 0.964079
2025-08-01 12:17:07 | INFO     |     F1(weighted): 0.961881
2025-08-01 12:17:07 | INFO     |     精确率: 0.970918
2025-08-01 12:17:07 | INFO     |     召回率: 0.963994
2025-08-01 12:17:07 | INFO     |   学习率调度器: f1_based
2025-08-01 12:17:07 | INFO     | ------------------------------------------------------------
2025-08-01 12:17:07 | INFO     | Epoch  66 | Train: Loss=0.1063, Acc=0.9691 | Val: Loss=0.1505, Acc=0.9618, F1=0.9619 | LR=0.000050 
2025-08-01 12:21:34 | INFO     | Epoch 67:
2025-08-01 12:21:34 | INFO     |   训练指标:
2025-08-01 12:21:34 | INFO     |     损失(ce): 0.100187
2025-08-01 12:21:34 | INFO     |     准确率: 0.969148
2025-08-01 12:21:34 | INFO     |     学习率: 0.00005000
2025-08-01 12:21:34 | INFO     |   验证指标(标准CE):
2025-08-01 12:21:34 | INFO     |     损失: 0.152363
2025-08-01 12:21:34 | INFO     |     准确率: 0.955764
2025-08-01 12:21:34 | INFO     |     F1(macro): 0.958382
2025-08-01 12:21:34 | INFO     |     F1(weighted): 0.956046
2025-08-01 12:21:34 | INFO     |     精确率: 0.966859
2025-08-01 12:21:34 | INFO     |     召回率: 0.958571
2025-08-01 12:21:34 | INFO     |   学习率调度器: f1_based
2025-08-01 12:21:34 | INFO     | ------------------------------------------------------------
2025-08-01 12:21:34 | INFO     | Epoch  67 | Train: Loss=0.1002, Acc=0.9691 | Val: Loss=0.1524, Acc=0.9558, F1=0.9560 | LR=0.000050 
2025-08-01 12:26:01 | INFO     | Epoch 68:
2025-08-01 12:26:01 | INFO     |   训练指标:
2025-08-01 12:26:01 | INFO     |     损失(ce): 0.109949
2025-08-01 12:26:01 | INFO     |     准确率: 0.969148
2025-08-01 12:26:01 | INFO     |     学习率: 0.00005000
2025-08-01 12:26:01 | INFO     |   验证指标(标准CE):
2025-08-01 12:26:01 | INFO     |     损失: 0.123990
2025-08-01 12:26:01 | INFO     |     准确率: 0.967828
2025-08-01 12:26:01 | INFO     |     F1(macro): 0.969328
2025-08-01 12:26:01 | INFO     |     F1(weighted): 0.967983
2025-08-01 12:26:01 | INFO     |     精确率: 0.974154
2025-08-01 12:26:01 | INFO     |     召回率: 0.969377
2025-08-01 12:26:01 | INFO     |   学习率调度器: f1_based
2025-08-01 12:26:01 | INFO     | ------------------------------------------------------------
2025-08-01 12:26:01 | INFO     | Epoch  68 | Train: Loss=0.1099, Acc=0.9691 | Val: Loss=0.1240, Acc=0.9678, F1=0.9680 | LR=0.000050 
2025-08-01 12:30:29 | INFO     | Epoch 69:
2025-08-01 12:30:29 | INFO     |   训练指标:
2025-08-01 12:30:29 | INFO     |     损失(ce): 0.107064
2025-08-01 12:30:29 | INFO     |     准确率: 0.966968
2025-08-01 12:30:29 | INFO     |     学习率: 0.00005000
2025-08-01 12:30:29 | INFO     |   验证指标(标准CE):
2025-08-01 12:30:29 | INFO     |     损失: 0.122892
2025-08-01 12:30:29 | INFO     |     准确率: 0.958445
2025-08-01 12:30:29 | INFO     |     F1(macro): 0.961704
2025-08-01 12:30:29 | INFO     |     F1(weighted): 0.959359
2025-08-01 12:30:29 | INFO     |     精确率: 0.968841
2025-08-01 12:30:29 | INFO     |     召回率: 0.960563
2025-08-01 12:30:29 | INFO     |   学习率调度器: f1_based
2025-08-01 12:30:29 | INFO     | ------------------------------------------------------------
2025-08-01 12:30:29 | INFO     | Epoch  69 | Train: Loss=0.1071, Acc=0.9670 | Val: Loss=0.1229, Acc=0.9584, F1=0.9594 | LR=0.000050 
2025-08-01 12:30:29 | INFO     | ⏹️ 早停触发，在第 69 轮停止训练
2025-08-01 12:30:47 | INFO     | 训练历史已保存到: ./result/0801_0721_DualGAF_DDAHU_DualGAFNet_SDAHU通道压缩3,5,7_sl96_step96_fd128_extractor-dilated_gaf-adaptive_attention-channel_classifier-mlp_stat-basic_fusion-concat_compression-signal_compression_ratio-0.3/training_history.csv
2025-08-01 12:30:47 | INFO     | 
====================================================================================================
2025-08-01 12:30:47 | INFO     | 🎉 训练完成总结:
2025-08-01 12:30:47 | INFO     |   训练损失函数: ce
2025-08-01 12:30:47 | INFO     |   验证损失函数: 标准交叉熵（遵循主流ML规范）
2025-08-01 12:30:47 | INFO     |   训练过程最佳验证准确率: 0.9712
2025-08-01 12:30:47 | INFO     |   训练过程最佳验证F1(macro): 0.9729
2025-08-01 12:30:47 | INFO     |   训练过程最佳验证F1(weighted): 0.9711
2025-08-01 12:30:47 | INFO     |   训练轮数: 69
2025-08-01 12:30:47 | INFO     | --------------------------------------------------
2025-08-01 12:30:47 | INFO     | 📊 最佳模型真实性能指标（基于标准交叉熵损失）:
2025-08-01 12:30:47 | INFO     |   验证损失(标准CE): 0.0989
2025-08-01 12:30:47 | INFO     |   验证准确率: 0.9712
2025-08-01 12:30:47 | INFO     |   验证F1(macro): 0.9729
2025-08-01 12:30:47 | INFO     |   验证F1(weighted): 0.9711
2025-08-01 12:30:47 | INFO     |   验证精确率: 0.9763
2025-08-01 12:30:47 | INFO     |   验证召回率: 0.9730
2025-08-01 12:30:47 | INFO     | ====================================================================================================
2025-08-01 12:30:50 | INFO     | ================================================================================
2025-08-01 12:30:50 | INFO     | 实验日志结束: DualGAF_DDAHU_DualGAFNet_SDAHU通道压缩3,5,7_sl96_step96_fd128_extractor-dilated_gaf-adaptive_attention-channel_classifier-mlp_stat-basic_fusion-concat_compression-signal_compression_ratio-0.3
2025-08-01 12:30:50 | INFO     | 结束时间: 2025-08-01 12:30:50
2025-08-01 12:30:50 | INFO     | ================================================================================
