2025-07-21 21:41:43 | INFO     | ================================================================================
2025-07-21 21:41:43 | INFO     | 实验日志开始: DualGAF_DualGAFNet_dilated_enhanced_sl96_step96_fd128_extractor-dilated_gaf-adaptive_attention-channel_classifier-mlp_stat-correlation_focused_fusion-concat_ablation-no_diff
2025-07-21 21:41:43 | INFO     | 日志文件: ./result/0721_2141_DualGAF_DualGAFNet_dilated_enhanced_sl96_step96_fd128_extractor-dilated_gaf-adaptive_attention-channel_classifier-mlp_stat-correlation_focused_fusion-concat_ablation-no_diff/training.log
2025-07-21 21:41:43 | INFO     | 开始时间: 2025-07-21 21:41:43
2025-07-21 21:41:43 | INFO     | ================================================================================
2025-07-21 21:41:43 | INFO     | ⚙️ 实验配置:
2025-07-21 21:41:43 | INFO     |    task_name: classification
2025-07-21 21:41:43 | INFO     |    is_training: 1
2025-07-21 21:41:43 | INFO     |    model_id: test
2025-07-21 21:41:43 | INFO     |    model: DualGAFNet
2025-07-21 21:41:43 | INFO     |    data: DualGAF
2025-07-21 21:41:43 | INFO     |    root_path: ./dataset/SAHU/direct_5_working
2025-07-21 21:41:43 | INFO     |    step: 96
2025-07-21 21:41:43 | INFO     |    checkpoints: ./checkpoints/
2025-07-21 21:41:43 | INFO     |    num_class: 9
2025-07-21 21:41:43 | INFO     |    result_path: ./result/
2025-07-21 21:41:43 | INFO     |    test_size: 0.2
2025-07-21 21:41:43 | INFO     |    seq_len: 96
2025-07-21 21:41:43 | INFO     |    enc_in: 26
2025-07-21 21:41:43 | INFO     |    d_model: 512
2025-07-21 21:41:43 | INFO     |    n_heads: 8
2025-07-21 21:41:43 | INFO     |    e_layers: 2
2025-07-21 21:41:43 | INFO     |    d_layers: 1
2025-07-21 21:41:43 | INFO     |    d_ff: 2048
2025-07-21 21:41:43 | INFO     |    moving_avg: 25
2025-07-21 21:41:43 | INFO     |    factor: 1
2025-07-21 21:41:43 | INFO     |    distil: True
2025-07-21 21:41:43 | INFO     |    dropout: 0.1
2025-07-21 21:41:43 | INFO     |    embed: timeF
2025-07-21 21:41:43 | INFO     |    activation: gelu
2025-07-21 21:41:43 | INFO     |    use_norm: 1
2025-07-21 21:41:43 | INFO     |    gaf_method: summation
2025-07-21 21:41:43 | INFO     |    feature_dim: 128
2025-07-21 21:41:43 | INFO     |    data_type_method: uint8
2025-07-21 21:41:43 | INFO     |    use_attention: True
2025-07-21 21:41:43 | INFO     |    hidden_dim: 64
2025-07-21 21:41:43 | INFO     |    sample_size: 1000
2025-07-21 21:41:43 | INFO     |    channel_groups: None
2025-07-21 21:41:43 | INFO     |    hvac_groups: None
2025-07-21 21:41:43 | INFO     |    extractor_type: dilated
2025-07-21 21:41:43 | INFO     |    fusion_type: adaptive
2025-07-21 21:41:43 | INFO     |    attention_type: channel
2025-07-21 21:41:43 | INFO     |    classifier_type: mlp
2025-07-21 21:41:43 | INFO     |    use_statistical_features: True
2025-07-21 21:41:43 | INFO     |    stat_type: correlation_focused
2025-07-21 21:41:43 | INFO     |    multimodal_fusion_strategy: concat
2025-07-21 21:41:43 | INFO     |    use_signal_level_stats: False
2025-07-21 21:41:43 | INFO     |    signal_stat_type: comprehensive
2025-07-21 21:41:43 | INFO     |    signal_stat_fusion_strategy: concat_project
2025-07-21 21:41:43 | INFO     |    signal_stat_feature_dim: 32
2025-07-21 21:41:43 | INFO     |    use_diff_branch: False
2025-07-21 21:41:43 | INFO     |    ablation_mode: no_diff
2025-07-21 21:41:43 | INFO     |    backbone_type: resnet18
2025-07-21 21:41:43 | INFO     |    use_sum_branch: True
2025-07-21 21:41:43 | INFO     |    num_workers: 0
2025-07-21 21:41:43 | INFO     |    cuda_debug: False
2025-07-21 21:41:43 | INFO     |    gpu_memory_fraction: 0.9
2025-07-21 21:41:43 | INFO     |    safe_mode: True
2025-07-21 21:41:43 | INFO     |    drop_last_batch: True
2025-07-21 21:41:43 | INFO     |    itr: 1
2025-07-21 21:41:43 | INFO     |    train_epochs: 300
2025-07-21 21:41:43 | INFO     |    batch_size: 4
2025-07-21 21:41:43 | INFO     |    patience: 15
2025-07-21 21:41:43 | INFO     |    learning_rate: 0.0001
2025-07-21 21:41:43 | INFO     |    des: dilated_enhanced
2025-07-21 21:41:43 | INFO     |    loss: MSE
2025-07-21 21:41:43 | INFO     |    lradj: type1
2025-07-21 21:41:43 | INFO     |    lr_scheduler_type: f1_based
2025-07-21 21:41:43 | INFO     |    lr_loss_weight: 0.3
2025-07-21 21:41:43 | INFO     |    lr_f1_weight: 0.7
2025-07-21 21:41:43 | INFO     |    use_amp: False
2025-07-21 21:41:43 | INFO     |    gradient_accumulation_steps: 2
2025-07-21 21:41:43 | INFO     |    enable_auto_gradient_accumulation: True
2025-07-21 21:41:43 | INFO     |    loss_type: ce
2025-07-21 21:41:43 | INFO     |    label_smoothing: 0.1
2025-07-21 21:41:43 | INFO     |    focal_alpha: 1.0
2025-07-21 21:41:43 | INFO     |    focal_gamma: 2.0
2025-07-21 21:41:43 | INFO     |    confidence_penalty_beta: 0.1
2025-07-21 21:41:43 | INFO     |    use_timm_loss: True
2025-07-21 21:41:43 | INFO     |    adaptive_initial_smoothing: 0.2
2025-07-21 21:41:43 | INFO     |    adaptive_final_smoothing: 0.05
2025-07-21 21:41:43 | INFO     |    adaptive_decay_epochs: 30
2025-07-21 21:41:43 | INFO     |    enable_class_weights: False
2025-07-21 21:41:43 | INFO     |    class_weights: None
2025-07-21 21:41:43 | INFO     |    loss_preset: None
2025-07-21 21:41:43 | INFO     |    n_jobs: 8
2025-07-21 21:41:43 | INFO     |    use_multiprocessing: True
2025-07-21 21:41:43 | INFO     |    chunk_size: 800
2025-07-21 21:41:43 | INFO     |    disable_parallel: False
2025-07-21 21:41:43 | INFO     |    use_shared_memory: True
2025-07-21 21:41:43 | INFO     |    disable_shared_memory: False
2025-07-21 21:41:43 | INFO     |    use_gpu: True
2025-07-21 21:41:43 | INFO     |    gpu: 0
2025-07-21 21:41:43 | INFO     |    gpu_type: cuda
2025-07-21 21:41:43 | INFO     |    use_multi_gpu: False
2025-07-21 21:41:43 | INFO     |    devices: 0,1,2,3
2025-07-21 21:41:43 | INFO     |    device: cuda:0
2025-07-21 21:41:43 | INFO     |    feature_columns: ['CHWC_VLV', 'CHWC_VLV_DM', 'MA_TEMP', 'OA_CFM', 'OA_DMPR', 'OA_DMPR_DM', 'OA_TEMP', 'RA_CFM', 'RA_DMPR', 'RA_DMPR_DM', 'RA_TEMP', 'RF_CS', 'RF_SPD', 'RF_WAT', 'SA_CFM', 'SA_SP', 'SA_SPSPT', 'SA_TEMP', 'SF_CS', 'SF_SPD', 'SF_WAT', 'ZONE_TEMP_1', 'ZONE_TEMP_2', 'ZONE_TEMP_3', 'ZONE_TEMP_4', 'ZONE_TEMP_5']
2025-07-21 21:41:43 | INFO     | 🏗️ 模型信息:
2025-07-21 21:41:43 | INFO     |    模型类型: Model
2025-07-21 21:41:43 | INFO     |    总参数数量: 8,971,138
2025-07-21 21:41:43 | INFO     |    可训练参数: 8,971,138
2025-07-21 21:41:43 | INFO     |    模型大小估计: 34.22 MB
2025-07-21 21:41:43 | INFO     | 📊 数据集信息:
2025-07-21 21:41:43 | INFO     |    训练集大小: 3996
2025-07-21 21:41:43 | INFO     |    验证集大小: 999
2025-07-21 21:41:43 | INFO     | 
================================================================================
2025-07-21 21:41:43 | INFO     | 📋 损失函数使用策略（遵循主流机器学习规范）:
2025-07-21 21:41:43 | INFO     |    🎯 训练阶段: 使用 ce 损失函数
2025-07-21 21:41:43 | INFO     |       → 目的：优化模型参数，解决特定问题（类别不平衡、相似性等）
2025-07-21 21:41:43 | INFO     |    📊 验证阶段: 使用标准交叉熵损失函数
2025-07-21 21:41:43 | INFO     |       → 目的：客观评估模型性能，便于不同方法比较
2025-07-21 21:41:43 | INFO     |    📈 最终报告: 基于标准交叉熵损失的指标
2025-07-21 21:41:43 | INFO     |       → 目的：提供可信、可比较的性能指标
2025-07-21 21:41:43 | INFO     | ================================================================================

2025-07-21 21:41:43 | INFO     | 🔄 梯度累积配置: 每2轮累积一次梯度
2025-07-21 21:41:43 | INFO     |    实际batch_size: 4
2025-07-21 21:41:43 | INFO     |    有效batch_size: 8
2025-07-21 21:42:55 | INFO     | Epoch 1:
2025-07-21 21:42:55 | INFO     |   训练指标:
2025-07-21 21:42:55 | INFO     |     损失(ce): 1.180689
2025-07-21 21:42:55 | INFO     |     准确率: 0.587838
2025-07-21 21:42:55 | INFO     |     学习率: 0.00010000
2025-07-21 21:42:55 | INFO     |   验证指标(标准CE):
2025-07-21 21:42:55 | INFO     |     损失: 0.189074
2025-07-21 21:42:55 | INFO     |     准确率: 0.889890
2025-07-21 21:42:55 | INFO     |     F1(macro): 0.883029
2025-07-21 21:42:55 | INFO     |     F1(weighted): 0.876514
2025-07-21 21:42:55 | INFO     |     精确率: 0.913373
2025-07-21 21:42:55 | INFO     |     召回率: 0.897584
2025-07-21 21:42:55 | INFO     |   学习率调度器: f1_based
2025-07-21 21:42:55 | INFO     | ------------------------------------------------------------
2025-07-21 21:42:55 | INFO     | Epoch   1 | Train: Loss=1.1807, Acc=0.5878 | Val: Loss=0.1891, Acc=0.8899, F1=0.8765 | LR=0.000100 🏆 [最佳模型]
2025-07-21 21:44:05 | INFO     | Epoch 2:
2025-07-21 21:44:05 | INFO     |   训练指标:
2025-07-21 21:44:05 | INFO     |     损失(ce): 0.251126
2025-07-21 21:44:05 | INFO     |     准确率: 0.891141
2025-07-21 21:44:05 | INFO     |     学习率: 0.00010000
2025-07-21 21:44:05 | INFO     |   验证指标(标准CE):
2025-07-21 21:44:05 | INFO     |     损失: 0.151627
2025-07-21 21:44:05 | INFO     |     准确率: 0.937938
2025-07-21 21:44:05 | INFO     |     F1(macro): 0.939260
2025-07-21 21:44:05 | INFO     |     F1(weighted): 0.936299
2025-07-21 21:44:05 | INFO     |     精确率: 0.950669
2025-07-21 21:44:05 | INFO     |     召回率: 0.942473
2025-07-21 21:44:05 | INFO     |   学习率调度器: f1_based
2025-07-21 21:44:05 | INFO     | ------------------------------------------------------------
2025-07-21 21:44:05 | INFO     | Epoch   2 | Train: Loss=0.2511, Acc=0.8911 | Val: Loss=0.1516, Acc=0.9379, F1=0.9363 | LR=0.000100 🏆 [最佳模型]
2025-07-21 21:45:16 | INFO     | Epoch 3:
2025-07-21 21:45:16 | INFO     |   训练指标:
2025-07-21 21:45:16 | INFO     |     损失(ce): 0.212610
2025-07-21 21:45:16 | INFO     |     准确率: 0.916166
2025-07-21 21:45:16 | INFO     |     学习率: 0.00010000
2025-07-21 21:45:16 | INFO     |   验证指标(标准CE):
2025-07-21 21:45:16 | INFO     |     损失: 0.132526
2025-07-21 21:45:16 | INFO     |     准确率: 0.932933
2025-07-21 21:45:16 | INFO     |     F1(macro): 0.936424
2025-07-21 21:45:16 | INFO     |     F1(weighted): 0.933435
2025-07-21 21:45:16 | INFO     |     精确率: 0.944370
2025-07-21 21:45:16 | INFO     |     召回率: 0.937059
2025-07-21 21:45:16 | INFO     |   学习率调度器: f1_based
2025-07-21 21:45:16 | INFO     | ------------------------------------------------------------
2025-07-21 21:45:16 | INFO     | Epoch   3 | Train: Loss=0.2126, Acc=0.9162 | Val: Loss=0.1325, Acc=0.9329, F1=0.9334 | LR=0.000100 
2025-07-21 21:46:27 | INFO     | Epoch 4:
2025-07-21 21:46:27 | INFO     |   训练指标:
2025-07-21 21:46:27 | INFO     |     损失(ce): 0.178037
2025-07-21 21:46:27 | INFO     |     准确率: 0.927678
2025-07-21 21:46:27 | INFO     |     学习率: 0.00010000
2025-07-21 21:46:27 | INFO     |   验证指标(标准CE):
2025-07-21 21:46:27 | INFO     |     损失: 0.223597
2025-07-21 21:46:27 | INFO     |     准确率: 0.923924
2025-07-21 21:46:27 | INFO     |     F1(macro): 0.928526
2025-07-21 21:46:27 | INFO     |     F1(weighted): 0.926152
2025-07-21 21:46:27 | INFO     |     精确率: 0.940751
2025-07-21 21:46:27 | INFO     |     召回率: 0.926823
2025-07-21 21:46:27 | INFO     |   学习率调度器: f1_based
2025-07-21 21:46:27 | INFO     | ------------------------------------------------------------
2025-07-21 21:46:27 | INFO     | Epoch   4 | Train: Loss=0.1780, Acc=0.9277 | Val: Loss=0.2236, Acc=0.9239, F1=0.9262 | LR=0.000100 
2025-07-21 21:47:37 | INFO     | Epoch 5:
2025-07-21 21:47:37 | INFO     |   训练指标:
2025-07-21 21:47:37 | INFO     |     损失(ce): 0.138986
2025-07-21 21:47:37 | INFO     |     准确率: 0.942693
2025-07-21 21:47:37 | INFO     |     学习率: 0.00010000
2025-07-21 21:47:37 | INFO     |   验证指标(标准CE):
2025-07-21 21:47:37 | INFO     |     损失: 0.353335
2025-07-21 21:47:37 | INFO     |     准确率: 0.892893
2025-07-21 21:47:37 | INFO     |     F1(macro): 0.899357
2025-07-21 21:47:37 | INFO     |     F1(weighted): 0.896557
2025-07-21 21:47:37 | INFO     |     精确率: 0.908022
2025-07-21 21:47:37 | INFO     |     召回率: 0.894885
2025-07-21 21:47:37 | INFO     |   学习率调度器: f1_based
2025-07-21 21:47:37 | INFO     | ------------------------------------------------------------
2025-07-21 21:47:37 | INFO     | Epoch   5 | Train: Loss=0.1390, Acc=0.9427 | Val: Loss=0.3533, Acc=0.8929, F1=0.8966 | LR=0.000100 
2025-07-21 21:48:47 | INFO     | Epoch 6:
2025-07-21 21:48:47 | INFO     |   训练指标:
2025-07-21 21:48:47 | INFO     |     损失(ce): 0.154125
2025-07-21 21:48:47 | INFO     |     准确率: 0.943443
2025-07-21 21:48:47 | INFO     |     学习率: 0.00010000
2025-07-21 21:48:47 | INFO     |   验证指标(标准CE):
2025-07-21 21:48:47 | INFO     |     损失: 0.130171
2025-07-21 21:48:47 | INFO     |     准确率: 0.942943
2025-07-21 21:48:47 | INFO     |     F1(macro): 0.944825
2025-07-21 21:48:47 | INFO     |     F1(weighted): 0.942670
2025-07-21 21:48:47 | INFO     |     精确率: 0.952587
2025-07-21 21:48:47 | INFO     |     召回率: 0.946296
2025-07-21 21:48:47 | INFO     |   学习率调度器: f1_based
2025-07-21 21:48:47 | INFO     | ------------------------------------------------------------
2025-07-21 21:48:47 | INFO     | Epoch   6 | Train: Loss=0.1541, Acc=0.9434 | Val: Loss=0.1302, Acc=0.9429, F1=0.9427 | LR=0.000100 🏆 [最佳模型]
2025-07-21 21:49:57 | INFO     | Epoch 7:
2025-07-21 21:49:57 | INFO     |   训练指标:
2025-07-21 21:49:57 | INFO     |     损失(ce): 0.137436
2025-07-21 21:49:57 | INFO     |     准确率: 0.948198
2025-07-21 21:49:57 | INFO     |     学习率: 0.00010000
2025-07-21 21:49:57 | INFO     |   验证指标(标准CE):
2025-07-21 21:49:57 | INFO     |     损失: 0.159864
2025-07-21 21:49:57 | INFO     |     准确率: 0.939940
2025-07-21 21:49:57 | INFO     |     F1(macro): 0.942030
2025-07-21 21:49:57 | INFO     |     F1(weighted): 0.939866
2025-07-21 21:49:57 | INFO     |     精确率: 0.950245
2025-07-21 21:49:57 | INFO     |     召回率: 0.943210
2025-07-21 21:49:57 | INFO     |   学习率调度器: f1_based
2025-07-21 21:49:57 | INFO     | ------------------------------------------------------------
2025-07-21 21:49:57 | INFO     | Epoch   7 | Train: Loss=0.1374, Acc=0.9482 | Val: Loss=0.1599, Acc=0.9399, F1=0.9399 | LR=0.000100 
2025-07-21 21:51:08 | INFO     | Epoch 8:
2025-07-21 21:51:08 | INFO     |   训练指标:
2025-07-21 21:51:08 | INFO     |     损失(ce): 0.125003
2025-07-21 21:51:08 | INFO     |     准确率: 0.953704
2025-07-21 21:51:08 | INFO     |     学习率: 0.00010000
2025-07-21 21:51:08 | INFO     |   验证指标(标准CE):
2025-07-21 21:51:08 | INFO     |     损失: 0.106362
2025-07-21 21:51:08 | INFO     |     准确率: 0.953954
2025-07-21 21:51:08 | INFO     |     F1(macro): 0.955893
2025-07-21 21:51:08 | INFO     |     F1(weighted): 0.954243
2025-07-21 21:51:08 | INFO     |     精确率: 0.956872
2025-07-21 21:51:08 | INFO     |     召回率: 0.955983
2025-07-21 21:51:08 | INFO     |   学习率调度器: f1_based
2025-07-21 21:51:08 | INFO     | ------------------------------------------------------------
2025-07-21 21:51:08 | INFO     | Epoch   8 | Train: Loss=0.1250, Acc=0.9537 | Val: Loss=0.1064, Acc=0.9540, F1=0.9542 | LR=0.000100 🏆 [最佳模型]
2025-07-21 21:52:18 | INFO     | Epoch 9:
2025-07-21 21:52:18 | INFO     |   训练指标:
2025-07-21 21:52:18 | INFO     |     损失(ce): 0.143981
2025-07-21 21:52:18 | INFO     |     准确率: 0.945445
2025-07-21 21:52:18 | INFO     |     学习率: 0.00010000
2025-07-21 21:52:18 | INFO     |   验证指标(标准CE):
2025-07-21 21:52:18 | INFO     |     损失: 0.204636
2025-07-21 21:52:18 | INFO     |     准确率: 0.922923
2025-07-21 21:52:18 | INFO     |     F1(macro): 0.922021
2025-07-21 21:52:18 | INFO     |     F1(weighted): 0.918442
2025-07-21 21:52:18 | INFO     |     精确率: 0.946100
2025-07-21 21:52:18 | INFO     |     召回率: 0.928903
2025-07-21 21:52:18 | INFO     |   学习率调度器: f1_based
2025-07-21 21:52:18 | INFO     | ------------------------------------------------------------
2025-07-21 21:52:18 | INFO     | Epoch   9 | Train: Loss=0.1440, Acc=0.9454 | Val: Loss=0.2046, Acc=0.9229, F1=0.9184 | LR=0.000100 
2025-07-21 21:53:29 | INFO     | Epoch 10:
2025-07-21 21:53:29 | INFO     |   训练指标:
2025-07-21 21:53:29 | INFO     |     损失(ce): 0.125666
2025-07-21 21:53:29 | INFO     |     准确率: 0.955455
2025-07-21 21:53:29 | INFO     |     学习率: 0.00010000
2025-07-21 21:53:29 | INFO     |   验证指标(标准CE):
2025-07-21 21:53:29 | INFO     |     损失: 0.079496
2025-07-21 21:53:29 | INFO     |     准确率: 0.968969
2025-07-21 21:53:29 | INFO     |     F1(macro): 0.969532
2025-07-21 21:53:29 | INFO     |     F1(weighted): 0.968378
2025-07-21 21:53:29 | INFO     |     精确率: 0.975583
2025-07-21 21:53:29 | INFO     |     召回率: 0.969134
2025-07-21 21:53:29 | INFO     |   学习率调度器: f1_based
2025-07-21 21:53:29 | INFO     | ------------------------------------------------------------
2025-07-21 21:53:29 | INFO     | Epoch  10 | Train: Loss=0.1257, Acc=0.9555 | Val: Loss=0.0795, Acc=0.9690, F1=0.9684 | LR=0.000100 🏆 [最佳模型]
2025-07-21 21:54:40 | INFO     | Epoch 11:
2025-07-21 21:54:40 | INFO     |   训练指标:
2025-07-21 21:54:40 | INFO     |     损失(ce): 0.109846
2025-07-21 21:54:40 | INFO     |     准确率: 0.957708
2025-07-21 21:54:40 | INFO     |     学习率: 0.00010000
2025-07-21 21:54:40 | INFO     |   验证指标(标准CE):
2025-07-21 21:54:40 | INFO     |     损失: 0.095860
2025-07-21 21:54:40 | INFO     |     准确率: 0.946947
2025-07-21 21:54:40 | INFO     |     F1(macro): 0.949596
2025-07-21 21:54:40 | INFO     |     F1(weighted): 0.947382
2025-07-21 21:54:40 | INFO     |     精确率: 0.951411
2025-07-21 21:54:40 | INFO     |     召回率: 0.949700
2025-07-21 21:54:40 | INFO     |   学习率调度器: f1_based
2025-07-21 21:54:40 | INFO     | ------------------------------------------------------------
2025-07-21 21:54:40 | INFO     | Epoch  11 | Train: Loss=0.1098, Acc=0.9577 | Val: Loss=0.0959, Acc=0.9469, F1=0.9474 | LR=0.000100 
2025-07-21 21:55:50 | INFO     | Epoch 12:
2025-07-21 21:55:50 | INFO     |   训练指标:
2025-07-21 21:55:50 | INFO     |     损失(ce): 0.115843
2025-07-21 21:55:50 | INFO     |     准确率: 0.955706
2025-07-21 21:55:50 | INFO     |     学习率: 0.00010000
2025-07-21 21:55:50 | INFO     |   验证指标(标准CE):
2025-07-21 21:55:50 | INFO     |     损失: 0.114085
2025-07-21 21:55:50 | INFO     |     准确率: 0.956957
2025-07-21 21:55:50 | INFO     |     F1(macro): 0.958329
2025-07-21 21:55:50 | INFO     |     F1(weighted): 0.956816
2025-07-21 21:55:50 | INFO     |     精确率: 0.958554
2025-07-21 21:55:50 | INFO     |     召回率: 0.958224
2025-07-21 21:55:50 | INFO     |   学习率调度器: f1_based
2025-07-21 21:55:50 | INFO     | ------------------------------------------------------------
2025-07-21 21:55:50 | INFO     | Epoch  12 | Train: Loss=0.1158, Acc=0.9557 | Val: Loss=0.1141, Acc=0.9570, F1=0.9568 | LR=0.000100 
2025-07-21 21:57:00 | INFO     | Epoch 13:
2025-07-21 21:57:00 | INFO     |   训练指标:
2025-07-21 21:57:00 | INFO     |     损失(ce): 0.092014
2025-07-21 21:57:00 | INFO     |     准确率: 0.962212
2025-07-21 21:57:00 | INFO     |     学习率: 0.00010000
2025-07-21 21:57:00 | INFO     |   验证指标(标准CE):
2025-07-21 21:57:00 | INFO     |     损失: 0.134369
2025-07-21 21:57:00 | INFO     |     准确率: 0.944945
2025-07-21 21:57:00 | INFO     |     F1(macro): 0.945577
2025-07-21 21:57:00 | INFO     |     F1(weighted): 0.943933
2025-07-21 21:57:00 | INFO     |     精确率: 0.948935
2025-07-21 21:57:00 | INFO     |     召回率: 0.948449
2025-07-21 21:57:00 | INFO     |   学习率调度器: f1_based
2025-07-21 21:57:00 | INFO     | ------------------------------------------------------------
2025-07-21 21:57:00 | INFO     | Epoch  13 | Train: Loss=0.0920, Acc=0.9622 | Val: Loss=0.1344, Acc=0.9449, F1=0.9439 | LR=0.000100 
2025-07-21 21:58:11 | INFO     | Epoch 14:
2025-07-21 21:58:11 | INFO     |   训练指标:
2025-07-21 21:58:11 | INFO     |     损失(ce): 0.100956
2025-07-21 21:58:11 | INFO     |     准确率: 0.963463
2025-07-21 21:58:11 | INFO     |     学习率: 0.00010000
2025-07-21 21:58:11 | INFO     |   验证指标(标准CE):
2025-07-21 21:58:11 | INFO     |     损失: 0.114699
2025-07-21 21:58:11 | INFO     |     准确率: 0.956957
2025-07-21 21:58:11 | INFO     |     F1(macro): 0.958904
2025-07-21 21:58:11 | INFO     |     F1(weighted): 0.957257
2025-07-21 21:58:11 | INFO     |     精确率: 0.959357
2025-07-21 21:58:11 | INFO     |     召回率: 0.958551
2025-07-21 21:58:11 | INFO     |   学习率调度器: f1_based
2025-07-21 21:58:11 | INFO     | ------------------------------------------------------------
2025-07-21 21:58:11 | INFO     | Epoch  14 | Train: Loss=0.1010, Acc=0.9635 | Val: Loss=0.1147, Acc=0.9570, F1=0.9573 | LR=0.000100 
2025-07-21 21:59:22 | INFO     | Epoch 15:
2025-07-21 21:59:22 | INFO     |   训练指标:
2025-07-21 21:59:22 | INFO     |     损失(ce): 0.084742
2025-07-21 21:59:22 | INFO     |     准确率: 0.967718
2025-07-21 21:59:22 | INFO     |     学习率: 0.00010000
2025-07-21 21:59:22 | INFO     |   验证指标(标准CE):
2025-07-21 21:59:22 | INFO     |     损失: 0.136086
2025-07-21 21:59:22 | INFO     |     准确率: 0.956957
2025-07-21 21:59:22 | INFO     |     F1(macro): 0.958852
2025-07-21 21:59:22 | INFO     |     F1(weighted): 0.957324
2025-07-21 21:59:22 | INFO     |     精确率: 0.959508
2025-07-21 21:59:22 | INFO     |     召回率: 0.958324
2025-07-21 21:59:22 | INFO     |   学习率调度器: f1_based
2025-07-21 21:59:22 | INFO     | ------------------------------------------------------------
2025-07-21 21:59:22 | INFO     | Epoch  15 | Train: Loss=0.0847, Acc=0.9677 | Val: Loss=0.1361, Acc=0.9570, F1=0.9573 | LR=0.000100 
2025-07-21 22:00:33 | INFO     | Epoch 16:
2025-07-21 22:00:33 | INFO     |   训练指标:
2025-07-21 22:00:33 | INFO     |     损失(ce): 0.068687
2025-07-21 22:00:33 | INFO     |     准确率: 0.966466
2025-07-21 22:00:33 | INFO     |     学习率: 0.00010000
2025-07-21 22:00:33 | INFO     |   验证指标(标准CE):
2025-07-21 22:00:33 | INFO     |     损失: 0.094537
2025-07-21 22:00:33 | INFO     |     准确率: 0.954955
2025-07-21 22:00:33 | INFO     |     F1(macro): 0.957107
2025-07-21 22:00:33 | INFO     |     F1(weighted): 0.955128
2025-07-21 22:00:33 | INFO     |     精确率: 0.962200
2025-07-21 22:00:33 | INFO     |     召回率: 0.957908
2025-07-21 22:00:33 | INFO     |   学习率调度器: f1_based
2025-07-21 22:00:33 | INFO     | ------------------------------------------------------------
2025-07-21 22:00:33 | INFO     | 🎯 学习率调整事件:
2025-07-21 22:00:33 | INFO     |   调度器类型: f1_based
2025-07-21 22:00:33 | INFO     |   学习率变化: 0.00010000 → 0.00005000
2025-07-21 22:00:33 | INFO     |   触发条件: F1分数 = 0.955128
2025-07-21 22:00:33 | INFO     |   变化幅度: -50.00%
2025-07-21 22:00:33 | INFO     | ------------------------------------------------------------
2025-07-21 22:00:33 | INFO     | Epoch  16 | Train: Loss=0.0687, Acc=0.9665 | Val: Loss=0.0945, Acc=0.9550, F1=0.9551 | LR=0.000050 
2025-07-21 22:01:43 | INFO     | Epoch 17:
2025-07-21 22:01:43 | INFO     |   训练指标:
2025-07-21 22:01:43 | INFO     |     损失(ce): 0.050400
2025-07-21 22:01:43 | INFO     |     准确率: 0.971972
2025-07-21 22:01:43 | INFO     |     学习率: 0.00005000
2025-07-21 22:01:43 | INFO     |   验证指标(标准CE):
2025-07-21 22:01:43 | INFO     |     损失: 0.100794
2025-07-21 22:01:43 | INFO     |     准确率: 0.954955
2025-07-21 22:01:43 | INFO     |     F1(macro): 0.956951
2025-07-21 22:01:43 | INFO     |     F1(weighted): 0.954945
2025-07-21 22:01:43 | INFO     |     精确率: 0.958030
2025-07-21 22:01:43 | INFO     |     召回率: 0.957480
2025-07-21 22:01:43 | INFO     |   学习率调度器: f1_based
2025-07-21 22:01:43 | INFO     | ------------------------------------------------------------
2025-07-21 22:01:43 | INFO     | Epoch  17 | Train: Loss=0.0504, Acc=0.9720 | Val: Loss=0.1008, Acc=0.9550, F1=0.9549 | LR=0.000050 
2025-07-21 22:02:53 | INFO     | Epoch 18:
2025-07-21 22:02:53 | INFO     |   训练指标:
2025-07-21 22:02:53 | INFO     |     损失(ce): 0.050857
2025-07-21 22:02:53 | INFO     |     准确率: 0.972472
2025-07-21 22:02:53 | INFO     |     学习率: 0.00005000
2025-07-21 22:02:53 | INFO     |   验证指标(标准CE):
2025-07-21 22:02:53 | INFO     |     损失: 0.064493
2025-07-21 22:02:53 | INFO     |     准确率: 0.960961
2025-07-21 22:02:53 | INFO     |     F1(macro): 0.962420
2025-07-21 22:02:53 | INFO     |     F1(weighted): 0.960565
2025-07-21 22:02:53 | INFO     |     精确率: 0.967169
2025-07-21 22:02:53 | INFO     |     召回率: 0.963817
2025-07-21 22:02:53 | INFO     |   学习率调度器: f1_based
2025-07-21 22:02:53 | INFO     | ------------------------------------------------------------
2025-07-21 22:02:53 | INFO     | Epoch  18 | Train: Loss=0.0509, Acc=0.9725 | Val: Loss=0.0645, Acc=0.9610, F1=0.9606 | LR=0.000050 
2025-07-21 22:04:04 | INFO     | Epoch 19:
2025-07-21 22:04:04 | INFO     |   训练指标:
2025-07-21 22:04:04 | INFO     |     损失(ce): 0.055707
2025-07-21 22:04:04 | INFO     |     准确率: 0.970721
2025-07-21 22:04:04 | INFO     |     学习率: 0.00005000
2025-07-21 22:04:04 | INFO     |   验证指标(标准CE):
2025-07-21 22:04:04 | INFO     |     损失: 0.075250
2025-07-21 22:04:04 | INFO     |     准确率: 0.968969
2025-07-21 22:04:04 | INFO     |     F1(macro): 0.970061
2025-07-21 22:04:04 | INFO     |     F1(weighted): 0.968835
2025-07-21 22:04:04 | INFO     |     精确率: 0.971212
2025-07-21 22:04:04 | INFO     |     召回率: 0.969796
2025-07-21 22:04:04 | INFO     |   学习率调度器: f1_based
2025-07-21 22:04:04 | INFO     | ------------------------------------------------------------
2025-07-21 22:04:04 | INFO     | Epoch  19 | Train: Loss=0.0557, Acc=0.9707 | Val: Loss=0.0752, Acc=0.9690, F1=0.9688 | LR=0.000050 🏆 [最佳模型]
2025-07-21 22:05:15 | INFO     | Epoch 20:
2025-07-21 22:05:15 | INFO     |   训练指标:
2025-07-21 22:05:15 | INFO     |     损失(ce): 0.052724
2025-07-21 22:05:15 | INFO     |     准确率: 0.970971
2025-07-21 22:05:15 | INFO     |     学习率: 0.00005000
2025-07-21 22:05:15 | INFO     |   验证指标(标准CE):
2025-07-21 22:05:15 | INFO     |     损失: 0.076504
2025-07-21 22:05:15 | INFO     |     准确率: 0.962963
2025-07-21 22:05:15 | INFO     |     F1(macro): 0.964105
2025-07-21 22:05:15 | INFO     |     F1(weighted): 0.962311
2025-07-21 22:05:15 | INFO     |     精确率: 0.970107
2025-07-21 22:05:15 | INFO     |     召回率: 0.965858
2025-07-21 22:05:15 | INFO     |   学习率调度器: f1_based
2025-07-21 22:05:15 | INFO     | ------------------------------------------------------------
2025-07-21 22:05:15 | INFO     | Epoch  20 | Train: Loss=0.0527, Acc=0.9710 | Val: Loss=0.0765, Acc=0.9630, F1=0.9623 | LR=0.000050 
2025-07-21 22:06:25 | INFO     | Epoch 21:
2025-07-21 22:06:25 | INFO     |   训练指标:
2025-07-21 22:06:25 | INFO     |     损失(ce): 0.057823
2025-07-21 22:06:25 | INFO     |     准确率: 0.970721
2025-07-21 22:06:25 | INFO     |     学习率: 0.00005000
2025-07-21 22:06:25 | INFO     |   验证指标(标准CE):
2025-07-21 22:06:25 | INFO     |     损失: 0.071279
2025-07-21 22:06:25 | INFO     |     准确率: 0.962963
2025-07-21 22:06:25 | INFO     |     F1(macro): 0.964411
2025-07-21 22:06:25 | INFO     |     F1(weighted): 0.962704
2025-07-21 22:06:25 | INFO     |     精确率: 0.967729
2025-07-21 22:06:25 | INFO     |     召回率: 0.965528
2025-07-21 22:06:25 | INFO     |   学习率调度器: f1_based
2025-07-21 22:06:25 | INFO     | ------------------------------------------------------------
2025-07-21 22:06:25 | INFO     | Epoch  21 | Train: Loss=0.0578, Acc=0.9707 | Val: Loss=0.0713, Acc=0.9630, F1=0.9627 | LR=0.000050 
2025-07-21 22:07:35 | INFO     | Epoch 22:
2025-07-21 22:07:35 | INFO     |   训练指标:
2025-07-21 22:07:35 | INFO     |     损失(ce): 0.044118
2025-07-21 22:07:35 | INFO     |     准确率: 0.974975
2025-07-21 22:07:35 | INFO     |     学习率: 0.00005000
2025-07-21 22:07:35 | INFO     |   验证指标(标准CE):
2025-07-21 22:07:35 | INFO     |     损失: 0.077265
2025-07-21 22:07:35 | INFO     |     准确率: 0.961962
2025-07-21 22:07:35 | INFO     |     F1(macro): 0.963208
2025-07-21 22:07:35 | INFO     |     F1(weighted): 0.961379
2025-07-21 22:07:35 | INFO     |     精确率: 0.969860
2025-07-21 22:07:35 | INFO     |     召回率: 0.964940
2025-07-21 22:07:35 | INFO     |   学习率调度器: f1_based
2025-07-21 22:07:35 | INFO     | ------------------------------------------------------------
2025-07-21 22:07:35 | INFO     | Epoch  22 | Train: Loss=0.0441, Acc=0.9750 | Val: Loss=0.0773, Acc=0.9620, F1=0.9614 | LR=0.000050 
2025-07-21 22:08:46 | INFO     | Epoch 23:
2025-07-21 22:08:46 | INFO     |   训练指标:
2025-07-21 22:08:46 | INFO     |     损失(ce): 0.047381
2025-07-21 22:08:46 | INFO     |     准确率: 0.974975
2025-07-21 22:08:46 | INFO     |     学习率: 0.00005000
2025-07-21 22:08:46 | INFO     |   验证指标(标准CE):
2025-07-21 22:08:46 | INFO     |     损失: 0.079450
2025-07-21 22:08:46 | INFO     |     准确率: 0.961962
2025-07-21 22:08:46 | INFO     |     F1(macro): 0.963139
2025-07-21 22:08:46 | INFO     |     F1(weighted): 0.961292
2025-07-21 22:08:46 | INFO     |     精确率: 0.970726
2025-07-21 22:08:46 | INFO     |     召回率: 0.965023
2025-07-21 22:08:46 | INFO     |   学习率调度器: f1_based
2025-07-21 22:08:46 | INFO     | ------------------------------------------------------------
2025-07-21 22:08:46 | INFO     | Epoch  23 | Train: Loss=0.0474, Acc=0.9750 | Val: Loss=0.0795, Acc=0.9620, F1=0.9613 | LR=0.000050 
2025-07-21 22:09:56 | INFO     | Epoch 24:
2025-07-21 22:09:56 | INFO     |   训练指标:
2025-07-21 22:09:56 | INFO     |     损失(ce): 0.055111
2025-07-21 22:09:56 | INFO     |     准确率: 0.973473
2025-07-21 22:09:56 | INFO     |     学习率: 0.00005000
2025-07-21 22:09:56 | INFO     |   验证指标(标准CE):
2025-07-21 22:09:56 | INFO     |     损失: 0.086404
2025-07-21 22:09:56 | INFO     |     准确率: 0.966967
2025-07-21 22:09:56 | INFO     |     F1(macro): 0.968100
2025-07-21 22:09:56 | INFO     |     F1(weighted): 0.966917
2025-07-21 22:09:56 | INFO     |     精确率: 0.969804
2025-07-21 22:09:56 | INFO     |     召回率: 0.967651
2025-07-21 22:09:56 | INFO     |   学习率调度器: f1_based
2025-07-21 22:09:56 | INFO     | ------------------------------------------------------------
2025-07-21 22:09:56 | INFO     | 🎯 学习率调整事件:
2025-07-21 22:09:56 | INFO     |   调度器类型: f1_based
2025-07-21 22:09:56 | INFO     |   学习率变化: 0.00005000 → 0.00002500
2025-07-21 22:09:56 | INFO     |   触发条件: F1分数 = 0.966917
2025-07-21 22:09:56 | INFO     |   变化幅度: -50.00%
2025-07-21 22:09:56 | INFO     | ------------------------------------------------------------
2025-07-21 22:09:56 | INFO     | Epoch  24 | Train: Loss=0.0551, Acc=0.9735 | Val: Loss=0.0864, Acc=0.9670, F1=0.9669 | LR=0.000025 
2025-07-21 22:11:07 | INFO     | Epoch 25:
2025-07-21 22:11:07 | INFO     |   训练指标:
2025-07-21 22:11:07 | INFO     |     损失(ce): 0.037105
2025-07-21 22:11:07 | INFO     |     准确率: 0.971471
2025-07-21 22:11:07 | INFO     |     学习率: 0.00002500
2025-07-21 22:11:07 | INFO     |   验证指标(标准CE):
2025-07-21 22:11:07 | INFO     |     损失: 0.062356
2025-07-21 22:11:07 | INFO     |     准确率: 0.966967
2025-07-21 22:11:07 | INFO     |     F1(macro): 0.968390
2025-07-21 22:11:07 | INFO     |     F1(weighted): 0.966960
2025-07-21 22:11:07 | INFO     |     精确率: 0.968852
2025-07-21 22:11:07 | INFO     |     召回率: 0.968787
2025-07-21 22:11:07 | INFO     |   学习率调度器: f1_based
2025-07-21 22:11:07 | INFO     | ------------------------------------------------------------
2025-07-21 22:11:07 | INFO     | Epoch  25 | Train: Loss=0.0371, Acc=0.9715 | Val: Loss=0.0624, Acc=0.9670, F1=0.9670 | LR=0.000025 
2025-07-21 22:12:18 | INFO     | Epoch 26:
2025-07-21 22:12:18 | INFO     |   训练指标:
2025-07-21 22:12:18 | INFO     |     损失(ce): 0.042391
2025-07-21 22:12:18 | INFO     |     准确率: 0.972472
2025-07-21 22:12:18 | INFO     |     学习率: 0.00002500
2025-07-21 22:12:18 | INFO     |   验证指标(标准CE):
2025-07-21 22:12:18 | INFO     |     损失: 0.092487
2025-07-21 22:12:18 | INFO     |     准确率: 0.961962
2025-07-21 22:12:18 | INFO     |     F1(macro): 0.963208
2025-07-21 22:12:18 | INFO     |     F1(weighted): 0.961379
2025-07-21 22:12:18 | INFO     |     精确率: 0.969860
2025-07-21 22:12:18 | INFO     |     召回率: 0.964940
2025-07-21 22:12:18 | INFO     |   学习率调度器: f1_based
2025-07-21 22:12:18 | INFO     | ------------------------------------------------------------
2025-07-21 22:12:18 | INFO     | Epoch  26 | Train: Loss=0.0424, Acc=0.9725 | Val: Loss=0.0925, Acc=0.9620, F1=0.9614 | LR=0.000025 
2025-07-21 22:13:29 | INFO     | Epoch 27:
2025-07-21 22:13:29 | INFO     |   训练指标:
2025-07-21 22:13:29 | INFO     |     损失(ce): 0.045576
2025-07-21 22:13:29 | INFO     |     准确率: 0.974474
2025-07-21 22:13:29 | INFO     |     学习率: 0.00002500
2025-07-21 22:13:29 | INFO     |   验证指标(标准CE):
2025-07-21 22:13:29 | INFO     |     损失: 0.106017
2025-07-21 22:13:29 | INFO     |     准确率: 0.960961
2025-07-21 22:13:29 | INFO     |     F1(macro): 0.962724
2025-07-21 22:13:29 | INFO     |     F1(weighted): 0.961010
2025-07-21 22:13:29 | INFO     |     精确率: 0.969373
2025-07-21 22:13:29 | INFO     |     召回率: 0.963796
2025-07-21 22:13:29 | INFO     |   学习率调度器: f1_based
2025-07-21 22:13:29 | INFO     | ------------------------------------------------------------
2025-07-21 22:13:29 | INFO     | Epoch  27 | Train: Loss=0.0456, Acc=0.9745 | Val: Loss=0.1060, Acc=0.9610, F1=0.9610 | LR=0.000025 
2025-07-21 22:14:40 | INFO     | Epoch 28:
2025-07-21 22:14:40 | INFO     |   训练指标:
2025-07-21 22:14:40 | INFO     |     损失(ce): 0.036414
2025-07-21 22:14:40 | INFO     |     准确率: 0.974224
2025-07-21 22:14:40 | INFO     |     学习率: 0.00002500
2025-07-21 22:14:40 | INFO     |   验证指标(标准CE):
2025-07-21 22:14:40 | INFO     |     损失: 0.085918
2025-07-21 22:14:40 | INFO     |     准确率: 0.963964
2025-07-21 22:14:40 | INFO     |     F1(macro): 0.965425
2025-07-21 22:14:40 | INFO     |     F1(weighted): 0.963787
2025-07-21 22:14:40 | INFO     |     精确率: 0.967916
2025-07-21 22:14:40 | INFO     |     召回率: 0.966363
2025-07-21 22:14:40 | INFO     |   学习率调度器: f1_based
2025-07-21 22:14:40 | INFO     | ------------------------------------------------------------
2025-07-21 22:14:40 | INFO     | Epoch  28 | Train: Loss=0.0364, Acc=0.9742 | Val: Loss=0.0859, Acc=0.9640, F1=0.9638 | LR=0.000025 
2025-07-21 22:15:50 | INFO     | Epoch 29:
2025-07-21 22:15:50 | INFO     |   训练指标:
2025-07-21 22:15:50 | INFO     |     损失(ce): 0.040314
2025-07-21 22:15:50 | INFO     |     准确率: 0.973724
2025-07-21 22:15:50 | INFO     |     学习率: 0.00002500
2025-07-21 22:15:50 | INFO     |   验证指标(标准CE):
2025-07-21 22:15:50 | INFO     |     损失: 0.107871
2025-07-21 22:15:50 | INFO     |     准确率: 0.957958
2025-07-21 22:15:50 | INFO     |     F1(macro): 0.959768
2025-07-21 22:15:50 | INFO     |     F1(weighted): 0.957886
2025-07-21 22:15:50 | INFO     |     精确率: 0.967617
2025-07-21 22:15:50 | INFO     |     召回率: 0.961042
2025-07-21 22:15:50 | INFO     |   学习率调度器: f1_based
2025-07-21 22:15:50 | INFO     | ------------------------------------------------------------
2025-07-21 22:15:50 | INFO     | Epoch  29 | Train: Loss=0.0403, Acc=0.9737 | Val: Loss=0.1079, Acc=0.9580, F1=0.9579 | LR=0.000025 
2025-07-21 22:17:01 | INFO     | Epoch 30:
2025-07-21 22:17:01 | INFO     |   训练指标:
2025-07-21 22:17:01 | INFO     |     损失(ce): 0.040582
2025-07-21 22:17:01 | INFO     |     准确率: 0.972973
2025-07-21 22:17:01 | INFO     |     学习率: 0.00002500
2025-07-21 22:17:01 | INFO     |   验证指标(标准CE):
2025-07-21 22:17:01 | INFO     |     损失: 0.088828
2025-07-21 22:17:01 | INFO     |     准确率: 0.958959
2025-07-21 22:17:01 | INFO     |     F1(macro): 0.960630
2025-07-21 22:17:01 | INFO     |     F1(weighted): 0.958762
2025-07-21 22:17:01 | INFO     |     精确率: 0.968166
2025-07-21 22:17:01 | INFO     |     召回率: 0.962016
2025-07-21 22:17:01 | INFO     |   学习率调度器: f1_based
2025-07-21 22:17:01 | INFO     | ------------------------------------------------------------
2025-07-21 22:17:01 | INFO     | Epoch  30 | Train: Loss=0.0406, Acc=0.9730 | Val: Loss=0.0888, Acc=0.9590, F1=0.9588 | LR=0.000025 
2025-07-21 22:18:11 | INFO     | Epoch 31:
2025-07-21 22:18:11 | INFO     |   训练指标:
2025-07-21 22:18:11 | INFO     |     损失(ce): 0.040297
2025-07-21 22:18:11 | INFO     |     准确率: 0.976727
2025-07-21 22:18:11 | INFO     |     学习率: 0.00002500
2025-07-21 22:18:11 | INFO     |   验证指标(标准CE):
2025-07-21 22:18:11 | INFO     |     损失: 0.073233
2025-07-21 22:18:11 | INFO     |     准确率: 0.968969
2025-07-21 22:18:11 | INFO     |     F1(macro): 0.969907
2025-07-21 22:18:11 | INFO     |     F1(weighted): 0.968715
2025-07-21 22:18:11 | INFO     |     精确率: 0.971277
2025-07-21 22:18:11 | INFO     |     召回率: 0.969714
2025-07-21 22:18:11 | INFO     |   学习率调度器: f1_based
2025-07-21 22:18:11 | INFO     | ------------------------------------------------------------
2025-07-21 22:18:11 | INFO     | Epoch  31 | Train: Loss=0.0403, Acc=0.9767 | Val: Loss=0.0732, Acc=0.9690, F1=0.9687 | LR=0.000025 
2025-07-21 22:19:21 | INFO     | Epoch 32:
2025-07-21 22:19:21 | INFO     |   训练指标:
2025-07-21 22:19:21 | INFO     |     损失(ce): 0.038799
2025-07-21 22:19:21 | INFO     |     准确率: 0.975726
2025-07-21 22:19:21 | INFO     |     学习率: 0.00002500
2025-07-21 22:19:21 | INFO     |   验证指标(标准CE):
2025-07-21 22:19:21 | INFO     |     损失: 0.068252
2025-07-21 22:19:21 | INFO     |     准确率: 0.967968
2025-07-21 22:19:21 | INFO     |     F1(macro): 0.968965
2025-07-21 22:19:21 | INFO     |     F1(weighted): 0.967730
2025-07-21 22:19:21 | INFO     |     精确率: 0.970125
2025-07-21 22:19:21 | INFO     |     召回率: 0.968795
2025-07-21 22:19:21 | INFO     |   学习率调度器: f1_based
2025-07-21 22:19:21 | INFO     | ------------------------------------------------------------
2025-07-21 22:19:21 | INFO     | 🎯 学习率调整事件:
2025-07-21 22:19:21 | INFO     |   调度器类型: f1_based
2025-07-21 22:19:21 | INFO     |   学习率变化: 0.00002500 → 0.00001250
2025-07-21 22:19:21 | INFO     |   触发条件: F1分数 = 0.967730
2025-07-21 22:19:21 | INFO     |   变化幅度: -50.00%
2025-07-21 22:19:21 | INFO     | ------------------------------------------------------------
2025-07-21 22:19:21 | INFO     | Epoch  32 | Train: Loss=0.0388, Acc=0.9757 | Val: Loss=0.0683, Acc=0.9680, F1=0.9677 | LR=0.000013 
2025-07-21 22:20:32 | INFO     | Epoch 33:
2025-07-21 22:20:32 | INFO     |   训练指标:
2025-07-21 22:20:32 | INFO     |     损失(ce): 0.034786
2025-07-21 22:20:32 | INFO     |     准确率: 0.977477
2025-07-21 22:20:32 | INFO     |     学习率: 0.00001250
2025-07-21 22:20:32 | INFO     |   验证指标(标准CE):
2025-07-21 22:20:32 | INFO     |     损失: 0.062545
2025-07-21 22:20:32 | INFO     |     准确率: 0.967968
2025-07-21 22:20:32 | INFO     |     F1(macro): 0.969163
2025-07-21 22:20:32 | INFO     |     F1(weighted): 0.967666
2025-07-21 22:20:32 | INFO     |     精确率: 0.973630
2025-07-21 22:20:32 | INFO     |     召回率: 0.970450
2025-07-21 22:20:32 | INFO     |   学习率调度器: f1_based
2025-07-21 22:20:32 | INFO     | ------------------------------------------------------------
2025-07-21 22:20:32 | INFO     | Epoch  33 | Train: Loss=0.0348, Acc=0.9775 | Val: Loss=0.0625, Acc=0.9680, F1=0.9677 | LR=0.000013 
2025-07-21 22:21:42 | INFO     | Epoch 34:
2025-07-21 22:21:42 | INFO     |   训练指标:
2025-07-21 22:21:42 | INFO     |     损失(ce): 0.034039
2025-07-21 22:21:42 | INFO     |     准确率: 0.978478
2025-07-21 22:21:42 | INFO     |     学习率: 0.00001250
2025-07-21 22:21:42 | INFO     |   验证指标(标准CE):
2025-07-21 22:21:42 | INFO     |     损失: 0.072485
2025-07-21 22:21:42 | INFO     |     准确率: 0.967968
2025-07-21 22:21:42 | INFO     |     F1(macro): 0.969163
2025-07-21 22:21:42 | INFO     |     F1(weighted): 0.967666
2025-07-21 22:21:42 | INFO     |     精确率: 0.973630
2025-07-21 22:21:42 | INFO     |     召回率: 0.970450
2025-07-21 22:21:42 | INFO     |   学习率调度器: f1_based
2025-07-21 22:21:42 | INFO     | ------------------------------------------------------------
2025-07-21 22:21:42 | INFO     | Epoch  34 | Train: Loss=0.0340, Acc=0.9785 | Val: Loss=0.0725, Acc=0.9680, F1=0.9677 | LR=0.000013 
2025-07-21 22:21:42 | INFO     | ⏹️ 早停触发，在第 34 轮停止训练
2025-07-21 22:21:54 | INFO     | 训练历史已保存到: ./result/0721_2141_DualGAF_DualGAFNet_dilated_enhanced_sl96_step96_fd128_extractor-dilated_gaf-adaptive_attention-channel_classifier-mlp_stat-correlation_focused_fusion-concat_ablation-no_diff/training_history.csv
2025-07-21 22:21:54 | INFO     | 
====================================================================================================
2025-07-21 22:21:54 | INFO     | 🎉 训练完成总结:
2025-07-21 22:21:54 | INFO     |   训练损失函数: ce
2025-07-21 22:21:54 | INFO     |   验证损失函数: 标准交叉熵（遵循主流ML规范）
2025-07-21 22:21:54 | INFO     |   训练过程最佳验证准确率: 0.9690
2025-07-21 22:21:54 | INFO     |   训练过程最佳验证F1(macro): 0.9701
2025-07-21 22:21:54 | INFO     |   训练过程最佳验证F1(weighted): 0.9688
2025-07-21 22:21:54 | INFO     |   训练轮数: 34
2025-07-21 22:21:54 | INFO     | --------------------------------------------------
2025-07-21 22:21:54 | INFO     | 📊 最佳模型真实性能指标（基于标准交叉熵损失）:
2025-07-21 22:21:54 | INFO     |   验证损失(标准CE): 0.0755
2025-07-21 22:21:54 | INFO     |   验证准确率: 0.9690
2025-07-21 22:21:54 | INFO     |   验证F1(macro): 0.9701
2025-07-21 22:21:54 | INFO     |   验证F1(weighted): 0.9688
2025-07-21 22:21:54 | INFO     |   验证精确率: 0.9712
2025-07-21 22:21:54 | INFO     |   验证召回率: 0.9698
2025-07-21 22:21:54 | INFO     | ====================================================================================================
2025-07-21 22:21:56 | INFO     | ================================================================================
2025-07-21 22:21:56 | INFO     | 实验日志结束: DualGAF_DualGAFNet_dilated_enhanced_sl96_step96_fd128_extractor-dilated_gaf-adaptive_attention-channel_classifier-mlp_stat-correlation_focused_fusion-concat_ablation-no_diff
2025-07-21 22:21:56 | INFO     | 结束时间: 2025-07-21 22:21:56
2025-07-21 22:21:56 | INFO     | ================================================================================
