2025-08-20 20:56:18 | INFO     | ================================================================================
2025-08-20 20:56:18 | INFO     | 实验日志开始: DualGAF_DDAHU_DualGAFNet_基准版_sl96_step96_fd128_extractor-dilated_gaf-adaptive_attention-channel_classifier-mlp_stat-basic_fusion-concat
2025-08-20 20:56:18 | INFO     | 日志文件: ./result/0820_2056_DualGAF_DDAHU_DualGAFNet_基准版_sl96_step96_fd128_extractor-dilated_gaf-adaptive_attention-channel_classifier-mlp_stat-basic_fusion-concat/training.log
2025-08-20 20:56:18 | INFO     | 开始时间: 2025-08-20 20:56:18
2025-08-20 20:56:18 | INFO     | ================================================================================
2025-08-20 20:56:18 | INFO     | ⚙️ 实验配置:
2025-08-20 20:56:18 | INFO     |    task_name: classification
2025-08-20 20:56:18 | INFO     |    is_training: 1
2025-08-20 20:56:18 | INFO     |    model_id: test
2025-08-20 20:56:18 | INFO     |    model: DualGAFNet
2025-08-20 20:56:18 | INFO     |    data: DualGAF_DDAHU
2025-08-20 20:56:18 | INFO     |    root_path: ./dataset/DDAHU/direct_5_working
2025-08-20 20:56:18 | INFO     |    step: 96
2025-08-20 20:56:18 | INFO     |    checkpoints: ./checkpoints/
2025-08-20 20:56:18 | INFO     |    num_class: 29
2025-08-20 20:56:18 | INFO     |    result_path: ./result/
2025-08-20 20:56:18 | INFO     |    test_size: 0.2
2025-08-20 20:56:18 | INFO     |    rows: None
2025-08-20 20:56:18 | INFO     |    seq_len: 96
2025-08-20 20:56:18 | INFO     |    enc_in: 97
2025-08-20 20:56:18 | INFO     |    d_model: 512
2025-08-20 20:56:18 | INFO     |    n_heads: 8
2025-08-20 20:56:18 | INFO     |    e_layers: 2
2025-08-20 20:56:18 | INFO     |    d_layers: 1
2025-08-20 20:56:18 | INFO     |    d_ff: 2048
2025-08-20 20:56:18 | INFO     |    moving_avg: 25
2025-08-20 20:56:18 | INFO     |    factor: 1
2025-08-20 20:56:18 | INFO     |    distil: True
2025-08-20 20:56:18 | INFO     |    dropout: 0.1
2025-08-20 20:56:18 | INFO     |    embed: timeF
2025-08-20 20:56:18 | INFO     |    activation: gelu
2025-08-20 20:56:18 | INFO     |    use_norm: 1
2025-08-20 20:56:18 | INFO     |    gaf_method: summation
2025-08-20 20:56:18 | INFO     |    feature_dim: 128
2025-08-20 20:56:18 | INFO     |    data_type_method: uint8
2025-08-20 20:56:18 | INFO     |    use_attention: True
2025-08-20 20:56:18 | INFO     |    hidden_dim: 64
2025-08-20 20:56:18 | INFO     |    sample_size: 1000
2025-08-20 20:56:18 | INFO     |    cnn_dropout_rate: 0.3
2025-08-20 20:56:18 | INFO     |    cnn_use_batch_norm: True
2025-08-20 20:56:18 | INFO     |    channel_groups: None
2025-08-20 20:56:18 | INFO     |    hvac_groups: None
2025-08-20 20:56:18 | INFO     |    use_channel_compression: False
2025-08-20 20:56:18 | INFO     |    compression_strategy: signal_compression
2025-08-20 20:56:18 | INFO     |    compression_ratio: 0.7
2025-08-20 20:56:18 | INFO     |    compression_channels: None
2025-08-20 20:56:18 | INFO     |    adaptive_compression_ratios: [0.5, 0.7, 0.8]
2025-08-20 20:56:18 | INFO     |    hvac_group_compression_ratios: None
2025-08-20 20:56:18 | INFO     |    extractor_type: dilated
2025-08-20 20:56:18 | INFO     |    fusion_type: adaptive
2025-08-20 20:56:18 | INFO     |    attention_type: channel
2025-08-20 20:56:18 | INFO     |    classifier_type: mlp
2025-08-20 20:56:18 | INFO     |    use_statistical_features: True
2025-08-20 20:56:18 | INFO     |    stat_type: basic
2025-08-20 20:56:18 | INFO     |    multimodal_fusion_strategy: concat
2025-08-20 20:56:18 | INFO     |    use_signal_level_stats: False
2025-08-20 20:56:18 | INFO     |    signal_stat_type: comprehensive
2025-08-20 20:56:18 | INFO     |    signal_stat_fusion_strategy: concat_project
2025-08-20 20:56:18 | INFO     |    signal_stat_feature_dim: 32
2025-08-20 20:56:18 | INFO     |    use_diff_branch: True
2025-08-20 20:56:18 | INFO     |    ablation_mode: none
2025-08-20 20:56:18 | INFO     |    backbone_type: resnet18
2025-08-20 20:56:18 | INFO     |    use_sum_branch: True
2025-08-20 20:56:18 | INFO     |    num_workers: 0
2025-08-20 20:56:18 | INFO     |    cuda_debug: False
2025-08-20 20:56:18 | INFO     |    gpu_memory_fraction: 0.9
2025-08-20 20:56:18 | INFO     |    safe_mode: True
2025-08-20 20:56:18 | INFO     |    drop_last_batch: True
2025-08-20 20:56:18 | INFO     |    itr: 1
2025-08-20 20:56:18 | INFO     |    train_epochs: 300
2025-08-20 20:56:18 | INFO     |    batch_size: 4
2025-08-20 20:56:18 | INFO     |    patience: 15
2025-08-20 20:56:18 | INFO     |    learning_rate: 0.0001
2025-08-20 20:56:18 | INFO     |    des: 基准版
2025-08-20 20:56:18 | INFO     |    loss: MSE
2025-08-20 20:56:18 | INFO     |    lradj: type1
2025-08-20 20:56:18 | INFO     |    lr_scheduler_type: f1_based
2025-08-20 20:56:18 | INFO     |    lr_loss_weight: 0.3
2025-08-20 20:56:18 | INFO     |    lr_f1_weight: 0.7
2025-08-20 20:56:18 | INFO     |    use_amp: False
2025-08-20 20:56:18 | INFO     |    gradient_accumulation_steps: 2
2025-08-20 20:56:18 | INFO     |    enable_auto_gradient_accumulation: True
2025-08-20 20:56:18 | INFO     |    loss_type: ce
2025-08-20 20:56:18 | INFO     |    label_smoothing: 0.1
2025-08-20 20:56:18 | INFO     |    focal_alpha: 1.0
2025-08-20 20:56:18 | INFO     |    focal_gamma: 2.0
2025-08-20 20:56:18 | INFO     |    confidence_penalty_beta: 0.1
2025-08-20 20:56:18 | INFO     |    use_timm_loss: True
2025-08-20 20:56:18 | INFO     |    adaptive_initial_smoothing: 0.2
2025-08-20 20:56:18 | INFO     |    adaptive_final_smoothing: 0.05
2025-08-20 20:56:18 | INFO     |    adaptive_decay_epochs: 30
2025-08-20 20:56:18 | INFO     |    enable_class_weights: False
2025-08-20 20:56:18 | INFO     |    class_weights: None
2025-08-20 20:56:18 | INFO     |    loss_preset: None
2025-08-20 20:56:18 | INFO     |    n_jobs: 1
2025-08-20 20:56:18 | INFO     |    use_multiprocessing: False
2025-08-20 20:56:18 | INFO     |    chunk_size: 800
2025-08-20 20:56:18 | INFO     |    disable_parallel: True
2025-08-20 20:56:18 | INFO     |    use_shared_memory: False
2025-08-20 20:56:18 | INFO     |    disable_shared_memory: False
2025-08-20 20:56:18 | INFO     |    use_gpu: True
2025-08-20 20:56:18 | INFO     |    gpu: 0
2025-08-20 20:56:18 | INFO     |    gpu_type: cuda
2025-08-20 20:56:18 | INFO     |    use_multi_gpu: False
2025-08-20 20:56:18 | INFO     |    devices: 0,1,2,3
2025-08-20 20:56:18 | INFO     |    device: cuda:0
2025-08-20 20:56:18 | INFO     |    feature_columns: ['CHWP_GPMC', 'CHWC_VLV_DM', 'CHWC_VLV', 'CHWC_MWT', 'CHWC_LWT', 'VAVCFM_H_DM_SB', 'CHWC_EAH', 'VAV_DAT_SA', 'CHWC_DAT', 'VAV_SP_C_SA', 'HWP_GPMT', 'VAVCFM_C_DM_SB', 'RM_TEMP_W', 'HWP_GPMC', 'VAVCFM_T_SB', 'VAV_DMPR_H_SB', 'HWC_VLV_DM', 'VAVCFM_H_SB', 'HWC_VLV', 'VAV_DMPR_H_E', 'HWC_LWT', 'HWC_MWT', 'VAV_DMPR_C_SB', 'HWC_DAT', 'RM_TEMP_SB', 'CSF_WAT', 'CSF_SPD', 'CSF_DP', 'CSA_TEMP', 'CSA_CFM', 'VAV_EAT_C_SB', 'CSA_HUMD', 'CSA_SP', 'VAVCFM_C_SB', 'VAVCFM_H_W', 'HSF_SPD', 'VAV_EAT_H_SB', 'VAV_DAT_SB', 'RM_TEMP_SA', 'HSF_DP', 'HSA_TEMP', 'VAVCFM_C_DM_W', 'VAVCFM_C_W', 'VAV_DAT_W', 'HSA_SP', 'HSA_CFM', 'VAV_DMPR_H_W', 'HSF_WAT', 'VAVCFM_T_W', 'EA_DMPR_DM', 'RF_WAT', 'VAV_SP_C_W', 'VAV_SP_H_E', 'EA_DMPR', 'VAV_SP_H_SB', 'RF_SPD', 'RA_TEMP', 'RA_HUMD', 'VAV_SP_H_SA', 'VAV_EAT_H_W', 'RF_DP', 'VAV_DMPR_C_SA', 'VAV_SP_C_SB', 'RA_DMPR_DM', 'VAV_DMPR_H_SA', 'VAV_SP_H_W', 'VAVCFM_H_DM_SA', 'RA_DMPR', 'VAV_EAT_C_W', 'VAVCFM_C_DM_SA', 'RA_CFM', 'MA_TEMP', 'VAVCFM_C_SA', 'OA_TEMP', 'VAVCFM_H_SA', 'VAVCFM_H_DM_W', 'OA_HUMD', 'VAVCFM_T_SA', 'OA_DMPR_DM', 'VAV_EAT_C_SA', 'VAV_DMPR_C_W', 'OA_DMPR', 'VAV_EAT_H_SA', 'HSA_HUMD', 'RM_TEMP_E', 'VAV_EAT_H_E', 'VAV_DAT_E', 'VAV_EAT_C_E', 'VAVCFM_T_E', 'VAVCFM_H_E', 'VAV_SP_C_E', 'VAVCFM_C_DM_E', 'OA_CFM', 'VAV_DMPR_C_E', 'VAVCFM_C_E', 'VAVCFM_H_DM_E', 'CHWP_GPMT']
2025-08-20 20:56:18 | INFO     | 🏗️ 模型信息:
2025-08-20 20:56:18 | INFO     |    模型类型: Model
2025-08-20 20:56:18 | INFO     |    总参数数量: 26,996,130
2025-08-20 20:56:18 | INFO     |    可训练参数: 26,996,130
2025-08-20 20:56:18 | INFO     |    模型大小估计: 102.98 MB
2025-08-20 20:56:18 | INFO     | 📊 数据集信息:
2025-08-20 20:56:18 | INFO     |    训练集大小: 5967
2025-08-20 20:56:18 | INFO     |    验证集大小: 1492
2025-08-20 20:56:18 | INFO     | 
================================================================================
2025-08-20 20:56:18 | INFO     | 📋 损失函数使用策略（遵循主流机器学习规范）:
2025-08-20 20:56:18 | INFO     |    🎯 训练阶段: 使用 ce 损失函数
2025-08-20 20:56:18 | INFO     |       → 目的：优化模型参数，解决特定问题（类别不平衡、相似性等）
2025-08-20 20:56:18 | INFO     |    📊 验证阶段: 使用标准交叉熵损失函数
2025-08-20 20:56:18 | INFO     |       → 目的：客观评估模型性能，便于不同方法比较
2025-08-20 20:56:18 | INFO     |    📈 最终报告: 基于标准交叉熵损失的指标
2025-08-20 20:56:18 | INFO     |       → 目的：提供可信、可比较的性能指标
2025-08-20 20:56:18 | INFO     | ================================================================================

2025-08-20 20:56:18 | INFO     | 🔄 梯度累积配置: 每2轮累积一次梯度
2025-08-20 20:56:18 | INFO     |    实际batch_size: 4
2025-08-20 20:56:18 | INFO     |    有效batch_size: 8
2025-08-20 21:02:07 | INFO     | Epoch 1:
2025-08-20 21:02:07 | INFO     |   训练指标:
2025-08-20 21:02:07 | INFO     |     损失(ce): 2.842523
2025-08-20 21:02:07 | INFO     |     准确率: 0.173709
2025-08-20 21:02:07 | INFO     |     学习率: 0.00010000
2025-08-20 21:02:07 | INFO     |   验证指标(标准CE):
2025-08-20 21:02:07 | INFO     |     损失: 1.784150
2025-08-20 21:02:07 | INFO     |     准确率: 0.489946
2025-08-20 21:02:07 | INFO     |     F1(macro): 0.446993
2025-08-20 21:02:07 | INFO     |     F1(weighted): 0.440342
2025-08-20 21:02:07 | INFO     |     精确率: 0.461041
2025-08-20 21:02:07 | INFO     |     召回率: 0.499895
2025-08-20 21:02:07 | INFO     |   学习率调度器: f1_based
2025-08-20 21:02:07 | INFO     | ------------------------------------------------------------
2025-08-20 21:02:07 | INFO     | Epoch   1 | Train: Loss=2.8425, Acc=0.1737 | Val: Loss=1.7841, Acc=0.4899, F1=0.4403 | LR=0.000100 🏆 [最佳模型]
2025-08-20 21:07:05 | INFO     | Epoch 2:
2025-08-20 21:07:05 | INFO     |   训练指标:
2025-08-20 21:07:05 | INFO     |     损失(ce): 1.481437
2025-08-20 21:07:05 | INFO     |     准确率: 0.528001
2025-08-20 21:07:05 | INFO     |     学习率: 0.00010000
2025-08-20 21:07:05 | INFO     |   验证指标(标准CE):
2025-08-20 21:07:05 | INFO     |     损失: 1.041078
2025-08-20 21:07:05 | INFO     |     准确率: 0.686327
2025-08-20 21:07:05 | INFO     |     F1(macro): 0.669200
2025-08-20 21:07:05 | INFO     |     F1(weighted): 0.658436
2025-08-20 21:07:05 | INFO     |     精确率: 0.678174
2025-08-20 21:07:05 | INFO     |     召回率: 0.699894
2025-08-20 21:07:05 | INFO     |   学习率调度器: f1_based
2025-08-20 21:07:05 | INFO     | ------------------------------------------------------------
2025-08-20 21:07:05 | INFO     | Epoch   2 | Train: Loss=1.4814, Acc=0.5280 | Val: Loss=1.0411, Acc=0.6863, F1=0.6584 | LR=0.000100 🏆 [最佳模型]
2025-08-20 21:11:51 | INFO     | Epoch 3:
2025-08-20 21:11:51 | INFO     |   训练指标:
2025-08-20 21:11:51 | INFO     |     损失(ce): 1.039118
2025-08-20 21:11:51 | INFO     |     准确率: 0.670691
2025-08-20 21:11:51 | INFO     |     学习率: 0.00010000
2025-08-20 21:11:51 | INFO     |   验证指标(标准CE):
2025-08-20 21:11:51 | INFO     |     损失: 0.837357
2025-08-20 21:11:51 | INFO     |     准确率: 0.726542
2025-08-20 21:11:51 | INFO     |     F1(macro): 0.719351
2025-08-20 21:11:51 | INFO     |     F1(weighted): 0.705776
2025-08-20 21:11:51 | INFO     |     精确率: 0.770411
2025-08-20 21:11:51 | INFO     |     召回率: 0.740231
2025-08-20 21:11:51 | INFO     |   学习率调度器: f1_based
2025-08-20 21:11:51 | INFO     | ------------------------------------------------------------
2025-08-20 21:11:51 | INFO     | Epoch   3 | Train: Loss=1.0391, Acc=0.6707 | Val: Loss=0.8374, Acc=0.7265, F1=0.7058 | LR=0.000100 🏆 [最佳模型]
2025-08-20 21:16:14 | INFO     | Epoch 4:
2025-08-20 21:16:14 | INFO     |   训练指标:
2025-08-20 21:16:14 | INFO     |     损失(ce): 0.843532
2025-08-20 21:16:14 | INFO     |     准确率: 0.736083
2025-08-20 21:16:14 | INFO     |     学习率: 0.00010000
2025-08-20 21:16:14 | INFO     |   验证指标(标准CE):
2025-08-20 21:16:14 | INFO     |     损失: 0.699915
2025-08-20 21:16:14 | INFO     |     准确率: 0.768097
2025-08-20 21:16:14 | INFO     |     F1(macro): 0.765370
2025-08-20 21:16:14 | INFO     |     F1(weighted): 0.761206
2025-08-20 21:16:14 | INFO     |     精确率: 0.803328
2025-08-20 21:16:14 | INFO     |     召回率: 0.769586
2025-08-20 21:16:14 | INFO     |   学习率调度器: f1_based
2025-08-20 21:16:14 | INFO     | ------------------------------------------------------------
2025-08-20 21:16:14 | INFO     | Epoch   4 | Train: Loss=0.8435, Acc=0.7361 | Val: Loss=0.6999, Acc=0.7681, F1=0.7612 | LR=0.000100 🏆 [最佳模型]
2025-08-20 21:20:36 | INFO     | Epoch 5:
2025-08-20 21:20:36 | INFO     |   训练指标:
2025-08-20 21:20:36 | INFO     |     损失(ce): 0.691127
2025-08-20 21:20:36 | INFO     |     准确率: 0.777834
2025-08-20 21:20:36 | INFO     |     学习率: 0.00010000
2025-08-20 21:20:36 | INFO     |   验证指标(标准CE):
2025-08-20 21:20:36 | INFO     |     损失: 0.479815
2025-08-20 21:20:36 | INFO     |     准确率: 0.865952
2025-08-20 21:20:36 | INFO     |     F1(macro): 0.868070
2025-08-20 21:20:36 | INFO     |     F1(weighted): 0.865963
2025-08-20 21:20:36 | INFO     |     精确率: 0.897695
2025-08-20 21:20:36 | INFO     |     召回率: 0.866048
2025-08-20 21:20:36 | INFO     |   学习率调度器: f1_based
2025-08-20 21:20:36 | INFO     | ------------------------------------------------------------
2025-08-20 21:20:36 | INFO     | Epoch   5 | Train: Loss=0.6911, Acc=0.7778 | Val: Loss=0.4798, Acc=0.8660, F1=0.8660 | LR=0.000100 🏆 [最佳模型]
2025-08-20 21:24:58 | INFO     | Epoch 6:
2025-08-20 21:24:58 | INFO     |   训练指标:
2025-08-20 21:24:58 | INFO     |     损失(ce): 0.607461
2025-08-20 21:24:58 | INFO     |     准确率: 0.810530
2025-08-20 21:24:58 | INFO     |     学习率: 0.00010000
2025-08-20 21:24:58 | INFO     |   验证指标(标准CE):
2025-08-20 21:24:58 | INFO     |     损失: 0.449577
2025-08-20 21:24:58 | INFO     |     准确率: 0.865282
2025-08-20 21:24:58 | INFO     |     F1(macro): 0.874397
2025-08-20 21:24:58 | INFO     |     F1(weighted): 0.869695
2025-08-20 21:24:58 | INFO     |     精确率: 0.897967
2025-08-20 21:24:58 | INFO     |     召回率: 0.867050
2025-08-20 21:24:58 | INFO     |   学习率调度器: f1_based
2025-08-20 21:24:58 | INFO     | ------------------------------------------------------------
2025-08-20 21:24:58 | INFO     | Epoch   6 | Train: Loss=0.6075, Acc=0.8105 | Val: Loss=0.4496, Acc=0.8653, F1=0.8697 | LR=0.000100 🏆 [最佳模型]
2025-08-20 21:29:19 | INFO     | Epoch 7:
2025-08-20 21:29:19 | INFO     |   训练指标:
2025-08-20 21:29:19 | INFO     |     损失(ce): 0.550280
2025-08-20 21:29:19 | INFO     |     准确率: 0.826291
2025-08-20 21:29:19 | INFO     |     学习率: 0.00010000
2025-08-20 21:29:19 | INFO     |   验证指标(标准CE):
2025-08-20 21:29:19 | INFO     |     损失: 0.351604
2025-08-20 21:29:19 | INFO     |     准确率: 0.893432
2025-08-20 21:29:19 | INFO     |     F1(macro): 0.898203
2025-08-20 21:29:19 | INFO     |     F1(weighted): 0.894682
2025-08-20 21:29:19 | INFO     |     精确率: 0.924464
2025-08-20 21:29:19 | INFO     |     召回率: 0.898452
2025-08-20 21:29:19 | INFO     |   学习率调度器: f1_based
2025-08-20 21:29:19 | INFO     | ------------------------------------------------------------
2025-08-20 21:29:19 | INFO     | Epoch   7 | Train: Loss=0.5503, Acc=0.8263 | Val: Loss=0.3516, Acc=0.8934, F1=0.8947 | LR=0.000100 🏆 [最佳模型]
2025-08-20 21:33:41 | INFO     | Epoch 8:
2025-08-20 21:33:41 | INFO     |   训练指标:
2025-08-20 21:33:41 | INFO     |     损失(ce): 0.511264
2025-08-20 21:33:41 | INFO     |     准确率: 0.839370
2025-08-20 21:33:41 | INFO     |     学习率: 0.00010000
2025-08-20 21:33:41 | INFO     |   验证指标(标准CE):
2025-08-20 21:33:41 | INFO     |     损失: 0.406396
2025-08-20 21:33:41 | INFO     |     准确率: 0.863271
2025-08-20 21:33:41 | INFO     |     F1(macro): 0.869658
2025-08-20 21:33:41 | INFO     |     F1(weighted): 0.864682
2025-08-20 21:33:41 | INFO     |     精确率: 0.901884
2025-08-20 21:33:41 | INFO     |     召回率: 0.871561
2025-08-20 21:33:41 | INFO     |   学习率调度器: f1_based
2025-08-20 21:33:41 | INFO     | ------------------------------------------------------------
2025-08-20 21:33:41 | INFO     | Epoch   8 | Train: Loss=0.5113, Acc=0.8394 | Val: Loss=0.4064, Acc=0.8633, F1=0.8647 | LR=0.000100 
2025-08-20 21:38:02 | INFO     | Epoch 9:
2025-08-20 21:38:02 | INFO     |   训练指标:
2025-08-20 21:38:02 | INFO     |     损失(ce): 0.469051
2025-08-20 21:38:02 | INFO     |     准确率: 0.849430
2025-08-20 21:38:02 | INFO     |     学习率: 0.00010000
2025-08-20 21:38:02 | INFO     |   验证指标(标准CE):
2025-08-20 21:38:02 | INFO     |     损失: 0.472178
2025-08-20 21:38:02 | INFO     |     准确率: 0.850536
2025-08-20 21:38:02 | INFO     |     F1(macro): 0.858146
2025-08-20 21:38:02 | INFO     |     F1(weighted): 0.855951
2025-08-20 21:38:02 | INFO     |     精确率: 0.896673
2025-08-20 21:38:02 | INFO     |     召回率: 0.856568
2025-08-20 21:38:02 | INFO     |   学习率调度器: f1_based
2025-08-20 21:38:02 | INFO     | ------------------------------------------------------------
2025-08-20 21:38:02 | INFO     | Epoch   9 | Train: Loss=0.4691, Acc=0.8494 | Val: Loss=0.4722, Acc=0.8505, F1=0.8560 | LR=0.000100 
2025-08-20 21:42:23 | INFO     | Epoch 10:
2025-08-20 21:42:23 | INFO     |   训练指标:
2025-08-20 21:42:23 | INFO     |     损失(ce): 0.446565
2025-08-20 21:42:23 | INFO     |     准确率: 0.859826
2025-08-20 21:42:23 | INFO     |     学习率: 0.00010000
2025-08-20 21:42:23 | INFO     |   验证指标(标准CE):
2025-08-20 21:42:23 | INFO     |     损失: 0.361002
2025-08-20 21:42:23 | INFO     |     准确率: 0.871984
2025-08-20 21:42:23 | INFO     |     F1(macro): 0.873132
2025-08-20 21:42:23 | INFO     |     F1(weighted): 0.867123
2025-08-20 21:42:23 | INFO     |     精确率: 0.884767
2025-08-20 21:42:23 | INFO     |     召回率: 0.881485
2025-08-20 21:42:23 | INFO     |   学习率调度器: f1_based
2025-08-20 21:42:23 | INFO     | ------------------------------------------------------------
2025-08-20 21:42:23 | INFO     | Epoch  10 | Train: Loss=0.4466, Acc=0.8598 | Val: Loss=0.3610, Acc=0.8720, F1=0.8671 | LR=0.000100 
2025-08-20 21:46:44 | INFO     | Epoch 11:
2025-08-20 21:46:44 | INFO     |   训练指标:
2025-08-20 21:46:44 | INFO     |     损失(ce): 0.423366
2025-08-20 21:46:44 | INFO     |     准确率: 0.865694
2025-08-20 21:46:44 | INFO     |     学习率: 0.00010000
2025-08-20 21:46:44 | INFO     |   验证指标(标准CE):
2025-08-20 21:46:44 | INFO     |     损失: 0.317613
2025-08-20 21:46:44 | INFO     |     准确率: 0.896113
2025-08-20 21:46:44 | INFO     |     F1(macro): 0.898619
2025-08-20 21:46:44 | INFO     |     F1(weighted): 0.896546
2025-08-20 21:46:44 | INFO     |     精确率: 0.916000
2025-08-20 21:46:44 | INFO     |     召回率: 0.899135
2025-08-20 21:46:44 | INFO     |   学习率调度器: f1_based
2025-08-20 21:46:44 | INFO     | ------------------------------------------------------------
2025-08-20 21:46:44 | INFO     | Epoch  11 | Train: Loss=0.4234, Acc=0.8657 | Val: Loss=0.3176, Acc=0.8961, F1=0.8965 | LR=0.000100 🏆 [最佳模型]
2025-08-20 21:51:06 | INFO     | Epoch 12:
2025-08-20 21:51:06 | INFO     |   训练指标:
2025-08-20 21:51:06 | INFO     |     损失(ce): 0.402119
2025-08-20 21:51:06 | INFO     |     准确率: 0.874413
2025-08-20 21:51:06 | INFO     |     学习率: 0.00010000
2025-08-20 21:51:06 | INFO     |   验证指标(标准CE):
2025-08-20 21:51:06 | INFO     |     损失: 0.381392
2025-08-20 21:51:06 | INFO     |     准确率: 0.874665
2025-08-20 21:51:06 | INFO     |     F1(macro): 0.878910
2025-08-20 21:51:06 | INFO     |     F1(weighted): 0.876773
2025-08-20 21:51:06 | INFO     |     精确率: 0.895560
2025-08-20 21:51:06 | INFO     |     召回率: 0.877982
2025-08-20 21:51:06 | INFO     |   学习率调度器: f1_based
2025-08-20 21:51:06 | INFO     | ------------------------------------------------------------
2025-08-20 21:51:06 | INFO     | Epoch  12 | Train: Loss=0.4021, Acc=0.8744 | Val: Loss=0.3814, Acc=0.8747, F1=0.8768 | LR=0.000100 
2025-08-20 21:55:27 | INFO     | Epoch 13:
2025-08-20 21:55:27 | INFO     |   训练指标:
2025-08-20 21:55:27 | INFO     |     损失(ce): 0.380762
2025-08-20 21:55:27 | INFO     |     准确率: 0.881455
2025-08-20 21:55:27 | INFO     |     学习率: 0.00010000
2025-08-20 21:55:27 | INFO     |   验证指标(标准CE):
2025-08-20 21:55:27 | INFO     |     损失: 0.282288
2025-08-20 21:55:27 | INFO     |     准确率: 0.915550
2025-08-20 21:55:27 | INFO     |     F1(macro): 0.920502
2025-08-20 21:55:27 | INFO     |     F1(weighted): 0.918626
2025-08-20 21:55:27 | INFO     |     精确率: 0.936583
2025-08-20 21:55:27 | INFO     |     召回率: 0.918182
2025-08-20 21:55:27 | INFO     |   学习率调度器: f1_based
2025-08-20 21:55:27 | INFO     | ------------------------------------------------------------
2025-08-20 21:55:27 | INFO     | Epoch  13 | Train: Loss=0.3808, Acc=0.8815 | Val: Loss=0.2823, Acc=0.9155, F1=0.9186 | LR=0.000100 🏆 [最佳模型]
2025-08-20 21:59:50 | INFO     | Epoch 14:
2025-08-20 21:59:50 | INFO     |   训练指标:
2025-08-20 21:59:50 | INFO     |     损失(ce): 0.378588
2025-08-20 21:59:50 | INFO     |     准确率: 0.880114
2025-08-20 21:59:50 | INFO     |     学习率: 0.00010000
2025-08-20 21:59:50 | INFO     |   验证指标(标准CE):
2025-08-20 21:59:50 | INFO     |     损失: 0.330951
2025-08-20 21:59:50 | INFO     |     准确率: 0.900134
2025-08-20 21:59:50 | INFO     |     F1(macro): 0.903145
2025-08-20 21:59:50 | INFO     |     F1(weighted): 0.900200
2025-08-20 21:59:50 | INFO     |     精确率: 0.922119
2025-08-20 21:59:50 | INFO     |     召回率: 0.902332
2025-08-20 21:59:50 | INFO     |   学习率调度器: f1_based
2025-08-20 21:59:50 | INFO     | ------------------------------------------------------------
2025-08-20 21:59:50 | INFO     | Epoch  14 | Train: Loss=0.3786, Acc=0.8801 | Val: Loss=0.3310, Acc=0.9001, F1=0.9002 | LR=0.000100 
2025-08-20 22:04:11 | INFO     | Epoch 15:
2025-08-20 22:04:11 | INFO     |   训练指标:
2025-08-20 22:04:11 | INFO     |     损失(ce): 0.358188
2025-08-20 22:04:11 | INFO     |     准确率: 0.890174
2025-08-20 22:04:11 | INFO     |     学习率: 0.00010000
2025-08-20 22:04:11 | INFO     |   验证指标(标准CE):
2025-08-20 22:04:11 | INFO     |     损失: 0.418005
2025-08-20 22:04:11 | INFO     |     准确率: 0.888070
2025-08-20 22:04:11 | INFO     |     F1(macro): 0.897891
2025-08-20 22:04:11 | INFO     |     F1(weighted): 0.895522
2025-08-20 22:04:11 | INFO     |     精确率: 0.926255
2025-08-20 22:04:11 | INFO     |     召回率: 0.890380
2025-08-20 22:04:11 | INFO     |   学习率调度器: f1_based
2025-08-20 22:04:11 | INFO     | ------------------------------------------------------------
2025-08-20 22:04:11 | INFO     | Epoch  15 | Train: Loss=0.3582, Acc=0.8902 | Val: Loss=0.4180, Acc=0.8881, F1=0.8955 | LR=0.000100 
2025-08-20 22:08:32 | INFO     | Epoch 16:
2025-08-20 22:08:32 | INFO     |   训练指标:
2025-08-20 22:08:32 | INFO     |     损失(ce): 0.336511
2025-08-20 22:08:32 | INFO     |     准确率: 0.893696
2025-08-20 22:08:32 | INFO     |     学习率: 0.00010000
2025-08-20 22:08:32 | INFO     |   验证指标(标准CE):
2025-08-20 22:08:32 | INFO     |     损失: 0.205220
2025-08-20 22:08:32 | INFO     |     准确率: 0.937668
2025-08-20 22:08:32 | INFO     |     F1(macro): 0.940600
2025-08-20 22:08:32 | INFO     |     F1(weighted): 0.940022
2025-08-20 22:08:32 | INFO     |     精确率: 0.955987
2025-08-20 22:08:32 | INFO     |     召回率: 0.939860
2025-08-20 22:08:32 | INFO     |   学习率调度器: f1_based
2025-08-20 22:08:32 | INFO     | ------------------------------------------------------------
2025-08-20 22:08:32 | INFO     | Epoch  16 | Train: Loss=0.3365, Acc=0.8937 | Val: Loss=0.2052, Acc=0.9377, F1=0.9400 | LR=0.000100 🏆 [最佳模型]
2025-08-20 22:12:53 | INFO     | Epoch 17:
2025-08-20 22:12:53 | INFO     |   训练指标:
2025-08-20 22:12:53 | INFO     |     损失(ce): 0.337506
2025-08-20 22:12:53 | INFO     |     准确率: 0.896546
2025-08-20 22:12:53 | INFO     |     学习率: 0.00010000
2025-08-20 22:12:53 | INFO     |   验证指标(标准CE):
2025-08-20 22:12:53 | INFO     |     损失: 0.306346
2025-08-20 22:12:53 | INFO     |     准确率: 0.902815
2025-08-20 22:12:53 | INFO     |     F1(macro): 0.911988
2025-08-20 22:12:53 | INFO     |     F1(weighted): 0.909762
2025-08-20 22:12:53 | INFO     |     精确率: 0.937649
2025-08-20 22:12:53 | INFO     |     召回率: 0.907601
2025-08-20 22:12:53 | INFO     |   学习率调度器: f1_based
2025-08-20 22:12:53 | INFO     | ------------------------------------------------------------
2025-08-20 22:12:53 | INFO     | Epoch  17 | Train: Loss=0.3375, Acc=0.8965 | Val: Loss=0.3063, Acc=0.9028, F1=0.9098 | LR=0.000100 
2025-08-20 22:17:14 | INFO     | Epoch 18:
2025-08-20 22:17:14 | INFO     |   训练指标:
2025-08-20 22:17:14 | INFO     |     损失(ce): 0.342248
2025-08-20 22:17:14 | INFO     |     准确率: 0.899732
2025-08-20 22:17:14 | INFO     |     学习率: 0.00010000
2025-08-20 22:17:14 | INFO     |   验证指标(标准CE):
2025-08-20 22:17:14 | INFO     |     损失: 0.329917
2025-08-20 22:17:14 | INFO     |     准确率: 0.907507
2025-08-20 22:17:14 | INFO     |     F1(macro): 0.914991
2025-08-20 22:17:14 | INFO     |     F1(weighted): 0.912736
2025-08-20 22:17:14 | INFO     |     精确率: 0.934889
2025-08-20 22:17:14 | INFO     |     召回率: 0.910246
2025-08-20 22:17:14 | INFO     |   学习率调度器: f1_based
2025-08-20 22:17:14 | INFO     | ------------------------------------------------------------
2025-08-20 22:17:14 | INFO     | Epoch  18 | Train: Loss=0.3422, Acc=0.8997 | Val: Loss=0.3299, Acc=0.9075, F1=0.9127 | LR=0.000100 
2025-08-20 22:21:35 | INFO     | Epoch 19:
2025-08-20 22:21:35 | INFO     |   训练指标:
2025-08-20 22:21:35 | INFO     |     损失(ce): 0.323834
2025-08-20 22:21:35 | INFO     |     准确率: 0.902079
2025-08-20 22:21:35 | INFO     |     学习率: 0.00010000
2025-08-20 22:21:35 | INFO     |   验证指标(标准CE):
2025-08-20 22:21:35 | INFO     |     损失: 0.224049
2025-08-20 22:21:35 | INFO     |     准确率: 0.928284
2025-08-20 22:21:35 | INFO     |     F1(macro): 0.935335
2025-08-20 22:21:35 | INFO     |     F1(weighted): 0.931513
2025-08-20 22:21:35 | INFO     |     精确率: 0.945468
2025-08-20 22:21:35 | INFO     |     召回率: 0.933164
2025-08-20 22:21:35 | INFO     |   学习率调度器: f1_based
2025-08-20 22:21:35 | INFO     | ------------------------------------------------------------
2025-08-20 22:21:35 | INFO     | Epoch  19 | Train: Loss=0.3238, Acc=0.9021 | Val: Loss=0.2240, Acc=0.9283, F1=0.9315 | LR=0.000100 
2025-08-20 22:25:57 | INFO     | Epoch 20:
2025-08-20 22:25:57 | INFO     |   训练指标:
2025-08-20 22:25:57 | INFO     |     损失(ce): 0.306464
2025-08-20 22:25:57 | INFO     |     准确率: 0.904594
2025-08-20 22:25:57 | INFO     |     学习率: 0.00010000
2025-08-20 22:25:57 | INFO     |   验证指标(标准CE):
2025-08-20 22:25:57 | INFO     |     损失: 0.373828
2025-08-20 22:25:57 | INFO     |     准确率: 0.898123
2025-08-20 22:25:57 | INFO     |     F1(macro): 0.901238
2025-08-20 22:25:57 | INFO     |     F1(weighted): 0.899767
2025-08-20 22:25:57 | INFO     |     精确率: 0.922468
2025-08-20 22:25:57 | INFO     |     召回率: 0.899391
2025-08-20 22:25:57 | INFO     |   学习率调度器: f1_based
2025-08-20 22:25:57 | INFO     | ------------------------------------------------------------
2025-08-20 22:25:57 | INFO     | Epoch  20 | Train: Loss=0.3065, Acc=0.9046 | Val: Loss=0.3738, Acc=0.8981, F1=0.8998 | LR=0.000100 
2025-08-20 22:30:18 | INFO     | Epoch 21:
2025-08-20 22:30:18 | INFO     |   训练指标:
2025-08-20 22:30:18 | INFO     |     损失(ce): 0.304668
2025-08-20 22:30:18 | INFO     |     准确率: 0.905600
2025-08-20 22:30:18 | INFO     |     学习率: 0.00010000
2025-08-20 22:30:18 | INFO     |   验证指标(标准CE):
2025-08-20 22:30:18 | INFO     |     损失: 0.349946
2025-08-20 22:30:18 | INFO     |     准确率: 0.890751
2025-08-20 22:30:18 | INFO     |     F1(macro): 0.894995
2025-08-20 22:30:18 | INFO     |     F1(weighted): 0.891207
2025-08-20 22:30:18 | INFO     |     精确率: 0.918091
2025-08-20 22:30:18 | INFO     |     召回率: 0.897788
2025-08-20 22:30:18 | INFO     |   学习率调度器: f1_based
2025-08-20 22:30:18 | INFO     | ------------------------------------------------------------
2025-08-20 22:30:18 | INFO     | Epoch  21 | Train: Loss=0.3047, Acc=0.9056 | Val: Loss=0.3499, Acc=0.8908, F1=0.8912 | LR=0.000100 
2025-08-20 22:34:39 | INFO     | Epoch 22:
2025-08-20 22:34:39 | INFO     |   训练指标:
2025-08-20 22:34:39 | INFO     |     损失(ce): 0.308182
2025-08-20 22:34:39 | INFO     |     准确率: 0.905265
2025-08-20 22:34:39 | INFO     |     学习率: 0.00010000
2025-08-20 22:34:39 | INFO     |   验证指标(标准CE):
2025-08-20 22:34:39 | INFO     |     损失: 0.292852
2025-08-20 22:34:39 | INFO     |     准确率: 0.912869
2025-08-20 22:34:39 | INFO     |     F1(macro): 0.918543
2025-08-20 22:34:39 | INFO     |     F1(weighted): 0.915785
2025-08-20 22:34:39 | INFO     |     精确率: 0.932321
2025-08-20 22:34:39 | INFO     |     召回率: 0.917277
2025-08-20 22:34:39 | INFO     |   学习率调度器: f1_based
2025-08-20 22:34:39 | INFO     | ------------------------------------------------------------
2025-08-20 22:34:39 | INFO     | Epoch  22 | Train: Loss=0.3082, Acc=0.9053 | Val: Loss=0.2929, Acc=0.9129, F1=0.9158 | LR=0.000100 
2025-08-20 22:38:59 | INFO     | Epoch 23:
2025-08-20 22:38:59 | INFO     |   训练指标:
2025-08-20 22:38:59 | INFO     |     损失(ce): 0.294149
2025-08-20 22:38:59 | INFO     |     准确率: 0.910966
2025-08-20 22:38:59 | INFO     |     学习率: 0.00010000
2025-08-20 22:38:59 | INFO     |   验证指标(标准CE):
2025-08-20 22:38:59 | INFO     |     损失: 0.265908
2025-08-20 22:38:59 | INFO     |     准确率: 0.924933
2025-08-20 22:38:59 | INFO     |     F1(macro): 0.930543
2025-08-20 22:38:59 | INFO     |     F1(weighted): 0.928071
2025-08-20 22:38:59 | INFO     |     精确率: 0.951165
2025-08-20 22:38:59 | INFO     |     召回率: 0.931003
2025-08-20 22:38:59 | INFO     |   学习率调度器: f1_based
2025-08-20 22:38:59 | INFO     | ------------------------------------------------------------
2025-08-20 22:38:59 | INFO     | Epoch  23 | Train: Loss=0.2941, Acc=0.9110 | Val: Loss=0.2659, Acc=0.9249, F1=0.9281 | LR=0.000100 
2025-08-20 22:43:21 | INFO     | Epoch 24:
2025-08-20 22:43:21 | INFO     |   训练指标:
2025-08-20 22:43:21 | INFO     |     损失(ce): 0.306772
2025-08-20 22:43:21 | INFO     |     准确率: 0.906942
2025-08-20 22:43:21 | INFO     |     学习率: 0.00010000
2025-08-20 22:43:21 | INFO     |   验证指标(标准CE):
2025-08-20 22:43:21 | INFO     |     损失: 0.232807
2025-08-20 22:43:21 | INFO     |     准确率: 0.922922
2025-08-20 22:43:21 | INFO     |     F1(macro): 0.920951
2025-08-20 22:43:21 | INFO     |     F1(weighted): 0.916760
2025-08-20 22:43:21 | INFO     |     精确率: 0.935141
2025-08-20 22:43:21 | INFO     |     召回率: 0.929124
2025-08-20 22:43:21 | INFO     |   学习率调度器: f1_based
2025-08-20 22:43:21 | INFO     | ------------------------------------------------------------
2025-08-20 22:43:21 | INFO     | 🎯 学习率调整事件:
2025-08-20 22:43:21 | INFO     |   调度器类型: f1_based
2025-08-20 22:43:21 | INFO     |   学习率变化: 0.00010000 → 0.00005000
2025-08-20 22:43:21 | INFO     |   触发条件: F1分数 = 0.916760
2025-08-20 22:43:21 | INFO     |   变化幅度: -50.00%
2025-08-20 22:43:21 | INFO     | ------------------------------------------------------------
2025-08-20 22:43:21 | INFO     | Epoch  24 | Train: Loss=0.3068, Acc=0.9069 | Val: Loss=0.2328, Acc=0.9229, F1=0.9168 | LR=0.000050 
2025-08-20 22:47:42 | INFO     | Epoch 25:
2025-08-20 22:47:42 | INFO     |   训练指标:
2025-08-20 22:47:42 | INFO     |     损失(ce): 0.193186
2025-08-20 22:47:42 | INFO     |     准确率: 0.936452
2025-08-20 22:47:42 | INFO     |     学习率: 0.00005000
2025-08-20 22:47:42 | INFO     |   验证指标(标准CE):
2025-08-20 22:47:42 | INFO     |     损失: 0.166569
2025-08-20 22:47:42 | INFO     |     准确率: 0.942359
2025-08-20 22:47:42 | INFO     |     F1(macro): 0.944410
2025-08-20 22:47:42 | INFO     |     F1(weighted): 0.942793
2025-08-20 22:47:42 | INFO     |     精确率: 0.950673
2025-08-20 22:47:42 | INFO     |     召回率: 0.946418
2025-08-20 22:47:42 | INFO     |   学习率调度器: f1_based
2025-08-20 22:47:42 | INFO     | ------------------------------------------------------------
2025-08-20 22:47:42 | INFO     | Epoch  25 | Train: Loss=0.1932, Acc=0.9365 | Val: Loss=0.1666, Acc=0.9424, F1=0.9428 | LR=0.000050 🏆 [最佳模型]
2025-08-20 22:52:03 | INFO     | Epoch 26:
2025-08-20 22:52:03 | INFO     |   训练指标:
2025-08-20 22:52:03 | INFO     |     损失(ce): 0.166847
2025-08-20 22:52:03 | INFO     |     准确率: 0.948524
2025-08-20 22:52:03 | INFO     |     学习率: 0.00005000
2025-08-20 22:52:03 | INFO     |   验证指标(标准CE):
2025-08-20 22:52:03 | INFO     |     损失: 0.184675
2025-08-20 22:52:03 | INFO     |     准确率: 0.947721
2025-08-20 22:52:03 | INFO     |     F1(macro): 0.950015
2025-08-20 22:52:03 | INFO     |     F1(weighted): 0.948697
2025-08-20 22:52:03 | INFO     |     精确率: 0.957490
2025-08-20 22:52:03 | INFO     |     召回率: 0.951542
2025-08-20 22:52:03 | INFO     |   学习率调度器: f1_based
2025-08-20 22:52:03 | INFO     | ------------------------------------------------------------
2025-08-20 22:52:03 | INFO     | Epoch  26 | Train: Loss=0.1668, Acc=0.9485 | Val: Loss=0.1847, Acc=0.9477, F1=0.9487 | LR=0.000050 🏆 [最佳模型]
2025-08-20 22:56:24 | INFO     | Epoch 27:
2025-08-20 22:56:24 | INFO     |   训练指标:
2025-08-20 22:56:24 | INFO     |     损失(ce): 0.158847
2025-08-20 22:56:24 | INFO     |     准确率: 0.948860
2025-08-20 22:56:24 | INFO     |     学习率: 0.00005000
2025-08-20 22:56:24 | INFO     |   验证指标(标准CE):
2025-08-20 22:56:24 | INFO     |     损失: 0.305052
2025-08-20 22:56:24 | INFO     |     准确率: 0.933646
2025-08-20 22:56:24 | INFO     |     F1(macro): 0.939362
2025-08-20 22:56:24 | INFO     |     F1(weighted): 0.937245
2025-08-20 22:56:24 | INFO     |     精确率: 0.955786
2025-08-20 22:56:24 | INFO     |     召回率: 0.938039
2025-08-20 22:56:24 | INFO     |   学习率调度器: f1_based
2025-08-20 22:56:24 | INFO     | ------------------------------------------------------------
2025-08-20 22:56:24 | INFO     | Epoch  27 | Train: Loss=0.1588, Acc=0.9489 | Val: Loss=0.3051, Acc=0.9336, F1=0.9372 | LR=0.000050 
2025-08-20 23:00:45 | INFO     | Epoch 28:
2025-08-20 23:00:45 | INFO     |   训练指标:
2025-08-20 23:00:45 | INFO     |     损失(ce): 0.176079
2025-08-20 23:00:45 | INFO     |     准确率: 0.946848
2025-08-20 23:00:45 | INFO     |     学习率: 0.00005000
2025-08-20 23:00:45 | INFO     |   验证指标(标准CE):
2025-08-20 23:00:45 | INFO     |     损失: 0.160279
2025-08-20 23:00:45 | INFO     |     准确率: 0.954424
2025-08-20 23:00:45 | INFO     |     F1(macro): 0.956424
2025-08-20 23:00:45 | INFO     |     F1(weighted): 0.955815
2025-08-20 23:00:45 | INFO     |     精确率: 0.963945
2025-08-20 23:00:45 | INFO     |     召回率: 0.957038
2025-08-20 23:00:45 | INFO     |   学习率调度器: f1_based
2025-08-20 23:00:45 | INFO     | ------------------------------------------------------------
2025-08-20 23:00:45 | INFO     | Epoch  28 | Train: Loss=0.1761, Acc=0.9468 | Val: Loss=0.1603, Acc=0.9544, F1=0.9558 | LR=0.000050 🏆 [最佳模型]
2025-08-20 23:05:06 | INFO     | Epoch 29:
2025-08-20 23:05:06 | INFO     |   训练指标:
2025-08-20 23:05:06 | INFO     |     损失(ce): 0.175378
2025-08-20 23:05:06 | INFO     |     准确率: 0.948524
2025-08-20 23:05:06 | INFO     |     学习率: 0.00005000
2025-08-20 23:05:06 | INFO     |   验证指标(标准CE):
2025-08-20 23:05:06 | INFO     |     损失: 0.276510
2025-08-20 23:05:06 | INFO     |     准确率: 0.935657
2025-08-20 23:05:06 | INFO     |     F1(macro): 0.937694
2025-08-20 23:05:06 | INFO     |     F1(weighted): 0.935565
2025-08-20 23:05:06 | INFO     |     精确率: 0.954297
2025-08-20 23:05:06 | INFO     |     召回率: 0.940614
2025-08-20 23:05:06 | INFO     |   学习率调度器: f1_based
2025-08-20 23:05:06 | INFO     | ------------------------------------------------------------
2025-08-20 23:05:06 | INFO     | Epoch  29 | Train: Loss=0.1754, Acc=0.9485 | Val: Loss=0.2765, Acc=0.9357, F1=0.9356 | LR=0.000050 
2025-08-20 23:09:28 | INFO     | Epoch 30:
2025-08-20 23:09:28 | INFO     |   训练指标:
2025-08-20 23:09:28 | INFO     |     损失(ce): 0.183451
2025-08-20 23:09:28 | INFO     |     准确率: 0.944668
2025-08-20 23:09:28 | INFO     |     学习率: 0.00005000
2025-08-20 23:09:28 | INFO     |   验证指标(标准CE):
2025-08-20 23:09:28 | INFO     |     损失: 0.111856
2025-08-20 23:09:28 | INFO     |     准确率: 0.967828
2025-08-20 23:09:28 | INFO     |     F1(macro): 0.968733
2025-08-20 23:09:28 | INFO     |     F1(weighted): 0.967821
2025-08-20 23:09:28 | INFO     |     精确率: 0.973043
2025-08-20 23:09:28 | INFO     |     召回率: 0.968171
2025-08-20 23:09:28 | INFO     |   学习率调度器: f1_based
2025-08-20 23:09:28 | INFO     | ------------------------------------------------------------
2025-08-20 23:09:28 | INFO     | Epoch  30 | Train: Loss=0.1835, Acc=0.9447 | Val: Loss=0.1119, Acc=0.9678, F1=0.9678 | LR=0.000050 🏆 [最佳模型]
2025-08-20 23:13:50 | INFO     | Epoch 31:
2025-08-20 23:13:50 | INFO     |   训练指标:
2025-08-20 23:13:50 | INFO     |     损失(ce): 0.185304
2025-08-20 23:13:50 | INFO     |     准确率: 0.945171
2025-08-20 23:13:50 | INFO     |     学习率: 0.00005000
2025-08-20 23:13:50 | INFO     |   验证指标(标准CE):
2025-08-20 23:13:50 | INFO     |     损失: 0.145405
2025-08-20 23:13:50 | INFO     |     准确率: 0.961126
2025-08-20 23:13:50 | INFO     |     F1(macro): 0.962622
2025-08-20 23:13:50 | INFO     |     F1(weighted): 0.961815
2025-08-20 23:13:50 | INFO     |     精确率: 0.968668
2025-08-20 23:13:50 | INFO     |     召回率: 0.962335
2025-08-20 23:13:50 | INFO     |   学习率调度器: f1_based
2025-08-20 23:13:50 | INFO     | ------------------------------------------------------------
2025-08-20 23:13:50 | INFO     | Epoch  31 | Train: Loss=0.1853, Acc=0.9452 | Val: Loss=0.1454, Acc=0.9611, F1=0.9618 | LR=0.000050 
2025-08-20 23:18:09 | INFO     | Epoch 32:
2025-08-20 23:18:09 | INFO     |   训练指标:
2025-08-20 23:18:09 | INFO     |     损失(ce): 0.169656
2025-08-20 23:18:09 | INFO     |     准确率: 0.948357
2025-08-20 23:18:09 | INFO     |     学习率: 0.00005000
2025-08-20 23:18:09 | INFO     |   验证指标(标准CE):
2025-08-20 23:18:09 | INFO     |     损失: 0.164287
2025-08-20 23:18:09 | INFO     |     准确率: 0.946381
2025-08-20 23:18:09 | INFO     |     F1(macro): 0.948342
2025-08-20 23:18:09 | INFO     |     F1(weighted): 0.946675
2025-08-20 23:18:09 | INFO     |     精确率: 0.954794
2025-08-20 23:18:09 | INFO     |     召回率: 0.949996
2025-08-20 23:18:09 | INFO     |   学习率调度器: f1_based
2025-08-20 23:18:09 | INFO     | ------------------------------------------------------------
2025-08-20 23:18:09 | INFO     | Epoch  32 | Train: Loss=0.1697, Acc=0.9484 | Val: Loss=0.1643, Acc=0.9464, F1=0.9467 | LR=0.000050 
2025-08-20 23:22:28 | INFO     | Epoch 33:
2025-08-20 23:22:28 | INFO     |   训练指标:
2025-08-20 23:22:28 | INFO     |     损失(ce): 0.168803
2025-08-20 23:22:28 | INFO     |     准确率: 0.950537
2025-08-20 23:22:28 | INFO     |     学习率: 0.00005000
2025-08-20 23:22:28 | INFO     |   验证指标(标准CE):
2025-08-20 23:22:28 | INFO     |     损失: 0.175271
2025-08-20 23:22:28 | INFO     |     准确率: 0.951743
2025-08-20 23:22:28 | INFO     |     F1(macro): 0.954513
2025-08-20 23:22:28 | INFO     |     F1(weighted): 0.952662
2025-08-20 23:22:28 | INFO     |     精确率: 0.959953
2025-08-20 23:22:28 | INFO     |     召回率: 0.952855
2025-08-20 23:22:28 | INFO     |   学习率调度器: f1_based
2025-08-20 23:22:28 | INFO     | ------------------------------------------------------------
2025-08-20 23:22:28 | INFO     | Epoch  33 | Train: Loss=0.1688, Acc=0.9505 | Val: Loss=0.1753, Acc=0.9517, F1=0.9527 | LR=0.000050 
2025-08-20 23:26:46 | INFO     | Epoch 34:
2025-08-20 23:26:46 | INFO     |   训练指标:
2025-08-20 23:26:46 | INFO     |     损失(ce): 0.158220
2025-08-20 23:26:46 | INFO     |     准确率: 0.952381
2025-08-20 23:26:46 | INFO     |     学习率: 0.00005000
2025-08-20 23:26:46 | INFO     |   验证指标(标准CE):
2025-08-20 23:26:46 | INFO     |     损失: 0.147117
2025-08-20 23:26:46 | INFO     |     准确率: 0.958445
2025-08-20 23:26:46 | INFO     |     F1(macro): 0.959142
2025-08-20 23:26:46 | INFO     |     F1(weighted): 0.958030
2025-08-20 23:26:46 | INFO     |     精确率: 0.962993
2025-08-20 23:26:46 | INFO     |     召回率: 0.959325
2025-08-20 23:26:46 | INFO     |   学习率调度器: f1_based
2025-08-20 23:26:46 | INFO     | ------------------------------------------------------------
2025-08-20 23:26:46 | INFO     | Epoch  34 | Train: Loss=0.1582, Acc=0.9524 | Val: Loss=0.1471, Acc=0.9584, F1=0.9580 | LR=0.000050 
2025-08-20 23:31:05 | INFO     | Epoch 35:
2025-08-20 23:31:05 | INFO     |   训练指标:
2025-08-20 23:31:05 | INFO     |     损失(ce): 0.166840
2025-08-20 23:31:05 | INFO     |     准确率: 0.951207
2025-08-20 23:31:05 | INFO     |     学习率: 0.00005000
2025-08-20 23:31:05 | INFO     |   验证指标(标准CE):
2025-08-20 23:31:05 | INFO     |     损失: 0.184089
2025-08-20 23:31:05 | INFO     |     准确率: 0.948391
2025-08-20 23:31:05 | INFO     |     F1(macro): 0.951211
2025-08-20 23:31:05 | INFO     |     F1(weighted): 0.949282
2025-08-20 23:31:05 | INFO     |     精确率: 0.959524
2025-08-20 23:31:05 | INFO     |     召回率: 0.952017
2025-08-20 23:31:05 | INFO     |   学习率调度器: f1_based
2025-08-20 23:31:05 | INFO     | ------------------------------------------------------------
2025-08-20 23:31:05 | INFO     | Epoch  35 | Train: Loss=0.1668, Acc=0.9512 | Val: Loss=0.1841, Acc=0.9484, F1=0.9493 | LR=0.000050 
2025-08-20 23:35:24 | INFO     | Epoch 36:
2025-08-20 23:35:24 | INFO     |   训练指标:
2025-08-20 23:35:24 | INFO     |     损失(ce): 0.164386
2025-08-20 23:35:24 | INFO     |     准确率: 0.950704
2025-08-20 23:35:24 | INFO     |     学习率: 0.00005000
2025-08-20 23:35:24 | INFO     |   验证指标(标准CE):
2025-08-20 23:35:24 | INFO     |     损失: 0.144018
2025-08-20 23:35:24 | INFO     |     准确率: 0.951072
2025-08-20 23:35:24 | INFO     |     F1(macro): 0.953465
2025-08-20 23:35:24 | INFO     |     F1(weighted): 0.951491
2025-08-20 23:35:24 | INFO     |     精确率: 0.959149
2025-08-20 23:35:24 | INFO     |     召回率: 0.955172
2025-08-20 23:35:24 | INFO     |   学习率调度器: f1_based
2025-08-20 23:35:24 | INFO     | ------------------------------------------------------------
2025-08-20 23:35:24 | INFO     | Epoch  36 | Train: Loss=0.1644, Acc=0.9507 | Val: Loss=0.1440, Acc=0.9511, F1=0.9515 | LR=0.000050 
2025-08-20 23:39:42 | INFO     | Epoch 37:
2025-08-20 23:39:42 | INFO     |   训练指标:
2025-08-20 23:39:42 | INFO     |     损失(ce): 0.169249
2025-08-20 23:39:42 | INFO     |     准确率: 0.953219
2025-08-20 23:39:42 | INFO     |     学习率: 0.00005000
2025-08-20 23:39:42 | INFO     |   验证指标(标准CE):
2025-08-20 23:39:42 | INFO     |     损失: 0.156182
2025-08-20 23:39:42 | INFO     |     准确率: 0.959115
2025-08-20 23:39:42 | INFO     |     F1(macro): 0.961818
2025-08-20 23:39:42 | INFO     |     F1(weighted): 0.959958
2025-08-20 23:39:42 | INFO     |     精确率: 0.968752
2025-08-20 23:39:42 | INFO     |     召回率: 0.960670
2025-08-20 23:39:42 | INFO     |   学习率调度器: f1_based
2025-08-20 23:39:42 | INFO     | ------------------------------------------------------------
2025-08-20 23:39:42 | INFO     | Epoch  37 | Train: Loss=0.1692, Acc=0.9532 | Val: Loss=0.1562, Acc=0.9591, F1=0.9600 | LR=0.000050 
2025-08-20 23:44:01 | INFO     | Epoch 38:
2025-08-20 23:44:01 | INFO     |   训练指标:
2025-08-20 23:44:01 | INFO     |     损失(ce): 0.169503
2025-08-20 23:44:01 | INFO     |     准确率: 0.952046
2025-08-20 23:44:01 | INFO     |     学习率: 0.00005000
2025-08-20 23:44:01 | INFO     |   验证指标(标准CE):
2025-08-20 23:44:01 | INFO     |     损失: 0.107409
2025-08-20 23:44:01 | INFO     |     准确率: 0.964477
2025-08-20 23:44:01 | INFO     |     F1(macro): 0.965027
2025-08-20 23:44:01 | INFO     |     F1(weighted): 0.963971
2025-08-20 23:44:01 | INFO     |     精确率: 0.968065
2025-08-20 23:44:01 | INFO     |     召回率: 0.966656
2025-08-20 23:44:01 | INFO     |   学习率调度器: f1_based
2025-08-20 23:44:01 | INFO     | ------------------------------------------------------------
2025-08-20 23:44:01 | INFO     | 🎯 学习率调整事件:
2025-08-20 23:44:01 | INFO     |   调度器类型: f1_based
2025-08-20 23:44:01 | INFO     |   学习率变化: 0.00005000 → 0.00002500
2025-08-20 23:44:01 | INFO     |   触发条件: F1分数 = 0.963971
2025-08-20 23:44:01 | INFO     |   变化幅度: -50.00%
2025-08-20 23:44:01 | INFO     | ------------------------------------------------------------
2025-08-20 23:44:01 | INFO     | Epoch  38 | Train: Loss=0.1695, Acc=0.9520 | Val: Loss=0.1074, Acc=0.9645, F1=0.9640 | LR=0.000025 
2025-08-20 23:48:20 | INFO     | Epoch 39:
2025-08-20 23:48:20 | INFO     |   训练指标:
2025-08-20 23:48:20 | INFO     |     损失(ce): 0.107698
2025-08-20 23:48:20 | INFO     |     准确率: 0.964286
2025-08-20 23:48:20 | INFO     |     学习率: 0.00002500
2025-08-20 23:48:20 | INFO     |   验证指标(标准CE):
2025-08-20 23:48:20 | INFO     |     损失: 0.150438
2025-08-20 23:48:20 | INFO     |     准确率: 0.963137
2025-08-20 23:48:20 | INFO     |     F1(macro): 0.964931
2025-08-20 23:48:20 | INFO     |     F1(weighted): 0.963311
2025-08-20 23:48:20 | INFO     |     精确率: 0.970474
2025-08-20 23:48:20 | INFO     |     召回率: 0.964040
2025-08-20 23:48:20 | INFO     |   学习率调度器: f1_based
2025-08-20 23:48:20 | INFO     | ------------------------------------------------------------
2025-08-20 23:48:20 | INFO     | Epoch  39 | Train: Loss=0.1077, Acc=0.9643 | Val: Loss=0.1504, Acc=0.9631, F1=0.9633 | LR=0.000025 
2025-08-20 23:52:39 | INFO     | Epoch 40:
2025-08-20 23:52:39 | INFO     |   训练指标:
2025-08-20 23:52:39 | INFO     |     损失(ce): 0.102920
2025-08-20 23:52:39 | INFO     |     准确率: 0.965124
2025-08-20 23:52:39 | INFO     |     学习率: 0.00002500
2025-08-20 23:52:39 | INFO     |   验证指标(标准CE):
2025-08-20 23:52:39 | INFO     |     损失: 0.100622
2025-08-20 23:52:39 | INFO     |     准确率: 0.970509
2025-08-20 23:52:39 | INFO     |     F1(macro): 0.971255
2025-08-20 23:52:39 | INFO     |     F1(weighted): 0.970053
2025-08-20 23:52:39 | INFO     |     精确率: 0.974525
2025-08-20 23:52:39 | INFO     |     召回率: 0.972737
2025-08-20 23:52:39 | INFO     |   学习率调度器: f1_based
2025-08-20 23:52:39 | INFO     | ------------------------------------------------------------
2025-08-20 23:52:39 | INFO     | Epoch  40 | Train: Loss=0.1029, Acc=0.9651 | Val: Loss=0.1006, Acc=0.9705, F1=0.9701 | LR=0.000025 🏆 [最佳模型]
2025-08-20 23:56:58 | INFO     | Epoch 41:
2025-08-20 23:56:58 | INFO     |   训练指标:
2025-08-20 23:56:58 | INFO     |     损失(ce): 0.103610
2025-08-20 23:56:58 | INFO     |     准确率: 0.964453
2025-08-20 23:56:58 | INFO     |     学习率: 0.00002500
2025-08-20 23:56:58 | INFO     |   验证指标(标准CE):
2025-08-20 23:56:58 | INFO     |     损失: 0.179742
2025-08-20 23:56:58 | INFO     |     准确率: 0.949732
2025-08-20 23:56:58 | INFO     |     F1(macro): 0.952296
2025-08-20 23:56:58 | INFO     |     F1(weighted): 0.950262
2025-08-20 23:56:58 | INFO     |     精确率: 0.957654
2025-08-20 23:56:58 | INFO     |     召回率: 0.954012
2025-08-20 23:56:58 | INFO     |   学习率调度器: f1_based
2025-08-20 23:56:58 | INFO     | ------------------------------------------------------------
2025-08-20 23:56:58 | INFO     | Epoch  41 | Train: Loss=0.1036, Acc=0.9645 | Val: Loss=0.1797, Acc=0.9497, F1=0.9503 | LR=0.000025 
2025-08-21 00:01:17 | INFO     | Epoch 42:
2025-08-21 00:01:17 | INFO     |   训练指标:
2025-08-21 00:01:17 | INFO     |     损失(ce): 0.110238
2025-08-21 00:01:17 | INFO     |     准确率: 0.967304
2025-08-21 00:01:17 | INFO     |     学习率: 0.00002500
2025-08-21 00:01:17 | INFO     |   验证指标(标准CE):
2025-08-21 00:01:17 | INFO     |     损失: 0.101097
2025-08-21 00:01:17 | INFO     |     准确率: 0.969169
2025-08-21 00:01:17 | INFO     |     F1(macro): 0.970253
2025-08-21 00:01:17 | INFO     |     F1(weighted): 0.969177
2025-08-21 00:01:17 | INFO     |     精确率: 0.974350
2025-08-21 00:01:17 | INFO     |     召回率: 0.971020
2025-08-21 00:01:17 | INFO     |   学习率调度器: f1_based
2025-08-21 00:01:17 | INFO     | ------------------------------------------------------------
2025-08-21 00:01:17 | INFO     | Epoch  42 | Train: Loss=0.1102, Acc=0.9673 | Val: Loss=0.1011, Acc=0.9692, F1=0.9692 | LR=0.000025 
2025-08-21 00:05:35 | INFO     | Epoch 43:
2025-08-21 00:05:35 | INFO     |   训练指标:
2025-08-21 00:05:35 | INFO     |     损失(ce): 0.107824
2025-08-21 00:05:35 | INFO     |     准确率: 0.966633
2025-08-21 00:05:35 | INFO     |     学习率: 0.00002500
2025-08-21 00:05:35 | INFO     |   验证指标(标准CE):
2025-08-21 00:05:35 | INFO     |     损失: 0.121200
2025-08-21 00:05:35 | INFO     |     准确率: 0.973190
2025-08-21 00:05:35 | INFO     |     F1(macro): 0.974093
2025-08-21 00:05:35 | INFO     |     F1(weighted): 0.973282
2025-08-21 00:05:35 | INFO     |     精确率: 0.977288
2025-08-21 00:05:35 | INFO     |     召回率: 0.974429
2025-08-21 00:05:35 | INFO     |   学习率调度器: f1_based
2025-08-21 00:05:35 | INFO     | ------------------------------------------------------------
2025-08-21 00:05:35 | INFO     | Epoch  43 | Train: Loss=0.1078, Acc=0.9666 | Val: Loss=0.1212, Acc=0.9732, F1=0.9733 | LR=0.000025 🏆 [最佳模型]
2025-08-21 00:09:55 | INFO     | Epoch 44:
2025-08-21 00:09:55 | INFO     |   训练指标:
2025-08-21 00:09:55 | INFO     |     损失(ce): 0.094424
2025-08-21 00:09:55 | INFO     |     准确率: 0.968813
2025-08-21 00:09:55 | INFO     |     学习率: 0.00002500
2025-08-21 00:09:55 | INFO     |   验证指标(标准CE):
2025-08-21 00:09:55 | INFO     |     损失: 0.095626
2025-08-21 00:09:55 | INFO     |     准确率: 0.972520
2025-08-21 00:09:55 | INFO     |     F1(macro): 0.973386
2025-08-21 00:09:55 | INFO     |     F1(weighted): 0.972320
2025-08-21 00:09:55 | INFO     |     精确率: 0.977003
2025-08-21 00:09:55 | INFO     |     召回率: 0.974189
2025-08-21 00:09:55 | INFO     |   学习率调度器: f1_based
2025-08-21 00:09:55 | INFO     | ------------------------------------------------------------
2025-08-21 00:09:55 | INFO     | Epoch  44 | Train: Loss=0.0944, Acc=0.9688 | Val: Loss=0.0956, Acc=0.9725, F1=0.9723 | LR=0.000025 
