2025-07-09 17:07:30 | INFO     | ================================================================================
2025-07-09 17:07:30 | INFO     | 实验日志开始: DualGAF_DDAHU_DualGAFNet_dilated_enhanced_sl96_step96_fd128_extractor-dilated_gaf-adaptive_attention-channel_classifier-mlp_stat-basic_fusion-concat
2025-07-09 17:07:30 | INFO     | 日志文件: ./result/0709_1707_DualGAF_DDAHU_DualGAFNet_dilated_enhanced_sl96_step96_fd128_extractor-dilated_gaf-adaptive_attention-channel_classifier-mlp_stat-basic_fusion-concat/training.log
2025-07-09 17:07:30 | INFO     | 开始时间: 2025-07-09 17:07:30
2025-07-09 17:07:30 | INFO     | ================================================================================
2025-07-09 17:07:30 | INFO     | ⚙️ 实验配置:
2025-07-09 17:07:30 | INFO     |    task_name: classification
2025-07-09 17:07:30 | INFO     |    is_training: 1
2025-07-09 17:07:30 | INFO     |    model_id: test
2025-07-09 17:07:30 | INFO     |    model: DualGAFNet
2025-07-09 17:07:30 | INFO     |    data: DualGAF_DDAHU
2025-07-09 17:07:30 | INFO     |    root_path: ./dataset/DDAHU/direct_5_working
2025-07-09 17:07:30 | INFO     |    step: 96
2025-07-09 17:07:30 | INFO     |    checkpoints: ./checkpoints/
2025-07-09 17:07:30 | INFO     |    num_class: 29
2025-07-09 17:07:30 | INFO     |    result_path: ./result/
2025-07-09 17:07:30 | INFO     |    test_size: 0.2
2025-07-09 17:07:30 | INFO     |    seq_len: 96
2025-07-09 17:07:30 | INFO     |    enc_in: 97
2025-07-09 17:07:30 | INFO     |    d_model: 512
2025-07-09 17:07:30 | INFO     |    n_heads: 8
2025-07-09 17:07:30 | INFO     |    e_layers: 2
2025-07-09 17:07:30 | INFO     |    d_layers: 1
2025-07-09 17:07:30 | INFO     |    d_ff: 2048
2025-07-09 17:07:30 | INFO     |    moving_avg: 25
2025-07-09 17:07:30 | INFO     |    factor: 1
2025-07-09 17:07:30 | INFO     |    distil: True
2025-07-09 17:07:30 | INFO     |    dropout: 0.1
2025-07-09 17:07:30 | INFO     |    embed: timeF
2025-07-09 17:07:30 | INFO     |    activation: gelu
2025-07-09 17:07:30 | INFO     |    use_norm: 1
2025-07-09 17:07:30 | INFO     |    gaf_method: summation
2025-07-09 17:07:30 | INFO     |    feature_dim: 128
2025-07-09 17:07:30 | INFO     |    data_type_method: uint8
2025-07-09 17:07:30 | INFO     |    use_attention: True
2025-07-09 17:07:30 | INFO     |    hidden_dim: 64
2025-07-09 17:07:30 | INFO     |    sample_size: 1000
2025-07-09 17:07:30 | INFO     |    channel_groups: None
2025-07-09 17:07:30 | INFO     |    hvac_groups: None
2025-07-09 17:07:30 | INFO     |    extractor_type: dilated
2025-07-09 17:07:30 | INFO     |    fusion_type: adaptive
2025-07-09 17:07:30 | INFO     |    attention_type: channel
2025-07-09 17:07:30 | INFO     |    classifier_type: mlp
2025-07-09 17:07:30 | INFO     |    use_statistical_features: True
2025-07-09 17:07:30 | INFO     |    stat_type: basic
2025-07-09 17:07:30 | INFO     |    multimodal_fusion_strategy: concat
2025-07-09 17:07:30 | INFO     |    use_diff_branch: True
2025-07-09 17:07:30 | INFO     |    ablation_mode: none
2025-07-09 17:07:30 | INFO     |    backbone_type: resnet18
2025-07-09 17:07:30 | INFO     |    use_sum_branch: True
2025-07-09 17:07:30 | INFO     |    num_workers: 0
2025-07-09 17:07:30 | INFO     |    cuda_debug: False
2025-07-09 17:07:30 | INFO     |    gpu_memory_fraction: 0.9
2025-07-09 17:07:30 | INFO     |    safe_mode: True
2025-07-09 17:07:30 | INFO     |    drop_last_batch: True
2025-07-09 17:07:30 | INFO     |    itr: 1
2025-07-09 17:07:30 | INFO     |    train_epochs: 300
2025-07-09 17:07:30 | INFO     |    batch_size: 4
2025-07-09 17:07:30 | INFO     |    patience: 10
2025-07-09 17:07:30 | INFO     |    learning_rate: 0.0001
2025-07-09 17:07:30 | INFO     |    des: dilated_enhanced
2025-07-09 17:07:30 | INFO     |    loss: MSE
2025-07-09 17:07:30 | INFO     |    lradj: type1
2025-07-09 17:07:30 | INFO     |    lr_scheduler_type: f1_based
2025-07-09 17:07:30 | INFO     |    lr_loss_weight: 0.3
2025-07-09 17:07:30 | INFO     |    lr_f1_weight: 0.7
2025-07-09 17:07:30 | INFO     |    use_amp: False
2025-07-09 17:07:30 | INFO     |    gradient_accumulation_steps: 2
2025-07-09 17:07:30 | INFO     |    enable_auto_gradient_accumulation: True
2025-07-09 17:07:30 | INFO     |    loss_type: ce
2025-07-09 17:07:30 | INFO     |    label_smoothing: 0.1
2025-07-09 17:07:30 | INFO     |    focal_alpha: 1.0
2025-07-09 17:07:30 | INFO     |    focal_gamma: 2.0
2025-07-09 17:07:30 | INFO     |    confidence_penalty_beta: 0.1
2025-07-09 17:07:30 | INFO     |    use_timm_loss: True
2025-07-09 17:07:30 | INFO     |    adaptive_initial_smoothing: 0.2
2025-07-09 17:07:30 | INFO     |    adaptive_final_smoothing: 0.05
2025-07-09 17:07:30 | INFO     |    adaptive_decay_epochs: 30
2025-07-09 17:07:30 | INFO     |    enable_class_weights: False
2025-07-09 17:07:30 | INFO     |    class_weights: None
2025-07-09 17:07:30 | INFO     |    loss_preset: hvac_hard_samples
2025-07-09 17:07:30 | INFO     |    n_jobs: 8
2025-07-09 17:07:30 | INFO     |    use_multiprocessing: True
2025-07-09 17:07:30 | INFO     |    chunk_size: 800
2025-07-09 17:07:30 | INFO     |    disable_parallel: False
2025-07-09 17:07:30 | INFO     |    use_shared_memory: True
2025-07-09 17:07:30 | INFO     |    disable_shared_memory: False
2025-07-09 17:07:30 | INFO     |    use_gpu: True
2025-07-09 17:07:30 | INFO     |    gpu: 0
2025-07-09 17:07:30 | INFO     |    gpu_type: cuda
2025-07-09 17:07:30 | INFO     |    use_multi_gpu: False
2025-07-09 17:07:30 | INFO     |    devices: 0,1,2,3
2025-07-09 17:07:30 | INFO     |    device: cuda:0
2025-07-09 17:07:30 | INFO     |    feature_columns: ['CHWP_GPMC', 'CHWC_VLV_DM', 'CHWC_VLV', 'CHWC_MWT', 'CHWC_LWT', 'VAVCFM_H_DM_SB', 'CHWC_EAH', 'VAV_DAT_SA', 'CHWC_DAT', 'VAV_SP_C_SA', 'HWP_GPMT', 'VAVCFM_C_DM_SB', 'RM_TEMP_W', 'HWP_GPMC', 'VAVCFM_T_SB', 'VAV_DMPR_H_SB', 'HWC_VLV_DM', 'VAVCFM_H_SB', 'HWC_VLV', 'VAV_DMPR_H_E', 'HWC_LWT', 'HWC_MWT', 'VAV_DMPR_C_SB', 'HWC_DAT', 'RM_TEMP_SB', 'CSF_WAT', 'CSF_SPD', 'CSF_DP', 'CSA_TEMP', 'CSA_CFM', 'VAV_EAT_C_SB', 'CSA_HUMD', 'CSA_SP', 'VAVCFM_C_SB', 'VAVCFM_H_W', 'HSF_SPD', 'VAV_EAT_H_SB', 'VAV_DAT_SB', 'RM_TEMP_SA', 'HSF_DP', 'HSA_TEMP', 'VAVCFM_C_DM_W', 'VAVCFM_C_W', 'VAV_DAT_W', 'HSA_SP', 'HSA_CFM', 'VAV_DMPR_H_W', 'HSF_WAT', 'VAVCFM_T_W', 'EA_DMPR_DM', 'RF_WAT', 'VAV_SP_C_W', 'VAV_SP_H_E', 'EA_DMPR', 'VAV_SP_H_SB', 'RF_SPD', 'RA_TEMP', 'RA_HUMD', 'VAV_SP_H_SA', 'VAV_EAT_H_W', 'RF_DP', 'VAV_DMPR_C_SA', 'VAV_SP_C_SB', 'RA_DMPR_DM', 'VAV_DMPR_H_SA', 'VAV_SP_H_W', 'VAVCFM_H_DM_SA', 'RA_DMPR', 'VAV_EAT_C_W', 'VAVCFM_C_DM_SA', 'RA_CFM', 'MA_TEMP', 'VAVCFM_C_SA', 'OA_TEMP', 'VAVCFM_H_SA', 'VAVCFM_H_DM_W', 'OA_HUMD', 'VAVCFM_T_SA', 'OA_DMPR_DM', 'VAV_EAT_C_SA', 'VAV_DMPR_C_W', 'OA_DMPR', 'VAV_EAT_H_SA', 'HSA_HUMD', 'RM_TEMP_E', 'VAV_EAT_H_E', 'VAV_DAT_E', 'VAV_EAT_C_E', 'VAVCFM_T_E', 'VAVCFM_H_E', 'VAV_SP_C_E', 'VAVCFM_C_DM_E', 'OA_CFM', 'VAV_DMPR_C_E', 'VAVCFM_C_E', 'VAVCFM_H_DM_E', 'CHWP_GPMT']
2025-07-09 17:07:30 | INFO     | 🏗️ 模型信息:
2025-07-09 17:07:30 | INFO     |    模型类型: Model
2025-07-09 17:07:30 | INFO     |    总参数数量: 26,996,130
2025-07-09 17:07:30 | INFO     |    可训练参数: 26,996,130
2025-07-09 17:07:30 | INFO     |    模型大小估计: 102.98 MB
2025-07-09 17:07:30 | INFO     | 📊 数据集信息:
2025-07-09 17:07:30 | INFO     |    训练集大小: 5967
2025-07-09 17:07:30 | INFO     |    验证集大小: 1492
2025-07-09 17:07:30 | INFO     | 
================================================================================
2025-07-09 17:07:30 | INFO     | 📋 损失函数使用策略（遵循主流机器学习规范）:
2025-07-09 17:07:30 | INFO     |    🎯 训练阶段: 使用 hybrid_focal 损失函数
2025-07-09 17:07:30 | INFO     |       → 目的：优化模型参数，解决特定问题（类别不平衡、相似性等）
2025-07-09 17:07:30 | INFO     |    📊 验证阶段: 使用标准交叉熵损失函数
2025-07-09 17:07:30 | INFO     |       → 目的：客观评估模型性能，便于不同方法比较
2025-07-09 17:07:30 | INFO     |    📈 最终报告: 基于标准交叉熵损失的指标
2025-07-09 17:07:30 | INFO     |       → 目的：提供可信、可比较的性能指标
2025-07-09 17:07:30 | INFO     | ================================================================================

2025-07-09 17:07:30 | INFO     | 🔄 梯度累积配置: 每2轮累积一次梯度
2025-07-09 17:07:30 | INFO     |    实际batch_size: 4
2025-07-09 17:07:30 | INFO     |    有效batch_size: 8
2025-07-09 17:12:26 | INFO     | Epoch 1:
2025-07-09 17:12:26 | INFO     |   训练指标:
2025-07-09 17:12:26 | INFO     |     损失(hybrid_focal): 1.601026
2025-07-09 17:12:26 | INFO     |     准确率: 0.365359
2025-07-09 17:12:26 | INFO     |     学习率: 0.00010000
2025-07-09 17:12:26 | INFO     |   验证指标(标准CE):
2025-07-09 17:12:26 | INFO     |     损失: 1.033136
2025-07-09 17:12:26 | INFO     |     准确率: 0.709786
2025-07-09 17:12:26 | INFO     |     F1(macro): 0.698535
2025-07-09 17:12:26 | INFO     |     F1(weighted): 0.693759
2025-07-09 17:12:26 | INFO     |     精确率: 0.759496
2025-07-09 17:12:26 | INFO     |     召回率: 0.711383
2025-07-09 17:12:26 | INFO     |   学习率调度器: f1_based
2025-07-09 17:12:26 | INFO     | ------------------------------------------------------------
2025-07-09 17:12:26 | INFO     | Epoch   1 | Train: Loss=1.6010, Acc=0.3654 | Val: Loss=1.0331, Acc=0.7098, F1=0.6938 | LR=0.000100 🏆 [最佳模型]
2025-07-09 17:17:04 | INFO     | Epoch 2:
2025-07-09 17:17:04 | INFO     |   训练指标:
2025-07-09 17:17:04 | INFO     |     损失(hybrid_focal): 0.556239
2025-07-09 17:17:04 | INFO     |     准确率: 0.755869
2025-07-09 17:17:04 | INFO     |     学习率: 0.00010000
2025-07-09 17:17:04 | INFO     |   验证指标(标准CE):
2025-07-09 17:17:04 | INFO     |     损失: 0.583302
2025-07-09 17:17:04 | INFO     |     准确率: 0.848525
2025-07-09 17:17:04 | INFO     |     F1(macro): 0.844880
2025-07-09 17:17:04 | INFO     |     F1(weighted): 0.842263
2025-07-09 17:17:04 | INFO     |     精确率: 0.871722
2025-07-09 17:17:04 | INFO     |     召回率: 0.850173
2025-07-09 17:17:04 | INFO     |   学习率调度器: f1_based
2025-07-09 17:17:04 | INFO     | ------------------------------------------------------------
2025-07-09 17:17:04 | INFO     | Epoch   2 | Train: Loss=0.5562, Acc=0.7559 | Val: Loss=0.5833, Acc=0.8485, F1=0.8423 | LR=0.000100 🏆 [最佳模型]
2025-07-09 17:21:23 | INFO     | Epoch 3:
2025-07-09 17:21:23 | INFO     |   训练指标:
2025-07-09 17:21:23 | INFO     |     损失(hybrid_focal): 0.365884
2025-07-09 17:21:23 | INFO     |     准确率: 0.840376
2025-07-09 17:21:23 | INFO     |     学习率: 0.00010000
2025-07-09 17:21:23 | INFO     |   验证指标(标准CE):
2025-07-09 17:21:23 | INFO     |     损失: 0.475967
2025-07-09 17:21:23 | INFO     |     准确率: 0.841153
2025-07-09 17:21:23 | INFO     |     F1(macro): 0.833410
2025-07-09 17:21:23 | INFO     |     F1(weighted): 0.827198
2025-07-09 17:21:23 | INFO     |     精确率: 0.898806
2025-07-09 17:21:23 | INFO     |     召回率: 0.845318
2025-07-09 17:21:23 | INFO     |   学习率调度器: f1_based
2025-07-09 17:21:23 | INFO     | ------------------------------------------------------------
2025-07-09 17:21:23 | INFO     | Epoch   3 | Train: Loss=0.3659, Acc=0.8404 | Val: Loss=0.4760, Acc=0.8412, F1=0.8272 | LR=0.000100 
2025-07-09 17:25:39 | INFO     | Epoch 4:
2025-07-09 17:25:39 | INFO     |   训练指标:
2025-07-09 17:25:39 | INFO     |     损失(hybrid_focal): 0.286951
2025-07-09 17:25:39 | INFO     |     准确率: 0.876761
2025-07-09 17:25:39 | INFO     |     学习率: 0.00010000
2025-07-09 17:25:39 | INFO     |   验证指标(标准CE):
2025-07-09 17:25:39 | INFO     |     损失: 0.387316
2025-07-09 17:25:39 | INFO     |     准确率: 0.879357
2025-07-09 17:25:39 | INFO     |     F1(macro): 0.890634
2025-07-09 17:25:39 | INFO     |     F1(weighted): 0.888874
2025-07-09 17:25:39 | INFO     |     精确率: 0.923131
2025-07-09 17:25:39 | INFO     |     召回率: 0.881128
2025-07-09 17:25:39 | INFO     |   学习率调度器: f1_based
2025-07-09 17:25:39 | INFO     | ------------------------------------------------------------
2025-07-09 17:25:39 | INFO     | Epoch   4 | Train: Loss=0.2870, Acc=0.8768 | Val: Loss=0.3873, Acc=0.8794, F1=0.8889 | LR=0.000100 🏆 [最佳模型]
2025-07-09 17:29:55 | INFO     | Epoch 5:
2025-07-09 17:29:55 | INFO     |   训练指标:
2025-07-09 17:29:55 | INFO     |     损失(hybrid_focal): 0.246262
2025-07-09 17:29:55 | INFO     |     准确率: 0.899061
2025-07-09 17:29:55 | INFO     |     学习率: 0.00010000
2025-07-09 17:29:55 | INFO     |   验证指标(标准CE):
2025-07-09 17:29:55 | INFO     |     损失: 0.342932
2025-07-09 17:29:55 | INFO     |     准确率: 0.890751
2025-07-09 17:29:55 | INFO     |     F1(macro): 0.894698
2025-07-09 17:29:55 | INFO     |     F1(weighted): 0.893770
2025-07-09 17:29:55 | INFO     |     精确率: 0.938239
2025-07-09 17:29:55 | INFO     |     召回率: 0.889939
2025-07-09 17:29:55 | INFO     |   学习率调度器: f1_based
2025-07-09 17:29:55 | INFO     | ------------------------------------------------------------
2025-07-09 17:29:55 | INFO     | Epoch   5 | Train: Loss=0.2463, Acc=0.8991 | Val: Loss=0.3429, Acc=0.8908, F1=0.8938 | LR=0.000100 🏆 [最佳模型]
2025-07-09 17:34:12 | INFO     | Epoch 6:
2025-07-09 17:34:12 | INFO     |   训练指标:
2025-07-09 17:34:12 | INFO     |     损失(hybrid_focal): 0.218784
2025-07-09 17:34:12 | INFO     |     准确率: 0.910295
2025-07-09 17:34:12 | INFO     |     学习率: 0.00010000
2025-07-09 17:34:12 | INFO     |   验证指标(标准CE):
2025-07-09 17:34:12 | INFO     |     损失: 0.293041
2025-07-09 17:34:12 | INFO     |     准确率: 0.920241
2025-07-09 17:34:12 | INFO     |     F1(macro): 0.923322
2025-07-09 17:34:12 | INFO     |     F1(weighted): 0.921344
2025-07-09 17:34:12 | INFO     |     精确率: 0.935618
2025-07-09 17:34:12 | INFO     |     召回率: 0.923629
2025-07-09 17:34:12 | INFO     |   学习率调度器: f1_based
2025-07-09 17:34:12 | INFO     | ------------------------------------------------------------
2025-07-09 17:34:12 | INFO     | Epoch   6 | Train: Loss=0.2188, Acc=0.9103 | Val: Loss=0.2930, Acc=0.9202, F1=0.9213 | LR=0.000100 🏆 [最佳模型]
2025-07-09 17:38:28 | INFO     | Epoch 7:
2025-07-09 17:38:28 | INFO     |   训练指标:
2025-07-09 17:38:28 | INFO     |     损失(hybrid_focal): 0.215227
2025-07-09 17:38:28 | INFO     |     准确率: 0.912475
2025-07-09 17:38:28 | INFO     |     学习率: 0.00010000
2025-07-09 17:38:28 | INFO     |   验证指标(标准CE):
2025-07-09 17:38:28 | INFO     |     损失: 0.285888
2025-07-09 17:38:28 | INFO     |     准确率: 0.931635
2025-07-09 17:38:28 | INFO     |     F1(macro): 0.933776
2025-07-09 17:38:28 | INFO     |     F1(weighted): 0.931327
2025-07-09 17:38:28 | INFO     |     精确率: 0.942221
2025-07-09 17:38:28 | INFO     |     召回率: 0.935797
2025-07-09 17:38:28 | INFO     |   学习率调度器: f1_based
2025-07-09 17:38:28 | INFO     | ------------------------------------------------------------
2025-07-09 17:38:28 | INFO     | Epoch   7 | Train: Loss=0.2152, Acc=0.9125 | Val: Loss=0.2859, Acc=0.9316, F1=0.9313 | LR=0.000100 🏆 [最佳模型]
2025-07-09 17:42:45 | INFO     | Epoch 8:
2025-07-09 17:42:45 | INFO     |   训练指标:
2025-07-09 17:42:45 | INFO     |     损失(hybrid_focal): 0.194309
2025-07-09 17:42:45 | INFO     |     准确率: 0.923206
2025-07-09 17:42:45 | INFO     |     学习率: 0.00010000
2025-07-09 17:42:45 | INFO     |   验证指标(标准CE):
2025-07-09 17:42:45 | INFO     |     损失: 0.336691
2025-07-09 17:42:45 | INFO     |     准确率: 0.892761
2025-07-09 17:42:45 | INFO     |     F1(macro): 0.904748
2025-07-09 17:42:45 | INFO     |     F1(weighted): 0.900493
2025-07-09 17:42:45 | INFO     |     精确率: 0.925385
2025-07-09 17:42:45 | INFO     |     召回率: 0.899188
2025-07-09 17:42:45 | INFO     |   学习率调度器: f1_based
2025-07-09 17:42:45 | INFO     | ------------------------------------------------------------
2025-07-09 17:42:45 | INFO     | Epoch   8 | Train: Loss=0.1943, Acc=0.9232 | Val: Loss=0.3367, Acc=0.8928, F1=0.9005 | LR=0.000100 
2025-07-09 17:47:00 | INFO     | Epoch 9:
2025-07-09 17:47:00 | INFO     |   训练指标:
2025-07-09 17:47:00 | INFO     |     损失(hybrid_focal): 0.186717
2025-07-09 17:47:00 | INFO     |     准确率: 0.925386
2025-07-09 17:47:00 | INFO     |     学习率: 0.00010000
2025-07-09 17:47:00 | INFO     |   验证指标(标准CE):
2025-07-09 17:47:00 | INFO     |     损失: 0.379183
2025-07-09 17:47:00 | INFO     |     准确率: 0.898794
2025-07-09 17:47:00 | INFO     |     F1(macro): 0.885072
2025-07-09 17:47:00 | INFO     |     F1(weighted): 0.885194
2025-07-09 17:47:00 | INFO     |     精确率: 0.911770
2025-07-09 17:47:00 | INFO     |     召回率: 0.901195
2025-07-09 17:47:00 | INFO     |   学习率调度器: f1_based
2025-07-09 17:47:00 | INFO     | ------------------------------------------------------------
2025-07-09 17:47:00 | INFO     | Epoch   9 | Train: Loss=0.1867, Acc=0.9254 | Val: Loss=0.3792, Acc=0.8988, F1=0.8852 | LR=0.000100 
2025-07-09 17:51:16 | INFO     | Epoch 10:
2025-07-09 17:51:16 | INFO     |   训练指标:
2025-07-09 17:51:16 | INFO     |     损失(hybrid_focal): 0.177111
2025-07-09 17:51:16 | INFO     |     准确率: 0.932763
2025-07-09 17:51:16 | INFO     |     学习率: 0.00010000
2025-07-09 17:51:16 | INFO     |   验证指标(标准CE):
2025-07-09 17:51:16 | INFO     |     损失: 0.355255
2025-07-09 17:51:16 | INFO     |     准确率: 0.895442
2025-07-09 17:51:16 | INFO     |     F1(macro): 0.899570
2025-07-09 17:51:16 | INFO     |     F1(weighted): 0.894090
2025-07-09 17:51:16 | INFO     |     精确率: 0.916338
2025-07-09 17:51:16 | INFO     |     召回率: 0.901238
2025-07-09 17:51:16 | INFO     |   学习率调度器: f1_based
2025-07-09 17:51:16 | INFO     | ------------------------------------------------------------
2025-07-09 17:51:16 | INFO     | Epoch  10 | Train: Loss=0.1771, Acc=0.9328 | Val: Loss=0.3553, Acc=0.8954, F1=0.8941 | LR=0.000100 
2025-07-09 17:55:32 | INFO     | Epoch 11:
2025-07-09 17:55:32 | INFO     |   训练指标:
2025-07-09 17:55:32 | INFO     |     损失(hybrid_focal): 0.174327
2025-07-09 17:55:32 | INFO     |     准确率: 0.935614
2025-07-09 17:55:32 | INFO     |     学习率: 0.00010000
2025-07-09 17:55:32 | INFO     |   验证指标(标准CE):
2025-07-09 17:55:32 | INFO     |     损失: 0.236560
2025-07-09 17:55:32 | INFO     |     准确率: 0.947051
2025-07-09 17:55:32 | INFO     |     F1(macro): 0.949603
2025-07-09 17:55:32 | INFO     |     F1(weighted): 0.948185
2025-07-09 17:55:32 | INFO     |     精确率: 0.957656
2025-07-09 17:55:32 | INFO     |     召回率: 0.948819
2025-07-09 17:55:32 | INFO     |   学习率调度器: f1_based
2025-07-09 17:55:32 | INFO     | ------------------------------------------------------------
2025-07-09 17:55:32 | INFO     | Epoch  11 | Train: Loss=0.1743, Acc=0.9356 | Val: Loss=0.2366, Acc=0.9471, F1=0.9482 | LR=0.000100 🏆 [最佳模型]
2025-07-09 17:59:48 | INFO     | Epoch 12:
2025-07-09 17:59:48 | INFO     |   训练指标:
2025-07-09 17:59:48 | INFO     |     损失(hybrid_focal): 0.165308
2025-07-09 17:59:48 | INFO     |     准确率: 0.940979
2025-07-09 17:59:48 | INFO     |     学习率: 0.00010000
2025-07-09 17:59:48 | INFO     |   验证指标(标准CE):
2025-07-09 17:59:48 | INFO     |     损失: 0.261422
2025-07-09 17:59:48 | INFO     |     准确率: 0.927614
2025-07-09 17:59:48 | INFO     |     F1(macro): 0.930157
2025-07-09 17:59:48 | INFO     |     F1(weighted): 0.927215
2025-07-09 17:59:48 | INFO     |     精确率: 0.943091
2025-07-09 17:59:48 | INFO     |     召回率: 0.931346
2025-07-09 17:59:48 | INFO     |   学习率调度器: f1_based
2025-07-09 17:59:48 | INFO     | ------------------------------------------------------------
2025-07-09 17:59:48 | INFO     | Epoch  12 | Train: Loss=0.1653, Acc=0.9410 | Val: Loss=0.2614, Acc=0.9276, F1=0.9272 | LR=0.000100 
2025-07-09 18:04:04 | INFO     | Epoch 13:
2025-07-09 18:04:04 | INFO     |   训练指标:
2025-07-09 18:04:04 | INFO     |     损失(hybrid_focal): 0.159734
2025-07-09 18:04:04 | INFO     |     准确率: 0.943494
2025-07-09 18:04:04 | INFO     |     学习率: 0.00010000
2025-07-09 18:04:04 | INFO     |   验证指标(标准CE):
2025-07-09 18:04:04 | INFO     |     损失: 0.373351
2025-07-09 18:04:04 | INFO     |     准确率: 0.896113
2025-07-09 18:04:04 | INFO     |     F1(macro): 0.901680
2025-07-09 18:04:04 | INFO     |     F1(weighted): 0.897735
2025-07-09 18:04:04 | INFO     |     精确率: 0.922536
2025-07-09 18:04:04 | INFO     |     召回率: 0.900445
2025-07-09 18:04:04 | INFO     |   学习率调度器: f1_based
2025-07-09 18:04:04 | INFO     | ------------------------------------------------------------
2025-07-09 18:04:04 | INFO     | Epoch  13 | Train: Loss=0.1597, Acc=0.9435 | Val: Loss=0.3734, Acc=0.8961, F1=0.8977 | LR=0.000100 
2025-07-09 18:08:19 | INFO     | Epoch 14:
2025-07-09 18:08:19 | INFO     |   训练指标:
2025-07-09 18:08:19 | INFO     |     损失(hybrid_focal): 0.157285
2025-07-09 18:08:19 | INFO     |     准确率: 0.942488
2025-07-09 18:08:19 | INFO     |     学习率: 0.00010000
2025-07-09 18:08:19 | INFO     |   验证指标(标准CE):
2025-07-09 18:08:19 | INFO     |     损失: 0.195386
2025-07-09 18:08:19 | INFO     |     准确率: 0.953753
2025-07-09 18:08:19 | INFO     |     F1(macro): 0.956376
2025-07-09 18:08:19 | INFO     |     F1(weighted): 0.954369
2025-07-09 18:08:19 | INFO     |     精确率: 0.963653
2025-07-09 18:08:19 | INFO     |     召回率: 0.957522
2025-07-09 18:08:19 | INFO     |   学习率调度器: f1_based
2025-07-09 18:08:19 | INFO     | ------------------------------------------------------------
2025-07-09 18:08:19 | INFO     | Epoch  14 | Train: Loss=0.1573, Acc=0.9425 | Val: Loss=0.1954, Acc=0.9538, F1=0.9544 | LR=0.000100 🏆 [最佳模型]
2025-07-09 18:12:36 | INFO     | Epoch 15:
2025-07-09 18:12:36 | INFO     |   训练指标:
2025-07-09 18:12:36 | INFO     |     损失(hybrid_focal): 0.149218
2025-07-09 18:12:36 | INFO     |     准确率: 0.950369
2025-07-09 18:12:36 | INFO     |     学习率: 0.00010000
2025-07-09 18:12:36 | INFO     |   验证指标(标准CE):
2025-07-09 18:12:36 | INFO     |     损失: 0.193224
2025-07-09 18:12:36 | INFO     |     准确率: 0.952413
2025-07-09 18:12:36 | INFO     |     F1(macro): 0.954061
2025-07-09 18:12:36 | INFO     |     F1(weighted): 0.952526
2025-07-09 18:12:36 | INFO     |     精确率: 0.959251
2025-07-09 18:12:36 | INFO     |     召回率: 0.953935
2025-07-09 18:12:36 | INFO     |   学习率调度器: f1_based
2025-07-09 18:12:36 | INFO     | ------------------------------------------------------------
2025-07-09 18:12:36 | INFO     | Epoch  15 | Train: Loss=0.1492, Acc=0.9504 | Val: Loss=0.1932, Acc=0.9524, F1=0.9525 | LR=0.000100 
2025-07-09 18:16:52 | INFO     | Epoch 16:
2025-07-09 18:16:52 | INFO     |   训练指标:
2025-07-09 18:16:52 | INFO     |     损失(hybrid_focal): 0.150145
2025-07-09 18:16:52 | INFO     |     准确率: 0.948524
2025-07-09 18:16:52 | INFO     |     学习率: 0.00010000
2025-07-09 18:16:52 | INFO     |   验证指标(标准CE):
2025-07-09 18:16:52 | INFO     |     损失: 0.252837
2025-07-09 18:16:52 | INFO     |     准确率: 0.936997
2025-07-09 18:16:52 | INFO     |     F1(macro): 0.940738
2025-07-09 18:16:52 | INFO     |     F1(weighted): 0.938007
2025-07-09 18:16:52 | INFO     |     精确率: 0.951436
2025-07-09 18:16:52 | INFO     |     召回率: 0.941841
2025-07-09 18:16:52 | INFO     |   学习率调度器: f1_based
2025-07-09 18:16:52 | INFO     | ------------------------------------------------------------
2025-07-09 18:16:52 | INFO     | Epoch  16 | Train: Loss=0.1501, Acc=0.9485 | Val: Loss=0.2528, Acc=0.9370, F1=0.9380 | LR=0.000100 
2025-07-09 18:21:08 | INFO     | Epoch 17:
2025-07-09 18:21:08 | INFO     |   训练指标:
2025-07-09 18:21:08 | INFO     |     损失(hybrid_focal): 0.153091
2025-07-09 18:21:08 | INFO     |     准确率: 0.947518
2025-07-09 18:21:08 | INFO     |     学习率: 0.00010000
2025-07-09 18:21:08 | INFO     |   验证指标(标准CE):
2025-07-09 18:21:08 | INFO     |     损失: 0.274570
2025-07-09 18:21:08 | INFO     |     准确率: 0.922922
2025-07-09 18:21:08 | INFO     |     F1(macro): 0.928975
2025-07-09 18:21:08 | INFO     |     F1(weighted): 0.926098
2025-07-09 18:21:08 | INFO     |     精确率: 0.942618
2025-07-09 18:21:08 | INFO     |     召回率: 0.926059
2025-07-09 18:21:08 | INFO     |   学习率调度器: f1_based
2025-07-09 18:21:08 | INFO     | ------------------------------------------------------------
2025-07-09 18:21:08 | INFO     | Epoch  17 | Train: Loss=0.1531, Acc=0.9475 | Val: Loss=0.2746, Acc=0.9229, F1=0.9261 | LR=0.000100 
2025-07-09 18:25:23 | INFO     | Epoch 18:
2025-07-09 18:25:23 | INFO     |   训练指标:
2025-07-09 18:25:23 | INFO     |     损失(hybrid_focal): 0.143884
2025-07-09 18:25:23 | INFO     |     准确率: 0.949698
2025-07-09 18:25:23 | INFO     |     学习率: 0.00010000
2025-07-09 18:25:23 | INFO     |   验证指标(标准CE):
2025-07-09 18:25:23 | INFO     |     损失: 0.223145
2025-07-09 18:25:23 | INFO     |     准确率: 0.954424
2025-07-09 18:25:23 | INFO     |     F1(macro): 0.955510
2025-07-09 18:25:23 | INFO     |     F1(weighted): 0.954083
2025-07-09 18:25:23 | INFO     |     精确率: 0.959683
2025-07-09 18:25:23 | INFO     |     召回率: 0.956282
2025-07-09 18:25:23 | INFO     |   学习率调度器: f1_based
2025-07-09 18:25:23 | INFO     | ------------------------------------------------------------
2025-07-09 18:25:23 | INFO     | Epoch  18 | Train: Loss=0.1439, Acc=0.9497 | Val: Loss=0.2231, Acc=0.9544, F1=0.9541 | LR=0.000100 
2025-07-09 18:29:39 | INFO     | Epoch 19:
2025-07-09 18:29:39 | INFO     |   训练指标:
2025-07-09 18:29:39 | INFO     |     损失(hybrid_focal): 0.142126
2025-07-09 18:29:39 | INFO     |     准确率: 0.954058
2025-07-09 18:29:39 | INFO     |     学习率: 0.00010000
2025-07-09 18:29:39 | INFO     |   验证指标(标准CE):
2025-07-09 18:29:39 | INFO     |     损失: 0.283592
2025-07-09 18:29:39 | INFO     |     准确率: 0.936327
2025-07-09 18:29:39 | INFO     |     F1(macro): 0.939802
2025-07-09 18:29:39 | INFO     |     F1(weighted): 0.937558
2025-07-09 18:29:39 | INFO     |     精确率: 0.958058
2025-07-09 18:29:39 | INFO     |     召回率: 0.937485
2025-07-09 18:29:39 | INFO     |   学习率调度器: f1_based
2025-07-09 18:29:39 | INFO     | ------------------------------------------------------------
2025-07-09 18:29:39 | INFO     | Epoch  19 | Train: Loss=0.1421, Acc=0.9541 | Val: Loss=0.2836, Acc=0.9363, F1=0.9376 | LR=0.000100 
2025-07-09 18:33:55 | INFO     | Epoch 20:
2025-07-09 18:33:55 | INFO     |   训练指标:
2025-07-09 18:33:55 | INFO     |     损失(hybrid_focal): 0.140360
2025-07-09 18:33:55 | INFO     |     准确率: 0.954393
2025-07-09 18:33:55 | INFO     |     学习率: 0.00010000
2025-07-09 18:33:55 | INFO     |   验证指标(标准CE):
2025-07-09 18:33:55 | INFO     |     损失: 0.294034
2025-07-09 18:33:55 | INFO     |     准确率: 0.925603
2025-07-09 18:33:55 | INFO     |     F1(macro): 0.926424
2025-07-09 18:33:55 | INFO     |     F1(weighted): 0.924193
2025-07-09 18:33:55 | INFO     |     精确率: 0.939616
2025-07-09 18:33:55 | INFO     |     召回率: 0.929323
2025-07-09 18:33:55 | INFO     |   学习率调度器: f1_based
2025-07-09 18:33:55 | INFO     | ------------------------------------------------------------
2025-07-09 18:33:55 | INFO     | Epoch  20 | Train: Loss=0.1404, Acc=0.9544 | Val: Loss=0.2940, Acc=0.9256, F1=0.9242 | LR=0.000100 
2025-07-09 18:38:10 | INFO     | Epoch 21:
2025-07-09 18:38:10 | INFO     |   训练指标:
2025-07-09 18:38:10 | INFO     |     损失(hybrid_focal): 0.133498
2025-07-09 18:38:10 | INFO     |     准确率: 0.958417
2025-07-09 18:38:10 | INFO     |     学习率: 0.00010000
2025-07-09 18:38:10 | INFO     |   验证指标(标准CE):
2025-07-09 18:38:10 | INFO     |     损失: 0.193552
2025-07-09 18:38:10 | INFO     |     准确率: 0.954424
2025-07-09 18:38:10 | INFO     |     F1(macro): 0.956060
2025-07-09 18:38:10 | INFO     |     F1(weighted): 0.955113
2025-07-09 18:38:10 | INFO     |     精确率: 0.960424
2025-07-09 18:38:10 | INFO     |     召回率: 0.955933
2025-07-09 18:38:10 | INFO     |   学习率调度器: f1_based
2025-07-09 18:38:10 | INFO     | ------------------------------------------------------------
2025-07-09 18:38:10 | INFO     | Epoch  21 | Train: Loss=0.1335, Acc=0.9584 | Val: Loss=0.1936, Acc=0.9544, F1=0.9551 | LR=0.000100 🏆 [最佳模型]
2025-07-09 18:42:27 | INFO     | Epoch 22:
2025-07-09 18:42:27 | INFO     |   训练指标:
2025-07-09 18:42:27 | INFO     |     损失(hybrid_focal): 0.141130
2025-07-09 18:42:27 | INFO     |     准确率: 0.953219
2025-07-09 18:42:27 | INFO     |     学习率: 0.00010000
2025-07-09 18:42:27 | INFO     |   验证指标(标准CE):
2025-07-09 18:42:27 | INFO     |     损失: 0.177442
2025-07-09 18:42:27 | INFO     |     准确率: 0.957775
2025-07-09 18:42:27 | INFO     |     F1(macro): 0.960132
2025-07-09 18:42:27 | INFO     |     F1(weighted): 0.958116
2025-07-09 18:42:27 | INFO     |     精确率: 0.964052
2025-07-09 18:42:27 | INFO     |     召回率: 0.959673
2025-07-09 18:42:27 | INFO     |   学习率调度器: f1_based
2025-07-09 18:42:27 | INFO     | ------------------------------------------------------------
2025-07-09 18:42:27 | INFO     | Epoch  22 | Train: Loss=0.1411, Acc=0.9532 | Val: Loss=0.1774, Acc=0.9578, F1=0.9581 | LR=0.000100 🏆 [最佳模型]
2025-07-09 18:46:44 | INFO     | Epoch 23:
2025-07-09 18:46:44 | INFO     |   训练指标:
2025-07-09 18:46:44 | INFO     |     损失(hybrid_focal): 0.137075
2025-07-09 18:46:44 | INFO     |     准确率: 0.955734
2025-07-09 18:46:44 | INFO     |     学习率: 0.00010000
2025-07-09 18:46:44 | INFO     |   验证指标(标准CE):
2025-07-09 18:46:44 | INFO     |     损失: 0.173407
2025-07-09 18:46:44 | INFO     |     准确率: 0.961126
2025-07-09 18:46:44 | INFO     |     F1(macro): 0.963727
2025-07-09 18:46:44 | INFO     |     F1(weighted): 0.961242
2025-07-09 18:46:44 | INFO     |     精确率: 0.969062
2025-07-09 18:46:44 | INFO     |     召回率: 0.963753
2025-07-09 18:46:44 | INFO     |   学习率调度器: f1_based
2025-07-09 18:46:44 | INFO     | ------------------------------------------------------------
2025-07-09 18:46:44 | INFO     | Epoch  23 | Train: Loss=0.1371, Acc=0.9557 | Val: Loss=0.1734, Acc=0.9611, F1=0.9612 | LR=0.000100 🏆 [最佳模型]
2025-07-09 18:51:00 | INFO     | Epoch 24:
2025-07-09 18:51:00 | INFO     |   训练指标:
2025-07-09 18:51:00 | INFO     |     损失(hybrid_focal): 0.130781
2025-07-09 18:51:00 | INFO     |     准确率: 0.959088
2025-07-09 18:51:00 | INFO     |     学习率: 0.00010000
2025-07-09 18:51:00 | INFO     |   验证指标(标准CE):
2025-07-09 18:51:00 | INFO     |     损失: 0.194153
2025-07-09 18:51:00 | INFO     |     准确率: 0.965147
2025-07-09 18:51:00 | INFO     |     F1(macro): 0.966450
2025-07-09 18:51:00 | INFO     |     F1(weighted): 0.965702
2025-07-09 18:51:00 | INFO     |     精确率: 0.970455
2025-07-09 18:51:00 | INFO     |     召回率: 0.965350
2025-07-09 18:51:00 | INFO     |   学习率调度器: f1_based
2025-07-09 18:51:00 | INFO     | ------------------------------------------------------------
2025-07-09 18:51:00 | INFO     | Epoch  24 | Train: Loss=0.1308, Acc=0.9591 | Val: Loss=0.1942, Acc=0.9651, F1=0.9657 | LR=0.000100 🏆 [最佳模型]
2025-07-09 18:55:17 | INFO     | Epoch 25:
2025-07-09 18:55:17 | INFO     |   训练指标:
2025-07-09 18:55:17 | INFO     |     损失(hybrid_focal): 0.138576
2025-07-09 18:55:17 | INFO     |     准确率: 0.960094
2025-07-09 18:55:17 | INFO     |     学习率: 0.00010000
2025-07-09 18:55:17 | INFO     |   验证指标(标准CE):
2025-07-09 18:55:17 | INFO     |     损失: 0.189789
2025-07-09 18:55:17 | INFO     |     准确率: 0.954424
2025-07-09 18:55:17 | INFO     |     F1(macro): 0.955977
2025-07-09 18:55:17 | INFO     |     F1(weighted): 0.953652
2025-07-09 18:55:17 | INFO     |     精确率: 0.957527
2025-07-09 18:55:17 | INFO     |     召回率: 0.958115
2025-07-09 18:55:17 | INFO     |   学习率调度器: f1_based
2025-07-09 18:55:17 | INFO     | ------------------------------------------------------------
2025-07-09 18:55:17 | INFO     | Epoch  25 | Train: Loss=0.1386, Acc=0.9601 | Val: Loss=0.1898, Acc=0.9544, F1=0.9537 | LR=0.000100 
2025-07-09 18:59:32 | INFO     | Epoch 26:
2025-07-09 18:59:32 | INFO     |   训练指标:
2025-07-09 18:59:32 | INFO     |     损失(hybrid_focal): 0.132951
2025-07-09 18:59:32 | INFO     |     准确率: 0.959926
2025-07-09 18:59:32 | INFO     |     学习率: 0.00010000
2025-07-09 18:59:32 | INFO     |   验证指标(标准CE):
2025-07-09 18:59:32 | INFO     |     损失: 0.175884
2025-07-09 18:59:32 | INFO     |     准确率: 0.953083
2025-07-09 18:59:32 | INFO     |     F1(macro): 0.956330
2025-07-09 18:59:32 | INFO     |     F1(weighted): 0.954324
2025-07-09 18:59:32 | INFO     |     精确率: 0.964002
2025-07-09 18:59:32 | INFO     |     召回率: 0.955800
2025-07-09 18:59:32 | INFO     |   学习率调度器: f1_based
2025-07-09 18:59:32 | INFO     | ------------------------------------------------------------
2025-07-09 18:59:32 | INFO     | Epoch  26 | Train: Loss=0.1330, Acc=0.9599 | Val: Loss=0.1759, Acc=0.9531, F1=0.9543 | LR=0.000100 
2025-07-09 19:03:48 | INFO     | Epoch 27:
2025-07-09 19:03:48 | INFO     |   训练指标:
2025-07-09 19:03:48 | INFO     |     损失(hybrid_focal): 0.129920
2025-07-09 19:03:48 | INFO     |     准确率: 0.962441
2025-07-09 19:03:48 | INFO     |     学习率: 0.00010000
2025-07-09 19:03:48 | INFO     |   验证指标(标准CE):
2025-07-09 19:03:48 | INFO     |     损失: 0.167666
2025-07-09 19:03:48 | INFO     |     准确率: 0.966488
2025-07-09 19:03:48 | INFO     |     F1(macro): 0.967407
2025-07-09 19:03:48 | INFO     |     F1(weighted): 0.966294
2025-07-09 19:03:48 | INFO     |     精确率: 0.970518
2025-07-09 19:03:48 | INFO     |     召回率: 0.968447
2025-07-09 19:03:48 | INFO     |   学习率调度器: f1_based
2025-07-09 19:03:48 | INFO     | ------------------------------------------------------------
2025-07-09 19:03:48 | INFO     | Epoch  27 | Train: Loss=0.1299, Acc=0.9624 | Val: Loss=0.1677, Acc=0.9665, F1=0.9663 | LR=0.000100 🏆 [最佳模型]
2025-07-09 19:08:05 | INFO     | Epoch 28:
2025-07-09 19:08:05 | INFO     |   训练指标:
2025-07-09 19:08:05 | INFO     |     损失(hybrid_focal): 0.130251
2025-07-09 19:08:05 | INFO     |     准确率: 0.961268
2025-07-09 19:08:05 | INFO     |     学习率: 0.00010000
2025-07-09 19:08:05 | INFO     |   验证指标(标准CE):
2025-07-09 19:08:05 | INFO     |     损失: 0.199296
2025-07-09 19:08:05 | INFO     |     准确率: 0.954424
2025-07-09 19:08:05 | INFO     |     F1(macro): 0.956935
2025-07-09 19:08:05 | INFO     |     F1(weighted): 0.954802
2025-07-09 19:08:05 | INFO     |     精确率: 0.961275
2025-07-09 19:08:05 | INFO     |     召回率: 0.957131
2025-07-09 19:08:05 | INFO     |   学习率调度器: f1_based
2025-07-09 19:08:05 | INFO     | ------------------------------------------------------------
2025-07-09 19:08:05 | INFO     | Epoch  28 | Train: Loss=0.1303, Acc=0.9613 | Val: Loss=0.1993, Acc=0.9544, F1=0.9548 | LR=0.000100 
2025-07-09 19:12:21 | INFO     | Epoch 29:
2025-07-09 19:12:21 | INFO     |   训练指标:
2025-07-09 19:12:21 | INFO     |     损失(hybrid_focal): 0.124153
2025-07-09 19:12:21 | INFO     |     准确率: 0.962944
2025-07-09 19:12:21 | INFO     |     学习率: 0.00010000
2025-07-09 19:12:21 | INFO     |   验证指标(标准CE):
2025-07-09 19:12:21 | INFO     |     损失: 0.231078
2025-07-09 19:12:21 | INFO     |     准确率: 0.947051
2025-07-09 19:12:21 | INFO     |     F1(macro): 0.948468
2025-07-09 19:12:21 | INFO     |     F1(weighted): 0.946975
2025-07-09 19:12:21 | INFO     |     精确率: 0.958614
2025-07-09 19:12:21 | INFO     |     召回率: 0.948873
2025-07-09 19:12:21 | INFO     |   学习率调度器: f1_based
2025-07-09 19:12:21 | INFO     | ------------------------------------------------------------
2025-07-09 19:12:21 | INFO     | Epoch  29 | Train: Loss=0.1242, Acc=0.9629 | Val: Loss=0.2311, Acc=0.9471, F1=0.9470 | LR=0.000100 
2025-07-09 19:16:36 | INFO     | Epoch 30:
2025-07-09 19:16:36 | INFO     |   训练指标:
2025-07-09 19:16:36 | INFO     |     损失(hybrid_focal): 0.124618
2025-07-09 19:16:36 | INFO     |     准确率: 0.963112
2025-07-09 19:16:36 | INFO     |     学习率: 0.00010000
2025-07-09 19:16:36 | INFO     |   验证指标(标准CE):
2025-07-09 19:16:36 | INFO     |     损失: 0.180340
2025-07-09 19:16:36 | INFO     |     准确率: 0.965818
2025-07-09 19:16:36 | INFO     |     F1(macro): 0.967272
2025-07-09 19:16:36 | INFO     |     F1(weighted): 0.965957
2025-07-09 19:16:36 | INFO     |     精确率: 0.970077
2025-07-09 19:16:36 | INFO     |     召回率: 0.967982
2025-07-09 19:16:36 | INFO     |   学习率调度器: f1_based
2025-07-09 19:16:36 | INFO     | ------------------------------------------------------------
2025-07-09 19:16:36 | INFO     | Epoch  30 | Train: Loss=0.1246, Acc=0.9631 | Val: Loss=0.1803, Acc=0.9658, F1=0.9660 | LR=0.000100 
2025-07-09 19:20:52 | INFO     | Epoch 31:
2025-07-09 19:20:52 | INFO     |   训练指标:
2025-07-09 19:20:52 | INFO     |     损失(hybrid_focal): 0.125901
2025-07-09 19:20:52 | INFO     |     准确率: 0.964286
2025-07-09 19:20:52 | INFO     |     学习率: 0.00010000
2025-07-09 19:20:52 | INFO     |   验证指标(标准CE):
2025-07-09 19:20:52 | INFO     |     损失: 0.229686
2025-07-09 19:20:52 | INFO     |     准确率: 0.947721
2025-07-09 19:20:52 | INFO     |     F1(macro): 0.950448
2025-07-09 19:20:52 | INFO     |     F1(weighted): 0.948552
2025-07-09 19:20:52 | INFO     |     精确率: 0.954479
2025-07-09 19:20:52 | INFO     |     召回率: 0.949622
2025-07-09 19:20:52 | INFO     |   学习率调度器: f1_based
2025-07-09 19:20:52 | INFO     | ------------------------------------------------------------
2025-07-09 19:20:52 | INFO     | Epoch  31 | Train: Loss=0.1259, Acc=0.9643 | Val: Loss=0.2297, Acc=0.9477, F1=0.9486 | LR=0.000100 
2025-07-09 19:25:08 | INFO     | Epoch 32:
2025-07-09 19:25:08 | INFO     |   训练指标:
2025-07-09 19:25:08 | INFO     |     损失(hybrid_focal): 0.123478
2025-07-09 19:25:08 | INFO     |     准确率: 0.965124
2025-07-09 19:25:08 | INFO     |     学习率: 0.00010000
2025-07-09 19:25:08 | INFO     |   验证指标(标准CE):
2025-07-09 19:25:08 | INFO     |     损失: 0.149331
2025-07-09 19:25:08 | INFO     |     准确率: 0.964477
2025-07-09 19:25:08 | INFO     |     F1(macro): 0.965866
2025-07-09 19:25:08 | INFO     |     F1(weighted): 0.964380
2025-07-09 19:25:08 | INFO     |     精确率: 0.971159
2025-07-09 19:25:08 | INFO     |     召回率: 0.965472
2025-07-09 19:25:08 | INFO     |   学习率调度器: f1_based
2025-07-09 19:25:08 | INFO     | ------------------------------------------------------------
2025-07-09 19:25:08 | INFO     | Epoch  32 | Train: Loss=0.1235, Acc=0.9651 | Val: Loss=0.1493, Acc=0.9645, F1=0.9644 | LR=0.000100 
2025-07-09 19:29:24 | INFO     | Epoch 33:
2025-07-09 19:29:24 | INFO     |   训练指标:
2025-07-09 19:29:24 | INFO     |     损失(hybrid_focal): 0.121816
2025-07-09 19:29:24 | INFO     |     准确率: 0.964118
2025-07-09 19:29:24 | INFO     |     学习率: 0.00010000
2025-07-09 19:29:24 | INFO     |   验证指标(标准CE):
2025-07-09 19:29:24 | INFO     |     损失: 0.203297
2025-07-09 19:29:24 | INFO     |     准确率: 0.956434
2025-07-09 19:29:24 | INFO     |     F1(macro): 0.957595
2025-07-09 19:29:24 | INFO     |     F1(weighted): 0.956339
2025-07-09 19:29:24 | INFO     |     精确率: 0.959702
2025-07-09 19:29:24 | INFO     |     召回率: 0.958266
2025-07-09 19:29:24 | INFO     |   学习率调度器: f1_based
2025-07-09 19:29:24 | INFO     | ------------------------------------------------------------
2025-07-09 19:29:24 | INFO     | Epoch  33 | Train: Loss=0.1218, Acc=0.9641 | Val: Loss=0.2033, Acc=0.9564, F1=0.9563 | LR=0.000100 
2025-07-09 19:33:39 | INFO     | Epoch 34:
2025-07-09 19:33:39 | INFO     |   训练指标:
2025-07-09 19:33:39 | INFO     |     损失(hybrid_focal): 0.121269
2025-07-09 19:33:39 | INFO     |     准确率: 0.966465
2025-07-09 19:33:39 | INFO     |     学习率: 0.00010000
2025-07-09 19:33:39 | INFO     |   验证指标(标准CE):
2025-07-09 19:33:39 | INFO     |     损失: 0.156430
2025-07-09 19:33:39 | INFO     |     准确率: 0.961796
2025-07-09 19:33:39 | INFO     |     F1(macro): 0.962914
2025-07-09 19:33:39 | INFO     |     F1(weighted): 0.961840
2025-07-09 19:33:39 | INFO     |     精确率: 0.966128
2025-07-09 19:33:39 | INFO     |     召回率: 0.963161
2025-07-09 19:33:39 | INFO     |   学习率调度器: f1_based
2025-07-09 19:33:39 | INFO     | ------------------------------------------------------------
2025-07-09 19:33:39 | INFO     | Epoch  34 | Train: Loss=0.1213, Acc=0.9665 | Val: Loss=0.1564, Acc=0.9618, F1=0.9618 | LR=0.000100 
2025-07-09 19:37:56 | INFO     | Epoch 35:
2025-07-09 19:37:56 | INFO     |   训练指标:
2025-07-09 19:37:56 | INFO     |     损失(hybrid_focal): 0.124470
2025-07-09 19:37:56 | INFO     |     准确率: 0.964789
2025-07-09 19:37:56 | INFO     |     学习率: 0.00010000
2025-07-09 19:37:56 | INFO     |   验证指标(标准CE):
2025-07-09 19:37:56 | INFO     |     损失: 0.195071
2025-07-09 19:37:56 | INFO     |     准确率: 0.957775
2025-07-09 19:37:56 | INFO     |     F1(macro): 0.959838
2025-07-09 19:37:56 | INFO     |     F1(weighted): 0.958236
2025-07-09 19:37:56 | INFO     |     精确率: 0.965808
2025-07-09 19:37:56 | INFO     |     召回率: 0.960696
2025-07-09 19:37:56 | INFO     |   学习率调度器: f1_based
2025-07-09 19:37:56 | INFO     | ------------------------------------------------------------
2025-07-09 19:37:56 | INFO     | Epoch  35 | Train: Loss=0.1245, Acc=0.9648 | Val: Loss=0.1951, Acc=0.9578, F1=0.9582 | LR=0.000100 
2025-07-09 19:42:12 | INFO     | Epoch 36:
2025-07-09 19:42:12 | INFO     |   训练指标:
2025-07-09 19:42:12 | INFO     |     损失(hybrid_focal): 0.120955
2025-07-09 19:42:12 | INFO     |     准确率: 0.968142
2025-07-09 19:42:12 | INFO     |     学习率: 0.00010000
2025-07-09 19:42:12 | INFO     |   验证指标(标准CE):
2025-07-09 19:42:12 | INFO     |     损失: 0.236307
2025-07-09 19:42:12 | INFO     |     准确率: 0.942359
2025-07-09 19:42:12 | INFO     |     F1(macro): 0.944361
2025-07-09 19:42:12 | INFO     |     F1(weighted): 0.943004
2025-07-09 19:42:12 | INFO     |     精确率: 0.955804
2025-07-09 19:42:12 | INFO     |     召回率: 0.942668
2025-07-09 19:42:12 | INFO     |   学习率调度器: f1_based
2025-07-09 19:42:12 | INFO     | ------------------------------------------------------------
2025-07-09 19:42:12 | INFO     | 🎯 学习率调整事件:
2025-07-09 19:42:12 | INFO     |   调度器类型: f1_based
2025-07-09 19:42:12 | INFO     |   学习率变化: 0.00010000 → 0.00005000
2025-07-09 19:42:12 | INFO     |   触发条件: F1分数 = 0.943004
2025-07-09 19:42:12 | INFO     |   变化幅度: -50.00%
2025-07-09 19:42:12 | INFO     | ------------------------------------------------------------
2025-07-09 19:42:12 | INFO     | Epoch  36 | Train: Loss=0.1210, Acc=0.9681 | Val: Loss=0.2363, Acc=0.9424, F1=0.9430 | LR=0.000050 
2025-07-09 19:46:29 | INFO     | Epoch 37:
2025-07-09 19:46:29 | INFO     |   训练指标:
2025-07-09 19:46:29 | INFO     |     损失(hybrid_focal): 0.106027
2025-07-09 19:46:29 | INFO     |     准确率: 0.978203
2025-07-09 19:46:29 | INFO     |     学习率: 0.00005000
2025-07-09 19:46:29 | INFO     |   验证指标(标准CE):
2025-07-09 19:46:29 | INFO     |     损失: 0.146213
2025-07-09 19:46:29 | INFO     |     准确率: 0.968499
2025-07-09 19:46:29 | INFO     |     F1(macro): 0.969793
2025-07-09 19:46:29 | INFO     |     F1(weighted): 0.968326
2025-07-09 19:46:29 | INFO     |     精确率: 0.973005
2025-07-09 19:46:29 | INFO     |     召回率: 0.970660
2025-07-09 19:46:29 | INFO     |   学习率调度器: f1_based
2025-07-09 19:46:29 | INFO     | ------------------------------------------------------------
2025-07-09 19:46:29 | INFO     | Epoch  37 | Train: Loss=0.1060, Acc=0.9782 | Val: Loss=0.1462, Acc=0.9685, F1=0.9683 | LR=0.000050 🏆 [最佳模型]
2025-07-09 19:50:46 | INFO     | Epoch 38:
2025-07-09 19:50:46 | INFO     |   训练指标:
2025-07-09 19:50:46 | INFO     |     损失(hybrid_focal): 0.103715
2025-07-09 19:50:46 | INFO     |     准确率: 0.978873
2025-07-09 19:50:46 | INFO     |     学习率: 0.00005000
2025-07-09 19:50:46 | INFO     |   验证指标(标准CE):
2025-07-09 19:50:46 | INFO     |     损失: 0.145967
2025-07-09 19:50:46 | INFO     |     准确率: 0.968499
2025-07-09 19:50:46 | INFO     |     F1(macro): 0.969629
2025-07-09 19:50:46 | INFO     |     F1(weighted): 0.968405
2025-07-09 19:50:46 | INFO     |     精确率: 0.972770
2025-07-09 19:50:46 | INFO     |     召回率: 0.970297
2025-07-09 19:50:46 | INFO     |   学习率调度器: f1_based
2025-07-09 19:50:46 | INFO     | ------------------------------------------------------------
2025-07-09 19:50:46 | INFO     | Epoch  38 | Train: Loss=0.1037, Acc=0.9789 | Val: Loss=0.1460, Acc=0.9685, F1=0.9684 | LR=0.000050 🏆 [最佳模型]
2025-07-09 19:55:03 | INFO     | Epoch 39:
2025-07-09 19:55:03 | INFO     |   训练指标:
2025-07-09 19:55:03 | INFO     |     损失(hybrid_focal): 0.103602
2025-07-09 19:55:03 | INFO     |     准确率: 0.975352
2025-07-09 19:55:03 | INFO     |     学习率: 0.00005000
2025-07-09 19:55:03 | INFO     |   验证指标(标准CE):
2025-07-09 19:55:03 | INFO     |     损失: 0.152054
2025-07-09 19:55:03 | INFO     |     准确率: 0.969839
2025-07-09 19:55:03 | INFO     |     F1(macro): 0.970898
2025-07-09 19:55:03 | INFO     |     F1(weighted): 0.969612
2025-07-09 19:55:03 | INFO     |     精确率: 0.974135
2025-07-09 19:55:03 | INFO     |     召回率: 0.971536
2025-07-09 19:55:03 | INFO     |   学习率调度器: f1_based
2025-07-09 19:55:03 | INFO     | ------------------------------------------------------------
2025-07-09 19:55:03 | INFO     | Epoch  39 | Train: Loss=0.1036, Acc=0.9754 | Val: Loss=0.1521, Acc=0.9698, F1=0.9696 | LR=0.000050 🏆 [最佳模型]
2025-07-09 19:59:19 | INFO     | Epoch 40:
2025-07-09 19:59:19 | INFO     |   训练指标:
2025-07-09 19:59:19 | INFO     |     损失(hybrid_focal): 0.102649
2025-07-09 19:59:19 | INFO     |     准确率: 0.979712
2025-07-09 19:59:19 | INFO     |     学习率: 0.00005000
2025-07-09 19:59:19 | INFO     |   验证指标(标准CE):
2025-07-09 19:59:19 | INFO     |     损失: 0.146388
2025-07-09 19:59:19 | INFO     |     准确率: 0.977212
2025-07-09 19:59:19 | INFO     |     F1(macro): 0.978076
2025-07-09 19:59:19 | INFO     |     F1(weighted): 0.977186
2025-07-09 19:59:19 | INFO     |     精确率: 0.979354
2025-07-09 19:59:19 | INFO     |     召回率: 0.977952
2025-07-09 19:59:19 | INFO     |   学习率调度器: f1_based
2025-07-09 19:59:19 | INFO     | ------------------------------------------------------------
2025-07-09 19:59:19 | INFO     | Epoch  40 | Train: Loss=0.1026, Acc=0.9797 | Val: Loss=0.1464, Acc=0.9772, F1=0.9772 | LR=0.000050 🏆 [最佳模型]
2025-07-09 20:03:35 | INFO     | Epoch 41:
2025-07-09 20:03:35 | INFO     |   训练指标:
2025-07-09 20:03:35 | INFO     |     损失(hybrid_focal): 0.099475
2025-07-09 20:03:35 | INFO     |     准确率: 0.980718
2025-07-09 20:03:35 | INFO     |     学习率: 0.00005000
2025-07-09 20:03:35 | INFO     |   验证指标(标准CE):
2025-07-09 20:03:35 | INFO     |     损失: 0.161667
2025-07-09 20:03:35 | INFO     |     准确率: 0.965818
2025-07-09 20:03:35 | INFO     |     F1(macro): 0.967762
2025-07-09 20:03:35 | INFO     |     F1(weighted): 0.965945
2025-07-09 20:03:35 | INFO     |     精确率: 0.971517
2025-07-09 20:03:35 | INFO     |     召回率: 0.967901
2025-07-09 20:03:35 | INFO     |   学习率调度器: f1_based
2025-07-09 20:03:35 | INFO     | ------------------------------------------------------------
2025-07-09 20:03:35 | INFO     | Epoch  41 | Train: Loss=0.0995, Acc=0.9807 | Val: Loss=0.1617, Acc=0.9658, F1=0.9659 | LR=0.000050 
2025-07-09 20:07:50 | INFO     | Epoch 42:
2025-07-09 20:07:50 | INFO     |   训练指标:
2025-07-09 20:07:50 | INFO     |     损失(hybrid_focal): 0.106419
2025-07-09 20:07:50 | INFO     |     准确率: 0.975855
2025-07-09 20:07:50 | INFO     |     学习率: 0.00005000
2025-07-09 20:07:50 | INFO     |   验证指标(标准CE):
2025-07-09 20:07:50 | INFO     |     损失: 0.158738
2025-07-09 20:07:50 | INFO     |     准确率: 0.969839
2025-07-09 20:07:50 | INFO     |     F1(macro): 0.970433
2025-07-09 20:07:50 | INFO     |     F1(weighted): 0.969772
2025-07-09 20:07:50 | INFO     |     精确率: 0.973724
2025-07-09 20:07:50 | INFO     |     召回率: 0.971438
2025-07-09 20:07:50 | INFO     |   学习率调度器: f1_based
2025-07-09 20:07:50 | INFO     | ------------------------------------------------------------
2025-07-09 20:07:50 | INFO     | Epoch  42 | Train: Loss=0.1064, Acc=0.9759 | Val: Loss=0.1587, Acc=0.9698, F1=0.9698 | LR=0.000050 
2025-07-09 20:12:05 | INFO     | Epoch 43:
2025-07-09 20:12:05 | INFO     |   训练指标:
2025-07-09 20:12:05 | INFO     |     损失(hybrid_focal): 0.101253
2025-07-09 20:12:05 | INFO     |     准确率: 0.981053
2025-07-09 20:12:05 | INFO     |     学习率: 0.00005000
2025-07-09 20:12:05 | INFO     |   验证指标(标准CE):
2025-07-09 20:12:05 | INFO     |     损失: 0.141265
2025-07-09 20:12:05 | INFO     |     准确率: 0.979223
2025-07-09 20:12:05 | INFO     |     F1(macro): 0.979888
2025-07-09 20:12:05 | INFO     |     F1(weighted): 0.979223
2025-07-09 20:12:05 | INFO     |     精确率: 0.981435
2025-07-09 20:12:05 | INFO     |     召回率: 0.979653
2025-07-09 20:12:05 | INFO     |   学习率调度器: f1_based
2025-07-09 20:12:05 | INFO     | ------------------------------------------------------------
2025-07-09 20:12:05 | INFO     | Epoch  43 | Train: Loss=0.1013, Acc=0.9811 | Val: Loss=0.1413, Acc=0.9792, F1=0.9792 | LR=0.000050 🏆 [最佳模型]
2025-07-09 20:16:21 | INFO     | Epoch 44:
2025-07-09 20:16:21 | INFO     |   训练指标:
2025-07-09 20:16:21 | INFO     |     损失(hybrid_focal): 0.102121
2025-07-09 20:16:21 | INFO     |     准确率: 0.979879
2025-07-09 20:16:21 | INFO     |     学习率: 0.00005000
2025-07-09 20:16:21 | INFO     |   验证指标(标准CE):
2025-07-09 20:16:21 | INFO     |     损失: 0.160234
2025-07-09 20:16:21 | INFO     |     准确率: 0.972520
2025-07-09 20:16:21 | INFO     |     F1(macro): 0.973350
2025-07-09 20:16:21 | INFO     |     F1(weighted): 0.972354
2025-07-09 20:16:21 | INFO     |     精确率: 0.976889
2025-07-09 20:16:21 | INFO     |     召回率: 0.973412
2025-07-09 20:16:21 | INFO     |   学习率调度器: f1_based
2025-07-09 20:16:21 | INFO     | ------------------------------------------------------------
2025-07-09 20:16:21 | INFO     | Epoch  44 | Train: Loss=0.1021, Acc=0.9799 | Val: Loss=0.1602, Acc=0.9725, F1=0.9724 | LR=0.000050 
2025-07-09 20:20:37 | INFO     | Epoch 45:
2025-07-09 20:20:37 | INFO     |   训练指标:
2025-07-09 20:20:37 | INFO     |     损失(hybrid_focal): 0.101531
2025-07-09 20:20:37 | INFO     |     准确率: 0.981388
2025-07-09 20:20:37 | INFO     |     学习率: 0.00005000
2025-07-09 20:20:37 | INFO     |   验证指标(标准CE):
2025-07-09 20:20:37 | INFO     |     损失: 0.165056
2025-07-09 20:20:37 | INFO     |     准确率: 0.972520
2025-07-09 20:20:37 | INFO     |     F1(macro): 0.973361
2025-07-09 20:20:37 | INFO     |     F1(weighted): 0.972306
2025-07-09 20:20:37 | INFO     |     精确率: 0.976587
2025-07-09 20:20:37 | INFO     |     召回率: 0.973826
2025-07-09 20:20:37 | INFO     |   学习率调度器: f1_based
2025-07-09 20:20:37 | INFO     | ------------------------------------------------------------
2025-07-09 20:20:37 | INFO     | Epoch  45 | Train: Loss=0.1015, Acc=0.9814 | Val: Loss=0.1651, Acc=0.9725, F1=0.9723 | LR=0.000050 
2025-07-09 20:24:53 | INFO     | Epoch 46:
2025-07-09 20:24:53 | INFO     |   训练指标:
2025-07-09 20:24:53 | INFO     |     损失(hybrid_focal): 0.102993
2025-07-09 20:24:53 | INFO     |     准确率: 0.978538
2025-07-09 20:24:53 | INFO     |     学习率: 0.00005000
2025-07-09 20:24:53 | INFO     |   验证指标(标准CE):
2025-07-09 20:24:53 | INFO     |     损失: 0.164804
2025-07-09 20:24:53 | INFO     |     准确率: 0.973190
2025-07-09 20:24:53 | INFO     |     F1(macro): 0.973898
2025-07-09 20:24:53 | INFO     |     F1(weighted): 0.973085
2025-07-09 20:24:53 | INFO     |     精确率: 0.977137
2025-07-09 20:24:53 | INFO     |     召回率: 0.974279
2025-07-09 20:24:53 | INFO     |   学习率调度器: f1_based
2025-07-09 20:24:53 | INFO     | ------------------------------------------------------------
2025-07-09 20:24:53 | INFO     | Epoch  46 | Train: Loss=0.1030, Acc=0.9785 | Val: Loss=0.1648, Acc=0.9732, F1=0.9731 | LR=0.000050 
2025-07-09 20:29:08 | INFO     | Epoch 47:
2025-07-09 20:29:08 | INFO     |   训练指标:
2025-07-09 20:29:08 | INFO     |     损失(hybrid_focal): 0.101868
2025-07-09 20:29:08 | INFO     |     准确率: 0.978035
2025-07-09 20:29:08 | INFO     |     学习率: 0.00005000
2025-07-09 20:29:08 | INFO     |   验证指标(标准CE):
2025-07-09 20:29:08 | INFO     |     损失: 0.164134
2025-07-09 20:29:08 | INFO     |     准确率: 0.972520
2025-07-09 20:29:08 | INFO     |     F1(macro): 0.973658
2025-07-09 20:29:08 | INFO     |     F1(weighted): 0.972444
2025-07-09 20:29:08 | INFO     |     精确率: 0.974655
2025-07-09 20:29:08 | INFO     |     召回率: 0.974133
2025-07-09 20:29:08 | INFO     |   学习率调度器: f1_based
2025-07-09 20:29:08 | INFO     | ------------------------------------------------------------
2025-07-09 20:29:08 | INFO     | Epoch  47 | Train: Loss=0.1019, Acc=0.9780 | Val: Loss=0.1641, Acc=0.9725, F1=0.9724 | LR=0.000050 
2025-07-09 20:33:23 | INFO     | Epoch 48:
2025-07-09 20:33:23 | INFO     |   训练指标:
2025-07-09 20:33:23 | INFO     |     损失(hybrid_focal): 0.105675
2025-07-09 20:33:23 | INFO     |     准确率: 0.977867
2025-07-09 20:33:23 | INFO     |     学习率: 0.00005000
2025-07-09 20:33:23 | INFO     |   验证指标(标准CE):
2025-07-09 20:33:23 | INFO     |     损失: 0.168197
2025-07-09 20:33:23 | INFO     |     准确率: 0.967158
2025-07-09 20:33:23 | INFO     |     F1(macro): 0.968505
2025-07-09 20:33:23 | INFO     |     F1(weighted): 0.966979
2025-07-09 20:33:23 | INFO     |     精确率: 0.971761
2025-07-09 20:33:23 | INFO     |     召回率: 0.969152
2025-07-09 20:33:23 | INFO     |   学习率调度器: f1_based
2025-07-09 20:33:23 | INFO     | ------------------------------------------------------------
2025-07-09 20:33:23 | INFO     | Epoch  48 | Train: Loss=0.1057, Acc=0.9779 | Val: Loss=0.1682, Acc=0.9672, F1=0.9670 | LR=0.000050 
2025-07-09 20:37:38 | INFO     | Epoch 49:
2025-07-09 20:37:38 | INFO     |   训练指标:
2025-07-09 20:37:38 | INFO     |     损失(hybrid_focal): 0.101815
2025-07-09 20:37:38 | INFO     |     准确率: 0.980718
2025-07-09 20:37:38 | INFO     |     学习率: 0.00005000
2025-07-09 20:37:38 | INFO     |   验证指标(标准CE):
2025-07-09 20:37:38 | INFO     |     损失: 0.176512
2025-07-09 20:37:38 | INFO     |     准确率: 0.961126
2025-07-09 20:37:38 | INFO     |     F1(macro): 0.963634
2025-07-09 20:37:38 | INFO     |     F1(weighted): 0.961681
2025-07-09 20:37:38 | INFO     |     精确率: 0.970735
2025-07-09 20:37:38 | INFO     |     召回率: 0.962375
2025-07-09 20:37:38 | INFO     |   学习率调度器: f1_based
2025-07-09 20:37:38 | INFO     | ------------------------------------------------------------
2025-07-09 20:37:38 | INFO     | 🎯 学习率调整事件:
2025-07-09 20:37:38 | INFO     |   调度器类型: f1_based
2025-07-09 20:37:38 | INFO     |   学习率变化: 0.00005000 → 0.00002500
2025-07-09 20:37:38 | INFO     |   触发条件: F1分数 = 0.961681
2025-07-09 20:37:38 | INFO     |   变化幅度: -50.00%
2025-07-09 20:37:38 | INFO     | ------------------------------------------------------------
2025-07-09 20:37:38 | INFO     | Epoch  49 | Train: Loss=0.1018, Acc=0.9807 | Val: Loss=0.1765, Acc=0.9611, F1=0.9617 | LR=0.000025 
2025-07-09 20:41:53 | INFO     | Epoch 50:
2025-07-09 20:41:53 | INFO     |   训练指标:
2025-07-09 20:41:53 | INFO     |     损失(hybrid_focal): 0.093550
2025-07-09 20:41:53 | INFO     |     准确率: 0.983568
2025-07-09 20:41:53 | INFO     |     学习率: 0.00002500
2025-07-09 20:41:53 | INFO     |   验证指标(标准CE):
2025-07-09 20:41:53 | INFO     |     损失: 0.140482
2025-07-09 20:41:53 | INFO     |     准确率: 0.975871
2025-07-09 20:41:53 | INFO     |     F1(macro): 0.976722
2025-07-09 20:41:53 | INFO     |     F1(weighted): 0.975816
2025-07-09 20:41:53 | INFO     |     精确率: 0.980465
2025-07-09 20:41:53 | INFO     |     召回率: 0.976955
2025-07-09 20:41:53 | INFO     |   学习率调度器: f1_based
2025-07-09 20:41:53 | INFO     | ------------------------------------------------------------
2025-07-09 20:41:53 | INFO     | Epoch  50 | Train: Loss=0.0935, Acc=0.9836 | Val: Loss=0.1405, Acc=0.9759, F1=0.9758 | LR=0.000025 
2025-07-09 20:46:08 | INFO     | Epoch 51:
2025-07-09 20:46:08 | INFO     |   训练指标:
2025-07-09 20:46:08 | INFO     |     损失(hybrid_focal): 0.094144
2025-07-09 20:46:08 | INFO     |     准确率: 0.983065
2025-07-09 20:46:08 | INFO     |     学习率: 0.00002500
2025-07-09 20:46:08 | INFO     |   验证指标(标准CE):
2025-07-09 20:46:08 | INFO     |     损失: 0.156920
2025-07-09 20:46:08 | INFO     |     准确率: 0.969169
2025-07-09 20:46:08 | INFO     |     F1(macro): 0.970125
2025-07-09 20:46:08 | INFO     |     F1(weighted): 0.969255
2025-07-09 20:46:08 | INFO     |     精确率: 0.973961
2025-07-09 20:46:08 | INFO     |     召回率: 0.971085
2025-07-09 20:46:08 | INFO     |   学习率调度器: f1_based
2025-07-09 20:46:08 | INFO     | ------------------------------------------------------------
2025-07-09 20:46:08 | INFO     | Epoch  51 | Train: Loss=0.0941, Acc=0.9831 | Val: Loss=0.1569, Acc=0.9692, F1=0.9693 | LR=0.000025 
2025-07-09 20:50:23 | INFO     | Epoch 52:
2025-07-09 20:50:23 | INFO     |   训练指标:
2025-07-09 20:50:23 | INFO     |     损失(hybrid_focal): 0.092824
2025-07-09 20:50:23 | INFO     |     准确率: 0.984239
2025-07-09 20:50:23 | INFO     |     学习率: 0.00002500
2025-07-09 20:50:23 | INFO     |   验证指标(标准CE):
2025-07-09 20:50:23 | INFO     |     损失: 0.157437
2025-07-09 20:50:23 | INFO     |     准确率: 0.973861
2025-07-09 20:50:23 | INFO     |     F1(macro): 0.974780
2025-07-09 20:50:23 | INFO     |     F1(weighted): 0.973858
2025-07-09 20:50:23 | INFO     |     精确率: 0.975945
2025-07-09 20:50:23 | INFO     |     召回率: 0.974563
2025-07-09 20:50:23 | INFO     |   学习率调度器: f1_based
2025-07-09 20:50:23 | INFO     | ------------------------------------------------------------
2025-07-09 20:50:23 | INFO     | Epoch  52 | Train: Loss=0.0928, Acc=0.9842 | Val: Loss=0.1574, Acc=0.9739, F1=0.9739 | LR=0.000025 
2025-07-09 20:54:39 | INFO     | Epoch 53:
2025-07-09 20:54:39 | INFO     |   训练指标:
2025-07-09 20:54:39 | INFO     |     损失(hybrid_focal): 0.093302
2025-07-09 20:54:39 | INFO     |     准确率: 0.986419
2025-07-09 20:54:39 | INFO     |     学习率: 0.00002500
2025-07-09 20:54:39 | INFO     |   验证指标(标准CE):
2025-07-09 20:54:39 | INFO     |     损失: 0.147362
2025-07-09 20:54:39 | INFO     |     准确率: 0.975201
2025-07-09 20:54:39 | INFO     |     F1(macro): 0.975975
2025-07-09 20:54:39 | INFO     |     F1(weighted): 0.975006
2025-07-09 20:54:39 | INFO     |     精确率: 0.979315
2025-07-09 20:54:39 | INFO     |     召回率: 0.976185
2025-07-09 20:54:39 | INFO     |   学习率调度器: f1_based
2025-07-09 20:54:39 | INFO     | ------------------------------------------------------------
2025-07-09 20:54:39 | INFO     | Epoch  53 | Train: Loss=0.0933, Acc=0.9864 | Val: Loss=0.1474, Acc=0.9752, F1=0.9750 | LR=0.000025 
2025-07-09 20:54:39 | INFO     | ⏹️ 早停触发，在第 53 轮停止训练
2025-07-09 20:54:56 | INFO     | 训练历史已保存到: ./result/0709_1707_DualGAF_DDAHU_DualGAFNet_dilated_enhanced_sl96_step96_fd128_extractor-dilated_gaf-adaptive_attention-channel_classifier-mlp_stat-basic_fusion-concat/training_history.csv
2025-07-09 20:54:56 | INFO     | 
====================================================================================================
2025-07-09 20:54:56 | INFO     | 🎉 训练完成总结:
2025-07-09 20:54:56 | INFO     |   训练损失函数: hybrid_focal
2025-07-09 20:54:56 | INFO     |   验证损失函数: 标准交叉熵（遵循主流ML规范）
2025-07-09 20:54:56 | INFO     |   训练过程最佳验证准确率: 0.9792
2025-07-09 20:54:56 | INFO     |   训练过程最佳验证F1(macro): 0.9799
2025-07-09 20:54:56 | INFO     |   训练过程最佳验证F1(weighted): 0.9792
2025-07-09 20:54:56 | INFO     |   训练轮数: 53
2025-07-09 20:54:56 | INFO     | --------------------------------------------------
2025-07-09 20:54:56 | INFO     | 📊 最佳模型真实性能指标（基于标准交叉熵损失）:
2025-07-09 20:54:56 | INFO     |   验证损失(标准CE): 0.1413
2025-07-09 20:54:56 | INFO     |   验证准确率: 0.9792
2025-07-09 20:54:56 | INFO     |   验证F1(macro): 0.9799
2025-07-09 20:54:56 | INFO     |   验证F1(weighted): 0.9792
2025-07-09 20:54:56 | INFO     |   验证精确率: 0.9814
2025-07-09 20:54:56 | INFO     |   验证召回率: 0.9797
2025-07-09 20:54:56 | INFO     | ====================================================================================================
2025-07-09 20:54:59 | INFO     | ================================================================================
2025-07-09 20:54:59 | INFO     | 实验日志结束: DualGAF_DDAHU_DualGAFNet_dilated_enhanced_sl96_step96_fd128_extractor-dilated_gaf-adaptive_attention-channel_classifier-mlp_stat-basic_fusion-concat
2025-07-09 20:54:59 | INFO     | 结束时间: 2025-07-09 20:54:59
2025-07-09 20:54:59 | INFO     | ================================================================================
