2025-07-25 16:38:52 | INFO     | ================================================================================
2025-07-25 16:38:52 | INFO     | 实验日志开始: DualGAF_DDAHU_DualGAFNet_large-kernel+concat+channel+mlp_sl96_step96_fd128_extractor-large_kernel_gaf-concat_attention-channel_classifier-mlp_stat-basic_fusion-concat
2025-07-25 16:38:52 | INFO     | 日志文件: ./result/0725_1638_DualGAF_DDAHU_DualGAFNet_large-kernel+concat+channel+mlp_sl96_step96_fd128_extractor-large_kernel_gaf-concat_attention-channel_classifier-mlp_stat-basic_fusion-concat/training.log
2025-07-25 16:38:52 | INFO     | 开始时间: 2025-07-25 16:38:52
2025-07-25 16:38:52 | INFO     | ================================================================================
2025-07-25 16:38:52 | INFO     | ⚙️ 实验配置:
2025-07-25 16:38:52 | INFO     |    task_name: classification
2025-07-25 16:38:52 | INFO     |    is_training: 1
2025-07-25 16:38:52 | INFO     |    model_id: test
2025-07-25 16:38:52 | INFO     |    model: DualGAFNet
2025-07-25 16:38:52 | INFO     |    data: DualGAF_DDAHU
2025-07-25 16:38:52 | INFO     |    root_path: ./dataset/DDAHU/direct_5_working
2025-07-25 16:38:52 | INFO     |    step: 96
2025-07-25 16:38:52 | INFO     |    checkpoints: ./checkpoints/
2025-07-25 16:38:52 | INFO     |    num_class: 29
2025-07-25 16:38:52 | INFO     |    result_path: ./result/
2025-07-25 16:38:52 | INFO     |    test_size: 0.2
2025-07-25 16:38:52 | INFO     |    rows: None
2025-07-25 16:38:52 | INFO     |    seq_len: 96
2025-07-25 16:38:52 | INFO     |    enc_in: 97
2025-07-25 16:38:52 | INFO     |    d_model: 512
2025-07-25 16:38:52 | INFO     |    n_heads: 8
2025-07-25 16:38:52 | INFO     |    e_layers: 2
2025-07-25 16:38:52 | INFO     |    d_layers: 1
2025-07-25 16:38:52 | INFO     |    d_ff: 2048
2025-07-25 16:38:52 | INFO     |    moving_avg: 25
2025-07-25 16:38:52 | INFO     |    factor: 1
2025-07-25 16:38:52 | INFO     |    distil: True
2025-07-25 16:38:52 | INFO     |    dropout: 0.1
2025-07-25 16:38:52 | INFO     |    embed: timeF
2025-07-25 16:38:52 | INFO     |    activation: gelu
2025-07-25 16:38:52 | INFO     |    use_norm: 1
2025-07-25 16:38:52 | INFO     |    gaf_method: summation
2025-07-25 16:38:52 | INFO     |    feature_dim: 128
2025-07-25 16:38:52 | INFO     |    data_type_method: uint8
2025-07-25 16:38:52 | INFO     |    use_attention: True
2025-07-25 16:38:52 | INFO     |    hidden_dim: 64
2025-07-25 16:38:52 | INFO     |    sample_size: 1000
2025-07-25 16:38:52 | INFO     |    channel_groups: None
2025-07-25 16:38:52 | INFO     |    hvac_groups: None
2025-07-25 16:38:52 | INFO     |    extractor_type: large_kernel
2025-07-25 16:38:52 | INFO     |    fusion_type: concat
2025-07-25 16:38:52 | INFO     |    attention_type: channel
2025-07-25 16:38:52 | INFO     |    classifier_type: mlp
2025-07-25 16:38:52 | INFO     |    use_statistical_features: True
2025-07-25 16:38:52 | INFO     |    stat_type: basic
2025-07-25 16:38:52 | INFO     |    multimodal_fusion_strategy: concat
2025-07-25 16:38:52 | INFO     |    use_signal_level_stats: False
2025-07-25 16:38:52 | INFO     |    signal_stat_type: comprehensive
2025-07-25 16:38:52 | INFO     |    signal_stat_fusion_strategy: concat_project
2025-07-25 16:38:52 | INFO     |    signal_stat_feature_dim: 32
2025-07-25 16:38:52 | INFO     |    use_diff_branch: True
2025-07-25 16:38:52 | INFO     |    ablation_mode: none
2025-07-25 16:38:52 | INFO     |    backbone_type: resnet18
2025-07-25 16:38:52 | INFO     |    use_sum_branch: True
2025-07-25 16:38:52 | INFO     |    num_workers: 0
2025-07-25 16:38:52 | INFO     |    cuda_debug: False
2025-07-25 16:38:52 | INFO     |    gpu_memory_fraction: 0.9
2025-07-25 16:38:52 | INFO     |    safe_mode: True
2025-07-25 16:38:52 | INFO     |    drop_last_batch: True
2025-07-25 16:38:52 | INFO     |    itr: 1
2025-07-25 16:38:52 | INFO     |    train_epochs: 300
2025-07-25 16:38:52 | INFO     |    batch_size: 4
2025-07-25 16:38:52 | INFO     |    patience: 15
2025-07-25 16:38:52 | INFO     |    learning_rate: 0.0001
2025-07-25 16:38:52 | INFO     |    des: large-kernel+concat+channel+mlp
2025-07-25 16:38:52 | INFO     |    loss: MSE
2025-07-25 16:38:52 | INFO     |    lradj: type1
2025-07-25 16:38:52 | INFO     |    lr_scheduler_type: f1_based
2025-07-25 16:38:52 | INFO     |    lr_loss_weight: 0.3
2025-07-25 16:38:52 | INFO     |    lr_f1_weight: 0.7
2025-07-25 16:38:52 | INFO     |    use_amp: False
2025-07-25 16:38:52 | INFO     |    gradient_accumulation_steps: 2
2025-07-25 16:38:52 | INFO     |    enable_auto_gradient_accumulation: True
2025-07-25 16:38:52 | INFO     |    loss_type: ce
2025-07-25 16:38:52 | INFO     |    label_smoothing: 0.1
2025-07-25 16:38:52 | INFO     |    focal_alpha: 1.0
2025-07-25 16:38:52 | INFO     |    focal_gamma: 2.0
2025-07-25 16:38:52 | INFO     |    confidence_penalty_beta: 0.1
2025-07-25 16:38:52 | INFO     |    use_timm_loss: True
2025-07-25 16:38:52 | INFO     |    adaptive_initial_smoothing: 0.2
2025-07-25 16:38:52 | INFO     |    adaptive_final_smoothing: 0.05
2025-07-25 16:38:52 | INFO     |    adaptive_decay_epochs: 30
2025-07-25 16:38:52 | INFO     |    enable_class_weights: False
2025-07-25 16:38:52 | INFO     |    class_weights: None
2025-07-25 16:38:52 | INFO     |    loss_preset: None
2025-07-25 16:38:52 | INFO     |    n_jobs: 1
2025-07-25 16:38:52 | INFO     |    use_multiprocessing: False
2025-07-25 16:38:52 | INFO     |    chunk_size: 800
2025-07-25 16:38:52 | INFO     |    disable_parallel: True
2025-07-25 16:38:52 | INFO     |    use_shared_memory: False
2025-07-25 16:38:52 | INFO     |    disable_shared_memory: False
2025-07-25 16:38:52 | INFO     |    use_gpu: True
2025-07-25 16:38:52 | INFO     |    gpu: 0
2025-07-25 16:38:52 | INFO     |    gpu_type: cuda
2025-07-25 16:38:52 | INFO     |    use_multi_gpu: False
2025-07-25 16:38:52 | INFO     |    devices: 0,1,2,3
2025-07-25 16:38:52 | INFO     |    device: cuda:0
2025-07-25 16:38:52 | INFO     |    feature_columns: ['CHWP_GPMC', 'CHWC_VLV_DM', 'CHWC_VLV', 'CHWC_MWT', 'CHWC_LWT', 'VAVCFM_H_DM_SB', 'CHWC_EAH', 'VAV_DAT_SA', 'CHWC_DAT', 'VAV_SP_C_SA', 'HWP_GPMT', 'VAVCFM_C_DM_SB', 'RM_TEMP_W', 'HWP_GPMC', 'VAVCFM_T_SB', 'VAV_DMPR_H_SB', 'HWC_VLV_DM', 'VAVCFM_H_SB', 'HWC_VLV', 'VAV_DMPR_H_E', 'HWC_LWT', 'HWC_MWT', 'VAV_DMPR_C_SB', 'HWC_DAT', 'RM_TEMP_SB', 'CSF_WAT', 'CSF_SPD', 'CSF_DP', 'CSA_TEMP', 'CSA_CFM', 'VAV_EAT_C_SB', 'CSA_HUMD', 'CSA_SP', 'VAVCFM_C_SB', 'VAVCFM_H_W', 'HSF_SPD', 'VAV_EAT_H_SB', 'VAV_DAT_SB', 'RM_TEMP_SA', 'HSF_DP', 'HSA_TEMP', 'VAVCFM_C_DM_W', 'VAVCFM_C_W', 'VAV_DAT_W', 'HSA_SP', 'HSA_CFM', 'VAV_DMPR_H_W', 'HSF_WAT', 'VAVCFM_T_W', 'EA_DMPR_DM', 'RF_WAT', 'VAV_SP_C_W', 'VAV_SP_H_E', 'EA_DMPR', 'VAV_SP_H_SB', 'RF_SPD', 'RA_TEMP', 'RA_HUMD', 'VAV_SP_H_SA', 'VAV_EAT_H_W', 'RF_DP', 'VAV_DMPR_C_SA', 'VAV_SP_C_SB', 'RA_DMPR_DM', 'VAV_DMPR_H_SA', 'VAV_SP_H_W', 'VAVCFM_H_DM_SA', 'RA_DMPR', 'VAV_EAT_C_W', 'VAVCFM_C_DM_SA', 'RA_CFM', 'MA_TEMP', 'VAVCFM_C_SA', 'OA_TEMP', 'VAVCFM_H_SA', 'VAVCFM_H_DM_W', 'OA_HUMD', 'VAVCFM_T_SA', 'OA_DMPR_DM', 'VAV_EAT_C_SA', 'VAV_DMPR_C_W', 'OA_DMPR', 'VAV_EAT_H_SA', 'HSA_HUMD', 'RM_TEMP_E', 'VAV_EAT_H_E', 'VAV_DAT_E', 'VAV_EAT_C_E', 'VAVCFM_T_E', 'VAVCFM_H_E', 'VAV_SP_C_E', 'VAVCFM_C_DM_E', 'OA_CFM', 'VAV_DMPR_C_E', 'VAVCFM_C_E', 'VAVCFM_H_DM_E', 'CHWP_GPMT']
2025-07-25 16:38:52 | INFO     | 🏗️ 模型信息:
2025-07-25 16:38:52 | INFO     |    模型类型: Model
2025-07-25 16:38:52 | INFO     |    总参数数量: 28,673,186
2025-07-25 16:38:52 | INFO     |    可训练参数: 28,673,186
2025-07-25 16:38:52 | INFO     |    模型大小估计: 109.38 MB
2025-07-25 16:38:52 | INFO     | 📊 数据集信息:
2025-07-25 16:38:52 | INFO     |    训练集大小: 5967
2025-07-25 16:38:52 | INFO     |    验证集大小: 1492
2025-07-25 16:38:52 | INFO     | 
================================================================================
2025-07-25 16:38:52 | INFO     | 📋 损失函数使用策略（遵循主流机器学习规范）:
2025-07-25 16:38:52 | INFO     |    🎯 训练阶段: 使用 ce 损失函数
2025-07-25 16:38:52 | INFO     |       → 目的：优化模型参数，解决特定问题（类别不平衡、相似性等）
2025-07-25 16:38:52 | INFO     |    📊 验证阶段: 使用标准交叉熵损失函数
2025-07-25 16:38:52 | INFO     |       → 目的：客观评估模型性能，便于不同方法比较
2025-07-25 16:38:52 | INFO     |    📈 最终报告: 基于标准交叉熵损失的指标
2025-07-25 16:38:52 | INFO     |       → 目的：提供可信、可比较的性能指标
2025-07-25 16:38:52 | INFO     | ================================================================================

2025-07-25 16:38:52 | INFO     | 🔄 梯度累积配置: 每2轮累积一次梯度
2025-07-25 16:38:52 | INFO     |    实际batch_size: 4
2025-07-25 16:38:52 | INFO     |    有效batch_size: 8
2025-07-25 16:46:22 | INFO     | Epoch 1:
2025-07-25 16:46:22 | INFO     |   训练指标:
2025-07-25 16:46:22 | INFO     |     损失(ce): 2.756335
2025-07-25 16:46:22 | INFO     |     准确率: 0.194333
2025-07-25 16:46:22 | INFO     |     学习率: 0.00010000
2025-07-25 16:46:22 | INFO     |   验证指标(标准CE):
2025-07-25 16:46:22 | INFO     |     损失: 1.873766
2025-07-25 16:46:22 | INFO     |     准确率: 0.444370
2025-07-25 16:46:22 | INFO     |     F1(macro): 0.403639
2025-07-25 16:46:22 | INFO     |     F1(weighted): 0.397539
2025-07-25 16:46:22 | INFO     |     精确率: 0.415012
2025-07-25 16:46:22 | INFO     |     召回率: 0.453000
2025-07-25 16:46:22 | INFO     |   学习率调度器: f1_based
2025-07-25 16:46:22 | INFO     | ------------------------------------------------------------
2025-07-25 16:46:22 | INFO     | Epoch   1 | Train: Loss=2.7563, Acc=0.1943 | Val: Loss=1.8738, Acc=0.4444, F1=0.3975 | LR=0.000100 🏆 [最佳模型]
2025-07-25 16:53:30 | INFO     | Epoch 2:
2025-07-25 16:53:30 | INFO     |   训练指标:
2025-07-25 16:53:30 | INFO     |     损失(ce): 1.506646
2025-07-25 16:53:30 | INFO     |     准确率: 0.520121
2025-07-25 16:53:30 | INFO     |     学习率: 0.00010000
2025-07-25 16:53:30 | INFO     |   验证指标(标准CE):
2025-07-25 16:53:30 | INFO     |     损失: 1.061804
2025-07-25 16:53:30 | INFO     |     准确率: 0.658847
2025-07-25 16:53:30 | INFO     |     F1(macro): 0.629441
2025-07-25 16:53:30 | INFO     |     F1(weighted): 0.623095
2025-07-25 16:53:30 | INFO     |     精确率: 0.702921
2025-07-25 16:53:30 | INFO     |     召回率: 0.664630
2025-07-25 16:53:30 | INFO     |   学习率调度器: f1_based
2025-07-25 16:53:30 | INFO     | ------------------------------------------------------------
2025-07-25 16:53:30 | INFO     | Epoch   2 | Train: Loss=1.5066, Acc=0.5201 | Val: Loss=1.0618, Acc=0.6588, F1=0.6231 | LR=0.000100 🏆 [最佳模型]
2025-07-25 17:00:37 | INFO     | Epoch 3:
2025-07-25 17:00:37 | INFO     |   训练指标:
2025-07-25 17:00:37 | INFO     |     损失(ce): 0.994852
2025-07-25 17:00:37 | INFO     |     准确率: 0.684105
2025-07-25 17:00:37 | INFO     |     学习率: 0.00010000
2025-07-25 17:00:37 | INFO     |   验证指标(标准CE):
2025-07-25 17:00:37 | INFO     |     损失: 0.656221
2025-07-25 17:00:37 | INFO     |     准确率: 0.791555
2025-07-25 17:00:37 | INFO     |     F1(macro): 0.793113
2025-07-25 17:00:37 | INFO     |     F1(weighted): 0.791178
2025-07-25 17:00:37 | INFO     |     精确率: 0.843321
2025-07-25 17:00:37 | INFO     |     召回率: 0.791418
2025-07-25 17:00:37 | INFO     |   学习率调度器: f1_based
2025-07-25 17:00:37 | INFO     | ------------------------------------------------------------
2025-07-25 17:00:37 | INFO     | Epoch   3 | Train: Loss=0.9949, Acc=0.6841 | Val: Loss=0.6562, Acc=0.7916, F1=0.7912 | LR=0.000100 🏆 [最佳模型]
2025-07-25 17:07:45 | INFO     | Epoch 4:
2025-07-25 17:07:45 | INFO     |   训练指标:
2025-07-25 17:07:45 | INFO     |     损失(ce): 0.710676
2025-07-25 17:07:45 | INFO     |     准确率: 0.771630
2025-07-25 17:07:45 | INFO     |     学习率: 0.00010000
2025-07-25 17:07:45 | INFO     |   验证指标(标准CE):
2025-07-25 17:07:45 | INFO     |     损失: 0.493986
2025-07-25 17:07:45 | INFO     |     准确率: 0.833780
2025-07-25 17:07:45 | INFO     |     F1(macro): 0.832799
2025-07-25 17:07:45 | INFO     |     F1(weighted): 0.830366
2025-07-25 17:07:45 | INFO     |     精确率: 0.871306
2025-07-25 17:07:45 | INFO     |     召回率: 0.838582
2025-07-25 17:07:45 | INFO     |   学习率调度器: f1_based
2025-07-25 17:07:45 | INFO     | ------------------------------------------------------------
2025-07-25 17:07:45 | INFO     | Epoch   4 | Train: Loss=0.7107, Acc=0.7716 | Val: Loss=0.4940, Acc=0.8338, F1=0.8304 | LR=0.000100 🏆 [最佳模型]
2025-07-25 17:14:53 | INFO     | Epoch 5:
2025-07-25 17:14:53 | INFO     |   训练指标:
2025-07-25 17:14:53 | INFO     |     损失(ce): 0.613360
2025-07-25 17:14:53 | INFO     |     准确率: 0.803320
2025-07-25 17:14:53 | INFO     |     学习率: 0.00010000
2025-07-25 17:14:53 | INFO     |   验证指标(标准CE):
2025-07-25 17:14:53 | INFO     |     损失: 0.462548
2025-07-25 17:14:53 | INFO     |     准确率: 0.859249
2025-07-25 17:14:53 | INFO     |     F1(macro): 0.867526
2025-07-25 17:14:53 | INFO     |     F1(weighted): 0.865800
2025-07-25 17:14:53 | INFO     |     精确率: 0.900966
2025-07-25 17:14:53 | INFO     |     召回率: 0.862301
2025-07-25 17:14:53 | INFO     |   学习率调度器: f1_based
2025-07-25 17:14:53 | INFO     | ------------------------------------------------------------
2025-07-25 17:14:53 | INFO     | Epoch   5 | Train: Loss=0.6134, Acc=0.8033 | Val: Loss=0.4625, Acc=0.8592, F1=0.8658 | LR=0.000100 🏆 [最佳模型]
2025-07-25 17:22:00 | INFO     | Epoch 6:
2025-07-25 17:22:00 | INFO     |   训练指标:
2025-07-25 17:22:00 | INFO     |     损失(ce): 0.552335
2025-07-25 17:22:00 | INFO     |     准确率: 0.819249
2025-07-25 17:22:00 | INFO     |     学习率: 0.00010000
2025-07-25 17:22:00 | INFO     |   验证指标(标准CE):
2025-07-25 17:22:00 | INFO     |     损失: 0.377623
2025-07-25 17:22:00 | INFO     |     准确率: 0.867962
2025-07-25 17:22:00 | INFO     |     F1(macro): 0.875863
2025-07-25 17:22:00 | INFO     |     F1(weighted): 0.871114
2025-07-25 17:22:00 | INFO     |     精确率: 0.903389
2025-07-25 17:22:00 | INFO     |     召回率: 0.871863
2025-07-25 17:22:00 | INFO     |   学习率调度器: f1_based
2025-07-25 17:22:00 | INFO     | ------------------------------------------------------------
2025-07-25 17:22:00 | INFO     | Epoch   6 | Train: Loss=0.5523, Acc=0.8192 | Val: Loss=0.3776, Acc=0.8680, F1=0.8711 | LR=0.000100 🏆 [最佳模型]
2025-07-25 17:29:08 | INFO     | Epoch 7:
2025-07-25 17:29:08 | INFO     |   训练指标:
2025-07-25 17:29:08 | INFO     |     损失(ce): 0.474158
2025-07-25 17:29:08 | INFO     |     准确率: 0.845909
2025-07-25 17:29:08 | INFO     |     学习率: 0.00010000
2025-07-25 17:29:08 | INFO     |   验证指标(标准CE):
2025-07-25 17:29:08 | INFO     |     损失: 0.345518
2025-07-25 17:29:08 | INFO     |     准确率: 0.874665
2025-07-25 17:29:08 | INFO     |     F1(macro): 0.876486
2025-07-25 17:29:08 | INFO     |     F1(weighted): 0.873614
2025-07-25 17:29:08 | INFO     |     精确率: 0.914490
2025-07-25 17:29:08 | INFO     |     召回率: 0.879671
2025-07-25 17:29:08 | INFO     |   学习率调度器: f1_based
2025-07-25 17:29:08 | INFO     | ------------------------------------------------------------
2025-07-25 17:29:08 | INFO     | Epoch   7 | Train: Loss=0.4742, Acc=0.8459 | Val: Loss=0.3455, Acc=0.8747, F1=0.8736 | LR=0.000100 🏆 [最佳模型]
2025-07-25 17:36:15 | INFO     | Epoch 8:
2025-07-25 17:36:15 | INFO     |   训练指标:
2025-07-25 17:36:15 | INFO     |     损失(ce): 0.433597
2025-07-25 17:36:15 | INFO     |     准确率: 0.858317
2025-07-25 17:36:15 | INFO     |     学习率: 0.00010000
2025-07-25 17:36:15 | INFO     |   验证指标(标准CE):
2025-07-25 17:36:15 | INFO     |     损失: 0.320579
2025-07-25 17:36:15 | INFO     |     准确率: 0.900134
2025-07-25 17:36:15 | INFO     |     F1(macro): 0.903981
2025-07-25 17:36:15 | INFO     |     F1(weighted): 0.902344
2025-07-25 17:36:15 | INFO     |     精确率: 0.926835
2025-07-25 17:36:15 | INFO     |     召回率: 0.901424
2025-07-25 17:36:15 | INFO     |   学习率调度器: f1_based
2025-07-25 17:36:15 | INFO     | ------------------------------------------------------------
2025-07-25 17:36:15 | INFO     | Epoch   8 | Train: Loss=0.4336, Acc=0.8583 | Val: Loss=0.3206, Acc=0.9001, F1=0.9023 | LR=0.000100 🏆 [最佳模型]
2025-07-25 17:43:22 | INFO     | Epoch 9:
2025-07-25 17:43:22 | INFO     |   训练指标:
2025-07-25 17:43:22 | INFO     |     损失(ce): 0.410779
2025-07-25 17:43:22 | INFO     |     准确率: 0.864688
2025-07-25 17:43:22 | INFO     |     学习率: 0.00010000
2025-07-25 17:43:22 | INFO     |   验证指标(标准CE):
2025-07-25 17:43:22 | INFO     |     损失: 0.245832
2025-07-25 17:43:22 | INFO     |     准确率: 0.906836
2025-07-25 17:43:22 | INFO     |     F1(macro): 0.908583
2025-07-25 17:43:22 | INFO     |     F1(weighted): 0.903996
2025-07-25 17:43:22 | INFO     |     精确率: 0.926104
2025-07-25 17:43:22 | INFO     |     召回率: 0.911001
2025-07-25 17:43:22 | INFO     |   学习率调度器: f1_based
2025-07-25 17:43:22 | INFO     | ------------------------------------------------------------
2025-07-25 17:43:22 | INFO     | Epoch   9 | Train: Loss=0.4108, Acc=0.8647 | Val: Loss=0.2458, Acc=0.9068, F1=0.9040 | LR=0.000100 🏆 [最佳模型]
2025-07-25 17:50:30 | INFO     | Epoch 10:
2025-07-25 17:50:30 | INFO     |   训练指标:
2025-07-25 17:50:30 | INFO     |     损失(ce): 0.342481
2025-07-25 17:50:30 | INFO     |     准确率: 0.883635
2025-07-25 17:50:30 | INFO     |     学习率: 0.00010000
2025-07-25 17:50:30 | INFO     |   验证指标(标准CE):
2025-07-25 17:50:30 | INFO     |     损失: 0.371517
2025-07-25 17:50:30 | INFO     |     准确率: 0.874665
2025-07-25 17:50:30 | INFO     |     F1(macro): 0.884289
2025-07-25 17:50:30 | INFO     |     F1(weighted): 0.881613
2025-07-25 17:50:30 | INFO     |     精确率: 0.912301
2025-07-25 17:50:30 | INFO     |     召回率: 0.877946
2025-07-25 17:50:30 | INFO     |   学习率调度器: f1_based
2025-07-25 17:50:30 | INFO     | ------------------------------------------------------------
2025-07-25 17:50:30 | INFO     | Epoch  10 | Train: Loss=0.3425, Acc=0.8836 | Val: Loss=0.3715, Acc=0.8747, F1=0.8816 | LR=0.000100 
2025-07-25 17:57:36 | INFO     | Epoch 11:
2025-07-25 17:57:36 | INFO     |   训练指标:
2025-07-25 17:57:36 | INFO     |     损失(ce): 0.313108
2025-07-25 17:57:36 | INFO     |     准确率: 0.898390
2025-07-25 17:57:36 | INFO     |     学习率: 0.00010000
2025-07-25 17:57:36 | INFO     |   验证指标(标准CE):
2025-07-25 17:57:36 | INFO     |     损失: 0.318077
2025-07-25 17:57:36 | INFO     |     准确率: 0.881367
2025-07-25 17:57:36 | INFO     |     F1(macro): 0.877934
2025-07-25 17:57:36 | INFO     |     F1(weighted): 0.870799
2025-07-25 17:57:36 | INFO     |     精确率: 0.924287
2025-07-25 17:57:36 | INFO     |     召回率: 0.889002
2025-07-25 17:57:36 | INFO     |   学习率调度器: f1_based
2025-07-25 17:57:36 | INFO     | ------------------------------------------------------------
2025-07-25 17:57:36 | INFO     | Epoch  11 | Train: Loss=0.3131, Acc=0.8984 | Val: Loss=0.3181, Acc=0.8814, F1=0.8708 | LR=0.000100 
2025-07-25 18:04:42 | INFO     | Epoch 12:
2025-07-25 18:04:42 | INFO     |   训练指标:
2025-07-25 18:04:42 | INFO     |     损失(ce): 0.296195
2025-07-25 18:04:42 | INFO     |     准确率: 0.904427
2025-07-25 18:04:42 | INFO     |     学习率: 0.00010000
2025-07-25 18:04:42 | INFO     |   验证指标(标准CE):
2025-07-25 18:04:42 | INFO     |     损失: 0.235517
2025-07-25 18:04:42 | INFO     |     准确率: 0.908847
2025-07-25 18:04:42 | INFO     |     F1(macro): 0.907273
2025-07-25 18:04:42 | INFO     |     F1(weighted): 0.905741
2025-07-25 18:04:42 | INFO     |     精确率: 0.926314
2025-07-25 18:04:42 | INFO     |     召回率: 0.910248
2025-07-25 18:04:42 | INFO     |   学习率调度器: f1_based
2025-07-25 18:04:42 | INFO     | ------------------------------------------------------------
2025-07-25 18:04:42 | INFO     | Epoch  12 | Train: Loss=0.2962, Acc=0.9044 | Val: Loss=0.2355, Acc=0.9088, F1=0.9057 | LR=0.000100 🏆 [最佳模型]
2025-07-25 18:11:50 | INFO     | Epoch 13:
2025-07-25 18:11:50 | INFO     |   训练指标:
2025-07-25 18:11:50 | INFO     |     损失(ce): 0.288646
2025-07-25 18:11:50 | INFO     |     准确率: 0.902582
2025-07-25 18:11:50 | INFO     |     学习率: 0.00010000
2025-07-25 18:11:50 | INFO     |   验证指标(标准CE):
2025-07-25 18:11:50 | INFO     |     损失: 0.293178
2025-07-25 18:11:50 | INFO     |     准确率: 0.912198
2025-07-25 18:11:50 | INFO     |     F1(macro): 0.907147
2025-07-25 18:11:50 | INFO     |     F1(weighted): 0.908124
2025-07-25 18:11:50 | INFO     |     精确率: 0.938419
2025-07-25 18:11:50 | INFO     |     召回率: 0.913380
2025-07-25 18:11:50 | INFO     |   学习率调度器: f1_based
2025-07-25 18:11:50 | INFO     | ------------------------------------------------------------
2025-07-25 18:11:50 | INFO     | Epoch  13 | Train: Loss=0.2886, Acc=0.9026 | Val: Loss=0.2932, Acc=0.9122, F1=0.9081 | LR=0.000100 🏆 [最佳模型]
2025-07-25 18:18:57 | INFO     | Epoch 14:
2025-07-25 18:18:57 | INFO     |   训练指标:
2025-07-25 18:18:57 | INFO     |     损失(ce): 0.234961
2025-07-25 18:18:57 | INFO     |     准确率: 0.921529
2025-07-25 18:18:57 | INFO     |     学习率: 0.00010000
2025-07-25 18:18:57 | INFO     |   验证指标(标准CE):
2025-07-25 18:18:57 | INFO     |     损失: 0.187189
2025-07-25 18:18:57 | INFO     |     准确率: 0.936327
2025-07-25 18:18:57 | INFO     |     F1(macro): 0.939215
2025-07-25 18:18:57 | INFO     |     F1(weighted): 0.936961
2025-07-25 18:18:57 | INFO     |     精确率: 0.949830
2025-07-25 18:18:57 | INFO     |     召回率: 0.940325
2025-07-25 18:18:57 | INFO     |   学习率调度器: f1_based
2025-07-25 18:18:57 | INFO     | ------------------------------------------------------------
2025-07-25 18:18:57 | INFO     | Epoch  14 | Train: Loss=0.2350, Acc=0.9215 | Val: Loss=0.1872, Acc=0.9363, F1=0.9370 | LR=0.000100 🏆 [最佳模型]
2025-07-25 18:26:04 | INFO     | Epoch 15:
2025-07-25 18:26:04 | INFO     |   训练指标:
2025-07-25 18:26:04 | INFO     |     损失(ce): 0.230141
2025-07-25 18:26:04 | INFO     |     准确率: 0.922368
2025-07-25 18:26:04 | INFO     |     学习率: 0.00010000
2025-07-25 18:26:04 | INFO     |   验证指标(标准CE):
2025-07-25 18:26:04 | INFO     |     损失: 0.163034
2025-07-25 18:26:04 | INFO     |     准确率: 0.939678
2025-07-25 18:26:04 | INFO     |     F1(macro): 0.942381
2025-07-25 18:26:04 | INFO     |     F1(weighted): 0.939641
2025-07-25 18:26:04 | INFO     |     精确率: 0.950278
2025-07-25 18:26:04 | INFO     |     召回率: 0.942583
2025-07-25 18:26:04 | INFO     |   学习率调度器: f1_based
2025-07-25 18:26:04 | INFO     | ------------------------------------------------------------
2025-07-25 18:26:04 | INFO     | Epoch  15 | Train: Loss=0.2301, Acc=0.9224 | Val: Loss=0.1630, Acc=0.9397, F1=0.9396 | LR=0.000100 🏆 [最佳模型]
2025-07-25 18:33:11 | INFO     | Epoch 16:
2025-07-25 18:33:11 | INFO     |   训练指标:
2025-07-25 18:33:11 | INFO     |     损失(ce): 0.218732
2025-07-25 18:33:11 | INFO     |     准确率: 0.924715
2025-07-25 18:33:11 | INFO     |     学习率: 0.00010000
2025-07-25 18:33:11 | INFO     |   验证指标(标准CE):
2025-07-25 18:33:11 | INFO     |     损失: 0.206338
2025-07-25 18:33:11 | INFO     |     准确率: 0.934987
2025-07-25 18:33:11 | INFO     |     F1(macro): 0.939460
2025-07-25 18:33:11 | INFO     |     F1(weighted): 0.937524
2025-07-25 18:33:11 | INFO     |     精确率: 0.951226
2025-07-25 18:33:11 | INFO     |     召回率: 0.936044
2025-07-25 18:33:11 | INFO     |   学习率调度器: f1_based
2025-07-25 18:33:11 | INFO     | ------------------------------------------------------------
2025-07-25 18:33:11 | INFO     | Epoch  16 | Train: Loss=0.2187, Acc=0.9247 | Val: Loss=0.2063, Acc=0.9350, F1=0.9375 | LR=0.000100 
2025-07-25 18:40:17 | INFO     | Epoch 17:
2025-07-25 18:40:17 | INFO     |   训练指标:
2025-07-25 18:40:17 | INFO     |     损失(ce): 0.207826
2025-07-25 18:40:17 | INFO     |     准确率: 0.929074
2025-07-25 18:40:17 | INFO     |     学习率: 0.00010000
2025-07-25 18:40:17 | INFO     |   验证指标(标准CE):
2025-07-25 18:40:17 | INFO     |     损失: 0.166179
2025-07-25 18:40:17 | INFO     |     准确率: 0.937668
2025-07-25 18:40:17 | INFO     |     F1(macro): 0.940586
2025-07-25 18:40:17 | INFO     |     F1(weighted): 0.938312
2025-07-25 18:40:17 | INFO     |     精确率: 0.948921
2025-07-25 18:40:17 | INFO     |     召回率: 0.941023
2025-07-25 18:40:17 | INFO     |   学习率调度器: f1_based
2025-07-25 18:40:17 | INFO     | ------------------------------------------------------------
2025-07-25 18:40:17 | INFO     | Epoch  17 | Train: Loss=0.2078, Acc=0.9291 | Val: Loss=0.1662, Acc=0.9377, F1=0.9383 | LR=0.000100 
2025-07-25 18:47:23 | INFO     | Epoch 18:
2025-07-25 18:47:23 | INFO     |   训练指标:
2025-07-25 18:47:23 | INFO     |     损失(ce): 0.214041
2025-07-25 18:47:23 | INFO     |     准确率: 0.932931
2025-07-25 18:47:23 | INFO     |     学习率: 0.00010000
2025-07-25 18:47:23 | INFO     |   验证指标(标准CE):
2025-07-25 18:47:23 | INFO     |     损失: 0.145552
2025-07-25 18:47:23 | INFO     |     准确率: 0.947051
2025-07-25 18:47:23 | INFO     |     F1(macro): 0.949544
2025-07-25 18:47:23 | INFO     |     F1(weighted): 0.947559
2025-07-25 18:47:23 | INFO     |     精确率: 0.955926
2025-07-25 18:47:23 | INFO     |     召回率: 0.948380
2025-07-25 18:47:23 | INFO     |   学习率调度器: f1_based
2025-07-25 18:47:23 | INFO     | ------------------------------------------------------------
2025-07-25 18:47:23 | INFO     | Epoch  18 | Train: Loss=0.2140, Acc=0.9329 | Val: Loss=0.1456, Acc=0.9471, F1=0.9476 | LR=0.000100 🏆 [最佳模型]
2025-07-25 18:54:30 | INFO     | Epoch 19:
2025-07-25 18:54:30 | INFO     |   训练指标:
2025-07-25 18:54:30 | INFO     |     损失(ce): 0.191016
2025-07-25 18:54:30 | INFO     |     准确率: 0.935446
2025-07-25 18:54:30 | INFO     |     学习率: 0.00010000
2025-07-25 18:54:30 | INFO     |   验证指标(标准CE):
2025-07-25 18:54:30 | INFO     |     损失: 0.171799
2025-07-25 18:54:30 | INFO     |     准确率: 0.933646
2025-07-25 18:54:30 | INFO     |     F1(macro): 0.935152
2025-07-25 18:54:30 | INFO     |     F1(weighted): 0.933446
2025-07-25 18:54:30 | INFO     |     精确率: 0.939287
2025-07-25 18:54:30 | INFO     |     召回率: 0.936987
2025-07-25 18:54:30 | INFO     |   学习率调度器: f1_based
2025-07-25 18:54:30 | INFO     | ------------------------------------------------------------
2025-07-25 18:54:30 | INFO     | Epoch  19 | Train: Loss=0.1910, Acc=0.9354 | Val: Loss=0.1718, Acc=0.9336, F1=0.9334 | LR=0.000100 
2025-07-25 19:01:37 | INFO     | Epoch 20:
2025-07-25 19:01:37 | INFO     |   训练指标:
2025-07-25 19:01:37 | INFO     |     损失(ce): 0.194974
2025-07-25 19:01:37 | INFO     |     准确率: 0.934775
2025-07-25 19:01:37 | INFO     |     学习率: 0.00010000
2025-07-25 19:01:37 | INFO     |   验证指标(标准CE):
2025-07-25 19:01:37 | INFO     |     损失: 0.212848
2025-07-25 19:01:37 | INFO     |     准确率: 0.926944
2025-07-25 19:01:37 | INFO     |     F1(macro): 0.930695
2025-07-25 19:01:37 | INFO     |     F1(weighted): 0.928351
2025-07-25 19:01:37 | INFO     |     精确率: 0.944230
2025-07-25 19:01:37 | INFO     |     召回率: 0.931550
2025-07-25 19:01:37 | INFO     |   学习率调度器: f1_based
2025-07-25 19:01:37 | INFO     | ------------------------------------------------------------
2025-07-25 19:01:37 | INFO     | Epoch  20 | Train: Loss=0.1950, Acc=0.9348 | Val: Loss=0.2128, Acc=0.9269, F1=0.9284 | LR=0.000100 
2025-07-25 19:08:43 | INFO     | Epoch 21:
2025-07-25 19:08:43 | INFO     |   训练指标:
2025-07-25 19:08:43 | INFO     |     损失(ce): 0.204000
2025-07-25 19:08:43 | INFO     |     准确率: 0.932260
2025-07-25 19:08:43 | INFO     |     学习率: 0.00010000
2025-07-25 19:08:43 | INFO     |   验证指标(标准CE):
2025-07-25 19:08:43 | INFO     |     损失: 0.200073
2025-07-25 19:08:43 | INFO     |     准确率: 0.920912
2025-07-25 19:08:43 | INFO     |     F1(macro): 0.927746
2025-07-25 19:08:43 | INFO     |     F1(weighted): 0.923405
2025-07-25 19:08:43 | INFO     |     精确率: 0.942059
2025-07-25 19:08:43 | INFO     |     召回率: 0.925383
2025-07-25 19:08:43 | INFO     |   学习率调度器: f1_based
2025-07-25 19:08:43 | INFO     | ------------------------------------------------------------
2025-07-25 19:08:43 | INFO     | Epoch  21 | Train: Loss=0.2040, Acc=0.9323 | Val: Loss=0.2001, Acc=0.9209, F1=0.9234 | LR=0.000100 
2025-07-25 19:15:49 | INFO     | Epoch 22:
2025-07-25 19:15:49 | INFO     |   训练指标:
2025-07-25 19:15:49 | INFO     |     损失(ce): 0.187710
2025-07-25 19:15:49 | INFO     |     准确率: 0.937626
2025-07-25 19:15:49 | INFO     |     学习率: 0.00010000
2025-07-25 19:15:49 | INFO     |   验证指标(标准CE):
2025-07-25 19:15:49 | INFO     |     损失: 0.111304
2025-07-25 19:15:49 | INFO     |     准确率: 0.954424
2025-07-25 19:15:49 | INFO     |     F1(macro): 0.957393
2025-07-25 19:15:49 | INFO     |     F1(weighted): 0.955104
2025-07-25 19:15:49 | INFO     |     精确率: 0.963054
2025-07-25 19:15:49 | INFO     |     召回率: 0.957520
2025-07-25 19:15:49 | INFO     |   学习率调度器: f1_based
2025-07-25 19:15:49 | INFO     | ------------------------------------------------------------
2025-07-25 19:15:49 | INFO     | Epoch  22 | Train: Loss=0.1877, Acc=0.9376 | Val: Loss=0.1113, Acc=0.9544, F1=0.9551 | LR=0.000100 🏆 [最佳模型]
2025-07-25 19:22:56 | INFO     | Epoch 23:
2025-07-25 19:22:56 | INFO     |   训练指标:
2025-07-25 19:22:56 | INFO     |     损失(ce): 0.190266
2025-07-25 19:22:56 | INFO     |     准确率: 0.939302
2025-07-25 19:22:56 | INFO     |     学习率: 0.00010000
2025-07-25 19:22:56 | INFO     |   验证指标(标准CE):
2025-07-25 19:22:56 | INFO     |     损失: 0.204483
2025-07-25 19:22:56 | INFO     |     准确率: 0.936997
2025-07-25 19:22:56 | INFO     |     F1(macro): 0.942338
2025-07-25 19:22:56 | INFO     |     F1(weighted): 0.940451
2025-07-25 19:22:56 | INFO     |     精确率: 0.958333
2025-07-25 19:22:56 | INFO     |     召回率: 0.941331
2025-07-25 19:22:56 | INFO     |   学习率调度器: f1_based
2025-07-25 19:22:56 | INFO     | ------------------------------------------------------------
2025-07-25 19:22:56 | INFO     | Epoch  23 | Train: Loss=0.1903, Acc=0.9393 | Val: Loss=0.2045, Acc=0.9370, F1=0.9405 | LR=0.000100 
2025-07-25 19:30:02 | INFO     | Epoch 24:
2025-07-25 19:30:02 | INFO     |   训练指标:
2025-07-25 19:30:02 | INFO     |     损失(ce): 0.171532
2025-07-25 19:30:02 | INFO     |     准确率: 0.940141
2025-07-25 19:30:02 | INFO     |     学习率: 0.00010000
2025-07-25 19:30:02 | INFO     |   验证指标(标准CE):
2025-07-25 19:30:02 | INFO     |     损失: 0.285690
2025-07-25 19:30:02 | INFO     |     准确率: 0.916220
2025-07-25 19:30:02 | INFO     |     F1(macro): 0.910458
2025-07-25 19:30:02 | INFO     |     F1(weighted): 0.904839
2025-07-25 19:30:02 | INFO     |     精确率: 0.907190
2025-07-25 19:30:02 | INFO     |     召回率: 0.922586
2025-07-25 19:30:02 | INFO     |   学习率调度器: f1_based
2025-07-25 19:30:02 | INFO     | ------------------------------------------------------------
2025-07-25 19:30:02 | INFO     | Epoch  24 | Train: Loss=0.1715, Acc=0.9401 | Val: Loss=0.2857, Acc=0.9162, F1=0.9048 | LR=0.000100 
2025-07-25 19:37:08 | INFO     | Epoch 25:
2025-07-25 19:37:08 | INFO     |   训练指标:
2025-07-25 19:37:08 | INFO     |     损失(ce): 0.166693
2025-07-25 19:37:08 | INFO     |     准确率: 0.947518
2025-07-25 19:37:08 | INFO     |     学习率: 0.00010000
2025-07-25 19:37:08 | INFO     |   验证指标(标准CE):
2025-07-25 19:37:08 | INFO     |     损失: 0.201774
2025-07-25 19:37:08 | INFO     |     准确率: 0.926944
2025-07-25 19:37:08 | INFO     |     F1(macro): 0.930603
2025-07-25 19:37:08 | INFO     |     F1(weighted): 0.928341
2025-07-25 19:37:08 | INFO     |     精确率: 0.942312
2025-07-25 19:37:08 | INFO     |     召回率: 0.928831
2025-07-25 19:37:08 | INFO     |   学习率调度器: f1_based
2025-07-25 19:37:08 | INFO     | ------------------------------------------------------------
2025-07-25 19:37:08 | INFO     | Epoch  25 | Train: Loss=0.1667, Acc=0.9475 | Val: Loss=0.2018, Acc=0.9269, F1=0.9283 | LR=0.000100 
2025-07-25 19:44:13 | INFO     | Epoch 26:
2025-07-25 19:44:13 | INFO     |   训练指标:
2025-07-25 19:44:13 | INFO     |     损失(ce): 0.154389
2025-07-25 19:44:13 | INFO     |     准确率: 0.948524
2025-07-25 19:44:13 | INFO     |     学习率: 0.00010000
2025-07-25 19:44:13 | INFO     |   验证指标(标准CE):
2025-07-25 19:44:13 | INFO     |     损失: 0.124861
2025-07-25 19:44:13 | INFO     |     准确率: 0.954424
2025-07-25 19:44:13 | INFO     |     F1(macro): 0.956705
2025-07-25 19:44:13 | INFO     |     F1(weighted): 0.954630
2025-07-25 19:44:13 | INFO     |     精确率: 0.963801
2025-07-25 19:44:13 | INFO     |     召回率: 0.957138
2025-07-25 19:44:13 | INFO     |   学习率调度器: f1_based
2025-07-25 19:44:13 | INFO     | ------------------------------------------------------------
2025-07-25 19:44:13 | INFO     | Epoch  26 | Train: Loss=0.1544, Acc=0.9485 | Val: Loss=0.1249, Acc=0.9544, F1=0.9546 | LR=0.000100 
2025-07-25 19:51:19 | INFO     | Epoch 27:
2025-07-25 19:51:19 | INFO     |   训练指标:
2025-07-25 19:51:19 | INFO     |     损失(ce): 0.173150
2025-07-25 19:51:19 | INFO     |     准确率: 0.938799
2025-07-25 19:51:19 | INFO     |     学习率: 0.00010000
2025-07-25 19:51:19 | INFO     |   验证指标(标准CE):
2025-07-25 19:51:19 | INFO     |     损失: 0.160543
2025-07-25 19:51:19 | INFO     |     准确率: 0.939678
2025-07-25 19:51:19 | INFO     |     F1(macro): 0.939152
2025-07-25 19:51:19 | INFO     |     F1(weighted): 0.938510
2025-07-25 19:51:19 | INFO     |     精确率: 0.949524
2025-07-25 19:51:19 | INFO     |     召回率: 0.940608
2025-07-25 19:51:19 | INFO     |   学习率调度器: f1_based
2025-07-25 19:51:19 | INFO     | ------------------------------------------------------------
2025-07-25 19:51:19 | INFO     | Epoch  27 | Train: Loss=0.1732, Acc=0.9388 | Val: Loss=0.1605, Acc=0.9397, F1=0.9385 | LR=0.000100 
2025-07-25 19:58:25 | INFO     | Epoch 28:
2025-07-25 19:58:25 | INFO     |   训练指标:
2025-07-25 19:58:25 | INFO     |     损失(ce): 0.163432
2025-07-25 19:58:25 | INFO     |     准确率: 0.946848
2025-07-25 19:58:25 | INFO     |     学习率: 0.00010000
2025-07-25 19:58:25 | INFO     |   验证指标(标准CE):
2025-07-25 19:58:25 | INFO     |     损失: 0.126372
2025-07-25 19:58:25 | INFO     |     准确率: 0.953753
2025-07-25 19:58:25 | INFO     |     F1(macro): 0.955410
2025-07-25 19:58:25 | INFO     |     F1(weighted): 0.953399
2025-07-25 19:58:25 | INFO     |     精确率: 0.959920
2025-07-25 19:58:25 | INFO     |     召回率: 0.956341
2025-07-25 19:58:25 | INFO     |   学习率调度器: f1_based
2025-07-25 19:58:25 | INFO     | ------------------------------------------------------------
2025-07-25 19:58:25 | INFO     | 🎯 学习率调整事件:
2025-07-25 19:58:25 | INFO     |   调度器类型: f1_based
2025-07-25 19:58:25 | INFO     |   学习率变化: 0.00010000 → 0.00005000
2025-07-25 19:58:25 | INFO     |   触发条件: F1分数 = 0.953399
2025-07-25 19:58:25 | INFO     |   变化幅度: -50.00%
2025-07-25 19:58:25 | INFO     | ------------------------------------------------------------
2025-07-25 19:58:25 | INFO     | Epoch  28 | Train: Loss=0.1634, Acc=0.9468 | Val: Loss=0.1264, Acc=0.9538, F1=0.9534 | LR=0.000050 
2025-07-25 20:05:30 | INFO     | Epoch 29:
2025-07-25 20:05:30 | INFO     |   训练指标:
2025-07-25 20:05:30 | INFO     |     损失(ce): 0.084806
2025-07-25 20:05:30 | INFO     |     准确率: 0.967807
2025-07-25 20:05:30 | INFO     |     学习率: 0.00005000
2025-07-25 20:05:30 | INFO     |   验证指标(标准CE):
2025-07-25 20:05:30 | INFO     |     损失: 0.120316
2025-07-25 20:05:30 | INFO     |     准确率: 0.957775
2025-07-25 20:05:30 | INFO     |     F1(macro): 0.960365
2025-07-25 20:05:30 | INFO     |     F1(weighted): 0.957645
2025-07-25 20:05:30 | INFO     |     精确率: 0.966338
2025-07-25 20:05:30 | INFO     |     召回率: 0.960777
2025-07-25 20:05:30 | INFO     |   学习率调度器: f1_based
2025-07-25 20:05:30 | INFO     | ------------------------------------------------------------
2025-07-25 20:05:30 | INFO     | Epoch  29 | Train: Loss=0.0848, Acc=0.9678 | Val: Loss=0.1203, Acc=0.9578, F1=0.9576 | LR=0.000050 🏆 [最佳模型]
2025-07-25 20:12:36 | INFO     | Epoch 30:
2025-07-25 20:12:36 | INFO     |   训练指标:
2025-07-25 20:12:36 | INFO     |     损失(ce): 0.093885
2025-07-25 20:12:36 | INFO     |     准确率: 0.964453
2025-07-25 20:12:36 | INFO     |     学习率: 0.00005000
2025-07-25 20:12:36 | INFO     |   验证指标(标准CE):
2025-07-25 20:12:36 | INFO     |     损失: 0.096118
2025-07-25 20:12:36 | INFO     |     准确率: 0.963137
2025-07-25 20:12:36 | INFO     |     F1(macro): 0.964319
2025-07-25 20:12:36 | INFO     |     F1(weighted): 0.963277
2025-07-25 20:12:36 | INFO     |     精确率: 0.968162
2025-07-25 20:12:36 | INFO     |     召回率: 0.963851
2025-07-25 20:12:36 | INFO     |   学习率调度器: f1_based
2025-07-25 20:12:36 | INFO     | ------------------------------------------------------------
2025-07-25 20:12:36 | INFO     | Epoch  30 | Train: Loss=0.0939, Acc=0.9645 | Val: Loss=0.0961, Acc=0.9631, F1=0.9633 | LR=0.000050 🏆 [最佳模型]
2025-07-25 20:19:42 | INFO     | Epoch 31:
2025-07-25 20:19:42 | INFO     |   训练指标:
2025-07-25 20:19:42 | INFO     |     损失(ce): 0.093677
2025-07-25 20:19:42 | INFO     |     准确率: 0.964789
2025-07-25 20:19:42 | INFO     |     学习率: 0.00005000
2025-07-25 20:19:42 | INFO     |   验证指标(标准CE):
2025-07-25 20:19:42 | INFO     |     损失: 0.069909
2025-07-25 20:19:42 | INFO     |     准确率: 0.969169
2025-07-25 20:19:42 | INFO     |     F1(macro): 0.970401
2025-07-25 20:19:42 | INFO     |     F1(weighted): 0.968948
2025-07-25 20:19:42 | INFO     |     精确率: 0.971476
2025-07-25 20:19:42 | INFO     |     召回率: 0.970962
2025-07-25 20:19:42 | INFO     |   学习率调度器: f1_based
2025-07-25 20:19:42 | INFO     | ------------------------------------------------------------
2025-07-25 20:19:42 | INFO     | Epoch  31 | Train: Loss=0.0937, Acc=0.9648 | Val: Loss=0.0699, Acc=0.9692, F1=0.9689 | LR=0.000050 🏆 [最佳模型]
2025-07-25 20:26:48 | INFO     | Epoch 32:
2025-07-25 20:26:48 | INFO     |   训练指标:
2025-07-25 20:26:48 | INFO     |     损失(ce): 0.081069
2025-07-25 20:26:48 | INFO     |     准确率: 0.971496
2025-07-25 20:26:48 | INFO     |     学习率: 0.00005000
2025-07-25 20:26:48 | INFO     |   验证指标(标准CE):
2025-07-25 20:26:48 | INFO     |     损失: 0.281234
2025-07-25 20:26:48 | INFO     |     准确率: 0.937668
2025-07-25 20:26:48 | INFO     |     F1(macro): 0.942522
2025-07-25 20:26:48 | INFO     |     F1(weighted): 0.939842
2025-07-25 20:26:48 | INFO     |     精确率: 0.957001
2025-07-25 20:26:48 | INFO     |     召回率: 0.939611
2025-07-25 20:26:48 | INFO     |   学习率调度器: f1_based
2025-07-25 20:26:48 | INFO     | ------------------------------------------------------------
2025-07-25 20:26:48 | INFO     | Epoch  32 | Train: Loss=0.0811, Acc=0.9715 | Val: Loss=0.2812, Acc=0.9377, F1=0.9398 | LR=0.000050 
2025-07-25 20:33:54 | INFO     | Epoch 33:
2025-07-25 20:33:54 | INFO     |   训练指标:
2025-07-25 20:33:54 | INFO     |     损失(ce): 0.088508
2025-07-25 20:33:54 | INFO     |     准确率: 0.967639
2025-07-25 20:33:54 | INFO     |     学习率: 0.00005000
2025-07-25 20:33:54 | INFO     |   验证指标(标准CE):
2025-07-25 20:33:54 | INFO     |     损失: 0.062171
2025-07-25 20:33:54 | INFO     |     准确率: 0.973861
2025-07-25 20:33:54 | INFO     |     F1(macro): 0.974708
2025-07-25 20:33:54 | INFO     |     F1(weighted): 0.973674
2025-07-25 20:33:54 | INFO     |     精确率: 0.976368
2025-07-25 20:33:54 | INFO     |     召回率: 0.974676
2025-07-25 20:33:54 | INFO     |   学习率调度器: f1_based
2025-07-25 20:33:54 | INFO     | ------------------------------------------------------------
2025-07-25 20:33:54 | INFO     | Epoch  33 | Train: Loss=0.0885, Acc=0.9676 | Val: Loss=0.0622, Acc=0.9739, F1=0.9737 | LR=0.000050 🏆 [最佳模型]
2025-07-25 20:41:00 | INFO     | Epoch 34:
2025-07-25 20:41:00 | INFO     |   训练指标:
2025-07-25 20:41:00 | INFO     |     损失(ce): 0.081121
2025-07-25 20:41:00 | INFO     |     准确率: 0.967807
2025-07-25 20:41:00 | INFO     |     学习率: 0.00005000
2025-07-25 20:41:00 | INFO     |   验证指标(标准CE):
2025-07-25 20:41:00 | INFO     |     损失: 0.129549
2025-07-25 20:41:00 | INFO     |     准确率: 0.957775
2025-07-25 20:41:00 | INFO     |     F1(macro): 0.960603
2025-07-25 20:41:00 | INFO     |     F1(weighted): 0.958573
2025-07-25 20:41:00 | INFO     |     精确率: 0.967771
2025-07-25 20:41:00 | INFO     |     召回率: 0.960304
2025-07-25 20:41:00 | INFO     |   学习率调度器: f1_based
2025-07-25 20:41:00 | INFO     | ------------------------------------------------------------
2025-07-25 20:41:00 | INFO     | Epoch  34 | Train: Loss=0.0811, Acc=0.9678 | Val: Loss=0.1295, Acc=0.9578, F1=0.9586 | LR=0.000050 
2025-07-25 20:48:06 | INFO     | Epoch 35:
2025-07-25 20:48:06 | INFO     |   训练指标:
2025-07-25 20:48:06 | INFO     |     损失(ce): 0.092561
2025-07-25 20:48:06 | INFO     |     准确率: 0.966968
2025-07-25 20:48:06 | INFO     |     学习率: 0.00005000
2025-07-25 20:48:06 | INFO     |   验证指标(标准CE):
2025-07-25 20:48:06 | INFO     |     损失: 0.109662
2025-07-25 20:48:06 | INFO     |     准确率: 0.957105
2025-07-25 20:48:06 | INFO     |     F1(macro): 0.959495
2025-07-25 20:48:06 | INFO     |     F1(weighted): 0.957455
2025-07-25 20:48:06 | INFO     |     精确率: 0.965082
2025-07-25 20:48:06 | INFO     |     召回率: 0.959639
2025-07-25 20:48:06 | INFO     |   学习率调度器: f1_based
2025-07-25 20:48:06 | INFO     | ------------------------------------------------------------
2025-07-25 20:48:06 | INFO     | Epoch  35 | Train: Loss=0.0926, Acc=0.9670 | Val: Loss=0.1097, Acc=0.9571, F1=0.9575 | LR=0.000050 
2025-07-25 20:55:11 | INFO     | Epoch 36:
2025-07-25 20:55:11 | INFO     |   训练指标:
2025-07-25 20:55:11 | INFO     |     损失(ce): 0.084310
2025-07-25 20:55:11 | INFO     |     准确率: 0.970490
2025-07-25 20:55:11 | INFO     |     学习率: 0.00005000
2025-07-25 20:55:11 | INFO     |   验证指标(标准CE):
2025-07-25 20:55:11 | INFO     |     损失: 0.115459
2025-07-25 20:55:11 | INFO     |     准确率: 0.964477
2025-07-25 20:55:11 | INFO     |     F1(macro): 0.966387
2025-07-25 20:55:11 | INFO     |     F1(weighted): 0.964529
2025-07-25 20:55:11 | INFO     |     精确率: 0.971875
2025-07-25 20:55:11 | INFO     |     召回率: 0.965866
2025-07-25 20:55:11 | INFO     |   学习率调度器: f1_based
2025-07-25 20:55:11 | INFO     | ------------------------------------------------------------
2025-07-25 20:55:11 | INFO     | Epoch  36 | Train: Loss=0.0843, Acc=0.9705 | Val: Loss=0.1155, Acc=0.9645, F1=0.9645 | LR=0.000050 
2025-07-25 21:02:17 | INFO     | Epoch 37:
2025-07-25 21:02:17 | INFO     |   训练指标:
2025-07-25 21:02:17 | INFO     |     损失(ce): 0.078047
2025-07-25 21:02:17 | INFO     |     准确率: 0.970490
2025-07-25 21:02:17 | INFO     |     学习率: 0.00005000
2025-07-25 21:02:17 | INFO     |   验证指标(标准CE):
2025-07-25 21:02:17 | INFO     |     损失: 0.146354
2025-07-25 21:02:17 | INFO     |     准确率: 0.949062
2025-07-25 21:02:17 | INFO     |     F1(macro): 0.951656
2025-07-25 21:02:17 | INFO     |     F1(weighted): 0.949758
2025-07-25 21:02:17 | INFO     |     精确率: 0.960771
2025-07-25 21:02:17 | INFO     |     召回率: 0.952506
2025-07-25 21:02:17 | INFO     |   学习率调度器: f1_based
2025-07-25 21:02:17 | INFO     | ------------------------------------------------------------
2025-07-25 21:02:17 | INFO     | Epoch  37 | Train: Loss=0.0780, Acc=0.9705 | Val: Loss=0.1464, Acc=0.9491, F1=0.9498 | LR=0.000050 
2025-07-25 21:09:23 | INFO     | Epoch 38:
2025-07-25 21:09:23 | INFO     |   训练指标:
2025-07-25 21:09:23 | INFO     |     损失(ce): 0.084089
2025-07-25 21:09:23 | INFO     |     准确率: 0.967975
2025-07-25 21:09:23 | INFO     |     学习率: 0.00005000
2025-07-25 21:09:23 | INFO     |   验证指标(标准CE):
2025-07-25 21:09:23 | INFO     |     损失: 0.133484
2025-07-25 21:09:23 | INFO     |     准确率: 0.956434
2025-07-25 21:09:23 | INFO     |     F1(macro): 0.957946
2025-07-25 21:09:23 | INFO     |     F1(weighted): 0.956342
2025-07-25 21:09:23 | INFO     |     精确率: 0.965012
2025-07-25 21:09:23 | INFO     |     召回率: 0.957821
2025-07-25 21:09:23 | INFO     |   学习率调度器: f1_based
2025-07-25 21:09:23 | INFO     | ------------------------------------------------------------
2025-07-25 21:09:23 | INFO     | Epoch  38 | Train: Loss=0.0841, Acc=0.9680 | Val: Loss=0.1335, Acc=0.9564, F1=0.9563 | LR=0.000050 
2025-07-25 21:16:28 | INFO     | Epoch 39:
2025-07-25 21:16:28 | INFO     |   训练指标:
2025-07-25 21:16:28 | INFO     |     损失(ce): 0.079072
2025-07-25 21:16:28 | INFO     |     准确率: 0.969987
2025-07-25 21:16:28 | INFO     |     学习率: 0.00005000
2025-07-25 21:16:28 | INFO     |   验证指标(标准CE):
2025-07-25 21:16:28 | INFO     |     损失: 0.141369
2025-07-25 21:16:28 | INFO     |     准确率: 0.963137
2025-07-25 21:16:28 | INFO     |     F1(macro): 0.965633
2025-07-25 21:16:28 | INFO     |     F1(weighted): 0.963381
2025-07-25 21:16:28 | INFO     |     精确率: 0.970824
2025-07-25 21:16:28 | INFO     |     召回率: 0.965629
2025-07-25 21:16:28 | INFO     |   学习率调度器: f1_based
2025-07-25 21:16:28 | INFO     | ------------------------------------------------------------
2025-07-25 21:16:28 | INFO     | 🎯 学习率调整事件:
2025-07-25 21:16:28 | INFO     |   调度器类型: f1_based
2025-07-25 21:16:28 | INFO     |   学习率变化: 0.00005000 → 0.00002500
2025-07-25 21:16:28 | INFO     |   触发条件: F1分数 = 0.963381
2025-07-25 21:16:28 | INFO     |   变化幅度: -50.00%
2025-07-25 21:16:28 | INFO     | ------------------------------------------------------------
2025-07-25 21:16:28 | INFO     | Epoch  39 | Train: Loss=0.0791, Acc=0.9700 | Val: Loss=0.1414, Acc=0.9631, F1=0.9634 | LR=0.000025 
2025-07-25 21:23:34 | INFO     | Epoch 40:
2025-07-25 21:23:34 | INFO     |   训练指标:
2025-07-25 21:23:34 | INFO     |     损失(ce): 0.053814
2025-07-25 21:23:34 | INFO     |     准确率: 0.977364
2025-07-25 21:23:34 | INFO     |     学习率: 0.00002500
2025-07-25 21:23:34 | INFO     |   验证指标(标准CE):
2025-07-25 21:23:34 | INFO     |     损失: 0.075903
2025-07-25 21:23:34 | INFO     |     准确率: 0.969169
2025-07-25 21:23:34 | INFO     |     F1(macro): 0.970471
2025-07-25 21:23:34 | INFO     |     F1(weighted): 0.969076
2025-07-25 21:23:34 | INFO     |     精确率: 0.974245
2025-07-25 21:23:34 | INFO     |     召回率: 0.970777
2025-07-25 21:23:34 | INFO     |   学习率调度器: f1_based
2025-07-25 21:23:34 | INFO     | ------------------------------------------------------------
2025-07-25 21:23:34 | INFO     | Epoch  40 | Train: Loss=0.0538, Acc=0.9774 | Val: Loss=0.0759, Acc=0.9692, F1=0.9691 | LR=0.000025 
2025-07-25 21:30:39 | INFO     | Epoch 41:
2025-07-25 21:30:39 | INFO     |   训练指标:
2025-07-25 21:30:39 | INFO     |     损失(ce): 0.054320
2025-07-25 21:30:39 | INFO     |     准确率: 0.975352
2025-07-25 21:30:39 | INFO     |     学习率: 0.00002500
2025-07-25 21:30:39 | INFO     |   验证指标(标准CE):
2025-07-25 21:30:39 | INFO     |     损失: 0.062922
2025-07-25 21:30:39 | INFO     |     准确率: 0.974531
2025-07-25 21:30:39 | INFO     |     F1(macro): 0.975525
2025-07-25 21:30:39 | INFO     |     F1(weighted): 0.974672
2025-07-25 21:30:39 | INFO     |     精确率: 0.976852
2025-07-25 21:30:39 | INFO     |     召回率: 0.975678
2025-07-25 21:30:39 | INFO     |   学习率调度器: f1_based
2025-07-25 21:30:39 | INFO     | ------------------------------------------------------------
2025-07-25 21:30:39 | INFO     | Epoch  41 | Train: Loss=0.0543, Acc=0.9754 | Val: Loss=0.0629, Acc=0.9745, F1=0.9747 | LR=0.000025 🏆 [最佳模型]
2025-07-25 21:37:45 | INFO     | Epoch 42:
2025-07-25 21:37:45 | INFO     |   训练指标:
2025-07-25 21:37:45 | INFO     |     损失(ce): 0.049982
2025-07-25 21:37:45 | INFO     |     准确率: 0.979544
2025-07-25 21:37:45 | INFO     |     学习率: 0.00002500
2025-07-25 21:37:45 | INFO     |   验证指标(标准CE):
2025-07-25 21:37:45 | INFO     |     损失: 0.090613
2025-07-25 21:37:45 | INFO     |     准确率: 0.970509
2025-07-25 21:37:45 | INFO     |     F1(macro): 0.972270
2025-07-25 21:37:45 | INFO     |     F1(weighted): 0.970812
2025-07-25 21:37:45 | INFO     |     精确率: 0.975281
2025-07-25 21:37:45 | INFO     |     召回率: 0.972121
2025-07-25 21:37:45 | INFO     |   学习率调度器: f1_based
2025-07-25 21:37:45 | INFO     | ------------------------------------------------------------
2025-07-25 21:37:45 | INFO     | Epoch  42 | Train: Loss=0.0500, Acc=0.9795 | Val: Loss=0.0906, Acc=0.9705, F1=0.9708 | LR=0.000025 
2025-07-25 21:44:50 | INFO     | Epoch 43:
2025-07-25 21:44:50 | INFO     |   训练指标:
2025-07-25 21:44:50 | INFO     |     损失(ce): 0.050530
2025-07-25 21:44:50 | INFO     |     准确率: 0.979712
2025-07-25 21:44:50 | INFO     |     学习率: 0.00002500
2025-07-25 21:44:50 | INFO     |   验证指标(标准CE):
2025-07-25 21:44:50 | INFO     |     损失: 0.105422
2025-07-25 21:44:50 | INFO     |     准确率: 0.965818
2025-07-25 21:44:50 | INFO     |     F1(macro): 0.967201
2025-07-25 21:44:50 | INFO     |     F1(weighted): 0.965865
2025-07-25 21:44:50 | INFO     |     精确率: 0.972351
2025-07-25 21:44:50 | INFO     |     召回率: 0.966340
2025-07-25 21:44:50 | INFO     |   学习率调度器: f1_based
2025-07-25 21:44:50 | INFO     | ------------------------------------------------------------
2025-07-25 21:44:50 | INFO     | Epoch  43 | Train: Loss=0.0505, Acc=0.9797 | Val: Loss=0.1054, Acc=0.9658, F1=0.9659 | LR=0.000025 
2025-07-25 21:51:55 | INFO     | Epoch 44:
2025-07-25 21:51:55 | INFO     |   训练指标:
2025-07-25 21:51:55 | INFO     |     损失(ce): 0.054790
2025-07-25 21:51:55 | INFO     |     准确率: 0.978035
2025-07-25 21:51:55 | INFO     |     学习率: 0.00002500
2025-07-25 21:51:55 | INFO     |   验证指标(标准CE):
2025-07-25 21:51:55 | INFO     |     损失: 0.065861
2025-07-25 21:51:55 | INFO     |     准确率: 0.970509
2025-07-25 21:51:55 | INFO     |     F1(macro): 0.970969
2025-07-25 21:51:55 | INFO     |     F1(weighted): 0.970232
2025-07-25 21:51:55 | INFO     |     精确率: 0.974197
2025-07-25 21:51:55 | INFO     |     召回率: 0.972208
2025-07-25 21:51:55 | INFO     |   学习率调度器: f1_based
2025-07-25 21:51:55 | INFO     | ------------------------------------------------------------
2025-07-25 21:51:55 | INFO     | Epoch  44 | Train: Loss=0.0548, Acc=0.9780 | Val: Loss=0.0659, Acc=0.9705, F1=0.9702 | LR=0.000025 
2025-07-25 21:59:00 | INFO     | Epoch 45:
2025-07-25 21:59:00 | INFO     |   训练指标:
2025-07-25 21:59:00 | INFO     |     损失(ce): 0.046681
2025-07-25 21:59:00 | INFO     |     准确率: 0.978873
2025-07-25 21:59:00 | INFO     |     学习率: 0.00002500
2025-07-25 21:59:00 | INFO     |   验证指标(标准CE):
2025-07-25 21:59:00 | INFO     |     损失: 0.072683
2025-07-25 21:59:00 | INFO     |     准确率: 0.974531
2025-07-25 21:59:00 | INFO     |     F1(macro): 0.975752
2025-07-25 21:59:00 | INFO     |     F1(weighted): 0.974545
2025-07-25 21:59:00 | INFO     |     精确率: 0.977058
2025-07-25 21:59:00 | INFO     |     召回率: 0.975611
2025-07-25 21:59:00 | INFO     |   学习率调度器: f1_based
2025-07-25 21:59:00 | INFO     | ------------------------------------------------------------
2025-07-25 21:59:00 | INFO     | Epoch  45 | Train: Loss=0.0467, Acc=0.9789 | Val: Loss=0.0727, Acc=0.9745, F1=0.9745 | LR=0.000025 
2025-07-25 22:06:05 | INFO     | Epoch 46:
2025-07-25 22:06:05 | INFO     |   训练指标:
2025-07-25 22:06:05 | INFO     |     损失(ce): 0.050922
2025-07-25 22:06:05 | INFO     |     准确率: 0.979209
2025-07-25 22:06:05 | INFO     |     学习率: 0.00002500
2025-07-25 22:06:05 | INFO     |   验证指标(标准CE):
2025-07-25 22:06:05 | INFO     |     损失: 0.078299
2025-07-25 22:06:05 | INFO     |     准确率: 0.973190
2025-07-25 22:06:05 | INFO     |     F1(macro): 0.974544
2025-07-25 22:06:05 | INFO     |     F1(weighted): 0.973258
2025-07-25 22:06:05 | INFO     |     精确率: 0.977282
2025-07-25 22:06:05 | INFO     |     召回率: 0.973266
2025-07-25 22:06:05 | INFO     |   学习率调度器: f1_based
2025-07-25 22:06:05 | INFO     | ------------------------------------------------------------
2025-07-25 22:06:05 | INFO     | Epoch  46 | Train: Loss=0.0509, Acc=0.9792 | Val: Loss=0.0783, Acc=0.9732, F1=0.9733 | LR=0.000025 
2025-07-25 22:13:10 | INFO     | Epoch 47:
2025-07-25 22:13:10 | INFO     |   训练指标:
2025-07-25 22:13:10 | INFO     |     损失(ce): 0.058633
2025-07-25 22:13:10 | INFO     |     准确率: 0.977364
2025-07-25 22:13:10 | INFO     |     学习率: 0.00002500
2025-07-25 22:13:10 | INFO     |   验证指标(标准CE):
2025-07-25 22:13:10 | INFO     |     损失: 0.059756
2025-07-25 22:13:10 | INFO     |     准确率: 0.977212
2025-07-25 22:13:10 | INFO     |     F1(macro): 0.978218
2025-07-25 22:13:10 | INFO     |     F1(weighted): 0.977465
2025-07-25 22:13:10 | INFO     |     精确率: 0.980599
2025-07-25 22:13:10 | INFO     |     召回率: 0.977634
2025-07-25 22:13:10 | INFO     |   学习率调度器: f1_based
2025-07-25 22:13:10 | INFO     | ------------------------------------------------------------
2025-07-25 22:13:10 | INFO     | Epoch  47 | Train: Loss=0.0586, Acc=0.9774 | Val: Loss=0.0598, Acc=0.9772, F1=0.9775 | LR=0.000025 🏆 [最佳模型]
2025-07-25 22:20:15 | INFO     | Epoch 48:
2025-07-25 22:20:15 | INFO     |   训练指标:
2025-07-25 22:20:15 | INFO     |     损失(ce): 0.047632
2025-07-25 22:20:15 | INFO     |     准确率: 0.979544
2025-07-25 22:20:15 | INFO     |     学习率: 0.00002500
2025-07-25 22:20:15 | INFO     |   验证指标(标准CE):
2025-07-25 22:20:15 | INFO     |     损失: 0.101730
2025-07-25 22:20:15 | INFO     |     准确率: 0.965818
2025-07-25 22:20:15 | INFO     |     F1(macro): 0.967672
2025-07-25 22:20:15 | INFO     |     F1(weighted): 0.966193
2025-07-25 22:20:15 | INFO     |     精确率: 0.974573
2025-07-25 22:20:15 | INFO     |     召回率: 0.967145
2025-07-25 22:20:15 | INFO     |   学习率调度器: f1_based
2025-07-25 22:20:15 | INFO     | ------------------------------------------------------------
2025-07-25 22:20:15 | INFO     | Epoch  48 | Train: Loss=0.0476, Acc=0.9795 | Val: Loss=0.1017, Acc=0.9658, F1=0.9662 | LR=0.000025 
2025-07-25 22:27:20 | INFO     | Epoch 49:
2025-07-25 22:27:20 | INFO     |   训练指标:
2025-07-25 22:27:20 | INFO     |     损失(ce): 0.057448
2025-07-25 22:27:20 | INFO     |     准确率: 0.977197
2025-07-25 22:27:20 | INFO     |     学习率: 0.00002500
2025-07-25 22:27:20 | INFO     |   验证指标(标准CE):
2025-07-25 22:27:20 | INFO     |     损失: 0.086486
2025-07-25 22:27:20 | INFO     |     准确率: 0.970509
2025-07-25 22:27:20 | INFO     |     F1(macro): 0.971868
2025-07-25 22:27:20 | INFO     |     F1(weighted): 0.970664
2025-07-25 22:27:20 | INFO     |     精确率: 0.976262
2025-07-25 22:27:20 | INFO     |     召回率: 0.971938
2025-07-25 22:27:20 | INFO     |   学习率调度器: f1_based
2025-07-25 22:27:20 | INFO     | ------------------------------------------------------------
2025-07-25 22:27:20 | INFO     | Epoch  49 | Train: Loss=0.0574, Acc=0.9772 | Val: Loss=0.0865, Acc=0.9705, F1=0.9707 | LR=0.000025 
2025-07-25 22:34:25 | INFO     | Epoch 50:
2025-07-25 22:34:25 | INFO     |   训练指标:
2025-07-25 22:34:25 | INFO     |     损失(ce): 0.055818
2025-07-25 22:34:25 | INFO     |     准确率: 0.978370
2025-07-25 22:34:25 | INFO     |     学习率: 0.00002500
2025-07-25 22:34:25 | INFO     |   验证指标(标准CE):
2025-07-25 22:34:25 | INFO     |     损失: 0.106922
2025-07-25 22:34:25 | INFO     |     准确率: 0.967158
2025-07-25 22:34:25 | INFO     |     F1(macro): 0.968129
2025-07-25 22:34:25 | INFO     |     F1(weighted): 0.967236
2025-07-25 22:34:25 | INFO     |     精确率: 0.972576
2025-07-25 22:34:25 | INFO     |     召回率: 0.968471
2025-07-25 22:34:25 | INFO     |   学习率调度器: f1_based
2025-07-25 22:34:25 | INFO     | ------------------------------------------------------------
2025-07-25 22:34:25 | INFO     | Epoch  50 | Train: Loss=0.0558, Acc=0.9784 | Val: Loss=0.1069, Acc=0.9672, F1=0.9672 | LR=0.000025 
2025-07-25 22:41:30 | INFO     | Epoch 51:
2025-07-25 22:41:30 | INFO     |   训练指标:
2025-07-25 22:41:30 | INFO     |     损失(ce): 0.047547
2025-07-25 22:41:30 | INFO     |     准确率: 0.978873
2025-07-25 22:41:30 | INFO     |     学习率: 0.00002500
2025-07-25 22:41:30 | INFO     |   验证指标(标准CE):
2025-07-25 22:41:30 | INFO     |     损失: 0.072756
2025-07-25 22:41:30 | INFO     |     准确率: 0.970509
2025-07-25 22:41:30 | INFO     |     F1(macro): 0.971741
2025-07-25 22:41:30 | INFO     |     F1(weighted): 0.970444
2025-07-25 22:41:30 | INFO     |     精确率: 0.974444
2025-07-25 22:41:30 | INFO     |     召回率: 0.971766
2025-07-25 22:41:30 | INFO     |   学习率调度器: f1_based
2025-07-25 22:41:30 | INFO     | ------------------------------------------------------------
2025-07-25 22:41:30 | INFO     | Epoch  51 | Train: Loss=0.0475, Acc=0.9789 | Val: Loss=0.0728, Acc=0.9705, F1=0.9704 | LR=0.000025 
2025-07-25 22:48:34 | INFO     | Epoch 52:
2025-07-25 22:48:34 | INFO     |   训练指标:
2025-07-25 22:48:34 | INFO     |     损失(ce): 0.053309
2025-07-25 22:48:34 | INFO     |     准确率: 0.979376
2025-07-25 22:48:34 | INFO     |     学习率: 0.00002500
2025-07-25 22:48:34 | INFO     |   验证指标(标准CE):
2025-07-25 22:48:34 | INFO     |     损失: 0.116189
2025-07-25 22:48:34 | INFO     |     准确率: 0.961796
2025-07-25 22:48:34 | INFO     |     F1(macro): 0.963643
2025-07-25 22:48:34 | INFO     |     F1(weighted): 0.962405
2025-07-25 22:48:34 | INFO     |     精确率: 0.971666
2025-07-25 22:48:34 | INFO     |     召回率: 0.962113
2025-07-25 22:48:34 | INFO     |   学习率调度器: f1_based
2025-07-25 22:48:34 | INFO     | ------------------------------------------------------------
2025-07-25 22:48:34 | INFO     | Epoch  52 | Train: Loss=0.0533, Acc=0.9794 | Val: Loss=0.1162, Acc=0.9618, F1=0.9624 | LR=0.000025 
2025-07-25 22:55:39 | INFO     | Epoch 53:
2025-07-25 22:55:39 | INFO     |   训练指标:
2025-07-25 22:55:39 | INFO     |     损失(ce): 0.050963
2025-07-25 22:55:39 | INFO     |     准确率: 0.977532
2025-07-25 22:55:39 | INFO     |     学习率: 0.00002500
2025-07-25 22:55:39 | INFO     |   验证指标(标准CE):
2025-07-25 22:55:39 | INFO     |     损失: 0.087440
2025-07-25 22:55:39 | INFO     |     准确率: 0.965818
2025-07-25 22:55:39 | INFO     |     F1(macro): 0.967661
2025-07-25 22:55:39 | INFO     |     F1(weighted): 0.966392
2025-07-25 22:55:39 | INFO     |     精确率: 0.974564
2025-07-25 22:55:39 | INFO     |     召回率: 0.967553
2025-07-25 22:55:39 | INFO     |   学习率调度器: f1_based
2025-07-25 22:55:39 | INFO     | ------------------------------------------------------------
2025-07-25 22:55:39 | INFO     | 🎯 学习率调整事件:
2025-07-25 22:55:39 | INFO     |   调度器类型: f1_based
2025-07-25 22:55:39 | INFO     |   学习率变化: 0.00002500 → 0.00001250
2025-07-25 22:55:39 | INFO     |   触发条件: F1分数 = 0.966392
2025-07-25 22:55:39 | INFO     |   变化幅度: -50.00%
2025-07-25 22:55:39 | INFO     | ------------------------------------------------------------
2025-07-25 22:55:39 | INFO     | Epoch  53 | Train: Loss=0.0510, Acc=0.9775 | Val: Loss=0.0874, Acc=0.9658, F1=0.9664 | LR=0.000013 
2025-07-25 23:02:44 | INFO     | Epoch 54:
2025-07-25 23:02:44 | INFO     |   训练指标:
2025-07-25 23:02:44 | INFO     |     损失(ce): 0.037224
2025-07-25 23:02:44 | INFO     |     准确率: 0.982394
2025-07-25 23:02:44 | INFO     |     学习率: 0.00001250
2025-07-25 23:02:44 | INFO     |   验证指标(标准CE):
2025-07-25 23:02:44 | INFO     |     损失: 0.070753
2025-07-25 23:02:44 | INFO     |     准确率: 0.969169
2025-07-25 23:02:44 | INFO     |     F1(macro): 0.970808
2025-07-25 23:02:44 | INFO     |     F1(weighted): 0.969125
2025-07-25 23:02:44 | INFO     |     精确率: 0.974711
2025-07-25 23:02:44 | INFO     |     召回率: 0.970869
2025-07-25 23:02:44 | INFO     |   学习率调度器: f1_based
2025-07-25 23:02:44 | INFO     | ------------------------------------------------------------
2025-07-25 23:02:44 | INFO     | Epoch  54 | Train: Loss=0.0372, Acc=0.9824 | Val: Loss=0.0708, Acc=0.9692, F1=0.9691 | LR=0.000013 
2025-07-25 23:09:49 | INFO     | Epoch 55:
2025-07-25 23:09:49 | INFO     |   训练指标:
2025-07-25 23:09:49 | INFO     |     损失(ce): 0.031571
2025-07-25 23:09:49 | INFO     |     准确率: 0.982897
2025-07-25 23:09:49 | INFO     |     学习率: 0.00001250
2025-07-25 23:09:49 | INFO     |   验证指标(标准CE):
2025-07-25 23:09:49 | INFO     |     损失: 0.092553
2025-07-25 23:09:49 | INFO     |     准确率: 0.967828
2025-07-25 23:09:49 | INFO     |     F1(macro): 0.968717
2025-07-25 23:09:49 | INFO     |     F1(weighted): 0.967756
2025-07-25 23:09:49 | INFO     |     精确率: 0.972654
2025-07-25 23:09:49 | INFO     |     召回率: 0.969768
2025-07-25 23:09:49 | INFO     |   学习率调度器: f1_based
2025-07-25 23:09:49 | INFO     | ------------------------------------------------------------
2025-07-25 23:09:49 | INFO     | Epoch  55 | Train: Loss=0.0316, Acc=0.9829 | Val: Loss=0.0926, Acc=0.9678, F1=0.9678 | LR=0.000013 
2025-07-25 23:16:54 | INFO     | Epoch 56:
2025-07-25 23:16:54 | INFO     |   训练指标:
2025-07-25 23:16:54 | INFO     |     损失(ce): 0.034217
2025-07-25 23:16:54 | INFO     |     准确率: 0.983736
2025-07-25 23:16:54 | INFO     |     学习率: 0.00001250
2025-07-25 23:16:54 | INFO     |   验证指标(标准CE):
2025-07-25 23:16:54 | INFO     |     损失: 0.079612
2025-07-25 23:16:54 | INFO     |     准确率: 0.967828
2025-07-25 23:16:54 | INFO     |     F1(macro): 0.969345
2025-07-25 23:16:54 | INFO     |     F1(weighted): 0.967812
2025-07-25 23:16:54 | INFO     |     精确率: 0.972273
2025-07-25 23:16:54 | INFO     |     召回率: 0.969298
2025-07-25 23:16:54 | INFO     |   学习率调度器: f1_based
2025-07-25 23:16:54 | INFO     | ------------------------------------------------------------
2025-07-25 23:16:54 | INFO     | Epoch  56 | Train: Loss=0.0342, Acc=0.9837 | Val: Loss=0.0796, Acc=0.9678, F1=0.9678 | LR=0.000013 
2025-07-25 23:23:58 | INFO     | Epoch 57:
2025-07-25 23:23:58 | INFO     |   训练指标:
2025-07-25 23:23:58 | INFO     |     损失(ce): 0.034231
2025-07-25 23:23:58 | INFO     |     准确率: 0.983736
2025-07-25 23:23:58 | INFO     |     学习率: 0.00001250
2025-07-25 23:23:58 | INFO     |   验证指标(标准CE):
2025-07-25 23:23:58 | INFO     |     损失: 0.094330
2025-07-25 23:23:58 | INFO     |     准确率: 0.963807
2025-07-25 23:23:58 | INFO     |     F1(macro): 0.965360
2025-07-25 23:23:58 | INFO     |     F1(weighted): 0.963881
2025-07-25 23:23:58 | INFO     |     精确率: 0.967609
2025-07-25 23:23:58 | INFO     |     召回率: 0.966114
2025-07-25 23:23:58 | INFO     |   学习率调度器: f1_based
2025-07-25 23:23:58 | INFO     | ------------------------------------------------------------
2025-07-25 23:23:58 | INFO     | Epoch  57 | Train: Loss=0.0342, Acc=0.9837 | Val: Loss=0.0943, Acc=0.9638, F1=0.9639 | LR=0.000013 
2025-07-25 23:31:03 | INFO     | Epoch 58:
2025-07-25 23:31:03 | INFO     |   训练指标:
2025-07-25 23:31:03 | INFO     |     损失(ce): 0.033840
2025-07-25 23:31:03 | INFO     |     准确率: 0.983736
2025-07-25 23:31:03 | INFO     |     学习率: 0.00001250
2025-07-25 23:31:03 | INFO     |   验证指标(标准CE):
2025-07-25 23:31:03 | INFO     |     损失: 0.062499
2025-07-25 23:31:03 | INFO     |     准确率: 0.971850
2025-07-25 23:31:03 | INFO     |     F1(macro): 0.973137
2025-07-25 23:31:03 | INFO     |     F1(weighted): 0.971947
2025-07-25 23:31:03 | INFO     |     精确率: 0.973636
2025-07-25 23:31:03 | INFO     |     召回率: 0.973104
2025-07-25 23:31:03 | INFO     |   学习率调度器: f1_based
2025-07-25 23:31:03 | INFO     | ------------------------------------------------------------
2025-07-25 23:31:03 | INFO     | Epoch  58 | Train: Loss=0.0338, Acc=0.9837 | Val: Loss=0.0625, Acc=0.9718, F1=0.9719 | LR=0.000013 
2025-07-25 23:38:08 | INFO     | Epoch 59:
2025-07-25 23:38:08 | INFO     |   训练指标:
2025-07-25 23:38:08 | INFO     |     损失(ce): 0.033510
2025-07-25 23:38:08 | INFO     |     准确率: 0.983568
2025-07-25 23:38:08 | INFO     |     学习率: 0.00001250
2025-07-25 23:38:08 | INFO     |   验证指标(标准CE):
2025-07-25 23:38:08 | INFO     |     损失: 0.066270
2025-07-25 23:38:08 | INFO     |     准确率: 0.976542
2025-07-25 23:38:08 | INFO     |     F1(macro): 0.977579
2025-07-25 23:38:08 | INFO     |     F1(weighted): 0.976553
2025-07-25 23:38:08 | INFO     |     精确率: 0.978859
2025-07-25 23:38:08 | INFO     |     召回率: 0.977379
2025-07-25 23:38:08 | INFO     |   学习率调度器: f1_based
2025-07-25 23:38:08 | INFO     | ------------------------------------------------------------
2025-07-25 23:38:08 | INFO     | Epoch  59 | Train: Loss=0.0335, Acc=0.9836 | Val: Loss=0.0663, Acc=0.9765, F1=0.9766 | LR=0.000013 
2025-07-25 23:45:13 | INFO     | Epoch 60:
2025-07-25 23:45:13 | INFO     |   训练指标:
2025-07-25 23:45:13 | INFO     |     损失(ce): 0.034241
2025-07-25 23:45:13 | INFO     |     准确率: 0.984071
2025-07-25 23:45:13 | INFO     |     学习率: 0.00001250
2025-07-25 23:45:13 | INFO     |   验证指标(标准CE):
2025-07-25 23:45:13 | INFO     |     损失: 0.066465
2025-07-25 23:45:13 | INFO     |     准确率: 0.971850
2025-07-25 23:45:13 | INFO     |     F1(macro): 0.972969
2025-07-25 23:45:13 | INFO     |     F1(weighted): 0.971804
2025-07-25 23:45:13 | INFO     |     精确率: 0.974531
2025-07-25 23:45:13 | INFO     |     召回率: 0.973521
2025-07-25 23:45:13 | INFO     |   学习率调度器: f1_based
2025-07-25 23:45:13 | INFO     | ------------------------------------------------------------
2025-07-25 23:45:13 | INFO     | Epoch  60 | Train: Loss=0.0342, Acc=0.9841 | Val: Loss=0.0665, Acc=0.9718, F1=0.9718 | LR=0.000013 
2025-07-25 23:52:18 | INFO     | Epoch 61:
2025-07-25 23:52:18 | INFO     |   训练指标:
2025-07-25 23:52:18 | INFO     |     损失(ce): 0.036900
2025-07-25 23:52:18 | INFO     |     准确率: 0.983065
2025-07-25 23:52:18 | INFO     |     学习率: 0.00001250
2025-07-25 23:52:18 | INFO     |   验证指标(标准CE):
2025-07-25 23:52:18 | INFO     |     损失: 0.084730
2025-07-25 23:52:18 | INFO     |     准确率: 0.973190
2025-07-25 23:52:18 | INFO     |     F1(macro): 0.974534
2025-07-25 23:52:18 | INFO     |     F1(weighted): 0.973243
2025-07-25 23:52:18 | INFO     |     精确率: 0.979216
2025-07-25 23:52:18 | INFO     |     召回率: 0.974727
2025-07-25 23:52:18 | INFO     |   学习率调度器: f1_based
2025-07-25 23:52:18 | INFO     | ------------------------------------------------------------
2025-07-25 23:52:18 | INFO     | 🎯 学习率调整事件:
2025-07-25 23:52:18 | INFO     |   调度器类型: f1_based
2025-07-25 23:52:18 | INFO     |   学习率变化: 0.00001250 → 0.00000625
2025-07-25 23:52:18 | INFO     |   触发条件: F1分数 = 0.973243
2025-07-25 23:52:18 | INFO     |   变化幅度: -50.00%
2025-07-25 23:52:18 | INFO     | ------------------------------------------------------------
2025-07-25 23:52:18 | INFO     | Epoch  61 | Train: Loss=0.0369, Acc=0.9831 | Val: Loss=0.0847, Acc=0.9732, F1=0.9732 | LR=0.000006 
2025-07-25 23:59:23 | INFO     | Epoch 62:
2025-07-25 23:59:23 | INFO     |   训练指标:
2025-07-25 23:59:23 | INFO     |     损失(ce): 0.028531
2025-07-25 23:59:23 | INFO     |     准确率: 0.985245
2025-07-25 23:59:23 | INFO     |     学习率: 0.00000625
2025-07-25 23:59:23 | INFO     |   验证指标(标准CE):
2025-07-25 23:59:23 | INFO     |     损失: 0.072800
2025-07-25 23:59:23 | INFO     |     准确率: 0.970509
2025-07-25 23:59:23 | INFO     |     F1(macro): 0.971809
2025-07-25 23:59:23 | INFO     |     F1(weighted): 0.970442
2025-07-25 23:59:23 | INFO     |     精确率: 0.975262
2025-07-25 23:59:23 | INFO     |     召回率: 0.972336
2025-07-25 23:59:23 | INFO     |   学习率调度器: f1_based
2025-07-25 23:59:23 | INFO     | ------------------------------------------------------------
2025-07-25 23:59:23 | INFO     | Epoch  62 | Train: Loss=0.0285, Acc=0.9852 | Val: Loss=0.0728, Acc=0.9705, F1=0.9704 | LR=0.000006 
2025-07-25 23:59:23 | INFO     | ⏹️ 早停触发，在第 62 轮停止训练
2025-07-25 23:59:57 | INFO     | 训练历史已保存到: ./result/0725_1638_DualGAF_DDAHU_DualGAFNet_large-kernel+concat+channel+mlp_sl96_step96_fd128_extractor-large_kernel_gaf-concat_attention-channel_classifier-mlp_stat-basic_fusion-concat/training_history.csv
2025-07-25 23:59:57 | INFO     | 
====================================================================================================
2025-07-25 23:59:57 | INFO     | 🎉 训练完成总结:
2025-07-25 23:59:57 | INFO     |   训练损失函数: ce
2025-07-25 23:59:57 | INFO     |   验证损失函数: 标准交叉熵（遵循主流ML规范）
2025-07-25 23:59:57 | INFO     |   训练过程最佳验证准确率: 0.9772
2025-07-25 23:59:57 | INFO     |   训练过程最佳验证F1(macro): 0.9782
2025-07-25 23:59:57 | INFO     |   训练过程最佳验证F1(weighted): 0.9775
2025-07-25 23:59:57 | INFO     |   训练轮数: 62
2025-07-25 23:59:57 | INFO     | --------------------------------------------------
2025-07-25 23:59:57 | INFO     | 📊 最佳模型真实性能指标（基于标准交叉熵损失）:
2025-07-25 23:59:57 | INFO     |   验证损失(标准CE): 0.0598
2025-07-25 23:59:57 | INFO     |   验证准确率: 0.9772
2025-07-25 23:59:57 | INFO     |   验证F1(macro): 0.9782
2025-07-25 23:59:57 | INFO     |   验证F1(weighted): 0.9775
2025-07-25 23:59:57 | INFO     |   验证精确率: 0.9806
2025-07-25 23:59:57 | INFO     |   验证召回率: 0.9776
2025-07-25 23:59:57 | INFO     | ====================================================================================================
2025-07-25 23:59:59 | INFO     | ================================================================================
2025-07-25 23:59:59 | INFO     | 实验日志结束: DualGAF_DDAHU_DualGAFNet_large-kernel+concat+channel+mlp_sl96_step96_fd128_extractor-large_kernel_gaf-concat_attention-channel_classifier-mlp_stat-basic_fusion-concat
2025-07-25 23:59:59 | INFO     | 结束时间: 2025-07-25 23:59:59
2025-07-25 23:59:59 | INFO     | ================================================================================
