2025-07-22 22:18:10 | INFO     | ================================================================================
2025-07-22 22:18:10 | INFO     | 实验日志开始: DualGAF_DualGAFNet_自注意力-0到1的归一化_sl96_step96_fd128_extractor-dilated_gaf-adaptive_attention-self_classifier-mlp_stat-basic_fusion-concat
2025-07-22 22:18:10 | INFO     | 日志文件: ./result/0722_2218_DualGAF_DualGAFNet_自注意力-0到1的归一化_sl96_step96_fd128_extractor-dilated_gaf-adaptive_attention-self_classifier-mlp_stat-basic_fusion-concat/training.log
2025-07-22 22:18:10 | INFO     | 开始时间: 2025-07-22 22:18:10
2025-07-22 22:18:10 | INFO     | ================================================================================
2025-07-22 22:18:10 | INFO     | ⚙️ 实验配置:
2025-07-22 22:18:10 | INFO     |    task_name: classification
2025-07-22 22:18:10 | INFO     |    is_training: 1
2025-07-22 22:18:10 | INFO     |    model_id: test
2025-07-22 22:18:10 | INFO     |    model: DualGAFNet
2025-07-22 22:18:10 | INFO     |    data: DualGAF
2025-07-22 22:18:10 | INFO     |    root_path: ./dataset/SAHU/direct_5_working
2025-07-22 22:18:10 | INFO     |    step: 96
2025-07-22 22:18:10 | INFO     |    checkpoints: ./checkpoints/
2025-07-22 22:18:10 | INFO     |    num_class: 9
2025-07-22 22:18:10 | INFO     |    result_path: ./result/
2025-07-22 22:18:10 | INFO     |    test_size: 0.2
2025-07-22 22:18:10 | INFO     |    rows: None
2025-07-22 22:18:10 | INFO     |    seq_len: 96
2025-07-22 22:18:10 | INFO     |    enc_in: 26
2025-07-22 22:18:10 | INFO     |    d_model: 512
2025-07-22 22:18:10 | INFO     |    n_heads: 8
2025-07-22 22:18:10 | INFO     |    e_layers: 2
2025-07-22 22:18:10 | INFO     |    d_layers: 1
2025-07-22 22:18:10 | INFO     |    d_ff: 2048
2025-07-22 22:18:10 | INFO     |    moving_avg: 25
2025-07-22 22:18:10 | INFO     |    factor: 1
2025-07-22 22:18:10 | INFO     |    distil: True
2025-07-22 22:18:10 | INFO     |    dropout: 0.1
2025-07-22 22:18:10 | INFO     |    embed: timeF
2025-07-22 22:18:10 | INFO     |    activation: gelu
2025-07-22 22:18:10 | INFO     |    use_norm: 1
2025-07-22 22:18:10 | INFO     |    gaf_method: summation
2025-07-22 22:18:10 | INFO     |    feature_dim: 128
2025-07-22 22:18:10 | INFO     |    data_type_method: uint8
2025-07-22 22:18:10 | INFO     |    use_attention: True
2025-07-22 22:18:10 | INFO     |    hidden_dim: 64
2025-07-22 22:18:10 | INFO     |    sample_size: 1000
2025-07-22 22:18:10 | INFO     |    channel_groups: None
2025-07-22 22:18:10 | INFO     |    hvac_groups: None
2025-07-22 22:18:10 | INFO     |    extractor_type: dilated
2025-07-22 22:18:10 | INFO     |    fusion_type: adaptive
2025-07-22 22:18:10 | INFO     |    attention_type: self
2025-07-22 22:18:10 | INFO     |    classifier_type: mlp
2025-07-22 22:18:10 | INFO     |    use_statistical_features: True
2025-07-22 22:18:10 | INFO     |    stat_type: basic
2025-07-22 22:18:10 | INFO     |    multimodal_fusion_strategy: concat
2025-07-22 22:18:10 | INFO     |    use_signal_level_stats: False
2025-07-22 22:18:10 | INFO     |    signal_stat_type: comprehensive
2025-07-22 22:18:10 | INFO     |    signal_stat_fusion_strategy: concat_project
2025-07-22 22:18:10 | INFO     |    signal_stat_feature_dim: 32
2025-07-22 22:18:10 | INFO     |    use_diff_branch: True
2025-07-22 22:18:10 | INFO     |    ablation_mode: none
2025-07-22 22:18:10 | INFO     |    backbone_type: resnet18
2025-07-22 22:18:10 | INFO     |    use_sum_branch: True
2025-07-22 22:18:10 | INFO     |    num_workers: 0
2025-07-22 22:18:10 | INFO     |    cuda_debug: False
2025-07-22 22:18:10 | INFO     |    gpu_memory_fraction: 0.9
2025-07-22 22:18:10 | INFO     |    safe_mode: True
2025-07-22 22:18:10 | INFO     |    drop_last_batch: True
2025-07-22 22:18:10 | INFO     |    itr: 1
2025-07-22 22:18:10 | INFO     |    train_epochs: 300
2025-07-22 22:18:10 | INFO     |    batch_size: 4
2025-07-22 22:18:10 | INFO     |    patience: 15
2025-07-22 22:18:10 | INFO     |    learning_rate: 0.0001
2025-07-22 22:18:10 | INFO     |    des: 自注意力-0到1的归一化
2025-07-22 22:18:10 | INFO     |    loss: MSE
2025-07-22 22:18:10 | INFO     |    lradj: type1
2025-07-22 22:18:10 | INFO     |    lr_scheduler_type: f1_based
2025-07-22 22:18:10 | INFO     |    lr_loss_weight: 0.3
2025-07-22 22:18:10 | INFO     |    lr_f1_weight: 0.7
2025-07-22 22:18:10 | INFO     |    use_amp: False
2025-07-22 22:18:10 | INFO     |    gradient_accumulation_steps: 2
2025-07-22 22:18:10 | INFO     |    enable_auto_gradient_accumulation: True
2025-07-22 22:18:10 | INFO     |    loss_type: ce
2025-07-22 22:18:10 | INFO     |    label_smoothing: 0.1
2025-07-22 22:18:10 | INFO     |    focal_alpha: 1.0
2025-07-22 22:18:10 | INFO     |    focal_gamma: 2.0
2025-07-22 22:18:10 | INFO     |    confidence_penalty_beta: 0.1
2025-07-22 22:18:10 | INFO     |    use_timm_loss: True
2025-07-22 22:18:10 | INFO     |    adaptive_initial_smoothing: 0.2
2025-07-22 22:18:10 | INFO     |    adaptive_final_smoothing: 0.05
2025-07-22 22:18:10 | INFO     |    adaptive_decay_epochs: 30
2025-07-22 22:18:10 | INFO     |    enable_class_weights: False
2025-07-22 22:18:10 | INFO     |    class_weights: None
2025-07-22 22:18:10 | INFO     |    loss_preset: None
2025-07-22 22:18:10 | INFO     |    n_jobs: 1
2025-07-22 22:18:10 | INFO     |    use_multiprocessing: False
2025-07-22 22:18:10 | INFO     |    chunk_size: 800
2025-07-22 22:18:10 | INFO     |    disable_parallel: True
2025-07-22 22:18:10 | INFO     |    use_shared_memory: False
2025-07-22 22:18:10 | INFO     |    disable_shared_memory: False
2025-07-22 22:18:10 | INFO     |    use_gpu: True
2025-07-22 22:18:10 | INFO     |    gpu: 0
2025-07-22 22:18:10 | INFO     |    gpu_type: cuda
2025-07-22 22:18:10 | INFO     |    use_multi_gpu: False
2025-07-22 22:18:10 | INFO     |    devices: 0,1,2,3
2025-07-22 22:18:10 | INFO     |    device: cuda:0
2025-07-22 22:18:10 | INFO     |    feature_columns: ['CHWC_VLV', 'CHWC_VLV_DM', 'MA_TEMP', 'OA_CFM', 'OA_DMPR', 'OA_DMPR_DM', 'OA_TEMP', 'RA_CFM', 'RA_DMPR', 'RA_DMPR_DM', 'RA_TEMP', 'RF_CS', 'RF_SPD', 'RF_WAT', 'SA_CFM', 'SA_SP', 'SA_SPSPT', 'SA_TEMP', 'SF_CS', 'SF_SPD', 'SF_WAT', 'ZONE_TEMP_1', 'ZONE_TEMP_2', 'ZONE_TEMP_3', 'ZONE_TEMP_4', 'ZONE_TEMP_5']
2025-07-22 22:18:10 | INFO     | 🏗️ 模型信息:
2025-07-22 22:18:10 | INFO     |    模型类型: Model
2025-07-22 22:18:10 | INFO     |    总参数数量: 8,427,145
2025-07-22 22:18:10 | INFO     |    可训练参数: 8,427,145
2025-07-22 22:18:10 | INFO     |    模型大小估计: 32.15 MB
2025-07-22 22:18:10 | INFO     | 📊 数据集信息:
2025-07-22 22:18:10 | INFO     |    训练集大小: 3996
2025-07-22 22:18:10 | INFO     |    验证集大小: 999
2025-07-22 22:18:10 | INFO     | 
================================================================================
2025-07-22 22:18:10 | INFO     | 📋 损失函数使用策略（遵循主流机器学习规范）:
2025-07-22 22:18:10 | INFO     |    🎯 训练阶段: 使用 ce 损失函数
2025-07-22 22:18:10 | INFO     |       → 目的：优化模型参数，解决特定问题（类别不平衡、相似性等）
2025-07-22 22:18:10 | INFO     |    📊 验证阶段: 使用标准交叉熵损失函数
2025-07-22 22:18:10 | INFO     |       → 目的：客观评估模型性能，便于不同方法比较
2025-07-22 22:18:10 | INFO     |    📈 最终报告: 基于标准交叉熵损失的指标
2025-07-22 22:18:10 | INFO     |       → 目的：提供可信、可比较的性能指标
2025-07-22 22:18:10 | INFO     | ================================================================================

2025-07-22 22:18:10 | INFO     | 🔄 梯度累积配置: 每2轮累积一次梯度
2025-07-22 22:18:10 | INFO     |    实际batch_size: 4
2025-07-22 22:18:10 | INFO     |    有效batch_size: 8
2025-07-22 22:19:13 | INFO     | Epoch 1:
2025-07-22 22:19:13 | INFO     |   训练指标:
2025-07-22 22:19:13 | INFO     |     损失(ce): 1.359999
2025-07-22 22:19:13 | INFO     |     准确率: 0.525025
2025-07-22 22:19:13 | INFO     |     学习率: 0.00010000
2025-07-22 22:19:13 | INFO     |   验证指标(标准CE):
2025-07-22 22:19:13 | INFO     |     损失: 0.525906
2025-07-22 22:19:13 | INFO     |     准确率: 0.788789
2025-07-22 22:19:13 | INFO     |     F1(macro): 0.763598
2025-07-22 22:19:13 | INFO     |     F1(weighted): 0.754690
2025-07-22 22:19:13 | INFO     |     精确率: 0.753465
2025-07-22 22:19:13 | INFO     |     召回率: 0.799421
2025-07-22 22:19:13 | INFO     |   学习率调度器: f1_based
2025-07-22 22:19:13 | INFO     | ------------------------------------------------------------
2025-07-22 22:19:13 | INFO     | Epoch   1 | Train: Loss=1.3600, Acc=0.5250 | Val: Loss=0.5259, Acc=0.7888, F1=0.7547 | LR=0.000100 🏆 [最佳模型]
2025-07-22 22:20:08 | INFO     | Epoch 2:
2025-07-22 22:20:08 | INFO     |   训练指标:
2025-07-22 22:20:08 | INFO     |     损失(ce): 0.411084
2025-07-22 22:20:08 | INFO     |     准确率: 0.826076
2025-07-22 22:20:08 | INFO     |     学习率: 0.00010000
2025-07-22 22:20:08 | INFO     |   验证指标(标准CE):
2025-07-22 22:20:08 | INFO     |     损失: 0.237925
2025-07-22 22:20:08 | INFO     |     准确率: 0.869870
2025-07-22 22:20:08 | INFO     |     F1(macro): 0.858835
2025-07-22 22:20:08 | INFO     |     F1(weighted): 0.853178
2025-07-22 22:20:08 | INFO     |     精确率: 0.875522
2025-07-22 22:20:08 | INFO     |     召回率: 0.877789
2025-07-22 22:20:08 | INFO     |   学习率调度器: f1_based
2025-07-22 22:20:08 | INFO     | ------------------------------------------------------------
2025-07-22 22:20:08 | INFO     | Epoch   2 | Train: Loss=0.4111, Acc=0.8261 | Val: Loss=0.2379, Acc=0.8699, F1=0.8532 | LR=0.000100 🏆 [最佳模型]
2025-07-22 22:21:04 | INFO     | Epoch 3:
2025-07-22 22:21:04 | INFO     |   训练指标:
2025-07-22 22:21:04 | INFO     |     损失(ce): 0.288366
2025-07-22 22:21:04 | INFO     |     准确率: 0.870120
2025-07-22 22:21:04 | INFO     |     学习率: 0.00010000
2025-07-22 22:21:04 | INFO     |   验证指标(标准CE):
2025-07-22 22:21:04 | INFO     |     损失: 0.380320
2025-07-22 22:21:04 | INFO     |     准确率: 0.879880
2025-07-22 22:21:04 | INFO     |     F1(macro): 0.848458
2025-07-22 22:21:04 | INFO     |     F1(weighted): 0.845606
2025-07-22 22:21:04 | INFO     |     精确率: 0.883614
2025-07-22 22:21:04 | INFO     |     召回率: 0.879882
2025-07-22 22:21:04 | INFO     |   学习率调度器: f1_based
2025-07-22 22:21:04 | INFO     | ------------------------------------------------------------
2025-07-22 22:21:04 | INFO     | Epoch   3 | Train: Loss=0.2884, Acc=0.8701 | Val: Loss=0.3803, Acc=0.8799, F1=0.8456 | LR=0.000100 
2025-07-22 22:21:59 | INFO     | Epoch 4:
2025-07-22 22:21:59 | INFO     |   训练指标:
2025-07-22 22:21:59 | INFO     |     损失(ce): 0.215824
2025-07-22 22:21:59 | INFO     |     准确率: 0.908158
2025-07-22 22:21:59 | INFO     |     学习率: 0.00010000
2025-07-22 22:21:59 | INFO     |   验证指标(标准CE):
2025-07-22 22:21:59 | INFO     |     损失: 0.105741
2025-07-22 22:21:59 | INFO     |     准确率: 0.950951
2025-07-22 22:21:59 | INFO     |     F1(macro): 0.952310
2025-07-22 22:21:59 | INFO     |     F1(weighted): 0.950687
2025-07-22 22:21:59 | INFO     |     精确率: 0.953626
2025-07-22 22:21:59 | INFO     |     召回率: 0.952135
2025-07-22 22:21:59 | INFO     |   学习率调度器: f1_based
2025-07-22 22:21:59 | INFO     | ------------------------------------------------------------
2025-07-22 22:21:59 | INFO     | Epoch   4 | Train: Loss=0.2158, Acc=0.9082 | Val: Loss=0.1057, Acc=0.9510, F1=0.9507 | LR=0.000100 🏆 [最佳模型]
2025-07-22 22:22:54 | INFO     | Epoch 5:
2025-07-22 22:22:54 | INFO     |   训练指标:
2025-07-22 22:22:54 | INFO     |     损失(ce): 0.187325
2025-07-22 22:22:54 | INFO     |     准确率: 0.925175
2025-07-22 22:22:54 | INFO     |     学习率: 0.00010000
2025-07-22 22:22:54 | INFO     |   验证指标(标准CE):
2025-07-22 22:22:54 | INFO     |     损失: 0.152626
2025-07-22 22:22:54 | INFO     |     准确率: 0.933934
2025-07-22 22:22:54 | INFO     |     F1(macro): 0.930188
2025-07-22 22:22:54 | INFO     |     F1(weighted): 0.928273
2025-07-22 22:22:54 | INFO     |     精确率: 0.954455
2025-07-22 22:22:54 | INFO     |     召回率: 0.934104
2025-07-22 22:22:54 | INFO     |   学习率调度器: f1_based
2025-07-22 22:22:54 | INFO     | ------------------------------------------------------------
2025-07-22 22:22:54 | INFO     | Epoch   5 | Train: Loss=0.1873, Acc=0.9252 | Val: Loss=0.1526, Acc=0.9339, F1=0.9283 | LR=0.000100 
2025-07-22 22:23:49 | INFO     | Epoch 6:
2025-07-22 22:23:49 | INFO     |   训练指标:
2025-07-22 22:23:49 | INFO     |     损失(ce): 0.165746
2025-07-22 22:23:49 | INFO     |     准确率: 0.932683
2025-07-22 22:23:49 | INFO     |     学习率: 0.00010000
2025-07-22 22:23:49 | INFO     |   验证指标(标准CE):
2025-07-22 22:23:49 | INFO     |     损失: 0.089362
2025-07-22 22:23:49 | INFO     |     准确率: 0.959960
2025-07-22 22:23:49 | INFO     |     F1(macro): 0.961021
2025-07-22 22:23:49 | INFO     |     F1(weighted): 0.959863
2025-07-22 22:23:49 | INFO     |     精确率: 0.963832
2025-07-22 22:23:49 | INFO     |     召回率: 0.960263
2025-07-22 22:23:49 | INFO     |   学习率调度器: f1_based
2025-07-22 22:23:49 | INFO     | ------------------------------------------------------------
2025-07-22 22:23:49 | INFO     | Epoch   6 | Train: Loss=0.1657, Acc=0.9327 | Val: Loss=0.0894, Acc=0.9600, F1=0.9599 | LR=0.000100 🏆 [最佳模型]
2025-07-22 22:24:44 | INFO     | Epoch 7:
2025-07-22 22:24:44 | INFO     |   训练指标:
2025-07-22 22:24:44 | INFO     |     损失(ce): 0.117543
2025-07-22 22:24:44 | INFO     |     准确率: 0.951451
2025-07-22 22:24:44 | INFO     |     学习率: 0.00010000
2025-07-22 22:24:44 | INFO     |   验证指标(标准CE):
2025-07-22 22:24:44 | INFO     |     损失: 0.132094
2025-07-22 22:24:44 | INFO     |     准确率: 0.950951
2025-07-22 22:24:44 | INFO     |     F1(macro): 0.952403
2025-07-22 22:24:44 | INFO     |     F1(weighted): 0.950375
2025-07-22 22:24:44 | INFO     |     精确率: 0.955593
2025-07-22 22:24:44 | INFO     |     召回率: 0.953709
2025-07-22 22:24:44 | INFO     |   学习率调度器: f1_based
2025-07-22 22:24:44 | INFO     | ------------------------------------------------------------
2025-07-22 22:24:44 | INFO     | Epoch   7 | Train: Loss=0.1175, Acc=0.9515 | Val: Loss=0.1321, Acc=0.9510, F1=0.9504 | LR=0.000100 
2025-07-22 22:25:39 | INFO     | Epoch 8:
2025-07-22 22:25:39 | INFO     |   训练指标:
2025-07-22 22:25:39 | INFO     |     损失(ce): 0.114629
2025-07-22 22:25:39 | INFO     |     准确率: 0.950701
2025-07-22 22:25:39 | INFO     |     学习率: 0.00010000
2025-07-22 22:25:39 | INFO     |   验证指标(标准CE):
2025-07-22 22:25:39 | INFO     |     损失: 0.087585
2025-07-22 22:25:39 | INFO     |     准确率: 0.960961
2025-07-22 22:25:39 | INFO     |     F1(macro): 0.961148
2025-07-22 22:25:39 | INFO     |     F1(weighted): 0.959860
2025-07-22 22:25:39 | INFO     |     精确率: 0.968560
2025-07-22 22:25:39 | INFO     |     召回率: 0.961292
2025-07-22 22:25:39 | INFO     |   学习率调度器: f1_based
2025-07-22 22:25:39 | INFO     | ------------------------------------------------------------
2025-07-22 22:25:39 | INFO     | Epoch   8 | Train: Loss=0.1146, Acc=0.9507 | Val: Loss=0.0876, Acc=0.9610, F1=0.9599 | LR=0.000100 
2025-07-22 22:26:34 | INFO     | Epoch 9:
2025-07-22 22:26:34 | INFO     |   训练指标:
2025-07-22 22:26:34 | INFO     |     损失(ce): 0.134784
2025-07-22 22:26:34 | INFO     |     准确率: 0.947197
2025-07-22 22:26:34 | INFO     |     学习率: 0.00010000
2025-07-22 22:26:34 | INFO     |   验证指标(标准CE):
2025-07-22 22:26:34 | INFO     |     损失: 0.083569
2025-07-22 22:26:34 | INFO     |     准确率: 0.954955
2025-07-22 22:26:34 | INFO     |     F1(macro): 0.956717
2025-07-22 22:26:34 | INFO     |     F1(weighted): 0.954898
2025-07-22 22:26:34 | INFO     |     精确率: 0.964579
2025-07-22 22:26:34 | INFO     |     召回率: 0.957728
2025-07-22 22:26:34 | INFO     |   学习率调度器: f1_based
2025-07-22 22:26:34 | INFO     | ------------------------------------------------------------
2025-07-22 22:26:34 | INFO     | Epoch   9 | Train: Loss=0.1348, Acc=0.9472 | Val: Loss=0.0836, Acc=0.9550, F1=0.9549 | LR=0.000100 
2025-07-22 22:27:29 | INFO     | Epoch 10:
2025-07-22 22:27:29 | INFO     |   训练指标:
2025-07-22 22:27:29 | INFO     |     损失(ce): 0.088920
2025-07-22 22:27:29 | INFO     |     准确率: 0.961461
2025-07-22 22:27:29 | INFO     |     学习率: 0.00010000
2025-07-22 22:27:29 | INFO     |   验证指标(标准CE):
2025-07-22 22:27:29 | INFO     |     损失: 0.084971
2025-07-22 22:27:29 | INFO     |     准确率: 0.960961
2025-07-22 22:27:29 | INFO     |     F1(macro): 0.962106
2025-07-22 22:27:29 | INFO     |     F1(weighted): 0.960298
2025-07-22 22:27:29 | INFO     |     精确率: 0.969466
2025-07-22 22:27:29 | INFO     |     召回率: 0.964022
2025-07-22 22:27:29 | INFO     |   学习率调度器: f1_based
2025-07-22 22:27:29 | INFO     | ------------------------------------------------------------
2025-07-22 22:27:29 | INFO     | Epoch  10 | Train: Loss=0.0889, Acc=0.9615 | Val: Loss=0.0850, Acc=0.9610, F1=0.9603 | LR=0.000100 🏆 [最佳模型]
2025-07-22 22:28:24 | INFO     | Epoch 11:
2025-07-22 22:28:24 | INFO     |   训练指标:
2025-07-22 22:28:24 | INFO     |     损失(ce): 0.103067
2025-07-22 22:28:24 | INFO     |     准确率: 0.957457
2025-07-22 22:28:24 | INFO     |     学习率: 0.00010000
2025-07-22 22:28:24 | INFO     |   验证指标(标准CE):
2025-07-22 22:28:24 | INFO     |     损失: 0.128574
2025-07-22 22:28:24 | INFO     |     准确率: 0.949950
2025-07-22 22:28:24 | INFO     |     F1(macro): 0.951514
2025-07-22 22:28:24 | INFO     |     F1(weighted): 0.949491
2025-07-22 22:28:24 | INFO     |     精确率: 0.962666
2025-07-22 22:28:24 | INFO     |     召回率: 0.953452
2025-07-22 22:28:24 | INFO     |   学习率调度器: f1_based
2025-07-22 22:28:24 | INFO     | ------------------------------------------------------------
2025-07-22 22:28:24 | INFO     | Epoch  11 | Train: Loss=0.1031, Acc=0.9575 | Val: Loss=0.1286, Acc=0.9499, F1=0.9495 | LR=0.000100 
2025-07-22 22:29:19 | INFO     | Epoch 12:
2025-07-22 22:29:19 | INFO     |   训练指标:
2025-07-22 22:29:19 | INFO     |     损失(ce): 0.095996
2025-07-22 22:29:19 | INFO     |     准确率: 0.962462
2025-07-22 22:29:19 | INFO     |     学习率: 0.00010000
2025-07-22 22:29:19 | INFO     |   验证指标(标准CE):
2025-07-22 22:29:19 | INFO     |     损失: 0.073768
2025-07-22 22:29:19 | INFO     |     准确率: 0.961962
2025-07-22 22:29:19 | INFO     |     F1(macro): 0.963265
2025-07-22 22:29:19 | INFO     |     F1(weighted): 0.961752
2025-07-22 22:29:19 | INFO     |     精确率: 0.969988
2025-07-22 22:29:19 | INFO     |     召回率: 0.964418
2025-07-22 22:29:19 | INFO     |   学习率调度器: f1_based
2025-07-22 22:29:19 | INFO     | ------------------------------------------------------------
2025-07-22 22:29:19 | INFO     | Epoch  12 | Train: Loss=0.0960, Acc=0.9625 | Val: Loss=0.0738, Acc=0.9620, F1=0.9618 | LR=0.000100 🏆 [最佳模型]
2025-07-22 22:30:14 | INFO     | Epoch 13:
2025-07-22 22:30:14 | INFO     |   训练指标:
2025-07-22 22:30:14 | INFO     |     损失(ce): 0.114990
2025-07-22 22:30:14 | INFO     |     准确率: 0.957708
2025-07-22 22:30:14 | INFO     |     学习率: 0.00010000
2025-07-22 22:30:14 | INFO     |   验证指标(标准CE):
2025-07-22 22:30:14 | INFO     |     损失: 0.082009
2025-07-22 22:30:14 | INFO     |     准确率: 0.957958
2025-07-22 22:30:14 | INFO     |     F1(macro): 0.959144
2025-07-22 22:30:14 | INFO     |     F1(weighted): 0.957746
2025-07-22 22:30:14 | INFO     |     精确率: 0.961277
2025-07-22 22:30:14 | INFO     |     召回率: 0.960311
2025-07-22 22:30:14 | INFO     |   学习率调度器: f1_based
2025-07-22 22:30:14 | INFO     | ------------------------------------------------------------
2025-07-22 22:30:14 | INFO     | Epoch  13 | Train: Loss=0.1150, Acc=0.9577 | Val: Loss=0.0820, Acc=0.9580, F1=0.9577 | LR=0.000100 
2025-07-22 22:31:09 | INFO     | Epoch 14:
2025-07-22 22:31:09 | INFO     |   训练指标:
2025-07-22 22:31:09 | INFO     |     损失(ce): 0.092869
2025-07-22 22:31:09 | INFO     |     准确率: 0.961962
2025-07-22 22:31:09 | INFO     |     学习率: 0.00010000
2025-07-22 22:31:09 | INFO     |   验证指标(标准CE):
2025-07-22 22:31:09 | INFO     |     损失: 0.104852
2025-07-22 22:31:09 | INFO     |     准确率: 0.958959
2025-07-22 22:31:09 | INFO     |     F1(macro): 0.960213
2025-07-22 22:31:09 | INFO     |     F1(weighted): 0.958516
2025-07-22 22:31:09 | INFO     |     精确率: 0.968899
2025-07-22 22:31:09 | INFO     |     召回率: 0.962021
2025-07-22 22:31:09 | INFO     |   学习率调度器: f1_based
2025-07-22 22:31:09 | INFO     | ------------------------------------------------------------
2025-07-22 22:31:09 | INFO     | Epoch  14 | Train: Loss=0.0929, Acc=0.9620 | Val: Loss=0.1049, Acc=0.9590, F1=0.9585 | LR=0.000100 
2025-07-22 22:32:04 | INFO     | Epoch 15:
2025-07-22 22:32:04 | INFO     |   训练指标:
2025-07-22 22:32:04 | INFO     |     损失(ce): 0.127086
2025-07-22 22:32:04 | INFO     |     准确率: 0.957207
2025-07-22 22:32:04 | INFO     |     学习率: 0.00010000
2025-07-22 22:32:04 | INFO     |   验证指标(标准CE):
2025-07-22 22:32:04 | INFO     |     损失: 0.062344
2025-07-22 22:32:04 | INFO     |     准确率: 0.964965
2025-07-22 22:32:04 | INFO     |     F1(macro): 0.966380
2025-07-22 22:32:04 | INFO     |     F1(weighted): 0.964796
2025-07-22 22:32:04 | INFO     |     精确率: 0.972531
2025-07-22 22:32:04 | INFO     |     召回率: 0.967648
2025-07-22 22:32:04 | INFO     |   学习率调度器: f1_based
2025-07-22 22:32:04 | INFO     | ------------------------------------------------------------
2025-07-22 22:32:04 | INFO     | Epoch  15 | Train: Loss=0.1271, Acc=0.9572 | Val: Loss=0.0623, Acc=0.9650, F1=0.9648 | LR=0.000100 🏆 [最佳模型]
2025-07-22 22:32:59 | INFO     | Epoch 16:
2025-07-22 22:32:59 | INFO     |   训练指标:
2025-07-22 22:32:59 | INFO     |     损失(ce): 0.067315
2025-07-22 22:32:59 | INFO     |     准确率: 0.967467
2025-07-22 22:32:59 | INFO     |     学习率: 0.00010000
2025-07-22 22:32:59 | INFO     |   验证指标(标准CE):
2025-07-22 22:32:59 | INFO     |     损失: 0.062157
2025-07-22 22:32:59 | INFO     |     准确率: 0.969970
2025-07-22 22:32:59 | INFO     |     F1(macro): 0.970840
2025-07-22 22:32:59 | INFO     |     F1(weighted): 0.969685
2025-07-22 22:32:59 | INFO     |     精确率: 0.973647
2025-07-22 22:32:59 | INFO     |     召回率: 0.970466
2025-07-22 22:32:59 | INFO     |   学习率调度器: f1_based
2025-07-22 22:32:59 | INFO     | ------------------------------------------------------------
2025-07-22 22:32:59 | INFO     | Epoch  16 | Train: Loss=0.0673, Acc=0.9675 | Val: Loss=0.0622, Acc=0.9700, F1=0.9697 | LR=0.000100 🏆 [最佳模型]
2025-07-22 22:33:55 | INFO     | Epoch 17:
2025-07-22 22:33:55 | INFO     |   训练指标:
2025-07-22 22:33:55 | INFO     |     损失(ce): 0.091985
2025-07-22 22:33:55 | INFO     |     准确率: 0.961211
2025-07-22 22:33:55 | INFO     |     学习率: 0.00010000
2025-07-22 22:33:55 | INFO     |   验证指标(标准CE):
2025-07-22 22:33:55 | INFO     |     损失: 0.104087
2025-07-22 22:33:55 | INFO     |     准确率: 0.955956
2025-07-22 22:33:55 | INFO     |     F1(macro): 0.957323
2025-07-22 22:33:55 | INFO     |     F1(weighted): 0.955577
2025-07-22 22:33:55 | INFO     |     精确率: 0.959835
2025-07-22 22:33:55 | INFO     |     召回率: 0.958682
2025-07-22 22:33:55 | INFO     |   学习率调度器: f1_based
2025-07-22 22:33:55 | INFO     | ------------------------------------------------------------
2025-07-22 22:33:55 | INFO     | Epoch  17 | Train: Loss=0.0920, Acc=0.9612 | Val: Loss=0.1041, Acc=0.9560, F1=0.9556 | LR=0.000100 
2025-07-22 22:34:50 | INFO     | Epoch 18:
2025-07-22 22:34:50 | INFO     |   训练指标:
2025-07-22 22:34:50 | INFO     |     损失(ce): 0.086771
2025-07-22 22:34:50 | INFO     |     准确率: 0.962212
2025-07-22 22:34:50 | INFO     |     学习率: 0.00010000
2025-07-22 22:34:50 | INFO     |   验证指标(标准CE):
2025-07-22 22:34:50 | INFO     |     损失: 0.060224
2025-07-22 22:34:50 | INFO     |     准确率: 0.962963
2025-07-22 22:34:50 | INFO     |     F1(macro): 0.964261
2025-07-22 22:34:50 | INFO     |     F1(weighted): 0.962616
2025-07-22 22:34:50 | INFO     |     精确率: 0.968388
2025-07-22 22:34:50 | INFO     |     召回率: 0.965610
2025-07-22 22:34:50 | INFO     |   学习率调度器: f1_based
2025-07-22 22:34:50 | INFO     | ------------------------------------------------------------
2025-07-22 22:34:50 | INFO     | Epoch  18 | Train: Loss=0.0868, Acc=0.9622 | Val: Loss=0.0602, Acc=0.9630, F1=0.9626 | LR=0.000100 
2025-07-22 22:35:45 | INFO     | Epoch 19:
2025-07-22 22:35:45 | INFO     |   训练指标:
2025-07-22 22:35:45 | INFO     |     损失(ce): 0.085261
2025-07-22 22:35:45 | INFO     |     准确率: 0.963463
2025-07-22 22:35:45 | INFO     |     学习率: 0.00010000
2025-07-22 22:35:45 | INFO     |   验证指标(标准CE):
2025-07-22 22:35:45 | INFO     |     损失: 0.093944
2025-07-22 22:35:45 | INFO     |     准确率: 0.955956
2025-07-22 22:35:45 | INFO     |     F1(macro): 0.958015
2025-07-22 22:35:45 | INFO     |     F1(weighted): 0.956295
2025-07-22 22:35:45 | INFO     |     精确率: 0.959310
2025-07-22 22:35:45 | INFO     |     召回率: 0.958212
2025-07-22 22:35:45 | INFO     |   学习率调度器: f1_based
2025-07-22 22:35:45 | INFO     | ------------------------------------------------------------
2025-07-22 22:35:45 | INFO     | Epoch  19 | Train: Loss=0.0853, Acc=0.9635 | Val: Loss=0.0939, Acc=0.9560, F1=0.9563 | LR=0.000100 
2025-07-22 22:36:39 | INFO     | Epoch 20:
2025-07-22 22:36:39 | INFO     |   训练指标:
2025-07-22 22:36:39 | INFO     |     损失(ce): 0.078637
2025-07-22 22:36:39 | INFO     |     准确率: 0.964715
2025-07-22 22:36:39 | INFO     |     学习率: 0.00010000
2025-07-22 22:36:39 | INFO     |   验证指标(标准CE):
2025-07-22 22:36:39 | INFO     |     损失: 0.060939
2025-07-22 22:36:39 | INFO     |     准确率: 0.963964
2025-07-22 22:36:39 | INFO     |     F1(macro): 0.965099
2025-07-22 22:36:39 | INFO     |     F1(weighted): 0.963595
2025-07-22 22:36:39 | INFO     |     精确率: 0.967964
2025-07-22 22:36:39 | INFO     |     召回率: 0.966446
2025-07-22 22:36:39 | INFO     |   学习率调度器: f1_based
2025-07-22 22:36:39 | INFO     | ------------------------------------------------------------
2025-07-22 22:36:39 | INFO     | Epoch  20 | Train: Loss=0.0786, Acc=0.9647 | Val: Loss=0.0609, Acc=0.9640, F1=0.9636 | LR=0.000100 
2025-07-22 22:37:34 | INFO     | Epoch 21:
2025-07-22 22:37:34 | INFO     |   训练指标:
2025-07-22 22:37:34 | INFO     |     损失(ce): 0.063284
2025-07-22 22:37:34 | INFO     |     准确率: 0.967467
2025-07-22 22:37:34 | INFO     |     学习率: 0.00010000
2025-07-22 22:37:34 | INFO     |   验证指标(标准CE):
2025-07-22 22:37:34 | INFO     |     损失: 0.104418
2025-07-22 22:37:34 | INFO     |     准确率: 0.957958
2025-07-22 22:37:34 | INFO     |     F1(macro): 0.959116
2025-07-22 22:37:34 | INFO     |     F1(weighted): 0.957544
2025-07-22 22:37:34 | INFO     |     精确率: 0.967773
2025-07-22 22:37:34 | INFO     |     召回率: 0.960783
2025-07-22 22:37:34 | INFO     |   学习率调度器: f1_based
2025-07-22 22:37:34 | INFO     | ------------------------------------------------------------
2025-07-22 22:37:34 | INFO     | Epoch  21 | Train: Loss=0.0633, Acc=0.9675 | Val: Loss=0.1044, Acc=0.9580, F1=0.9575 | LR=0.000100 
2025-07-22 22:38:29 | INFO     | Epoch 22:
2025-07-22 22:38:29 | INFO     |   训练指标:
2025-07-22 22:38:29 | INFO     |     损失(ce): 0.081283
2025-07-22 22:38:29 | INFO     |     准确率: 0.965215
2025-07-22 22:38:29 | INFO     |     学习率: 0.00010000
2025-07-22 22:38:29 | INFO     |   验证指标(标准CE):
2025-07-22 22:38:29 | INFO     |     损失: 0.100205
2025-07-22 22:38:29 | INFO     |     准确率: 0.962963
2025-07-22 22:38:29 | INFO     |     F1(macro): 0.963972
2025-07-22 22:38:29 | INFO     |     F1(weighted): 0.962826
2025-07-22 22:38:29 | INFO     |     精确率: 0.965253
2025-07-22 22:38:29 | INFO     |     召回率: 0.963939
2025-07-22 22:38:29 | INFO     |   学习率调度器: f1_based
2025-07-22 22:38:29 | INFO     | ------------------------------------------------------------
2025-07-22 22:38:29 | INFO     | 🎯 学习率调整事件:
2025-07-22 22:38:29 | INFO     |   调度器类型: f1_based
2025-07-22 22:38:29 | INFO     |   学习率变化: 0.00010000 → 0.00005000
2025-07-22 22:38:29 | INFO     |   触发条件: F1分数 = 0.962826
2025-07-22 22:38:29 | INFO     |   变化幅度: -50.00%
2025-07-22 22:38:29 | INFO     | ------------------------------------------------------------
2025-07-22 22:38:29 | INFO     | Epoch  22 | Train: Loss=0.0813, Acc=0.9652 | Val: Loss=0.1002, Acc=0.9630, F1=0.9628 | LR=0.000050 
2025-07-22 22:39:24 | INFO     | Epoch 23:
2025-07-22 22:39:24 | INFO     |   训练指标:
2025-07-22 22:39:24 | INFO     |     损失(ce): 0.039215
2025-07-22 22:39:24 | INFO     |     准确率: 0.972723
2025-07-22 22:39:24 | INFO     |     学习率: 0.00005000
2025-07-22 22:39:24 | INFO     |   验证指标(标准CE):
2025-07-22 22:39:24 | INFO     |     损失: 0.070911
2025-07-22 22:39:24 | INFO     |     准确率: 0.963964
2025-07-22 22:39:24 | INFO     |     F1(macro): 0.965051
2025-07-22 22:39:24 | INFO     |     F1(weighted): 0.963398
2025-07-22 22:39:24 | INFO     |     精确率: 0.972112
2025-07-22 22:39:24 | INFO     |     召回率: 0.966859
2025-07-22 22:39:24 | INFO     |   学习率调度器: f1_based
2025-07-22 22:39:24 | INFO     | ------------------------------------------------------------
2025-07-22 22:39:24 | INFO     | Epoch  23 | Train: Loss=0.0392, Acc=0.9727 | Val: Loss=0.0709, Acc=0.9640, F1=0.9634 | LR=0.000050 
2025-07-22 22:40:19 | INFO     | Epoch 24:
2025-07-22 22:40:19 | INFO     |   训练指标:
2025-07-22 22:40:19 | INFO     |     损失(ce): 0.044564
2025-07-22 22:40:19 | INFO     |     准确率: 0.971221
2025-07-22 22:40:19 | INFO     |     学习率: 0.00005000
2025-07-22 22:40:19 | INFO     |   验证指标(标准CE):
2025-07-22 22:40:19 | INFO     |     损失: 0.054791
2025-07-22 22:40:19 | INFO     |     准确率: 0.966967
2025-07-22 22:40:19 | INFO     |     F1(macro): 0.968039
2025-07-22 22:40:19 | INFO     |     F1(weighted): 0.966553
2025-07-22 22:40:19 | INFO     |     精确率: 0.973893
2025-07-22 22:40:19 | INFO     |     召回率: 0.969614
2025-07-22 22:40:19 | INFO     |   学习率调度器: f1_based
2025-07-22 22:40:19 | INFO     | ------------------------------------------------------------
2025-07-22 22:40:19 | INFO     | Epoch  24 | Train: Loss=0.0446, Acc=0.9712 | Val: Loss=0.0548, Acc=0.9670, F1=0.9666 | LR=0.000050 
2025-07-22 22:41:14 | INFO     | Epoch 25:
2025-07-22 22:41:14 | INFO     |   训练指标:
2025-07-22 22:41:14 | INFO     |     损失(ce): 0.047640
2025-07-22 22:41:14 | INFO     |     准确率: 0.973223
2025-07-22 22:41:14 | INFO     |     学习率: 0.00005000
2025-07-22 22:41:14 | INFO     |   验证指标(标准CE):
2025-07-22 22:41:14 | INFO     |     损失: 0.122087
2025-07-22 22:41:14 | INFO     |     准确率: 0.958959
2025-07-22 22:41:14 | INFO     |     F1(macro): 0.961401
2025-07-22 22:41:14 | INFO     |     F1(weighted): 0.959632
2025-07-22 22:41:14 | INFO     |     精确率: 0.968009
2025-07-22 22:41:14 | INFO     |     召回率: 0.959937
2025-07-22 22:41:14 | INFO     |   学习率调度器: f1_based
2025-07-22 22:41:14 | INFO     | ------------------------------------------------------------
2025-07-22 22:41:14 | INFO     | Epoch  25 | Train: Loss=0.0476, Acc=0.9732 | Val: Loss=0.1221, Acc=0.9590, F1=0.9596 | LR=0.000050 
2025-07-22 22:42:09 | INFO     | Epoch 26:
2025-07-22 22:42:09 | INFO     |   训练指标:
2025-07-22 22:42:09 | INFO     |     损失(ce): 0.053028
2025-07-22 22:42:09 | INFO     |     准确率: 0.970971
2025-07-22 22:42:09 | INFO     |     学习率: 0.00005000
2025-07-22 22:42:09 | INFO     |   验证指标(标准CE):
2025-07-22 22:42:09 | INFO     |     损失: 0.057804
2025-07-22 22:42:09 | INFO     |     准确率: 0.970971
2025-07-22 22:42:09 | INFO     |     F1(macro): 0.971487
2025-07-22 22:42:09 | INFO     |     F1(weighted): 0.970464
2025-07-22 22:42:09 | INFO     |     精确率: 0.975719
2025-07-22 22:42:09 | INFO     |     召回率: 0.971219
2025-07-22 22:42:09 | INFO     |   学习率调度器: f1_based
2025-07-22 22:42:09 | INFO     | ------------------------------------------------------------
2025-07-22 22:42:09 | INFO     | Epoch  26 | Train: Loss=0.0530, Acc=0.9710 | Val: Loss=0.0578, Acc=0.9710, F1=0.9705 | LR=0.000050 🏆 [最佳模型]
2025-07-22 22:43:04 | INFO     | Epoch 27:
2025-07-22 22:43:04 | INFO     |   训练指标:
2025-07-22 22:43:04 | INFO     |     损失(ce): 0.045400
2025-07-22 22:43:04 | INFO     |     准确率: 0.974224
2025-07-22 22:43:04 | INFO     |     学习率: 0.00005000
2025-07-22 22:43:04 | INFO     |   验证指标(标准CE):
2025-07-22 22:43:04 | INFO     |     损失: 0.052543
2025-07-22 22:43:04 | INFO     |     准确率: 0.965966
2025-07-22 22:43:04 | INFO     |     F1(macro): 0.967261
2025-07-22 22:43:04 | INFO     |     F1(weighted): 0.965805
2025-07-22 22:43:04 | INFO     |     精确率: 0.969364
2025-07-22 22:43:04 | INFO     |     召回率: 0.968200
2025-07-22 22:43:04 | INFO     |   学习率调度器: f1_based
2025-07-22 22:43:04 | INFO     | ------------------------------------------------------------
2025-07-22 22:43:04 | INFO     | Epoch  27 | Train: Loss=0.0454, Acc=0.9742 | Val: Loss=0.0525, Acc=0.9660, F1=0.9658 | LR=0.000050 
2025-07-22 22:43:58 | INFO     | Epoch 28:
2025-07-22 22:43:58 | INFO     |   训练指标:
2025-07-22 22:43:58 | INFO     |     损失(ce): 0.037451
2025-07-22 22:43:58 | INFO     |     准确率: 0.976476
2025-07-22 22:43:58 | INFO     |     学习率: 0.00005000
2025-07-22 22:43:58 | INFO     |   验证指标(标准CE):
2025-07-22 22:43:58 | INFO     |     损失: 0.050822
2025-07-22 22:43:58 | INFO     |     准确率: 0.965966
2025-07-22 22:43:58 | INFO     |     F1(macro): 0.967138
2025-07-22 22:43:58 | INFO     |     F1(weighted): 0.965626
2025-07-22 22:43:58 | INFO     |     精确率: 0.971736
2025-07-22 22:43:58 | INFO     |     召回率: 0.968531
2025-07-22 22:43:58 | INFO     |   学习率调度器: f1_based
2025-07-22 22:43:58 | INFO     | ------------------------------------------------------------
2025-07-22 22:43:58 | INFO     | Epoch  28 | Train: Loss=0.0375, Acc=0.9765 | Val: Loss=0.0508, Acc=0.9660, F1=0.9656 | LR=0.000050 
2025-07-22 22:44:53 | INFO     | Epoch 29:
2025-07-22 22:44:53 | INFO     |   训练指标:
2025-07-22 22:44:53 | INFO     |     损失(ce): 0.045292
2025-07-22 22:44:53 | INFO     |     准确率: 0.973223
2025-07-22 22:44:53 | INFO     |     学习率: 0.00005000
2025-07-22 22:44:53 | INFO     |   验证指标(标准CE):
2025-07-22 22:44:53 | INFO     |     损失: 0.061246
2025-07-22 22:44:53 | INFO     |     准确率: 0.972973
2025-07-22 22:44:53 | INFO     |     F1(macro): 0.973895
2025-07-22 22:44:53 | INFO     |     F1(weighted): 0.972876
2025-07-22 22:44:53 | INFO     |     精确率: 0.974068
2025-07-22 22:44:53 | INFO     |     召回率: 0.973883
2025-07-22 22:44:53 | INFO     |   学习率调度器: f1_based
2025-07-22 22:44:53 | INFO     | ------------------------------------------------------------
2025-07-22 22:44:53 | INFO     | Epoch  29 | Train: Loss=0.0453, Acc=0.9732 | Val: Loss=0.0612, Acc=0.9730, F1=0.9729 | LR=0.000050 🏆 [最佳模型]
2025-07-22 22:45:48 | INFO     | Epoch 30:
2025-07-22 22:45:48 | INFO     |   训练指标:
2025-07-22 22:45:48 | INFO     |     损失(ce): 0.042179
2025-07-22 22:45:48 | INFO     |     准确率: 0.974224
2025-07-22 22:45:48 | INFO     |     学习率: 0.00005000
2025-07-22 22:45:48 | INFO     |   验证指标(标准CE):
2025-07-22 22:45:48 | INFO     |     损失: 0.044179
2025-07-22 22:45:48 | INFO     |     准确率: 0.968969
2025-07-22 22:45:48 | INFO     |     F1(macro): 0.970086
2025-07-22 22:45:48 | INFO     |     F1(weighted): 0.968734
2025-07-22 22:45:48 | INFO     |     精确率: 0.973717
2025-07-22 22:45:48 | INFO     |     召回率: 0.971285
2025-07-22 22:45:48 | INFO     |   学习率调度器: f1_based
2025-07-22 22:45:48 | INFO     | ------------------------------------------------------------
2025-07-22 22:45:48 | INFO     | Epoch  30 | Train: Loss=0.0422, Acc=0.9742 | Val: Loss=0.0442, Acc=0.9690, F1=0.9687 | LR=0.000050 
2025-07-22 22:46:42 | INFO     | Epoch 31:
2025-07-22 22:46:42 | INFO     |   训练指标:
2025-07-22 22:46:42 | INFO     |     损失(ce): 0.046517
2025-07-22 22:46:42 | INFO     |     准确率: 0.974725
2025-07-22 22:46:42 | INFO     |     学习率: 0.00005000
2025-07-22 22:46:42 | INFO     |   验证指标(标准CE):
2025-07-22 22:46:42 | INFO     |     损失: 0.044383
2025-07-22 22:46:42 | INFO     |     准确率: 0.969970
2025-07-22 22:46:42 | INFO     |     F1(macro): 0.971002
2025-07-22 22:46:42 | INFO     |     F1(weighted): 0.969678
2025-07-22 22:46:42 | INFO     |     精确率: 0.975750
2025-07-22 22:46:42 | INFO     |     召回率: 0.972369
2025-07-22 22:46:42 | INFO     |   学习率调度器: f1_based
2025-07-22 22:46:42 | INFO     | ------------------------------------------------------------
2025-07-22 22:46:42 | INFO     | Epoch  31 | Train: Loss=0.0465, Acc=0.9747 | Val: Loss=0.0444, Acc=0.9700, F1=0.9697 | LR=0.000050 
2025-07-22 22:47:37 | INFO     | Epoch 32:
2025-07-22 22:47:37 | INFO     |   训练指标:
2025-07-22 22:47:37 | INFO     |     损失(ce): 0.056989
2025-07-22 22:47:37 | INFO     |     准确率: 0.972973
2025-07-22 22:47:37 | INFO     |     学习率: 0.00005000
2025-07-22 22:47:37 | INFO     |   验证指标(标准CE):
2025-07-22 22:47:37 | INFO     |     损失: 0.042630
2025-07-22 22:47:37 | INFO     |     准确率: 0.969970
2025-07-22 22:47:37 | INFO     |     F1(macro): 0.971103
2025-07-22 22:47:37 | INFO     |     F1(weighted): 0.969779
2025-07-22 22:47:37 | INFO     |     精确率: 0.976359
2025-07-22 22:47:37 | INFO     |     召回率: 0.972291
2025-07-22 22:47:37 | INFO     |   学习率调度器: f1_based
2025-07-22 22:47:37 | INFO     | ------------------------------------------------------------
2025-07-22 22:47:37 | INFO     | Epoch  32 | Train: Loss=0.0570, Acc=0.9730 | Val: Loss=0.0426, Acc=0.9700, F1=0.9698 | LR=0.000050 
2025-07-22 22:48:32 | INFO     | Epoch 33:
2025-07-22 22:48:32 | INFO     |   训练指标:
2025-07-22 22:48:32 | INFO     |     损失(ce): 0.039720
2025-07-22 22:48:32 | INFO     |     准确率: 0.974725
2025-07-22 22:48:32 | INFO     |     学习率: 0.00005000
2025-07-22 22:48:32 | INFO     |   验证指标(标准CE):
2025-07-22 22:48:32 | INFO     |     损失: 0.047476
2025-07-22 22:48:32 | INFO     |     准确率: 0.968969
2025-07-22 22:48:32 | INFO     |     F1(macro): 0.970173
2025-07-22 22:48:32 | INFO     |     F1(weighted): 0.968787
2025-07-22 22:48:32 | INFO     |     精确率: 0.975165
2025-07-22 22:48:32 | INFO     |     召回率: 0.971333
2025-07-22 22:48:32 | INFO     |   学习率调度器: f1_based
2025-07-22 22:48:32 | INFO     | ------------------------------------------------------------
2025-07-22 22:48:32 | INFO     | Epoch  33 | Train: Loss=0.0397, Acc=0.9747 | Val: Loss=0.0475, Acc=0.9690, F1=0.9688 | LR=0.000050 
2025-07-22 22:49:27 | INFO     | Epoch 34:
2025-07-22 22:49:27 | INFO     |   训练指标:
2025-07-22 22:49:27 | INFO     |     损失(ce): 0.040772
2025-07-22 22:49:27 | INFO     |     准确率: 0.975726
2025-07-22 22:49:27 | INFO     |     学习率: 0.00005000
2025-07-22 22:49:27 | INFO     |   验证指标(标准CE):
2025-07-22 22:49:27 | INFO     |     损失: 0.059432
2025-07-22 22:49:27 | INFO     |     准确率: 0.967968
2025-07-22 22:49:27 | INFO     |     F1(macro): 0.969030
2025-07-22 22:49:27 | INFO     |     F1(weighted): 0.967598
2025-07-22 22:49:27 | INFO     |     精确率: 0.974503
2025-07-22 22:49:27 | INFO     |     召回率: 0.970533
2025-07-22 22:49:27 | INFO     |   学习率调度器: f1_based
2025-07-22 22:49:27 | INFO     | ------------------------------------------------------------
2025-07-22 22:49:27 | INFO     | Epoch  34 | Train: Loss=0.0408, Acc=0.9757 | Val: Loss=0.0594, Acc=0.9680, F1=0.9676 | LR=0.000050 
2025-07-22 22:50:22 | INFO     | Epoch 35:
2025-07-22 22:50:22 | INFO     |   训练指标:
2025-07-22 22:50:22 | INFO     |     损失(ce): 0.047457
2025-07-22 22:50:22 | INFO     |     准确率: 0.971722
2025-07-22 22:50:22 | INFO     |     学习率: 0.00005000
2025-07-22 22:50:22 | INFO     |   验证指标(标准CE):
2025-07-22 22:50:22 | INFO     |     损失: 0.043733
2025-07-22 22:50:22 | INFO     |     准确率: 0.970971
2025-07-22 22:50:22 | INFO     |     F1(macro): 0.972035
2025-07-22 22:50:22 | INFO     |     F1(weighted): 0.970672
2025-07-22 22:50:22 | INFO     |     精确率: 0.976984
2025-07-22 22:50:22 | INFO     |     召回率: 0.973370
2025-07-22 22:50:22 | INFO     |   学习率调度器: f1_based
2025-07-22 22:50:22 | INFO     | ------------------------------------------------------------
2025-07-22 22:50:22 | INFO     | 🎯 学习率调整事件:
2025-07-22 22:50:22 | INFO     |   调度器类型: f1_based
2025-07-22 22:50:22 | INFO     |   学习率变化: 0.00005000 → 0.00002500
2025-07-22 22:50:22 | INFO     |   触发条件: F1分数 = 0.970672
2025-07-22 22:50:22 | INFO     |   变化幅度: -50.00%
2025-07-22 22:50:22 | INFO     | ------------------------------------------------------------
2025-07-22 22:50:22 | INFO     | Epoch  35 | Train: Loss=0.0475, Acc=0.9717 | Val: Loss=0.0437, Acc=0.9710, F1=0.9707 | LR=0.000025 
2025-07-22 22:51:17 | INFO     | Epoch 36:
2025-07-22 22:51:17 | INFO     |   训练指标:
2025-07-22 22:51:17 | INFO     |     损失(ce): 0.036586
2025-07-22 22:51:17 | INFO     |     准确率: 0.976226
2025-07-22 22:51:17 | INFO     |     学习率: 0.00002500
2025-07-22 22:51:17 | INFO     |   验证指标(标准CE):
2025-07-22 22:51:17 | INFO     |     损失: 0.039255
2025-07-22 22:51:17 | INFO     |     准确率: 0.968969
2025-07-22 22:51:17 | INFO     |     F1(macro): 0.970017
2025-07-22 22:51:17 | INFO     |     F1(weighted): 0.968639
2025-07-22 22:51:17 | INFO     |     精确率: 0.975122
2025-07-22 22:51:17 | INFO     |     召回率: 0.971451
2025-07-22 22:51:17 | INFO     |   学习率调度器: f1_based
2025-07-22 22:51:17 | INFO     | ------------------------------------------------------------
2025-07-22 22:51:17 | INFO     | Epoch  36 | Train: Loss=0.0366, Acc=0.9762 | Val: Loss=0.0393, Acc=0.9690, F1=0.9686 | LR=0.000025 
2025-07-22 22:52:12 | INFO     | Epoch 37:
2025-07-22 22:52:12 | INFO     |   训练指标:
2025-07-22 22:52:12 | INFO     |     损失(ce): 0.033311
2025-07-22 22:52:12 | INFO     |     准确率: 0.976476
2025-07-22 22:52:12 | INFO     |     学习率: 0.00002500
2025-07-22 22:52:12 | INFO     |   验证指标(标准CE):
2025-07-22 22:52:12 | INFO     |     损失: 0.038033
2025-07-22 22:52:12 | INFO     |     准确率: 0.969970
2025-07-22 22:52:12 | INFO     |     F1(macro): 0.971127
2025-07-22 22:52:12 | INFO     |     F1(weighted): 0.969737
2025-07-22 22:52:12 | INFO     |     精确率: 0.974952
2025-07-22 22:52:12 | INFO     |     召回率: 0.972286
2025-07-22 22:52:12 | INFO     |   学习率调度器: f1_based
2025-07-22 22:52:12 | INFO     | ------------------------------------------------------------
2025-07-22 22:52:12 | INFO     | Epoch  37 | Train: Loss=0.0333, Acc=0.9765 | Val: Loss=0.0380, Acc=0.9700, F1=0.9697 | LR=0.000025 
2025-07-22 22:53:07 | INFO     | Epoch 38:
2025-07-22 22:53:07 | INFO     |   训练指标:
2025-07-22 22:53:07 | INFO     |     损失(ce): 0.035782
2025-07-22 22:53:07 | INFO     |     准确率: 0.976226
2025-07-22 22:53:07 | INFO     |     学习率: 0.00002500
2025-07-22 22:53:07 | INFO     |   验证指标(标准CE):
2025-07-22 22:53:07 | INFO     |     损失: 0.038705
2025-07-22 22:53:07 | INFO     |     准确率: 0.969970
2025-07-22 22:53:07 | INFO     |     F1(macro): 0.971090
2025-07-22 22:53:07 | INFO     |     F1(weighted): 0.969687
2025-07-22 22:53:07 | INFO     |     精确率: 0.975624
2025-07-22 22:53:07 | INFO     |     召回率: 0.972369
2025-07-22 22:53:07 | INFO     |   学习率调度器: f1_based
2025-07-22 22:53:07 | INFO     | ------------------------------------------------------------
2025-07-22 22:53:07 | INFO     | Epoch  38 | Train: Loss=0.0358, Acc=0.9762 | Val: Loss=0.0387, Acc=0.9700, F1=0.9697 | LR=0.000025 
2025-07-22 22:54:02 | INFO     | Epoch 39:
2025-07-22 22:54:02 | INFO     |   训练指标:
2025-07-22 22:54:02 | INFO     |     损失(ce): 0.032306
2025-07-22 22:54:02 | INFO     |     准确率: 0.976727
2025-07-22 22:54:02 | INFO     |     学习率: 0.00002500
2025-07-22 22:54:02 | INFO     |   验证指标(标准CE):
2025-07-22 22:54:02 | INFO     |     损失: 0.036159
2025-07-22 22:54:02 | INFO     |     准确率: 0.971972
2025-07-22 22:54:02 | INFO     |     F1(macro): 0.973018
2025-07-22 22:54:02 | INFO     |     F1(weighted): 0.971708
2025-07-22 22:54:02 | INFO     |     精确率: 0.977618
2025-07-22 22:54:02 | INFO     |     召回率: 0.974288
2025-07-22 22:54:02 | INFO     |   学习率调度器: f1_based
2025-07-22 22:54:02 | INFO     | ------------------------------------------------------------
2025-07-22 22:54:02 | INFO     | Epoch  39 | Train: Loss=0.0323, Acc=0.9767 | Val: Loss=0.0362, Acc=0.9720, F1=0.9717 | LR=0.000025 
2025-07-22 22:54:57 | INFO     | Epoch 40:
2025-07-22 22:54:57 | INFO     |   训练指标:
2025-07-22 22:54:57 | INFO     |     损失(ce): 0.035441
2025-07-22 22:54:57 | INFO     |     准确率: 0.974474
2025-07-22 22:54:57 | INFO     |     学习率: 0.00002500
2025-07-22 22:54:57 | INFO     |   验证指标(标准CE):
2025-07-22 22:54:57 | INFO     |     损失: 0.037611
2025-07-22 22:54:57 | INFO     |     准确率: 0.970971
2025-07-22 22:54:57 | INFO     |     F1(macro): 0.971985
2025-07-22 22:54:57 | INFO     |     F1(weighted): 0.970714
2025-07-22 22:54:57 | INFO     |     精确率: 0.976387
2025-07-22 22:54:57 | INFO     |     召回率: 0.973287
2025-07-22 22:54:57 | INFO     |   学习率调度器: f1_based
2025-07-22 22:54:57 | INFO     | ------------------------------------------------------------
2025-07-22 22:54:57 | INFO     | Epoch  40 | Train: Loss=0.0354, Acc=0.9745 | Val: Loss=0.0376, Acc=0.9710, F1=0.9707 | LR=0.000025 
2025-07-22 22:55:52 | INFO     | Epoch 41:
2025-07-22 22:55:52 | INFO     |   训练指标:
2025-07-22 22:55:52 | INFO     |     损失(ce): 0.037137
2025-07-22 22:55:52 | INFO     |     准确率: 0.974975
2025-07-22 22:55:52 | INFO     |     学习率: 0.00002500
2025-07-22 22:55:52 | INFO     |   验证指标(标准CE):
2025-07-22 22:55:52 | INFO     |     损失: 0.038540
2025-07-22 22:55:52 | INFO     |     准确率: 0.969970
2025-07-22 22:55:52 | INFO     |     F1(macro): 0.971187
2025-07-22 22:55:52 | INFO     |     F1(weighted): 0.969957
2025-07-22 22:55:52 | INFO     |     精确率: 0.971275
2025-07-22 22:55:52 | INFO     |     召回率: 0.971128
2025-07-22 22:55:52 | INFO     |   学习率调度器: f1_based
2025-07-22 22:55:52 | INFO     | ------------------------------------------------------------
2025-07-22 22:55:52 | INFO     | Epoch  41 | Train: Loss=0.0371, Acc=0.9750 | Val: Loss=0.0385, Acc=0.9700, F1=0.9700 | LR=0.000025 
2025-07-22 22:56:47 | INFO     | Epoch 42:
2025-07-22 22:56:47 | INFO     |   训练指标:
2025-07-22 22:56:47 | INFO     |     损失(ce): 0.034060
2025-07-22 22:56:47 | INFO     |     准确率: 0.977978
2025-07-22 22:56:47 | INFO     |     学习率: 0.00002500
2025-07-22 22:56:47 | INFO     |   验证指标(标准CE):
2025-07-22 22:56:47 | INFO     |     损失: 0.057415
2025-07-22 22:56:47 | INFO     |     准确率: 0.966967
2025-07-22 22:56:47 | INFO     |     F1(macro): 0.968312
2025-07-22 22:56:47 | INFO     |     F1(weighted): 0.966961
2025-07-22 22:56:47 | INFO     |     精确率: 0.972373
2025-07-22 22:56:47 | INFO     |     召回率: 0.969128
2025-07-22 22:56:47 | INFO     |   学习率调度器: f1_based
2025-07-22 22:56:47 | INFO     | ------------------------------------------------------------
2025-07-22 22:56:47 | INFO     | Epoch  42 | Train: Loss=0.0341, Acc=0.9780 | Val: Loss=0.0574, Acc=0.9670, F1=0.9670 | LR=0.000025 
2025-07-22 22:57:42 | INFO     | Epoch 43:
2025-07-22 22:57:42 | INFO     |   训练指标:
2025-07-22 22:57:42 | INFO     |     损失(ce): 0.034189
2025-07-22 22:57:42 | INFO     |     准确率: 0.975976
2025-07-22 22:57:42 | INFO     |     学习率: 0.00002500
2025-07-22 22:57:42 | INFO     |   验证指标(标准CE):
2025-07-22 22:57:42 | INFO     |     损失: 0.036997
2025-07-22 22:57:42 | INFO     |     准确率: 0.969970
2025-07-22 22:57:42 | INFO     |     F1(macro): 0.971146
2025-07-22 22:57:42 | INFO     |     F1(weighted): 0.969734
2025-07-22 22:57:42 | INFO     |     精确率: 0.975117
2025-07-22 22:57:42 | INFO     |     召回率: 0.972329
2025-07-22 22:57:42 | INFO     |   学习率调度器: f1_based
2025-07-22 22:57:42 | INFO     | ------------------------------------------------------------
2025-07-22 22:57:42 | INFO     | 🎯 学习率调整事件:
2025-07-22 22:57:42 | INFO     |   调度器类型: f1_based
2025-07-22 22:57:42 | INFO     |   学习率变化: 0.00002500 → 0.00001250
2025-07-22 22:57:42 | INFO     |   触发条件: F1分数 = 0.969734
2025-07-22 22:57:42 | INFO     |   变化幅度: -50.00%
2025-07-22 22:57:42 | INFO     | ------------------------------------------------------------
2025-07-22 22:57:42 | INFO     | Epoch  43 | Train: Loss=0.0342, Acc=0.9760 | Val: Loss=0.0370, Acc=0.9700, F1=0.9697 | LR=0.000013 
2025-07-22 22:58:37 | INFO     | Epoch 44:
2025-07-22 22:58:37 | INFO     |   训练指标:
2025-07-22 22:58:37 | INFO     |     损失(ce): 0.031630
2025-07-22 22:58:37 | INFO     |     准确率: 0.976977
2025-07-22 22:58:37 | INFO     |     学习率: 0.00001250
2025-07-22 22:58:37 | INFO     |   验证指标(标准CE):
2025-07-22 22:58:37 | INFO     |     损失: 0.037027
2025-07-22 22:58:37 | INFO     |     准确率: 0.970971
2025-07-22 22:58:37 | INFO     |     F1(macro): 0.972035
2025-07-22 22:58:37 | INFO     |     F1(weighted): 0.970672
2025-07-22 22:58:37 | INFO     |     精确率: 0.976984
2025-07-22 22:58:37 | INFO     |     召回率: 0.973370
2025-07-22 22:58:37 | INFO     |   学习率调度器: f1_based
2025-07-22 22:58:37 | INFO     | ------------------------------------------------------------
2025-07-22 22:58:37 | INFO     | Epoch  44 | Train: Loss=0.0316, Acc=0.9770 | Val: Loss=0.0370, Acc=0.9710, F1=0.9707 | LR=0.000013 
2025-07-22 22:58:37 | INFO     | ⏹️ 早停触发，在第 44 轮停止训练
2025-07-22 22:58:41 | INFO     | 训练历史已保存到: ./result/0722_2218_DualGAF_DualGAFNet_自注意力-0到1的归一化_sl96_step96_fd128_extractor-dilated_gaf-adaptive_attention-self_classifier-mlp_stat-basic_fusion-concat/training_history.csv
2025-07-22 22:58:41 | INFO     | 
====================================================================================================
2025-07-22 22:58:41 | INFO     | 🎉 训练完成总结:
2025-07-22 22:58:41 | INFO     |   训练损失函数: ce
2025-07-22 22:58:41 | INFO     |   验证损失函数: 标准交叉熵（遵循主流ML规范）
2025-07-22 22:58:41 | INFO     |   训练过程最佳验证准确率: 0.9730
2025-07-22 22:58:41 | INFO     |   训练过程最佳验证F1(macro): 0.9739
2025-07-22 22:58:41 | INFO     |   训练过程最佳验证F1(weighted): 0.9729
2025-07-22 22:58:41 | INFO     |   训练轮数: 44
2025-07-22 22:58:41 | INFO     | --------------------------------------------------
2025-07-22 22:58:41 | INFO     | 📊 最佳模型真实性能指标（基于标准交叉熵损失）:
2025-07-22 22:58:41 | INFO     |   验证损失(标准CE): 0.0610
2025-07-22 22:58:41 | INFO     |   验证准确率: 0.9730
2025-07-22 22:58:41 | INFO     |   验证F1(macro): 0.9739
2025-07-22 22:58:41 | INFO     |   验证F1(weighted): 0.9729
2025-07-22 22:58:41 | INFO     |   验证精确率: 0.9741
2025-07-22 22:58:41 | INFO     |   验证召回率: 0.9739
2025-07-22 22:58:41 | INFO     | ====================================================================================================
2025-07-22 22:58:43 | INFO     | ================================================================================
2025-07-22 22:58:43 | INFO     | 实验日志结束: DualGAF_DualGAFNet_自注意力-0到1的归一化_sl96_step96_fd128_extractor-dilated_gaf-adaptive_attention-self_classifier-mlp_stat-basic_fusion-concat
2025-07-22 22:58:43 | INFO     | 结束时间: 2025-07-22 22:58:43
2025-07-22 22:58:43 | INFO     | ================================================================================
