2025-07-15 02:33:09 | INFO     | ================================================================================
2025-07-15 02:33:09 | INFO     | 实验日志开始: DualGAF_DualGAFNet_dilated_enhanced_sl96_step96_fd128_extractor-dilated_gaf-adaptive_attention-channel_classifier-mlp_stat-basic_fusion-concat_ablation-no_diff
2025-07-15 02:33:09 | INFO     | 日志文件: ./result/0715_0233_DualGAF_DualGAFNet_dilated_enhanced_sl96_step96_fd128_extractor-dilated_gaf-adaptive_attention-channel_classifier-mlp_stat-basic_fusion-concat_ablation-no_diff/training.log
2025-07-15 02:33:09 | INFO     | 开始时间: 2025-07-15 02:33:09
2025-07-15 02:33:09 | INFO     | ================================================================================
2025-07-15 02:33:09 | INFO     | ⚙️ 实验配置:
2025-07-15 02:33:09 | INFO     |    task_name: classification
2025-07-15 02:33:09 | INFO     |    is_training: 1
2025-07-15 02:33:09 | INFO     |    model_id: test
2025-07-15 02:33:09 | INFO     |    model: DualGAFNet
2025-07-15 02:33:09 | INFO     |    data: DualGAF
2025-07-15 02:33:09 | INFO     |    root_path: ./dataset/SAHU/mean_5_working
2025-07-15 02:33:09 | INFO     |    step: 96
2025-07-15 02:33:09 | INFO     |    checkpoints: ./checkpoints/
2025-07-15 02:33:09 | INFO     |    num_class: 9
2025-07-15 02:33:09 | INFO     |    result_path: ./result/
2025-07-15 02:33:09 | INFO     |    test_size: 0.2
2025-07-15 02:33:09 | INFO     |    seq_len: 96
2025-07-15 02:33:09 | INFO     |    enc_in: 26
2025-07-15 02:33:09 | INFO     |    d_model: 512
2025-07-15 02:33:09 | INFO     |    n_heads: 8
2025-07-15 02:33:09 | INFO     |    e_layers: 2
2025-07-15 02:33:09 | INFO     |    d_layers: 1
2025-07-15 02:33:09 | INFO     |    d_ff: 2048
2025-07-15 02:33:09 | INFO     |    moving_avg: 25
2025-07-15 02:33:09 | INFO     |    factor: 1
2025-07-15 02:33:09 | INFO     |    distil: True
2025-07-15 02:33:09 | INFO     |    dropout: 0.1
2025-07-15 02:33:09 | INFO     |    embed: timeF
2025-07-15 02:33:09 | INFO     |    activation: gelu
2025-07-15 02:33:09 | INFO     |    use_norm: 1
2025-07-15 02:33:09 | INFO     |    gaf_method: summation
2025-07-15 02:33:09 | INFO     |    feature_dim: 128
2025-07-15 02:33:09 | INFO     |    data_type_method: uint8
2025-07-15 02:33:09 | INFO     |    use_attention: True
2025-07-15 02:33:09 | INFO     |    hidden_dim: 64
2025-07-15 02:33:09 | INFO     |    sample_size: 1000
2025-07-15 02:33:09 | INFO     |    channel_groups: None
2025-07-15 02:33:09 | INFO     |    hvac_groups: None
2025-07-15 02:33:09 | INFO     |    extractor_type: dilated
2025-07-15 02:33:09 | INFO     |    fusion_type: adaptive
2025-07-15 02:33:09 | INFO     |    attention_type: channel
2025-07-15 02:33:09 | INFO     |    classifier_type: mlp
2025-07-15 02:33:09 | INFO     |    use_statistical_features: True
2025-07-15 02:33:09 | INFO     |    stat_type: basic
2025-07-15 02:33:09 | INFO     |    multimodal_fusion_strategy: concat
2025-07-15 02:33:09 | INFO     |    use_signal_level_stats: False
2025-07-15 02:33:09 | INFO     |    signal_stat_type: comprehensive
2025-07-15 02:33:09 | INFO     |    signal_stat_fusion_strategy: concat_project
2025-07-15 02:33:09 | INFO     |    signal_stat_feature_dim: 32
2025-07-15 02:33:09 | INFO     |    use_diff_branch: False
2025-07-15 02:33:09 | INFO     |    ablation_mode: no_diff
2025-07-15 02:33:09 | INFO     |    backbone_type: resnet18
2025-07-15 02:33:09 | INFO     |    use_sum_branch: True
2025-07-15 02:33:09 | INFO     |    num_workers: 0
2025-07-15 02:33:09 | INFO     |    cuda_debug: False
2025-07-15 02:33:09 | INFO     |    gpu_memory_fraction: 0.9
2025-07-15 02:33:09 | INFO     |    safe_mode: True
2025-07-15 02:33:09 | INFO     |    drop_last_batch: True
2025-07-15 02:33:09 | INFO     |    itr: 1
2025-07-15 02:33:09 | INFO     |    train_epochs: 300
2025-07-15 02:33:09 | INFO     |    batch_size: 4
2025-07-15 02:33:09 | INFO     |    patience: 15
2025-07-15 02:33:09 | INFO     |    learning_rate: 0.001
2025-07-15 02:33:09 | INFO     |    des: dilated_enhanced
2025-07-15 02:33:09 | INFO     |    loss: MSE
2025-07-15 02:33:09 | INFO     |    lradj: type1
2025-07-15 02:33:09 | INFO     |    lr_scheduler_type: f1_based
2025-07-15 02:33:09 | INFO     |    lr_loss_weight: 0.3
2025-07-15 02:33:09 | INFO     |    lr_f1_weight: 0.7
2025-07-15 02:33:09 | INFO     |    use_amp: False
2025-07-15 02:33:09 | INFO     |    gradient_accumulation_steps: 2
2025-07-15 02:33:09 | INFO     |    enable_auto_gradient_accumulation: True
2025-07-15 02:33:09 | INFO     |    loss_type: ce
2025-07-15 02:33:09 | INFO     |    label_smoothing: 0.1
2025-07-15 02:33:09 | INFO     |    focal_alpha: 1.0
2025-07-15 02:33:09 | INFO     |    focal_gamma: 2.0
2025-07-15 02:33:09 | INFO     |    confidence_penalty_beta: 0.1
2025-07-15 02:33:09 | INFO     |    use_timm_loss: True
2025-07-15 02:33:09 | INFO     |    adaptive_initial_smoothing: 0.2
2025-07-15 02:33:09 | INFO     |    adaptive_final_smoothing: 0.05
2025-07-15 02:33:09 | INFO     |    adaptive_decay_epochs: 30
2025-07-15 02:33:09 | INFO     |    enable_class_weights: False
2025-07-15 02:33:09 | INFO     |    class_weights: None
2025-07-15 02:33:09 | INFO     |    loss_preset: None
2025-07-15 02:33:09 | INFO     |    n_jobs: 8
2025-07-15 02:33:09 | INFO     |    use_multiprocessing: True
2025-07-15 02:33:09 | INFO     |    chunk_size: 800
2025-07-15 02:33:09 | INFO     |    disable_parallel: False
2025-07-15 02:33:09 | INFO     |    use_shared_memory: True
2025-07-15 02:33:09 | INFO     |    disable_shared_memory: False
2025-07-15 02:33:09 | INFO     |    use_gpu: True
2025-07-15 02:33:09 | INFO     |    gpu: 0
2025-07-15 02:33:09 | INFO     |    gpu_type: cuda
2025-07-15 02:33:09 | INFO     |    use_multi_gpu: False
2025-07-15 02:33:09 | INFO     |    devices: 0,1,2,3
2025-07-15 02:33:09 | INFO     |    device: cuda:0
2025-07-15 02:33:09 | INFO     |    feature_columns: ['SF_SPD', 'CHWC_VLV_DM', 'ZONE_TEMP_4', 'SA_SPSPT', 'ZONE_TEMP_2', 'RF_WAT', 'ZONE_TEMP_3', 'MA_TEMP', 'RF_CS', 'RA_DMPR', 'CHWC_VLV', 'OA_DMPR_DM', 'OA_TEMP', 'RF_SPD', 'ZONE_TEMP_1', 'SA_CFM', 'OA_DMPR', 'RA_DMPR_DM', 'RA_CFM', 'OA_CFM', 'SF_CS', 'SF_WAT', 'SA_TEMP', 'RA_TEMP', 'SA_SP', 'ZONE_TEMP_5']
2025-07-15 02:33:09 | INFO     | 🏗️ 模型信息:
2025-07-15 02:33:09 | INFO     |    模型类型: Model
2025-07-15 02:33:09 | INFO     |    总参数数量: 8,144,386
2025-07-15 02:33:09 | INFO     |    可训练参数: 8,144,386
2025-07-15 02:33:09 | INFO     |    模型大小估计: 31.07 MB
2025-07-15 02:33:09 | INFO     | 📊 数据集信息:
2025-07-15 02:33:09 | INFO     |    训练集大小: 2181
2025-07-15 02:33:09 | INFO     |    验证集大小: 546
2025-07-15 02:33:09 | INFO     | 
================================================================================
2025-07-15 02:33:09 | INFO     | 📋 损失函数使用策略（遵循主流机器学习规范）:
2025-07-15 02:33:09 | INFO     |    🎯 训练阶段: 使用 ce 损失函数
2025-07-15 02:33:09 | INFO     |       → 目的：优化模型参数，解决特定问题（类别不平衡、相似性等）
2025-07-15 02:33:09 | INFO     |    📊 验证阶段: 使用标准交叉熵损失函数
2025-07-15 02:33:09 | INFO     |       → 目的：客观评估模型性能，便于不同方法比较
2025-07-15 02:33:09 | INFO     |    📈 最终报告: 基于标准交叉熵损失的指标
2025-07-15 02:33:09 | INFO     |       → 目的：提供可信、可比较的性能指标
2025-07-15 02:33:09 | INFO     | ================================================================================

2025-07-15 02:33:09 | INFO     | 🔄 梯度累积配置: 每2轮累积一次梯度
2025-07-15 02:33:09 | INFO     |    实际batch_size: 4
2025-07-15 02:33:09 | INFO     |    有效batch_size: 8
2025-07-15 02:33:24 | INFO     | Epoch 1:
2025-07-15 02:33:24 | INFO     |   训练指标:
2025-07-15 02:33:24 | INFO     |     损失(ce): 0.966621
2025-07-15 02:33:24 | INFO     |     准确率: 0.638991
2025-07-15 02:33:24 | INFO     |     学习率: 0.00100000
2025-07-15 02:33:24 | INFO     |   验证指标(标准CE):
2025-07-15 02:33:24 | INFO     |     损失: 0.320545
2025-07-15 02:33:24 | INFO     |     准确率: 0.857143
2025-07-15 02:33:24 | INFO     |     F1(macro): 0.848800
2025-07-15 02:33:24 | INFO     |     F1(weighted): 0.852701
2025-07-15 02:33:24 | INFO     |     精确率: 0.880530
2025-07-15 02:33:24 | INFO     |     召回率: 0.846618
2025-07-15 02:33:24 | INFO     |   学习率调度器: f1_based
2025-07-15 02:33:24 | INFO     | ------------------------------------------------------------
2025-07-15 02:33:24 | INFO     | Epoch   1 | Train: Loss=0.9666, Acc=0.6390 | Val: Loss=0.3205, Acc=0.8571, F1=0.8527 | LR=0.001000 🏆 [最佳模型]
2025-07-15 02:33:39 | INFO     | Epoch 2:
2025-07-15 02:33:39 | INFO     |   训练指标:
2025-07-15 02:33:39 | INFO     |     损失(ce): 0.344509
2025-07-15 02:33:39 | INFO     |     准确率: 0.846789
2025-07-15 02:33:39 | INFO     |     学习率: 0.00100000
2025-07-15 02:33:39 | INFO     |   验证指标(标准CE):
2025-07-15 02:33:39 | INFO     |     损失: 0.286152
2025-07-15 02:33:39 | INFO     |     准确率: 0.860806
2025-07-15 02:33:39 | INFO     |     F1(macro): 0.818937
2025-07-15 02:33:39 | INFO     |     F1(weighted): 0.825886
2025-07-15 02:33:39 | INFO     |     精确率: 0.808912
2025-07-15 02:33:39 | INFO     |     召回率: 0.845328
2025-07-15 02:33:39 | INFO     |   学习率调度器: f1_based
2025-07-15 02:33:39 | INFO     | ------------------------------------------------------------
2025-07-15 02:33:39 | INFO     | Epoch   2 | Train: Loss=0.3445, Acc=0.8468 | Val: Loss=0.2862, Acc=0.8608, F1=0.8259 | LR=0.001000 
2025-07-15 02:33:54 | INFO     | Epoch 3:
2025-07-15 02:33:54 | INFO     |   训练指标:
2025-07-15 02:33:54 | INFO     |     损失(ce): 0.305651
2025-07-15 02:33:54 | INFO     |     准确率: 0.866514
2025-07-15 02:33:54 | INFO     |     学习率: 0.00100000
2025-07-15 02:33:54 | INFO     |   验证指标(标准CE):
2025-07-15 02:33:54 | INFO     |     损失: 0.299996
2025-07-15 02:33:54 | INFO     |     准确率: 0.862637
2025-07-15 02:33:54 | INFO     |     F1(macro): 0.845410
2025-07-15 02:33:54 | INFO     |     F1(weighted): 0.848611
2025-07-15 02:33:54 | INFO     |     精确率: 0.860999
2025-07-15 02:33:54 | INFO     |     召回率: 0.855937
2025-07-15 02:33:54 | INFO     |   学习率调度器: f1_based
2025-07-15 02:33:54 | INFO     | ------------------------------------------------------------
2025-07-15 02:33:54 | INFO     | Epoch   3 | Train: Loss=0.3057, Acc=0.8665 | Val: Loss=0.3000, Acc=0.8626, F1=0.8486 | LR=0.001000 
2025-07-15 02:34:08 | INFO     | Epoch 4:
2025-07-15 02:34:08 | INFO     |   训练指标:
2025-07-15 02:34:08 | INFO     |     损失(ce): 0.375039
2025-07-15 02:34:08 | INFO     |     准确率: 0.868807
2025-07-15 02:34:08 | INFO     |     学习率: 0.00100000
2025-07-15 02:34:08 | INFO     |   验证指标(标准CE):
2025-07-15 02:34:08 | INFO     |     损失: 0.490707
2025-07-15 02:34:08 | INFO     |     准确率: 0.807692
2025-07-15 02:34:08 | INFO     |     F1(macro): 0.782743
2025-07-15 02:34:08 | INFO     |     F1(weighted): 0.786726
2025-07-15 02:34:08 | INFO     |     精确率: 0.804271
2025-07-15 02:34:08 | INFO     |     召回率: 0.801440
2025-07-15 02:34:08 | INFO     |   学习率调度器: f1_based
2025-07-15 02:34:08 | INFO     | ------------------------------------------------------------
2025-07-15 02:34:08 | INFO     | Epoch   4 | Train: Loss=0.3750, Acc=0.8688 | Val: Loss=0.4907, Acc=0.8077, F1=0.7867 | LR=0.001000 
2025-07-15 02:34:23 | INFO     | Epoch 5:
2025-07-15 02:34:23 | INFO     |   训练指标:
2025-07-15 02:34:23 | INFO     |     损失(ce): 0.299469
2025-07-15 02:34:23 | INFO     |     准确率: 0.886697
2025-07-15 02:34:23 | INFO     |     学习率: 0.00100000
2025-07-15 02:34:23 | INFO     |   验证指标(标准CE):
2025-07-15 02:34:23 | INFO     |     损失: 0.217792
2025-07-15 02:34:23 | INFO     |     准确率: 0.899267
2025-07-15 02:34:23 | INFO     |     F1(macro): 0.875237
2025-07-15 02:34:23 | INFO     |     F1(weighted): 0.882075
2025-07-15 02:34:23 | INFO     |     精确率: 0.906629
2025-07-15 02:34:23 | INFO     |     召回率: 0.885350
2025-07-15 02:34:23 | INFO     |   学习率调度器: f1_based
2025-07-15 02:34:23 | INFO     | ------------------------------------------------------------
2025-07-15 02:34:23 | INFO     | Epoch   5 | Train: Loss=0.2995, Acc=0.8867 | Val: Loss=0.2178, Acc=0.8993, F1=0.8821 | LR=0.001000 🏆 [最佳模型]
2025-07-15 02:34:38 | INFO     | Epoch 6:
2025-07-15 02:34:38 | INFO     |   训练指标:
2025-07-15 02:34:38 | INFO     |     损失(ce): 0.301017
2025-07-15 02:34:38 | INFO     |     准确率: 0.900459
2025-07-15 02:34:38 | INFO     |     学习率: 0.00100000
2025-07-15 02:34:38 | INFO     |   验证指标(标准CE):
2025-07-15 02:34:38 | INFO     |     损失: 0.287916
2025-07-15 02:34:38 | INFO     |     准确率: 0.901099
2025-07-15 02:34:38 | INFO     |     F1(macro): 0.895668
2025-07-15 02:34:38 | INFO     |     F1(weighted): 0.897868
2025-07-15 02:34:38 | INFO     |     精确率: 0.903315
2025-07-15 02:34:38 | INFO     |     召回率: 0.901038
2025-07-15 02:34:38 | INFO     |   学习率调度器: f1_based
2025-07-15 02:34:38 | INFO     | ------------------------------------------------------------
2025-07-15 02:34:38 | INFO     | Epoch   6 | Train: Loss=0.3010, Acc=0.9005 | Val: Loss=0.2879, Acc=0.9011, F1=0.8979 | LR=0.001000 🏆 [最佳模型]
2025-07-15 02:34:53 | INFO     | Epoch 7:
2025-07-15 02:34:53 | INFO     |   训练指标:
2025-07-15 02:34:53 | INFO     |     损失(ce): 0.224926
2025-07-15 02:34:53 | INFO     |     准确率: 0.915596
2025-07-15 02:34:53 | INFO     |     学习率: 0.00100000
2025-07-15 02:34:53 | INFO     |   验证指标(标准CE):
2025-07-15 02:34:53 | INFO     |     损失: 0.247446
2025-07-15 02:34:53 | INFO     |     准确率: 0.871795
2025-07-15 02:34:53 | INFO     |     F1(macro): 0.867304
2025-07-15 02:34:53 | INFO     |     F1(weighted): 0.866060
2025-07-15 02:34:53 | INFO     |     精确率: 0.914341
2025-07-15 02:34:53 | INFO     |     召回率: 0.875273
2025-07-15 02:34:53 | INFO     |   学习率调度器: f1_based
2025-07-15 02:34:53 | INFO     | ------------------------------------------------------------
2025-07-15 02:34:53 | INFO     | Epoch   7 | Train: Loss=0.2249, Acc=0.9156 | Val: Loss=0.2474, Acc=0.8718, F1=0.8661 | LR=0.001000 
2025-07-15 02:35:07 | INFO     | Epoch 8:
2025-07-15 02:35:07 | INFO     |   训练指标:
2025-07-15 02:35:07 | INFO     |     损失(ce): 0.207113
2025-07-15 02:35:07 | INFO     |     准确率: 0.927982
2025-07-15 02:35:07 | INFO     |     学习率: 0.00100000
2025-07-15 02:35:07 | INFO     |   验证指标(标准CE):
2025-07-15 02:35:07 | INFO     |     损失: 0.157822
2025-07-15 02:35:07 | INFO     |     准确率: 0.912088
2025-07-15 02:35:07 | INFO     |     F1(macro): 0.912602
2025-07-15 02:35:07 | INFO     |     F1(weighted): 0.910871
2025-07-15 02:35:07 | INFO     |     精确率: 0.917668
2025-07-15 02:35:07 | INFO     |     召回率: 0.916590
2025-07-15 02:35:07 | INFO     |   学习率调度器: f1_based
2025-07-15 02:35:07 | INFO     | ------------------------------------------------------------
2025-07-15 02:35:07 | INFO     | Epoch   8 | Train: Loss=0.2071, Acc=0.9280 | Val: Loss=0.1578, Acc=0.9121, F1=0.9109 | LR=0.001000 🏆 [最佳模型]
2025-07-15 02:35:22 | INFO     | Epoch 9:
2025-07-15 02:35:22 | INFO     |   训练指标:
2025-07-15 02:35:22 | INFO     |     损失(ce): 0.197696
2025-07-15 02:35:22 | INFO     |     准确率: 0.940826
2025-07-15 02:35:22 | INFO     |     学习率: 0.00100000
2025-07-15 02:35:22 | INFO     |   验证指标(标准CE):
2025-07-15 02:35:22 | INFO     |     损失: 0.118953
2025-07-15 02:35:22 | INFO     |     准确率: 0.950549
2025-07-15 02:35:22 | INFO     |     F1(macro): 0.946208
2025-07-15 02:35:22 | INFO     |     F1(weighted): 0.947774
2025-07-15 02:35:22 | INFO     |     精确率: 0.961225
2025-07-15 02:35:22 | INFO     |     召回率: 0.944586
2025-07-15 02:35:22 | INFO     |   学习率调度器: f1_based
2025-07-15 02:35:22 | INFO     | ------------------------------------------------------------
2025-07-15 02:35:22 | INFO     | Epoch   9 | Train: Loss=0.1977, Acc=0.9408 | Val: Loss=0.1190, Acc=0.9505, F1=0.9478 | LR=0.001000 🏆 [最佳模型]
2025-07-15 02:35:37 | INFO     | Epoch 10:
2025-07-15 02:35:37 | INFO     |   训练指标:
2025-07-15 02:35:37 | INFO     |     损失(ce): 0.177830
2025-07-15 02:35:37 | INFO     |     准确率: 0.938991
2025-07-15 02:35:37 | INFO     |     学习率: 0.00100000
2025-07-15 02:35:37 | INFO     |   验证指标(标准CE):
2025-07-15 02:35:37 | INFO     |     损失: 0.099699
2025-07-15 02:35:37 | INFO     |     准确率: 0.967033
2025-07-15 02:35:37 | INFO     |     F1(macro): 0.965560
2025-07-15 02:35:37 | INFO     |     F1(weighted): 0.966127
2025-07-15 02:35:37 | INFO     |     精确率: 0.971528
2025-07-15 02:35:37 | INFO     |     召回率: 0.963739
2025-07-15 02:35:37 | INFO     |   学习率调度器: f1_based
2025-07-15 02:35:37 | INFO     | ------------------------------------------------------------
2025-07-15 02:35:37 | INFO     | Epoch  10 | Train: Loss=0.1778, Acc=0.9390 | Val: Loss=0.0997, Acc=0.9670, F1=0.9661 | LR=0.001000 🏆 [最佳模型]
2025-07-15 02:35:52 | INFO     | Epoch 11:
2025-07-15 02:35:52 | INFO     |   训练指标:
2025-07-15 02:35:52 | INFO     |     损失(ce): 0.219640
2025-07-15 02:35:52 | INFO     |     准确率: 0.931193
2025-07-15 02:35:52 | INFO     |     学习率: 0.00100000
2025-07-15 02:35:52 | INFO     |   验证指标(标准CE):
2025-07-15 02:35:52 | INFO     |     损失: 0.782640
2025-07-15 02:35:52 | INFO     |     准确率: 0.888278
2025-07-15 02:35:52 | INFO     |     F1(macro): 0.884092
2025-07-15 02:35:52 | INFO     |     F1(weighted): 0.885326
2025-07-15 02:35:52 | INFO     |     精确率: 0.948261
2025-07-15 02:35:52 | INFO     |     召回率: 0.879763
2025-07-15 02:35:52 | INFO     |   学习率调度器: f1_based
2025-07-15 02:35:52 | INFO     | ------------------------------------------------------------
2025-07-15 02:35:52 | INFO     | Epoch  11 | Train: Loss=0.2196, Acc=0.9312 | Val: Loss=0.7826, Acc=0.8883, F1=0.8853 | LR=0.001000 
2025-07-15 02:36:07 | INFO     | Epoch 12:
2025-07-15 02:36:07 | INFO     |   训练指标:
2025-07-15 02:36:07 | INFO     |     损失(ce): 0.200884
2025-07-15 02:36:07 | INFO     |     准确率: 0.933945
2025-07-15 02:36:07 | INFO     |     学习率: 0.00100000
2025-07-15 02:36:07 | INFO     |   验证指标(标准CE):
2025-07-15 02:36:07 | INFO     |     损失: 0.203512
2025-07-15 02:36:07 | INFO     |     准确率: 0.897436
2025-07-15 02:36:07 | INFO     |     F1(macro): 0.892845
2025-07-15 02:36:07 | INFO     |     F1(weighted): 0.889568
2025-07-15 02:36:07 | INFO     |     精确率: 0.923740
2025-07-15 02:36:07 | INFO     |     召回率: 0.907349
2025-07-15 02:36:07 | INFO     |   学习率调度器: f1_based
2025-07-15 02:36:07 | INFO     | ------------------------------------------------------------
2025-07-15 02:36:07 | INFO     | Epoch  12 | Train: Loss=0.2009, Acc=0.9339 | Val: Loss=0.2035, Acc=0.8974, F1=0.8896 | LR=0.001000 
2025-07-15 02:36:21 | INFO     | Epoch 13:
2025-07-15 02:36:21 | INFO     |   训练指标:
2025-07-15 02:36:21 | INFO     |     损失(ce): 0.212993
2025-07-15 02:36:21 | INFO     |     准确率: 0.932110
2025-07-15 02:36:21 | INFO     |     学习率: 0.00100000
2025-07-15 02:36:21 | INFO     |   验证指标(标准CE):
2025-07-15 02:36:21 | INFO     |     损失: 0.088590
2025-07-15 02:36:21 | INFO     |     准确率: 0.970696
2025-07-15 02:36:21 | INFO     |     F1(macro): 0.969656
2025-07-15 02:36:21 | INFO     |     F1(weighted): 0.969872
2025-07-15 02:36:21 | INFO     |     精确率: 0.975311
2025-07-15 02:36:21 | INFO     |     召回率: 0.968019
2025-07-15 02:36:21 | INFO     |   学习率调度器: f1_based
2025-07-15 02:36:21 | INFO     | ------------------------------------------------------------
2025-07-15 02:36:21 | INFO     | Epoch  13 | Train: Loss=0.2130, Acc=0.9321 | Val: Loss=0.0886, Acc=0.9707, F1=0.9699 | LR=0.001000 🏆 [最佳模型]
2025-07-15 02:36:36 | INFO     | Epoch 14:
2025-07-15 02:36:36 | INFO     |   训练指标:
2025-07-15 02:36:36 | INFO     |     损失(ce): 0.153406
2025-07-15 02:36:36 | INFO     |     准确率: 0.949083
2025-07-15 02:36:36 | INFO     |     学习率: 0.00100000
2025-07-15 02:36:36 | INFO     |   验证指标(标准CE):
2025-07-15 02:36:36 | INFO     |     损失: 0.296213
2025-07-15 02:36:36 | INFO     |     准确率: 0.844322
2025-07-15 02:36:36 | INFO     |     F1(macro): 0.851339
2025-07-15 02:36:36 | INFO     |     F1(weighted): 0.843435
2025-07-15 02:36:36 | INFO     |     精确率: 0.877306
2025-07-15 02:36:36 | INFO     |     召回率: 0.858366
2025-07-15 02:36:36 | INFO     |   学习率调度器: f1_based
2025-07-15 02:36:36 | INFO     | ------------------------------------------------------------
2025-07-15 02:36:36 | INFO     | Epoch  14 | Train: Loss=0.1534, Acc=0.9491 | Val: Loss=0.2962, Acc=0.8443, F1=0.8434 | LR=0.001000 
2025-07-15 02:36:51 | INFO     | Epoch 15:
2025-07-15 02:36:51 | INFO     |   训练指标:
2025-07-15 02:36:51 | INFO     |     损失(ce): 0.172473
2025-07-15 02:36:51 | INFO     |     准确率: 0.951835
2025-07-15 02:36:51 | INFO     |     学习率: 0.00100000
2025-07-15 02:36:51 | INFO     |   验证指标(标准CE):
2025-07-15 02:36:51 | INFO     |     损失: 0.134088
2025-07-15 02:36:51 | INFO     |     准确率: 0.939560
2025-07-15 02:36:51 | INFO     |     F1(macro): 0.939212
2025-07-15 02:36:51 | INFO     |     F1(weighted): 0.937262
2025-07-15 02:36:51 | INFO     |     精确率: 0.951718
2025-07-15 02:36:51 | INFO     |     召回率: 0.947149
2025-07-15 02:36:51 | INFO     |   学习率调度器: f1_based
2025-07-15 02:36:51 | INFO     | ------------------------------------------------------------
2025-07-15 02:36:51 | INFO     | Epoch  15 | Train: Loss=0.1725, Acc=0.9518 | Val: Loss=0.1341, Acc=0.9396, F1=0.9373 | LR=0.001000 
2025-07-15 02:37:05 | INFO     | Epoch 16:
2025-07-15 02:37:05 | INFO     |   训练指标:
2025-07-15 02:37:05 | INFO     |     损失(ce): 0.118875
2025-07-15 02:37:05 | INFO     |     准确率: 0.961009
2025-07-15 02:37:05 | INFO     |     学习率: 0.00100000
2025-07-15 02:37:05 | INFO     |   验证指标(标准CE):
2025-07-15 02:37:05 | INFO     |     损失: 0.114434
2025-07-15 02:37:05 | INFO     |     准确率: 0.972527
2025-07-15 02:37:05 | INFO     |     F1(macro): 0.971406
2025-07-15 02:37:05 | INFO     |     F1(weighted): 0.972296
2025-07-15 02:37:05 | INFO     |     精确率: 0.970872
2025-07-15 02:37:05 | INFO     |     召回率: 0.972898
2025-07-15 02:37:05 | INFO     |   学习率调度器: f1_based
2025-07-15 02:37:05 | INFO     | ------------------------------------------------------------
2025-07-15 02:37:05 | INFO     | Epoch  16 | Train: Loss=0.1189, Acc=0.9610 | Val: Loss=0.1144, Acc=0.9725, F1=0.9723 | LR=0.001000 🏆 [最佳模型]
2025-07-15 02:37:20 | INFO     | Epoch 17:
2025-07-15 02:37:20 | INFO     |   训练指标:
2025-07-15 02:37:20 | INFO     |     损失(ce): 0.215867
2025-07-15 02:37:20 | INFO     |     准确率: 0.952752
2025-07-15 02:37:20 | INFO     |     学习率: 0.00100000
2025-07-15 02:37:20 | INFO     |   验证指标(标准CE):
2025-07-15 02:37:20 | INFO     |     损失: 0.108310
2025-07-15 02:37:20 | INFO     |     准确率: 0.965201
2025-07-15 02:37:20 | INFO     |     F1(macro): 0.965874
2025-07-15 02:37:20 | INFO     |     F1(weighted): 0.965340
2025-07-15 02:37:20 | INFO     |     精确率: 0.965890
2025-07-15 02:37:20 | INFO     |     召回率: 0.967490
2025-07-15 02:37:20 | INFO     |   学习率调度器: f1_based
2025-07-15 02:37:20 | INFO     | ------------------------------------------------------------
2025-07-15 02:37:20 | INFO     | Epoch  17 | Train: Loss=0.2159, Acc=0.9528 | Val: Loss=0.1083, Acc=0.9652, F1=0.9653 | LR=0.001000 
2025-07-15 02:37:35 | INFO     | Epoch 18:
2025-07-15 02:37:35 | INFO     |   训练指标:
2025-07-15 02:37:35 | INFO     |     损失(ce): 0.156494
2025-07-15 02:37:35 | INFO     |     准确率: 0.947706
2025-07-15 02:37:35 | INFO     |     学习率: 0.00100000
2025-07-15 02:37:35 | INFO     |   验证指标(标准CE):
2025-07-15 02:37:35 | INFO     |     损失: 0.088932
2025-07-15 02:37:35 | INFO     |     准确率: 0.974359
2025-07-15 02:37:35 | INFO     |     F1(macro): 0.973934
2025-07-15 02:37:35 | INFO     |     F1(weighted): 0.974026
2025-07-15 02:37:35 | INFO     |     精确率: 0.977084
2025-07-15 02:37:35 | INFO     |     召回率: 0.972604
2025-07-15 02:37:35 | INFO     |   学习率调度器: f1_based
2025-07-15 02:37:35 | INFO     | ------------------------------------------------------------
2025-07-15 02:37:35 | INFO     | Epoch  18 | Train: Loss=0.1565, Acc=0.9477 | Val: Loss=0.0889, Acc=0.9744, F1=0.9740 | LR=0.001000 🏆 [最佳模型]
2025-07-15 02:37:50 | INFO     | Epoch 19:
2025-07-15 02:37:50 | INFO     |   训练指标:
2025-07-15 02:37:50 | INFO     |     损失(ce): 0.111918
2025-07-15 02:37:50 | INFO     |     准确率: 0.959174
2025-07-15 02:37:50 | INFO     |     学习率: 0.00100000
2025-07-15 02:37:50 | INFO     |   验证指标(标准CE):
2025-07-15 02:37:50 | INFO     |     损失: 0.051278
2025-07-15 02:37:50 | INFO     |     准确率: 0.987179
2025-07-15 02:37:50 | INFO     |     F1(macro): 0.987375
2025-07-15 02:37:50 | INFO     |     F1(weighted): 0.987201
2025-07-15 02:37:50 | INFO     |     精确率: 0.986944
2025-07-15 02:37:50 | INFO     |     召回率: 0.987948
2025-07-15 02:37:50 | INFO     |   学习率调度器: f1_based
2025-07-15 02:37:50 | INFO     | ------------------------------------------------------------
2025-07-15 02:37:50 | INFO     | Epoch  19 | Train: Loss=0.1119, Acc=0.9592 | Val: Loss=0.0513, Acc=0.9872, F1=0.9872 | LR=0.001000 🏆 [最佳模型]
2025-07-15 02:38:05 | INFO     | Epoch 20:
2025-07-15 02:38:05 | INFO     |   训练指标:
2025-07-15 02:38:05 | INFO     |     损失(ce): 0.130878
2025-07-15 02:38:05 | INFO     |     准确率: 0.966055
2025-07-15 02:38:05 | INFO     |     学习率: 0.00100000
2025-07-15 02:38:05 | INFO     |   验证指标(标准CE):
2025-07-15 02:38:05 | INFO     |     损失: 0.154383
2025-07-15 02:38:05 | INFO     |     准确率: 0.943223
2025-07-15 02:38:05 | INFO     |     F1(macro): 0.945667
2025-07-15 02:38:05 | INFO     |     F1(weighted): 0.943589
2025-07-15 02:38:05 | INFO     |     精确率: 0.952946
2025-07-15 02:38:05 | INFO     |     召回率: 0.948900
2025-07-15 02:38:05 | INFO     |   学习率调度器: f1_based
2025-07-15 02:38:05 | INFO     | ------------------------------------------------------------
2025-07-15 02:38:05 | INFO     | Epoch  20 | Train: Loss=0.1309, Acc=0.9661 | Val: Loss=0.1544, Acc=0.9432, F1=0.9436 | LR=0.001000 
2025-07-15 02:38:19 | INFO     | Epoch 21:
2025-07-15 02:38:19 | INFO     |   训练指标:
2025-07-15 02:38:19 | INFO     |     损失(ce): 0.109603
2025-07-15 02:38:19 | INFO     |     准确率: 0.972477
2025-07-15 02:38:19 | INFO     |     学习率: 0.00100000
2025-07-15 02:38:19 | INFO     |   验证指标(标准CE):
2025-07-15 02:38:19 | INFO     |     损失: 0.098329
2025-07-15 02:38:19 | INFO     |     准确率: 0.965201
2025-07-15 02:38:19 | INFO     |     F1(macro): 0.963002
2025-07-15 02:38:19 | INFO     |     F1(weighted): 0.963566
2025-07-15 02:38:19 | INFO     |     精确率: 0.976280
2025-07-15 02:38:19 | INFO     |     召回率: 0.960905
2025-07-15 02:38:19 | INFO     |   学习率调度器: f1_based
2025-07-15 02:38:19 | INFO     | ------------------------------------------------------------
2025-07-15 02:38:19 | INFO     | Epoch  21 | Train: Loss=0.1096, Acc=0.9725 | Val: Loss=0.0983, Acc=0.9652, F1=0.9636 | LR=0.001000 
2025-07-15 02:38:34 | INFO     | Epoch 22:
2025-07-15 02:38:34 | INFO     |   训练指标:
2025-07-15 02:38:34 | INFO     |     损失(ce): 0.125778
2025-07-15 02:38:34 | INFO     |     准确率: 0.964220
2025-07-15 02:38:34 | INFO     |     学习率: 0.00100000
2025-07-15 02:38:34 | INFO     |   验证指标(标准CE):
2025-07-15 02:38:34 | INFO     |     损失: 0.051282
2025-07-15 02:38:34 | INFO     |     准确率: 0.979853
2025-07-15 02:38:34 | INFO     |     F1(macro): 0.979555
2025-07-15 02:38:34 | INFO     |     F1(weighted): 0.979671
2025-07-15 02:38:34 | INFO     |     精确率: 0.981296
2025-07-15 02:38:34 | INFO     |     召回率: 0.978777
2025-07-15 02:38:34 | INFO     |   学习率调度器: f1_based
2025-07-15 02:38:34 | INFO     | ------------------------------------------------------------
2025-07-15 02:38:34 | INFO     | Epoch  22 | Train: Loss=0.1258, Acc=0.9642 | Val: Loss=0.0513, Acc=0.9799, F1=0.9797 | LR=0.001000 
2025-07-15 02:38:48 | INFO     | Epoch 23:
2025-07-15 02:38:48 | INFO     |   训练指标:
2025-07-15 02:38:48 | INFO     |     损失(ce): 0.126503
2025-07-15 02:38:48 | INFO     |     准确率: 0.956881
2025-07-15 02:38:48 | INFO     |     学习率: 0.00100000
2025-07-15 02:38:48 | INFO     |   验证指标(标准CE):
2025-07-15 02:38:48 | INFO     |     损失: 0.069385
2025-07-15 02:38:48 | INFO     |     准确率: 0.970696
2025-07-15 02:38:48 | INFO     |     F1(macro): 0.968723
2025-07-15 02:38:48 | INFO     |     F1(weighted): 0.969344
2025-07-15 02:38:48 | INFO     |     精确率: 0.977838
2025-07-15 02:38:48 | INFO     |     召回率: 0.967078
2025-07-15 02:38:48 | INFO     |   学习率调度器: f1_based
2025-07-15 02:38:48 | INFO     | ------------------------------------------------------------
2025-07-15 02:38:48 | INFO     | Epoch  23 | Train: Loss=0.1265, Acc=0.9569 | Val: Loss=0.0694, Acc=0.9707, F1=0.9693 | LR=0.001000 
2025-07-15 02:39:03 | INFO     | Epoch 24:
2025-07-15 02:39:03 | INFO     |   训练指标:
2025-07-15 02:39:03 | INFO     |     损失(ce): 0.174688
2025-07-15 02:39:03 | INFO     |     准确率: 0.956881
2025-07-15 02:39:03 | INFO     |     学习率: 0.00100000
2025-07-15 02:39:03 | INFO     |   验证指标(标准CE):
2025-07-15 02:39:03 | INFO     |     损失: 0.044120
2025-07-15 02:39:03 | INFO     |     准确率: 0.985348
2025-07-15 02:39:03 | INFO     |     F1(macro): 0.985528
2025-07-15 02:39:03 | INFO     |     F1(weighted): 0.985394
2025-07-15 02:39:03 | INFO     |     精确率: 0.985139
2025-07-15 02:39:03 | INFO     |     召回率: 0.986361
2025-07-15 02:39:03 | INFO     |   学习率调度器: f1_based
2025-07-15 02:39:03 | INFO     | ------------------------------------------------------------
2025-07-15 02:39:03 | INFO     | Epoch  24 | Train: Loss=0.1747, Acc=0.9569 | Val: Loss=0.0441, Acc=0.9853, F1=0.9854 | LR=0.001000 
2025-07-15 02:39:17 | INFO     | Epoch 25:
2025-07-15 02:39:17 | INFO     |   训练指标:
2025-07-15 02:39:17 | INFO     |     损失(ce): 0.068719
2025-07-15 02:39:17 | INFO     |     准确率: 0.980275
2025-07-15 02:39:17 | INFO     |     学习率: 0.00100000
2025-07-15 02:39:17 | INFO     |   验证指标(标准CE):
2025-07-15 02:39:17 | INFO     |     损失: 0.040939
2025-07-15 02:39:17 | INFO     |     准确率: 0.985348
2025-07-15 02:39:17 | INFO     |     F1(macro): 0.985716
2025-07-15 02:39:17 | INFO     |     F1(weighted): 0.985400
2025-07-15 02:39:17 | INFO     |     精确率: 0.985570
2025-07-15 02:39:17 | INFO     |     召回率: 0.985891
2025-07-15 02:39:17 | INFO     |   学习率调度器: f1_based
2025-07-15 02:39:17 | INFO     | ------------------------------------------------------------
2025-07-15 02:39:17 | INFO     | 🎯 学习率调整事件:
2025-07-15 02:39:17 | INFO     |   调度器类型: f1_based
2025-07-15 02:39:17 | INFO     |   学习率变化: 0.00100000 → 0.00050000
2025-07-15 02:39:17 | INFO     |   触发条件: F1分数 = 0.985400
2025-07-15 02:39:17 | INFO     |   变化幅度: -50.00%
2025-07-15 02:39:17 | INFO     | ------------------------------------------------------------
2025-07-15 02:39:17 | INFO     | Epoch  25 | Train: Loss=0.0687, Acc=0.9803 | Val: Loss=0.0409, Acc=0.9853, F1=0.9854 | LR=0.000500 
2025-07-15 02:39:32 | INFO     | Epoch 26:
2025-07-15 02:39:32 | INFO     |   训练指标:
2025-07-15 02:39:32 | INFO     |     损失(ce): 0.057645
2025-07-15 02:39:32 | INFO     |     准确率: 0.982569
2025-07-15 02:39:32 | INFO     |     学习率: 0.00050000
2025-07-15 02:39:32 | INFO     |   验证指标(标准CE):
2025-07-15 02:39:32 | INFO     |     损失: 0.026907
2025-07-15 02:39:32 | INFO     |     准确率: 0.992674
2025-07-15 02:39:32 | INFO     |     F1(macro): 0.992677
2025-07-15 02:39:32 | INFO     |     F1(weighted): 0.992656
2025-07-15 02:39:32 | INFO     |     精确率: 0.993234
2025-07-15 02:39:32 | INFO     |     召回率: 0.992240
2025-07-15 02:39:32 | INFO     |   学习率调度器: f1_based
2025-07-15 02:39:32 | INFO     | ------------------------------------------------------------
2025-07-15 02:39:32 | INFO     | Epoch  26 | Train: Loss=0.0576, Acc=0.9826 | Val: Loss=0.0269, Acc=0.9927, F1=0.9927 | LR=0.000500 🏆 [最佳模型]
2025-07-15 02:39:47 | INFO     | Epoch 27:
2025-07-15 02:39:47 | INFO     |   训练指标:
2025-07-15 02:39:47 | INFO     |     损失(ce): 0.035819
2025-07-15 02:39:47 | INFO     |     准确率: 0.987615
2025-07-15 02:39:47 | INFO     |     学习率: 0.00050000
2025-07-15 02:39:47 | INFO     |   验证指标(标准CE):
2025-07-15 02:39:47 | INFO     |     损失: 0.034993
2025-07-15 02:39:47 | INFO     |     准确率: 0.990842
2025-07-15 02:39:47 | INFO     |     F1(macro): 0.990824
2025-07-15 02:39:47 | INFO     |     F1(weighted): 0.990808
2025-07-15 02:39:47 | INFO     |     精确率: 0.991733
2025-07-15 02:39:47 | INFO     |     召回率: 0.990182
2025-07-15 02:39:47 | INFO     |   学习率调度器: f1_based
2025-07-15 02:39:47 | INFO     | ------------------------------------------------------------
2025-07-15 02:39:47 | INFO     | Epoch  27 | Train: Loss=0.0358, Acc=0.9876 | Val: Loss=0.0350, Acc=0.9908, F1=0.9908 | LR=0.000500 
2025-07-15 02:40:01 | INFO     | Epoch 28:
2025-07-15 02:40:01 | INFO     |   训练指标:
2025-07-15 02:40:01 | INFO     |     损失(ce): 0.047970
2025-07-15 02:40:01 | INFO     |     准确率: 0.982569
2025-07-15 02:40:01 | INFO     |     学习率: 0.00050000
2025-07-15 02:40:01 | INFO     |   验证指标(标准CE):
2025-07-15 02:40:01 | INFO     |     损失: 0.029312
2025-07-15 02:40:01 | INFO     |     准确率: 0.990842
2025-07-15 02:40:01 | INFO     |     F1(macro): 0.990824
2025-07-15 02:40:01 | INFO     |     F1(weighted): 0.990808
2025-07-15 02:40:01 | INFO     |     精确率: 0.991733
2025-07-15 02:40:01 | INFO     |     召回率: 0.990182
2025-07-15 02:40:01 | INFO     |   学习率调度器: f1_based
2025-07-15 02:40:01 | INFO     | ------------------------------------------------------------
2025-07-15 02:40:01 | INFO     | Epoch  28 | Train: Loss=0.0480, Acc=0.9826 | Val: Loss=0.0293, Acc=0.9908, F1=0.9908 | LR=0.000500 
2025-07-15 02:40:16 | INFO     | Epoch 29:
2025-07-15 02:40:16 | INFO     |   训练指标:
2025-07-15 02:40:16 | INFO     |     损失(ce): 0.026407
2025-07-15 02:40:16 | INFO     |     准确率: 0.992661
2025-07-15 02:40:16 | INFO     |     学习率: 0.00050000
2025-07-15 02:40:16 | INFO     |   验证指标(标准CE):
2025-07-15 02:40:16 | INFO     |     损失: 0.026774
2025-07-15 02:40:16 | INFO     |     准确率: 0.994505
2025-07-15 02:40:16 | INFO     |     F1(macro): 0.994494
2025-07-15 02:40:16 | INFO     |     F1(weighted): 0.994485
2025-07-15 02:40:16 | INFO     |     精确率: 0.995434
2025-07-15 02:40:16 | INFO     |     召回率: 0.993827
2025-07-15 02:40:16 | INFO     |   学习率调度器: f1_based
2025-07-15 02:40:16 | INFO     | ------------------------------------------------------------
2025-07-15 02:40:16 | INFO     | Epoch  29 | Train: Loss=0.0264, Acc=0.9927 | Val: Loss=0.0268, Acc=0.9945, F1=0.9945 | LR=0.000500 🏆 [最佳模型]
2025-07-15 02:40:31 | INFO     | Epoch 30:
2025-07-15 02:40:31 | INFO     |   训练指标:
2025-07-15 02:40:31 | INFO     |     损失(ce): 0.080380
2025-07-15 02:40:31 | INFO     |     准确率: 0.980734
2025-07-15 02:40:31 | INFO     |     学习率: 0.00050000
2025-07-15 02:40:31 | INFO     |   验证指标(标准CE):
2025-07-15 02:40:31 | INFO     |     损失: 0.029014
2025-07-15 02:40:31 | INFO     |     准确率: 0.992674
2025-07-15 02:40:31 | INFO     |     F1(macro): 0.992677
2025-07-15 02:40:31 | INFO     |     F1(weighted): 0.992656
2025-07-15 02:40:31 | INFO     |     精确率: 0.993234
2025-07-15 02:40:31 | INFO     |     召回率: 0.992240
2025-07-15 02:40:31 | INFO     |   学习率调度器: f1_based
2025-07-15 02:40:31 | INFO     | ------------------------------------------------------------
2025-07-15 02:40:31 | INFO     | Epoch  30 | Train: Loss=0.0804, Acc=0.9807 | Val: Loss=0.0290, Acc=0.9927, F1=0.9927 | LR=0.000500 
2025-07-15 02:40:45 | INFO     | Epoch 31:
2025-07-15 02:40:45 | INFO     |   训练指标:
2025-07-15 02:40:45 | INFO     |     损失(ce): 0.032162
2025-07-15 02:40:45 | INFO     |     准确率: 0.989450
2025-07-15 02:40:45 | INFO     |     学习率: 0.00050000
2025-07-15 02:40:45 | INFO     |   验证指标(标准CE):
2025-07-15 02:40:45 | INFO     |     损失: 0.033660
2025-07-15 02:40:45 | INFO     |     准确率: 0.990842
2025-07-15 02:40:45 | INFO     |     F1(macro): 0.990719
2025-07-15 02:40:45 | INFO     |     F1(weighted): 0.990807
2025-07-15 02:40:45 | INFO     |     精确率: 0.991689
2025-07-15 02:40:45 | INFO     |     召回率: 0.990182
2025-07-15 02:40:45 | INFO     |   学习率调度器: f1_based
2025-07-15 02:40:45 | INFO     | ------------------------------------------------------------
2025-07-15 02:40:45 | INFO     | Epoch  31 | Train: Loss=0.0322, Acc=0.9894 | Val: Loss=0.0337, Acc=0.9908, F1=0.9908 | LR=0.000500 
2025-07-15 02:41:00 | INFO     | Epoch 32:
2025-07-15 02:41:00 | INFO     |   训练指标:
2025-07-15 02:41:00 | INFO     |     损失(ce): 0.040394
2025-07-15 02:41:00 | INFO     |     准确率: 0.985780
2025-07-15 02:41:00 | INFO     |     学习率: 0.00050000
2025-07-15 02:41:00 | INFO     |   验证指标(标准CE):
2025-07-15 02:41:00 | INFO     |     损失: 0.022632
2025-07-15 02:41:00 | INFO     |     准确率: 0.996337
2025-07-15 02:41:00 | INFO     |     F1(macro): 0.996339
2025-07-15 02:41:00 | INFO     |     F1(weighted): 0.996328
2025-07-15 02:41:00 | INFO     |     精确率: 0.996914
2025-07-15 02:41:00 | INFO     |     召回率: 0.995885
2025-07-15 02:41:00 | INFO     |   学习率调度器: f1_based
2025-07-15 02:41:00 | INFO     | ------------------------------------------------------------
2025-07-15 02:41:00 | INFO     | Epoch  32 | Train: Loss=0.0404, Acc=0.9858 | Val: Loss=0.0226, Acc=0.9963, F1=0.9963 | LR=0.000500 🏆 [最佳模型]
2025-07-15 02:41:15 | INFO     | Epoch 33:
2025-07-15 02:41:15 | INFO     |   训练指标:
2025-07-15 02:41:15 | INFO     |     损失(ce): 0.028779
2025-07-15 02:41:15 | INFO     |     准确率: 0.990826
2025-07-15 02:41:15 | INFO     |     学习率: 0.00050000
2025-07-15 02:41:15 | INFO     |   验证指标(标准CE):
2025-07-15 02:41:15 | INFO     |     损失: 0.027456
2025-07-15 02:41:15 | INFO     |     准确率: 0.990842
2025-07-15 02:41:15 | INFO     |     F1(macro): 0.990906
2025-07-15 02:41:15 | INFO     |     F1(weighted): 0.990852
2025-07-15 02:41:15 | INFO     |     精确率: 0.990719
2025-07-15 02:41:15 | INFO     |     召回率: 0.991123
2025-07-15 02:41:15 | INFO     |   学习率调度器: f1_based
2025-07-15 02:41:15 | INFO     | ------------------------------------------------------------
2025-07-15 02:41:15 | INFO     | Epoch  33 | Train: Loss=0.0288, Acc=0.9908 | Val: Loss=0.0275, Acc=0.9908, F1=0.9909 | LR=0.000500 
2025-07-15 02:41:29 | INFO     | Epoch 34:
2025-07-15 02:41:29 | INFO     |   训练指标:
2025-07-15 02:41:29 | INFO     |     损失(ce): 0.033666
2025-07-15 02:41:29 | INFO     |     准确率: 0.988991
2025-07-15 02:41:29 | INFO     |     学习率: 0.00050000
2025-07-15 02:41:29 | INFO     |   验证指标(标准CE):
2025-07-15 02:41:29 | INFO     |     损失: 0.022361
2025-07-15 02:41:29 | INFO     |     准确率: 0.994505
2025-07-15 02:41:29 | INFO     |     F1(macro): 0.994521
2025-07-15 02:41:29 | INFO     |     F1(weighted): 0.994499
2025-07-15 02:41:29 | INFO     |     精确率: 0.994774
2025-07-15 02:41:29 | INFO     |     召回率: 0.994297
2025-07-15 02:41:29 | INFO     |   学习率调度器: f1_based
2025-07-15 02:41:29 | INFO     | ------------------------------------------------------------
2025-07-15 02:41:29 | INFO     | Epoch  34 | Train: Loss=0.0337, Acc=0.9890 | Val: Loss=0.0224, Acc=0.9945, F1=0.9945 | LR=0.000500 
2025-07-15 02:41:44 | INFO     | Epoch 35:
2025-07-15 02:41:44 | INFO     |   训练指标:
2025-07-15 02:41:44 | INFO     |     损失(ce): 0.027517
2025-07-15 02:41:44 | INFO     |     准确率: 0.989450
2025-07-15 02:41:44 | INFO     |     学习率: 0.00050000
2025-07-15 02:41:44 | INFO     |   验证指标(标准CE):
2025-07-15 02:41:44 | INFO     |     损失: 0.058340
2025-07-15 02:41:44 | INFO     |     准确率: 0.987179
2025-07-15 02:41:44 | INFO     |     F1(macro): 0.987008
2025-07-15 02:41:44 | INFO     |     F1(weighted): 0.987040
2025-07-15 02:41:44 | INFO     |     精确率: 0.989899
2025-07-15 02:41:44 | INFO     |     召回率: 0.985597
2025-07-15 02:41:44 | INFO     |   学习率调度器: f1_based
2025-07-15 02:41:44 | INFO     | ------------------------------------------------------------
2025-07-15 02:41:44 | INFO     | Epoch  35 | Train: Loss=0.0275, Acc=0.9894 | Val: Loss=0.0583, Acc=0.9872, F1=0.9870 | LR=0.000500 
2025-07-15 02:41:58 | INFO     | Epoch 36:
2025-07-15 02:41:58 | INFO     |   训练指标:
2025-07-15 02:41:58 | INFO     |     损失(ce): 0.033247
2025-07-15 02:41:58 | INFO     |     准确率: 0.987615
2025-07-15 02:41:58 | INFO     |     学习率: 0.00050000
2025-07-15 02:41:58 | INFO     |   验证指标(标准CE):
2025-07-15 02:41:58 | INFO     |     损失: 0.026879
2025-07-15 02:41:58 | INFO     |     准确率: 0.992674
2025-07-15 02:41:58 | INFO     |     F1(macro): 0.992677
2025-07-15 02:41:58 | INFO     |     F1(weighted): 0.992656
2025-07-15 02:41:58 | INFO     |     精确率: 0.993234
2025-07-15 02:41:58 | INFO     |     召回率: 0.992240
2025-07-15 02:41:58 | INFO     |   学习率调度器: f1_based
2025-07-15 02:41:58 | INFO     | ------------------------------------------------------------
2025-07-15 02:41:58 | INFO     | Epoch  36 | Train: Loss=0.0332, Acc=0.9876 | Val: Loss=0.0269, Acc=0.9927, F1=0.9927 | LR=0.000500 
2025-07-15 02:42:13 | INFO     | Epoch 37:
2025-07-15 02:42:13 | INFO     |   训练指标:
2025-07-15 02:42:13 | INFO     |     损失(ce): 0.055093
2025-07-15 02:42:13 | INFO     |     准确率: 0.983028
2025-07-15 02:42:13 | INFO     |     学习率: 0.00050000
2025-07-15 02:42:13 | INFO     |   验证指标(标准CE):
2025-07-15 02:42:13 | INFO     |     损失: 0.058082
2025-07-15 02:42:13 | INFO     |     准确率: 0.989011
2025-07-15 02:42:13 | INFO     |     F1(macro): 0.989065
2025-07-15 02:42:13 | INFO     |     F1(weighted): 0.989011
2025-07-15 02:42:13 | INFO     |     精确率: 0.989065
2025-07-15 02:42:13 | INFO     |     召回率: 0.989065
2025-07-15 02:42:13 | INFO     |   学习率调度器: f1_based
2025-07-15 02:42:13 | INFO     | ------------------------------------------------------------
2025-07-15 02:42:13 | INFO     | Epoch  37 | Train: Loss=0.0551, Acc=0.9830 | Val: Loss=0.0581, Acc=0.9890, F1=0.9890 | LR=0.000500 
2025-07-15 02:42:27 | INFO     | Epoch 38:
2025-07-15 02:42:27 | INFO     |   训练指标:
2025-07-15 02:42:27 | INFO     |     损失(ce): 0.074700
2025-07-15 02:42:27 | INFO     |     准确率: 0.982110
2025-07-15 02:42:27 | INFO     |     学习率: 0.00050000
2025-07-15 02:42:27 | INFO     |   验证指标(标准CE):
2025-07-15 02:42:27 | INFO     |     损失: 0.035035
2025-07-15 02:42:27 | INFO     |     准确率: 0.990842
2025-07-15 02:42:27 | INFO     |     F1(macro): 0.990928
2025-07-15 02:42:27 | INFO     |     F1(weighted): 0.990824
2025-07-15 02:42:27 | INFO     |     精确率: 0.991646
2025-07-15 02:42:27 | INFO     |     召回率: 0.990357
2025-07-15 02:42:27 | INFO     |   学习率调度器: f1_based
2025-07-15 02:42:27 | INFO     | ------------------------------------------------------------
2025-07-15 02:42:27 | INFO     | 🎯 学习率调整事件:
2025-07-15 02:42:27 | INFO     |   调度器类型: f1_based
2025-07-15 02:42:27 | INFO     |   学习率变化: 0.00050000 → 0.00025000
2025-07-15 02:42:27 | INFO     |   触发条件: F1分数 = 0.990824
2025-07-15 02:42:27 | INFO     |   变化幅度: -50.00%
2025-07-15 02:42:27 | INFO     | ------------------------------------------------------------
2025-07-15 02:42:27 | INFO     | Epoch  38 | Train: Loss=0.0747, Acc=0.9821 | Val: Loss=0.0350, Acc=0.9908, F1=0.9908 | LR=0.000250 
2025-07-15 02:42:42 | INFO     | Epoch 39:
2025-07-15 02:42:42 | INFO     |   训练指标:
2025-07-15 02:42:42 | INFO     |     损失(ce): 0.026788
2025-07-15 02:42:42 | INFO     |     准确率: 0.991284
2025-07-15 02:42:42 | INFO     |     学习率: 0.00025000
2025-07-15 02:42:42 | INFO     |   验证指标(标准CE):
2025-07-15 02:42:42 | INFO     |     损失: 0.024291
2025-07-15 02:42:42 | INFO     |     准确率: 0.992674
2025-07-15 02:42:42 | INFO     |     F1(macro): 0.992677
2025-07-15 02:42:42 | INFO     |     F1(weighted): 0.992656
2025-07-15 02:42:42 | INFO     |     精确率: 0.993234
2025-07-15 02:42:42 | INFO     |     召回率: 0.992240
2025-07-15 02:42:42 | INFO     |   学习率调度器: f1_based
2025-07-15 02:42:42 | INFO     | ------------------------------------------------------------
2025-07-15 02:42:42 | INFO     | Epoch  39 | Train: Loss=0.0268, Acc=0.9913 | Val: Loss=0.0243, Acc=0.9927, F1=0.9927 | LR=0.000250 
2025-07-15 02:42:56 | INFO     | Epoch 40:
2025-07-15 02:42:56 | INFO     |   训练指标:
2025-07-15 02:42:56 | INFO     |     损失(ce): 0.020810
2025-07-15 02:42:56 | INFO     |     准确率: 0.994495
2025-07-15 02:42:56 | INFO     |     学习率: 0.00025000
2025-07-15 02:42:56 | INFO     |   验证指标(标准CE):
2025-07-15 02:42:56 | INFO     |     损失: 0.032070
2025-07-15 02:42:56 | INFO     |     准确率: 0.994505
2025-07-15 02:42:56 | INFO     |     F1(macro): 0.994494
2025-07-15 02:42:56 | INFO     |     F1(weighted): 0.994485
2025-07-15 02:42:56 | INFO     |     精确率: 0.995434
2025-07-15 02:42:56 | INFO     |     召回率: 0.993827
2025-07-15 02:42:56 | INFO     |   学习率调度器: f1_based
2025-07-15 02:42:56 | INFO     | ------------------------------------------------------------
2025-07-15 02:42:56 | INFO     | Epoch  40 | Train: Loss=0.0208, Acc=0.9945 | Val: Loss=0.0321, Acc=0.9945, F1=0.9945 | LR=0.000250 
2025-07-15 02:43:11 | INFO     | Epoch 41:
2025-07-15 02:43:11 | INFO     |   训练指标:
2025-07-15 02:43:11 | INFO     |     损失(ce): 0.016245
2025-07-15 02:43:11 | INFO     |     准确率: 0.994495
2025-07-15 02:43:11 | INFO     |     学习率: 0.00025000
2025-07-15 02:43:11 | INFO     |   验证指标(标准CE):
2025-07-15 02:43:11 | INFO     |     损失: 0.020361
2025-07-15 02:43:11 | INFO     |     准确率: 0.996337
2025-07-15 02:43:11 | INFO     |     F1(macro): 0.996339
2025-07-15 02:43:11 | INFO     |     F1(weighted): 0.996328
2025-07-15 02:43:11 | INFO     |     精确率: 0.996914
2025-07-15 02:43:11 | INFO     |     召回率: 0.995885
2025-07-15 02:43:11 | INFO     |   学习率调度器: f1_based
2025-07-15 02:43:11 | INFO     | ------------------------------------------------------------
2025-07-15 02:43:11 | INFO     | Epoch  41 | Train: Loss=0.0162, Acc=0.9945 | Val: Loss=0.0204, Acc=0.9963, F1=0.9963 | LR=0.000250 
2025-07-15 02:43:25 | INFO     | Epoch 42:
2025-07-15 02:43:25 | INFO     |   训练指标:
2025-07-15 02:43:25 | INFO     |     损失(ce): 0.017916
2025-07-15 02:43:25 | INFO     |     准确率: 0.993119
2025-07-15 02:43:25 | INFO     |     学习率: 0.00025000
2025-07-15 02:43:25 | INFO     |   验证指标(标准CE):
2025-07-15 02:43:25 | INFO     |     损失: 0.018033
2025-07-15 02:43:25 | INFO     |     准确率: 0.996337
2025-07-15 02:43:25 | INFO     |     F1(macro): 0.996339
2025-07-15 02:43:25 | INFO     |     F1(weighted): 0.996328
2025-07-15 02:43:25 | INFO     |     精确率: 0.996914
2025-07-15 02:43:25 | INFO     |     召回率: 0.995885
2025-07-15 02:43:25 | INFO     |   学习率调度器: f1_based
2025-07-15 02:43:25 | INFO     | ------------------------------------------------------------
2025-07-15 02:43:25 | INFO     | Epoch  42 | Train: Loss=0.0179, Acc=0.9931 | Val: Loss=0.0180, Acc=0.9963, F1=0.9963 | LR=0.000250 
2025-07-15 02:43:40 | INFO     | Epoch 43:
2025-07-15 02:43:40 | INFO     |   训练指标:
2025-07-15 02:43:40 | INFO     |     损失(ce): 0.010759
2025-07-15 02:43:40 | INFO     |     准确率: 0.995872
2025-07-15 02:43:40 | INFO     |     学习率: 0.00025000
2025-07-15 02:43:40 | INFO     |   验证指标(标准CE):
2025-07-15 02:43:40 | INFO     |     损失: 0.072222
2025-07-15 02:43:40 | INFO     |     准确率: 0.985348
2025-07-15 02:43:40 | INFO     |     F1(macro): 0.985105
2025-07-15 02:43:40 | INFO     |     F1(weighted): 0.985158
2025-07-15 02:43:40 | INFO     |     精确率: 0.988604
2025-07-15 02:43:40 | INFO     |     召回率: 0.983539
2025-07-15 02:43:40 | INFO     |   学习率调度器: f1_based
2025-07-15 02:43:40 | INFO     | ------------------------------------------------------------
2025-07-15 02:43:40 | INFO     | Epoch  43 | Train: Loss=0.0108, Acc=0.9959 | Val: Loss=0.0722, Acc=0.9853, F1=0.9852 | LR=0.000250 
2025-07-15 02:43:54 | INFO     | Epoch 44:
2025-07-15 02:43:54 | INFO     |   训练指标:
2025-07-15 02:43:54 | INFO     |     损失(ce): 0.031300
2025-07-15 02:43:54 | INFO     |     准确率: 0.992202
2025-07-15 02:43:54 | INFO     |     学习率: 0.00025000
2025-07-15 02:43:54 | INFO     |   验证指标(标准CE):
2025-07-15 02:43:54 | INFO     |     损失: 0.021275
2025-07-15 02:43:54 | INFO     |     准确率: 0.996337
2025-07-15 02:43:54 | INFO     |     F1(macro): 0.996339
2025-07-15 02:43:54 | INFO     |     F1(weighted): 0.996328
2025-07-15 02:43:54 | INFO     |     精确率: 0.996914
2025-07-15 02:43:54 | INFO     |     召回率: 0.995885
2025-07-15 02:43:54 | INFO     |   学习率调度器: f1_based
2025-07-15 02:43:54 | INFO     | ------------------------------------------------------------
2025-07-15 02:43:54 | INFO     | Epoch  44 | Train: Loss=0.0313, Acc=0.9922 | Val: Loss=0.0213, Acc=0.9963, F1=0.9963 | LR=0.000250 
2025-07-15 02:44:09 | INFO     | Epoch 45:
2025-07-15 02:44:09 | INFO     |   训练指标:
2025-07-15 02:44:09 | INFO     |     损失(ce): 0.021670
2025-07-15 02:44:09 | INFO     |     准确率: 0.994037
2025-07-15 02:44:09 | INFO     |     学习率: 0.00025000
2025-07-15 02:44:09 | INFO     |   验证指标(标准CE):
2025-07-15 02:44:09 | INFO     |     损失: 0.042384
2025-07-15 02:44:09 | INFO     |     准确率: 0.994505
2025-07-15 02:44:09 | INFO     |     F1(macro): 0.994494
2025-07-15 02:44:09 | INFO     |     F1(weighted): 0.994485
2025-07-15 02:44:09 | INFO     |     精确率: 0.995434
2025-07-15 02:44:09 | INFO     |     召回率: 0.993827
2025-07-15 02:44:09 | INFO     |   学习率调度器: f1_based
2025-07-15 02:44:09 | INFO     | ------------------------------------------------------------
2025-07-15 02:44:09 | INFO     | Epoch  45 | Train: Loss=0.0217, Acc=0.9940 | Val: Loss=0.0424, Acc=0.9945, F1=0.9945 | LR=0.000250 
2025-07-15 02:44:23 | INFO     | Epoch 46:
2025-07-15 02:44:23 | INFO     |   训练指标:
2025-07-15 02:44:23 | INFO     |     损失(ce): 0.019055
2025-07-15 02:44:23 | INFO     |     准确率: 0.994495
2025-07-15 02:44:23 | INFO     |     学习率: 0.00025000
2025-07-15 02:44:23 | INFO     |   验证指标(标准CE):
2025-07-15 02:44:23 | INFO     |     损失: 0.037838
2025-07-15 02:44:23 | INFO     |     准确率: 0.992674
2025-07-15 02:44:23 | INFO     |     F1(macro): 0.992640
2025-07-15 02:44:23 | INFO     |     F1(weighted): 0.992635
2025-07-15 02:44:23 | INFO     |     精确率: 0.993994
2025-07-15 02:44:23 | INFO     |     召回率: 0.991770
2025-07-15 02:44:23 | INFO     |   学习率调度器: f1_based
2025-07-15 02:44:23 | INFO     | ------------------------------------------------------------
2025-07-15 02:44:23 | INFO     | 🎯 学习率调整事件:
2025-07-15 02:44:23 | INFO     |   调度器类型: f1_based
2025-07-15 02:44:23 | INFO     |   学习率变化: 0.00025000 → 0.00012500
2025-07-15 02:44:23 | INFO     |   触发条件: F1分数 = 0.992635
2025-07-15 02:44:23 | INFO     |   变化幅度: -50.00%
2025-07-15 02:44:23 | INFO     | ------------------------------------------------------------
2025-07-15 02:44:23 | INFO     | Epoch  46 | Train: Loss=0.0191, Acc=0.9945 | Val: Loss=0.0378, Acc=0.9927, F1=0.9926 | LR=0.000125 
2025-07-15 02:44:38 | INFO     | Epoch 47:
2025-07-15 02:44:38 | INFO     |   训练指标:
2025-07-15 02:44:38 | INFO     |     损失(ce): 0.010217
2025-07-15 02:44:38 | INFO     |     准确率: 0.995413
2025-07-15 02:44:38 | INFO     |     学习率: 0.00012500
2025-07-15 02:44:38 | INFO     |   验证指标(标准CE):
2025-07-15 02:44:38 | INFO     |     损失: 0.016827
2025-07-15 02:44:38 | INFO     |     准确率: 0.998168
2025-07-15 02:44:38 | INFO     |     F1(macro): 0.998174
2025-07-15 02:44:38 | INFO     |     F1(weighted): 0.998166
2025-07-15 02:44:38 | INFO     |     精确率: 0.998435
2025-07-15 02:44:38 | INFO     |     召回率: 0.997942
2025-07-15 02:44:38 | INFO     |   学习率调度器: f1_based
2025-07-15 02:44:38 | INFO     | ------------------------------------------------------------
2025-07-15 02:44:38 | INFO     | Epoch  47 | Train: Loss=0.0102, Acc=0.9954 | Val: Loss=0.0168, Acc=0.9982, F1=0.9982 | LR=0.000125 🏆 [最佳模型]
2025-07-15 02:44:53 | INFO     | Epoch 48:
2025-07-15 02:44:53 | INFO     |   训练指标:
2025-07-15 02:44:53 | INFO     |     损失(ce): 0.014592
2025-07-15 02:44:53 | INFO     |     准确率: 0.993119
2025-07-15 02:44:53 | INFO     |     学习率: 0.00012500
2025-07-15 02:44:53 | INFO     |   验证指标(标准CE):
2025-07-15 02:44:53 | INFO     |     损失: 0.033471
2025-07-15 02:44:53 | INFO     |     准确率: 0.992674
2025-07-15 02:44:53 | INFO     |     F1(macro): 0.992640
2025-07-15 02:44:53 | INFO     |     F1(weighted): 0.992635
2025-07-15 02:44:53 | INFO     |     精确率: 0.993994
2025-07-15 02:44:53 | INFO     |     召回率: 0.991770
2025-07-15 02:44:53 | INFO     |   学习率调度器: f1_based
2025-07-15 02:44:53 | INFO     | ------------------------------------------------------------
2025-07-15 02:44:53 | INFO     | Epoch  48 | Train: Loss=0.0146, Acc=0.9931 | Val: Loss=0.0335, Acc=0.9927, F1=0.9926 | LR=0.000125 
2025-07-15 02:45:07 | INFO     | Epoch 49:
2025-07-15 02:45:07 | INFO     |   训练指标:
2025-07-15 02:45:07 | INFO     |     损失(ce): 0.006799
2025-07-15 02:45:07 | INFO     |     准确率: 0.997248
2025-07-15 02:45:07 | INFO     |     学习率: 0.00012500
2025-07-15 02:45:07 | INFO     |   验证指标(标准CE):
2025-07-15 02:45:07 | INFO     |     损失: 0.033483
2025-07-15 02:45:07 | INFO     |     准确率: 0.992674
2025-07-15 02:45:07 | INFO     |     F1(macro): 0.992640
2025-07-15 02:45:07 | INFO     |     F1(weighted): 0.992635
2025-07-15 02:45:07 | INFO     |     精确率: 0.993994
2025-07-15 02:45:07 | INFO     |     召回率: 0.991770
2025-07-15 02:45:07 | INFO     |   学习率调度器: f1_based
2025-07-15 02:45:07 | INFO     | ------------------------------------------------------------
2025-07-15 02:45:07 | INFO     | Epoch  49 | Train: Loss=0.0068, Acc=0.9972 | Val: Loss=0.0335, Acc=0.9927, F1=0.9926 | LR=0.000125 
2025-07-15 02:45:22 | INFO     | Epoch 50:
2025-07-15 02:45:22 | INFO     |   训练指标:
2025-07-15 02:45:22 | INFO     |     损失(ce): 0.009077
2025-07-15 02:45:22 | INFO     |     准确率: 0.996789
2025-07-15 02:45:22 | INFO     |     学习率: 0.00012500
2025-07-15 02:45:22 | INFO     |   验证指标(标准CE):
2025-07-15 02:45:22 | INFO     |     损失: 0.016928
2025-07-15 02:45:22 | INFO     |     准确率: 0.998168
2025-07-15 02:45:22 | INFO     |     F1(macro): 0.998174
2025-07-15 02:45:22 | INFO     |     F1(weighted): 0.998166
2025-07-15 02:45:22 | INFO     |     精确率: 0.998435
2025-07-15 02:45:22 | INFO     |     召回率: 0.997942
2025-07-15 02:45:22 | INFO     |   学习率调度器: f1_based
2025-07-15 02:45:22 | INFO     | ------------------------------------------------------------
2025-07-15 02:45:22 | INFO     | Epoch  50 | Train: Loss=0.0091, Acc=0.9968 | Val: Loss=0.0169, Acc=0.9982, F1=0.9982 | LR=0.000125 
2025-07-15 02:45:36 | INFO     | Epoch 51:
2025-07-15 02:45:36 | INFO     |   训练指标:
2025-07-15 02:45:36 | INFO     |     损失(ce): 0.008992
2025-07-15 02:45:36 | INFO     |     准确率: 0.996330
2025-07-15 02:45:36 | INFO     |     学习率: 0.00012500
2025-07-15 02:45:36 | INFO     |   验证指标(标准CE):
2025-07-15 02:45:36 | INFO     |     损失: 0.026138
2025-07-15 02:45:36 | INFO     |     准确率: 0.996337
2025-07-15 02:45:36 | INFO     |     F1(macro): 0.996339
2025-07-15 02:45:36 | INFO     |     F1(weighted): 0.996328
2025-07-15 02:45:36 | INFO     |     精确率: 0.996914
2025-07-15 02:45:36 | INFO     |     召回率: 0.995885
2025-07-15 02:45:36 | INFO     |   学习率调度器: f1_based
2025-07-15 02:45:36 | INFO     | ------------------------------------------------------------
2025-07-15 02:45:36 | INFO     | Epoch  51 | Train: Loss=0.0090, Acc=0.9963 | Val: Loss=0.0261, Acc=0.9963, F1=0.9963 | LR=0.000125 
2025-07-15 02:45:51 | INFO     | Epoch 52:
2025-07-15 02:45:51 | INFO     |   训练指标:
2025-07-15 02:45:51 | INFO     |     损失(ce): 0.013214
2025-07-15 02:45:51 | INFO     |     准确率: 0.996789
2025-07-15 02:45:51 | INFO     |     学习率: 0.00012500
2025-07-15 02:45:51 | INFO     |   验证指标(标准CE):
2025-07-15 02:45:51 | INFO     |     损失: 0.025934
2025-07-15 02:45:51 | INFO     |     准确率: 0.994505
2025-07-15 02:45:51 | INFO     |     F1(macro): 0.994494
2025-07-15 02:45:51 | INFO     |     F1(weighted): 0.994485
2025-07-15 02:45:51 | INFO     |     精确率: 0.995434
2025-07-15 02:45:51 | INFO     |     召回率: 0.993827
2025-07-15 02:45:51 | INFO     |   学习率调度器: f1_based
2025-07-15 02:45:51 | INFO     | ------------------------------------------------------------
2025-07-15 02:45:51 | INFO     | Epoch  52 | Train: Loss=0.0132, Acc=0.9968 | Val: Loss=0.0259, Acc=0.9945, F1=0.9945 | LR=0.000125 
2025-07-15 02:46:05 | INFO     | Epoch 53:
2025-07-15 02:46:05 | INFO     |   训练指标:
2025-07-15 02:46:05 | INFO     |     损失(ce): 0.006060
2025-07-15 02:46:05 | INFO     |     准确率: 0.996789
2025-07-15 02:46:05 | INFO     |     学习率: 0.00012500
2025-07-15 02:46:05 | INFO     |   验证指标(标准CE):
2025-07-15 02:46:05 | INFO     |     损失: 0.040054
2025-07-15 02:46:05 | INFO     |     准确率: 0.990842
2025-07-15 02:46:05 | INFO     |     F1(macro): 0.990775
2025-07-15 02:46:05 | INFO     |     F1(weighted): 0.990778
2025-07-15 02:46:05 | INFO     |     精确率: 0.992593
2025-07-15 02:46:05 | INFO     |     召回率: 0.989712
2025-07-15 02:46:05 | INFO     |   学习率调度器: f1_based
2025-07-15 02:46:05 | INFO     | ------------------------------------------------------------
2025-07-15 02:46:05 | INFO     | Epoch  53 | Train: Loss=0.0061, Acc=0.9968 | Val: Loss=0.0401, Acc=0.9908, F1=0.9908 | LR=0.000125 
2025-07-15 02:46:20 | INFO     | Epoch 54:
2025-07-15 02:46:20 | INFO     |   训练指标:
2025-07-15 02:46:20 | INFO     |     损失(ce): 0.012318
2025-07-15 02:46:20 | INFO     |     准确率: 0.995872
2025-07-15 02:46:20 | INFO     |     学习率: 0.00012500
2025-07-15 02:46:20 | INFO     |   验证指标(标准CE):
2025-07-15 02:46:20 | INFO     |     损失: 0.022746
2025-07-15 02:46:20 | INFO     |     准确率: 0.996337
2025-07-15 02:46:20 | INFO     |     F1(macro): 0.996339
2025-07-15 02:46:20 | INFO     |     F1(weighted): 0.996328
2025-07-15 02:46:20 | INFO     |     精确率: 0.996914
2025-07-15 02:46:20 | INFO     |     召回率: 0.995885
2025-07-15 02:46:20 | INFO     |   学习率调度器: f1_based
2025-07-15 02:46:20 | INFO     | ------------------------------------------------------------
2025-07-15 02:46:20 | INFO     | 🎯 学习率调整事件:
2025-07-15 02:46:20 | INFO     |   调度器类型: f1_based
2025-07-15 02:46:20 | INFO     |   学习率变化: 0.00012500 → 0.00006250
2025-07-15 02:46:20 | INFO     |   触发条件: F1分数 = 0.996328
2025-07-15 02:46:20 | INFO     |   变化幅度: -50.00%
2025-07-15 02:46:20 | INFO     | ------------------------------------------------------------
2025-07-15 02:46:20 | INFO     | Epoch  54 | Train: Loss=0.0123, Acc=0.9959 | Val: Loss=0.0227, Acc=0.9963, F1=0.9963 | LR=0.000063 
2025-07-15 02:46:34 | INFO     | Epoch 55:
2025-07-15 02:46:34 | INFO     |   训练指标:
2025-07-15 02:46:34 | INFO     |     损失(ce): 0.009726
2025-07-15 02:46:34 | INFO     |     准确率: 0.996330
2025-07-15 02:46:34 | INFO     |     学习率: 0.00006250
2025-07-15 02:46:34 | INFO     |   验证指标(标准CE):
2025-07-15 02:46:34 | INFO     |     损失: 0.018960
2025-07-15 02:46:34 | INFO     |     准确率: 0.998168
2025-07-15 02:46:34 | INFO     |     F1(macro): 0.998174
2025-07-15 02:46:34 | INFO     |     F1(weighted): 0.998166
2025-07-15 02:46:34 | INFO     |     精确率: 0.998435
2025-07-15 02:46:34 | INFO     |     召回率: 0.997942
2025-07-15 02:46:34 | INFO     |   学习率调度器: f1_based
2025-07-15 02:46:34 | INFO     | ------------------------------------------------------------
2025-07-15 02:46:34 | INFO     | Epoch  55 | Train: Loss=0.0097, Acc=0.9963 | Val: Loss=0.0190, Acc=0.9982, F1=0.9982 | LR=0.000063 
2025-07-15 02:46:49 | INFO     | Epoch 56:
2025-07-15 02:46:49 | INFO     |   训练指标:
2025-07-15 02:46:49 | INFO     |     损失(ce): 0.005806
2025-07-15 02:46:49 | INFO     |     准确率: 0.998624
2025-07-15 02:46:49 | INFO     |     学习率: 0.00006250
2025-07-15 02:46:49 | INFO     |   验证指标(标准CE):
2025-07-15 02:46:49 | INFO     |     损失: 0.028001
2025-07-15 02:46:49 | INFO     |     准确率: 0.996337
2025-07-15 02:46:49 | INFO     |     F1(macro): 0.996339
2025-07-15 02:46:49 | INFO     |     F1(weighted): 0.996328
2025-07-15 02:46:49 | INFO     |     精确率: 0.996914
2025-07-15 02:46:49 | INFO     |     召回率: 0.995885
2025-07-15 02:46:49 | INFO     |   学习率调度器: f1_based
2025-07-15 02:46:49 | INFO     | ------------------------------------------------------------
2025-07-15 02:46:49 | INFO     | Epoch  56 | Train: Loss=0.0058, Acc=0.9986 | Val: Loss=0.0280, Acc=0.9963, F1=0.9963 | LR=0.000063 
2025-07-15 02:47:03 | INFO     | Epoch 57:
2025-07-15 02:47:03 | INFO     |   训练指标:
2025-07-15 02:47:03 | INFO     |     损失(ce): 0.004533
2025-07-15 02:47:03 | INFO     |     准确率: 0.998624
2025-07-15 02:47:03 | INFO     |     学习率: 0.00006250
2025-07-15 02:47:03 | INFO     |   验证指标(标准CE):
2025-07-15 02:47:03 | INFO     |     损失: 0.022771
2025-07-15 02:47:03 | INFO     |     准确率: 0.996337
2025-07-15 02:47:03 | INFO     |     F1(macro): 0.996339
2025-07-15 02:47:03 | INFO     |     F1(weighted): 0.996328
2025-07-15 02:47:03 | INFO     |     精确率: 0.996914
2025-07-15 02:47:03 | INFO     |     召回率: 0.995885
2025-07-15 02:47:03 | INFO     |   学习率调度器: f1_based
2025-07-15 02:47:03 | INFO     | ------------------------------------------------------------
2025-07-15 02:47:03 | INFO     | Epoch  57 | Train: Loss=0.0045, Acc=0.9986 | Val: Loss=0.0228, Acc=0.9963, F1=0.9963 | LR=0.000063 
2025-07-15 02:47:18 | INFO     | Epoch 58:
2025-07-15 02:47:18 | INFO     |   训练指标:
2025-07-15 02:47:18 | INFO     |     损失(ce): 0.006409
2025-07-15 02:47:18 | INFO     |     准确率: 0.998624
2025-07-15 02:47:18 | INFO     |     学习率: 0.00006250
2025-07-15 02:47:18 | INFO     |   验证指标(标准CE):
2025-07-15 02:47:18 | INFO     |     损失: 0.021859
2025-07-15 02:47:18 | INFO     |     准确率: 0.994505
2025-07-15 02:47:18 | INFO     |     F1(macro): 0.994494
2025-07-15 02:47:18 | INFO     |     F1(weighted): 0.994485
2025-07-15 02:47:18 | INFO     |     精确率: 0.995434
2025-07-15 02:47:18 | INFO     |     召回率: 0.993827
2025-07-15 02:47:18 | INFO     |   学习率调度器: f1_based
2025-07-15 02:47:18 | INFO     | ------------------------------------------------------------
2025-07-15 02:47:18 | INFO     | Epoch  58 | Train: Loss=0.0064, Acc=0.9986 | Val: Loss=0.0219, Acc=0.9945, F1=0.9945 | LR=0.000063 
2025-07-15 02:47:32 | INFO     | Epoch 59:
2025-07-15 02:47:32 | INFO     |   训练指标:
2025-07-15 02:47:32 | INFO     |     损失(ce): 0.006257
2025-07-15 02:47:32 | INFO     |     准确率: 0.998165
2025-07-15 02:47:32 | INFO     |     学习率: 0.00006250
2025-07-15 02:47:32 | INFO     |   验证指标(标准CE):
2025-07-15 02:47:32 | INFO     |     损失: 0.027349
2025-07-15 02:47:32 | INFO     |     准确率: 0.994505
2025-07-15 02:47:32 | INFO     |     F1(macro): 0.994494
2025-07-15 02:47:32 | INFO     |     F1(weighted): 0.994485
2025-07-15 02:47:32 | INFO     |     精确率: 0.995434
2025-07-15 02:47:32 | INFO     |     召回率: 0.993827
2025-07-15 02:47:32 | INFO     |   学习率调度器: f1_based
2025-07-15 02:47:32 | INFO     | ------------------------------------------------------------
2025-07-15 02:47:32 | INFO     | Epoch  59 | Train: Loss=0.0063, Acc=0.9982 | Val: Loss=0.0273, Acc=0.9945, F1=0.9945 | LR=0.000063 
2025-07-15 02:47:47 | INFO     | Epoch 60:
2025-07-15 02:47:47 | INFO     |   训练指标:
2025-07-15 02:47:47 | INFO     |     损失(ce): 0.010114
2025-07-15 02:47:47 | INFO     |     准确率: 0.996789
2025-07-15 02:47:47 | INFO     |     学习率: 0.00006250
2025-07-15 02:47:47 | INFO     |   验证指标(标准CE):
2025-07-15 02:47:47 | INFO     |     损失: 0.019999
2025-07-15 02:47:47 | INFO     |     准确率: 0.996337
2025-07-15 02:47:47 | INFO     |     F1(macro): 0.996339
2025-07-15 02:47:47 | INFO     |     F1(weighted): 0.996328
2025-07-15 02:47:47 | INFO     |     精确率: 0.996914
2025-07-15 02:47:47 | INFO     |     召回率: 0.995885
2025-07-15 02:47:47 | INFO     |   学习率调度器: f1_based
2025-07-15 02:47:47 | INFO     | ------------------------------------------------------------
2025-07-15 02:47:47 | INFO     | Epoch  60 | Train: Loss=0.0101, Acc=0.9968 | Val: Loss=0.0200, Acc=0.9963, F1=0.9963 | LR=0.000063 
2025-07-15 02:48:01 | INFO     | Epoch 61:
2025-07-15 02:48:01 | INFO     |   训练指标:
2025-07-15 02:48:01 | INFO     |     损失(ce): 0.007732
2025-07-15 02:48:01 | INFO     |     准确率: 0.997706
2025-07-15 02:48:01 | INFO     |     学习率: 0.00006250
2025-07-15 02:48:01 | INFO     |   验证指标(标准CE):
2025-07-15 02:48:01 | INFO     |     损失: 0.020037
2025-07-15 02:48:01 | INFO     |     准确率: 0.994505
2025-07-15 02:48:01 | INFO     |     F1(macro): 0.994494
2025-07-15 02:48:01 | INFO     |     F1(weighted): 0.994485
2025-07-15 02:48:01 | INFO     |     精确率: 0.995434
2025-07-15 02:48:01 | INFO     |     召回率: 0.993827
2025-07-15 02:48:01 | INFO     |   学习率调度器: f1_based
2025-07-15 02:48:01 | INFO     | ------------------------------------------------------------
2025-07-15 02:48:01 | INFO     | Epoch  61 | Train: Loss=0.0077, Acc=0.9977 | Val: Loss=0.0200, Acc=0.9945, F1=0.9945 | LR=0.000063 
2025-07-15 02:48:16 | INFO     | Epoch 62:
2025-07-15 02:48:16 | INFO     |   训练指标:
2025-07-15 02:48:16 | INFO     |     损失(ce): 0.012324
2025-07-15 02:48:16 | INFO     |     准确率: 0.995413
2025-07-15 02:48:16 | INFO     |     学习率: 0.00006250
2025-07-15 02:48:16 | INFO     |   验证指标(标准CE):
2025-07-15 02:48:16 | INFO     |     损失: 0.025590
2025-07-15 02:48:16 | INFO     |     准确率: 0.996337
2025-07-15 02:48:16 | INFO     |     F1(macro): 0.996339
2025-07-15 02:48:16 | INFO     |     F1(weighted): 0.996328
2025-07-15 02:48:16 | INFO     |     精确率: 0.996914
2025-07-15 02:48:16 | INFO     |     召回率: 0.995885
2025-07-15 02:48:16 | INFO     |   学习率调度器: f1_based
2025-07-15 02:48:16 | INFO     | ------------------------------------------------------------
2025-07-15 02:48:16 | INFO     | 🎯 学习率调整事件:
2025-07-15 02:48:16 | INFO     |   调度器类型: f1_based
2025-07-15 02:48:16 | INFO     |   学习率变化: 0.00006250 → 0.00003125
2025-07-15 02:48:16 | INFO     |   触发条件: F1分数 = 0.996328
2025-07-15 02:48:16 | INFO     |   变化幅度: -50.00%
2025-07-15 02:48:16 | INFO     | ------------------------------------------------------------
2025-07-15 02:48:16 | INFO     | Epoch  62 | Train: Loss=0.0123, Acc=0.9954 | Val: Loss=0.0256, Acc=0.9963, F1=0.9963 | LR=0.000031 
2025-07-15 02:48:16 | INFO     | ⏹️ 早停触发，在第 62 轮停止训练
2025-07-15 02:48:17 | INFO     | 训练历史已保存到: ./result/0715_0233_DualGAF_DualGAFNet_dilated_enhanced_sl96_step96_fd128_extractor-dilated_gaf-adaptive_attention-channel_classifier-mlp_stat-basic_fusion-concat_ablation-no_diff/training_history.csv
2025-07-15 02:48:17 | INFO     | 
====================================================================================================
2025-07-15 02:48:17 | INFO     | 🎉 训练完成总结:
2025-07-15 02:48:17 | INFO     |   训练损失函数: ce
2025-07-15 02:48:17 | INFO     |   验证损失函数: 标准交叉熵（遵循主流ML规范）
2025-07-15 02:48:17 | INFO     |   训练过程最佳验证准确率: 0.9982
2025-07-15 02:48:17 | INFO     |   训练过程最佳验证F1(macro): 0.9982
2025-07-15 02:48:17 | INFO     |   训练过程最佳验证F1(weighted): 0.9982
2025-07-15 02:48:17 | INFO     |   训练轮数: 62
2025-07-15 02:48:17 | INFO     | --------------------------------------------------
2025-07-15 02:48:17 | INFO     | 📊 最佳模型真实性能指标（基于标准交叉熵损失）:
2025-07-15 02:48:17 | INFO     |   验证损失(标准CE): 0.0168
2025-07-15 02:48:17 | INFO     |   验证准确率: 0.9982
2025-07-15 02:48:17 | INFO     |   验证F1(macro): 0.9982
2025-07-15 02:48:17 | INFO     |   验证F1(weighted): 0.9982
2025-07-15 02:48:17 | INFO     |   验证精确率: 0.9984
2025-07-15 02:48:17 | INFO     |   验证召回率: 0.9979
2025-07-15 02:48:17 | INFO     | ====================================================================================================
2025-07-15 02:48:19 | INFO     | ================================================================================
2025-07-15 02:48:19 | INFO     | 实验日志结束: DualGAF_DualGAFNet_dilated_enhanced_sl96_step96_fd128_extractor-dilated_gaf-adaptive_attention-channel_classifier-mlp_stat-basic_fusion-concat_ablation-no_diff
2025-07-15 02:48:19 | INFO     | 结束时间: 2025-07-15 02:48:19
2025-07-15 02:48:19 | INFO     | ================================================================================
