2025-07-26 15:39:12 | INFO     | ================================================================================
2025-07-26 15:39:12 | INFO     | 实验日志开始: DualGAF_DualGAFNet_dilated+concat+channel+mlp_sl96_step96_fd128_extractor-dilated_gaf-concat_attention-channel_classifier-mlp_stat-basic_fusion-concat
2025-07-26 15:39:12 | INFO     | 日志文件: ./result/0726_1539_DualGAF_DualGAFNet_dilated+concat+channel+mlp_sl96_step96_fd128_extractor-dilated_gaf-concat_attention-channel_classifier-mlp_stat-basic_fusion-concat/training.log
2025-07-26 15:39:12 | INFO     | 开始时间: 2025-07-26 15:39:12
2025-07-26 15:39:12 | INFO     | ================================================================================
2025-07-26 15:39:12 | INFO     | ⚙️ 实验配置:
2025-07-26 15:39:12 | INFO     |    task_name: classification
2025-07-26 15:39:12 | INFO     |    is_training: 1
2025-07-26 15:39:12 | INFO     |    model_id: test
2025-07-26 15:39:12 | INFO     |    model: DualGAFNet
2025-07-26 15:39:12 | INFO     |    data: DualGAF
2025-07-26 15:39:12 | INFO     |    root_path: ./dataset/SAHU/direct_5_working
2025-07-26 15:39:12 | INFO     |    step: 96
2025-07-26 15:39:12 | INFO     |    checkpoints: ./checkpoints/
2025-07-26 15:39:12 | INFO     |    num_class: 9
2025-07-26 15:39:12 | INFO     |    result_path: ./result/
2025-07-26 15:39:12 | INFO     |    test_size: 0.2
2025-07-26 15:39:12 | INFO     |    rows: None
2025-07-26 15:39:12 | INFO     |    seq_len: 96
2025-07-26 15:39:12 | INFO     |    enc_in: 26
2025-07-26 15:39:12 | INFO     |    d_model: 512
2025-07-26 15:39:12 | INFO     |    n_heads: 8
2025-07-26 15:39:12 | INFO     |    e_layers: 2
2025-07-26 15:39:12 | INFO     |    d_layers: 1
2025-07-26 15:39:12 | INFO     |    d_ff: 2048
2025-07-26 15:39:12 | INFO     |    moving_avg: 25
2025-07-26 15:39:12 | INFO     |    factor: 1
2025-07-26 15:39:12 | INFO     |    distil: True
2025-07-26 15:39:12 | INFO     |    dropout: 0.1
2025-07-26 15:39:12 | INFO     |    embed: timeF
2025-07-26 15:39:12 | INFO     |    activation: gelu
2025-07-26 15:39:12 | INFO     |    use_norm: 1
2025-07-26 15:39:12 | INFO     |    gaf_method: summation
2025-07-26 15:39:12 | INFO     |    feature_dim: 128
2025-07-26 15:39:12 | INFO     |    data_type_method: uint8
2025-07-26 15:39:12 | INFO     |    use_attention: True
2025-07-26 15:39:12 | INFO     |    hidden_dim: 64
2025-07-26 15:39:12 | INFO     |    sample_size: 1000
2025-07-26 15:39:12 | INFO     |    channel_groups: None
2025-07-26 15:39:12 | INFO     |    hvac_groups: None
2025-07-26 15:39:12 | INFO     |    extractor_type: dilated
2025-07-26 15:39:12 | INFO     |    fusion_type: concat
2025-07-26 15:39:12 | INFO     |    attention_type: channel
2025-07-26 15:39:12 | INFO     |    classifier_type: mlp
2025-07-26 15:39:12 | INFO     |    use_statistical_features: True
2025-07-26 15:39:12 | INFO     |    stat_type: basic
2025-07-26 15:39:12 | INFO     |    multimodal_fusion_strategy: concat
2025-07-26 15:39:12 | INFO     |    use_signal_level_stats: False
2025-07-26 15:39:12 | INFO     |    signal_stat_type: comprehensive
2025-07-26 15:39:12 | INFO     |    signal_stat_fusion_strategy: concat_project
2025-07-26 15:39:12 | INFO     |    signal_stat_feature_dim: 32
2025-07-26 15:39:12 | INFO     |    use_diff_branch: True
2025-07-26 15:39:12 | INFO     |    ablation_mode: none
2025-07-26 15:39:12 | INFO     |    backbone_type: resnet18
2025-07-26 15:39:12 | INFO     |    use_sum_branch: True
2025-07-26 15:39:12 | INFO     |    num_workers: 0
2025-07-26 15:39:12 | INFO     |    cuda_debug: False
2025-07-26 15:39:12 | INFO     |    gpu_memory_fraction: 0.9
2025-07-26 15:39:12 | INFO     |    safe_mode: True
2025-07-26 15:39:12 | INFO     |    drop_last_batch: True
2025-07-26 15:39:12 | INFO     |    itr: 1
2025-07-26 15:39:12 | INFO     |    train_epochs: 300
2025-07-26 15:39:12 | INFO     |    batch_size: 4
2025-07-26 15:39:12 | INFO     |    patience: 15
2025-07-26 15:39:12 | INFO     |    learning_rate: 0.0001
2025-07-26 15:39:12 | INFO     |    des: dilated+concat+channel+mlp
2025-07-26 15:39:12 | INFO     |    loss: MSE
2025-07-26 15:39:12 | INFO     |    lradj: type1
2025-07-26 15:39:12 | INFO     |    lr_scheduler_type: f1_based
2025-07-26 15:39:12 | INFO     |    lr_loss_weight: 0.3
2025-07-26 15:39:12 | INFO     |    lr_f1_weight: 0.7
2025-07-26 15:39:12 | INFO     |    use_amp: False
2025-07-26 15:39:12 | INFO     |    gradient_accumulation_steps: 2
2025-07-26 15:39:12 | INFO     |    enable_auto_gradient_accumulation: True
2025-07-26 15:39:12 | INFO     |    loss_type: ce
2025-07-26 15:39:12 | INFO     |    label_smoothing: 0.1
2025-07-26 15:39:12 | INFO     |    focal_alpha: 1.0
2025-07-26 15:39:12 | INFO     |    focal_gamma: 2.0
2025-07-26 15:39:12 | INFO     |    confidence_penalty_beta: 0.1
2025-07-26 15:39:12 | INFO     |    use_timm_loss: True
2025-07-26 15:39:12 | INFO     |    adaptive_initial_smoothing: 0.2
2025-07-26 15:39:12 | INFO     |    adaptive_final_smoothing: 0.05
2025-07-26 15:39:12 | INFO     |    adaptive_decay_epochs: 30
2025-07-26 15:39:12 | INFO     |    enable_class_weights: False
2025-07-26 15:39:12 | INFO     |    class_weights: None
2025-07-26 15:39:12 | INFO     |    loss_preset: None
2025-07-26 15:39:12 | INFO     |    n_jobs: 1
2025-07-26 15:39:12 | INFO     |    use_multiprocessing: False
2025-07-26 15:39:12 | INFO     |    chunk_size: 800
2025-07-26 15:39:12 | INFO     |    disable_parallel: True
2025-07-26 15:39:12 | INFO     |    use_shared_memory: False
2025-07-26 15:39:12 | INFO     |    disable_shared_memory: False
2025-07-26 15:39:12 | INFO     |    use_gpu: True
2025-07-26 15:39:12 | INFO     |    gpu: 0
2025-07-26 15:39:12 | INFO     |    gpu_type: cuda
2025-07-26 15:39:12 | INFO     |    use_multi_gpu: False
2025-07-26 15:39:12 | INFO     |    devices: 0,1,2,3
2025-07-26 15:39:12 | INFO     |    device: cuda:0
2025-07-26 15:39:12 | INFO     |    feature_columns: ['CHWC_VLV', 'CHWC_VLV_DM', 'MA_TEMP', 'OA_CFM', 'OA_DMPR', 'OA_DMPR_DM', 'OA_TEMP', 'RA_CFM', 'RA_DMPR', 'RA_DMPR_DM', 'RA_TEMP', 'RF_CS', 'RF_SPD', 'RF_WAT', 'SA_CFM', 'SA_SP', 'SA_SPSPT', 'SA_TEMP', 'SF_CS', 'SF_SPD', 'SF_WAT', 'ZONE_TEMP_1', 'ZONE_TEMP_2', 'ZONE_TEMP_3', 'ZONE_TEMP_4', 'ZONE_TEMP_5']
2025-07-26 15:39:12 | INFO     | 🏗️ 模型信息:
2025-07-26 15:39:12 | INFO     |    模型类型: Model
2025-07-26 15:39:12 | INFO     |    总参数数量: 8,288,194
2025-07-26 15:39:12 | INFO     |    可训练参数: 8,288,194
2025-07-26 15:39:12 | INFO     |    模型大小估计: 31.62 MB
2025-07-26 15:39:12 | INFO     | 📊 数据集信息:
2025-07-26 15:39:12 | INFO     |    训练集大小: 3996
2025-07-26 15:39:12 | INFO     |    验证集大小: 999
2025-07-26 15:39:12 | INFO     | 
================================================================================
2025-07-26 15:39:12 | INFO     | 📋 损失函数使用策略（遵循主流机器学习规范）:
2025-07-26 15:39:12 | INFO     |    🎯 训练阶段: 使用 ce 损失函数
2025-07-26 15:39:12 | INFO     |       → 目的：优化模型参数，解决特定问题（类别不平衡、相似性等）
2025-07-26 15:39:12 | INFO     |    📊 验证阶段: 使用标准交叉熵损失函数
2025-07-26 15:39:12 | INFO     |       → 目的：客观评估模型性能，便于不同方法比较
2025-07-26 15:39:12 | INFO     |    📈 最终报告: 基于标准交叉熵损失的指标
2025-07-26 15:39:12 | INFO     |       → 目的：提供可信、可比较的性能指标
2025-07-26 15:39:12 | INFO     | ================================================================================

2025-07-26 15:39:12 | INFO     | 🔄 梯度累积配置: 每2轮累积一次梯度
2025-07-26 15:39:12 | INFO     |    实际batch_size: 4
2025-07-26 15:39:12 | INFO     |    有效batch_size: 8
2025-07-26 15:40:03 | INFO     | Epoch 1:
2025-07-26 15:40:03 | INFO     |   训练指标:
2025-07-26 15:40:03 | INFO     |     损失(ce): 1.700554
2025-07-26 15:40:03 | INFO     |     准确率: 0.361862
2025-07-26 15:40:03 | INFO     |     学习率: 0.00010000
2025-07-26 15:40:03 | INFO     |   验证指标(标准CE):
2025-07-26 15:40:03 | INFO     |     损失: 0.847872
2025-07-26 15:40:03 | INFO     |     准确率: 0.706707
2025-07-26 15:40:03 | INFO     |     F1(macro): 0.672573
2025-07-26 15:40:03 | INFO     |     F1(weighted): 0.662785
2025-07-26 15:40:03 | INFO     |     精确率: 0.667959
2025-07-26 15:40:03 | INFO     |     召回率: 0.712426
2025-07-26 15:40:03 | INFO     |   学习率调度器: f1_based
2025-07-26 15:40:03 | INFO     | ------------------------------------------------------------
2025-07-26 15:40:03 | INFO     | Epoch   1 | Train: Loss=1.7006, Acc=0.3619 | Val: Loss=0.8479, Acc=0.7067, F1=0.6628 | LR=0.000100 🏆 [最佳模型]
2025-07-26 15:40:53 | INFO     | Epoch 2:
2025-07-26 15:40:53 | INFO     |   训练指标:
2025-07-26 15:40:53 | INFO     |     损失(ce): 0.657498
2025-07-26 15:40:53 | INFO     |     准确率: 0.756006
2025-07-26 15:40:53 | INFO     |     学习率: 0.00010000
2025-07-26 15:40:53 | INFO     |   验证指标(标准CE):
2025-07-26 15:40:53 | INFO     |     损失: 0.440645
2025-07-26 15:40:53 | INFO     |     准确率: 0.840841
2025-07-26 15:40:53 | INFO     |     F1(macro): 0.815306
2025-07-26 15:40:53 | INFO     |     F1(weighted): 0.811436
2025-07-26 15:40:53 | INFO     |     精确率: 0.813767
2025-07-26 15:40:53 | INFO     |     召回率: 0.841288
2025-07-26 15:40:53 | INFO     |   学习率调度器: f1_based
2025-07-26 15:40:53 | INFO     | ------------------------------------------------------------
2025-07-26 15:40:53 | INFO     | Epoch   2 | Train: Loss=0.6575, Acc=0.7560 | Val: Loss=0.4406, Acc=0.8408, F1=0.8114 | LR=0.000100 🏆 [最佳模型]
2025-07-26 15:41:44 | INFO     | Epoch 3:
2025-07-26 15:41:44 | INFO     |   训练指标:
2025-07-26 15:41:44 | INFO     |     损失(ce): 0.406723
2025-07-26 15:41:44 | INFO     |     准确率: 0.835085
2025-07-26 15:41:44 | INFO     |     学习率: 0.00010000
2025-07-26 15:41:44 | INFO     |   验证指标(标准CE):
2025-07-26 15:41:44 | INFO     |     损失: 0.285359
2025-07-26 15:41:44 | INFO     |     准确率: 0.860861
2025-07-26 15:41:44 | INFO     |     F1(macro): 0.833918
2025-07-26 15:41:44 | INFO     |     F1(weighted): 0.830935
2025-07-26 15:41:44 | INFO     |     精确率: 0.876329
2025-07-26 15:41:44 | INFO     |     召回率: 0.860950
2025-07-26 15:41:44 | INFO     |   学习率调度器: f1_based
2025-07-26 15:41:44 | INFO     | ------------------------------------------------------------
2025-07-26 15:41:44 | INFO     | Epoch   3 | Train: Loss=0.4067, Acc=0.8351 | Val: Loss=0.2854, Acc=0.8609, F1=0.8309 | LR=0.000100 🏆 [最佳模型]
2025-07-26 15:42:34 | INFO     | Epoch 4:
2025-07-26 15:42:34 | INFO     |   训练指标:
2025-07-26 15:42:34 | INFO     |     损失(ce): 0.303777
2025-07-26 15:42:34 | INFO     |     准确率: 0.860110
2025-07-26 15:42:34 | INFO     |     学习率: 0.00010000
2025-07-26 15:42:34 | INFO     |   验证指标(标准CE):
2025-07-26 15:42:34 | INFO     |     损失: 0.233875
2025-07-26 15:42:34 | INFO     |     准确率: 0.863864
2025-07-26 15:42:34 | INFO     |     F1(macro): 0.839763
2025-07-26 15:42:34 | INFO     |     F1(weighted): 0.836478
2025-07-26 15:42:34 | INFO     |     精确率: 0.845369
2025-07-26 15:42:34 | INFO     |     召回率: 0.863865
2025-07-26 15:42:34 | INFO     |   学习率调度器: f1_based
2025-07-26 15:42:34 | INFO     | ------------------------------------------------------------
2025-07-26 15:42:34 | INFO     | Epoch   4 | Train: Loss=0.3038, Acc=0.8601 | Val: Loss=0.2339, Acc=0.8639, F1=0.8365 | LR=0.000100 🏆 [最佳模型]
2025-07-26 15:43:24 | INFO     | Epoch 5:
2025-07-26 15:43:24 | INFO     |   训练指标:
2025-07-26 15:43:24 | INFO     |     损失(ce): 0.237106
2025-07-26 15:43:24 | INFO     |     准确率: 0.882382
2025-07-26 15:43:24 | INFO     |     学习率: 0.00010000
2025-07-26 15:43:24 | INFO     |   验证指标(标准CE):
2025-07-26 15:43:24 | INFO     |     损失: 0.177060
2025-07-26 15:43:24 | INFO     |     准确率: 0.914915
2025-07-26 15:43:24 | INFO     |     F1(macro): 0.916647
2025-07-26 15:43:24 | INFO     |     F1(weighted): 0.913897
2025-07-26 15:43:24 | INFO     |     精确率: 0.917292
2025-07-26 15:43:24 | INFO     |     召回率: 0.918349
2025-07-26 15:43:24 | INFO     |   学习率调度器: f1_based
2025-07-26 15:43:24 | INFO     | ------------------------------------------------------------
2025-07-26 15:43:24 | INFO     | Epoch   5 | Train: Loss=0.2371, Acc=0.8824 | Val: Loss=0.1771, Acc=0.9149, F1=0.9139 | LR=0.000100 🏆 [最佳模型]
2025-07-26 15:44:15 | INFO     | Epoch 6:
2025-07-26 15:44:15 | INFO     |   训练指标:
2025-07-26 15:44:15 | INFO     |     损失(ce): 0.215295
2025-07-26 15:44:15 | INFO     |     准确率: 0.903153
2025-07-26 15:44:15 | INFO     |     学习率: 0.00010000
2025-07-26 15:44:15 | INFO     |   验证指标(标准CE):
2025-07-26 15:44:15 | INFO     |     损失: 0.198866
2025-07-26 15:44:15 | INFO     |     准确率: 0.888889
2025-07-26 15:44:15 | INFO     |     F1(macro): 0.881898
2025-07-26 15:44:15 | INFO     |     F1(weighted): 0.875571
2025-07-26 15:44:15 | INFO     |     精确率: 0.911088
2025-07-26 15:44:15 | INFO     |     召回率: 0.896383
2025-07-26 15:44:15 | INFO     |   学习率调度器: f1_based
2025-07-26 15:44:15 | INFO     | ------------------------------------------------------------
2025-07-26 15:44:15 | INFO     | Epoch   6 | Train: Loss=0.2153, Acc=0.9032 | Val: Loss=0.1989, Acc=0.8889, F1=0.8756 | LR=0.000100 
2025-07-26 15:45:04 | INFO     | Epoch 7:
2025-07-26 15:45:04 | INFO     |   训练指标:
2025-07-26 15:45:04 | INFO     |     损失(ce): 0.189989
2025-07-26 15:45:04 | INFO     |     准确率: 0.915165
2025-07-26 15:45:04 | INFO     |     学习率: 0.00010000
2025-07-26 15:45:04 | INFO     |   验证指标(标准CE):
2025-07-26 15:45:04 | INFO     |     损失: 0.105235
2025-07-26 15:45:04 | INFO     |     准确率: 0.947948
2025-07-26 15:45:04 | INFO     |     F1(macro): 0.950320
2025-07-26 15:45:04 | INFO     |     F1(weighted): 0.948140
2025-07-26 15:45:04 | INFO     |     精确率: 0.951124
2025-07-26 15:45:04 | INFO     |     召回率: 0.950452
2025-07-26 15:45:04 | INFO     |   学习率调度器: f1_based
2025-07-26 15:45:04 | INFO     | ------------------------------------------------------------
2025-07-26 15:45:04 | INFO     | Epoch   7 | Train: Loss=0.1900, Acc=0.9152 | Val: Loss=0.1052, Acc=0.9479, F1=0.9481 | LR=0.000100 🏆 [最佳模型]
2025-07-26 15:45:54 | INFO     | Epoch 8:
2025-07-26 15:45:54 | INFO     |   训练指标:
2025-07-26 15:45:54 | INFO     |     损失(ce): 0.173916
2025-07-26 15:45:54 | INFO     |     准确率: 0.930931
2025-07-26 15:45:54 | INFO     |     学习率: 0.00010000
2025-07-26 15:45:54 | INFO     |   验证指标(标准CE):
2025-07-26 15:45:54 | INFO     |     损失: 0.125174
2025-07-26 15:45:54 | INFO     |     准确率: 0.957958
2025-07-26 15:45:54 | INFO     |     F1(macro): 0.959656
2025-07-26 15:45:54 | INFO     |     F1(weighted): 0.957718
2025-07-26 15:45:54 | INFO     |     精确率: 0.962730
2025-07-26 15:45:54 | INFO     |     召回率: 0.960706
2025-07-26 15:45:54 | INFO     |   学习率调度器: f1_based
2025-07-26 15:45:54 | INFO     | ------------------------------------------------------------
2025-07-26 15:45:54 | INFO     | Epoch   8 | Train: Loss=0.1739, Acc=0.9309 | Val: Loss=0.1252, Acc=0.9580, F1=0.9577 | LR=0.000100 🏆 [最佳模型]
2025-07-26 15:46:45 | INFO     | Epoch 9:
2025-07-26 15:46:45 | INFO     |   训练指标:
2025-07-26 15:46:45 | INFO     |     损失(ce): 0.153516
2025-07-26 15:46:45 | INFO     |     准确率: 0.937437
2025-07-26 15:46:45 | INFO     |     学习率: 0.00010000
2025-07-26 15:46:45 | INFO     |   验证指标(标准CE):
2025-07-26 15:46:45 | INFO     |     损失: 0.084378
2025-07-26 15:46:45 | INFO     |     准确率: 0.950951
2025-07-26 15:46:45 | INFO     |     F1(macro): 0.951741
2025-07-26 15:46:45 | INFO     |     F1(weighted): 0.950193
2025-07-26 15:46:45 | INFO     |     精确率: 0.955386
2025-07-26 15:46:45 | INFO     |     召回率: 0.951827
2025-07-26 15:46:45 | INFO     |   学习率调度器: f1_based
2025-07-26 15:46:45 | INFO     | ------------------------------------------------------------
2025-07-26 15:46:45 | INFO     | Epoch   9 | Train: Loss=0.1535, Acc=0.9374 | Val: Loss=0.0844, Acc=0.9510, F1=0.9502 | LR=0.000100 
2025-07-26 15:47:34 | INFO     | Epoch 10:
2025-07-26 15:47:34 | INFO     |   训练指标:
2025-07-26 15:47:34 | INFO     |     损失(ce): 0.122577
2025-07-26 15:47:34 | INFO     |     准确率: 0.950701
2025-07-26 15:47:34 | INFO     |     学习率: 0.00010000
2025-07-26 15:47:34 | INFO     |   验证指标(标准CE):
2025-07-26 15:47:34 | INFO     |     损失: 0.126050
2025-07-26 15:47:34 | INFO     |     准确率: 0.959960
2025-07-26 15:47:34 | INFO     |     F1(macro): 0.961683
2025-07-26 15:47:34 | INFO     |     F1(weighted): 0.959908
2025-07-26 15:47:34 | INFO     |     精确率: 0.964102
2025-07-26 15:47:34 | INFO     |     召回率: 0.962459
2025-07-26 15:47:34 | INFO     |   学习率调度器: f1_based
2025-07-26 15:47:34 | INFO     | ------------------------------------------------------------
2025-07-26 15:47:34 | INFO     | Epoch  10 | Train: Loss=0.1226, Acc=0.9507 | Val: Loss=0.1261, Acc=0.9600, F1=0.9599 | LR=0.000100 🏆 [最佳模型]
2025-07-26 15:48:25 | INFO     | Epoch 11:
2025-07-26 15:48:25 | INFO     |   训练指标:
2025-07-26 15:48:25 | INFO     |     损失(ce): 0.117835
2025-07-26 15:48:25 | INFO     |     准确率: 0.954705
2025-07-26 15:48:25 | INFO     |     学习率: 0.00010000
2025-07-26 15:48:25 | INFO     |   验证指标(标准CE):
2025-07-26 15:48:25 | INFO     |     损失: 0.085597
2025-07-26 15:48:25 | INFO     |     准确率: 0.963964
2025-07-26 15:48:25 | INFO     |     F1(macro): 0.965375
2025-07-26 15:48:25 | INFO     |     F1(weighted): 0.963722
2025-07-26 15:48:25 | INFO     |     精确率: 0.970372
2025-07-26 15:48:25 | INFO     |     召回率: 0.966629
2025-07-26 15:48:25 | INFO     |   学习率调度器: f1_based
2025-07-26 15:48:25 | INFO     | ------------------------------------------------------------
2025-07-26 15:48:25 | INFO     | Epoch  11 | Train: Loss=0.1178, Acc=0.9547 | Val: Loss=0.0856, Acc=0.9640, F1=0.9637 | LR=0.000100 🏆 [最佳模型]
2025-07-26 15:49:15 | INFO     | Epoch 12:
2025-07-26 15:49:15 | INFO     |   训练指标:
2025-07-26 15:49:15 | INFO     |     损失(ce): 0.106421
2025-07-26 15:49:15 | INFO     |     准确率: 0.951201
2025-07-26 15:49:15 | INFO     |     学习率: 0.00010000
2025-07-26 15:49:15 | INFO     |   验证指标(标准CE):
2025-07-26 15:49:15 | INFO     |     损失: 0.064466
2025-07-26 15:49:15 | INFO     |     准确率: 0.963964
2025-07-26 15:49:15 | INFO     |     F1(macro): 0.965330
2025-07-26 15:49:15 | INFO     |     F1(weighted): 0.963809
2025-07-26 15:49:15 | INFO     |     精确率: 0.969228
2025-07-26 15:49:15 | INFO     |     召回率: 0.966481
2025-07-26 15:49:15 | INFO     |   学习率调度器: f1_based
2025-07-26 15:49:15 | INFO     | ------------------------------------------------------------
2025-07-26 15:49:15 | INFO     | Epoch  12 | Train: Loss=0.1064, Acc=0.9512 | Val: Loss=0.0645, Acc=0.9640, F1=0.9638 | LR=0.000100 🏆 [最佳模型]
2025-07-26 15:50:05 | INFO     | Epoch 13:
2025-07-26 15:50:05 | INFO     |   训练指标:
2025-07-26 15:50:05 | INFO     |     损失(ce): 0.100543
2025-07-26 15:50:05 | INFO     |     准确率: 0.962963
2025-07-26 15:50:05 | INFO     |     学习率: 0.00010000
2025-07-26 15:50:05 | INFO     |   验证指标(标准CE):
2025-07-26 15:50:05 | INFO     |     损失: 0.142038
2025-07-26 15:50:05 | INFO     |     准确率: 0.958959
2025-07-26 15:50:05 | INFO     |     F1(macro): 0.960140
2025-07-26 15:50:05 | INFO     |     F1(weighted): 0.958846
2025-07-26 15:50:05 | INFO     |     精确率: 0.962849
2025-07-26 15:50:05 | INFO     |     召回率: 0.961130
2025-07-26 15:50:05 | INFO     |   学习率调度器: f1_based
2025-07-26 15:50:05 | INFO     | ------------------------------------------------------------
2025-07-26 15:50:05 | INFO     | Epoch  13 | Train: Loss=0.1005, Acc=0.9630 | Val: Loss=0.1420, Acc=0.9590, F1=0.9588 | LR=0.000100 
2025-07-26 15:50:55 | INFO     | Epoch 14:
2025-07-26 15:50:55 | INFO     |   训练指标:
2025-07-26 15:50:55 | INFO     |     损失(ce): 0.110273
2025-07-26 15:50:55 | INFO     |     准确率: 0.952452
2025-07-26 15:50:55 | INFO     |     学习率: 0.00010000
2025-07-26 15:50:55 | INFO     |   验证指标(标准CE):
2025-07-26 15:50:55 | INFO     |     损失: 0.063895
2025-07-26 15:50:55 | INFO     |     准确率: 0.975976
2025-07-26 15:50:55 | INFO     |     F1(macro): 0.976588
2025-07-26 15:50:55 | INFO     |     F1(weighted): 0.975704
2025-07-26 15:50:55 | INFO     |     精确率: 0.980344
2025-07-26 15:50:55 | INFO     |     召回率: 0.976076
2025-07-26 15:50:55 | INFO     |   学习率调度器: f1_based
2025-07-26 15:50:55 | INFO     | ------------------------------------------------------------
2025-07-26 15:50:55 | INFO     | Epoch  14 | Train: Loss=0.1103, Acc=0.9525 | Val: Loss=0.0639, Acc=0.9760, F1=0.9757 | LR=0.000100 🏆 [最佳模型]
2025-07-26 15:51:45 | INFO     | Epoch 15:
2025-07-26 15:51:45 | INFO     |   训练指标:
2025-07-26 15:51:45 | INFO     |     损失(ce): 0.096171
2025-07-26 15:51:45 | INFO     |     准确率: 0.959960
2025-07-26 15:51:45 | INFO     |     学习率: 0.00010000
2025-07-26 15:51:45 | INFO     |   验证指标(标准CE):
2025-07-26 15:51:45 | INFO     |     损失: 0.055981
2025-07-26 15:51:45 | INFO     |     准确率: 0.972973
2025-07-26 15:51:45 | INFO     |     F1(macro): 0.973571
2025-07-26 15:51:45 | INFO     |     F1(weighted): 0.972636
2025-07-26 15:51:45 | INFO     |     精确率: 0.976619
2025-07-26 15:51:45 | INFO     |     召回率: 0.973257
2025-07-26 15:51:45 | INFO     |   学习率调度器: f1_based
2025-07-26 15:51:45 | INFO     | ------------------------------------------------------------
2025-07-26 15:51:45 | INFO     | Epoch  15 | Train: Loss=0.0962, Acc=0.9600 | Val: Loss=0.0560, Acc=0.9730, F1=0.9726 | LR=0.000100 
2025-07-26 15:52:34 | INFO     | Epoch 16:
2025-07-26 15:52:34 | INFO     |   训练指标:
2025-07-26 15:52:34 | INFO     |     损失(ce): 0.088596
2025-07-26 15:52:34 | INFO     |     准确率: 0.964464
2025-07-26 15:52:34 | INFO     |     学习率: 0.00010000
2025-07-26 15:52:34 | INFO     |   验证指标(标准CE):
2025-07-26 15:52:34 | INFO     |     损失: 0.052960
2025-07-26 15:52:34 | INFO     |     准确率: 0.970971
2025-07-26 15:52:34 | INFO     |     F1(macro): 0.971825
2025-07-26 15:52:34 | INFO     |     F1(weighted): 0.970756
2025-07-26 15:52:34 | INFO     |     精确率: 0.974414
2025-07-26 15:52:34 | INFO     |     召回率: 0.971373
2025-07-26 15:52:34 | INFO     |   学习率调度器: f1_based
2025-07-26 15:52:34 | INFO     | ------------------------------------------------------------
2025-07-26 15:52:34 | INFO     | Epoch  16 | Train: Loss=0.0886, Acc=0.9645 | Val: Loss=0.0530, Acc=0.9710, F1=0.9708 | LR=0.000100 
2025-07-26 15:53:24 | INFO     | Epoch 17:
2025-07-26 15:53:24 | INFO     |   训练指标:
2025-07-26 15:53:24 | INFO     |     损失(ce): 0.084134
2025-07-26 15:53:24 | INFO     |     准确率: 0.965215
2025-07-26 15:53:24 | INFO     |     学习率: 0.00010000
2025-07-26 15:53:24 | INFO     |   验证指标(标准CE):
2025-07-26 15:53:24 | INFO     |     损失: 0.077769
2025-07-26 15:53:24 | INFO     |     准确率: 0.964965
2025-07-26 15:53:24 | INFO     |     F1(macro): 0.965908
2025-07-26 15:53:24 | INFO     |     F1(weighted): 0.964327
2025-07-26 15:53:24 | INFO     |     精确率: 0.972605
2025-07-26 15:53:24 | INFO     |     召回率: 0.967633
2025-07-26 15:53:24 | INFO     |   学习率调度器: f1_based
2025-07-26 15:53:24 | INFO     | ------------------------------------------------------------
2025-07-26 15:53:24 | INFO     | Epoch  17 | Train: Loss=0.0841, Acc=0.9652 | Val: Loss=0.0778, Acc=0.9650, F1=0.9643 | LR=0.000100 
2025-07-26 15:54:14 | INFO     | Epoch 18:
2025-07-26 15:54:14 | INFO     |   训练指标:
2025-07-26 15:54:14 | INFO     |     损失(ce): 0.077685
2025-07-26 15:54:14 | INFO     |     准确率: 0.963463
2025-07-26 15:54:14 | INFO     |     学习率: 0.00010000
2025-07-26 15:54:14 | INFO     |   验证指标(标准CE):
2025-07-26 15:54:14 | INFO     |     损失: 0.062224
2025-07-26 15:54:14 | INFO     |     准确率: 0.970971
2025-07-26 15:54:14 | INFO     |     F1(macro): 0.971844
2025-07-26 15:54:14 | INFO     |     F1(weighted): 0.970814
2025-07-26 15:54:14 | INFO     |     精确率: 0.973842
2025-07-26 15:54:14 | INFO     |     召回率: 0.971407
2025-07-26 15:54:14 | INFO     |   学习率调度器: f1_based
2025-07-26 15:54:14 | INFO     | ------------------------------------------------------------
2025-07-26 15:54:14 | INFO     | Epoch  18 | Train: Loss=0.0777, Acc=0.9635 | Val: Loss=0.0622, Acc=0.9710, F1=0.9708 | LR=0.000100 
2025-07-26 15:55:04 | INFO     | Epoch 19:
2025-07-26 15:55:04 | INFO     |   训练指标:
2025-07-26 15:55:04 | INFO     |     损失(ce): 0.080401
2025-07-26 15:55:04 | INFO     |     准确率: 0.963463
2025-07-26 15:55:04 | INFO     |     学习率: 0.00010000
2025-07-26 15:55:04 | INFO     |   验证指标(标准CE):
2025-07-26 15:55:04 | INFO     |     损失: 0.077670
2025-07-26 15:55:04 | INFO     |     准确率: 0.967968
2025-07-26 15:55:04 | INFO     |     F1(macro): 0.969184
2025-07-26 15:55:04 | INFO     |     F1(weighted): 0.967704
2025-07-26 15:55:04 | INFO     |     精确率: 0.975136
2025-07-26 15:55:04 | INFO     |     召回率: 0.970550
2025-07-26 15:55:04 | INFO     |   学习率调度器: f1_based
2025-07-26 15:55:04 | INFO     | ------------------------------------------------------------
2025-07-26 15:55:04 | INFO     | Epoch  19 | Train: Loss=0.0804, Acc=0.9635 | Val: Loss=0.0777, Acc=0.9680, F1=0.9677 | LR=0.000100 
2025-07-26 15:55:53 | INFO     | Epoch 20:
2025-07-26 15:55:53 | INFO     |   训练指标:
2025-07-26 15:55:53 | INFO     |     损失(ce): 0.095446
2025-07-26 15:55:53 | INFO     |     准确率: 0.962462
2025-07-26 15:55:53 | INFO     |     学习率: 0.00010000
2025-07-26 15:55:53 | INFO     |   验证指标(标准CE):
2025-07-26 15:55:53 | INFO     |     损失: 0.053407
2025-07-26 15:55:53 | INFO     |     准确率: 0.975976
2025-07-26 15:55:53 | INFO     |     F1(macro): 0.976660
2025-07-26 15:55:53 | INFO     |     F1(weighted): 0.975732
2025-07-26 15:55:53 | INFO     |     精确率: 0.980181
2025-07-26 15:55:53 | INFO     |     召回率: 0.976094
2025-07-26 15:55:53 | INFO     |   学习率调度器: f1_based
2025-07-26 15:55:53 | INFO     | ------------------------------------------------------------
2025-07-26 15:55:53 | INFO     | 🎯 学习率调整事件:
2025-07-26 15:55:53 | INFO     |   调度器类型: f1_based
2025-07-26 15:55:53 | INFO     |   学习率变化: 0.00010000 → 0.00005000
2025-07-26 15:55:53 | INFO     |   触发条件: F1分数 = 0.975732
2025-07-26 15:55:53 | INFO     |   变化幅度: -50.00%
2025-07-26 15:55:53 | INFO     | ------------------------------------------------------------
2025-07-26 15:55:53 | INFO     | Epoch  20 | Train: Loss=0.0954, Acc=0.9625 | Val: Loss=0.0534, Acc=0.9760, F1=0.9757 | LR=0.000050 🏆 [最佳模型]
2025-07-26 15:56:43 | INFO     | Epoch 21:
2025-07-26 15:56:43 | INFO     |   训练指标:
2025-07-26 15:56:43 | INFO     |     损失(ce): 0.044857
2025-07-26 15:56:43 | INFO     |     准确率: 0.973974
2025-07-26 15:56:43 | INFO     |     学习率: 0.00005000
2025-07-26 15:56:43 | INFO     |   验证指标(标准CE):
2025-07-26 15:56:43 | INFO     |     损失: 0.047022
2025-07-26 15:56:43 | INFO     |     准确率: 0.969970
2025-07-26 15:56:43 | INFO     |     F1(macro): 0.971151
2025-07-26 15:56:43 | INFO     |     F1(weighted): 0.969779
2025-07-26 15:56:43 | INFO     |     精确率: 0.976359
2025-07-26 15:56:43 | INFO     |     召回率: 0.972387
2025-07-26 15:56:43 | INFO     |   学习率调度器: f1_based
2025-07-26 15:56:43 | INFO     | ------------------------------------------------------------
2025-07-26 15:56:43 | INFO     | Epoch  21 | Train: Loss=0.0449, Acc=0.9740 | Val: Loss=0.0470, Acc=0.9700, F1=0.9698 | LR=0.000050 
2025-07-26 15:57:33 | INFO     | Epoch 22:
2025-07-26 15:57:33 | INFO     |   训练指标:
2025-07-26 15:57:33 | INFO     |     损失(ce): 0.050417
2025-07-26 15:57:33 | INFO     |     准确率: 0.971722
2025-07-26 15:57:33 | INFO     |     学习率: 0.00005000
2025-07-26 15:57:33 | INFO     |   验证指标(标准CE):
2025-07-26 15:57:33 | INFO     |     损失: 0.041159
2025-07-26 15:57:33 | INFO     |     准确率: 0.969970
2025-07-26 15:57:33 | INFO     |     F1(macro): 0.971151
2025-07-26 15:57:33 | INFO     |     F1(weighted): 0.969779
2025-07-26 15:57:33 | INFO     |     精确率: 0.976359
2025-07-26 15:57:33 | INFO     |     召回率: 0.972387
2025-07-26 15:57:33 | INFO     |   学习率调度器: f1_based
2025-07-26 15:57:33 | INFO     | ------------------------------------------------------------
2025-07-26 15:57:33 | INFO     | Epoch  22 | Train: Loss=0.0504, Acc=0.9717 | Val: Loss=0.0412, Acc=0.9700, F1=0.9698 | LR=0.000050 
2025-07-26 15:58:23 | INFO     | Epoch 23:
2025-07-26 15:58:23 | INFO     |   训练指标:
2025-07-26 15:58:23 | INFO     |     损失(ce): 0.048563
2025-07-26 15:58:23 | INFO     |     准确率: 0.974975
2025-07-26 15:58:23 | INFO     |     学习率: 0.00005000
2025-07-26 15:58:23 | INFO     |   验证指标(标准CE):
2025-07-26 15:58:23 | INFO     |     损失: 0.056786
2025-07-26 15:58:23 | INFO     |     准确率: 0.968969
2025-07-26 15:58:23 | INFO     |     F1(macro): 0.970168
2025-07-26 15:58:23 | INFO     |     F1(weighted): 0.968743
2025-07-26 15:58:23 | INFO     |     精确率: 0.975743
2025-07-26 15:58:23 | INFO     |     召回率: 0.971469
2025-07-26 15:58:23 | INFO     |   学习率调度器: f1_based
2025-07-26 15:58:23 | INFO     | ------------------------------------------------------------
2025-07-26 15:58:23 | INFO     | Epoch  23 | Train: Loss=0.0486, Acc=0.9750 | Val: Loss=0.0568, Acc=0.9690, F1=0.9687 | LR=0.000050 
2025-07-26 15:59:12 | INFO     | Epoch 24:
2025-07-26 15:59:12 | INFO     |   训练指标:
2025-07-26 15:59:12 | INFO     |     损失(ce): 0.053421
2025-07-26 15:59:12 | INFO     |     准确率: 0.973724
2025-07-26 15:59:12 | INFO     |     学习率: 0.00005000
2025-07-26 15:59:12 | INFO     |   验证指标(标准CE):
2025-07-26 15:59:12 | INFO     |     损失: 0.048876
2025-07-26 15:59:12 | INFO     |     准确率: 0.969970
2025-07-26 15:59:12 | INFO     |     F1(macro): 0.971151
2025-07-26 15:59:12 | INFO     |     F1(weighted): 0.969779
2025-07-26 15:59:12 | INFO     |     精确率: 0.976359
2025-07-26 15:59:12 | INFO     |     召回率: 0.972387
2025-07-26 15:59:12 | INFO     |   学习率调度器: f1_based
2025-07-26 15:59:12 | INFO     | ------------------------------------------------------------
2025-07-26 15:59:12 | INFO     | Epoch  24 | Train: Loss=0.0534, Acc=0.9737 | Val: Loss=0.0489, Acc=0.9700, F1=0.9698 | LR=0.000050 
2025-07-26 16:00:02 | INFO     | Epoch 25:
2025-07-26 16:00:02 | INFO     |   训练指标:
2025-07-26 16:00:02 | INFO     |     损失(ce): 0.042946
2025-07-26 16:00:02 | INFO     |     准确率: 0.973223
2025-07-26 16:00:02 | INFO     |     学习率: 0.00005000
2025-07-26 16:00:02 | INFO     |   验证指标(标准CE):
2025-07-26 16:00:02 | INFO     |     损失: 0.050707
2025-07-26 16:00:02 | INFO     |     准确率: 0.969970
2025-07-26 16:00:02 | INFO     |     F1(macro): 0.971049
2025-07-26 16:00:02 | INFO     |     F1(weighted): 0.969633
2025-07-26 16:00:02 | INFO     |     精确率: 0.976359
2025-07-26 16:00:02 | INFO     |     召回率: 0.972452
2025-07-26 16:00:02 | INFO     |   学习率调度器: f1_based
2025-07-26 16:00:02 | INFO     | ------------------------------------------------------------
2025-07-26 16:00:02 | INFO     | Epoch  25 | Train: Loss=0.0429, Acc=0.9732 | Val: Loss=0.0507, Acc=0.9700, F1=0.9696 | LR=0.000050 
2025-07-26 16:00:52 | INFO     | Epoch 26:
2025-07-26 16:00:52 | INFO     |   训练指标:
2025-07-26 16:00:52 | INFO     |     损失(ce): 0.055259
2025-07-26 16:00:52 | INFO     |     准确率: 0.972472
2025-07-26 16:00:52 | INFO     |     学习率: 0.00005000
2025-07-26 16:00:52 | INFO     |   验证指标(标准CE):
2025-07-26 16:00:52 | INFO     |     损失: 0.042450
2025-07-26 16:00:52 | INFO     |     准确率: 0.970971
2025-07-26 16:00:52 | INFO     |     F1(macro): 0.972035
2025-07-26 16:00:52 | INFO     |     F1(weighted): 0.970672
2025-07-26 16:00:52 | INFO     |     精确率: 0.976984
2025-07-26 16:00:52 | INFO     |     召回率: 0.973370
2025-07-26 16:00:52 | INFO     |   学习率调度器: f1_based
2025-07-26 16:00:52 | INFO     | ------------------------------------------------------------
2025-07-26 16:00:52 | INFO     | Epoch  26 | Train: Loss=0.0553, Acc=0.9725 | Val: Loss=0.0424, Acc=0.9710, F1=0.9707 | LR=0.000050 
2025-07-26 16:01:42 | INFO     | Epoch 27:
2025-07-26 16:01:42 | INFO     |   训练指标:
2025-07-26 16:01:42 | INFO     |     损失(ce): 0.045982
2025-07-26 16:01:42 | INFO     |     准确率: 0.973473
2025-07-26 16:01:42 | INFO     |     学习率: 0.00005000
2025-07-26 16:01:42 | INFO     |   验证指标(标准CE):
2025-07-26 16:01:42 | INFO     |     损失: 0.039922
2025-07-26 16:01:42 | INFO     |     准确率: 0.969970
2025-07-26 16:01:42 | INFO     |     F1(macro): 0.971151
2025-07-26 16:01:42 | INFO     |     F1(weighted): 0.969779
2025-07-26 16:01:42 | INFO     |     精确率: 0.976359
2025-07-26 16:01:42 | INFO     |     召回率: 0.972387
2025-07-26 16:01:42 | INFO     |   学习率调度器: f1_based
2025-07-26 16:01:42 | INFO     | ------------------------------------------------------------
2025-07-26 16:01:42 | INFO     | Epoch  27 | Train: Loss=0.0460, Acc=0.9735 | Val: Loss=0.0399, Acc=0.9700, F1=0.9698 | LR=0.000050 
2025-07-26 16:02:32 | INFO     | Epoch 28:
2025-07-26 16:02:32 | INFO     |   训练指标:
2025-07-26 16:02:32 | INFO     |     损失(ce): 0.048774
2025-07-26 16:02:32 | INFO     |     准确率: 0.973974
2025-07-26 16:02:32 | INFO     |     学习率: 0.00005000
2025-07-26 16:02:32 | INFO     |   验证指标(标准CE):
2025-07-26 16:02:32 | INFO     |     损失: 0.041558
2025-07-26 16:02:32 | INFO     |     准确率: 0.970971
2025-07-26 16:02:32 | INFO     |     F1(macro): 0.972035
2025-07-26 16:02:32 | INFO     |     F1(weighted): 0.970672
2025-07-26 16:02:32 | INFO     |     精确率: 0.976984
2025-07-26 16:02:32 | INFO     |     召回率: 0.973370
2025-07-26 16:02:32 | INFO     |   学习率调度器: f1_based
2025-07-26 16:02:32 | INFO     | ------------------------------------------------------------
2025-07-26 16:02:32 | INFO     | 🎯 学习率调整事件:
2025-07-26 16:02:32 | INFO     |   调度器类型: f1_based
2025-07-26 16:02:32 | INFO     |   学习率变化: 0.00005000 → 0.00002500
2025-07-26 16:02:32 | INFO     |   触发条件: F1分数 = 0.970672
2025-07-26 16:02:32 | INFO     |   变化幅度: -50.00%
2025-07-26 16:02:32 | INFO     | ------------------------------------------------------------
2025-07-26 16:02:32 | INFO     | Epoch  28 | Train: Loss=0.0488, Acc=0.9740 | Val: Loss=0.0416, Acc=0.9710, F1=0.9707 | LR=0.000025 
2025-07-26 16:03:21 | INFO     | Epoch 29:
2025-07-26 16:03:21 | INFO     |   训练指标:
2025-07-26 16:03:21 | INFO     |     损失(ce): 0.037229
2025-07-26 16:03:21 | INFO     |     准确率: 0.976727
2025-07-26 16:03:21 | INFO     |     学习率: 0.00002500
2025-07-26 16:03:21 | INFO     |   验证指标(标准CE):
2025-07-26 16:03:21 | INFO     |     损失: 0.038707
2025-07-26 16:03:21 | INFO     |     准确率: 0.970971
2025-07-26 16:03:21 | INFO     |     F1(macro): 0.972035
2025-07-26 16:03:21 | INFO     |     F1(weighted): 0.970672
2025-07-26 16:03:21 | INFO     |     精确率: 0.976984
2025-07-26 16:03:21 | INFO     |     召回率: 0.973370
2025-07-26 16:03:21 | INFO     |   学习率调度器: f1_based
2025-07-26 16:03:21 | INFO     | ------------------------------------------------------------
2025-07-26 16:03:21 | INFO     | Epoch  29 | Train: Loss=0.0372, Acc=0.9767 | Val: Loss=0.0387, Acc=0.9710, F1=0.9707 | LR=0.000025 
2025-07-26 16:04:11 | INFO     | Epoch 30:
2025-07-26 16:04:11 | INFO     |   训练指标:
2025-07-26 16:04:11 | INFO     |     损失(ce): 0.040516
2025-07-26 16:04:11 | INFO     |     准确率: 0.973974
2025-07-26 16:04:11 | INFO     |     学习率: 0.00002500
2025-07-26 16:04:11 | INFO     |   验证指标(标准CE):
2025-07-26 16:04:11 | INFO     |     损失: 0.048546
2025-07-26 16:04:11 | INFO     |     准确率: 0.969970
2025-07-26 16:04:11 | INFO     |     F1(macro): 0.971151
2025-07-26 16:04:11 | INFO     |     F1(weighted): 0.969779
2025-07-26 16:04:11 | INFO     |     精确率: 0.976359
2025-07-26 16:04:11 | INFO     |     召回率: 0.972387
2025-07-26 16:04:11 | INFO     |   学习率调度器: f1_based
2025-07-26 16:04:11 | INFO     | ------------------------------------------------------------
2025-07-26 16:04:11 | INFO     | Epoch  30 | Train: Loss=0.0405, Acc=0.9740 | Val: Loss=0.0485, Acc=0.9700, F1=0.9698 | LR=0.000025 
2025-07-26 16:05:01 | INFO     | Epoch 31:
2025-07-26 16:05:01 | INFO     |   训练指标:
2025-07-26 16:05:01 | INFO     |     损失(ce): 0.036834
2025-07-26 16:05:01 | INFO     |     准确率: 0.977227
2025-07-26 16:05:01 | INFO     |     学习率: 0.00002500
2025-07-26 16:05:01 | INFO     |   验证指标(标准CE):
2025-07-26 16:05:01 | INFO     |     损失: 0.042513
2025-07-26 16:05:01 | INFO     |     准确率: 0.978979
2025-07-26 16:05:01 | INFO     |     F1(macro): 0.979577
2025-07-26 16:05:01 | INFO     |     F1(weighted): 0.978798
2025-07-26 16:05:01 | INFO     |     精确率: 0.982448
2025-07-26 16:05:01 | INFO     |     召回率: 0.979079
2025-07-26 16:05:01 | INFO     |   学习率调度器: f1_based
2025-07-26 16:05:01 | INFO     | ------------------------------------------------------------
2025-07-26 16:05:01 | INFO     | Epoch  31 | Train: Loss=0.0368, Acc=0.9772 | Val: Loss=0.0425, Acc=0.9790, F1=0.9788 | LR=0.000025 🏆 [最佳模型]
2025-07-26 16:05:51 | INFO     | Epoch 32:
2025-07-26 16:05:51 | INFO     |   训练指标:
2025-07-26 16:05:51 | INFO     |     损失(ce): 0.040188
2025-07-26 16:05:51 | INFO     |     准确率: 0.973473
2025-07-26 16:05:51 | INFO     |     学习率: 0.00002500
2025-07-26 16:05:51 | INFO     |   验证指标(标准CE):
2025-07-26 16:05:51 | INFO     |     损失: 0.043414
2025-07-26 16:05:51 | INFO     |     准确率: 0.975976
2025-07-26 16:05:51 | INFO     |     F1(macro): 0.977037
2025-07-26 16:05:51 | INFO     |     F1(weighted): 0.976005
2025-07-26 16:05:51 | INFO     |     精确率: 0.978707
2025-07-26 16:05:51 | INFO     |     召回率: 0.977648
2025-07-26 16:05:51 | INFO     |   学习率调度器: f1_based
2025-07-26 16:05:51 | INFO     | ------------------------------------------------------------
2025-07-26 16:05:51 | INFO     | Epoch  32 | Train: Loss=0.0402, Acc=0.9735 | Val: Loss=0.0434, Acc=0.9760, F1=0.9760 | LR=0.000025 
2025-07-26 16:06:41 | INFO     | Epoch 33:
2025-07-26 16:06:41 | INFO     |   训练指标:
2025-07-26 16:06:41 | INFO     |     损失(ce): 0.040959
2025-07-26 16:06:41 | INFO     |     准确率: 0.975475
2025-07-26 16:06:41 | INFO     |     学习率: 0.00002500
2025-07-26 16:06:41 | INFO     |   验证指标(标准CE):
2025-07-26 16:06:41 | INFO     |     损失: 0.043527
2025-07-26 16:06:41 | INFO     |     准确率: 0.969970
2025-07-26 16:06:41 | INFO     |     F1(macro): 0.971151
2025-07-26 16:06:41 | INFO     |     F1(weighted): 0.969779
2025-07-26 16:06:41 | INFO     |     精确率: 0.976359
2025-07-26 16:06:41 | INFO     |     召回率: 0.972387
2025-07-26 16:06:41 | INFO     |   学习率调度器: f1_based
2025-07-26 16:06:41 | INFO     | ------------------------------------------------------------
2025-07-26 16:06:41 | INFO     | Epoch  33 | Train: Loss=0.0410, Acc=0.9755 | Val: Loss=0.0435, Acc=0.9700, F1=0.9698 | LR=0.000025 
2025-07-26 16:07:30 | INFO     | Epoch 34:
2025-07-26 16:07:30 | INFO     |   训练指标:
2025-07-26 16:07:30 | INFO     |     损失(ce): 0.039913
2025-07-26 16:07:30 | INFO     |     准确率: 0.975475
2025-07-26 16:07:30 | INFO     |     学习率: 0.00002500
2025-07-26 16:07:30 | INFO     |   验证指标(标准CE):
2025-07-26 16:07:30 | INFO     |     损失: 0.041135
2025-07-26 16:07:30 | INFO     |     准确率: 0.970971
2025-07-26 16:07:30 | INFO     |     F1(macro): 0.972035
2025-07-26 16:07:30 | INFO     |     F1(weighted): 0.970672
2025-07-26 16:07:30 | INFO     |     精确率: 0.976984
2025-07-26 16:07:30 | INFO     |     召回率: 0.973370
2025-07-26 16:07:30 | INFO     |   学习率调度器: f1_based
2025-07-26 16:07:30 | INFO     | ------------------------------------------------------------
2025-07-26 16:07:30 | INFO     | Epoch  34 | Train: Loss=0.0399, Acc=0.9755 | Val: Loss=0.0411, Acc=0.9710, F1=0.9707 | LR=0.000025 
2025-07-26 16:08:20 | INFO     | Epoch 35:
2025-07-26 16:08:20 | INFO     |   训练指标:
2025-07-26 16:08:20 | INFO     |     损失(ce): 0.040315
2025-07-26 16:08:20 | INFO     |     准确率: 0.975475
2025-07-26 16:08:20 | INFO     |     学习率: 0.00002500
2025-07-26 16:08:20 | INFO     |   验证指标(标准CE):
2025-07-26 16:08:20 | INFO     |     损失: 0.040593
2025-07-26 16:08:20 | INFO     |     准确率: 0.969970
2025-07-26 16:08:20 | INFO     |     F1(macro): 0.971151
2025-07-26 16:08:20 | INFO     |     F1(weighted): 0.969779
2025-07-26 16:08:20 | INFO     |     精确率: 0.976359
2025-07-26 16:08:20 | INFO     |     召回率: 0.972387
2025-07-26 16:08:20 | INFO     |   学习率调度器: f1_based
2025-07-26 16:08:20 | INFO     | ------------------------------------------------------------
2025-07-26 16:08:20 | INFO     | Epoch  35 | Train: Loss=0.0403, Acc=0.9755 | Val: Loss=0.0406, Acc=0.9700, F1=0.9698 | LR=0.000025 
2025-07-26 16:09:10 | INFO     | Epoch 36:
2025-07-26 16:09:10 | INFO     |   训练指标:
2025-07-26 16:09:10 | INFO     |     损失(ce): 0.037505
2025-07-26 16:09:10 | INFO     |     准确率: 0.974975
2025-07-26 16:09:10 | INFO     |     学习率: 0.00002500
2025-07-26 16:09:10 | INFO     |   验证指标(标准CE):
2025-07-26 16:09:10 | INFO     |     损失: 0.121465
2025-07-26 16:09:10 | INFO     |     准确率: 0.951952
2025-07-26 16:09:10 | INFO     |     F1(macro): 0.951909
2025-07-26 16:09:10 | INFO     |     F1(weighted): 0.950353
2025-07-26 16:09:10 | INFO     |     精确率: 0.962481
2025-07-26 16:09:10 | INFO     |     召回率: 0.952101
2025-07-26 16:09:10 | INFO     |   学习率调度器: f1_based
2025-07-26 16:09:10 | INFO     | ------------------------------------------------------------
2025-07-26 16:09:10 | INFO     | Epoch  36 | Train: Loss=0.0375, Acc=0.9750 | Val: Loss=0.1215, Acc=0.9520, F1=0.9504 | LR=0.000025 
2025-07-26 16:10:00 | INFO     | Epoch 37:
2025-07-26 16:10:00 | INFO     |   训练指标:
2025-07-26 16:10:00 | INFO     |     损失(ce): 0.051151
2025-07-26 16:10:00 | INFO     |     准确率: 0.973473
2025-07-26 16:10:00 | INFO     |     学习率: 0.00002500
2025-07-26 16:10:00 | INFO     |   验证指标(标准CE):
2025-07-26 16:10:00 | INFO     |     损失: 0.045824
2025-07-26 16:10:00 | INFO     |     准确率: 0.976977
2025-07-26 16:10:00 | INFO     |     F1(macro): 0.977620
2025-07-26 16:10:00 | INFO     |     F1(weighted): 0.976738
2025-07-26 16:10:00 | INFO     |     精确率: 0.980918
2025-07-26 16:10:00 | INFO     |     召回率: 0.977142
2025-07-26 16:10:00 | INFO     |   学习率调度器: f1_based
2025-07-26 16:10:00 | INFO     | ------------------------------------------------------------
2025-07-26 16:10:00 | INFO     | 🎯 学习率调整事件:
2025-07-26 16:10:00 | INFO     |   调度器类型: f1_based
2025-07-26 16:10:00 | INFO     |   学习率变化: 0.00002500 → 0.00001250
2025-07-26 16:10:00 | INFO     |   触发条件: F1分数 = 0.976738
2025-07-26 16:10:00 | INFO     |   变化幅度: -50.00%
2025-07-26 16:10:00 | INFO     | ------------------------------------------------------------
2025-07-26 16:10:00 | INFO     | Epoch  37 | Train: Loss=0.0512, Acc=0.9735 | Val: Loss=0.0458, Acc=0.9770, F1=0.9767 | LR=0.000013 
2025-07-26 16:10:50 | INFO     | Epoch 38:
2025-07-26 16:10:50 | INFO     |   训练指标:
2025-07-26 16:10:50 | INFO     |     损失(ce): 0.038231
2025-07-26 16:10:50 | INFO     |     准确率: 0.974474
2025-07-26 16:10:50 | INFO     |     学习率: 0.00001250
2025-07-26 16:10:50 | INFO     |   验证指标(标准CE):
2025-07-26 16:10:50 | INFO     |     损失: 0.040729
2025-07-26 16:10:50 | INFO     |     准确率: 0.969970
2025-07-26 16:10:50 | INFO     |     F1(macro): 0.971151
2025-07-26 16:10:50 | INFO     |     F1(weighted): 0.969779
2025-07-26 16:10:50 | INFO     |     精确率: 0.976359
2025-07-26 16:10:50 | INFO     |     召回率: 0.972387
2025-07-26 16:10:50 | INFO     |   学习率调度器: f1_based
2025-07-26 16:10:50 | INFO     | ------------------------------------------------------------
2025-07-26 16:10:50 | INFO     | Epoch  38 | Train: Loss=0.0382, Acc=0.9745 | Val: Loss=0.0407, Acc=0.9700, F1=0.9698 | LR=0.000013 
2025-07-26 16:11:39 | INFO     | Epoch 39:
2025-07-26 16:11:39 | INFO     |   训练指标:
2025-07-26 16:11:39 | INFO     |     损失(ce): 0.037105
2025-07-26 16:11:39 | INFO     |     准确率: 0.976476
2025-07-26 16:11:39 | INFO     |     学习率: 0.00001250
2025-07-26 16:11:39 | INFO     |   验证指标(标准CE):
2025-07-26 16:11:39 | INFO     |     损失: 0.038246
2025-07-26 16:11:39 | INFO     |     准确率: 0.975976
2025-07-26 16:11:39 | INFO     |     F1(macro): 0.976997
2025-07-26 16:11:39 | INFO     |     F1(weighted): 0.975937
2025-07-26 16:11:39 | INFO     |     精确率: 0.980247
2025-07-26 16:11:39 | INFO     |     召回率: 0.977896
2025-07-26 16:11:39 | INFO     |   学习率调度器: f1_based
2025-07-26 16:11:39 | INFO     | ------------------------------------------------------------
2025-07-26 16:11:39 | INFO     | Epoch  39 | Train: Loss=0.0371, Acc=0.9765 | Val: Loss=0.0382, Acc=0.9760, F1=0.9759 | LR=0.000013 
2025-07-26 16:12:29 | INFO     | Epoch 40:
2025-07-26 16:12:29 | INFO     |   训练指标:
2025-07-26 16:12:29 | INFO     |     损失(ce): 0.034492
2025-07-26 16:12:29 | INFO     |     准确率: 0.976226
2025-07-26 16:12:29 | INFO     |     学习率: 0.00001250
2025-07-26 16:12:29 | INFO     |   验证指标(标准CE):
2025-07-26 16:12:29 | INFO     |     损失: 0.041110
2025-07-26 16:12:29 | INFO     |     准确率: 0.970971
2025-07-26 16:12:29 | INFO     |     F1(macro): 0.972035
2025-07-26 16:12:29 | INFO     |     F1(weighted): 0.970672
2025-07-26 16:12:29 | INFO     |     精确率: 0.976984
2025-07-26 16:12:29 | INFO     |     召回率: 0.973370
2025-07-26 16:12:29 | INFO     |   学习率调度器: f1_based
2025-07-26 16:12:29 | INFO     | ------------------------------------------------------------
2025-07-26 16:12:29 | INFO     | Epoch  40 | Train: Loss=0.0345, Acc=0.9762 | Val: Loss=0.0411, Acc=0.9710, F1=0.9707 | LR=0.000013 
2025-07-26 16:13:19 | INFO     | Epoch 41:
2025-07-26 16:13:19 | INFO     |   训练指标:
2025-07-26 16:13:19 | INFO     |     损失(ce): 0.035167
2025-07-26 16:13:19 | INFO     |     准确率: 0.976476
2025-07-26 16:13:19 | INFO     |     学习率: 0.00001250
2025-07-26 16:13:19 | INFO     |   验证指标(标准CE):
2025-07-26 16:13:19 | INFO     |     损失: 0.041145
2025-07-26 16:13:19 | INFO     |     准确率: 0.971972
2025-07-26 16:13:19 | INFO     |     F1(macro): 0.973136
2025-07-26 16:13:19 | INFO     |     F1(weighted): 0.971882
2025-07-26 16:13:19 | INFO     |     精确率: 0.976945
2025-07-26 16:13:19 | INFO     |     召回率: 0.974141
2025-07-26 16:13:19 | INFO     |   学习率调度器: f1_based
2025-07-26 16:13:19 | INFO     | ------------------------------------------------------------
2025-07-26 16:13:19 | INFO     | Epoch  41 | Train: Loss=0.0352, Acc=0.9765 | Val: Loss=0.0411, Acc=0.9720, F1=0.9719 | LR=0.000013 
2025-07-26 16:14:08 | INFO     | Epoch 42:
2025-07-26 16:14:08 | INFO     |   训练指标:
2025-07-26 16:14:08 | INFO     |     损失(ce): 0.035206
2025-07-26 16:14:08 | INFO     |     准确率: 0.975726
2025-07-26 16:14:08 | INFO     |     学习率: 0.00001250
2025-07-26 16:14:08 | INFO     |   验证指标(标准CE):
2025-07-26 16:14:08 | INFO     |     损失: 0.035947
2025-07-26 16:14:08 | INFO     |     准确率: 0.970971
2025-07-26 16:14:08 | INFO     |     F1(macro): 0.972035
2025-07-26 16:14:08 | INFO     |     F1(weighted): 0.970672
2025-07-26 16:14:08 | INFO     |     精确率: 0.976984
2025-07-26 16:14:08 | INFO     |     召回率: 0.973370
2025-07-26 16:14:08 | INFO     |   学习率调度器: f1_based
2025-07-26 16:14:08 | INFO     | ------------------------------------------------------------
2025-07-26 16:14:08 | INFO     | Epoch  42 | Train: Loss=0.0352, Acc=0.9757 | Val: Loss=0.0359, Acc=0.9710, F1=0.9707 | LR=0.000013 
2025-07-26 16:14:58 | INFO     | Epoch 43:
2025-07-26 16:14:58 | INFO     |   训练指标:
2025-07-26 16:14:58 | INFO     |     损失(ce): 0.033642
2025-07-26 16:14:58 | INFO     |     准确率: 0.977978
2025-07-26 16:14:58 | INFO     |     学习率: 0.00001250
2025-07-26 16:14:58 | INFO     |   验证指标(标准CE):
2025-07-26 16:14:58 | INFO     |     损失: 0.041703
2025-07-26 16:14:58 | INFO     |     准确率: 0.970971
2025-07-26 16:14:58 | INFO     |     F1(macro): 0.972035
2025-07-26 16:14:58 | INFO     |     F1(weighted): 0.970672
2025-07-26 16:14:58 | INFO     |     精确率: 0.976984
2025-07-26 16:14:58 | INFO     |     召回率: 0.973370
2025-07-26 16:14:58 | INFO     |   学习率调度器: f1_based
2025-07-26 16:14:58 | INFO     | ------------------------------------------------------------
2025-07-26 16:14:58 | INFO     | Epoch  43 | Train: Loss=0.0336, Acc=0.9780 | Val: Loss=0.0417, Acc=0.9710, F1=0.9707 | LR=0.000013 
2025-07-26 16:15:48 | INFO     | Epoch 44:
2025-07-26 16:15:48 | INFO     |   训练指标:
2025-07-26 16:15:48 | INFO     |     损失(ce): 0.039607
2025-07-26 16:15:48 | INFO     |     准确率: 0.975475
2025-07-26 16:15:48 | INFO     |     学习率: 0.00001250
2025-07-26 16:15:48 | INFO     |   验证指标(标准CE):
2025-07-26 16:15:48 | INFO     |     损失: 0.037145
2025-07-26 16:15:48 | INFO     |     准确率: 0.977978
2025-07-26 16:15:48 | INFO     |     F1(macro): 0.978888
2025-07-26 16:15:48 | INFO     |     F1(weighted): 0.977896
2025-07-26 16:15:48 | INFO     |     精确率: 0.981088
2025-07-26 16:15:48 | INFO     |     召回率: 0.979715
2025-07-26 16:15:48 | INFO     |   学习率调度器: f1_based
2025-07-26 16:15:48 | INFO     | ------------------------------------------------------------
2025-07-26 16:15:48 | INFO     | Epoch  44 | Train: Loss=0.0396, Acc=0.9755 | Val: Loss=0.0371, Acc=0.9780, F1=0.9779 | LR=0.000013 
2025-07-26 16:16:37 | INFO     | Epoch 45:
2025-07-26 16:16:37 | INFO     |   训练指标:
2025-07-26 16:16:37 | INFO     |     损失(ce): 0.036888
2025-07-26 16:16:37 | INFO     |     准确率: 0.979730
2025-07-26 16:16:37 | INFO     |     学习率: 0.00001250
2025-07-26 16:16:37 | INFO     |   验证指标(标准CE):
2025-07-26 16:16:37 | INFO     |     损失: 0.040972
2025-07-26 16:16:37 | INFO     |     准确率: 0.976977
2025-07-26 16:16:37 | INFO     |     F1(macro): 0.977587
2025-07-26 16:16:37 | INFO     |     F1(weighted): 0.976738
2025-07-26 16:16:37 | INFO     |     精确率: 0.981036
2025-07-26 16:16:37 | INFO     |     召回率: 0.977077
2025-07-26 16:16:37 | INFO     |   学习率调度器: f1_based
2025-07-26 16:16:37 | INFO     | ------------------------------------------------------------
2025-07-26 16:16:37 | INFO     | 🎯 学习率调整事件:
2025-07-26 16:16:37 | INFO     |   调度器类型: f1_based
2025-07-26 16:16:37 | INFO     |   学习率变化: 0.00001250 → 0.00000625
2025-07-26 16:16:37 | INFO     |   触发条件: F1分数 = 0.976738
2025-07-26 16:16:37 | INFO     |   变化幅度: -50.00%
2025-07-26 16:16:37 | INFO     | ------------------------------------------------------------
2025-07-26 16:16:37 | INFO     | Epoch  45 | Train: Loss=0.0369, Acc=0.9797 | Val: Loss=0.0410, Acc=0.9770, F1=0.9767 | LR=0.000006 
2025-07-26 16:17:27 | INFO     | Epoch 46:
2025-07-26 16:17:27 | INFO     |   训练指标:
2025-07-26 16:17:27 | INFO     |     损失(ce): 0.037384
2025-07-26 16:17:27 | INFO     |     准确率: 0.975225
2025-07-26 16:17:27 | INFO     |     学习率: 0.00000625
2025-07-26 16:17:27 | INFO     |   验证指标(标准CE):
2025-07-26 16:17:27 | INFO     |     损失: 0.039105
2025-07-26 16:17:27 | INFO     |     准确率: 0.980981
2025-07-26 16:17:27 | INFO     |     F1(macro): 0.981827
2025-07-26 16:17:27 | INFO     |     F1(weighted): 0.981027
2025-07-26 16:17:27 | INFO     |     精确率: 0.982932
2025-07-26 16:17:27 | INFO     |     召回率: 0.982322
2025-07-26 16:17:27 | INFO     |   学习率调度器: f1_based
2025-07-26 16:17:27 | INFO     | ------------------------------------------------------------
2025-07-26 16:17:27 | INFO     | Epoch  46 | Train: Loss=0.0374, Acc=0.9752 | Val: Loss=0.0391, Acc=0.9810, F1=0.9810 | LR=0.000006 🏆 [最佳模型]
2025-07-26 16:18:18 | INFO     | Epoch 47:
2025-07-26 16:18:18 | INFO     |   训练指标:
2025-07-26 16:18:18 | INFO     |     损失(ce): 0.034245
2025-07-26 16:18:18 | INFO     |     准确率: 0.977227
2025-07-26 16:18:18 | INFO     |     学习率: 0.00000625
2025-07-26 16:18:18 | INFO     |   验证指标(标准CE):
2025-07-26 16:18:18 | INFO     |     损失: 0.039980
2025-07-26 16:18:18 | INFO     |     准确率: 0.970971
2025-07-26 16:18:18 | INFO     |     F1(macro): 0.972035
2025-07-26 16:18:18 | INFO     |     F1(weighted): 0.970672
2025-07-26 16:18:18 | INFO     |     精确率: 0.976984
2025-07-26 16:18:18 | INFO     |     召回率: 0.973370
2025-07-26 16:18:18 | INFO     |   学习率调度器: f1_based
2025-07-26 16:18:18 | INFO     | ------------------------------------------------------------
2025-07-26 16:18:18 | INFO     | Epoch  47 | Train: Loss=0.0342, Acc=0.9772 | Val: Loss=0.0400, Acc=0.9710, F1=0.9707 | LR=0.000006 
2025-07-26 16:19:08 | INFO     | Epoch 48:
2025-07-26 16:19:08 | INFO     |   训练指标:
2025-07-26 16:19:08 | INFO     |     损失(ce): 0.033846
2025-07-26 16:19:08 | INFO     |     准确率: 0.977978
2025-07-26 16:19:08 | INFO     |     学习率: 0.00000625
2025-07-26 16:19:08 | INFO     |   验证指标(标准CE):
2025-07-26 16:19:08 | INFO     |     损失: 0.040459
2025-07-26 16:19:08 | INFO     |     准确率: 0.977978
2025-07-26 16:19:08 | INFO     |     F1(macro): 0.978888
2025-07-26 16:19:08 | INFO     |     F1(weighted): 0.977896
2025-07-26 16:19:08 | INFO     |     精确率: 0.981088
2025-07-26 16:19:08 | INFO     |     召回率: 0.979715
2025-07-26 16:19:08 | INFO     |   学习率调度器: f1_based
2025-07-26 16:19:08 | INFO     | ------------------------------------------------------------
2025-07-26 16:19:08 | INFO     | Epoch  48 | Train: Loss=0.0338, Acc=0.9780 | Val: Loss=0.0405, Acc=0.9780, F1=0.9779 | LR=0.000006 
2025-07-26 16:19:58 | INFO     | Epoch 49:
2025-07-26 16:19:58 | INFO     |   训练指标:
2025-07-26 16:19:58 | INFO     |     损失(ce): 0.033496
2025-07-26 16:19:58 | INFO     |     准确率: 0.976476
2025-07-26 16:19:58 | INFO     |     学习率: 0.00000625
2025-07-26 16:19:58 | INFO     |   验证指标(标准CE):
2025-07-26 16:19:58 | INFO     |     损失: 0.039499
2025-07-26 16:19:58 | INFO     |     准确率: 0.970971
2025-07-26 16:19:58 | INFO     |     F1(macro): 0.972035
2025-07-26 16:19:58 | INFO     |     F1(weighted): 0.970672
2025-07-26 16:19:58 | INFO     |     精确率: 0.976984
2025-07-26 16:19:58 | INFO     |     召回率: 0.973370
2025-07-26 16:19:58 | INFO     |   学习率调度器: f1_based
2025-07-26 16:19:58 | INFO     | ------------------------------------------------------------
2025-07-26 16:19:58 | INFO     | Epoch  49 | Train: Loss=0.0335, Acc=0.9765 | Val: Loss=0.0395, Acc=0.9710, F1=0.9707 | LR=0.000006 
2025-07-26 16:20:47 | INFO     | Epoch 50:
2025-07-26 16:20:47 | INFO     |   训练指标:
2025-07-26 16:20:47 | INFO     |     损失(ce): 0.033310
2025-07-26 16:20:47 | INFO     |     准确率: 0.976476
2025-07-26 16:20:47 | INFO     |     学习率: 0.00000625
2025-07-26 16:20:47 | INFO     |   验证指标(标准CE):
2025-07-26 16:20:47 | INFO     |     损失: 0.038539
2025-07-26 16:20:47 | INFO     |     准确率: 0.969970
2025-07-26 16:20:47 | INFO     |     F1(macro): 0.971151
2025-07-26 16:20:47 | INFO     |     F1(weighted): 0.969779
2025-07-26 16:20:47 | INFO     |     精确率: 0.976359
2025-07-26 16:20:47 | INFO     |     召回率: 0.972387
2025-07-26 16:20:47 | INFO     |   学习率调度器: f1_based
2025-07-26 16:20:47 | INFO     | ------------------------------------------------------------
2025-07-26 16:20:47 | INFO     | Epoch  50 | Train: Loss=0.0333, Acc=0.9765 | Val: Loss=0.0385, Acc=0.9700, F1=0.9698 | LR=0.000006 
2025-07-26 16:21:37 | INFO     | Epoch 51:
2025-07-26 16:21:37 | INFO     |   训练指标:
2025-07-26 16:21:37 | INFO     |     损失(ce): 0.034741
2025-07-26 16:21:37 | INFO     |     准确率: 0.974725
2025-07-26 16:21:37 | INFO     |     学习率: 0.00000625
2025-07-26 16:21:37 | INFO     |   验证指标(标准CE):
2025-07-26 16:21:37 | INFO     |     损失: 0.038903
2025-07-26 16:21:37 | INFO     |     准确率: 0.971972
2025-07-26 16:21:37 | INFO     |     F1(macro): 0.973136
2025-07-26 16:21:37 | INFO     |     F1(weighted): 0.971882
2025-07-26 16:21:37 | INFO     |     精确率: 0.976945
2025-07-26 16:21:37 | INFO     |     召回率: 0.974141
2025-07-26 16:21:37 | INFO     |   学习率调度器: f1_based
2025-07-26 16:21:37 | INFO     | ------------------------------------------------------------
2025-07-26 16:21:37 | INFO     | Epoch  51 | Train: Loss=0.0347, Acc=0.9747 | Val: Loss=0.0389, Acc=0.9720, F1=0.9719 | LR=0.000006 
2025-07-26 16:22:27 | INFO     | Epoch 52:
2025-07-26 16:22:27 | INFO     |   训练指标:
2025-07-26 16:22:27 | INFO     |     损失(ce): 0.037471
2025-07-26 16:22:27 | INFO     |     准确率: 0.975726
2025-07-26 16:22:27 | INFO     |     学习率: 0.00000625
2025-07-26 16:22:27 | INFO     |   验证指标(标准CE):
2025-07-26 16:22:27 | INFO     |     损失: 0.039923
2025-07-26 16:22:27 | INFO     |     准确率: 0.970971
2025-07-26 16:22:27 | INFO     |     F1(macro): 0.972035
2025-07-26 16:22:27 | INFO     |     F1(weighted): 0.970672
2025-07-26 16:22:27 | INFO     |     精确率: 0.976984
2025-07-26 16:22:27 | INFO     |     召回率: 0.973370
2025-07-26 16:22:27 | INFO     |   学习率调度器: f1_based
2025-07-26 16:22:27 | INFO     | ------------------------------------------------------------
2025-07-26 16:22:27 | INFO     | Epoch  52 | Train: Loss=0.0375, Acc=0.9757 | Val: Loss=0.0399, Acc=0.9710, F1=0.9707 | LR=0.000006 
2025-07-26 16:23:17 | INFO     | Epoch 53:
2025-07-26 16:23:17 | INFO     |   训练指标:
2025-07-26 16:23:17 | INFO     |     损失(ce): 0.033861
2025-07-26 16:23:17 | INFO     |     准确率: 0.977227
2025-07-26 16:23:17 | INFO     |     学习率: 0.00000625
2025-07-26 16:23:17 | INFO     |   验证指标(标准CE):
2025-07-26 16:23:17 | INFO     |     损失: 0.039362
2025-07-26 16:23:17 | INFO     |     准确率: 0.969970
2025-07-26 16:23:17 | INFO     |     F1(macro): 0.971151
2025-07-26 16:23:17 | INFO     |     F1(weighted): 0.969779
2025-07-26 16:23:17 | INFO     |     精确率: 0.976359
2025-07-26 16:23:17 | INFO     |     召回率: 0.972387
2025-07-26 16:23:17 | INFO     |   学习率调度器: f1_based
2025-07-26 16:23:17 | INFO     | ------------------------------------------------------------
2025-07-26 16:23:17 | INFO     | 🎯 学习率调整事件:
2025-07-26 16:23:17 | INFO     |   调度器类型: f1_based
2025-07-26 16:23:17 | INFO     |   学习率变化: 0.00000625 → 0.00000313
2025-07-26 16:23:17 | INFO     |   触发条件: F1分数 = 0.969779
2025-07-26 16:23:17 | INFO     |   变化幅度: -50.00%
2025-07-26 16:23:17 | INFO     | ------------------------------------------------------------
2025-07-26 16:23:17 | INFO     | Epoch  53 | Train: Loss=0.0339, Acc=0.9772 | Val: Loss=0.0394, Acc=0.9700, F1=0.9698 | LR=0.000003 
2025-07-26 16:24:07 | INFO     | Epoch 54:
2025-07-26 16:24:07 | INFO     |   训练指标:
2025-07-26 16:24:07 | INFO     |     损失(ce): 0.032798
2025-07-26 16:24:07 | INFO     |     准确率: 0.979229
2025-07-26 16:24:07 | INFO     |     学习率: 0.00000313
2025-07-26 16:24:07 | INFO     |   验证指标(标准CE):
2025-07-26 16:24:07 | INFO     |     损失: 0.040624
2025-07-26 16:24:07 | INFO     |     准确率: 0.969970
2025-07-26 16:24:07 | INFO     |     F1(macro): 0.971151
2025-07-26 16:24:07 | INFO     |     F1(weighted): 0.969779
2025-07-26 16:24:07 | INFO     |     精确率: 0.976359
2025-07-26 16:24:07 | INFO     |     召回率: 0.972387
2025-07-26 16:24:07 | INFO     |   学习率调度器: f1_based
2025-07-26 16:24:07 | INFO     | ------------------------------------------------------------
2025-07-26 16:24:07 | INFO     | Epoch  54 | Train: Loss=0.0328, Acc=0.9792 | Val: Loss=0.0406, Acc=0.9700, F1=0.9698 | LR=0.000003 
2025-07-26 16:24:57 | INFO     | Epoch 55:
2025-07-26 16:24:57 | INFO     |   训练指标:
2025-07-26 16:24:57 | INFO     |     损失(ce): 0.034163
2025-07-26 16:24:57 | INFO     |     准确率: 0.978729
2025-07-26 16:24:57 | INFO     |     学习率: 0.00000313
2025-07-26 16:24:57 | INFO     |   验证指标(标准CE):
2025-07-26 16:24:57 | INFO     |     损失: 0.036699
2025-07-26 16:24:57 | INFO     |     准确率: 0.975976
2025-07-26 16:24:57 | INFO     |     F1(macro): 0.976950
2025-07-26 16:24:57 | INFO     |     F1(weighted): 0.975858
2025-07-26 16:24:57 | INFO     |     精确率: 0.979663
2025-07-26 16:24:57 | INFO     |     召回率: 0.977879
2025-07-26 16:24:57 | INFO     |   学习率调度器: f1_based
2025-07-26 16:24:57 | INFO     | ------------------------------------------------------------
2025-07-26 16:24:57 | INFO     | Epoch  55 | Train: Loss=0.0342, Acc=0.9787 | Val: Loss=0.0367, Acc=0.9760, F1=0.9759 | LR=0.000003 
2025-07-26 16:25:47 | INFO     | Epoch 56:
2025-07-26 16:25:47 | INFO     |   训练指标:
2025-07-26 16:25:47 | INFO     |     损失(ce): 0.033772
2025-07-26 16:25:47 | INFO     |     准确率: 0.978478
2025-07-26 16:25:47 | INFO     |     学习率: 0.00000313
2025-07-26 16:25:47 | INFO     |   验证指标(标准CE):
2025-07-26 16:25:47 | INFO     |     损失: 0.034925
2025-07-26 16:25:47 | INFO     |     准确率: 0.983984
2025-07-26 16:25:47 | INFO     |     F1(macro): 0.984673
2025-07-26 16:25:47 | INFO     |     F1(weighted): 0.983989
2025-07-26 16:25:47 | INFO     |     精确率: 0.984862
2025-07-26 16:25:47 | INFO     |     召回率: 0.984977
2025-07-26 16:25:47 | INFO     |   学习率调度器: f1_based
2025-07-26 16:25:47 | INFO     | ------------------------------------------------------------
2025-07-26 16:25:47 | INFO     | Epoch  56 | Train: Loss=0.0338, Acc=0.9785 | Val: Loss=0.0349, Acc=0.9840, F1=0.9840 | LR=0.000003 🏆 [最佳模型]
2025-07-26 16:26:37 | INFO     | Epoch 57:
2025-07-26 16:26:37 | INFO     |   训练指标:
2025-07-26 16:26:37 | INFO     |     损失(ce): 0.033604
2025-07-26 16:26:37 | INFO     |     准确率: 0.977477
2025-07-26 16:26:37 | INFO     |     学习率: 0.00000313
2025-07-26 16:26:37 | INFO     |   验证指标(标准CE):
2025-07-26 16:26:37 | INFO     |     损失: 0.037804
2025-07-26 16:26:37 | INFO     |     准确率: 0.973974
2025-07-26 16:26:37 | INFO     |     F1(macro): 0.975005
2025-07-26 16:26:37 | INFO     |     F1(weighted): 0.973811
2025-07-26 16:26:37 | INFO     |     精确率: 0.978278
2025-07-26 16:26:37 | INFO     |     召回率: 0.976042
2025-07-26 16:26:37 | INFO     |   学习率调度器: f1_based
2025-07-26 16:26:37 | INFO     | ------------------------------------------------------------
2025-07-26 16:26:37 | INFO     | Epoch  57 | Train: Loss=0.0336, Acc=0.9775 | Val: Loss=0.0378, Acc=0.9740, F1=0.9738 | LR=0.000003 
2025-07-26 16:27:27 | INFO     | Epoch 58:
2025-07-26 16:27:27 | INFO     |   训练指标:
2025-07-26 16:27:27 | INFO     |     损失(ce): 0.031159
2025-07-26 16:27:27 | INFO     |     准确率: 0.981231
2025-07-26 16:27:27 | INFO     |     学习率: 0.00000313
2025-07-26 16:27:27 | INFO     |   验证指标(标准CE):
2025-07-26 16:27:27 | INFO     |     损失: 0.038117
2025-07-26 16:27:27 | INFO     |     准确率: 0.970971
2025-07-26 16:27:27 | INFO     |     F1(macro): 0.972131
2025-07-26 16:27:27 | INFO     |     F1(weighted): 0.970812
2025-07-26 16:27:27 | INFO     |     精确率: 0.976984
2025-07-26 16:27:27 | INFO     |     召回率: 0.973305
2025-07-26 16:27:27 | INFO     |   学习率调度器: f1_based
2025-07-26 16:27:27 | INFO     | ------------------------------------------------------------
2025-07-26 16:27:27 | INFO     | Epoch  58 | Train: Loss=0.0312, Acc=0.9812 | Val: Loss=0.0381, Acc=0.9710, F1=0.9708 | LR=0.000003 
2025-07-26 16:28:17 | INFO     | Epoch 59:
2025-07-26 16:28:17 | INFO     |   训练指标:
2025-07-26 16:28:17 | INFO     |     损失(ce): 0.032409
2025-07-26 16:28:17 | INFO     |     准确率: 0.979730
2025-07-26 16:28:17 | INFO     |     学习率: 0.00000313
2025-07-26 16:28:17 | INFO     |   验证指标(标准CE):
2025-07-26 16:28:17 | INFO     |     损失: 0.036346
2025-07-26 16:28:17 | INFO     |     准确率: 0.970971
2025-07-26 16:28:17 | INFO     |     F1(macro): 0.972162
2025-07-26 16:28:17 | INFO     |     F1(weighted): 0.970856
2025-07-26 16:28:17 | INFO     |     精确率: 0.976286
2025-07-26 16:28:17 | INFO     |     召回率: 0.973222
2025-07-26 16:28:17 | INFO     |   学习率调度器: f1_based
2025-07-26 16:28:17 | INFO     | ------------------------------------------------------------
2025-07-26 16:28:17 | INFO     | Epoch  59 | Train: Loss=0.0324, Acc=0.9797 | Val: Loss=0.0363, Acc=0.9710, F1=0.9709 | LR=0.000003 
2025-07-26 16:29:06 | INFO     | Epoch 60:
2025-07-26 16:29:06 | INFO     |   训练指标:
2025-07-26 16:29:06 | INFO     |     损失(ce): 0.033169
2025-07-26 16:29:06 | INFO     |     准确率: 0.977978
2025-07-26 16:29:06 | INFO     |     学习率: 0.00000313
2025-07-26 16:29:06 | INFO     |   验证指标(标准CE):
2025-07-26 16:29:06 | INFO     |     损失: 0.035557
2025-07-26 16:29:06 | INFO     |     准确率: 0.982983
2025-07-26 16:29:06 | INFO     |     F1(macro): 0.983732
2025-07-26 16:29:06 | INFO     |     F1(weighted): 0.983038
2025-07-26 16:29:06 | INFO     |     精确率: 0.984030
2025-07-26 16:29:06 | INFO     |     召回率: 0.983993
2025-07-26 16:29:06 | INFO     |   学习率调度器: f1_based
2025-07-26 16:29:06 | INFO     | ------------------------------------------------------------
2025-07-26 16:29:06 | INFO     | Epoch  60 | Train: Loss=0.0332, Acc=0.9780 | Val: Loss=0.0356, Acc=0.9830, F1=0.9830 | LR=0.000003 
2025-07-26 16:29:56 | INFO     | Epoch 61:
2025-07-26 16:29:56 | INFO     |   训练指标:
2025-07-26 16:29:56 | INFO     |     损失(ce): 0.033007
2025-07-26 16:29:56 | INFO     |     准确率: 0.978478
2025-07-26 16:29:56 | INFO     |     学习率: 0.00000313
2025-07-26 16:29:56 | INFO     |   验证指标(标准CE):
2025-07-26 16:29:56 | INFO     |     损失: 0.039045
2025-07-26 16:29:56 | INFO     |     准确率: 0.971972
2025-07-26 16:29:56 | INFO     |     F1(macro): 0.973018
2025-07-26 16:29:56 | INFO     |     F1(weighted): 0.971708
2025-07-26 16:29:56 | INFO     |     精确率: 0.977618
2025-07-26 16:29:56 | INFO     |     召回率: 0.974288
2025-07-26 16:29:56 | INFO     |   学习率调度器: f1_based
2025-07-26 16:29:56 | INFO     | ------------------------------------------------------------
2025-07-26 16:29:56 | INFO     | Epoch  61 | Train: Loss=0.0330, Acc=0.9785 | Val: Loss=0.0390, Acc=0.9720, F1=0.9717 | LR=0.000003 
2025-07-26 16:30:46 | INFO     | Epoch 62:
2025-07-26 16:30:46 | INFO     |   训练指标:
2025-07-26 16:30:46 | INFO     |     损失(ce): 0.033836
2025-07-26 16:30:46 | INFO     |     准确率: 0.977227
2025-07-26 16:30:46 | INFO     |     学习率: 0.00000313
2025-07-26 16:30:46 | INFO     |   验证指标(标准CE):
2025-07-26 16:30:46 | INFO     |     损失: 0.036759
2025-07-26 16:30:46 | INFO     |     准确率: 0.984985
2025-07-26 16:30:46 | INFO     |     F1(macro): 0.985632
2025-07-26 16:30:46 | INFO     |     F1(weighted): 0.984987
2025-07-26 16:30:46 | INFO     |     精确率: 0.985913
2025-07-26 16:30:46 | INFO     |     召回率: 0.985978
2025-07-26 16:30:46 | INFO     |   学习率调度器: f1_based
2025-07-26 16:30:46 | INFO     | ------------------------------------------------------------
2025-07-26 16:30:46 | INFO     | Epoch  62 | Train: Loss=0.0338, Acc=0.9772 | Val: Loss=0.0368, Acc=0.9850, F1=0.9850 | LR=0.000003 🏆 [最佳模型]
2025-07-26 16:31:36 | INFO     | Epoch 63:
2025-07-26 16:31:36 | INFO     |   训练指标:
2025-07-26 16:31:36 | INFO     |     损失(ce): 0.034318
2025-07-26 16:31:36 | INFO     |     准确率: 0.978228
2025-07-26 16:31:36 | INFO     |     学习率: 0.00000313
2025-07-26 16:31:36 | INFO     |   验证指标(标准CE):
2025-07-26 16:31:36 | INFO     |     损失: 0.037382
2025-07-26 16:31:36 | INFO     |     准确率: 0.971972
2025-07-26 16:31:36 | INFO     |     F1(macro): 0.973052
2025-07-26 16:31:36 | INFO     |     F1(weighted): 0.971754
2025-07-26 16:31:36 | INFO     |     精确率: 0.976933
2025-07-26 16:31:36 | INFO     |     召回率: 0.974206
2025-07-26 16:31:36 | INFO     |   学习率调度器: f1_based
2025-07-26 16:31:36 | INFO     | ------------------------------------------------------------
2025-07-26 16:31:36 | INFO     | Epoch  63 | Train: Loss=0.0343, Acc=0.9782 | Val: Loss=0.0374, Acc=0.9720, F1=0.9718 | LR=0.000003 
2025-07-26 16:32:26 | INFO     | Epoch 64:
2025-07-26 16:32:26 | INFO     |   训练指标:
2025-07-26 16:32:26 | INFO     |     损失(ce): 0.032128
2025-07-26 16:32:26 | INFO     |     准确率: 0.977477
2025-07-26 16:32:26 | INFO     |     学习率: 0.00000313
2025-07-26 16:32:26 | INFO     |   验证指标(标准CE):
2025-07-26 16:32:26 | INFO     |     损失: 0.038066
2025-07-26 16:32:26 | INFO     |     准确率: 0.970971
2025-07-26 16:32:26 | INFO     |     F1(macro): 0.972162
2025-07-26 16:32:26 | INFO     |     F1(weighted): 0.970856
2025-07-26 16:32:26 | INFO     |     精确率: 0.976286
2025-07-26 16:32:26 | INFO     |     召回率: 0.973222
2025-07-26 16:32:26 | INFO     |   学习率调度器: f1_based
2025-07-26 16:32:26 | INFO     | ------------------------------------------------------------
2025-07-26 16:32:26 | INFO     | Epoch  64 | Train: Loss=0.0321, Acc=0.9775 | Val: Loss=0.0381, Acc=0.9710, F1=0.9709 | LR=0.000003 
2025-07-26 16:33:16 | INFO     | Epoch 65:
2025-07-26 16:33:16 | INFO     |   训练指标:
2025-07-26 16:33:16 | INFO     |     损失(ce): 0.032289
2025-07-26 16:33:16 | INFO     |     准确率: 0.980230
2025-07-26 16:33:16 | INFO     |     学习率: 0.00000313
2025-07-26 16:33:16 | INFO     |   验证指标(标准CE):
2025-07-26 16:33:16 | INFO     |     损失: 0.034019
2025-07-26 16:33:16 | INFO     |     准确率: 0.982983
2025-07-26 16:33:16 | INFO     |     F1(macro): 0.983702
2025-07-26 16:33:16 | INFO     |     F1(weighted): 0.982990
2025-07-26 16:33:16 | INFO     |     精确率: 0.983662
2025-07-26 16:33:16 | INFO     |     召回率: 0.983810
2025-07-26 16:33:16 | INFO     |   学习率调度器: f1_based
2025-07-26 16:33:16 | INFO     | ------------------------------------------------------------
2025-07-26 16:33:16 | INFO     | Epoch  65 | Train: Loss=0.0323, Acc=0.9802 | Val: Loss=0.0340, Acc=0.9830, F1=0.9830 | LR=0.000003 
2025-07-26 16:34:06 | INFO     | Epoch 66:
2025-07-26 16:34:06 | INFO     |   训练指标:
2025-07-26 16:34:06 | INFO     |     损失(ce): 0.034474
2025-07-26 16:34:06 | INFO     |     准确率: 0.978228
2025-07-26 16:34:06 | INFO     |     学习率: 0.00000313
2025-07-26 16:34:06 | INFO     |   验证指标(标准CE):
2025-07-26 16:34:06 | INFO     |     损失: 0.038382
2025-07-26 16:34:06 | INFO     |     准确率: 0.980981
2025-07-26 16:34:06 | INFO     |     F1(macro): 0.981792
2025-07-26 16:34:06 | INFO     |     F1(weighted): 0.980954
2025-07-26 16:34:06 | INFO     |     精确率: 0.982912
2025-07-26 16:34:06 | INFO     |     召回率: 0.982387
2025-07-26 16:34:06 | INFO     |   学习率调度器: f1_based
2025-07-26 16:34:06 | INFO     | ------------------------------------------------------------
2025-07-26 16:34:06 | INFO     | Epoch  66 | Train: Loss=0.0345, Acc=0.9782 | Val: Loss=0.0384, Acc=0.9810, F1=0.9810 | LR=0.000003 
2025-07-26 16:34:56 | INFO     | Epoch 67:
2025-07-26 16:34:56 | INFO     |   训练指标:
2025-07-26 16:34:56 | INFO     |     损失(ce): 0.033303
2025-07-26 16:34:56 | INFO     |     准确率: 0.977477
2025-07-26 16:34:56 | INFO     |     学习率: 0.00000313
2025-07-26 16:34:56 | INFO     |   验证指标(标准CE):
2025-07-26 16:34:56 | INFO     |     损失: 0.035939
2025-07-26 16:34:56 | INFO     |     准确率: 0.981982
2025-07-26 16:34:56 | INFO     |     F1(macro): 0.982757
2025-07-26 16:34:56 | INFO     |     F1(weighted): 0.981987
2025-07-26 16:34:56 | INFO     |     精确率: 0.982945
2025-07-26 16:34:56 | INFO     |     召回率: 0.983057
2025-07-26 16:34:56 | INFO     |   学习率调度器: f1_based
2025-07-26 16:34:56 | INFO     | ------------------------------------------------------------
2025-07-26 16:34:56 | INFO     | Epoch  67 | Train: Loss=0.0333, Acc=0.9775 | Val: Loss=0.0359, Acc=0.9820, F1=0.9820 | LR=0.000003 
2025-07-26 16:35:46 | INFO     | Epoch 68:
2025-07-26 16:35:46 | INFO     |   训练指标:
2025-07-26 16:35:46 | INFO     |     损失(ce): 0.033484
2025-07-26 16:35:46 | INFO     |     准确率: 0.976226
2025-07-26 16:35:46 | INFO     |     学习率: 0.00000313
2025-07-26 16:35:46 | INFO     |   验证指标(标准CE):
2025-07-26 16:35:46 | INFO     |     损失: 0.036850
2025-07-26 16:35:46 | INFO     |     准确率: 0.980981
2025-07-26 16:35:46 | INFO     |     F1(macro): 0.981798
2025-07-26 16:35:46 | INFO     |     F1(weighted): 0.980967
2025-07-26 16:35:46 | INFO     |     精确率: 0.982577
2025-07-26 16:35:46 | INFO     |     召回率: 0.982305
2025-07-26 16:35:46 | INFO     |   学习率调度器: f1_based
2025-07-26 16:35:46 | INFO     | ------------------------------------------------------------
2025-07-26 16:35:46 | INFO     | 🎯 学习率调整事件:
2025-07-26 16:35:46 | INFO     |   调度器类型: f1_based
2025-07-26 16:35:46 | INFO     |   学习率变化: 0.00000313 → 0.00000156
2025-07-26 16:35:46 | INFO     |   触发条件: F1分数 = 0.980967
2025-07-26 16:35:46 | INFO     |   变化幅度: -50.00%
2025-07-26 16:35:46 | INFO     | ------------------------------------------------------------
2025-07-26 16:35:46 | INFO     | Epoch  68 | Train: Loss=0.0335, Acc=0.9762 | Val: Loss=0.0368, Acc=0.9810, F1=0.9810 | LR=0.000002 
2025-07-26 16:36:36 | INFO     | Epoch 69:
2025-07-26 16:36:36 | INFO     |   训练指标:
2025-07-26 16:36:36 | INFO     |     损失(ce): 0.032390
2025-07-26 16:36:36 | INFO     |     准确率: 0.978228
2025-07-26 16:36:36 | INFO     |     学习率: 0.00000156
2025-07-26 16:36:36 | INFO     |   验证指标(标准CE):
2025-07-26 16:36:36 | INFO     |     损失: 0.035054
2025-07-26 16:36:36 | INFO     |     准确率: 0.981982
2025-07-26 16:36:36 | INFO     |     F1(macro): 0.982753
2025-07-26 16:36:36 | INFO     |     F1(weighted): 0.981990
2025-07-26 16:36:36 | INFO     |     精确率: 0.982807
2025-07-26 16:36:36 | INFO     |     召回率: 0.982975
2025-07-26 16:36:36 | INFO     |   学习率调度器: f1_based
2025-07-26 16:36:36 | INFO     | ------------------------------------------------------------
2025-07-26 16:36:36 | INFO     | Epoch  69 | Train: Loss=0.0324, Acc=0.9782 | Val: Loss=0.0351, Acc=0.9820, F1=0.9820 | LR=0.000002 
2025-07-26 16:37:26 | INFO     | Epoch 70:
2025-07-26 16:37:26 | INFO     |   训练指标:
2025-07-26 16:37:26 | INFO     |     损失(ce): 0.032726
2025-07-26 16:37:26 | INFO     |     准确率: 0.978979
2025-07-26 16:37:26 | INFO     |     学习率: 0.00000156
2025-07-26 16:37:26 | INFO     |   验证指标(标准CE):
2025-07-26 16:37:26 | INFO     |     损失: 0.035179
2025-07-26 16:37:26 | INFO     |     准确率: 0.981982
2025-07-26 16:37:26 | INFO     |     F1(macro): 0.982753
2025-07-26 16:37:26 | INFO     |     F1(weighted): 0.981990
2025-07-26 16:37:26 | INFO     |     精确率: 0.982807
2025-07-26 16:37:26 | INFO     |     召回率: 0.982975
2025-07-26 16:37:26 | INFO     |   学习率调度器: f1_based
2025-07-26 16:37:26 | INFO     | ------------------------------------------------------------
2025-07-26 16:37:26 | INFO     | Epoch  70 | Train: Loss=0.0327, Acc=0.9790 | Val: Loss=0.0352, Acc=0.9820, F1=0.9820 | LR=0.000002 
2025-07-26 16:38:16 | INFO     | Epoch 71:
2025-07-26 16:38:16 | INFO     |   训练指标:
2025-07-26 16:38:16 | INFO     |     损失(ce): 0.031748
2025-07-26 16:38:16 | INFO     |     准确率: 0.981481
2025-07-26 16:38:16 | INFO     |     学习率: 0.00000156
2025-07-26 16:38:16 | INFO     |   验证指标(标准CE):
2025-07-26 16:38:16 | INFO     |     损失: 0.035163
2025-07-26 16:38:16 | INFO     |     准确率: 0.980981
2025-07-26 16:38:16 | INFO     |     F1(macro): 0.981627
2025-07-26 16:38:16 | INFO     |     F1(weighted): 0.980909
2025-07-26 16:38:16 | INFO     |     精确率: 0.983024
2025-07-26 16:38:16 | INFO     |     召回率: 0.981247
2025-07-26 16:38:16 | INFO     |   学习率调度器: f1_based
2025-07-26 16:38:16 | INFO     | ------------------------------------------------------------
2025-07-26 16:38:16 | INFO     | Epoch  71 | Train: Loss=0.0317, Acc=0.9815 | Val: Loss=0.0352, Acc=0.9810, F1=0.9809 | LR=0.000002 
2025-07-26 16:39:06 | INFO     | Epoch 72:
2025-07-26 16:39:06 | INFO     |   训练指标:
2025-07-26 16:39:06 | INFO     |     损失(ce): 0.032752
2025-07-26 16:39:06 | INFO     |     准确率: 0.980230
2025-07-26 16:39:06 | INFO     |     学习率: 0.00000156
2025-07-26 16:39:06 | INFO     |   验证指标(标准CE):
2025-07-26 16:39:06 | INFO     |     损失: 0.037201
2025-07-26 16:39:06 | INFO     |     准确率: 0.975976
2025-07-26 16:39:06 | INFO     |     F1(macro): 0.977027
2025-07-26 16:39:06 | INFO     |     F1(weighted): 0.975986
2025-07-26 16:39:06 | INFO     |     精确率: 0.979161
2025-07-26 16:39:06 | INFO     |     召回率: 0.977731
2025-07-26 16:39:06 | INFO     |   学习率调度器: f1_based
2025-07-26 16:39:06 | INFO     | ------------------------------------------------------------
2025-07-26 16:39:06 | INFO     | Epoch  72 | Train: Loss=0.0328, Acc=0.9802 | Val: Loss=0.0372, Acc=0.9760, F1=0.9760 | LR=0.000002 
2025-07-26 16:39:56 | INFO     | Epoch 73:
2025-07-26 16:39:56 | INFO     |   训练指标:
2025-07-26 16:39:56 | INFO     |     损失(ce): 0.031813
2025-07-26 16:39:56 | INFO     |     准确率: 0.980480
2025-07-26 16:39:56 | INFO     |     学习率: 0.00000156
2025-07-26 16:39:56 | INFO     |   验证指标(标准CE):
2025-07-26 16:39:56 | INFO     |     损失: 0.037386
2025-07-26 16:39:56 | INFO     |     准确率: 0.973974
2025-07-26 16:39:56 | INFO     |     F1(macro): 0.975029
2025-07-26 16:39:56 | INFO     |     F1(weighted): 0.973846
2025-07-26 16:39:56 | INFO     |     精确率: 0.977705
2025-07-26 16:39:56 | INFO     |     召回率: 0.975959
2025-07-26 16:39:56 | INFO     |   学习率调度器: f1_based
2025-07-26 16:39:56 | INFO     | ------------------------------------------------------------
2025-07-26 16:39:56 | INFO     | Epoch  73 | Train: Loss=0.0318, Acc=0.9805 | Val: Loss=0.0374, Acc=0.9740, F1=0.9738 | LR=0.000002 
2025-07-26 16:40:46 | INFO     | Epoch 74:
2025-07-26 16:40:46 | INFO     |   训练指标:
2025-07-26 16:40:46 | INFO     |     损失(ce): 0.033801
2025-07-26 16:40:46 | INFO     |     准确率: 0.980480
2025-07-26 16:40:46 | INFO     |     学习率: 0.00000156
2025-07-26 16:40:46 | INFO     |   验证指标(标准CE):
2025-07-26 16:40:46 | INFO     |     损失: 0.037337
2025-07-26 16:40:46 | INFO     |     准确率: 0.972973
2025-07-26 16:40:46 | INFO     |     F1(macro): 0.974029
2025-07-26 16:40:46 | INFO     |     F1(weighted): 0.972784
2025-07-26 16:40:46 | INFO     |     精确率: 0.977601
2025-07-26 16:40:46 | INFO     |     召回率: 0.975124
2025-07-26 16:40:46 | INFO     |   学习率调度器: f1_based
2025-07-26 16:40:46 | INFO     | ------------------------------------------------------------
2025-07-26 16:40:46 | INFO     | Epoch  74 | Train: Loss=0.0338, Acc=0.9805 | Val: Loss=0.0373, Acc=0.9730, F1=0.9728 | LR=0.000002 
2025-07-26 16:41:35 | INFO     | Epoch 75:
2025-07-26 16:41:35 | INFO     |   训练指标:
2025-07-26 16:41:35 | INFO     |     损失(ce): 0.032018
2025-07-26 16:41:35 | INFO     |     准确率: 0.981481
2025-07-26 16:41:35 | INFO     |     学习率: 0.00000156
2025-07-26 16:41:35 | INFO     |   验证指标(标准CE):
2025-07-26 16:41:35 | INFO     |     损失: 0.035917
2025-07-26 16:41:35 | INFO     |     准确率: 0.973974
2025-07-26 16:41:35 | INFO     |     F1(macro): 0.975005
2025-07-26 16:41:35 | INFO     |     F1(weighted): 0.973811
2025-07-26 16:41:35 | INFO     |     精确率: 0.978278
2025-07-26 16:41:35 | INFO     |     召回率: 0.976042
2025-07-26 16:41:35 | INFO     |   学习率调度器: f1_based
2025-07-26 16:41:35 | INFO     | ------------------------------------------------------------
2025-07-26 16:41:35 | INFO     | Epoch  75 | Train: Loss=0.0320, Acc=0.9815 | Val: Loss=0.0359, Acc=0.9740, F1=0.9738 | LR=0.000002 
2025-07-26 16:42:25 | INFO     | Epoch 76:
2025-07-26 16:42:25 | INFO     |   训练指标:
2025-07-26 16:42:25 | INFO     |     损失(ce): 0.032909
2025-07-26 16:42:25 | INFO     |     准确率: 0.978979
2025-07-26 16:42:25 | INFO     |     学习率: 0.00000156
2025-07-26 16:42:25 | INFO     |   验证指标(标准CE):
2025-07-26 16:42:25 | INFO     |     损失: 0.037288
2025-07-26 16:42:25 | INFO     |     准确率: 0.971972
2025-07-26 16:42:25 | INFO     |     F1(macro): 0.973052
2025-07-26 16:42:25 | INFO     |     F1(weighted): 0.971754
2025-07-26 16:42:25 | INFO     |     精确率: 0.976933
2025-07-26 16:42:25 | INFO     |     召回率: 0.974206
2025-07-26 16:42:25 | INFO     |   学习率调度器: f1_based
2025-07-26 16:42:25 | INFO     | ------------------------------------------------------------
2025-07-26 16:42:25 | INFO     | 🎯 学习率调整事件:
2025-07-26 16:42:25 | INFO     |   调度器类型: f1_based
2025-07-26 16:42:25 | INFO     |   学习率变化: 0.00000156 → 0.00000100
2025-07-26 16:42:25 | INFO     |   触发条件: F1分数 = 0.971754
2025-07-26 16:42:25 | INFO     |   变化幅度: -36.00%
2025-07-26 16:42:25 | INFO     | ------------------------------------------------------------
2025-07-26 16:42:25 | INFO     | Epoch  76 | Train: Loss=0.0329, Acc=0.9790 | Val: Loss=0.0373, Acc=0.9720, F1=0.9718 | LR=0.000001 
2025-07-26 16:43:15 | INFO     | Epoch 77:
2025-07-26 16:43:15 | INFO     |   训练指标:
2025-07-26 16:43:15 | INFO     |     损失(ce): 0.032480
2025-07-26 16:43:15 | INFO     |     准确率: 0.979730
2025-07-26 16:43:15 | INFO     |     学习率: 0.00000100
2025-07-26 16:43:15 | INFO     |   验证指标(标准CE):
2025-07-26 16:43:15 | INFO     |     损失: 0.036599
2025-07-26 16:43:15 | INFO     |     准确率: 0.974975
2025-07-26 16:43:15 | INFO     |     F1(macro): 0.975978
2025-07-26 16:43:15 | INFO     |     F1(weighted): 0.974836
2025-07-26 16:43:15 | INFO     |     精确率: 0.978966
2025-07-26 16:43:15 | INFO     |     召回率: 0.976960
2025-07-26 16:43:15 | INFO     |   学习率调度器: f1_based
2025-07-26 16:43:15 | INFO     | ------------------------------------------------------------
2025-07-26 16:43:15 | INFO     | Epoch  77 | Train: Loss=0.0325, Acc=0.9797 | Val: Loss=0.0366, Acc=0.9750, F1=0.9748 | LR=0.000001 
2025-07-26 16:43:15 | INFO     | ⏹️ 早停触发，在第 77 轮停止训练
2025-07-26 16:43:19 | INFO     | 训练历史已保存到: ./result/0726_1539_DualGAF_DualGAFNet_dilated+concat+channel+mlp_sl96_step96_fd128_extractor-dilated_gaf-concat_attention-channel_classifier-mlp_stat-basic_fusion-concat/training_history.csv
2025-07-26 16:43:19 | INFO     | 
====================================================================================================
2025-07-26 16:43:19 | INFO     | 🎉 训练完成总结:
2025-07-26 16:43:19 | INFO     |   训练损失函数: ce
2025-07-26 16:43:19 | INFO     |   验证损失函数: 标准交叉熵（遵循主流ML规范）
2025-07-26 16:43:19 | INFO     |   训练过程最佳验证准确率: 0.9850
2025-07-26 16:43:19 | INFO     |   训练过程最佳验证F1(macro): 0.9856
2025-07-26 16:43:19 | INFO     |   训练过程最佳验证F1(weighted): 0.9850
2025-07-26 16:43:19 | INFO     |   训练轮数: 77
2025-07-26 16:43:19 | INFO     | --------------------------------------------------
2025-07-26 16:43:19 | INFO     | 📊 最佳模型真实性能指标（基于标准交叉熵损失）:
2025-07-26 16:43:19 | INFO     |   验证损失(标准CE): 0.0368
2025-07-26 16:43:19 | INFO     |   验证准确率: 0.9850
2025-07-26 16:43:19 | INFO     |   验证F1(macro): 0.9856
2025-07-26 16:43:19 | INFO     |   验证F1(weighted): 0.9850
2025-07-26 16:43:19 | INFO     |   验证精确率: 0.9859
2025-07-26 16:43:19 | INFO     |   验证召回率: 0.9860
2025-07-26 16:43:19 | INFO     | ====================================================================================================
2025-07-26 16:43:21 | INFO     | ================================================================================
2025-07-26 16:43:21 | INFO     | 实验日志结束: DualGAF_DualGAFNet_dilated+concat+channel+mlp_sl96_step96_fd128_extractor-dilated_gaf-concat_attention-channel_classifier-mlp_stat-basic_fusion-concat
2025-07-26 16:43:21 | INFO     | 结束时间: 2025-07-26 16:43:21
2025-07-26 16:43:21 | INFO     | ================================================================================
