2025-07-27 16:54:59 | INFO     | ================================================================================
2025-07-27 16:54:59 | INFO     | 实验日志开始: DualGAF_DDAHU_SimpleGAFNet_消融-直接卷积-resnet_sl96_step96_fd128_extractor-dilated_gaf-adaptive_attention-channel_classifier-mlp_stat-basic_fusion-concat
2025-07-27 16:54:59 | INFO     | 日志文件: ./result/0727_1654_DualGAF_DDAHU_SimpleGAFNet_消融-直接卷积-resnet_sl96_step96_fd128_extractor-dilated_gaf-adaptive_attention-channel_classifier-mlp_stat-basic_fusion-concat/training.log
2025-07-27 16:54:59 | INFO     | 开始时间: 2025-07-27 16:54:59
2025-07-27 16:54:59 | INFO     | ================================================================================
2025-07-27 16:54:59 | INFO     | ⚙️ 实验配置:
2025-07-27 16:54:59 | INFO     |    task_name: classification
2025-07-27 16:54:59 | INFO     |    is_training: 1
2025-07-27 16:54:59 | INFO     |    model_id: test
2025-07-27 16:54:59 | INFO     |    model: SimpleGAFNet
2025-07-27 16:54:59 | INFO     |    data: DualGAF_DDAHU
2025-07-27 16:54:59 | INFO     |    root_path: ./dataset/DDAHU/direct_5_working
2025-07-27 16:54:59 | INFO     |    step: 96
2025-07-27 16:54:59 | INFO     |    checkpoints: ./checkpoints/
2025-07-27 16:54:59 | INFO     |    num_class: 29
2025-07-27 16:54:59 | INFO     |    result_path: ./result/
2025-07-27 16:54:59 | INFO     |    test_size: 0.2
2025-07-27 16:54:59 | INFO     |    rows: None
2025-07-27 16:54:59 | INFO     |    seq_len: 96
2025-07-27 16:54:59 | INFO     |    enc_in: 97
2025-07-27 16:54:59 | INFO     |    d_model: 512
2025-07-27 16:54:59 | INFO     |    n_heads: 8
2025-07-27 16:54:59 | INFO     |    e_layers: 2
2025-07-27 16:54:59 | INFO     |    d_layers: 1
2025-07-27 16:54:59 | INFO     |    d_ff: 2048
2025-07-27 16:54:59 | INFO     |    moving_avg: 25
2025-07-27 16:54:59 | INFO     |    factor: 1
2025-07-27 16:54:59 | INFO     |    distil: True
2025-07-27 16:54:59 | INFO     |    dropout: 0.1
2025-07-27 16:54:59 | INFO     |    embed: timeF
2025-07-27 16:54:59 | INFO     |    activation: gelu
2025-07-27 16:54:59 | INFO     |    use_norm: 1
2025-07-27 16:54:59 | INFO     |    gaf_method: summation
2025-07-27 16:54:59 | INFO     |    feature_dim: 128
2025-07-27 16:54:59 | INFO     |    data_type_method: uint8
2025-07-27 16:54:59 | INFO     |    use_attention: True
2025-07-27 16:54:59 | INFO     |    hidden_dim: 64
2025-07-27 16:54:59 | INFO     |    sample_size: 1000
2025-07-27 16:54:59 | INFO     |    channel_groups: None
2025-07-27 16:54:59 | INFO     |    hvac_groups: None
2025-07-27 16:54:59 | INFO     |    extractor_type: dilated
2025-07-27 16:54:59 | INFO     |    fusion_type: adaptive
2025-07-27 16:54:59 | INFO     |    attention_type: channel
2025-07-27 16:54:59 | INFO     |    classifier_type: mlp
2025-07-27 16:54:59 | INFO     |    use_statistical_features: True
2025-07-27 16:54:59 | INFO     |    stat_type: basic
2025-07-27 16:54:59 | INFO     |    multimodal_fusion_strategy: concat
2025-07-27 16:54:59 | INFO     |    use_signal_level_stats: False
2025-07-27 16:54:59 | INFO     |    signal_stat_type: comprehensive
2025-07-27 16:54:59 | INFO     |    signal_stat_fusion_strategy: concat_project
2025-07-27 16:54:59 | INFO     |    signal_stat_feature_dim: 32
2025-07-27 16:54:59 | INFO     |    use_diff_branch: True
2025-07-27 16:54:59 | INFO     |    ablation_mode: none
2025-07-27 16:54:59 | INFO     |    backbone_type: resnet34
2025-07-27 16:54:59 | INFO     |    use_sum_branch: True
2025-07-27 16:54:59 | INFO     |    num_workers: 0
2025-07-27 16:54:59 | INFO     |    cuda_debug: False
2025-07-27 16:54:59 | INFO     |    gpu_memory_fraction: 0.9
2025-07-27 16:54:59 | INFO     |    safe_mode: True
2025-07-27 16:54:59 | INFO     |    drop_last_batch: True
2025-07-27 16:54:59 | INFO     |    itr: 1
2025-07-27 16:54:59 | INFO     |    train_epochs: 300
2025-07-27 16:54:59 | INFO     |    batch_size: 4
2025-07-27 16:54:59 | INFO     |    patience: 15
2025-07-27 16:54:59 | INFO     |    learning_rate: 0.0001
2025-07-27 16:54:59 | INFO     |    des: 消融-直接卷积-resnet
2025-07-27 16:54:59 | INFO     |    loss: MSE
2025-07-27 16:54:59 | INFO     |    lradj: type1
2025-07-27 16:54:59 | INFO     |    lr_scheduler_type: f1_based
2025-07-27 16:54:59 | INFO     |    lr_loss_weight: 0.3
2025-07-27 16:54:59 | INFO     |    lr_f1_weight: 0.7
2025-07-27 16:54:59 | INFO     |    use_amp: False
2025-07-27 16:54:59 | INFO     |    gradient_accumulation_steps: 2
2025-07-27 16:54:59 | INFO     |    enable_auto_gradient_accumulation: True
2025-07-27 16:54:59 | INFO     |    loss_type: ce
2025-07-27 16:54:59 | INFO     |    label_smoothing: 0.1
2025-07-27 16:54:59 | INFO     |    focal_alpha: 1.0
2025-07-27 16:54:59 | INFO     |    focal_gamma: 2.0
2025-07-27 16:54:59 | INFO     |    confidence_penalty_beta: 0.1
2025-07-27 16:54:59 | INFO     |    use_timm_loss: True
2025-07-27 16:54:59 | INFO     |    adaptive_initial_smoothing: 0.2
2025-07-27 16:54:59 | INFO     |    adaptive_final_smoothing: 0.05
2025-07-27 16:54:59 | INFO     |    adaptive_decay_epochs: 30
2025-07-27 16:54:59 | INFO     |    enable_class_weights: False
2025-07-27 16:54:59 | INFO     |    class_weights: None
2025-07-27 16:54:59 | INFO     |    loss_preset: None
2025-07-27 16:54:59 | INFO     |    n_jobs: 1
2025-07-27 16:54:59 | INFO     |    use_multiprocessing: False
2025-07-27 16:54:59 | INFO     |    chunk_size: 800
2025-07-27 16:54:59 | INFO     |    disable_parallel: True
2025-07-27 16:54:59 | INFO     |    use_shared_memory: False
2025-07-27 16:54:59 | INFO     |    disable_shared_memory: False
2025-07-27 16:54:59 | INFO     |    use_gpu: True
2025-07-27 16:54:59 | INFO     |    gpu: 0
2025-07-27 16:54:59 | INFO     |    gpu_type: cuda
2025-07-27 16:54:59 | INFO     |    use_multi_gpu: False
2025-07-27 16:54:59 | INFO     |    devices: 0,1,2,3
2025-07-27 16:54:59 | INFO     |    device: cuda:0
2025-07-27 16:54:59 | INFO     |    feature_columns: ['CHWP_GPMC', 'CHWC_VLV_DM', 'CHWC_VLV', 'CHWC_MWT', 'CHWC_LWT', 'VAVCFM_H_DM_SB', 'CHWC_EAH', 'VAV_DAT_SA', 'CHWC_DAT', 'VAV_SP_C_SA', 'HWP_GPMT', 'VAVCFM_C_DM_SB', 'RM_TEMP_W', 'HWP_GPMC', 'VAVCFM_T_SB', 'VAV_DMPR_H_SB', 'HWC_VLV_DM', 'VAVCFM_H_SB', 'HWC_VLV', 'VAV_DMPR_H_E', 'HWC_LWT', 'HWC_MWT', 'VAV_DMPR_C_SB', 'HWC_DAT', 'RM_TEMP_SB', 'CSF_WAT', 'CSF_SPD', 'CSF_DP', 'CSA_TEMP', 'CSA_CFM', 'VAV_EAT_C_SB', 'CSA_HUMD', 'CSA_SP', 'VAVCFM_C_SB', 'VAVCFM_H_W', 'HSF_SPD', 'VAV_EAT_H_SB', 'VAV_DAT_SB', 'RM_TEMP_SA', 'HSF_DP', 'HSA_TEMP', 'VAVCFM_C_DM_W', 'VAVCFM_C_W', 'VAV_DAT_W', 'HSA_SP', 'HSA_CFM', 'VAV_DMPR_H_W', 'HSF_WAT', 'VAVCFM_T_W', 'EA_DMPR_DM', 'RF_WAT', 'VAV_SP_C_W', 'VAV_SP_H_E', 'EA_DMPR', 'VAV_SP_H_SB', 'RF_SPD', 'RA_TEMP', 'RA_HUMD', 'VAV_SP_H_SA', 'VAV_EAT_H_W', 'RF_DP', 'VAV_DMPR_C_SA', 'VAV_SP_C_SB', 'RA_DMPR_DM', 'VAV_DMPR_H_SA', 'VAV_SP_H_W', 'VAVCFM_H_DM_SA', 'RA_DMPR', 'VAV_EAT_C_W', 'VAVCFM_C_DM_SA', 'RA_CFM', 'MA_TEMP', 'VAVCFM_C_SA', 'OA_TEMP', 'VAVCFM_H_SA', 'VAVCFM_H_DM_W', 'OA_HUMD', 'VAVCFM_T_SA', 'OA_DMPR_DM', 'VAV_EAT_C_SA', 'VAV_DMPR_C_W', 'OA_DMPR', 'VAV_EAT_H_SA', 'HSA_HUMD', 'RM_TEMP_E', 'VAV_EAT_H_E', 'VAV_DAT_E', 'VAV_EAT_C_E', 'VAVCFM_T_E', 'VAVCFM_H_E', 'VAV_SP_C_E', 'VAVCFM_C_DM_E', 'OA_CFM', 'VAV_DMPR_C_E', 'VAVCFM_C_E', 'VAVCFM_H_DM_E', 'CHWP_GPMT']
2025-07-27 16:54:59 | INFO     | 🏗️ 模型信息:
2025-07-27 16:54:59 | INFO     |    模型类型: Model
2025-07-27 16:54:59 | INFO     |    总参数数量: 21,445,341
2025-07-27 16:54:59 | INFO     |    可训练参数: 21,445,341
2025-07-27 16:54:59 | INFO     |    模型大小估计: 81.81 MB
2025-07-27 16:54:59 | INFO     | 📊 数据集信息:
2025-07-27 16:54:59 | INFO     |    训练集大小: 5967
2025-07-27 16:54:59 | INFO     |    验证集大小: 1492
2025-07-27 16:54:59 | INFO     | 
================================================================================
2025-07-27 16:54:59 | INFO     | 📋 损失函数使用策略（遵循主流机器学习规范）:
2025-07-27 16:54:59 | INFO     |    🎯 训练阶段: 使用 ce 损失函数
2025-07-27 16:54:59 | INFO     |       → 目的：优化模型参数，解决特定问题（类别不平衡、相似性等）
2025-07-27 16:54:59 | INFO     |    📊 验证阶段: 使用标准交叉熵损失函数
2025-07-27 16:54:59 | INFO     |       → 目的：客观评估模型性能，便于不同方法比较
2025-07-27 16:54:59 | INFO     |    📈 最终报告: 基于标准交叉熵损失的指标
2025-07-27 16:54:59 | INFO     |       → 目的：提供可信、可比较的性能指标
2025-07-27 16:54:59 | INFO     | ================================================================================

2025-07-27 16:54:59 | INFO     | 🔄 梯度累积配置: 每2轮累积一次梯度
2025-07-27 16:54:59 | INFO     |    实际batch_size: 4
2025-07-27 16:54:59 | INFO     |    有效batch_size: 8
2025-07-27 16:57:01 | INFO     | Epoch 1:
2025-07-27 16:57:01 | INFO     |   训练指标:
2025-07-27 16:57:01 | INFO     |     损失(ce): 3.324336
2025-07-27 16:57:01 | INFO     |     准确率: 0.090040
2025-07-27 16:57:01 | INFO     |     学习率: 0.00010000
2025-07-27 16:57:01 | INFO     |   验证指标(标准CE):
2025-07-27 16:57:01 | INFO     |     损失: 2.585732
2025-07-27 16:57:01 | INFO     |     准确率: 0.215147
2025-07-27 16:57:01 | INFO     |     F1(macro): 0.177812
2025-07-27 16:57:01 | INFO     |     F1(weighted): 0.170649
2025-07-27 16:57:01 | INFO     |     精确率: 0.276987
2025-07-27 16:57:01 | INFO     |     召回率: 0.220862
2025-07-27 16:57:01 | INFO     |   学习率调度器: f1_based
2025-07-27 16:57:01 | INFO     | ------------------------------------------------------------
2025-07-27 16:57:01 | INFO     | Epoch   1 | Train: Loss=3.3243, Acc=0.0900 | Val: Loss=2.5857, Acc=0.2151, F1=0.1706 | LR=0.000100 🏆 [最佳模型]
2025-07-27 16:57:56 | INFO     | Epoch 2:
2025-07-27 16:57:56 | INFO     |   训练指标:
2025-07-27 16:57:56 | INFO     |     损失(ce): 2.596004
2025-07-27 16:57:56 | INFO     |     准确率: 0.243964
2025-07-27 16:57:56 | INFO     |     学习率: 0.00010000
2025-07-27 16:57:56 | INFO     |   验证指标(标准CE):
2025-07-27 16:57:56 | INFO     |     损失: 2.133701
2025-07-27 16:57:56 | INFO     |     准确率: 0.325737
2025-07-27 16:57:56 | INFO     |     F1(macro): 0.292504
2025-07-27 16:57:56 | INFO     |     F1(weighted): 0.276168
2025-07-27 16:57:56 | INFO     |     精确率: 0.373486
2025-07-27 16:57:56 | INFO     |     召回率: 0.342091
2025-07-27 16:57:56 | INFO     |   学习率调度器: f1_based
2025-07-27 16:57:56 | INFO     | ------------------------------------------------------------
2025-07-27 16:57:56 | INFO     | Epoch   2 | Train: Loss=2.5960, Acc=0.2440 | Val: Loss=2.1337, Acc=0.3257, F1=0.2762 | LR=0.000100 🏆 [最佳模型]
2025-07-27 16:58:49 | INFO     | Epoch 3:
2025-07-27 16:58:49 | INFO     |   训练指标:
2025-07-27 16:58:49 | INFO     |     损失(ce): 2.145687
2025-07-27 16:58:49 | INFO     |     准确率: 0.352113
2025-07-27 16:58:49 | INFO     |     学习率: 0.00010000
2025-07-27 16:58:49 | INFO     |   验证指标(标准CE):
2025-07-27 16:58:49 | INFO     |     损失: 2.047910
2025-07-27 16:58:49 | INFO     |     准确率: 0.371984
2025-07-27 16:58:49 | INFO     |     F1(macro): 0.347556
2025-07-27 16:58:49 | INFO     |     F1(weighted): 0.333889
2025-07-27 16:58:49 | INFO     |     精确率: 0.374032
2025-07-27 16:58:49 | INFO     |     召回率: 0.387919
2025-07-27 16:58:49 | INFO     |   学习率调度器: f1_based
2025-07-27 16:58:49 | INFO     | ------------------------------------------------------------
2025-07-27 16:58:49 | INFO     | Epoch   3 | Train: Loss=2.1457, Acc=0.3521 | Val: Loss=2.0479, Acc=0.3720, F1=0.3339 | LR=0.000100 🏆 [最佳模型]
2025-07-27 16:59:42 | INFO     | Epoch 4:
2025-07-27 16:59:42 | INFO     |   训练指标:
2025-07-27 16:59:42 | INFO     |     损失(ce): 1.916495
2025-07-27 16:59:42 | INFO     |     准确率: 0.413481
2025-07-27 16:59:42 | INFO     |     学习率: 0.00010000
2025-07-27 16:59:42 | INFO     |   验证指标(标准CE):
2025-07-27 16:59:42 | INFO     |     损失: 2.110299
2025-07-27 16:59:42 | INFO     |     准确率: 0.402815
2025-07-27 16:59:42 | INFO     |     F1(macro): 0.374068
2025-07-27 16:59:42 | INFO     |     F1(weighted): 0.358715
2025-07-27 16:59:42 | INFO     |     精确率: 0.435505
2025-07-27 16:59:42 | INFO     |     召回率: 0.420018
2025-07-27 16:59:42 | INFO     |   学习率调度器: f1_based
2025-07-27 16:59:42 | INFO     | ------------------------------------------------------------
2025-07-27 16:59:42 | INFO     | Epoch   4 | Train: Loss=1.9165, Acc=0.4135 | Val: Loss=2.1103, Acc=0.4028, F1=0.3587 | LR=0.000100 🏆 [最佳模型]
2025-07-27 17:00:35 | INFO     | Epoch 5:
2025-07-27 17:00:35 | INFO     |   训练指标:
2025-07-27 17:00:35 | INFO     |     损失(ce): 1.758672
2025-07-27 17:00:35 | INFO     |     准确率: 0.439805
2025-07-27 17:00:35 | INFO     |     学习率: 0.00010000
2025-07-27 17:00:35 | INFO     |   验证指标(标准CE):
2025-07-27 17:00:35 | INFO     |     损失: 1.675271
2025-07-27 17:00:35 | INFO     |     准确率: 0.450402
2025-07-27 17:00:35 | INFO     |     F1(macro): 0.422391
2025-07-27 17:00:35 | INFO     |     F1(weighted): 0.406345
2025-07-27 17:00:35 | INFO     |     精确率: 0.422344
2025-07-27 17:00:35 | INFO     |     召回率: 0.465926
2025-07-27 17:00:35 | INFO     |   学习率调度器: f1_based
2025-07-27 17:00:35 | INFO     | ------------------------------------------------------------
2025-07-27 17:00:35 | INFO     | Epoch   5 | Train: Loss=1.7587, Acc=0.4398 | Val: Loss=1.6753, Acc=0.4504, F1=0.4063 | LR=0.000100 🏆 [最佳模型]
2025-07-27 17:01:28 | INFO     | Epoch 6:
2025-07-27 17:01:28 | INFO     |   训练指标:
2025-07-27 17:01:28 | INFO     |     损失(ce): 1.637229
2025-07-27 17:01:28 | INFO     |     准确率: 0.470490
2025-07-27 17:01:28 | INFO     |     学习率: 0.00010000
2025-07-27 17:01:28 | INFO     |   验证指标(标准CE):
2025-07-27 17:01:28 | INFO     |     损失: 1.616139
2025-07-27 17:01:28 | INFO     |     准确率: 0.487936
2025-07-27 17:01:28 | INFO     |     F1(macro): 0.475502
2025-07-27 17:01:28 | INFO     |     F1(weighted): 0.457573
2025-07-27 17:01:28 | INFO     |     精确率: 0.523525
2025-07-27 17:01:28 | INFO     |     召回率: 0.504612
2025-07-27 17:01:28 | INFO     |   学习率调度器: f1_based
2025-07-27 17:01:28 | INFO     | ------------------------------------------------------------
2025-07-27 17:01:28 | INFO     | Epoch   6 | Train: Loss=1.6372, Acc=0.4705 | Val: Loss=1.6161, Acc=0.4879, F1=0.4576 | LR=0.000100 🏆 [最佳模型]
2025-07-27 17:02:21 | INFO     | Epoch 7:
2025-07-27 17:02:21 | INFO     |   训练指标:
2025-07-27 17:02:21 | INFO     |     损失(ce): 1.557553
2025-07-27 17:02:21 | INFO     |     准确率: 0.485915
2025-07-27 17:02:21 | INFO     |     学习率: 0.00010000
2025-07-27 17:02:21 | INFO     |   验证指标(标准CE):
2025-07-27 17:02:21 | INFO     |     损失: 1.427279
2025-07-27 17:02:21 | INFO     |     准确率: 0.500670
2025-07-27 17:02:21 | INFO     |     F1(macro): 0.476646
2025-07-27 17:02:21 | INFO     |     F1(weighted): 0.459380
2025-07-27 17:02:21 | INFO     |     精确率: 0.491082
2025-07-27 17:02:21 | INFO     |     召回率: 0.519829
2025-07-27 17:02:21 | INFO     |   学习率调度器: f1_based
2025-07-27 17:02:21 | INFO     | ------------------------------------------------------------
2025-07-27 17:02:21 | INFO     | Epoch   7 | Train: Loss=1.5576, Acc=0.4859 | Val: Loss=1.4273, Acc=0.5007, F1=0.4594 | LR=0.000100 🏆 [最佳模型]
2025-07-27 17:03:14 | INFO     | Epoch 8:
2025-07-27 17:03:14 | INFO     |   训练指标:
2025-07-27 17:03:14 | INFO     |     损失(ce): 1.450829
2025-07-27 17:03:14 | INFO     |     准确率: 0.510396
2025-07-27 17:03:14 | INFO     |     学习率: 0.00010000
2025-07-27 17:03:14 | INFO     |   验证指标(标准CE):
2025-07-27 17:03:14 | INFO     |     损失: 1.498676
2025-07-27 17:03:14 | INFO     |     准确率: 0.503351
2025-07-27 17:03:14 | INFO     |     F1(macro): 0.484044
2025-07-27 17:03:14 | INFO     |     F1(weighted): 0.469566
2025-07-27 17:03:14 | INFO     |     精确率: 0.543859
2025-07-27 17:03:14 | INFO     |     召回率: 0.520134
2025-07-27 17:03:14 | INFO     |   学习率调度器: f1_based
2025-07-27 17:03:14 | INFO     | ------------------------------------------------------------
2025-07-27 17:03:14 | INFO     | Epoch   8 | Train: Loss=1.4508, Acc=0.5104 | Val: Loss=1.4987, Acc=0.5034, F1=0.4696 | LR=0.000100 🏆 [最佳模型]
2025-07-27 17:04:06 | INFO     | Epoch 9:
2025-07-27 17:04:06 | INFO     |   训练指标:
2025-07-27 17:04:06 | INFO     |     损失(ce): 1.401135
2025-07-27 17:04:06 | INFO     |     准确率: 0.526660
2025-07-27 17:04:06 | INFO     |     学习率: 0.00010000
2025-07-27 17:04:06 | INFO     |   验证指标(标准CE):
2025-07-27 17:04:06 | INFO     |     损失: 1.402308
2025-07-27 17:04:06 | INFO     |     准确率: 0.528820
2025-07-27 17:04:06 | INFO     |     F1(macro): 0.520294
2025-07-27 17:04:06 | INFO     |     F1(weighted): 0.503468
2025-07-27 17:04:06 | INFO     |     精确率: 0.550136
2025-07-27 17:04:06 | INFO     |     召回率: 0.549730
2025-07-27 17:04:06 | INFO     |   学习率调度器: f1_based
2025-07-27 17:04:06 | INFO     | ------------------------------------------------------------
2025-07-27 17:04:06 | INFO     | Epoch   9 | Train: Loss=1.4011, Acc=0.5267 | Val: Loss=1.4023, Acc=0.5288, F1=0.5035 | LR=0.000100 🏆 [最佳模型]
2025-07-27 17:04:59 | INFO     | Epoch 10:
2025-07-27 17:04:59 | INFO     |   训练指标:
2025-07-27 17:04:59 | INFO     |     损失(ce): 1.339347
2025-07-27 17:04:59 | INFO     |     准确率: 0.545775
2025-07-27 17:04:59 | INFO     |     学习率: 0.00010000
2025-07-27 17:04:59 | INFO     |   验证指标(标准CE):
2025-07-27 17:04:59 | INFO     |     损失: 1.395748
2025-07-27 17:04:59 | INFO     |     准确率: 0.538874
2025-07-27 17:04:59 | INFO     |     F1(macro): 0.528790
2025-07-27 17:04:59 | INFO     |     F1(weighted): 0.512683
2025-07-27 17:04:59 | INFO     |     精确率: 0.599922
2025-07-27 17:04:59 | INFO     |     召回率: 0.555075
2025-07-27 17:04:59 | INFO     |   学习率调度器: f1_based
2025-07-27 17:04:59 | INFO     | ------------------------------------------------------------
2025-07-27 17:04:59 | INFO     | Epoch  10 | Train: Loss=1.3393, Acc=0.5458 | Val: Loss=1.3957, Acc=0.5389, F1=0.5127 | LR=0.000100 🏆 [最佳模型]
2025-07-27 17:05:52 | INFO     | Epoch 11:
2025-07-27 17:05:52 | INFO     |   训练指标:
2025-07-27 17:05:52 | INFO     |     损失(ce): 1.276941
2025-07-27 17:05:52 | INFO     |     准确率: 0.560530
2025-07-27 17:05:52 | INFO     |     学习率: 0.00010000
2025-07-27 17:05:52 | INFO     |   验证指标(标准CE):
2025-07-27 17:05:52 | INFO     |     损失: 1.258450
2025-07-27 17:05:52 | INFO     |     准确率: 0.554960
2025-07-27 17:05:52 | INFO     |     F1(macro): 0.555061
2025-07-27 17:05:52 | INFO     |     F1(weighted): 0.540164
2025-07-27 17:05:52 | INFO     |     精确率: 0.609683
2025-07-27 17:05:52 | INFO     |     召回率: 0.568993
2025-07-27 17:05:52 | INFO     |   学习率调度器: f1_based
2025-07-27 17:05:52 | INFO     | ------------------------------------------------------------
2025-07-27 17:05:52 | INFO     | Epoch  11 | Train: Loss=1.2769, Acc=0.5605 | Val: Loss=1.2584, Acc=0.5550, F1=0.5402 | LR=0.000100 🏆 [最佳模型]
2025-07-27 17:06:45 | INFO     | Epoch 12:
2025-07-27 17:06:45 | INFO     |   训练指标:
2025-07-27 17:06:45 | INFO     |     损失(ce): 1.219109
2025-07-27 17:06:45 | INFO     |     准确率: 0.579309
2025-07-27 17:06:45 | INFO     |     学习率: 0.00010000
2025-07-27 17:06:45 | INFO     |   验证指标(标准CE):
2025-07-27 17:06:45 | INFO     |     损失: 1.288012
2025-07-27 17:06:45 | INFO     |     准确率: 0.560322
2025-07-27 17:06:45 | INFO     |     F1(macro): 0.535733
2025-07-27 17:06:45 | INFO     |     F1(weighted): 0.521740
2025-07-27 17:06:45 | INFO     |     精确率: 0.565192
2025-07-27 17:06:45 | INFO     |     召回率: 0.576214
2025-07-27 17:06:45 | INFO     |   学习率调度器: f1_based
2025-07-27 17:06:45 | INFO     | ------------------------------------------------------------
2025-07-27 17:06:45 | INFO     | Epoch  12 | Train: Loss=1.2191, Acc=0.5793 | Val: Loss=1.2880, Acc=0.5603, F1=0.5217 | LR=0.000100 
2025-07-27 17:07:37 | INFO     | Epoch 13:
2025-07-27 17:07:37 | INFO     |   训练指标:
2025-07-27 17:07:37 | INFO     |     损失(ce): 1.171130
2025-07-27 17:07:37 | INFO     |     准确率: 0.590543
2025-07-27 17:07:37 | INFO     |     学习率: 0.00010000
2025-07-27 17:07:37 | INFO     |   验证指标(标准CE):
2025-07-27 17:07:37 | INFO     |     损失: 1.222094
2025-07-27 17:07:37 | INFO     |     准确率: 0.597185
2025-07-27 17:07:37 | INFO     |     F1(macro): 0.573150
2025-07-27 17:07:37 | INFO     |     F1(weighted): 0.557855
2025-07-27 17:07:37 | INFO     |     精确率: 0.642684
2025-07-27 17:07:37 | INFO     |     召回率: 0.607952
2025-07-27 17:07:37 | INFO     |   学习率调度器: f1_based
2025-07-27 17:07:37 | INFO     | ------------------------------------------------------------
2025-07-27 17:07:37 | INFO     | Epoch  13 | Train: Loss=1.1711, Acc=0.5905 | Val: Loss=1.2221, Acc=0.5972, F1=0.5579 | LR=0.000100 🏆 [最佳模型]
2025-07-27 17:08:29 | INFO     | Epoch 14:
2025-07-27 17:08:29 | INFO     |   训练指标:
2025-07-27 17:08:29 | INFO     |     损失(ce): 1.132355
2025-07-27 17:08:29 | INFO     |     准确率: 0.596915
2025-07-27 17:08:29 | INFO     |     学习率: 0.00010000
2025-07-27 17:08:29 | INFO     |   验证指标(标准CE):
2025-07-27 17:08:29 | INFO     |     损失: 1.186711
2025-07-27 17:08:29 | INFO     |     准确率: 0.585121
2025-07-27 17:08:29 | INFO     |     F1(macro): 0.597508
2025-07-27 17:08:29 | INFO     |     F1(weighted): 0.584817
2025-07-27 17:08:29 | INFO     |     精确率: 0.649324
2025-07-27 17:08:29 | INFO     |     召回率: 0.600775
2025-07-27 17:08:29 | INFO     |   学习率调度器: f1_based
2025-07-27 17:08:29 | INFO     | ------------------------------------------------------------
2025-07-27 17:08:29 | INFO     | Epoch  14 | Train: Loss=1.1324, Acc=0.5969 | Val: Loss=1.1867, Acc=0.5851, F1=0.5848 | LR=0.000100 🏆 [最佳模型]
2025-07-27 17:09:22 | INFO     | Epoch 15:
2025-07-27 17:09:22 | INFO     |   训练指标:
2025-07-27 17:09:22 | INFO     |     损失(ce): 1.107489
2025-07-27 17:09:22 | INFO     |     准确率: 0.614856
2025-07-27 17:09:22 | INFO     |     学习率: 0.00010000
2025-07-27 17:09:22 | INFO     |   验证指标(标准CE):
2025-07-27 17:09:22 | INFO     |     损失: 1.258808
2025-07-27 17:09:22 | INFO     |     准确率: 0.571716
2025-07-27 17:09:22 | INFO     |     F1(macro): 0.555251
2025-07-27 17:09:22 | INFO     |     F1(weighted): 0.540139
2025-07-27 17:09:22 | INFO     |     精确率: 0.622043
2025-07-27 17:09:22 | INFO     |     召回率: 0.583761
2025-07-27 17:09:22 | INFO     |   学习率调度器: f1_based
2025-07-27 17:09:22 | INFO     | ------------------------------------------------------------
2025-07-27 17:09:22 | INFO     | Epoch  15 | Train: Loss=1.1075, Acc=0.6149 | Val: Loss=1.2588, Acc=0.5717, F1=0.5401 | LR=0.000100 
2025-07-27 17:10:14 | INFO     | Epoch 16:
2025-07-27 17:10:14 | INFO     |   训练指标:
2025-07-27 17:10:14 | INFO     |     损失(ce): 1.076230
2025-07-27 17:10:14 | INFO     |     准确率: 0.624916
2025-07-27 17:10:14 | INFO     |     学习率: 0.00010000
2025-07-27 17:10:14 | INFO     |   验证指标(标准CE):
2025-07-27 17:10:14 | INFO     |     损失: 1.157343
2025-07-27 17:10:14 | INFO     |     准确率: 0.585791
2025-07-27 17:10:14 | INFO     |     F1(macro): 0.590061
2025-07-27 17:10:14 | INFO     |     F1(weighted): 0.576725
2025-07-27 17:10:14 | INFO     |     精确率: 0.706723
2025-07-27 17:10:14 | INFO     |     召回率: 0.598630
2025-07-27 17:10:14 | INFO     |   学习率调度器: f1_based
2025-07-27 17:10:14 | INFO     | ------------------------------------------------------------
2025-07-27 17:10:14 | INFO     | Epoch  16 | Train: Loss=1.0762, Acc=0.6249 | Val: Loss=1.1573, Acc=0.5858, F1=0.5767 | LR=0.000100 
2025-07-27 17:11:07 | INFO     | Epoch 17:
2025-07-27 17:11:07 | INFO     |   训练指标:
2025-07-27 17:11:07 | INFO     |     损失(ce): 1.035085
2025-07-27 17:11:07 | INFO     |     准确率: 0.634809
2025-07-27 17:11:07 | INFO     |     学习率: 0.00010000
2025-07-27 17:11:07 | INFO     |   验证指标(标准CE):
2025-07-27 17:11:07 | INFO     |     损失: 1.180234
2025-07-27 17:11:07 | INFO     |     准确率: 0.601206
2025-07-27 17:11:07 | INFO     |     F1(macro): 0.607805
2025-07-27 17:11:07 | INFO     |     F1(weighted): 0.595676
2025-07-27 17:11:07 | INFO     |     精确率: 0.689162
2025-07-27 17:11:07 | INFO     |     召回率: 0.616359
2025-07-27 17:11:07 | INFO     |   学习率调度器: f1_based
2025-07-27 17:11:07 | INFO     | ------------------------------------------------------------
2025-07-27 17:11:07 | INFO     | Epoch  17 | Train: Loss=1.0351, Acc=0.6348 | Val: Loss=1.1802, Acc=0.6012, F1=0.5957 | LR=0.000100 🏆 [最佳模型]
2025-07-27 17:12:00 | INFO     | Epoch 18:
2025-07-27 17:12:00 | INFO     |   训练指标:
2025-07-27 17:12:00 | INFO     |     损失(ce): 1.016534
2025-07-27 17:12:00 | INFO     |     准确率: 0.634306
2025-07-27 17:12:00 | INFO     |     学习率: 0.00010000
2025-07-27 17:12:00 | INFO     |   验证指标(标准CE):
2025-07-27 17:12:00 | INFO     |     损失: 1.107991
2025-07-27 17:12:00 | INFO     |     准确率: 0.600536
2025-07-27 17:12:00 | INFO     |     F1(macro): 0.598046
2025-07-27 17:12:00 | INFO     |     F1(weighted): 0.584453
2025-07-27 17:12:00 | INFO     |     精确率: 0.717485
2025-07-27 17:12:00 | INFO     |     召回率: 0.615300
2025-07-27 17:12:00 | INFO     |   学习率调度器: f1_based
2025-07-27 17:12:00 | INFO     | ------------------------------------------------------------
2025-07-27 17:12:00 | INFO     | Epoch  18 | Train: Loss=1.0165, Acc=0.6343 | Val: Loss=1.1080, Acc=0.6005, F1=0.5845 | LR=0.000100 
2025-07-27 17:12:52 | INFO     | Epoch 19:
2025-07-27 17:12:52 | INFO     |   训练指标:
2025-07-27 17:12:52 | INFO     |     损失(ce): 0.976020
2025-07-27 17:12:52 | INFO     |     准确率: 0.652247
2025-07-27 17:12:52 | INFO     |     学习率: 0.00010000
2025-07-27 17:12:52 | INFO     |   验证指标(标准CE):
2025-07-27 17:12:52 | INFO     |     损失: 1.106465
2025-07-27 17:12:52 | INFO     |     准确率: 0.615282
2025-07-27 17:12:52 | INFO     |     F1(macro): 0.612643
2025-07-27 17:12:52 | INFO     |     F1(weighted): 0.599348
2025-07-27 17:12:52 | INFO     |     精确率: 0.673215
2025-07-27 17:12:52 | INFO     |     召回率: 0.627399
2025-07-27 17:12:52 | INFO     |   学习率调度器: f1_based
2025-07-27 17:12:52 | INFO     | ------------------------------------------------------------
2025-07-27 17:12:52 | INFO     | Epoch  19 | Train: Loss=0.9760, Acc=0.6522 | Val: Loss=1.1065, Acc=0.6153, F1=0.5993 | LR=0.000100 🏆 [最佳模型]
2025-07-27 17:13:45 | INFO     | Epoch 20:
2025-07-27 17:13:45 | INFO     |   训练指标:
2025-07-27 17:13:45 | INFO     |     损失(ce): 0.946224
2025-07-27 17:13:45 | INFO     |     准确率: 0.667673
2025-07-27 17:13:45 | INFO     |     学习率: 0.00010000
2025-07-27 17:13:45 | INFO     |   验证指标(标准CE):
2025-07-27 17:13:45 | INFO     |     损失: 1.069437
2025-07-27 17:13:45 | INFO     |     准确率: 0.634718
2025-07-27 17:13:45 | INFO     |     F1(macro): 0.640797
2025-07-27 17:13:45 | INFO     |     F1(weighted): 0.628225
2025-07-27 17:13:45 | INFO     |     精确率: 0.693257
2025-07-27 17:13:45 | INFO     |     召回率: 0.649394
2025-07-27 17:13:45 | INFO     |   学习率调度器: f1_based
2025-07-27 17:13:45 | INFO     | ------------------------------------------------------------
2025-07-27 17:13:45 | INFO     | Epoch  20 | Train: Loss=0.9462, Acc=0.6677 | Val: Loss=1.0694, Acc=0.6347, F1=0.6282 | LR=0.000100 🏆 [最佳模型]
2025-07-27 17:14:38 | INFO     | Epoch 21:
2025-07-27 17:14:38 | INFO     |   训练指标:
2025-07-27 17:14:38 | INFO     |     损失(ce): 0.937833
2025-07-27 17:14:38 | INFO     |     准确率: 0.668343
2025-07-27 17:14:38 | INFO     |     学习率: 0.00010000
2025-07-27 17:14:38 | INFO     |   验证指标(标准CE):
2025-07-27 17:14:38 | INFO     |     损失: 1.022770
2025-07-27 17:14:38 | INFO     |     准确率: 0.635389
2025-07-27 17:14:38 | INFO     |     F1(macro): 0.631924
2025-07-27 17:14:38 | INFO     |     F1(weighted): 0.619650
2025-07-27 17:14:38 | INFO     |     精确率: 0.677151
2025-07-27 17:14:38 | INFO     |     召回率: 0.647252
2025-07-27 17:14:38 | INFO     |   学习率调度器: f1_based
2025-07-27 17:14:38 | INFO     | ------------------------------------------------------------
2025-07-27 17:14:38 | INFO     | Epoch  21 | Train: Loss=0.9378, Acc=0.6683 | Val: Loss=1.0228, Acc=0.6354, F1=0.6196 | LR=0.000100 
2025-07-27 17:15:31 | INFO     | Epoch 22:
2025-07-27 17:15:31 | INFO     |   训练指标:
2025-07-27 17:15:31 | INFO     |     损失(ce): 0.908024
2025-07-27 17:15:31 | INFO     |     准确率: 0.669685
2025-07-27 17:15:31 | INFO     |     学习率: 0.00010000
2025-07-27 17:15:31 | INFO     |   验证指标(标准CE):
2025-07-27 17:15:31 | INFO     |     损失: 1.090084
2025-07-27 17:15:31 | INFO     |     准确率: 0.630697
2025-07-27 17:15:31 | INFO     |     F1(macro): 0.631840
2025-07-27 17:15:31 | INFO     |     F1(weighted): 0.619006
2025-07-27 17:15:31 | INFO     |     精确率: 0.703645
2025-07-27 17:15:31 | INFO     |     召回率: 0.644428
2025-07-27 17:15:31 | INFO     |   学习率调度器: f1_based
2025-07-27 17:15:31 | INFO     | ------------------------------------------------------------
2025-07-27 17:15:31 | INFO     | Epoch  22 | Train: Loss=0.9080, Acc=0.6697 | Val: Loss=1.0901, Acc=0.6307, F1=0.6190 | LR=0.000100 
2025-07-27 17:16:23 | INFO     | Epoch 23:
2025-07-27 17:16:23 | INFO     |   训练指标:
2025-07-27 17:16:23 | INFO     |     损失(ce): 0.893883
2025-07-27 17:16:23 | INFO     |     准确率: 0.677901
2025-07-27 17:16:23 | INFO     |     学习率: 0.00010000
2025-07-27 17:16:23 | INFO     |   验证指标(标准CE):
2025-07-27 17:16:23 | INFO     |     损失: 1.048177
2025-07-27 17:16:23 | INFO     |     准确率: 0.654826
2025-07-27 17:16:23 | INFO     |     F1(macro): 0.670613
2025-07-27 17:16:23 | INFO     |     F1(weighted): 0.659356
2025-07-27 17:16:23 | INFO     |     精确率: 0.720081
2025-07-27 17:16:23 | INFO     |     召回率: 0.665503
2025-07-27 17:16:23 | INFO     |   学习率调度器: f1_based
2025-07-27 17:16:23 | INFO     | ------------------------------------------------------------
2025-07-27 17:16:23 | INFO     | Epoch  23 | Train: Loss=0.8939, Acc=0.6779 | Val: Loss=1.0482, Acc=0.6548, F1=0.6594 | LR=0.000100 🏆 [最佳模型]
2025-07-27 17:17:15 | INFO     | Epoch 24:
2025-07-27 17:17:15 | INFO     |   训练指标:
2025-07-27 17:17:15 | INFO     |     损失(ce): 0.854772
2025-07-27 17:17:15 | INFO     |     准确率: 0.691315
2025-07-27 17:17:15 | INFO     |     学习率: 0.00010000
2025-07-27 17:17:15 | INFO     |   验证指标(标准CE):
2025-07-27 17:17:15 | INFO     |     损失: 1.014453
2025-07-27 17:17:15 | INFO     |     准确率: 0.664209
2025-07-27 17:17:15 | INFO     |     F1(macro): 0.659793
2025-07-27 17:17:15 | INFO     |     F1(weighted): 0.647988
2025-07-27 17:17:15 | INFO     |     精确率: 0.709943
2025-07-27 17:17:15 | INFO     |     召回率: 0.676532
2025-07-27 17:17:15 | INFO     |   学习率调度器: f1_based
2025-07-27 17:17:15 | INFO     | ------------------------------------------------------------
2025-07-27 17:17:15 | INFO     | Epoch  24 | Train: Loss=0.8548, Acc=0.6913 | Val: Loss=1.0145, Acc=0.6642, F1=0.6480 | LR=0.000100 
2025-07-27 17:18:07 | INFO     | Epoch 25:
2025-07-27 17:18:07 | INFO     |   训练指标:
2025-07-27 17:18:07 | INFO     |     损失(ce): 0.852860
2025-07-27 17:18:07 | INFO     |     准确率: 0.701207
2025-07-27 17:18:07 | INFO     |     学习率: 0.00010000
2025-07-27 17:18:07 | INFO     |   验证指标(标准CE):
2025-07-27 17:18:07 | INFO     |     损失: 1.201864
2025-07-27 17:18:07 | INFO     |     准确率: 0.628016
2025-07-27 17:18:07 | INFO     |     F1(macro): 0.636768
2025-07-27 17:18:07 | INFO     |     F1(weighted): 0.622208
2025-07-27 17:18:07 | INFO     |     精确率: 0.753618
2025-07-27 17:18:07 | INFO     |     召回率: 0.641255
2025-07-27 17:18:07 | INFO     |   学习率调度器: f1_based
2025-07-27 17:18:07 | INFO     | ------------------------------------------------------------
2025-07-27 17:18:07 | INFO     | Epoch  25 | Train: Loss=0.8529, Acc=0.7012 | Val: Loss=1.2019, Acc=0.6280, F1=0.6222 | LR=0.000100 
2025-07-27 17:18:59 | INFO     | Epoch 26:
2025-07-27 17:18:59 | INFO     |   训练指标:
2025-07-27 17:18:59 | INFO     |     损失(ce): 0.810196
2025-07-27 17:18:59 | INFO     |     准确率: 0.705399
2025-07-27 17:18:59 | INFO     |     学习率: 0.00010000
2025-07-27 17:18:59 | INFO     |   验证指标(标准CE):
2025-07-27 17:18:59 | INFO     |     损失: 1.096950
2025-07-27 17:18:59 | INFO     |     准确率: 0.629357
2025-07-27 17:18:59 | INFO     |     F1(macro): 0.633847
2025-07-27 17:18:59 | INFO     |     F1(weighted): 0.622652
2025-07-27 17:18:59 | INFO     |     精确率: 0.684676
2025-07-27 17:18:59 | INFO     |     召回率: 0.644145
2025-07-27 17:18:59 | INFO     |   学习率调度器: f1_based
2025-07-27 17:18:59 | INFO     | ------------------------------------------------------------
2025-07-27 17:18:59 | INFO     | Epoch  26 | Train: Loss=0.8102, Acc=0.7054 | Val: Loss=1.0969, Acc=0.6294, F1=0.6227 | LR=0.000100 
2025-07-27 17:19:51 | INFO     | Epoch 27:
2025-07-27 17:19:51 | INFO     |   训练指标:
2025-07-27 17:19:51 | INFO     |     损失(ce): 0.799988
2025-07-27 17:19:51 | INFO     |     准确率: 0.709423
2025-07-27 17:19:51 | INFO     |     学习率: 0.00010000
2025-07-27 17:19:51 | INFO     |   验证指标(标准CE):
2025-07-27 17:19:51 | INFO     |     损失: 1.075236
2025-07-27 17:19:51 | INFO     |     准确率: 0.645442
2025-07-27 17:19:51 | INFO     |     F1(macro): 0.658619
2025-07-27 17:19:51 | INFO     |     F1(weighted): 0.647480
2025-07-27 17:19:51 | INFO     |     精确率: 0.692795
2025-07-27 17:19:51 | INFO     |     召回率: 0.658111
2025-07-27 17:19:51 | INFO     |   学习率调度器: f1_based
2025-07-27 17:19:51 | INFO     | ------------------------------------------------------------
2025-07-27 17:19:51 | INFO     | Epoch  27 | Train: Loss=0.8000, Acc=0.7094 | Val: Loss=1.0752, Acc=0.6454, F1=0.6475 | LR=0.000100 
2025-07-27 17:20:44 | INFO     | Epoch 28:
2025-07-27 17:20:44 | INFO     |   训练指标:
2025-07-27 17:20:44 | INFO     |     损失(ce): 0.775194
2025-07-27 17:20:44 | INFO     |     准确率: 0.715795
2025-07-27 17:20:44 | INFO     |     学习率: 0.00010000
2025-07-27 17:20:44 | INFO     |   验证指标(标准CE):
2025-07-27 17:20:44 | INFO     |     损失: 1.077637
2025-07-27 17:20:44 | INFO     |     准确率: 0.647453
2025-07-27 17:20:44 | INFO     |     F1(macro): 0.645478
2025-07-27 17:20:44 | INFO     |     F1(weighted): 0.633418
2025-07-27 17:20:44 | INFO     |     精确率: 0.705689
2025-07-27 17:20:44 | INFO     |     召回率: 0.658748
2025-07-27 17:20:44 | INFO     |   学习率调度器: f1_based
2025-07-27 17:20:44 | INFO     | ------------------------------------------------------------
2025-07-27 17:20:44 | INFO     | Epoch  28 | Train: Loss=0.7752, Acc=0.7158 | Val: Loss=1.0776, Acc=0.6475, F1=0.6334 | LR=0.000100 
2025-07-27 17:21:36 | INFO     | Epoch 29:
2025-07-27 17:21:36 | INFO     |   训练指标:
2025-07-27 17:21:36 | INFO     |     损失(ce): 0.759838
2025-07-27 17:21:36 | INFO     |     准确率: 0.728035
2025-07-27 17:21:36 | INFO     |     学习率: 0.00010000
2025-07-27 17:21:36 | INFO     |   验证指标(标准CE):
2025-07-27 17:21:36 | INFO     |     损失: 1.081149
2025-07-27 17:21:36 | INFO     |     准确率: 0.646113
2025-07-27 17:21:36 | INFO     |     F1(macro): 0.652216
2025-07-27 17:21:36 | INFO     |     F1(weighted): 0.640456
2025-07-27 17:21:36 | INFO     |     精确率: 0.711438
2025-07-27 17:21:36 | INFO     |     召回率: 0.657588
2025-07-27 17:21:36 | INFO     |   学习率调度器: f1_based
2025-07-27 17:21:36 | INFO     | ------------------------------------------------------------
2025-07-27 17:21:36 | INFO     | 🎯 学习率调整事件:
2025-07-27 17:21:36 | INFO     |   调度器类型: f1_based
2025-07-27 17:21:36 | INFO     |   学习率变化: 0.00010000 → 0.00005000
2025-07-27 17:21:36 | INFO     |   触发条件: F1分数 = 0.640456
2025-07-27 17:21:36 | INFO     |   变化幅度: -50.00%
2025-07-27 17:21:36 | INFO     | ------------------------------------------------------------
2025-07-27 17:21:36 | INFO     | Epoch  29 | Train: Loss=0.7598, Acc=0.7280 | Val: Loss=1.0811, Acc=0.6461, F1=0.6405 | LR=0.000050 
2025-07-27 17:22:28 | INFO     | Epoch 30:
2025-07-27 17:22:28 | INFO     |   训练指标:
2025-07-27 17:22:28 | INFO     |     损失(ce): 0.640193
2025-07-27 17:22:28 | INFO     |     准确率: 0.760731
2025-07-27 17:22:28 | INFO     |     学习率: 0.00005000
2025-07-27 17:22:28 | INFO     |   验证指标(标准CE):
2025-07-27 17:22:28 | INFO     |     损失: 0.942910
2025-07-27 17:22:28 | INFO     |     准确率: 0.672922
2025-07-27 17:22:28 | INFO     |     F1(macro): 0.683436
2025-07-27 17:22:28 | INFO     |     F1(weighted): 0.671937
2025-07-27 17:22:28 | INFO     |     精确率: 0.717221
2025-07-27 17:22:28 | INFO     |     召回率: 0.684562
2025-07-27 17:22:28 | INFO     |   学习率调度器: f1_based
2025-07-27 17:22:28 | INFO     | ------------------------------------------------------------
2025-07-27 17:22:28 | INFO     | Epoch  30 | Train: Loss=0.6402, Acc=0.7607 | Val: Loss=0.9429, Acc=0.6729, F1=0.6719 | LR=0.000050 🏆 [最佳模型]
2025-07-27 17:23:20 | INFO     | Epoch 31:
2025-07-27 17:23:20 | INFO     |   训练指标:
2025-07-27 17:23:20 | INFO     |     损失(ce): 0.593995
2025-07-27 17:23:20 | INFO     |     准确率: 0.770959
2025-07-27 17:23:20 | INFO     |     学习率: 0.00005000
2025-07-27 17:23:20 | INFO     |   验证指标(标准CE):
2025-07-27 17:23:20 | INFO     |     损失: 0.895668
2025-07-27 17:23:20 | INFO     |     准确率: 0.691019
2025-07-27 17:23:20 | INFO     |     F1(macro): 0.706310
2025-07-27 17:23:20 | INFO     |     F1(weighted): 0.695920
2025-07-27 17:23:20 | INFO     |     精确率: 0.737993
2025-07-27 17:23:20 | INFO     |     召回率: 0.701543
2025-07-27 17:23:20 | INFO     |   学习率调度器: f1_based
2025-07-27 17:23:20 | INFO     | ------------------------------------------------------------
2025-07-27 17:23:20 | INFO     | Epoch  31 | Train: Loss=0.5940, Acc=0.7710 | Val: Loss=0.8957, Acc=0.6910, F1=0.6959 | LR=0.000050 🏆 [最佳模型]
2025-07-27 17:24:13 | INFO     | Epoch 32:
2025-07-27 17:24:13 | INFO     |   训练指标:
2025-07-27 17:24:13 | INFO     |     损失(ce): 0.578415
2025-07-27 17:24:13 | INFO     |     准确率: 0.775486
2025-07-27 17:24:13 | INFO     |     学习率: 0.00005000
2025-07-27 17:24:13 | INFO     |   验证指标(标准CE):
2025-07-27 17:24:13 | INFO     |     损失: 0.893131
2025-07-27 17:24:13 | INFO     |     准确率: 0.698391
2025-07-27 17:24:13 | INFO     |     F1(macro): 0.708687
2025-07-27 17:24:13 | INFO     |     F1(weighted): 0.698432
2025-07-27 17:24:13 | INFO     |     精确率: 0.753745
2025-07-27 17:24:13 | INFO     |     召回率: 0.710184
2025-07-27 17:24:13 | INFO     |   学习率调度器: f1_based
2025-07-27 17:24:13 | INFO     | ------------------------------------------------------------
2025-07-27 17:24:13 | INFO     | Epoch  32 | Train: Loss=0.5784, Acc=0.7755 | Val: Loss=0.8931, Acc=0.6984, F1=0.6984 | LR=0.000050 🏆 [最佳模型]
2025-07-27 17:25:05 | INFO     | Epoch 33:
2025-07-27 17:25:05 | INFO     |   训练指标:
2025-07-27 17:25:05 | INFO     |     损失(ce): 0.574568
2025-07-27 17:25:05 | INFO     |     准确率: 0.782361
2025-07-27 17:25:05 | INFO     |     学习率: 0.00005000
2025-07-27 17:25:05 | INFO     |   验证指标(标准CE):
2025-07-27 17:25:05 | INFO     |     损失: 0.888637
2025-07-27 17:25:05 | INFO     |     准确率: 0.693700
2025-07-27 17:25:05 | INFO     |     F1(macro): 0.702449
2025-07-27 17:25:05 | INFO     |     F1(weighted): 0.693560
2025-07-27 17:25:05 | INFO     |     精确率: 0.726303
2025-07-27 17:25:05 | INFO     |     召回率: 0.701877
2025-07-27 17:25:05 | INFO     |   学习率调度器: f1_based
2025-07-27 17:25:05 | INFO     | ------------------------------------------------------------
2025-07-27 17:25:05 | INFO     | Epoch  33 | Train: Loss=0.5746, Acc=0.7824 | Val: Loss=0.8886, Acc=0.6937, F1=0.6936 | LR=0.000050 
2025-07-27 17:25:57 | INFO     | Epoch 34:
2025-07-27 17:25:57 | INFO     |   训练指标:
2025-07-27 17:25:57 | INFO     |     损失(ce): 0.560742
2025-07-27 17:25:57 | INFO     |     准确率: 0.785882
2025-07-27 17:25:57 | INFO     |     学习率: 0.00005000
2025-07-27 17:25:57 | INFO     |   验证指标(标准CE):
2025-07-27 17:25:57 | INFO     |     损失: 0.846286
2025-07-27 17:25:57 | INFO     |     准确率: 0.699732
2025-07-27 17:25:57 | INFO     |     F1(macro): 0.708384
2025-07-27 17:25:57 | INFO     |     F1(weighted): 0.697588
2025-07-27 17:25:57 | INFO     |     精确率: 0.718517
2025-07-27 17:25:57 | INFO     |     召回率: 0.710465
2025-07-27 17:25:57 | INFO     |   学习率调度器: f1_based
2025-07-27 17:25:57 | INFO     | ------------------------------------------------------------
2025-07-27 17:25:57 | INFO     | Epoch  34 | Train: Loss=0.5607, Acc=0.7859 | Val: Loss=0.8463, Acc=0.6997, F1=0.6976 | LR=0.000050 
2025-07-27 17:26:49 | INFO     | Epoch 35:
2025-07-27 17:26:49 | INFO     |   训练指标:
2025-07-27 17:26:49 | INFO     |     损失(ce): 0.544618
2025-07-27 17:26:49 | INFO     |     准确率: 0.796278
2025-07-27 17:26:49 | INFO     |     学习率: 0.00005000
2025-07-27 17:26:49 | INFO     |   验证指标(标准CE):
2025-07-27 17:26:49 | INFO     |     损失: 0.874975
2025-07-27 17:26:49 | INFO     |     准确率: 0.700402
2025-07-27 17:26:49 | INFO     |     F1(macro): 0.714549
2025-07-27 17:26:49 | INFO     |     F1(weighted): 0.705891
2025-07-27 17:26:49 | INFO     |     精确率: 0.728253
2025-07-27 17:26:49 | INFO     |     召回率: 0.709515
2025-07-27 17:26:49 | INFO     |   学习率调度器: f1_based
2025-07-27 17:26:49 | INFO     | ------------------------------------------------------------
2025-07-27 17:26:49 | INFO     | Epoch  35 | Train: Loss=0.5446, Acc=0.7963 | Val: Loss=0.8750, Acc=0.7004, F1=0.7059 | LR=0.000050 🏆 [最佳模型]
2025-07-27 17:27:42 | INFO     | Epoch 36:
2025-07-27 17:27:42 | INFO     |   训练指标:
2025-07-27 17:27:42 | INFO     |     损失(ce): 0.538040
2025-07-27 17:27:42 | INFO     |     准确率: 0.797954
2025-07-27 17:27:42 | INFO     |     学习率: 0.00005000
2025-07-27 17:27:42 | INFO     |   验证指标(标准CE):
2025-07-27 17:27:42 | INFO     |     损失: 0.997040
2025-07-27 17:27:42 | INFO     |     准确率: 0.689008
2025-07-27 17:27:42 | INFO     |     F1(macro): 0.695144
2025-07-27 17:27:42 | INFO     |     F1(weighted): 0.684885
2025-07-27 17:27:42 | INFO     |     精确率: 0.720855
2025-07-27 17:27:42 | INFO     |     召回率: 0.701802
2025-07-27 17:27:42 | INFO     |   学习率调度器: f1_based
2025-07-27 17:27:42 | INFO     | ------------------------------------------------------------
2025-07-27 17:27:42 | INFO     | Epoch  36 | Train: Loss=0.5380, Acc=0.7980 | Val: Loss=0.9970, Acc=0.6890, F1=0.6849 | LR=0.000050 
2025-07-27 17:28:34 | INFO     | Epoch 37:
2025-07-27 17:28:34 | INFO     |   训练指标:
2025-07-27 17:28:34 | INFO     |     损失(ce): 0.515283
2025-07-27 17:28:34 | INFO     |     准确率: 0.805164
2025-07-27 17:28:34 | INFO     |     学习率: 0.00005000
2025-07-27 17:28:34 | INFO     |   验证指标(标准CE):
2025-07-27 17:28:34 | INFO     |     损失: 0.900557
2025-07-27 17:28:34 | INFO     |     准确率: 0.699732
2025-07-27 17:28:34 | INFO     |     F1(macro): 0.716319
2025-07-27 17:28:34 | INFO     |     F1(weighted): 0.706393
2025-07-27 17:28:34 | INFO     |     精确率: 0.744890
2025-07-27 17:28:34 | INFO     |     召回率: 0.709540
2025-07-27 17:28:34 | INFO     |   学习率调度器: f1_based
2025-07-27 17:28:34 | INFO     | ------------------------------------------------------------
2025-07-27 17:28:34 | INFO     | Epoch  37 | Train: Loss=0.5153, Acc=0.8052 | Val: Loss=0.9006, Acc=0.6997, F1=0.7064 | LR=0.000050 🏆 [最佳模型]
2025-07-27 17:29:26 | INFO     | Epoch 38:
2025-07-27 17:29:26 | INFO     |   训练指标:
2025-07-27 17:29:26 | INFO     |     损失(ce): 0.527841
2025-07-27 17:29:26 | INFO     |     准确率: 0.801476
2025-07-27 17:29:26 | INFO     |     学习率: 0.00005000
2025-07-27 17:29:26 | INFO     |   验证指标(标准CE):
2025-07-27 17:29:26 | INFO     |     损失: 0.923720
2025-07-27 17:29:26 | INFO     |     准确率: 0.695710
2025-07-27 17:29:26 | INFO     |     F1(macro): 0.716760
2025-07-27 17:29:26 | INFO     |     F1(weighted): 0.705521
2025-07-27 17:29:26 | INFO     |     精确率: 0.742777
2025-07-27 17:29:26 | INFO     |     召回率: 0.708631
2025-07-27 17:29:26 | INFO     |   学习率调度器: f1_based
2025-07-27 17:29:26 | INFO     | ------------------------------------------------------------
2025-07-27 17:29:26 | INFO     | Epoch  38 | Train: Loss=0.5278, Acc=0.8015 | Val: Loss=0.9237, Acc=0.6957, F1=0.7055 | LR=0.000050 
2025-07-27 17:30:18 | INFO     | Epoch 39:
2025-07-27 17:30:18 | INFO     |   训练指标:
2025-07-27 17:30:18 | INFO     |     损失(ce): 0.505777
2025-07-27 17:30:18 | INFO     |     准确率: 0.813380
2025-07-27 17:30:18 | INFO     |     学习率: 0.00005000
2025-07-27 17:30:18 | INFO     |   验证指标(标准CE):
2025-07-27 17:30:18 | INFO     |     损失: 0.949354
2025-07-27 17:30:18 | INFO     |     准确率: 0.700402
2025-07-27 17:30:18 | INFO     |     F1(macro): 0.711748
2025-07-27 17:30:18 | INFO     |     F1(weighted): 0.703085
2025-07-27 17:30:18 | INFO     |     精确率: 0.735210
2025-07-27 17:30:18 | INFO     |     召回率: 0.709965
2025-07-27 17:30:18 | INFO     |   学习率调度器: f1_based
2025-07-27 17:30:18 | INFO     | ------------------------------------------------------------
2025-07-27 17:30:18 | INFO     | Epoch  39 | Train: Loss=0.5058, Acc=0.8134 | Val: Loss=0.9494, Acc=0.7004, F1=0.7031 | LR=0.000050 
2025-07-27 17:31:11 | INFO     | Epoch 40:
2025-07-27 17:31:11 | INFO     |   训练指标:
2025-07-27 17:31:11 | INFO     |     损失(ce): 0.498763
2025-07-27 17:31:11 | INFO     |     准确率: 0.813548
2025-07-27 17:31:11 | INFO     |     学习率: 0.00005000
2025-07-27 17:31:11 | INFO     |   验证指标(标准CE):
2025-07-27 17:31:11 | INFO     |     损失: 0.914346
2025-07-27 17:31:11 | INFO     |     准确率: 0.692359
2025-07-27 17:31:11 | INFO     |     F1(macro): 0.701537
2025-07-27 17:31:11 | INFO     |     F1(weighted): 0.692466
2025-07-27 17:31:11 | INFO     |     精确率: 0.721571
2025-07-27 17:31:11 | INFO     |     召回率: 0.699638
2025-07-27 17:31:11 | INFO     |   学习率调度器: f1_based
2025-07-27 17:31:11 | INFO     | ------------------------------------------------------------
2025-07-27 17:31:11 | INFO     | Epoch  40 | Train: Loss=0.4988, Acc=0.8135 | Val: Loss=0.9143, Acc=0.6924, F1=0.6925 | LR=0.000050 
2025-07-27 17:32:03 | INFO     | Epoch 41:
2025-07-27 17:32:03 | INFO     |   训练指标:
2025-07-27 17:32:03 | INFO     |     损失(ce): 0.496966
2025-07-27 17:32:03 | INFO     |     准确率: 0.812207
2025-07-27 17:32:03 | INFO     |     学习率: 0.00005000
2025-07-27 17:32:03 | INFO     |   验证指标(标准CE):
2025-07-27 17:32:03 | INFO     |     损失: 0.975461
2025-07-27 17:32:03 | INFO     |     准确率: 0.683646
2025-07-27 17:32:03 | INFO     |     F1(macro): 0.693595
2025-07-27 17:32:03 | INFO     |     F1(weighted): 0.683065
2025-07-27 17:32:03 | INFO     |     精确率: 0.713224
2025-07-27 17:32:03 | INFO     |     召回率: 0.691964
2025-07-27 17:32:03 | INFO     |   学习率调度器: f1_based
2025-07-27 17:32:03 | INFO     | ------------------------------------------------------------
2025-07-27 17:32:03 | INFO     | 🎯 学习率调整事件:
2025-07-27 17:32:03 | INFO     |   调度器类型: f1_based
2025-07-27 17:32:03 | INFO     |   学习率变化: 0.00005000 → 0.00002500
2025-07-27 17:32:03 | INFO     |   触发条件: F1分数 = 0.683065
2025-07-27 17:32:03 | INFO     |   变化幅度: -50.00%
2025-07-27 17:32:03 | INFO     | ------------------------------------------------------------
2025-07-27 17:32:03 | INFO     | Epoch  41 | Train: Loss=0.4970, Acc=0.8122 | Val: Loss=0.9755, Acc=0.6836, F1=0.6831 | LR=0.000025 
2025-07-27 17:32:55 | INFO     | Epoch 42:
2025-07-27 17:32:55 | INFO     |   训练指标:
2025-07-27 17:32:55 | INFO     |     损失(ce): 0.417932
2025-07-27 17:32:55 | INFO     |     准确率: 0.837525
2025-07-27 17:32:55 | INFO     |     学习率: 0.00002500
2025-07-27 17:32:55 | INFO     |   验证指标(标准CE):
2025-07-27 17:32:55 | INFO     |     损失: 0.928375
2025-07-27 17:32:55 | INFO     |     准确率: 0.703083
2025-07-27 17:32:55 | INFO     |     F1(macro): 0.716878
2025-07-27 17:32:55 | INFO     |     F1(weighted): 0.706342
2025-07-27 17:32:55 | INFO     |     精确率: 0.731433
2025-07-27 17:32:55 | INFO     |     召回率: 0.712610
2025-07-27 17:32:55 | INFO     |   学习率调度器: f1_based
2025-07-27 17:32:55 | INFO     | ------------------------------------------------------------
2025-07-27 17:32:55 | INFO     | Epoch  42 | Train: Loss=0.4179, Acc=0.8375 | Val: Loss=0.9284, Acc=0.7031, F1=0.7063 | LR=0.000025 
2025-07-27 17:33:47 | INFO     | Epoch 43:
2025-07-27 17:33:47 | INFO     |   训练指标:
2025-07-27 17:33:47 | INFO     |     损失(ce): 0.397184
2025-07-27 17:33:47 | INFO     |     准确率: 0.848759
2025-07-27 17:33:47 | INFO     |     学习率: 0.00002500
2025-07-27 17:33:47 | INFO     |   验证指标(标准CE):
2025-07-27 17:33:47 | INFO     |     损失: 1.040437
2025-07-27 17:33:47 | INFO     |     准确率: 0.697051
2025-07-27 17:33:47 | INFO     |     F1(macro): 0.710901
2025-07-27 17:33:47 | INFO     |     F1(weighted): 0.699221
2025-07-27 17:33:47 | INFO     |     精确率: 0.730787
2025-07-27 17:33:47 | INFO     |     召回率: 0.709332
2025-07-27 17:33:47 | INFO     |   学习率调度器: f1_based
2025-07-27 17:33:47 | INFO     | ------------------------------------------------------------
2025-07-27 17:33:47 | INFO     | Epoch  43 | Train: Loss=0.3972, Acc=0.8488 | Val: Loss=1.0404, Acc=0.6971, F1=0.6992 | LR=0.000025 
2025-07-27 17:34:39 | INFO     | Epoch 44:
2025-07-27 17:34:39 | INFO     |   训练指标:
2025-07-27 17:34:39 | INFO     |     损失(ce): 0.395894
2025-07-27 17:34:39 | INFO     |     准确率: 0.845070
2025-07-27 17:34:39 | INFO     |     学习率: 0.00002500
2025-07-27 17:34:39 | INFO     |   验证指标(标准CE):
2025-07-27 17:34:39 | INFO     |     损失: 1.022214
2025-07-27 17:34:39 | INFO     |     准确率: 0.701743
2025-07-27 17:34:39 | INFO     |     F1(macro): 0.711812
2025-07-27 17:34:39 | INFO     |     F1(weighted): 0.702684
2025-07-27 17:34:39 | INFO     |     精确率: 0.728952
2025-07-27 17:34:39 | INFO     |     召回率: 0.711939
2025-07-27 17:34:39 | INFO     |   学习率调度器: f1_based
2025-07-27 17:34:39 | INFO     | ------------------------------------------------------------
2025-07-27 17:34:39 | INFO     | Epoch  44 | Train: Loss=0.3959, Acc=0.8451 | Val: Loss=1.0222, Acc=0.7017, F1=0.7027 | LR=0.000025 
2025-07-27 17:35:31 | INFO     | Epoch 45:
2025-07-27 17:35:31 | INFO     |   训练指标:
2025-07-27 17:35:31 | INFO     |     损失(ce): 0.381784
2025-07-27 17:35:31 | INFO     |     准确率: 0.856304
2025-07-27 17:35:31 | INFO     |     学习率: 0.00002500
2025-07-27 17:35:31 | INFO     |   验证指标(标准CE):
2025-07-27 17:35:31 | INFO     |     损失: 1.103077
2025-07-27 17:35:31 | INFO     |     准确率: 0.697051
2025-07-27 17:35:31 | INFO     |     F1(macro): 0.708208
2025-07-27 17:35:31 | INFO     |     F1(weighted): 0.697206
2025-07-27 17:35:31 | INFO     |     精确率: 0.731885
2025-07-27 17:35:31 | INFO     |     召回率: 0.709123
2025-07-27 17:35:31 | INFO     |   学习率调度器: f1_based
2025-07-27 17:35:31 | INFO     | ------------------------------------------------------------
2025-07-27 17:35:31 | INFO     | Epoch  45 | Train: Loss=0.3818, Acc=0.8563 | Val: Loss=1.1031, Acc=0.6971, F1=0.6972 | LR=0.000025 
2025-07-27 17:36:24 | INFO     | Epoch 46:
2025-07-27 17:36:24 | INFO     |   训练指标:
2025-07-27 17:36:24 | INFO     |     损失(ce): 0.373363
2025-07-27 17:36:24 | INFO     |     准确率: 0.857478
2025-07-27 17:36:24 | INFO     |     学习率: 0.00002500
2025-07-27 17:36:24 | INFO     |   验证指标(标准CE):
2025-07-27 17:36:24 | INFO     |     损失: 1.058354
2025-07-27 17:36:24 | INFO     |     准确率: 0.722520
2025-07-27 17:36:24 | INFO     |     F1(macro): 0.733107
2025-07-27 17:36:24 | INFO     |     F1(weighted): 0.723391
2025-07-27 17:36:24 | INFO     |     精确率: 0.752640
2025-07-27 17:36:24 | INFO     |     召回率: 0.733222
2025-07-27 17:36:24 | INFO     |   学习率调度器: f1_based
2025-07-27 17:36:24 | INFO     | ------------------------------------------------------------
2025-07-27 17:36:24 | INFO     | Epoch  46 | Train: Loss=0.3734, Acc=0.8575 | Val: Loss=1.0584, Acc=0.7225, F1=0.7234 | LR=0.000025 🏆 [最佳模型]
2025-07-27 17:37:16 | INFO     | Epoch 47:
2025-07-27 17:37:16 | INFO     |   训练指标:
2025-07-27 17:37:16 | INFO     |     损失(ce): 0.365264
2025-07-27 17:37:16 | INFO     |     准确率: 0.857646
2025-07-27 17:37:16 | INFO     |     学习率: 0.00002500
2025-07-27 17:37:16 | INFO     |   验证指标(标准CE):
2025-07-27 17:37:16 | INFO     |     损失: 1.040658
2025-07-27 17:37:16 | INFO     |     准确率: 0.705764
2025-07-27 17:37:16 | INFO     |     F1(macro): 0.721752
2025-07-27 17:37:16 | INFO     |     F1(weighted): 0.712240
2025-07-27 17:37:16 | INFO     |     精确率: 0.737791
2025-07-27 17:37:16 | INFO     |     召回率: 0.716764
2025-07-27 17:37:16 | INFO     |   学习率调度器: f1_based
2025-07-27 17:37:16 | INFO     | ------------------------------------------------------------
2025-07-27 17:37:16 | INFO     | Epoch  47 | Train: Loss=0.3653, Acc=0.8576 | Val: Loss=1.0407, Acc=0.7058, F1=0.7122 | LR=0.000025 
2025-07-27 17:38:08 | INFO     | Epoch 48:
2025-07-27 17:38:08 | INFO     |   训练指标:
2025-07-27 17:38:08 | INFO     |     损失(ce): 0.356915
2025-07-27 17:38:08 | INFO     |     准确率: 0.863514
2025-07-27 17:38:08 | INFO     |     学习率: 0.00002500
2025-07-27 17:38:08 | INFO     |   验证指标(标准CE):
2025-07-27 17:38:08 | INFO     |     损失: 1.209644
2025-07-27 17:38:08 | INFO     |     准确率: 0.701743
2025-07-27 17:38:08 | INFO     |     F1(macro): 0.715802
2025-07-27 17:38:08 | INFO     |     F1(weighted): 0.703883
2025-07-27 17:38:08 | INFO     |     精确率: 0.735919
2025-07-27 17:38:08 | INFO     |     召回率: 0.714012
2025-07-27 17:38:08 | INFO     |   学习率调度器: f1_based
2025-07-27 17:38:08 | INFO     | ------------------------------------------------------------
2025-07-27 17:38:08 | INFO     | Epoch  48 | Train: Loss=0.3569, Acc=0.8635 | Val: Loss=1.2096, Acc=0.7017, F1=0.7039 | LR=0.000025 
2025-07-27 17:39:01 | INFO     | Epoch 49:
2025-07-27 17:39:01 | INFO     |   训练指标:
2025-07-27 17:39:01 | INFO     |     损失(ce): 0.368062
2025-07-27 17:39:01 | INFO     |     准确率: 0.864688
2025-07-27 17:39:01 | INFO     |     学习率: 0.00002500
2025-07-27 17:39:01 | INFO     |   验证指标(标准CE):
2025-07-27 17:39:01 | INFO     |     损失: 1.321343
2025-07-27 17:39:01 | INFO     |     准确率: 0.695040
2025-07-27 17:39:01 | INFO     |     F1(macro): 0.715384
2025-07-27 17:39:01 | INFO     |     F1(weighted): 0.704820
2025-07-27 17:39:01 | INFO     |     精确率: 0.741297
2025-07-27 17:39:01 | INFO     |     召回率: 0.707450
2025-07-27 17:39:01 | INFO     |   学习率调度器: f1_based
2025-07-27 17:39:01 | INFO     | ------------------------------------------------------------
2025-07-27 17:39:01 | INFO     | Epoch  49 | Train: Loss=0.3681, Acc=0.8647 | Val: Loss=1.3213, Acc=0.6950, F1=0.7048 | LR=0.000025 
2025-07-27 17:39:53 | INFO     | Epoch 50:
2025-07-27 17:39:53 | INFO     |   训练指标:
2025-07-27 17:39:53 | INFO     |     损失(ce): 0.352610
2025-07-27 17:39:53 | INFO     |     准确率: 0.869718
2025-07-27 17:39:53 | INFO     |     学习率: 0.00002500
2025-07-27 17:39:53 | INFO     |   验证指标(标准CE):
2025-07-27 17:39:53 | INFO     |     损失: 1.140530
2025-07-27 17:39:53 | INFO     |     准确率: 0.705764
2025-07-27 17:39:53 | INFO     |     F1(macro): 0.719426
2025-07-27 17:39:53 | INFO     |     F1(weighted): 0.709208
2025-07-27 17:39:53 | INFO     |     精确率: 0.736449
2025-07-27 17:39:53 | INFO     |     召回率: 0.716826
2025-07-27 17:39:53 | INFO     |   学习率调度器: f1_based
2025-07-27 17:39:53 | INFO     | ------------------------------------------------------------
2025-07-27 17:39:53 | INFO     | Epoch  50 | Train: Loss=0.3526, Acc=0.8697 | Val: Loss=1.1405, Acc=0.7058, F1=0.7092 | LR=0.000025 
2025-07-27 17:40:45 | INFO     | Epoch 51:
2025-07-27 17:40:45 | INFO     |   训练指标:
2025-07-27 17:40:45 | INFO     |     损失(ce): 0.345897
2025-07-27 17:40:45 | INFO     |     准确率: 0.868377
2025-07-27 17:40:45 | INFO     |     学习率: 0.00002500
2025-07-27 17:40:45 | INFO     |   验证指标(标准CE):
2025-07-27 17:40:45 | INFO     |     损失: 1.317421
2025-07-27 17:40:45 | INFO     |     准确率: 0.691019
2025-07-27 17:40:45 | INFO     |     F1(macro): 0.709801
2025-07-27 17:40:45 | INFO     |     F1(weighted): 0.700996
2025-07-27 17:40:45 | INFO     |     精确率: 0.736451
2025-07-27 17:40:45 | INFO     |     召回率: 0.701395
2025-07-27 17:40:45 | INFO     |   学习率调度器: f1_based
2025-07-27 17:40:45 | INFO     | ------------------------------------------------------------
2025-07-27 17:40:45 | INFO     | Epoch  51 | Train: Loss=0.3459, Acc=0.8684 | Val: Loss=1.3174, Acc=0.6910, F1=0.7010 | LR=0.000025 
2025-07-27 17:41:37 | INFO     | Epoch 52:
2025-07-27 17:41:37 | INFO     |   训练指标:
2025-07-27 17:41:37 | INFO     |     损失(ce): 0.350142
2025-07-27 17:41:37 | INFO     |     准确率: 0.862676
2025-07-27 17:41:37 | INFO     |     学习率: 0.00002500
2025-07-27 17:41:37 | INFO     |   验证指标(标准CE):
2025-07-27 17:41:37 | INFO     |     损失: 1.156361
2025-07-27 17:41:37 | INFO     |     准确率: 0.717828
2025-07-27 17:41:37 | INFO     |     F1(macro): 0.733004
2025-07-27 17:41:37 | INFO     |     F1(weighted): 0.725623
2025-07-27 17:41:37 | INFO     |     精确率: 0.766929
2025-07-27 17:41:37 | INFO     |     召回率: 0.726589
2025-07-27 17:41:37 | INFO     |   学习率调度器: f1_based
2025-07-27 17:41:37 | INFO     | ------------------------------------------------------------
2025-07-27 17:41:37 | INFO     | Epoch  52 | Train: Loss=0.3501, Acc=0.8627 | Val: Loss=1.1564, Acc=0.7178, F1=0.7256 | LR=0.000025 🏆 [最佳模型]
2025-07-27 17:42:29 | INFO     | Epoch 53:
2025-07-27 17:42:29 | INFO     |   训练指标:
2025-07-27 17:42:29 | INFO     |     损失(ce): 0.345704
2025-07-27 17:42:29 | INFO     |     准确率: 0.871060
2025-07-27 17:42:29 | INFO     |     学习率: 0.00002500
2025-07-27 17:42:29 | INFO     |   验证指标(标准CE):
2025-07-27 17:42:29 | INFO     |     损失: 1.179560
2025-07-27 17:42:29 | INFO     |     准确率: 0.704424
2025-07-27 17:42:29 | INFO     |     F1(macro): 0.722786
2025-07-27 17:42:29 | INFO     |     F1(weighted): 0.712982
2025-07-27 17:42:29 | INFO     |     精确率: 0.744140
2025-07-27 17:42:29 | INFO     |     召回率: 0.714164
2025-07-27 17:42:29 | INFO     |   学习率调度器: f1_based
2025-07-27 17:42:29 | INFO     | ------------------------------------------------------------
2025-07-27 17:42:29 | INFO     | Epoch  53 | Train: Loss=0.3457, Acc=0.8711 | Val: Loss=1.1796, Acc=0.7044, F1=0.7130 | LR=0.000025 
2025-07-27 17:43:21 | INFO     | Epoch 54:
2025-07-27 17:43:21 | INFO     |   训练指标:
2025-07-27 17:43:21 | INFO     |     损失(ce): 0.342859
2025-07-27 17:43:21 | INFO     |     准确率: 0.867203
2025-07-27 17:43:21 | INFO     |     学习率: 0.00002500
2025-07-27 17:43:21 | INFO     |   验证指标(标准CE):
2025-07-27 17:43:21 | INFO     |     损失: 1.209908
2025-07-27 17:43:21 | INFO     |     准确率: 0.697051
2025-07-27 17:43:21 | INFO     |     F1(macro): 0.711649
2025-07-27 17:43:21 | INFO     |     F1(weighted): 0.702486
2025-07-27 17:43:21 | INFO     |     精确率: 0.728693
2025-07-27 17:43:21 | INFO     |     召回率: 0.706860
2025-07-27 17:43:21 | INFO     |   学习率调度器: f1_based
2025-07-27 17:43:21 | INFO     | ------------------------------------------------------------
2025-07-27 17:43:21 | INFO     | Epoch  54 | Train: Loss=0.3429, Acc=0.8672 | Val: Loss=1.2099, Acc=0.6971, F1=0.7025 | LR=0.000025 
2025-07-27 17:44:13 | INFO     | Epoch 55:
2025-07-27 17:44:13 | INFO     |   训练指标:
2025-07-27 17:44:13 | INFO     |     损失(ce): 0.336290
2025-07-27 17:44:13 | INFO     |     准确率: 0.869551
2025-07-27 17:44:13 | INFO     |     学习率: 0.00002500
2025-07-27 17:44:13 | INFO     |   验证指标(标准CE):
2025-07-27 17:44:13 | INFO     |     损失: 1.264383
2025-07-27 17:44:13 | INFO     |     准确率: 0.709786
2025-07-27 17:44:13 | INFO     |     F1(macro): 0.723562
2025-07-27 17:44:13 | INFO     |     F1(weighted): 0.714860
2025-07-27 17:44:13 | INFO     |     精确率: 0.746595
2025-07-27 17:44:13 | INFO     |     召回率: 0.719404
2025-07-27 17:44:13 | INFO     |   学习率调度器: f1_based
2025-07-27 17:44:13 | INFO     | ------------------------------------------------------------
2025-07-27 17:44:13 | INFO     | Epoch  55 | Train: Loss=0.3363, Acc=0.8696 | Val: Loss=1.2644, Acc=0.7098, F1=0.7149 | LR=0.000025 
2025-07-27 17:45:06 | INFO     | Epoch 56:
2025-07-27 17:45:06 | INFO     |   训练指标:
2025-07-27 17:45:06 | INFO     |     损失(ce): 0.325794
2025-07-27 17:45:06 | INFO     |     准确率: 0.879108
2025-07-27 17:45:06 | INFO     |     学习率: 0.00002500
2025-07-27 17:45:06 | INFO     |   验证指标(标准CE):
2025-07-27 17:45:06 | INFO     |     损失: 1.329992
2025-07-27 17:45:06 | INFO     |     准确率: 0.694370
2025-07-27 17:45:06 | INFO     |     F1(macro): 0.708758
2025-07-27 17:45:06 | INFO     |     F1(weighted): 0.698106
2025-07-27 17:45:06 | INFO     |     精确率: 0.731224
2025-07-27 17:45:06 | INFO     |     召回率: 0.706073
2025-07-27 17:45:06 | INFO     |   学习率调度器: f1_based
2025-07-27 17:45:06 | INFO     | ------------------------------------------------------------
2025-07-27 17:45:06 | INFO     | Epoch  56 | Train: Loss=0.3258, Acc=0.8791 | Val: Loss=1.3300, Acc=0.6944, F1=0.6981 | LR=0.000025 
2025-07-27 17:45:58 | INFO     | Epoch 57:
2025-07-27 17:45:58 | INFO     |   训练指标:
2025-07-27 17:45:58 | INFO     |     损失(ce): 0.317003
2025-07-27 17:45:58 | INFO     |     准确率: 0.883300
2025-07-27 17:45:58 | INFO     |     学习率: 0.00002500
2025-07-27 17:45:58 | INFO     |   验证指标(标准CE):
2025-07-27 17:45:58 | INFO     |     损失: 1.309423
2025-07-27 17:45:58 | INFO     |     准确率: 0.686997
2025-07-27 17:45:58 | INFO     |     F1(macro): 0.702101
2025-07-27 17:45:58 | INFO     |     F1(weighted): 0.690570
2025-07-27 17:45:58 | INFO     |     精确率: 0.716980
2025-07-27 17:45:58 | INFO     |     召回率: 0.699119
2025-07-27 17:45:58 | INFO     |   学习率调度器: f1_based
2025-07-27 17:45:58 | INFO     | ------------------------------------------------------------
2025-07-27 17:45:58 | INFO     | Epoch  57 | Train: Loss=0.3170, Acc=0.8833 | Val: Loss=1.3094, Acc=0.6870, F1=0.6906 | LR=0.000025 
2025-07-27 17:46:50 | INFO     | Epoch 58:
2025-07-27 17:46:50 | INFO     |   训练指标:
2025-07-27 17:46:50 | INFO     |     损失(ce): 0.319918
2025-07-27 17:46:50 | INFO     |     准确率: 0.878102
2025-07-27 17:46:50 | INFO     |     学习率: 0.00002500
2025-07-27 17:46:50 | INFO     |   验证指标(标准CE):
2025-07-27 17:46:50 | INFO     |     损失: 1.283473
2025-07-27 17:46:50 | INFO     |     准确率: 0.695710
2025-07-27 17:46:50 | INFO     |     F1(macro): 0.708451
2025-07-27 17:46:50 | INFO     |     F1(weighted): 0.697730
2025-07-27 17:46:50 | INFO     |     精确率: 0.725897
2025-07-27 17:46:50 | INFO     |     召回率: 0.706248
2025-07-27 17:46:50 | INFO     |   学习率调度器: f1_based
2025-07-27 17:46:50 | INFO     | ------------------------------------------------------------
2025-07-27 17:46:50 | INFO     | 🎯 学习率调整事件:
2025-07-27 17:46:50 | INFO     |   调度器类型: f1_based
2025-07-27 17:46:50 | INFO     |   学习率变化: 0.00002500 → 0.00001250
2025-07-27 17:46:50 | INFO     |   触发条件: F1分数 = 0.697730
2025-07-27 17:46:50 | INFO     |   变化幅度: -50.00%
2025-07-27 17:46:50 | INFO     | ------------------------------------------------------------
2025-07-27 17:46:50 | INFO     | Epoch  58 | Train: Loss=0.3199, Acc=0.8781 | Val: Loss=1.2835, Acc=0.6957, F1=0.6977 | LR=0.000013 
2025-07-27 17:47:42 | INFO     | Epoch 59:
2025-07-27 17:47:42 | INFO     |   训练指标:
2025-07-27 17:47:42 | INFO     |     损失(ce): 0.292891
2025-07-27 17:47:42 | INFO     |     准确率: 0.885815
2025-07-27 17:47:42 | INFO     |     学习率: 0.00001250
2025-07-27 17:47:42 | INFO     |   验证指标(标准CE):
2025-07-27 17:47:42 | INFO     |     损失: 1.322672
2025-07-27 17:47:42 | INFO     |     准确率: 0.699062
2025-07-27 17:47:42 | INFO     |     F1(macro): 0.712611
2025-07-27 17:47:42 | INFO     |     F1(weighted): 0.702348
2025-07-27 17:47:42 | INFO     |     精确率: 0.723853
2025-07-27 17:47:42 | INFO     |     召回率: 0.710661
2025-07-27 17:47:42 | INFO     |   学习率调度器: f1_based
2025-07-27 17:47:42 | INFO     | ------------------------------------------------------------
2025-07-27 17:47:42 | INFO     | Epoch  59 | Train: Loss=0.2929, Acc=0.8858 | Val: Loss=1.3227, Acc=0.6991, F1=0.7023 | LR=0.000013 
2025-07-27 17:48:34 | INFO     | Epoch 60:
2025-07-27 17:48:34 | INFO     |   训练指标:
2025-07-27 17:48:34 | INFO     |     损失(ce): 0.283067
2025-07-27 17:48:34 | INFO     |     准确率: 0.890845
2025-07-27 17:48:34 | INFO     |     学习率: 0.00001250
2025-07-27 17:48:34 | INFO     |   验证指标(标准CE):
2025-07-27 17:48:34 | INFO     |     损失: 1.532148
2025-07-27 17:48:34 | INFO     |     准确率: 0.695040
2025-07-27 17:48:34 | INFO     |     F1(macro): 0.710723
2025-07-27 17:48:34 | INFO     |     F1(weighted): 0.699911
2025-07-27 17:48:34 | INFO     |     精确率: 0.723488
2025-07-27 17:48:34 | INFO     |     召回率: 0.706209
2025-07-27 17:48:34 | INFO     |   学习率调度器: f1_based
2025-07-27 17:48:34 | INFO     | ------------------------------------------------------------
2025-07-27 17:48:34 | INFO     | Epoch  60 | Train: Loss=0.2831, Acc=0.8908 | Val: Loss=1.5321, Acc=0.6950, F1=0.6999 | LR=0.000013 
2025-07-27 17:49:26 | INFO     | Epoch 61:
2025-07-27 17:49:26 | INFO     |   训练指标:
2025-07-27 17:49:26 | INFO     |     损失(ce): 0.271918
2025-07-27 17:49:26 | INFO     |     准确率: 0.893025
2025-07-27 17:49:26 | INFO     |     学习率: 0.00001250
2025-07-27 17:49:26 | INFO     |   验证指标(标准CE):
2025-07-27 17:49:26 | INFO     |     损失: 1.409532
2025-07-27 17:49:26 | INFO     |     准确率: 0.707775
2025-07-27 17:49:26 | INFO     |     F1(macro): 0.725894
2025-07-27 17:49:26 | INFO     |     F1(weighted): 0.714713
2025-07-27 17:49:26 | INFO     |     精确率: 0.746160
2025-07-27 17:49:26 | INFO     |     召回率: 0.719709
2025-07-27 17:49:26 | INFO     |   学习率调度器: f1_based
2025-07-27 17:49:26 | INFO     | ------------------------------------------------------------
2025-07-27 17:49:26 | INFO     | Epoch  61 | Train: Loss=0.2719, Acc=0.8930 | Val: Loss=1.4095, Acc=0.7078, F1=0.7147 | LR=0.000013 
2025-07-27 17:50:18 | INFO     | Epoch 62:
2025-07-27 17:50:18 | INFO     |   训练指标:
2025-07-27 17:50:18 | INFO     |     损失(ce): 0.267359
2025-07-27 17:50:18 | INFO     |     准确率: 0.892857
2025-07-27 17:50:18 | INFO     |     学习率: 0.00001250
2025-07-27 17:50:18 | INFO     |   验证指标(标准CE):
2025-07-27 17:50:18 | INFO     |     损失: 1.361358
2025-07-27 17:50:18 | INFO     |     准确率: 0.691019
2025-07-27 17:50:18 | INFO     |     F1(macro): 0.709239
2025-07-27 17:50:18 | INFO     |     F1(weighted): 0.699060
2025-07-27 17:50:18 | INFO     |     精确率: 0.727880
2025-07-27 17:50:18 | INFO     |     召回率: 0.701858
2025-07-27 17:50:18 | INFO     |   学习率调度器: f1_based
2025-07-27 17:50:18 | INFO     | ------------------------------------------------------------
2025-07-27 17:50:18 | INFO     | Epoch  62 | Train: Loss=0.2674, Acc=0.8929 | Val: Loss=1.3614, Acc=0.6910, F1=0.6991 | LR=0.000013 
2025-07-27 17:51:10 | INFO     | Epoch 63:
2025-07-27 17:51:10 | INFO     |   训练指标:
2025-07-27 17:51:10 | INFO     |     损失(ce): 0.275118
2025-07-27 17:51:10 | INFO     |     准确率: 0.894031
2025-07-27 17:51:10 | INFO     |     学习率: 0.00001250
2025-07-27 17:51:10 | INFO     |   验证指标(标准CE):
2025-07-27 17:51:10 | INFO     |     损失: 1.460710
2025-07-27 17:51:10 | INFO     |     准确率: 0.709115
2025-07-27 17:51:10 | INFO     |     F1(macro): 0.723367
2025-07-27 17:51:10 | INFO     |     F1(weighted): 0.712573
2025-07-27 17:51:10 | INFO     |     精确率: 0.737253
2025-07-27 17:51:10 | INFO     |     召回率: 0.720473
2025-07-27 17:51:10 | INFO     |   学习率调度器: f1_based
2025-07-27 17:51:10 | INFO     | ------------------------------------------------------------
2025-07-27 17:51:10 | INFO     | Epoch  63 | Train: Loss=0.2751, Acc=0.8940 | Val: Loss=1.4607, Acc=0.7091, F1=0.7126 | LR=0.000013 
2025-07-27 17:52:02 | INFO     | Epoch 64:
2025-07-27 17:52:02 | INFO     |   训练指标:
2025-07-27 17:52:02 | INFO     |     损失(ce): 0.269831
2025-07-27 17:52:02 | INFO     |     准确率: 0.893696
2025-07-27 17:52:02 | INFO     |     学习率: 0.00001250
2025-07-27 17:52:02 | INFO     |   验证指标(标准CE):
2025-07-27 17:52:02 | INFO     |     损失: 1.395283
2025-07-27 17:52:02 | INFO     |     准确率: 0.695040
2025-07-27 17:52:02 | INFO     |     F1(macro): 0.709962
2025-07-27 17:52:02 | INFO     |     F1(weighted): 0.699620
2025-07-27 17:52:02 | INFO     |     精确率: 0.725656
2025-07-27 17:52:02 | INFO     |     召回率: 0.706079
2025-07-27 17:52:02 | INFO     |   学习率调度器: f1_based
2025-07-27 17:52:02 | INFO     | ------------------------------------------------------------
2025-07-27 17:52:02 | INFO     | Epoch  64 | Train: Loss=0.2698, Acc=0.8937 | Val: Loss=1.3953, Acc=0.6950, F1=0.6996 | LR=0.000013 
2025-07-27 17:52:54 | INFO     | Epoch 65:
2025-07-27 17:52:54 | INFO     |   训练指标:
2025-07-27 17:52:54 | INFO     |     损失(ce): 0.261477
2025-07-27 17:52:54 | INFO     |     准确率: 0.894702
2025-07-27 17:52:54 | INFO     |     学习率: 0.00001250
2025-07-27 17:52:54 | INFO     |   验证指标(标准CE):
2025-07-27 17:52:54 | INFO     |     损失: 1.444198
2025-07-27 17:52:54 | INFO     |     准确率: 0.700402
2025-07-27 17:52:54 | INFO     |     F1(macro): 0.716117
2025-07-27 17:52:54 | INFO     |     F1(weighted): 0.705915
2025-07-27 17:52:54 | INFO     |     精确率: 0.739850
2025-07-27 17:52:54 | INFO     |     召回率: 0.711559
2025-07-27 17:52:54 | INFO     |   学习率调度器: f1_based
2025-07-27 17:52:54 | INFO     | ------------------------------------------------------------
2025-07-27 17:52:54 | INFO     | Epoch  65 | Train: Loss=0.2615, Acc=0.8947 | Val: Loss=1.4442, Acc=0.7004, F1=0.7059 | LR=0.000013 
2025-07-27 17:53:47 | INFO     | Epoch 66:
2025-07-27 17:53:47 | INFO     |   训练指标:
2025-07-27 17:53:47 | INFO     |     损失(ce): 0.252874
2025-07-27 17:53:47 | INFO     |     准确率: 0.899229
2025-07-27 17:53:47 | INFO     |     学习率: 0.00001250
2025-07-27 17:53:47 | INFO     |   验证指标(标准CE):
2025-07-27 17:53:47 | INFO     |     损失: 1.448255
2025-07-27 17:53:47 | INFO     |     准确率: 0.704424
2025-07-27 17:53:47 | INFO     |     F1(macro): 0.718086
2025-07-27 17:53:47 | INFO     |     F1(weighted): 0.707750
2025-07-27 17:53:47 | INFO     |     精确率: 0.735518
2025-07-27 17:53:47 | INFO     |     召回率: 0.714438
2025-07-27 17:53:47 | INFO     |   学习率调度器: f1_based
2025-07-27 17:53:47 | INFO     | ------------------------------------------------------------
2025-07-27 17:53:47 | INFO     | 🎯 学习率调整事件:
2025-07-27 17:53:47 | INFO     |   调度器类型: f1_based
2025-07-27 17:53:47 | INFO     |   学习率变化: 0.00001250 → 0.00000625
2025-07-27 17:53:47 | INFO     |   触发条件: F1分数 = 0.707750
2025-07-27 17:53:47 | INFO     |   变化幅度: -50.00%
2025-07-27 17:53:47 | INFO     | ------------------------------------------------------------
2025-07-27 17:53:47 | INFO     | Epoch  66 | Train: Loss=0.2529, Acc=0.8992 | Val: Loss=1.4483, Acc=0.7044, F1=0.7077 | LR=0.000006 
2025-07-27 17:54:39 | INFO     | Epoch 67:
2025-07-27 17:54:39 | INFO     |   训练指标:
2025-07-27 17:54:39 | INFO     |     损失(ce): 0.241397
2025-07-27 17:54:39 | INFO     |     准确率: 0.902414
2025-07-27 17:54:39 | INFO     |     学习率: 0.00000625
2025-07-27 17:54:39 | INFO     |   验证指标(标准CE):
2025-07-27 17:54:39 | INFO     |     损失: 1.532601
2025-07-27 17:54:39 | INFO     |     准确率: 0.701743
2025-07-27 17:54:39 | INFO     |     F1(macro): 0.715586
2025-07-27 17:54:39 | INFO     |     F1(weighted): 0.705673
2025-07-27 17:54:39 | INFO     |     精确率: 0.733177
2025-07-27 17:54:39 | INFO     |     召回率: 0.711929
2025-07-27 17:54:39 | INFO     |   学习率调度器: f1_based
2025-07-27 17:54:39 | INFO     | ------------------------------------------------------------
2025-07-27 17:54:39 | INFO     | Epoch  67 | Train: Loss=0.2414, Acc=0.9024 | Val: Loss=1.5326, Acc=0.7017, F1=0.7057 | LR=0.000006 
2025-07-27 17:54:39 | INFO     | ⏹️ 早停触发，在第 67 轮停止训练
2025-07-27 17:54:46 | INFO     | 训练历史已保存到: ./result/0727_1654_DualGAF_DDAHU_SimpleGAFNet_消融-直接卷积-resnet_sl96_step96_fd128_extractor-dilated_gaf-adaptive_attention-channel_classifier-mlp_stat-basic_fusion-concat/training_history.csv
2025-07-27 17:54:46 | INFO     | 
====================================================================================================
2025-07-27 17:54:46 | INFO     | 🎉 训练完成总结:
2025-07-27 17:54:46 | INFO     |   训练损失函数: ce
2025-07-27 17:54:46 | INFO     |   验证损失函数: 标准交叉熵（遵循主流ML规范）
2025-07-27 17:54:46 | INFO     |   训练过程最佳验证准确率: 0.7225
2025-07-27 17:54:46 | INFO     |   训练过程最佳验证F1(macro): 0.7331
2025-07-27 17:54:46 | INFO     |   训练过程最佳验证F1(weighted): 0.7256
2025-07-27 17:54:46 | INFO     |   训练轮数: 67
2025-07-27 17:54:46 | INFO     | --------------------------------------------------
2025-07-27 17:54:46 | INFO     | 📊 最佳模型真实性能指标（基于标准交叉熵损失）:
2025-07-27 17:54:46 | INFO     |   验证损失(标准CE): 1.1564
2025-07-27 17:54:46 | INFO     |   验证准确率: 0.7178
2025-07-27 17:54:46 | INFO     |   验证F1(macro): 0.7330
2025-07-27 17:54:46 | INFO     |   验证F1(weighted): 0.7256
2025-07-27 17:54:46 | INFO     |   验证精确率: 0.7669
2025-07-27 17:54:46 | INFO     |   验证召回率: 0.7266
2025-07-27 17:54:46 | INFO     | ====================================================================================================
2025-07-27 17:54:52 | INFO     | ================================================================================
2025-07-27 17:54:52 | INFO     | 实验日志结束: DualGAF_DDAHU_SimpleGAFNet_消融-直接卷积-resnet_sl96_step96_fd128_extractor-dilated_gaf-adaptive_attention-channel_classifier-mlp_stat-basic_fusion-concat
2025-07-27 17:54:52 | INFO     | 结束时间: 2025-07-27 17:54:52
2025-07-27 17:54:52 | INFO     | ================================================================================
