2025-07-27 23:28:06 | INFO     | ================================================================================
2025-07-27 23:28:06 | INFO     | 实验日志开始: DualGAF_OneDCNN_oneCNN+无统计消融_sl96_step96_fd128_extractor-dilated_gaf-concat_attention-channel_classifier-mlp_stat-basic_fusion-concat
2025-07-27 23:28:06 | INFO     | 日志文件: ./result/0727_2328_DualGAF_OneDCNN_oneCNN+无统计消融_sl96_step96_fd128_extractor-dilated_gaf-concat_attention-channel_classifier-mlp_stat-basic_fusion-concat/training.log
2025-07-27 23:28:06 | INFO     | 开始时间: 2025-07-27 23:28:06
2025-07-27 23:28:06 | INFO     | ================================================================================
2025-07-27 23:28:06 | INFO     | ⚙️ 实验配置:
2025-07-27 23:28:06 | INFO     |    task_name: classification
2025-07-27 23:28:06 | INFO     |    is_training: 1
2025-07-27 23:28:06 | INFO     |    model_id: test
2025-07-27 23:28:06 | INFO     |    model: OneDCNN
2025-07-27 23:28:06 | INFO     |    data: DualGAF
2025-07-27 23:28:06 | INFO     |    root_path: ./dataset/SAHU/direct_5_working
2025-07-27 23:28:06 | INFO     |    step: 96
2025-07-27 23:28:06 | INFO     |    checkpoints: ./checkpoints/
2025-07-27 23:28:06 | INFO     |    num_class: 9
2025-07-27 23:28:06 | INFO     |    result_path: ./result/
2025-07-27 23:28:06 | INFO     |    test_size: 0.2
2025-07-27 23:28:06 | INFO     |    rows: None
2025-07-27 23:28:06 | INFO     |    seq_len: 96
2025-07-27 23:28:06 | INFO     |    enc_in: 26
2025-07-27 23:28:06 | INFO     |    d_model: 512
2025-07-27 23:28:06 | INFO     |    n_heads: 8
2025-07-27 23:28:06 | INFO     |    e_layers: 2
2025-07-27 23:28:06 | INFO     |    d_layers: 1
2025-07-27 23:28:06 | INFO     |    d_ff: 2048
2025-07-27 23:28:06 | INFO     |    moving_avg: 25
2025-07-27 23:28:06 | INFO     |    factor: 1
2025-07-27 23:28:06 | INFO     |    distil: True
2025-07-27 23:28:06 | INFO     |    dropout: 0.1
2025-07-27 23:28:06 | INFO     |    embed: timeF
2025-07-27 23:28:06 | INFO     |    activation: gelu
2025-07-27 23:28:06 | INFO     |    use_norm: 1
2025-07-27 23:28:06 | INFO     |    gaf_method: summation
2025-07-27 23:28:06 | INFO     |    feature_dim: 128
2025-07-27 23:28:06 | INFO     |    data_type_method: uint8
2025-07-27 23:28:06 | INFO     |    use_attention: True
2025-07-27 23:28:06 | INFO     |    hidden_dim: 64
2025-07-27 23:28:06 | INFO     |    sample_size: 1000
2025-07-27 23:28:06 | INFO     |    cnn_dropout_rate: 0.3
2025-07-27 23:28:06 | INFO     |    cnn_use_batch_norm: True
2025-07-27 23:28:06 | INFO     |    channel_groups: None
2025-07-27 23:28:06 | INFO     |    hvac_groups: None
2025-07-27 23:28:06 | INFO     |    extractor_type: dilated
2025-07-27 23:28:06 | INFO     |    fusion_type: concat
2025-07-27 23:28:06 | INFO     |    attention_type: channel
2025-07-27 23:28:06 | INFO     |    classifier_type: mlp
2025-07-27 23:28:06 | INFO     |    use_statistical_features: True
2025-07-27 23:28:06 | INFO     |    stat_type: basic
2025-07-27 23:28:06 | INFO     |    multimodal_fusion_strategy: concat
2025-07-27 23:28:06 | INFO     |    use_signal_level_stats: False
2025-07-27 23:28:06 | INFO     |    signal_stat_type: comprehensive
2025-07-27 23:28:06 | INFO     |    signal_stat_fusion_strategy: concat_project
2025-07-27 23:28:06 | INFO     |    signal_stat_feature_dim: 32
2025-07-27 23:28:06 | INFO     |    use_diff_branch: True
2025-07-27 23:28:06 | INFO     |    ablation_mode: none
2025-07-27 23:28:06 | INFO     |    backbone_type: resnet18
2025-07-27 23:28:06 | INFO     |    use_sum_branch: True
2025-07-27 23:28:06 | INFO     |    num_workers: 0
2025-07-27 23:28:06 | INFO     |    cuda_debug: False
2025-07-27 23:28:06 | INFO     |    gpu_memory_fraction: 0.9
2025-07-27 23:28:06 | INFO     |    safe_mode: True
2025-07-27 23:28:06 | INFO     |    drop_last_batch: True
2025-07-27 23:28:06 | INFO     |    itr: 1
2025-07-27 23:28:06 | INFO     |    train_epochs: 300
2025-07-27 23:28:06 | INFO     |    batch_size: 4
2025-07-27 23:28:06 | INFO     |    patience: 15
2025-07-27 23:28:06 | INFO     |    learning_rate: 0.0001
2025-07-27 23:28:06 | INFO     |    des: oneCNN+无统计消融
2025-07-27 23:28:06 | INFO     |    loss: MSE
2025-07-27 23:28:06 | INFO     |    lradj: type1
2025-07-27 23:28:06 | INFO     |    lr_scheduler_type: f1_based
2025-07-27 23:28:06 | INFO     |    lr_loss_weight: 0.3
2025-07-27 23:28:06 | INFO     |    lr_f1_weight: 0.7
2025-07-27 23:28:06 | INFO     |    use_amp: False
2025-07-27 23:28:06 | INFO     |    gradient_accumulation_steps: 2
2025-07-27 23:28:06 | INFO     |    enable_auto_gradient_accumulation: True
2025-07-27 23:28:06 | INFO     |    loss_type: ce
2025-07-27 23:28:06 | INFO     |    label_smoothing: 0.1
2025-07-27 23:28:06 | INFO     |    focal_alpha: 1.0
2025-07-27 23:28:06 | INFO     |    focal_gamma: 2.0
2025-07-27 23:28:06 | INFO     |    confidence_penalty_beta: 0.1
2025-07-27 23:28:06 | INFO     |    use_timm_loss: True
2025-07-27 23:28:06 | INFO     |    adaptive_initial_smoothing: 0.2
2025-07-27 23:28:06 | INFO     |    adaptive_final_smoothing: 0.05
2025-07-27 23:28:06 | INFO     |    adaptive_decay_epochs: 30
2025-07-27 23:28:06 | INFO     |    enable_class_weights: False
2025-07-27 23:28:06 | INFO     |    class_weights: None
2025-07-27 23:28:06 | INFO     |    loss_preset: None
2025-07-27 23:28:06 | INFO     |    n_jobs: 1
2025-07-27 23:28:06 | INFO     |    use_multiprocessing: False
2025-07-27 23:28:06 | INFO     |    chunk_size: 800
2025-07-27 23:28:06 | INFO     |    disable_parallel: True
2025-07-27 23:28:06 | INFO     |    use_shared_memory: False
2025-07-27 23:28:06 | INFO     |    disable_shared_memory: False
2025-07-27 23:28:06 | INFO     |    use_gpu: True
2025-07-27 23:28:06 | INFO     |    gpu: 0
2025-07-27 23:28:06 | INFO     |    gpu_type: cuda
2025-07-27 23:28:06 | INFO     |    use_multi_gpu: False
2025-07-27 23:28:06 | INFO     |    devices: 0,1,2,3
2025-07-27 23:28:06 | INFO     |    device: cuda:0
2025-07-27 23:28:06 | INFO     |    feature_columns: ['CHWC_VLV', 'CHWC_VLV_DM', 'MA_TEMP', 'OA_CFM', 'OA_DMPR', 'OA_DMPR_DM', 'OA_TEMP', 'RA_CFM', 'RA_DMPR', 'RA_DMPR_DM', 'RA_TEMP', 'RF_CS', 'RF_SPD', 'RF_WAT', 'SA_CFM', 'SA_SP', 'SA_SPSPT', 'SA_TEMP', 'SF_CS', 'SF_SPD', 'SF_WAT', 'ZONE_TEMP_1', 'ZONE_TEMP_2', 'ZONE_TEMP_3', 'ZONE_TEMP_4', 'ZONE_TEMP_5']
2025-07-27 23:28:06 | INFO     | 🏗️ 模型信息:
2025-07-27 23:28:06 | INFO     |    模型类型: Model
2025-07-27 23:28:06 | INFO     |    总参数数量: 692,681
2025-07-27 23:28:06 | INFO     |    可训练参数: 692,681
2025-07-27 23:28:06 | INFO     |    模型大小估计: 2.64 MB
2025-07-27 23:28:06 | INFO     | 📊 数据集信息:
2025-07-27 23:28:06 | INFO     |    训练集大小: 3996
2025-07-27 23:28:06 | INFO     |    验证集大小: 999
2025-07-27 23:28:06 | INFO     | 
================================================================================
2025-07-27 23:28:06 | INFO     | 📋 损失函数使用策略（遵循主流机器学习规范）:
2025-07-27 23:28:06 | INFO     |    🎯 训练阶段: 使用 ce 损失函数
2025-07-27 23:28:06 | INFO     |       → 目的：优化模型参数，解决特定问题（类别不平衡、相似性等）
2025-07-27 23:28:06 | INFO     |    📊 验证阶段: 使用标准交叉熵损失函数
2025-07-27 23:28:06 | INFO     |       → 目的：客观评估模型性能，便于不同方法比较
2025-07-27 23:28:06 | INFO     |    📈 最终报告: 基于标准交叉熵损失的指标
2025-07-27 23:28:06 | INFO     |       → 目的：提供可信、可比较的性能指标
2025-07-27 23:28:06 | INFO     | ================================================================================

2025-07-27 23:28:06 | INFO     | 🔄 梯度累积配置: 每2轮累积一次梯度
2025-07-27 23:28:06 | INFO     |    实际batch_size: 4
2025-07-27 23:28:06 | INFO     |    有效batch_size: 8
2025-07-27 23:28:24 | INFO     | Epoch 1:
2025-07-27 23:28:24 | INFO     |   训练指标:
2025-07-27 23:28:24 | INFO     |     损失(ce): 2.097967
2025-07-27 23:28:24 | INFO     |     准确率: 0.227227
2025-07-27 23:28:24 | INFO     |     学习率: 0.00010000
2025-07-27 23:28:24 | INFO     |   验证指标(标准CE):
2025-07-27 23:28:24 | INFO     |     损失: 1.685569
2025-07-27 23:28:24 | INFO     |     准确率: 0.222222
2025-07-27 23:28:24 | INFO     |     F1(macro): 0.174626
2025-07-27 23:28:24 | INFO     |     F1(weighted): 0.153269
2025-07-27 23:28:24 | INFO     |     精确率: 0.152302
2025-07-27 23:28:24 | INFO     |     召回率: 0.250047
2025-07-27 23:28:24 | INFO     |   学习率调度器: f1_based
2025-07-27 23:28:24 | INFO     | ------------------------------------------------------------
2025-07-27 23:28:24 | INFO     | Epoch   1 | Train: Loss=2.0980, Acc=0.2272 | Val: Loss=1.6856, Acc=0.2222, F1=0.1533 | LR=0.000100 🏆 [最佳模型]
2025-07-27 23:28:39 | INFO     | Epoch 2:
2025-07-27 23:28:39 | INFO     |   训练指标:
2025-07-27 23:28:39 | INFO     |     损失(ce): 1.423433
2025-07-27 23:28:39 | INFO     |     准确率: 0.464214
2025-07-27 23:28:39 | INFO     |     学习率: 0.00010000
2025-07-27 23:28:39 | INFO     |   验证指标(标准CE):
2025-07-27 23:28:39 | INFO     |     损失: 0.786640
2025-07-27 23:28:39 | INFO     |     准确率: 0.752753
2025-07-27 23:28:39 | INFO     |     F1(macro): 0.714632
2025-07-27 23:28:39 | INFO     |     F1(weighted): 0.704716
2025-07-27 23:28:39 | INFO     |     精确率: 0.776564
2025-07-27 23:28:39 | INFO     |     召回率: 0.765530
2025-07-27 23:28:39 | INFO     |   学习率调度器: f1_based
2025-07-27 23:28:39 | INFO     | ------------------------------------------------------------
2025-07-27 23:28:39 | INFO     | Epoch   2 | Train: Loss=1.4234, Acc=0.4642 | Val: Loss=0.7866, Acc=0.7528, F1=0.7047 | LR=0.000100 🏆 [最佳模型]
2025-07-27 23:28:54 | INFO     | Epoch 3:
2025-07-27 23:28:54 | INFO     |   训练指标:
2025-07-27 23:28:54 | INFO     |     损失(ce): 1.004850
2025-07-27 23:28:54 | INFO     |     准确率: 0.634635
2025-07-27 23:28:54 | INFO     |     学习率: 0.00010000
2025-07-27 23:28:54 | INFO     |   验证指标(标准CE):
2025-07-27 23:28:54 | INFO     |     损失: 0.465790
2025-07-27 23:28:54 | INFO     |     准确率: 0.780781
2025-07-27 23:28:54 | INFO     |     F1(macro): 0.744412
2025-07-27 23:28:54 | INFO     |     F1(weighted): 0.740091
2025-07-27 23:28:54 | INFO     |     精确率: 0.787972
2025-07-27 23:28:54 | INFO     |     召回率: 0.783436
2025-07-27 23:28:54 | INFO     |   学习率调度器: f1_based
2025-07-27 23:28:54 | INFO     | ------------------------------------------------------------
2025-07-27 23:28:54 | INFO     | Epoch   3 | Train: Loss=1.0049, Acc=0.6346 | Val: Loss=0.4658, Acc=0.7808, F1=0.7401 | LR=0.000100 🏆 [最佳模型]
2025-07-27 23:29:08 | INFO     | Epoch 4:
2025-07-27 23:29:08 | INFO     |   训练指标:
2025-07-27 23:29:08 | INFO     |     损失(ce): 0.869688
2025-07-27 23:29:08 | INFO     |     准确率: 0.671421
2025-07-27 23:29:08 | INFO     |     学习率: 0.00010000
2025-07-27 23:29:08 | INFO     |   验证指标(标准CE):
2025-07-27 23:29:08 | INFO     |     损失: 0.359929
2025-07-27 23:29:08 | INFO     |     准确率: 0.883884
2025-07-27 23:29:08 | INFO     |     F1(macro): 0.848743
2025-07-27 23:29:08 | INFO     |     F1(weighted): 0.845773
2025-07-27 23:29:08 | INFO     |     精确率: 0.830411
2025-07-27 23:29:08 | INFO     |     召回率: 0.883972
2025-07-27 23:29:08 | INFO     |   学习率调度器: f1_based
2025-07-27 23:29:08 | INFO     | ------------------------------------------------------------
2025-07-27 23:29:08 | INFO     | Epoch   4 | Train: Loss=0.8697, Acc=0.6714 | Val: Loss=0.3599, Acc=0.8839, F1=0.8458 | LR=0.000100 🏆 [最佳模型]
2025-07-27 23:29:23 | INFO     | Epoch 5:
2025-07-27 23:29:23 | INFO     |   训练指标:
2025-07-27 23:29:23 | INFO     |     损失(ce): 0.789189
2025-07-27 23:29:23 | INFO     |     准确率: 0.706206
2025-07-27 23:29:23 | INFO     |     学习率: 0.00010000
2025-07-27 23:29:23 | INFO     |   验证指标(标准CE):
2025-07-27 23:29:23 | INFO     |     损失: 0.302491
2025-07-27 23:29:23 | INFO     |     准确率: 0.866867
2025-07-27 23:29:23 | INFO     |     F1(macro): 0.843372
2025-07-27 23:29:23 | INFO     |     F1(weighted): 0.833552
2025-07-27 23:29:23 | INFO     |     精确率: 0.938428
2025-07-27 23:29:23 | INFO     |     召回率: 0.876942
2025-07-27 23:29:23 | INFO     |   学习率调度器: f1_based
2025-07-27 23:29:23 | INFO     | ------------------------------------------------------------
2025-07-27 23:29:23 | INFO     | Epoch   5 | Train: Loss=0.7892, Acc=0.7062 | Val: Loss=0.3025, Acc=0.8669, F1=0.8336 | LR=0.000100 
2025-07-27 23:29:37 | INFO     | Epoch 6:
2025-07-27 23:29:37 | INFO     |   训练指标:
2025-07-27 23:29:37 | INFO     |     损失(ce): 0.696936
2025-07-27 23:29:37 | INFO     |     准确率: 0.738989
2025-07-27 23:29:37 | INFO     |     学习率: 0.00010000
2025-07-27 23:29:37 | INFO     |   验证指标(标准CE):
2025-07-27 23:29:37 | INFO     |     损失: 0.235996
2025-07-27 23:29:37 | INFO     |     准确率: 0.878879
2025-07-27 23:29:37 | INFO     |     F1(macro): 0.849692
2025-07-27 23:29:37 | INFO     |     F1(weighted): 0.839682
2025-07-27 23:29:37 | INFO     |     精确率: 0.830939
2025-07-27 23:29:37 | INFO     |     召回率: 0.888889
2025-07-27 23:29:37 | INFO     |   学习率调度器: f1_based
2025-07-27 23:29:37 | INFO     | ------------------------------------------------------------
2025-07-27 23:29:37 | INFO     | Epoch   6 | Train: Loss=0.6969, Acc=0.7390 | Val: Loss=0.2360, Acc=0.8789, F1=0.8397 | LR=0.000100 
2025-07-27 23:29:52 | INFO     | Epoch 7:
2025-07-27 23:29:52 | INFO     |   训练指标:
2025-07-27 23:29:52 | INFO     |     损失(ce): 0.646146
2025-07-27 23:29:52 | INFO     |     准确率: 0.759259
2025-07-27 23:29:52 | INFO     |     学习率: 0.00010000
2025-07-27 23:29:52 | INFO     |   验证指标(标准CE):
2025-07-27 23:29:52 | INFO     |     损失: 0.225600
2025-07-27 23:29:52 | INFO     |     准确率: 0.886887
2025-07-27 23:29:52 | INFO     |     F1(macro): 0.850478
2025-07-27 23:29:52 | INFO     |     F1(weighted): 0.847363
2025-07-27 23:29:52 | INFO     |     精确率: 0.829797
2025-07-27 23:29:52 | INFO     |     召回率: 0.886922
2025-07-27 23:29:52 | INFO     |   学习率调度器: f1_based
2025-07-27 23:29:52 | INFO     | ------------------------------------------------------------
2025-07-27 23:29:52 | INFO     | Epoch   7 | Train: Loss=0.6461, Acc=0.7593 | Val: Loss=0.2256, Acc=0.8869, F1=0.8474 | LR=0.000100 🏆 [最佳模型]
2025-07-27 23:30:06 | INFO     | Epoch 8:
2025-07-27 23:30:06 | INFO     |   训练指标:
2025-07-27 23:30:06 | INFO     |     损失(ce): 0.584607
2025-07-27 23:30:06 | INFO     |     准确率: 0.774274
2025-07-27 23:30:06 | INFO     |     学习率: 0.00010000
2025-07-27 23:30:06 | INFO     |   验证指标(标准CE):
2025-07-27 23:30:06 | INFO     |     损失: 0.225999
2025-07-27 23:30:06 | INFO     |     准确率: 0.853854
2025-07-27 23:30:06 | INFO     |     F1(macro): 0.826809
2025-07-27 23:30:06 | INFO     |     F1(weighted): 0.816599
2025-07-27 23:30:06 | INFO     |     精确率: 0.803811
2025-07-27 23:30:06 | INFO     |     召回率: 0.863864
2025-07-27 23:30:06 | INFO     |   学习率调度器: f1_based
2025-07-27 23:30:06 | INFO     | ------------------------------------------------------------
2025-07-27 23:30:06 | INFO     | Epoch   8 | Train: Loss=0.5846, Acc=0.7743 | Val: Loss=0.2260, Acc=0.8539, F1=0.8166 | LR=0.000100 
2025-07-27 23:30:20 | INFO     | Epoch 9:
2025-07-27 23:30:20 | INFO     |   训练指标:
2025-07-27 23:30:20 | INFO     |     损失(ce): 0.538117
2025-07-27 23:30:20 | INFO     |     准确率: 0.790791
2025-07-27 23:30:20 | INFO     |     学习率: 0.00010000
2025-07-27 23:30:20 | INFO     |   验证指标(标准CE):
2025-07-27 23:30:20 | INFO     |     损失: 0.195368
2025-07-27 23:30:20 | INFO     |     准确率: 0.888889
2025-07-27 23:30:20 | INFO     |     F1(macro): 0.853950
2025-07-27 23:30:20 | INFO     |     F1(weighted): 0.850803
2025-07-27 23:30:20 | INFO     |     精确率: 0.835728
2025-07-27 23:30:20 | INFO     |     召回率: 0.888889
2025-07-27 23:30:20 | INFO     |   学习率调度器: f1_based
2025-07-27 23:30:20 | INFO     | ------------------------------------------------------------
2025-07-27 23:30:20 | INFO     | Epoch   9 | Train: Loss=0.5381, Acc=0.7908 | Val: Loss=0.1954, Acc=0.8889, F1=0.8508 | LR=0.000100 🏆 [最佳模型]
2025-07-27 23:30:35 | INFO     | Epoch 10:
2025-07-27 23:30:35 | INFO     |   训练指标:
2025-07-27 23:30:35 | INFO     |     损失(ce): 0.507456
2025-07-27 23:30:35 | INFO     |     准确率: 0.795546
2025-07-27 23:30:35 | INFO     |     学习率: 0.00010000
2025-07-27 23:30:35 | INFO     |   验证指标(标准CE):
2025-07-27 23:30:35 | INFO     |     损失: 0.181305
2025-07-27 23:30:35 | INFO     |     准确率: 0.889890
2025-07-27 23:30:35 | INFO     |     F1(macro): 0.870976
2025-07-27 23:30:35 | INFO     |     F1(weighted): 0.867675
2025-07-27 23:30:35 | INFO     |     精确率: 0.892206
2025-07-27 23:30:35 | INFO     |     召回率: 0.890800
2025-07-27 23:30:35 | INFO     |   学习率调度器: f1_based
2025-07-27 23:30:35 | INFO     | ------------------------------------------------------------
2025-07-27 23:30:35 | INFO     | Epoch  10 | Train: Loss=0.5075, Acc=0.7955 | Val: Loss=0.1813, Acc=0.8899, F1=0.8677 | LR=0.000100 🏆 [最佳模型]
2025-07-27 23:30:49 | INFO     | Epoch 11:
2025-07-27 23:30:49 | INFO     |   训练指标:
2025-07-27 23:30:49 | INFO     |     损失(ce): 0.455898
2025-07-27 23:30:49 | INFO     |     准确率: 0.816316
2025-07-27 23:30:49 | INFO     |     学习率: 0.00010000
2025-07-27 23:30:49 | INFO     |   验证指标(标准CE):
2025-07-27 23:30:49 | INFO     |     损失: 0.173791
2025-07-27 23:30:49 | INFO     |     准确率: 0.890891
2025-07-27 23:30:49 | INFO     |     F1(macro): 0.867385
2025-07-27 23:30:49 | INFO     |     F1(weighted): 0.864167
2025-07-27 23:30:49 | INFO     |     精确率: 0.899884
2025-07-27 23:30:49 | INFO     |     召回率: 0.891387
2025-07-27 23:30:49 | INFO     |   学习率调度器: f1_based
2025-07-27 23:30:49 | INFO     | ------------------------------------------------------------
2025-07-27 23:30:49 | INFO     | Epoch  11 | Train: Loss=0.4559, Acc=0.8163 | Val: Loss=0.1738, Acc=0.8909, F1=0.8642 | LR=0.000100 
2025-07-27 23:31:03 | INFO     | Epoch 12:
2025-07-27 23:31:03 | INFO     |   训练指标:
2025-07-27 23:31:03 | INFO     |     损失(ce): 0.452187
2025-07-27 23:31:03 | INFO     |     准确率: 0.812813
2025-07-27 23:31:03 | INFO     |     学习率: 0.00010000
2025-07-27 23:31:03 | INFO     |   验证指标(标准CE):
2025-07-27 23:31:03 | INFO     |     损失: 0.169662
2025-07-27 23:31:03 | INFO     |     准确率: 0.890891
2025-07-27 23:31:03 | INFO     |     F1(macro): 0.858317
2025-07-27 23:31:03 | INFO     |     F1(weighted): 0.855209
2025-07-27 23:31:03 | INFO     |     精确率: 0.947343
2025-07-27 23:31:03 | INFO     |     召回率: 0.890891
2025-07-27 23:31:03 | INFO     |   学习率调度器: f1_based
2025-07-27 23:31:03 | INFO     | ------------------------------------------------------------
2025-07-27 23:31:03 | INFO     | Epoch  12 | Train: Loss=0.4522, Acc=0.8128 | Val: Loss=0.1697, Acc=0.8909, F1=0.8552 | LR=0.000100 
2025-07-27 23:31:18 | INFO     | Epoch 13:
2025-07-27 23:31:18 | INFO     |   训练指标:
2025-07-27 23:31:18 | INFO     |     损失(ce): 0.439089
2025-07-27 23:31:18 | INFO     |     准确率: 0.824825
2025-07-27 23:31:18 | INFO     |     学习率: 0.00010000
2025-07-27 23:31:18 | INFO     |   验证指标(标准CE):
2025-07-27 23:31:18 | INFO     |     损失: 0.170600
2025-07-27 23:31:18 | INFO     |     准确率: 0.886887
2025-07-27 23:31:18 | INFO     |     F1(macro): 0.865191
2025-07-27 23:31:18 | INFO     |     F1(weighted): 0.856422
2025-07-27 23:31:18 | INFO     |     精确率: 0.943948
2025-07-27 23:31:18 | INFO     |     召回率: 0.896235
2025-07-27 23:31:18 | INFO     |   学习率调度器: f1_based
2025-07-27 23:31:18 | INFO     | ------------------------------------------------------------
2025-07-27 23:31:18 | INFO     | Epoch  13 | Train: Loss=0.4391, Acc=0.8248 | Val: Loss=0.1706, Acc=0.8869, F1=0.8564 | LR=0.000100 
2025-07-27 23:31:32 | INFO     | Epoch 14:
2025-07-27 23:31:32 | INFO     |   训练指标:
2025-07-27 23:31:32 | INFO     |     损失(ce): 0.408510
2025-07-27 23:31:32 | INFO     |     准确率: 0.842843
2025-07-27 23:31:32 | INFO     |     学习率: 0.00010000
2025-07-27 23:31:32 | INFO     |   验证指标(标准CE):
2025-07-27 23:31:32 | INFO     |     损失: 0.164453
2025-07-27 23:31:32 | INFO     |     准确率: 0.927928
2025-07-27 23:31:32 | INFO     |     F1(macro): 0.931029
2025-07-27 23:31:32 | INFO     |     F1(weighted): 0.927949
2025-07-27 23:31:32 | INFO     |     精确率: 0.931187
2025-07-27 23:31:32 | INFO     |     召回率: 0.931237
2025-07-27 23:31:32 | INFO     |   学习率调度器: f1_based
2025-07-27 23:31:32 | INFO     | ------------------------------------------------------------
2025-07-27 23:31:32 | INFO     | Epoch  14 | Train: Loss=0.4085, Acc=0.8428 | Val: Loss=0.1645, Acc=0.9279, F1=0.9279 | LR=0.000100 🏆 [最佳模型]
2025-07-27 23:31:46 | INFO     | Epoch 15:
2025-07-27 23:31:46 | INFO     |   训练指标:
2025-07-27 23:31:46 | INFO     |     损失(ce): 0.369877
2025-07-27 23:31:46 | INFO     |     准确率: 0.831832
2025-07-27 23:31:46 | INFO     |     学习率: 0.00010000
2025-07-27 23:31:46 | INFO     |   验证指标(标准CE):
2025-07-27 23:31:46 | INFO     |     损失: 0.174719
2025-07-27 23:31:46 | INFO     |     准确率: 0.909910
2025-07-27 23:31:46 | INFO     |     F1(macro): 0.909594
2025-07-27 23:31:46 | INFO     |     F1(weighted): 0.906399
2025-07-27 23:31:46 | INFO     |     精确率: 0.916018
2025-07-27 23:31:46 | INFO     |     召回率: 0.911978
2025-07-27 23:31:46 | INFO     |   学习率调度器: f1_based
2025-07-27 23:31:46 | INFO     | ------------------------------------------------------------
2025-07-27 23:31:46 | INFO     | Epoch  15 | Train: Loss=0.3699, Acc=0.8318 | Val: Loss=0.1747, Acc=0.9099, F1=0.9064 | LR=0.000100 
2025-07-27 23:32:00 | INFO     | Epoch 16:
2025-07-27 23:32:00 | INFO     |   训练指标:
2025-07-27 23:32:00 | INFO     |     损失(ce): 0.378807
2025-07-27 23:32:00 | INFO     |     准确率: 0.840340
2025-07-27 23:32:00 | INFO     |     学习率: 0.00010000
2025-07-27 23:32:00 | INFO     |   验证指标(标准CE):
2025-07-27 23:32:00 | INFO     |     损失: 0.164091
2025-07-27 23:32:00 | INFO     |     准确率: 0.893894
2025-07-27 23:32:00 | INFO     |     F1(macro): 0.884765
2025-07-27 23:32:00 | INFO     |     F1(weighted): 0.881364
2025-07-27 23:32:00 | INFO     |     精确率: 0.900027
2025-07-27 23:32:00 | INFO     |     召回率: 0.895383
2025-07-27 23:32:00 | INFO     |   学习率调度器: f1_based
2025-07-27 23:32:00 | INFO     | ------------------------------------------------------------
2025-07-27 23:32:00 | INFO     | Epoch  16 | Train: Loss=0.3788, Acc=0.8403 | Val: Loss=0.1641, Acc=0.8939, F1=0.8814 | LR=0.000100 
2025-07-27 23:32:14 | INFO     | Epoch 17:
2025-07-27 23:32:14 | INFO     |   训练指标:
2025-07-27 23:32:14 | INFO     |     损失(ce): 0.335276
2025-07-27 23:32:14 | INFO     |     准确率: 0.860360
2025-07-27 23:32:14 | INFO     |     学习率: 0.00010000
2025-07-27 23:32:14 | INFO     |   验证指标(标准CE):
2025-07-27 23:32:14 | INFO     |     损失: 0.158417
2025-07-27 23:32:14 | INFO     |     准确率: 0.910911
2025-07-27 23:32:14 | INFO     |     F1(macro): 0.894398
2025-07-27 23:32:14 | INFO     |     F1(weighted): 0.891790
2025-07-27 23:32:14 | INFO     |     精确率: 0.949191
2025-07-27 23:32:14 | INFO     |     召回率: 0.910911
2025-07-27 23:32:14 | INFO     |   学习率调度器: f1_based
2025-07-27 23:32:14 | INFO     | ------------------------------------------------------------
2025-07-27 23:32:14 | INFO     | Epoch  17 | Train: Loss=0.3353, Acc=0.8604 | Val: Loss=0.1584, Acc=0.9109, F1=0.8918 | LR=0.000100 
2025-07-27 23:32:29 | INFO     | Epoch 18:
2025-07-27 23:32:29 | INFO     |   训练指标:
2025-07-27 23:32:29 | INFO     |     损失(ce): 0.368945
2025-07-27 23:32:29 | INFO     |     准确率: 0.850601
2025-07-27 23:32:29 | INFO     |     学习率: 0.00010000
2025-07-27 23:32:29 | INFO     |   验证指标(标准CE):
2025-07-27 23:32:29 | INFO     |     损失: 0.158864
2025-07-27 23:32:29 | INFO     |     准确率: 0.900901
2025-07-27 23:32:29 | INFO     |     F1(macro): 0.878311
2025-07-27 23:32:29 | INFO     |     F1(weighted): 0.875405
2025-07-27 23:32:29 | INFO     |     精确率: 0.950000
2025-07-27 23:32:29 | INFO     |     召回率: 0.900901
2025-07-27 23:32:29 | INFO     |   学习率调度器: f1_based
2025-07-27 23:32:29 | INFO     | ------------------------------------------------------------
2025-07-27 23:32:29 | INFO     | Epoch  18 | Train: Loss=0.3689, Acc=0.8506 | Val: Loss=0.1589, Acc=0.9009, F1=0.8754 | LR=0.000100 
2025-07-27 23:32:43 | INFO     | Epoch 19:
2025-07-27 23:32:43 | INFO     |   训练指标:
2025-07-27 23:32:43 | INFO     |     损失(ce): 0.338480
2025-07-27 23:32:43 | INFO     |     准确率: 0.861612
2025-07-27 23:32:43 | INFO     |     学习率: 0.00010000
2025-07-27 23:32:43 | INFO     |   验证指标(标准CE):
2025-07-27 23:32:43 | INFO     |     损失: 0.149219
2025-07-27 23:32:43 | INFO     |     准确率: 0.918919
2025-07-27 23:32:43 | INFO     |     F1(macro): 0.918142
2025-07-27 23:32:43 | INFO     |     F1(weighted): 0.915297
2025-07-27 23:32:43 | INFO     |     精确率: 0.926949
2025-07-27 23:32:43 | INFO     |     召回率: 0.920491
2025-07-27 23:32:43 | INFO     |   学习率调度器: f1_based
2025-07-27 23:32:43 | INFO     | ------------------------------------------------------------
2025-07-27 23:32:43 | INFO     | Epoch  19 | Train: Loss=0.3385, Acc=0.8616 | Val: Loss=0.1492, Acc=0.9189, F1=0.9153 | LR=0.000100 
2025-07-27 23:32:57 | INFO     | Epoch 20:
2025-07-27 23:32:57 | INFO     |   训练指标:
2025-07-27 23:32:57 | INFO     |     损失(ce): 0.334259
2025-07-27 23:32:57 | INFO     |     准确率: 0.865866
2025-07-27 23:32:57 | INFO     |     学习率: 0.00010000
2025-07-27 23:32:57 | INFO     |   验证指标(标准CE):
2025-07-27 23:32:57 | INFO     |     损失: 0.159004
2025-07-27 23:32:57 | INFO     |     准确率: 0.904905
2025-07-27 23:32:57 | INFO     |     F1(macro): 0.894895
2025-07-27 23:32:57 | INFO     |     F1(weighted): 0.888426
2025-07-27 23:32:57 | INFO     |     精确率: 0.948759
2025-07-27 23:32:57 | INFO     |     召回率: 0.912764
2025-07-27 23:32:57 | INFO     |   学习率调度器: f1_based
2025-07-27 23:32:57 | INFO     | ------------------------------------------------------------
2025-07-27 23:32:57 | INFO     | 🎯 学习率调整事件:
2025-07-27 23:32:57 | INFO     |   调度器类型: f1_based
2025-07-27 23:32:57 | INFO     |   学习率变化: 0.00010000 → 0.00005000
2025-07-27 23:32:57 | INFO     |   触发条件: F1分数 = 0.888426
2025-07-27 23:32:57 | INFO     |   变化幅度: -50.00%
2025-07-27 23:32:57 | INFO     | ------------------------------------------------------------
2025-07-27 23:32:57 | INFO     | Epoch  20 | Train: Loss=0.3343, Acc=0.8659 | Val: Loss=0.1590, Acc=0.9049, F1=0.8884 | LR=0.000050 
2025-07-27 23:33:11 | INFO     | Epoch 21:
2025-07-27 23:33:11 | INFO     |   训练指标:
2025-07-27 23:33:11 | INFO     |     损失(ce): 0.290272
2025-07-27 23:33:11 | INFO     |     准确率: 0.871872
2025-07-27 23:33:11 | INFO     |     学习率: 0.00005000
2025-07-27 23:33:11 | INFO     |   验证指标(标准CE):
2025-07-27 23:33:11 | INFO     |     损失: 0.142922
2025-07-27 23:33:11 | INFO     |     准确率: 0.922923
2025-07-27 23:33:11 | INFO     |     F1(macro): 0.922184
2025-07-27 23:33:11 | INFO     |     F1(weighted): 0.917878
2025-07-27 23:33:11 | INFO     |     精确率: 0.941890
2025-07-27 23:33:11 | INFO     |     召回率: 0.928714
2025-07-27 23:33:11 | INFO     |   学习率调度器: f1_based
2025-07-27 23:33:11 | INFO     | ------------------------------------------------------------
2025-07-27 23:33:11 | INFO     | Epoch  21 | Train: Loss=0.2903, Acc=0.8719 | Val: Loss=0.1429, Acc=0.9229, F1=0.9179 | LR=0.000050 
2025-07-27 23:33:25 | INFO     | Epoch 22:
2025-07-27 23:33:25 | INFO     |   训练指标:
2025-07-27 23:33:25 | INFO     |     损失(ce): 0.297103
2025-07-27 23:33:25 | INFO     |     准确率: 0.877377
2025-07-27 23:33:25 | INFO     |     学习率: 0.00005000
2025-07-27 23:33:25 | INFO     |   验证指标(标准CE):
2025-07-27 23:33:25 | INFO     |     损失: 0.136875
2025-07-27 23:33:25 | INFO     |     准确率: 0.940941
2025-07-27 23:33:25 | INFO     |     F1(macro): 0.942012
2025-07-27 23:33:25 | INFO     |     F1(weighted): 0.938983
2025-07-27 23:33:25 | INFO     |     精确率: 0.953720
2025-07-27 23:33:25 | INFO     |     召回率: 0.945325
2025-07-27 23:33:25 | INFO     |   学习率调度器: f1_based
2025-07-27 23:33:25 | INFO     | ------------------------------------------------------------
2025-07-27 23:33:25 | INFO     | Epoch  22 | Train: Loss=0.2971, Acc=0.8774 | Val: Loss=0.1369, Acc=0.9409, F1=0.9390 | LR=0.000050 🏆 [最佳模型]
2025-07-27 23:33:39 | INFO     | Epoch 23:
2025-07-27 23:33:39 | INFO     |   训练指标:
2025-07-27 23:33:39 | INFO     |     损失(ce): 0.283765
2025-07-27 23:33:39 | INFO     |     准确率: 0.882883
2025-07-27 23:33:39 | INFO     |     学习率: 0.00005000
2025-07-27 23:33:39 | INFO     |   验证指标(标准CE):
2025-07-27 23:33:39 | INFO     |     损失: 0.146157
2025-07-27 23:33:39 | INFO     |     准确率: 0.919920
2025-07-27 23:33:39 | INFO     |     F1(macro): 0.918982
2025-07-27 23:33:39 | INFO     |     F1(weighted): 0.914484
2025-07-27 23:33:39 | INFO     |     精确率: 0.938691
2025-07-27 23:33:39 | INFO     |     召回率: 0.925876
2025-07-27 23:33:39 | INFO     |   学习率调度器: f1_based
2025-07-27 23:33:39 | INFO     | ------------------------------------------------------------
2025-07-27 23:33:39 | INFO     | Epoch  23 | Train: Loss=0.2838, Acc=0.8829 | Val: Loss=0.1462, Acc=0.9199, F1=0.9145 | LR=0.000050 
2025-07-27 23:33:53 | INFO     | Epoch 24:
2025-07-27 23:33:53 | INFO     |   训练指标:
2025-07-27 23:33:53 | INFO     |     损失(ce): 0.284138
2025-07-27 23:33:53 | INFO     |     准确率: 0.876627
2025-07-27 23:33:53 | INFO     |     学习率: 0.00005000
2025-07-27 23:33:53 | INFO     |   验证指标(标准CE):
2025-07-27 23:33:53 | INFO     |     损失: 0.145684
2025-07-27 23:33:53 | INFO     |     准确率: 0.907908
2025-07-27 23:33:53 | INFO     |     F1(macro): 0.910757
2025-07-27 23:33:53 | INFO     |     F1(weighted): 0.906286
2025-07-27 23:33:53 | INFO     |     精确率: 0.915024
2025-07-27 23:33:53 | INFO     |     召回率: 0.913202
2025-07-27 23:33:53 | INFO     |   学习率调度器: f1_based
2025-07-27 23:33:53 | INFO     | ------------------------------------------------------------
2025-07-27 23:33:53 | INFO     | Epoch  24 | Train: Loss=0.2841, Acc=0.8766 | Val: Loss=0.1457, Acc=0.9079, F1=0.9063 | LR=0.000050 
2025-07-27 23:34:07 | INFO     | Epoch 25:
2025-07-27 23:34:07 | INFO     |   训练指标:
2025-07-27 23:34:07 | INFO     |     损失(ce): 0.256870
2025-07-27 23:34:07 | INFO     |     准确率: 0.889139
2025-07-27 23:34:07 | INFO     |     学习率: 0.00005000
2025-07-27 23:34:07 | INFO     |   验证指标(标准CE):
2025-07-27 23:34:07 | INFO     |     损失: 0.119374
2025-07-27 23:34:07 | INFO     |     准确率: 0.945946
2025-07-27 23:34:07 | INFO     |     F1(macro): 0.948260
2025-07-27 23:34:07 | INFO     |     F1(weighted): 0.945890
2025-07-27 23:34:07 | INFO     |     精确率: 0.949009
2025-07-27 23:34:07 | INFO     |     召回率: 0.948759
2025-07-27 23:34:07 | INFO     |   学习率调度器: f1_based
2025-07-27 23:34:07 | INFO     | ------------------------------------------------------------
2025-07-27 23:34:07 | INFO     | Epoch  25 | Train: Loss=0.2569, Acc=0.8891 | Val: Loss=0.1194, Acc=0.9459, F1=0.9459 | LR=0.000050 🏆 [最佳模型]
2025-07-27 23:34:22 | INFO     | Epoch 26:
2025-07-27 23:34:22 | INFO     |   训练指标:
2025-07-27 23:34:22 | INFO     |     损失(ce): 0.280624
2025-07-27 23:34:22 | INFO     |     准确率: 0.883634
2025-07-27 23:34:22 | INFO     |     学习率: 0.00005000
2025-07-27 23:34:22 | INFO     |   验证指标(标准CE):
2025-07-27 23:34:22 | INFO     |     损失: 0.129199
2025-07-27 23:34:22 | INFO     |     准确率: 0.924925
2025-07-27 23:34:22 | INFO     |     F1(macro): 0.917757
2025-07-27 23:34:22 | INFO     |     F1(weighted): 0.915390
2025-07-27 23:34:22 | INFO     |     精确率: 0.950992
2025-07-27 23:34:22 | INFO     |     召回率: 0.925090
2025-07-27 23:34:22 | INFO     |   学习率调度器: f1_based
2025-07-27 23:34:22 | INFO     | ------------------------------------------------------------
2025-07-27 23:34:22 | INFO     | Epoch  26 | Train: Loss=0.2806, Acc=0.8836 | Val: Loss=0.1292, Acc=0.9249, F1=0.9154 | LR=0.000050 
2025-07-27 23:34:36 | INFO     | Epoch 27:
2025-07-27 23:34:36 | INFO     |   训练指标:
2025-07-27 23:34:36 | INFO     |     损失(ce): 0.291186
2025-07-27 23:34:36 | INFO     |     准确率: 0.884384
2025-07-27 23:34:36 | INFO     |     学习率: 0.00005000
2025-07-27 23:34:36 | INFO     |   验证指标(标准CE):
2025-07-27 23:34:36 | INFO     |     损失: 0.123534
2025-07-27 23:34:36 | INFO     |     准确率: 0.935936
2025-07-27 23:34:36 | INFO     |     F1(macro): 0.932554
2025-07-27 23:34:36 | INFO     |     F1(weighted): 0.930476
2025-07-27 23:34:36 | INFO     |     精确率: 0.952154
2025-07-27 23:34:36 | INFO     |     召回率: 0.936267
2025-07-27 23:34:36 | INFO     |   学习率调度器: f1_based
2025-07-27 23:34:36 | INFO     | ------------------------------------------------------------
2025-07-27 23:34:36 | INFO     | Epoch  27 | Train: Loss=0.2912, Acc=0.8844 | Val: Loss=0.1235, Acc=0.9359, F1=0.9305 | LR=0.000050 
2025-07-27 23:34:50 | INFO     | Epoch 28:
2025-07-27 23:34:50 | INFO     |   训练指标:
2025-07-27 23:34:50 | INFO     |     损失(ce): 0.256502
2025-07-27 23:34:50 | INFO     |     准确率: 0.894144
2025-07-27 23:34:50 | INFO     |     学习率: 0.00005000
2025-07-27 23:34:50 | INFO     |   验证指标(标准CE):
2025-07-27 23:34:50 | INFO     |     损失: 0.135600
2025-07-27 23:34:50 | INFO     |     准确率: 0.923924
2025-07-27 23:34:50 | INFO     |     F1(macro): 0.926937
2025-07-27 23:34:50 | INFO     |     F1(weighted): 0.923447
2025-07-27 23:34:50 | INFO     |     精确率: 0.929065
2025-07-27 23:34:50 | INFO     |     召回率: 0.928060
2025-07-27 23:34:50 | INFO     |   学习率调度器: f1_based
2025-07-27 23:34:50 | INFO     | ------------------------------------------------------------
2025-07-27 23:34:50 | INFO     | Epoch  28 | Train: Loss=0.2565, Acc=0.8941 | Val: Loss=0.1356, Acc=0.9239, F1=0.9234 | LR=0.000050 
2025-07-27 23:35:04 | INFO     | Epoch 29:
2025-07-27 23:35:04 | INFO     |   训练指标:
2025-07-27 23:35:04 | INFO     |     损失(ce): 0.252984
2025-07-27 23:35:04 | INFO     |     准确率: 0.891141
2025-07-27 23:35:04 | INFO     |     学习率: 0.00005000
2025-07-27 23:35:04 | INFO     |   验证指标(标准CE):
2025-07-27 23:35:04 | INFO     |     损失: 0.153239
2025-07-27 23:35:04 | INFO     |     准确率: 0.900901
2025-07-27 23:35:04 | INFO     |     F1(macro): 0.905029
2025-07-27 23:35:04 | INFO     |     F1(weighted): 0.900917
2025-07-27 23:35:04 | INFO     |     精确率: 0.905026
2025-07-27 23:35:04 | INFO     |     召回率: 0.905037
2025-07-27 23:35:04 | INFO     |   学习率调度器: f1_based
2025-07-27 23:35:04 | INFO     | ------------------------------------------------------------
2025-07-27 23:35:04 | INFO     | Epoch  29 | Train: Loss=0.2530, Acc=0.8911 | Val: Loss=0.1532, Acc=0.9009, F1=0.9009 | LR=0.000050 
2025-07-27 23:35:18 | INFO     | Epoch 30:
2025-07-27 23:35:18 | INFO     |   训练指标:
2025-07-27 23:35:18 | INFO     |     损失(ce): 0.262449
2025-07-27 23:35:18 | INFO     |     准确率: 0.890140
2025-07-27 23:35:18 | INFO     |     学习率: 0.00005000
2025-07-27 23:35:18 | INFO     |   验证指标(标准CE):
2025-07-27 23:35:18 | INFO     |     损失: 0.177357
2025-07-27 23:35:18 | INFO     |     准确率: 0.917918
2025-07-27 23:35:18 | INFO     |     F1(macro): 0.914142
2025-07-27 23:35:18 | INFO     |     F1(weighted): 0.911035
2025-07-27 23:35:18 | INFO     |     精确率: 0.937464
2025-07-27 23:35:18 | INFO     |     召回率: 0.923792
2025-07-27 23:35:18 | INFO     |   学习率调度器: f1_based
2025-07-27 23:35:18 | INFO     | ------------------------------------------------------------
2025-07-27 23:35:18 | INFO     | Epoch  30 | Train: Loss=0.2624, Acc=0.8901 | Val: Loss=0.1774, Acc=0.9179, F1=0.9110 | LR=0.000050 
2025-07-27 23:35:32 | INFO     | Epoch 31:
2025-07-27 23:35:32 | INFO     |   训练指标:
2025-07-27 23:35:32 | INFO     |     损失(ce): 0.284514
2025-07-27 23:35:32 | INFO     |     准确率: 0.891892
2025-07-27 23:35:32 | INFO     |     学习率: 0.00005000
2025-07-27 23:35:32 | INFO     |   验证指标(标准CE):
2025-07-27 23:35:32 | INFO     |     损失: 0.138486
2025-07-27 23:35:32 | INFO     |     准确率: 0.918919
2025-07-27 23:35:32 | INFO     |     F1(macro): 0.919760
2025-07-27 23:35:32 | INFO     |     F1(weighted): 0.915536
2025-07-27 23:35:32 | INFO     |     精确率: 0.931214
2025-07-27 23:35:32 | INFO     |     召回率: 0.924379
2025-07-27 23:35:32 | INFO     |   学习率调度器: f1_based
2025-07-27 23:35:32 | INFO     | ------------------------------------------------------------
2025-07-27 23:35:32 | INFO     | 🎯 学习率调整事件:
2025-07-27 23:35:32 | INFO     |   调度器类型: f1_based
2025-07-27 23:35:32 | INFO     |   学习率变化: 0.00005000 → 0.00002500
2025-07-27 23:35:32 | INFO     |   触发条件: F1分数 = 0.915536
2025-07-27 23:35:32 | INFO     |   变化幅度: -50.00%
2025-07-27 23:35:32 | INFO     | ------------------------------------------------------------
2025-07-27 23:35:32 | INFO     | Epoch  31 | Train: Loss=0.2845, Acc=0.8919 | Val: Loss=0.1385, Acc=0.9189, F1=0.9155 | LR=0.000025 
2025-07-27 23:35:46 | INFO     | Epoch 32:
2025-07-27 23:35:46 | INFO     |   训练指标:
2025-07-27 23:35:46 | INFO     |     损失(ce): 0.226489
2025-07-27 23:35:46 | INFO     |     准确率: 0.900400
2025-07-27 23:35:46 | INFO     |     学习率: 0.00002500
2025-07-27 23:35:46 | INFO     |   验证指标(标准CE):
2025-07-27 23:35:46 | INFO     |     损失: 0.132122
2025-07-27 23:35:46 | INFO     |     准确率: 0.911912
2025-07-27 23:35:46 | INFO     |     F1(macro): 0.914275
2025-07-27 23:35:46 | INFO     |     F1(weighted): 0.909915
2025-07-27 23:35:46 | INFO     |     精确率: 0.919985
2025-07-27 23:35:46 | INFO     |     召回率: 0.917206
2025-07-27 23:35:46 | INFO     |   学习率调度器: f1_based
2025-07-27 23:35:46 | INFO     | ------------------------------------------------------------
2025-07-27 23:35:46 | INFO     | Epoch  32 | Train: Loss=0.2265, Acc=0.9004 | Val: Loss=0.1321, Acc=0.9119, F1=0.9099 | LR=0.000025 
2025-07-27 23:36:01 | INFO     | Epoch 33:
2025-07-27 23:36:01 | INFO     |   训练指标:
2025-07-27 23:36:01 | INFO     |     损失(ce): 0.228577
2025-07-27 23:36:01 | INFO     |     准确率: 0.899149
2025-07-27 23:36:01 | INFO     |     学习率: 0.00002500
2025-07-27 23:36:01 | INFO     |   验证指标(标准CE):
2025-07-27 23:36:01 | INFO     |     损失: 0.116383
2025-07-27 23:36:01 | INFO     |     准确率: 0.944945
2025-07-27 23:36:01 | INFO     |     F1(macro): 0.947034
2025-07-27 23:36:01 | INFO     |     F1(weighted): 0.944473
2025-07-27 23:36:01 | INFO     |     精确率: 0.950440
2025-07-27 23:36:01 | INFO     |     召回率: 0.948337
2025-07-27 23:36:01 | INFO     |   学习率调度器: f1_based
2025-07-27 23:36:01 | INFO     | ------------------------------------------------------------
2025-07-27 23:36:01 | INFO     | Epoch  33 | Train: Loss=0.2286, Acc=0.8991 | Val: Loss=0.1164, Acc=0.9449, F1=0.9445 | LR=0.000025 
2025-07-27 23:36:15 | INFO     | Epoch 34:
2025-07-27 23:36:15 | INFO     |   训练指标:
2025-07-27 23:36:15 | INFO     |     损失(ce): 0.219924
2025-07-27 23:36:15 | INFO     |     准确率: 0.905906
2025-07-27 23:36:15 | INFO     |     学习率: 0.00002500
2025-07-27 23:36:15 | INFO     |   验证指标(标准CE):
2025-07-27 23:36:15 | INFO     |     损失: 0.109510
2025-07-27 23:36:15 | INFO     |     准确率: 0.944945
2025-07-27 23:36:15 | INFO     |     F1(macro): 0.946699
2025-07-27 23:36:15 | INFO     |     F1(weighted): 0.944039
2025-07-27 23:36:15 | INFO     |     精确率: 0.952834
2025-07-27 23:36:15 | INFO     |     召回率: 0.948668
2025-07-27 23:36:15 | INFO     |   学习率调度器: f1_based
2025-07-27 23:36:15 | INFO     | ------------------------------------------------------------
2025-07-27 23:36:15 | INFO     | Epoch  34 | Train: Loss=0.2199, Acc=0.9059 | Val: Loss=0.1095, Acc=0.9449, F1=0.9440 | LR=0.000025 
2025-07-27 23:36:29 | INFO     | Epoch 35:
2025-07-27 23:36:29 | INFO     |   训练指标:
2025-07-27 23:36:29 | INFO     |     损失(ce): 0.219399
2025-07-27 23:36:29 | INFO     |     准确率: 0.907407
2025-07-27 23:36:29 | INFO     |     学习率: 0.00002500
2025-07-27 23:36:29 | INFO     |   验证指标(标准CE):
2025-07-27 23:36:29 | INFO     |     损失: 0.109555
2025-07-27 23:36:29 | INFO     |     准确率: 0.946947
2025-07-27 23:36:29 | INFO     |     F1(macro): 0.945958
2025-07-27 23:36:29 | INFO     |     F1(weighted): 0.944209
2025-07-27 23:36:29 | INFO     |     精确率: 0.959809
2025-07-27 23:36:29 | INFO     |     召回率: 0.947278
2025-07-27 23:36:29 | INFO     |   学习率调度器: f1_based
2025-07-27 23:36:29 | INFO     | ------------------------------------------------------------
2025-07-27 23:36:29 | INFO     | Epoch  35 | Train: Loss=0.2194, Acc=0.9074 | Val: Loss=0.1096, Acc=0.9469, F1=0.9442 | LR=0.000025 
2025-07-27 23:36:43 | INFO     | Epoch 36:
2025-07-27 23:36:43 | INFO     |   训练指标:
2025-07-27 23:36:43 | INFO     |     损失(ce): 0.214444
2025-07-27 23:36:43 | INFO     |     准确率: 0.905155
2025-07-27 23:36:43 | INFO     |     学习率: 0.00002500
2025-07-27 23:36:43 | INFO     |   验证指标(标准CE):
2025-07-27 23:36:43 | INFO     |     损失: 0.124061
2025-07-27 23:36:43 | INFO     |     准确率: 0.928929
2025-07-27 23:36:43 | INFO     |     F1(macro): 0.923574
2025-07-27 23:36:43 | INFO     |     F1(weighted): 0.921274
2025-07-27 23:36:43 | INFO     |     精确率: 0.954169
2025-07-27 23:36:43 | INFO     |     召回率: 0.929094
2025-07-27 23:36:43 | INFO     |   学习率调度器: f1_based
2025-07-27 23:36:43 | INFO     | ------------------------------------------------------------
2025-07-27 23:36:43 | INFO     | Epoch  36 | Train: Loss=0.2144, Acc=0.9052 | Val: Loss=0.1241, Acc=0.9289, F1=0.9213 | LR=0.000025 
2025-07-27 23:36:57 | INFO     | Epoch 37:
2025-07-27 23:36:57 | INFO     |   训练指标:
2025-07-27 23:36:57 | INFO     |     损失(ce): 0.212346
2025-07-27 23:36:57 | INFO     |     准确率: 0.909409
2025-07-27 23:36:57 | INFO     |     学习率: 0.00002500
2025-07-27 23:36:57 | INFO     |   验证指标(标准CE):
2025-07-27 23:36:57 | INFO     |     损失: 0.113439
2025-07-27 23:36:57 | INFO     |     准确率: 0.934935
2025-07-27 23:36:57 | INFO     |     F1(macro): 0.934032
2025-07-27 23:36:57 | INFO     |     F1(weighted): 0.930356
2025-07-27 23:36:57 | INFO     |     精确率: 0.958965
2025-07-27 23:36:57 | INFO     |     召回率: 0.940312
2025-07-27 23:36:57 | INFO     |   学习率调度器: f1_based
2025-07-27 23:36:57 | INFO     | ------------------------------------------------------------
2025-07-27 23:36:57 | INFO     | Epoch  37 | Train: Loss=0.2123, Acc=0.9094 | Val: Loss=0.1134, Acc=0.9349, F1=0.9304 | LR=0.000025 
2025-07-27 23:37:11 | INFO     | Epoch 38:
2025-07-27 23:37:11 | INFO     |   训练指标:
2025-07-27 23:37:11 | INFO     |     损失(ce): 0.213308
2025-07-27 23:37:11 | INFO     |     准确率: 0.911161
2025-07-27 23:37:11 | INFO     |     学习率: 0.00002500
2025-07-27 23:37:11 | INFO     |   验证指标(标准CE):
2025-07-27 23:37:11 | INFO     |     损失: 0.116890
2025-07-27 23:37:11 | INFO     |     准确率: 0.933934
2025-07-27 23:37:11 | INFO     |     F1(macro): 0.930840
2025-07-27 23:37:11 | INFO     |     F1(weighted): 0.928638
2025-07-27 23:37:11 | INFO     |     精确率: 0.953129
2025-07-27 23:37:11 | INFO     |     召回率: 0.934265
2025-07-27 23:37:11 | INFO     |   学习率调度器: f1_based
2025-07-27 23:37:11 | INFO     | ------------------------------------------------------------
2025-07-27 23:37:11 | INFO     | Epoch  38 | Train: Loss=0.2133, Acc=0.9112 | Val: Loss=0.1169, Acc=0.9339, F1=0.9286 | LR=0.000025 
2025-07-27 23:37:25 | INFO     | Epoch 39:
2025-07-27 23:37:25 | INFO     |   训练指标:
2025-07-27 23:37:25 | INFO     |     损失(ce): 0.195757
2025-07-27 23:37:25 | INFO     |     准确率: 0.913914
2025-07-27 23:37:25 | INFO     |     学习率: 0.00002500
2025-07-27 23:37:25 | INFO     |   验证指标(标准CE):
2025-07-27 23:37:25 | INFO     |     损失: 0.109691
2025-07-27 23:37:25 | INFO     |     准确率: 0.950951
2025-07-27 23:37:25 | INFO     |     F1(macro): 0.952320
2025-07-27 23:37:25 | INFO     |     F1(weighted): 0.949904
2025-07-27 23:37:25 | INFO     |     精确率: 0.960632
2025-07-27 23:37:25 | INFO     |     召回率: 0.954591
2025-07-27 23:37:25 | INFO     |   学习率调度器: f1_based
2025-07-27 23:37:25 | INFO     | ------------------------------------------------------------
2025-07-27 23:37:25 | INFO     | Epoch  39 | Train: Loss=0.1958, Acc=0.9139 | Val: Loss=0.1097, Acc=0.9510, F1=0.9499 | LR=0.000025 🏆 [最佳模型]
2025-07-27 23:37:40 | INFO     | Epoch 40:
2025-07-27 23:37:40 | INFO     |   训练指标:
2025-07-27 23:37:40 | INFO     |     损失(ce): 0.225161
2025-07-27 23:37:40 | INFO     |     准确率: 0.904655
2025-07-27 23:37:40 | INFO     |     学习率: 0.00002500
2025-07-27 23:37:40 | INFO     |   验证指标(标准CE):
2025-07-27 23:37:40 | INFO     |     损失: 0.099641
2025-07-27 23:37:40 | INFO     |     准确率: 0.955956
2025-07-27 23:37:40 | INFO     |     F1(macro): 0.957741
2025-07-27 23:37:40 | INFO     |     F1(weighted): 0.955739
2025-07-27 23:37:40 | INFO     |     精确率: 0.960085
2025-07-27 23:37:40 | INFO     |     召回率: 0.958686
2025-07-27 23:37:40 | INFO     |   学习率调度器: f1_based
2025-07-27 23:37:40 | INFO     | ------------------------------------------------------------
2025-07-27 23:37:40 | INFO     | Epoch  40 | Train: Loss=0.2252, Acc=0.9047 | Val: Loss=0.0996, Acc=0.9560, F1=0.9557 | LR=0.000025 🏆 [最佳模型]
2025-07-27 23:37:54 | INFO     | Epoch 41:
2025-07-27 23:37:54 | INFO     |   训练指标:
2025-07-27 23:37:54 | INFO     |     损失(ce): 0.218369
2025-07-27 23:37:54 | INFO     |     准确率: 0.911161
2025-07-27 23:37:54 | INFO     |     学习率: 0.00002500
2025-07-27 23:37:54 | INFO     |   验证指标(标准CE):
2025-07-27 23:37:54 | INFO     |     损失: 0.116066
2025-07-27 23:37:54 | INFO     |     准确率: 0.946947
2025-07-27 23:37:54 | INFO     |     F1(macro): 0.949021
2025-07-27 23:37:54 | INFO     |     F1(weighted): 0.946576
2025-07-27 23:37:54 | INFO     |     精确率: 0.951934
2025-07-27 23:37:54 | INFO     |     召回率: 0.950173
2025-07-27 23:37:54 | INFO     |   学习率调度器: f1_based
2025-07-27 23:37:54 | INFO     | ------------------------------------------------------------
2025-07-27 23:37:54 | INFO     | Epoch  41 | Train: Loss=0.2184, Acc=0.9112 | Val: Loss=0.1161, Acc=0.9469, F1=0.9466 | LR=0.000025 
2025-07-27 23:38:08 | INFO     | Epoch 42:
2025-07-27 23:38:08 | INFO     |   训练指标:
2025-07-27 23:38:08 | INFO     |     损失(ce): 0.212336
2025-07-27 23:38:08 | INFO     |     准确率: 0.914414
2025-07-27 23:38:08 | INFO     |     学习率: 0.00002500
2025-07-27 23:38:08 | INFO     |   验证指标(标准CE):
2025-07-27 23:38:08 | INFO     |     损失: 0.093169
2025-07-27 23:38:08 | INFO     |     准确率: 0.953954
2025-07-27 23:38:08 | INFO     |     F1(macro): 0.954972
2025-07-27 23:38:08 | INFO     |     F1(weighted): 0.953241
2025-07-27 23:38:08 | INFO     |     精确率: 0.959132
2025-07-27 23:38:08 | INFO     |     召回率: 0.954864
2025-07-27 23:38:08 | INFO     |   学习率调度器: f1_based
2025-07-27 23:38:08 | INFO     | ------------------------------------------------------------
2025-07-27 23:38:08 | INFO     | Epoch  42 | Train: Loss=0.2123, Acc=0.9144 | Val: Loss=0.0932, Acc=0.9540, F1=0.9532 | LR=0.000025 
2025-07-27 23:38:22 | INFO     | Epoch 43:
2025-07-27 23:38:22 | INFO     |   训练指标:
2025-07-27 23:38:22 | INFO     |     损失(ce): 0.213988
2025-07-27 23:38:22 | INFO     |     准确率: 0.916166
2025-07-27 23:38:22 | INFO     |     学习率: 0.00002500
2025-07-27 23:38:22 | INFO     |   验证指标(标准CE):
2025-07-27 23:38:22 | INFO     |     损失: 0.097807
2025-07-27 23:38:22 | INFO     |     准确率: 0.950951
2025-07-27 23:38:22 | INFO     |     F1(macro): 0.953043
2025-07-27 23:38:22 | INFO     |     F1(weighted): 0.950883
2025-07-27 23:38:22 | INFO     |     精确率: 0.953962
2025-07-27 23:38:22 | INFO     |     召回率: 0.953598
2025-07-27 23:38:22 | INFO     |   学习率调度器: f1_based
2025-07-27 23:38:22 | INFO     | ------------------------------------------------------------
2025-07-27 23:38:22 | INFO     | Epoch  43 | Train: Loss=0.2140, Acc=0.9162 | Val: Loss=0.0978, Acc=0.9510, F1=0.9509 | LR=0.000025 
2025-07-27 23:38:37 | INFO     | Epoch 44:
2025-07-27 23:38:37 | INFO     |   训练指标:
2025-07-27 23:38:37 | INFO     |     损失(ce): 0.203286
2025-07-27 23:38:37 | INFO     |     准确率: 0.914665
2025-07-27 23:38:37 | INFO     |     学习率: 0.00002500
2025-07-27 23:38:37 | INFO     |   验证指标(标准CE):
2025-07-27 23:38:37 | INFO     |     损失: 0.095644
2025-07-27 23:38:37 | INFO     |     准确率: 0.960961
2025-07-27 23:38:37 | INFO     |     F1(macro): 0.961439
2025-07-27 23:38:37 | INFO     |     F1(weighted): 0.960009
2025-07-27 23:38:37 | INFO     |     精确率: 0.968860
2025-07-27 23:38:37 | INFO     |     召回率: 0.961292
2025-07-27 23:38:37 | INFO     |   学习率调度器: f1_based
2025-07-27 23:38:37 | INFO     | ------------------------------------------------------------
2025-07-27 23:38:37 | INFO     | Epoch  44 | Train: Loss=0.2033, Acc=0.9147 | Val: Loss=0.0956, Acc=0.9610, F1=0.9600 | LR=0.000025 🏆 [最佳模型]
2025-07-27 23:38:51 | INFO     | Epoch 45:
2025-07-27 23:38:51 | INFO     |   训练指标:
2025-07-27 23:38:51 | INFO     |     损失(ce): 0.203950
2025-07-27 23:38:51 | INFO     |     准确率: 0.915916
2025-07-27 23:38:51 | INFO     |     学习率: 0.00002500
2025-07-27 23:38:51 | INFO     |   验证指标(标准CE):
2025-07-27 23:38:51 | INFO     |     损失: 0.108369
2025-07-27 23:38:51 | INFO     |     准确率: 0.956957
2025-07-27 23:38:51 | INFO     |     F1(macro): 0.958534
2025-07-27 23:38:51 | INFO     |     F1(weighted): 0.956513
2025-07-27 23:38:51 | INFO     |     精确率: 0.962974
2025-07-27 23:38:51 | INFO     |     召回率: 0.959935
2025-07-27 23:38:51 | INFO     |   学习率调度器: f1_based
2025-07-27 23:38:51 | INFO     | ------------------------------------------------------------
2025-07-27 23:38:51 | INFO     | Epoch  45 | Train: Loss=0.2039, Acc=0.9159 | Val: Loss=0.1084, Acc=0.9570, F1=0.9565 | LR=0.000025 
2025-07-27 23:39:05 | INFO     | Epoch 46:
2025-07-27 23:39:05 | INFO     |   训练指标:
2025-07-27 23:39:05 | INFO     |     损失(ce): 0.212269
2025-07-27 23:39:05 | INFO     |     准确率: 0.915666
2025-07-27 23:39:05 | INFO     |     学习率: 0.00002500
2025-07-27 23:39:05 | INFO     |   验证指标(标准CE):
2025-07-27 23:39:05 | INFO     |     损失: 0.093738
2025-07-27 23:39:05 | INFO     |     准确率: 0.963964
2025-07-27 23:39:05 | INFO     |     F1(macro): 0.965079
2025-07-27 23:39:05 | INFO     |     F1(weighted): 0.963329
2025-07-27 23:39:05 | INFO     |     精确率: 0.972789
2025-07-27 23:39:05 | INFO     |     召回率: 0.966942
2025-07-27 23:39:05 | INFO     |   学习率调度器: f1_based
2025-07-27 23:39:05 | INFO     | ------------------------------------------------------------
2025-07-27 23:39:05 | INFO     | Epoch  46 | Train: Loss=0.2123, Acc=0.9157 | Val: Loss=0.0937, Acc=0.9640, F1=0.9633 | LR=0.000025 🏆 [最佳模型]
2025-07-27 23:39:20 | INFO     | Epoch 47:
2025-07-27 23:39:20 | INFO     |   训练指标:
2025-07-27 23:39:20 | INFO     |     损失(ce): 0.191219
2025-07-27 23:39:20 | INFO     |     准确率: 0.921672
2025-07-27 23:39:20 | INFO     |     学习率: 0.00002500
2025-07-27 23:39:20 | INFO     |   验证指标(标准CE):
2025-07-27 23:39:20 | INFO     |     损失: 0.106293
2025-07-27 23:39:20 | INFO     |     准确率: 0.934935
2025-07-27 23:39:20 | INFO     |     F1(macro): 0.934311
2025-07-27 23:39:20 | INFO     |     F1(weighted): 0.930676
2025-07-27 23:39:20 | INFO     |     精确率: 0.957216
2025-07-27 23:39:20 | INFO     |     召回率: 0.940229
2025-07-27 23:39:20 | INFO     |   学习率调度器: f1_based
2025-07-27 23:39:20 | INFO     | ------------------------------------------------------------
2025-07-27 23:39:20 | INFO     | Epoch  47 | Train: Loss=0.1912, Acc=0.9217 | Val: Loss=0.1063, Acc=0.9349, F1=0.9307 | LR=0.000025 
2025-07-27 23:39:34 | INFO     | Epoch 48:
2025-07-27 23:39:34 | INFO     |   训练指标:
2025-07-27 23:39:34 | INFO     |     损失(ce): 0.201800
2025-07-27 23:39:34 | INFO     |     准确率: 0.911912
2025-07-27 23:39:34 | INFO     |     学习率: 0.00002500
2025-07-27 23:39:34 | INFO     |   验证指标(标准CE):
2025-07-27 23:39:34 | INFO     |     损失: 0.101743
2025-07-27 23:39:34 | INFO     |     准确率: 0.950951
2025-07-27 23:39:34 | INFO     |     F1(macro): 0.951700
2025-07-27 23:39:34 | INFO     |     F1(weighted): 0.949159
2025-07-27 23:39:34 | INFO     |     精确率: 0.965972
2025-07-27 23:39:34 | INFO     |     召回率: 0.955005
2025-07-27 23:39:34 | INFO     |   学习率调度器: f1_based
2025-07-27 23:39:34 | INFO     | ------------------------------------------------------------
2025-07-27 23:39:34 | INFO     | Epoch  48 | Train: Loss=0.2018, Acc=0.9119 | Val: Loss=0.1017, Acc=0.9510, F1=0.9492 | LR=0.000025 
2025-07-27 23:39:48 | INFO     | Epoch 49:
2025-07-27 23:39:48 | INFO     |   训练指标:
2025-07-27 23:39:48 | INFO     |     损失(ce): 0.185848
2025-07-27 23:39:48 | INFO     |     准确率: 0.919169
2025-07-27 23:39:48 | INFO     |     学习率: 0.00002500
2025-07-27 23:39:48 | INFO     |   验证指标(标准CE):
2025-07-27 23:39:48 | INFO     |     损失: 0.093830
2025-07-27 23:39:48 | INFO     |     准确率: 0.968969
2025-07-27 23:39:48 | INFO     |     F1(macro): 0.970306
2025-07-27 23:39:48 | INFO     |     F1(weighted): 0.968974
2025-07-27 23:39:48 | INFO     |     精确率: 0.970569
2025-07-27 23:39:48 | INFO     |     召回率: 0.970624
2025-07-27 23:39:48 | INFO     |   学习率调度器: f1_based
2025-07-27 23:39:48 | INFO     | ------------------------------------------------------------
2025-07-27 23:39:48 | INFO     | Epoch  49 | Train: Loss=0.1858, Acc=0.9192 | Val: Loss=0.0938, Acc=0.9690, F1=0.9690 | LR=0.000025 🏆 [最佳模型]
2025-07-27 23:40:02 | INFO     | Epoch 50:
2025-07-27 23:40:02 | INFO     |   训练指标:
2025-07-27 23:40:02 | INFO     |     损失(ce): 0.191389
2025-07-27 23:40:02 | INFO     |     准确率: 0.923173
2025-07-27 23:40:02 | INFO     |     学习率: 0.00002500
2025-07-27 23:40:02 | INFO     |   验证指标(标准CE):
2025-07-27 23:40:02 | INFO     |     损失: 0.101787
2025-07-27 23:40:02 | INFO     |     准确率: 0.947948
2025-07-27 23:40:02 | INFO     |     F1(macro): 0.949226
2025-07-27 23:40:02 | INFO     |     F1(weighted): 0.946623
2025-07-27 23:40:02 | INFO     |     精确率: 0.958835
2025-07-27 23:40:02 | INFO     |     召回率: 0.951836
2025-07-27 23:40:02 | INFO     |   学习率调度器: f1_based
2025-07-27 23:40:02 | INFO     | ------------------------------------------------------------
2025-07-27 23:40:02 | INFO     | Epoch  50 | Train: Loss=0.1914, Acc=0.9232 | Val: Loss=0.1018, Acc=0.9479, F1=0.9466 | LR=0.000025 
2025-07-27 23:40:16 | INFO     | Epoch 51:
2025-07-27 23:40:16 | INFO     |   训练指标:
2025-07-27 23:40:16 | INFO     |     损失(ce): 0.192916
2025-07-27 23:40:16 | INFO     |     准确率: 0.922923
2025-07-27 23:40:16 | INFO     |     学习率: 0.00002500
2025-07-27 23:40:16 | INFO     |   验证指标(标准CE):
2025-07-27 23:40:16 | INFO     |     损失: 0.087394
2025-07-27 23:40:16 | INFO     |     准确率: 0.955956
2025-07-27 23:40:16 | INFO     |     F1(macro): 0.956563
2025-07-27 23:40:16 | INFO     |     F1(weighted): 0.954944
2025-07-27 23:40:16 | INFO     |     精确率: 0.963172
2025-07-27 23:40:16 | INFO     |     召回率: 0.956535
2025-07-27 23:40:16 | INFO     |   学习率调度器: f1_based
2025-07-27 23:40:16 | INFO     | ------------------------------------------------------------
2025-07-27 23:40:16 | INFO     | Epoch  51 | Train: Loss=0.1929, Acc=0.9229 | Val: Loss=0.0874, Acc=0.9560, F1=0.9549 | LR=0.000025 
2025-07-27 23:40:30 | INFO     | Epoch 52:
2025-07-27 23:40:30 | INFO     |   训练指标:
2025-07-27 23:40:30 | INFO     |     损失(ce): 0.202451
2025-07-27 23:40:30 | INFO     |     准确率: 0.920420
2025-07-27 23:40:30 | INFO     |     学习率: 0.00002500
2025-07-27 23:40:30 | INFO     |   验证指标(标准CE):
2025-07-27 23:40:30 | INFO     |     损失: 0.108754
2025-07-27 23:40:30 | INFO     |     准确率: 0.949950
2025-07-27 23:40:30 | INFO     |     F1(macro): 0.952018
2025-07-27 23:40:30 | INFO     |     F1(weighted): 0.949764
2025-07-27 23:40:30 | INFO     |     精确率: 0.953812
2025-07-27 23:40:30 | INFO     |     召回率: 0.952845
2025-07-27 23:40:30 | INFO     |   学习率调度器: f1_based
2025-07-27 23:40:30 | INFO     | ------------------------------------------------------------
2025-07-27 23:40:30 | INFO     | Epoch  52 | Train: Loss=0.2025, Acc=0.9204 | Val: Loss=0.1088, Acc=0.9499, F1=0.9498 | LR=0.000025 
2025-07-27 23:40:44 | INFO     | Epoch 53:
2025-07-27 23:40:44 | INFO     |   训练指标:
2025-07-27 23:40:44 | INFO     |     损失(ce): 0.179526
2025-07-27 23:40:44 | INFO     |     准确率: 0.923674
2025-07-27 23:40:44 | INFO     |     学习率: 0.00002500
2025-07-27 23:40:44 | INFO     |   验证指标(标准CE):
2025-07-27 23:40:44 | INFO     |     损失: 0.113174
2025-07-27 23:40:44 | INFO     |     准确率: 0.939940
2025-07-27 23:40:44 | INFO     |     F1(macro): 0.942460
2025-07-27 23:40:44 | INFO     |     F1(weighted): 0.939958
2025-07-27 23:40:44 | INFO     |     精确率: 0.942441
2025-07-27 23:40:44 | INFO     |     召回率: 0.942504
2025-07-27 23:40:44 | INFO     |   学习率调度器: f1_based
2025-07-27 23:40:44 | INFO     | ------------------------------------------------------------
2025-07-27 23:40:44 | INFO     | Epoch  53 | Train: Loss=0.1795, Acc=0.9237 | Val: Loss=0.1132, Acc=0.9399, F1=0.9400 | LR=0.000025 
2025-07-27 23:40:58 | INFO     | Epoch 54:
2025-07-27 23:40:58 | INFO     |   训练指标:
2025-07-27 23:40:58 | INFO     |     损失(ce): 0.186598
2025-07-27 23:40:58 | INFO     |     准确率: 0.926176
2025-07-27 23:40:58 | INFO     |     学习率: 0.00002500
2025-07-27 23:40:58 | INFO     |   验证指标(标准CE):
2025-07-27 23:40:58 | INFO     |     损失: 0.076171
2025-07-27 23:40:58 | INFO     |     准确率: 0.963964
2025-07-27 23:40:58 | INFO     |     F1(macro): 0.965079
2025-07-27 23:40:58 | INFO     |     F1(weighted): 0.963329
2025-07-27 23:40:58 | INFO     |     精确率: 0.972789
2025-07-27 23:40:58 | INFO     |     召回率: 0.966942
2025-07-27 23:40:58 | INFO     |   学习率调度器: f1_based
2025-07-27 23:40:58 | INFO     | ------------------------------------------------------------
2025-07-27 23:40:58 | INFO     | Epoch  54 | Train: Loss=0.1866, Acc=0.9262 | Val: Loss=0.0762, Acc=0.9640, F1=0.9633 | LR=0.000025 
2025-07-27 23:41:12 | INFO     | Epoch 55:
2025-07-27 23:41:12 | INFO     |   训练指标:
2025-07-27 23:41:12 | INFO     |     损失(ce): 0.175482
2025-07-27 23:41:12 | INFO     |     准确率: 0.926176
2025-07-27 23:41:12 | INFO     |     学习率: 0.00002500
2025-07-27 23:41:12 | INFO     |   验证指标(标准CE):
2025-07-27 23:41:12 | INFO     |     损失: 0.086909
2025-07-27 23:41:12 | INFO     |     准确率: 0.970971
2025-07-27 23:41:12 | INFO     |     F1(macro): 0.972106
2025-07-27 23:41:12 | INFO     |     F1(weighted): 0.970930
2025-07-27 23:41:12 | INFO     |     精确率: 0.972430
2025-07-27 23:41:12 | INFO     |     召回率: 0.971964
2025-07-27 23:41:12 | INFO     |   学习率调度器: f1_based
2025-07-27 23:41:12 | INFO     | ------------------------------------------------------------
2025-07-27 23:41:12 | INFO     | Epoch  55 | Train: Loss=0.1755, Acc=0.9262 | Val: Loss=0.0869, Acc=0.9710, F1=0.9709 | LR=0.000025 🏆 [最佳模型]
2025-07-27 23:41:27 | INFO     | Epoch 56:
2025-07-27 23:41:27 | INFO     |   训练指标:
2025-07-27 23:41:27 | INFO     |     损失(ce): 0.176207
2025-07-27 23:41:27 | INFO     |     准确率: 0.932182
2025-07-27 23:41:27 | INFO     |     学习率: 0.00002500
2025-07-27 23:41:27 | INFO     |   验证指标(标准CE):
2025-07-27 23:41:27 | INFO     |     损失: 0.082525
2025-07-27 23:41:27 | INFO     |     准确率: 0.968969
2025-07-27 23:41:27 | INFO     |     F1(macro): 0.969615
2025-07-27 23:41:27 | INFO     |     F1(weighted): 0.968453
2025-07-27 23:41:27 | INFO     |     精确率: 0.974815
2025-07-27 23:41:27 | INFO     |     召回率: 0.969217
2025-07-27 23:41:27 | INFO     |   学习率调度器: f1_based
2025-07-27 23:41:27 | INFO     | ------------------------------------------------------------
2025-07-27 23:41:27 | INFO     | Epoch  56 | Train: Loss=0.1762, Acc=0.9322 | Val: Loss=0.0825, Acc=0.9690, F1=0.9685 | LR=0.000025 
2025-07-27 23:41:41 | INFO     | Epoch 57:
2025-07-27 23:41:41 | INFO     |   训练指标:
2025-07-27 23:41:41 | INFO     |     损失(ce): 0.206182
2025-07-27 23:41:41 | INFO     |     准确率: 0.929179
2025-07-27 23:41:41 | INFO     |     学习率: 0.00002500
2025-07-27 23:41:41 | INFO     |   验证指标(标准CE):
2025-07-27 23:41:41 | INFO     |     损失: 0.090463
2025-07-27 23:41:41 | INFO     |     准确率: 0.958959
2025-07-27 23:41:41 | INFO     |     F1(macro): 0.960463
2025-07-27 23:41:41 | INFO     |     F1(weighted): 0.958536
2025-07-27 23:41:41 | INFO     |     精确率: 0.964976
2025-07-27 23:41:41 | INFO     |     召回率: 0.961854
2025-07-27 23:41:41 | INFO     |   学习率调度器: f1_based
2025-07-27 23:41:41 | INFO     | ------------------------------------------------------------
2025-07-27 23:41:41 | INFO     | Epoch  57 | Train: Loss=0.2062, Acc=0.9292 | Val: Loss=0.0905, Acc=0.9590, F1=0.9585 | LR=0.000025 
2025-07-27 23:41:55 | INFO     | Epoch 58:
2025-07-27 23:41:55 | INFO     |   训练指标:
2025-07-27 23:41:55 | INFO     |     损失(ce): 0.192289
2025-07-27 23:41:55 | INFO     |     准确率: 0.928679
2025-07-27 23:41:55 | INFO     |     学习率: 0.00002500
2025-07-27 23:41:55 | INFO     |   验证指标(标准CE):
2025-07-27 23:41:55 | INFO     |     损失: 0.094882
2025-07-27 23:41:55 | INFO     |     准确率: 0.960961
2025-07-27 23:41:55 | INFO     |     F1(macro): 0.962051
2025-07-27 23:41:55 | INFO     |     F1(weighted): 0.960128
2025-07-27 23:41:55 | INFO     |     精确率: 0.971111
2025-07-27 23:41:55 | INFO     |     召回率: 0.964187
2025-07-27 23:41:55 | INFO     |   学习率调度器: f1_based
2025-07-27 23:41:55 | INFO     | ------------------------------------------------------------
2025-07-27 23:41:55 | INFO     | Epoch  58 | Train: Loss=0.1923, Acc=0.9287 | Val: Loss=0.0949, Acc=0.9610, F1=0.9601 | LR=0.000025 
2025-07-27 23:42:09 | INFO     | Epoch 59:
2025-07-27 23:42:09 | INFO     |   训练指标:
2025-07-27 23:42:09 | INFO     |     损失(ce): 0.228767
2025-07-27 23:42:09 | INFO     |     准确率: 0.926927
2025-07-27 23:42:09 | INFO     |     学习率: 0.00002500
2025-07-27 23:42:09 | INFO     |   验证指标(标准CE):
2025-07-27 23:42:09 | INFO     |     损失: 0.079210
2025-07-27 23:42:09 | INFO     |     准确率: 0.961962
2025-07-27 23:42:09 | INFO     |     F1(macro): 0.963064
2025-07-27 23:42:09 | INFO     |     F1(weighted): 0.961199
2025-07-27 23:42:09 | INFO     |     精确率: 0.971663
2025-07-27 23:42:09 | INFO     |     召回率: 0.965106
2025-07-27 23:42:09 | INFO     |   学习率调度器: f1_based
2025-07-27 23:42:09 | INFO     | ------------------------------------------------------------
2025-07-27 23:42:09 | INFO     | Epoch  59 | Train: Loss=0.2288, Acc=0.9269 | Val: Loss=0.0792, Acc=0.9620, F1=0.9612 | LR=0.000025 
2025-07-27 23:42:23 | INFO     | Epoch 60:
2025-07-27 23:42:23 | INFO     |   训练指标:
2025-07-27 23:42:23 | INFO     |     损失(ce): 0.169576
2025-07-27 23:42:23 | INFO     |     准确率: 0.935185
2025-07-27 23:42:23 | INFO     |     学习率: 0.00002500
2025-07-27 23:42:23 | INFO     |   验证指标(标准CE):
2025-07-27 23:42:23 | INFO     |     损失: 0.074064
2025-07-27 23:42:23 | INFO     |     准确率: 0.966967
2025-07-27 23:42:23 | INFO     |     F1(macro): 0.968362
2025-07-27 23:42:23 | INFO     |     F1(weighted): 0.966894
2025-07-27 23:42:23 | INFO     |     精确率: 0.969752
2025-07-27 23:42:23 | INFO     |     召回率: 0.969035
2025-07-27 23:42:23 | INFO     |   学习率调度器: f1_based
2025-07-27 23:42:23 | INFO     | ------------------------------------------------------------
2025-07-27 23:42:23 | INFO     | Epoch  60 | Train: Loss=0.1696, Acc=0.9352 | Val: Loss=0.0741, Acc=0.9670, F1=0.9669 | LR=0.000025 
2025-07-27 23:42:37 | INFO     | Epoch 61:
2025-07-27 23:42:37 | INFO     |   训练指标:
2025-07-27 23:42:37 | INFO     |     损失(ce): 0.155044
2025-07-27 23:42:37 | INFO     |     准确率: 0.935686
2025-07-27 23:42:37 | INFO     |     学习率: 0.00002500
2025-07-27 23:42:37 | INFO     |   验证指标(标准CE):
2025-07-27 23:42:37 | INFO     |     损失: 0.072602
2025-07-27 23:42:37 | INFO     |     准确率: 0.961962
2025-07-27 23:42:37 | INFO     |     F1(macro): 0.963064
2025-07-27 23:42:37 | INFO     |     F1(weighted): 0.961199
2025-07-27 23:42:37 | INFO     |     精确率: 0.971663
2025-07-27 23:42:37 | INFO     |     召回率: 0.965106
2025-07-27 23:42:37 | INFO     |   学习率调度器: f1_based
2025-07-27 23:42:37 | INFO     | ------------------------------------------------------------
2025-07-27 23:42:37 | INFO     | 🎯 学习率调整事件:
2025-07-27 23:42:37 | INFO     |   调度器类型: f1_based
2025-07-27 23:42:37 | INFO     |   学习率变化: 0.00002500 → 0.00001250
2025-07-27 23:42:37 | INFO     |   触发条件: F1分数 = 0.961199
2025-07-27 23:42:37 | INFO     |   变化幅度: -50.00%
2025-07-27 23:42:37 | INFO     | ------------------------------------------------------------
2025-07-27 23:42:37 | INFO     | Epoch  61 | Train: Loss=0.1550, Acc=0.9357 | Val: Loss=0.0726, Acc=0.9620, F1=0.9612 | LR=0.000013 
2025-07-27 23:42:51 | INFO     | Epoch 62:
2025-07-27 23:42:51 | INFO     |   训练指标:
2025-07-27 23:42:51 | INFO     |     损失(ce): 0.185914
2025-07-27 23:42:51 | INFO     |     准确率: 0.930681
2025-07-27 23:42:51 | INFO     |     学习率: 0.00001250
2025-07-27 23:42:51 | INFO     |   验证指标(标准CE):
2025-07-27 23:42:51 | INFO     |     损失: 0.076761
2025-07-27 23:42:51 | INFO     |     准确率: 0.963964
2025-07-27 23:42:51 | INFO     |     F1(macro): 0.965079
2025-07-27 23:42:51 | INFO     |     F1(weighted): 0.963329
2025-07-27 23:42:51 | INFO     |     精确率: 0.972789
2025-07-27 23:42:51 | INFO     |     召回率: 0.966942
2025-07-27 23:42:51 | INFO     |   学习率调度器: f1_based
2025-07-27 23:42:51 | INFO     | ------------------------------------------------------------
2025-07-27 23:42:51 | INFO     | Epoch  62 | Train: Loss=0.1859, Acc=0.9307 | Val: Loss=0.0768, Acc=0.9640, F1=0.9633 | LR=0.000013 
2025-07-27 23:43:05 | INFO     | Epoch 63:
2025-07-27 23:43:05 | INFO     |   训练指标:
2025-07-27 23:43:05 | INFO     |     损失(ce): 0.203327
2025-07-27 23:43:05 | INFO     |     准确率: 0.929680
2025-07-27 23:43:05 | INFO     |     学习率: 0.00001250
2025-07-27 23:43:05 | INFO     |   验证指标(标准CE):
2025-07-27 23:43:05 | INFO     |     损失: 0.071603
2025-07-27 23:43:05 | INFO     |     准确率: 0.963964
2025-07-27 23:43:05 | INFO     |     F1(macro): 0.965079
2025-07-27 23:43:05 | INFO     |     F1(weighted): 0.963329
2025-07-27 23:43:05 | INFO     |     精确率: 0.972789
2025-07-27 23:43:05 | INFO     |     召回率: 0.966942
2025-07-27 23:43:05 | INFO     |   学习率调度器: f1_based
2025-07-27 23:43:05 | INFO     | ------------------------------------------------------------
2025-07-27 23:43:05 | INFO     | Epoch  63 | Train: Loss=0.2033, Acc=0.9297 | Val: Loss=0.0716, Acc=0.9640, F1=0.9633 | LR=0.000013 
2025-07-27 23:43:19 | INFO     | Epoch 64:
2025-07-27 23:43:19 | INFO     |   训练指标:
2025-07-27 23:43:19 | INFO     |     损失(ce): 0.161646
2025-07-27 23:43:19 | INFO     |     准确率: 0.937938
2025-07-27 23:43:19 | INFO     |     学习率: 0.00001250
2025-07-27 23:43:19 | INFO     |   验证指标(标准CE):
2025-07-27 23:43:19 | INFO     |     损失: 0.076944
2025-07-27 23:43:19 | INFO     |     准确率: 0.962963
2025-07-27 23:43:19 | INFO     |     F1(macro): 0.964073
2025-07-27 23:43:19 | INFO     |     F1(weighted): 0.962266
2025-07-27 23:43:19 | INFO     |     精确率: 0.972222
2025-07-27 23:43:19 | INFO     |     召回率: 0.966024
2025-07-27 23:43:19 | INFO     |   学习率调度器: f1_based
2025-07-27 23:43:19 | INFO     | ------------------------------------------------------------
2025-07-27 23:43:19 | INFO     | Epoch  64 | Train: Loss=0.1616, Acc=0.9379 | Val: Loss=0.0769, Acc=0.9630, F1=0.9623 | LR=0.000013 
2025-07-27 23:43:33 | INFO     | Epoch 65:
2025-07-27 23:43:33 | INFO     |   训练指标:
2025-07-27 23:43:33 | INFO     |     损失(ce): 0.140961
2025-07-27 23:43:33 | INFO     |     准确率: 0.946196
2025-07-27 23:43:33 | INFO     |     学习率: 0.00001250
2025-07-27 23:43:33 | INFO     |   验证指标(标准CE):
2025-07-27 23:43:33 | INFO     |     损失: 0.073259
2025-07-27 23:43:33 | INFO     |     准确率: 0.962963
2025-07-27 23:43:33 | INFO     |     F1(macro): 0.964073
2025-07-27 23:43:33 | INFO     |     F1(weighted): 0.962266
2025-07-27 23:43:33 | INFO     |     精确率: 0.972222
2025-07-27 23:43:33 | INFO     |     召回率: 0.966024
2025-07-27 23:43:33 | INFO     |   学习率调度器: f1_based
2025-07-27 23:43:33 | INFO     | ------------------------------------------------------------
2025-07-27 23:43:33 | INFO     | Epoch  65 | Train: Loss=0.1410, Acc=0.9462 | Val: Loss=0.0733, Acc=0.9630, F1=0.9623 | LR=0.000013 
2025-07-27 23:43:47 | INFO     | Epoch 66:
2025-07-27 23:43:47 | INFO     |   训练指标:
2025-07-27 23:43:47 | INFO     |     损失(ce): 0.180877
2025-07-27 23:43:47 | INFO     |     准确率: 0.931181
2025-07-27 23:43:47 | INFO     |     学习率: 0.00001250
2025-07-27 23:43:47 | INFO     |   验证指标(标准CE):
2025-07-27 23:43:47 | INFO     |     损失: 0.064969
2025-07-27 23:43:47 | INFO     |     准确率: 0.963964
2025-07-27 23:43:47 | INFO     |     F1(macro): 0.965079
2025-07-27 23:43:47 | INFO     |     F1(weighted): 0.963329
2025-07-27 23:43:47 | INFO     |     精确率: 0.972789
2025-07-27 23:43:47 | INFO     |     召回率: 0.966942
2025-07-27 23:43:47 | INFO     |   学习率调度器: f1_based
2025-07-27 23:43:47 | INFO     | ------------------------------------------------------------
2025-07-27 23:43:47 | INFO     | Epoch  66 | Train: Loss=0.1809, Acc=0.9312 | Val: Loss=0.0650, Acc=0.9640, F1=0.9633 | LR=0.000013 
2025-07-27 23:44:01 | INFO     | Epoch 67:
2025-07-27 23:44:01 | INFO     |   训练指标:
2025-07-27 23:44:01 | INFO     |     损失(ce): 0.177918
2025-07-27 23:44:01 | INFO     |     准确率: 0.935936
2025-07-27 23:44:01 | INFO     |     学习率: 0.00001250
2025-07-27 23:44:01 | INFO     |   验证指标(标准CE):
2025-07-27 23:44:01 | INFO     |     损失: 0.074971
2025-07-27 23:44:01 | INFO     |     准确率: 0.965966
2025-07-27 23:44:01 | INFO     |     F1(macro): 0.967394
2025-07-27 23:44:01 | INFO     |     F1(weighted): 0.965875
2025-07-27 23:44:01 | INFO     |     精确率: 0.968976
2025-07-27 23:44:01 | INFO     |     召回率: 0.968117
2025-07-27 23:44:01 | INFO     |   学习率调度器: f1_based
2025-07-27 23:44:01 | INFO     | ------------------------------------------------------------
2025-07-27 23:44:01 | INFO     | Epoch  67 | Train: Loss=0.1779, Acc=0.9359 | Val: Loss=0.0750, Acc=0.9660, F1=0.9659 | LR=0.000013 
2025-07-27 23:44:15 | INFO     | Epoch 68:
2025-07-27 23:44:15 | INFO     |   训练指标:
2025-07-27 23:44:15 | INFO     |     损失(ce): 0.160128
2025-07-27 23:44:15 | INFO     |     准确率: 0.937688
2025-07-27 23:44:15 | INFO     |     学习率: 0.00001250
2025-07-27 23:44:15 | INFO     |   验证指标(标准CE):
2025-07-27 23:44:15 | INFO     |     损失: 0.088489
2025-07-27 23:44:15 | INFO     |     准确率: 0.952953
2025-07-27 23:44:15 | INFO     |     F1(macro): 0.953932
2025-07-27 23:44:15 | INFO     |     F1(weighted): 0.951544
2025-07-27 23:44:15 | INFO     |     精确率: 0.965774
2025-07-27 23:44:15 | INFO     |     召回率: 0.956758
2025-07-27 23:44:15 | INFO     |   学习率调度器: f1_based
2025-07-27 23:44:15 | INFO     | ------------------------------------------------------------
2025-07-27 23:44:15 | INFO     | Epoch  68 | Train: Loss=0.1601, Acc=0.9377 | Val: Loss=0.0885, Acc=0.9530, F1=0.9515 | LR=0.000013 
2025-07-27 23:44:30 | INFO     | Epoch 69:
2025-07-27 23:44:30 | INFO     |   训练指标:
2025-07-27 23:44:30 | INFO     |     损失(ce): 0.173039
2025-07-27 23:44:30 | INFO     |     准确率: 0.935185
2025-07-27 23:44:30 | INFO     |     学习率: 0.00001250
2025-07-27 23:44:30 | INFO     |   验证指标(标准CE):
2025-07-27 23:44:30 | INFO     |     损失: 0.070446
2025-07-27 23:44:30 | INFO     |     准确率: 0.962963
2025-07-27 23:44:30 | INFO     |     F1(macro): 0.964073
2025-07-27 23:44:30 | INFO     |     F1(weighted): 0.962266
2025-07-27 23:44:30 | INFO     |     精确率: 0.972222
2025-07-27 23:44:30 | INFO     |     召回率: 0.966024
2025-07-27 23:44:30 | INFO     |   学习率调度器: f1_based
2025-07-27 23:44:30 | INFO     | ------------------------------------------------------------
2025-07-27 23:44:30 | INFO     | 🎯 学习率调整事件:
2025-07-27 23:44:30 | INFO     |   调度器类型: f1_based
2025-07-27 23:44:30 | INFO     |   学习率变化: 0.00001250 → 0.00000625
2025-07-27 23:44:30 | INFO     |   触发条件: F1分数 = 0.962266
2025-07-27 23:44:30 | INFO     |   变化幅度: -50.00%
2025-07-27 23:44:30 | INFO     | ------------------------------------------------------------
2025-07-27 23:44:30 | INFO     | Epoch  69 | Train: Loss=0.1730, Acc=0.9352 | Val: Loss=0.0704, Acc=0.9630, F1=0.9623 | LR=0.000006 
2025-07-27 23:44:44 | INFO     | Epoch 70:
2025-07-27 23:44:44 | INFO     |   训练指标:
2025-07-27 23:44:44 | INFO     |     损失(ce): 0.171301
2025-07-27 23:44:44 | INFO     |     准确率: 0.936937
2025-07-27 23:44:44 | INFO     |     学习率: 0.00000625
2025-07-27 23:44:44 | INFO     |   验证指标(标准CE):
2025-07-27 23:44:44 | INFO     |     损失: 0.071040
2025-07-27 23:44:44 | INFO     |     准确率: 0.963964
2025-07-27 23:44:44 | INFO     |     F1(macro): 0.965079
2025-07-27 23:44:44 | INFO     |     F1(weighted): 0.963329
2025-07-27 23:44:44 | INFO     |     精确率: 0.972789
2025-07-27 23:44:44 | INFO     |     召回率: 0.966942
2025-07-27 23:44:44 | INFO     |   学习率调度器: f1_based
2025-07-27 23:44:44 | INFO     | ------------------------------------------------------------
2025-07-27 23:44:44 | INFO     | Epoch  70 | Train: Loss=0.1713, Acc=0.9369 | Val: Loss=0.0710, Acc=0.9640, F1=0.9633 | LR=0.000006 
2025-07-27 23:44:44 | INFO     | ⏹️ 早停触发，在第 70 轮停止训练
2025-07-27 23:44:46 | INFO     | 训练历史已保存到: ./result/0727_2328_DualGAF_OneDCNN_oneCNN+无统计消融_sl96_step96_fd128_extractor-dilated_gaf-concat_attention-channel_classifier-mlp_stat-basic_fusion-concat/training_history.csv
2025-07-27 23:44:46 | INFO     | 
====================================================================================================
2025-07-27 23:44:46 | INFO     | 🎉 训练完成总结:
2025-07-27 23:44:46 | INFO     |   训练损失函数: ce
2025-07-27 23:44:46 | INFO     |   验证损失函数: 标准交叉熵（遵循主流ML规范）
2025-07-27 23:44:46 | INFO     |   训练过程最佳验证准确率: 0.9710
2025-07-27 23:44:46 | INFO     |   训练过程最佳验证F1(macro): 0.9721
2025-07-27 23:44:46 | INFO     |   训练过程最佳验证F1(weighted): 0.9709
2025-07-27 23:44:46 | INFO     |   训练轮数: 70
2025-07-27 23:44:46 | INFO     | --------------------------------------------------
2025-07-27 23:44:46 | INFO     | 📊 最佳模型真实性能指标（基于标准交叉熵损失）:
2025-07-27 23:44:46 | INFO     |   验证损失(标准CE): 0.0869
2025-07-27 23:44:46 | INFO     |   验证准确率: 0.9710
2025-07-27 23:44:46 | INFO     |   验证F1(macro): 0.9721
2025-07-27 23:44:46 | INFO     |   验证F1(weighted): 0.9709
2025-07-27 23:44:46 | INFO     |   验证精确率: 0.9724
2025-07-27 23:44:46 | INFO     |   验证召回率: 0.9720
2025-07-27 23:44:46 | INFO     | ====================================================================================================
2025-07-27 23:44:48 | INFO     | ================================================================================
2025-07-27 23:44:48 | INFO     | 实验日志结束: DualGAF_OneDCNN_oneCNN+无统计消融_sl96_step96_fd128_extractor-dilated_gaf-concat_attention-channel_classifier-mlp_stat-basic_fusion-concat
2025-07-27 23:44:48 | INFO     | 结束时间: 2025-07-27 23:44:48
2025-07-27 23:44:48 | INFO     | ================================================================================
