2025-07-30 10:04:11 | INFO     | ================================================================================
2025-07-30 10:04:11 | INFO     | 实验日志开始: DualGAF_DDAHU_DualGAFNet_SDAHU通道压缩_sl96_step96_fd128_extractor-dilated_gaf-adaptive_attention-channel_classifier-mlp_stat-basic_fusion-concat_compression-signal_compression_ratio-0.3
2025-07-30 10:04:11 | INFO     | 日志文件: ./result/0730_1004_DualGAF_DDAHU_DualGAFNet_SDAHU通道压缩_sl96_step96_fd128_extractor-dilated_gaf-adaptive_attention-channel_classifier-mlp_stat-basic_fusion-concat_compression-signal_compression_ratio-0.3/training.log
2025-07-30 10:04:11 | INFO     | 开始时间: 2025-07-30 10:04:11
2025-07-30 10:04:11 | INFO     | ================================================================================
2025-07-30 10:04:11 | INFO     | ⚙️ 实验配置:
2025-07-30 10:04:11 | INFO     |    task_name: classification
2025-07-30 10:04:11 | INFO     |    is_training: 1
2025-07-30 10:04:11 | INFO     |    model_id: test
2025-07-30 10:04:11 | INFO     |    model: DualGAFNet
2025-07-30 10:04:11 | INFO     |    data: DualGAF_DDAHU
2025-07-30 10:04:11 | INFO     |    root_path: ./dataset/DDAHU/direct_5_working
2025-07-30 10:04:11 | INFO     |    step: 96
2025-07-30 10:04:11 | INFO     |    checkpoints: ./checkpoints/
2025-07-30 10:04:11 | INFO     |    num_class: 29
2025-07-30 10:04:11 | INFO     |    result_path: ./result/
2025-07-30 10:04:11 | INFO     |    test_size: 0.2
2025-07-30 10:04:11 | INFO     |    rows: None
2025-07-30 10:04:11 | INFO     |    seq_len: 96
2025-07-30 10:04:11 | INFO     |    enc_in: 97
2025-07-30 10:04:11 | INFO     |    d_model: 512
2025-07-30 10:04:11 | INFO     |    n_heads: 8
2025-07-30 10:04:11 | INFO     |    e_layers: 2
2025-07-30 10:04:11 | INFO     |    d_layers: 1
2025-07-30 10:04:11 | INFO     |    d_ff: 2048
2025-07-30 10:04:11 | INFO     |    moving_avg: 25
2025-07-30 10:04:11 | INFO     |    factor: 1
2025-07-30 10:04:11 | INFO     |    distil: True
2025-07-30 10:04:11 | INFO     |    dropout: 0.1
2025-07-30 10:04:11 | INFO     |    embed: timeF
2025-07-30 10:04:11 | INFO     |    activation: gelu
2025-07-30 10:04:11 | INFO     |    use_norm: 1
2025-07-30 10:04:11 | INFO     |    gaf_method: summation
2025-07-30 10:04:11 | INFO     |    feature_dim: 128
2025-07-30 10:04:11 | INFO     |    data_type_method: uint8
2025-07-30 10:04:11 | INFO     |    use_attention: True
2025-07-30 10:04:11 | INFO     |    hidden_dim: 64
2025-07-30 10:04:11 | INFO     |    sample_size: 1000
2025-07-30 10:04:11 | INFO     |    cnn_dropout_rate: 0.3
2025-07-30 10:04:11 | INFO     |    cnn_use_batch_norm: True
2025-07-30 10:04:11 | INFO     |    channel_groups: None
2025-07-30 10:04:11 | INFO     |    hvac_groups: None
2025-07-30 10:04:11 | INFO     |    use_channel_compression: True
2025-07-30 10:04:11 | INFO     |    compression_strategy: signal_compression
2025-07-30 10:04:11 | INFO     |    compression_ratio: 0.3
2025-07-30 10:04:11 | INFO     |    compression_channels: None
2025-07-30 10:04:11 | INFO     |    adaptive_compression_ratios: [0.5, 0.7, 0.8]
2025-07-30 10:04:11 | INFO     |    hvac_group_compression_ratios: None
2025-07-30 10:04:11 | INFO     |    extractor_type: dilated
2025-07-30 10:04:11 | INFO     |    fusion_type: adaptive
2025-07-30 10:04:11 | INFO     |    attention_type: channel
2025-07-30 10:04:11 | INFO     |    classifier_type: mlp
2025-07-30 10:04:11 | INFO     |    use_statistical_features: True
2025-07-30 10:04:11 | INFO     |    stat_type: basic
2025-07-30 10:04:11 | INFO     |    multimodal_fusion_strategy: concat
2025-07-30 10:04:11 | INFO     |    use_signal_level_stats: False
2025-07-30 10:04:11 | INFO     |    signal_stat_type: comprehensive
2025-07-30 10:04:11 | INFO     |    signal_stat_fusion_strategy: concat_project
2025-07-30 10:04:11 | INFO     |    signal_stat_feature_dim: 32
2025-07-30 10:04:11 | INFO     |    use_diff_branch: True
2025-07-30 10:04:11 | INFO     |    ablation_mode: none
2025-07-30 10:04:11 | INFO     |    backbone_type: resnet18
2025-07-30 10:04:11 | INFO     |    use_sum_branch: True
2025-07-30 10:04:11 | INFO     |    num_workers: 0
2025-07-30 10:04:11 | INFO     |    cuda_debug: False
2025-07-30 10:04:11 | INFO     |    gpu_memory_fraction: 0.9
2025-07-30 10:04:11 | INFO     |    safe_mode: True
2025-07-30 10:04:11 | INFO     |    drop_last_batch: True
2025-07-30 10:04:11 | INFO     |    itr: 1
2025-07-30 10:04:11 | INFO     |    train_epochs: 300
2025-07-30 10:04:11 | INFO     |    batch_size: 4
2025-07-30 10:04:11 | INFO     |    patience: 15
2025-07-30 10:04:11 | INFO     |    learning_rate: 0.0001
2025-07-30 10:04:11 | INFO     |    des: SDAHU通道压缩
2025-07-30 10:04:11 | INFO     |    loss: MSE
2025-07-30 10:04:11 | INFO     |    lradj: type1
2025-07-30 10:04:11 | INFO     |    lr_scheduler_type: f1_based
2025-07-30 10:04:11 | INFO     |    lr_loss_weight: 0.3
2025-07-30 10:04:11 | INFO     |    lr_f1_weight: 0.7
2025-07-30 10:04:11 | INFO     |    use_amp: False
2025-07-30 10:04:11 | INFO     |    gradient_accumulation_steps: 2
2025-07-30 10:04:11 | INFO     |    enable_auto_gradient_accumulation: True
2025-07-30 10:04:11 | INFO     |    loss_type: ce
2025-07-30 10:04:11 | INFO     |    label_smoothing: 0.1
2025-07-30 10:04:11 | INFO     |    focal_alpha: 1.0
2025-07-30 10:04:11 | INFO     |    focal_gamma: 2.0
2025-07-30 10:04:11 | INFO     |    confidence_penalty_beta: 0.1
2025-07-30 10:04:11 | INFO     |    use_timm_loss: True
2025-07-30 10:04:11 | INFO     |    adaptive_initial_smoothing: 0.2
2025-07-30 10:04:11 | INFO     |    adaptive_final_smoothing: 0.05
2025-07-30 10:04:11 | INFO     |    adaptive_decay_epochs: 30
2025-07-30 10:04:11 | INFO     |    enable_class_weights: False
2025-07-30 10:04:11 | INFO     |    class_weights: None
2025-07-30 10:04:11 | INFO     |    loss_preset: None
2025-07-30 10:04:11 | INFO     |    n_jobs: 1
2025-07-30 10:04:11 | INFO     |    use_multiprocessing: False
2025-07-30 10:04:11 | INFO     |    chunk_size: 800
2025-07-30 10:04:11 | INFO     |    disable_parallel: True
2025-07-30 10:04:11 | INFO     |    use_shared_memory: False
2025-07-30 10:04:11 | INFO     |    disable_shared_memory: False
2025-07-30 10:04:11 | INFO     |    use_gpu: True
2025-07-30 10:04:11 | INFO     |    gpu: 0
2025-07-30 10:04:11 | INFO     |    gpu_type: cuda
2025-07-30 10:04:11 | INFO     |    use_multi_gpu: False
2025-07-30 10:04:11 | INFO     |    devices: 0,1,2,3
2025-07-30 10:04:11 | INFO     |    device: cuda:0
2025-07-30 10:04:11 | INFO     |    feature_columns: ['CHWP_GPMC', 'CHWC_VLV_DM', 'CHWC_VLV', 'CHWC_MWT', 'CHWC_LWT', 'VAVCFM_H_DM_SB', 'CHWC_EAH', 'VAV_DAT_SA', 'CHWC_DAT', 'VAV_SP_C_SA', 'HWP_GPMT', 'VAVCFM_C_DM_SB', 'RM_TEMP_W', 'HWP_GPMC', 'VAVCFM_T_SB', 'VAV_DMPR_H_SB', 'HWC_VLV_DM', 'VAVCFM_H_SB', 'HWC_VLV', 'VAV_DMPR_H_E', 'HWC_LWT', 'HWC_MWT', 'VAV_DMPR_C_SB', 'HWC_DAT', 'RM_TEMP_SB', 'CSF_WAT', 'CSF_SPD', 'CSF_DP', 'CSA_TEMP', 'CSA_CFM', 'VAV_EAT_C_SB', 'CSA_HUMD', 'CSA_SP', 'VAVCFM_C_SB', 'VAVCFM_H_W', 'HSF_SPD', 'VAV_EAT_H_SB', 'VAV_DAT_SB', 'RM_TEMP_SA', 'HSF_DP', 'HSA_TEMP', 'VAVCFM_C_DM_W', 'VAVCFM_C_W', 'VAV_DAT_W', 'HSA_SP', 'HSA_CFM', 'VAV_DMPR_H_W', 'HSF_WAT', 'VAVCFM_T_W', 'EA_DMPR_DM', 'RF_WAT', 'VAV_SP_C_W', 'VAV_SP_H_E', 'EA_DMPR', 'VAV_SP_H_SB', 'RF_SPD', 'RA_TEMP', 'RA_HUMD', 'VAV_SP_H_SA', 'VAV_EAT_H_W', 'RF_DP', 'VAV_DMPR_C_SA', 'VAV_SP_C_SB', 'RA_DMPR_DM', 'VAV_DMPR_H_SA', 'VAV_SP_H_W', 'VAVCFM_H_DM_SA', 'RA_DMPR', 'VAV_EAT_C_W', 'VAVCFM_C_DM_SA', 'RA_CFM', 'MA_TEMP', 'VAVCFM_C_SA', 'OA_TEMP', 'VAVCFM_H_SA', 'VAVCFM_H_DM_W', 'OA_HUMD', 'VAVCFM_T_SA', 'OA_DMPR_DM', 'VAV_EAT_C_SA', 'VAV_DMPR_C_W', 'OA_DMPR', 'VAV_EAT_H_SA', 'HSA_HUMD', 'RM_TEMP_E', 'VAV_EAT_H_E', 'VAV_DAT_E', 'VAV_EAT_C_E', 'VAVCFM_T_E', 'VAVCFM_H_E', 'VAV_SP_C_E', 'VAVCFM_C_DM_E', 'OA_CFM', 'VAV_DMPR_C_E', 'VAVCFM_C_E', 'VAVCFM_H_DM_E', 'CHWP_GPMT']
2025-07-30 10:04:11 | INFO     | 🏗️ 模型信息:
2025-07-30 10:04:11 | INFO     |    模型类型: Model
2025-07-30 10:04:11 | INFO     |    总参数数量: 9,312,134
2025-07-30 10:04:11 | INFO     |    可训练参数: 9,312,134
2025-07-30 10:04:11 | INFO     |    模型大小估计: 35.52 MB
2025-07-30 10:04:11 | INFO     | 📊 数据集信息:
2025-07-30 10:04:11 | INFO     |    训练集大小: 5967
2025-07-30 10:04:11 | INFO     |    验证集大小: 1492
2025-07-30 10:04:11 | INFO     | 
================================================================================
2025-07-30 10:04:11 | INFO     | 📋 损失函数使用策略（遵循主流机器学习规范）:
2025-07-30 10:04:11 | INFO     |    🎯 训练阶段: 使用 ce 损失函数
2025-07-30 10:04:11 | INFO     |       → 目的：优化模型参数，解决特定问题（类别不平衡、相似性等）
2025-07-30 10:04:11 | INFO     |    📊 验证阶段: 使用标准交叉熵损失函数
2025-07-30 10:04:11 | INFO     |       → 目的：客观评估模型性能，便于不同方法比较
2025-07-30 10:04:11 | INFO     |    📈 最终报告: 基于标准交叉熵损失的指标
2025-07-30 10:04:11 | INFO     |       → 目的：提供可信、可比较的性能指标
2025-07-30 10:04:11 | INFO     | ================================================================================

2025-07-30 10:04:11 | INFO     | 🔄 梯度累积配置: 每2轮累积一次梯度
2025-07-30 10:04:11 | INFO     |    实际batch_size: 4
2025-07-30 10:04:11 | INFO     |    有效batch_size: 8
2025-07-30 10:09:09 | INFO     | Epoch 1:
2025-07-30 10:09:09 | INFO     |   训练指标:
2025-07-30 10:09:09 | INFO     |     损失(ce): 3.071985
2025-07-30 10:09:09 | INFO     |     准确率: 0.106808
2025-07-30 10:09:09 | INFO     |     学习率: 0.00010000
2025-07-30 10:09:09 | INFO     |   验证指标(标准CE):
2025-07-30 10:09:09 | INFO     |     损失: 2.497694
2025-07-30 10:09:09 | INFO     |     准确率: 0.270777
2025-07-30 10:09:09 | INFO     |     F1(macro): 0.202870
2025-07-30 10:09:09 | INFO     |     F1(weighted): 0.196875
2025-07-30 10:09:09 | INFO     |     精确率: 0.216390
2025-07-30 10:09:09 | INFO     |     召回率: 0.270962
2025-07-30 10:09:09 | INFO     |   学习率调度器: f1_based
2025-07-30 10:09:09 | INFO     | ------------------------------------------------------------
2025-07-30 10:09:09 | INFO     | Epoch   1 | Train: Loss=3.0720, Acc=0.1068 | Val: Loss=2.4977, Acc=0.2708, F1=0.1969 | LR=0.000100 🏆 [最佳模型]
2025-07-30 10:13:46 | INFO     | Epoch 2:
2025-07-30 10:13:46 | INFO     |   训练指标:
2025-07-30 10:13:46 | INFO     |     损失(ce): 1.941022
2025-07-30 10:13:46 | INFO     |     准确率: 0.390510
2025-07-30 10:13:46 | INFO     |     学习率: 0.00010000
2025-07-30 10:13:46 | INFO     |   验证指标(标准CE):
2025-07-30 10:13:46 | INFO     |     损失: 1.410486
2025-07-30 10:13:46 | INFO     |     准确率: 0.565013
2025-07-30 10:13:46 | INFO     |     F1(macro): 0.530701
2025-07-30 10:13:46 | INFO     |     F1(weighted): 0.523052
2025-07-30 10:13:46 | INFO     |     精确率: 0.597374
2025-07-30 10:13:46 | INFO     |     召回率: 0.574227
2025-07-30 10:13:46 | INFO     |   学习率调度器: f1_based
2025-07-30 10:13:46 | INFO     | ------------------------------------------------------------
2025-07-30 10:13:46 | INFO     | Epoch   2 | Train: Loss=1.9410, Acc=0.3905 | Val: Loss=1.4105, Acc=0.5650, F1=0.5231 | LR=0.000100 🏆 [最佳模型]
2025-07-30 10:18:14 | INFO     | Epoch 3:
2025-07-30 10:18:14 | INFO     |   训练指标:
2025-07-30 10:18:14 | INFO     |     损失(ce): 1.207249
2025-07-30 10:18:14 | INFO     |     准确率: 0.618545
2025-07-30 10:18:14 | INFO     |     学习率: 0.00010000
2025-07-30 10:18:14 | INFO     |   验证指标(标准CE):
2025-07-30 10:18:14 | INFO     |     损失: 0.963643
2025-07-30 10:18:14 | INFO     |     准确率: 0.710456
2025-07-30 10:18:14 | INFO     |     F1(macro): 0.706501
2025-07-30 10:18:14 | INFO     |     F1(weighted): 0.698063
2025-07-30 10:18:14 | INFO     |     精确率: 0.771753
2025-07-30 10:18:14 | INFO     |     召回率: 0.713805
2025-07-30 10:18:14 | INFO     |   学习率调度器: f1_based
2025-07-30 10:18:14 | INFO     | ------------------------------------------------------------
2025-07-30 10:18:14 | INFO     | Epoch   3 | Train: Loss=1.2072, Acc=0.6185 | Val: Loss=0.9636, Acc=0.7105, F1=0.6981 | LR=0.000100 🏆 [最佳模型]
2025-07-30 10:22:41 | INFO     | Epoch 4:
2025-07-30 10:22:41 | INFO     |   训练指标:
2025-07-30 10:22:41 | INFO     |     损失(ce): 0.891702
2025-07-30 10:22:41 | INFO     |     准确率: 0.720825
2025-07-30 10:22:41 | INFO     |     学习率: 0.00010000
2025-07-30 10:22:41 | INFO     |   验证指标(标准CE):
2025-07-30 10:22:41 | INFO     |     损失: 0.748892
2025-07-30 10:22:41 | INFO     |     准确率: 0.766086
2025-07-30 10:22:41 | INFO     |     F1(macro): 0.770006
2025-07-30 10:22:41 | INFO     |     F1(weighted): 0.766930
2025-07-30 10:22:41 | INFO     |     精确率: 0.825328
2025-07-30 10:22:41 | INFO     |     召回率: 0.771036
2025-07-30 10:22:41 | INFO     |   学习率调度器: f1_based
2025-07-30 10:22:41 | INFO     | ------------------------------------------------------------
2025-07-30 10:22:41 | INFO     | Epoch   4 | Train: Loss=0.8917, Acc=0.7208 | Val: Loss=0.7489, Acc=0.7661, F1=0.7669 | LR=0.000100 🏆 [最佳模型]
2025-07-30 10:27:10 | INFO     | Epoch 5:
2025-07-30 10:27:10 | INFO     |   训练指标:
2025-07-30 10:27:10 | INFO     |     损失(ce): 0.748430
2025-07-30 10:27:10 | INFO     |     准确率: 0.767606
2025-07-30 10:27:10 | INFO     |     学习率: 0.00010000
2025-07-30 10:27:10 | INFO     |   验证指标(标准CE):
2025-07-30 10:27:10 | INFO     |     损失: 0.559660
2025-07-30 10:27:10 | INFO     |     准确率: 0.820375
2025-07-30 10:27:10 | INFO     |     F1(macro): 0.814776
2025-07-30 10:27:10 | INFO     |     F1(weighted): 0.811792
2025-07-30 10:27:10 | INFO     |     精确率: 0.841291
2025-07-30 10:27:10 | INFO     |     召回率: 0.821042
2025-07-30 10:27:10 | INFO     |   学习率调度器: f1_based
2025-07-30 10:27:10 | INFO     | ------------------------------------------------------------
2025-07-30 10:27:10 | INFO     | Epoch   5 | Train: Loss=0.7484, Acc=0.7676 | Val: Loss=0.5597, Acc=0.8204, F1=0.8118 | LR=0.000100 🏆 [最佳模型]
2025-07-30 10:31:39 | INFO     | Epoch 6:
2025-07-30 10:31:39 | INFO     |   训练指标:
2025-07-30 10:31:39 | INFO     |     损失(ce): 0.635169
2025-07-30 10:31:39 | INFO     |     准确率: 0.795607
2025-07-30 10:31:39 | INFO     |     学习率: 0.00010000
2025-07-30 10:31:39 | INFO     |   验证指标(标准CE):
2025-07-30 10:31:39 | INFO     |     损失: 0.578221
2025-07-30 10:31:39 | INFO     |     准确率: 0.802279
2025-07-30 10:31:39 | INFO     |     F1(macro): 0.799040
2025-07-30 10:31:39 | INFO     |     F1(weighted): 0.797061
2025-07-30 10:31:39 | INFO     |     精确率: 0.835694
2025-07-30 10:31:39 | INFO     |     召回率: 0.807125
2025-07-30 10:31:39 | INFO     |   学习率调度器: f1_based
2025-07-30 10:31:39 | INFO     | ------------------------------------------------------------
2025-07-30 10:31:39 | INFO     | Epoch   6 | Train: Loss=0.6352, Acc=0.7956 | Val: Loss=0.5782, Acc=0.8023, F1=0.7971 | LR=0.000100 
2025-07-30 10:36:06 | INFO     | Epoch 7:
2025-07-30 10:36:06 | INFO     |   训练指标:
2025-07-30 10:36:06 | INFO     |     损失(ce): 0.554304
2025-07-30 10:36:06 | INFO     |     准确率: 0.826626
2025-07-30 10:36:06 | INFO     |     学习率: 0.00010000
2025-07-30 10:36:06 | INFO     |   验证指标(标准CE):
2025-07-30 10:36:06 | INFO     |     损失: 0.479050
2025-07-30 10:36:06 | INFO     |     准确率: 0.831099
2025-07-30 10:36:06 | INFO     |     F1(macro): 0.832982
2025-07-30 10:36:06 | INFO     |     F1(weighted): 0.833456
2025-07-30 10:36:06 | INFO     |     精确率: 0.866576
2025-07-30 10:36:06 | INFO     |     召回率: 0.831299
2025-07-30 10:36:06 | INFO     |   学习率调度器: f1_based
2025-07-30 10:36:06 | INFO     | ------------------------------------------------------------
2025-07-30 10:36:06 | INFO     | Epoch   7 | Train: Loss=0.5543, Acc=0.8266 | Val: Loss=0.4791, Acc=0.8311, F1=0.8335 | LR=0.000100 🏆 [最佳模型]
2025-07-30 10:40:34 | INFO     | Epoch 8:
2025-07-30 10:40:34 | INFO     |   训练指标:
2025-07-30 10:40:34 | INFO     |     损失(ce): 0.494477
2025-07-30 10:40:34 | INFO     |     准确率: 0.841382
2025-07-30 10:40:34 | INFO     |     学习率: 0.00010000
2025-07-30 10:40:34 | INFO     |   验证指标(标准CE):
2025-07-30 10:40:34 | INFO     |     损失: 0.436489
2025-07-30 10:40:34 | INFO     |     准确率: 0.861260
2025-07-30 10:40:34 | INFO     |     F1(macro): 0.862199
2025-07-30 10:40:34 | INFO     |     F1(weighted): 0.859471
2025-07-30 10:40:34 | INFO     |     精确率: 0.925772
2025-07-30 10:40:34 | INFO     |     召回率: 0.861364
2025-07-30 10:40:34 | INFO     |   学习率调度器: f1_based
2025-07-30 10:40:34 | INFO     | ------------------------------------------------------------
2025-07-30 10:40:34 | INFO     | Epoch   8 | Train: Loss=0.4945, Acc=0.8414 | Val: Loss=0.4365, Acc=0.8613, F1=0.8595 | LR=0.000100 🏆 [最佳模型]
2025-07-30 10:45:02 | INFO     | Epoch 9:
2025-07-30 10:45:02 | INFO     |   训练指标:
2025-07-30 10:45:02 | INFO     |     损失(ce): 0.453624
2025-07-30 10:45:02 | INFO     |     准确率: 0.856808
2025-07-30 10:45:02 | INFO     |     学习率: 0.00010000
2025-07-30 10:45:02 | INFO     |   验证指标(标准CE):
2025-07-30 10:45:02 | INFO     |     损失: 0.406178
2025-07-30 10:45:02 | INFO     |     准确率: 0.867292
2025-07-30 10:45:02 | INFO     |     F1(macro): 0.867684
2025-07-30 10:45:02 | INFO     |     F1(weighted): 0.864123
2025-07-30 10:45:02 | INFO     |     精确率: 0.889027
2025-07-30 10:45:02 | INFO     |     召回率: 0.871350
2025-07-30 10:45:02 | INFO     |   学习率调度器: f1_based
2025-07-30 10:45:02 | INFO     | ------------------------------------------------------------
2025-07-30 10:45:02 | INFO     | Epoch   9 | Train: Loss=0.4536, Acc=0.8568 | Val: Loss=0.4062, Acc=0.8673, F1=0.8641 | LR=0.000100 🏆 [最佳模型]
2025-07-30 10:49:29 | INFO     | Epoch 10:
2025-07-30 10:49:29 | INFO     |   训练指标:
2025-07-30 10:49:29 | INFO     |     损失(ce): 0.437594
2025-07-30 10:49:29 | INFO     |     准确率: 0.860496
2025-07-30 10:49:29 | INFO     |     学习率: 0.00010000
2025-07-30 10:49:29 | INFO     |   验证指标(标准CE):
2025-07-30 10:49:29 | INFO     |     损失: 0.418828
2025-07-30 10:49:29 | INFO     |     准确率: 0.857239
2025-07-30 10:49:29 | INFO     |     F1(macro): 0.871791
2025-07-30 10:49:29 | INFO     |     F1(weighted): 0.864889
2025-07-30 10:49:29 | INFO     |     精确率: 0.907061
2025-07-30 10:49:29 | INFO     |     召回率: 0.866304
2025-07-30 10:49:29 | INFO     |   学习率调度器: f1_based
2025-07-30 10:49:29 | INFO     | ------------------------------------------------------------
2025-07-30 10:49:29 | INFO     | Epoch  10 | Train: Loss=0.4376, Acc=0.8605 | Val: Loss=0.4188, Acc=0.8572, F1=0.8649 | LR=0.000100 🏆 [最佳模型]
2025-07-30 10:53:57 | INFO     | Epoch 11:
2025-07-30 10:53:57 | INFO     |   训练指标:
2025-07-30 10:53:57 | INFO     |     损失(ce): 0.401256
2025-07-30 10:53:57 | INFO     |     准确率: 0.873910
2025-07-30 10:53:57 | INFO     |     学习率: 0.00010000
2025-07-30 10:53:57 | INFO     |   验证指标(标准CE):
2025-07-30 10:53:57 | INFO     |     损失: 0.363991
2025-07-30 10:53:57 | INFO     |     准确率: 0.888070
2025-07-30 10:53:57 | INFO     |     F1(macro): 0.888654
2025-07-30 10:53:57 | INFO     |     F1(weighted): 0.888443
2025-07-30 10:53:57 | INFO     |     精确率: 0.904143
2025-07-30 10:53:57 | INFO     |     召回率: 0.888781
2025-07-30 10:53:57 | INFO     |   学习率调度器: f1_based
2025-07-30 10:53:57 | INFO     | ------------------------------------------------------------
2025-07-30 10:53:57 | INFO     | Epoch  11 | Train: Loss=0.4013, Acc=0.8739 | Val: Loss=0.3640, Acc=0.8881, F1=0.8884 | LR=0.000100 🏆 [最佳模型]
2025-07-30 10:58:26 | INFO     | Epoch 12:
2025-07-30 10:58:26 | INFO     |   训练指标:
2025-07-30 10:58:26 | INFO     |     损失(ce): 0.404850
2025-07-30 10:58:26 | INFO     |     准确率: 0.869048
2025-07-30 10:58:26 | INFO     |     学习率: 0.00010000
2025-07-30 10:58:26 | INFO     |   验证指标(标准CE):
2025-07-30 10:58:26 | INFO     |     损失: 0.379033
2025-07-30 10:58:26 | INFO     |     准确率: 0.894772
2025-07-30 10:58:26 | INFO     |     F1(macro): 0.897357
2025-07-30 10:58:26 | INFO     |     F1(weighted): 0.897016
2025-07-30 10:58:26 | INFO     |     精确率: 0.923137
2025-07-30 10:58:26 | INFO     |     召回率: 0.893194
2025-07-30 10:58:26 | INFO     |   学习率调度器: f1_based
2025-07-30 10:58:26 | INFO     | ------------------------------------------------------------
2025-07-30 10:58:26 | INFO     | Epoch  12 | Train: Loss=0.4049, Acc=0.8690 | Val: Loss=0.3790, Acc=0.8948, F1=0.8970 | LR=0.000100 🏆 [最佳模型]
2025-07-30 11:02:54 | INFO     | Epoch 13:
2025-07-30 11:02:54 | INFO     |   训练指标:
2025-07-30 11:02:54 | INFO     |     损失(ce): 0.377113
2025-07-30 11:02:54 | INFO     |     准确率: 0.881288
2025-07-30 11:02:54 | INFO     |     学习率: 0.00010000
2025-07-30 11:02:54 | INFO     |   验证指标(标准CE):
2025-07-30 11:02:54 | INFO     |     损失: 0.435489
2025-07-30 11:02:54 | INFO     |     准确率: 0.866622
2025-07-30 11:02:54 | INFO     |     F1(macro): 0.866178
2025-07-30 11:02:54 | INFO     |     F1(weighted): 0.864211
2025-07-30 11:02:54 | INFO     |     精确率: 0.895510
2025-07-30 11:02:54 | INFO     |     召回率: 0.867307
2025-07-30 11:02:54 | INFO     |   学习率调度器: f1_based
2025-07-30 11:02:54 | INFO     | ------------------------------------------------------------
2025-07-30 11:02:54 | INFO     | Epoch  13 | Train: Loss=0.3771, Acc=0.8813 | Val: Loss=0.4355, Acc=0.8666, F1=0.8642 | LR=0.000100 
2025-07-30 11:07:22 | INFO     | Epoch 14:
2025-07-30 11:07:22 | INFO     |   训练指标:
2025-07-30 11:07:22 | INFO     |     损失(ce): 0.343023
2025-07-30 11:07:22 | INFO     |     准确率: 0.893025
2025-07-30 11:07:22 | INFO     |     学习率: 0.00010000
2025-07-30 11:07:22 | INFO     |   验证指标(标准CE):
2025-07-30 11:07:22 | INFO     |     损失: 0.334610
2025-07-30 11:07:22 | INFO     |     准确率: 0.899464
2025-07-30 11:07:22 | INFO     |     F1(macro): 0.902067
2025-07-30 11:07:22 | INFO     |     F1(weighted): 0.900618
2025-07-30 11:07:22 | INFO     |     精确率: 0.923768
2025-07-30 11:07:22 | INFO     |     召回率: 0.904299
2025-07-30 11:07:22 | INFO     |   学习率调度器: f1_based
2025-07-30 11:07:22 | INFO     | ------------------------------------------------------------
2025-07-30 11:07:22 | INFO     | Epoch  14 | Train: Loss=0.3430, Acc=0.8930 | Val: Loss=0.3346, Acc=0.8995, F1=0.9006 | LR=0.000100 🏆 [最佳模型]
2025-07-30 11:11:50 | INFO     | Epoch 15:
2025-07-30 11:11:50 | INFO     |   训练指标:
2025-07-30 11:11:50 | INFO     |     损失(ce): 0.335380
2025-07-30 11:11:50 | INFO     |     准确率: 0.895708
2025-07-30 11:11:50 | INFO     |     学习率: 0.00010000
2025-07-30 11:11:50 | INFO     |   验证指标(标准CE):
2025-07-30 11:11:50 | INFO     |     损失: 0.663513
2025-07-30 11:11:50 | INFO     |     准确率: 0.811662
2025-07-30 11:11:50 | INFO     |     F1(macro): 0.808761
2025-07-30 11:11:50 | INFO     |     F1(weighted): 0.805036
2025-07-30 11:11:50 | INFO     |     精确率: 0.842042
2025-07-30 11:11:50 | INFO     |     召回率: 0.814794
2025-07-30 11:11:50 | INFO     |   学习率调度器: f1_based
2025-07-30 11:11:50 | INFO     | ------------------------------------------------------------
2025-07-30 11:11:50 | INFO     | Epoch  15 | Train: Loss=0.3354, Acc=0.8957 | Val: Loss=0.6635, Acc=0.8117, F1=0.8050 | LR=0.000100 
2025-07-30 11:16:17 | INFO     | Epoch 16:
2025-07-30 11:16:17 | INFO     |   训练指标:
2025-07-30 11:16:17 | INFO     |     损失(ce): 0.321701
2025-07-30 11:16:17 | INFO     |     准确率: 0.899899
2025-07-30 11:16:17 | INFO     |     学习率: 0.00010000
2025-07-30 11:16:17 | INFO     |   验证指标(标准CE):
2025-07-30 11:16:17 | INFO     |     损失: 0.317256
2025-07-30 11:16:17 | INFO     |     准确率: 0.905496
2025-07-30 11:16:17 | INFO     |     F1(macro): 0.907068
2025-07-30 11:16:17 | INFO     |     F1(weighted): 0.905883
2025-07-30 11:16:17 | INFO     |     精确率: 0.923164
2025-07-30 11:16:17 | INFO     |     召回率: 0.907272
2025-07-30 11:16:17 | INFO     |   学习率调度器: f1_based
2025-07-30 11:16:17 | INFO     | ------------------------------------------------------------
2025-07-30 11:16:17 | INFO     | Epoch  16 | Train: Loss=0.3217, Acc=0.8999 | Val: Loss=0.3173, Acc=0.9055, F1=0.9059 | LR=0.000100 🏆 [最佳模型]
2025-07-30 11:20:45 | INFO     | Epoch 17:
2025-07-30 11:20:45 | INFO     |   训练指标:
2025-07-30 11:20:45 | INFO     |     损失(ce): 0.312815
2025-07-30 11:20:45 | INFO     |     准确率: 0.906774
2025-07-30 11:20:45 | INFO     |     学习率: 0.00010000
2025-07-30 11:20:45 | INFO     |   验证指标(标准CE):
2025-07-30 11:20:45 | INFO     |     损失: 0.214885
2025-07-30 11:20:45 | INFO     |     准确率: 0.939678
2025-07-30 11:20:45 | INFO     |     F1(macro): 0.944080
2025-07-30 11:20:45 | INFO     |     F1(weighted): 0.940974
2025-07-30 11:20:45 | INFO     |     精确率: 0.952090
2025-07-30 11:20:45 | INFO     |     召回率: 0.943542
2025-07-30 11:20:45 | INFO     |   学习率调度器: f1_based
2025-07-30 11:20:45 | INFO     | ------------------------------------------------------------
2025-07-30 11:20:45 | INFO     | Epoch  17 | Train: Loss=0.3128, Acc=0.9068 | Val: Loss=0.2149, Acc=0.9397, F1=0.9410 | LR=0.000100 🏆 [最佳模型]
2025-07-30 11:25:13 | INFO     | Epoch 18:
2025-07-30 11:25:13 | INFO     |   训练指标:
2025-07-30 11:25:13 | INFO     |     损失(ce): 0.300319
2025-07-30 11:25:13 | INFO     |     准确率: 0.908451
2025-07-30 11:25:13 | INFO     |     学习率: 0.00010000
2025-07-30 11:25:13 | INFO     |   验证指标(标准CE):
2025-07-30 11:25:13 | INFO     |     损失: 0.393348
2025-07-30 11:25:13 | INFO     |     准确率: 0.901475
2025-07-30 11:25:13 | INFO     |     F1(macro): 0.904363
2025-07-30 11:25:13 | INFO     |     F1(weighted): 0.905845
2025-07-30 11:25:13 | INFO     |     精确率: 0.935832
2025-07-30 11:25:13 | INFO     |     召回率: 0.900586
2025-07-30 11:25:13 | INFO     |   学习率调度器: f1_based
2025-07-30 11:25:13 | INFO     | ------------------------------------------------------------
2025-07-30 11:25:13 | INFO     | Epoch  18 | Train: Loss=0.3003, Acc=0.9085 | Val: Loss=0.3933, Acc=0.9015, F1=0.9058 | LR=0.000100 
2025-07-30 11:29:41 | INFO     | Epoch 19:
2025-07-30 11:29:41 | INFO     |   训练指标:
2025-07-30 11:29:41 | INFO     |     损失(ce): 0.308066
2025-07-30 11:29:41 | INFO     |     准确率: 0.907948
2025-07-30 11:29:41 | INFO     |     学习率: 0.00010000
2025-07-30 11:29:41 | INFO     |   验证指标(标准CE):
2025-07-30 11:29:41 | INFO     |     损失: 0.260828
2025-07-30 11:29:41 | INFO     |     准确率: 0.925603
2025-07-30 11:29:41 | INFO     |     F1(macro): 0.932636
2025-07-30 11:29:41 | INFO     |     F1(weighted): 0.929730
2025-07-30 11:29:41 | INFO     |     精确率: 0.952030
2025-07-30 11:29:41 | INFO     |     召回率: 0.928485
2025-07-30 11:29:41 | INFO     |   学习率调度器: f1_based
2025-07-30 11:29:41 | INFO     | ------------------------------------------------------------
2025-07-30 11:29:41 | INFO     | Epoch  19 | Train: Loss=0.3081, Acc=0.9079 | Val: Loss=0.2608, Acc=0.9256, F1=0.9297 | LR=0.000100 
2025-07-30 11:34:08 | INFO     | Epoch 20:
2025-07-30 11:34:08 | INFO     |   训练指标:
2025-07-30 11:34:08 | INFO     |     损失(ce): 0.302101
2025-07-30 11:34:08 | INFO     |     准确率: 0.910127
2025-07-30 11:34:08 | INFO     |     学习率: 0.00010000
2025-07-30 11:34:08 | INFO     |   验证指标(标准CE):
2025-07-30 11:34:08 | INFO     |     损失: 0.249406
2025-07-30 11:34:08 | INFO     |     准确率: 0.927614
2025-07-30 11:34:08 | INFO     |     F1(macro): 0.932492
2025-07-30 11:34:08 | INFO     |     F1(weighted): 0.929738
2025-07-30 11:34:08 | INFO     |     精确率: 0.941758
2025-07-30 11:34:08 | INFO     |     召回率: 0.932157
2025-07-30 11:34:08 | INFO     |   学习率调度器: f1_based
2025-07-30 11:34:08 | INFO     | ------------------------------------------------------------
2025-07-30 11:34:08 | INFO     | Epoch  20 | Train: Loss=0.3021, Acc=0.9101 | Val: Loss=0.2494, Acc=0.9276, F1=0.9297 | LR=0.000100 
2025-07-30 11:38:35 | INFO     | Epoch 21:
2025-07-30 11:38:35 | INFO     |   训练指标:
2025-07-30 11:38:35 | INFO     |     损失(ce): 0.278822
2025-07-30 11:38:35 | INFO     |     准确率: 0.915158
2025-07-30 11:38:35 | INFO     |     学习率: 0.00010000
2025-07-30 11:38:35 | INFO     |   验证指标(标准CE):
2025-07-30 11:38:35 | INFO     |     损失: 0.280310
2025-07-30 11:38:35 | INFO     |     准确率: 0.910858
2025-07-30 11:38:35 | INFO     |     F1(macro): 0.914326
2025-07-30 11:38:35 | INFO     |     F1(weighted): 0.911967
2025-07-30 11:38:35 | INFO     |     精确率: 0.931094
2025-07-30 11:38:35 | INFO     |     召回率: 0.915473
2025-07-30 11:38:35 | INFO     |   学习率调度器: f1_based
2025-07-30 11:38:35 | INFO     | ------------------------------------------------------------
2025-07-30 11:38:35 | INFO     | Epoch  21 | Train: Loss=0.2788, Acc=0.9152 | Val: Loss=0.2803, Acc=0.9109, F1=0.9120 | LR=0.000100 
2025-07-30 11:43:03 | INFO     | Epoch 22:
2025-07-30 11:43:03 | INFO     |   训练指标:
2025-07-30 11:43:03 | INFO     |     损失(ce): 0.272459
2025-07-30 11:43:03 | INFO     |     准确率: 0.917170
2025-07-30 11:43:03 | INFO     |     学习率: 0.00010000
2025-07-30 11:43:03 | INFO     |   验证指标(标准CE):
2025-07-30 11:43:03 | INFO     |     损失: 0.278842
2025-07-30 11:43:03 | INFO     |     准确率: 0.928954
2025-07-30 11:43:03 | INFO     |     F1(macro): 0.930636
2025-07-30 11:43:03 | INFO     |     F1(weighted): 0.929752
2025-07-30 11:43:03 | INFO     |     精确率: 0.948368
2025-07-30 11:43:03 | INFO     |     召回率: 0.931452
2025-07-30 11:43:03 | INFO     |   学习率调度器: f1_based
2025-07-30 11:43:03 | INFO     | ------------------------------------------------------------
2025-07-30 11:43:03 | INFO     | Epoch  22 | Train: Loss=0.2725, Acc=0.9172 | Val: Loss=0.2788, Acc=0.9290, F1=0.9298 | LR=0.000100 
2025-07-30 11:47:30 | INFO     | Epoch 23:
2025-07-30 11:47:30 | INFO     |   训练指标:
2025-07-30 11:47:30 | INFO     |     损失(ce): 0.275760
2025-07-30 11:47:30 | INFO     |     准确率: 0.918846
2025-07-30 11:47:30 | INFO     |     学习率: 0.00010000
2025-07-30 11:47:30 | INFO     |   验证指标(标准CE):
2025-07-30 11:47:30 | INFO     |     损失: 0.269907
2025-07-30 11:47:30 | INFO     |     准确率: 0.907507
2025-07-30 11:47:30 | INFO     |     F1(macro): 0.909636
2025-07-30 11:47:30 | INFO     |     F1(weighted): 0.909205
2025-07-30 11:47:30 | INFO     |     精确率: 0.936888
2025-07-30 11:47:30 | INFO     |     召回率: 0.907634
2025-07-30 11:47:30 | INFO     |   学习率调度器: f1_based
2025-07-30 11:47:30 | INFO     | ------------------------------------------------------------
2025-07-30 11:47:30 | INFO     | Epoch  23 | Train: Loss=0.2758, Acc=0.9188 | Val: Loss=0.2699, Acc=0.9075, F1=0.9092 | LR=0.000100 
2025-07-30 11:51:57 | INFO     | Epoch 24:
2025-07-30 11:51:57 | INFO     |   训练指标:
2025-07-30 11:51:57 | INFO     |     损失(ce): 0.254371
2025-07-30 11:51:57 | INFO     |     准确率: 0.926056
2025-07-30 11:51:57 | INFO     |     学习率: 0.00010000
2025-07-30 11:51:57 | INFO     |   验证指标(标准CE):
2025-07-30 11:51:57 | INFO     |     损失: 0.315717
2025-07-30 11:51:57 | INFO     |     准确率: 0.912869
2025-07-30 11:51:57 | INFO     |     F1(macro): 0.920177
2025-07-30 11:51:57 | INFO     |     F1(weighted): 0.919015
2025-07-30 11:51:57 | INFO     |     精确率: 0.948454
2025-07-30 11:51:57 | INFO     |     召回率: 0.914956
2025-07-30 11:51:57 | INFO     |   学习率调度器: f1_based
2025-07-30 11:51:57 | INFO     | ------------------------------------------------------------
2025-07-30 11:51:57 | INFO     | Epoch  24 | Train: Loss=0.2544, Acc=0.9261 | Val: Loss=0.3157, Acc=0.9129, F1=0.9190 | LR=0.000100 
2025-07-30 11:56:25 | INFO     | Epoch 25:
2025-07-30 11:56:25 | INFO     |   训练指标:
2025-07-30 11:56:25 | INFO     |     损失(ce): 0.257283
2025-07-30 11:56:25 | INFO     |     准确率: 0.921529
2025-07-30 11:56:25 | INFO     |     学习率: 0.00010000
2025-07-30 11:56:25 | INFO     |   验证指标(标准CE):
2025-07-30 11:56:25 | INFO     |     损失: 0.175993
2025-07-30 11:56:25 | INFO     |     准确率: 0.951072
2025-07-30 11:56:25 | INFO     |     F1(macro): 0.953167
2025-07-30 11:56:25 | INFO     |     F1(weighted): 0.952098
2025-07-30 11:56:25 | INFO     |     精确率: 0.957812
2025-07-30 11:56:25 | INFO     |     召回率: 0.952277
2025-07-30 11:56:25 | INFO     |   学习率调度器: f1_based
2025-07-30 11:56:25 | INFO     | ------------------------------------------------------------
2025-07-30 11:56:25 | INFO     | Epoch  25 | Train: Loss=0.2573, Acc=0.9215 | Val: Loss=0.1760, Acc=0.9511, F1=0.9521 | LR=0.000100 🏆 [最佳模型]
2025-07-30 12:00:53 | INFO     | Epoch 26:
2025-07-30 12:00:53 | INFO     |   训练指标:
2025-07-30 12:00:53 | INFO     |     损失(ce): 0.269038
2025-07-30 12:00:53 | INFO     |     准确率: 0.924547
2025-07-30 12:00:53 | INFO     |     学习率: 0.00010000
2025-07-30 12:00:53 | INFO     |   验证指标(标准CE):
2025-07-30 12:00:53 | INFO     |     损失: 0.236195
2025-07-30 12:00:53 | INFO     |     准确率: 0.937668
2025-07-30 12:00:53 | INFO     |     F1(macro): 0.942376
2025-07-30 12:00:53 | INFO     |     F1(weighted): 0.941100
2025-07-30 12:00:53 | INFO     |     精确率: 0.958431
2025-07-30 12:00:53 | INFO     |     召回率: 0.938309
2025-07-30 12:00:53 | INFO     |   学习率调度器: f1_based
2025-07-30 12:00:53 | INFO     | ------------------------------------------------------------
2025-07-30 12:00:53 | INFO     | Epoch  26 | Train: Loss=0.2690, Acc=0.9245 | Val: Loss=0.2362, Acc=0.9377, F1=0.9411 | LR=0.000100 
2025-07-30 12:05:20 | INFO     | Epoch 27:
2025-07-30 12:05:20 | INFO     |   训练指标:
2025-07-30 12:05:20 | INFO     |     损失(ce): 0.234304
2025-07-30 12:05:20 | INFO     |     准确率: 0.931087
2025-07-30 12:05:20 | INFO     |     学习率: 0.00010000
2025-07-30 12:05:20 | INFO     |   验证指标(标准CE):
2025-07-30 12:05:20 | INFO     |     损失: 0.211906
2025-07-30 12:05:20 | INFO     |     准确率: 0.940349
2025-07-30 12:05:20 | INFO     |     F1(macro): 0.942982
2025-07-30 12:05:20 | INFO     |     F1(weighted): 0.942146
2025-07-30 12:05:20 | INFO     |     精确率: 0.952434
2025-07-30 12:05:20 | INFO     |     召回率: 0.940926
2025-07-30 12:05:20 | INFO     |   学习率调度器: f1_based
2025-07-30 12:05:20 | INFO     | ------------------------------------------------------------
2025-07-30 12:05:20 | INFO     | Epoch  27 | Train: Loss=0.2343, Acc=0.9311 | Val: Loss=0.2119, Acc=0.9403, F1=0.9421 | LR=0.000100 
2025-07-30 12:09:47 | INFO     | Epoch 28:
2025-07-30 12:09:47 | INFO     |   训练指标:
2025-07-30 12:09:47 | INFO     |     损失(ce): 0.266690
2025-07-30 12:09:47 | INFO     |     准确率: 0.926392
2025-07-30 12:09:47 | INFO     |     学习率: 0.00010000
2025-07-30 12:09:47 | INFO     |   验证指标(标准CE):
2025-07-30 12:09:47 | INFO     |     损失: 0.191723
2025-07-30 12:09:47 | INFO     |     准确率: 0.947051
2025-07-30 12:09:47 | INFO     |     F1(macro): 0.951330
2025-07-30 12:09:47 | INFO     |     F1(weighted): 0.949414
2025-07-30 12:09:47 | INFO     |     精确率: 0.961927
2025-07-30 12:09:47 | INFO     |     召回率: 0.947373
2025-07-30 12:09:47 | INFO     |   学习率调度器: f1_based
2025-07-30 12:09:47 | INFO     | ------------------------------------------------------------
2025-07-30 12:09:47 | INFO     | Epoch  28 | Train: Loss=0.2667, Acc=0.9264 | Val: Loss=0.1917, Acc=0.9471, F1=0.9494 | LR=0.000100 
2025-07-30 12:14:15 | INFO     | Epoch 29:
2025-07-30 12:14:15 | INFO     |   训练指标:
2025-07-30 12:14:15 | INFO     |     损失(ce): 0.260782
2025-07-30 12:14:15 | INFO     |     准确率: 0.926392
2025-07-30 12:14:15 | INFO     |     学习率: 0.00010000
2025-07-30 12:14:15 | INFO     |   验证指标(标准CE):
2025-07-30 12:14:15 | INFO     |     损失: 0.171528
2025-07-30 12:14:15 | INFO     |     准确率: 0.953083
2025-07-30 12:14:15 | INFO     |     F1(macro): 0.954899
2025-07-30 12:14:15 | INFO     |     F1(weighted): 0.953792
2025-07-30 12:14:15 | INFO     |     精确率: 0.962209
2025-07-30 12:14:15 | INFO     |     召回率: 0.953069
2025-07-30 12:14:15 | INFO     |   学习率调度器: f1_based
2025-07-30 12:14:15 | INFO     | ------------------------------------------------------------
2025-07-30 12:14:15 | INFO     | Epoch  29 | Train: Loss=0.2608, Acc=0.9264 | Val: Loss=0.1715, Acc=0.9531, F1=0.9538 | LR=0.000100 🏆 [最佳模型]
2025-07-30 12:18:42 | INFO     | Epoch 30:
2025-07-30 12:18:42 | INFO     |   训练指标:
2025-07-30 12:18:42 | INFO     |     损失(ce): 0.238555
2025-07-30 12:18:42 | INFO     |     准确率: 0.931590
2025-07-30 12:18:42 | INFO     |     学习率: 0.00010000
2025-07-30 12:18:42 | INFO     |   验证指标(标准CE):
2025-07-30 12:18:42 | INFO     |     损失: 0.252595
2025-07-30 12:18:42 | INFO     |     准确率: 0.924933
2025-07-30 12:18:42 | INFO     |     F1(macro): 0.930786
2025-07-30 12:18:42 | INFO     |     F1(weighted): 0.928058
2025-07-30 12:18:42 | INFO     |     精确率: 0.942729
2025-07-30 12:18:42 | INFO     |     召回率: 0.929395
2025-07-30 12:18:42 | INFO     |   学习率调度器: f1_based
2025-07-30 12:18:42 | INFO     | ------------------------------------------------------------
2025-07-30 12:18:42 | INFO     | Epoch  30 | Train: Loss=0.2386, Acc=0.9316 | Val: Loss=0.2526, Acc=0.9249, F1=0.9281 | LR=0.000100 
2025-07-30 12:23:10 | INFO     | Epoch 31:
2025-07-30 12:23:10 | INFO     |   训练指标:
2025-07-30 12:23:10 | INFO     |     损失(ce): 0.244022
2025-07-30 12:23:10 | INFO     |     准确率: 0.931087
2025-07-30 12:23:10 | INFO     |     学习率: 0.00010000
2025-07-30 12:23:10 | INFO     |   验证指标(标准CE):
2025-07-30 12:23:10 | INFO     |     损失: 0.295544
2025-07-30 12:23:10 | INFO     |     准确率: 0.918231
2025-07-30 12:23:10 | INFO     |     F1(macro): 0.924554
2025-07-30 12:23:10 | INFO     |     F1(weighted): 0.920674
2025-07-30 12:23:10 | INFO     |     精确率: 0.934819
2025-07-30 12:23:10 | INFO     |     召回率: 0.924238
2025-07-30 12:23:10 | INFO     |   学习率调度器: f1_based
2025-07-30 12:23:10 | INFO     | ------------------------------------------------------------
2025-07-30 12:23:10 | INFO     | Epoch  31 | Train: Loss=0.2440, Acc=0.9311 | Val: Loss=0.2955, Acc=0.9182, F1=0.9207 | LR=0.000100 
2025-07-30 12:27:37 | INFO     | Epoch 32:
2025-07-30 12:27:37 | INFO     |   训练指标:
2025-07-30 12:27:37 | INFO     |     损失(ce): 0.243268
2025-07-30 12:27:37 | INFO     |     准确率: 0.930751
2025-07-30 12:27:37 | INFO     |     学习率: 0.00010000
2025-07-30 12:27:37 | INFO     |   验证指标(标准CE):
2025-07-30 12:27:37 | INFO     |     损失: 0.458272
2025-07-30 12:27:37 | INFO     |     准确率: 0.909517
2025-07-30 12:27:37 | INFO     |     F1(macro): 0.914653
2025-07-30 12:27:37 | INFO     |     F1(weighted): 0.911568
2025-07-30 12:27:37 | INFO     |     精确率: 0.936831
2025-07-30 12:27:37 | INFO     |     召回率: 0.913747
2025-07-30 12:27:37 | INFO     |   学习率调度器: f1_based
2025-07-30 12:27:37 | INFO     | ------------------------------------------------------------
2025-07-30 12:27:37 | INFO     | Epoch  32 | Train: Loss=0.2433, Acc=0.9308 | Val: Loss=0.4583, Acc=0.9095, F1=0.9116 | LR=0.000100 
2025-07-30 12:32:04 | INFO     | Epoch 33:
2025-07-30 12:32:04 | INFO     |   训练指标:
2025-07-30 12:32:04 | INFO     |     损失(ce): 0.222701
2025-07-30 12:32:04 | INFO     |     准确率: 0.936955
2025-07-30 12:32:04 | INFO     |     学习率: 0.00010000
2025-07-30 12:32:04 | INFO     |   验证指标(标准CE):
2025-07-30 12:32:04 | INFO     |     损失: 0.330878
2025-07-30 12:32:04 | INFO     |     准确率: 0.928284
2025-07-30 12:32:04 | INFO     |     F1(macro): 0.933203
2025-07-30 12:32:04 | INFO     |     F1(weighted): 0.930860
2025-07-30 12:32:04 | INFO     |     精确率: 0.949508
2025-07-30 12:32:04 | INFO     |     召回率: 0.931382
2025-07-30 12:32:04 | INFO     |   学习率调度器: f1_based
2025-07-30 12:32:04 | INFO     | ------------------------------------------------------------
2025-07-30 12:32:04 | INFO     | Epoch  33 | Train: Loss=0.2227, Acc=0.9370 | Val: Loss=0.3309, Acc=0.9283, F1=0.9309 | LR=0.000100 
2025-07-30 12:36:32 | INFO     | Epoch 34:
2025-07-30 12:36:32 | INFO     |   训练指标:
2025-07-30 12:36:32 | INFO     |     损失(ce): 0.224531
2025-07-30 12:36:32 | INFO     |     准确率: 0.935614
2025-07-30 12:36:32 | INFO     |     学习率: 0.00010000
2025-07-30 12:36:32 | INFO     |   验证指标(标准CE):
2025-07-30 12:36:32 | INFO     |     损失: 0.153892
2025-07-30 12:36:32 | INFO     |     准确率: 0.953753
2025-07-30 12:36:32 | INFO     |     F1(macro): 0.955645
2025-07-30 12:36:32 | INFO     |     F1(weighted): 0.954597
2025-07-30 12:36:32 | INFO     |     精确率: 0.967844
2025-07-30 12:36:32 | INFO     |     召回率: 0.955093
2025-07-30 12:36:32 | INFO     |   学习率调度器: f1_based
2025-07-30 12:36:32 | INFO     | ------------------------------------------------------------
2025-07-30 12:36:32 | INFO     | Epoch  34 | Train: Loss=0.2245, Acc=0.9356 | Val: Loss=0.1539, Acc=0.9538, F1=0.9546 | LR=0.000100 🏆 [最佳模型]
2025-07-30 12:40:59 | INFO     | Epoch 35:
2025-07-30 12:40:59 | INFO     |   训练指标:
2025-07-30 12:40:59 | INFO     |     损失(ce): 0.219566
2025-07-30 12:40:59 | INFO     |     准确率: 0.938799
2025-07-30 12:40:59 | INFO     |     学习率: 0.00010000
2025-07-30 12:40:59 | INFO     |   验证指标(标准CE):
2025-07-30 12:40:59 | INFO     |     损失: 0.186097
2025-07-30 12:40:59 | INFO     |     准确率: 0.942359
2025-07-30 12:40:59 | INFO     |     F1(macro): 0.945139
2025-07-30 12:40:59 | INFO     |     F1(weighted): 0.943195
2025-07-30 12:40:59 | INFO     |     精确率: 0.950937
2025-07-30 12:40:59 | INFO     |     召回率: 0.944750
2025-07-30 12:40:59 | INFO     |   学习率调度器: f1_based
2025-07-30 12:40:59 | INFO     | ------------------------------------------------------------
2025-07-30 12:40:59 | INFO     | Epoch  35 | Train: Loss=0.2196, Acc=0.9388 | Val: Loss=0.1861, Acc=0.9424, F1=0.9432 | LR=0.000100 
2025-07-30 12:45:26 | INFO     | Epoch 36:
2025-07-30 12:45:26 | INFO     |   训练指标:
2025-07-30 12:45:26 | INFO     |     损失(ce): 0.218273
2025-07-30 12:45:26 | INFO     |     准确率: 0.939135
2025-07-30 12:45:26 | INFO     |     学习率: 0.00010000
2025-07-30 12:45:26 | INFO     |   验证指标(标准CE):
2025-07-30 12:45:26 | INFO     |     损失: 0.210693
2025-07-30 12:45:26 | INFO     |     准确率: 0.946381
2025-07-30 12:45:26 | INFO     |     F1(macro): 0.948624
2025-07-30 12:45:26 | INFO     |     F1(weighted): 0.947907
2025-07-30 12:45:26 | INFO     |     精确率: 0.962160
2025-07-30 12:45:26 | INFO     |     召回率: 0.948603
2025-07-30 12:45:26 | INFO     |   学习率调度器: f1_based
2025-07-30 12:45:26 | INFO     | ------------------------------------------------------------
2025-07-30 12:45:26 | INFO     | Epoch  36 | Train: Loss=0.2183, Acc=0.9391 | Val: Loss=0.2107, Acc=0.9464, F1=0.9479 | LR=0.000100 
2025-07-30 12:49:53 | INFO     | Epoch 37:
2025-07-30 12:49:53 | INFO     |   训练指标:
2025-07-30 12:49:53 | INFO     |     损失(ce): 0.199406
2025-07-30 12:49:53 | INFO     |     准确率: 0.943662
2025-07-30 12:49:53 | INFO     |     学习率: 0.00010000
2025-07-30 12:49:53 | INFO     |   验证指标(标准CE):
2025-07-30 12:49:53 | INFO     |     损失: 0.109868
2025-07-30 12:49:53 | INFO     |     准确率: 0.969169
2025-07-30 12:49:53 | INFO     |     F1(macro): 0.970319
2025-07-30 12:49:53 | INFO     |     F1(weighted): 0.969315
2025-07-30 12:49:53 | INFO     |     精确率: 0.973292
2025-07-30 12:49:53 | INFO     |     召回率: 0.969987
2025-07-30 12:49:53 | INFO     |   学习率调度器: f1_based
2025-07-30 12:49:53 | INFO     | ------------------------------------------------------------
2025-07-30 12:49:53 | INFO     | Epoch  37 | Train: Loss=0.1994, Acc=0.9437 | Val: Loss=0.1099, Acc=0.9692, F1=0.9693 | LR=0.000100 🏆 [最佳模型]
2025-07-30 12:54:21 | INFO     | Epoch 38:
2025-07-30 12:54:21 | INFO     |   训练指标:
2025-07-30 12:54:21 | INFO     |     损失(ce): 0.213049
2025-07-30 12:54:21 | INFO     |     准确率: 0.942321
2025-07-30 12:54:21 | INFO     |     学习率: 0.00010000
2025-07-30 12:54:21 | INFO     |   验证指标(标准CE):
2025-07-30 12:54:21 | INFO     |     损失: 0.250691
2025-07-30 12:54:21 | INFO     |     准确率: 0.934316
2025-07-30 12:54:21 | INFO     |     F1(macro): 0.936937
2025-07-30 12:54:21 | INFO     |     F1(weighted): 0.935832
2025-07-30 12:54:21 | INFO     |     精确率: 0.951109
2025-07-30 12:54:21 | INFO     |     召回率: 0.936304
2025-07-30 12:54:21 | INFO     |   学习率调度器: f1_based
2025-07-30 12:54:21 | INFO     | ------------------------------------------------------------
2025-07-30 12:54:21 | INFO     | Epoch  38 | Train: Loss=0.2130, Acc=0.9423 | Val: Loss=0.2507, Acc=0.9343, F1=0.9358 | LR=0.000100 
2025-07-30 12:58:48 | INFO     | Epoch 39:
2025-07-30 12:58:48 | INFO     |   训练指标:
2025-07-30 12:58:48 | INFO     |     损失(ce): 0.225727
2025-07-30 12:58:48 | INFO     |     准确率: 0.934775
2025-07-30 12:58:48 | INFO     |     学习率: 0.00010000
2025-07-30 12:58:48 | INFO     |   验证指标(标准CE):
2025-07-30 12:58:48 | INFO     |     损失: 0.142246
2025-07-30 12:58:48 | INFO     |     准确率: 0.953083
2025-07-30 12:58:48 | INFO     |     F1(macro): 0.956275
2025-07-30 12:58:48 | INFO     |     F1(weighted): 0.954209
2025-07-30 12:58:48 | INFO     |     精确率: 0.964935
2025-07-30 12:58:48 | INFO     |     召回率: 0.955680
2025-07-30 12:58:48 | INFO     |   学习率调度器: f1_based
2025-07-30 12:58:48 | INFO     | ------------------------------------------------------------
2025-07-30 12:58:48 | INFO     | Epoch  39 | Train: Loss=0.2257, Acc=0.9348 | Val: Loss=0.1422, Acc=0.9531, F1=0.9542 | LR=0.000100 
2025-07-30 13:03:15 | INFO     | Epoch 40:
2025-07-30 13:03:15 | INFO     |   训练指标:
2025-07-30 13:03:15 | INFO     |     损失(ce): 0.210657
2025-07-30 13:03:15 | INFO     |     准确率: 0.939638
2025-07-30 13:03:15 | INFO     |     学习率: 0.00010000
2025-07-30 13:03:15 | INFO     |   验证指标(标准CE):
2025-07-30 13:03:15 | INFO     |     损失: 0.160768
2025-07-30 13:03:15 | INFO     |     准确率: 0.951743
2025-07-30 13:03:15 | INFO     |     F1(macro): 0.952204
2025-07-30 13:03:15 | INFO     |     F1(weighted): 0.951164
2025-07-30 13:03:15 | INFO     |     精确率: 0.962451
2025-07-30 13:03:15 | INFO     |     召回率: 0.954005
2025-07-30 13:03:15 | INFO     |   学习率调度器: f1_based
2025-07-30 13:03:15 | INFO     | ------------------------------------------------------------
2025-07-30 13:03:15 | INFO     | Epoch  40 | Train: Loss=0.2107, Acc=0.9396 | Val: Loss=0.1608, Acc=0.9517, F1=0.9512 | LR=0.000100 
2025-07-30 13:07:42 | INFO     | Epoch 41:
2025-07-30 13:07:42 | INFO     |   训练指标:
2025-07-30 13:07:42 | INFO     |     损失(ce): 0.193096
2025-07-30 13:07:42 | INFO     |     准确率: 0.942991
2025-07-30 13:07:42 | INFO     |     学习率: 0.00010000
2025-07-30 13:07:42 | INFO     |   验证指标(标准CE):
2025-07-30 13:07:42 | INFO     |     损失: 0.500071
2025-07-30 13:07:42 | INFO     |     准确率: 0.881367
2025-07-30 13:07:42 | INFO     |     F1(macro): 0.890398
2025-07-30 13:07:42 | INFO     |     F1(weighted): 0.885159
2025-07-30 13:07:42 | INFO     |     精确率: 0.907885
2025-07-30 13:07:42 | INFO     |     召回率: 0.888170
2025-07-30 13:07:42 | INFO     |   学习率调度器: f1_based
2025-07-30 13:07:42 | INFO     | ------------------------------------------------------------
2025-07-30 13:07:42 | INFO     | Epoch  41 | Train: Loss=0.1931, Acc=0.9430 | Val: Loss=0.5001, Acc=0.8814, F1=0.8852 | LR=0.000100 
2025-07-30 13:12:09 | INFO     | Epoch 42:
2025-07-30 13:12:09 | INFO     |   训练指标:
2025-07-30 13:12:09 | INFO     |     损失(ce): 0.223003
2025-07-30 13:12:09 | INFO     |     准确率: 0.938632
2025-07-30 13:12:09 | INFO     |     学习率: 0.00010000
2025-07-30 13:12:09 | INFO     |   验证指标(标准CE):
2025-07-30 13:12:09 | INFO     |     损失: 0.346027
2025-07-30 13:12:09 | INFO     |     准确率: 0.918901
2025-07-30 13:12:09 | INFO     |     F1(macro): 0.920609
2025-07-30 13:12:09 | INFO     |     F1(weighted): 0.916942
2025-07-30 13:12:09 | INFO     |     精确率: 0.937238
2025-07-30 13:12:09 | INFO     |     召回率: 0.924815
2025-07-30 13:12:09 | INFO     |   学习率调度器: f1_based
2025-07-30 13:12:09 | INFO     | ------------------------------------------------------------
2025-07-30 13:12:09 | INFO     | Epoch  42 | Train: Loss=0.2230, Acc=0.9386 | Val: Loss=0.3460, Acc=0.9189, F1=0.9169 | LR=0.000100 
2025-07-30 13:16:36 | INFO     | Epoch 43:
2025-07-30 13:16:36 | INFO     |   训练指标:
2025-07-30 13:16:36 | INFO     |     损失(ce): 0.225875
2025-07-30 13:16:36 | INFO     |     准确率: 0.936620
2025-07-30 13:16:36 | INFO     |     学习率: 0.00010000
2025-07-30 13:16:36 | INFO     |   验证指标(标准CE):
2025-07-30 13:16:36 | INFO     |     损失: 0.324007
2025-07-30 13:16:36 | INFO     |     准确率: 0.925603
2025-07-30 13:16:36 | INFO     |     F1(macro): 0.932208
2025-07-30 13:16:36 | INFO     |     F1(weighted): 0.930612
2025-07-30 13:16:36 | INFO     |     精确率: 0.953926
2025-07-30 13:16:36 | INFO     |     召回率: 0.929755
2025-07-30 13:16:36 | INFO     |   学习率调度器: f1_based
2025-07-30 13:16:36 | INFO     | ------------------------------------------------------------
2025-07-30 13:16:36 | INFO     | Epoch  43 | Train: Loss=0.2259, Acc=0.9366 | Val: Loss=0.3240, Acc=0.9256, F1=0.9306 | LR=0.000100 
2025-07-30 13:21:03 | INFO     | Epoch 44:
2025-07-30 13:21:03 | INFO     |   训练指标:
2025-07-30 13:21:03 | INFO     |     损失(ce): 0.216576
2025-07-30 13:21:03 | INFO     |     准确率: 0.938967
2025-07-30 13:21:03 | INFO     |     学习率: 0.00010000
2025-07-30 13:21:03 | INFO     |   验证指标(标准CE):
2025-07-30 13:21:03 | INFO     |     损失: 0.153927
2025-07-30 13:21:03 | INFO     |     准确率: 0.949062
2025-07-30 13:21:03 | INFO     |     F1(macro): 0.950734
2025-07-30 13:21:03 | INFO     |     F1(weighted): 0.949034
2025-07-30 13:21:03 | INFO     |     精确率: 0.955855
2025-07-30 13:21:03 | INFO     |     召回率: 0.951086
2025-07-30 13:21:03 | INFO     |   学习率调度器: f1_based
2025-07-30 13:21:03 | INFO     | ------------------------------------------------------------
2025-07-30 13:21:03 | INFO     | Epoch  44 | Train: Loss=0.2166, Acc=0.9390 | Val: Loss=0.1539, Acc=0.9491, F1=0.9490 | LR=0.000100 
2025-07-30 13:25:30 | INFO     | Epoch 45:
2025-07-30 13:25:30 | INFO     |   训练指标:
2025-07-30 13:25:30 | INFO     |     损失(ce): 0.197396
2025-07-30 13:25:30 | INFO     |     准确率: 0.946009
2025-07-30 13:25:30 | INFO     |     学习率: 0.00010000
2025-07-30 13:25:30 | INFO     |   验证指标(标准CE):
2025-07-30 13:25:30 | INFO     |     损失: 0.321224
2025-07-30 13:25:30 | INFO     |     准确率: 0.916890
2025-07-30 13:25:30 | INFO     |     F1(macro): 0.917887
2025-07-30 13:25:30 | INFO     |     F1(weighted): 0.917527
2025-07-30 13:25:30 | INFO     |     精确率: 0.933304
2025-07-30 13:25:30 | INFO     |     召回率: 0.922187
2025-07-30 13:25:30 | INFO     |   学习率调度器: f1_based
2025-07-30 13:25:30 | INFO     | ------------------------------------------------------------
2025-07-30 13:25:30 | INFO     | 🎯 学习率调整事件:
2025-07-30 13:25:30 | INFO     |   调度器类型: f1_based
2025-07-30 13:25:30 | INFO     |   学习率变化: 0.00010000 → 0.00005000
2025-07-30 13:25:30 | INFO     |   触发条件: F1分数 = 0.917527
2025-07-30 13:25:30 | INFO     |   变化幅度: -50.00%
2025-07-30 13:25:30 | INFO     | ------------------------------------------------------------
2025-07-30 13:25:30 | INFO     | Epoch  45 | Train: Loss=0.1974, Acc=0.9460 | Val: Loss=0.3212, Acc=0.9169, F1=0.9175 | LR=0.000050 
2025-07-30 13:29:57 | INFO     | Epoch 46:
2025-07-30 13:29:57 | INFO     |   训练指标:
2025-07-30 13:29:57 | INFO     |     损失(ce): 0.121926
2025-07-30 13:29:57 | INFO     |     准确率: 0.961100
2025-07-30 13:29:57 | INFO     |     学习率: 0.00005000
2025-07-30 13:29:57 | INFO     |   验证指标(标准CE):
2025-07-30 13:29:57 | INFO     |     损失: 0.180177
2025-07-30 13:29:57 | INFO     |     准确率: 0.951072
2025-07-30 13:29:57 | INFO     |     F1(macro): 0.953786
2025-07-30 13:29:57 | INFO     |     F1(weighted): 0.951975
2025-07-30 13:29:57 | INFO     |     精确率: 0.960103
2025-07-30 13:29:57 | INFO     |     召回率: 0.953807
2025-07-30 13:29:57 | INFO     |   学习率调度器: f1_based
2025-07-30 13:29:57 | INFO     | ------------------------------------------------------------
2025-07-30 13:29:57 | INFO     | Epoch  46 | Train: Loss=0.1219, Acc=0.9611 | Val: Loss=0.1802, Acc=0.9511, F1=0.9520 | LR=0.000050 
2025-07-30 13:34:24 | INFO     | Epoch 47:
2025-07-30 13:34:24 | INFO     |   训练指标:
2025-07-30 13:34:24 | INFO     |     损失(ce): 0.115449
2025-07-30 13:34:24 | INFO     |     准确率: 0.966298
2025-07-30 13:34:24 | INFO     |     学习率: 0.00005000
2025-07-30 13:34:24 | INFO     |   验证指标(标准CE):
2025-07-30 13:34:24 | INFO     |     损失: 0.164988
2025-07-30 13:34:24 | INFO     |     准确率: 0.955094
2025-07-30 13:34:24 | INFO     |     F1(macro): 0.959128
2025-07-30 13:34:24 | INFO     |     F1(weighted): 0.956960
2025-07-30 13:34:24 | INFO     |     精确率: 0.968450
2025-07-30 13:34:24 | INFO     |     召回率: 0.956431
2025-07-30 13:34:24 | INFO     |   学习率调度器: f1_based
2025-07-30 13:34:24 | INFO     | ------------------------------------------------------------
2025-07-30 13:34:24 | INFO     | Epoch  47 | Train: Loss=0.1154, Acc=0.9663 | Val: Loss=0.1650, Acc=0.9551, F1=0.9570 | LR=0.000050 
2025-07-30 13:38:51 | INFO     | Epoch 48:
2025-07-30 13:38:51 | INFO     |   训练指标:
2025-07-30 13:38:51 | INFO     |     损失(ce): 0.113264
2025-07-30 13:38:51 | INFO     |     准确率: 0.963280
2025-07-30 13:38:51 | INFO     |     学习率: 0.00005000
2025-07-30 13:38:51 | INFO     |   验证指标(标准CE):
2025-07-30 13:38:51 | INFO     |     损失: 0.154730
2025-07-30 13:38:51 | INFO     |     准确率: 0.960456
2025-07-30 13:38:51 | INFO     |     F1(macro): 0.963793
2025-07-30 13:38:51 | INFO     |     F1(weighted): 0.961884
2025-07-30 13:38:51 | INFO     |     精确率: 0.972931
2025-07-30 13:38:51 | INFO     |     召回率: 0.962607
2025-07-30 13:38:51 | INFO     |   学习率调度器: f1_based
2025-07-30 13:38:51 | INFO     | ------------------------------------------------------------
2025-07-30 13:38:51 | INFO     | Epoch  48 | Train: Loss=0.1133, Acc=0.9633 | Val: Loss=0.1547, Acc=0.9605, F1=0.9619 | LR=0.000050 
2025-07-30 13:43:19 | INFO     | Epoch 49:
2025-07-30 13:43:19 | INFO     |   训练指标:
2025-07-30 13:43:19 | INFO     |     损失(ce): 0.107863
2025-07-30 13:43:19 | INFO     |     准确率: 0.967304
2025-07-30 13:43:19 | INFO     |     学习率: 0.00005000
2025-07-30 13:43:19 | INFO     |   验证指标(标准CE):
2025-07-30 13:43:19 | INFO     |     损失: 0.137463
2025-07-30 13:43:19 | INFO     |     准确率: 0.963137
2025-07-30 13:43:19 | INFO     |     F1(macro): 0.964403
2025-07-30 13:43:19 | INFO     |     F1(weighted): 0.962958
2025-07-30 13:43:19 | INFO     |     精确率: 0.969617
2025-07-30 13:43:19 | INFO     |     召回率: 0.965563
2025-07-30 13:43:19 | INFO     |   学习率调度器: f1_based
2025-07-30 13:43:19 | INFO     | ------------------------------------------------------------
2025-07-30 13:43:19 | INFO     | Epoch  49 | Train: Loss=0.1079, Acc=0.9673 | Val: Loss=0.1375, Acc=0.9631, F1=0.9630 | LR=0.000050 
2025-07-30 13:47:45 | INFO     | Epoch 50:
2025-07-30 13:47:45 | INFO     |   训练指标:
2025-07-30 13:47:45 | INFO     |     损失(ce): 0.127736
2025-07-30 13:47:45 | INFO     |     准确率: 0.961603
2025-07-30 13:47:45 | INFO     |     学习率: 0.00005000
2025-07-30 13:47:45 | INFO     |   验证指标(标准CE):
2025-07-30 13:47:45 | INFO     |     损失: 0.150268
2025-07-30 13:47:45 | INFO     |     准确率: 0.961126
2025-07-30 13:47:45 | INFO     |     F1(macro): 0.964099
2025-07-30 13:47:45 | INFO     |     F1(weighted): 0.962407
2025-07-30 13:47:45 | INFO     |     精确率: 0.970194
2025-07-30 13:47:45 | INFO     |     召回率: 0.962245
2025-07-30 13:47:45 | INFO     |   学习率调度器: f1_based
2025-07-30 13:47:45 | INFO     | ------------------------------------------------------------
2025-07-30 13:47:45 | INFO     | Epoch  50 | Train: Loss=0.1277, Acc=0.9616 | Val: Loss=0.1503, Acc=0.9611, F1=0.9624 | LR=0.000050 
2025-07-30 13:52:12 | INFO     | Epoch 51:
2025-07-30 13:52:12 | INFO     |   训练指标:
2025-07-30 13:52:12 | INFO     |     损失(ce): 0.120649
2025-07-30 13:52:12 | INFO     |     准确率: 0.968142
2025-07-30 13:52:12 | INFO     |     学习率: 0.00005000
2025-07-30 13:52:12 | INFO     |   验证指标(标准CE):
2025-07-30 13:52:12 | INFO     |     损失: 0.154535
2025-07-30 13:52:12 | INFO     |     准确率: 0.961126
2025-07-30 13:52:12 | INFO     |     F1(macro): 0.962448
2025-07-30 13:52:12 | INFO     |     F1(weighted): 0.961316
2025-07-30 13:52:12 | INFO     |     精确率: 0.970064
2025-07-30 13:52:12 | INFO     |     召回率: 0.963863
2025-07-30 13:52:12 | INFO     |   学习率调度器: f1_based
2025-07-30 13:52:12 | INFO     | ------------------------------------------------------------
2025-07-30 13:52:12 | INFO     | Epoch  51 | Train: Loss=0.1206, Acc=0.9681 | Val: Loss=0.1545, Acc=0.9611, F1=0.9613 | LR=0.000050 
2025-07-30 13:56:39 | INFO     | Epoch 52:
2025-07-30 13:56:39 | INFO     |   训练指标:
2025-07-30 13:56:39 | INFO     |     损失(ce): 0.110282
2025-07-30 13:56:39 | INFO     |     准确率: 0.965627
2025-07-30 13:56:39 | INFO     |     学习率: 0.00005000
2025-07-30 13:56:39 | INFO     |   验证指标(标准CE):
2025-07-30 13:56:39 | INFO     |     损失: 0.166622
2025-07-30 13:56:39 | INFO     |     准确率: 0.961126
2025-07-30 13:56:39 | INFO     |     F1(macro): 0.963169
2025-07-30 13:56:39 | INFO     |     F1(weighted): 0.961764
2025-07-30 13:56:39 | INFO     |     精确率: 0.971239
2025-07-30 13:56:39 | INFO     |     召回率: 0.962795
2025-07-30 13:56:39 | INFO     |   学习率调度器: f1_based
2025-07-30 13:56:39 | INFO     | ------------------------------------------------------------
2025-07-30 13:56:39 | INFO     | Epoch  52 | Train: Loss=0.1103, Acc=0.9656 | Val: Loss=0.1666, Acc=0.9611, F1=0.9618 | LR=0.000050 
2025-07-30 13:56:39 | INFO     | ⏹️ 早停触发，在第 52 轮停止训练
2025-07-30 13:56:57 | INFO     | 训练历史已保存到: ./result/0730_1004_DualGAF_DDAHU_DualGAFNet_SDAHU通道压缩_sl96_step96_fd128_extractor-dilated_gaf-adaptive_attention-channel_classifier-mlp_stat-basic_fusion-concat_compression-signal_compression_ratio-0.3/training_history.csv
2025-07-30 13:56:57 | INFO     | 
====================================================================================================
2025-07-30 13:56:57 | INFO     | 🎉 训练完成总结:
2025-07-30 13:56:57 | INFO     |   训练损失函数: ce
2025-07-30 13:56:57 | INFO     |   验证损失函数: 标准交叉熵（遵循主流ML规范）
2025-07-30 13:56:57 | INFO     |   训练过程最佳验证准确率: 0.9692
2025-07-30 13:56:57 | INFO     |   训练过程最佳验证F1(macro): 0.9703
2025-07-30 13:56:57 | INFO     |   训练过程最佳验证F1(weighted): 0.9693
2025-07-30 13:56:57 | INFO     |   训练轮数: 52
2025-07-30 13:56:57 | INFO     | --------------------------------------------------
2025-07-30 13:56:57 | INFO     | 📊 最佳模型真实性能指标（基于标准交叉熵损失）:
2025-07-30 13:56:57 | INFO     |   验证损失(标准CE): 0.1099
2025-07-30 13:56:57 | INFO     |   验证准确率: 0.9692
2025-07-30 13:56:57 | INFO     |   验证F1(macro): 0.9703
2025-07-30 13:56:57 | INFO     |   验证F1(weighted): 0.9693
2025-07-30 13:56:57 | INFO     |   验证精确率: 0.9733
2025-07-30 13:56:57 | INFO     |   验证召回率: 0.9700
2025-07-30 13:56:57 | INFO     | ====================================================================================================
2025-07-30 13:57:00 | INFO     | ================================================================================
2025-07-30 13:57:00 | INFO     | 实验日志结束: DualGAF_DDAHU_DualGAFNet_SDAHU通道压缩_sl96_step96_fd128_extractor-dilated_gaf-adaptive_attention-channel_classifier-mlp_stat-basic_fusion-concat_compression-signal_compression_ratio-0.3
2025-07-30 13:57:00 | INFO     | 结束时间: 2025-07-30 13:57:00
2025-07-30 13:57:00 | INFO     | ================================================================================
