2025-07-12 22:55:22 | INFO     | ================================================================================
2025-07-12 22:55:22 | INFO     | 实验日志开始: DualGAF_DDAHU_DualGAFNet_dilated_enhanced_sl96_step96_fd64_extractor-dilated_gaf-adaptive_attention-channel_classifier-mlp
2025-07-12 22:55:22 | INFO     | 日志文件: ./result/0712_2255_DualGAF_DDAHU_DualGAFNet_dilated_enhanced_sl96_step96_fd64_extractor-dilated_gaf-adaptive_attention-channel_classifier-mlp/training.log
2025-07-12 22:55:22 | INFO     | 开始时间: 2025-07-12 22:55:22
2025-07-12 22:55:22 | INFO     | ================================================================================
2025-07-12 22:55:22 | INFO     | ⚙️ 实验配置:
2025-07-12 22:55:22 | INFO     |    task_name: classification
2025-07-12 22:55:22 | INFO     |    is_training: 1
2025-07-12 22:55:22 | INFO     |    model_id: test
2025-07-12 22:55:22 | INFO     |    model: DualGAFNet
2025-07-12 22:55:22 | INFO     |    data: DualGAF_DDAHU
2025-07-12 22:55:22 | INFO     |    root_path: ./dataset/DDAHU/direct_5_working
2025-07-12 22:55:22 | INFO     |    step: 96
2025-07-12 22:55:22 | INFO     |    checkpoints: ./checkpoints/
2025-07-12 22:55:22 | INFO     |    num_class: 29
2025-07-12 22:55:22 | INFO     |    result_path: ./result/
2025-07-12 22:55:22 | INFO     |    test_size: 0.2
2025-07-12 22:55:22 | INFO     |    seq_len: 96
2025-07-12 22:55:22 | INFO     |    enc_in: 97
2025-07-12 22:55:22 | INFO     |    d_model: 512
2025-07-12 22:55:22 | INFO     |    n_heads: 8
2025-07-12 22:55:22 | INFO     |    e_layers: 2
2025-07-12 22:55:22 | INFO     |    d_layers: 1
2025-07-12 22:55:22 | INFO     |    d_ff: 2048
2025-07-12 22:55:22 | INFO     |    moving_avg: 25
2025-07-12 22:55:22 | INFO     |    factor: 1
2025-07-12 22:55:22 | INFO     |    distil: True
2025-07-12 22:55:22 | INFO     |    dropout: 0.1
2025-07-12 22:55:22 | INFO     |    embed: timeF
2025-07-12 22:55:22 | INFO     |    activation: gelu
2025-07-12 22:55:22 | INFO     |    use_norm: 1
2025-07-12 22:55:22 | INFO     |    gaf_method: summation
2025-07-12 22:55:22 | INFO     |    feature_dim: 64
2025-07-12 22:55:22 | INFO     |    data_type_method: uint8
2025-07-12 22:55:22 | INFO     |    use_attention: True
2025-07-12 22:55:22 | INFO     |    hidden_dim: 64
2025-07-12 22:55:22 | INFO     |    sample_size: 1000
2025-07-12 22:55:22 | INFO     |    channel_groups: None
2025-07-12 22:55:22 | INFO     |    hvac_groups: None
2025-07-12 22:55:22 | INFO     |    extractor_type: dilated
2025-07-12 22:55:22 | INFO     |    fusion_type: adaptive
2025-07-12 22:55:22 | INFO     |    attention_type: channel
2025-07-12 22:55:22 | INFO     |    classifier_type: mlp
2025-07-12 22:55:22 | INFO     |    use_statistical_features: False
2025-07-12 22:55:22 | INFO     |    stat_type: comprehensive
2025-07-12 22:55:22 | INFO     |    multimodal_fusion_strategy: concat
2025-07-12 22:55:22 | INFO     |    use_signal_level_stats: True
2025-07-12 22:55:22 | INFO     |    signal_stat_type: extended
2025-07-12 22:55:22 | INFO     |    signal_stat_fusion_strategy: concat_project
2025-07-12 22:55:22 | INFO     |    signal_stat_feature_dim: 32
2025-07-12 22:55:22 | INFO     |    use_diff_branch: True
2025-07-12 22:55:22 | INFO     |    ablation_mode: none
2025-07-12 22:55:22 | INFO     |    backbone_type: resnet18
2025-07-12 22:55:22 | INFO     |    use_sum_branch: True
2025-07-12 22:55:22 | INFO     |    num_workers: 0
2025-07-12 22:55:22 | INFO     |    cuda_debug: False
2025-07-12 22:55:22 | INFO     |    gpu_memory_fraction: 0.9
2025-07-12 22:55:22 | INFO     |    safe_mode: True
2025-07-12 22:55:22 | INFO     |    drop_last_batch: True
2025-07-12 22:55:22 | INFO     |    itr: 1
2025-07-12 22:55:22 | INFO     |    train_epochs: 300
2025-07-12 22:55:22 | INFO     |    batch_size: 4
2025-07-12 22:55:22 | INFO     |    patience: 15
2025-07-12 22:55:22 | INFO     |    learning_rate: 0.0001
2025-07-12 22:55:22 | INFO     |    des: dilated_enhanced
2025-07-12 22:55:22 | INFO     |    loss: MSE
2025-07-12 22:55:22 | INFO     |    lradj: type1
2025-07-12 22:55:22 | INFO     |    lr_scheduler_type: f1_based
2025-07-12 22:55:22 | INFO     |    lr_loss_weight: 0.3
2025-07-12 22:55:22 | INFO     |    lr_f1_weight: 0.7
2025-07-12 22:55:22 | INFO     |    use_amp: False
2025-07-12 22:55:22 | INFO     |    gradient_accumulation_steps: 2
2025-07-12 22:55:22 | INFO     |    enable_auto_gradient_accumulation: True
2025-07-12 22:55:22 | INFO     |    loss_type: ce
2025-07-12 22:55:22 | INFO     |    label_smoothing: 0.1
2025-07-12 22:55:22 | INFO     |    focal_alpha: 1.0
2025-07-12 22:55:22 | INFO     |    focal_gamma: 2.0
2025-07-12 22:55:22 | INFO     |    confidence_penalty_beta: 0.1
2025-07-12 22:55:22 | INFO     |    use_timm_loss: True
2025-07-12 22:55:22 | INFO     |    adaptive_initial_smoothing: 0.2
2025-07-12 22:55:22 | INFO     |    adaptive_final_smoothing: 0.05
2025-07-12 22:55:22 | INFO     |    adaptive_decay_epochs: 30
2025-07-12 22:55:22 | INFO     |    enable_class_weights: False
2025-07-12 22:55:22 | INFO     |    class_weights: None
2025-07-12 22:55:22 | INFO     |    loss_preset: hvac_hard_samples
2025-07-12 22:55:22 | INFO     |    n_jobs: 8
2025-07-12 22:55:22 | INFO     |    use_multiprocessing: True
2025-07-12 22:55:22 | INFO     |    chunk_size: 800
2025-07-12 22:55:22 | INFO     |    disable_parallel: False
2025-07-12 22:55:22 | INFO     |    use_shared_memory: True
2025-07-12 22:55:22 | INFO     |    disable_shared_memory: False
2025-07-12 22:55:22 | INFO     |    use_gpu: True
2025-07-12 22:55:22 | INFO     |    gpu: 0
2025-07-12 22:55:22 | INFO     |    gpu_type: cuda
2025-07-12 22:55:22 | INFO     |    use_multi_gpu: False
2025-07-12 22:55:22 | INFO     |    devices: 0,1,2,3
2025-07-12 22:55:22 | INFO     |    device: cuda:0
2025-07-12 22:55:22 | INFO     |    feature_columns: ['CHWP_GPMC', 'CHWC_VLV_DM', 'CHWC_VLV', 'CHWC_MWT', 'CHWC_LWT', 'VAVCFM_H_DM_SB', 'CHWC_EAH', 'VAV_DAT_SA', 'CHWC_DAT', 'VAV_SP_C_SA', 'HWP_GPMT', 'VAVCFM_C_DM_SB', 'RM_TEMP_W', 'HWP_GPMC', 'VAVCFM_T_SB', 'VAV_DMPR_H_SB', 'HWC_VLV_DM', 'VAVCFM_H_SB', 'HWC_VLV', 'VAV_DMPR_H_E', 'HWC_LWT', 'HWC_MWT', 'VAV_DMPR_C_SB', 'HWC_DAT', 'RM_TEMP_SB', 'CSF_WAT', 'CSF_SPD', 'CSF_DP', 'CSA_TEMP', 'CSA_CFM', 'VAV_EAT_C_SB', 'CSA_HUMD', 'CSA_SP', 'VAVCFM_C_SB', 'VAVCFM_H_W', 'HSF_SPD', 'VAV_EAT_H_SB', 'VAV_DAT_SB', 'RM_TEMP_SA', 'HSF_DP', 'HSA_TEMP', 'VAVCFM_C_DM_W', 'VAVCFM_C_W', 'VAV_DAT_W', 'HSA_SP', 'HSA_CFM', 'VAV_DMPR_H_W', 'HSF_WAT', 'VAVCFM_T_W', 'EA_DMPR_DM', 'RF_WAT', 'VAV_SP_C_W', 'VAV_SP_H_E', 'EA_DMPR', 'VAV_SP_H_SB', 'RF_SPD', 'RA_TEMP', 'RA_HUMD', 'VAV_SP_H_SA', 'VAV_EAT_H_W', 'RF_DP', 'VAV_DMPR_C_SA', 'VAV_SP_C_SB', 'RA_DMPR_DM', 'VAV_DMPR_H_SA', 'VAV_SP_H_W', 'VAVCFM_H_DM_SA', 'RA_DMPR', 'VAV_EAT_C_W', 'VAVCFM_C_DM_SA', 'RA_CFM', 'MA_TEMP', 'VAVCFM_C_SA', 'OA_TEMP', 'VAVCFM_H_SA', 'VAVCFM_H_DM_W', 'OA_HUMD', 'VAVCFM_T_SA', 'OA_DMPR_DM', 'VAV_EAT_C_SA', 'VAV_DMPR_C_W', 'OA_DMPR', 'VAV_EAT_H_SA', 'HSA_HUMD', 'RM_TEMP_E', 'VAV_EAT_H_E', 'VAV_DAT_E', 'VAV_EAT_C_E', 'VAVCFM_T_E', 'VAVCFM_H_E', 'VAV_SP_C_E', 'VAVCFM_C_DM_E', 'OA_CFM', 'VAV_DMPR_C_E', 'VAVCFM_C_E', 'VAVCFM_H_DM_E', 'CHWP_GPMT']
2025-07-12 22:55:22 | INFO     | 🏗️ 模型信息:
2025-07-12 22:55:22 | INFO     |    模型类型: Model
2025-07-12 22:55:22 | INFO     |    总参数数量: 14,360,002
2025-07-12 22:55:22 | INFO     |    可训练参数: 14,360,002
2025-07-12 22:55:22 | INFO     |    模型大小估计: 54.78 MB
2025-07-12 22:55:22 | INFO     | 📊 数据集信息:
2025-07-12 22:55:22 | INFO     |    训练集大小: 5967
2025-07-12 22:55:22 | INFO     |    验证集大小: 1492
2025-07-12 22:55:22 | INFO     | 
================================================================================
2025-07-12 22:55:22 | INFO     | 📋 损失函数使用策略（遵循主流机器学习规范）:
2025-07-12 22:55:22 | INFO     |    🎯 训练阶段: 使用 hybrid_focal 损失函数
2025-07-12 22:55:22 | INFO     |       → 目的：优化模型参数，解决特定问题（类别不平衡、相似性等）
2025-07-12 22:55:22 | INFO     |    📊 验证阶段: 使用标准交叉熵损失函数
2025-07-12 22:55:22 | INFO     |       → 目的：客观评估模型性能，便于不同方法比较
2025-07-12 22:55:22 | INFO     |    📈 最终报告: 基于标准交叉熵损失的指标
2025-07-12 22:55:22 | INFO     |       → 目的：提供可信、可比较的性能指标
2025-07-12 22:55:22 | INFO     | ================================================================================

2025-07-12 22:55:22 | INFO     | 🔄 梯度累积配置: 每2轮累积一次梯度
2025-07-12 22:55:22 | INFO     |    实际batch_size: 4
2025-07-12 22:55:22 | INFO     |    有效batch_size: 8
2025-07-12 23:03:41 | INFO     | Epoch 1:
2025-07-12 23:03:41 | INFO     |   训练指标:
2025-07-12 23:03:41 | INFO     |     损失(hybrid_focal): 2.017878
2025-07-12 23:03:41 | INFO     |     准确率: 0.220993
2025-07-12 23:03:41 | INFO     |     学习率: 0.00010000
2025-07-12 23:03:41 | INFO     |   验证指标(标准CE):
2025-07-12 23:03:41 | INFO     |     损失: 1.654811
2025-07-12 23:03:41 | INFO     |     准确率: 0.526810
2025-07-12 23:03:41 | INFO     |     F1(macro): 0.515575
2025-07-12 23:03:41 | INFO     |     F1(weighted): 0.510254
2025-07-12 23:03:41 | INFO     |     精确率: 0.555583
2025-07-12 23:03:41 | INFO     |     召回率: 0.530018
2025-07-12 23:03:41 | INFO     |   学习率调度器: f1_based
2025-07-12 23:03:41 | INFO     | ------------------------------------------------------------
2025-07-12 23:03:41 | INFO     | Epoch   1 | Train: Loss=2.0179, Acc=0.2210 | Val: Loss=1.6548, Acc=0.5268, F1=0.5103 | LR=0.000100 🏆 [最佳模型]
2025-07-12 23:11:23 | INFO     | Epoch 2:
2025-07-12 23:11:23 | INFO     |   训练指标:
2025-07-12 23:11:23 | INFO     |     损失(hybrid_focal): 0.762864
2025-07-12 23:11:23 | INFO     |     准确率: 0.659792
2025-07-12 23:11:23 | INFO     |     学习率: 0.00010000
2025-07-12 23:11:23 | INFO     |   验证指标(标准CE):
2025-07-12 23:11:23 | INFO     |     损失: 0.752002
2025-07-12 23:11:23 | INFO     |     准确率: 0.760724
2025-07-12 23:11:23 | INFO     |     F1(macro): 0.769674
2025-07-12 23:11:23 | INFO     |     F1(weighted): 0.763638
2025-07-12 23:11:23 | INFO     |     精确率: 0.807909
2025-07-12 23:11:23 | INFO     |     召回率: 0.767131
2025-07-12 23:11:23 | INFO     |   学习率调度器: f1_based
2025-07-12 23:11:23 | INFO     | ------------------------------------------------------------
2025-07-12 23:11:23 | INFO     | Epoch   2 | Train: Loss=0.7629, Acc=0.6598 | Val: Loss=0.7520, Acc=0.7607, F1=0.7636 | LR=0.000100 🏆 [最佳模型]
2025-07-12 23:18:57 | INFO     | Epoch 3:
2025-07-12 23:18:57 | INFO     |   训练指标:
2025-07-12 23:18:57 | INFO     |     损失(hybrid_focal): 0.428405
2025-07-12 23:18:57 | INFO     |     准确率: 0.784708
2025-07-12 23:18:57 | INFO     |     学习率: 0.00010000
2025-07-12 23:18:57 | INFO     |   验证指标(标准CE):
2025-07-12 23:18:57 | INFO     |     损失: 0.520251
2025-07-12 23:18:57 | INFO     |     准确率: 0.825737
2025-07-12 23:18:57 | INFO     |     F1(macro): 0.822485
2025-07-12 23:18:57 | INFO     |     F1(weighted): 0.821100
2025-07-12 23:18:57 | INFO     |     精确率: 0.838638
2025-07-12 23:18:57 | INFO     |     召回率: 0.825313
2025-07-12 23:18:57 | INFO     |   学习率调度器: f1_based
2025-07-12 23:18:57 | INFO     | ------------------------------------------------------------
2025-07-12 23:18:57 | INFO     | Epoch   3 | Train: Loss=0.4284, Acc=0.7847 | Val: Loss=0.5203, Acc=0.8257, F1=0.8211 | LR=0.000100 🏆 [最佳模型]
2025-07-12 23:26:31 | INFO     | Epoch 4:
2025-07-12 23:26:31 | INFO     |   训练指标:
2025-07-12 23:26:31 | INFO     |     损失(hybrid_focal): 0.330356
2025-07-12 23:26:31 | INFO     |     准确率: 0.832998
2025-07-12 23:26:31 | INFO     |     学习率: 0.00010000
2025-07-12 23:26:31 | INFO     |   验证指标(标准CE):
2025-07-12 23:26:31 | INFO     |     损失: 0.434381
2025-07-12 23:26:31 | INFO     |     准确率: 0.852547
2025-07-12 23:26:31 | INFO     |     F1(macro): 0.846286
2025-07-12 23:26:31 | INFO     |     F1(weighted): 0.848337
2025-07-12 23:26:31 | INFO     |     精确率: 0.862433
2025-07-12 23:26:31 | INFO     |     召回率: 0.853000
2025-07-12 23:26:31 | INFO     |   学习率调度器: f1_based
2025-07-12 23:26:31 | INFO     | ------------------------------------------------------------
2025-07-12 23:26:31 | INFO     | Epoch   4 | Train: Loss=0.3304, Acc=0.8330 | Val: Loss=0.4344, Acc=0.8525, F1=0.8483 | LR=0.000100 🏆 [最佳模型]
2025-07-12 23:34:05 | INFO     | Epoch 5:
2025-07-12 23:34:05 | INFO     |   训练指标:
2025-07-12 23:34:05 | INFO     |     损失(hybrid_focal): 0.283937
2025-07-12 23:34:05 | INFO     |     准确率: 0.862341
2025-07-12 23:34:05 | INFO     |     学习率: 0.00010000
2025-07-12 23:34:05 | INFO     |   验证指标(标准CE):
2025-07-12 23:34:05 | INFO     |     损失: 0.398147
2025-07-12 23:34:05 | INFO     |     准确率: 0.861930
2025-07-12 23:34:05 | INFO     |     F1(macro): 0.856577
2025-07-12 23:34:05 | INFO     |     F1(weighted): 0.855121
2025-07-12 23:34:05 | INFO     |     精确率: 0.873544
2025-07-12 23:34:05 | INFO     |     召回率: 0.862598
2025-07-12 23:34:05 | INFO     |   学习率调度器: f1_based
2025-07-12 23:34:05 | INFO     | ------------------------------------------------------------
2025-07-12 23:34:05 | INFO     | Epoch   5 | Train: Loss=0.2839, Acc=0.8623 | Val: Loss=0.3981, Acc=0.8619, F1=0.8551 | LR=0.000100 🏆 [最佳模型]
2025-07-12 23:41:38 | INFO     | Epoch 6:
2025-07-12 23:41:38 | INFO     |   训练指标:
2025-07-12 23:41:38 | INFO     |     损失(hybrid_focal): 0.251379
2025-07-12 23:41:38 | INFO     |     准确率: 0.873910
2025-07-12 23:41:38 | INFO     |     学习率: 0.00010000
2025-07-12 23:41:38 | INFO     |   验证指标(标准CE):
2025-07-12 23:41:38 | INFO     |     损失: 0.347994
2025-07-12 23:41:38 | INFO     |     准确率: 0.894772
2025-07-12 23:41:38 | INFO     |     F1(macro): 0.898123
2025-07-12 23:41:38 | INFO     |     F1(weighted): 0.897158
2025-07-12 23:41:38 | INFO     |     精确率: 0.922061
2025-07-12 23:41:38 | INFO     |     召回率: 0.893447
2025-07-12 23:41:38 | INFO     |   学习率调度器: f1_based
2025-07-12 23:41:38 | INFO     | ------------------------------------------------------------
2025-07-12 23:41:38 | INFO     | Epoch   6 | Train: Loss=0.2514, Acc=0.8739 | Val: Loss=0.3480, Acc=0.8948, F1=0.8972 | LR=0.000100 🏆 [最佳模型]
2025-07-12 23:49:11 | INFO     | Epoch 7:
2025-07-12 23:49:11 | INFO     |   训练指标:
2025-07-12 23:49:11 | INFO     |     损失(hybrid_focal): 0.227452
2025-07-12 23:49:11 | INFO     |     准确率: 0.898055
2025-07-12 23:49:11 | INFO     |     学习率: 0.00010000
2025-07-12 23:49:11 | INFO     |   验证指标(标准CE):
2025-07-12 23:49:11 | INFO     |     损失: 0.293468
2025-07-12 23:49:11 | INFO     |     准确率: 0.920241
2025-07-12 23:49:11 | INFO     |     F1(macro): 0.924577
2025-07-12 23:49:11 | INFO     |     F1(weighted): 0.923509
2025-07-12 23:49:11 | INFO     |     精确率: 0.935870
2025-07-12 23:49:11 | INFO     |     召回率: 0.921078
2025-07-12 23:49:11 | INFO     |   学习率调度器: f1_based
2025-07-12 23:49:11 | INFO     | ------------------------------------------------------------
2025-07-12 23:49:11 | INFO     | Epoch   7 | Train: Loss=0.2275, Acc=0.8981 | Val: Loss=0.2935, Acc=0.9202, F1=0.9235 | LR=0.000100 🏆 [最佳模型]
2025-07-12 23:56:45 | INFO     | Epoch 8:
2025-07-12 23:56:45 | INFO     |   训练指标:
2025-07-12 23:56:45 | INFO     |     损失(hybrid_focal): 0.206757
2025-07-12 23:56:45 | INFO     |     准确率: 0.913481
2025-07-12 23:56:45 | INFO     |     学习率: 0.00010000
2025-07-12 23:56:45 | INFO     |   验证指标(标准CE):
2025-07-12 23:56:45 | INFO     |     损失: 0.299185
2025-07-12 23:56:45 | INFO     |     准确率: 0.922252
2025-07-12 23:56:45 | INFO     |     F1(macro): 0.922567
2025-07-12 23:56:45 | INFO     |     F1(weighted): 0.920995
2025-07-12 23:56:45 | INFO     |     精确率: 0.927529
2025-07-12 23:56:45 | INFO     |     召回率: 0.925998
2025-07-12 23:56:45 | INFO     |   学习率调度器: f1_based
2025-07-12 23:56:45 | INFO     | ------------------------------------------------------------
2025-07-12 23:56:45 | INFO     | Epoch   8 | Train: Loss=0.2068, Acc=0.9135 | Val: Loss=0.2992, Acc=0.9223, F1=0.9210 | LR=0.000100 
2025-07-13 00:04:17 | INFO     | Epoch 9:
2025-07-13 00:04:17 | INFO     |   训练指标:
2025-07-13 00:04:17 | INFO     |     损失(hybrid_focal): 0.193195
2025-07-13 00:04:17 | INFO     |     准确率: 0.920858
2025-07-13 00:04:17 | INFO     |     学习率: 0.00010000
2025-07-13 00:04:17 | INFO     |   验证指标(标准CE):
2025-07-13 00:04:17 | INFO     |     损失: 0.309995
2025-07-13 00:04:17 | INFO     |     准确率: 0.908177
2025-07-13 00:04:17 | INFO     |     F1(macro): 0.911731
2025-07-13 00:04:17 | INFO     |     F1(weighted): 0.909831
2025-07-13 00:04:17 | INFO     |     精确率: 0.924401
2025-07-13 00:04:17 | INFO     |     召回率: 0.910589
2025-07-13 00:04:17 | INFO     |   学习率调度器: f1_based
2025-07-13 00:04:17 | INFO     | ------------------------------------------------------------
2025-07-13 00:04:17 | INFO     | Epoch   9 | Train: Loss=0.1932, Acc=0.9209 | Val: Loss=0.3100, Acc=0.9082, F1=0.9098 | LR=0.000100 
2025-07-13 00:11:50 | INFO     | Epoch 10:
2025-07-13 00:11:50 | INFO     |   训练指标:
2025-07-13 00:11:50 | INFO     |     损失(hybrid_focal): 0.177766
2025-07-13 00:11:50 | INFO     |     准确率: 0.928404
2025-07-13 00:11:50 | INFO     |     学习率: 0.00010000
2025-07-13 00:11:50 | INFO     |   验证指标(标准CE):
2025-07-13 00:11:50 | INFO     |     损失: 0.248975
2025-07-13 00:11:50 | INFO     |     准确率: 0.929625
2025-07-13 00:11:50 | INFO     |     F1(macro): 0.932115
2025-07-13 00:11:50 | INFO     |     F1(weighted): 0.930154
2025-07-13 00:11:50 | INFO     |     精确率: 0.940581
2025-07-13 00:11:50 | INFO     |     召回率: 0.932311
2025-07-13 00:11:50 | INFO     |   学习率调度器: f1_based
2025-07-13 00:11:50 | INFO     | ------------------------------------------------------------
2025-07-13 00:11:50 | INFO     | Epoch  10 | Train: Loss=0.1778, Acc=0.9284 | Val: Loss=0.2490, Acc=0.9296, F1=0.9302 | LR=0.000100 🏆 [最佳模型]
2025-07-13 00:19:23 | INFO     | Epoch 11:
2025-07-13 00:19:23 | INFO     |   训练指标:
2025-07-13 00:19:23 | INFO     |     损失(hybrid_focal): 0.170877
2025-07-13 00:19:23 | INFO     |     准确率: 0.937290
2025-07-13 00:19:23 | INFO     |     学习率: 0.00010000
2025-07-13 00:19:23 | INFO     |   验证指标(标准CE):
2025-07-13 00:19:23 | INFO     |     损失: 0.271921
2025-07-13 00:19:23 | INFO     |     准确率: 0.926273
2025-07-13 00:19:23 | INFO     |     F1(macro): 0.929184
2025-07-13 00:19:23 | INFO     |     F1(weighted): 0.928084
2025-07-13 00:19:23 | INFO     |     精确率: 0.942079
2025-07-13 00:19:23 | INFO     |     召回率: 0.928246
2025-07-13 00:19:23 | INFO     |   学习率调度器: f1_based
2025-07-13 00:19:23 | INFO     | ------------------------------------------------------------
2025-07-13 00:19:23 | INFO     | Epoch  11 | Train: Loss=0.1709, Acc=0.9373 | Val: Loss=0.2719, Acc=0.9263, F1=0.9281 | LR=0.000100 
2025-07-13 00:26:55 | INFO     | Epoch 12:
2025-07-13 00:26:55 | INFO     |   训练指标:
2025-07-13 00:26:55 | INFO     |     损失(hybrid_focal): 0.165492
2025-07-13 00:26:55 | INFO     |     准确率: 0.937793
2025-07-13 00:26:55 | INFO     |     学习率: 0.00010000
2025-07-13 00:26:55 | INFO     |   验证指标(标准CE):
2025-07-13 00:26:55 | INFO     |     损失: 0.237931
2025-07-13 00:26:55 | INFO     |     准确率: 0.939678
2025-07-13 00:26:55 | INFO     |     F1(macro): 0.942862
2025-07-13 00:26:55 | INFO     |     F1(weighted): 0.941052
2025-07-13 00:26:55 | INFO     |     精确率: 0.948719
2025-07-13 00:26:55 | INFO     |     召回率: 0.942317
2025-07-13 00:26:55 | INFO     |   学习率调度器: f1_based
2025-07-13 00:26:55 | INFO     | ------------------------------------------------------------
2025-07-13 00:26:55 | INFO     | Epoch  12 | Train: Loss=0.1655, Acc=0.9378 | Val: Loss=0.2379, Acc=0.9397, F1=0.9411 | LR=0.000100 🏆 [最佳模型]
2025-07-13 00:34:31 | INFO     | Epoch 13:
2025-07-13 00:34:31 | INFO     |   训练指标:
2025-07-13 00:34:31 | INFO     |     损失(hybrid_focal): 0.158902
2025-07-13 00:34:31 | INFO     |     准确率: 0.942656
2025-07-13 00:34:31 | INFO     |     学习率: 0.00010000
2025-07-13 00:34:31 | INFO     |   验证指标(标准CE):
2025-07-13 00:34:31 | INFO     |     损失: 0.249088
2025-07-13 00:34:31 | INFO     |     准确率: 0.934316
2025-07-13 00:34:31 | INFO     |     F1(macro): 0.935196
2025-07-13 00:34:31 | INFO     |     F1(weighted): 0.933298
2025-07-13 00:34:31 | INFO     |     精确率: 0.938555
2025-07-13 00:34:31 | INFO     |     召回率: 0.938311
2025-07-13 00:34:31 | INFO     |   学习率调度器: f1_based
2025-07-13 00:34:31 | INFO     | ------------------------------------------------------------
2025-07-13 00:34:31 | INFO     | Epoch  13 | Train: Loss=0.1589, Acc=0.9427 | Val: Loss=0.2491, Acc=0.9343, F1=0.9333 | LR=0.000100 
2025-07-13 00:42:04 | INFO     | Epoch 14:
2025-07-13 00:42:04 | INFO     |   训练指标:
2025-07-13 00:42:04 | INFO     |     损失(hybrid_focal): 0.154348
2025-07-13 00:42:04 | INFO     |     准确率: 0.946177
2025-07-13 00:42:04 | INFO     |     学习率: 0.00010000
2025-07-13 00:42:04 | INFO     |   验证指标(标准CE):
2025-07-13 00:42:04 | INFO     |     损失: 0.264723
2025-07-13 00:42:04 | INFO     |     准确率: 0.934987
2025-07-13 00:42:04 | INFO     |     F1(macro): 0.935983
2025-07-13 00:42:04 | INFO     |     F1(weighted): 0.933890
2025-07-13 00:42:04 | INFO     |     精确率: 0.940202
2025-07-13 00:42:04 | INFO     |     召回率: 0.937678
2025-07-13 00:42:04 | INFO     |   学习率调度器: f1_based
2025-07-13 00:42:04 | INFO     | ------------------------------------------------------------
2025-07-13 00:42:04 | INFO     | Epoch  14 | Train: Loss=0.1543, Acc=0.9462 | Val: Loss=0.2647, Acc=0.9350, F1=0.9339 | LR=0.000100 
2025-07-13 00:49:37 | INFO     | Epoch 15:
2025-07-13 00:49:37 | INFO     |   训练指标:
2025-07-13 00:49:37 | INFO     |     损失(hybrid_focal): 0.150969
2025-07-13 00:49:37 | INFO     |     准确率: 0.945506
2025-07-13 00:49:37 | INFO     |     学习率: 0.00010000
2025-07-13 00:49:37 | INFO     |   验证指标(标准CE):
2025-07-13 00:49:37 | INFO     |     损失: 0.211257
2025-07-13 00:49:37 | INFO     |     准确率: 0.941019
2025-07-13 00:49:37 | INFO     |     F1(macro): 0.943218
2025-07-13 00:49:37 | INFO     |     F1(weighted): 0.941052
2025-07-13 00:49:37 | INFO     |     精确率: 0.948774
2025-07-13 00:49:37 | INFO     |     召回率: 0.943610
2025-07-13 00:49:37 | INFO     |   学习率调度器: f1_based
2025-07-13 00:49:37 | INFO     | ------------------------------------------------------------
2025-07-13 00:49:37 | INFO     | Epoch  15 | Train: Loss=0.1510, Acc=0.9455 | Val: Loss=0.2113, Acc=0.9410, F1=0.9411 | LR=0.000100 🏆 [最佳模型]
2025-07-13 00:57:10 | INFO     | Epoch 16:
2025-07-13 00:57:10 | INFO     |   训练指标:
2025-07-13 00:57:10 | INFO     |     损失(hybrid_focal): 0.147187
2025-07-13 00:57:10 | INFO     |     准确率: 0.947183
2025-07-13 00:57:10 | INFO     |     学习率: 0.00010000
2025-07-13 00:57:10 | INFO     |   验证指标(标准CE):
2025-07-13 00:57:10 | INFO     |     损失: 0.246100
2025-07-13 00:57:10 | INFO     |     准确率: 0.929625
2025-07-13 00:57:10 | INFO     |     F1(macro): 0.931676
2025-07-13 00:57:10 | INFO     |     F1(weighted): 0.929970
2025-07-13 00:57:10 | INFO     |     精确率: 0.941101
2025-07-13 00:57:10 | INFO     |     召回率: 0.932288
2025-07-13 00:57:10 | INFO     |   学习率调度器: f1_based
2025-07-13 00:57:10 | INFO     | ------------------------------------------------------------
2025-07-13 00:57:10 | INFO     | Epoch  16 | Train: Loss=0.1472, Acc=0.9472 | Val: Loss=0.2461, Acc=0.9296, F1=0.9300 | LR=0.000100 
2025-07-13 01:04:43 | INFO     | Epoch 17:
2025-07-13 01:04:43 | INFO     |   训练指标:
2025-07-13 01:04:43 | INFO     |     损失(hybrid_focal): 0.140658
2025-07-13 01:04:43 | INFO     |     准确率: 0.953387
2025-07-13 01:04:43 | INFO     |     学习率: 0.00010000
2025-07-13 01:04:43 | INFO     |   验证指标(标准CE):
2025-07-13 01:04:43 | INFO     |     损失: 0.215362
2025-07-13 01:04:43 | INFO     |     准确率: 0.938338
2025-07-13 01:04:43 | INFO     |     F1(macro): 0.940188
2025-07-13 01:04:43 | INFO     |     F1(weighted): 0.938494
2025-07-13 01:04:43 | INFO     |     精确率: 0.946585
2025-07-13 01:04:43 | INFO     |     召回率: 0.941028
2025-07-13 01:04:43 | INFO     |   学习率调度器: f1_based
2025-07-13 01:04:43 | INFO     | ------------------------------------------------------------
2025-07-13 01:04:43 | INFO     | Epoch  17 | Train: Loss=0.1407, Acc=0.9534 | Val: Loss=0.2154, Acc=0.9383, F1=0.9385 | LR=0.000100 
2025-07-13 01:12:15 | INFO     | Epoch 18:
2025-07-13 01:12:15 | INFO     |   训练指标:
2025-07-13 01:12:15 | INFO     |     损失(hybrid_focal): 0.141121
2025-07-13 01:12:15 | INFO     |     准确率: 0.952716
2025-07-13 01:12:15 | INFO     |     学习率: 0.00010000
2025-07-13 01:12:15 | INFO     |   验证指标(标准CE):
2025-07-13 01:12:15 | INFO     |     损失: 0.210254
2025-07-13 01:12:15 | INFO     |     准确率: 0.949062
2025-07-13 01:12:15 | INFO     |     F1(macro): 0.950430
2025-07-13 01:12:15 | INFO     |     F1(weighted): 0.948734
2025-07-13 01:12:15 | INFO     |     精确率: 0.954166
2025-07-13 01:12:15 | INFO     |     召回率: 0.950457
2025-07-13 01:12:15 | INFO     |   学习率调度器: f1_based
2025-07-13 01:12:15 | INFO     | ------------------------------------------------------------
2025-07-13 01:12:15 | INFO     | Epoch  18 | Train: Loss=0.1411, Acc=0.9527 | Val: Loss=0.2103, Acc=0.9491, F1=0.9487 | LR=0.000100 🏆 [最佳模型]
2025-07-13 01:19:48 | INFO     | Epoch 19:
2025-07-13 01:19:48 | INFO     |   训练指标:
2025-07-13 01:19:48 | INFO     |     损失(hybrid_focal): 0.138859
2025-07-13 01:19:48 | INFO     |     准确率: 0.953052
2025-07-13 01:19:48 | INFO     |     学习率: 0.00010000
2025-07-13 01:19:48 | INFO     |   验证指标(标准CE):
2025-07-13 01:19:48 | INFO     |     损失: 0.215641
2025-07-13 01:19:48 | INFO     |     准确率: 0.949732
2025-07-13 01:19:48 | INFO     |     F1(macro): 0.951558
2025-07-13 01:19:48 | INFO     |     F1(weighted): 0.950066
2025-07-13 01:19:48 | INFO     |     精确率: 0.952867
2025-07-13 01:19:48 | INFO     |     召回率: 0.951804
2025-07-13 01:19:48 | INFO     |   学习率调度器: f1_based
2025-07-13 01:19:48 | INFO     | ------------------------------------------------------------
2025-07-13 01:19:48 | INFO     | Epoch  19 | Train: Loss=0.1389, Acc=0.9531 | Val: Loss=0.2156, Acc=0.9497, F1=0.9501 | LR=0.000100 🏆 [最佳模型]
2025-07-13 01:27:21 | INFO     | Epoch 20:
2025-07-13 01:27:21 | INFO     |   训练指标:
2025-07-13 01:27:21 | INFO     |     损失(hybrid_focal): 0.140109
2025-07-13 01:27:21 | INFO     |     准确率: 0.952549
2025-07-13 01:27:21 | INFO     |     学习率: 0.00010000
2025-07-13 01:27:21 | INFO     |   验证指标(标准CE):
2025-07-13 01:27:21 | INFO     |     损失: 0.223338
2025-07-13 01:27:21 | INFO     |     准确率: 0.947721
2025-07-13 01:27:21 | INFO     |     F1(macro): 0.950774
2025-07-13 01:27:21 | INFO     |     F1(weighted): 0.948537
2025-07-13 01:27:21 | INFO     |     精确率: 0.952532
2025-07-13 01:27:21 | INFO     |     召回率: 0.950227
2025-07-13 01:27:21 | INFO     |   学习率调度器: f1_based
2025-07-13 01:27:21 | INFO     | ------------------------------------------------------------
2025-07-13 01:27:21 | INFO     | Epoch  20 | Train: Loss=0.1401, Acc=0.9525 | Val: Loss=0.2233, Acc=0.9477, F1=0.9485 | LR=0.000100 
2025-07-13 01:34:53 | INFO     | Epoch 21:
2025-07-13 01:34:53 | INFO     |   训练指标:
2025-07-13 01:34:53 | INFO     |     损失(hybrid_focal): 0.132301
2025-07-13 01:34:53 | INFO     |     准确率: 0.959423
2025-07-13 01:34:53 | INFO     |     学习率: 0.00010000
2025-07-13 01:34:53 | INFO     |   验证指标(标准CE):
2025-07-13 01:34:53 | INFO     |     损失: 0.214122
2025-07-13 01:34:53 | INFO     |     准确率: 0.943700
2025-07-13 01:34:53 | INFO     |     F1(macro): 0.946796
2025-07-13 01:34:53 | INFO     |     F1(weighted): 0.945472
2025-07-13 01:34:53 | INFO     |     精确率: 0.956486
2025-07-13 01:34:53 | INFO     |     召回率: 0.945685
2025-07-13 01:34:53 | INFO     |   学习率调度器: f1_based
2025-07-13 01:34:53 | INFO     | ------------------------------------------------------------
2025-07-13 01:34:53 | INFO     | Epoch  21 | Train: Loss=0.1323, Acc=0.9594 | Val: Loss=0.2141, Acc=0.9437, F1=0.9455 | LR=0.000100 
2025-07-13 01:42:25 | INFO     | Epoch 22:
2025-07-13 01:42:25 | INFO     |   训练指标:
2025-07-13 01:42:25 | INFO     |     损失(hybrid_focal): 0.133020
2025-07-13 01:42:25 | INFO     |     准确率: 0.960597
2025-07-13 01:42:25 | INFO     |     学习率: 0.00010000
2025-07-13 01:42:25 | INFO     |   验证指标(标准CE):
2025-07-13 01:42:25 | INFO     |     损失: 0.201305
2025-07-13 01:42:25 | INFO     |     准确率: 0.950402
2025-07-13 01:42:25 | INFO     |     F1(macro): 0.953451
2025-07-13 01:42:25 | INFO     |     F1(weighted): 0.951693
2025-07-13 01:42:25 | INFO     |     精确率: 0.958398
2025-07-13 01:42:25 | INFO     |     召回率: 0.951812
2025-07-13 01:42:25 | INFO     |   学习率调度器: f1_based
2025-07-13 01:42:25 | INFO     | ------------------------------------------------------------
2025-07-13 01:42:25 | INFO     | Epoch  22 | Train: Loss=0.1330, Acc=0.9606 | Val: Loss=0.2013, Acc=0.9504, F1=0.9517 | LR=0.000100 🏆 [最佳模型]
2025-07-13 01:49:58 | INFO     | Epoch 23:
2025-07-13 01:49:58 | INFO     |   训练指标:
2025-07-13 01:49:58 | INFO     |     损失(hybrid_focal): 0.130733
2025-07-13 01:49:58 | INFO     |     准确率: 0.959256
2025-07-13 01:49:58 | INFO     |     学习率: 0.00010000
2025-07-13 01:49:58 | INFO     |   验证指标(标准CE):
2025-07-13 01:49:58 | INFO     |     损失: 0.212355
2025-07-13 01:49:58 | INFO     |     准确率: 0.953083
2025-07-13 01:49:58 | INFO     |     F1(macro): 0.954906
2025-07-13 01:49:58 | INFO     |     F1(weighted): 0.953128
2025-07-13 01:49:58 | INFO     |     精确率: 0.957587
2025-07-13 01:49:58 | INFO     |     召回率: 0.955521
2025-07-13 01:49:58 | INFO     |   学习率调度器: f1_based
2025-07-13 01:49:58 | INFO     | ------------------------------------------------------------
2025-07-13 01:49:58 | INFO     | Epoch  23 | Train: Loss=0.1307, Acc=0.9593 | Val: Loss=0.2124, Acc=0.9531, F1=0.9531 | LR=0.000100 🏆 [最佳模型]
2025-07-13 01:57:31 | INFO     | Epoch 24:
2025-07-13 01:57:31 | INFO     |   训练指标:
2025-07-13 01:57:31 | INFO     |     损失(hybrid_focal): 0.130824
2025-07-13 01:57:31 | INFO     |     准确率: 0.959591
2025-07-13 01:57:31 | INFO     |     学习率: 0.00010000
2025-07-13 01:57:31 | INFO     |   验证指标(标准CE):
2025-07-13 01:57:31 | INFO     |     损失: 0.237168
2025-07-13 01:57:31 | INFO     |     准确率: 0.940349
2025-07-13 01:57:31 | INFO     |     F1(macro): 0.941402
2025-07-13 01:57:31 | INFO     |     F1(weighted): 0.939509
2025-07-13 01:57:31 | INFO     |     精确率: 0.948046
2025-07-13 01:57:31 | INFO     |     召回率: 0.944858
2025-07-13 01:57:31 | INFO     |   学习率调度器: f1_based
2025-07-13 01:57:31 | INFO     | ------------------------------------------------------------
2025-07-13 01:57:31 | INFO     | Epoch  24 | Train: Loss=0.1308, Acc=0.9596 | Val: Loss=0.2372, Acc=0.9403, F1=0.9395 | LR=0.000100 
2025-07-13 02:05:03 | INFO     | Epoch 25:
2025-07-13 02:05:03 | INFO     |   训练指标:
2025-07-13 02:05:03 | INFO     |     损失(hybrid_focal): 0.131253
2025-07-13 02:05:03 | INFO     |     准确率: 0.961268
2025-07-13 02:05:03 | INFO     |     学习率: 0.00010000
2025-07-13 02:05:03 | INFO     |   验证指标(标准CE):
2025-07-13 02:05:03 | INFO     |     损失: 0.188853
2025-07-13 02:05:03 | INFO     |     准确率: 0.953083
2025-07-13 02:05:03 | INFO     |     F1(macro): 0.955535
2025-07-13 02:05:03 | INFO     |     F1(weighted): 0.953648
2025-07-13 02:05:03 | INFO     |     精确率: 0.957534
2025-07-13 02:05:03 | INFO     |     召回率: 0.954954
2025-07-13 02:05:03 | INFO     |   学习率调度器: f1_based
2025-07-13 02:05:03 | INFO     | ------------------------------------------------------------
2025-07-13 02:05:03 | INFO     | Epoch  25 | Train: Loss=0.1313, Acc=0.9613 | Val: Loss=0.1889, Acc=0.9531, F1=0.9536 | LR=0.000100 🏆 [最佳模型]
2025-07-13 02:12:35 | INFO     | Epoch 26:
2025-07-13 02:12:35 | INFO     |   训练指标:
2025-07-13 02:12:35 | INFO     |     损失(hybrid_focal): 0.125557
2025-07-13 02:12:35 | INFO     |     准确率: 0.964453
2025-07-13 02:12:35 | INFO     |     学习率: 0.00010000
2025-07-13 02:12:35 | INFO     |   验证指标(标准CE):
2025-07-13 02:12:35 | INFO     |     损失: 0.216309
2025-07-13 02:12:35 | INFO     |     准确率: 0.947721
2025-07-13 02:12:35 | INFO     |     F1(macro): 0.949117
2025-07-13 02:12:35 | INFO     |     F1(weighted): 0.947695
2025-07-13 02:12:35 | INFO     |     精确率: 0.952703
2025-07-13 02:12:35 | INFO     |     召回率: 0.950681
2025-07-13 02:12:35 | INFO     |   学习率调度器: f1_based
2025-07-13 02:12:35 | INFO     | ------------------------------------------------------------
2025-07-13 02:12:35 | INFO     | Epoch  26 | Train: Loss=0.1256, Acc=0.9645 | Val: Loss=0.2163, Acc=0.9477, F1=0.9477 | LR=0.000100 
2025-07-13 02:20:08 | INFO     | Epoch 27:
2025-07-13 02:20:08 | INFO     |   训练指标:
2025-07-13 02:20:08 | INFO     |     损失(hybrid_focal): 0.130297
2025-07-13 02:20:08 | INFO     |     准确率: 0.959591
2025-07-13 02:20:08 | INFO     |     学习率: 0.00010000
2025-07-13 02:20:08 | INFO     |   验证指标(标准CE):
2025-07-13 02:20:08 | INFO     |     损失: 0.217134
2025-07-13 02:20:08 | INFO     |     准确率: 0.947721
2025-07-13 02:20:08 | INFO     |     F1(macro): 0.948744
2025-07-13 02:20:08 | INFO     |     F1(weighted): 0.947451
2025-07-13 02:20:08 | INFO     |     精确率: 0.950031
2025-07-13 02:20:08 | INFO     |     召回率: 0.950898
2025-07-13 02:20:08 | INFO     |   学习率调度器: f1_based
2025-07-13 02:20:08 | INFO     | ------------------------------------------------------------
2025-07-13 02:20:08 | INFO     | Epoch  27 | Train: Loss=0.1303, Acc=0.9596 | Val: Loss=0.2171, Acc=0.9477, F1=0.9475 | LR=0.000100 
2025-07-13 02:27:40 | INFO     | Epoch 28:
2025-07-13 02:27:40 | INFO     |   训练指标:
2025-07-13 02:27:40 | INFO     |     损失(hybrid_focal): 0.123369
2025-07-13 02:27:40 | INFO     |     准确率: 0.964956
2025-07-13 02:27:40 | INFO     |     学习率: 0.00010000
2025-07-13 02:27:40 | INFO     |   验证指标(标准CE):
2025-07-13 02:27:40 | INFO     |     损失: 0.294793
2025-07-13 02:27:40 | INFO     |     准确率: 0.936327
2025-07-13 02:27:40 | INFO     |     F1(macro): 0.937984
2025-07-13 02:27:40 | INFO     |     F1(weighted): 0.936098
2025-07-13 02:27:40 | INFO     |     精确率: 0.948275
2025-07-13 02:27:40 | INFO     |     召回率: 0.939640
2025-07-13 02:27:40 | INFO     |   学习率调度器: f1_based
2025-07-13 02:27:40 | INFO     | ------------------------------------------------------------
2025-07-13 02:27:40 | INFO     | Epoch  28 | Train: Loss=0.1234, Acc=0.9650 | Val: Loss=0.2948, Acc=0.9363, F1=0.9361 | LR=0.000100 
2025-07-13 02:35:12 | INFO     | Epoch 29:
2025-07-13 02:35:12 | INFO     |   训练指标:
2025-07-13 02:35:12 | INFO     |     损失(hybrid_focal): 0.123046
2025-07-13 02:35:12 | INFO     |     准确率: 0.963950
2025-07-13 02:35:12 | INFO     |     学习率: 0.00010000
2025-07-13 02:35:12 | INFO     |   验证指标(标准CE):
2025-07-13 02:35:12 | INFO     |     损失: 0.191848
2025-07-13 02:35:12 | INFO     |     准确率: 0.951072
2025-07-13 02:35:12 | INFO     |     F1(macro): 0.952843
2025-07-13 02:35:12 | INFO     |     F1(weighted): 0.951416
2025-07-13 02:35:12 | INFO     |     精确率: 0.957030
2025-07-13 02:35:12 | INFO     |     召回率: 0.953566
2025-07-13 02:35:12 | INFO     |   学习率调度器: f1_based
2025-07-13 02:35:12 | INFO     | ------------------------------------------------------------
2025-07-13 02:35:12 | INFO     | 🎯 学习率调整事件:
2025-07-13 02:35:12 | INFO     |   调度器类型: f1_based
2025-07-13 02:35:12 | INFO     |   学习率变化: 0.00010000 → 0.00005000
2025-07-13 02:35:12 | INFO     |   触发条件: F1分数 = 0.951416
2025-07-13 02:35:12 | INFO     |   变化幅度: -50.00%
2025-07-13 02:35:12 | INFO     | ------------------------------------------------------------
2025-07-13 02:35:12 | INFO     | Epoch  29 | Train: Loss=0.1230, Acc=0.9640 | Val: Loss=0.1918, Acc=0.9511, F1=0.9514 | LR=0.000050 
2025-07-13 02:42:45 | INFO     | Epoch 30:
2025-07-13 02:42:45 | INFO     |   训练指标:
2025-07-13 02:42:45 | INFO     |     损失(hybrid_focal): 0.110912
2025-07-13 02:42:45 | INFO     |     准确率: 0.974681
2025-07-13 02:42:45 | INFO     |     学习率: 0.00005000
2025-07-13 02:42:45 | INFO     |   验证指标(标准CE):
2025-07-13 02:42:45 | INFO     |     损失: 0.185995
2025-07-13 02:42:45 | INFO     |     准确率: 0.953083
2025-07-13 02:42:45 | INFO     |     F1(macro): 0.954962
2025-07-13 02:42:45 | INFO     |     F1(weighted): 0.953520
2025-07-13 02:42:45 | INFO     |     精确率: 0.958221
2025-07-13 02:42:45 | INFO     |     召回率: 0.955380
2025-07-13 02:42:45 | INFO     |   学习率调度器: f1_based
2025-07-13 02:42:45 | INFO     | ------------------------------------------------------------
2025-07-13 02:42:45 | INFO     | Epoch  30 | Train: Loss=0.1109, Acc=0.9747 | Val: Loss=0.1860, Acc=0.9531, F1=0.9535 | LR=0.000050 
2025-07-13 02:50:17 | INFO     | Epoch 31:
2025-07-13 02:50:17 | INFO     |   训练指标:
2025-07-13 02:50:17 | INFO     |     损失(hybrid_focal): 0.109099
2025-07-13 02:50:17 | INFO     |     准确率: 0.974011
2025-07-13 02:50:17 | INFO     |     学习率: 0.00005000
2025-07-13 02:50:17 | INFO     |   验证指标(标准CE):
2025-07-13 02:50:17 | INFO     |     损失: 0.182887
2025-07-13 02:50:17 | INFO     |     准确率: 0.954424
2025-07-13 02:50:17 | INFO     |     F1(macro): 0.956358
2025-07-13 02:50:17 | INFO     |     F1(weighted): 0.954664
2025-07-13 02:50:17 | INFO     |     精确率: 0.961265
2025-07-13 02:50:17 | INFO     |     召回率: 0.957187
2025-07-13 02:50:17 | INFO     |   学习率调度器: f1_based
2025-07-13 02:50:17 | INFO     | ------------------------------------------------------------
2025-07-13 02:50:17 | INFO     | Epoch  31 | Train: Loss=0.1091, Acc=0.9740 | Val: Loss=0.1829, Acc=0.9544, F1=0.9547 | LR=0.000050 🏆 [最佳模型]
2025-07-13 02:57:50 | INFO     | Epoch 32:
2025-07-13 02:57:50 | INFO     |   训练指标:
2025-07-13 02:57:50 | INFO     |     损失(hybrid_focal): 0.108978
2025-07-13 02:57:50 | INFO     |     准确率: 0.974849
2025-07-13 02:57:50 | INFO     |     学习率: 0.00005000
2025-07-13 02:57:50 | INFO     |   验证指标(标准CE):
2025-07-13 02:57:50 | INFO     |     损失: 0.184176
2025-07-13 02:57:50 | INFO     |     准确率: 0.958445
2025-07-13 02:57:50 | INFO     |     F1(macro): 0.960110
2025-07-13 02:57:50 | INFO     |     F1(weighted): 0.958344
2025-07-13 02:57:50 | INFO     |     精确率: 0.962516
2025-07-13 02:57:50 | INFO     |     召回率: 0.960696
2025-07-13 02:57:50 | INFO     |   学习率调度器: f1_based
2025-07-13 02:57:50 | INFO     | ------------------------------------------------------------
2025-07-13 02:57:50 | INFO     | Epoch  32 | Train: Loss=0.1090, Acc=0.9748 | Val: Loss=0.1842, Acc=0.9584, F1=0.9583 | LR=0.000050 🏆 [最佳模型]
2025-07-13 03:05:22 | INFO     | Epoch 33:
2025-07-13 03:05:22 | INFO     |   训练指标:
2025-07-13 03:05:22 | INFO     |     损失(hybrid_focal): 0.109159
2025-07-13 03:05:22 | INFO     |     准确率: 0.973675
2025-07-13 03:05:22 | INFO     |     学习率: 0.00005000
2025-07-13 03:05:22 | INFO     |   验证指标(标准CE):
2025-07-13 03:05:22 | INFO     |     损失: 0.195674
2025-07-13 03:05:22 | INFO     |     准确率: 0.950402
2025-07-13 03:05:22 | INFO     |     F1(macro): 0.953005
2025-07-13 03:05:22 | INFO     |     F1(weighted): 0.951183
2025-07-13 03:05:22 | INFO     |     精确率: 0.959859
2025-07-13 03:05:22 | INFO     |     召回率: 0.952429
2025-07-13 03:05:22 | INFO     |   学习率调度器: f1_based
2025-07-13 03:05:22 | INFO     | ------------------------------------------------------------
2025-07-13 03:05:22 | INFO     | Epoch  33 | Train: Loss=0.1092, Acc=0.9737 | Val: Loss=0.1957, Acc=0.9504, F1=0.9512 | LR=0.000050 
2025-07-13 03:12:55 | INFO     | Epoch 34:
2025-07-13 03:12:55 | INFO     |   训练指标:
2025-07-13 03:12:55 | INFO     |     损失(hybrid_focal): 0.106680
2025-07-13 03:12:55 | INFO     |     准确率: 0.976023
2025-07-13 03:12:55 | INFO     |     学习率: 0.00005000
2025-07-13 03:12:55 | INFO     |   验证指标(标准CE):
2025-07-13 03:12:55 | INFO     |     损失: 0.189486
2025-07-13 03:12:55 | INFO     |     准确率: 0.955764
2025-07-13 03:12:55 | INFO     |     F1(macro): 0.957695
2025-07-13 03:12:55 | INFO     |     F1(weighted): 0.955926
2025-07-13 03:12:55 | INFO     |     精确率: 0.961222
2025-07-13 03:12:55 | INFO     |     召回率: 0.958318
2025-07-13 03:12:55 | INFO     |   学习率调度器: f1_based
2025-07-13 03:12:55 | INFO     | ------------------------------------------------------------
2025-07-13 03:12:55 | INFO     | Epoch  34 | Train: Loss=0.1067, Acc=0.9760 | Val: Loss=0.1895, Acc=0.9558, F1=0.9559 | LR=0.000050 
2025-07-13 03:20:26 | INFO     | Epoch 35:
2025-07-13 03:20:26 | INFO     |   训练指标:
2025-07-13 03:20:26 | INFO     |     损失(hybrid_focal): 0.107960
2025-07-13 03:20:26 | INFO     |     准确率: 0.974514
2025-07-13 03:20:26 | INFO     |     学习率: 0.00005000
2025-07-13 03:20:26 | INFO     |   验证指标(标准CE):
2025-07-13 03:20:26 | INFO     |     损失: 0.192874
2025-07-13 03:20:26 | INFO     |     准确率: 0.948391
2025-07-13 03:20:26 | INFO     |     F1(macro): 0.950472
2025-07-13 03:20:26 | INFO     |     F1(weighted): 0.948406
2025-07-13 03:20:26 | INFO     |     精确率: 0.953374
2025-07-13 03:20:26 | INFO     |     召回率: 0.951588
2025-07-13 03:20:26 | INFO     |   学习率调度器: f1_based
2025-07-13 03:20:26 | INFO     | ------------------------------------------------------------
2025-07-13 03:20:26 | INFO     | Epoch  35 | Train: Loss=0.1080, Acc=0.9745 | Val: Loss=0.1929, Acc=0.9484, F1=0.9484 | LR=0.000050 
2025-07-13 03:27:59 | INFO     | Epoch 36:
2025-07-13 03:27:59 | INFO     |   训练指标:
2025-07-13 03:27:59 | INFO     |     损失(hybrid_focal): 0.109356
2025-07-13 03:27:59 | INFO     |     准确率: 0.974346
2025-07-13 03:27:59 | INFO     |     学习率: 0.00005000
2025-07-13 03:27:59 | INFO     |   验证指标(标准CE):
2025-07-13 03:27:59 | INFO     |     损失: 0.176931
2025-07-13 03:27:59 | INFO     |     准确率: 0.959786
2025-07-13 03:27:59 | INFO     |     F1(macro): 0.960975
2025-07-13 03:27:59 | INFO     |     F1(weighted): 0.959790
2025-07-13 03:27:59 | INFO     |     精确率: 0.963529
2025-07-13 03:27:59 | INFO     |     召回率: 0.961522
2025-07-13 03:27:59 | INFO     |   学习率调度器: f1_based
2025-07-13 03:27:59 | INFO     | ------------------------------------------------------------
2025-07-13 03:27:59 | INFO     | Epoch  36 | Train: Loss=0.1094, Acc=0.9743 | Val: Loss=0.1769, Acc=0.9598, F1=0.9598 | LR=0.000050 🏆 [最佳模型]
2025-07-13 03:35:32 | INFO     | Epoch 37:
2025-07-13 03:35:32 | INFO     |   训练指标:
2025-07-13 03:35:32 | INFO     |     损失(hybrid_focal): 0.107196
2025-07-13 03:35:32 | INFO     |     准确率: 0.976023
2025-07-13 03:35:32 | INFO     |     学习率: 0.00005000
2025-07-13 03:35:32 | INFO     |   验证指标(标准CE):
2025-07-13 03:35:32 | INFO     |     损失: 0.191832
2025-07-13 03:35:32 | INFO     |     准确率: 0.955764
2025-07-13 03:35:32 | INFO     |     F1(macro): 0.957165
2025-07-13 03:35:32 | INFO     |     F1(weighted): 0.955570
2025-07-13 03:35:32 | INFO     |     精确率: 0.958108
2025-07-13 03:35:32 | INFO     |     召回率: 0.958359
2025-07-13 03:35:32 | INFO     |   学习率调度器: f1_based
2025-07-13 03:35:32 | INFO     | ------------------------------------------------------------
2025-07-13 03:35:32 | INFO     | Epoch  37 | Train: Loss=0.1072, Acc=0.9760 | Val: Loss=0.1918, Acc=0.9558, F1=0.9556 | LR=0.000050 
2025-07-13 03:43:03 | INFO     | Epoch 38:
2025-07-13 03:43:03 | INFO     |   训练指标:
2025-07-13 03:43:03 | INFO     |     损失(hybrid_focal): 0.108512
2025-07-13 03:43:03 | INFO     |     准确率: 0.976358
2025-07-13 03:43:03 | INFO     |     学习率: 0.00005000
2025-07-13 03:43:03 | INFO     |   验证指标(标准CE):
2025-07-13 03:43:03 | INFO     |     损失: 0.169971
2025-07-13 03:43:03 | INFO     |     准确率: 0.963807
2025-07-13 03:43:03 | INFO     |     F1(macro): 0.965259
2025-07-13 03:43:03 | INFO     |     F1(weighted): 0.964016
2025-07-13 03:43:03 | INFO     |     精确率: 0.966082
2025-07-13 03:43:03 | INFO     |     召回率: 0.965528
2025-07-13 03:43:03 | INFO     |   学习率调度器: f1_based
2025-07-13 03:43:03 | INFO     | ------------------------------------------------------------
2025-07-13 03:43:03 | INFO     | Epoch  38 | Train: Loss=0.1085, Acc=0.9764 | Val: Loss=0.1700, Acc=0.9638, F1=0.9640 | LR=0.000050 🏆 [最佳模型]
2025-07-13 03:50:36 | INFO     | Epoch 39:
2025-07-13 03:50:36 | INFO     |   训练指标:
2025-07-13 03:50:36 | INFO     |     损失(hybrid_focal): 0.108238
2025-07-13 03:50:36 | INFO     |     准确率: 0.975520
2025-07-13 03:50:36 | INFO     |     学习率: 0.00005000
2025-07-13 03:50:36 | INFO     |   验证指标(标准CE):
2025-07-13 03:50:36 | INFO     |     损失: 0.172050
2025-07-13 03:50:36 | INFO     |     准确率: 0.959786
2025-07-13 03:50:36 | INFO     |     F1(macro): 0.961040
2025-07-13 03:50:36 | INFO     |     F1(weighted): 0.959674
2025-07-13 03:50:36 | INFO     |     精确率: 0.962848
2025-07-13 03:50:36 | INFO     |     召回率: 0.961292
2025-07-13 03:50:36 | INFO     |   学习率调度器: f1_based
2025-07-13 03:50:36 | INFO     | ------------------------------------------------------------
2025-07-13 03:50:36 | INFO     | Epoch  39 | Train: Loss=0.1082, Acc=0.9755 | Val: Loss=0.1721, Acc=0.9598, F1=0.9597 | LR=0.000050 
2025-07-13 03:58:08 | INFO     | Epoch 40:
2025-07-13 03:58:08 | INFO     |   训练指标:
2025-07-13 03:58:08 | INFO     |     损失(hybrid_focal): 0.106731
2025-07-13 03:58:08 | INFO     |     准确率: 0.976693
2025-07-13 03:58:08 | INFO     |     学习率: 0.00005000
2025-07-13 03:58:08 | INFO     |   验证指标(标准CE):
2025-07-13 03:58:08 | INFO     |     损失: 0.187460
2025-07-13 03:58:08 | INFO     |     准确率: 0.956434
2025-07-13 03:58:08 | INFO     |     F1(macro): 0.958226
2025-07-13 03:58:08 | INFO     |     F1(weighted): 0.956494
2025-07-13 03:58:08 | INFO     |     精确率: 0.960343
2025-07-13 03:58:08 | INFO     |     召回率: 0.958771
2025-07-13 03:58:08 | INFO     |   学习率调度器: f1_based
2025-07-13 03:58:08 | INFO     | ------------------------------------------------------------
2025-07-13 03:58:08 | INFO     | Epoch  40 | Train: Loss=0.1067, Acc=0.9767 | Val: Loss=0.1875, Acc=0.9564, F1=0.9565 | LR=0.000050 
2025-07-13 04:05:40 | INFO     | Epoch 41:
2025-07-13 04:05:40 | INFO     |   训练指标:
2025-07-13 04:05:40 | INFO     |     损失(hybrid_focal): 0.104039
2025-07-13 04:05:40 | INFO     |     准确率: 0.978873
2025-07-13 04:05:40 | INFO     |     学习率: 0.00005000
2025-07-13 04:05:40 | INFO     |   验证指标(标准CE):
2025-07-13 04:05:40 | INFO     |     损失: 0.191855
2025-07-13 04:05:40 | INFO     |     准确率: 0.955094
2025-07-13 04:05:40 | INFO     |     F1(macro): 0.957099
2025-07-13 04:05:40 | INFO     |     F1(weighted): 0.955400
2025-07-13 04:05:40 | INFO     |     精确率: 0.961258
2025-07-13 04:05:40 | INFO     |     召回率: 0.957878
2025-07-13 04:05:40 | INFO     |   学习率调度器: f1_based
2025-07-13 04:05:40 | INFO     | ------------------------------------------------------------
2025-07-13 04:05:40 | INFO     | Epoch  41 | Train: Loss=0.1040, Acc=0.9789 | Val: Loss=0.1919, Acc=0.9551, F1=0.9554 | LR=0.000050 
2025-07-13 04:13:11 | INFO     | Epoch 42:
2025-07-13 04:13:11 | INFO     |   训练指标:
2025-07-13 04:13:11 | INFO     |     损失(hybrid_focal): 0.105185
2025-07-13 04:13:11 | INFO     |     准确率: 0.976861
2025-07-13 04:13:11 | INFO     |     学习率: 0.00005000
2025-07-13 04:13:11 | INFO     |   验证指标(标准CE):
2025-07-13 04:13:11 | INFO     |     损失: 0.173564
2025-07-13 04:13:11 | INFO     |     准确率: 0.957775
2025-07-13 04:13:11 | INFO     |     F1(macro): 0.958997
2025-07-13 04:13:11 | INFO     |     F1(weighted): 0.957651
2025-07-13 04:13:11 | INFO     |     精确率: 0.960156
2025-07-13 04:13:11 | INFO     |     召回率: 0.959940
2025-07-13 04:13:11 | INFO     |   学习率调度器: f1_based
2025-07-13 04:13:11 | INFO     | ------------------------------------------------------------
2025-07-13 04:13:11 | INFO     | Epoch  42 | Train: Loss=0.1052, Acc=0.9769 | Val: Loss=0.1736, Acc=0.9578, F1=0.9577 | LR=0.000050 
2025-07-13 04:20:43 | INFO     | Epoch 43:
2025-07-13 04:20:43 | INFO     |   训练指标:
2025-07-13 04:20:43 | INFO     |     损失(hybrid_focal): 0.105024
2025-07-13 04:20:43 | INFO     |     准确率: 0.978203
2025-07-13 04:20:43 | INFO     |     学习率: 0.00005000
2025-07-13 04:20:43 | INFO     |   验证指标(标准CE):
2025-07-13 04:20:43 | INFO     |     损失: 0.189827
2025-07-13 04:20:43 | INFO     |     准确率: 0.955094
2025-07-13 04:20:43 | INFO     |     F1(macro): 0.957029
2025-07-13 04:20:43 | INFO     |     F1(weighted): 0.955425
2025-07-13 04:20:43 | INFO     |     精确率: 0.958168
2025-07-13 04:20:43 | INFO     |     召回率: 0.957343
2025-07-13 04:20:43 | INFO     |   学习率调度器: f1_based
2025-07-13 04:20:43 | INFO     | ------------------------------------------------------------
2025-07-13 04:20:43 | INFO     | Epoch  43 | Train: Loss=0.1050, Acc=0.9782 | Val: Loss=0.1898, Acc=0.9551, F1=0.9554 | LR=0.000050 
2025-07-13 04:28:15 | INFO     | Epoch 44:
2025-07-13 04:28:15 | INFO     |   训练指标:
2025-07-13 04:28:15 | INFO     |     损失(hybrid_focal): 0.105614
2025-07-13 04:28:15 | INFO     |     准确率: 0.975184
2025-07-13 04:28:15 | INFO     |     学习率: 0.00005000
2025-07-13 04:28:15 | INFO     |   验证指标(标准CE):
2025-07-13 04:28:15 | INFO     |     损失: 0.190340
2025-07-13 04:28:15 | INFO     |     准确率: 0.960456
2025-07-13 04:28:15 | INFO     |     F1(macro): 0.961813
2025-07-13 04:28:15 | INFO     |     F1(weighted): 0.960260
2025-07-13 04:28:15 | INFO     |     精确率: 0.961848
2025-07-13 04:28:15 | INFO     |     召回率: 0.962543
2025-07-13 04:28:15 | INFO     |   学习率调度器: f1_based
2025-07-13 04:28:15 | INFO     | ------------------------------------------------------------
2025-07-13 04:28:15 | INFO     | 🎯 学习率调整事件:
2025-07-13 04:28:15 | INFO     |   调度器类型: f1_based
2025-07-13 04:28:15 | INFO     |   学习率变化: 0.00005000 → 0.00002500
2025-07-13 04:28:15 | INFO     |   触发条件: F1分数 = 0.960260
2025-07-13 04:28:15 | INFO     |   变化幅度: -50.00%
2025-07-13 04:28:15 | INFO     | ------------------------------------------------------------
2025-07-13 04:28:15 | INFO     | Epoch  44 | Train: Loss=0.1056, Acc=0.9752 | Val: Loss=0.1903, Acc=0.9605, F1=0.9603 | LR=0.000025 
2025-07-13 04:35:47 | INFO     | Epoch 45:
2025-07-13 04:35:47 | INFO     |   训练指标:
2025-07-13 04:35:47 | INFO     |     损失(hybrid_focal): 0.098847
2025-07-13 04:35:47 | INFO     |     准确率: 0.982730
2025-07-13 04:35:47 | INFO     |     学习率: 0.00002500
2025-07-13 04:35:47 | INFO     |   验证指标(标准CE):
2025-07-13 04:35:47 | INFO     |     损失: 0.175249
2025-07-13 04:35:47 | INFO     |     准确率: 0.959115
2025-07-13 04:35:47 | INFO     |     F1(macro): 0.960668
2025-07-13 04:35:47 | INFO     |     F1(weighted): 0.959336
2025-07-13 04:35:47 | INFO     |     精确率: 0.963151
2025-07-13 04:35:47 | INFO     |     召回率: 0.960822
2025-07-13 04:35:47 | INFO     |   学习率调度器: f1_based
2025-07-13 04:35:47 | INFO     | ------------------------------------------------------------
2025-07-13 04:35:47 | INFO     | Epoch  45 | Train: Loss=0.0988, Acc=0.9827 | Val: Loss=0.1752, Acc=0.9591, F1=0.9593 | LR=0.000025 
2025-07-13 04:43:19 | INFO     | Epoch 46:
2025-07-13 04:43:19 | INFO     |   训练指标:
2025-07-13 04:43:19 | INFO     |     损失(hybrid_focal): 0.099609
2025-07-13 04:43:19 | INFO     |     准确率: 0.983400
2025-07-13 04:43:19 | INFO     |     学习率: 0.00002500
2025-07-13 04:43:19 | INFO     |   验证指标(标准CE):
2025-07-13 04:43:19 | INFO     |     损失: 0.182261
2025-07-13 04:43:19 | INFO     |     准确率: 0.956434
2025-07-13 04:43:19 | INFO     |     F1(macro): 0.958305
2025-07-13 04:43:19 | INFO     |     F1(weighted): 0.956633
2025-07-13 04:43:19 | INFO     |     精确率: 0.960354
2025-07-13 04:43:19 | INFO     |     召回率: 0.958933
2025-07-13 04:43:19 | INFO     |   学习率调度器: f1_based
2025-07-13 04:43:19 | INFO     | ------------------------------------------------------------
2025-07-13 04:43:19 | INFO     | Epoch  46 | Train: Loss=0.0996, Acc=0.9834 | Val: Loss=0.1823, Acc=0.9564, F1=0.9566 | LR=0.000025 
2025-07-13 04:50:51 | INFO     | Epoch 47:
2025-07-13 04:50:51 | INFO     |   训练指标:
2025-07-13 04:50:51 | INFO     |     损失(hybrid_focal): 0.097945
2025-07-13 04:50:51 | INFO     |     准确率: 0.983903
2025-07-13 04:50:51 | INFO     |     学习率: 0.00002500
2025-07-13 04:50:51 | INFO     |   验证指标(标准CE):
2025-07-13 04:50:51 | INFO     |     损失: 0.185315
2025-07-13 04:50:51 | INFO     |     准确率: 0.961796
2025-07-13 04:50:51 | INFO     |     F1(macro): 0.963136
2025-07-13 04:50:51 | INFO     |     F1(weighted): 0.961802
2025-07-13 04:50:51 | INFO     |     精确率: 0.965746
2025-07-13 04:50:51 | INFO     |     召回率: 0.964175
2025-07-13 04:50:51 | INFO     |   学习率调度器: f1_based
2025-07-13 04:50:51 | INFO     | ------------------------------------------------------------
2025-07-13 04:50:51 | INFO     | Epoch  47 | Train: Loss=0.0979, Acc=0.9839 | Val: Loss=0.1853, Acc=0.9618, F1=0.9618 | LR=0.000025 
2025-07-13 04:58:23 | INFO     | Epoch 48:
2025-07-13 04:58:23 | INFO     |   训练指标:
2025-07-13 04:58:23 | INFO     |     损失(hybrid_focal): 0.097406
2025-07-13 04:58:23 | INFO     |     准确率: 0.983233
2025-07-13 04:58:23 | INFO     |     学习率: 0.00002500
2025-07-13 04:58:23 | INFO     |   验证指标(标准CE):
2025-07-13 04:58:23 | INFO     |     损失: 0.194266
2025-07-13 04:58:23 | INFO     |     准确率: 0.958445
2025-07-13 04:58:23 | INFO     |     F1(macro): 0.960562
2025-07-13 04:58:23 | INFO     |     F1(weighted): 0.958966
2025-07-13 04:58:23 | INFO     |     精确率: 0.962962
2025-07-13 04:58:23 | INFO     |     召回率: 0.960196
2025-07-13 04:58:23 | INFO     |   学习率调度器: f1_based
2025-07-13 04:58:23 | INFO     | ------------------------------------------------------------
2025-07-13 04:58:23 | INFO     | Epoch  48 | Train: Loss=0.0974, Acc=0.9832 | Val: Loss=0.1943, Acc=0.9584, F1=0.9590 | LR=0.000025 
2025-07-13 05:05:55 | INFO     | Epoch 49:
2025-07-13 05:05:55 | INFO     |   训练指标:
2025-07-13 05:05:55 | INFO     |     损失(hybrid_focal): 0.099419
2025-07-13 05:05:55 | INFO     |     准确率: 0.982897
2025-07-13 05:05:55 | INFO     |     学习率: 0.00002500
2025-07-13 05:05:55 | INFO     |   验证指标(标准CE):
2025-07-13 05:05:55 | INFO     |     损失: 0.175236
2025-07-13 05:05:55 | INFO     |     准确率: 0.962466
2025-07-13 05:05:55 | INFO     |     F1(macro): 0.963439
2025-07-13 05:05:55 | INFO     |     F1(weighted): 0.962260
2025-07-13 05:05:55 | INFO     |     精确率: 0.965125
2025-07-13 05:05:55 | INFO     |     召回率: 0.964088
2025-07-13 05:05:55 | INFO     |   学习率调度器: f1_based
2025-07-13 05:05:55 | INFO     | ------------------------------------------------------------
2025-07-13 05:05:55 | INFO     | Epoch  49 | Train: Loss=0.0994, Acc=0.9829 | Val: Loss=0.1752, Acc=0.9625, F1=0.9623 | LR=0.000025 
2025-07-13 05:13:27 | INFO     | Epoch 50:
2025-07-13 05:13:27 | INFO     |   训练指标:
2025-07-13 05:13:27 | INFO     |     损失(hybrid_focal): 0.098663
2025-07-13 05:13:27 | INFO     |     准确率: 0.983903
2025-07-13 05:13:27 | INFO     |     学习率: 0.00002500
2025-07-13 05:13:27 | INFO     |   验证指标(标准CE):
2025-07-13 05:13:27 | INFO     |     损失: 0.185750
2025-07-13 05:13:27 | INFO     |     准确率: 0.955094
2025-07-13 05:13:27 | INFO     |     F1(macro): 0.957052
2025-07-13 05:13:27 | INFO     |     F1(weighted): 0.955434
2025-07-13 05:13:27 | INFO     |     精确率: 0.958862
2025-07-13 05:13:27 | INFO     |     召回率: 0.957217
2025-07-13 05:13:27 | INFO     |   学习率调度器: f1_based
2025-07-13 05:13:27 | INFO     | ------------------------------------------------------------
2025-07-13 05:13:27 | INFO     | Epoch  50 | Train: Loss=0.0987, Acc=0.9839 | Val: Loss=0.1857, Acc=0.9551, F1=0.9554 | LR=0.000025 
2025-07-13 05:20:58 | INFO     | Epoch 51:
2025-07-13 05:20:58 | INFO     |   训练指标:
2025-07-13 05:20:58 | INFO     |     损失(hybrid_focal): 0.097457
2025-07-13 05:20:58 | INFO     |     准确率: 0.982394
2025-07-13 05:20:58 | INFO     |     学习率: 0.00002500
2025-07-13 05:20:58 | INFO     |   验证指标(标准CE):
2025-07-13 05:20:58 | INFO     |     损失: 0.195505
2025-07-13 05:20:58 | INFO     |     准确率: 0.954424
2025-07-13 05:20:58 | INFO     |     F1(macro): 0.956344
2025-07-13 05:20:58 | INFO     |     F1(weighted): 0.954781
2025-07-13 05:20:58 | INFO     |     精确率: 0.958130
2025-07-13 05:20:58 | INFO     |     召回率: 0.956649
2025-07-13 05:20:58 | INFO     |   学习率调度器: f1_based
2025-07-13 05:20:58 | INFO     | ------------------------------------------------------------
2025-07-13 05:20:58 | INFO     | Epoch  51 | Train: Loss=0.0975, Acc=0.9824 | Val: Loss=0.1955, Acc=0.9544, F1=0.9548 | LR=0.000025 
2025-07-13 05:28:30 | INFO     | Epoch 52:
2025-07-13 05:28:30 | INFO     |   训练指标:
2025-07-13 05:28:30 | INFO     |     损失(hybrid_focal): 0.097280
2025-07-13 05:28:30 | INFO     |     准确率: 0.984071
2025-07-13 05:28:30 | INFO     |     学习率: 0.00002500
2025-07-13 05:28:30 | INFO     |   验证指标(标准CE):
2025-07-13 05:28:30 | INFO     |     损失: 0.188383
2025-07-13 05:28:30 | INFO     |     准确率: 0.954424
2025-07-13 05:28:30 | INFO     |     F1(macro): 0.956371
2025-07-13 05:28:30 | INFO     |     F1(weighted): 0.954704
2025-07-13 05:28:30 | INFO     |     精确率: 0.959036
2025-07-13 05:28:30 | INFO     |     召回率: 0.956814
2025-07-13 05:28:30 | INFO     |   学习率调度器: f1_based
2025-07-13 05:28:30 | INFO     | ------------------------------------------------------------
2025-07-13 05:28:30 | INFO     | 🎯 学习率调整事件:
2025-07-13 05:28:30 | INFO     |   调度器类型: f1_based
2025-07-13 05:28:30 | INFO     |   学习率变化: 0.00002500 → 0.00001250
2025-07-13 05:28:30 | INFO     |   触发条件: F1分数 = 0.954704
2025-07-13 05:28:30 | INFO     |   变化幅度: -50.00%
2025-07-13 05:28:30 | INFO     | ------------------------------------------------------------
2025-07-13 05:28:30 | INFO     | Epoch  52 | Train: Loss=0.0973, Acc=0.9841 | Val: Loss=0.1884, Acc=0.9544, F1=0.9547 | LR=0.000013 
2025-07-13 05:36:02 | INFO     | Epoch 53:
2025-07-13 05:36:02 | INFO     |   训练指标:
2025-07-13 05:36:02 | INFO     |     损失(hybrid_focal): 0.095326
2025-07-13 05:36:02 | INFO     |     准确率: 0.985915
2025-07-13 05:36:02 | INFO     |     学习率: 0.00001250
2025-07-13 05:36:02 | INFO     |   验证指标(标准CE):
2025-07-13 05:36:02 | INFO     |     损失: 0.185287
2025-07-13 05:36:02 | INFO     |     准确率: 0.955094
2025-07-13 05:36:02 | INFO     |     F1(macro): 0.956786
2025-07-13 05:36:02 | INFO     |     F1(weighted): 0.955243
2025-07-13 05:36:02 | INFO     |     精确率: 0.958163
2025-07-13 05:36:02 | INFO     |     召回率: 0.957299
2025-07-13 05:36:02 | INFO     |   学习率调度器: f1_based
2025-07-13 05:36:02 | INFO     | ------------------------------------------------------------
2025-07-13 05:36:02 | INFO     | Epoch  53 | Train: Loss=0.0953, Acc=0.9859 | Val: Loss=0.1853, Acc=0.9551, F1=0.9552 | LR=0.000013 
2025-07-13 05:36:02 | INFO     | ⏹️ 早停触发，在第 53 轮停止训练
2025-07-13 05:36:48 | INFO     | 训练历史已保存到: ./result/0712_2255_DualGAF_DDAHU_DualGAFNet_dilated_enhanced_sl96_step96_fd64_extractor-dilated_gaf-adaptive_attention-channel_classifier-mlp/training_history.csv
2025-07-13 05:36:48 | INFO     | 
====================================================================================================
2025-07-13 05:36:48 | INFO     | 🎉 训练完成总结:
2025-07-13 05:36:48 | INFO     |   训练损失函数: hybrid_focal
2025-07-13 05:36:48 | INFO     |   验证损失函数: 标准交叉熵（遵循主流ML规范）
2025-07-13 05:36:48 | INFO     |   训练过程最佳验证准确率: 0.9638
2025-07-13 05:36:48 | INFO     |   训练过程最佳验证F1(macro): 0.9653
2025-07-13 05:36:48 | INFO     |   训练过程最佳验证F1(weighted): 0.9640
2025-07-13 05:36:48 | INFO     |   训练轮数: 53
2025-07-13 05:36:48 | INFO     | --------------------------------------------------
2025-07-13 05:36:48 | INFO     | 📊 最佳模型真实性能指标（基于标准交叉熵损失）:
2025-07-13 05:36:48 | INFO     |   验证损失(标准CE): 0.1700
2025-07-13 05:36:48 | INFO     |   验证准确率: 0.9638
2025-07-13 05:36:48 | INFO     |   验证F1(macro): 0.9653
2025-07-13 05:36:48 | INFO     |   验证F1(weighted): 0.9640
2025-07-13 05:36:48 | INFO     |   验证精确率: 0.9661
2025-07-13 05:36:48 | INFO     |   验证召回率: 0.9655
2025-07-13 05:36:48 | INFO     | ====================================================================================================
2025-07-13 05:36:51 | INFO     | ================================================================================
2025-07-13 05:36:51 | INFO     | 实验日志结束: DualGAF_DDAHU_DualGAFNet_dilated_enhanced_sl96_step96_fd64_extractor-dilated_gaf-adaptive_attention-channel_classifier-mlp
2025-07-13 05:36:51 | INFO     | 结束时间: 2025-07-13 05:36:51
2025-07-13 05:36:51 | INFO     | ================================================================================
