2025-07-27 14:01:36 | INFO     | ================================================================================
2025-07-27 14:01:36 | INFO     | 实验日志开始: DualGAF_DualGAFNet_dilated+无统计消融_sl96_step96_fd128_extractor-dilated_gaf-concat_attention-channel_classifier-mlp_ablation-no_stat
2025-07-27 14:01:36 | INFO     | 日志文件: ./result/0727_1401_DualGAF_DualGAFNet_dilated+无统计消融_sl96_step96_fd128_extractor-dilated_gaf-concat_attention-channel_classifier-mlp_ablation-no_stat/training.log
2025-07-27 14:01:36 | INFO     | 开始时间: 2025-07-27 14:01:36
2025-07-27 14:01:36 | INFO     | ================================================================================
2025-07-27 14:01:36 | INFO     | ⚙️ 实验配置:
2025-07-27 14:01:36 | INFO     |    task_name: classification
2025-07-27 14:01:36 | INFO     |    is_training: 1
2025-07-27 14:01:36 | INFO     |    model_id: test
2025-07-27 14:01:36 | INFO     |    model: DualGAFNet
2025-07-27 14:01:36 | INFO     |    data: DualGAF
2025-07-27 14:01:36 | INFO     |    root_path: ./dataset/SAHU/direct_5_working
2025-07-27 14:01:36 | INFO     |    step: 96
2025-07-27 14:01:36 | INFO     |    checkpoints: ./checkpoints/
2025-07-27 14:01:36 | INFO     |    num_class: 9
2025-07-27 14:01:36 | INFO     |    result_path: ./result/
2025-07-27 14:01:36 | INFO     |    test_size: 0.2
2025-07-27 14:01:36 | INFO     |    rows: None
2025-07-27 14:01:36 | INFO     |    seq_len: 96
2025-07-27 14:01:36 | INFO     |    enc_in: 26
2025-07-27 14:01:36 | INFO     |    d_model: 512
2025-07-27 14:01:36 | INFO     |    n_heads: 8
2025-07-27 14:01:36 | INFO     |    e_layers: 2
2025-07-27 14:01:36 | INFO     |    d_layers: 1
2025-07-27 14:01:36 | INFO     |    d_ff: 2048
2025-07-27 14:01:36 | INFO     |    moving_avg: 25
2025-07-27 14:01:36 | INFO     |    factor: 1
2025-07-27 14:01:36 | INFO     |    distil: True
2025-07-27 14:01:36 | INFO     |    dropout: 0.1
2025-07-27 14:01:36 | INFO     |    embed: timeF
2025-07-27 14:01:36 | INFO     |    activation: gelu
2025-07-27 14:01:36 | INFO     |    use_norm: 1
2025-07-27 14:01:36 | INFO     |    gaf_method: summation
2025-07-27 14:01:36 | INFO     |    feature_dim: 128
2025-07-27 14:01:36 | INFO     |    data_type_method: uint8
2025-07-27 14:01:36 | INFO     |    use_attention: True
2025-07-27 14:01:36 | INFO     |    hidden_dim: 64
2025-07-27 14:01:36 | INFO     |    sample_size: 1000
2025-07-27 14:01:36 | INFO     |    channel_groups: None
2025-07-27 14:01:36 | INFO     |    hvac_groups: None
2025-07-27 14:01:36 | INFO     |    extractor_type: dilated
2025-07-27 14:01:36 | INFO     |    fusion_type: concat
2025-07-27 14:01:36 | INFO     |    attention_type: channel
2025-07-27 14:01:36 | INFO     |    classifier_type: mlp
2025-07-27 14:01:36 | INFO     |    use_statistical_features: False
2025-07-27 14:01:36 | INFO     |    stat_type: basic
2025-07-27 14:01:36 | INFO     |    multimodal_fusion_strategy: concat
2025-07-27 14:01:36 | INFO     |    use_signal_level_stats: False
2025-07-27 14:01:36 | INFO     |    signal_stat_type: comprehensive
2025-07-27 14:01:36 | INFO     |    signal_stat_fusion_strategy: concat_project
2025-07-27 14:01:36 | INFO     |    signal_stat_feature_dim: 32
2025-07-27 14:01:36 | INFO     |    use_diff_branch: True
2025-07-27 14:01:36 | INFO     |    ablation_mode: no_stat
2025-07-27 14:01:36 | INFO     |    backbone_type: resnet18
2025-07-27 14:01:36 | INFO     |    use_sum_branch: True
2025-07-27 14:01:36 | INFO     |    num_workers: 0
2025-07-27 14:01:36 | INFO     |    cuda_debug: False
2025-07-27 14:01:36 | INFO     |    gpu_memory_fraction: 0.9
2025-07-27 14:01:36 | INFO     |    safe_mode: True
2025-07-27 14:01:36 | INFO     |    drop_last_batch: True
2025-07-27 14:01:36 | INFO     |    itr: 1
2025-07-27 14:01:36 | INFO     |    train_epochs: 300
2025-07-27 14:01:36 | INFO     |    batch_size: 4
2025-07-27 14:01:36 | INFO     |    patience: 15
2025-07-27 14:01:36 | INFO     |    learning_rate: 0.0001
2025-07-27 14:01:36 | INFO     |    des: dilated+无统计消融
2025-07-27 14:01:36 | INFO     |    loss: MSE
2025-07-27 14:01:36 | INFO     |    lradj: type1
2025-07-27 14:01:36 | INFO     |    lr_scheduler_type: f1_based
2025-07-27 14:01:36 | INFO     |    lr_loss_weight: 0.3
2025-07-27 14:01:36 | INFO     |    lr_f1_weight: 0.7
2025-07-27 14:01:36 | INFO     |    use_amp: False
2025-07-27 14:01:36 | INFO     |    gradient_accumulation_steps: 2
2025-07-27 14:01:36 | INFO     |    enable_auto_gradient_accumulation: True
2025-07-27 14:01:36 | INFO     |    loss_type: ce
2025-07-27 14:01:36 | INFO     |    label_smoothing: 0.1
2025-07-27 14:01:36 | INFO     |    focal_alpha: 1.0
2025-07-27 14:01:36 | INFO     |    focal_gamma: 2.0
2025-07-27 14:01:36 | INFO     |    confidence_penalty_beta: 0.1
2025-07-27 14:01:36 | INFO     |    use_timm_loss: True
2025-07-27 14:01:36 | INFO     |    adaptive_initial_smoothing: 0.2
2025-07-27 14:01:36 | INFO     |    adaptive_final_smoothing: 0.05
2025-07-27 14:01:36 | INFO     |    adaptive_decay_epochs: 30
2025-07-27 14:01:36 | INFO     |    enable_class_weights: False
2025-07-27 14:01:36 | INFO     |    class_weights: None
2025-07-27 14:01:36 | INFO     |    loss_preset: None
2025-07-27 14:01:36 | INFO     |    n_jobs: 1
2025-07-27 14:01:36 | INFO     |    use_multiprocessing: False
2025-07-27 14:01:36 | INFO     |    chunk_size: 800
2025-07-27 14:01:36 | INFO     |    disable_parallel: True
2025-07-27 14:01:36 | INFO     |    use_shared_memory: False
2025-07-27 14:01:36 | INFO     |    disable_shared_memory: False
2025-07-27 14:01:36 | INFO     |    use_gpu: True
2025-07-27 14:01:36 | INFO     |    gpu: 0
2025-07-27 14:01:36 | INFO     |    gpu_type: cuda
2025-07-27 14:01:36 | INFO     |    use_multi_gpu: False
2025-07-27 14:01:36 | INFO     |    devices: 0,1,2,3
2025-07-27 14:01:36 | INFO     |    device: cuda:0
2025-07-27 14:01:36 | INFO     | 🏗️ 模型信息:
2025-07-27 14:01:36 | INFO     |    模型类型: Model
2025-07-27 14:01:36 | INFO     |    总参数数量: 8,188,610
2025-07-27 14:01:36 | INFO     |    可训练参数: 8,188,610
2025-07-27 14:01:36 | INFO     |    模型大小估计: 31.24 MB
2025-07-27 14:01:36 | INFO     | 📊 数据集信息:
2025-07-27 14:01:36 | INFO     |    训练集大小: 3996
2025-07-27 14:01:36 | INFO     |    验证集大小: 999
2025-07-27 14:01:36 | INFO     | 
================================================================================
2025-07-27 14:01:36 | INFO     | 📋 损失函数使用策略（遵循主流机器学习规范）:
2025-07-27 14:01:36 | INFO     |    🎯 训练阶段: 使用 ce 损失函数
2025-07-27 14:01:36 | INFO     |       → 目的：优化模型参数，解决特定问题（类别不平衡、相似性等）
2025-07-27 14:01:36 | INFO     |    📊 验证阶段: 使用标准交叉熵损失函数
2025-07-27 14:01:36 | INFO     |       → 目的：客观评估模型性能，便于不同方法比较
2025-07-27 14:01:36 | INFO     |    📈 最终报告: 基于标准交叉熵损失的指标
2025-07-27 14:01:36 | INFO     |       → 目的：提供可信、可比较的性能指标
2025-07-27 14:01:36 | INFO     | ================================================================================

2025-07-27 14:01:36 | INFO     | 🔄 梯度累积配置: 每2轮累积一次梯度
2025-07-27 14:01:36 | INFO     |    实际batch_size: 4
2025-07-27 14:01:36 | INFO     |    有效batch_size: 8
2025-07-27 14:02:30 | INFO     | Epoch 1:
2025-07-27 14:02:30 | INFO     |   训练指标:
2025-07-27 14:02:30 | INFO     |     损失(ce): 1.943854
2025-07-27 14:02:30 | INFO     |     准确率: 0.217968
2025-07-27 14:02:30 | INFO     |     学习率: 0.00010000
2025-07-27 14:02:30 | INFO     |   验证指标(标准CE):
2025-07-27 14:02:30 | INFO     |     损失: 1.585128
2025-07-27 14:02:30 | INFO     |     准确率: 0.354354
2025-07-27 14:02:30 | INFO     |     F1(macro): 0.315818
2025-07-27 14:02:30 | INFO     |     F1(weighted): 0.326343
2025-07-27 14:02:30 | INFO     |     精确率: 0.362346
2025-07-27 14:02:30 | INFO     |     召回率: 0.345837
2025-07-27 14:02:30 | INFO     |   学习率调度器: f1_based
2025-07-27 14:02:30 | INFO     | ------------------------------------------------------------
2025-07-27 14:02:30 | INFO     | Epoch   1 | Train: Loss=1.9439, Acc=0.2180 | Val: Loss=1.5851, Acc=0.3544, F1=0.3263 | LR=0.000100 🏆 [最佳模型]
2025-07-27 14:03:23 | INFO     | Epoch 2:
2025-07-27 14:03:23 | INFO     |   训练指标:
2025-07-27 14:03:23 | INFO     |     损失(ce): 1.362600
2025-07-27 14:03:23 | INFO     |     准确率: 0.476476
2025-07-27 14:03:23 | INFO     |     学习率: 0.00010000
2025-07-27 14:03:23 | INFO     |   验证指标(标准CE):
2025-07-27 14:03:23 | INFO     |     损失: 1.163084
2025-07-27 14:03:23 | INFO     |     准确率: 0.517518
2025-07-27 14:03:23 | INFO     |     F1(macro): 0.491227
2025-07-27 14:03:23 | INFO     |     F1(weighted): 0.500718
2025-07-27 14:03:23 | INFO     |     精确率: 0.545151
2025-07-27 14:03:23 | INFO     |     召回率: 0.507081
2025-07-27 14:03:23 | INFO     |   学习率调度器: f1_based
2025-07-27 14:03:23 | INFO     | ------------------------------------------------------------
2025-07-27 14:03:23 | INFO     | Epoch   2 | Train: Loss=1.3626, Acc=0.4765 | Val: Loss=1.1631, Acc=0.5175, F1=0.5007 | LR=0.000100 🏆 [最佳模型]
2025-07-27 14:04:17 | INFO     | Epoch 3:
2025-07-27 14:04:17 | INFO     |   训练指标:
2025-07-27 14:04:17 | INFO     |     损失(ce): 1.080928
2025-07-27 14:04:17 | INFO     |     准确率: 0.579079
2025-07-27 14:04:17 | INFO     |     学习率: 0.00010000
2025-07-27 14:04:17 | INFO     |   验证指标(标准CE):
2025-07-27 14:04:17 | INFO     |     损失: 0.952043
2025-07-27 14:04:17 | INFO     |     准确率: 0.646647
2025-07-27 14:04:17 | INFO     |     F1(macro): 0.621886
2025-07-27 14:04:17 | INFO     |     F1(weighted): 0.627312
2025-07-27 14:04:17 | INFO     |     精确率: 0.629682
2025-07-27 14:04:17 | INFO     |     召回率: 0.640288
2025-07-27 14:04:17 | INFO     |   学习率调度器: f1_based
2025-07-27 14:04:17 | INFO     | ------------------------------------------------------------
2025-07-27 14:04:17 | INFO     | Epoch   3 | Train: Loss=1.0809, Acc=0.5791 | Val: Loss=0.9520, Acc=0.6466, F1=0.6273 | LR=0.000100 🏆 [最佳模型]
2025-07-27 14:05:10 | INFO     | Epoch 4:
2025-07-27 14:05:10 | INFO     |   训练指标:
2025-07-27 14:05:10 | INFO     |     损失(ce): 0.893879
2025-07-27 14:05:10 | INFO     |     准确率: 0.650651
2025-07-27 14:05:10 | INFO     |     学习率: 0.00010000
2025-07-27 14:05:10 | INFO     |   验证指标(标准CE):
2025-07-27 14:05:10 | INFO     |     损失: 0.795321
2025-07-27 14:05:10 | INFO     |     准确率: 0.699700
2025-07-27 14:05:10 | INFO     |     F1(macro): 0.683666
2025-07-27 14:05:10 | INFO     |     F1(weighted): 0.691783
2025-07-27 14:05:10 | INFO     |     精确率: 0.697499
2025-07-27 14:05:10 | INFO     |     召回率: 0.693125
2025-07-27 14:05:10 | INFO     |   学习率调度器: f1_based
2025-07-27 14:05:10 | INFO     | ------------------------------------------------------------
2025-07-27 14:05:10 | INFO     | Epoch   4 | Train: Loss=0.8939, Acc=0.6507 | Val: Loss=0.7953, Acc=0.6997, F1=0.6918 | LR=0.000100 🏆 [最佳模型]
2025-07-27 14:06:03 | INFO     | Epoch 5:
2025-07-27 14:06:03 | INFO     |   训练指标:
2025-07-27 14:06:03 | INFO     |     损失(ce): 0.778286
2025-07-27 14:06:03 | INFO     |     准确率: 0.692693
2025-07-27 14:06:03 | INFO     |     学习率: 0.00010000
2025-07-27 14:06:03 | INFO     |   验证指标(标准CE):
2025-07-27 14:06:03 | INFO     |     损失: 0.717825
2025-07-27 14:06:03 | INFO     |     准确率: 0.710711
2025-07-27 14:06:03 | INFO     |     F1(macro): 0.693407
2025-07-27 14:06:03 | INFO     |     F1(weighted): 0.698379
2025-07-27 14:06:03 | INFO     |     精确率: 0.710018
2025-07-27 14:06:03 | INFO     |     召回率: 0.706507
2025-07-27 14:06:03 | INFO     |   学习率调度器: f1_based
2025-07-27 14:06:03 | INFO     | ------------------------------------------------------------
2025-07-27 14:06:03 | INFO     | Epoch   5 | Train: Loss=0.7783, Acc=0.6927 | Val: Loss=0.7178, Acc=0.7107, F1=0.6984 | LR=0.000100 🏆 [最佳模型]
2025-07-27 14:06:57 | INFO     | Epoch 6:
2025-07-27 14:06:57 | INFO     |   训练指标:
2025-07-27 14:06:57 | INFO     |     损失(ce): 0.687578
2025-07-27 14:06:57 | INFO     |     准确率: 0.730731
2025-07-27 14:06:57 | INFO     |     学习率: 0.00010000
2025-07-27 14:06:57 | INFO     |   验证指标(标准CE):
2025-07-27 14:06:57 | INFO     |     损失: 0.712064
2025-07-27 14:06:57 | INFO     |     准确率: 0.685686
2025-07-27 14:06:57 | INFO     |     F1(macro): 0.689334
2025-07-27 14:06:57 | INFO     |     F1(weighted): 0.694933
2025-07-27 14:06:57 | INFO     |     精确率: 0.732523
2025-07-27 14:06:57 | INFO     |     召回率: 0.682436
2025-07-27 14:06:57 | INFO     |   学习率调度器: f1_based
2025-07-27 14:06:57 | INFO     | ------------------------------------------------------------
2025-07-27 14:06:57 | INFO     | Epoch   6 | Train: Loss=0.6876, Acc=0.7307 | Val: Loss=0.7121, Acc=0.6857, F1=0.6949 | LR=0.000100 
2025-07-27 14:07:50 | INFO     | Epoch 7:
2025-07-27 14:07:50 | INFO     |   训练指标:
2025-07-27 14:07:50 | INFO     |     损失(ce): 0.632025
2025-07-27 14:07:50 | INFO     |     准确率: 0.743744
2025-07-27 14:07:50 | INFO     |     学习率: 0.00010000
2025-07-27 14:07:50 | INFO     |   验证指标(标准CE):
2025-07-27 14:07:50 | INFO     |     损失: 0.711193
2025-07-27 14:07:50 | INFO     |     准确率: 0.737738
2025-07-27 14:07:50 | INFO     |     F1(macro): 0.727988
2025-07-27 14:07:50 | INFO     |     F1(weighted): 0.731397
2025-07-27 14:07:50 | INFO     |     精确率: 0.753061
2025-07-27 14:07:50 | INFO     |     召回率: 0.741853
2025-07-27 14:07:50 | INFO     |   学习率调度器: f1_based
2025-07-27 14:07:50 | INFO     | ------------------------------------------------------------
2025-07-27 14:07:50 | INFO     | Epoch   7 | Train: Loss=0.6320, Acc=0.7437 | Val: Loss=0.7112, Acc=0.7377, F1=0.7314 | LR=0.000100 🏆 [最佳模型]
2025-07-27 14:08:43 | INFO     | Epoch 8:
2025-07-27 14:08:43 | INFO     |   训练指标:
2025-07-27 14:08:43 | INFO     |     损失(ce): 0.563790
2025-07-27 14:08:43 | INFO     |     准确率: 0.775275
2025-07-27 14:08:43 | INFO     |     学习率: 0.00010000
2025-07-27 14:08:43 | INFO     |   验证指标(标准CE):
2025-07-27 14:08:43 | INFO     |     损失: 0.556039
2025-07-27 14:08:43 | INFO     |     准确率: 0.784785
2025-07-27 14:08:43 | INFO     |     F1(macro): 0.775070
2025-07-27 14:08:43 | INFO     |     F1(weighted): 0.778569
2025-07-27 14:08:43 | INFO     |     精确率: 0.777806
2025-07-27 14:08:43 | INFO     |     召回率: 0.780987
2025-07-27 14:08:43 | INFO     |   学习率调度器: f1_based
2025-07-27 14:08:43 | INFO     | ------------------------------------------------------------
2025-07-27 14:08:43 | INFO     | Epoch   8 | Train: Loss=0.5638, Acc=0.7753 | Val: Loss=0.5560, Acc=0.7848, F1=0.7786 | LR=0.000100 🏆 [最佳模型]
2025-07-27 14:09:36 | INFO     | Epoch 9:
2025-07-27 14:09:36 | INFO     |   训练指标:
2025-07-27 14:09:36 | INFO     |     损失(ce): 0.528661
2025-07-27 14:09:36 | INFO     |     准确率: 0.787037
2025-07-27 14:09:36 | INFO     |     学习率: 0.00010000
2025-07-27 14:09:36 | INFO     |   验证指标(标准CE):
2025-07-27 14:09:36 | INFO     |     损失: 0.507205
2025-07-27 14:09:36 | INFO     |     准确率: 0.791792
2025-07-27 14:09:36 | INFO     |     F1(macro): 0.786223
2025-07-27 14:09:36 | INFO     |     F1(weighted): 0.790460
2025-07-27 14:09:36 | INFO     |     精确率: 0.796826
2025-07-27 14:09:36 | INFO     |     召回率: 0.789341
2025-07-27 14:09:36 | INFO     |   学习率调度器: f1_based
2025-07-27 14:09:36 | INFO     | ------------------------------------------------------------
2025-07-27 14:09:36 | INFO     | Epoch   9 | Train: Loss=0.5287, Acc=0.7870 | Val: Loss=0.5072, Acc=0.7918, F1=0.7905 | LR=0.000100 🏆 [最佳模型]
2025-07-27 14:10:30 | INFO     | Epoch 10:
2025-07-27 14:10:30 | INFO     |   训练指标:
2025-07-27 14:10:30 | INFO     |     损失(ce): 0.494898
2025-07-27 14:10:30 | INFO     |     准确率: 0.801051
2025-07-27 14:10:30 | INFO     |     学习率: 0.00010000
2025-07-27 14:10:30 | INFO     |   验证指标(标准CE):
2025-07-27 14:10:30 | INFO     |     损失: 0.597544
2025-07-27 14:10:30 | INFO     |     准确率: 0.769770
2025-07-27 14:10:30 | INFO     |     F1(macro): 0.768526
2025-07-27 14:10:30 | INFO     |     F1(weighted): 0.773576
2025-07-27 14:10:30 | INFO     |     精确率: 0.773402
2025-07-27 14:10:30 | INFO     |     召回率: 0.768341
2025-07-27 14:10:30 | INFO     |   学习率调度器: f1_based
2025-07-27 14:10:30 | INFO     | ------------------------------------------------------------
2025-07-27 14:10:30 | INFO     | Epoch  10 | Train: Loss=0.4949, Acc=0.8011 | Val: Loss=0.5975, Acc=0.7698, F1=0.7736 | LR=0.000100 
2025-07-27 14:11:23 | INFO     | Epoch 11:
2025-07-27 14:11:23 | INFO     |   训练指标:
2025-07-27 14:11:23 | INFO     |     损失(ce): 0.487350
2025-07-27 14:11:23 | INFO     |     准确率: 0.795796
2025-07-27 14:11:23 | INFO     |     学习率: 0.00010000
2025-07-27 14:11:23 | INFO     |   验证指标(标准CE):
2025-07-27 14:11:23 | INFO     |     损失: 0.479542
2025-07-27 14:11:23 | INFO     |     准确率: 0.807808
2025-07-27 14:11:23 | INFO     |     F1(macro): 0.799390
2025-07-27 14:11:23 | INFO     |     F1(weighted): 0.801915
2025-07-27 14:11:23 | INFO     |     精确率: 0.806831
2025-07-27 14:11:23 | INFO     |     召回率: 0.807424
2025-07-27 14:11:23 | INFO     |   学习率调度器: f1_based
2025-07-27 14:11:23 | INFO     | ------------------------------------------------------------
2025-07-27 14:11:23 | INFO     | Epoch  11 | Train: Loss=0.4874, Acc=0.7958 | Val: Loss=0.4795, Acc=0.8078, F1=0.8019 | LR=0.000100 🏆 [最佳模型]
2025-07-27 14:12:16 | INFO     | Epoch 12:
2025-07-27 14:12:16 | INFO     |   训练指标:
2025-07-27 14:12:16 | INFO     |     损失(ce): 0.441624
2025-07-27 14:12:16 | INFO     |     准确率: 0.822072
2025-07-27 14:12:16 | INFO     |     学习率: 0.00010000
2025-07-27 14:12:16 | INFO     |   验证指标(标准CE):
2025-07-27 14:12:16 | INFO     |     损失: 0.476401
2025-07-27 14:12:16 | INFO     |     准确率: 0.805806
2025-07-27 14:12:16 | INFO     |     F1(macro): 0.804937
2025-07-27 14:12:16 | INFO     |     F1(weighted): 0.806879
2025-07-27 14:12:16 | INFO     |     精确率: 0.808438
2025-07-27 14:12:16 | INFO     |     召回率: 0.803478
2025-07-27 14:12:16 | INFO     |   学习率调度器: f1_based
2025-07-27 14:12:16 | INFO     | ------------------------------------------------------------
2025-07-27 14:12:16 | INFO     | Epoch  12 | Train: Loss=0.4416, Acc=0.8221 | Val: Loss=0.4764, Acc=0.8058, F1=0.8069 | LR=0.000100 🏆 [最佳模型]
2025-07-27 14:13:09 | INFO     | Epoch 13:
2025-07-27 14:13:09 | INFO     |   训练指标:
2025-07-27 14:13:09 | INFO     |     损失(ce): 0.432468
2025-07-27 14:13:09 | INFO     |     准确率: 0.828829
2025-07-27 14:13:09 | INFO     |     学习率: 0.00010000
2025-07-27 14:13:09 | INFO     |   验证指标(标准CE):
2025-07-27 14:13:09 | INFO     |     损失: 0.605145
2025-07-27 14:13:09 | INFO     |     准确率: 0.767768
2025-07-27 14:13:09 | INFO     |     F1(macro): 0.757764
2025-07-27 14:13:09 | INFO     |     F1(weighted): 0.762226
2025-07-27 14:13:09 | INFO     |     精确率: 0.778521
2025-07-27 14:13:09 | INFO     |     召回率: 0.761840
2025-07-27 14:13:09 | INFO     |   学习率调度器: f1_based
2025-07-27 14:13:09 | INFO     | ------------------------------------------------------------
2025-07-27 14:13:09 | INFO     | Epoch  13 | Train: Loss=0.4325, Acc=0.8288 | Val: Loss=0.6051, Acc=0.7678, F1=0.7622 | LR=0.000100 
2025-07-27 14:14:02 | INFO     | Epoch 14:
2025-07-27 14:14:02 | INFO     |   训练指标:
2025-07-27 14:14:02 | INFO     |     损失(ce): 0.401899
2025-07-27 14:14:02 | INFO     |     准确率: 0.834084
2025-07-27 14:14:02 | INFO     |     学习率: 0.00010000
2025-07-27 14:14:02 | INFO     |   验证指标(标准CE):
2025-07-27 14:14:02 | INFO     |     损失: 0.506267
2025-07-27 14:14:02 | INFO     |     准确率: 0.799800
2025-07-27 14:14:02 | INFO     |     F1(macro): 0.794361
2025-07-27 14:14:02 | INFO     |     F1(weighted): 0.797953
2025-07-27 14:14:02 | INFO     |     精确率: 0.802094
2025-07-27 14:14:02 | INFO     |     召回率: 0.798688
2025-07-27 14:14:02 | INFO     |   学习率调度器: f1_based
2025-07-27 14:14:02 | INFO     | ------------------------------------------------------------
2025-07-27 14:14:02 | INFO     | Epoch  14 | Train: Loss=0.4019, Acc=0.8341 | Val: Loss=0.5063, Acc=0.7998, F1=0.7980 | LR=0.000100 
2025-07-27 14:14:55 | INFO     | Epoch 15:
2025-07-27 14:14:55 | INFO     |   训练指标:
2025-07-27 14:14:55 | INFO     |     损失(ce): 0.397813
2025-07-27 14:14:55 | INFO     |     准确率: 0.835836
2025-07-27 14:14:55 | INFO     |     学习率: 0.00010000
2025-07-27 14:14:55 | INFO     |   验证指标(标准CE):
2025-07-27 14:14:55 | INFO     |     损失: 0.616623
2025-07-27 14:14:55 | INFO     |     准确率: 0.792793
2025-07-27 14:14:55 | INFO     |     F1(macro): 0.784476
2025-07-27 14:14:55 | INFO     |     F1(weighted): 0.788538
2025-07-27 14:14:55 | INFO     |     精确率: 0.795291
2025-07-27 14:14:55 | INFO     |     召回率: 0.790800
2025-07-27 14:14:55 | INFO     |   学习率调度器: f1_based
2025-07-27 14:14:55 | INFO     | ------------------------------------------------------------
2025-07-27 14:14:55 | INFO     | Epoch  15 | Train: Loss=0.3978, Acc=0.8358 | Val: Loss=0.6166, Acc=0.7928, F1=0.7885 | LR=0.000100 
2025-07-27 14:15:48 | INFO     | Epoch 16:
2025-07-27 14:15:48 | INFO     |   训练指标:
2025-07-27 14:15:48 | INFO     |     损失(ce): 0.370271
2025-07-27 14:15:48 | INFO     |     准确率: 0.845846
2025-07-27 14:15:48 | INFO     |     学习率: 0.00010000
2025-07-27 14:15:48 | INFO     |   验证指标(标准CE):
2025-07-27 14:15:48 | INFO     |     损失: 0.554214
2025-07-27 14:15:48 | INFO     |     准确率: 0.810811
2025-07-27 14:15:48 | INFO     |     F1(macro): 0.802376
2025-07-27 14:15:48 | INFO     |     F1(weighted): 0.804417
2025-07-27 14:15:48 | INFO     |     精确率: 0.807240
2025-07-27 14:15:48 | INFO     |     召回率: 0.808421
2025-07-27 14:15:48 | INFO     |   学习率调度器: f1_based
2025-07-27 14:15:48 | INFO     | ------------------------------------------------------------
2025-07-27 14:15:48 | INFO     | Epoch  16 | Train: Loss=0.3703, Acc=0.8458 | Val: Loss=0.5542, Acc=0.8108, F1=0.8044 | LR=0.000100 
2025-07-27 14:16:41 | INFO     | Epoch 17:
2025-07-27 14:16:41 | INFO     |   训练指标:
2025-07-27 14:16:41 | INFO     |     损失(ce): 0.373686
2025-07-27 14:16:41 | INFO     |     准确率: 0.852352
2025-07-27 14:16:41 | INFO     |     学习率: 0.00010000
2025-07-27 14:16:41 | INFO     |   验证指标(标准CE):
2025-07-27 14:16:41 | INFO     |     损失: 0.540860
2025-07-27 14:16:41 | INFO     |     准确率: 0.810811
2025-07-27 14:16:41 | INFO     |     F1(macro): 0.807129
2025-07-27 14:16:41 | INFO     |     F1(weighted): 0.810541
2025-07-27 14:16:41 | INFO     |     精确率: 0.820566
2025-07-27 14:16:41 | INFO     |     召回率: 0.813428
2025-07-27 14:16:41 | INFO     |   学习率调度器: f1_based
2025-07-27 14:16:41 | INFO     | ------------------------------------------------------------
2025-07-27 14:16:41 | INFO     | Epoch  17 | Train: Loss=0.3737, Acc=0.8524 | Val: Loss=0.5409, Acc=0.8108, F1=0.8105 | LR=0.000100 🏆 [最佳模型]
2025-07-27 14:17:34 | INFO     | Epoch 18:
2025-07-27 14:17:34 | INFO     |   训练指标:
2025-07-27 14:17:34 | INFO     |     损失(ce): 0.351579
2025-07-27 14:17:34 | INFO     |     准确率: 0.853854
2025-07-27 14:17:34 | INFO     |     学习率: 0.00010000
2025-07-27 14:17:34 | INFO     |   验证指标(标准CE):
2025-07-27 14:17:34 | INFO     |     损失: 0.543634
2025-07-27 14:17:34 | INFO     |     准确率: 0.815816
2025-07-27 14:17:34 | INFO     |     F1(macro): 0.809523
2025-07-27 14:17:34 | INFO     |     F1(weighted): 0.812439
2025-07-27 14:17:34 | INFO     |     精确率: 0.812836
2025-07-27 14:17:34 | INFO     |     召回率: 0.812109
2025-07-27 14:17:34 | INFO     |   学习率调度器: f1_based
2025-07-27 14:17:34 | INFO     | ------------------------------------------------------------
2025-07-27 14:17:34 | INFO     | Epoch  18 | Train: Loss=0.3516, Acc=0.8539 | Val: Loss=0.5436, Acc=0.8158, F1=0.8124 | LR=0.000100 🏆 [最佳模型]
2025-07-27 14:18:27 | INFO     | Epoch 19:
2025-07-27 14:18:27 | INFO     |   训练指标:
2025-07-27 14:18:27 | INFO     |     损失(ce): 0.342902
2025-07-27 14:18:27 | INFO     |     准确率: 0.855105
2025-07-27 14:18:27 | INFO     |     学习率: 0.00010000
2025-07-27 14:18:27 | INFO     |   验证指标(标准CE):
2025-07-27 14:18:27 | INFO     |     损失: 0.625342
2025-07-27 14:18:27 | INFO     |     准确率: 0.805806
2025-07-27 14:18:27 | INFO     |     F1(macro): 0.794173
2025-07-27 14:18:27 | INFO     |     F1(weighted): 0.797870
2025-07-27 14:18:27 | INFO     |     精确率: 0.814610
2025-07-27 14:18:27 | INFO     |     召回率: 0.799558
2025-07-27 14:18:27 | INFO     |   学习率调度器: f1_based
2025-07-27 14:18:27 | INFO     | ------------------------------------------------------------
2025-07-27 14:18:27 | INFO     | Epoch  19 | Train: Loss=0.3429, Acc=0.8551 | Val: Loss=0.6253, Acc=0.8058, F1=0.7979 | LR=0.000100 
2025-07-27 14:19:14 | INFO     | Epoch 20:
2025-07-27 14:19:14 | INFO     |   训练指标:
2025-07-27 14:19:14 | INFO     |     损失(ce): 0.331516
2025-07-27 14:19:14 | INFO     |     准确率: 0.861862
2025-07-27 14:19:14 | INFO     |     学习率: 0.00010000
2025-07-27 14:19:14 | INFO     |   验证指标(标准CE):
2025-07-27 14:19:14 | INFO     |     损失: 0.506237
2025-07-27 14:19:14 | INFO     |     准确率: 0.804805
2025-07-27 14:19:14 | INFO     |     F1(macro): 0.801546
2025-07-27 14:19:14 | INFO     |     F1(weighted): 0.803983
2025-07-27 14:19:14 | INFO     |     精确率: 0.811163
2025-07-27 14:19:14 | INFO     |     召回率: 0.807497
2025-07-27 14:19:14 | INFO     |   学习率调度器: f1_based
2025-07-27 14:19:14 | INFO     | ------------------------------------------------------------
2025-07-27 14:19:14 | INFO     | Epoch  20 | Train: Loss=0.3315, Acc=0.8619 | Val: Loss=0.5062, Acc=0.8048, F1=0.8040 | LR=0.000100 
2025-07-27 14:20:02 | INFO     | Epoch 21:
2025-07-27 14:20:02 | INFO     |   训练指标:
2025-07-27 14:20:02 | INFO     |     损失(ce): 0.316101
2025-07-27 14:20:02 | INFO     |     准确率: 0.865616
2025-07-27 14:20:02 | INFO     |     学习率: 0.00010000
2025-07-27 14:20:02 | INFO     |   验证指标(标准CE):
2025-07-27 14:20:02 | INFO     |     损失: 0.485792
2025-07-27 14:20:02 | INFO     |     准确率: 0.814815
2025-07-27 14:20:02 | INFO     |     F1(macro): 0.810319
2025-07-27 14:20:02 | INFO     |     F1(weighted): 0.814765
2025-07-27 14:20:02 | INFO     |     精确率: 0.816145
2025-07-27 14:20:02 | INFO     |     召回率: 0.811243
2025-07-27 14:20:02 | INFO     |   学习率调度器: f1_based
2025-07-27 14:20:02 | INFO     | ------------------------------------------------------------
2025-07-27 14:20:02 | INFO     | Epoch  21 | Train: Loss=0.3161, Acc=0.8656 | Val: Loss=0.4858, Acc=0.8148, F1=0.8148 | LR=0.000100 🏆 [最佳模型]
2025-07-27 14:20:49 | INFO     | Epoch 22:
2025-07-27 14:20:49 | INFO     |   训练指标:
2025-07-27 14:20:49 | INFO     |     损失(ce): 0.304095
2025-07-27 14:20:49 | INFO     |     准确率: 0.873874
2025-07-27 14:20:49 | INFO     |     学习率: 0.00010000
2025-07-27 14:20:49 | INFO     |   验证指标(标准CE):
2025-07-27 14:20:49 | INFO     |     损失: 0.456832
2025-07-27 14:20:49 | INFO     |     准确率: 0.832833
2025-07-27 14:20:49 | INFO     |     F1(macro): 0.831978
2025-07-27 14:20:49 | INFO     |     F1(weighted): 0.835033
2025-07-27 14:20:49 | INFO     |     精确率: 0.837208
2025-07-27 14:20:49 | INFO     |     召回率: 0.829657
2025-07-27 14:20:49 | INFO     |   学习率调度器: f1_based
2025-07-27 14:20:49 | INFO     | ------------------------------------------------------------
2025-07-27 14:20:49 | INFO     | Epoch  22 | Train: Loss=0.3041, Acc=0.8739 | Val: Loss=0.4568, Acc=0.8328, F1=0.8350 | LR=0.000100 🏆 [最佳模型]
2025-07-27 14:21:37 | INFO     | Epoch 23:
2025-07-27 14:21:37 | INFO     |   训练指标:
2025-07-27 14:21:37 | INFO     |     损失(ce): 0.296271
2025-07-27 14:21:37 | INFO     |     准确率: 0.874625
2025-07-27 14:21:37 | INFO     |     学习率: 0.00010000
2025-07-27 14:21:37 | INFO     |   验证指标(标准CE):
2025-07-27 14:21:37 | INFO     |     损失: 0.560609
2025-07-27 14:21:37 | INFO     |     准确率: 0.818819
2025-07-27 14:21:37 | INFO     |     F1(macro): 0.818357
2025-07-27 14:21:37 | INFO     |     F1(weighted): 0.820273
2025-07-27 14:21:37 | INFO     |     精确率: 0.825204
2025-07-27 14:21:37 | INFO     |     召回率: 0.817898
2025-07-27 14:21:37 | INFO     |   学习率调度器: f1_based
2025-07-27 14:21:37 | INFO     | ------------------------------------------------------------
2025-07-27 14:21:37 | INFO     | Epoch  23 | Train: Loss=0.2963, Acc=0.8746 | Val: Loss=0.5606, Acc=0.8188, F1=0.8203 | LR=0.000100 
2025-07-27 14:22:25 | INFO     | Epoch 24:
2025-07-27 14:22:25 | INFO     |   训练指标:
2025-07-27 14:22:25 | INFO     |     损失(ce): 0.295414
2025-07-27 14:22:25 | INFO     |     准确率: 0.875626
2025-07-27 14:22:25 | INFO     |     学习率: 0.00010000
2025-07-27 14:22:25 | INFO     |   验证指标(标准CE):
2025-07-27 14:22:25 | INFO     |     损失: 0.502441
2025-07-27 14:22:25 | INFO     |     准确率: 0.829830
2025-07-27 14:22:25 | INFO     |     F1(macro): 0.826698
2025-07-27 14:22:25 | INFO     |     F1(weighted): 0.830269
2025-07-27 14:22:25 | INFO     |     精确率: 0.828351
2025-07-27 14:22:25 | INFO     |     召回率: 0.826922
2025-07-27 14:22:25 | INFO     |   学习率调度器: f1_based
2025-07-27 14:22:25 | INFO     | ------------------------------------------------------------
2025-07-27 14:22:25 | INFO     | Epoch  24 | Train: Loss=0.2954, Acc=0.8756 | Val: Loss=0.5024, Acc=0.8298, F1=0.8303 | LR=0.000100 
2025-07-27 14:23:12 | INFO     | Epoch 25:
2025-07-27 14:23:12 | INFO     |   训练指标:
2025-07-27 14:23:12 | INFO     |     损失(ce): 0.280789
2025-07-27 14:23:12 | INFO     |     准确率: 0.876627
2025-07-27 14:23:12 | INFO     |     学习率: 0.00010000
2025-07-27 14:23:12 | INFO     |   验证指标(标准CE):
2025-07-27 14:23:12 | INFO     |     损失: 0.472688
2025-07-27 14:23:12 | INFO     |     准确率: 0.832833
2025-07-27 14:23:12 | INFO     |     F1(macro): 0.833342
2025-07-27 14:23:12 | INFO     |     F1(weighted): 0.834962
2025-07-27 14:23:12 | INFO     |     精确率: 0.838086
2025-07-27 14:23:12 | INFO     |     召回率: 0.831087
2025-07-27 14:23:12 | INFO     |   学习率调度器: f1_based
2025-07-27 14:23:12 | INFO     | ------------------------------------------------------------
2025-07-27 14:23:12 | INFO     | Epoch  25 | Train: Loss=0.2808, Acc=0.8766 | Val: Loss=0.4727, Acc=0.8328, F1=0.8350 | LR=0.000100 
2025-07-27 14:24:00 | INFO     | Epoch 26:
2025-07-27 14:24:00 | INFO     |   训练指标:
2025-07-27 14:24:00 | INFO     |     损失(ce): 0.271459
2025-07-27 14:24:00 | INFO     |     准确率: 0.888889
2025-07-27 14:24:00 | INFO     |     学习率: 0.00010000
2025-07-27 14:24:00 | INFO     |   验证指标(标准CE):
2025-07-27 14:24:00 | INFO     |     损失: 0.516264
2025-07-27 14:24:00 | INFO     |     准确率: 0.835836
2025-07-27 14:24:00 | INFO     |     F1(macro): 0.832878
2025-07-27 14:24:00 | INFO     |     F1(weighted): 0.834041
2025-07-27 14:24:00 | INFO     |     精确率: 0.844043
2025-07-27 14:24:00 | INFO     |     召回率: 0.835967
2025-07-27 14:24:00 | INFO     |   学习率调度器: f1_based
2025-07-27 14:24:00 | INFO     | ------------------------------------------------------------
2025-07-27 14:24:00 | INFO     | Epoch  26 | Train: Loss=0.2715, Acc=0.8889 | Val: Loss=0.5163, Acc=0.8358, F1=0.8340 | LR=0.000100 
2025-07-27 14:24:47 | INFO     | Epoch 27:
2025-07-27 14:24:47 | INFO     |   训练指标:
2025-07-27 14:24:47 | INFO     |     损失(ce): 0.266958
2025-07-27 14:24:47 | INFO     |     准确率: 0.884384
2025-07-27 14:24:47 | INFO     |     学习率: 0.00010000
2025-07-27 14:24:47 | INFO     |   验证指标(标准CE):
2025-07-27 14:24:47 | INFO     |     损失: 0.450585
2025-07-27 14:24:47 | INFO     |     准确率: 0.844845
2025-07-27 14:24:47 | INFO     |     F1(macro): 0.844258
2025-07-27 14:24:47 | INFO     |     F1(weighted): 0.845728
2025-07-27 14:24:47 | INFO     |     精确率: 0.846782
2025-07-27 14:24:47 | INFO     |     召回率: 0.842950
2025-07-27 14:24:47 | INFO     |   学习率调度器: f1_based
2025-07-27 14:24:47 | INFO     | ------------------------------------------------------------
2025-07-27 14:24:47 | INFO     | Epoch  27 | Train: Loss=0.2670, Acc=0.8844 | Val: Loss=0.4506, Acc=0.8448, F1=0.8457 | LR=0.000100 🏆 [最佳模型]
2025-07-27 14:25:35 | INFO     | Epoch 28:
2025-07-27 14:25:35 | INFO     |   训练指标:
2025-07-27 14:25:35 | INFO     |     损失(ce): 0.244170
2025-07-27 14:25:35 | INFO     |     准确率: 0.891141
2025-07-27 14:25:35 | INFO     |     学习率: 0.00010000
2025-07-27 14:25:35 | INFO     |   验证指标(标准CE):
2025-07-27 14:25:35 | INFO     |     损失: 0.552288
2025-07-27 14:25:35 | INFO     |     准确率: 0.830831
2025-07-27 14:25:35 | INFO     |     F1(macro): 0.829233
2025-07-27 14:25:35 | INFO     |     F1(weighted): 0.831698
2025-07-27 14:25:35 | INFO     |     精确率: 0.835725
2025-07-27 14:25:35 | INFO     |     召回率: 0.828077
2025-07-27 14:25:35 | INFO     |   学习率调度器: f1_based
2025-07-27 14:25:35 | INFO     | ------------------------------------------------------------
2025-07-27 14:25:35 | INFO     | Epoch  28 | Train: Loss=0.2442, Acc=0.8911 | Val: Loss=0.5523, Acc=0.8308, F1=0.8317 | LR=0.000100 
2025-07-27 14:26:22 | INFO     | Epoch 29:
2025-07-27 14:26:22 | INFO     |   训练指标:
2025-07-27 14:26:22 | INFO     |     损失(ce): 0.263090
2025-07-27 14:26:22 | INFO     |     准确率: 0.891892
2025-07-27 14:26:22 | INFO     |     学习率: 0.00010000
2025-07-27 14:26:22 | INFO     |   验证指标(标准CE):
2025-07-27 14:26:22 | INFO     |     损失: 0.497029
2025-07-27 14:26:22 | INFO     |     准确率: 0.839840
2025-07-27 14:26:22 | INFO     |     F1(macro): 0.836677
2025-07-27 14:26:22 | INFO     |     F1(weighted): 0.838775
2025-07-27 14:26:22 | INFO     |     精确率: 0.836820
2025-07-27 14:26:22 | INFO     |     召回率: 0.838204
2025-07-27 14:26:22 | INFO     |   学习率调度器: f1_based
2025-07-27 14:26:22 | INFO     | ------------------------------------------------------------
2025-07-27 14:26:22 | INFO     | Epoch  29 | Train: Loss=0.2631, Acc=0.8919 | Val: Loss=0.4970, Acc=0.8398, F1=0.8388 | LR=0.000100 
2025-07-27 14:27:10 | INFO     | Epoch 30:
2025-07-27 14:27:10 | INFO     |   训练指标:
2025-07-27 14:27:10 | INFO     |     损失(ce): 0.258963
2025-07-27 14:27:10 | INFO     |     准确率: 0.888388
2025-07-27 14:27:10 | INFO     |     学习率: 0.00010000
2025-07-27 14:27:10 | INFO     |   验证指标(标准CE):
2025-07-27 14:27:10 | INFO     |     损失: 0.481558
2025-07-27 14:27:10 | INFO     |     准确率: 0.846847
2025-07-27 14:27:10 | INFO     |     F1(macro): 0.843735
2025-07-27 14:27:10 | INFO     |     F1(weighted): 0.844863
2025-07-27 14:27:10 | INFO     |     精确率: 0.842848
2025-07-27 14:27:10 | INFO     |     召回率: 0.846777
2025-07-27 14:27:10 | INFO     |   学习率调度器: f1_based
2025-07-27 14:27:10 | INFO     | ------------------------------------------------------------
2025-07-27 14:27:10 | INFO     | Epoch  30 | Train: Loss=0.2590, Acc=0.8884 | Val: Loss=0.4816, Acc=0.8468, F1=0.8449 | LR=0.000100 
2025-07-27 14:27:57 | INFO     | Epoch 31:
2025-07-27 14:27:57 | INFO     |   训练指标:
2025-07-27 14:27:57 | INFO     |     损失(ce): 0.247215
2025-07-27 14:27:57 | INFO     |     准确率: 0.892643
2025-07-27 14:27:57 | INFO     |     学习率: 0.00010000
2025-07-27 14:27:57 | INFO     |   验证指标(标准CE):
2025-07-27 14:27:57 | INFO     |     损失: 0.490535
2025-07-27 14:27:57 | INFO     |     准确率: 0.851852
2025-07-27 14:27:57 | INFO     |     F1(macro): 0.849152
2025-07-27 14:27:57 | INFO     |     F1(weighted): 0.849857
2025-07-27 14:27:57 | INFO     |     精确率: 0.853270
2025-07-27 14:27:57 | INFO     |     召回率: 0.851528
2025-07-27 14:27:57 | INFO     |   学习率调度器: f1_based
2025-07-27 14:27:57 | INFO     | ------------------------------------------------------------
2025-07-27 14:27:57 | INFO     | Epoch  31 | Train: Loss=0.2472, Acc=0.8926 | Val: Loss=0.4905, Acc=0.8519, F1=0.8499 | LR=0.000100 🏆 [最佳模型]
2025-07-27 14:28:45 | INFO     | Epoch 32:
2025-07-27 14:28:45 | INFO     |   训练指标:
2025-07-27 14:28:45 | INFO     |     损失(ce): 0.244083
2025-07-27 14:28:45 | INFO     |     准确率: 0.894895
2025-07-27 14:28:45 | INFO     |     学习率: 0.00010000
2025-07-27 14:28:45 | INFO     |   验证指标(标准CE):
2025-07-27 14:28:45 | INFO     |     损失: 0.462673
2025-07-27 14:28:45 | INFO     |     准确率: 0.839840
2025-07-27 14:28:45 | INFO     |     F1(macro): 0.837927
2025-07-27 14:28:45 | INFO     |     F1(weighted): 0.841212
2025-07-27 14:28:45 | INFO     |     精确率: 0.840028
2025-07-27 14:28:45 | INFO     |     召回率: 0.838558
2025-07-27 14:28:45 | INFO     |   学习率调度器: f1_based
2025-07-27 14:28:45 | INFO     | ------------------------------------------------------------
2025-07-27 14:28:45 | INFO     | Epoch  32 | Train: Loss=0.2441, Acc=0.8949 | Val: Loss=0.4627, Acc=0.8398, F1=0.8412 | LR=0.000100 
2025-07-27 14:29:32 | INFO     | Epoch 33:
2025-07-27 14:29:32 | INFO     |   训练指标:
2025-07-27 14:29:32 | INFO     |     损失(ce): 0.240620
2025-07-27 14:29:32 | INFO     |     准确率: 0.897147
2025-07-27 14:29:32 | INFO     |     学习率: 0.00010000
2025-07-27 14:29:32 | INFO     |   验证指标(标准CE):
2025-07-27 14:29:32 | INFO     |     损失: 0.533467
2025-07-27 14:29:32 | INFO     |     准确率: 0.831832
2025-07-27 14:29:32 | INFO     |     F1(macro): 0.828377
2025-07-27 14:29:32 | INFO     |     F1(weighted): 0.831193
2025-07-27 14:29:32 | INFO     |     精确率: 0.833999
2025-07-27 14:29:32 | INFO     |     召回率: 0.828851
2025-07-27 14:29:32 | INFO     |   学习率调度器: f1_based
2025-07-27 14:29:32 | INFO     | ------------------------------------------------------------
2025-07-27 14:29:32 | INFO     | Epoch  33 | Train: Loss=0.2406, Acc=0.8971 | Val: Loss=0.5335, Acc=0.8318, F1=0.8312 | LR=0.000100 
2025-07-27 14:30:20 | INFO     | Epoch 34:
2025-07-27 14:30:20 | INFO     |   训练指标:
2025-07-27 14:30:20 | INFO     |     损失(ce): 0.233598
2025-07-27 14:30:20 | INFO     |     准确率: 0.897147
2025-07-27 14:30:20 | INFO     |     学习率: 0.00010000
2025-07-27 14:30:20 | INFO     |   验证指标(标准CE):
2025-07-27 14:30:20 | INFO     |     损失: 0.514719
2025-07-27 14:30:20 | INFO     |     准确率: 0.848849
2025-07-27 14:30:20 | INFO     |     F1(macro): 0.842975
2025-07-27 14:30:20 | INFO     |     F1(weighted): 0.844991
2025-07-27 14:30:20 | INFO     |     精确率: 0.847135
2025-07-27 14:30:20 | INFO     |     召回率: 0.846016
2025-07-27 14:30:20 | INFO     |   学习率调度器: f1_based
2025-07-27 14:30:20 | INFO     | ------------------------------------------------------------
2025-07-27 14:30:20 | INFO     | Epoch  34 | Train: Loss=0.2336, Acc=0.8971 | Val: Loss=0.5147, Acc=0.8488, F1=0.8450 | LR=0.000100 
2025-07-27 14:31:07 | INFO     | Epoch 35:
2025-07-27 14:31:07 | INFO     |   训练指标:
2025-07-27 14:31:07 | INFO     |     损失(ce): 0.230946
2025-07-27 14:31:07 | INFO     |     准确率: 0.900901
2025-07-27 14:31:07 | INFO     |     学习率: 0.00010000
2025-07-27 14:31:07 | INFO     |   验证指标(标准CE):
2025-07-27 14:31:07 | INFO     |     损失: 0.598534
2025-07-27 14:31:07 | INFO     |     准确率: 0.825826
2025-07-27 14:31:07 | INFO     |     F1(macro): 0.821562
2025-07-27 14:31:07 | INFO     |     F1(weighted): 0.823132
2025-07-27 14:31:07 | INFO     |     精确率: 0.824335
2025-07-27 14:31:07 | INFO     |     召回率: 0.826860
2025-07-27 14:31:07 | INFO     |   学习率调度器: f1_based
2025-07-27 14:31:07 | INFO     | ------------------------------------------------------------
2025-07-27 14:31:07 | INFO     | Epoch  35 | Train: Loss=0.2309, Acc=0.9009 | Val: Loss=0.5985, Acc=0.8258, F1=0.8231 | LR=0.000100 
2025-07-27 14:31:55 | INFO     | Epoch 36:
2025-07-27 14:31:55 | INFO     |   训练指标:
2025-07-27 14:31:55 | INFO     |     损失(ce): 0.232475
2025-07-27 14:31:55 | INFO     |     准确率: 0.897147
2025-07-27 14:31:55 | INFO     |     学习率: 0.00010000
2025-07-27 14:31:55 | INFO     |   验证指标(标准CE):
2025-07-27 14:31:55 | INFO     |     损失: 0.523004
2025-07-27 14:31:55 | INFO     |     准确率: 0.830831
2025-07-27 14:31:55 | INFO     |     F1(macro): 0.828430
2025-07-27 14:31:55 | INFO     |     F1(weighted): 0.831509
2025-07-27 14:31:55 | INFO     |     精确率: 0.836258
2025-07-27 14:31:55 | INFO     |     召回率: 0.830900
2025-07-27 14:31:55 | INFO     |   学习率调度器: f1_based
2025-07-27 14:31:55 | INFO     | ------------------------------------------------------------
2025-07-27 14:31:55 | INFO     | Epoch  36 | Train: Loss=0.2325, Acc=0.8971 | Val: Loss=0.5230, Acc=0.8308, F1=0.8315 | LR=0.000100 
2025-07-27 14:32:42 | INFO     | Epoch 37:
2025-07-27 14:32:42 | INFO     |   训练指标:
2025-07-27 14:32:42 | INFO     |     损失(ce): 0.215896
2025-07-27 14:32:42 | INFO     |     准确率: 0.904905
2025-07-27 14:32:42 | INFO     |     学习率: 0.00010000
2025-07-27 14:32:42 | INFO     |   验证指标(标准CE):
2025-07-27 14:32:42 | INFO     |     损失: 0.478166
2025-07-27 14:32:42 | INFO     |     准确率: 0.845846
2025-07-27 14:32:42 | INFO     |     F1(macro): 0.840720
2025-07-27 14:32:42 | INFO     |     F1(weighted): 0.843347
2025-07-27 14:32:42 | INFO     |     精确率: 0.839362
2025-07-27 14:32:42 | INFO     |     召回率: 0.843903
2025-07-27 14:32:42 | INFO     |   学习率调度器: f1_based
2025-07-27 14:32:42 | INFO     | ------------------------------------------------------------
2025-07-27 14:32:42 | INFO     | 🎯 学习率调整事件:
2025-07-27 14:32:42 | INFO     |   调度器类型: f1_based
2025-07-27 14:32:42 | INFO     |   学习率变化: 0.00010000 → 0.00005000
2025-07-27 14:32:42 | INFO     |   触发条件: F1分数 = 0.843347
2025-07-27 14:32:42 | INFO     |   变化幅度: -50.00%
2025-07-27 14:32:42 | INFO     | ------------------------------------------------------------
2025-07-27 14:32:42 | INFO     | Epoch  37 | Train: Loss=0.2159, Acc=0.9049 | Val: Loss=0.4782, Acc=0.8458, F1=0.8433 | LR=0.000050 
2025-07-27 14:33:29 | INFO     | Epoch 38:
2025-07-27 14:33:29 | INFO     |   训练指标:
2025-07-27 14:33:29 | INFO     |     损失(ce): 0.173910
2025-07-27 14:33:29 | INFO     |     准确率: 0.923924
2025-07-27 14:33:29 | INFO     |     学习率: 0.00005000
2025-07-27 14:33:29 | INFO     |   验证指标(标准CE):
2025-07-27 14:33:29 | INFO     |     损失: 0.510039
2025-07-27 14:33:29 | INFO     |     准确率: 0.852853
2025-07-27 14:33:29 | INFO     |     F1(macro): 0.849001
2025-07-27 14:33:29 | INFO     |     F1(weighted): 0.850885
2025-07-27 14:33:29 | INFO     |     精确率: 0.849765
2025-07-27 14:33:29 | INFO     |     召回率: 0.850581
2025-07-27 14:33:29 | INFO     |   学习率调度器: f1_based
2025-07-27 14:33:29 | INFO     | ------------------------------------------------------------
2025-07-27 14:33:29 | INFO     | Epoch  38 | Train: Loss=0.1739, Acc=0.9239 | Val: Loss=0.5100, Acc=0.8529, F1=0.8509 | LR=0.000050 🏆 [最佳模型]
2025-07-27 14:34:17 | INFO     | Epoch 39:
2025-07-27 14:34:17 | INFO     |   训练指标:
2025-07-27 14:34:17 | INFO     |     损失(ce): 0.148584
2025-07-27 14:34:17 | INFO     |     准确率: 0.930180
2025-07-27 14:34:17 | INFO     |     学习率: 0.00005000
2025-07-27 14:34:17 | INFO     |   验证指标(标准CE):
2025-07-27 14:34:17 | INFO     |     损失: 0.537735
2025-07-27 14:34:17 | INFO     |     准确率: 0.842843
2025-07-27 14:34:17 | INFO     |     F1(macro): 0.839543
2025-07-27 14:34:17 | INFO     |     F1(weighted): 0.841152
2025-07-27 14:34:17 | INFO     |     精确率: 0.840611
2025-07-27 14:34:17 | INFO     |     召回率: 0.844162
2025-07-27 14:34:17 | INFO     |   学习率调度器: f1_based
2025-07-27 14:34:17 | INFO     | ------------------------------------------------------------
2025-07-27 14:34:17 | INFO     | Epoch  39 | Train: Loss=0.1486, Acc=0.9302 | Val: Loss=0.5377, Acc=0.8428, F1=0.8412 | LR=0.000050 
2025-07-27 14:35:05 | INFO     | Epoch 40:
2025-07-27 14:35:05 | INFO     |   训练指标:
2025-07-27 14:35:05 | INFO     |     损失(ce): 0.153562
2025-07-27 14:35:05 | INFO     |     准确率: 0.921922
2025-07-27 14:35:05 | INFO     |     学习率: 0.00005000
2025-07-27 14:35:05 | INFO     |   验证指标(标准CE):
2025-07-27 14:35:05 | INFO     |     损失: 0.591836
2025-07-27 14:35:05 | INFO     |     准确率: 0.839840
2025-07-27 14:35:05 | INFO     |     F1(macro): 0.835840
2025-07-27 14:35:05 | INFO     |     F1(weighted): 0.838244
2025-07-27 14:35:05 | INFO     |     精确率: 0.837039
2025-07-27 14:35:05 | INFO     |     召回率: 0.840082
2025-07-27 14:35:05 | INFO     |   学习率调度器: f1_based
2025-07-27 14:35:05 | INFO     | ------------------------------------------------------------
2025-07-27 14:35:05 | INFO     | Epoch  40 | Train: Loss=0.1536, Acc=0.9219 | Val: Loss=0.5918, Acc=0.8398, F1=0.8382 | LR=0.000050 
2025-07-27 14:35:52 | INFO     | Epoch 41:
2025-07-27 14:35:52 | INFO     |   训练指标:
2025-07-27 14:35:52 | INFO     |     损失(ce): 0.152017
2025-07-27 14:35:52 | INFO     |     准确率: 0.931431
2025-07-27 14:35:52 | INFO     |     学习率: 0.00005000
2025-07-27 14:35:52 | INFO     |   验证指标(标准CE):
2025-07-27 14:35:52 | INFO     |     损失: 0.517397
2025-07-27 14:35:52 | INFO     |     准确率: 0.853854
2025-07-27 14:35:52 | INFO     |     F1(macro): 0.852233
2025-07-27 14:35:52 | INFO     |     F1(weighted): 0.853550
2025-07-27 14:35:52 | INFO     |     精确率: 0.853331
2025-07-27 14:35:52 | INFO     |     召回率: 0.852026
2025-07-27 14:35:52 | INFO     |   学习率调度器: f1_based
2025-07-27 14:35:52 | INFO     | ------------------------------------------------------------
2025-07-27 14:35:52 | INFO     | Epoch  41 | Train: Loss=0.1520, Acc=0.9314 | Val: Loss=0.5174, Acc=0.8539, F1=0.8536 | LR=0.000050 🏆 [最佳模型]
2025-07-27 14:36:40 | INFO     | Epoch 42:
2025-07-27 14:36:40 | INFO     |   训练指标:
2025-07-27 14:36:40 | INFO     |     损失(ce): 0.144377
2025-07-27 14:36:40 | INFO     |     准确率: 0.929680
2025-07-27 14:36:40 | INFO     |     学习率: 0.00005000
2025-07-27 14:36:40 | INFO     |   验证指标(标准CE):
2025-07-27 14:36:40 | INFO     |     损失: 0.591030
2025-07-27 14:36:40 | INFO     |     准确率: 0.847848
2025-07-27 14:36:40 | INFO     |     F1(macro): 0.847378
2025-07-27 14:36:40 | INFO     |     F1(weighted): 0.848847
2025-07-27 14:36:40 | INFO     |     精确率: 0.852843
2025-07-27 14:36:40 | INFO     |     召回率: 0.847193
2025-07-27 14:36:40 | INFO     |   学习率调度器: f1_based
2025-07-27 14:36:40 | INFO     | ------------------------------------------------------------
2025-07-27 14:36:40 | INFO     | Epoch  42 | Train: Loss=0.1444, Acc=0.9297 | Val: Loss=0.5910, Acc=0.8478, F1=0.8488 | LR=0.000050 
2025-07-27 14:37:27 | INFO     | Epoch 43:
2025-07-27 14:37:27 | INFO     |   训练指标:
2025-07-27 14:37:27 | INFO     |     损失(ce): 0.151761
2025-07-27 14:37:27 | INFO     |     准确率: 0.928679
2025-07-27 14:37:27 | INFO     |     学习率: 0.00005000
2025-07-27 14:37:27 | INFO     |   验证指标(标准CE):
2025-07-27 14:37:27 | INFO     |     损失: 0.552860
2025-07-27 14:37:27 | INFO     |     准确率: 0.841842
2025-07-27 14:37:27 | INFO     |     F1(macro): 0.839877
2025-07-27 14:37:27 | INFO     |     F1(weighted): 0.842444
2025-07-27 14:37:27 | INFO     |     精确率: 0.841137
2025-07-27 14:37:27 | INFO     |     召回率: 0.841057
2025-07-27 14:37:27 | INFO     |   学习率调度器: f1_based
2025-07-27 14:37:27 | INFO     | ------------------------------------------------------------
2025-07-27 14:37:27 | INFO     | Epoch  43 | Train: Loss=0.1518, Acc=0.9287 | Val: Loss=0.5529, Acc=0.8418, F1=0.8424 | LR=0.000050 
2025-07-27 14:38:15 | INFO     | Epoch 44:
2025-07-27 14:38:15 | INFO     |   训练指标:
2025-07-27 14:38:15 | INFO     |     损失(ce): 0.147498
2025-07-27 14:38:15 | INFO     |     准确率: 0.931932
2025-07-27 14:38:15 | INFO     |     学习率: 0.00005000
2025-07-27 14:38:15 | INFO     |   验证指标(标准CE):
2025-07-27 14:38:15 | INFO     |     损失: 0.563591
2025-07-27 14:38:15 | INFO     |     准确率: 0.840841
2025-07-27 14:38:15 | INFO     |     F1(macro): 0.837513
2025-07-27 14:38:15 | INFO     |     F1(weighted): 0.838240
2025-07-27 14:38:15 | INFO     |     精确率: 0.840344
2025-07-27 14:38:15 | INFO     |     召回率: 0.841418
2025-07-27 14:38:15 | INFO     |   学习率调度器: f1_based
2025-07-27 14:38:15 | INFO     | ------------------------------------------------------------
2025-07-27 14:38:15 | INFO     | Epoch  44 | Train: Loss=0.1475, Acc=0.9319 | Val: Loss=0.5636, Acc=0.8408, F1=0.8382 | LR=0.000050 
2025-07-27 14:39:02 | INFO     | Epoch 45:
2025-07-27 14:39:02 | INFO     |   训练指标:
2025-07-27 14:39:02 | INFO     |     损失(ce): 0.139766
2025-07-27 14:39:02 | INFO     |     准确率: 0.936186
2025-07-27 14:39:02 | INFO     |     学习率: 0.00005000
2025-07-27 14:39:02 | INFO     |   验证指标(标准CE):
2025-07-27 14:39:02 | INFO     |     损失: 0.588850
2025-07-27 14:39:02 | INFO     |     准确率: 0.847848
2025-07-27 14:39:02 | INFO     |     F1(macro): 0.847297
2025-07-27 14:39:02 | INFO     |     F1(weighted): 0.848947
2025-07-27 14:39:02 | INFO     |     精确率: 0.850251
2025-07-27 14:39:02 | INFO     |     召回率: 0.848888
2025-07-27 14:39:02 | INFO     |   学习率调度器: f1_based
2025-07-27 14:39:02 | INFO     | ------------------------------------------------------------
2025-07-27 14:39:02 | INFO     | Epoch  45 | Train: Loss=0.1398, Acc=0.9362 | Val: Loss=0.5889, Acc=0.8478, F1=0.8489 | LR=0.000050 
2025-07-27 14:39:49 | INFO     | Epoch 46:
2025-07-27 14:39:49 | INFO     |   训练指标:
2025-07-27 14:39:49 | INFO     |     损失(ce): 0.145643
2025-07-27 14:39:49 | INFO     |     准确率: 0.929179
2025-07-27 14:39:49 | INFO     |     学习率: 0.00005000
2025-07-27 14:39:49 | INFO     |   验证指标(标准CE):
2025-07-27 14:39:49 | INFO     |     损失: 0.660638
2025-07-27 14:39:49 | INFO     |     准确率: 0.842843
2025-07-27 14:39:49 | INFO     |     F1(macro): 0.841782
2025-07-27 14:39:49 | INFO     |     F1(weighted): 0.842950
2025-07-27 14:39:49 | INFO     |     精确率: 0.847096
2025-07-27 14:39:49 | INFO     |     召回率: 0.840899
2025-07-27 14:39:49 | INFO     |   学习率调度器: f1_based
2025-07-27 14:39:49 | INFO     | ------------------------------------------------------------
2025-07-27 14:39:49 | INFO     | Epoch  46 | Train: Loss=0.1456, Acc=0.9292 | Val: Loss=0.6606, Acc=0.8428, F1=0.8429 | LR=0.000050 
2025-07-27 14:40:37 | INFO     | Epoch 47:
2025-07-27 14:40:37 | INFO     |   训练指标:
2025-07-27 14:40:37 | INFO     |     损失(ce): 0.144329
2025-07-27 14:40:37 | INFO     |     准确率: 0.933183
2025-07-27 14:40:37 | INFO     |     学习率: 0.00005000
2025-07-27 14:40:37 | INFO     |   验证指标(标准CE):
2025-07-27 14:40:37 | INFO     |     损失: 0.574021
2025-07-27 14:40:37 | INFO     |     准确率: 0.850851
2025-07-27 14:40:37 | INFO     |     F1(macro): 0.849725
2025-07-27 14:40:37 | INFO     |     F1(weighted): 0.852170
2025-07-27 14:40:37 | INFO     |     精确率: 0.853063
2025-07-27 14:40:37 | INFO     |     召回率: 0.849400
2025-07-27 14:40:37 | INFO     |   学习率调度器: f1_based
2025-07-27 14:40:37 | INFO     | ------------------------------------------------------------
2025-07-27 14:40:37 | INFO     | 🎯 学习率调整事件:
2025-07-27 14:40:37 | INFO     |   调度器类型: f1_based
2025-07-27 14:40:37 | INFO     |   学习率变化: 0.00005000 → 0.00002500
2025-07-27 14:40:37 | INFO     |   触发条件: F1分数 = 0.852170
2025-07-27 14:40:37 | INFO     |   变化幅度: -50.00%
2025-07-27 14:40:37 | INFO     | ------------------------------------------------------------
2025-07-27 14:40:37 | INFO     | Epoch  47 | Train: Loss=0.1443, Acc=0.9332 | Val: Loss=0.5740, Acc=0.8509, F1=0.8522 | LR=0.000025 
2025-07-27 14:41:24 | INFO     | Epoch 48:
2025-07-27 14:41:24 | INFO     |   训练指标:
2025-07-27 14:41:24 | INFO     |     损失(ce): 0.123504
2025-07-27 14:41:24 | INFO     |     准确率: 0.934685
2025-07-27 14:41:24 | INFO     |     学习率: 0.00002500
2025-07-27 14:41:24 | INFO     |   验证指标(标准CE):
2025-07-27 14:41:24 | INFO     |     损失: 0.606200
2025-07-27 14:41:24 | INFO     |     准确率: 0.840841
2025-07-27 14:41:24 | INFO     |     F1(macro): 0.839180
2025-07-27 14:41:24 | INFO     |     F1(weighted): 0.840485
2025-07-27 14:41:24 | INFO     |     精确率: 0.841644
2025-07-27 14:41:24 | INFO     |     召回率: 0.842205
2025-07-27 14:41:24 | INFO     |   学习率调度器: f1_based
2025-07-27 14:41:24 | INFO     | ------------------------------------------------------------
2025-07-27 14:41:24 | INFO     | Epoch  48 | Train: Loss=0.1235, Acc=0.9347 | Val: Loss=0.6062, Acc=0.8408, F1=0.8405 | LR=0.000025 
2025-07-27 14:42:12 | INFO     | Epoch 49:
2025-07-27 14:42:12 | INFO     |   训练指标:
2025-07-27 14:42:12 | INFO     |     损失(ce): 0.111971
2025-07-27 14:42:12 | INFO     |     准确率: 0.944695
2025-07-27 14:42:12 | INFO     |     学习率: 0.00002500
2025-07-27 14:42:12 | INFO     |   验证指标(标准CE):
2025-07-27 14:42:12 | INFO     |     损失: 0.568639
2025-07-27 14:42:12 | INFO     |     准确率: 0.848849
2025-07-27 14:42:12 | INFO     |     F1(macro): 0.847795
2025-07-27 14:42:12 | INFO     |     F1(weighted): 0.849499
2025-07-27 14:42:12 | INFO     |     精确率: 0.849426
2025-07-27 14:42:12 | INFO     |     召回率: 0.847000
2025-07-27 14:42:12 | INFO     |   学习率调度器: f1_based
2025-07-27 14:42:12 | INFO     | ------------------------------------------------------------
2025-07-27 14:42:12 | INFO     | Epoch  49 | Train: Loss=0.1120, Acc=0.9447 | Val: Loss=0.5686, Acc=0.8488, F1=0.8495 | LR=0.000025 
2025-07-27 14:42:59 | INFO     | Epoch 50:
2025-07-27 14:42:59 | INFO     |   训练指标:
2025-07-27 14:42:59 | INFO     |     损失(ce): 0.114674
2025-07-27 14:42:59 | INFO     |     准确率: 0.944945
2025-07-27 14:42:59 | INFO     |     学习率: 0.00002500
2025-07-27 14:42:59 | INFO     |   验证指标(标准CE):
2025-07-27 14:42:59 | INFO     |     损失: 0.588658
2025-07-27 14:42:59 | INFO     |     准确率: 0.840841
2025-07-27 14:42:59 | INFO     |     F1(macro): 0.841048
2025-07-27 14:42:59 | INFO     |     F1(weighted): 0.842757
2025-07-27 14:42:59 | INFO     |     精确率: 0.844555
2025-07-27 14:42:59 | INFO     |     召回率: 0.840320
2025-07-27 14:42:59 | INFO     |   学习率调度器: f1_based
2025-07-27 14:42:59 | INFO     | ------------------------------------------------------------
2025-07-27 14:42:59 | INFO     | Epoch  50 | Train: Loss=0.1147, Acc=0.9449 | Val: Loss=0.5887, Acc=0.8408, F1=0.8428 | LR=0.000025 
2025-07-27 14:43:46 | INFO     | Epoch 51:
2025-07-27 14:43:46 | INFO     |   训练指标:
2025-07-27 14:43:46 | INFO     |     损失(ce): 0.110445
2025-07-27 14:43:46 | INFO     |     准确率: 0.943443
2025-07-27 14:43:46 | INFO     |     学习率: 0.00002500
2025-07-27 14:43:46 | INFO     |   验证指标(标准CE):
2025-07-27 14:43:46 | INFO     |     损失: 0.623408
2025-07-27 14:43:46 | INFO     |     准确率: 0.845846
2025-07-27 14:43:46 | INFO     |     F1(macro): 0.844416
2025-07-27 14:43:46 | INFO     |     F1(weighted): 0.845793
2025-07-27 14:43:46 | INFO     |     精确率: 0.844975
2025-07-27 14:43:46 | INFO     |     召回率: 0.844855
2025-07-27 14:43:46 | INFO     |   学习率调度器: f1_based
2025-07-27 14:43:46 | INFO     | ------------------------------------------------------------
2025-07-27 14:43:46 | INFO     | Epoch  51 | Train: Loss=0.1104, Acc=0.9434 | Val: Loss=0.6234, Acc=0.8458, F1=0.8458 | LR=0.000025 
2025-07-27 14:44:34 | INFO     | Epoch 52:
2025-07-27 14:44:34 | INFO     |   训练指标:
2025-07-27 14:44:34 | INFO     |     损失(ce): 0.114316
2025-07-27 14:44:34 | INFO     |     准确率: 0.948198
2025-07-27 14:44:34 | INFO     |     学习率: 0.00002500
2025-07-27 14:44:34 | INFO     |   验证指标(标准CE):
2025-07-27 14:44:34 | INFO     |     损失: 0.664759
2025-07-27 14:44:34 | INFO     |     准确率: 0.842843
2025-07-27 14:44:34 | INFO     |     F1(macro): 0.839502
2025-07-27 14:44:34 | INFO     |     F1(weighted): 0.842022
2025-07-27 14:44:34 | INFO     |     精确率: 0.839189
2025-07-27 14:44:34 | INFO     |     召回率: 0.842323
2025-07-27 14:44:34 | INFO     |   学习率调度器: f1_based
2025-07-27 14:44:34 | INFO     | ------------------------------------------------------------
2025-07-27 14:44:34 | INFO     | Epoch  52 | Train: Loss=0.1143, Acc=0.9482 | Val: Loss=0.6648, Acc=0.8428, F1=0.8420 | LR=0.000025 
2025-07-27 14:45:21 | INFO     | Epoch 53:
2025-07-27 14:45:21 | INFO     |   训练指标:
2025-07-27 14:45:21 | INFO     |     损失(ce): 0.112169
2025-07-27 14:45:21 | INFO     |     准确率: 0.943944
2025-07-27 14:45:21 | INFO     |     学习率: 0.00002500
2025-07-27 14:45:21 | INFO     |   验证指标(标准CE):
2025-07-27 14:45:21 | INFO     |     损失: 0.627183
2025-07-27 14:45:21 | INFO     |     准确率: 0.837838
2025-07-27 14:45:21 | INFO     |     F1(macro): 0.835878
2025-07-27 14:45:21 | INFO     |     F1(weighted): 0.838198
2025-07-27 14:45:21 | INFO     |     精确率: 0.837073
2025-07-27 14:45:21 | INFO     |     召回率: 0.836299
2025-07-27 14:45:21 | INFO     |   学习率调度器: f1_based
2025-07-27 14:45:21 | INFO     | ------------------------------------------------------------
2025-07-27 14:45:21 | INFO     | Epoch  53 | Train: Loss=0.1122, Acc=0.9439 | Val: Loss=0.6272, Acc=0.8378, F1=0.8382 | LR=0.000025 
2025-07-27 14:46:08 | INFO     | Epoch 54:
2025-07-27 14:46:08 | INFO     |   训练指标:
2025-07-27 14:46:08 | INFO     |     损失(ce): 0.107852
2025-07-27 14:46:08 | INFO     |     准确率: 0.944444
2025-07-27 14:46:08 | INFO     |     学习率: 0.00002500
2025-07-27 14:46:08 | INFO     |   验证指标(标准CE):
2025-07-27 14:46:08 | INFO     |     损失: 0.645390
2025-07-27 14:46:08 | INFO     |     准确率: 0.850851
2025-07-27 14:46:08 | INFO     |     F1(macro): 0.849109
2025-07-27 14:46:08 | INFO     |     F1(weighted): 0.850556
2025-07-27 14:46:08 | INFO     |     精确率: 0.852221
2025-07-27 14:46:08 | INFO     |     召回率: 0.851294
2025-07-27 14:46:08 | INFO     |   学习率调度器: f1_based
2025-07-27 14:46:08 | INFO     | ------------------------------------------------------------
2025-07-27 14:46:08 | INFO     | Epoch  54 | Train: Loss=0.1079, Acc=0.9444 | Val: Loss=0.6454, Acc=0.8509, F1=0.8506 | LR=0.000025 
2025-07-27 14:46:56 | INFO     | Epoch 55:
2025-07-27 14:46:56 | INFO     |   训练指标:
2025-07-27 14:46:56 | INFO     |     损失(ce): 0.105754
2025-07-27 14:46:56 | INFO     |     准确率: 0.948198
2025-07-27 14:46:56 | INFO     |     学习率: 0.00002500
2025-07-27 14:46:56 | INFO     |   验证指标(标准CE):
2025-07-27 14:46:56 | INFO     |     损失: 0.663072
2025-07-27 14:46:56 | INFO     |     准确率: 0.841842
2025-07-27 14:46:56 | INFO     |     F1(macro): 0.842316
2025-07-27 14:46:56 | INFO     |     F1(weighted): 0.843705
2025-07-27 14:46:56 | INFO     |     精确率: 0.847599
2025-07-27 14:46:56 | INFO     |     召回率: 0.841289
2025-07-27 14:46:56 | INFO     |   学习率调度器: f1_based
2025-07-27 14:46:56 | INFO     | ------------------------------------------------------------
2025-07-27 14:46:56 | INFO     | 🎯 学习率调整事件:
2025-07-27 14:46:56 | INFO     |   调度器类型: f1_based
2025-07-27 14:46:56 | INFO     |   学习率变化: 0.00002500 → 0.00001250
2025-07-27 14:46:56 | INFO     |   触发条件: F1分数 = 0.843705
2025-07-27 14:46:56 | INFO     |   变化幅度: -50.00%
2025-07-27 14:46:56 | INFO     | ------------------------------------------------------------
2025-07-27 14:46:56 | INFO     | Epoch  55 | Train: Loss=0.1058, Acc=0.9482 | Val: Loss=0.6631, Acc=0.8418, F1=0.8437 | LR=0.000013 
2025-07-27 14:47:43 | INFO     | Epoch 56:
2025-07-27 14:47:43 | INFO     |   训练指标:
2025-07-27 14:47:43 | INFO     |     损失(ce): 0.097846
2025-07-27 14:47:43 | INFO     |     准确率: 0.949950
2025-07-27 14:47:43 | INFO     |     学习率: 0.00001250
2025-07-27 14:47:43 | INFO     |   验证指标(标准CE):
2025-07-27 14:47:43 | INFO     |     损失: 0.653888
2025-07-27 14:47:43 | INFO     |     准确率: 0.849850
2025-07-27 14:47:43 | INFO     |     F1(macro): 0.847617
2025-07-27 14:47:43 | INFO     |     F1(weighted): 0.849318
2025-07-27 14:47:43 | INFO     |     精确率: 0.847984
2025-07-27 14:47:43 | INFO     |     召回率: 0.850231
2025-07-27 14:47:43 | INFO     |   学习率调度器: f1_based
2025-07-27 14:47:43 | INFO     | ------------------------------------------------------------
2025-07-27 14:47:43 | INFO     | Epoch  56 | Train: Loss=0.0978, Acc=0.9499 | Val: Loss=0.6539, Acc=0.8498, F1=0.8493 | LR=0.000013 
2025-07-27 14:47:43 | INFO     | ⏹️ 早停触发，在第 56 轮停止训练
2025-07-27 14:47:47 | INFO     | 训练历史已保存到: ./result/0727_1401_DualGAF_DualGAFNet_dilated+无统计消融_sl96_step96_fd128_extractor-dilated_gaf-concat_attention-channel_classifier-mlp_ablation-no_stat/training_history.csv
2025-07-27 14:47:47 | INFO     | 
====================================================================================================
2025-07-27 14:47:47 | INFO     | 🎉 训练完成总结:
2025-07-27 14:47:47 | INFO     |   训练损失函数: ce
2025-07-27 14:47:47 | INFO     |   验证损失函数: 标准交叉熵（遵循主流ML规范）
2025-07-27 14:47:47 | INFO     |   训练过程最佳验证准确率: 0.8539
2025-07-27 14:47:47 | INFO     |   训练过程最佳验证F1(macro): 0.8522
2025-07-27 14:47:47 | INFO     |   训练过程最佳验证F1(weighted): 0.8536
2025-07-27 14:47:47 | INFO     |   训练轮数: 56
2025-07-27 14:47:47 | INFO     | --------------------------------------------------
2025-07-27 14:47:47 | INFO     | 📊 最佳模型真实性能指标（基于标准交叉熵损失）:
2025-07-27 14:47:47 | INFO     |   验证损失(标准CE): 0.5166
2025-07-27 14:47:47 | INFO     |   验证准确率: 0.8539
2025-07-27 14:47:47 | INFO     |   验证F1(macro): 0.8522
2025-07-27 14:47:47 | INFO     |   验证F1(weighted): 0.8536
2025-07-27 14:47:47 | INFO     |   验证精确率: 0.8533
2025-07-27 14:47:47 | INFO     |   验证召回率: 0.8520
2025-07-27 14:47:47 | INFO     | ====================================================================================================
2025-07-27 14:47:48 | INFO     | ================================================================================
2025-07-27 14:47:48 | INFO     | 实验日志结束: DualGAF_DualGAFNet_dilated+无统计消融_sl96_step96_fd128_extractor-dilated_gaf-concat_attention-channel_classifier-mlp_ablation-no_stat
2025-07-27 14:47:48 | INFO     | 结束时间: 2025-07-27 14:47:48
2025-07-27 14:47:48 | INFO     | ================================================================================
