2025-07-21 22:28:05 | INFO     | ================================================================================
2025-07-21 22:28:05 | INFO     | 实验日志开始: DualGAF_DualGAFNet_dilated_enhanced_sl96_step96_fd128_extractor-dilated_gaf-adaptive_attention-channel_classifier-mlp_stat-correlation_focused_fusion-concat_ablation-no_diff
2025-07-21 22:28:05 | INFO     | 日志文件: ./result/0721_2228_DualGAF_DualGAFNet_dilated_enhanced_sl96_step96_fd128_extractor-dilated_gaf-adaptive_attention-channel_classifier-mlp_stat-correlation_focused_fusion-concat_ablation-no_diff/training.log
2025-07-21 22:28:05 | INFO     | 开始时间: 2025-07-21 22:28:05
2025-07-21 22:28:05 | INFO     | ================================================================================
2025-07-21 22:28:05 | INFO     | ⚙️ 实验配置:
2025-07-21 22:28:05 | INFO     |    task_name: classification
2025-07-21 22:28:05 | INFO     |    is_training: 1
2025-07-21 22:28:05 | INFO     |    model_id: test
2025-07-21 22:28:05 | INFO     |    model: DualGAFNet
2025-07-21 22:28:05 | INFO     |    data: DualGAF
2025-07-21 22:28:05 | INFO     |    root_path: ./dataset/SAHU/direct_5_working
2025-07-21 22:28:05 | INFO     |    step: 96
2025-07-21 22:28:05 | INFO     |    checkpoints: ./checkpoints/
2025-07-21 22:28:05 | INFO     |    num_class: 9
2025-07-21 22:28:05 | INFO     |    result_path: ./result/
2025-07-21 22:28:05 | INFO     |    test_size: 0.2
2025-07-21 22:28:05 | INFO     |    seq_len: 96
2025-07-21 22:28:05 | INFO     |    enc_in: 26
2025-07-21 22:28:05 | INFO     |    d_model: 512
2025-07-21 22:28:05 | INFO     |    n_heads: 8
2025-07-21 22:28:05 | INFO     |    e_layers: 2
2025-07-21 22:28:05 | INFO     |    d_layers: 1
2025-07-21 22:28:05 | INFO     |    d_ff: 2048
2025-07-21 22:28:05 | INFO     |    moving_avg: 25
2025-07-21 22:28:05 | INFO     |    factor: 1
2025-07-21 22:28:05 | INFO     |    distil: True
2025-07-21 22:28:05 | INFO     |    dropout: 0.1
2025-07-21 22:28:05 | INFO     |    embed: timeF
2025-07-21 22:28:05 | INFO     |    activation: gelu
2025-07-21 22:28:05 | INFO     |    use_norm: 1
2025-07-21 22:28:05 | INFO     |    gaf_method: summation
2025-07-21 22:28:05 | INFO     |    feature_dim: 128
2025-07-21 22:28:05 | INFO     |    data_type_method: uint8
2025-07-21 22:28:05 | INFO     |    use_attention: True
2025-07-21 22:28:05 | INFO     |    hidden_dim: 64
2025-07-21 22:28:05 | INFO     |    sample_size: 1000
2025-07-21 22:28:05 | INFO     |    channel_groups: None
2025-07-21 22:28:05 | INFO     |    hvac_groups: None
2025-07-21 22:28:05 | INFO     |    extractor_type: dilated
2025-07-21 22:28:05 | INFO     |    fusion_type: adaptive
2025-07-21 22:28:05 | INFO     |    attention_type: channel
2025-07-21 22:28:05 | INFO     |    classifier_type: mlp
2025-07-21 22:28:05 | INFO     |    use_statistical_features: True
2025-07-21 22:28:05 | INFO     |    stat_type: correlation_focused
2025-07-21 22:28:05 | INFO     |    multimodal_fusion_strategy: concat
2025-07-21 22:28:05 | INFO     |    use_signal_level_stats: False
2025-07-21 22:28:05 | INFO     |    signal_stat_type: comprehensive
2025-07-21 22:28:05 | INFO     |    signal_stat_fusion_strategy: concat_project
2025-07-21 22:28:05 | INFO     |    signal_stat_feature_dim: 32
2025-07-21 22:28:05 | INFO     |    use_diff_branch: False
2025-07-21 22:28:05 | INFO     |    ablation_mode: no_diff
2025-07-21 22:28:05 | INFO     |    backbone_type: resnet18
2025-07-21 22:28:05 | INFO     |    use_sum_branch: True
2025-07-21 22:28:05 | INFO     |    num_workers: 0
2025-07-21 22:28:05 | INFO     |    cuda_debug: False
2025-07-21 22:28:05 | INFO     |    gpu_memory_fraction: 0.9
2025-07-21 22:28:05 | INFO     |    safe_mode: True
2025-07-21 22:28:05 | INFO     |    drop_last_batch: True
2025-07-21 22:28:05 | INFO     |    itr: 1
2025-07-21 22:28:05 | INFO     |    train_epochs: 300
2025-07-21 22:28:05 | INFO     |    batch_size: 4
2025-07-21 22:28:05 | INFO     |    patience: 15
2025-07-21 22:28:05 | INFO     |    learning_rate: 0.0001
2025-07-21 22:28:05 | INFO     |    des: dilated_enhanced
2025-07-21 22:28:05 | INFO     |    loss: MSE
2025-07-21 22:28:05 | INFO     |    lradj: type1
2025-07-21 22:28:05 | INFO     |    lr_scheduler_type: f1_based
2025-07-21 22:28:05 | INFO     |    lr_loss_weight: 0.3
2025-07-21 22:28:05 | INFO     |    lr_f1_weight: 0.7
2025-07-21 22:28:05 | INFO     |    use_amp: False
2025-07-21 22:28:05 | INFO     |    gradient_accumulation_steps: 2
2025-07-21 22:28:05 | INFO     |    enable_auto_gradient_accumulation: True
2025-07-21 22:28:05 | INFO     |    loss_type: ce
2025-07-21 22:28:05 | INFO     |    label_smoothing: 0.1
2025-07-21 22:28:05 | INFO     |    focal_alpha: 1.0
2025-07-21 22:28:05 | INFO     |    focal_gamma: 2.0
2025-07-21 22:28:05 | INFO     |    confidence_penalty_beta: 0.1
2025-07-21 22:28:05 | INFO     |    use_timm_loss: True
2025-07-21 22:28:05 | INFO     |    adaptive_initial_smoothing: 0.2
2025-07-21 22:28:05 | INFO     |    adaptive_final_smoothing: 0.05
2025-07-21 22:28:05 | INFO     |    adaptive_decay_epochs: 30
2025-07-21 22:28:05 | INFO     |    enable_class_weights: False
2025-07-21 22:28:05 | INFO     |    class_weights: None
2025-07-21 22:28:05 | INFO     |    loss_preset: None
2025-07-21 22:28:05 | INFO     |    n_jobs: 8
2025-07-21 22:28:05 | INFO     |    use_multiprocessing: True
2025-07-21 22:28:05 | INFO     |    chunk_size: 800
2025-07-21 22:28:05 | INFO     |    disable_parallel: False
2025-07-21 22:28:05 | INFO     |    use_shared_memory: True
2025-07-21 22:28:05 | INFO     |    disable_shared_memory: False
2025-07-21 22:28:05 | INFO     |    use_gpu: True
2025-07-21 22:28:05 | INFO     |    gpu: 0
2025-07-21 22:28:05 | INFO     |    gpu_type: cuda
2025-07-21 22:28:05 | INFO     |    use_multi_gpu: False
2025-07-21 22:28:05 | INFO     |    devices: 0,1,2,3
2025-07-21 22:28:05 | INFO     |    device: cuda:0
2025-07-21 22:28:05 | INFO     |    feature_columns: ['CHWC_VLV', 'CHWC_VLV_DM', 'MA_TEMP', 'OA_CFM', 'OA_DMPR', 'OA_DMPR_DM', 'OA_TEMP', 'RA_CFM', 'RA_DMPR', 'RA_DMPR_DM', 'RA_TEMP', 'RF_CS', 'RF_SPD', 'RF_WAT', 'SA_CFM', 'SA_SP', 'SA_SPSPT', 'SA_TEMP', 'SF_CS', 'SF_SPD', 'SF_WAT', 'ZONE_TEMP_1', 'ZONE_TEMP_2', 'ZONE_TEMP_3', 'ZONE_TEMP_4', 'ZONE_TEMP_5']
2025-07-21 22:28:05 | INFO     | 🏗️ 模型信息:
2025-07-21 22:28:05 | INFO     |    模型类型: Model
2025-07-21 22:28:05 | INFO     |    总参数数量: 8,902,850
2025-07-21 22:28:05 | INFO     |    可训练参数: 8,902,850
2025-07-21 22:28:05 | INFO     |    模型大小估计: 33.96 MB
2025-07-21 22:28:05 | INFO     | 📊 数据集信息:
2025-07-21 22:28:05 | INFO     |    训练集大小: 3996
2025-07-21 22:28:05 | INFO     |    验证集大小: 999
2025-07-21 22:28:05 | INFO     | 
================================================================================
2025-07-21 22:28:05 | INFO     | 📋 损失函数使用策略（遵循主流机器学习规范）:
2025-07-21 22:28:05 | INFO     |    🎯 训练阶段: 使用 ce 损失函数
2025-07-21 22:28:05 | INFO     |       → 目的：优化模型参数，解决特定问题（类别不平衡、相似性等）
2025-07-21 22:28:05 | INFO     |    📊 验证阶段: 使用标准交叉熵损失函数
2025-07-21 22:28:05 | INFO     |       → 目的：客观评估模型性能，便于不同方法比较
2025-07-21 22:28:05 | INFO     |    📈 最终报告: 基于标准交叉熵损失的指标
2025-07-21 22:28:05 | INFO     |       → 目的：提供可信、可比较的性能指标
2025-07-21 22:28:05 | INFO     | ================================================================================

2025-07-21 22:28:05 | INFO     | 🔄 梯度累积配置: 每2轮累积一次梯度
2025-07-21 22:28:05 | INFO     |    实际batch_size: 4
2025-07-21 22:28:05 | INFO     |    有效batch_size: 8
2025-07-21 22:29:17 | INFO     | Epoch 1:
2025-07-21 22:29:17 | INFO     |   训练指标:
2025-07-21 22:29:17 | INFO     |     损失(ce): 1.176693
2025-07-21 22:29:17 | INFO     |     准确率: 0.567067
2025-07-21 22:29:17 | INFO     |     学习率: 0.00010000
2025-07-21 22:29:17 | INFO     |   验证指标(标准CE):
2025-07-21 22:29:17 | INFO     |     损失: 0.321795
2025-07-21 22:29:17 | INFO     |     准确率: 0.843844
2025-07-21 22:29:17 | INFO     |     F1(macro): 0.809900
2025-07-21 22:29:17 | INFO     |     F1(weighted): 0.805455
2025-07-21 22:29:17 | INFO     |     精确率: 0.785886
2025-07-21 22:29:17 | INFO     |     召回率: 0.845630
2025-07-21 22:29:17 | INFO     |   学习率调度器: f1_based
2025-07-21 22:29:17 | INFO     | ------------------------------------------------------------
2025-07-21 22:29:17 | INFO     | Epoch   1 | Train: Loss=1.1767, Acc=0.5671 | Val: Loss=0.3218, Acc=0.8438, F1=0.8055 | LR=0.000100 🏆 [最佳模型]
2025-07-21 22:30:29 | INFO     | Epoch 2:
2025-07-21 22:30:29 | INFO     |   训练指标:
2025-07-21 22:30:29 | INFO     |     损失(ce): 0.277948
2025-07-21 22:30:29 | INFO     |     准确率: 0.881131
2025-07-21 22:30:29 | INFO     |     学习率: 0.00010000
2025-07-21 22:30:29 | INFO     |   验证指标(标准CE):
2025-07-21 22:30:29 | INFO     |     损失: 0.585028
2025-07-21 22:30:29 | INFO     |     准确率: 0.857858
2025-07-21 22:30:29 | INFO     |     F1(macro): 0.829561
2025-07-21 22:30:29 | INFO     |     F1(weighted): 0.819217
2025-07-21 22:30:29 | INFO     |     精确率: 0.806831
2025-07-21 22:30:29 | INFO     |     召回率: 0.867829
2025-07-21 22:30:29 | INFO     |   学习率调度器: f1_based
2025-07-21 22:30:29 | INFO     | ------------------------------------------------------------
2025-07-21 22:30:29 | INFO     | Epoch   2 | Train: Loss=0.2779, Acc=0.8811 | Val: Loss=0.5850, Acc=0.8579, F1=0.8192 | LR=0.000100 🏆 [最佳模型]
2025-07-21 22:31:41 | INFO     | Epoch 3:
2025-07-21 22:31:41 | INFO     |   训练指标:
2025-07-21 22:31:41 | INFO     |     损失(ce): 0.233396
2025-07-21 22:31:41 | INFO     |     准确率: 0.908909
2025-07-21 22:31:41 | INFO     |     学习率: 0.00010000
2025-07-21 22:31:41 | INFO     |   验证指标(标准CE):
2025-07-21 22:31:41 | INFO     |     损失: 0.145486
2025-07-21 22:31:41 | INFO     |     准确率: 0.918919
2025-07-21 22:31:41 | INFO     |     F1(macro): 0.917715
2025-07-21 22:31:41 | INFO     |     F1(weighted): 0.914676
2025-07-21 22:31:41 | INFO     |     精确率: 0.937007
2025-07-21 22:31:41 | INFO     |     召回率: 0.924004
2025-07-21 22:31:41 | INFO     |   学习率调度器: f1_based
2025-07-21 22:31:41 | INFO     | ------------------------------------------------------------
2025-07-21 22:31:41 | INFO     | Epoch   3 | Train: Loss=0.2334, Acc=0.9089 | Val: Loss=0.1455, Acc=0.9189, F1=0.9147 | LR=0.000100 🏆 [最佳模型]
2025-07-21 22:32:52 | INFO     | Epoch 4:
2025-07-21 22:32:52 | INFO     |   训练指标:
2025-07-21 22:32:52 | INFO     |     损失(ce): 0.168889
2025-07-21 22:32:52 | INFO     |     准确率: 0.931682
2025-07-21 22:32:52 | INFO     |     学习率: 0.00010000
2025-07-21 22:32:52 | INFO     |   验证指标(标准CE):
2025-07-21 22:32:52 | INFO     |     损失: 0.166324
2025-07-21 22:32:52 | INFO     |     准确率: 0.912913
2025-07-21 22:32:52 | INFO     |     F1(macro): 0.913452
2025-07-21 22:32:52 | INFO     |     F1(weighted): 0.911469
2025-07-21 22:32:52 | INFO     |     精确率: 0.922772
2025-07-21 22:32:52 | INFO     |     召回率: 0.914205
2025-07-21 22:32:52 | INFO     |   学习率调度器: f1_based
2025-07-21 22:32:52 | INFO     | ------------------------------------------------------------
2025-07-21 22:32:52 | INFO     | Epoch   4 | Train: Loss=0.1689, Acc=0.9317 | Val: Loss=0.1663, Acc=0.9129, F1=0.9115 | LR=0.000100 
2025-07-21 22:34:04 | INFO     | Epoch 5:
2025-07-21 22:34:04 | INFO     |   训练指标:
2025-07-21 22:34:04 | INFO     |     损失(ce): 0.185359
2025-07-21 22:34:04 | INFO     |     准确率: 0.924675
2025-07-21 22:34:04 | INFO     |     学习率: 0.00010000
2025-07-21 22:34:04 | INFO     |   验证指标(标准CE):
2025-07-21 22:34:04 | INFO     |     损失: 0.108963
2025-07-21 22:34:04 | INFO     |     准确率: 0.954955
2025-07-21 22:34:04 | INFO     |     F1(macro): 0.955211
2025-07-21 22:34:04 | INFO     |     F1(weighted): 0.953585
2025-07-21 22:34:04 | INFO     |     精确率: 0.964200
2025-07-21 22:34:04 | INFO     |     召回率: 0.955369
2025-07-21 22:34:04 | INFO     |   学习率调度器: f1_based
2025-07-21 22:34:04 | INFO     | ------------------------------------------------------------
2025-07-21 22:34:04 | INFO     | Epoch   5 | Train: Loss=0.1854, Acc=0.9247 | Val: Loss=0.1090, Acc=0.9550, F1=0.9536 | LR=0.000100 🏆 [最佳模型]
2025-07-21 22:35:15 | INFO     | Epoch 6:
2025-07-21 22:35:15 | INFO     |   训练指标:
2025-07-21 22:35:15 | INFO     |     损失(ce): 0.154346
2025-07-21 22:35:15 | INFO     |     准确率: 0.937938
2025-07-21 22:35:15 | INFO     |     学习率: 0.00010000
2025-07-21 22:35:15 | INFO     |   验证指标(标准CE):
2025-07-21 22:35:15 | INFO     |     损失: 0.318955
2025-07-21 22:35:15 | INFO     |     准确率: 0.908909
2025-07-21 22:35:15 | INFO     |     F1(macro): 0.909489
2025-07-21 22:35:15 | INFO     |     F1(weighted): 0.905552
2025-07-21 22:35:15 | INFO     |     精确率: 0.931733
2025-07-21 22:35:15 | INFO     |     召回率: 0.914327
2025-07-21 22:35:15 | INFO     |   学习率调度器: f1_based
2025-07-21 22:35:15 | INFO     | ------------------------------------------------------------
2025-07-21 22:35:15 | INFO     | Epoch   6 | Train: Loss=0.1543, Acc=0.9379 | Val: Loss=0.3190, Acc=0.9089, F1=0.9056 | LR=0.000100 
2025-07-21 22:36:27 | INFO     | Epoch 7:
2025-07-21 22:36:27 | INFO     |   训练指标:
2025-07-21 22:36:27 | INFO     |     损失(ce): 0.096521
2025-07-21 22:36:27 | INFO     |     准确率: 0.960961
2025-07-21 22:36:27 | INFO     |     学习率: 0.00010000
2025-07-21 22:36:27 | INFO     |   验证指标(标准CE):
2025-07-21 22:36:27 | INFO     |     损失: 0.129919
2025-07-21 22:36:27 | INFO     |     准确率: 0.949950
2025-07-21 22:36:27 | INFO     |     F1(macro): 0.951996
2025-07-21 22:36:27 | INFO     |     F1(weighted): 0.950240
2025-07-21 22:36:27 | INFO     |     精确率: 0.960963
2025-07-21 22:36:27 | INFO     |     召回率: 0.950451
2025-07-21 22:36:27 | INFO     |   学习率调度器: f1_based
2025-07-21 22:36:27 | INFO     | ------------------------------------------------------------
2025-07-21 22:36:27 | INFO     | Epoch   7 | Train: Loss=0.0965, Acc=0.9610 | Val: Loss=0.1299, Acc=0.9499, F1=0.9502 | LR=0.000100 
2025-07-21 22:37:38 | INFO     | Epoch 8:
2025-07-21 22:37:38 | INFO     |   训练指标:
2025-07-21 22:37:38 | INFO     |     损失(ce): 0.130192
2025-07-21 22:37:38 | INFO     |     准确率: 0.945696
2025-07-21 22:37:38 | INFO     |     学习率: 0.00010000
2025-07-21 22:37:38 | INFO     |   验证指标(标准CE):
2025-07-21 22:37:38 | INFO     |     损失: 0.078546
2025-07-21 22:37:38 | INFO     |     准确率: 0.957958
2025-07-21 22:37:38 | INFO     |     F1(macro): 0.958942
2025-07-21 22:37:38 | INFO     |     F1(weighted): 0.957472
2025-07-21 22:37:38 | INFO     |     精确率: 0.961872
2025-07-21 22:37:38 | INFO     |     召回率: 0.958790
2025-07-21 22:37:38 | INFO     |   学习率调度器: f1_based
2025-07-21 22:37:38 | INFO     | ------------------------------------------------------------
2025-07-21 22:37:38 | INFO     | Epoch   8 | Train: Loss=0.1302, Acc=0.9457 | Val: Loss=0.0785, Acc=0.9580, F1=0.9575 | LR=0.000100 🏆 [最佳模型]
2025-07-21 22:38:50 | INFO     | Epoch 9:
2025-07-21 22:38:50 | INFO     |   训练指标:
2025-07-21 22:38:50 | INFO     |     损失(ce): 0.109035
2025-07-21 22:38:50 | INFO     |     准确率: 0.956707
2025-07-21 22:38:50 | INFO     |     学习率: 0.00010000
2025-07-21 22:38:50 | INFO     |   验证指标(标准CE):
2025-07-21 22:38:50 | INFO     |     损失: 0.121851
2025-07-21 22:38:50 | INFO     |     准确率: 0.948949
2025-07-21 22:38:50 | INFO     |     F1(macro): 0.950601
2025-07-21 22:38:50 | INFO     |     F1(weighted): 0.948138
2025-07-21 22:38:50 | INFO     |     精确率: 0.964031
2025-07-21 22:38:50 | INFO     |     召回率: 0.952903
2025-07-21 22:38:50 | INFO     |   学习率调度器: f1_based
2025-07-21 22:38:50 | INFO     | ------------------------------------------------------------
2025-07-21 22:38:50 | INFO     | Epoch   9 | Train: Loss=0.1090, Acc=0.9567 | Val: Loss=0.1219, Acc=0.9489, F1=0.9481 | LR=0.000100 
2025-07-21 22:40:01 | INFO     | Epoch 10:
2025-07-21 22:40:01 | INFO     |   训练指标:
2025-07-21 22:40:01 | INFO     |     损失(ce): 0.100681
2025-07-21 22:40:01 | INFO     |     准确率: 0.954454
2025-07-21 22:40:01 | INFO     |     学习率: 0.00010000
2025-07-21 22:40:01 | INFO     |   验证指标(标准CE):
2025-07-21 22:40:01 | INFO     |     损失: 0.056526
2025-07-21 22:40:01 | INFO     |     准确率: 0.967968
2025-07-21 22:40:01 | INFO     |     F1(macro): 0.969071
2025-07-21 22:40:01 | INFO     |     F1(weighted): 0.967545
2025-07-21 22:40:01 | INFO     |     精确率: 0.975136
2025-07-21 22:40:01 | INFO     |     召回率: 0.970615
2025-07-21 22:40:01 | INFO     |   学习率调度器: f1_based
2025-07-21 22:40:01 | INFO     | ------------------------------------------------------------
2025-07-21 22:40:01 | INFO     | Epoch  10 | Train: Loss=0.1007, Acc=0.9545 | Val: Loss=0.0565, Acc=0.9680, F1=0.9675 | LR=0.000100 🏆 [最佳模型]
2025-07-21 22:41:13 | INFO     | Epoch 11:
2025-07-21 22:41:13 | INFO     |   训练指标:
2025-07-21 22:41:13 | INFO     |     损失(ce): 0.105125
2025-07-21 22:41:13 | INFO     |     准确率: 0.958959
2025-07-21 22:41:13 | INFO     |     学习率: 0.00010000
2025-07-21 22:41:13 | INFO     |   验证指标(标准CE):
2025-07-21 22:41:13 | INFO     |     损失: 0.088891
2025-07-21 22:41:13 | INFO     |     准确率: 0.962963
2025-07-21 22:41:13 | INFO     |     F1(macro): 0.964073
2025-07-21 22:41:13 | INFO     |     F1(weighted): 0.962266
2025-07-21 22:41:13 | INFO     |     精确率: 0.972222
2025-07-21 22:41:13 | INFO     |     召回率: 0.966024
2025-07-21 22:41:13 | INFO     |   学习率调度器: f1_based
2025-07-21 22:41:13 | INFO     | ------------------------------------------------------------
2025-07-21 22:41:13 | INFO     | Epoch  11 | Train: Loss=0.1051, Acc=0.9590 | Val: Loss=0.0889, Acc=0.9630, F1=0.9623 | LR=0.000100 
2025-07-21 22:42:24 | INFO     | Epoch 12:
2025-07-21 22:42:24 | INFO     |   训练指标:
2025-07-21 22:42:24 | INFO     |     损失(ce): 0.061809
2025-07-21 22:42:24 | INFO     |     准确率: 0.966717
2025-07-21 22:42:24 | INFO     |     学习率: 0.00010000
2025-07-21 22:42:24 | INFO     |   验证指标(标准CE):
2025-07-21 22:42:24 | INFO     |     损失: 0.100794
2025-07-21 22:42:24 | INFO     |     准确率: 0.958959
2025-07-21 22:42:24 | INFO     |     F1(macro): 0.960640
2025-07-21 22:42:24 | INFO     |     F1(weighted): 0.958780
2025-07-21 22:42:24 | INFO     |     精确率: 0.970029
2025-07-21 22:42:24 | INFO     |     召回率: 0.962125
2025-07-21 22:42:24 | INFO     |   学习率调度器: f1_based
2025-07-21 22:42:24 | INFO     | ------------------------------------------------------------
2025-07-21 22:42:24 | INFO     | Epoch  12 | Train: Loss=0.0618, Acc=0.9667 | Val: Loss=0.1008, Acc=0.9590, F1=0.9588 | LR=0.000100 
2025-07-21 22:43:35 | INFO     | Epoch 13:
2025-07-21 22:43:35 | INFO     |   训练指标:
2025-07-21 22:43:35 | INFO     |     损失(ce): 0.080947
2025-07-21 22:43:35 | INFO     |     准确率: 0.963463
2025-07-21 22:43:35 | INFO     |     学习率: 0.00010000
2025-07-21 22:43:35 | INFO     |   验证指标(标准CE):
2025-07-21 22:43:35 | INFO     |     损失: 0.138130
2025-07-21 22:43:35 | INFO     |     准确率: 0.958959
2025-07-21 22:43:35 | INFO     |     F1(macro): 0.960757
2025-07-21 22:43:35 | INFO     |     F1(weighted): 0.958766
2025-07-21 22:43:35 | INFO     |     精确率: 0.964317
2025-07-21 22:43:35 | INFO     |     召回率: 0.959721
2025-07-21 22:43:35 | INFO     |   学习率调度器: f1_based
2025-07-21 22:43:35 | INFO     | ------------------------------------------------------------
2025-07-21 22:43:35 | INFO     | Epoch  13 | Train: Loss=0.0809, Acc=0.9635 | Val: Loss=0.1381, Acc=0.9590, F1=0.9588 | LR=0.000100 
2025-07-21 22:44:47 | INFO     | Epoch 14:
2025-07-21 22:44:47 | INFO     |   训练指标:
2025-07-21 22:44:47 | INFO     |     损失(ce): 0.091253
2025-07-21 22:44:47 | INFO     |     准确率: 0.965465
2025-07-21 22:44:47 | INFO     |     学习率: 0.00010000
2025-07-21 22:44:47 | INFO     |   验证指标(标准CE):
2025-07-21 22:44:47 | INFO     |     损失: 0.077186
2025-07-21 22:44:47 | INFO     |     准确率: 0.954955
2025-07-21 22:44:47 | INFO     |     F1(macro): 0.956877
2025-07-21 22:44:47 | INFO     |     F1(weighted): 0.954976
2025-07-21 22:44:47 | INFO     |     精确率: 0.956897
2025-07-21 22:44:47 | INFO     |     召回率: 0.957023
2025-07-21 22:44:47 | INFO     |   学习率调度器: f1_based
2025-07-21 22:44:47 | INFO     | ------------------------------------------------------------
2025-07-21 22:44:47 | INFO     | Epoch  14 | Train: Loss=0.0913, Acc=0.9655 | Val: Loss=0.0772, Acc=0.9550, F1=0.9550 | LR=0.000100 
2025-07-21 22:45:58 | INFO     | Epoch 15:
2025-07-21 22:45:58 | INFO     |   训练指标:
2025-07-21 22:45:58 | INFO     |     损失(ce): 0.073161
2025-07-21 22:45:58 | INFO     |     准确率: 0.966216
2025-07-21 22:45:58 | INFO     |     学习率: 0.00010000
2025-07-21 22:45:58 | INFO     |   验证指标(标准CE):
2025-07-21 22:45:58 | INFO     |     损失: 0.088319
2025-07-21 22:45:58 | INFO     |     准确率: 0.968969
2025-07-21 22:45:58 | INFO     |     F1(macro): 0.970018
2025-07-21 22:45:58 | INFO     |     F1(weighted): 0.968913
2025-07-21 22:45:58 | INFO     |     精确率: 0.971732
2025-07-21 22:45:58 | INFO     |     召回率: 0.969571
2025-07-21 22:45:58 | INFO     |   学习率调度器: f1_based
2025-07-21 22:45:58 | INFO     | ------------------------------------------------------------
2025-07-21 22:45:58 | INFO     | Epoch  15 | Train: Loss=0.0732, Acc=0.9662 | Val: Loss=0.0883, Acc=0.9690, F1=0.9689 | LR=0.000100 🏆 [最佳模型]
2025-07-21 22:47:10 | INFO     | Epoch 16:
2025-07-21 22:47:10 | INFO     |   训练指标:
2025-07-21 22:47:10 | INFO     |     损失(ce): 0.064317
2025-07-21 22:47:10 | INFO     |     准确率: 0.969720
2025-07-21 22:47:10 | INFO     |     学习率: 0.00010000
2025-07-21 22:47:10 | INFO     |   验证指标(标准CE):
2025-07-21 22:47:10 | INFO     |     损失: 0.094693
2025-07-21 22:47:10 | INFO     |     准确率: 0.961962
2025-07-21 22:47:10 | INFO     |     F1(macro): 0.963183
2025-07-21 22:47:10 | INFO     |     F1(weighted): 0.961770
2025-07-21 22:47:10 | INFO     |     精确率: 0.964142
2025-07-21 22:47:10 | INFO     |     召回率: 0.963060
2025-07-21 22:47:10 | INFO     |   学习率调度器: f1_based
2025-07-21 22:47:10 | INFO     | ------------------------------------------------------------
2025-07-21 22:47:10 | INFO     | Epoch  16 | Train: Loss=0.0643, Acc=0.9697 | Val: Loss=0.0947, Acc=0.9620, F1=0.9618 | LR=0.000100 
2025-07-21 22:48:21 | INFO     | Epoch 17:
2025-07-21 22:48:21 | INFO     |   训练指标:
2025-07-21 22:48:21 | INFO     |     损失(ce): 0.085216
2025-07-21 22:48:21 | INFO     |     准确率: 0.966967
2025-07-21 22:48:21 | INFO     |     学习率: 0.00010000
2025-07-21 22:48:21 | INFO     |   验证指标(标准CE):
2025-07-21 22:48:21 | INFO     |     损失: 0.069902
2025-07-21 22:48:21 | INFO     |     准确率: 0.964965
2025-07-21 22:48:21 | INFO     |     F1(macro): 0.966455
2025-07-21 22:48:21 | INFO     |     F1(weighted): 0.964890
2025-07-21 22:48:21 | INFO     |     精确率: 0.973364
2025-07-21 22:48:21 | INFO     |     召回率: 0.967691
2025-07-21 22:48:21 | INFO     |   学习率调度器: f1_based
2025-07-21 22:48:21 | INFO     | ------------------------------------------------------------
2025-07-21 22:48:21 | INFO     | Epoch  17 | Train: Loss=0.0852, Acc=0.9670 | Val: Loss=0.0699, Acc=0.9650, F1=0.9649 | LR=0.000100 
2025-07-21 22:49:32 | INFO     | Epoch 18:
2025-07-21 22:49:32 | INFO     |   训练指标:
2025-07-21 22:49:32 | INFO     |     损失(ce): 0.069204
2025-07-21 22:49:32 | INFO     |     准确率: 0.967467
2025-07-21 22:49:32 | INFO     |     学习率: 0.00010000
2025-07-21 22:49:32 | INFO     |   验证指标(标准CE):
2025-07-21 22:49:32 | INFO     |     损失: 0.073956
2025-07-21 22:49:32 | INFO     |     准确率: 0.966967
2025-07-21 22:49:32 | INFO     |     F1(macro): 0.968131
2025-07-21 22:49:32 | INFO     |     F1(weighted): 0.966611
2025-07-21 22:49:32 | INFO     |     精确率: 0.973201
2025-07-21 22:49:32 | INFO     |     召回率: 0.969532
2025-07-21 22:49:32 | INFO     |   学习率调度器: f1_based
2025-07-21 22:49:32 | INFO     | ------------------------------------------------------------
2025-07-21 22:49:32 | INFO     | Epoch  18 | Train: Loss=0.0692, Acc=0.9675 | Val: Loss=0.0740, Acc=0.9670, F1=0.9666 | LR=0.000100 
2025-07-21 22:50:43 | INFO     | Epoch 19:
2025-07-21 22:50:43 | INFO     |   训练指标:
2025-07-21 22:50:43 | INFO     |     损失(ce): 0.060605
2025-07-21 22:50:43 | INFO     |     准确率: 0.971221
2025-07-21 22:50:43 | INFO     |     学习率: 0.00010000
2025-07-21 22:50:43 | INFO     |   验证指标(标准CE):
2025-07-21 22:50:43 | INFO     |     损失: 0.109978
2025-07-21 22:50:43 | INFO     |     准确率: 0.963964
2025-07-21 22:50:43 | INFO     |     F1(macro): 0.965682
2025-07-21 22:50:43 | INFO     |     F1(weighted): 0.964145
2025-07-21 22:50:43 | INFO     |     精确率: 0.970486
2025-07-21 22:50:43 | INFO     |     召回率: 0.966468
2025-07-21 22:50:43 | INFO     |   学习率调度器: f1_based
2025-07-21 22:50:43 | INFO     | ------------------------------------------------------------
2025-07-21 22:50:43 | INFO     | Epoch  19 | Train: Loss=0.0606, Acc=0.9712 | Val: Loss=0.1100, Acc=0.9640, F1=0.9641 | LR=0.000100 
2025-07-21 22:51:55 | INFO     | Epoch 20:
2025-07-21 22:51:55 | INFO     |   训练指标:
2025-07-21 22:51:55 | INFO     |     损失(ce): 0.091605
2025-07-21 22:51:55 | INFO     |     准确率: 0.959209
2025-07-21 22:51:55 | INFO     |     学习率: 0.00010000
2025-07-21 22:51:55 | INFO     |   验证指标(标准CE):
2025-07-21 22:51:55 | INFO     |     损失: 0.055011
2025-07-21 22:51:55 | INFO     |     准确率: 0.972973
2025-07-21 22:51:55 | INFO     |     F1(macro): 0.973621
2025-07-21 22:51:55 | INFO     |     F1(weighted): 0.972611
2025-07-21 22:51:55 | INFO     |     精确率: 0.976608
2025-07-21 22:51:55 | INFO     |     召回率: 0.973304
2025-07-21 22:51:55 | INFO     |   学习率调度器: f1_based
2025-07-21 22:51:55 | INFO     | ------------------------------------------------------------
2025-07-21 22:51:55 | INFO     | Epoch  20 | Train: Loss=0.0916, Acc=0.9592 | Val: Loss=0.0550, Acc=0.9730, F1=0.9726 | LR=0.000100 🏆 [最佳模型]
2025-07-21 22:53:07 | INFO     | Epoch 21:
2025-07-21 22:53:07 | INFO     |   训练指标:
2025-07-21 22:53:07 | INFO     |     损失(ce): 0.050954
2025-07-21 22:53:07 | INFO     |     准确率: 0.971972
2025-07-21 22:53:07 | INFO     |     学习率: 0.00010000
2025-07-21 22:53:07 | INFO     |   验证指标(标准CE):
2025-07-21 22:53:07 | INFO     |     损失: 0.051761
2025-07-21 22:53:07 | INFO     |     准确率: 0.968969
2025-07-21 22:53:07 | INFO     |     F1(macro): 0.970061
2025-07-21 22:53:07 | INFO     |     F1(weighted): 0.968591
2025-07-21 22:53:07 | INFO     |     精确率: 0.975743
2025-07-21 22:53:07 | INFO     |     召回率: 0.971534
2025-07-21 22:53:07 | INFO     |   学习率调度器: f1_based
2025-07-21 22:53:07 | INFO     | ------------------------------------------------------------
2025-07-21 22:53:07 | INFO     | Epoch  21 | Train: Loss=0.0510, Acc=0.9720 | Val: Loss=0.0518, Acc=0.9690, F1=0.9686 | LR=0.000100 
2025-07-21 22:54:19 | INFO     | Epoch 22:
2025-07-21 22:54:19 | INFO     |   训练指标:
2025-07-21 22:54:19 | INFO     |     损失(ce): 0.063853
2025-07-21 22:54:19 | INFO     |     准确率: 0.966967
2025-07-21 22:54:19 | INFO     |     学习率: 0.00010000
2025-07-21 22:54:19 | INFO     |   验证指标(标准CE):
2025-07-21 22:54:19 | INFO     |     损失: 0.075560
2025-07-21 22:54:19 | INFO     |     准确率: 0.968969
2025-07-21 22:54:19 | INFO     |     F1(macro): 0.970028
2025-07-21 22:54:19 | INFO     |     F1(weighted): 0.968838
2025-07-21 22:54:19 | INFO     |     精确率: 0.972628
2025-07-21 22:54:19 | INFO     |     召回率: 0.969535
2025-07-21 22:54:19 | INFO     |   学习率调度器: f1_based
2025-07-21 22:54:19 | INFO     | ------------------------------------------------------------
2025-07-21 22:54:19 | INFO     | Epoch  22 | Train: Loss=0.0639, Acc=0.9670 | Val: Loss=0.0756, Acc=0.9690, F1=0.9688 | LR=0.000100 
2025-07-21 22:55:30 | INFO     | Epoch 23:
2025-07-21 22:55:30 | INFO     |   训练指标:
2025-07-21 22:55:30 | INFO     |     损失(ce): 0.057153
2025-07-21 22:55:30 | INFO     |     准确率: 0.975225
2025-07-21 22:55:30 | INFO     |     学习率: 0.00010000
2025-07-21 22:55:30 | INFO     |   验证指标(标准CE):
2025-07-21 22:55:30 | INFO     |     损失: 0.056912
2025-07-21 22:55:30 | INFO     |     准确率: 0.971972
2025-07-21 22:55:30 | INFO     |     F1(macro): 0.972890
2025-07-21 22:55:30 | INFO     |     F1(weighted): 0.971795
2025-07-21 22:55:30 | INFO     |     精确率: 0.974698
2025-07-21 22:55:30 | INFO     |     召回率: 0.972551
2025-07-21 22:55:30 | INFO     |   学习率调度器: f1_based
2025-07-21 22:55:30 | INFO     | ------------------------------------------------------------
2025-07-21 22:55:30 | INFO     | Epoch  23 | Train: Loss=0.0572, Acc=0.9752 | Val: Loss=0.0569, Acc=0.9720, F1=0.9718 | LR=0.000100 
2025-07-21 22:56:42 | INFO     | Epoch 24:
2025-07-21 22:56:42 | INFO     |   训练指标:
2025-07-21 22:56:42 | INFO     |     损失(ce): 0.043214
2025-07-21 22:56:42 | INFO     |     准确率: 0.975225
2025-07-21 22:56:42 | INFO     |     学习率: 0.00010000
2025-07-21 22:56:42 | INFO     |   验证指标(标准CE):
2025-07-21 22:56:42 | INFO     |     损失: 0.165487
2025-07-21 22:56:42 | INFO     |     准确率: 0.952953
2025-07-21 22:56:42 | INFO     |     F1(macro): 0.951826
2025-07-21 22:56:42 | INFO     |     F1(weighted): 0.950540
2025-07-21 22:56:42 | INFO     |     精确率: 0.956209
2025-07-21 22:56:42 | INFO     |     召回率: 0.953615
2025-07-21 22:56:42 | INFO     |   学习率调度器: f1_based
2025-07-21 22:56:42 | INFO     | ------------------------------------------------------------
2025-07-21 22:56:42 | INFO     | Epoch  24 | Train: Loss=0.0432, Acc=0.9752 | Val: Loss=0.1655, Acc=0.9530, F1=0.9505 | LR=0.000100 
2025-07-21 22:57:53 | INFO     | Epoch 25:
2025-07-21 22:57:53 | INFO     |   训练指标:
2025-07-21 22:57:53 | INFO     |     损失(ce): 0.056928
2025-07-21 22:57:53 | INFO     |     准确率: 0.969720
2025-07-21 22:57:53 | INFO     |     学习率: 0.00010000
2025-07-21 22:57:53 | INFO     |   验证指标(标准CE):
2025-07-21 22:57:53 | INFO     |     损失: 0.124276
2025-07-21 22:57:53 | INFO     |     准确率: 0.962963
2025-07-21 22:57:53 | INFO     |     F1(macro): 0.964462
2025-07-21 22:57:53 | INFO     |     F1(weighted): 0.963093
2025-07-21 22:57:53 | INFO     |     精确率: 0.965280
2025-07-21 22:57:53 | INFO     |     召回率: 0.964061
2025-07-21 22:57:53 | INFO     |   学习率调度器: f1_based
2025-07-21 22:57:53 | INFO     | ------------------------------------------------------------
2025-07-21 22:57:53 | INFO     | Epoch  25 | Train: Loss=0.0569, Acc=0.9697 | Val: Loss=0.1243, Acc=0.9630, F1=0.9631 | LR=0.000100 
2025-07-21 22:59:05 | INFO     | Epoch 26:
2025-07-21 22:59:05 | INFO     |   训练指标:
2025-07-21 22:59:05 | INFO     |     损失(ce): 0.090685
2025-07-21 22:59:05 | INFO     |     准确率: 0.962963
2025-07-21 22:59:05 | INFO     |     学习率: 0.00010000
2025-07-21 22:59:05 | INFO     |   验证指标(标准CE):
2025-07-21 22:59:05 | INFO     |     损失: 0.064321
2025-07-21 22:59:05 | INFO     |     准确率: 0.966967
2025-07-21 22:59:05 | INFO     |     F1(macro): 0.968258
2025-07-21 22:59:05 | INFO     |     F1(weighted): 0.966736
2025-07-21 22:59:05 | INFO     |     精确率: 0.971678
2025-07-21 22:59:05 | INFO     |     召回率: 0.969366
2025-07-21 22:59:05 | INFO     |   学习率调度器: f1_based
2025-07-21 22:59:05 | INFO     | ------------------------------------------------------------
2025-07-21 22:59:05 | INFO     | 🎯 学习率调整事件:
2025-07-21 22:59:05 | INFO     |   调度器类型: f1_based
2025-07-21 22:59:05 | INFO     |   学习率变化: 0.00010000 → 0.00005000
2025-07-21 22:59:05 | INFO     |   触发条件: F1分数 = 0.966736
2025-07-21 22:59:05 | INFO     |   变化幅度: -50.00%
2025-07-21 22:59:05 | INFO     | ------------------------------------------------------------
2025-07-21 22:59:05 | INFO     | Epoch  26 | Train: Loss=0.0907, Acc=0.9630 | Val: Loss=0.0643, Acc=0.9670, F1=0.9667 | LR=0.000050 
2025-07-21 23:00:16 | INFO     | Epoch 27:
2025-07-21 23:00:16 | INFO     |   训练指标:
2025-07-21 23:00:16 | INFO     |     损失(ce): 0.038683
2025-07-21 23:00:16 | INFO     |     准确率: 0.974975
2025-07-21 23:00:16 | INFO     |     学习率: 0.00005000
2025-07-21 23:00:16 | INFO     |   验证指标(标准CE):
2025-07-21 23:00:16 | INFO     |     损失: 0.068175
2025-07-21 23:00:16 | INFO     |     准确率: 0.965966
2025-07-21 23:00:16 | INFO     |     F1(macro): 0.967314
2025-07-21 23:00:16 | INFO     |     F1(weighted): 0.965753
2025-07-21 23:00:16 | INFO     |     精确率: 0.970404
2025-07-21 23:00:16 | INFO     |     召回率: 0.968365
2025-07-21 23:00:16 | INFO     |   学习率调度器: f1_based
2025-07-21 23:00:16 | INFO     | ------------------------------------------------------------
2025-07-21 23:00:16 | INFO     | Epoch  27 | Train: Loss=0.0387, Acc=0.9750 | Val: Loss=0.0682, Acc=0.9660, F1=0.9658 | LR=0.000050 
2025-07-21 23:01:27 | INFO     | Epoch 28:
2025-07-21 23:01:27 | INFO     |   训练指标:
2025-07-21 23:01:27 | INFO     |     损失(ce): 0.037944
2025-07-21 23:01:27 | INFO     |     准确率: 0.973724
2025-07-21 23:01:27 | INFO     |     学习率: 0.00005000
2025-07-21 23:01:27 | INFO     |   验证指标(标准CE):
2025-07-21 23:01:27 | INFO     |     损失: 0.054366
2025-07-21 23:01:27 | INFO     |     准确率: 0.969970
2025-07-21 23:01:27 | INFO     |     F1(macro): 0.971090
2025-07-21 23:01:27 | INFO     |     F1(weighted): 0.969687
2025-07-21 23:01:27 | INFO     |     精确率: 0.975624
2025-07-21 23:01:27 | INFO     |     召回率: 0.972369
2025-07-21 23:01:27 | INFO     |   学习率调度器: f1_based
2025-07-21 23:01:27 | INFO     | ------------------------------------------------------------
2025-07-21 23:01:27 | INFO     | Epoch  28 | Train: Loss=0.0379, Acc=0.9737 | Val: Loss=0.0544, Acc=0.9700, F1=0.9697 | LR=0.000050 
2025-07-21 23:02:39 | INFO     | Epoch 29:
2025-07-21 23:02:39 | INFO     |   训练指标:
2025-07-21 23:02:39 | INFO     |     损失(ce): 0.041341
2025-07-21 23:02:39 | INFO     |     准确率: 0.971471
2025-07-21 23:02:39 | INFO     |     学习率: 0.00005000
2025-07-21 23:02:39 | INFO     |   验证指标(标准CE):
2025-07-21 23:02:39 | INFO     |     损失: 0.047050
2025-07-21 23:02:39 | INFO     |     准确率: 0.970971
2025-07-21 23:02:39 | INFO     |     F1(macro): 0.972035
2025-07-21 23:02:39 | INFO     |     F1(weighted): 0.970672
2025-07-21 23:02:39 | INFO     |     精确率: 0.976984
2025-07-21 23:02:39 | INFO     |     召回率: 0.973370
2025-07-21 23:02:39 | INFO     |   学习率调度器: f1_based
2025-07-21 23:02:39 | INFO     | ------------------------------------------------------------
2025-07-21 23:02:39 | INFO     | Epoch  29 | Train: Loss=0.0413, Acc=0.9715 | Val: Loss=0.0470, Acc=0.9710, F1=0.9707 | LR=0.000050 
2025-07-21 23:03:51 | INFO     | Epoch 30:
2025-07-21 23:03:51 | INFO     |   训练指标:
2025-07-21 23:03:51 | INFO     |     损失(ce): 0.037269
2025-07-21 23:03:51 | INFO     |     准确率: 0.976476
2025-07-21 23:03:51 | INFO     |     学习率: 0.00005000
2025-07-21 23:03:51 | INFO     |   验证指标(标准CE):
2025-07-21 23:03:51 | INFO     |     损失: 0.097712
2025-07-21 23:03:51 | INFO     |     准确率: 0.966967
2025-07-21 23:03:51 | INFO     |     F1(macro): 0.967655
2025-07-21 23:03:51 | INFO     |     F1(weighted): 0.966417
2025-07-21 23:03:51 | INFO     |     精确率: 0.972762
2025-07-21 23:03:51 | INFO     |     召回率: 0.967298
2025-07-21 23:03:51 | INFO     |   学习率调度器: f1_based
2025-07-21 23:03:51 | INFO     | ------------------------------------------------------------
2025-07-21 23:03:51 | INFO     | Epoch  30 | Train: Loss=0.0373, Acc=0.9765 | Val: Loss=0.0977, Acc=0.9670, F1=0.9664 | LR=0.000050 
2025-07-21 23:05:02 | INFO     | Epoch 31:
2025-07-21 23:05:02 | INFO     |   训练指标:
2025-07-21 23:05:02 | INFO     |     损失(ce): 0.039694
2025-07-21 23:05:02 | INFO     |     准确率: 0.971221
2025-07-21 23:05:02 | INFO     |     学习率: 0.00005000
2025-07-21 23:05:02 | INFO     |   验证指标(标准CE):
2025-07-21 23:05:02 | INFO     |     损失: 0.093240
2025-07-21 23:05:02 | INFO     |     准确率: 0.964965
2025-07-21 23:05:02 | INFO     |     F1(macro): 0.965762
2025-07-21 23:05:02 | INFO     |     F1(weighted): 0.964473
2025-07-21 23:05:02 | INFO     |     精确率: 0.970202
2025-07-21 23:05:02 | INFO     |     召回率: 0.965396
2025-07-21 23:05:02 | INFO     |   学习率调度器: f1_based
2025-07-21 23:05:02 | INFO     | ------------------------------------------------------------
2025-07-21 23:05:02 | INFO     | Epoch  31 | Train: Loss=0.0397, Acc=0.9712 | Val: Loss=0.0932, Acc=0.9650, F1=0.9645 | LR=0.000050 
2025-07-21 23:06:13 | INFO     | Epoch 32:
2025-07-21 23:06:13 | INFO     |   训练指标:
2025-07-21 23:06:13 | INFO     |     损失(ce): 0.040966
2025-07-21 23:06:13 | INFO     |     准确率: 0.975726
2025-07-21 23:06:13 | INFO     |     学习率: 0.00005000
2025-07-21 23:06:13 | INFO     |   验证指标(标准CE):
2025-07-21 23:06:13 | INFO     |     损失: 0.070416
2025-07-21 23:06:13 | INFO     |     准确率: 0.966967
2025-07-21 23:06:13 | INFO     |     F1(macro): 0.968509
2025-07-21 23:06:13 | INFO     |     F1(weighted): 0.967092
2025-07-21 23:06:13 | INFO     |     精确率: 0.974537
2025-07-21 23:06:13 | INFO     |     召回率: 0.969471
2025-07-21 23:06:13 | INFO     |   学习率调度器: f1_based
2025-07-21 23:06:13 | INFO     | ------------------------------------------------------------
2025-07-21 23:06:13 | INFO     | Epoch  32 | Train: Loss=0.0410, Acc=0.9757 | Val: Loss=0.0704, Acc=0.9670, F1=0.9671 | LR=0.000050 
2025-07-21 23:07:24 | INFO     | Epoch 33:
2025-07-21 23:07:24 | INFO     |   训练指标:
2025-07-21 23:07:24 | INFO     |     损失(ce): 0.053849
2025-07-21 23:07:24 | INFO     |     准确率: 0.972973
2025-07-21 23:07:24 | INFO     |     学习率: 0.00005000
2025-07-21 23:07:24 | INFO     |   验证指标(标准CE):
2025-07-21 23:07:24 | INFO     |     损失: 0.060333
2025-07-21 23:07:24 | INFO     |     准确率: 0.967968
2025-07-21 23:07:24 | INFO     |     F1(macro): 0.969163
2025-07-21 23:07:24 | INFO     |     F1(weighted): 0.967666
2025-07-21 23:07:24 | INFO     |     精确率: 0.973630
2025-07-21 23:07:24 | INFO     |     召回率: 0.970450
2025-07-21 23:07:24 | INFO     |   学习率调度器: f1_based
2025-07-21 23:07:24 | INFO     | ------------------------------------------------------------
2025-07-21 23:07:24 | INFO     | Epoch  33 | Train: Loss=0.0538, Acc=0.9730 | Val: Loss=0.0603, Acc=0.9680, F1=0.9677 | LR=0.000050 
2025-07-21 23:08:36 | INFO     | Epoch 34:
2025-07-21 23:08:36 | INFO     |   训练指标:
2025-07-21 23:08:36 | INFO     |     损失(ce): 0.040804
2025-07-21 23:08:36 | INFO     |     准确率: 0.973473
2025-07-21 23:08:36 | INFO     |     学习率: 0.00005000
2025-07-21 23:08:36 | INFO     |   验证指标(标准CE):
2025-07-21 23:08:36 | INFO     |     损失: 0.070584
2025-07-21 23:08:36 | INFO     |     准确率: 0.967968
2025-07-21 23:08:36 | INFO     |     F1(macro): 0.968992
2025-07-21 23:08:36 | INFO     |     F1(weighted): 0.967478
2025-07-21 23:08:36 | INFO     |     精确率: 0.974435
2025-07-21 23:08:36 | INFO     |     召回率: 0.970559
2025-07-21 23:08:36 | INFO     |   学习率调度器: f1_based
2025-07-21 23:08:36 | INFO     | ------------------------------------------------------------
2025-07-21 23:08:36 | INFO     | 🎯 学习率调整事件:
2025-07-21 23:08:36 | INFO     |   调度器类型: f1_based
2025-07-21 23:08:36 | INFO     |   学习率变化: 0.00005000 → 0.00002500
2025-07-21 23:08:36 | INFO     |   触发条件: F1分数 = 0.967478
2025-07-21 23:08:36 | INFO     |   变化幅度: -50.00%
2025-07-21 23:08:36 | INFO     | ------------------------------------------------------------
2025-07-21 23:08:36 | INFO     | Epoch  34 | Train: Loss=0.0408, Acc=0.9735 | Val: Loss=0.0706, Acc=0.9680, F1=0.9675 | LR=0.000025 
2025-07-21 23:09:47 | INFO     | Epoch 35:
2025-07-21 23:09:47 | INFO     |   训练指标:
2025-07-21 23:09:47 | INFO     |     损失(ce): 0.037958
2025-07-21 23:09:47 | INFO     |     准确率: 0.975475
2025-07-21 23:09:47 | INFO     |     学习率: 0.00002500
2025-07-21 23:09:47 | INFO     |   验证指标(标准CE):
2025-07-21 23:09:47 | INFO     |     损失: 0.055978
2025-07-21 23:09:47 | INFO     |     准确率: 0.973974
2025-07-21 23:09:47 | INFO     |     F1(macro): 0.974779
2025-07-21 23:09:47 | INFO     |     F1(weighted): 0.973770
2025-07-21 23:09:47 | INFO     |     精确率: 0.977120
2025-07-21 23:09:47 | INFO     |     召回率: 0.974388
2025-07-21 23:09:47 | INFO     |   学习率调度器: f1_based
2025-07-21 23:09:47 | INFO     | ------------------------------------------------------------
2025-07-21 23:09:47 | INFO     | Epoch  35 | Train: Loss=0.0380, Acc=0.9755 | Val: Loss=0.0560, Acc=0.9740, F1=0.9738 | LR=0.000025 🏆 [最佳模型]
2025-07-21 23:10:59 | INFO     | Epoch 36:
2025-07-21 23:10:59 | INFO     |   训练指标:
2025-07-21 23:10:59 | INFO     |     损失(ce): 0.034400
2025-07-21 23:10:59 | INFO     |     准确率: 0.974975
2025-07-21 23:10:59 | INFO     |     学习率: 0.00002500
2025-07-21 23:10:59 | INFO     |   验证指标(标准CE):
2025-07-21 23:10:59 | INFO     |     损失: 0.060992
2025-07-21 23:10:59 | INFO     |     准确率: 0.969970
2025-07-21 23:10:59 | INFO     |     F1(macro): 0.971211
2025-07-21 23:10:59 | INFO     |     F1(weighted): 0.969858
2025-07-21 23:10:59 | INFO     |     精确率: 0.973295
2025-07-21 23:10:59 | INFO     |     召回率: 0.972038
2025-07-21 23:10:59 | INFO     |   学习率调度器: f1_based
2025-07-21 23:10:59 | INFO     | ------------------------------------------------------------
2025-07-21 23:10:59 | INFO     | Epoch  36 | Train: Loss=0.0344, Acc=0.9750 | Val: Loss=0.0610, Acc=0.9700, F1=0.9699 | LR=0.000025 
2025-07-21 23:12:10 | INFO     | Epoch 37:
2025-07-21 23:12:10 | INFO     |   训练指标:
2025-07-21 23:12:10 | INFO     |     损失(ce): 0.032840
2025-07-21 23:12:10 | INFO     |     准确率: 0.977978
2025-07-21 23:12:10 | INFO     |     学习率: 0.00002500
2025-07-21 23:12:10 | INFO     |   验证指标(标准CE):
2025-07-21 23:12:10 | INFO     |     损失: 0.077635
2025-07-21 23:12:10 | INFO     |     准确率: 0.967968
2025-07-21 23:12:10 | INFO     |     F1(macro): 0.969071
2025-07-21 23:12:10 | INFO     |     F1(weighted): 0.967545
2025-07-21 23:12:10 | INFO     |     精确率: 0.975136
2025-07-21 23:12:10 | INFO     |     召回率: 0.970615
2025-07-21 23:12:10 | INFO     |   学习率调度器: f1_based
2025-07-21 23:12:10 | INFO     | ------------------------------------------------------------
2025-07-21 23:12:10 | INFO     | Epoch  37 | Train: Loss=0.0328, Acc=0.9780 | Val: Loss=0.0776, Acc=0.9680, F1=0.9675 | LR=0.000025 
2025-07-21 23:13:21 | INFO     | Epoch 38:
2025-07-21 23:13:21 | INFO     |   训练指标:
2025-07-21 23:13:21 | INFO     |     损失(ce): 0.038866
2025-07-21 23:13:21 | INFO     |     准确率: 0.974725
2025-07-21 23:13:21 | INFO     |     学习率: 0.00002500
2025-07-21 23:13:21 | INFO     |   验证指标(标准CE):
2025-07-21 23:13:21 | INFO     |     损失: 0.055859
2025-07-21 23:13:21 | INFO     |     准确率: 0.973974
2025-07-21 23:13:21 | INFO     |     F1(macro): 0.974728
2025-07-21 23:13:21 | INFO     |     F1(weighted): 0.973727
2025-07-21 23:13:21 | INFO     |     精确率: 0.977635
2025-07-21 23:13:21 | INFO     |     召回率: 0.974305
2025-07-21 23:13:21 | INFO     |   学习率调度器: f1_based
2025-07-21 23:13:21 | INFO     | ------------------------------------------------------------
2025-07-21 23:13:21 | INFO     | Epoch  38 | Train: Loss=0.0389, Acc=0.9747 | Val: Loss=0.0559, Acc=0.9740, F1=0.9737 | LR=0.000025 
2025-07-21 23:14:32 | INFO     | Epoch 39:
2025-07-21 23:14:32 | INFO     |   训练指标:
2025-07-21 23:14:32 | INFO     |     损失(ce): 0.032906
2025-07-21 23:14:32 | INFO     |     准确率: 0.976476
2025-07-21 23:14:32 | INFO     |     学习率: 0.00002500
2025-07-21 23:14:32 | INFO     |   验证指标(标准CE):
2025-07-21 23:14:32 | INFO     |     损失: 0.054109
2025-07-21 23:14:32 | INFO     |     准确率: 0.971972
2025-07-21 23:14:32 | INFO     |     F1(macro): 0.973018
2025-07-21 23:14:32 | INFO     |     F1(weighted): 0.971708
2025-07-21 23:14:32 | INFO     |     精确率: 0.977618
2025-07-21 23:14:32 | INFO     |     召回率: 0.974288
2025-07-21 23:14:32 | INFO     |   学习率调度器: f1_based
2025-07-21 23:14:32 | INFO     | ------------------------------------------------------------
2025-07-21 23:14:32 | INFO     | Epoch  39 | Train: Loss=0.0329, Acc=0.9765 | Val: Loss=0.0541, Acc=0.9720, F1=0.9717 | LR=0.000025 
2025-07-21 23:15:43 | INFO     | Epoch 40:
2025-07-21 23:15:43 | INFO     |   训练指标:
2025-07-21 23:15:43 | INFO     |     损失(ce): 0.031471
2025-07-21 23:15:43 | INFO     |     准确率: 0.973974
2025-07-21 23:15:43 | INFO     |     学习率: 0.00002500
2025-07-21 23:15:43 | INFO     |   验证指标(标准CE):
2025-07-21 23:15:43 | INFO     |     损失: 0.091548
2025-07-21 23:15:43 | INFO     |     准确率: 0.964965
2025-07-21 23:15:43 | INFO     |     F1(macro): 0.966081
2025-07-21 23:15:43 | INFO     |     F1(weighted): 0.964389
2025-07-21 23:15:43 | INFO     |     精确率: 0.973364
2025-07-21 23:15:43 | INFO     |     召回率: 0.967860
2025-07-21 23:15:43 | INFO     |   学习率调度器: f1_based
2025-07-21 23:15:43 | INFO     | ------------------------------------------------------------
2025-07-21 23:15:43 | INFO     | Epoch  40 | Train: Loss=0.0315, Acc=0.9740 | Val: Loss=0.0915, Acc=0.9650, F1=0.9644 | LR=0.000025 
2025-07-21 23:16:54 | INFO     | Epoch 41:
2025-07-21 23:16:54 | INFO     |   训练指标:
2025-07-21 23:16:54 | INFO     |     损失(ce): 0.035224
2025-07-21 23:16:54 | INFO     |     准确率: 0.977477
2025-07-21 23:16:54 | INFO     |     学习率: 0.00002500
2025-07-21 23:16:54 | INFO     |   验证指标(标准CE):
2025-07-21 23:16:54 | INFO     |     损失: 0.049726
2025-07-21 23:16:54 | INFO     |     准确率: 0.974975
2025-07-21 23:16:54 | INFO     |     F1(macro): 0.975725
2025-07-21 23:16:54 | INFO     |     F1(weighted): 0.974759
2025-07-21 23:16:54 | INFO     |     精确率: 0.978364
2025-07-21 23:16:54 | INFO     |     召回率: 0.975306
2025-07-21 23:16:54 | INFO     |   学习率调度器: f1_based
2025-07-21 23:16:54 | INFO     | ------------------------------------------------------------
2025-07-21 23:16:54 | INFO     | Epoch  41 | Train: Loss=0.0352, Acc=0.9775 | Val: Loss=0.0497, Acc=0.9750, F1=0.9748 | LR=0.000025 🏆 [最佳模型]
2025-07-21 23:18:06 | INFO     | Epoch 42:
2025-07-21 23:18:06 | INFO     |   训练指标:
2025-07-21 23:18:06 | INFO     |     损失(ce): 0.036080
2025-07-21 23:18:06 | INFO     |     准确率: 0.975475
2025-07-21 23:18:06 | INFO     |     学习率: 0.00002500
2025-07-21 23:18:06 | INFO     |   验证指标(标准CE):
2025-07-21 23:18:06 | INFO     |     损失: 0.065584
2025-07-21 23:18:06 | INFO     |     准确率: 0.969970
2025-07-21 23:18:06 | INFO     |     F1(macro): 0.971049
2025-07-21 23:18:06 | INFO     |     F1(weighted): 0.969633
2025-07-21 23:18:06 | INFO     |     精确率: 0.976359
2025-07-21 23:18:06 | INFO     |     召回率: 0.972452
2025-07-21 23:18:06 | INFO     |   学习率调度器: f1_based
2025-07-21 23:18:06 | INFO     | ------------------------------------------------------------
2025-07-21 23:18:06 | INFO     | Epoch  42 | Train: Loss=0.0361, Acc=0.9755 | Val: Loss=0.0656, Acc=0.9700, F1=0.9696 | LR=0.000025 
2025-07-21 23:19:18 | INFO     | Epoch 43:
2025-07-21 23:19:18 | INFO     |   训练指标:
2025-07-21 23:19:18 | INFO     |     损失(ce): 0.035270
2025-07-21 23:19:18 | INFO     |     准确率: 0.976226
2025-07-21 23:19:18 | INFO     |     学习率: 0.00002500
2025-07-21 23:19:18 | INFO     |   验证指标(标准CE):
2025-07-21 23:19:18 | INFO     |     损失: 0.055527
2025-07-21 23:19:18 | INFO     |     准确率: 0.970971
2025-07-21 23:19:18 | INFO     |     F1(macro): 0.972072
2025-07-21 23:19:18 | INFO     |     F1(weighted): 0.970722
2025-07-21 23:19:18 | INFO     |     精确率: 0.976274
2025-07-21 23:19:18 | INFO     |     召回率: 0.973287
2025-07-21 23:19:18 | INFO     |   学习率调度器: f1_based
2025-07-21 23:19:18 | INFO     | ------------------------------------------------------------
2025-07-21 23:19:18 | INFO     | Epoch  43 | Train: Loss=0.0353, Acc=0.9762 | Val: Loss=0.0555, Acc=0.9710, F1=0.9707 | LR=0.000025 
2025-07-21 23:20:29 | INFO     | Epoch 44:
2025-07-21 23:20:29 | INFO     |   训练指标:
2025-07-21 23:20:29 | INFO     |     损失(ce): 0.036070
2025-07-21 23:20:29 | INFO     |     准确率: 0.976727
2025-07-21 23:20:29 | INFO     |     学习率: 0.00002500
2025-07-21 23:20:29 | INFO     |   验证指标(标准CE):
2025-07-21 23:20:29 | INFO     |     损失: 0.050577
2025-07-21 23:20:29 | INFO     |     准确率: 0.970971
2025-07-21 23:20:29 | INFO     |     F1(macro): 0.972035
2025-07-21 23:20:29 | INFO     |     F1(weighted): 0.970672
2025-07-21 23:20:29 | INFO     |     精确率: 0.976984
2025-07-21 23:20:29 | INFO     |     召回率: 0.973370
2025-07-21 23:20:29 | INFO     |   学习率调度器: f1_based
2025-07-21 23:20:29 | INFO     | ------------------------------------------------------------
2025-07-21 23:20:29 | INFO     | Epoch  44 | Train: Loss=0.0361, Acc=0.9767 | Val: Loss=0.0506, Acc=0.9710, F1=0.9707 | LR=0.000025 
2025-07-21 23:21:40 | INFO     | Epoch 45:
2025-07-21 23:21:40 | INFO     |   训练指标:
2025-07-21 23:21:40 | INFO     |     损失(ce): 0.034036
2025-07-21 23:21:40 | INFO     |     准确率: 0.976226
2025-07-21 23:21:40 | INFO     |     学习率: 0.00002500
2025-07-21 23:21:40 | INFO     |   验证指标(标准CE):
2025-07-21 23:21:40 | INFO     |     损失: 0.058086
2025-07-21 23:21:40 | INFO     |     准确率: 0.968969
2025-07-21 23:21:40 | INFO     |     F1(macro): 0.970106
2025-07-21 23:21:40 | INFO     |     F1(weighted): 0.968649
2025-07-21 23:21:40 | INFO     |     精确率: 0.974983
2025-07-21 23:21:40 | INFO     |     召回率: 0.971451
2025-07-21 23:21:40 | INFO     |   学习率调度器: f1_based
2025-07-21 23:21:40 | INFO     | ------------------------------------------------------------
2025-07-21 23:21:40 | INFO     | Epoch  45 | Train: Loss=0.0340, Acc=0.9762 | Val: Loss=0.0581, Acc=0.9690, F1=0.9686 | LR=0.000025 
2025-07-21 23:22:51 | INFO     | Epoch 46:
2025-07-21 23:22:51 | INFO     |   训练指标:
2025-07-21 23:22:51 | INFO     |     损失(ce): 0.036536
2025-07-21 23:22:51 | INFO     |     准确率: 0.976727
2025-07-21 23:22:51 | INFO     |     学习率: 0.00002500
2025-07-21 23:22:51 | INFO     |   验证指标(标准CE):
2025-07-21 23:22:51 | INFO     |     损失: 0.058532
2025-07-21 23:22:51 | INFO     |     准确率: 0.972973
2025-07-21 23:22:51 | INFO     |     F1(macro): 0.973834
2025-07-21 23:22:51 | INFO     |     F1(weighted): 0.972782
2025-07-21 23:22:51 | INFO     |     精确率: 0.975899
2025-07-21 23:22:51 | INFO     |     召回率: 0.973469
2025-07-21 23:22:51 | INFO     |   学习率调度器: f1_based
2025-07-21 23:22:51 | INFO     | ------------------------------------------------------------
2025-07-21 23:22:51 | INFO     | Epoch  46 | Train: Loss=0.0365, Acc=0.9767 | Val: Loss=0.0585, Acc=0.9730, F1=0.9728 | LR=0.000025 
2025-07-21 23:24:02 | INFO     | Epoch 47:
2025-07-21 23:24:02 | INFO     |   训练指标:
2025-07-21 23:24:02 | INFO     |     损失(ce): 0.035606
2025-07-21 23:24:02 | INFO     |     准确率: 0.977227
2025-07-21 23:24:02 | INFO     |     学习率: 0.00002500
2025-07-21 23:24:02 | INFO     |   验证指标(标准CE):
2025-07-21 23:24:02 | INFO     |     损失: 0.045173
2025-07-21 23:24:02 | INFO     |     准确率: 0.975976
2025-07-21 23:24:02 | INFO     |     F1(macro): 0.976672
2025-07-21 23:24:02 | INFO     |     F1(weighted): 0.975748
2025-07-21 23:24:02 | INFO     |     精确率: 0.979629
2025-07-21 23:24:02 | INFO     |     召回率: 0.976224
2025-07-21 23:24:02 | INFO     |   学习率调度器: f1_based
2025-07-21 23:24:02 | INFO     | ------------------------------------------------------------
2025-07-21 23:24:02 | INFO     | Epoch  47 | Train: Loss=0.0356, Acc=0.9772 | Val: Loss=0.0452, Acc=0.9760, F1=0.9757 | LR=0.000025 🏆 [最佳模型]
2025-07-21 23:25:14 | INFO     | Epoch 48:
2025-07-21 23:25:14 | INFO     |   训练指标:
2025-07-21 23:25:14 | INFO     |     损失(ce): 0.033237
2025-07-21 23:25:14 | INFO     |     准确率: 0.975225
2025-07-21 23:25:14 | INFO     |     学习率: 0.00002500
2025-07-21 23:25:14 | INFO     |   验证指标(标准CE):
2025-07-21 23:25:14 | INFO     |     损失: 0.050521
2025-07-21 23:25:14 | INFO     |     准确率: 0.971972
2025-07-21 23:25:14 | INFO     |     F1(macro): 0.973018
2025-07-21 23:25:14 | INFO     |     F1(weighted): 0.971708
2025-07-21 23:25:14 | INFO     |     精确率: 0.977618
2025-07-21 23:25:14 | INFO     |     召回率: 0.974288
2025-07-21 23:25:14 | INFO     |   学习率调度器: f1_based
2025-07-21 23:25:14 | INFO     | ------------------------------------------------------------
2025-07-21 23:25:14 | INFO     | Epoch  48 | Train: Loss=0.0332, Acc=0.9752 | Val: Loss=0.0505, Acc=0.9720, F1=0.9717 | LR=0.000025 
2025-07-21 23:26:25 | INFO     | Epoch 49:
2025-07-21 23:26:25 | INFO     |   训练指标:
2025-07-21 23:26:25 | INFO     |     损失(ce): 0.033392
2025-07-21 23:26:25 | INFO     |     准确率: 0.976226
2025-07-21 23:26:25 | INFO     |     学习率: 0.00002500
2025-07-21 23:26:25 | INFO     |   验证指标(标准CE):
2025-07-21 23:26:25 | INFO     |     损失: 0.051284
2025-07-21 23:26:25 | INFO     |     准确率: 0.970971
2025-07-21 23:26:25 | INFO     |     F1(macro): 0.972072
2025-07-21 23:26:25 | INFO     |     F1(weighted): 0.970906
2025-07-21 23:26:25 | INFO     |     精确率: 0.972623
2025-07-21 23:26:25 | INFO     |     召回率: 0.971881
2025-07-21 23:26:25 | INFO     |   学习率调度器: f1_based
2025-07-21 23:26:25 | INFO     | ------------------------------------------------------------
2025-07-21 23:26:25 | INFO     | Epoch  49 | Train: Loss=0.0334, Acc=0.9762 | Val: Loss=0.0513, Acc=0.9710, F1=0.9709 | LR=0.000025 
2025-07-21 23:27:37 | INFO     | Epoch 50:
2025-07-21 23:27:37 | INFO     |   训练指标:
2025-07-21 23:27:37 | INFO     |     损失(ce): 0.031882
2025-07-21 23:27:37 | INFO     |     准确率: 0.978729
2025-07-21 23:27:37 | INFO     |     学习率: 0.00002500
2025-07-21 23:27:37 | INFO     |   验证指标(标准CE):
2025-07-21 23:27:37 | INFO     |     损失: 0.049309
2025-07-21 23:27:37 | INFO     |     准确率: 0.970971
2025-07-21 23:27:37 | INFO     |     F1(macro): 0.972035
2025-07-21 23:27:37 | INFO     |     F1(weighted): 0.970672
2025-07-21 23:27:37 | INFO     |     精确率: 0.976984
2025-07-21 23:27:37 | INFO     |     召回率: 0.973370
2025-07-21 23:27:37 | INFO     |   学习率调度器: f1_based
2025-07-21 23:27:37 | INFO     | ------------------------------------------------------------
2025-07-21 23:27:37 | INFO     | Epoch  50 | Train: Loss=0.0319, Acc=0.9787 | Val: Loss=0.0493, Acc=0.9710, F1=0.9707 | LR=0.000025 
2025-07-21 23:28:48 | INFO     | Epoch 51:
2025-07-21 23:28:48 | INFO     |   训练指标:
2025-07-21 23:28:48 | INFO     |     损失(ce): 0.032086
2025-07-21 23:28:48 | INFO     |     准确率: 0.976977
2025-07-21 23:28:48 | INFO     |     学习率: 0.00002500
2025-07-21 23:28:48 | INFO     |   验证指标(标准CE):
2025-07-21 23:28:48 | INFO     |     损失: 0.067183
2025-07-21 23:28:48 | INFO     |     准确率: 0.971972
2025-07-21 23:28:48 | INFO     |     F1(macro): 0.972890
2025-07-21 23:28:48 | INFO     |     F1(weighted): 0.971795
2025-07-21 23:28:48 | INFO     |     精确率: 0.974698
2025-07-21 23:28:48 | INFO     |     召回率: 0.972551
2025-07-21 23:28:48 | INFO     |   学习率调度器: f1_based
2025-07-21 23:28:48 | INFO     | ------------------------------------------------------------
2025-07-21 23:28:48 | INFO     | Epoch  51 | Train: Loss=0.0321, Acc=0.9770 | Val: Loss=0.0672, Acc=0.9720, F1=0.9718 | LR=0.000025 
2025-07-21 23:30:00 | INFO     | Epoch 52:
2025-07-21 23:30:00 | INFO     |   训练指标:
2025-07-21 23:30:00 | INFO     |     损失(ce): 0.032662
2025-07-21 23:30:00 | INFO     |     准确率: 0.978979
2025-07-21 23:30:00 | INFO     |     学习率: 0.00002500
2025-07-21 23:30:00 | INFO     |   验证指标(标准CE):
2025-07-21 23:30:00 | INFO     |     损失: 0.053372
2025-07-21 23:30:00 | INFO     |     准确率: 0.970971
2025-07-21 23:30:00 | INFO     |     F1(macro): 0.972035
2025-07-21 23:30:00 | INFO     |     F1(weighted): 0.970672
2025-07-21 23:30:00 | INFO     |     精确率: 0.976984
2025-07-21 23:30:00 | INFO     |     召回率: 0.973370
2025-07-21 23:30:00 | INFO     |   学习率调度器: f1_based
2025-07-21 23:30:00 | INFO     | ------------------------------------------------------------
2025-07-21 23:30:00 | INFO     | Epoch  52 | Train: Loss=0.0327, Acc=0.9790 | Val: Loss=0.0534, Acc=0.9710, F1=0.9707 | LR=0.000025 
2025-07-21 23:31:11 | INFO     | Epoch 53:
2025-07-21 23:31:11 | INFO     |   训练指标:
2025-07-21 23:31:11 | INFO     |     损失(ce): 0.034169
2025-07-21 23:31:11 | INFO     |     准确率: 0.976977
2025-07-21 23:31:11 | INFO     |     学习率: 0.00002500
2025-07-21 23:31:11 | INFO     |   验证指标(标准CE):
2025-07-21 23:31:11 | INFO     |     损失: 0.069412
2025-07-21 23:31:11 | INFO     |     准确率: 0.967968
2025-07-21 23:31:11 | INFO     |     F1(macro): 0.969071
2025-07-21 23:31:11 | INFO     |     F1(weighted): 0.967545
2025-07-21 23:31:11 | INFO     |     精确率: 0.975136
2025-07-21 23:31:11 | INFO     |     召回率: 0.970615
2025-07-21 23:31:11 | INFO     |   学习率调度器: f1_based
2025-07-21 23:31:11 | INFO     | ------------------------------------------------------------
2025-07-21 23:31:11 | INFO     | 🎯 学习率调整事件:
2025-07-21 23:31:11 | INFO     |   调度器类型: f1_based
2025-07-21 23:31:11 | INFO     |   学习率变化: 0.00002500 → 0.00001250
2025-07-21 23:31:11 | INFO     |   触发条件: F1分数 = 0.967545
2025-07-21 23:31:11 | INFO     |   变化幅度: -50.00%
2025-07-21 23:31:11 | INFO     | ------------------------------------------------------------
2025-07-21 23:31:11 | INFO     | Epoch  53 | Train: Loss=0.0342, Acc=0.9770 | Val: Loss=0.0694, Acc=0.9680, F1=0.9675 | LR=0.000013 
2025-07-21 23:32:23 | INFO     | Epoch 54:
2025-07-21 23:32:23 | INFO     |   训练指标:
2025-07-21 23:32:23 | INFO     |     损失(ce): 0.033752
2025-07-21 23:32:23 | INFO     |     准确率: 0.971722
2025-07-21 23:32:23 | INFO     |     学习率: 0.00001250
2025-07-21 23:32:23 | INFO     |   验证指标(标准CE):
2025-07-21 23:32:23 | INFO     |     损失: 0.055648
2025-07-21 23:32:23 | INFO     |     准确率: 0.968969
2025-07-21 23:32:23 | INFO     |     F1(macro): 0.970061
2025-07-21 23:32:23 | INFO     |     F1(weighted): 0.968591
2025-07-21 23:32:23 | INFO     |     精确率: 0.975743
2025-07-21 23:32:23 | INFO     |     召回率: 0.971534
2025-07-21 23:32:23 | INFO     |   学习率调度器: f1_based
2025-07-21 23:32:23 | INFO     | ------------------------------------------------------------
2025-07-21 23:32:23 | INFO     | Epoch  54 | Train: Loss=0.0338, Acc=0.9717 | Val: Loss=0.0556, Acc=0.9690, F1=0.9686 | LR=0.000013 
2025-07-21 23:33:34 | INFO     | Epoch 55:
2025-07-21 23:33:34 | INFO     |   训练指标:
2025-07-21 23:33:34 | INFO     |     损失(ce): 0.031020
2025-07-21 23:33:34 | INFO     |     准确率: 0.978729
2025-07-21 23:33:34 | INFO     |     学习率: 0.00001250
2025-07-21 23:33:34 | INFO     |   验证指标(标准CE):
2025-07-21 23:33:34 | INFO     |     损失: 0.052330
2025-07-21 23:33:34 | INFO     |     准确率: 0.970971
2025-07-21 23:33:34 | INFO     |     F1(macro): 0.972035
2025-07-21 23:33:34 | INFO     |     F1(weighted): 0.970672
2025-07-21 23:33:34 | INFO     |     精确率: 0.976984
2025-07-21 23:33:34 | INFO     |     召回率: 0.973370
2025-07-21 23:33:34 | INFO     |   学习率调度器: f1_based
2025-07-21 23:33:34 | INFO     | ------------------------------------------------------------
2025-07-21 23:33:34 | INFO     | Epoch  55 | Train: Loss=0.0310, Acc=0.9787 | Val: Loss=0.0523, Acc=0.9710, F1=0.9707 | LR=0.000013 
2025-07-21 23:34:46 | INFO     | Epoch 56:
2025-07-21 23:34:46 | INFO     |   训练指标:
2025-07-21 23:34:46 | INFO     |     损失(ce): 0.032739
2025-07-21 23:34:46 | INFO     |     准确率: 0.975225
2025-07-21 23:34:46 | INFO     |     学习率: 0.00001250
2025-07-21 23:34:46 | INFO     |   验证指标(标准CE):
2025-07-21 23:34:46 | INFO     |     损失: 0.056633
2025-07-21 23:34:46 | INFO     |     准确率: 0.970971
2025-07-21 23:34:46 | INFO     |     F1(macro): 0.972035
2025-07-21 23:34:46 | INFO     |     F1(weighted): 0.970672
2025-07-21 23:34:46 | INFO     |     精确率: 0.976984
2025-07-21 23:34:46 | INFO     |     召回率: 0.973370
2025-07-21 23:34:46 | INFO     |   学习率调度器: f1_based
2025-07-21 23:34:46 | INFO     | ------------------------------------------------------------
2025-07-21 23:34:46 | INFO     | Epoch  56 | Train: Loss=0.0327, Acc=0.9752 | Val: Loss=0.0566, Acc=0.9710, F1=0.9707 | LR=0.000013 
2025-07-21 23:35:57 | INFO     | Epoch 57:
2025-07-21 23:35:57 | INFO     |   训练指标:
2025-07-21 23:35:57 | INFO     |     损失(ce): 0.031268
2025-07-21 23:35:57 | INFO     |     准确率: 0.979730
2025-07-21 23:35:57 | INFO     |     学习率: 0.00001250
2025-07-21 23:35:57 | INFO     |   验证指标(标准CE):
2025-07-21 23:35:57 | INFO     |     损失: 0.055396
2025-07-21 23:35:57 | INFO     |     准确率: 0.970971
2025-07-21 23:35:57 | INFO     |     F1(macro): 0.972035
2025-07-21 23:35:57 | INFO     |     F1(weighted): 0.970672
2025-07-21 23:35:57 | INFO     |     精确率: 0.976984
2025-07-21 23:35:57 | INFO     |     召回率: 0.973370
2025-07-21 23:35:57 | INFO     |   学习率调度器: f1_based
2025-07-21 23:35:57 | INFO     | ------------------------------------------------------------
2025-07-21 23:35:57 | INFO     | Epoch  57 | Train: Loss=0.0313, Acc=0.9797 | Val: Loss=0.0554, Acc=0.9710, F1=0.9707 | LR=0.000013 
2025-07-21 23:37:09 | INFO     | Epoch 58:
2025-07-21 23:37:09 | INFO     |   训练指标:
2025-07-21 23:37:09 | INFO     |     损失(ce): 0.033457
2025-07-21 23:37:09 | INFO     |     准确率: 0.975976
2025-07-21 23:37:09 | INFO     |     学习率: 0.00001250
2025-07-21 23:37:09 | INFO     |   验证指标(标准CE):
2025-07-21 23:37:09 | INFO     |     损失: 0.051996
2025-07-21 23:37:09 | INFO     |     准确率: 0.970971
2025-07-21 23:37:09 | INFO     |     F1(macro): 0.972072
2025-07-21 23:37:09 | INFO     |     F1(weighted): 0.970722
2025-07-21 23:37:09 | INFO     |     精确率: 0.976274
2025-07-21 23:37:09 | INFO     |     召回率: 0.973287
2025-07-21 23:37:09 | INFO     |   学习率调度器: f1_based
2025-07-21 23:37:09 | INFO     | ------------------------------------------------------------
2025-07-21 23:37:09 | INFO     | Epoch  58 | Train: Loss=0.0335, Acc=0.9760 | Val: Loss=0.0520, Acc=0.9710, F1=0.9707 | LR=0.000013 
2025-07-21 23:38:20 | INFO     | Epoch 59:
2025-07-21 23:38:20 | INFO     |   训练指标:
2025-07-21 23:38:20 | INFO     |     损失(ce): 0.031110
2025-07-21 23:38:20 | INFO     |     准确率: 0.978228
2025-07-21 23:38:20 | INFO     |     学习率: 0.00001250
2025-07-21 23:38:20 | INFO     |   验证指标(标准CE):
2025-07-21 23:38:20 | INFO     |     损失: 0.058930
2025-07-21 23:38:20 | INFO     |     准确率: 0.970971
2025-07-21 23:38:20 | INFO     |     F1(macro): 0.972035
2025-07-21 23:38:20 | INFO     |     F1(weighted): 0.970672
2025-07-21 23:38:20 | INFO     |     精确率: 0.976984
2025-07-21 23:38:20 | INFO     |     召回率: 0.973370
2025-07-21 23:38:20 | INFO     |   学习率调度器: f1_based
2025-07-21 23:38:20 | INFO     | ------------------------------------------------------------
2025-07-21 23:38:20 | INFO     | Epoch  59 | Train: Loss=0.0311, Acc=0.9782 | Val: Loss=0.0589, Acc=0.9710, F1=0.9707 | LR=0.000013 
2025-07-21 23:39:31 | INFO     | Epoch 60:
2025-07-21 23:39:31 | INFO     |   训练指标:
2025-07-21 23:39:31 | INFO     |     损失(ce): 0.032345
2025-07-21 23:39:31 | INFO     |     准确率: 0.976977
2025-07-21 23:39:31 | INFO     |     学习率: 0.00001250
2025-07-21 23:39:31 | INFO     |   验证指标(标准CE):
2025-07-21 23:39:31 | INFO     |     损失: 0.053733
2025-07-21 23:39:31 | INFO     |     准确率: 0.972973
2025-07-21 23:39:31 | INFO     |     F1(macro): 0.974134
2025-07-21 23:39:31 | INFO     |     F1(weighted): 0.972953
2025-07-21 23:39:31 | INFO     |     精确率: 0.974877
2025-07-21 23:39:31 | INFO     |     召回率: 0.974628
2025-07-21 23:39:31 | INFO     |   学习率调度器: f1_based
2025-07-21 23:39:31 | INFO     | ------------------------------------------------------------
2025-07-21 23:39:31 | INFO     | Epoch  60 | Train: Loss=0.0323, Acc=0.9770 | Val: Loss=0.0537, Acc=0.9730, F1=0.9730 | LR=0.000013 
2025-07-21 23:40:43 | INFO     | Epoch 61:
2025-07-21 23:40:43 | INFO     |   训练指标:
2025-07-21 23:40:43 | INFO     |     损失(ce): 0.032180
2025-07-21 23:40:43 | INFO     |     准确率: 0.976977
2025-07-21 23:40:43 | INFO     |     学习率: 0.00001250
2025-07-21 23:40:43 | INFO     |   验证指标(标准CE):
2025-07-21 23:40:43 | INFO     |     损失: 0.068900
2025-07-21 23:40:43 | INFO     |     准确率: 0.966967
2025-07-21 23:40:43 | INFO     |     F1(macro): 0.968130
2025-07-21 23:40:43 | INFO     |     F1(weighted): 0.966564
2025-07-21 23:40:43 | INFO     |     精确率: 0.973726
2025-07-21 23:40:43 | INFO     |     召回率: 0.969614
2025-07-21 23:40:43 | INFO     |   学习率调度器: f1_based
2025-07-21 23:40:43 | INFO     | ------------------------------------------------------------
2025-07-21 23:40:43 | INFO     | 🎯 学习率调整事件:
2025-07-21 23:40:43 | INFO     |   调度器类型: f1_based
2025-07-21 23:40:43 | INFO     |   学习率变化: 0.00001250 → 0.00000625
2025-07-21 23:40:43 | INFO     |   触发条件: F1分数 = 0.966564
2025-07-21 23:40:43 | INFO     |   变化幅度: -50.00%
2025-07-21 23:40:43 | INFO     | ------------------------------------------------------------
2025-07-21 23:40:43 | INFO     | Epoch  61 | Train: Loss=0.0322, Acc=0.9770 | Val: Loss=0.0689, Acc=0.9670, F1=0.9666 | LR=0.000006 
2025-07-21 23:41:54 | INFO     | Epoch 62:
2025-07-21 23:41:54 | INFO     |   训练指标:
2025-07-21 23:41:54 | INFO     |     损失(ce): 0.031328
2025-07-21 23:41:54 | INFO     |     准确率: 0.977978
2025-07-21 23:41:54 | INFO     |     学习率: 0.00000625
2025-07-21 23:41:54 | INFO     |   验证指标(标准CE):
2025-07-21 23:41:54 | INFO     |     损失: 0.055984
2025-07-21 23:41:54 | INFO     |     准确率: 0.969970
2025-07-21 23:41:54 | INFO     |     F1(macro): 0.971090
2025-07-21 23:41:54 | INFO     |     F1(weighted): 0.969687
2025-07-21 23:41:54 | INFO     |     精确率: 0.975624
2025-07-21 23:41:54 | INFO     |     召回率: 0.972369
2025-07-21 23:41:54 | INFO     |   学习率调度器: f1_based
2025-07-21 23:41:54 | INFO     | ------------------------------------------------------------
2025-07-21 23:41:54 | INFO     | Epoch  62 | Train: Loss=0.0313, Acc=0.9780 | Val: Loss=0.0560, Acc=0.9700, F1=0.9697 | LR=0.000006 
2025-07-21 23:41:54 | INFO     | ⏹️ 早停触发，在第 62 轮停止训练
2025-07-21 23:42:05 | INFO     | 训练历史已保存到: ./result/0721_2228_DualGAF_DualGAFNet_dilated_enhanced_sl96_step96_fd128_extractor-dilated_gaf-adaptive_attention-channel_classifier-mlp_stat-correlation_focused_fusion-concat_ablation-no_diff/training_history.csv
2025-07-21 23:42:05 | INFO     | 
====================================================================================================
2025-07-21 23:42:05 | INFO     | 🎉 训练完成总结:
2025-07-21 23:42:05 | INFO     |   训练损失函数: ce
2025-07-21 23:42:05 | INFO     |   验证损失函数: 标准交叉熵（遵循主流ML规范）
2025-07-21 23:42:05 | INFO     |   训练过程最佳验证准确率: 0.9760
2025-07-21 23:42:05 | INFO     |   训练过程最佳验证F1(macro): 0.9767
2025-07-21 23:42:05 | INFO     |   训练过程最佳验证F1(weighted): 0.9757
2025-07-21 23:42:05 | INFO     |   训练轮数: 62
2025-07-21 23:42:05 | INFO     | --------------------------------------------------
2025-07-21 23:42:05 | INFO     | 📊 最佳模型真实性能指标（基于标准交叉熵损失）:
2025-07-21 23:42:05 | INFO     |   验证损失(标准CE): 0.0452
2025-07-21 23:42:05 | INFO     |   验证准确率: 0.9760
2025-07-21 23:42:05 | INFO     |   验证F1(macro): 0.9767
2025-07-21 23:42:05 | INFO     |   验证F1(weighted): 0.9757
2025-07-21 23:42:05 | INFO     |   验证精确率: 0.9796
2025-07-21 23:42:05 | INFO     |   验证召回率: 0.9762
2025-07-21 23:42:05 | INFO     | ====================================================================================================
2025-07-21 23:42:07 | INFO     | ================================================================================
2025-07-21 23:42:07 | INFO     | 实验日志结束: DualGAF_DualGAFNet_dilated_enhanced_sl96_step96_fd128_extractor-dilated_gaf-adaptive_attention-channel_classifier-mlp_stat-correlation_focused_fusion-concat_ablation-no_diff
2025-07-21 23:42:07 | INFO     | 结束时间: 2025-07-21 23:42:07
2025-07-21 23:42:07 | INFO     | ================================================================================
