2025-07-23 18:12:38 | INFO     | ================================================================================
2025-07-23 18:12:38 | INFO     | 实验日志开始: DualGAF_DDAHU_DualGAFNet_静态融合缩放+concat+通道注意力_sl96_step96_fd128_extractor-dilated_gaf-adaptive_attention-channel_classifier-mlp_stat-basic_fusion-concat
2025-07-23 18:12:38 | INFO     | 日志文件: ./result/0723_1812_DualGAF_DDAHU_DualGAFNet_静态融合缩放+concat+通道注意力_sl96_step96_fd128_extractor-dilated_gaf-adaptive_attention-channel_classifier-mlp_stat-basic_fusion-concat/training.log
2025-07-23 18:12:38 | INFO     | 开始时间: 2025-07-23 18:12:38
2025-07-23 18:12:38 | INFO     | ================================================================================
2025-07-23 18:12:38 | INFO     | ⚙️ 实验配置:
2025-07-23 18:12:38 | INFO     |    task_name: classification
2025-07-23 18:12:38 | INFO     |    is_training: 1
2025-07-23 18:12:38 | INFO     |    model_id: test
2025-07-23 18:12:38 | INFO     |    model: DualGAFNet
2025-07-23 18:12:38 | INFO     |    data: DualGAF_DDAHU
2025-07-23 18:12:38 | INFO     |    root_path: ./dataset/DDAHU/direct_5_working
2025-07-23 18:12:38 | INFO     |    step: 96
2025-07-23 18:12:38 | INFO     |    checkpoints: ./checkpoints/
2025-07-23 18:12:38 | INFO     |    num_class: 29
2025-07-23 18:12:38 | INFO     |    result_path: ./result/
2025-07-23 18:12:38 | INFO     |    test_size: 0.2
2025-07-23 18:12:38 | INFO     |    rows: None
2025-07-23 18:12:38 | INFO     |    seq_len: 96
2025-07-23 18:12:38 | INFO     |    enc_in: 97
2025-07-23 18:12:38 | INFO     |    d_model: 512
2025-07-23 18:12:38 | INFO     |    n_heads: 8
2025-07-23 18:12:38 | INFO     |    e_layers: 2
2025-07-23 18:12:38 | INFO     |    d_layers: 1
2025-07-23 18:12:38 | INFO     |    d_ff: 2048
2025-07-23 18:12:38 | INFO     |    moving_avg: 25
2025-07-23 18:12:38 | INFO     |    factor: 1
2025-07-23 18:12:38 | INFO     |    distil: True
2025-07-23 18:12:38 | INFO     |    dropout: 0.1
2025-07-23 18:12:38 | INFO     |    embed: timeF
2025-07-23 18:12:38 | INFO     |    activation: gelu
2025-07-23 18:12:38 | INFO     |    use_norm: 1
2025-07-23 18:12:38 | INFO     |    gaf_method: summation
2025-07-23 18:12:38 | INFO     |    feature_dim: 128
2025-07-23 18:12:38 | INFO     |    data_type_method: uint8
2025-07-23 18:12:38 | INFO     |    use_attention: True
2025-07-23 18:12:38 | INFO     |    hidden_dim: 64
2025-07-23 18:12:38 | INFO     |    sample_size: 1000
2025-07-23 18:12:38 | INFO     |    channel_groups: None
2025-07-23 18:12:38 | INFO     |    hvac_groups: None
2025-07-23 18:12:38 | INFO     |    extractor_type: dilated
2025-07-23 18:12:38 | INFO     |    fusion_type: adaptive
2025-07-23 18:12:38 | INFO     |    attention_type: channel
2025-07-23 18:12:38 | INFO     |    classifier_type: mlp
2025-07-23 18:12:38 | INFO     |    use_statistical_features: True
2025-07-23 18:12:38 | INFO     |    stat_type: basic
2025-07-23 18:12:38 | INFO     |    multimodal_fusion_strategy: concat
2025-07-23 18:12:38 | INFO     |    use_signal_level_stats: False
2025-07-23 18:12:38 | INFO     |    signal_stat_type: comprehensive
2025-07-23 18:12:38 | INFO     |    signal_stat_fusion_strategy: concat_project
2025-07-23 18:12:38 | INFO     |    signal_stat_feature_dim: 32
2025-07-23 18:12:38 | INFO     |    use_diff_branch: True
2025-07-23 18:12:38 | INFO     |    ablation_mode: none
2025-07-23 18:12:38 | INFO     |    backbone_type: resnet18
2025-07-23 18:12:38 | INFO     |    use_sum_branch: True
2025-07-23 18:12:38 | INFO     |    num_workers: 0
2025-07-23 18:12:38 | INFO     |    cuda_debug: False
2025-07-23 18:12:38 | INFO     |    gpu_memory_fraction: 0.9
2025-07-23 18:12:38 | INFO     |    safe_mode: True
2025-07-23 18:12:38 | INFO     |    drop_last_batch: True
2025-07-23 18:12:38 | INFO     |    itr: 1
2025-07-23 18:12:38 | INFO     |    train_epochs: 300
2025-07-23 18:12:38 | INFO     |    batch_size: 4
2025-07-23 18:12:38 | INFO     |    patience: 15
2025-07-23 18:12:38 | INFO     |    learning_rate: 0.0001
2025-07-23 18:12:38 | INFO     |    des: 静态融合缩放+concat+通道注意力
2025-07-23 18:12:38 | INFO     |    loss: MSE
2025-07-23 18:12:38 | INFO     |    lradj: type1
2025-07-23 18:12:38 | INFO     |    lr_scheduler_type: f1_based
2025-07-23 18:12:38 | INFO     |    lr_loss_weight: 0.3
2025-07-23 18:12:38 | INFO     |    lr_f1_weight: 0.7
2025-07-23 18:12:38 | INFO     |    use_amp: False
2025-07-23 18:12:38 | INFO     |    gradient_accumulation_steps: 2
2025-07-23 18:12:38 | INFO     |    enable_auto_gradient_accumulation: True
2025-07-23 18:12:38 | INFO     |    loss_type: ce
2025-07-23 18:12:38 | INFO     |    label_smoothing: 0.1
2025-07-23 18:12:38 | INFO     |    focal_alpha: 1.0
2025-07-23 18:12:38 | INFO     |    focal_gamma: 2.0
2025-07-23 18:12:38 | INFO     |    confidence_penalty_beta: 0.1
2025-07-23 18:12:38 | INFO     |    use_timm_loss: True
2025-07-23 18:12:38 | INFO     |    adaptive_initial_smoothing: 0.2
2025-07-23 18:12:38 | INFO     |    adaptive_final_smoothing: 0.05
2025-07-23 18:12:38 | INFO     |    adaptive_decay_epochs: 30
2025-07-23 18:12:38 | INFO     |    enable_class_weights: False
2025-07-23 18:12:38 | INFO     |    class_weights: None
2025-07-23 18:12:38 | INFO     |    loss_preset: None
2025-07-23 18:12:38 | INFO     |    n_jobs: 1
2025-07-23 18:12:38 | INFO     |    use_multiprocessing: False
2025-07-23 18:12:38 | INFO     |    chunk_size: 800
2025-07-23 18:12:38 | INFO     |    disable_parallel: True
2025-07-23 18:12:38 | INFO     |    use_shared_memory: False
2025-07-23 18:12:38 | INFO     |    disable_shared_memory: False
2025-07-23 18:12:38 | INFO     |    use_gpu: True
2025-07-23 18:12:38 | INFO     |    gpu: 0
2025-07-23 18:12:38 | INFO     |    gpu_type: cuda
2025-07-23 18:12:38 | INFO     |    use_multi_gpu: False
2025-07-23 18:12:38 | INFO     |    devices: 0,1,2,3
2025-07-23 18:12:38 | INFO     |    device: cuda:0
2025-07-23 18:12:38 | INFO     |    feature_columns: ['CHWP_GPMC', 'CHWC_VLV_DM', 'CHWC_VLV', 'CHWC_MWT', 'CHWC_LWT', 'VAVCFM_H_DM_SB', 'CHWC_EAH', 'VAV_DAT_SA', 'CHWC_DAT', 'VAV_SP_C_SA', 'HWP_GPMT', 'VAVCFM_C_DM_SB', 'RM_TEMP_W', 'HWP_GPMC', 'VAVCFM_T_SB', 'VAV_DMPR_H_SB', 'HWC_VLV_DM', 'VAVCFM_H_SB', 'HWC_VLV', 'VAV_DMPR_H_E', 'HWC_LWT', 'HWC_MWT', 'VAV_DMPR_C_SB', 'HWC_DAT', 'RM_TEMP_SB', 'CSF_WAT', 'CSF_SPD', 'CSF_DP', 'CSA_TEMP', 'CSA_CFM', 'VAV_EAT_C_SB', 'CSA_HUMD', 'CSA_SP', 'VAVCFM_C_SB', 'VAVCFM_H_W', 'HSF_SPD', 'VAV_EAT_H_SB', 'VAV_DAT_SB', 'RM_TEMP_SA', 'HSF_DP', 'HSA_TEMP', 'VAVCFM_C_DM_W', 'VAVCFM_C_W', 'VAV_DAT_W', 'HSA_SP', 'HSA_CFM', 'VAV_DMPR_H_W', 'HSF_WAT', 'VAVCFM_T_W', 'EA_DMPR_DM', 'RF_WAT', 'VAV_SP_C_W', 'VAV_SP_H_E', 'EA_DMPR', 'VAV_SP_H_SB', 'RF_SPD', 'RA_TEMP', 'RA_HUMD', 'VAV_SP_H_SA', 'VAV_EAT_H_W', 'RF_DP', 'VAV_DMPR_C_SA', 'VAV_SP_C_SB', 'RA_DMPR_DM', 'VAV_DMPR_H_SA', 'VAV_SP_H_W', 'VAVCFM_H_DM_SA', 'RA_DMPR', 'VAV_EAT_C_W', 'VAVCFM_C_DM_SA', 'RA_CFM', 'MA_TEMP', 'VAVCFM_C_SA', 'OA_TEMP', 'VAVCFM_H_SA', 'VAVCFM_H_DM_W', 'OA_HUMD', 'VAVCFM_T_SA', 'OA_DMPR_DM', 'VAV_EAT_C_SA', 'VAV_DMPR_C_W', 'OA_DMPR', 'VAV_EAT_H_SA', 'HSA_HUMD', 'RM_TEMP_E', 'VAV_EAT_H_E', 'VAV_DAT_E', 'VAV_EAT_C_E', 'VAVCFM_T_E', 'VAVCFM_H_E', 'VAV_SP_C_E', 'VAVCFM_C_DM_E', 'OA_CFM', 'VAV_DMPR_C_E', 'VAVCFM_C_E', 'VAVCFM_H_DM_E', 'CHWP_GPMT']
2025-07-23 18:12:38 | INFO     | 🏗️ 模型信息:
2025-07-23 18:12:38 | INFO     |    模型类型: Model
2025-07-23 18:12:38 | INFO     |    总参数数量: 26,996,130
2025-07-23 18:12:38 | INFO     |    可训练参数: 26,996,130
2025-07-23 18:12:38 | INFO     |    模型大小估计: 102.98 MB
2025-07-23 18:12:38 | INFO     | 📊 数据集信息:
2025-07-23 18:12:38 | INFO     |    训练集大小: 5967
2025-07-23 18:12:38 | INFO     |    验证集大小: 1492
2025-07-23 18:12:38 | INFO     | 
================================================================================
2025-07-23 18:12:38 | INFO     | 📋 损失函数使用策略（遵循主流机器学习规范）:
2025-07-23 18:12:38 | INFO     |    🎯 训练阶段: 使用 ce 损失函数
2025-07-23 18:12:38 | INFO     |       → 目的：优化模型参数，解决特定问题（类别不平衡、相似性等）
2025-07-23 18:12:38 | INFO     |    📊 验证阶段: 使用标准交叉熵损失函数
2025-07-23 18:12:38 | INFO     |       → 目的：客观评估模型性能，便于不同方法比较
2025-07-23 18:12:38 | INFO     |    📈 最终报告: 基于标准交叉熵损失的指标
2025-07-23 18:12:38 | INFO     |       → 目的：提供可信、可比较的性能指标
2025-07-23 18:12:38 | INFO     | ================================================================================

2025-07-23 18:12:38 | INFO     | 🔄 梯度累积配置: 每2轮累积一次梯度
2025-07-23 18:12:38 | INFO     |    实际batch_size: 4
2025-07-23 18:12:38 | INFO     |    有效batch_size: 8
2025-07-23 18:17:37 | INFO     | Epoch 1:
2025-07-23 18:17:37 | INFO     |   训练指标:
2025-07-23 18:17:37 | INFO     |     损失(ce): 2.779486
2025-07-23 18:17:37 | INFO     |     准确率: 0.175218
2025-07-23 18:17:37 | INFO     |     学习率: 0.00010000
2025-07-23 18:17:37 | INFO     |   验证指标(标准CE):
2025-07-23 18:17:37 | INFO     |     损失: 1.761793
2025-07-23 18:17:37 | INFO     |     准确率: 0.449062
2025-07-23 18:17:37 | INFO     |     F1(macro): 0.382486
2025-07-23 18:17:37 | INFO     |     F1(weighted): 0.383686
2025-07-23 18:17:37 | INFO     |     精确率: 0.448103
2025-07-23 18:17:37 | INFO     |     召回率: 0.447271
2025-07-23 18:17:37 | INFO     |   学习率调度器: f1_based
2025-07-23 18:17:37 | INFO     | ------------------------------------------------------------
2025-07-23 18:17:37 | INFO     | Epoch   1 | Train: Loss=2.7795, Acc=0.1752 | Val: Loss=1.7618, Acc=0.4491, F1=0.3837 | LR=0.000100 🏆 [最佳模型]
2025-07-23 18:22:01 | INFO     | Epoch 2:
2025-07-23 18:22:01 | INFO     |   训练指标:
2025-07-23 18:22:01 | INFO     |     损失(ce): 1.459887
2025-07-23 18:22:01 | INFO     |     准确率: 0.535882
2025-07-23 18:22:01 | INFO     |     学习率: 0.00010000
2025-07-23 18:22:01 | INFO     |   验证指标(标准CE):
2025-07-23 18:22:01 | INFO     |     损失: 0.978718
2025-07-23 18:22:01 | INFO     |     准确率: 0.695710
2025-07-23 18:22:01 | INFO     |     F1(macro): 0.693876
2025-07-23 18:22:01 | INFO     |     F1(weighted): 0.677583
2025-07-23 18:22:01 | INFO     |     精确率: 0.745978
2025-07-23 18:22:01 | INFO     |     召回率: 0.713527
2025-07-23 18:22:01 | INFO     |   学习率调度器: f1_based
2025-07-23 18:22:01 | INFO     | ------------------------------------------------------------
2025-07-23 18:22:01 | INFO     | Epoch   2 | Train: Loss=1.4599, Acc=0.5359 | Val: Loss=0.9787, Acc=0.6957, F1=0.6776 | LR=0.000100 🏆 [最佳模型]
2025-07-23 18:26:17 | INFO     | Epoch 3:
2025-07-23 18:26:17 | INFO     |   训练指标:
2025-07-23 18:26:17 | INFO     |     损失(ce): 0.943563
2025-07-23 18:26:17 | INFO     |     准确率: 0.697518
2025-07-23 18:26:17 | INFO     |     学习率: 0.00010000
2025-07-23 18:26:17 | INFO     |   验证指标(标准CE):
2025-07-23 18:26:17 | INFO     |     损失: 1.173867
2025-07-23 18:26:17 | INFO     |     准确率: 0.648123
2025-07-23 18:26:17 | INFO     |     F1(macro): 0.639144
2025-07-23 18:26:17 | INFO     |     F1(weighted): 0.630161
2025-07-23 18:26:17 | INFO     |     精确率: 0.678454
2025-07-23 18:26:17 | INFO     |     召回率: 0.656174
2025-07-23 18:26:17 | INFO     |   学习率调度器: f1_based
2025-07-23 18:26:17 | INFO     | ------------------------------------------------------------
2025-07-23 18:26:17 | INFO     | Epoch   3 | Train: Loss=0.9436, Acc=0.6975 | Val: Loss=1.1739, Acc=0.6481, F1=0.6302 | LR=0.000100 
2025-07-23 18:30:31 | INFO     | Epoch 4:
2025-07-23 18:30:31 | INFO     |   训练指标:
2025-07-23 18:30:31 | INFO     |     损失(ce): 0.745675
2025-07-23 18:30:31 | INFO     |     准确率: 0.764085
2025-07-23 18:30:31 | INFO     |     学习率: 0.00010000
2025-07-23 18:30:31 | INFO     |   验证指标(标准CE):
2025-07-23 18:30:31 | INFO     |     损失: 0.586406
2025-07-23 18:30:31 | INFO     |     准确率: 0.784853
2025-07-23 18:30:31 | INFO     |     F1(macro): 0.775206
2025-07-23 18:30:31 | INFO     |     F1(weighted): 0.773377
2025-07-23 18:30:31 | INFO     |     精确率: 0.821418
2025-07-23 18:30:31 | INFO     |     召回率: 0.784995
2025-07-23 18:30:31 | INFO     |   学习率调度器: f1_based
2025-07-23 18:30:31 | INFO     | ------------------------------------------------------------
2025-07-23 18:30:31 | INFO     | Epoch   4 | Train: Loss=0.7457, Acc=0.7641 | Val: Loss=0.5864, Acc=0.7849, F1=0.7734 | LR=0.000100 🏆 [最佳模型]
2025-07-23 18:34:46 | INFO     | Epoch 5:
2025-07-23 18:34:46 | INFO     |   训练指标:
2025-07-23 18:34:46 | INFO     |     损失(ce): 0.603654
2025-07-23 18:34:46 | INFO     |     准确率: 0.803488
2025-07-23 18:34:46 | INFO     |     学习率: 0.00010000
2025-07-23 18:34:46 | INFO     |   验证指标(标准CE):
2025-07-23 18:34:46 | INFO     |     损失: 0.492098
2025-07-23 18:34:46 | INFO     |     准确率: 0.836461
2025-07-23 18:34:46 | INFO     |     F1(macro): 0.845931
2025-07-23 18:34:46 | INFO     |     F1(weighted): 0.845789
2025-07-23 18:34:46 | INFO     |     精确率: 0.891504
2025-07-23 18:34:46 | INFO     |     召回率: 0.835237
2025-07-23 18:34:46 | INFO     |   学习率调度器: f1_based
2025-07-23 18:34:46 | INFO     | ------------------------------------------------------------
2025-07-23 18:34:46 | INFO     | Epoch   5 | Train: Loss=0.6037, Acc=0.8035 | Val: Loss=0.4921, Acc=0.8365, F1=0.8458 | LR=0.000100 🏆 [最佳模型]
2025-07-23 18:39:03 | INFO     | Epoch 6:
2025-07-23 18:39:03 | INFO     |   训练指标:
2025-07-23 18:39:03 | INFO     |     损失(ce): 0.519295
2025-07-23 18:39:03 | INFO     |     准确率: 0.827632
2025-07-23 18:39:03 | INFO     |     学习率: 0.00010000
2025-07-23 18:39:03 | INFO     |   验证指标(标准CE):
2025-07-23 18:39:03 | INFO     |     损失: 0.386011
2025-07-23 18:39:03 | INFO     |     准确率: 0.885389
2025-07-23 18:39:03 | INFO     |     F1(macro): 0.895858
2025-07-23 18:39:03 | INFO     |     F1(weighted): 0.893457
2025-07-23 18:39:03 | INFO     |     精确率: 0.920300
2025-07-23 18:39:03 | INFO     |     召回率: 0.889382
2025-07-23 18:39:03 | INFO     |   学习率调度器: f1_based
2025-07-23 18:39:03 | INFO     | ------------------------------------------------------------
2025-07-23 18:39:03 | INFO     | Epoch   6 | Train: Loss=0.5193, Acc=0.8276 | Val: Loss=0.3860, Acc=0.8854, F1=0.8935 | LR=0.000100 🏆 [最佳模型]
2025-07-23 18:43:18 | INFO     | Epoch 7:
2025-07-23 18:43:18 | INFO     |   训练指标:
2025-07-23 18:43:18 | INFO     |     损失(ce): 0.470572
2025-07-23 18:43:18 | INFO     |     准确率: 0.844400
2025-07-23 18:43:18 | INFO     |     学习率: 0.00010000
2025-07-23 18:43:18 | INFO     |   验证指标(标准CE):
2025-07-23 18:43:18 | INFO     |     损失: 0.383926
2025-07-23 18:43:18 | INFO     |     准确率: 0.889410
2025-07-23 18:43:18 | INFO     |     F1(macro): 0.898513
2025-07-23 18:43:18 | INFO     |     F1(weighted): 0.895272
2025-07-23 18:43:18 | INFO     |     精确率: 0.932265
2025-07-23 18:43:18 | INFO     |     召回率: 0.892321
2025-07-23 18:43:18 | INFO     |   学习率调度器: f1_based
2025-07-23 18:43:18 | INFO     | ------------------------------------------------------------
2025-07-23 18:43:18 | INFO     | Epoch   7 | Train: Loss=0.4706, Acc=0.8444 | Val: Loss=0.3839, Acc=0.8894, F1=0.8953 | LR=0.000100 🏆 [最佳模型]
2025-07-23 18:47:33 | INFO     | Epoch 8:
2025-07-23 18:47:33 | INFO     |   训练指标:
2025-07-23 18:47:33 | INFO     |     损失(ce): 0.445950
2025-07-23 18:47:33 | INFO     |     准确率: 0.854628
2025-07-23 18:47:33 | INFO     |     学习率: 0.00010000
2025-07-23 18:47:33 | INFO     |   验证指标(标准CE):
2025-07-23 18:47:33 | INFO     |     损失: 0.810307
2025-07-23 18:47:33 | INFO     |     准确率: 0.792225
2025-07-23 18:47:33 | INFO     |     F1(macro): 0.787072
2025-07-23 18:47:33 | INFO     |     F1(weighted): 0.784282
2025-07-23 18:47:33 | INFO     |     精确率: 0.833606
2025-07-23 18:47:33 | INFO     |     召回率: 0.793014
2025-07-23 18:47:33 | INFO     |   学习率调度器: f1_based
2025-07-23 18:47:33 | INFO     | ------------------------------------------------------------
2025-07-23 18:47:33 | INFO     | Epoch   8 | Train: Loss=0.4460, Acc=0.8546 | Val: Loss=0.8103, Acc=0.7922, F1=0.7843 | LR=0.000100 
2025-07-23 18:51:47 | INFO     | Epoch 9:
2025-07-23 18:51:47 | INFO     |   训练指标:
2025-07-23 18:51:47 | INFO     |     损失(ce): 0.390266
2025-07-23 18:51:47 | INFO     |     准确率: 0.873742
2025-07-23 18:51:47 | INFO     |     学习率: 0.00010000
2025-07-23 18:51:47 | INFO     |   验证指标(标准CE):
2025-07-23 18:51:47 | INFO     |     损失: 0.362267
2025-07-23 18:51:47 | INFO     |     准确率: 0.882708
2025-07-23 18:51:47 | INFO     |     F1(macro): 0.887319
2025-07-23 18:51:47 | INFO     |     F1(weighted): 0.884179
2025-07-23 18:51:47 | INFO     |     精确率: 0.921884
2025-07-23 18:51:47 | INFO     |     召回率: 0.887849
2025-07-23 18:51:47 | INFO     |   学习率调度器: f1_based
2025-07-23 18:51:47 | INFO     | ------------------------------------------------------------
2025-07-23 18:51:47 | INFO     | Epoch   9 | Train: Loss=0.3903, Acc=0.8737 | Val: Loss=0.3623, Acc=0.8827, F1=0.8842 | LR=0.000100 
2025-07-23 18:56:01 | INFO     | Epoch 10:
2025-07-23 18:56:01 | INFO     |   训练指标:
2025-07-23 18:56:01 | INFO     |     损失(ce): 0.359235
2025-07-23 18:56:01 | INFO     |     准确率: 0.882461
2025-07-23 18:56:01 | INFO     |     学习率: 0.00010000
2025-07-23 18:56:01 | INFO     |   验证指标(标准CE):
2025-07-23 18:56:01 | INFO     |     损失: 0.625242
2025-07-23 18:56:01 | INFO     |     准确率: 0.793566
2025-07-23 18:56:01 | INFO     |     F1(macro): 0.782757
2025-07-23 18:56:01 | INFO     |     F1(weighted): 0.781684
2025-07-23 18:56:01 | INFO     |     精确率: 0.841771
2025-07-23 18:56:01 | INFO     |     召回率: 0.795202
2025-07-23 18:56:01 | INFO     |   学习率调度器: f1_based
2025-07-23 18:56:01 | INFO     | ------------------------------------------------------------
2025-07-23 18:56:01 | INFO     | Epoch  10 | Train: Loss=0.3592, Acc=0.8825 | Val: Loss=0.6252, Acc=0.7936, F1=0.7817 | LR=0.000100 
2025-07-23 19:00:16 | INFO     | Epoch 11:
2025-07-23 19:00:16 | INFO     |   训练指标:
2025-07-23 19:00:16 | INFO     |     损失(ce): 0.346818
2025-07-23 19:00:16 | INFO     |     准确率: 0.886653
2025-07-23 19:00:16 | INFO     |     学习率: 0.00010000
2025-07-23 19:00:16 | INFO     |   验证指标(标准CE):
2025-07-23 19:00:16 | INFO     |     损失: 0.305324
2025-07-23 19:00:16 | INFO     |     准确率: 0.906166
2025-07-23 19:00:16 | INFO     |     F1(macro): 0.908687
2025-07-23 19:00:16 | INFO     |     F1(weighted): 0.907038
2025-07-23 19:00:16 | INFO     |     精确率: 0.921091
2025-07-23 19:00:16 | INFO     |     召回率: 0.908041
2025-07-23 19:00:16 | INFO     |   学习率调度器: f1_based
2025-07-23 19:00:16 | INFO     | ------------------------------------------------------------
2025-07-23 19:00:16 | INFO     | Epoch  11 | Train: Loss=0.3468, Acc=0.8867 | Val: Loss=0.3053, Acc=0.9062, F1=0.9070 | LR=0.000100 🏆 [最佳模型]
2025-07-23 19:04:31 | INFO     | Epoch 12:
2025-07-23 19:04:31 | INFO     |   训练指标:
2025-07-23 19:04:31 | INFO     |     损失(ce): 0.319814
2025-07-23 19:04:31 | INFO     |     准确率: 0.894869
2025-07-23 19:04:31 | INFO     |     学习率: 0.00010000
2025-07-23 19:04:31 | INFO     |   验证指标(标准CE):
2025-07-23 19:04:31 | INFO     |     损失: 0.266804
2025-07-23 19:04:31 | INFO     |     准确率: 0.908177
2025-07-23 19:04:31 | INFO     |     F1(macro): 0.914403
2025-07-23 19:04:31 | INFO     |     F1(weighted): 0.912127
2025-07-23 19:04:31 | INFO     |     精确率: 0.934401
2025-07-23 19:04:31 | INFO     |     召回率: 0.911375
2025-07-23 19:04:31 | INFO     |   学习率调度器: f1_based
2025-07-23 19:04:31 | INFO     | ------------------------------------------------------------
2025-07-23 19:04:31 | INFO     | Epoch  12 | Train: Loss=0.3198, Acc=0.8949 | Val: Loss=0.2668, Acc=0.9082, F1=0.9121 | LR=0.000100 🏆 [最佳模型]
2025-07-23 19:08:46 | INFO     | Epoch 13:
2025-07-23 19:08:46 | INFO     |   训练指标:
2025-07-23 19:08:46 | INFO     |     损失(ce): 0.311646
2025-07-23 19:08:46 | INFO     |     准确率: 0.899229
2025-07-23 19:08:46 | INFO     |     学习率: 0.00010000
2025-07-23 19:08:46 | INFO     |   验证指标(标准CE):
2025-07-23 19:08:46 | INFO     |     损失: 0.202527
2025-07-23 19:08:46 | INFO     |     准确率: 0.926273
2025-07-23 19:08:46 | INFO     |     F1(macro): 0.927598
2025-07-23 19:08:46 | INFO     |     F1(weighted): 0.925658
2025-07-23 19:08:46 | INFO     |     精确率: 0.935891
2025-07-23 19:08:46 | INFO     |     召回率: 0.930168
2025-07-23 19:08:46 | INFO     |   学习率调度器: f1_based
2025-07-23 19:08:46 | INFO     | ------------------------------------------------------------
2025-07-23 19:08:46 | INFO     | Epoch  13 | Train: Loss=0.3116, Acc=0.8992 | Val: Loss=0.2025, Acc=0.9263, F1=0.9257 | LR=0.000100 🏆 [最佳模型]
2025-07-23 19:13:00 | INFO     | Epoch 14:
2025-07-23 19:13:00 | INFO     |   训练指标:
2025-07-23 19:13:00 | INFO     |     损失(ce): 0.251285
2025-07-23 19:13:00 | INFO     |     准确率: 0.918343
2025-07-23 19:13:00 | INFO     |     学习率: 0.00010000
2025-07-23 19:13:00 | INFO     |   验证指标(标准CE):
2025-07-23 19:13:00 | INFO     |     损失: 0.267690
2025-07-23 19:13:00 | INFO     |     准确率: 0.906166
2025-07-23 19:13:00 | INFO     |     F1(macro): 0.907321
2025-07-23 19:13:00 | INFO     |     F1(weighted): 0.905480
2025-07-23 19:13:00 | INFO     |     精确率: 0.924125
2025-07-23 19:13:00 | INFO     |     召回率: 0.909195
2025-07-23 19:13:00 | INFO     |   学习率调度器: f1_based
2025-07-23 19:13:00 | INFO     | ------------------------------------------------------------
2025-07-23 19:13:00 | INFO     | Epoch  14 | Train: Loss=0.2513, Acc=0.9183 | Val: Loss=0.2677, Acc=0.9062, F1=0.9055 | LR=0.000100 
2025-07-23 19:17:15 | INFO     | Epoch 15:
2025-07-23 19:17:15 | INFO     |   训练指标:
2025-07-23 19:17:15 | INFO     |     损失(ce): 0.246286
2025-07-23 19:17:15 | INFO     |     准确率: 0.918679
2025-07-23 19:17:15 | INFO     |     学习率: 0.00010000
2025-07-23 19:17:15 | INFO     |   验证指标(标准CE):
2025-07-23 19:17:15 | INFO     |     损失: 0.252390
2025-07-23 19:17:15 | INFO     |     准确率: 0.916220
2025-07-23 19:17:15 | INFO     |     F1(macro): 0.918359
2025-07-23 19:17:15 | INFO     |     F1(weighted): 0.915951
2025-07-23 19:17:15 | INFO     |     精确率: 0.930521
2025-07-23 19:17:15 | INFO     |     召回率: 0.920036
2025-07-23 19:17:15 | INFO     |   学习率调度器: f1_based
2025-07-23 19:17:15 | INFO     | ------------------------------------------------------------
2025-07-23 19:17:15 | INFO     | Epoch  15 | Train: Loss=0.2463, Acc=0.9187 | Val: Loss=0.2524, Acc=0.9162, F1=0.9160 | LR=0.000100 
2025-07-23 19:21:29 | INFO     | Epoch 16:
2025-07-23 19:21:29 | INFO     |   训练指标:
2025-07-23 19:21:29 | INFO     |     损失(ce): 0.231577
2025-07-23 19:21:29 | INFO     |     准确率: 0.921362
2025-07-23 19:21:29 | INFO     |     学习率: 0.00010000
2025-07-23 19:21:29 | INFO     |   验证指标(标准CE):
2025-07-23 19:21:29 | INFO     |     损失: 0.258764
2025-07-23 19:21:29 | INFO     |     准确率: 0.899464
2025-07-23 19:21:29 | INFO     |     F1(macro): 0.904070
2025-07-23 19:21:29 | INFO     |     F1(weighted): 0.900975
2025-07-23 19:21:29 | INFO     |     精确率: 0.922071
2025-07-23 19:21:29 | INFO     |     召回率: 0.902208
2025-07-23 19:21:29 | INFO     |   学习率调度器: f1_based
2025-07-23 19:21:29 | INFO     | ------------------------------------------------------------
2025-07-23 19:21:29 | INFO     | Epoch  16 | Train: Loss=0.2316, Acc=0.9214 | Val: Loss=0.2588, Acc=0.8995, F1=0.9010 | LR=0.000100 
2025-07-23 19:25:43 | INFO     | Epoch 17:
2025-07-23 19:25:43 | INFO     |   训练指标:
2025-07-23 19:25:43 | INFO     |     损失(ce): 0.233594
2025-07-23 19:25:43 | INFO     |     准确率: 0.920355
2025-07-23 19:25:43 | INFO     |     学习率: 0.00010000
2025-07-23 19:25:43 | INFO     |   验证指标(标准CE):
2025-07-23 19:25:43 | INFO     |     损失: 0.176087
2025-07-23 19:25:43 | INFO     |     准确率: 0.939008
2025-07-23 19:25:43 | INFO     |     F1(macro): 0.942020
2025-07-23 19:25:43 | INFO     |     F1(weighted): 0.940266
2025-07-23 19:25:43 | INFO     |     精确率: 0.951819
2025-07-23 19:25:43 | INFO     |     召回率: 0.941239
2025-07-23 19:25:43 | INFO     |   学习率调度器: f1_based
2025-07-23 19:25:43 | INFO     | ------------------------------------------------------------
2025-07-23 19:25:43 | INFO     | Epoch  17 | Train: Loss=0.2336, Acc=0.9204 | Val: Loss=0.1761, Acc=0.9390, F1=0.9403 | LR=0.000100 🏆 [最佳模型]
2025-07-23 19:29:58 | INFO     | Epoch 18:
2025-07-23 19:29:58 | INFO     |   训练指标:
2025-07-23 19:29:58 | INFO     |     损失(ce): 0.236618
2025-07-23 19:29:58 | INFO     |     准确率: 0.923206
2025-07-23 19:29:58 | INFO     |     学习率: 0.00010000
2025-07-23 19:29:58 | INFO     |   验证指标(标准CE):
2025-07-23 19:29:58 | INFO     |     损失: 0.203243
2025-07-23 19:29:58 | INFO     |     准确率: 0.928284
2025-07-23 19:29:58 | INFO     |     F1(macro): 0.929884
2025-07-23 19:29:58 | INFO     |     F1(weighted): 0.927917
2025-07-23 19:29:58 | INFO     |     精确率: 0.939224
2025-07-23 19:29:58 | INFO     |     召回率: 0.929908
2025-07-23 19:29:58 | INFO     |   学习率调度器: f1_based
2025-07-23 19:29:58 | INFO     | ------------------------------------------------------------
2025-07-23 19:29:58 | INFO     | Epoch  18 | Train: Loss=0.2366, Acc=0.9232 | Val: Loss=0.2032, Acc=0.9283, F1=0.9279 | LR=0.000100 
2025-07-23 19:34:12 | INFO     | Epoch 19:
2025-07-23 19:34:12 | INFO     |   训练指标:
2025-07-23 19:34:12 | INFO     |     损失(ce): 0.222916
2025-07-23 19:34:12 | INFO     |     准确率: 0.926392
2025-07-23 19:34:12 | INFO     |     学习率: 0.00010000
2025-07-23 19:34:12 | INFO     |   验证指标(标准CE):
2025-07-23 19:34:12 | INFO     |     损失: 0.322869
2025-07-23 19:34:12 | INFO     |     准确率: 0.921582
2025-07-23 19:34:12 | INFO     |     F1(macro): 0.921210
2025-07-23 19:34:12 | INFO     |     F1(weighted): 0.920032
2025-07-23 19:34:12 | INFO     |     精确率: 0.935286
2025-07-23 19:34:12 | INFO     |     召回率: 0.922682
2025-07-23 19:34:12 | INFO     |   学习率调度器: f1_based
2025-07-23 19:34:12 | INFO     | ------------------------------------------------------------
2025-07-23 19:34:12 | INFO     | Epoch  19 | Train: Loss=0.2229, Acc=0.9264 | Val: Loss=0.3229, Acc=0.9216, F1=0.9200 | LR=0.000100 
2025-07-23 19:38:26 | INFO     | Epoch 20:
2025-07-23 19:38:26 | INFO     |   训练指标:
2025-07-23 19:38:26 | INFO     |     损失(ce): 0.210439
2025-07-23 19:38:26 | INFO     |     准确率: 0.926224
2025-07-23 19:38:26 | INFO     |     学习率: 0.00010000
2025-07-23 19:38:26 | INFO     |   验证指标(标准CE):
2025-07-23 19:38:26 | INFO     |     损失: 0.203595
2025-07-23 19:38:26 | INFO     |     准确率: 0.922922
2025-07-23 19:38:26 | INFO     |     F1(macro): 0.925339
2025-07-23 19:38:26 | INFO     |     F1(weighted): 0.922787
2025-07-23 19:38:26 | INFO     |     精确率: 0.932395
2025-07-23 19:38:26 | INFO     |     召回率: 0.927024
2025-07-23 19:38:26 | INFO     |   学习率调度器: f1_based
2025-07-23 19:38:26 | INFO     | ------------------------------------------------------------
2025-07-23 19:38:26 | INFO     | Epoch  20 | Train: Loss=0.2104, Acc=0.9262 | Val: Loss=0.2036, Acc=0.9229, F1=0.9228 | LR=0.000100 
2025-07-23 19:42:41 | INFO     | Epoch 21:
2025-07-23 19:42:41 | INFO     |   训练指标:
2025-07-23 19:42:41 | INFO     |     损失(ce): 0.187783
2025-07-23 19:42:41 | INFO     |     准确率: 0.938799
2025-07-23 19:42:41 | INFO     |     学习率: 0.00010000
2025-07-23 19:42:41 | INFO     |   验证指标(标准CE):
2025-07-23 19:42:41 | INFO     |     损失: 0.267678
2025-07-23 19:42:41 | INFO     |     准确率: 0.925603
2025-07-23 19:42:41 | INFO     |     F1(macro): 0.927332
2025-07-23 19:42:41 | INFO     |     F1(weighted): 0.925104
2025-07-23 19:42:41 | INFO     |     精确率: 0.936111
2025-07-23 19:42:41 | INFO     |     召回率: 0.928173
2025-07-23 19:42:41 | INFO     |   学习率调度器: f1_based
2025-07-23 19:42:41 | INFO     | ------------------------------------------------------------
2025-07-23 19:42:41 | INFO     | Epoch  21 | Train: Loss=0.1878, Acc=0.9388 | Val: Loss=0.2677, Acc=0.9256, F1=0.9251 | LR=0.000100 
2025-07-23 19:46:56 | INFO     | Epoch 22:
2025-07-23 19:46:56 | INFO     |   训练指标:
2025-07-23 19:46:56 | INFO     |     损失(ce): 0.200963
2025-07-23 19:46:56 | INFO     |     准确率: 0.930080
2025-07-23 19:46:56 | INFO     |     学习率: 0.00010000
2025-07-23 19:46:56 | INFO     |   验证指标(标准CE):
2025-07-23 19:46:56 | INFO     |     损失: 0.158789
2025-07-23 19:46:56 | INFO     |     准确率: 0.945710
2025-07-23 19:46:56 | INFO     |     F1(macro): 0.948136
2025-07-23 19:46:56 | INFO     |     F1(weighted): 0.945834
2025-07-23 19:46:56 | INFO     |     精确率: 0.953357
2025-07-23 19:46:56 | INFO     |     召回率: 0.949448
2025-07-23 19:46:56 | INFO     |   学习率调度器: f1_based
2025-07-23 19:46:56 | INFO     | ------------------------------------------------------------
2025-07-23 19:46:56 | INFO     | Epoch  22 | Train: Loss=0.2010, Acc=0.9301 | Val: Loss=0.1588, Acc=0.9457, F1=0.9458 | LR=0.000100 🏆 [最佳模型]
2025-07-23 19:51:11 | INFO     | Epoch 23:
2025-07-23 19:51:11 | INFO     |   训练指标:
2025-07-23 19:51:11 | INFO     |     损失(ce): 0.197155
2025-07-23 19:51:11 | INFO     |     准确率: 0.933769
2025-07-23 19:51:11 | INFO     |     学习率: 0.00010000
2025-07-23 19:51:11 | INFO     |   验证指标(标准CE):
2025-07-23 19:51:11 | INFO     |     损失: 0.330278
2025-07-23 19:51:11 | INFO     |     准确率: 0.896113
2025-07-23 19:51:11 | INFO     |     F1(macro): 0.898031
2025-07-23 19:51:11 | INFO     |     F1(weighted): 0.895749
2025-07-23 19:51:11 | INFO     |     精确率: 0.913451
2025-07-23 19:51:11 | INFO     |     召回率: 0.900235
2025-07-23 19:51:11 | INFO     |   学习率调度器: f1_based
2025-07-23 19:51:11 | INFO     | ------------------------------------------------------------
2025-07-23 19:51:11 | INFO     | Epoch  23 | Train: Loss=0.1972, Acc=0.9338 | Val: Loss=0.3303, Acc=0.8961, F1=0.8957 | LR=0.000100 
2025-07-23 19:55:25 | INFO     | Epoch 24:
2025-07-23 19:55:25 | INFO     |   训练指标:
2025-07-23 19:55:25 | INFO     |     损失(ce): 0.165880
2025-07-23 19:55:25 | INFO     |     准确率: 0.943327
2025-07-23 19:55:25 | INFO     |     学习率: 0.00010000
2025-07-23 19:55:25 | INFO     |   验证指标(标准CE):
2025-07-23 19:55:25 | INFO     |     损失: 0.189790
2025-07-23 19:55:25 | INFO     |     准确率: 0.947051
2025-07-23 19:55:25 | INFO     |     F1(macro): 0.949453
2025-07-23 19:55:25 | INFO     |     F1(weighted): 0.947419
2025-07-23 19:55:25 | INFO     |     精确率: 0.955387
2025-07-23 19:55:25 | INFO     |     召回率: 0.949701
2025-07-23 19:55:25 | INFO     |   学习率调度器: f1_based
2025-07-23 19:55:25 | INFO     | ------------------------------------------------------------
2025-07-23 19:55:25 | INFO     | Epoch  24 | Train: Loss=0.1659, Acc=0.9433 | Val: Loss=0.1898, Acc=0.9471, F1=0.9474 | LR=0.000100 🏆 [最佳模型]
2025-07-23 19:59:40 | INFO     | Epoch 25:
2025-07-23 19:59:40 | INFO     |   训练指标:
2025-07-23 19:59:40 | INFO     |     损失(ce): 0.186818
2025-07-23 19:59:40 | INFO     |     准确率: 0.939638
2025-07-23 19:59:40 | INFO     |     学习率: 0.00010000
2025-07-23 19:59:40 | INFO     |   验证指标(标准CE):
2025-07-23 19:59:40 | INFO     |     损失: 0.178276
2025-07-23 19:59:40 | INFO     |     准确率: 0.936997
2025-07-23 19:59:40 | INFO     |     F1(macro): 0.938838
2025-07-23 19:59:40 | INFO     |     F1(weighted): 0.937502
2025-07-23 19:59:40 | INFO     |     精确率: 0.946033
2025-07-23 19:59:40 | INFO     |     召回率: 0.939379
2025-07-23 19:59:40 | INFO     |   学习率调度器: f1_based
2025-07-23 19:59:40 | INFO     | ------------------------------------------------------------
2025-07-23 19:59:40 | INFO     | Epoch  25 | Train: Loss=0.1868, Acc=0.9396 | Val: Loss=0.1783, Acc=0.9370, F1=0.9375 | LR=0.000100 
2025-07-23 20:03:55 | INFO     | Epoch 26:
2025-07-23 20:03:55 | INFO     |   训练指标:
2025-07-23 20:03:55 | INFO     |     损失(ce): 0.179313
2025-07-23 20:03:55 | INFO     |     准确率: 0.938967
2025-07-23 20:03:55 | INFO     |     学习率: 0.00010000
2025-07-23 20:03:55 | INFO     |   验证指标(标准CE):
2025-07-23 20:03:55 | INFO     |     损失: 0.112173
2025-07-23 20:03:55 | INFO     |     准确率: 0.956434
2025-07-23 20:03:55 | INFO     |     F1(macro): 0.956460
2025-07-23 20:03:55 | INFO     |     F1(weighted): 0.955047
2025-07-23 20:03:55 | INFO     |     精确率: 0.962886
2025-07-23 20:03:55 | INFO     |     召回率: 0.959386
2025-07-23 20:03:55 | INFO     |   学习率调度器: f1_based
2025-07-23 20:03:55 | INFO     | ------------------------------------------------------------
2025-07-23 20:03:55 | INFO     | Epoch  26 | Train: Loss=0.1793, Acc=0.9390 | Val: Loss=0.1122, Acc=0.9564, F1=0.9550 | LR=0.000100 🏆 [最佳模型]
2025-07-23 20:08:09 | INFO     | Epoch 27:
2025-07-23 20:08:09 | INFO     |   训练指标:
2025-07-23 20:08:09 | INFO     |     损失(ce): 0.153768
2025-07-23 20:08:09 | INFO     |     准确率: 0.944333
2025-07-23 20:08:09 | INFO     |     学习率: 0.00010000
2025-07-23 20:08:09 | INFO     |   验证指标(标准CE):
2025-07-23 20:08:09 | INFO     |     损失: 0.141795
2025-07-23 20:08:09 | INFO     |     准确率: 0.944370
2025-07-23 20:08:09 | INFO     |     F1(macro): 0.947099
2025-07-23 20:08:09 | INFO     |     F1(weighted): 0.944967
2025-07-23 20:08:09 | INFO     |     精确率: 0.953066
2025-07-23 20:08:09 | INFO     |     召回率: 0.946714
2025-07-23 20:08:09 | INFO     |   学习率调度器: f1_based
2025-07-23 20:08:09 | INFO     | ------------------------------------------------------------
2025-07-23 20:08:09 | INFO     | Epoch  27 | Train: Loss=0.1538, Acc=0.9443 | Val: Loss=0.1418, Acc=0.9444, F1=0.9450 | LR=0.000100 
2025-07-23 20:12:24 | INFO     | Epoch 28:
2025-07-23 20:12:24 | INFO     |   训练指标:
2025-07-23 20:12:24 | INFO     |     损失(ce): 0.160366
2025-07-23 20:12:24 | INFO     |     准确率: 0.945003
2025-07-23 20:12:24 | INFO     |     学习率: 0.00010000
2025-07-23 20:12:24 | INFO     |   验证指标(标准CE):
2025-07-23 20:12:24 | INFO     |     损失: 0.193350
2025-07-23 20:12:24 | INFO     |     准确率: 0.936997
2025-07-23 20:12:24 | INFO     |     F1(macro): 0.937659
2025-07-23 20:12:24 | INFO     |     F1(weighted): 0.937056
2025-07-23 20:12:24 | INFO     |     精确率: 0.951106
2025-07-23 20:12:24 | INFO     |     召回率: 0.938396
2025-07-23 20:12:24 | INFO     |   学习率调度器: f1_based
2025-07-23 20:12:24 | INFO     | ------------------------------------------------------------
2025-07-23 20:12:24 | INFO     | Epoch  28 | Train: Loss=0.1604, Acc=0.9450 | Val: Loss=0.1933, Acc=0.9370, F1=0.9371 | LR=0.000100 
2025-07-23 20:16:38 | INFO     | Epoch 29:
2025-07-23 20:16:38 | INFO     |   训练指标:
2025-07-23 20:16:38 | INFO     |     损失(ce): 0.182312
2025-07-23 20:16:38 | INFO     |     准确率: 0.943662
2025-07-23 20:16:38 | INFO     |     学习率: 0.00010000
2025-07-23 20:16:38 | INFO     |   验证指标(标准CE):
2025-07-23 20:16:38 | INFO     |     损失: 0.190348
2025-07-23 20:16:38 | INFO     |     准确率: 0.941689
2025-07-23 20:16:38 | INFO     |     F1(macro): 0.942593
2025-07-23 20:16:38 | INFO     |     F1(weighted): 0.940784
2025-07-23 20:16:38 | INFO     |     精确率: 0.949778
2025-07-23 20:16:38 | INFO     |     召回率: 0.943509
2025-07-23 20:16:38 | INFO     |   学习率调度器: f1_based
2025-07-23 20:16:38 | INFO     | ------------------------------------------------------------
2025-07-23 20:16:38 | INFO     | Epoch  29 | Train: Loss=0.1823, Acc=0.9437 | Val: Loss=0.1903, Acc=0.9417, F1=0.9408 | LR=0.000100 
2025-07-23 20:20:52 | INFO     | Epoch 30:
2025-07-23 20:20:52 | INFO     |   训练指标:
2025-07-23 20:20:52 | INFO     |     损失(ce): 0.168574
2025-07-23 20:20:52 | INFO     |     准确率: 0.944165
2025-07-23 20:20:52 | INFO     |     学习率: 0.00010000
2025-07-23 20:20:52 | INFO     |   验证指标(标准CE):
2025-07-23 20:20:52 | INFO     |     损失: 0.099817
2025-07-23 20:20:52 | INFO     |     准确率: 0.960456
2025-07-23 20:20:52 | INFO     |     F1(macro): 0.963022
2025-07-23 20:20:52 | INFO     |     F1(weighted): 0.960949
2025-07-23 20:20:52 | INFO     |     精确率: 0.967568
2025-07-23 20:20:52 | INFO     |     召回率: 0.962503
2025-07-23 20:20:52 | INFO     |   学习率调度器: f1_based
2025-07-23 20:20:52 | INFO     | ------------------------------------------------------------
2025-07-23 20:20:52 | INFO     | Epoch  30 | Train: Loss=0.1686, Acc=0.9442 | Val: Loss=0.0998, Acc=0.9605, F1=0.9609 | LR=0.000100 🏆 [最佳模型]
2025-07-23 20:25:07 | INFO     | Epoch 31:
2025-07-23 20:25:07 | INFO     |   训练指标:
2025-07-23 20:25:07 | INFO     |     损失(ce): 0.157050
2025-07-23 20:25:07 | INFO     |     准确率: 0.943662
2025-07-23 20:25:07 | INFO     |     学习率: 0.00010000
2025-07-23 20:25:07 | INFO     |   验证指标(标准CE):
2025-07-23 20:25:07 | INFO     |     损失: 0.139616
2025-07-23 20:25:07 | INFO     |     准确率: 0.942359
2025-07-23 20:25:07 | INFO     |     F1(macro): 0.945072
2025-07-23 20:25:07 | INFO     |     F1(weighted): 0.943315
2025-07-23 20:25:07 | INFO     |     精确率: 0.955461
2025-07-23 20:25:07 | INFO     |     召回率: 0.945075
2025-07-23 20:25:07 | INFO     |   学习率调度器: f1_based
2025-07-23 20:25:07 | INFO     | ------------------------------------------------------------
2025-07-23 20:25:07 | INFO     | Epoch  31 | Train: Loss=0.1571, Acc=0.9437 | Val: Loss=0.1396, Acc=0.9424, F1=0.9433 | LR=0.000100 
2025-07-23 20:29:22 | INFO     | Epoch 32:
2025-07-23 20:29:22 | INFO     |   训练指标:
2025-07-23 20:29:22 | INFO     |     损失(ce): 0.153493
2025-07-23 20:29:22 | INFO     |     准确率: 0.947183
2025-07-23 20:29:22 | INFO     |     学习率: 0.00010000
2025-07-23 20:29:22 | INFO     |   验证指标(标准CE):
2025-07-23 20:29:22 | INFO     |     损失: 0.127036
2025-07-23 20:29:22 | INFO     |     准确率: 0.953753
2025-07-23 20:29:22 | INFO     |     F1(macro): 0.954355
2025-07-23 20:29:22 | INFO     |     F1(weighted): 0.952831
2025-07-23 20:29:22 | INFO     |     精确率: 0.957850
2025-07-23 20:29:22 | INFO     |     召回率: 0.956635
2025-07-23 20:29:22 | INFO     |   学习率调度器: f1_based
2025-07-23 20:29:22 | INFO     | ------------------------------------------------------------
2025-07-23 20:29:22 | INFO     | Epoch  32 | Train: Loss=0.1535, Acc=0.9472 | Val: Loss=0.1270, Acc=0.9538, F1=0.9528 | LR=0.000100 
2025-07-23 20:33:36 | INFO     | Epoch 33:
2025-07-23 20:33:36 | INFO     |   训练指标:
2025-07-23 20:33:36 | INFO     |     损失(ce): 0.155125
2025-07-23 20:33:36 | INFO     |     准确率: 0.945842
2025-07-23 20:33:36 | INFO     |     学习率: 0.00010000
2025-07-23 20:33:36 | INFO     |   验证指标(标准CE):
2025-07-23 20:33:36 | INFO     |     损失: 0.124687
2025-07-23 20:33:36 | INFO     |     准确率: 0.955094
2025-07-23 20:33:36 | INFO     |     F1(macro): 0.956765
2025-07-23 20:33:36 | INFO     |     F1(weighted): 0.955348
2025-07-23 20:33:36 | INFO     |     精确率: 0.960172
2025-07-23 20:33:36 | INFO     |     召回率: 0.956595
2025-07-23 20:33:36 | INFO     |   学习率调度器: f1_based
2025-07-23 20:33:36 | INFO     | ------------------------------------------------------------
2025-07-23 20:33:36 | INFO     | Epoch  33 | Train: Loss=0.1551, Acc=0.9458 | Val: Loss=0.1247, Acc=0.9551, F1=0.9553 | LR=0.000100 
2025-07-23 20:37:50 | INFO     | Epoch 34:
2025-07-23 20:37:50 | INFO     |   训练指标:
2025-07-23 20:37:50 | INFO     |     损失(ce): 0.154186
2025-07-23 20:37:50 | INFO     |     准确率: 0.947351
2025-07-23 20:37:50 | INFO     |     学习率: 0.00010000
2025-07-23 20:37:50 | INFO     |   验证指标(标准CE):
2025-07-23 20:37:50 | INFO     |     损失: 0.192074
2025-07-23 20:37:50 | INFO     |     准确率: 0.941689
2025-07-23 20:37:50 | INFO     |     F1(macro): 0.944841
2025-07-23 20:37:50 | INFO     |     F1(weighted): 0.943844
2025-07-23 20:37:50 | INFO     |     精确率: 0.959601
2025-07-23 20:37:50 | INFO     |     召回率: 0.944257
2025-07-23 20:37:50 | INFO     |   学习率调度器: f1_based
2025-07-23 20:37:50 | INFO     | ------------------------------------------------------------
2025-07-23 20:37:50 | INFO     | Epoch  34 | Train: Loss=0.1542, Acc=0.9474 | Val: Loss=0.1921, Acc=0.9417, F1=0.9438 | LR=0.000100 
2025-07-23 20:42:05 | INFO     | Epoch 35:
2025-07-23 20:42:05 | INFO     |   训练指标:
2025-07-23 20:42:05 | INFO     |     损失(ce): 0.141574
2025-07-23 20:42:05 | INFO     |     准确率: 0.950369
2025-07-23 20:42:05 | INFO     |     学习率: 0.00010000
2025-07-23 20:42:05 | INFO     |   验证指标(标准CE):
2025-07-23 20:42:05 | INFO     |     损失: 0.211754
2025-07-23 20:42:05 | INFO     |     准确率: 0.934987
2025-07-23 20:42:05 | INFO     |     F1(macro): 0.936838
2025-07-23 20:42:05 | INFO     |     F1(weighted): 0.934952
2025-07-23 20:42:05 | INFO     |     精确率: 0.949799
2025-07-23 20:42:05 | INFO     |     召回率: 0.936638
2025-07-23 20:42:05 | INFO     |   学习率调度器: f1_based
2025-07-23 20:42:05 | INFO     | ------------------------------------------------------------
2025-07-23 20:42:05 | INFO     | Epoch  35 | Train: Loss=0.1416, Acc=0.9504 | Val: Loss=0.2118, Acc=0.9350, F1=0.9350 | LR=0.000100 
2025-07-23 20:46:19 | INFO     | Epoch 36:
2025-07-23 20:46:19 | INFO     |   训练指标:
2025-07-23 20:46:19 | INFO     |     损失(ce): 0.154859
2025-07-23 20:46:19 | INFO     |     准确率: 0.946345
2025-07-23 20:46:19 | INFO     |     学习率: 0.00010000
2025-07-23 20:46:19 | INFO     |   验证指标(标准CE):
2025-07-23 20:46:19 | INFO     |     损失: 0.294337
2025-07-23 20:46:19 | INFO     |     准确率: 0.912869
2025-07-23 20:46:19 | INFO     |     F1(macro): 0.911108
2025-07-23 20:46:19 | INFO     |     F1(weighted): 0.907778
2025-07-23 20:46:19 | INFO     |     精确率: 0.931271
2025-07-23 20:46:19 | INFO     |     召回率: 0.916909
2025-07-23 20:46:19 | INFO     |   学习率调度器: f1_based
2025-07-23 20:46:19 | INFO     | ------------------------------------------------------------
2025-07-23 20:46:19 | INFO     | 🎯 学习率调整事件:
2025-07-23 20:46:19 | INFO     |   调度器类型: f1_based
2025-07-23 20:46:19 | INFO     |   学习率变化: 0.00010000 → 0.00005000
2025-07-23 20:46:19 | INFO     |   触发条件: F1分数 = 0.907778
2025-07-23 20:46:19 | INFO     |   变化幅度: -50.00%
2025-07-23 20:46:19 | INFO     | ------------------------------------------------------------
2025-07-23 20:46:19 | INFO     | Epoch  36 | Train: Loss=0.1549, Acc=0.9463 | Val: Loss=0.2943, Acc=0.9129, F1=0.9078 | LR=0.000050 
2025-07-23 20:50:33 | INFO     | Epoch 37:
2025-07-23 20:50:33 | INFO     |   训练指标:
2025-07-23 20:50:33 | INFO     |     损失(ce): 0.083648
2025-07-23 20:50:33 | INFO     |     准确率: 0.967639
2025-07-23 20:50:33 | INFO     |     学习率: 0.00005000
2025-07-23 20:50:33 | INFO     |   验证指标(标准CE):
2025-07-23 20:50:33 | INFO     |     损失: 0.085000
2025-07-23 20:50:33 | INFO     |     准确率: 0.966488
2025-07-23 20:50:33 | INFO     |     F1(macro): 0.967808
2025-07-23 20:50:33 | INFO     |     F1(weighted): 0.966459
2025-07-23 20:50:33 | INFO     |     精确率: 0.971476
2025-07-23 20:50:33 | INFO     |     召回率: 0.968093
2025-07-23 20:50:33 | INFO     |   学习率调度器: f1_based
2025-07-23 20:50:33 | INFO     | ------------------------------------------------------------
2025-07-23 20:50:33 | INFO     | Epoch  37 | Train: Loss=0.0836, Acc=0.9676 | Val: Loss=0.0850, Acc=0.9665, F1=0.9665 | LR=0.000050 🏆 [最佳模型]
2025-07-23 20:54:48 | INFO     | Epoch 38:
2025-07-23 20:54:48 | INFO     |   训练指标:
2025-07-23 20:54:48 | INFO     |     损失(ce): 0.075929
2025-07-23 20:54:48 | INFO     |     准确率: 0.969819
2025-07-23 20:54:48 | INFO     |     学习率: 0.00005000
2025-07-23 20:54:48 | INFO     |   验证指标(标准CE):
2025-07-23 20:54:48 | INFO     |     损失: 0.069459
2025-07-23 20:54:48 | INFO     |     准确率: 0.968499
2025-07-23 20:54:48 | INFO     |     F1(macro): 0.969138
2025-07-23 20:54:48 | INFO     |     F1(weighted): 0.968283
2025-07-23 20:54:48 | INFO     |     精确率: 0.972522
2025-07-23 20:54:48 | INFO     |     召回率: 0.969818
2025-07-23 20:54:48 | INFO     |   学习率调度器: f1_based
2025-07-23 20:54:48 | INFO     | ------------------------------------------------------------
2025-07-23 20:54:48 | INFO     | Epoch  38 | Train: Loss=0.0759, Acc=0.9698 | Val: Loss=0.0695, Acc=0.9685, F1=0.9683 | LR=0.000050 🏆 [最佳模型]
2025-07-23 20:59:03 | INFO     | Epoch 39:
2025-07-23 20:59:03 | INFO     |   训练指标:
2025-07-23 20:59:03 | INFO     |     损失(ce): 0.082324
2025-07-23 20:59:03 | INFO     |     准确率: 0.967639
2025-07-23 20:59:03 | INFO     |     学习率: 0.00005000
2025-07-23 20:59:03 | INFO     |   验证指标(标准CE):
2025-07-23 20:59:03 | INFO     |     损失: 0.119807
2025-07-23 20:59:03 | INFO     |     准确率: 0.960456
2025-07-23 20:59:03 | INFO     |     F1(macro): 0.962115
2025-07-23 20:59:03 | INFO     |     F1(weighted): 0.960504
2025-07-23 20:59:03 | INFO     |     精确率: 0.966666
2025-07-23 20:59:03 | INFO     |     召回率: 0.961777
2025-07-23 20:59:03 | INFO     |   学习率调度器: f1_based
2025-07-23 20:59:03 | INFO     | ------------------------------------------------------------
2025-07-23 20:59:03 | INFO     | Epoch  39 | Train: Loss=0.0823, Acc=0.9676 | Val: Loss=0.1198, Acc=0.9605, F1=0.9605 | LR=0.000050 
2025-07-23 21:03:18 | INFO     | Epoch 40:
2025-07-23 21:03:18 | INFO     |   训练指标:
2025-07-23 21:03:18 | INFO     |     损失(ce): 0.078552
2025-07-23 21:03:18 | INFO     |     准确率: 0.971160
2025-07-23 21:03:18 | INFO     |     学习率: 0.00005000
2025-07-23 21:03:18 | INFO     |   验证指标(标准CE):
2025-07-23 21:03:18 | INFO     |     损失: 0.103847
2025-07-23 21:03:18 | INFO     |     准确率: 0.964477
2025-07-23 21:03:18 | INFO     |     F1(macro): 0.966516
2025-07-23 21:03:18 | INFO     |     F1(weighted): 0.964510
2025-07-23 21:03:18 | INFO     |     精确率: 0.969272
2025-07-23 21:03:18 | INFO     |     召回率: 0.966701
2025-07-23 21:03:18 | INFO     |   学习率调度器: f1_based
2025-07-23 21:03:18 | INFO     | ------------------------------------------------------------
2025-07-23 21:03:18 | INFO     | Epoch  40 | Train: Loss=0.0786, Acc=0.9712 | Val: Loss=0.1038, Acc=0.9645, F1=0.9645 | LR=0.000050 
2025-07-23 21:07:32 | INFO     | Epoch 41:
2025-07-23 21:07:32 | INFO     |   训练指标:
2025-07-23 21:07:32 | INFO     |     损失(ce): 0.084555
2025-07-23 21:07:32 | INFO     |     准确率: 0.968645
2025-07-23 21:07:32 | INFO     |     学习率: 0.00005000
2025-07-23 21:07:32 | INFO     |   验证指标(标准CE):
2025-07-23 21:07:32 | INFO     |     损失: 0.087036
2025-07-23 21:07:32 | INFO     |     准确率: 0.962466
2025-07-23 21:07:32 | INFO     |     F1(macro): 0.964386
2025-07-23 21:07:32 | INFO     |     F1(weighted): 0.962587
2025-07-23 21:07:32 | INFO     |     精确率: 0.968517
2025-07-23 21:07:32 | INFO     |     召回率: 0.965609
2025-07-23 21:07:32 | INFO     |   学习率调度器: f1_based
2025-07-23 21:07:32 | INFO     | ------------------------------------------------------------
2025-07-23 21:07:32 | INFO     | Epoch  41 | Train: Loss=0.0846, Acc=0.9686 | Val: Loss=0.0870, Acc=0.9625, F1=0.9626 | LR=0.000050 
2025-07-23 21:11:46 | INFO     | Epoch 42:
2025-07-23 21:11:46 | INFO     |   训练指标:
2025-07-23 21:11:46 | INFO     |     损失(ce): 0.078641
2025-07-23 21:11:46 | INFO     |     准确率: 0.969651
2025-07-23 21:11:46 | INFO     |     学习率: 0.00005000
2025-07-23 21:11:46 | INFO     |   验证指标(标准CE):
2025-07-23 21:11:46 | INFO     |     损失: 0.098922
2025-07-23 21:11:46 | INFO     |     准确率: 0.959115
2025-07-23 21:11:46 | INFO     |     F1(macro): 0.960891
2025-07-23 21:11:46 | INFO     |     F1(weighted): 0.959534
2025-07-23 21:11:46 | INFO     |     精确率: 0.966870
2025-07-23 21:11:46 | INFO     |     召回率: 0.962263
2025-07-23 21:11:46 | INFO     |   学习率调度器: f1_based
2025-07-23 21:11:46 | INFO     | ------------------------------------------------------------
2025-07-23 21:11:46 | INFO     | Epoch  42 | Train: Loss=0.0786, Acc=0.9697 | Val: Loss=0.0989, Acc=0.9591, F1=0.9595 | LR=0.000050 
2025-07-23 21:16:00 | INFO     | Epoch 43:
2025-07-23 21:16:00 | INFO     |   训练指标:
2025-07-23 21:16:00 | INFO     |     损失(ce): 0.074912
2025-07-23 21:16:00 | INFO     |     准确率: 0.970154
2025-07-23 21:16:00 | INFO     |     学习率: 0.00005000
2025-07-23 21:16:00 | INFO     |   验证指标(标准CE):
2025-07-23 21:16:00 | INFO     |     损失: 0.213227
2025-07-23 21:16:00 | INFO     |     准确率: 0.948391
2025-07-23 21:16:00 | INFO     |     F1(macro): 0.950571
2025-07-23 21:16:00 | INFO     |     F1(weighted): 0.948159
2025-07-23 21:16:00 | INFO     |     精确率: 0.957198
2025-07-23 21:16:00 | INFO     |     召回率: 0.950784
2025-07-23 21:16:00 | INFO     |   学习率调度器: f1_based
2025-07-23 21:16:00 | INFO     | ------------------------------------------------------------
2025-07-23 21:16:00 | INFO     | Epoch  43 | Train: Loss=0.0749, Acc=0.9702 | Val: Loss=0.2132, Acc=0.9484, F1=0.9482 | LR=0.000050 
2025-07-23 21:20:14 | INFO     | Epoch 44:
2025-07-23 21:20:14 | INFO     |   训练指标:
2025-07-23 21:20:14 | INFO     |     损失(ce): 0.084824
2025-07-23 21:20:14 | INFO     |     准确率: 0.970154
2025-07-23 21:20:14 | INFO     |     学习率: 0.00005000
2025-07-23 21:20:14 | INFO     |   验证指标(标准CE):
2025-07-23 21:20:14 | INFO     |     损失: 0.143946
2025-07-23 21:20:14 | INFO     |     准确率: 0.953753
2025-07-23 21:20:14 | INFO     |     F1(macro): 0.958778
2025-07-23 21:20:14 | INFO     |     F1(weighted): 0.955688
2025-07-23 21:20:14 | INFO     |     精确率: 0.968152
2025-07-23 21:20:14 | INFO     |     召回率: 0.956196
2025-07-23 21:20:14 | INFO     |   学习率调度器: f1_based
2025-07-23 21:20:14 | INFO     | ------------------------------------------------------------
2025-07-23 21:20:14 | INFO     | 🎯 学习率调整事件:
2025-07-23 21:20:14 | INFO     |   调度器类型: f1_based
2025-07-23 21:20:14 | INFO     |   学习率变化: 0.00005000 → 0.00002500
2025-07-23 21:20:14 | INFO     |   触发条件: F1分数 = 0.955688
2025-07-23 21:20:14 | INFO     |   变化幅度: -50.00%
2025-07-23 21:20:14 | INFO     | ------------------------------------------------------------
2025-07-23 21:20:14 | INFO     | Epoch  44 | Train: Loss=0.0848, Acc=0.9702 | Val: Loss=0.1439, Acc=0.9538, F1=0.9557 | LR=0.000025 
2025-07-23 21:24:29 | INFO     | Epoch 45:
2025-07-23 21:24:29 | INFO     |   训练指标:
2025-07-23 21:24:29 | INFO     |     损失(ce): 0.056245
2025-07-23 21:24:29 | INFO     |     准确率: 0.977867
2025-07-23 21:24:29 | INFO     |     学习率: 0.00002500
2025-07-23 21:24:29 | INFO     |   验证指标(标准CE):
2025-07-23 21:24:29 | INFO     |     损失: 0.065463
2025-07-23 21:24:29 | INFO     |     准确率: 0.971180
2025-07-23 21:24:29 | INFO     |     F1(macro): 0.971571
2025-07-23 21:24:29 | INFO     |     F1(weighted): 0.970760
2025-07-23 21:24:29 | INFO     |     精确率: 0.974774
2025-07-23 21:24:29 | INFO     |     召回率: 0.972982
2025-07-23 21:24:29 | INFO     |   学习率调度器: f1_based
2025-07-23 21:24:29 | INFO     | ------------------------------------------------------------
2025-07-23 21:24:29 | INFO     | Epoch  45 | Train: Loss=0.0562, Acc=0.9779 | Val: Loss=0.0655, Acc=0.9712, F1=0.9708 | LR=0.000025 🏆 [最佳模型]
2025-07-23 21:28:44 | INFO     | Epoch 46:
2025-07-23 21:28:44 | INFO     |   训练指标:
2025-07-23 21:28:44 | INFO     |     损失(ce): 0.051432
2025-07-23 21:28:44 | INFO     |     准确率: 0.976861
2025-07-23 21:28:44 | INFO     |     学习率: 0.00002500
2025-07-23 21:28:44 | INFO     |   验证指标(标准CE):
2025-07-23 21:28:44 | INFO     |     损失: 0.066298
2025-07-23 21:28:44 | INFO     |     准确率: 0.969839
2025-07-23 21:28:44 | INFO     |     F1(macro): 0.970555
2025-07-23 21:28:44 | INFO     |     F1(weighted): 0.969515
2025-07-23 21:28:44 | INFO     |     精确率: 0.973382
2025-07-23 21:28:44 | INFO     |     召回率: 0.971734
2025-07-23 21:28:44 | INFO     |   学习率调度器: f1_based
2025-07-23 21:28:44 | INFO     | ------------------------------------------------------------
2025-07-23 21:28:44 | INFO     | Epoch  46 | Train: Loss=0.0514, Acc=0.9769 | Val: Loss=0.0663, Acc=0.9698, F1=0.9695 | LR=0.000025 
2025-07-23 21:32:58 | INFO     | Epoch 47:
2025-07-23 21:32:58 | INFO     |   训练指标:
2025-07-23 21:32:58 | INFO     |     损失(ce): 0.052353
2025-07-23 21:32:58 | INFO     |     准确率: 0.978370
2025-07-23 21:32:58 | INFO     |     学习率: 0.00002500
2025-07-23 21:32:58 | INFO     |   验证指标(标准CE):
2025-07-23 21:32:58 | INFO     |     损失: 0.066428
2025-07-23 21:32:58 | INFO     |     准确率: 0.977212
2025-07-23 21:32:58 | INFO     |     F1(macro): 0.978150
2025-07-23 21:32:58 | INFO     |     F1(weighted): 0.977105
2025-07-23 21:32:58 | INFO     |     精确率: 0.979951
2025-07-23 21:32:58 | INFO     |     召回率: 0.978339
2025-07-23 21:32:58 | INFO     |   学习率调度器: f1_based
2025-07-23 21:32:58 | INFO     | ------------------------------------------------------------
2025-07-23 21:32:58 | INFO     | Epoch  47 | Train: Loss=0.0524, Acc=0.9784 | Val: Loss=0.0664, Acc=0.9772, F1=0.9771 | LR=0.000025 🏆 [最佳模型]
2025-07-23 21:37:13 | INFO     | Epoch 48:
2025-07-23 21:37:13 | INFO     |   训练指标:
2025-07-23 21:37:13 | INFO     |     损失(ce): 0.049619
2025-07-23 21:37:13 | INFO     |     准确率: 0.976023
2025-07-23 21:37:13 | INFO     |     学习率: 0.00002500
2025-07-23 21:37:13 | INFO     |   验证指标(标准CE):
2025-07-23 21:37:13 | INFO     |     损失: 0.064813
2025-07-23 21:37:13 | INFO     |     准确率: 0.969169
2025-07-23 21:37:13 | INFO     |     F1(macro): 0.970215
2025-07-23 21:37:13 | INFO     |     F1(weighted): 0.969046
2025-07-23 21:37:13 | INFO     |     精确率: 0.972937
2025-07-23 21:37:13 | INFO     |     召回率: 0.971280
2025-07-23 21:37:13 | INFO     |   学习率调度器: f1_based
2025-07-23 21:37:13 | INFO     | ------------------------------------------------------------
2025-07-23 21:37:13 | INFO     | Epoch  48 | Train: Loss=0.0496, Acc=0.9760 | Val: Loss=0.0648, Acc=0.9692, F1=0.9690 | LR=0.000025 
2025-07-23 21:41:27 | INFO     | Epoch 49:
2025-07-23 21:41:27 | INFO     |   训练指标:
2025-07-23 21:41:27 | INFO     |     损失(ce): 0.055982
2025-07-23 21:41:27 | INFO     |     准确率: 0.977364
2025-07-23 21:41:27 | INFO     |     学习率: 0.00002500
2025-07-23 21:41:27 | INFO     |   验证指标(标准CE):
2025-07-23 21:41:27 | INFO     |     损失: 0.066618
2025-07-23 21:41:27 | INFO     |     准确率: 0.977212
2025-07-23 21:41:27 | INFO     |     F1(macro): 0.978611
2025-07-23 21:41:27 | INFO     |     F1(weighted): 0.977462
2025-07-23 21:41:27 | INFO     |     精确率: 0.980597
2025-07-23 21:41:27 | INFO     |     召回率: 0.978229
2025-07-23 21:41:27 | INFO     |   学习率调度器: f1_based
2025-07-23 21:41:27 | INFO     | ------------------------------------------------------------
2025-07-23 21:41:27 | INFO     | Epoch  49 | Train: Loss=0.0560, Acc=0.9774 | Val: Loss=0.0666, Acc=0.9772, F1=0.9775 | LR=0.000025 🏆 [最佳模型]
2025-07-23 21:45:42 | INFO     | Epoch 50:
2025-07-23 21:45:42 | INFO     |   训练指标:
2025-07-23 21:45:42 | INFO     |     损失(ce): 0.056249
2025-07-23 21:45:42 | INFO     |     准确率: 0.974849
2025-07-23 21:45:42 | INFO     |     学习率: 0.00002500
2025-07-23 21:45:42 | INFO     |   验证指标(标准CE):
2025-07-23 21:45:42 | INFO     |     损失: 0.058403
2025-07-23 21:45:42 | INFO     |     准确率: 0.978552
2025-07-23 21:45:42 | INFO     |     F1(macro): 0.979486
2025-07-23 21:45:42 | INFO     |     F1(weighted): 0.978520
2025-07-23 21:45:42 | INFO     |     精确率: 0.980081
2025-07-23 21:45:42 | INFO     |     召回率: 0.979845
2025-07-23 21:45:42 | INFO     |   学习率调度器: f1_based
2025-07-23 21:45:42 | INFO     | ------------------------------------------------------------
2025-07-23 21:45:42 | INFO     | Epoch  50 | Train: Loss=0.0562, Acc=0.9748 | Val: Loss=0.0584, Acc=0.9786, F1=0.9785 | LR=0.000025 🏆 [最佳模型]
2025-07-23 21:49:57 | INFO     | Epoch 51:
2025-07-23 21:49:57 | INFO     |   训练指标:
2025-07-23 21:49:57 | INFO     |     损失(ce): 0.057620
2025-07-23 21:49:57 | INFO     |     准确率: 0.977364
2025-07-23 21:49:57 | INFO     |     学习率: 0.00002500
2025-07-23 21:49:57 | INFO     |   验证指标(标准CE):
2025-07-23 21:49:57 | INFO     |     损失: 0.071263
2025-07-23 21:49:57 | INFO     |     准确率: 0.969839
2025-07-23 21:49:57 | INFO     |     F1(macro): 0.971195
2025-07-23 21:49:57 | INFO     |     F1(weighted): 0.969936
2025-07-23 21:49:57 | INFO     |     精确率: 0.972231
2025-07-23 21:49:57 | INFO     |     召回率: 0.971649
2025-07-23 21:49:57 | INFO     |   学习率调度器: f1_based
2025-07-23 21:49:57 | INFO     | ------------------------------------------------------------
2025-07-23 21:49:57 | INFO     | Epoch  51 | Train: Loss=0.0576, Acc=0.9774 | Val: Loss=0.0713, Acc=0.9698, F1=0.9699 | LR=0.000025 
2025-07-23 21:54:11 | INFO     | Epoch 52:
2025-07-23 21:54:11 | INFO     |   训练指标:
2025-07-23 21:54:11 | INFO     |     损失(ce): 0.047829
2025-07-23 21:54:11 | INFO     |     准确率: 0.978370
2025-07-23 21:54:11 | INFO     |     学习率: 0.00002500
2025-07-23 21:54:11 | INFO     |   验证指标(标准CE):
2025-07-23 21:54:11 | INFO     |     损失: 0.104480
2025-07-23 21:54:11 | INFO     |     准确率: 0.967158
2025-07-23 21:54:11 | INFO     |     F1(macro): 0.968076
2025-07-23 21:54:11 | INFO     |     F1(weighted): 0.966987
2025-07-23 21:54:11 | INFO     |     精确率: 0.972194
2025-07-23 21:54:11 | INFO     |     召回率: 0.967841
2025-07-23 21:54:11 | INFO     |   学习率调度器: f1_based
2025-07-23 21:54:11 | INFO     | ------------------------------------------------------------
2025-07-23 21:54:11 | INFO     | Epoch  52 | Train: Loss=0.0478, Acc=0.9784 | Val: Loss=0.1045, Acc=0.9672, F1=0.9670 | LR=0.000025 
2025-07-23 21:58:26 | INFO     | Epoch 53:
2025-07-23 21:58:26 | INFO     |   训练指标:
2025-07-23 21:58:26 | INFO     |     损失(ce): 0.056513
2025-07-23 21:58:26 | INFO     |     准确率: 0.978035
2025-07-23 21:58:26 | INFO     |     学习率: 0.00002500
2025-07-23 21:58:26 | INFO     |   验证指标(标准CE):
2025-07-23 21:58:26 | INFO     |     损失: 0.072625
2025-07-23 21:58:26 | INFO     |     准确率: 0.971180
2025-07-23 21:58:26 | INFO     |     F1(macro): 0.971771
2025-07-23 21:58:26 | INFO     |     F1(weighted): 0.970841
2025-07-23 21:58:26 | INFO     |     精确率: 0.975647
2025-07-23 21:58:26 | INFO     |     召回率: 0.972885
2025-07-23 21:58:26 | INFO     |   学习率调度器: f1_based
2025-07-23 21:58:26 | INFO     | ------------------------------------------------------------
2025-07-23 21:58:26 | INFO     | Epoch  53 | Train: Loss=0.0565, Acc=0.9780 | Val: Loss=0.0726, Acc=0.9712, F1=0.9708 | LR=0.000025 
2025-07-23 22:02:40 | INFO     | Epoch 54:
2025-07-23 22:02:40 | INFO     |   训练指标:
2025-07-23 22:02:40 | INFO     |     损失(ce): 0.048833
2025-07-23 22:02:40 | INFO     |     准确率: 0.978035
2025-07-23 22:02:40 | INFO     |     学习率: 0.00002500
2025-07-23 22:02:40 | INFO     |   验证指标(标准CE):
2025-07-23 22:02:40 | INFO     |     损失: 0.067731
2025-07-23 22:02:40 | INFO     |     准确率: 0.976542
2025-07-23 22:02:40 | INFO     |     F1(macro): 0.976999
2025-07-23 22:02:40 | INFO     |     F1(weighted): 0.976456
2025-07-23 22:02:40 | INFO     |     精确率: 0.979184
2025-07-23 22:02:40 | INFO     |     召回率: 0.977218
2025-07-23 22:02:40 | INFO     |   学习率调度器: f1_based
2025-07-23 22:02:40 | INFO     | ------------------------------------------------------------
2025-07-23 22:02:40 | INFO     | Epoch  54 | Train: Loss=0.0488, Acc=0.9780 | Val: Loss=0.0677, Acc=0.9765, F1=0.9765 | LR=0.000025 
2025-07-23 22:06:54 | INFO     | Epoch 55:
2025-07-23 22:06:54 | INFO     |   训练指标:
2025-07-23 22:06:54 | INFO     |     损失(ce): 0.051133
2025-07-23 22:06:54 | INFO     |     准确率: 0.978203
2025-07-23 22:06:54 | INFO     |     学习率: 0.00002500
2025-07-23 22:06:54 | INFO     |   验证指标(标准CE):
2025-07-23 22:06:54 | INFO     |     损失: 0.092574
2025-07-23 22:06:54 | INFO     |     准确率: 0.967158
2025-07-23 22:06:54 | INFO     |     F1(macro): 0.967354
2025-07-23 22:06:54 | INFO     |     F1(weighted): 0.966825
2025-07-23 22:06:54 | INFO     |     精确率: 0.971737
2025-07-23 22:06:54 | INFO     |     召回率: 0.968126
2025-07-23 22:06:54 | INFO     |   学习率调度器: f1_based
2025-07-23 22:06:54 | INFO     | ------------------------------------------------------------
2025-07-23 22:06:54 | INFO     | Epoch  55 | Train: Loss=0.0511, Acc=0.9782 | Val: Loss=0.0926, Acc=0.9672, F1=0.9668 | LR=0.000025 
2025-07-23 22:11:08 | INFO     | Epoch 56:
2025-07-23 22:11:08 | INFO     |   训练指标:
2025-07-23 22:11:08 | INFO     |     损失(ce): 0.050164
2025-07-23 22:11:08 | INFO     |     准确率: 0.978538
2025-07-23 22:11:08 | INFO     |     学习率: 0.00002500
2025-07-23 22:11:08 | INFO     |   验证指标(标准CE):
2025-07-23 22:11:08 | INFO     |     损失: 0.057325
2025-07-23 22:11:08 | INFO     |     准确率: 0.976542
2025-07-23 22:11:08 | INFO     |     F1(macro): 0.977142
2025-07-23 22:11:08 | INFO     |     F1(weighted): 0.976390
2025-07-23 22:11:08 | INFO     |     精确率: 0.978621
2025-07-23 22:11:08 | INFO     |     召回率: 0.976911
2025-07-23 22:11:08 | INFO     |   学习率调度器: f1_based
2025-07-23 22:11:08 | INFO     | ------------------------------------------------------------
2025-07-23 22:11:08 | INFO     | 🎯 学习率调整事件:
2025-07-23 22:11:08 | INFO     |   调度器类型: f1_based
2025-07-23 22:11:08 | INFO     |   学习率变化: 0.00002500 → 0.00001250
2025-07-23 22:11:08 | INFO     |   触发条件: F1分数 = 0.976390
2025-07-23 22:11:08 | INFO     |   变化幅度: -50.00%
2025-07-23 22:11:08 | INFO     | ------------------------------------------------------------
2025-07-23 22:11:08 | INFO     | Epoch  56 | Train: Loss=0.0502, Acc=0.9785 | Val: Loss=0.0573, Acc=0.9765, F1=0.9764 | LR=0.000013 
2025-07-23 22:15:22 | INFO     | Epoch 57:
2025-07-23 22:15:22 | INFO     |   训练指标:
2025-07-23 22:15:22 | INFO     |     损失(ce): 0.034973
2025-07-23 22:15:22 | INFO     |     准确率: 0.981053
2025-07-23 22:15:22 | INFO     |     学习率: 0.00001250
2025-07-23 22:15:22 | INFO     |   验证指标(标准CE):
2025-07-23 22:15:22 | INFO     |     损失: 0.062420
2025-07-23 22:15:22 | INFO     |     准确率: 0.970509
2025-07-23 22:15:22 | INFO     |     F1(macro): 0.971069
2025-07-23 22:15:22 | INFO     |     F1(weighted): 0.970236
2025-07-23 22:15:22 | INFO     |     精确率: 0.973906
2025-07-23 22:15:22 | INFO     |     召回率: 0.971755
2025-07-23 22:15:22 | INFO     |   学习率调度器: f1_based
2025-07-23 22:15:22 | INFO     | ------------------------------------------------------------
2025-07-23 22:15:22 | INFO     | Epoch  57 | Train: Loss=0.0350, Acc=0.9811 | Val: Loss=0.0624, Acc=0.9705, F1=0.9702 | LR=0.000013 
2025-07-23 22:19:36 | INFO     | Epoch 58:
2025-07-23 22:19:36 | INFO     |   训练指标:
2025-07-23 22:19:36 | INFO     |     损失(ce): 0.030755
2025-07-23 22:19:36 | INFO     |     准确率: 0.984909
2025-07-23 22:19:36 | INFO     |     学习率: 0.00001250
2025-07-23 22:19:36 | INFO     |   验证指标(标准CE):
2025-07-23 22:19:36 | INFO     |     损失: 0.062015
2025-07-23 22:19:36 | INFO     |     准确率: 0.974531
2025-07-23 22:19:36 | INFO     |     F1(macro): 0.975567
2025-07-23 22:19:36 | INFO     |     F1(weighted): 0.974336
2025-07-23 22:19:36 | INFO     |     精确率: 0.978812
2025-07-23 22:19:36 | INFO     |     召回率: 0.976242
2025-07-23 22:19:36 | INFO     |   学习率调度器: f1_based
2025-07-23 22:19:36 | INFO     | ------------------------------------------------------------
2025-07-23 22:19:36 | INFO     | Epoch  58 | Train: Loss=0.0308, Acc=0.9849 | Val: Loss=0.0620, Acc=0.9745, F1=0.9743 | LR=0.000013 
2025-07-23 22:23:50 | INFO     | Epoch 59:
2025-07-23 22:23:50 | INFO     |   训练指标:
2025-07-23 22:23:50 | INFO     |     损失(ce): 0.036760
2025-07-23 22:23:50 | INFO     |     准确率: 0.983903
2025-07-23 22:23:50 | INFO     |     学习率: 0.00001250
2025-07-23 22:23:50 | INFO     |   验证指标(标准CE):
2025-07-23 22:23:50 | INFO     |     损失: 0.069414
2025-07-23 22:23:50 | INFO     |     准确率: 0.971850
2025-07-23 22:23:50 | INFO     |     F1(macro): 0.973022
2025-07-23 22:23:50 | INFO     |     F1(weighted): 0.971758
2025-07-23 22:23:50 | INFO     |     精确率: 0.977174
2025-07-23 22:23:50 | INFO     |     召回率: 0.973445
2025-07-23 22:23:50 | INFO     |   学习率调度器: f1_based
2025-07-23 22:23:50 | INFO     | ------------------------------------------------------------
2025-07-23 22:23:50 | INFO     | Epoch  59 | Train: Loss=0.0368, Acc=0.9839 | Val: Loss=0.0694, Acc=0.9718, F1=0.9718 | LR=0.000013 
2025-07-23 22:28:04 | INFO     | Epoch 60:
2025-07-23 22:28:04 | INFO     |   训练指标:
2025-07-23 22:28:04 | INFO     |     损失(ce): 0.035274
2025-07-23 22:28:04 | INFO     |     准确率: 0.984071
2025-07-23 22:28:04 | INFO     |     学习率: 0.00001250
2025-07-23 22:28:04 | INFO     |   验证指标(标准CE):
2025-07-23 22:28:04 | INFO     |     损失: 0.050597
2025-07-23 22:28:04 | INFO     |     准确率: 0.976542
2025-07-23 22:28:04 | INFO     |     F1(macro): 0.977221
2025-07-23 22:28:04 | INFO     |     F1(weighted): 0.976359
2025-07-23 22:28:04 | INFO     |     精确率: 0.980367
2025-07-23 22:28:04 | INFO     |     召回率: 0.977709
2025-07-23 22:28:04 | INFO     |   学习率调度器: f1_based
2025-07-23 22:28:04 | INFO     | ------------------------------------------------------------
2025-07-23 22:28:04 | INFO     | Epoch  60 | Train: Loss=0.0353, Acc=0.9841 | Val: Loss=0.0506, Acc=0.9765, F1=0.9764 | LR=0.000013 
2025-07-23 22:32:19 | INFO     | Epoch 61:
2025-07-23 22:32:19 | INFO     |   训练指标:
2025-07-23 22:32:19 | INFO     |     损失(ce): 0.033916
2025-07-23 22:32:19 | INFO     |     准确率: 0.984239
2025-07-23 22:32:19 | INFO     |     学习率: 0.00001250
2025-07-23 22:32:19 | INFO     |   验证指标(标准CE):
2025-07-23 22:32:19 | INFO     |     损失: 0.066543
2025-07-23 22:32:19 | INFO     |     准确率: 0.973190
2025-07-23 22:32:19 | INFO     |     F1(macro): 0.974271
2025-07-23 22:32:19 | INFO     |     F1(weighted): 0.973138
2025-07-23 22:32:19 | INFO     |     精确率: 0.976894
2025-07-23 22:32:19 | INFO     |     召回率: 0.975456
2025-07-23 22:32:19 | INFO     |   学习率调度器: f1_based
2025-07-23 22:32:19 | INFO     | ------------------------------------------------------------
2025-07-23 22:32:19 | INFO     | Epoch  61 | Train: Loss=0.0339, Acc=0.9842 | Val: Loss=0.0665, Acc=0.9732, F1=0.9731 | LR=0.000013 
2025-07-23 22:36:33 | INFO     | Epoch 62:
2025-07-23 22:36:33 | INFO     |   训练指标:
2025-07-23 22:36:33 | INFO     |     损失(ce): 0.040668
2025-07-23 22:36:33 | INFO     |     准确率: 0.982897
2025-07-23 22:36:33 | INFO     |     学习率: 0.00001250
2025-07-23 22:36:33 | INFO     |   验证指标(标准CE):
2025-07-23 22:36:33 | INFO     |     损失: 0.051377
2025-07-23 22:36:33 | INFO     |     准确率: 0.972520
2025-07-23 22:36:33 | INFO     |     F1(macro): 0.973295
2025-07-23 22:36:33 | INFO     |     F1(weighted): 0.972279
2025-07-23 22:36:33 | INFO     |     精确率: 0.976115
2025-07-23 22:36:33 | INFO     |     召回率: 0.974344
2025-07-23 22:36:33 | INFO     |   学习率调度器: f1_based
2025-07-23 22:36:33 | INFO     | ------------------------------------------------------------
2025-07-23 22:36:33 | INFO     | Epoch  62 | Train: Loss=0.0407, Acc=0.9829 | Val: Loss=0.0514, Acc=0.9725, F1=0.9723 | LR=0.000013 
2025-07-23 22:40:47 | INFO     | Epoch 63:
2025-07-23 22:40:47 | INFO     |   训练指标:
2025-07-23 22:40:47 | INFO     |     损失(ce): 0.036598
2025-07-23 22:40:47 | INFO     |     准确率: 0.982730
2025-07-23 22:40:47 | INFO     |     学习率: 0.00001250
2025-07-23 22:40:47 | INFO     |   验证指标(标准CE):
2025-07-23 22:40:47 | INFO     |     损失: 0.051296
2025-07-23 22:40:47 | INFO     |     准确率: 0.977212
2025-07-23 22:40:47 | INFO     |     F1(macro): 0.978015
2025-07-23 22:40:47 | INFO     |     F1(weighted): 0.977065
2025-07-23 22:40:47 | INFO     |     精确率: 0.981036
2025-07-23 22:40:47 | INFO     |     召回率: 0.978469
2025-07-23 22:40:47 | INFO     |   学习率调度器: f1_based
2025-07-23 22:40:47 | INFO     | ------------------------------------------------------------
2025-07-23 22:40:47 | INFO     | Epoch  63 | Train: Loss=0.0366, Acc=0.9827 | Val: Loss=0.0513, Acc=0.9772, F1=0.9771 | LR=0.000013 
2025-07-23 22:45:01 | INFO     | Epoch 64:
2025-07-23 22:45:01 | INFO     |   训练指标:
2025-07-23 22:45:01 | INFO     |     损失(ce): 0.034213
2025-07-23 22:45:01 | INFO     |     准确率: 0.982897
2025-07-23 22:45:01 | INFO     |     学习率: 0.00001250
2025-07-23 22:45:01 | INFO     |   验证指标(标准CE):
2025-07-23 22:45:01 | INFO     |     损失: 0.043446
2025-07-23 22:45:01 | INFO     |     准确率: 0.979893
2025-07-23 22:45:01 | INFO     |     F1(macro): 0.980633
2025-07-23 22:45:01 | INFO     |     F1(weighted): 0.979784
2025-07-23 22:45:01 | INFO     |     精确率: 0.982467
2025-07-23 22:45:01 | INFO     |     召回率: 0.980722
2025-07-23 22:45:01 | INFO     |   学习率调度器: f1_based
2025-07-23 22:45:01 | INFO     | ------------------------------------------------------------
2025-07-23 22:45:01 | INFO     | Epoch  64 | Train: Loss=0.0342, Acc=0.9829 | Val: Loss=0.0434, Acc=0.9799, F1=0.9798 | LR=0.000013 🏆 [最佳模型]
2025-07-23 22:49:16 | INFO     | Epoch 65:
2025-07-23 22:49:16 | INFO     |   训练指标:
2025-07-23 22:49:16 | INFO     |     损失(ce): 0.035955
2025-07-23 22:49:16 | INFO     |     准确率: 0.985245
2025-07-23 22:49:16 | INFO     |     学习率: 0.00001250
2025-07-23 22:49:16 | INFO     |   验证指标(标准CE):
2025-07-23 22:49:16 | INFO     |     损失: 0.051921
2025-07-23 22:49:16 | INFO     |     准确率: 0.974531
2025-07-23 22:49:16 | INFO     |     F1(macro): 0.975627
2025-07-23 22:49:16 | INFO     |     F1(weighted): 0.974420
2025-07-23 22:49:16 | INFO     |     精确率: 0.977220
2025-07-23 22:49:16 | INFO     |     召回率: 0.976330
2025-07-23 22:49:16 | INFO     |   学习率调度器: f1_based
2025-07-23 22:49:16 | INFO     | ------------------------------------------------------------
2025-07-23 22:49:16 | INFO     | Epoch  65 | Train: Loss=0.0360, Acc=0.9852 | Val: Loss=0.0519, Acc=0.9745, F1=0.9744 | LR=0.000013 
2025-07-23 22:53:30 | INFO     | Epoch 66:
2025-07-23 22:53:30 | INFO     |   训练指标:
2025-07-23 22:53:30 | INFO     |     损失(ce): 0.035685
2025-07-23 22:53:30 | INFO     |     准确率: 0.983065
2025-07-23 22:53:30 | INFO     |     学习率: 0.00001250
2025-07-23 22:53:30 | INFO     |   验证指标(标准CE):
2025-07-23 22:53:30 | INFO     |     损失: 0.046611
2025-07-23 22:53:30 | INFO     |     准确率: 0.979893
2025-07-23 22:53:30 | INFO     |     F1(macro): 0.980658
2025-07-23 22:53:30 | INFO     |     F1(weighted): 0.979694
2025-07-23 22:53:30 | INFO     |     精确率: 0.983560
2025-07-23 22:53:30 | INFO     |     召回率: 0.981179
2025-07-23 22:53:30 | INFO     |   学习率调度器: f1_based
2025-07-23 22:53:30 | INFO     | ------------------------------------------------------------
2025-07-23 22:53:30 | INFO     | Epoch  66 | Train: Loss=0.0357, Acc=0.9831 | Val: Loss=0.0466, Acc=0.9799, F1=0.9797 | LR=0.000013 
2025-07-23 22:57:44 | INFO     | Epoch 67:
2025-07-23 22:57:44 | INFO     |   训练指标:
2025-07-23 22:57:44 | INFO     |     损失(ce): 0.039167
2025-07-23 22:57:44 | INFO     |     准确率: 0.985245
2025-07-23 22:57:44 | INFO     |     学习率: 0.00001250
2025-07-23 22:57:44 | INFO     |   验证指标(标准CE):
2025-07-23 22:57:44 | INFO     |     损失: 0.083498
2025-07-23 22:57:44 | INFO     |     准确率: 0.967158
2025-07-23 22:57:44 | INFO     |     F1(macro): 0.968465
2025-07-23 22:57:44 | INFO     |     F1(weighted): 0.967230
2025-07-23 22:57:44 | INFO     |     精确率: 0.973039
2025-07-23 22:57:44 | INFO     |     召回率: 0.968441
2025-07-23 22:57:44 | INFO     |   学习率调度器: f1_based
2025-07-23 22:57:44 | INFO     | ------------------------------------------------------------
2025-07-23 22:57:44 | INFO     | Epoch  67 | Train: Loss=0.0392, Acc=0.9852 | Val: Loss=0.0835, Acc=0.9672, F1=0.9672 | LR=0.000013 
2025-07-23 23:01:58 | INFO     | Epoch 68:
2025-07-23 23:01:58 | INFO     |   训练指标:
2025-07-23 23:01:58 | INFO     |     损失(ce): 0.033173
2025-07-23 23:01:58 | INFO     |     准确率: 0.985915
2025-07-23 23:01:58 | INFO     |     学习率: 0.00001250
2025-07-23 23:01:58 | INFO     |   验证指标(标准CE):
2025-07-23 23:01:58 | INFO     |     损失: 0.058187
2025-07-23 23:01:58 | INFO     |     准确率: 0.974531
2025-07-23 23:01:58 | INFO     |     F1(macro): 0.975147
2025-07-23 23:01:58 | INFO     |     F1(weighted): 0.974402
2025-07-23 23:01:58 | INFO     |     精确率: 0.977618
2025-07-23 23:01:58 | INFO     |     召回率: 0.975337
2025-07-23 23:01:58 | INFO     |   学习率调度器: f1_based
2025-07-23 23:01:58 | INFO     | ------------------------------------------------------------
2025-07-23 23:01:58 | INFO     | Epoch  68 | Train: Loss=0.0332, Acc=0.9859 | Val: Loss=0.0582, Acc=0.9745, F1=0.9744 | LR=0.000013 
2025-07-23 23:06:12 | INFO     | Epoch 69:
2025-07-23 23:06:12 | INFO     |   训练指标:
2025-07-23 23:06:12 | INFO     |     损失(ce): 0.036182
2025-07-23 23:06:12 | INFO     |     准确率: 0.983736
2025-07-23 23:06:12 | INFO     |     学习率: 0.00001250
2025-07-23 23:06:12 | INFO     |   验证指标(标准CE):
2025-07-23 23:06:12 | INFO     |     损失: 0.143622
2025-07-23 23:06:12 | INFO     |     准确率: 0.959115
2025-07-23 23:06:12 | INFO     |     F1(macro): 0.960475
2025-07-23 23:06:12 | INFO     |     F1(weighted): 0.958650
2025-07-23 23:06:12 | INFO     |     精确率: 0.965740
2025-07-23 23:06:12 | INFO     |     召回率: 0.961014
2025-07-23 23:06:12 | INFO     |   学习率调度器: f1_based
2025-07-23 23:06:12 | INFO     | ------------------------------------------------------------
2025-07-23 23:06:12 | INFO     | Epoch  69 | Train: Loss=0.0362, Acc=0.9837 | Val: Loss=0.1436, Acc=0.9591, F1=0.9587 | LR=0.000013 
2025-07-23 23:10:26 | INFO     | Epoch 70:
2025-07-23 23:10:26 | INFO     |   训练指标:
2025-07-23 23:10:26 | INFO     |     损失(ce): 0.036386
2025-07-23 23:10:26 | INFO     |     准确率: 0.982897
2025-07-23 23:10:26 | INFO     |     学习率: 0.00001250
2025-07-23 23:10:26 | INFO     |   验证指标(标准CE):
2025-07-23 23:10:26 | INFO     |     损失: 0.071361
2025-07-23 23:10:26 | INFO     |     准确率: 0.969169
2025-07-23 23:10:26 | INFO     |     F1(macro): 0.970150
2025-07-23 23:10:26 | INFO     |     F1(weighted): 0.969135
2025-07-23 23:10:26 | INFO     |     精确率: 0.971634
2025-07-23 23:10:26 | INFO     |     召回率: 0.971366
2025-07-23 23:10:26 | INFO     |   学习率调度器: f1_based
2025-07-23 23:10:26 | INFO     | ------------------------------------------------------------
2025-07-23 23:10:26 | INFO     | 🎯 学习率调整事件:
2025-07-23 23:10:26 | INFO     |   调度器类型: f1_based
2025-07-23 23:10:26 | INFO     |   学习率变化: 0.00001250 → 0.00000625
2025-07-23 23:10:26 | INFO     |   触发条件: F1分数 = 0.969135
2025-07-23 23:10:26 | INFO     |   变化幅度: -50.00%
2025-07-23 23:10:26 | INFO     | ------------------------------------------------------------
2025-07-23 23:10:26 | INFO     | Epoch  70 | Train: Loss=0.0364, Acc=0.9829 | Val: Loss=0.0714, Acc=0.9692, F1=0.9691 | LR=0.000006 
2025-07-23 23:14:40 | INFO     | Epoch 71:
2025-07-23 23:14:40 | INFO     |   训练指标:
2025-07-23 23:14:40 | INFO     |     损失(ce): 0.027751
2025-07-23 23:14:40 | INFO     |     准确率: 0.984742
2025-07-23 23:14:40 | INFO     |     学习率: 0.00000625
2025-07-23 23:14:40 | INFO     |   验证指标(标准CE):
2025-07-23 23:14:40 | INFO     |     损失: 0.057967
2025-07-23 23:14:40 | INFO     |     准确率: 0.975871
2025-07-23 23:14:40 | INFO     |     F1(macro): 0.976731
2025-07-23 23:14:40 | INFO     |     F1(weighted): 0.975839
2025-07-23 23:14:40 | INFO     |     精确率: 0.978593
2025-07-23 23:14:40 | INFO     |     召回率: 0.976917
2025-07-23 23:14:40 | INFO     |   学习率调度器: f1_based
2025-07-23 23:14:40 | INFO     | ------------------------------------------------------------
2025-07-23 23:14:40 | INFO     | Epoch  71 | Train: Loss=0.0278, Acc=0.9847 | Val: Loss=0.0580, Acc=0.9759, F1=0.9758 | LR=0.000006 
2025-07-23 23:18:55 | INFO     | Epoch 72:
2025-07-23 23:18:55 | INFO     |   训练指标:
2025-07-23 23:18:55 | INFO     |     损失(ce): 0.033727
2025-07-23 23:18:55 | INFO     |     准确率: 0.984742
2025-07-23 23:18:55 | INFO     |     学习率: 0.00000625
2025-07-23 23:18:55 | INFO     |   验证指标(标准CE):
2025-07-23 23:18:55 | INFO     |     损失: 0.054608
2025-07-23 23:18:55 | INFO     |     准确率: 0.978552
2025-07-23 23:18:55 | INFO     |     F1(macro): 0.979525
2025-07-23 23:18:55 | INFO     |     F1(weighted): 0.978454
2025-07-23 23:18:55 | INFO     |     精确率: 0.980173
2025-07-23 23:18:55 | INFO     |     召回率: 0.979673
2025-07-23 23:18:55 | INFO     |   学习率调度器: f1_based
2025-07-23 23:18:55 | INFO     | ------------------------------------------------------------
2025-07-23 23:18:55 | INFO     | Epoch  72 | Train: Loss=0.0337, Acc=0.9847 | Val: Loss=0.0546, Acc=0.9786, F1=0.9785 | LR=0.000006 
2025-07-23 23:23:09 | INFO     | Epoch 73:
2025-07-23 23:23:09 | INFO     |   训练指标:
2025-07-23 23:23:09 | INFO     |     损失(ce): 0.024467
2025-07-23 23:23:09 | INFO     |     准确率: 0.986754
2025-07-23 23:23:09 | INFO     |     学习率: 0.00000625
2025-07-23 23:23:09 | INFO     |   验证指标(标准CE):
2025-07-23 23:23:09 | INFO     |     损失: 0.050000
2025-07-23 23:23:09 | INFO     |     准确率: 0.976542
2025-07-23 23:23:09 | INFO     |     F1(macro): 0.977450
2025-07-23 23:23:09 | INFO     |     F1(weighted): 0.976514
2025-07-23 23:23:09 | INFO     |     精确率: 0.977668
2025-07-23 23:23:09 | INFO     |     召回率: 0.977708
2025-07-23 23:23:09 | INFO     |   学习率调度器: f1_based
2025-07-23 23:23:09 | INFO     | ------------------------------------------------------------
2025-07-23 23:23:09 | INFO     | Epoch  73 | Train: Loss=0.0245, Acc=0.9868 | Val: Loss=0.0500, Acc=0.9765, F1=0.9765 | LR=0.000006 
2025-07-23 23:27:23 | INFO     | Epoch 74:
2025-07-23 23:27:23 | INFO     |   训练指标:
2025-07-23 23:27:23 | INFO     |     损失(ce): 0.025489
2025-07-23 23:27:23 | INFO     |     准确率: 0.986922
2025-07-23 23:27:23 | INFO     |     学习率: 0.00000625
2025-07-23 23:27:23 | INFO     |   验证指标(标准CE):
2025-07-23 23:27:23 | INFO     |     损失: 0.047506
2025-07-23 23:27:23 | INFO     |     准确率: 0.977882
2025-07-23 23:27:23 | INFO     |     F1(macro): 0.978659
2025-07-23 23:27:23 | INFO     |     F1(weighted): 0.977772
2025-07-23 23:27:23 | INFO     |     精确率: 0.980503
2025-07-23 23:27:23 | INFO     |     召回率: 0.979232
2025-07-23 23:27:23 | INFO     |   学习率调度器: f1_based
2025-07-23 23:27:23 | INFO     | ------------------------------------------------------------
2025-07-23 23:27:23 | INFO     | Epoch  74 | Train: Loss=0.0255, Acc=0.9869 | Val: Loss=0.0475, Acc=0.9779, F1=0.9778 | LR=0.000006 
2025-07-23 23:31:37 | INFO     | Epoch 75:
2025-07-23 23:31:37 | INFO     |   训练指标:
2025-07-23 23:31:37 | INFO     |     损失(ce): 0.029172
2025-07-23 23:31:37 | INFO     |     准确率: 0.985915
2025-07-23 23:31:37 | INFO     |     学习率: 0.00000625
2025-07-23 23:31:37 | INFO     |   验证指标(标准CE):
2025-07-23 23:31:37 | INFO     |     损失: 0.045493
2025-07-23 23:31:37 | INFO     |     准确率: 0.977882
2025-07-23 23:31:37 | INFO     |     F1(macro): 0.978632
2025-07-23 23:31:37 | INFO     |     F1(weighted): 0.977669
2025-07-23 23:31:37 | INFO     |     精确率: 0.980793
2025-07-23 23:31:37 | INFO     |     召回率: 0.979120
2025-07-23 23:31:37 | INFO     |   学习率调度器: f1_based
2025-07-23 23:31:37 | INFO     | ------------------------------------------------------------
2025-07-23 23:31:37 | INFO     | Epoch  75 | Train: Loss=0.0292, Acc=0.9859 | Val: Loss=0.0455, Acc=0.9779, F1=0.9777 | LR=0.000006 
2025-07-23 23:35:51 | INFO     | Epoch 76:
2025-07-23 23:35:51 | INFO     |   训练指标:
2025-07-23 23:35:51 | INFO     |     损失(ce): 0.024523
2025-07-23 23:35:51 | INFO     |     准确率: 0.986586
2025-07-23 23:35:51 | INFO     |     学习率: 0.00000625
2025-07-23 23:35:51 | INFO     |   验证指标(标准CE):
2025-07-23 23:35:51 | INFO     |     损失: 0.042899
2025-07-23 23:35:51 | INFO     |     准确率: 0.978552
2025-07-23 23:35:51 | INFO     |     F1(macro): 0.979083
2025-07-23 23:35:51 | INFO     |     F1(weighted): 0.978432
2025-07-23 23:35:51 | INFO     |     精确率: 0.980617
2025-07-23 23:35:51 | INFO     |     召回率: 0.979516
2025-07-23 23:35:51 | INFO     |   学习率调度器: f1_based
2025-07-23 23:35:51 | INFO     | ------------------------------------------------------------
2025-07-23 23:35:51 | INFO     | Epoch  76 | Train: Loss=0.0245, Acc=0.9866 | Val: Loss=0.0429, Acc=0.9786, F1=0.9784 | LR=0.000006 
2025-07-23 23:40:05 | INFO     | Epoch 77:
2025-07-23 23:40:05 | INFO     |   训练指标:
2025-07-23 23:40:05 | INFO     |     损失(ce): 0.024530
2025-07-23 23:40:05 | INFO     |     准确率: 0.986586
2025-07-23 23:40:05 | INFO     |     学习率: 0.00000625
2025-07-23 23:40:05 | INFO     |   验证指标(标准CE):
2025-07-23 23:40:05 | INFO     |     损失: 0.046624
2025-07-23 23:40:05 | INFO     |     准确率: 0.980563
2025-07-23 23:40:05 | INFO     |     F1(macro): 0.980946
2025-07-23 23:40:05 | INFO     |     F1(weighted): 0.980382
2025-07-23 23:40:05 | INFO     |     精确率: 0.984292
2025-07-23 23:40:05 | INFO     |     召回率: 0.981127
2025-07-23 23:40:05 | INFO     |   学习率调度器: f1_based
2025-07-23 23:40:05 | INFO     | ------------------------------------------------------------
2025-07-23 23:40:05 | INFO     | Epoch  77 | Train: Loss=0.0245, Acc=0.9866 | Val: Loss=0.0466, Acc=0.9806, F1=0.9804 | LR=0.000006 🏆 [最佳模型]
2025-07-23 23:44:20 | INFO     | Epoch 78:
2025-07-23 23:44:20 | INFO     |   训练指标:
2025-07-23 23:44:20 | INFO     |     损失(ce): 0.028944
2025-07-23 23:44:20 | INFO     |     准确率: 0.986251
2025-07-23 23:44:20 | INFO     |     学习率: 0.00000625
2025-07-23 23:44:20 | INFO     |   验证指标(标准CE):
2025-07-23 23:44:20 | INFO     |     损失: 0.048298
2025-07-23 23:44:20 | INFO     |     准确率: 0.979223
2025-07-23 23:44:20 | INFO     |     F1(macro): 0.979698
2025-07-23 23:44:20 | INFO     |     F1(weighted): 0.979051
2025-07-23 23:44:20 | INFO     |     精确率: 0.982137
2025-07-23 23:44:20 | INFO     |     召回率: 0.980044
2025-07-23 23:44:20 | INFO     |   学习率调度器: f1_based
2025-07-23 23:44:20 | INFO     | ------------------------------------------------------------
2025-07-23 23:44:20 | INFO     | 🎯 学习率调整事件:
2025-07-23 23:44:20 | INFO     |   调度器类型: f1_based
2025-07-23 23:44:20 | INFO     |   学习率变化: 0.00000625 → 0.00000313
2025-07-23 23:44:20 | INFO     |   触发条件: F1分数 = 0.979051
2025-07-23 23:44:20 | INFO     |   变化幅度: -50.00%
2025-07-23 23:44:20 | INFO     | ------------------------------------------------------------
2025-07-23 23:44:20 | INFO     | Epoch  78 | Train: Loss=0.0289, Acc=0.9863 | Val: Loss=0.0483, Acc=0.9792, F1=0.9791 | LR=0.000003 
2025-07-23 23:48:34 | INFO     | Epoch 79:
2025-07-23 23:48:34 | INFO     |   训练指标:
2025-07-23 23:48:34 | INFO     |     损失(ce): 0.024297
2025-07-23 23:48:34 | INFO     |     准确率: 0.987425
2025-07-23 23:48:34 | INFO     |     学习率: 0.00000313
2025-07-23 23:48:34 | INFO     |   验证指标(标准CE):
2025-07-23 23:48:34 | INFO     |     损失: 0.054301
2025-07-23 23:48:34 | INFO     |     准确率: 0.975871
2025-07-23 23:48:34 | INFO     |     F1(macro): 0.976607
2025-07-23 23:48:34 | INFO     |     F1(weighted): 0.975608
2025-07-23 23:48:34 | INFO     |     精确率: 0.979423
2025-07-23 23:48:34 | INFO     |     召回率: 0.977332
2025-07-23 23:48:34 | INFO     |   学习率调度器: f1_based
2025-07-23 23:48:34 | INFO     | ------------------------------------------------------------
2025-07-23 23:48:34 | INFO     | Epoch  79 | Train: Loss=0.0243, Acc=0.9874 | Val: Loss=0.0543, Acc=0.9759, F1=0.9756 | LR=0.000003 
2025-07-23 23:52:48 | INFO     | Epoch 80:
2025-07-23 23:52:48 | INFO     |   训练指标:
2025-07-23 23:52:48 | INFO     |     损失(ce): 0.024519
2025-07-23 23:52:48 | INFO     |     准确率: 0.987760
2025-07-23 23:52:48 | INFO     |     学习率: 0.00000313
2025-07-23 23:52:48 | INFO     |   验证指标(标准CE):
2025-07-23 23:52:48 | INFO     |     损失: 0.048012
2025-07-23 23:52:48 | INFO     |     准确率: 0.979223
2025-07-23 23:52:48 | INFO     |     F1(macro): 0.979606
2025-07-23 23:52:48 | INFO     |     F1(weighted): 0.979006
2025-07-23 23:52:48 | INFO     |     精确率: 0.982276
2025-07-23 23:52:48 | INFO     |     召回率: 0.980362
2025-07-23 23:52:48 | INFO     |   学习率调度器: f1_based
2025-07-23 23:52:48 | INFO     | ------------------------------------------------------------
2025-07-23 23:52:48 | INFO     | Epoch  80 | Train: Loss=0.0245, Acc=0.9878 | Val: Loss=0.0480, Acc=0.9792, F1=0.9790 | LR=0.000003 
2025-07-23 23:57:02 | INFO     | Epoch 81:
2025-07-23 23:57:02 | INFO     |   训练指标:
2025-07-23 23:57:02 | INFO     |     损失(ce): 0.025001
2025-07-23 23:57:02 | INFO     |     准确率: 0.988431
2025-07-23 23:57:02 | INFO     |     学习率: 0.00000313
2025-07-23 23:57:02 | INFO     |   验证指标(标准CE):
2025-07-23 23:57:02 | INFO     |     损失: 0.047676
2025-07-23 23:57:02 | INFO     |     准确率: 0.979893
2025-07-23 23:57:02 | INFO     |     F1(macro): 0.980423
2025-07-23 23:57:02 | INFO     |     F1(weighted): 0.979658
2025-07-23 23:57:02 | INFO     |     精确率: 0.983142
2025-07-23 23:57:02 | INFO     |     召回率: 0.981096
2025-07-23 23:57:02 | INFO     |   学习率调度器: f1_based
2025-07-23 23:57:02 | INFO     | ------------------------------------------------------------
2025-07-23 23:57:02 | INFO     | Epoch  81 | Train: Loss=0.0250, Acc=0.9884 | Val: Loss=0.0477, Acc=0.9799, F1=0.9797 | LR=0.000003 
2025-07-24 00:01:17 | INFO     | Epoch 82:
2025-07-24 00:01:17 | INFO     |   训练指标:
2025-07-24 00:01:17 | INFO     |     损失(ce): 0.023355
2025-07-24 00:01:17 | INFO     |     准确率: 0.987928
2025-07-24 00:01:17 | INFO     |     学习率: 0.00000313
2025-07-24 00:01:17 | INFO     |   验证指标(标准CE):
2025-07-24 00:01:17 | INFO     |     损失: 0.049961
2025-07-24 00:01:17 | INFO     |     准确率: 0.979893
2025-07-24 00:01:17 | INFO     |     F1(macro): 0.980402
2025-07-24 00:01:17 | INFO     |     F1(weighted): 0.979675
2025-07-24 00:01:17 | INFO     |     精确率: 0.983153
2025-07-24 00:01:17 | INFO     |     召回率: 0.981096
2025-07-24 00:01:17 | INFO     |   学习率调度器: f1_based
2025-07-24 00:01:17 | INFO     | ------------------------------------------------------------
2025-07-24 00:01:17 | INFO     | Epoch  82 | Train: Loss=0.0234, Acc=0.9879 | Val: Loss=0.0500, Acc=0.9799, F1=0.9797 | LR=0.000003 
2025-07-24 00:05:31 | INFO     | Epoch 83:
2025-07-24 00:05:31 | INFO     |   训练指标:
2025-07-24 00:05:31 | INFO     |     损失(ce): 0.029699
2025-07-24 00:05:31 | INFO     |     准确率: 0.986754
2025-07-24 00:05:31 | INFO     |     学习率: 0.00000313
2025-07-24 00:05:31 | INFO     |   验证指标(标准CE):
2025-07-24 00:05:31 | INFO     |     损失: 0.055611
2025-07-24 00:05:31 | INFO     |     准确率: 0.977882
2025-07-24 00:05:31 | INFO     |     F1(macro): 0.978625
2025-07-24 00:05:31 | INFO     |     F1(weighted): 0.977691
2025-07-24 00:05:31 | INFO     |     精确率: 0.980833
2025-07-24 00:05:31 | INFO     |     召回率: 0.979320
2025-07-24 00:05:31 | INFO     |   学习率调度器: f1_based
2025-07-24 00:05:31 | INFO     | ------------------------------------------------------------
2025-07-24 00:05:31 | INFO     | Epoch  83 | Train: Loss=0.0297, Acc=0.9868 | Val: Loss=0.0556, Acc=0.9779, F1=0.9777 | LR=0.000003 
2025-07-24 00:09:45 | INFO     | Epoch 84:
2025-07-24 00:09:45 | INFO     |   训练指标:
2025-07-24 00:09:45 | INFO     |     损失(ce): 0.025232
2025-07-24 00:09:45 | INFO     |     准确率: 0.987592
2025-07-24 00:09:45 | INFO     |     学习率: 0.00000313
2025-07-24 00:09:45 | INFO     |   验证指标(标准CE):
2025-07-24 00:09:45 | INFO     |     损失: 0.047459
2025-07-24 00:09:45 | INFO     |     准确率: 0.979893
2025-07-24 00:09:45 | INFO     |     F1(macro): 0.980436
2025-07-24 00:09:45 | INFO     |     F1(weighted): 0.979713
2025-07-24 00:09:45 | INFO     |     精确率: 0.982559
2025-07-24 00:09:45 | INFO     |     召回率: 0.981090
2025-07-24 00:09:45 | INFO     |   学习率调度器: f1_based
2025-07-24 00:09:45 | INFO     | ------------------------------------------------------------
2025-07-24 00:09:45 | INFO     | Epoch  84 | Train: Loss=0.0252, Acc=0.9876 | Val: Loss=0.0475, Acc=0.9799, F1=0.9797 | LR=0.000003 
2025-07-24 00:13:59 | INFO     | Epoch 85:
2025-07-24 00:13:59 | INFO     |   训练指标:
2025-07-24 00:13:59 | INFO     |     损失(ce): 0.024107
2025-07-24 00:13:59 | INFO     |     准确率: 0.987760
2025-07-24 00:13:59 | INFO     |     学习率: 0.00000313
2025-07-24 00:13:59 | INFO     |   验证指标(标准CE):
2025-07-24 00:13:59 | INFO     |     损失: 0.052135
2025-07-24 00:13:59 | INFO     |     准确率: 0.979893
2025-07-24 00:13:59 | INFO     |     F1(macro): 0.980489
2025-07-24 00:13:59 | INFO     |     F1(weighted): 0.979652
2025-07-24 00:13:59 | INFO     |     精确率: 0.983061
2025-07-24 00:13:59 | INFO     |     召回率: 0.981342
2025-07-24 00:13:59 | INFO     |   学习率调度器: f1_based
2025-07-24 00:13:59 | INFO     | ------------------------------------------------------------
2025-07-24 00:13:59 | INFO     | Epoch  85 | Train: Loss=0.0241, Acc=0.9878 | Val: Loss=0.0521, Acc=0.9799, F1=0.9797 | LR=0.000003 
2025-07-24 00:18:13 | INFO     | Epoch 86:
2025-07-24 00:18:13 | INFO     |   训练指标:
2025-07-24 00:18:13 | INFO     |     损失(ce): 0.026094
2025-07-24 00:18:13 | INFO     |     准确率: 0.986083
2025-07-24 00:18:13 | INFO     |     学习率: 0.00000313
2025-07-24 00:18:13 | INFO     |   验证指标(标准CE):
2025-07-24 00:18:13 | INFO     |     损失: 0.047409
2025-07-24 00:18:13 | INFO     |     准确率: 0.977882
2025-07-24 00:18:13 | INFO     |     F1(macro): 0.978678
2025-07-24 00:18:13 | INFO     |     F1(weighted): 0.977665
2025-07-24 00:18:13 | INFO     |     精确率: 0.980699
2025-07-24 00:18:13 | INFO     |     召回率: 0.979489
2025-07-24 00:18:13 | INFO     |   学习率调度器: f1_based
2025-07-24 00:18:13 | INFO     | ------------------------------------------------------------
2025-07-24 00:18:13 | INFO     | 🎯 学习率调整事件:
2025-07-24 00:18:13 | INFO     |   调度器类型: f1_based
2025-07-24 00:18:13 | INFO     |   学习率变化: 0.00000313 → 0.00000156
2025-07-24 00:18:13 | INFO     |   触发条件: F1分数 = 0.977665
2025-07-24 00:18:13 | INFO     |   变化幅度: -50.00%
2025-07-24 00:18:13 | INFO     | ------------------------------------------------------------
2025-07-24 00:18:13 | INFO     | Epoch  86 | Train: Loss=0.0261, Acc=0.9861 | Val: Loss=0.0474, Acc=0.9779, F1=0.9777 | LR=0.000002 
2025-07-24 00:22:28 | INFO     | Epoch 87:
2025-07-24 00:22:28 | INFO     |   训练指标:
2025-07-24 00:22:28 | INFO     |     损失(ce): 0.022811
2025-07-24 00:22:28 | INFO     |     准确率: 0.988766
2025-07-24 00:22:28 | INFO     |     学习率: 0.00000156
2025-07-24 00:22:28 | INFO     |   验证指标(标准CE):
2025-07-24 00:22:28 | INFO     |     损失: 0.047894
2025-07-24 00:22:28 | INFO     |     准确率: 0.980563
2025-07-24 00:22:28 | INFO     |     F1(macro): 0.981057
2025-07-24 00:22:28 | INFO     |     F1(weighted): 0.980342
2025-07-24 00:22:28 | INFO     |     精确率: 0.982910
2025-07-24 00:22:28 | INFO     |     召回率: 0.981952
2025-07-24 00:22:28 | INFO     |   学习率调度器: f1_based
2025-07-24 00:22:28 | INFO     | ------------------------------------------------------------
2025-07-24 00:22:28 | INFO     | Epoch  87 | Train: Loss=0.0228, Acc=0.9888 | Val: Loss=0.0479, Acc=0.9806, F1=0.9803 | LR=0.000002 
2025-07-24 00:26:42 | INFO     | Epoch 88:
2025-07-24 00:26:42 | INFO     |   训练指标:
2025-07-24 00:26:42 | INFO     |     损失(ce): 0.021492
2025-07-24 00:26:42 | INFO     |     准确率: 0.989269
2025-07-24 00:26:42 | INFO     |     学习率: 0.00000156
2025-07-24 00:26:42 | INFO     |   验证指标(标准CE):
2025-07-24 00:26:42 | INFO     |     损失: 0.045601
2025-07-24 00:26:42 | INFO     |     准确率: 0.979893
2025-07-24 00:26:42 | INFO     |     F1(macro): 0.980598
2025-07-24 00:26:42 | INFO     |     F1(weighted): 0.979693
2025-07-24 00:26:42 | INFO     |     精确率: 0.982618
2025-07-24 00:26:42 | INFO     |     召回率: 0.981337
2025-07-24 00:26:42 | INFO     |   学习率调度器: f1_based
2025-07-24 00:26:42 | INFO     | ------------------------------------------------------------
2025-07-24 00:26:42 | INFO     | Epoch  88 | Train: Loss=0.0215, Acc=0.9893 | Val: Loss=0.0456, Acc=0.9799, F1=0.9797 | LR=0.000002 
2025-07-24 00:30:56 | INFO     | Epoch 89:
2025-07-24 00:30:56 | INFO     |   训练指标:
2025-07-24 00:30:56 | INFO     |     损失(ce): 0.022257
2025-07-24 00:30:56 | INFO     |     准确率: 0.987425
2025-07-24 00:30:56 | INFO     |     学习率: 0.00000156
2025-07-24 00:30:56 | INFO     |   验证指标(标准CE):
2025-07-24 00:30:56 | INFO     |     损失: 0.052570
2025-07-24 00:30:56 | INFO     |     准确率: 0.977882
2025-07-24 00:30:56 | INFO     |     F1(macro): 0.978429
2025-07-24 00:30:56 | INFO     |     F1(weighted): 0.977715
2025-07-24 00:30:56 | INFO     |     精确率: 0.980388
2025-07-24 00:30:56 | INFO     |     召回率: 0.979197
2025-07-24 00:30:56 | INFO     |   学习率调度器: f1_based
2025-07-24 00:30:56 | INFO     | ------------------------------------------------------------
2025-07-24 00:30:56 | INFO     | Epoch  89 | Train: Loss=0.0223, Acc=0.9874 | Val: Loss=0.0526, Acc=0.9779, F1=0.9777 | LR=0.000002 
2025-07-24 00:35:10 | INFO     | Epoch 90:
2025-07-24 00:35:10 | INFO     |   训练指标:
2025-07-24 00:35:10 | INFO     |     损失(ce): 0.025724
2025-07-24 00:35:10 | INFO     |     准确率: 0.987425
2025-07-24 00:35:10 | INFO     |     学习率: 0.00000156
2025-07-24 00:35:10 | INFO     |   验证指标(标准CE):
2025-07-24 00:35:10 | INFO     |     损失: 0.046476
2025-07-24 00:35:10 | INFO     |     准确率: 0.979893
2025-07-24 00:35:10 | INFO     |     F1(macro): 0.980453
2025-07-24 00:35:10 | INFO     |     F1(weighted): 0.979736
2025-07-24 00:35:10 | INFO     |     精确率: 0.982531
2025-07-24 00:35:10 | INFO     |     召回率: 0.981045
2025-07-24 00:35:10 | INFO     |   学习率调度器: f1_based
2025-07-24 00:35:10 | INFO     | ------------------------------------------------------------
2025-07-24 00:35:10 | INFO     | Epoch  90 | Train: Loss=0.0257, Acc=0.9874 | Val: Loss=0.0465, Acc=0.9799, F1=0.9797 | LR=0.000002 
2025-07-24 00:39:25 | INFO     | Epoch 91:
2025-07-24 00:39:25 | INFO     |   训练指标:
2025-07-24 00:39:25 | INFO     |     损失(ce): 0.020348
2025-07-24 00:39:25 | INFO     |     准确率: 0.990778
2025-07-24 00:39:25 | INFO     |     学习率: 0.00000156
2025-07-24 00:39:25 | INFO     |   验证指标(标准CE):
2025-07-24 00:39:25 | INFO     |     损失: 0.047906
2025-07-24 00:39:25 | INFO     |     准确率: 0.978552
2025-07-24 00:39:25 | INFO     |     F1(macro): 0.979166
2025-07-24 00:39:25 | INFO     |     F1(weighted): 0.978273
2025-07-24 00:39:25 | INFO     |     精确率: 0.981893
2025-07-24 00:39:25 | INFO     |     召回率: 0.979836
2025-07-24 00:39:25 | INFO     |   学习率调度器: f1_based
2025-07-24 00:39:25 | INFO     | ------------------------------------------------------------
2025-07-24 00:39:25 | INFO     | Epoch  91 | Train: Loss=0.0203, Acc=0.9908 | Val: Loss=0.0479, Acc=0.9786, F1=0.9783 | LR=0.000002 
2025-07-24 00:43:39 | INFO     | Epoch 92:
2025-07-24 00:43:39 | INFO     |   训练指标:
2025-07-24 00:43:39 | INFO     |     损失(ce): 0.021781
2025-07-24 00:43:39 | INFO     |     准确率: 0.990107
2025-07-24 00:43:39 | INFO     |     学习率: 0.00000156
2025-07-24 00:43:39 | INFO     |   验证指标(标准CE):
2025-07-24 00:43:39 | INFO     |     损失: 0.050754
2025-07-24 00:43:39 | INFO     |     准确率: 0.979893
2025-07-24 00:43:39 | INFO     |     F1(macro): 0.980304
2025-07-24 00:43:39 | INFO     |     F1(weighted): 0.979693
2025-07-24 00:43:39 | INFO     |     精确率: 0.983008
2025-07-24 00:43:39 | INFO     |     召回率: 0.981019
2025-07-24 00:43:39 | INFO     |   学习率调度器: f1_based
2025-07-24 00:43:39 | INFO     | ------------------------------------------------------------
2025-07-24 00:43:39 | INFO     | Epoch  92 | Train: Loss=0.0218, Acc=0.9901 | Val: Loss=0.0508, Acc=0.9799, F1=0.9797 | LR=0.000002 
2025-07-24 00:43:39 | INFO     | ⏹️ 早停触发，在第 92 轮停止训练
2025-07-24 00:43:57 | INFO     | 训练历史已保存到: ./result/0723_1812_DualGAF_DDAHU_DualGAFNet_静态融合缩放+concat+通道注意力_sl96_step96_fd128_extractor-dilated_gaf-adaptive_attention-channel_classifier-mlp_stat-basic_fusion-concat/training_history.csv
2025-07-24 00:43:57 | INFO     | 
====================================================================================================
2025-07-24 00:43:57 | INFO     | 🎉 训练完成总结:
2025-07-24 00:43:57 | INFO     |   训练损失函数: ce
2025-07-24 00:43:57 | INFO     |   验证损失函数: 标准交叉熵（遵循主流ML规范）
2025-07-24 00:43:57 | INFO     |   训练过程最佳验证准确率: 0.9806
2025-07-24 00:43:57 | INFO     |   训练过程最佳验证F1(macro): 0.9811
2025-07-24 00:43:57 | INFO     |   训练过程最佳验证F1(weighted): 0.9804
2025-07-24 00:43:57 | INFO     |   训练轮数: 92
2025-07-24 00:43:57 | INFO     | --------------------------------------------------
2025-07-24 00:43:57 | INFO     | 📊 最佳模型真实性能指标（基于标准交叉熵损失）:
2025-07-24 00:43:57 | INFO     |   验证损失(标准CE): 0.0466
2025-07-24 00:43:57 | INFO     |   验证准确率: 0.9806
2025-07-24 00:43:57 | INFO     |   验证F1(macro): 0.9809
2025-07-24 00:43:57 | INFO     |   验证F1(weighted): 0.9804
2025-07-24 00:43:57 | INFO     |   验证精确率: 0.9843
2025-07-24 00:43:57 | INFO     |   验证召回率: 0.9811
2025-07-24 00:43:57 | INFO     | ====================================================================================================
2025-07-24 00:43:59 | INFO     | ================================================================================
2025-07-24 00:43:59 | INFO     | 实验日志结束: DualGAF_DDAHU_DualGAFNet_静态融合缩放+concat+通道注意力_sl96_step96_fd128_extractor-dilated_gaf-adaptive_attention-channel_classifier-mlp_stat-basic_fusion-concat
2025-07-24 00:43:59 | INFO     | 结束时间: 2025-07-24 00:43:59
2025-07-24 00:43:59 | INFO     | ================================================================================
