2025-07-28 17:26:13 | INFO     | ================================================================================
2025-07-28 17:26:13 | INFO     | 实验日志开始: DualGAF_DualGAFNet_SDAHU通道压缩_sl96_step96_fd128_extractor-dilated_gaf-concat_attention-channel_classifier-residual_bottleneck_stat-basic_fusion-concat
2025-07-28 17:26:13 | INFO     | 日志文件: ./result/0728_1726_DualGAF_DualGAFNet_SDAHU通道压缩_sl96_step96_fd128_extractor-dilated_gaf-concat_attention-channel_classifier-residual_bottleneck_stat-basic_fusion-concat/training.log
2025-07-28 17:26:13 | INFO     | 开始时间: 2025-07-28 17:26:13
2025-07-28 17:26:13 | INFO     | ================================================================================
2025-07-28 17:26:13 | INFO     | ⚙️ 实验配置:
2025-07-28 17:26:13 | INFO     |    task_name: classification
2025-07-28 17:26:13 | INFO     |    is_training: 1
2025-07-28 17:26:13 | INFO     |    model_id: test
2025-07-28 17:26:13 | INFO     |    model: DualGAFNet
2025-07-28 17:26:13 | INFO     |    data: DualGAF
2025-07-28 17:26:13 | INFO     |    root_path: ./dataset/SAHU/direct_5_working
2025-07-28 17:26:13 | INFO     |    step: 96
2025-07-28 17:26:13 | INFO     |    checkpoints: ./checkpoints/
2025-07-28 17:26:13 | INFO     |    num_class: 9
2025-07-28 17:26:13 | INFO     |    result_path: ./result/
2025-07-28 17:26:13 | INFO     |    test_size: 0.2
2025-07-28 17:26:13 | INFO     |    rows: None
2025-07-28 17:26:13 | INFO     |    seq_len: 96
2025-07-28 17:26:13 | INFO     |    enc_in: 26
2025-07-28 17:26:13 | INFO     |    d_model: 512
2025-07-28 17:26:13 | INFO     |    n_heads: 8
2025-07-28 17:26:13 | INFO     |    e_layers: 2
2025-07-28 17:26:13 | INFO     |    d_layers: 1
2025-07-28 17:26:13 | INFO     |    d_ff: 2048
2025-07-28 17:26:13 | INFO     |    moving_avg: 25
2025-07-28 17:26:13 | INFO     |    factor: 1
2025-07-28 17:26:13 | INFO     |    distil: True
2025-07-28 17:26:13 | INFO     |    dropout: 0.1
2025-07-28 17:26:13 | INFO     |    embed: timeF
2025-07-28 17:26:13 | INFO     |    activation: gelu
2025-07-28 17:26:13 | INFO     |    use_norm: 1
2025-07-28 17:26:13 | INFO     |    gaf_method: summation
2025-07-28 17:26:13 | INFO     |    feature_dim: 128
2025-07-28 17:26:13 | INFO     |    data_type_method: uint8
2025-07-28 17:26:13 | INFO     |    use_attention: True
2025-07-28 17:26:13 | INFO     |    hidden_dim: 64
2025-07-28 17:26:13 | INFO     |    sample_size: 1000
2025-07-28 17:26:13 | INFO     |    cnn_dropout_rate: 0.3
2025-07-28 17:26:13 | INFO     |    cnn_use_batch_norm: True
2025-07-28 17:26:13 | INFO     |    channel_groups: None
2025-07-28 17:26:13 | INFO     |    hvac_groups: None
2025-07-28 17:26:13 | INFO     |    use_channel_compression: True
2025-07-28 17:26:13 | INFO     |    compression_strategy: signal_compression
2025-07-28 17:26:13 | INFO     |    compression_ratio: 0.7
2025-07-28 17:26:13 | INFO     |    compression_channels: 16
2025-07-28 17:26:13 | INFO     |    adaptive_compression_ratios: [0.5, 0.7, 0.8]
2025-07-28 17:26:13 | INFO     |    hvac_group_compression_ratios: None
2025-07-28 17:26:13 | INFO     |    extractor_type: dilated
2025-07-28 17:26:13 | INFO     |    fusion_type: concat
2025-07-28 17:26:13 | INFO     |    attention_type: channel
2025-07-28 17:26:13 | INFO     |    classifier_type: residual_bottleneck
2025-07-28 17:26:13 | INFO     |    use_statistical_features: True
2025-07-28 17:26:13 | INFO     |    stat_type: basic
2025-07-28 17:26:13 | INFO     |    multimodal_fusion_strategy: concat
2025-07-28 17:26:13 | INFO     |    use_signal_level_stats: False
2025-07-28 17:26:13 | INFO     |    signal_stat_type: comprehensive
2025-07-28 17:26:13 | INFO     |    signal_stat_fusion_strategy: concat_project
2025-07-28 17:26:13 | INFO     |    signal_stat_feature_dim: 32
2025-07-28 17:26:13 | INFO     |    use_diff_branch: True
2025-07-28 17:26:13 | INFO     |    ablation_mode: none
2025-07-28 17:26:13 | INFO     |    backbone_type: resnet18
2025-07-28 17:26:13 | INFO     |    use_sum_branch: True
2025-07-28 17:26:13 | INFO     |    num_workers: 0
2025-07-28 17:26:13 | INFO     |    cuda_debug: False
2025-07-28 17:26:13 | INFO     |    gpu_memory_fraction: 0.9
2025-07-28 17:26:13 | INFO     |    safe_mode: True
2025-07-28 17:26:13 | INFO     |    drop_last_batch: True
2025-07-28 17:26:13 | INFO     |    itr: 1
2025-07-28 17:26:13 | INFO     |    train_epochs: 300
2025-07-28 17:26:13 | INFO     |    batch_size: 4
2025-07-28 17:26:13 | INFO     |    patience: 15
2025-07-28 17:26:13 | INFO     |    learning_rate: 0.0001
2025-07-28 17:26:13 | INFO     |    des: SDAHU通道压缩
2025-07-28 17:26:13 | INFO     |    loss: MSE
2025-07-28 17:26:13 | INFO     |    lradj: type1
2025-07-28 17:26:13 | INFO     |    lr_scheduler_type: f1_based
2025-07-28 17:26:13 | INFO     |    lr_loss_weight: 0.3
2025-07-28 17:26:13 | INFO     |    lr_f1_weight: 0.7
2025-07-28 17:26:13 | INFO     |    use_amp: False
2025-07-28 17:26:13 | INFO     |    gradient_accumulation_steps: 2
2025-07-28 17:26:13 | INFO     |    enable_auto_gradient_accumulation: True
2025-07-28 17:26:13 | INFO     |    loss_type: ce
2025-07-28 17:26:13 | INFO     |    label_smoothing: 0.1
2025-07-28 17:26:13 | INFO     |    focal_alpha: 1.0
2025-07-28 17:26:13 | INFO     |    focal_gamma: 2.0
2025-07-28 17:26:13 | INFO     |    confidence_penalty_beta: 0.1
2025-07-28 17:26:13 | INFO     |    use_timm_loss: True
2025-07-28 17:26:13 | INFO     |    adaptive_initial_smoothing: 0.2
2025-07-28 17:26:13 | INFO     |    adaptive_final_smoothing: 0.05
2025-07-28 17:26:13 | INFO     |    adaptive_decay_epochs: 30
2025-07-28 17:26:13 | INFO     |    enable_class_weights: False
2025-07-28 17:26:13 | INFO     |    class_weights: None
2025-07-28 17:26:13 | INFO     |    loss_preset: None
2025-07-28 17:26:13 | INFO     |    n_jobs: 1
2025-07-28 17:26:13 | INFO     |    use_multiprocessing: False
2025-07-28 17:26:13 | INFO     |    chunk_size: 800
2025-07-28 17:26:13 | INFO     |    disable_parallel: True
2025-07-28 17:26:13 | INFO     |    use_shared_memory: False
2025-07-28 17:26:13 | INFO     |    disable_shared_memory: False
2025-07-28 17:26:13 | INFO     |    use_gpu: True
2025-07-28 17:26:13 | INFO     |    gpu: 0
2025-07-28 17:26:13 | INFO     |    gpu_type: cuda
2025-07-28 17:26:13 | INFO     |    use_multi_gpu: False
2025-07-28 17:26:13 | INFO     |    devices: 0,1,2,3
2025-07-28 17:26:13 | INFO     |    device: cuda:0
2025-07-28 17:26:13 | INFO     |    feature_columns: ['CHWC_VLV', 'CHWC_VLV_DM', 'MA_TEMP', 'OA_CFM', 'OA_DMPR', 'OA_DMPR_DM', 'OA_TEMP', 'RA_CFM', 'RA_DMPR', 'RA_DMPR_DM', 'RA_TEMP', 'RF_CS', 'RF_SPD', 'RF_WAT', 'SA_CFM', 'SA_SP', 'SA_SPSPT', 'SA_TEMP', 'SF_CS', 'SF_SPD', 'SF_WAT', 'ZONE_TEMP_1', 'ZONE_TEMP_2', 'ZONE_TEMP_3', 'ZONE_TEMP_4', 'ZONE_TEMP_5']
2025-07-28 17:26:13 | INFO     | 🏗️ 模型信息:
2025-07-28 17:26:13 | INFO     |    模型类型: Model
2025-07-28 17:26:13 | INFO     |    总参数数量: 10,019,151
2025-07-28 17:26:13 | INFO     |    可训练参数: 10,019,151
2025-07-28 17:26:13 | INFO     |    模型大小估计: 38.22 MB
2025-07-28 17:26:13 | INFO     | 📊 数据集信息:
2025-07-28 17:26:13 | INFO     |    训练集大小: 3996
2025-07-28 17:26:13 | INFO     |    验证集大小: 999
2025-07-28 17:26:13 | INFO     | 
================================================================================
2025-07-28 17:26:13 | INFO     | 📋 损失函数使用策略（遵循主流机器学习规范）:
2025-07-28 17:26:13 | INFO     |    🎯 训练阶段: 使用 ce 损失函数
2025-07-28 17:26:13 | INFO     |       → 目的：优化模型参数，解决特定问题（类别不平衡、相似性等）
2025-07-28 17:26:13 | INFO     |    📊 验证阶段: 使用标准交叉熵损失函数
2025-07-28 17:26:13 | INFO     |       → 目的：客观评估模型性能，便于不同方法比较
2025-07-28 17:26:13 | INFO     |    📈 最终报告: 基于标准交叉熵损失的指标
2025-07-28 17:26:13 | INFO     |       → 目的：提供可信、可比较的性能指标
2025-07-28 17:26:13 | INFO     | ================================================================================

2025-07-28 17:26:13 | INFO     | 🔄 梯度累积配置: 每2轮累积一次梯度
2025-07-28 17:26:13 | INFO     |    实际batch_size: 4
2025-07-28 17:26:13 | INFO     |    有效batch_size: 8
2025-07-28 17:27:08 | INFO     | Epoch 1:
2025-07-28 17:27:08 | INFO     |   训练指标:
2025-07-28 17:27:08 | INFO     |     损失(ce): 13.797661
2025-07-28 17:27:08 | INFO     |     准确率: 0.149650
2025-07-28 17:27:08 | INFO     |     学习率: 0.00010000
2025-07-28 17:27:08 | INFO     |   验证指标(标准CE):
2025-07-28 17:27:08 | INFO     |     损失: 6.616199
2025-07-28 17:27:08 | INFO     |     准确率: 0.310310
2025-07-28 17:27:08 | INFO     |     F1(macro): 0.283206
2025-07-28 17:27:08 | INFO     |     F1(weighted): 0.275406
2025-07-28 17:27:08 | INFO     |     精确率: 0.305046
2025-07-28 17:27:08 | INFO     |     召回率: 0.321655
2025-07-28 17:27:08 | INFO     |   学习率调度器: f1_based
2025-07-28 17:27:08 | INFO     | ------------------------------------------------------------
2025-07-28 17:27:08 | INFO     | Epoch   1 | Train: Loss=13.7977, Acc=0.1496 | Val: Loss=6.6162, Acc=0.3103, F1=0.2754 | LR=0.000100 🏆 [最佳模型]
2025-07-28 17:28:03 | INFO     | Epoch 2:
2025-07-28 17:28:03 | INFO     |   训练指标:
2025-07-28 17:28:03 | INFO     |     损失(ce): 10.231862
2025-07-28 17:28:03 | INFO     |     准确率: 0.234985
2025-07-28 17:28:03 | INFO     |     学习率: 0.00010000
2025-07-28 17:28:03 | INFO     |   验证指标(标准CE):
2025-07-28 17:28:03 | INFO     |     损失: 5.019891
2025-07-28 17:28:03 | INFO     |     准确率: 0.452452
2025-07-28 17:28:03 | INFO     |     F1(macro): 0.401349
2025-07-28 17:28:03 | INFO     |     F1(weighted): 0.389082
2025-07-28 17:28:03 | INFO     |     精确率: 0.458764
2025-07-28 17:28:03 | INFO     |     召回率: 0.461142
2025-07-28 17:28:03 | INFO     |   学习率调度器: f1_based
2025-07-28 17:28:03 | INFO     | ------------------------------------------------------------
2025-07-28 17:28:03 | INFO     | Epoch   2 | Train: Loss=10.2319, Acc=0.2350 | Val: Loss=5.0199, Acc=0.4525, F1=0.3891 | LR=0.000100 🏆 [最佳模型]
2025-07-28 17:28:59 | INFO     | Epoch 3:
2025-07-28 17:28:59 | INFO     |   训练指标:
2025-07-28 17:28:59 | INFO     |     损失(ce): 7.809554
2025-07-28 17:28:59 | INFO     |     准确率: 0.308308
2025-07-28 17:28:59 | INFO     |     学习率: 0.00010000
2025-07-28 17:28:59 | INFO     |   验证指标(标准CE):
2025-07-28 17:28:59 | INFO     |     损失: 4.196766
2025-07-28 17:28:59 | INFO     |     准确率: 0.540541
2025-07-28 17:28:59 | INFO     |     F1(macro): 0.519176
2025-07-28 17:28:59 | INFO     |     F1(weighted): 0.508970
2025-07-28 17:28:59 | INFO     |     精确率: 0.570779
2025-07-28 17:28:59 | INFO     |     召回率: 0.549893
2025-07-28 17:28:59 | INFO     |   学习率调度器: f1_based
2025-07-28 17:28:59 | INFO     | ------------------------------------------------------------
2025-07-28 17:28:59 | INFO     | Epoch   3 | Train: Loss=7.8096, Acc=0.3083 | Val: Loss=4.1968, Acc=0.5405, F1=0.5090 | LR=0.000100 🏆 [最佳模型]
2025-07-28 17:29:54 | INFO     | Epoch 4:
2025-07-28 17:29:54 | INFO     |   训练指标:
2025-07-28 17:29:54 | INFO     |     损失(ce): 6.334182
2025-07-28 17:29:54 | INFO     |     准确率: 0.353604
2025-07-28 17:29:54 | INFO     |     学习率: 0.00010000
2025-07-28 17:29:54 | INFO     |   验证指标(标准CE):
2025-07-28 17:29:54 | INFO     |     损失: 2.661571
2025-07-28 17:29:54 | INFO     |     准确率: 0.593594
2025-07-28 17:29:54 | INFO     |     F1(macro): 0.567037
2025-07-28 17:29:54 | INFO     |     F1(weighted): 0.559316
2025-07-28 17:29:54 | INFO     |     精确率: 0.616978
2025-07-28 17:29:54 | INFO     |     召回率: 0.595533
2025-07-28 17:29:54 | INFO     |   学习率调度器: f1_based
2025-07-28 17:29:54 | INFO     | ------------------------------------------------------------
2025-07-28 17:29:54 | INFO     | Epoch   4 | Train: Loss=6.3342, Acc=0.3536 | Val: Loss=2.6616, Acc=0.5936, F1=0.5593 | LR=0.000100 🏆 [最佳模型]
2025-07-28 17:30:49 | INFO     | Epoch 5:
2025-07-28 17:30:49 | INFO     |   训练指标:
2025-07-28 17:30:49 | INFO     |     损失(ce): 5.120741
2025-07-28 17:30:49 | INFO     |     准确率: 0.400651
2025-07-28 17:30:49 | INFO     |     学习率: 0.00010000
2025-07-28 17:30:49 | INFO     |   验证指标(标准CE):
2025-07-28 17:30:49 | INFO     |     损失: 1.769840
2025-07-28 17:30:49 | INFO     |     准确率: 0.624625
2025-07-28 17:30:49 | INFO     |     F1(macro): 0.606853
2025-07-28 17:30:49 | INFO     |     F1(weighted): 0.602537
2025-07-28 17:30:49 | INFO     |     精确率: 0.666813
2025-07-28 17:30:49 | INFO     |     召回率: 0.633625
2025-07-28 17:30:49 | INFO     |   学习率调度器: f1_based
2025-07-28 17:30:49 | INFO     | ------------------------------------------------------------
2025-07-28 17:30:49 | INFO     | Epoch   5 | Train: Loss=5.1207, Acc=0.4007 | Val: Loss=1.7698, Acc=0.6246, F1=0.6025 | LR=0.000100 🏆 [最佳模型]
2025-07-28 17:31:44 | INFO     | Epoch 6:
2025-07-28 17:31:44 | INFO     |   训练指标:
2025-07-28 17:31:44 | INFO     |     损失(ce): 3.953962
2025-07-28 17:31:44 | INFO     |     准确率: 0.460210
2025-07-28 17:31:44 | INFO     |     学习率: 0.00010000
2025-07-28 17:31:44 | INFO     |   验证指标(标准CE):
2025-07-28 17:31:44 | INFO     |     损失: 1.887061
2025-07-28 17:31:44 | INFO     |     准确率: 0.648649
2025-07-28 17:31:44 | INFO     |     F1(macro): 0.646021
2025-07-28 17:31:44 | INFO     |     F1(weighted): 0.642998
2025-07-28 17:31:44 | INFO     |     精确率: 0.682734
2025-07-28 17:31:44 | INFO     |     召回率: 0.649539
2025-07-28 17:31:44 | INFO     |   学习率调度器: f1_based
2025-07-28 17:31:44 | INFO     | ------------------------------------------------------------
2025-07-28 17:31:44 | INFO     | Epoch   6 | Train: Loss=3.9540, Acc=0.4602 | Val: Loss=1.8871, Acc=0.6486, F1=0.6430 | LR=0.000100 🏆 [最佳模型]
2025-07-28 17:32:38 | INFO     | Epoch 7:
2025-07-28 17:32:38 | INFO     |   训练指标:
2025-07-28 17:32:38 | INFO     |     损失(ce): 3.100044
2025-07-28 17:32:38 | INFO     |     准确率: 0.493994
2025-07-28 17:32:38 | INFO     |     学习率: 0.00010000
2025-07-28 17:32:38 | INFO     |   验证指标(标准CE):
2025-07-28 17:32:38 | INFO     |     损失: 1.805242
2025-07-28 17:32:38 | INFO     |     准确率: 0.656657
2025-07-28 17:32:38 | INFO     |     F1(macro): 0.657199
2025-07-28 17:32:38 | INFO     |     F1(weighted): 0.651615
2025-07-28 17:32:38 | INFO     |     精确率: 0.690708
2025-07-28 17:32:38 | INFO     |     召回率: 0.661405
2025-07-28 17:32:38 | INFO     |   学习率调度器: f1_based
2025-07-28 17:32:38 | INFO     | ------------------------------------------------------------
2025-07-28 17:32:38 | INFO     | Epoch   7 | Train: Loss=3.1000, Acc=0.4940 | Val: Loss=1.8052, Acc=0.6567, F1=0.6516 | LR=0.000100 🏆 [最佳模型]
2025-07-28 17:33:34 | INFO     | Epoch 8:
2025-07-28 17:33:34 | INFO     |   训练指标:
2025-07-28 17:33:34 | INFO     |     损失(ce): 2.189459
2025-07-28 17:33:34 | INFO     |     准确率: 0.544044
2025-07-28 17:33:34 | INFO     |     学习率: 0.00010000
2025-07-28 17:33:34 | INFO     |   验证指标(标准CE):
2025-07-28 17:33:34 | INFO     |     损失: 4.050884
2025-07-28 17:33:34 | INFO     |     准确率: 0.718719
2025-07-28 17:33:34 | INFO     |     F1(macro): 0.730356
2025-07-28 17:33:34 | INFO     |     F1(weighted): 0.726145
2025-07-28 17:33:34 | INFO     |     精确率: 0.759391
2025-07-28 17:33:34 | INFO     |     召回率: 0.726525
2025-07-28 17:33:34 | INFO     |   学习率调度器: f1_based
2025-07-28 17:33:34 | INFO     | ------------------------------------------------------------
2025-07-28 17:33:34 | INFO     | Epoch   8 | Train: Loss=2.1895, Acc=0.5440 | Val: Loss=4.0509, Acc=0.7187, F1=0.7261 | LR=0.000100 🏆 [最佳模型]
2025-07-28 17:34:29 | INFO     | Epoch 9:
2025-07-28 17:34:29 | INFO     |   训练指标:
2025-07-28 17:34:29 | INFO     |     损失(ce): 1.710405
2025-07-28 17:34:29 | INFO     |     准确率: 0.590340
2025-07-28 17:34:29 | INFO     |     学习率: 0.00010000
2025-07-28 17:34:29 | INFO     |   验证指标(标准CE):
2025-07-28 17:34:29 | INFO     |     损失: 0.765856
2025-07-28 17:34:29 | INFO     |     准确率: 0.773774
2025-07-28 17:34:29 | INFO     |     F1(macro): 0.778990
2025-07-28 17:34:29 | INFO     |     F1(weighted): 0.774938
2025-07-28 17:34:29 | INFO     |     精确率: 0.799660
2025-07-28 17:34:29 | INFO     |     召回率: 0.777315
2025-07-28 17:34:29 | INFO     |   学习率调度器: f1_based
2025-07-28 17:34:29 | INFO     | ------------------------------------------------------------
2025-07-28 17:34:29 | INFO     | Epoch   9 | Train: Loss=1.7104, Acc=0.5903 | Val: Loss=0.7659, Acc=0.7738, F1=0.7749 | LR=0.000100 🏆 [最佳模型]
2025-07-28 17:35:23 | INFO     | Epoch 10:
2025-07-28 17:35:23 | INFO     |   训练指标:
2025-07-28 17:35:23 | INFO     |     损失(ce): 1.311629
2025-07-28 17:35:23 | INFO     |     准确率: 0.637387
2025-07-28 17:35:23 | INFO     |     学习率: 0.00010000
2025-07-28 17:35:23 | INFO     |   验证指标(标准CE):
2025-07-28 17:35:23 | INFO     |     损失: 9.816582
2025-07-28 17:35:23 | INFO     |     准确率: 0.738739
2025-07-28 17:35:23 | INFO     |     F1(macro): 0.741441
2025-07-28 17:35:23 | INFO     |     F1(weighted): 0.738840
2025-07-28 17:35:23 | INFO     |     精确率: 0.770639
2025-07-28 17:35:23 | INFO     |     召回率: 0.746134
2025-07-28 17:35:23 | INFO     |   学习率调度器: f1_based
2025-07-28 17:35:23 | INFO     | ------------------------------------------------------------
2025-07-28 17:35:23 | INFO     | Epoch  10 | Train: Loss=1.3116, Acc=0.6374 | Val: Loss=9.8166, Acc=0.7387, F1=0.7388 | LR=0.000100 
2025-07-28 17:36:18 | INFO     | Epoch 11:
2025-07-28 17:36:18 | INFO     |   训练指标:
2025-07-28 17:36:18 | INFO     |     损失(ce): 1.042323
2025-07-28 17:36:18 | INFO     |     准确率: 0.701201
2025-07-28 17:36:18 | INFO     |     学习率: 0.00010000
2025-07-28 17:36:18 | INFO     |   验证指标(标准CE):
2025-07-28 17:36:18 | INFO     |     损失: 1.264919
2025-07-28 17:36:18 | INFO     |     准确率: 0.787788
2025-07-28 17:36:18 | INFO     |     F1(macro): 0.805673
2025-07-28 17:36:18 | INFO     |     F1(weighted): 0.799429
2025-07-28 17:36:18 | INFO     |     精确率: 0.835818
2025-07-28 17:36:18 | INFO     |     召回率: 0.792643
2025-07-28 17:36:18 | INFO     |   学习率调度器: f1_based
2025-07-28 17:36:18 | INFO     | ------------------------------------------------------------
2025-07-28 17:36:18 | INFO     | Epoch  11 | Train: Loss=1.0423, Acc=0.7012 | Val: Loss=1.2649, Acc=0.7878, F1=0.7994 | LR=0.000100 🏆 [最佳模型]
2025-07-28 17:37:13 | INFO     | Epoch 12:
2025-07-28 17:37:13 | INFO     |   训练指标:
2025-07-28 17:37:13 | INFO     |     损失(ce): 0.840528
2025-07-28 17:37:13 | INFO     |     准确率: 0.752002
2025-07-28 17:37:13 | INFO     |     学习率: 0.00010000
2025-07-28 17:37:13 | INFO     |   验证指标(标准CE):
2025-07-28 17:37:13 | INFO     |     损失: 0.435835
2025-07-28 17:37:13 | INFO     |     准确率: 0.865866
2025-07-28 17:37:13 | INFO     |     F1(macro): 0.868442
2025-07-28 17:37:13 | INFO     |     F1(weighted): 0.864282
2025-07-28 17:37:13 | INFO     |     精确率: 0.877646
2025-07-28 17:37:13 | INFO     |     召回率: 0.868680
2025-07-28 17:37:13 | INFO     |   学习率调度器: f1_based
2025-07-28 17:37:13 | INFO     | ------------------------------------------------------------
2025-07-28 17:37:13 | INFO     | Epoch  12 | Train: Loss=0.8405, Acc=0.7520 | Val: Loss=0.4358, Acc=0.8659, F1=0.8643 | LR=0.000100 🏆 [最佳模型]
2025-07-28 17:38:09 | INFO     | Epoch 13:
2025-07-28 17:38:09 | INFO     |   训练指标:
2025-07-28 17:38:09 | INFO     |     损失(ce): 0.735521
2025-07-28 17:38:09 | INFO     |     准确率: 0.782533
2025-07-28 17:38:09 | INFO     |     学习率: 0.00010000
2025-07-28 17:38:09 | INFO     |   验证指标(标准CE):
2025-07-28 17:38:09 | INFO     |     损失: 0.941013
2025-07-28 17:38:09 | INFO     |     准确率: 0.852853
2025-07-28 17:38:09 | INFO     |     F1(macro): 0.839362
2025-07-28 17:38:09 | INFO     |     F1(weighted): 0.835105
2025-07-28 17:38:09 | INFO     |     精确率: 0.847753
2025-07-28 17:38:09 | INFO     |     召回率: 0.855001
2025-07-28 17:38:09 | INFO     |   学习率调度器: f1_based
2025-07-28 17:38:09 | INFO     | ------------------------------------------------------------
2025-07-28 17:38:09 | INFO     | Epoch  13 | Train: Loss=0.7355, Acc=0.7825 | Val: Loss=0.9410, Acc=0.8529, F1=0.8351 | LR=0.000100 
2025-07-28 17:39:03 | INFO     | Epoch 14:
2025-07-28 17:39:03 | INFO     |   训练指标:
2025-07-28 17:39:03 | INFO     |     损失(ce): 0.675076
2025-07-28 17:39:03 | INFO     |     准确率: 0.796296
2025-07-28 17:39:03 | INFO     |     学习率: 0.00010000
2025-07-28 17:39:03 | INFO     |   验证指标(标准CE):
2025-07-28 17:39:03 | INFO     |     损失: 0.348035
2025-07-28 17:39:03 | INFO     |     准确率: 0.872873
2025-07-28 17:39:03 | INFO     |     F1(macro): 0.877675
2025-07-28 17:39:03 | INFO     |     F1(weighted): 0.873523
2025-07-28 17:39:03 | INFO     |     精确率: 0.879282
2025-07-28 17:39:03 | INFO     |     召回率: 0.876444
2025-07-28 17:39:03 | INFO     |   学习率调度器: f1_based
2025-07-28 17:39:03 | INFO     | ------------------------------------------------------------
2025-07-28 17:39:03 | INFO     | Epoch  14 | Train: Loss=0.6751, Acc=0.7963 | Val: Loss=0.3480, Acc=0.8729, F1=0.8735 | LR=0.000100 🏆 [最佳模型]
2025-07-28 17:40:00 | INFO     | Epoch 15:
2025-07-28 17:40:00 | INFO     |   训练指标:
2025-07-28 17:40:00 | INFO     |     损失(ce): 0.556346
2025-07-28 17:40:00 | INFO     |     准确率: 0.830831
2025-07-28 17:40:00 | INFO     |     学习率: 0.00010000
2025-07-28 17:40:00 | INFO     |   验证指标(标准CE):
2025-07-28 17:40:00 | INFO     |     损失: 0.521221
2025-07-28 17:40:00 | INFO     |     准确率: 0.879880
2025-07-28 17:40:00 | INFO     |     F1(macro): 0.845742
2025-07-28 17:40:00 | INFO     |     F1(weighted): 0.843325
2025-07-28 17:40:00 | INFO     |     精确率: 0.864239
2025-07-28 17:40:00 | INFO     |     召回率: 0.878435
2025-07-28 17:40:00 | INFO     |   学习率调度器: f1_based
2025-07-28 17:40:00 | INFO     | ------------------------------------------------------------
2025-07-28 17:40:00 | INFO     | Epoch  15 | Train: Loss=0.5563, Acc=0.8308 | Val: Loss=0.5212, Acc=0.8799, F1=0.8433 | LR=0.000100 
2025-07-28 17:40:55 | INFO     | Epoch 16:
2025-07-28 17:40:55 | INFO     |   训练指标:
2025-07-28 17:40:55 | INFO     |     损失(ce): 0.485139
2025-07-28 17:40:55 | INFO     |     准确率: 0.856356
2025-07-28 17:40:55 | INFO     |     学习率: 0.00010000
2025-07-28 17:40:55 | INFO     |   验证指标(标准CE):
2025-07-28 17:40:55 | INFO     |     损失: 0.168551
2025-07-28 17:40:55 | INFO     |     准确率: 0.923924
2025-07-28 17:40:55 | INFO     |     F1(macro): 0.919159
2025-07-28 17:40:55 | INFO     |     F1(weighted): 0.916597
2025-07-28 17:40:55 | INFO     |     精确率: 0.949148
2025-07-28 17:40:55 | INFO     |     召回率: 0.924272
2025-07-28 17:40:55 | INFO     |   学习率调度器: f1_based
2025-07-28 17:40:55 | INFO     | ------------------------------------------------------------
2025-07-28 17:40:55 | INFO     | Epoch  16 | Train: Loss=0.4851, Acc=0.8564 | Val: Loss=0.1686, Acc=0.9239, F1=0.9166 | LR=0.000100 🏆 [最佳模型]
2025-07-28 17:41:50 | INFO     | Epoch 17:
2025-07-28 17:41:50 | INFO     |   训练指标:
2025-07-28 17:41:50 | INFO     |     损失(ce): 0.479888
2025-07-28 17:41:50 | INFO     |     准确率: 0.864364
2025-07-28 17:41:50 | INFO     |     学习率: 0.00010000
2025-07-28 17:41:50 | INFO     |   验证指标(标准CE):
2025-07-28 17:41:50 | INFO     |     损失: 0.144331
2025-07-28 17:41:50 | INFO     |     准确率: 0.938939
2025-07-28 17:41:50 | INFO     |     F1(macro): 0.940155
2025-07-28 17:41:50 | INFO     |     F1(weighted): 0.938187
2025-07-28 17:41:50 | INFO     |     精确率: 0.944944
2025-07-28 17:41:50 | INFO     |     召回率: 0.942107
2025-07-28 17:41:50 | INFO     |   学习率调度器: f1_based
2025-07-28 17:41:50 | INFO     | ------------------------------------------------------------
2025-07-28 17:41:50 | INFO     | Epoch  17 | Train: Loss=0.4799, Acc=0.8644 | Val: Loss=0.1443, Acc=0.9389, F1=0.9382 | LR=0.000100 🏆 [最佳模型]
2025-07-28 17:42:45 | INFO     | Epoch 18:
2025-07-28 17:42:45 | INFO     |   训练指标:
2025-07-28 17:42:45 | INFO     |     损失(ce): 0.436099
2025-07-28 17:42:45 | INFO     |     准确率: 0.882633
2025-07-28 17:42:45 | INFO     |     学习率: 0.00010000
2025-07-28 17:42:45 | INFO     |   验证指标(标准CE):
2025-07-28 17:42:45 | INFO     |     损失: 0.220009
2025-07-28 17:42:45 | INFO     |     准确率: 0.906907
2025-07-28 17:42:45 | INFO     |     F1(macro): 0.904661
2025-07-28 17:42:45 | INFO     |     F1(weighted): 0.899545
2025-07-28 17:42:45 | INFO     |     精确率: 0.924721
2025-07-28 17:42:45 | INFO     |     召回率: 0.913381
2025-07-28 17:42:45 | INFO     |   学习率调度器: f1_based
2025-07-28 17:42:45 | INFO     | ------------------------------------------------------------
2025-07-28 17:42:45 | INFO     | Epoch  18 | Train: Loss=0.4361, Acc=0.8826 | Val: Loss=0.2200, Acc=0.9069, F1=0.8995 | LR=0.000100 
2025-07-28 17:43:40 | INFO     | Epoch 19:
2025-07-28 17:43:40 | INFO     |   训练指标:
2025-07-28 17:43:40 | INFO     |     损失(ce): 0.423703
2025-07-28 17:43:40 | INFO     |     准确率: 0.884635
2025-07-28 17:43:40 | INFO     |     学习率: 0.00010000
2025-07-28 17:43:40 | INFO     |   验证指标(标准CE):
2025-07-28 17:43:40 | INFO     |     损失: 0.130234
2025-07-28 17:43:40 | INFO     |     准确率: 0.931932
2025-07-28 17:43:40 | INFO     |     F1(macro): 0.934389
2025-07-28 17:43:40 | INFO     |     F1(weighted): 0.931708
2025-07-28 17:43:40 | INFO     |     精确率: 0.934102
2025-07-28 17:43:40 | INFO     |     召回率: 0.934993
2025-07-28 17:43:40 | INFO     |   学习率调度器: f1_based
2025-07-28 17:43:40 | INFO     | ------------------------------------------------------------
2025-07-28 17:43:40 | INFO     | Epoch  19 | Train: Loss=0.4237, Acc=0.8846 | Val: Loss=0.1302, Acc=0.9319, F1=0.9317 | LR=0.000100 
2025-07-28 17:44:34 | INFO     | Epoch 20:
2025-07-28 17:44:34 | INFO     |   训练指标:
2025-07-28 17:44:34 | INFO     |     损失(ce): 0.346004
2025-07-28 17:44:34 | INFO     |     准确率: 0.906156
2025-07-28 17:44:34 | INFO     |     学习率: 0.00010000
2025-07-28 17:44:34 | INFO     |   验证指标(标准CE):
2025-07-28 17:44:34 | INFO     |     损失: 0.189093
2025-07-28 17:44:34 | INFO     |     准确率: 0.940941
2025-07-28 17:44:34 | INFO     |     F1(macro): 0.943070
2025-07-28 17:44:34 | INFO     |     F1(weighted): 0.941054
2025-07-28 17:44:34 | INFO     |     精确率: 0.943611
2025-07-28 17:44:34 | INFO     |     召回率: 0.942679
2025-07-28 17:44:34 | INFO     |   学习率调度器: f1_based
2025-07-28 17:44:34 | INFO     | ------------------------------------------------------------
2025-07-28 17:44:34 | INFO     | Epoch  20 | Train: Loss=0.3460, Acc=0.9062 | Val: Loss=0.1891, Acc=0.9409, F1=0.9411 | LR=0.000100 🏆 [最佳模型]
2025-07-28 17:45:29 | INFO     | Epoch 21:
2025-07-28 17:45:29 | INFO     |   训练指标:
2025-07-28 17:45:29 | INFO     |     损失(ce): 0.354493
2025-07-28 17:45:29 | INFO     |     准确率: 0.910661
2025-07-28 17:45:29 | INFO     |     学习率: 0.00010000
2025-07-28 17:45:29 | INFO     |   验证指标(标准CE):
2025-07-28 17:45:29 | INFO     |     损失: 0.147874
2025-07-28 17:45:29 | INFO     |     准确率: 0.943944
2025-07-28 17:45:29 | INFO     |     F1(macro): 0.944946
2025-07-28 17:45:29 | INFO     |     F1(weighted): 0.943249
2025-07-28 17:45:29 | INFO     |     精确率: 0.946361
2025-07-28 17:45:29 | INFO     |     召回率: 0.946922
2025-07-28 17:45:29 | INFO     |   学习率调度器: f1_based
2025-07-28 17:45:29 | INFO     | ------------------------------------------------------------
2025-07-28 17:45:29 | INFO     | Epoch  21 | Train: Loss=0.3545, Acc=0.9107 | Val: Loss=0.1479, Acc=0.9439, F1=0.9432 | LR=0.000100 🏆 [最佳模型]
2025-07-28 17:46:24 | INFO     | Epoch 22:
2025-07-28 17:46:24 | INFO     |   训练指标:
2025-07-28 17:46:24 | INFO     |     损失(ce): 0.321464
2025-07-28 17:46:24 | INFO     |     准确率: 0.923423
2025-07-28 17:46:24 | INFO     |     学习率: 0.00010000
2025-07-28 17:46:24 | INFO     |   验证指标(标准CE):
2025-07-28 17:46:24 | INFO     |     损失: 0.233667
2025-07-28 17:46:24 | INFO     |     准确率: 0.944945
2025-07-28 17:46:24 | INFO     |     F1(macro): 0.945443
2025-07-28 17:46:24 | INFO     |     F1(weighted): 0.942653
2025-07-28 17:46:24 | INFO     |     精确率: 0.961631
2025-07-28 17:46:24 | INFO     |     召回率: 0.949329
2025-07-28 17:46:24 | INFO     |   学习率调度器: f1_based
2025-07-28 17:46:24 | INFO     | ------------------------------------------------------------
2025-07-28 17:46:24 | INFO     | Epoch  22 | Train: Loss=0.3215, Acc=0.9234 | Val: Loss=0.2337, Acc=0.9449, F1=0.9427 | LR=0.000100 
2025-07-28 17:47:19 | INFO     | Epoch 23:
2025-07-28 17:47:19 | INFO     |   训练指标:
2025-07-28 17:47:19 | INFO     |     损失(ce): 0.314242
2025-07-28 17:47:19 | INFO     |     准确率: 0.926677
2025-07-28 17:47:19 | INFO     |     学习率: 0.00010000
2025-07-28 17:47:19 | INFO     |   验证指标(标准CE):
2025-07-28 17:47:19 | INFO     |     损失: 0.118328
2025-07-28 17:47:19 | INFO     |     准确率: 0.952953
2025-07-28 17:47:19 | INFO     |     F1(macro): 0.953806
2025-07-28 17:47:19 | INFO     |     F1(weighted): 0.951393
2025-07-28 17:47:19 | INFO     |     精确率: 0.966948
2025-07-28 17:47:19 | INFO     |     召回率: 0.956841
2025-07-28 17:47:19 | INFO     |   学习率调度器: f1_based
2025-07-28 17:47:19 | INFO     | ------------------------------------------------------------
2025-07-28 17:47:19 | INFO     | Epoch  23 | Train: Loss=0.3142, Acc=0.9267 | Val: Loss=0.1183, Acc=0.9530, F1=0.9514 | LR=0.000100 🏆 [最佳模型]
2025-07-28 17:48:14 | INFO     | Epoch 24:
2025-07-28 17:48:14 | INFO     |   训练指标:
2025-07-28 17:48:14 | INFO     |     损失(ce): 0.291487
2025-07-28 17:48:14 | INFO     |     准确率: 0.933934
2025-07-28 17:48:14 | INFO     |     学习率: 0.00010000
2025-07-28 17:48:14 | INFO     |   验证指标(标准CE):
2025-07-28 17:48:14 | INFO     |     损失: 0.153467
2025-07-28 17:48:14 | INFO     |     准确率: 0.968969
2025-07-28 17:48:14 | INFO     |     F1(macro): 0.969739
2025-07-28 17:48:14 | INFO     |     F1(weighted): 0.968652
2025-07-28 17:48:14 | INFO     |     精确率: 0.971915
2025-07-28 17:48:14 | INFO     |     召回率: 0.969404
2025-07-28 17:48:14 | INFO     |   学习率调度器: f1_based
2025-07-28 17:48:14 | INFO     | ------------------------------------------------------------
2025-07-28 17:48:14 | INFO     | Epoch  24 | Train: Loss=0.2915, Acc=0.9339 | Val: Loss=0.1535, Acc=0.9690, F1=0.9687 | LR=0.000100 🏆 [最佳模型]
2025-07-28 17:49:09 | INFO     | Epoch 25:
2025-07-28 17:49:09 | INFO     |   训练指标:
2025-07-28 17:49:09 | INFO     |     损失(ce): 0.227916
2025-07-28 17:49:09 | INFO     |     准确率: 0.938689
2025-07-28 17:49:09 | INFO     |     学习率: 0.00010000
2025-07-28 17:49:09 | INFO     |   验证指标(标准CE):
2025-07-28 17:49:09 | INFO     |     损失: 0.371167
2025-07-28 17:49:09 | INFO     |     准确率: 0.949950
2025-07-28 17:49:09 | INFO     |     F1(macro): 0.951426
2025-07-28 17:49:09 | INFO     |     F1(weighted): 0.949149
2025-07-28 17:49:09 | INFO     |     精确率: 0.961246
2025-07-28 17:49:09 | INFO     |     召回率: 0.953410
2025-07-28 17:49:09 | INFO     |   学习率调度器: f1_based
2025-07-28 17:49:09 | INFO     | ------------------------------------------------------------
2025-07-28 17:49:09 | INFO     | Epoch  25 | Train: Loss=0.2279, Acc=0.9387 | Val: Loss=0.3712, Acc=0.9499, F1=0.9491 | LR=0.000100 
2025-07-28 17:50:03 | INFO     | Epoch 26:
2025-07-28 17:50:03 | INFO     |   训练指标:
2025-07-28 17:50:03 | INFO     |     损失(ce): 0.263714
2025-07-28 17:50:03 | INFO     |     准确率: 0.938939
2025-07-28 17:50:03 | INFO     |     学习率: 0.00010000
2025-07-28 17:50:03 | INFO     |   验证指标(标准CE):
2025-07-28 17:50:03 | INFO     |     损失: 1.498091
2025-07-28 17:50:03 | INFO     |     准确率: 0.901902
2025-07-28 17:50:03 | INFO     |     F1(macro): 0.899536
2025-07-28 17:50:03 | INFO     |     F1(weighted): 0.895575
2025-07-28 17:50:03 | INFO     |     精确率: 0.934385
2025-07-28 17:50:03 | INFO     |     召回率: 0.907357
2025-07-28 17:50:03 | INFO     |   学习率调度器: f1_based
2025-07-28 17:50:03 | INFO     | ------------------------------------------------------------
2025-07-28 17:50:03 | INFO     | Epoch  26 | Train: Loss=0.2637, Acc=0.9389 | Val: Loss=1.4981, Acc=0.9019, F1=0.8956 | LR=0.000100 
2025-07-28 17:50:58 | INFO     | Epoch 27:
2025-07-28 17:50:58 | INFO     |   训练指标:
2025-07-28 17:50:58 | INFO     |     损失(ce): 0.259567
2025-07-28 17:50:58 | INFO     |     准确率: 0.940941
2025-07-28 17:50:58 | INFO     |     学习率: 0.00010000
2025-07-28 17:50:58 | INFO     |   验证指标(标准CE):
2025-07-28 17:50:58 | INFO     |     损失: 0.767726
2025-07-28 17:50:58 | INFO     |     准确率: 0.924925
2025-07-28 17:50:58 | INFO     |     F1(macro): 0.926182
2025-07-28 17:50:58 | INFO     |     F1(weighted): 0.923304
2025-07-28 17:50:58 | INFO     |     精确率: 0.944202
2025-07-28 17:50:58 | INFO     |     召回率: 0.929258
2025-07-28 17:50:58 | INFO     |   学习率调度器: f1_based
2025-07-28 17:50:58 | INFO     | ------------------------------------------------------------
2025-07-28 17:50:58 | INFO     | Epoch  27 | Train: Loss=0.2596, Acc=0.9409 | Val: Loss=0.7677, Acc=0.9249, F1=0.9233 | LR=0.000100 
2025-07-28 17:51:53 | INFO     | Epoch 28:
2025-07-28 17:51:53 | INFO     |   训练指标:
2025-07-28 17:51:53 | INFO     |     损失(ce): 0.273083
2025-07-28 17:51:53 | INFO     |     准确率: 0.945445
2025-07-28 17:51:53 | INFO     |     学习率: 0.00010000
2025-07-28 17:51:53 | INFO     |   验证指标(标准CE):
2025-07-28 17:51:53 | INFO     |     损失: 0.120608
2025-07-28 17:51:53 | INFO     |     准确率: 0.973974
2025-07-28 17:51:53 | INFO     |     F1(macro): 0.974779
2025-07-28 17:51:53 | INFO     |     F1(weighted): 0.973770
2025-07-28 17:51:53 | INFO     |     精确率: 0.977120
2025-07-28 17:51:53 | INFO     |     召回率: 0.974388
2025-07-28 17:51:53 | INFO     |   学习率调度器: f1_based
2025-07-28 17:51:53 | INFO     | ------------------------------------------------------------
2025-07-28 17:51:53 | INFO     | Epoch  28 | Train: Loss=0.2731, Acc=0.9454 | Val: Loss=0.1206, Acc=0.9740, F1=0.9738 | LR=0.000100 🏆 [最佳模型]
2025-07-28 17:52:48 | INFO     | Epoch 29:
2025-07-28 17:52:48 | INFO     |   训练指标:
2025-07-28 17:52:48 | INFO     |     损失(ce): 0.235168
2025-07-28 17:52:48 | INFO     |     准确率: 0.945445
2025-07-28 17:52:48 | INFO     |     学习率: 0.00010000
2025-07-28 17:52:48 | INFO     |   验证指标(标准CE):
2025-07-28 17:52:48 | INFO     |     损失: 0.091493
2025-07-28 17:52:48 | INFO     |     准确率: 0.965966
2025-07-28 17:52:48 | INFO     |     F1(macro): 0.966941
2025-07-28 17:52:48 | INFO     |     F1(weighted): 0.965595
2025-07-28 17:52:48 | INFO     |     精确率: 0.972522
2025-07-28 17:52:48 | INFO     |     召回率: 0.968375
2025-07-28 17:52:48 | INFO     |   学习率调度器: f1_based
2025-07-28 17:52:48 | INFO     | ------------------------------------------------------------
2025-07-28 17:52:48 | INFO     | Epoch  29 | Train: Loss=0.2352, Acc=0.9454 | Val: Loss=0.0915, Acc=0.9660, F1=0.9656 | LR=0.000100 
2025-07-28 17:53:42 | INFO     | Epoch 30:
2025-07-28 17:53:42 | INFO     |   训练指标:
2025-07-28 17:53:42 | INFO     |     损失(ce): 0.237803
2025-07-28 17:53:42 | INFO     |     准确率: 0.944695
2025-07-28 17:53:42 | INFO     |     学习率: 0.00010000
2025-07-28 17:53:42 | INFO     |   验证指标(标准CE):
2025-07-28 17:53:42 | INFO     |     损失: 0.281502
2025-07-28 17:53:42 | INFO     |     准确率: 0.948949
2025-07-28 17:53:42 | INFO     |     F1(macro): 0.951149
2025-07-28 17:53:42 | INFO     |     F1(weighted): 0.948957
2025-07-28 17:53:42 | INFO     |     精确率: 0.951389
2025-07-28 17:53:42 | INFO     |     召回率: 0.951431
2025-07-28 17:53:42 | INFO     |   学习率调度器: f1_based
2025-07-28 17:53:42 | INFO     | ------------------------------------------------------------
2025-07-28 17:53:42 | INFO     | Epoch  30 | Train: Loss=0.2378, Acc=0.9447 | Val: Loss=0.2815, Acc=0.9489, F1=0.9490 | LR=0.000100 
2025-07-28 17:54:37 | INFO     | Epoch 31:
2025-07-28 17:54:37 | INFO     |   训练指标:
2025-07-28 17:54:37 | INFO     |     损失(ce): 0.275628
2025-07-28 17:54:37 | INFO     |     准确率: 0.937437
2025-07-28 17:54:37 | INFO     |     学习率: 0.00010000
2025-07-28 17:54:37 | INFO     |   验证指标(标准CE):
2025-07-28 17:54:37 | INFO     |     损失: 0.294542
2025-07-28 17:54:37 | INFO     |     准确率: 0.962963
2025-07-28 17:54:37 | INFO     |     F1(macro): 0.964042
2025-07-28 17:54:37 | INFO     |     F1(weighted): 0.962509
2025-07-28 17:54:37 | INFO     |     精确率: 0.969769
2025-07-28 17:54:37 | INFO     |     召回率: 0.965693
2025-07-28 17:54:37 | INFO     |   学习率调度器: f1_based
2025-07-28 17:54:37 | INFO     | ------------------------------------------------------------
2025-07-28 17:54:37 | INFO     | Epoch  31 | Train: Loss=0.2756, Acc=0.9374 | Val: Loss=0.2945, Acc=0.9630, F1=0.9625 | LR=0.000100 
2025-07-28 17:55:32 | INFO     | Epoch 32:
2025-07-28 17:55:32 | INFO     |   训练指标:
2025-07-28 17:55:32 | INFO     |     损失(ce): 0.214103
2025-07-28 17:55:32 | INFO     |     准确率: 0.946947
2025-07-28 17:55:32 | INFO     |     学习率: 0.00010000
2025-07-28 17:55:32 | INFO     |   验证指标(标准CE):
2025-07-28 17:55:32 | INFO     |     损失: 0.203904
2025-07-28 17:55:32 | INFO     |     准确率: 0.967968
2025-07-28 17:55:32 | INFO     |     F1(macro): 0.969184
2025-07-28 17:55:32 | INFO     |     F1(weighted): 0.967704
2025-07-28 17:55:32 | INFO     |     精确率: 0.975136
2025-07-28 17:55:32 | INFO     |     召回率: 0.970550
2025-07-28 17:55:32 | INFO     |   学习率调度器: f1_based
2025-07-28 17:55:32 | INFO     | ------------------------------------------------------------
2025-07-28 17:55:32 | INFO     | Epoch  32 | Train: Loss=0.2141, Acc=0.9469 | Val: Loss=0.2039, Acc=0.9680, F1=0.9677 | LR=0.000100 
2025-07-28 17:56:26 | INFO     | Epoch 33:
2025-07-28 17:56:26 | INFO     |   训练指标:
2025-07-28 17:56:26 | INFO     |     损失(ce): 0.235247
2025-07-28 17:56:26 | INFO     |     准确率: 0.949449
2025-07-28 17:56:26 | INFO     |     学习率: 0.00010000
2025-07-28 17:56:26 | INFO     |   验证指标(标准CE):
2025-07-28 17:56:26 | INFO     |     损失: 0.349761
2025-07-28 17:56:26 | INFO     |     准确率: 0.969970
2025-07-28 17:56:26 | INFO     |     F1(macro): 0.971049
2025-07-28 17:56:26 | INFO     |     F1(weighted): 0.969633
2025-07-28 17:56:26 | INFO     |     精确率: 0.976359
2025-07-28 17:56:26 | INFO     |     召回率: 0.972452
2025-07-28 17:56:26 | INFO     |   学习率调度器: f1_based
2025-07-28 17:56:26 | INFO     | ------------------------------------------------------------
2025-07-28 17:56:26 | INFO     | Epoch  33 | Train: Loss=0.2352, Acc=0.9494 | Val: Loss=0.3498, Acc=0.9700, F1=0.9696 | LR=0.000100 
2025-07-28 17:57:21 | INFO     | Epoch 34:
2025-07-28 17:57:21 | INFO     |   训练指标:
2025-07-28 17:57:21 | INFO     |     损失(ce): 0.192636
2025-07-28 17:57:21 | INFO     |     准确率: 0.953203
2025-07-28 17:57:21 | INFO     |     学习率: 0.00010000
2025-07-28 17:57:21 | INFO     |   验证指标(标准CE):
2025-07-28 17:57:21 | INFO     |     损失: 0.066418
2025-07-28 17:57:21 | INFO     |     准确率: 0.966967
2025-07-28 17:57:21 | INFO     |     F1(macro): 0.967194
2025-07-28 17:57:21 | INFO     |     F1(weighted): 0.966055
2025-07-28 17:57:21 | INFO     |     精确率: 0.974732
2025-07-28 17:57:21 | INFO     |     召回率: 0.967050
2025-07-28 17:57:21 | INFO     |   学习率调度器: f1_based
2025-07-28 17:57:21 | INFO     | ------------------------------------------------------------
2025-07-28 17:57:21 | INFO     | 🎯 学习率调整事件:
2025-07-28 17:57:21 | INFO     |   调度器类型: f1_based
2025-07-28 17:57:21 | INFO     |   学习率变化: 0.00010000 → 0.00005000
2025-07-28 17:57:21 | INFO     |   触发条件: F1分数 = 0.966055
2025-07-28 17:57:21 | INFO     |   变化幅度: -50.00%
2025-07-28 17:57:21 | INFO     | ------------------------------------------------------------
2025-07-28 17:57:21 | INFO     | Epoch  34 | Train: Loss=0.1926, Acc=0.9532 | Val: Loss=0.0664, Acc=0.9670, F1=0.9661 | LR=0.000050 
2025-07-28 17:58:16 | INFO     | Epoch 35:
2025-07-28 17:58:16 | INFO     |   训练指标:
2025-07-28 17:58:16 | INFO     |     损失(ce): 0.122319
2025-07-28 17:58:16 | INFO     |     准确率: 0.960460
2025-07-28 17:58:16 | INFO     |     学习率: 0.00005000
2025-07-28 17:58:16 | INFO     |   验证指标(标准CE):
2025-07-28 17:58:16 | INFO     |     损失: 0.136581
2025-07-28 17:58:16 | INFO     |     准确率: 0.971972
2025-07-28 17:58:16 | INFO     |     F1(macro): 0.973018
2025-07-28 17:58:16 | INFO     |     F1(weighted): 0.971708
2025-07-28 17:58:16 | INFO     |     精确率: 0.977618
2025-07-28 17:58:16 | INFO     |     召回率: 0.974288
2025-07-28 17:58:16 | INFO     |   学习率调度器: f1_based
2025-07-28 17:58:16 | INFO     | ------------------------------------------------------------
2025-07-28 17:58:16 | INFO     | Epoch  35 | Train: Loss=0.1223, Acc=0.9605 | Val: Loss=0.1366, Acc=0.9720, F1=0.9717 | LR=0.000050 
2025-07-28 17:59:11 | INFO     | Epoch 36:
2025-07-28 17:59:11 | INFO     |   训练指标:
2025-07-28 17:59:11 | INFO     |     损失(ce): 0.141234
2025-07-28 17:59:11 | INFO     |     准确率: 0.962713
2025-07-28 17:59:11 | INFO     |     学习率: 0.00005000
2025-07-28 17:59:11 | INFO     |   验证指标(标准CE):
2025-07-28 17:59:11 | INFO     |     损失: 0.099623
2025-07-28 17:59:11 | INFO     |     准确率: 0.977978
2025-07-28 17:59:11 | INFO     |     F1(macro): 0.978569
2025-07-28 17:59:11 | INFO     |     F1(weighted): 0.977728
2025-07-28 17:59:11 | INFO     |     精确率: 0.982231
2025-07-28 17:59:11 | INFO     |     召回率: 0.978061
2025-07-28 17:59:11 | INFO     |   学习率调度器: f1_based
2025-07-28 17:59:11 | INFO     | ------------------------------------------------------------
2025-07-28 17:59:11 | INFO     | Epoch  36 | Train: Loss=0.1412, Acc=0.9627 | Val: Loss=0.0996, Acc=0.9780, F1=0.9777 | LR=0.000050 🏆 [最佳模型]
2025-07-28 18:00:06 | INFO     | Epoch 37:
2025-07-28 18:00:06 | INFO     |   训练指标:
2025-07-28 18:00:06 | INFO     |     损失(ce): 0.143659
2025-07-28 18:00:06 | INFO     |     准确率: 0.961712
2025-07-28 18:00:06 | INFO     |     学习率: 0.00005000
2025-07-28 18:00:06 | INFO     |   验证指标(标准CE):
2025-07-28 18:00:06 | INFO     |     损失: 0.484657
2025-07-28 18:00:06 | INFO     |     准确率: 0.966967
2025-07-28 18:00:06 | INFO     |     F1(macro): 0.968077
2025-07-28 18:00:06 | INFO     |     F1(weighted): 0.966497
2025-07-28 18:00:06 | INFO     |     精确率: 0.974537
2025-07-28 18:00:06 | INFO     |     召回率: 0.969697
2025-07-28 18:00:06 | INFO     |   学习率调度器: f1_based
2025-07-28 18:00:06 | INFO     | ------------------------------------------------------------
2025-07-28 18:00:06 | INFO     | Epoch  37 | Train: Loss=0.1437, Acc=0.9617 | Val: Loss=0.4847, Acc=0.9670, F1=0.9665 | LR=0.000050 
2025-07-28 18:01:01 | INFO     | Epoch 38:
2025-07-28 18:01:01 | INFO     |   训练指标:
2025-07-28 18:01:01 | INFO     |     损失(ce): 0.129300
2025-07-28 18:01:01 | INFO     |     准确率: 0.964965
2025-07-28 18:01:01 | INFO     |     学习率: 0.00005000
2025-07-28 18:01:01 | INFO     |   验证指标(标准CE):
2025-07-28 18:01:01 | INFO     |     损失: 0.148890
2025-07-28 18:01:01 | INFO     |     准确率: 0.968969
2025-07-28 18:01:01 | INFO     |     F1(macro): 0.970061
2025-07-28 18:01:01 | INFO     |     F1(weighted): 0.968591
2025-07-28 18:01:01 | INFO     |     精确率: 0.975743
2025-07-28 18:01:01 | INFO     |     召回率: 0.971534
2025-07-28 18:01:01 | INFO     |   学习率调度器: f1_based
2025-07-28 18:01:01 | INFO     | ------------------------------------------------------------
2025-07-28 18:01:01 | INFO     | Epoch  38 | Train: Loss=0.1293, Acc=0.9650 | Val: Loss=0.1489, Acc=0.9690, F1=0.9686 | LR=0.000050 
2025-07-28 18:01:56 | INFO     | Epoch 39:
2025-07-28 18:01:56 | INFO     |   训练指标:
2025-07-28 18:01:56 | INFO     |     损失(ce): 0.144922
2025-07-28 18:01:56 | INFO     |     准确率: 0.963964
2025-07-28 18:01:56 | INFO     |     学习率: 0.00005000
2025-07-28 18:01:56 | INFO     |   验证指标(标准CE):
2025-07-28 18:01:56 | INFO     |     损失: 0.248354
2025-07-28 18:01:56 | INFO     |     准确率: 0.969970
2025-07-28 18:01:56 | INFO     |     F1(macro): 0.971049
2025-07-28 18:01:56 | INFO     |     F1(weighted): 0.969633
2025-07-28 18:01:56 | INFO     |     精确率: 0.976359
2025-07-28 18:01:56 | INFO     |     召回率: 0.972452
2025-07-28 18:01:56 | INFO     |   学习率调度器: f1_based
2025-07-28 18:01:56 | INFO     | ------------------------------------------------------------
2025-07-28 18:01:56 | INFO     | Epoch  39 | Train: Loss=0.1449, Acc=0.9640 | Val: Loss=0.2484, Acc=0.9700, F1=0.9696 | LR=0.000050 
2025-07-28 18:02:51 | INFO     | Epoch 40:
2025-07-28 18:02:51 | INFO     |   训练指标:
2025-07-28 18:02:51 | INFO     |     损失(ce): 0.132469
2025-07-28 18:02:51 | INFO     |     准确率: 0.962462
2025-07-28 18:02:51 | INFO     |     学习率: 0.00005000
2025-07-28 18:02:51 | INFO     |   验证指标(标准CE):
2025-07-28 18:02:51 | INFO     |     损失: 0.381293
2025-07-28 18:02:51 | INFO     |     准确率: 0.971972
2025-07-28 18:02:51 | INFO     |     F1(macro): 0.973018
2025-07-28 18:02:51 | INFO     |     F1(weighted): 0.971708
2025-07-28 18:02:51 | INFO     |     精确率: 0.977618
2025-07-28 18:02:51 | INFO     |     召回率: 0.974288
2025-07-28 18:02:51 | INFO     |   学习率调度器: f1_based
2025-07-28 18:02:51 | INFO     | ------------------------------------------------------------
2025-07-28 18:02:51 | INFO     | Epoch  40 | Train: Loss=0.1325, Acc=0.9625 | Val: Loss=0.3813, Acc=0.9720, F1=0.9717 | LR=0.000050 
2025-07-28 18:03:45 | INFO     | Epoch 41:
2025-07-28 18:03:45 | INFO     |   训练指标:
2025-07-28 18:03:45 | INFO     |     损失(ce): 0.126316
2025-07-28 18:03:45 | INFO     |     准确率: 0.964965
2025-07-28 18:03:45 | INFO     |     学习率: 0.00005000
2025-07-28 18:03:45 | INFO     |   验证指标(标准CE):
2025-07-28 18:03:45 | INFO     |     损失: 0.410547
2025-07-28 18:03:45 | INFO     |     准确率: 0.969970
2025-07-28 18:03:45 | INFO     |     F1(macro): 0.971090
2025-07-28 18:03:45 | INFO     |     F1(weighted): 0.969687
2025-07-28 18:03:45 | INFO     |     精确率: 0.975624
2025-07-28 18:03:45 | INFO     |     召回率: 0.972369
2025-07-28 18:03:45 | INFO     |   学习率调度器: f1_based
2025-07-28 18:03:45 | INFO     | ------------------------------------------------------------
2025-07-28 18:03:45 | INFO     | Epoch  41 | Train: Loss=0.1263, Acc=0.9650 | Val: Loss=0.4105, Acc=0.9700, F1=0.9697 | LR=0.000050 
2025-07-28 18:04:40 | INFO     | Epoch 42:
2025-07-28 18:04:40 | INFO     |   训练指标:
2025-07-28 18:04:40 | INFO     |     损失(ce): 0.140167
2025-07-28 18:04:40 | INFO     |     准确率: 0.963213
2025-07-28 18:04:40 | INFO     |     学习率: 0.00005000
2025-07-28 18:04:40 | INFO     |   验证指标(标准CE):
2025-07-28 18:04:40 | INFO     |     损失: 0.515658
2025-07-28 18:04:40 | INFO     |     准确率: 0.966967
2025-07-28 18:04:40 | INFO     |     F1(macro): 0.968077
2025-07-28 18:04:40 | INFO     |     F1(weighted): 0.966497
2025-07-28 18:04:40 | INFO     |     精确率: 0.974537
2025-07-28 18:04:40 | INFO     |     召回率: 0.969697
2025-07-28 18:04:40 | INFO     |   学习率调度器: f1_based
2025-07-28 18:04:40 | INFO     | ------------------------------------------------------------
2025-07-28 18:04:40 | INFO     | 🎯 学习率调整事件:
2025-07-28 18:04:40 | INFO     |   调度器类型: f1_based
2025-07-28 18:04:40 | INFO     |   学习率变化: 0.00005000 → 0.00002500
2025-07-28 18:04:40 | INFO     |   触发条件: F1分数 = 0.966497
2025-07-28 18:04:40 | INFO     |   变化幅度: -50.00%
2025-07-28 18:04:40 | INFO     | ------------------------------------------------------------
2025-07-28 18:04:40 | INFO     | Epoch  42 | Train: Loss=0.1402, Acc=0.9632 | Val: Loss=0.5157, Acc=0.9670, F1=0.9665 | LR=0.000025 
2025-07-28 18:05:34 | INFO     | Epoch 43:
2025-07-28 18:05:34 | INFO     |   训练指标:
2025-07-28 18:05:34 | INFO     |     损失(ce): 0.102663
2025-07-28 18:05:34 | INFO     |     准确率: 0.965716
2025-07-28 18:05:34 | INFO     |     学习率: 0.00002500
2025-07-28 18:05:34 | INFO     |   验证指标(标准CE):
2025-07-28 18:05:34 | INFO     |     损失: 0.353359
2025-07-28 18:05:34 | INFO     |     准确率: 0.971972
2025-07-28 18:05:34 | INFO     |     F1(macro): 0.973018
2025-07-28 18:05:34 | INFO     |     F1(weighted): 0.971708
2025-07-28 18:05:34 | INFO     |     精确率: 0.977618
2025-07-28 18:05:34 | INFO     |     召回率: 0.974288
2025-07-28 18:05:34 | INFO     |   学习率调度器: f1_based
2025-07-28 18:05:34 | INFO     | ------------------------------------------------------------
2025-07-28 18:05:34 | INFO     | Epoch  43 | Train: Loss=0.1027, Acc=0.9657 | Val: Loss=0.3534, Acc=0.9720, F1=0.9717 | LR=0.000025 
2025-07-28 18:06:29 | INFO     | Epoch 44:
2025-07-28 18:06:29 | INFO     |   训练指标:
2025-07-28 18:06:29 | INFO     |     损失(ce): 0.088302
2025-07-28 18:06:29 | INFO     |     准确率: 0.968468
2025-07-28 18:06:29 | INFO     |     学习率: 0.00002500
2025-07-28 18:06:29 | INFO     |   验证指标(标准CE):
2025-07-28 18:06:29 | INFO     |     损失: 0.507230
2025-07-28 18:06:29 | INFO     |     准确率: 0.970971
2025-07-28 18:06:29 | INFO     |     F1(macro): 0.972035
2025-07-28 18:06:29 | INFO     |     F1(weighted): 0.970672
2025-07-28 18:06:29 | INFO     |     精确率: 0.976984
2025-07-28 18:06:29 | INFO     |     召回率: 0.973370
2025-07-28 18:06:29 | INFO     |   学习率调度器: f1_based
2025-07-28 18:06:29 | INFO     | ------------------------------------------------------------
2025-07-28 18:06:29 | INFO     | Epoch  44 | Train: Loss=0.0883, Acc=0.9685 | Val: Loss=0.5072, Acc=0.9710, F1=0.9707 | LR=0.000025 
2025-07-28 18:07:24 | INFO     | Epoch 45:
2025-07-28 18:07:24 | INFO     |   训练指标:
2025-07-28 18:07:24 | INFO     |     损失(ce): 0.101054
2025-07-28 18:07:24 | INFO     |     准确率: 0.966466
2025-07-28 18:07:24 | INFO     |     学习率: 0.00002500
2025-07-28 18:07:24 | INFO     |   验证指标(标准CE):
2025-07-28 18:07:24 | INFO     |     损失: 0.761133
2025-07-28 18:07:24 | INFO     |     准确率: 0.970971
2025-07-28 18:07:24 | INFO     |     F1(macro): 0.972035
2025-07-28 18:07:24 | INFO     |     F1(weighted): 0.970672
2025-07-28 18:07:24 | INFO     |     精确率: 0.976984
2025-07-28 18:07:24 | INFO     |     召回率: 0.973370
2025-07-28 18:07:24 | INFO     |   学习率调度器: f1_based
2025-07-28 18:07:24 | INFO     | ------------------------------------------------------------
2025-07-28 18:07:24 | INFO     | Epoch  45 | Train: Loss=0.1011, Acc=0.9665 | Val: Loss=0.7611, Acc=0.9710, F1=0.9707 | LR=0.000025 
2025-07-28 18:08:19 | INFO     | Epoch 46:
2025-07-28 18:08:19 | INFO     |   训练指标:
2025-07-28 18:08:19 | INFO     |     损失(ce): 0.082919
2025-07-28 18:08:19 | INFO     |     准确率: 0.972472
2025-07-28 18:08:19 | INFO     |     学习率: 0.00002500
2025-07-28 18:08:19 | INFO     |   验证指标(标准CE):
2025-07-28 18:08:19 | INFO     |     损失: 0.288336
2025-07-28 18:08:19 | INFO     |     准确率: 0.970971
2025-07-28 18:08:19 | INFO     |     F1(macro): 0.972035
2025-07-28 18:08:19 | INFO     |     F1(weighted): 0.970672
2025-07-28 18:08:19 | INFO     |     精确率: 0.976984
2025-07-28 18:08:19 | INFO     |     召回率: 0.973370
2025-07-28 18:08:19 | INFO     |   学习率调度器: f1_based
2025-07-28 18:08:19 | INFO     | ------------------------------------------------------------
2025-07-28 18:08:19 | INFO     | Epoch  46 | Train: Loss=0.0829, Acc=0.9725 | Val: Loss=0.2883, Acc=0.9710, F1=0.9707 | LR=0.000025 
2025-07-28 18:09:13 | INFO     | Epoch 47:
2025-07-28 18:09:13 | INFO     |   训练指标:
2025-07-28 18:09:13 | INFO     |     损失(ce): 0.076663
2025-07-28 18:09:13 | INFO     |     准确率: 0.973223
2025-07-28 18:09:13 | INFO     |     学习率: 0.00002500
2025-07-28 18:09:13 | INFO     |   验证指标(标准CE):
2025-07-28 18:09:13 | INFO     |     损失: 0.345944
2025-07-28 18:09:13 | INFO     |     准确率: 0.969970
2025-07-28 18:09:13 | INFO     |     F1(macro): 0.971049
2025-07-28 18:09:13 | INFO     |     F1(weighted): 0.969633
2025-07-28 18:09:13 | INFO     |     精确率: 0.976359
2025-07-28 18:09:13 | INFO     |     召回率: 0.972452
2025-07-28 18:09:13 | INFO     |   学习率调度器: f1_based
2025-07-28 18:09:13 | INFO     | ------------------------------------------------------------
2025-07-28 18:09:13 | INFO     | Epoch  47 | Train: Loss=0.0767, Acc=0.9732 | Val: Loss=0.3459, Acc=0.9700, F1=0.9696 | LR=0.000025 
2025-07-28 18:10:08 | INFO     | Epoch 48:
2025-07-28 18:10:08 | INFO     |   训练指标:
2025-07-28 18:10:08 | INFO     |     损失(ce): 0.109269
2025-07-28 18:10:08 | INFO     |     准确率: 0.964965
2025-07-28 18:10:08 | INFO     |     学习率: 0.00002500
2025-07-28 18:10:08 | INFO     |   验证指标(标准CE):
2025-07-28 18:10:08 | INFO     |     损失: 0.098849
2025-07-28 18:10:08 | INFO     |     准确率: 0.971972
2025-07-28 18:10:08 | INFO     |     F1(macro): 0.973018
2025-07-28 18:10:08 | INFO     |     F1(weighted): 0.971708
2025-07-28 18:10:08 | INFO     |     精确率: 0.977618
2025-07-28 18:10:08 | INFO     |     召回率: 0.974288
2025-07-28 18:10:08 | INFO     |   学习率调度器: f1_based
2025-07-28 18:10:08 | INFO     | ------------------------------------------------------------
2025-07-28 18:10:08 | INFO     | Epoch  48 | Train: Loss=0.1093, Acc=0.9650 | Val: Loss=0.0988, Acc=0.9720, F1=0.9717 | LR=0.000025 
2025-07-28 18:11:03 | INFO     | Epoch 49:
2025-07-28 18:11:03 | INFO     |   训练指标:
2025-07-28 18:11:03 | INFO     |     损失(ce): 0.085017
2025-07-28 18:11:03 | INFO     |     准确率: 0.970971
2025-07-28 18:11:03 | INFO     |     学习率: 0.00002500
2025-07-28 18:11:03 | INFO     |   验证指标(标准CE):
2025-07-28 18:11:03 | INFO     |     损失: 0.100572
2025-07-28 18:11:03 | INFO     |     准确率: 0.971972
2025-07-28 18:11:03 | INFO     |     F1(macro): 0.973018
2025-07-28 18:11:03 | INFO     |     F1(weighted): 0.971708
2025-07-28 18:11:03 | INFO     |     精确率: 0.977618
2025-07-28 18:11:03 | INFO     |     召回率: 0.974288
2025-07-28 18:11:03 | INFO     |   学习率调度器: f1_based
2025-07-28 18:11:03 | INFO     | ------------------------------------------------------------
2025-07-28 18:11:03 | INFO     | Epoch  49 | Train: Loss=0.0850, Acc=0.9710 | Val: Loss=0.1006, Acc=0.9720, F1=0.9717 | LR=0.000025 
2025-07-28 18:11:58 | INFO     | Epoch 50:
2025-07-28 18:11:58 | INFO     |   训练指标:
2025-07-28 18:11:58 | INFO     |     损失(ce): 0.093203
2025-07-28 18:11:58 | INFO     |     准确率: 0.967968
2025-07-28 18:11:58 | INFO     |     学习率: 0.00002500
2025-07-28 18:11:58 | INFO     |   验证指标(标准CE):
2025-07-28 18:11:58 | INFO     |     损失: 1.143940
2025-07-28 18:11:58 | INFO     |     准确率: 0.970971
2025-07-28 18:11:58 | INFO     |     F1(macro): 0.972035
2025-07-28 18:11:58 | INFO     |     F1(weighted): 0.970672
2025-07-28 18:11:58 | INFO     |     精确率: 0.976984
2025-07-28 18:11:58 | INFO     |     召回率: 0.973370
2025-07-28 18:11:58 | INFO     |   学习率调度器: f1_based
2025-07-28 18:11:58 | INFO     | ------------------------------------------------------------
2025-07-28 18:11:58 | INFO     | 🎯 学习率调整事件:
2025-07-28 18:11:58 | INFO     |   调度器类型: f1_based
2025-07-28 18:11:58 | INFO     |   学习率变化: 0.00002500 → 0.00001250
2025-07-28 18:11:58 | INFO     |   触发条件: F1分数 = 0.970672
2025-07-28 18:11:58 | INFO     |   变化幅度: -50.00%
2025-07-28 18:11:58 | INFO     | ------------------------------------------------------------
2025-07-28 18:11:58 | INFO     | Epoch  50 | Train: Loss=0.0932, Acc=0.9680 | Val: Loss=1.1439, Acc=0.9710, F1=0.9707 | LR=0.000013 
2025-07-28 18:12:52 | INFO     | Epoch 51:
2025-07-28 18:12:52 | INFO     |   训练指标:
2025-07-28 18:12:52 | INFO     |     损失(ce): 0.092995
2025-07-28 18:12:52 | INFO     |     准确率: 0.971722
2025-07-28 18:12:52 | INFO     |     学习率: 0.00001250
2025-07-28 18:12:52 | INFO     |   验证指标(标准CE):
2025-07-28 18:12:52 | INFO     |     损失: 0.360597
2025-07-28 18:12:52 | INFO     |     准确率: 0.971972
2025-07-28 18:12:52 | INFO     |     F1(macro): 0.973018
2025-07-28 18:12:52 | INFO     |     F1(weighted): 0.971708
2025-07-28 18:12:52 | INFO     |     精确率: 0.977618
2025-07-28 18:12:52 | INFO     |     召回率: 0.974288
2025-07-28 18:12:52 | INFO     |   学习率调度器: f1_based
2025-07-28 18:12:52 | INFO     | ------------------------------------------------------------
2025-07-28 18:12:52 | INFO     | Epoch  51 | Train: Loss=0.0930, Acc=0.9717 | Val: Loss=0.3606, Acc=0.9720, F1=0.9717 | LR=0.000013 
2025-07-28 18:12:52 | INFO     | ⏹️ 早停触发，在第 51 轮停止训练
2025-07-28 18:12:56 | INFO     | 训练历史已保存到: ./result/0728_1726_DualGAF_DualGAFNet_SDAHU通道压缩_sl96_step96_fd128_extractor-dilated_gaf-concat_attention-channel_classifier-residual_bottleneck_stat-basic_fusion-concat/training_history.csv
2025-07-28 18:12:56 | INFO     | 
====================================================================================================
2025-07-28 18:12:56 | INFO     | 🎉 训练完成总结:
2025-07-28 18:12:56 | INFO     |   训练损失函数: ce
2025-07-28 18:12:56 | INFO     |   验证损失函数: 标准交叉熵（遵循主流ML规范）
2025-07-28 18:12:56 | INFO     |   训练过程最佳验证准确率: 0.9780
2025-07-28 18:12:56 | INFO     |   训练过程最佳验证F1(macro): 0.9786
2025-07-28 18:12:56 | INFO     |   训练过程最佳验证F1(weighted): 0.9777
2025-07-28 18:12:56 | INFO     |   训练轮数: 51
2025-07-28 18:12:56 | INFO     | --------------------------------------------------
2025-07-28 18:12:56 | INFO     | 📊 最佳模型真实性能指标（基于标准交叉熵损失）:
2025-07-28 18:12:56 | INFO     |   验证损失(标准CE): 0.0997
2025-07-28 18:12:56 | INFO     |   验证准确率: 0.9780
2025-07-28 18:12:56 | INFO     |   验证F1(macro): 0.9786
2025-07-28 18:12:56 | INFO     |   验证F1(weighted): 0.9777
2025-07-28 18:12:56 | INFO     |   验证精确率: 0.9822
2025-07-28 18:12:56 | INFO     |   验证召回率: 0.9781
2025-07-28 18:12:56 | INFO     | ====================================================================================================
2025-07-28 18:12:58 | INFO     | ================================================================================
2025-07-28 18:12:58 | INFO     | 实验日志结束: DualGAF_DualGAFNet_SDAHU通道压缩_sl96_step96_fd128_extractor-dilated_gaf-concat_attention-channel_classifier-residual_bottleneck_stat-basic_fusion-concat
2025-07-28 18:12:58 | INFO     | 结束时间: 2025-07-28 18:12:58
2025-07-28 18:12:58 | INFO     | ================================================================================
