2025-07-28 21:07:33 | INFO     | ================================================================================
2025-07-28 21:07:33 | INFO     | 实验日志开始: DualGAF_DDAHU_DualGAFNet_SDAHU通道压缩_sl96_step96_fd128_extractor-dilated_gaf-concat_attention-channel_classifier-mlp_stat-basic_fusion-concat
2025-07-28 21:07:33 | INFO     | 日志文件: ./result/0728_2107_DualGAF_DDAHU_DualGAFNet_SDAHU通道压缩_sl96_step96_fd128_extractor-dilated_gaf-concat_attention-channel_classifier-mlp_stat-basic_fusion-concat/training.log
2025-07-28 21:07:33 | INFO     | 开始时间: 2025-07-28 21:07:33
2025-07-28 21:07:33 | INFO     | ================================================================================
2025-07-28 21:07:33 | INFO     | ⚙️ 实验配置:
2025-07-28 21:07:33 | INFO     |    task_name: classification
2025-07-28 21:07:33 | INFO     |    is_training: 1
2025-07-28 21:07:33 | INFO     |    model_id: test
2025-07-28 21:07:33 | INFO     |    model: DualGAFNet
2025-07-28 21:07:33 | INFO     |    data: DualGAF_DDAHU
2025-07-28 21:07:33 | INFO     |    root_path: ./dataset/DDAHU/direct_5_working
2025-07-28 21:07:33 | INFO     |    step: 96
2025-07-28 21:07:33 | INFO     |    checkpoints: ./checkpoints/
2025-07-28 21:07:33 | INFO     |    num_class: 29
2025-07-28 21:07:33 | INFO     |    result_path: ./result/
2025-07-28 21:07:33 | INFO     |    test_size: 0.2
2025-07-28 21:07:33 | INFO     |    rows: None
2025-07-28 21:07:33 | INFO     |    seq_len: 96
2025-07-28 21:07:33 | INFO     |    enc_in: 97
2025-07-28 21:07:33 | INFO     |    d_model: 512
2025-07-28 21:07:33 | INFO     |    n_heads: 8
2025-07-28 21:07:33 | INFO     |    e_layers: 2
2025-07-28 21:07:33 | INFO     |    d_layers: 1
2025-07-28 21:07:33 | INFO     |    d_ff: 2048
2025-07-28 21:07:33 | INFO     |    moving_avg: 25
2025-07-28 21:07:33 | INFO     |    factor: 1
2025-07-28 21:07:33 | INFO     |    distil: True
2025-07-28 21:07:33 | INFO     |    dropout: 0.1
2025-07-28 21:07:33 | INFO     |    embed: timeF
2025-07-28 21:07:33 | INFO     |    activation: gelu
2025-07-28 21:07:33 | INFO     |    use_norm: 1
2025-07-28 21:07:33 | INFO     |    gaf_method: summation
2025-07-28 21:07:33 | INFO     |    feature_dim: 128
2025-07-28 21:07:33 | INFO     |    data_type_method: uint8
2025-07-28 21:07:33 | INFO     |    use_attention: True
2025-07-28 21:07:33 | INFO     |    hidden_dim: 64
2025-07-28 21:07:33 | INFO     |    sample_size: 1000
2025-07-28 21:07:33 | INFO     |    cnn_dropout_rate: 0.3
2025-07-28 21:07:33 | INFO     |    cnn_use_batch_norm: True
2025-07-28 21:07:33 | INFO     |    channel_groups: None
2025-07-28 21:07:33 | INFO     |    hvac_groups: None
2025-07-28 21:07:33 | INFO     |    use_channel_compression: True
2025-07-28 21:07:33 | INFO     |    compression_strategy: signal_compression
2025-07-28 21:07:33 | INFO     |    compression_ratio: 0.7
2025-07-28 21:07:33 | INFO     |    compression_channels: 64
2025-07-28 21:07:33 | INFO     |    adaptive_compression_ratios: [0.5, 0.7, 0.8]
2025-07-28 21:07:33 | INFO     |    hvac_group_compression_ratios: None
2025-07-28 21:07:33 | INFO     |    extractor_type: dilated
2025-07-28 21:07:33 | INFO     |    fusion_type: concat
2025-07-28 21:07:33 | INFO     |    attention_type: channel
2025-07-28 21:07:33 | INFO     |    classifier_type: mlp
2025-07-28 21:07:33 | INFO     |    use_statistical_features: True
2025-07-28 21:07:33 | INFO     |    stat_type: basic
2025-07-28 21:07:33 | INFO     |    multimodal_fusion_strategy: concat
2025-07-28 21:07:33 | INFO     |    use_signal_level_stats: False
2025-07-28 21:07:33 | INFO     |    signal_stat_type: comprehensive
2025-07-28 21:07:33 | INFO     |    signal_stat_fusion_strategy: concat_project
2025-07-28 21:07:33 | INFO     |    signal_stat_feature_dim: 32
2025-07-28 21:07:33 | INFO     |    use_diff_branch: True
2025-07-28 21:07:33 | INFO     |    ablation_mode: none
2025-07-28 21:07:33 | INFO     |    backbone_type: resnet18
2025-07-28 21:07:33 | INFO     |    use_sum_branch: True
2025-07-28 21:07:33 | INFO     |    num_workers: 0
2025-07-28 21:07:33 | INFO     |    cuda_debug: False
2025-07-28 21:07:33 | INFO     |    gpu_memory_fraction: 0.9
2025-07-28 21:07:33 | INFO     |    safe_mode: True
2025-07-28 21:07:33 | INFO     |    drop_last_batch: True
2025-07-28 21:07:33 | INFO     |    itr: 1
2025-07-28 21:07:33 | INFO     |    train_epochs: 300
2025-07-28 21:07:33 | INFO     |    batch_size: 8
2025-07-28 21:07:33 | INFO     |    patience: 15
2025-07-28 21:07:33 | INFO     |    learning_rate: 0.0001
2025-07-28 21:07:33 | INFO     |    des: SDAHU通道压缩
2025-07-28 21:07:33 | INFO     |    loss: MSE
2025-07-28 21:07:33 | INFO     |    lradj: type1
2025-07-28 21:07:33 | INFO     |    lr_scheduler_type: f1_based
2025-07-28 21:07:33 | INFO     |    lr_loss_weight: 0.3
2025-07-28 21:07:33 | INFO     |    lr_f1_weight: 0.7
2025-07-28 21:07:33 | INFO     |    use_amp: False
2025-07-28 21:07:33 | INFO     |    gradient_accumulation_steps: 1
2025-07-28 21:07:33 | INFO     |    enable_auto_gradient_accumulation: True
2025-07-28 21:07:33 | INFO     |    loss_type: ce
2025-07-28 21:07:33 | INFO     |    label_smoothing: 0.1
2025-07-28 21:07:33 | INFO     |    focal_alpha: 1.0
2025-07-28 21:07:33 | INFO     |    focal_gamma: 2.0
2025-07-28 21:07:33 | INFO     |    confidence_penalty_beta: 0.1
2025-07-28 21:07:33 | INFO     |    use_timm_loss: True
2025-07-28 21:07:33 | INFO     |    adaptive_initial_smoothing: 0.2
2025-07-28 21:07:33 | INFO     |    adaptive_final_smoothing: 0.05
2025-07-28 21:07:33 | INFO     |    adaptive_decay_epochs: 30
2025-07-28 21:07:33 | INFO     |    enable_class_weights: False
2025-07-28 21:07:33 | INFO     |    class_weights: None
2025-07-28 21:07:33 | INFO     |    loss_preset: None
2025-07-28 21:07:33 | INFO     |    n_jobs: 1
2025-07-28 21:07:33 | INFO     |    use_multiprocessing: False
2025-07-28 21:07:33 | INFO     |    chunk_size: 800
2025-07-28 21:07:33 | INFO     |    disable_parallel: True
2025-07-28 21:07:33 | INFO     |    use_shared_memory: False
2025-07-28 21:07:33 | INFO     |    disable_shared_memory: False
2025-07-28 21:07:33 | INFO     |    use_gpu: True
2025-07-28 21:07:33 | INFO     |    gpu: 0
2025-07-28 21:07:33 | INFO     |    gpu_type: cuda
2025-07-28 21:07:33 | INFO     |    use_multi_gpu: False
2025-07-28 21:07:33 | INFO     |    devices: 0,1,2,3
2025-07-28 21:07:33 | INFO     |    device: cuda:0
2025-07-28 21:07:33 | INFO     |    feature_columns: ['CHWP_GPMC', 'CHWC_VLV_DM', 'CHWC_VLV', 'CHWC_MWT', 'CHWC_LWT', 'VAVCFM_H_DM_SB', 'CHWC_EAH', 'VAV_DAT_SA', 'CHWC_DAT', 'VAV_SP_C_SA', 'HWP_GPMT', 'VAVCFM_C_DM_SB', 'RM_TEMP_W', 'HWP_GPMC', 'VAVCFM_T_SB', 'VAV_DMPR_H_SB', 'HWC_VLV_DM', 'VAVCFM_H_SB', 'HWC_VLV', 'VAV_DMPR_H_E', 'HWC_LWT', 'HWC_MWT', 'VAV_DMPR_C_SB', 'HWC_DAT', 'RM_TEMP_SB', 'CSF_WAT', 'CSF_SPD', 'CSF_DP', 'CSA_TEMP', 'CSA_CFM', 'VAV_EAT_C_SB', 'CSA_HUMD', 'CSA_SP', 'VAVCFM_C_SB', 'VAVCFM_H_W', 'HSF_SPD', 'VAV_EAT_H_SB', 'VAV_DAT_SB', 'RM_TEMP_SA', 'HSF_DP', 'HSA_TEMP', 'VAVCFM_C_DM_W', 'VAVCFM_C_W', 'VAV_DAT_W', 'HSA_SP', 'HSA_CFM', 'VAV_DMPR_H_W', 'HSF_WAT', 'VAVCFM_T_W', 'EA_DMPR_DM', 'RF_WAT', 'VAV_SP_C_W', 'VAV_SP_H_E', 'EA_DMPR', 'VAV_SP_H_SB', 'RF_SPD', 'RA_TEMP', 'RA_HUMD', 'VAV_SP_H_SA', 'VAV_EAT_H_W', 'RF_DP', 'VAV_DMPR_C_SA', 'VAV_SP_C_SB', 'RA_DMPR_DM', 'VAV_DMPR_H_SA', 'VAV_SP_H_W', 'VAVCFM_H_DM_SA', 'RA_DMPR', 'VAV_EAT_C_W', 'VAVCFM_C_DM_SA', 'RA_CFM', 'MA_TEMP', 'VAVCFM_C_SA', 'OA_TEMP', 'VAVCFM_H_SA', 'VAVCFM_H_DM_W', 'OA_HUMD', 'VAVCFM_T_SA', 'OA_DMPR_DM', 'VAV_EAT_C_SA', 'VAV_DMPR_C_W', 'OA_DMPR', 'VAV_EAT_H_SA', 'HSA_HUMD', 'RM_TEMP_E', 'VAV_EAT_H_E', 'VAV_DAT_E', 'VAV_EAT_C_E', 'VAVCFM_T_E', 'VAVCFM_H_E', 'VAV_SP_C_E', 'VAVCFM_C_DM_E', 'OA_CFM', 'VAV_DMPR_C_E', 'VAVCFM_C_E', 'VAVCFM_H_DM_E', 'CHWP_GPMT']
2025-07-28 21:07:33 | INFO     | 🏗️ 模型信息:
2025-07-28 21:07:33 | INFO     |    模型类型: Model
2025-07-28 21:07:33 | INFO     |    总参数数量: 18,581,705
2025-07-28 21:07:33 | INFO     |    可训练参数: 18,581,705
2025-07-28 21:07:33 | INFO     |    模型大小估计: 70.88 MB
2025-07-28 21:07:33 | INFO     | 📊 数据集信息:
2025-07-28 21:07:33 | INFO     |    训练集大小: 5967
2025-07-28 21:07:33 | INFO     |    验证集大小: 1492
2025-07-28 21:07:33 | INFO     | 
================================================================================
2025-07-28 21:07:33 | INFO     | 📋 损失函数使用策略（遵循主流机器学习规范）:
2025-07-28 21:07:33 | INFO     |    🎯 训练阶段: 使用 ce 损失函数
2025-07-28 21:07:33 | INFO     |       → 目的：优化模型参数，解决特定问题（类别不平衡、相似性等）
2025-07-28 21:07:33 | INFO     |    📊 验证阶段: 使用标准交叉熵损失函数
2025-07-28 21:07:33 | INFO     |       → 目的：客观评估模型性能，便于不同方法比较
2025-07-28 21:07:33 | INFO     |    📈 最终报告: 基于标准交叉熵损失的指标
2025-07-28 21:07:33 | INFO     |       → 目的：提供可信、可比较的性能指标
2025-07-28 21:07:33 | INFO     | ================================================================================

2025-07-28 21:07:33 | INFO     | 🔄 梯度累积: 已禁用（gradient_accumulation_steps=1）
2025-07-28 21:13:13 | INFO     | Epoch 1:
2025-07-28 21:13:13 | INFO     |   训练指标:
2025-07-28 21:13:13 | INFO     |     损失(ce): 2.797467
2025-07-28 21:13:13 | INFO     |     准确率: 0.171477
2025-07-28 21:13:13 | INFO     |     学习率: 0.00010000
2025-07-28 21:13:13 | INFO     |   验证指标(标准CE):
2025-07-28 21:13:13 | INFO     |     损失: 1.868242
2025-07-28 21:13:13 | INFO     |     准确率: 0.376005
2025-07-28 21:13:13 | INFO     |     F1(macro): 0.315085
2025-07-28 21:13:13 | INFO     |     F1(weighted): 0.308799
2025-07-28 21:13:13 | INFO     |     精确率: 0.367156
2025-07-28 21:13:13 | INFO     |     召回率: 0.384968
2025-07-28 21:13:13 | INFO     |   学习率调度器: f1_based
2025-07-28 21:13:13 | INFO     | ------------------------------------------------------------
2025-07-28 21:13:13 | INFO     | Epoch   1 | Train: Loss=2.7975, Acc=0.1715 | Val: Loss=1.8682, Acc=0.3760, F1=0.3088 | LR=0.000100 🏆 [最佳模型]
2025-07-28 21:18:36 | INFO     | Epoch 2:
2025-07-28 21:18:36 | INFO     |   训练指标:
2025-07-28 21:18:36 | INFO     |     损失(ce): 1.428600
2025-07-28 21:18:36 | INFO     |     准确率: 0.539094
2025-07-28 21:18:36 | INFO     |     学习率: 0.00010000
2025-07-28 21:18:36 | INFO     |   验证指标(标准CE):
2025-07-28 21:18:36 | INFO     |     损失: 1.166856
2025-07-28 21:18:36 | INFO     |     准确率: 0.654155
2025-07-28 21:18:36 | INFO     |     F1(macro): 0.646499
2025-07-28 21:18:36 | INFO     |     F1(weighted): 0.640465
2025-07-28 21:18:36 | INFO     |     精确率: 0.714132
2025-07-28 21:18:36 | INFO     |     召回率: 0.664321
2025-07-28 21:18:36 | INFO     |   学习率调度器: f1_based
2025-07-28 21:18:36 | INFO     | ------------------------------------------------------------
2025-07-28 21:18:36 | INFO     | Epoch   2 | Train: Loss=1.4286, Acc=0.5391 | Val: Loss=1.1669, Acc=0.6542, F1=0.6405 | LR=0.000100 🏆 [最佳模型]
2025-07-28 21:23:38 | INFO     | Epoch 3:
2025-07-28 21:23:38 | INFO     |   训练指标:
2025-07-28 21:23:38 | INFO     |     损失(ce): 0.881975
2025-07-28 21:23:38 | INFO     |     准确率: 0.719128
2025-07-28 21:23:38 | INFO     |     学习率: 0.00010000
2025-07-28 21:23:38 | INFO     |   验证指标(标准CE):
2025-07-28 21:23:38 | INFO     |     损失: 0.799070
2025-07-28 21:23:38 | INFO     |     准确率: 0.755362
2025-07-28 21:23:38 | INFO     |     F1(macro): 0.743312
2025-07-28 21:23:38 | INFO     |     F1(weighted): 0.742241
2025-07-28 21:23:38 | INFO     |     精确率: 0.762689
2025-07-28 21:23:38 | INFO     |     召回率: 0.757114
2025-07-28 21:23:38 | INFO     |   学习率调度器: f1_based
2025-07-28 21:23:38 | INFO     | ------------------------------------------------------------
2025-07-28 21:23:38 | INFO     | Epoch   3 | Train: Loss=0.8820, Acc=0.7191 | Val: Loss=0.7991, Acc=0.7554, F1=0.7422 | LR=0.000100 🏆 [最佳模型]
2025-07-28 21:28:38 | INFO     | Epoch 4:
2025-07-28 21:28:38 | INFO     |   训练指标:
2025-07-28 21:28:38 | INFO     |     损失(ce): 0.626833
2025-07-28 21:28:38 | INFO     |     准确率: 0.801678
2025-07-28 21:28:38 | INFO     |     学习率: 0.00010000
2025-07-28 21:28:38 | INFO     |   验证指标(标准CE):
2025-07-28 21:28:38 | INFO     |     损失: 0.453147
2025-07-28 21:28:38 | INFO     |     准确率: 0.851206
2025-07-28 21:28:38 | INFO     |     F1(macro): 0.850503
2025-07-28 21:28:38 | INFO     |     F1(weighted): 0.849849
2025-07-28 21:28:38 | INFO     |     精确率: 0.881464
2025-07-28 21:28:38 | INFO     |     召回率: 0.853035
2025-07-28 21:28:38 | INFO     |   学习率调度器: f1_based
2025-07-28 21:28:38 | INFO     | ------------------------------------------------------------
2025-07-28 21:28:38 | INFO     | Epoch   4 | Train: Loss=0.6268, Acc=0.8017 | Val: Loss=0.4531, Acc=0.8512, F1=0.8498 | LR=0.000100 🏆 [最佳模型]
2025-07-28 21:33:39 | INFO     | Epoch 5:
2025-07-28 21:33:39 | INFO     |   训练指标:
2025-07-28 21:33:39 | INFO     |     损失(ce): 0.503528
2025-07-28 21:33:39 | INFO     |     准确率: 0.837752
2025-07-28 21:33:39 | INFO     |     学习率: 0.00010000
2025-07-28 21:33:39 | INFO     |   验证指标(标准CE):
2025-07-28 21:33:39 | INFO     |     损失: 0.325233
2025-07-28 21:33:39 | INFO     |     准确率: 0.900804
2025-07-28 21:33:39 | INFO     |     F1(macro): 0.910586
2025-07-28 21:33:39 | INFO     |     F1(weighted): 0.907105
2025-07-28 21:33:39 | INFO     |     精确率: 0.941944
2025-07-28 21:33:39 | INFO     |     召回率: 0.901500
2025-07-28 21:33:39 | INFO     |   学习率调度器: f1_based
2025-07-28 21:33:39 | INFO     | ------------------------------------------------------------
2025-07-28 21:33:39 | INFO     | Epoch   5 | Train: Loss=0.5035, Acc=0.8378 | Val: Loss=0.3252, Acc=0.9008, F1=0.9071 | LR=0.000100 🏆 [最佳模型]
2025-07-28 21:38:40 | INFO     | Epoch 6:
2025-07-28 21:38:40 | INFO     |   训练指标:
2025-07-28 21:38:40 | INFO     |     损失(ce): 0.429913
2025-07-28 21:38:40 | INFO     |     准确率: 0.858221
2025-07-28 21:38:40 | INFO     |     学习率: 0.00010000
2025-07-28 21:38:40 | INFO     |   验证指标(标准CE):
2025-07-28 21:38:40 | INFO     |     损失: 0.314855
2025-07-28 21:38:40 | INFO     |     准确率: 0.899464
2025-07-28 21:38:40 | INFO     |     F1(macro): 0.908050
2025-07-28 21:38:40 | INFO     |     F1(weighted): 0.906292
2025-07-28 21:38:40 | INFO     |     精确率: 0.935815
2025-07-28 21:38:40 | INFO     |     召回率: 0.903196
2025-07-28 21:38:40 | INFO     |   学习率调度器: f1_based
2025-07-28 21:38:40 | INFO     | ------------------------------------------------------------
2025-07-28 21:38:40 | INFO     | Epoch   6 | Train: Loss=0.4299, Acc=0.8582 | Val: Loss=0.3149, Acc=0.8995, F1=0.9063 | LR=0.000100 
2025-07-28 21:43:38 | INFO     | Epoch 7:
2025-07-28 21:43:38 | INFO     |   训练指标:
2025-07-28 21:43:38 | INFO     |     损失(ce): 0.382587
2025-07-28 21:43:38 | INFO     |     准确率: 0.871812
2025-07-28 21:43:38 | INFO     |     学习率: 0.00010000
2025-07-28 21:43:38 | INFO     |   验证指标(标准CE):
2025-07-28 21:43:38 | INFO     |     损失: 0.452535
2025-07-28 21:43:38 | INFO     |     准确率: 0.854558
2025-07-28 21:43:38 | INFO     |     F1(macro): 0.849038
2025-07-28 21:43:38 | INFO     |     F1(weighted): 0.849523
2025-07-28 21:43:38 | INFO     |     精确率: 0.882043
2025-07-28 21:43:38 | INFO     |     召回率: 0.853778
2025-07-28 21:43:38 | INFO     |   学习率调度器: f1_based
2025-07-28 21:43:38 | INFO     | ------------------------------------------------------------
2025-07-28 21:43:38 | INFO     | Epoch   7 | Train: Loss=0.3826, Acc=0.8718 | Val: Loss=0.4525, Acc=0.8546, F1=0.8495 | LR=0.000100 
2025-07-28 21:48:35 | INFO     | Epoch 8:
2025-07-28 21:48:35 | INFO     |   训练指标:
2025-07-28 21:48:35 | INFO     |     损失(ce): 0.333171
2025-07-28 21:48:35 | INFO     |     准确率: 0.890101
2025-07-28 21:48:35 | INFO     |     学习率: 0.00010000
2025-07-28 21:48:35 | INFO     |   验证指标(标准CE):
2025-07-28 21:48:35 | INFO     |     损失: 0.287956
2025-07-28 21:48:35 | INFO     |     准确率: 0.902145
2025-07-28 21:48:35 | INFO     |     F1(macro): 0.906537
2025-07-28 21:48:35 | INFO     |     F1(weighted): 0.901635
2025-07-28 21:48:35 | INFO     |     精确率: 0.926185
2025-07-28 21:48:35 | INFO     |     召回率: 0.907783
2025-07-28 21:48:35 | INFO     |   学习率调度器: f1_based
2025-07-28 21:48:35 | INFO     | ------------------------------------------------------------
2025-07-28 21:48:35 | INFO     | Epoch   8 | Train: Loss=0.3332, Acc=0.8901 | Val: Loss=0.2880, Acc=0.9021, F1=0.9016 | LR=0.000100 
2025-07-28 21:53:33 | INFO     | Epoch 9:
2025-07-28 21:53:33 | INFO     |   训练指标:
2025-07-28 21:53:33 | INFO     |     损失(ce): 0.314605
2025-07-28 21:53:33 | INFO     |     准确率: 0.894631
2025-07-28 21:53:33 | INFO     |     学习率: 0.00010000
2025-07-28 21:53:33 | INFO     |   验证指标(标准CE):
2025-07-28 21:53:33 | INFO     |     损失: 0.337860
2025-07-28 21:53:33 | INFO     |     准确率: 0.890751
2025-07-28 21:53:33 | INFO     |     F1(macro): 0.893440
2025-07-28 21:53:33 | INFO     |     F1(weighted): 0.891664
2025-07-28 21:53:33 | INFO     |     精确率: 0.905968
2025-07-28 21:53:33 | INFO     |     召回率: 0.895144
2025-07-28 21:53:33 | INFO     |   学习率调度器: f1_based
2025-07-28 21:53:33 | INFO     | ------------------------------------------------------------
2025-07-28 21:53:33 | INFO     | Epoch   9 | Train: Loss=0.3146, Acc=0.8946 | Val: Loss=0.3379, Acc=0.8908, F1=0.8917 | LR=0.000100 
2025-07-28 21:58:31 | INFO     | Epoch 10:
2025-07-28 21:58:31 | INFO     |   训练指标:
2025-07-28 21:58:31 | INFO     |     损失(ce): 0.283511
2025-07-28 21:58:31 | INFO     |     准确率: 0.909396
2025-07-28 21:58:31 | INFO     |     学习率: 0.00010000
2025-07-28 21:58:31 | INFO     |   验证指标(标准CE):
2025-07-28 21:58:31 | INFO     |     损失: 0.279971
2025-07-28 21:58:31 | INFO     |     准确率: 0.899464
2025-07-28 21:58:31 | INFO     |     F1(macro): 0.900162
2025-07-28 21:58:31 | INFO     |     F1(weighted): 0.896690
2025-07-28 21:58:31 | INFO     |     精确率: 0.918215
2025-07-28 21:58:31 | INFO     |     召回率: 0.906235
2025-07-28 21:58:31 | INFO     |   学习率调度器: f1_based
2025-07-28 21:58:31 | INFO     | ------------------------------------------------------------
2025-07-28 21:58:31 | INFO     | Epoch  10 | Train: Loss=0.2835, Acc=0.9094 | Val: Loss=0.2800, Acc=0.8995, F1=0.8967 | LR=0.000100 
2025-07-28 22:03:29 | INFO     | Epoch 11:
2025-07-28 22:03:29 | INFO     |   训练指标:
2025-07-28 22:03:29 | INFO     |     损失(ce): 0.281346
2025-07-28 22:03:29 | INFO     |     准确率: 0.911074
2025-07-28 22:03:29 | INFO     |     学习率: 0.00010000
2025-07-28 22:03:29 | INFO     |   验证指标(标准CE):
2025-07-28 22:03:29 | INFO     |     损失: 0.349434
2025-07-28 22:03:29 | INFO     |     准确率: 0.900134
2025-07-28 22:03:29 | INFO     |     F1(macro): 0.900104
2025-07-28 22:03:29 | INFO     |     F1(weighted): 0.897483
2025-07-28 22:03:29 | INFO     |     精确率: 0.926252
2025-07-28 22:03:29 | INFO     |     召回率: 0.904193
2025-07-28 22:03:29 | INFO     |   学习率调度器: f1_based
2025-07-28 22:03:29 | INFO     | ------------------------------------------------------------
2025-07-28 22:03:29 | INFO     | Epoch  11 | Train: Loss=0.2813, Acc=0.9111 | Val: Loss=0.3494, Acc=0.9001, F1=0.8975 | LR=0.000100 
2025-07-28 22:08:27 | INFO     | Epoch 12:
2025-07-28 22:08:27 | INFO     |   训练指标:
2025-07-28 22:08:27 | INFO     |     损失(ce): 0.269380
2025-07-28 22:08:27 | INFO     |     准确率: 0.910403
2025-07-28 22:08:27 | INFO     |     学习率: 0.00010000
2025-07-28 22:08:27 | INFO     |   验证指标(标准CE):
2025-07-28 22:08:27 | INFO     |     损失: 0.178284
2025-07-28 22:08:27 | INFO     |     准确率: 0.933646
2025-07-28 22:08:27 | INFO     |     F1(macro): 0.934745
2025-07-28 22:08:27 | INFO     |     F1(weighted): 0.933517
2025-07-28 22:08:27 | INFO     |     精确率: 0.940829
2025-07-28 22:08:27 | INFO     |     召回率: 0.936451
2025-07-28 22:08:27 | INFO     |   学习率调度器: f1_based
2025-07-28 22:08:27 | INFO     | ------------------------------------------------------------
2025-07-28 22:08:27 | INFO     | Epoch  12 | Train: Loss=0.2694, Acc=0.9104 | Val: Loss=0.1783, Acc=0.9336, F1=0.9335 | LR=0.000100 🏆 [最佳模型]
2025-07-28 22:13:26 | INFO     | Epoch 13:
2025-07-28 22:13:26 | INFO     |   训练指标:
2025-07-28 22:13:26 | INFO     |     损失(ce): 0.259599
2025-07-28 22:13:26 | INFO     |     准确率: 0.917282
2025-07-28 22:13:26 | INFO     |     学习率: 0.00010000
2025-07-28 22:13:26 | INFO     |   验证指标(标准CE):
2025-07-28 22:13:26 | INFO     |     损失: 0.231598
2025-07-28 22:13:26 | INFO     |     准确率: 0.924933
2025-07-28 22:13:26 | INFO     |     F1(macro): 0.932424
2025-07-28 22:13:26 | INFO     |     F1(weighted): 0.929105
2025-07-28 22:13:26 | INFO     |     精确率: 0.946677
2025-07-28 22:13:26 | INFO     |     召回率: 0.927415
2025-07-28 22:13:26 | INFO     |   学习率调度器: f1_based
2025-07-28 22:13:26 | INFO     | ------------------------------------------------------------
2025-07-28 22:13:26 | INFO     | Epoch  13 | Train: Loss=0.2596, Acc=0.9173 | Val: Loss=0.2316, Acc=0.9249, F1=0.9291 | LR=0.000100 
2025-07-28 22:18:24 | INFO     | Epoch 14:
2025-07-28 22:18:24 | INFO     |   训练指标:
2025-07-28 22:18:24 | INFO     |     损失(ce): 0.244798
2025-07-28 22:18:24 | INFO     |     准确率: 0.918624
2025-07-28 22:18:24 | INFO     |     学习率: 0.00010000
2025-07-28 22:18:24 | INFO     |   验证指标(标准CE):
2025-07-28 22:18:24 | INFO     |     损失: 0.506510
2025-07-28 22:18:24 | INFO     |     准确率: 0.849866
2025-07-28 22:18:24 | INFO     |     F1(macro): 0.845178
2025-07-28 22:18:24 | INFO     |     F1(weighted): 0.838012
2025-07-28 22:18:24 | INFO     |     精确率: 0.868486
2025-07-28 22:18:24 | INFO     |     召回率: 0.855550
2025-07-28 22:18:24 | INFO     |   学习率调度器: f1_based
2025-07-28 22:18:24 | INFO     | ------------------------------------------------------------
2025-07-28 22:18:24 | INFO     | Epoch  14 | Train: Loss=0.2448, Acc=0.9186 | Val: Loss=0.5065, Acc=0.8499, F1=0.8380 | LR=0.000100 
2025-07-28 22:23:21 | INFO     | Epoch 15:
2025-07-28 22:23:21 | INFO     |   训练指标:
2025-07-28 22:23:21 | INFO     |     损失(ce): 0.228465
2025-07-28 22:23:21 | INFO     |     准确率: 0.921309
2025-07-28 22:23:21 | INFO     |     学习率: 0.00010000
2025-07-28 22:23:21 | INFO     |   验证指标(标准CE):
2025-07-28 22:23:21 | INFO     |     损失: 0.192292
2025-07-28 22:23:21 | INFO     |     准确率: 0.930295
2025-07-28 22:23:21 | INFO     |     F1(macro): 0.935869
2025-07-28 22:23:21 | INFO     |     F1(weighted): 0.933904
2025-07-28 22:23:21 | INFO     |     精确率: 0.950000
2025-07-28 22:23:21 | INFO     |     召回率: 0.931202
2025-07-28 22:23:21 | INFO     |   学习率调度器: f1_based
2025-07-28 22:23:21 | INFO     | ------------------------------------------------------------
2025-07-28 22:23:21 | INFO     | Epoch  15 | Train: Loss=0.2285, Acc=0.9213 | Val: Loss=0.1923, Acc=0.9303, F1=0.9339 | LR=0.000100 🏆 [最佳模型]
2025-07-28 22:28:21 | INFO     | Epoch 16:
2025-07-28 22:28:21 | INFO     |   训练指标:
2025-07-28 22:28:21 | INFO     |     损失(ce): 0.207749
2025-07-28 22:28:21 | INFO     |     准确率: 0.930034
2025-07-28 22:28:21 | INFO     |     学习率: 0.00010000
2025-07-28 22:28:21 | INFO     |   验证指标(标准CE):
2025-07-28 22:28:21 | INFO     |     损失: 0.266836
2025-07-28 22:28:21 | INFO     |     准确率: 0.916220
2025-07-28 22:28:21 | INFO     |     F1(macro): 0.923708
2025-07-28 22:28:21 | INFO     |     F1(weighted): 0.922137
2025-07-28 22:28:21 | INFO     |     精确率: 0.940920
2025-07-28 22:28:21 | INFO     |     召回率: 0.919001
2025-07-28 22:28:21 | INFO     |   学习率调度器: f1_based
2025-07-28 22:28:21 | INFO     | ------------------------------------------------------------
2025-07-28 22:28:21 | INFO     | Epoch  16 | Train: Loss=0.2077, Acc=0.9300 | Val: Loss=0.2668, Acc=0.9162, F1=0.9221 | LR=0.000100 
2025-07-28 22:33:19 | INFO     | Epoch 17:
2025-07-28 22:33:19 | INFO     |   训练指标:
2025-07-28 22:33:19 | INFO     |     损失(ce): 0.220929
2025-07-28 22:33:19 | INFO     |     准确率: 0.927349
2025-07-28 22:33:19 | INFO     |     学习率: 0.00010000
2025-07-28 22:33:19 | INFO     |   验证指标(标准CE):
2025-07-28 22:33:19 | INFO     |     损失: 0.178446
2025-07-28 22:33:19 | INFO     |     准确率: 0.940349
2025-07-28 22:33:19 | INFO     |     F1(macro): 0.940607
2025-07-28 22:33:19 | INFO     |     F1(weighted): 0.937928
2025-07-28 22:33:19 | INFO     |     精确率: 0.948097
2025-07-28 22:33:19 | INFO     |     召回率: 0.944457
2025-07-28 22:33:19 | INFO     |   学习率调度器: f1_based
2025-07-28 22:33:19 | INFO     | ------------------------------------------------------------
2025-07-28 22:33:19 | INFO     | Epoch  17 | Train: Loss=0.2209, Acc=0.9273 | Val: Loss=0.1784, Acc=0.9403, F1=0.9379 | LR=0.000100 🏆 [最佳模型]
2025-07-28 22:38:21 | INFO     | Epoch 18:
2025-07-28 22:38:21 | INFO     |   训练指标:
2025-07-28 22:38:21 | INFO     |     损失(ce): 0.201793
2025-07-28 22:38:21 | INFO     |     准确率: 0.932550
2025-07-28 22:38:21 | INFO     |     学习率: 0.00010000
2025-07-28 22:38:21 | INFO     |   验证指标(标准CE):
2025-07-28 22:38:21 | INFO     |     损失: 0.195938
2025-07-28 22:38:21 | INFO     |     准确率: 0.932976
2025-07-28 22:38:21 | INFO     |     F1(macro): 0.933797
2025-07-28 22:38:21 | INFO     |     F1(weighted): 0.930617
2025-07-28 22:38:21 | INFO     |     精确率: 0.944963
2025-07-28 22:38:21 | INFO     |     召回率: 0.938324
2025-07-28 22:38:21 | INFO     |   学习率调度器: f1_based
2025-07-28 22:38:21 | INFO     | ------------------------------------------------------------
2025-07-28 22:38:21 | INFO     | Epoch  18 | Train: Loss=0.2018, Acc=0.9326 | Val: Loss=0.1959, Acc=0.9330, F1=0.9306 | LR=0.000100 
2025-07-28 22:43:22 | INFO     | Epoch 19:
2025-07-28 22:43:22 | INFO     |   训练指标:
2025-07-28 22:43:22 | INFO     |     损失(ce): 0.213088
2025-07-28 22:43:22 | INFO     |     准确率: 0.930537
2025-07-28 22:43:22 | INFO     |     学习率: 0.00010000
2025-07-28 22:43:22 | INFO     |   验证指标(标准CE):
2025-07-28 22:43:22 | INFO     |     损失: 0.163408
2025-07-28 22:43:22 | INFO     |     准确率: 0.937668
2025-07-28 22:43:22 | INFO     |     F1(macro): 0.941894
2025-07-28 22:43:22 | INFO     |     F1(weighted): 0.940735
2025-07-28 22:43:22 | INFO     |     精确率: 0.961363
2025-07-28 22:43:22 | INFO     |     召回率: 0.936612
2025-07-28 22:43:22 | INFO     |   学习率调度器: f1_based
2025-07-28 22:43:22 | INFO     | ------------------------------------------------------------
2025-07-28 22:43:22 | INFO     | Epoch  19 | Train: Loss=0.2131, Acc=0.9305 | Val: Loss=0.1634, Acc=0.9377, F1=0.9407 | LR=0.000100 🏆 [最佳模型]
2025-07-28 22:48:19 | INFO     | Epoch 20:
2025-07-28 22:48:19 | INFO     |   训练指标:
2025-07-28 22:48:19 | INFO     |     损失(ce): 0.187636
2025-07-28 22:48:19 | INFO     |     准确率: 0.937416
2025-07-28 22:48:19 | INFO     |     学习率: 0.00010000
2025-07-28 22:48:19 | INFO     |   验证指标(标准CE):
2025-07-28 22:48:19 | INFO     |     损失: 0.281948
2025-07-28 22:48:19 | INFO     |     准确率: 0.903485
2025-07-28 22:48:19 | INFO     |     F1(macro): 0.904743
2025-07-28 22:48:19 | INFO     |     F1(weighted): 0.902555
2025-07-28 22:48:19 | INFO     |     精确率: 0.922113
2025-07-28 22:48:19 | INFO     |     召回率: 0.906580
2025-07-28 22:48:19 | INFO     |   学习率调度器: f1_based
2025-07-28 22:48:19 | INFO     | ------------------------------------------------------------
2025-07-28 22:48:19 | INFO     | Epoch  20 | Train: Loss=0.1876, Acc=0.9374 | Val: Loss=0.2819, Acc=0.9035, F1=0.9026 | LR=0.000100 
2025-07-28 22:53:14 | INFO     | Epoch 21:
2025-07-28 22:53:14 | INFO     |   训练指标:
2025-07-28 22:53:14 | INFO     |     损失(ce): 0.182075
2025-07-28 22:53:14 | INFO     |     准确率: 0.938423
2025-07-28 22:53:14 | INFO     |     学习率: 0.00010000
2025-07-28 22:53:14 | INFO     |   验证指标(标准CE):
2025-07-28 22:53:14 | INFO     |     损失: 0.103923
2025-07-28 22:53:14 | INFO     |     准确率: 0.959786
2025-07-28 22:53:14 | INFO     |     F1(macro): 0.961589
2025-07-28 22:53:14 | INFO     |     F1(weighted): 0.960138
2025-07-28 22:53:14 | INFO     |     精确率: 0.963702
2025-07-28 22:53:14 | INFO     |     召回率: 0.961100
2025-07-28 22:53:14 | INFO     |   学习率调度器: f1_based
2025-07-28 22:53:14 | INFO     | ------------------------------------------------------------
2025-07-28 22:53:14 | INFO     | Epoch  21 | Train: Loss=0.1821, Acc=0.9384 | Val: Loss=0.1039, Acc=0.9598, F1=0.9601 | LR=0.000100 🏆 [最佳模型]
2025-07-28 22:58:11 | INFO     | Epoch 22:
2025-07-28 22:58:11 | INFO     |   训练指标:
2025-07-28 22:58:11 | INFO     |     损失(ce): 0.188602
2025-07-28 22:58:11 | INFO     |     准确率: 0.936074
2025-07-28 22:58:11 | INFO     |     学习率: 0.00010000
2025-07-28 22:58:11 | INFO     |   验证指标(标准CE):
2025-07-28 22:58:11 | INFO     |     损失: 0.142197
2025-07-28 22:58:11 | INFO     |     准确率: 0.943700
2025-07-28 22:58:11 | INFO     |     F1(macro): 0.950047
2025-07-28 22:58:11 | INFO     |     F1(weighted): 0.946821
2025-07-28 22:58:11 | INFO     |     精确率: 0.966778
2025-07-28 22:58:11 | INFO     |     召回率: 0.946596
2025-07-28 22:58:11 | INFO     |   学习率调度器: f1_based
2025-07-28 22:58:11 | INFO     | ------------------------------------------------------------
2025-07-28 22:58:11 | INFO     | Epoch  22 | Train: Loss=0.1886, Acc=0.9361 | Val: Loss=0.1422, Acc=0.9437, F1=0.9468 | LR=0.000100 
2025-07-28 23:03:07 | INFO     | Epoch 23:
2025-07-28 23:03:07 | INFO     |   训练指标:
2025-07-28 23:03:07 | INFO     |     损失(ce): 0.176908
2025-07-28 23:03:07 | INFO     |     准确率: 0.942114
2025-07-28 23:03:07 | INFO     |     学习率: 0.00010000
2025-07-28 23:03:07 | INFO     |   验证指标(标准CE):
2025-07-28 23:03:07 | INFO     |     损失: 0.196265
2025-07-28 23:03:07 | INFO     |     准确率: 0.939678
2025-07-28 23:03:07 | INFO     |     F1(macro): 0.941103
2025-07-28 23:03:07 | INFO     |     F1(weighted): 0.939077
2025-07-28 23:03:07 | INFO     |     精确率: 0.952609
2025-07-28 23:03:07 | INFO     |     召回率: 0.943550
2025-07-28 23:03:07 | INFO     |   学习率调度器: f1_based
2025-07-28 23:03:07 | INFO     | ------------------------------------------------------------
2025-07-28 23:03:07 | INFO     | Epoch  23 | Train: Loss=0.1769, Acc=0.9421 | Val: Loss=0.1963, Acc=0.9397, F1=0.9391 | LR=0.000100 
2025-07-28 23:08:01 | INFO     | Epoch 24:
2025-07-28 23:08:01 | INFO     |   训练指标:
2025-07-28 23:08:01 | INFO     |     损失(ce): 0.157376
2025-07-28 23:08:01 | INFO     |     准确率: 0.945973
2025-07-28 23:08:01 | INFO     |     学习率: 0.00010000
2025-07-28 23:08:01 | INFO     |   验证指标(标准CE):
2025-07-28 23:08:01 | INFO     |     损失: 0.108560
2025-07-28 23:08:01 | INFO     |     准确率: 0.963807
2025-07-28 23:08:01 | INFO     |     F1(macro): 0.966237
2025-07-28 23:08:01 | INFO     |     F1(weighted): 0.964726
2025-07-28 23:08:01 | INFO     |     精确率: 0.970079
2025-07-28 23:08:01 | INFO     |     召回率: 0.964883
2025-07-28 23:08:01 | INFO     |   学习率调度器: f1_based
2025-07-28 23:08:01 | INFO     | ------------------------------------------------------------
2025-07-28 23:08:01 | INFO     | Epoch  24 | Train: Loss=0.1574, Acc=0.9460 | Val: Loss=0.1086, Acc=0.9638, F1=0.9647 | LR=0.000100 🏆 [最佳模型]
2025-07-28 23:13:00 | INFO     | Epoch 25:
2025-07-28 23:13:00 | INFO     |   训练指标:
2025-07-28 23:13:00 | INFO     |     损失(ce): 0.173115
2025-07-28 23:13:00 | INFO     |     准确率: 0.942282
2025-07-28 23:13:00 | INFO     |     学习率: 0.00010000
2025-07-28 23:13:00 | INFO     |   验证指标(标准CE):
2025-07-28 23:13:00 | INFO     |     损失: 0.230151
2025-07-28 23:13:00 | INFO     |     准确率: 0.926944
2025-07-28 23:13:00 | INFO     |     F1(macro): 0.927924
2025-07-28 23:13:00 | INFO     |     F1(weighted): 0.924539
2025-07-28 23:13:00 | INFO     |     精确率: 0.940644
2025-07-28 23:13:00 | INFO     |     召回率: 0.931910
2025-07-28 23:13:00 | INFO     |   学习率调度器: f1_based
2025-07-28 23:13:00 | INFO     | ------------------------------------------------------------
2025-07-28 23:13:00 | INFO     | Epoch  25 | Train: Loss=0.1731, Acc=0.9423 | Val: Loss=0.2302, Acc=0.9269, F1=0.9245 | LR=0.000100 
2025-07-28 23:17:56 | INFO     | Epoch 26:
2025-07-28 23:17:56 | INFO     |   训练指标:
2025-07-28 23:17:56 | INFO     |     损失(ce): 0.155892
2025-07-28 23:17:56 | INFO     |     准确率: 0.944799
2025-07-28 23:17:56 | INFO     |     学习率: 0.00010000
2025-07-28 23:17:56 | INFO     |   验证指标(标准CE):
2025-07-28 23:17:56 | INFO     |     损失: 0.239559
2025-07-28 23:17:56 | INFO     |     准确率: 0.931635
2025-07-28 23:17:56 | INFO     |     F1(macro): 0.933967
2025-07-28 23:17:56 | INFO     |     F1(weighted): 0.931983
2025-07-28 23:17:56 | INFO     |     精确率: 0.938445
2025-07-28 23:17:56 | INFO     |     召回率: 0.934270
2025-07-28 23:17:56 | INFO     |   学习率调度器: f1_based
2025-07-28 23:17:56 | INFO     | ------------------------------------------------------------
2025-07-28 23:17:56 | INFO     | Epoch  26 | Train: Loss=0.1559, Acc=0.9448 | Val: Loss=0.2396, Acc=0.9316, F1=0.9320 | LR=0.000100 
2025-07-28 23:22:52 | INFO     | Epoch 27:
2025-07-28 23:22:52 | INFO     |   训练指标:
2025-07-28 23:22:52 | INFO     |     损失(ce): 0.158670
2025-07-28 23:22:52 | INFO     |     准确率: 0.947148
2025-07-28 23:22:52 | INFO     |     学习率: 0.00010000
2025-07-28 23:22:52 | INFO     |   验证指标(标准CE):
2025-07-28 23:22:52 | INFO     |     损失: 0.155114
2025-07-28 23:22:52 | INFO     |     准确率: 0.949732
2025-07-28 23:22:52 | INFO     |     F1(macro): 0.952609
2025-07-28 23:22:52 | INFO     |     F1(weighted): 0.951117
2025-07-28 23:22:52 | INFO     |     精确率: 0.960691
2025-07-28 23:22:52 | INFO     |     召回率: 0.951754
2025-07-28 23:22:52 | INFO     |   学习率调度器: f1_based
2025-07-28 23:22:52 | INFO     | ------------------------------------------------------------
2025-07-28 23:22:52 | INFO     | Epoch  27 | Train: Loss=0.1587, Acc=0.9471 | Val: Loss=0.1551, Acc=0.9497, F1=0.9511 | LR=0.000100 
2025-07-28 23:27:46 | INFO     | Epoch 28:
2025-07-28 23:27:46 | INFO     |   训练指标:
2025-07-28 23:27:46 | INFO     |     损失(ce): 0.171895
2025-07-28 23:27:46 | INFO     |     准确率: 0.940101
2025-07-28 23:27:46 | INFO     |     学习率: 0.00010000
2025-07-28 23:27:46 | INFO     |   验证指标(标准CE):
2025-07-28 23:27:46 | INFO     |     损失: 0.149797
2025-07-28 23:27:46 | INFO     |     准确率: 0.944370
2025-07-28 23:27:46 | INFO     |     F1(macro): 0.946753
2025-07-28 23:27:46 | INFO     |     F1(weighted): 0.945900
2025-07-28 23:27:46 | INFO     |     精确率: 0.958847
2025-07-28 23:27:46 | INFO     |     召回率: 0.944672
2025-07-28 23:27:46 | INFO     |   学习率调度器: f1_based
2025-07-28 23:27:46 | INFO     | ------------------------------------------------------------
2025-07-28 23:27:46 | INFO     | Epoch  28 | Train: Loss=0.1719, Acc=0.9401 | Val: Loss=0.1498, Acc=0.9444, F1=0.9459 | LR=0.000100 
2025-07-28 23:32:40 | INFO     | Epoch 29:
2025-07-28 23:32:40 | INFO     |   训练指标:
2025-07-28 23:32:40 | INFO     |     损失(ce): 0.147499
2025-07-28 23:32:40 | INFO     |     准确率: 0.949161
2025-07-28 23:32:40 | INFO     |     学习率: 0.00010000
2025-07-28 23:32:40 | INFO     |   验证指标(标准CE):
2025-07-28 23:32:40 | INFO     |     损失: 0.123906
2025-07-28 23:32:40 | INFO     |     准确率: 0.963137
2025-07-28 23:32:40 | INFO     |     F1(macro): 0.964985
2025-07-28 23:32:40 | INFO     |     F1(weighted): 0.962951
2025-07-28 23:32:40 | INFO     |     精确率: 0.968804
2025-07-28 23:32:40 | INFO     |     召回率: 0.965476
2025-07-28 23:32:40 | INFO     |   学习率调度器: f1_based
2025-07-28 23:32:40 | INFO     | ------------------------------------------------------------
2025-07-28 23:32:40 | INFO     | Epoch  29 | Train: Loss=0.1475, Acc=0.9492 | Val: Loss=0.1239, Acc=0.9631, F1=0.9630 | LR=0.000100 
2025-07-28 23:37:35 | INFO     | Epoch 30:
2025-07-28 23:37:35 | INFO     |   训练指标:
2025-07-28 23:37:35 | INFO     |     损失(ce): 0.154357
2025-07-28 23:37:35 | INFO     |     准确率: 0.947987
2025-07-28 23:37:35 | INFO     |     学习率: 0.00010000
2025-07-28 23:37:35 | INFO     |   验证指标(标准CE):
2025-07-28 23:37:35 | INFO     |     损失: 0.172810
2025-07-28 23:37:35 | INFO     |     准确率: 0.945040
2025-07-28 23:37:35 | INFO     |     F1(macro): 0.947320
2025-07-28 23:37:35 | INFO     |     F1(weighted): 0.945296
2025-07-28 23:37:35 | INFO     |     精确率: 0.953827
2025-07-28 23:37:35 | INFO     |     召回率: 0.948483
2025-07-28 23:37:35 | INFO     |   学习率调度器: f1_based
2025-07-28 23:37:35 | INFO     | ------------------------------------------------------------
2025-07-28 23:37:35 | INFO     | Epoch  30 | Train: Loss=0.1544, Acc=0.9480 | Val: Loss=0.1728, Acc=0.9450, F1=0.9453 | LR=0.000100 
2025-07-28 23:42:31 | INFO     | Epoch 31:
2025-07-28 23:42:31 | INFO     |   训练指标:
2025-07-28 23:42:31 | INFO     |     损失(ce): 0.153056
2025-07-28 23:42:31 | INFO     |     准确率: 0.947987
2025-07-28 23:42:31 | INFO     |     学习率: 0.00010000
2025-07-28 23:42:31 | INFO     |   验证指标(标准CE):
2025-07-28 23:42:31 | INFO     |     损失: 0.118252
2025-07-28 23:42:31 | INFO     |     准确率: 0.965147
2025-07-28 23:42:31 | INFO     |     F1(macro): 0.966841
2025-07-28 23:42:31 | INFO     |     F1(weighted): 0.965392
2025-07-28 23:42:31 | INFO     |     精确率: 0.972028
2025-07-28 23:42:31 | INFO     |     召回率: 0.966279
2025-07-28 23:42:31 | INFO     |   学习率调度器: f1_based
2025-07-28 23:42:31 | INFO     | ------------------------------------------------------------
2025-07-28 23:42:31 | INFO     | Epoch  31 | Train: Loss=0.1531, Acc=0.9480 | Val: Loss=0.1183, Acc=0.9651, F1=0.9654 | LR=0.000100 🏆 [最佳模型]
2025-07-28 23:47:29 | INFO     | Epoch 32:
2025-07-28 23:47:29 | INFO     |   训练指标:
2025-07-28 23:47:29 | INFO     |     损失(ce): 0.146526
2025-07-28 23:47:29 | INFO     |     准确率: 0.948322
2025-07-28 23:47:29 | INFO     |     学习率: 0.00010000
2025-07-28 23:47:29 | INFO     |   验证指标(标准CE):
2025-07-28 23:47:29 | INFO     |     损失: 0.134037
2025-07-28 23:47:29 | INFO     |     准确率: 0.955764
2025-07-28 23:47:29 | INFO     |     F1(macro): 0.958237
2025-07-28 23:47:29 | INFO     |     F1(weighted): 0.956866
2025-07-28 23:47:29 | INFO     |     精确率: 0.966607
2025-07-28 23:47:29 | INFO     |     召回率: 0.957930
2025-07-28 23:47:29 | INFO     |   学习率调度器: f1_based
2025-07-28 23:47:29 | INFO     | ------------------------------------------------------------
2025-07-28 23:47:29 | INFO     | 🎯 学习率调整事件:
2025-07-28 23:47:29 | INFO     |   调度器类型: f1_based
2025-07-28 23:47:29 | INFO     |   学习率变化: 0.00010000 → 0.00005000
2025-07-28 23:47:29 | INFO     |   触发条件: F1分数 = 0.956866
2025-07-28 23:47:29 | INFO     |   变化幅度: -50.00%
2025-07-28 23:47:29 | INFO     | ------------------------------------------------------------
2025-07-28 23:47:29 | INFO     | Epoch  32 | Train: Loss=0.1465, Acc=0.9483 | Val: Loss=0.1340, Acc=0.9558, F1=0.9569 | LR=0.000050 
2025-07-28 23:52:23 | INFO     | Epoch 33:
2025-07-28 23:52:23 | INFO     |   训练指标:
2025-07-28 23:52:23 | INFO     |     损失(ce): 0.072748
2025-07-28 23:52:23 | INFO     |     准确率: 0.970134
2025-07-28 23:52:23 | INFO     |     学习率: 0.00005000
2025-07-28 23:52:23 | INFO     |   验证指标(标准CE):
2025-07-28 23:52:23 | INFO     |     损失: 0.084400
2025-07-28 23:52:23 | INFO     |     准确率: 0.977882
2025-07-28 23:52:23 | INFO     |     F1(macro): 0.978863
2025-07-28 23:52:23 | INFO     |     F1(weighted): 0.978000
2025-07-28 23:52:23 | INFO     |     精确率: 0.981102
2025-07-28 23:52:23 | INFO     |     召回率: 0.978525
2025-07-28 23:52:23 | INFO     |   学习率调度器: f1_based
2025-07-28 23:52:23 | INFO     | ------------------------------------------------------------
2025-07-28 23:52:23 | INFO     | Epoch  33 | Train: Loss=0.0727, Acc=0.9701 | Val: Loss=0.0844, Acc=0.9779, F1=0.9780 | LR=0.000050 🏆 [最佳模型]
2025-07-28 23:57:19 | INFO     | Epoch 34:
2025-07-28 23:57:19 | INFO     |   训练指标:
2025-07-28 23:57:19 | INFO     |     损失(ce): 0.070598
2025-07-28 23:57:19 | INFO     |     准确率: 0.972987
2025-07-28 23:57:19 | INFO     |     学习率: 0.00005000
2025-07-28 23:57:19 | INFO     |   验证指标(标准CE):
2025-07-28 23:57:19 | INFO     |     损失: 0.106540
2025-07-28 23:57:19 | INFO     |     准确率: 0.960456
2025-07-28 23:57:19 | INFO     |     F1(macro): 0.961833
2025-07-28 23:57:19 | INFO     |     F1(weighted): 0.960984
2025-07-28 23:57:19 | INFO     |     精确率: 0.968841
2025-07-28 23:57:19 | INFO     |     召回率: 0.961309
2025-07-28 23:57:19 | INFO     |   学习率调度器: f1_based
2025-07-28 23:57:19 | INFO     | ------------------------------------------------------------
2025-07-28 23:57:19 | INFO     | Epoch  34 | Train: Loss=0.0706, Acc=0.9730 | Val: Loss=0.1065, Acc=0.9605, F1=0.9610 | LR=0.000050 
2025-07-29 00:02:11 | INFO     | Epoch 35:
2025-07-29 00:02:11 | INFO     |   训练指标:
2025-07-29 00:02:11 | INFO     |     损失(ce): 0.083347
2025-07-29 00:02:11 | INFO     |     准确率: 0.969631
2025-07-29 00:02:11 | INFO     |     学习率: 0.00005000
2025-07-29 00:02:11 | INFO     |   验证指标(标准CE):
2025-07-29 00:02:11 | INFO     |     损失: 0.141941
2025-07-29 00:02:11 | INFO     |     准确率: 0.955094
2025-07-29 00:02:11 | INFO     |     F1(macro): 0.956670
2025-07-29 00:02:11 | INFO     |     F1(weighted): 0.955228
2025-07-29 00:02:11 | INFO     |     精确率: 0.964096
2025-07-29 00:02:11 | INFO     |     召回率: 0.958012
2025-07-29 00:02:11 | INFO     |   学习率调度器: f1_based
2025-07-29 00:02:11 | INFO     | ------------------------------------------------------------
2025-07-29 00:02:11 | INFO     | Epoch  35 | Train: Loss=0.0833, Acc=0.9696 | Val: Loss=0.1419, Acc=0.9551, F1=0.9552 | LR=0.000050 
2025-07-29 00:07:03 | INFO     | Epoch 36:
2025-07-29 00:07:03 | INFO     |   训练指标:
2025-07-29 00:07:03 | INFO     |     损失(ce): 0.079249
2025-07-29 00:07:03 | INFO     |     准确率: 0.969799
2025-07-29 00:07:03 | INFO     |     学习率: 0.00005000
2025-07-29 00:07:03 | INFO     |   验证指标(标准CE):
2025-07-29 00:07:03 | INFO     |     损失: 0.102054
2025-07-29 00:07:03 | INFO     |     准确率: 0.967828
2025-07-29 00:07:03 | INFO     |     F1(macro): 0.969306
2025-07-29 00:07:03 | INFO     |     F1(weighted): 0.968209
2025-07-29 00:07:03 | INFO     |     精确率: 0.972965
2025-07-29 00:07:03 | INFO     |     召回率: 0.969461
2025-07-29 00:07:03 | INFO     |   学习率调度器: f1_based
2025-07-29 00:07:03 | INFO     | ------------------------------------------------------------
2025-07-29 00:07:03 | INFO     | Epoch  36 | Train: Loss=0.0792, Acc=0.9698 | Val: Loss=0.1021, Acc=0.9678, F1=0.9682 | LR=0.000050 
2025-07-29 00:11:56 | INFO     | Epoch 37:
2025-07-29 00:11:56 | INFO     |   训练指标:
2025-07-29 00:11:56 | INFO     |     损失(ce): 0.077245
2025-07-29 00:11:56 | INFO     |     准确率: 0.969463
2025-07-29 00:11:56 | INFO     |     学习率: 0.00005000
2025-07-29 00:11:56 | INFO     |   验证指标(标准CE):
2025-07-29 00:11:56 | INFO     |     损失: 0.095087
2025-07-29 00:11:56 | INFO     |     准确率: 0.971850
2025-07-29 00:11:56 | INFO     |     F1(macro): 0.972557
2025-07-29 00:11:56 | INFO     |     F1(weighted): 0.971738
2025-07-29 00:11:56 | INFO     |     精确率: 0.973948
2025-07-29 00:11:56 | INFO     |     召回率: 0.972966
2025-07-29 00:11:56 | INFO     |   学习率调度器: f1_based
2025-07-29 00:11:56 | INFO     | ------------------------------------------------------------
2025-07-29 00:11:56 | INFO     | Epoch  37 | Train: Loss=0.0772, Acc=0.9695 | Val: Loss=0.0951, Acc=0.9718, F1=0.9717 | LR=0.000050 
2025-07-29 00:16:48 | INFO     | Epoch 38:
2025-07-29 00:16:48 | INFO     |   训练指标:
2025-07-29 00:16:48 | INFO     |     损失(ce): 0.094903
2025-07-29 00:16:48 | INFO     |     准确率: 0.966611
2025-07-29 00:16:48 | INFO     |     学习率: 0.00005000
2025-07-29 00:16:48 | INFO     |   验证指标(标准CE):
2025-07-29 00:16:48 | INFO     |     损失: 0.073459
2025-07-29 00:16:48 | INFO     |     准确率: 0.970509
2025-07-29 00:16:48 | INFO     |     F1(macro): 0.971373
2025-07-29 00:16:48 | INFO     |     F1(weighted): 0.970536
2025-07-29 00:16:48 | INFO     |     精确率: 0.972339
2025-07-29 00:16:48 | INFO     |     召回率: 0.971386
2025-07-29 00:16:48 | INFO     |   学习率调度器: f1_based
2025-07-29 00:16:48 | INFO     | ------------------------------------------------------------
2025-07-29 00:16:48 | INFO     | Epoch  38 | Train: Loss=0.0949, Acc=0.9666 | Val: Loss=0.0735, Acc=0.9705, F1=0.9705 | LR=0.000050 
2025-07-29 00:21:40 | INFO     | Epoch 39:
2025-07-29 00:21:40 | INFO     |   训练指标:
2025-07-29 00:21:40 | INFO     |     损失(ce): 0.075633
2025-07-29 00:21:40 | INFO     |     准确率: 0.969295
2025-07-29 00:21:40 | INFO     |     学习率: 0.00005000
2025-07-29 00:21:40 | INFO     |   验证指标(标准CE):
2025-07-29 00:21:40 | INFO     |     损失: 0.142131
2025-07-29 00:21:40 | INFO     |     准确率: 0.965818
2025-07-29 00:21:40 | INFO     |     F1(macro): 0.967561
2025-07-29 00:21:40 | INFO     |     F1(weighted): 0.966657
2025-07-29 00:21:40 | INFO     |     精确率: 0.974571
2025-07-29 00:21:40 | INFO     |     召回率: 0.965259
2025-07-29 00:21:40 | INFO     |   学习率调度器: f1_based
2025-07-29 00:21:40 | INFO     | ------------------------------------------------------------
2025-07-29 00:21:40 | INFO     | Epoch  39 | Train: Loss=0.0756, Acc=0.9693 | Val: Loss=0.1421, Acc=0.9658, F1=0.9667 | LR=0.000050 
2025-07-29 00:26:33 | INFO     | Epoch 40:
2025-07-29 00:26:33 | INFO     |   训练指标:
2025-07-29 00:26:33 | INFO     |     损失(ce): 0.081076
2025-07-29 00:26:33 | INFO     |     准确率: 0.970134
2025-07-29 00:26:33 | INFO     |     学习率: 0.00005000
2025-07-29 00:26:33 | INFO     |   验证指标(标准CE):
2025-07-29 00:26:33 | INFO     |     损失: 0.130042
2025-07-29 00:26:33 | INFO     |     准确率: 0.962466
2025-07-29 00:26:33 | INFO     |     F1(macro): 0.964433
2025-07-29 00:26:33 | INFO     |     F1(weighted): 0.962330
2025-07-29 00:26:33 | INFO     |     精确率: 0.968896
2025-07-29 00:26:33 | INFO     |     召回率: 0.964443
2025-07-29 00:26:33 | INFO     |   学习率调度器: f1_based
2025-07-29 00:26:33 | INFO     | ------------------------------------------------------------
2025-07-29 00:26:33 | INFO     | Epoch  40 | Train: Loss=0.0811, Acc=0.9701 | Val: Loss=0.1300, Acc=0.9625, F1=0.9623 | LR=0.000050 
2025-07-29 00:31:25 | INFO     | Epoch 41:
2025-07-29 00:31:25 | INFO     |   训练指标:
2025-07-29 00:31:25 | INFO     |     损失(ce): 0.068769
2025-07-29 00:31:25 | INFO     |     准确率: 0.973490
2025-07-29 00:31:25 | INFO     |     学习率: 0.00005000
2025-07-29 00:31:25 | INFO     |   验证指标(标准CE):
2025-07-29 00:31:25 | INFO     |     损失: 0.136893
2025-07-29 00:31:25 | INFO     |     准确率: 0.960456
2025-07-29 00:31:25 | INFO     |     F1(macro): 0.961201
2025-07-29 00:31:25 | INFO     |     F1(weighted): 0.960265
2025-07-29 00:31:25 | INFO     |     精确率: 0.965709
2025-07-29 00:31:25 | INFO     |     召回率: 0.962692
2025-07-29 00:31:25 | INFO     |   学习率调度器: f1_based
2025-07-29 00:31:25 | INFO     | ------------------------------------------------------------
2025-07-29 00:31:25 | INFO     | Epoch  41 | Train: Loss=0.0688, Acc=0.9735 | Val: Loss=0.1369, Acc=0.9605, F1=0.9603 | LR=0.000050 
2025-07-29 00:36:17 | INFO     | Epoch 42:
2025-07-29 00:36:17 | INFO     |   训练指标:
2025-07-29 00:36:17 | INFO     |     损失(ce): 0.083239
2025-07-29 00:36:17 | INFO     |     准确率: 0.968624
2025-07-29 00:36:17 | INFO     |     学习率: 0.00005000
2025-07-29 00:36:17 | INFO     |   验证指标(标准CE):
2025-07-29 00:36:17 | INFO     |     损失: 0.079410
2025-07-29 00:36:17 | INFO     |     准确率: 0.977882
2025-07-29 00:36:17 | INFO     |     F1(macro): 0.978768
2025-07-29 00:36:17 | INFO     |     F1(weighted): 0.977892
2025-07-29 00:36:17 | INFO     |     精确率: 0.980379
2025-07-29 00:36:17 | INFO     |     召回率: 0.978497
2025-07-29 00:36:17 | INFO     |   学习率调度器: f1_based
2025-07-29 00:36:17 | INFO     | ------------------------------------------------------------
2025-07-29 00:36:17 | INFO     | 🎯 学习率调整事件:
2025-07-29 00:36:17 | INFO     |   调度器类型: f1_based
2025-07-29 00:36:17 | INFO     |   学习率变化: 0.00005000 → 0.00002500
2025-07-29 00:36:17 | INFO     |   触发条件: F1分数 = 0.977892
2025-07-29 00:36:17 | INFO     |   变化幅度: -50.00%
2025-07-29 00:36:17 | INFO     | ------------------------------------------------------------
2025-07-29 00:36:17 | INFO     | Epoch  42 | Train: Loss=0.0832, Acc=0.9686 | Val: Loss=0.0794, Acc=0.9779, F1=0.9779 | LR=0.000025 
2025-07-29 00:41:09 | INFO     | Epoch 43:
2025-07-29 00:41:09 | INFO     |   训练指标:
2025-07-29 00:41:09 | INFO     |     损失(ce): 0.048604
2025-07-29 00:41:09 | INFO     |     准确率: 0.979195
2025-07-29 00:41:09 | INFO     |     学习率: 0.00002500
2025-07-29 00:41:09 | INFO     |   验证指标(标准CE):
2025-07-29 00:41:09 | INFO     |     损失: 0.077012
2025-07-29 00:41:09 | INFO     |     准确率: 0.978552
2025-07-29 00:41:09 | INFO     |     F1(macro): 0.978982
2025-07-29 00:41:09 | INFO     |     F1(weighted): 0.978553
2025-07-29 00:41:09 | INFO     |     精确率: 0.981355
2025-07-29 00:41:09 | INFO     |     召回率: 0.978619
2025-07-29 00:41:09 | INFO     |   学习率调度器: f1_based
2025-07-29 00:41:09 | INFO     | ------------------------------------------------------------
2025-07-29 00:41:09 | INFO     | Epoch  43 | Train: Loss=0.0486, Acc=0.9792 | Val: Loss=0.0770, Acc=0.9786, F1=0.9786 | LR=0.000025 🏆 [最佳模型]
2025-07-29 00:45:45 | INFO     | Epoch 44:
2025-07-29 00:45:45 | INFO     |   训练指标:
2025-07-29 00:45:45 | INFO     |     损失(ce): 0.043970
2025-07-29 00:45:45 | INFO     |     准确率: 0.980201
2025-07-29 00:45:45 | INFO     |     学习率: 0.00002500
2025-07-29 00:45:45 | INFO     |   验证指标(标准CE):
2025-07-29 00:45:45 | INFO     |     损失: 0.080208
2025-07-29 00:45:45 | INFO     |     准确率: 0.971850
2025-07-29 00:45:45 | INFO     |     F1(macro): 0.972513
2025-07-29 00:45:45 | INFO     |     F1(weighted): 0.971527
2025-07-29 00:45:45 | INFO     |     精确率: 0.975875
2025-07-29 00:45:45 | INFO     |     召回率: 0.973319
2025-07-29 00:45:45 | INFO     |   学习率调度器: f1_based
2025-07-29 00:45:45 | INFO     | ------------------------------------------------------------
2025-07-29 00:45:45 | INFO     | Epoch  44 | Train: Loss=0.0440, Acc=0.9802 | Val: Loss=0.0802, Acc=0.9718, F1=0.9715 | LR=0.000025 
2025-07-29 00:50:19 | INFO     | Epoch 45:
2025-07-29 00:50:19 | INFO     |   训练指标:
2025-07-29 00:50:19 | INFO     |     损失(ce): 0.047091
2025-07-29 00:50:19 | INFO     |     准确率: 0.980201
2025-07-29 00:50:19 | INFO     |     学习率: 0.00002500
2025-07-29 00:50:19 | INFO     |   验证指标(标准CE):
2025-07-29 00:50:19 | INFO     |     损失: 0.098513
2025-07-29 00:50:19 | INFO     |     准确率: 0.969839
2025-07-29 00:50:19 | INFO     |     F1(macro): 0.970528
2025-07-29 00:50:19 | INFO     |     F1(weighted): 0.969466
2025-07-29 00:50:19 | INFO     |     精确率: 0.974551
2025-07-29 00:50:19 | INFO     |     召回率: 0.971103
2025-07-29 00:50:19 | INFO     |   学习率调度器: f1_based
2025-07-29 00:50:19 | INFO     | ------------------------------------------------------------
2025-07-29 00:50:19 | INFO     | Epoch  45 | Train: Loss=0.0471, Acc=0.9802 | Val: Loss=0.0985, Acc=0.9698, F1=0.9695 | LR=0.000025 
2025-07-29 00:54:53 | INFO     | Epoch 46:
2025-07-29 00:54:53 | INFO     |   训练指标:
2025-07-29 00:54:53 | INFO     |     损失(ce): 0.045429
2025-07-29 00:54:53 | INFO     |     准确率: 0.980872
2025-07-29 00:54:53 | INFO     |     学习率: 0.00002500
2025-07-29 00:54:53 | INFO     |   验证指标(标准CE):
2025-07-29 00:54:53 | INFO     |     损失: 0.084806
2025-07-29 00:54:53 | INFO     |     准确率: 0.967828
2025-07-29 00:54:53 | INFO     |     F1(macro): 0.968749
2025-07-29 00:54:53 | INFO     |     F1(weighted): 0.967726
2025-07-29 00:54:53 | INFO     |     精确率: 0.972184
2025-07-29 00:54:53 | INFO     |     召回率: 0.968903
2025-07-29 00:54:53 | INFO     |   学习率调度器: f1_based
2025-07-29 00:54:53 | INFO     | ------------------------------------------------------------
2025-07-29 00:54:53 | INFO     | Epoch  46 | Train: Loss=0.0454, Acc=0.9809 | Val: Loss=0.0848, Acc=0.9678, F1=0.9677 | LR=0.000025 
2025-07-29 00:59:27 | INFO     | Epoch 47:
2025-07-29 00:59:27 | INFO     |   训练指标:
2025-07-29 00:59:27 | INFO     |     损失(ce): 0.055067
2025-07-29 00:59:27 | INFO     |     准确率: 0.978020
2025-07-29 00:59:27 | INFO     |     学习率: 0.00002500
2025-07-29 00:59:27 | INFO     |   验证指标(标准CE):
2025-07-29 00:59:27 | INFO     |     损失: 0.084239
2025-07-29 00:59:27 | INFO     |     准确率: 0.974531
2025-07-29 00:59:27 | INFO     |     F1(macro): 0.975255
2025-07-29 00:59:27 | INFO     |     F1(weighted): 0.974470
2025-07-29 00:59:27 | INFO     |     精确率: 0.975941
2025-07-29 00:59:27 | INFO     |     召回率: 0.975896
2025-07-29 00:59:27 | INFO     |   学习率调度器: f1_based
2025-07-29 00:59:27 | INFO     | ------------------------------------------------------------
2025-07-29 00:59:27 | INFO     | Epoch  47 | Train: Loss=0.0551, Acc=0.9780 | Val: Loss=0.0842, Acc=0.9745, F1=0.9745 | LR=0.000025 
2025-07-29 01:04:01 | INFO     | Epoch 48:
2025-07-29 01:04:01 | INFO     |   训练指标:
2025-07-29 01:04:01 | INFO     |     损失(ce): 0.051808
2025-07-29 01:04:01 | INFO     |     准确率: 0.980369
2025-07-29 01:04:01 | INFO     |     学习率: 0.00002500
2025-07-29 01:04:01 | INFO     |   验证指标(标准CE):
2025-07-29 01:04:01 | INFO     |     损失: 0.081338
2025-07-29 01:04:01 | INFO     |     准确率: 0.974531
2025-07-29 01:04:01 | INFO     |     F1(macro): 0.975945
2025-07-29 01:04:01 | INFO     |     F1(weighted): 0.974724
2025-07-29 01:04:01 | INFO     |     精确率: 0.978811
2025-07-29 01:04:01 | INFO     |     召回率: 0.975031
2025-07-29 01:04:01 | INFO     |   学习率调度器: f1_based
2025-07-29 01:04:01 | INFO     | ------------------------------------------------------------
2025-07-29 01:04:01 | INFO     | Epoch  48 | Train: Loss=0.0518, Acc=0.9804 | Val: Loss=0.0813, Acc=0.9745, F1=0.9747 | LR=0.000025 
2025-07-29 01:08:35 | INFO     | Epoch 49:
2025-07-29 01:08:35 | INFO     |   训练指标:
2025-07-29 01:08:35 | INFO     |     损失(ce): 0.049061
2025-07-29 01:08:35 | INFO     |     准确率: 0.979530
2025-07-29 01:08:35 | INFO     |     学习率: 0.00002500
2025-07-29 01:08:35 | INFO     |   验证指标(标准CE):
2025-07-29 01:08:35 | INFO     |     损失: 0.084928
2025-07-29 01:08:35 | INFO     |     准确率: 0.970509
2025-07-29 01:08:35 | INFO     |     F1(macro): 0.971375
2025-07-29 01:08:35 | INFO     |     F1(weighted): 0.970199
2025-07-29 01:08:35 | INFO     |     精确率: 0.974417
2025-07-29 01:08:35 | INFO     |     召回率: 0.972266
2025-07-29 01:08:35 | INFO     |   学习率调度器: f1_based
2025-07-29 01:08:35 | INFO     | ------------------------------------------------------------
2025-07-29 01:08:35 | INFO     | Epoch  49 | Train: Loss=0.0491, Acc=0.9795 | Val: Loss=0.0849, Acc=0.9705, F1=0.9702 | LR=0.000025 
2025-07-29 01:13:10 | INFO     | Epoch 50:
2025-07-29 01:13:10 | INFO     |   训练指标:
2025-07-29 01:13:10 | INFO     |     损失(ce): 0.053636
2025-07-29 01:13:10 | INFO     |     准确率: 0.977852
2025-07-29 01:13:10 | INFO     |     学习率: 0.00002500
2025-07-29 01:13:10 | INFO     |   验证指标(标准CE):
2025-07-29 01:13:10 | INFO     |     损失: 0.071669
2025-07-29 01:13:10 | INFO     |     准确率: 0.975871
2025-07-29 01:13:10 | INFO     |     F1(macro): 0.976771
2025-07-29 01:13:10 | INFO     |     F1(weighted): 0.975850
2025-07-29 01:13:10 | INFO     |     精确率: 0.978073
2025-07-29 01:13:10 | INFO     |     召回率: 0.977039
2025-07-29 01:13:10 | INFO     |   学习率调度器: f1_based
2025-07-29 01:13:10 | INFO     | ------------------------------------------------------------
2025-07-29 01:13:10 | INFO     | Epoch  50 | Train: Loss=0.0536, Acc=0.9779 | Val: Loss=0.0717, Acc=0.9759, F1=0.9758 | LR=0.000025 
2025-07-29 01:17:44 | INFO     | Epoch 51:
2025-07-29 01:17:44 | INFO     |   训练指标:
2025-07-29 01:17:44 | INFO     |     损失(ce): 0.046775
2025-07-29 01:17:44 | INFO     |     准确率: 0.979530
2025-07-29 01:17:44 | INFO     |     学习率: 0.00002500
2025-07-29 01:17:44 | INFO     |   验证指标(标准CE):
2025-07-29 01:17:44 | INFO     |     损失: 0.091995
2025-07-29 01:17:44 | INFO     |     准确率: 0.973861
2025-07-29 01:17:44 | INFO     |     F1(macro): 0.974591
2025-07-29 01:17:44 | INFO     |     F1(weighted): 0.974022
2025-07-29 01:17:44 | INFO     |     精确率: 0.975149
2025-07-29 01:17:44 | INFO     |     召回率: 0.974793
2025-07-29 01:17:44 | INFO     |   学习率调度器: f1_based
2025-07-29 01:17:44 | INFO     | ------------------------------------------------------------
2025-07-29 01:17:44 | INFO     | Epoch  51 | Train: Loss=0.0468, Acc=0.9795 | Val: Loss=0.0920, Acc=0.9739, F1=0.9740 | LR=0.000025 
2025-07-29 01:22:18 | INFO     | Epoch 52:
2025-07-29 01:22:18 | INFO     |   训练指标:
2025-07-29 01:22:18 | INFO     |     损失(ce): 0.048787
2025-07-29 01:22:18 | INFO     |     准确率: 0.980201
2025-07-29 01:22:18 | INFO     |     学习率: 0.00002500
2025-07-29 01:22:18 | INFO     |   验证指标(标准CE):
2025-07-29 01:22:18 | INFO     |     损失: 0.114918
2025-07-29 01:22:18 | INFO     |     准确率: 0.968499
2025-07-29 01:22:18 | INFO     |     F1(macro): 0.969180
2025-07-29 01:22:18 | INFO     |     F1(weighted): 0.968299
2025-07-29 01:22:18 | INFO     |     精确率: 0.972299
2025-07-29 01:22:18 | INFO     |     召回率: 0.970268
2025-07-29 01:22:18 | INFO     |   学习率调度器: f1_based
2025-07-29 01:22:18 | INFO     | ------------------------------------------------------------
2025-07-29 01:22:18 | INFO     | 🎯 学习率调整事件:
2025-07-29 01:22:18 | INFO     |   调度器类型: f1_based
2025-07-29 01:22:18 | INFO     |   学习率变化: 0.00002500 → 0.00001250
2025-07-29 01:22:18 | INFO     |   触发条件: F1分数 = 0.968299
2025-07-29 01:22:18 | INFO     |   变化幅度: -50.00%
2025-07-29 01:22:18 | INFO     | ------------------------------------------------------------
2025-07-29 01:22:18 | INFO     | Epoch  52 | Train: Loss=0.0488, Acc=0.9802 | Val: Loss=0.1149, Acc=0.9685, F1=0.9683 | LR=0.000013 
2025-07-29 01:26:51 | INFO     | Epoch 53:
2025-07-29 01:26:51 | INFO     |   训练指标:
2025-07-29 01:26:51 | INFO     |     损失(ce): 0.034467
2025-07-29 01:26:51 | INFO     |     准确率: 0.982383
2025-07-29 01:26:51 | INFO     |     学习率: 0.00001250
2025-07-29 01:26:51 | INFO     |   验证指标(标准CE):
2025-07-29 01:26:51 | INFO     |     损失: 0.075633
2025-07-29 01:26:51 | INFO     |     准确率: 0.971180
2025-07-29 01:26:51 | INFO     |     F1(macro): 0.971768
2025-07-29 01:26:51 | INFO     |     F1(weighted): 0.970870
2025-07-29 01:26:51 | INFO     |     精确率: 0.974767
2025-07-29 01:26:51 | INFO     |     召回率: 0.972609
2025-07-29 01:26:51 | INFO     |   学习率调度器: f1_based
2025-07-29 01:26:51 | INFO     | ------------------------------------------------------------
2025-07-29 01:26:51 | INFO     | Epoch  53 | Train: Loss=0.0345, Acc=0.9824 | Val: Loss=0.0756, Acc=0.9712, F1=0.9709 | LR=0.000013 
2025-07-29 01:31:25 | INFO     | Epoch 54:
2025-07-29 01:31:25 | INFO     |   训练指标:
2025-07-29 01:31:25 | INFO     |     损失(ce): 0.034764
2025-07-29 01:31:25 | INFO     |     准确率: 0.984732
2025-07-29 01:31:25 | INFO     |     学习率: 0.00001250
2025-07-29 01:31:25 | INFO     |   验证指标(标准CE):
2025-07-29 01:31:25 | INFO     |     损失: 0.076061
2025-07-29 01:31:25 | INFO     |     准确率: 0.972520
2025-07-29 01:31:25 | INFO     |     F1(macro): 0.973220
2025-07-29 01:31:25 | INFO     |     F1(weighted): 0.972284
2025-07-29 01:31:25 | INFO     |     精确率: 0.976232
2025-07-29 01:31:25 | INFO     |     召回率: 0.973859
2025-07-29 01:31:25 | INFO     |   学习率调度器: f1_based
2025-07-29 01:31:25 | INFO     | ------------------------------------------------------------
2025-07-29 01:31:25 | INFO     | Epoch  54 | Train: Loss=0.0348, Acc=0.9847 | Val: Loss=0.0761, Acc=0.9725, F1=0.9723 | LR=0.000013 
2025-07-29 01:35:59 | INFO     | Epoch 55:
2025-07-29 01:35:59 | INFO     |   训练指标:
2025-07-29 01:35:59 | INFO     |     损失(ce): 0.033565
2025-07-29 01:35:59 | INFO     |     准确率: 0.984060
2025-07-29 01:35:59 | INFO     |     学习率: 0.00001250
2025-07-29 01:35:59 | INFO     |   验证指标(标准CE):
2025-07-29 01:35:59 | INFO     |     损失: 0.077744
2025-07-29 01:35:59 | INFO     |     准确率: 0.974531
2025-07-29 01:35:59 | INFO     |     F1(macro): 0.975154
2025-07-29 01:35:59 | INFO     |     F1(weighted): 0.974334
2025-07-29 01:35:59 | INFO     |     精确率: 0.978219
2025-07-29 01:35:59 | INFO     |     召回率: 0.975928
2025-07-29 01:35:59 | INFO     |   学习率调度器: f1_based
2025-07-29 01:35:59 | INFO     | ------------------------------------------------------------
2025-07-29 01:35:59 | INFO     | Epoch  55 | Train: Loss=0.0336, Acc=0.9841 | Val: Loss=0.0777, Acc=0.9745, F1=0.9743 | LR=0.000013 
2025-07-29 01:40:32 | INFO     | Epoch 56:
2025-07-29 01:40:32 | INFO     |   训练指标:
2025-07-29 01:40:32 | INFO     |     损失(ce): 0.030863
2025-07-29 01:40:32 | INFO     |     准确率: 0.985570
2025-07-29 01:40:32 | INFO     |     学习率: 0.00001250
2025-07-29 01:40:32 | INFO     |   验证指标(标准CE):
2025-07-29 01:40:32 | INFO     |     损失: 0.085046
2025-07-29 01:40:32 | INFO     |     准确率: 0.973190
2025-07-29 01:40:32 | INFO     |     F1(macro): 0.973834
2025-07-29 01:40:32 | INFO     |     F1(weighted): 0.972895
2025-07-29 01:40:32 | INFO     |     精确率: 0.976977
2025-07-29 01:40:32 | INFO     |     召回率: 0.974795
2025-07-29 01:40:32 | INFO     |   学习率调度器: f1_based
2025-07-29 01:40:32 | INFO     | ------------------------------------------------------------
2025-07-29 01:40:32 | INFO     | Epoch  56 | Train: Loss=0.0309, Acc=0.9856 | Val: Loss=0.0850, Acc=0.9732, F1=0.9729 | LR=0.000013 
2025-07-29 01:45:06 | INFO     | Epoch 57:
2025-07-29 01:45:06 | INFO     |   训练指标:
2025-07-29 01:45:06 | INFO     |     损失(ce): 0.029104
2025-07-29 01:45:06 | INFO     |     准确率: 0.985403
2025-07-29 01:45:06 | INFO     |     学习率: 0.00001250
2025-07-29 01:45:06 | INFO     |   验证指标(标准CE):
2025-07-29 01:45:06 | INFO     |     损失: 0.110787
2025-07-29 01:45:06 | INFO     |     准确率: 0.970509
2025-07-29 01:45:06 | INFO     |     F1(macro): 0.971121
2025-07-29 01:45:06 | INFO     |     F1(weighted): 0.970314
2025-07-29 01:45:06 | INFO     |     精确率: 0.974632
2025-07-29 01:45:06 | INFO     |     召回率: 0.972395
2025-07-29 01:45:06 | INFO     |   学习率调度器: f1_based
2025-07-29 01:45:06 | INFO     | ------------------------------------------------------------
2025-07-29 01:45:06 | INFO     | Epoch  57 | Train: Loss=0.0291, Acc=0.9854 | Val: Loss=0.1108, Acc=0.9705, F1=0.9703 | LR=0.000013 
2025-07-29 01:49:39 | INFO     | Epoch 58:
2025-07-29 01:49:39 | INFO     |   训练指标:
2025-07-29 01:49:39 | INFO     |     损失(ce): 0.032800
2025-07-29 01:49:39 | INFO     |     准确率: 0.986074
2025-07-29 01:49:39 | INFO     |     学习率: 0.00001250
2025-07-29 01:49:39 | INFO     |   验证指标(标准CE):
2025-07-29 01:49:39 | INFO     |     损失: 0.083573
2025-07-29 01:49:39 | INFO     |     准确率: 0.971850
2025-07-29 01:49:39 | INFO     |     F1(macro): 0.972877
2025-07-29 01:49:39 | INFO     |     F1(weighted): 0.971580
2025-07-29 01:49:39 | INFO     |     精确率: 0.976090
2025-07-29 01:49:39 | INFO     |     召回率: 0.973468
2025-07-29 01:49:39 | INFO     |   学习率调度器: f1_based
2025-07-29 01:49:39 | INFO     | ------------------------------------------------------------
2025-07-29 01:49:39 | INFO     | Epoch  58 | Train: Loss=0.0328, Acc=0.9861 | Val: Loss=0.0836, Acc=0.9718, F1=0.9716 | LR=0.000013 
2025-07-29 01:49:39 | INFO     | ⏹️ 早停触发，在第 58 轮停止训练
2025-07-29 01:49:59 | INFO     | 训练历史已保存到: ./result/0728_2107_DualGAF_DDAHU_DualGAFNet_SDAHU通道压缩_sl96_step96_fd128_extractor-dilated_gaf-concat_attention-channel_classifier-mlp_stat-basic_fusion-concat/training_history.csv
2025-07-29 01:49:59 | INFO     | 
====================================================================================================
2025-07-29 01:49:59 | INFO     | 🎉 训练完成总结:
2025-07-29 01:49:59 | INFO     |   训练损失函数: ce
2025-07-29 01:49:59 | INFO     |   验证损失函数: 标准交叉熵（遵循主流ML规范）
2025-07-29 01:49:59 | INFO     |   训练过程最佳验证准确率: 0.9786
2025-07-29 01:49:59 | INFO     |   训练过程最佳验证F1(macro): 0.9790
2025-07-29 01:49:59 | INFO     |   训练过程最佳验证F1(weighted): 0.9786
2025-07-29 01:49:59 | INFO     |   训练轮数: 58
2025-07-29 01:49:59 | INFO     | --------------------------------------------------
2025-07-29 01:49:59 | INFO     | 📊 最佳模型真实性能指标（基于标准交叉熵损失）:
2025-07-29 01:49:59 | INFO     |   验证损失(标准CE): 0.0759
2025-07-29 01:49:59 | INFO     |   验证准确率: 0.9786
2025-07-29 01:49:59 | INFO     |   验证F1(macro): 0.9790
2025-07-29 01:49:59 | INFO     |   验证F1(weighted): 0.9786
2025-07-29 01:49:59 | INFO     |   验证精确率: 0.9814
2025-07-29 01:49:59 | INFO     |   验证召回率: 0.9786
2025-07-29 01:49:59 | INFO     | ====================================================================================================
2025-07-29 01:50:01 | INFO     | ================================================================================
2025-07-29 01:50:01 | INFO     | 实验日志结束: DualGAF_DDAHU_DualGAFNet_SDAHU通道压缩_sl96_step96_fd128_extractor-dilated_gaf-concat_attention-channel_classifier-mlp_stat-basic_fusion-concat
2025-07-29 01:50:01 | INFO     | 结束时间: 2025-07-29 01:50:01
2025-07-29 01:50:01 | INFO     | ================================================================================
