2025-07-15 02:48:28 | INFO     | ================================================================================
2025-07-15 02:48:28 | INFO     | 实验日志开始: DualGAF_DualGAFNet_dilated_enhanced_sl96_step96_fd128_extractor-dilated_gaf-adaptive_attention-none_classifier-mlp_stat-basic_fusion-concat_ablation-no_attention
2025-07-15 02:48:28 | INFO     | 日志文件: ./result/0715_0248_DualGAF_DualGAFNet_dilated_enhanced_sl96_step96_fd128_extractor-dilated_gaf-adaptive_attention-none_classifier-mlp_stat-basic_fusion-concat_ablation-no_attention/training.log
2025-07-15 02:48:28 | INFO     | 开始时间: 2025-07-15 02:48:28
2025-07-15 02:48:28 | INFO     | ================================================================================
2025-07-15 02:48:28 | INFO     | ⚙️ 实验配置:
2025-07-15 02:48:28 | INFO     |    task_name: classification
2025-07-15 02:48:28 | INFO     |    is_training: 1
2025-07-15 02:48:28 | INFO     |    model_id: test
2025-07-15 02:48:28 | INFO     |    model: DualGAFNet
2025-07-15 02:48:28 | INFO     |    data: DualGAF
2025-07-15 02:48:28 | INFO     |    root_path: ./dataset/SAHU/mean_5_working
2025-07-15 02:48:28 | INFO     |    step: 96
2025-07-15 02:48:28 | INFO     |    checkpoints: ./checkpoints/
2025-07-15 02:48:28 | INFO     |    num_class: 9
2025-07-15 02:48:28 | INFO     |    result_path: ./result/
2025-07-15 02:48:28 | INFO     |    test_size: 0.2
2025-07-15 02:48:28 | INFO     |    seq_len: 96
2025-07-15 02:48:28 | INFO     |    enc_in: 26
2025-07-15 02:48:28 | INFO     |    d_model: 512
2025-07-15 02:48:28 | INFO     |    n_heads: 8
2025-07-15 02:48:28 | INFO     |    e_layers: 2
2025-07-15 02:48:28 | INFO     |    d_layers: 1
2025-07-15 02:48:28 | INFO     |    d_ff: 2048
2025-07-15 02:48:28 | INFO     |    moving_avg: 25
2025-07-15 02:48:28 | INFO     |    factor: 1
2025-07-15 02:48:28 | INFO     |    distil: True
2025-07-15 02:48:28 | INFO     |    dropout: 0.1
2025-07-15 02:48:28 | INFO     |    embed: timeF
2025-07-15 02:48:28 | INFO     |    activation: gelu
2025-07-15 02:48:28 | INFO     |    use_norm: 1
2025-07-15 02:48:28 | INFO     |    gaf_method: summation
2025-07-15 02:48:28 | INFO     |    feature_dim: 128
2025-07-15 02:48:28 | INFO     |    data_type_method: uint8
2025-07-15 02:48:28 | INFO     |    use_attention: True
2025-07-15 02:48:28 | INFO     |    hidden_dim: 64
2025-07-15 02:48:28 | INFO     |    sample_size: 1000
2025-07-15 02:48:28 | INFO     |    channel_groups: None
2025-07-15 02:48:28 | INFO     |    hvac_groups: None
2025-07-15 02:48:28 | INFO     |    extractor_type: dilated
2025-07-15 02:48:28 | INFO     |    fusion_type: adaptive
2025-07-15 02:48:28 | INFO     |    attention_type: none
2025-07-15 02:48:28 | INFO     |    classifier_type: mlp
2025-07-15 02:48:28 | INFO     |    use_statistical_features: True
2025-07-15 02:48:28 | INFO     |    stat_type: basic
2025-07-15 02:48:28 | INFO     |    multimodal_fusion_strategy: concat
2025-07-15 02:48:28 | INFO     |    use_signal_level_stats: False
2025-07-15 02:48:28 | INFO     |    signal_stat_type: comprehensive
2025-07-15 02:48:28 | INFO     |    signal_stat_fusion_strategy: concat_project
2025-07-15 02:48:28 | INFO     |    signal_stat_feature_dim: 32
2025-07-15 02:48:28 | INFO     |    use_diff_branch: True
2025-07-15 02:48:28 | INFO     |    ablation_mode: no_attention
2025-07-15 02:48:28 | INFO     |    backbone_type: resnet18
2025-07-15 02:48:28 | INFO     |    use_sum_branch: True
2025-07-15 02:48:28 | INFO     |    num_workers: 0
2025-07-15 02:48:28 | INFO     |    cuda_debug: False
2025-07-15 02:48:28 | INFO     |    gpu_memory_fraction: 0.9
2025-07-15 02:48:28 | INFO     |    safe_mode: True
2025-07-15 02:48:28 | INFO     |    drop_last_batch: True
2025-07-15 02:48:28 | INFO     |    itr: 1
2025-07-15 02:48:28 | INFO     |    train_epochs: 300
2025-07-15 02:48:28 | INFO     |    batch_size: 4
2025-07-15 02:48:28 | INFO     |    patience: 15
2025-07-15 02:48:28 | INFO     |    learning_rate: 0.001
2025-07-15 02:48:28 | INFO     |    des: dilated_enhanced
2025-07-15 02:48:28 | INFO     |    loss: MSE
2025-07-15 02:48:28 | INFO     |    lradj: type1
2025-07-15 02:48:28 | INFO     |    lr_scheduler_type: f1_based
2025-07-15 02:48:28 | INFO     |    lr_loss_weight: 0.3
2025-07-15 02:48:28 | INFO     |    lr_f1_weight: 0.7
2025-07-15 02:48:28 | INFO     |    use_amp: False
2025-07-15 02:48:28 | INFO     |    gradient_accumulation_steps: 2
2025-07-15 02:48:28 | INFO     |    enable_auto_gradient_accumulation: True
2025-07-15 02:48:28 | INFO     |    loss_type: ce
2025-07-15 02:48:28 | INFO     |    label_smoothing: 0.1
2025-07-15 02:48:28 | INFO     |    focal_alpha: 1.0
2025-07-15 02:48:28 | INFO     |    focal_gamma: 2.0
2025-07-15 02:48:28 | INFO     |    confidence_penalty_beta: 0.1
2025-07-15 02:48:28 | INFO     |    use_timm_loss: True
2025-07-15 02:48:28 | INFO     |    adaptive_initial_smoothing: 0.2
2025-07-15 02:48:28 | INFO     |    adaptive_final_smoothing: 0.05
2025-07-15 02:48:28 | INFO     |    adaptive_decay_epochs: 30
2025-07-15 02:48:28 | INFO     |    enable_class_weights: False
2025-07-15 02:48:28 | INFO     |    class_weights: None
2025-07-15 02:48:28 | INFO     |    loss_preset: None
2025-07-15 02:48:28 | INFO     |    n_jobs: 8
2025-07-15 02:48:28 | INFO     |    use_multiprocessing: True
2025-07-15 02:48:28 | INFO     |    chunk_size: 800
2025-07-15 02:48:28 | INFO     |    disable_parallel: False
2025-07-15 02:48:28 | INFO     |    use_shared_memory: True
2025-07-15 02:48:28 | INFO     |    disable_shared_memory: False
2025-07-15 02:48:28 | INFO     |    use_gpu: True
2025-07-15 02:48:28 | INFO     |    gpu: 0
2025-07-15 02:48:28 | INFO     |    gpu_type: cuda
2025-07-15 02:48:28 | INFO     |    use_multi_gpu: False
2025-07-15 02:48:28 | INFO     |    devices: 0,1,2,3
2025-07-15 02:48:28 | INFO     |    device: cuda:0
2025-07-15 02:48:28 | INFO     |    feature_columns: ['SF_SPD', 'CHWC_VLV_DM', 'ZONE_TEMP_4', 'SA_SPSPT', 'ZONE_TEMP_2', 'RF_WAT', 'ZONE_TEMP_3', 'MA_TEMP', 'RF_CS', 'RA_DMPR', 'CHWC_VLV', 'OA_DMPR_DM', 'OA_TEMP', 'RF_SPD', 'ZONE_TEMP_1', 'SA_CFM', 'OA_DMPR', 'RA_DMPR_DM', 'RA_CFM', 'OA_CFM', 'SF_CS', 'SF_WAT', 'SA_TEMP', 'RA_TEMP', 'SA_SP', 'ZONE_TEMP_5']
2025-07-15 02:48:28 | INFO     | 🏗️ 模型信息:
2025-07-15 02:48:28 | INFO     |    模型类型: Model
2025-07-15 02:48:28 | INFO     |    总参数数量: 8,288,009
2025-07-15 02:48:28 | INFO     |    可训练参数: 8,288,009
2025-07-15 02:48:28 | INFO     |    模型大小估计: 31.62 MB
2025-07-15 02:48:28 | INFO     | 📊 数据集信息:
2025-07-15 02:48:28 | INFO     |    训练集大小: 2181
2025-07-15 02:48:28 | INFO     |    验证集大小: 546
2025-07-15 02:48:28 | INFO     | 
================================================================================
2025-07-15 02:48:28 | INFO     | 📋 损失函数使用策略（遵循主流机器学习规范）:
2025-07-15 02:48:28 | INFO     |    🎯 训练阶段: 使用 ce 损失函数
2025-07-15 02:48:28 | INFO     |       → 目的：优化模型参数，解决特定问题（类别不平衡、相似性等）
2025-07-15 02:48:28 | INFO     |    📊 验证阶段: 使用标准交叉熵损失函数
2025-07-15 02:48:28 | INFO     |       → 目的：客观评估模型性能，便于不同方法比较
2025-07-15 02:48:28 | INFO     |    📈 最终报告: 基于标准交叉熵损失的指标
2025-07-15 02:48:28 | INFO     |       → 目的：提供可信、可比较的性能指标
2025-07-15 02:48:28 | INFO     | ================================================================================

2025-07-15 02:48:28 | INFO     | 🔄 梯度累积配置: 每2轮累积一次梯度
2025-07-15 02:48:28 | INFO     |    实际batch_size: 4
2025-07-15 02:48:28 | INFO     |    有效batch_size: 8
2025-07-15 02:48:57 | INFO     | Epoch 1:
2025-07-15 02:48:57 | INFO     |   训练指标:
2025-07-15 02:48:57 | INFO     |     损失(ce): 0.925111
2025-07-15 02:48:57 | INFO     |     准确率: 0.659174
2025-07-15 02:48:57 | INFO     |     学习率: 0.00100000
2025-07-15 02:48:57 | INFO     |   验证指标(标准CE):
2025-07-15 02:48:57 | INFO     |     损失: 0.575597
2025-07-15 02:48:57 | INFO     |     准确率: 0.822344
2025-07-15 02:48:57 | INFO     |     F1(macro): 0.793512
2025-07-15 02:48:57 | INFO     |     F1(weighted): 0.785332
2025-07-15 02:48:57 | INFO     |     精确率: 0.777946
2025-07-15 02:48:57 | INFO     |     召回率: 0.840195
2025-07-15 02:48:57 | INFO     |   学习率调度器: f1_based
2025-07-15 02:48:57 | INFO     | ------------------------------------------------------------
2025-07-15 02:48:57 | INFO     | Epoch   1 | Train: Loss=0.9251, Acc=0.6592 | Val: Loss=0.5756, Acc=0.8223, F1=0.7853 | LR=0.001000 🏆 [最佳模型]
2025-07-15 02:49:27 | INFO     | Epoch 2:
2025-07-15 02:49:27 | INFO     |   训练指标:
2025-07-15 02:49:27 | INFO     |     损失(ce): 0.398743
2025-07-15 02:49:27 | INFO     |     准确率: 0.823394
2025-07-15 02:49:27 | INFO     |     学习率: 0.00100000
2025-07-15 02:49:27 | INFO     |   验证指标(标准CE):
2025-07-15 02:49:27 | INFO     |     损失: 0.479741
2025-07-15 02:49:27 | INFO     |     准确率: 0.824176
2025-07-15 02:49:27 | INFO     |     F1(macro): 0.798745
2025-07-15 02:49:27 | INFO     |     F1(weighted): 0.789776
2025-07-15 02:49:27 | INFO     |     精确率: 0.781768
2025-07-15 02:49:27 | INFO     |     召回率: 0.833552
2025-07-15 02:49:27 | INFO     |   学习率调度器: f1_based
2025-07-15 02:49:27 | INFO     | ------------------------------------------------------------
2025-07-15 02:49:27 | INFO     | Epoch   2 | Train: Loss=0.3987, Acc=0.8234 | Val: Loss=0.4797, Acc=0.8242, F1=0.7898 | LR=0.001000 🏆 [最佳模型]
2025-07-15 02:49:56 | INFO     | Epoch 3:
2025-07-15 02:49:56 | INFO     |   训练指标:
2025-07-15 02:49:56 | INFO     |     损失(ce): 0.343617
2025-07-15 02:49:56 | INFO     |     准确率: 0.850000
2025-07-15 02:49:56 | INFO     |     学习率: 0.00100000
2025-07-15 02:49:56 | INFO     |   验证指标(标准CE):
2025-07-15 02:49:56 | INFO     |     损失: 0.431213
2025-07-15 02:49:56 | INFO     |     准确率: 0.840659
2025-07-15 02:49:56 | INFO     |     F1(macro): 0.813249
2025-07-15 02:49:56 | INFO     |     F1(weighted): 0.818146
2025-07-15 02:49:56 | INFO     |     精确率: 0.823518
2025-07-15 02:49:56 | INFO     |     召回率: 0.830291
2025-07-15 02:49:56 | INFO     |   学习率调度器: f1_based
2025-07-15 02:49:56 | INFO     | ------------------------------------------------------------
2025-07-15 02:49:56 | INFO     | Epoch   3 | Train: Loss=0.3436, Acc=0.8500 | Val: Loss=0.4312, Acc=0.8407, F1=0.8181 | LR=0.001000 🏆 [最佳模型]
2025-07-15 02:50:26 | INFO     | Epoch 4:
2025-07-15 02:50:26 | INFO     |   训练指标:
2025-07-15 02:50:26 | INFO     |     损失(ce): 0.347544
2025-07-15 02:50:26 | INFO     |     准确率: 0.855963
2025-07-15 02:50:26 | INFO     |     学习率: 0.00100000
2025-07-15 02:50:26 | INFO     |   验证指标(标准CE):
2025-07-15 02:50:26 | INFO     |     损失: 0.359718
2025-07-15 02:50:26 | INFO     |     准确率: 0.857143
2025-07-15 02:50:26 | INFO     |     F1(macro): 0.835311
2025-07-15 02:50:26 | INFO     |     F1(weighted): 0.841529
2025-07-15 02:50:26 | INFO     |     精确率: 0.839003
2025-07-15 02:50:26 | INFO     |     召回率: 0.853597
2025-07-15 02:50:26 | INFO     |   学习率调度器: f1_based
2025-07-15 02:50:26 | INFO     | ------------------------------------------------------------
2025-07-15 02:50:26 | INFO     | Epoch   4 | Train: Loss=0.3475, Acc=0.8560 | Val: Loss=0.3597, Acc=0.8571, F1=0.8415 | LR=0.001000 🏆 [最佳模型]
2025-07-15 02:50:55 | INFO     | Epoch 5:
2025-07-15 02:50:55 | INFO     |   训练指标:
2025-07-15 02:50:55 | INFO     |     损失(ce): 0.300340
2025-07-15 02:50:55 | INFO     |     准确率: 0.861927
2025-07-15 02:50:55 | INFO     |     学习率: 0.00100000
2025-07-15 02:50:55 | INFO     |   验证指标(标准CE):
2025-07-15 02:50:55 | INFO     |     损失: 0.241135
2025-07-15 02:50:55 | INFO     |     准确率: 0.860806
2025-07-15 02:50:55 | INFO     |     F1(macro): 0.836415
2025-07-15 02:50:55 | INFO     |     F1(weighted): 0.825053
2025-07-15 02:50:55 | INFO     |     精确率: 0.823065
2025-07-15 02:50:55 | INFO     |     召回率: 0.876188
2025-07-15 02:50:55 | INFO     |   学习率调度器: f1_based
2025-07-15 02:50:55 | INFO     | ------------------------------------------------------------
2025-07-15 02:50:55 | INFO     | Epoch   5 | Train: Loss=0.3003, Acc=0.8619 | Val: Loss=0.2411, Acc=0.8608, F1=0.8251 | LR=0.001000 
2025-07-15 02:51:24 | INFO     | Epoch 6:
2025-07-15 02:51:24 | INFO     |   训练指标:
2025-07-15 02:51:24 | INFO     |     损失(ce): 0.292121
2025-07-15 02:51:24 | INFO     |     准确率: 0.867890
2025-07-15 02:51:24 | INFO     |     学习率: 0.00100000
2025-07-15 02:51:24 | INFO     |   验证指标(标准CE):
2025-07-15 02:51:24 | INFO     |     损失: 0.245562
2025-07-15 02:51:24 | INFO     |     准确率: 0.880952
2025-07-15 02:51:24 | INFO     |     F1(macro): 0.854015
2025-07-15 02:51:24 | INFO     |     F1(weighted): 0.858714
2025-07-15 02:51:24 | INFO     |     精确率: 0.854246
2025-07-15 02:51:24 | INFO     |     召回率: 0.871875
2025-07-15 02:51:24 | INFO     |   学习率调度器: f1_based
2025-07-15 02:51:24 | INFO     | ------------------------------------------------------------
2025-07-15 02:51:24 | INFO     | Epoch   6 | Train: Loss=0.2921, Acc=0.8679 | Val: Loss=0.2456, Acc=0.8810, F1=0.8587 | LR=0.001000 🏆 [最佳模型]
2025-07-15 02:51:54 | INFO     | Epoch 7:
2025-07-15 02:51:54 | INFO     |   训练指标:
2025-07-15 02:51:54 | INFO     |     损失(ce): 0.366980
2025-07-15 02:51:54 | INFO     |     准确率: 0.845413
2025-07-15 02:51:54 | INFO     |     学习率: 0.00100000
2025-07-15 02:51:54 | INFO     |   验证指标(标准CE):
2025-07-15 02:51:54 | INFO     |     损失: 0.251822
2025-07-15 02:51:54 | INFO     |     准确率: 0.882784
2025-07-15 02:51:54 | INFO     |     F1(macro): 0.844099
2025-07-15 02:51:54 | INFO     |     F1(weighted): 0.850309
2025-07-15 02:51:54 | INFO     |     精确率: 0.832316
2025-07-15 02:51:54 | INFO     |     召回率: 0.872085
2025-07-15 02:51:54 | INFO     |   学习率调度器: f1_based
2025-07-15 02:51:54 | INFO     | ------------------------------------------------------------
2025-07-15 02:51:54 | INFO     | Epoch   7 | Train: Loss=0.3670, Acc=0.8454 | Val: Loss=0.2518, Acc=0.8828, F1=0.8503 | LR=0.001000 
2025-07-15 02:52:22 | INFO     | Epoch 8:
2025-07-15 02:52:22 | INFO     |   训练指标:
2025-07-15 02:52:22 | INFO     |     损失(ce): 0.343790
2025-07-15 02:52:22 | INFO     |     准确率: 0.871101
2025-07-15 02:52:22 | INFO     |     学习率: 0.00100000
2025-07-15 02:52:22 | INFO     |   验证指标(标准CE):
2025-07-15 02:52:22 | INFO     |     损失: 0.224575
2025-07-15 02:52:22 | INFO     |     准确率: 0.860806
2025-07-15 02:52:22 | INFO     |     F1(macro): 0.834126
2025-07-15 02:52:22 | INFO     |     F1(weighted): 0.822104
2025-07-15 02:52:22 | INFO     |     精确率: 0.812236
2025-07-15 02:52:22 | INFO     |     召回率: 0.876718
2025-07-15 02:52:22 | INFO     |   学习率调度器: f1_based
2025-07-15 02:52:22 | INFO     | ------------------------------------------------------------
2025-07-15 02:52:22 | INFO     | Epoch   8 | Train: Loss=0.3438, Acc=0.8711 | Val: Loss=0.2246, Acc=0.8608, F1=0.8221 | LR=0.001000 
2025-07-15 02:52:52 | INFO     | Epoch 9:
2025-07-15 02:52:52 | INFO     |   训练指标:
2025-07-15 02:52:52 | INFO     |     损失(ce): 0.323958
2025-07-15 02:52:52 | INFO     |     准确率: 0.872018
2025-07-15 02:52:52 | INFO     |     学习率: 0.00100000
2025-07-15 02:52:52 | INFO     |   验证指标(标准CE):
2025-07-15 02:52:52 | INFO     |     损失: 0.195412
2025-07-15 02:52:52 | INFO     |     准确率: 0.893773
2025-07-15 02:52:52 | INFO     |     F1(macro): 0.852071
2025-07-15 02:52:52 | INFO     |     F1(weighted): 0.860803
2025-07-15 02:52:52 | INFO     |     精确率: 0.854083
2025-07-15 02:52:52 | INFO     |     召回率: 0.882714
2025-07-15 02:52:52 | INFO     |   学习率调度器: f1_based
2025-07-15 02:52:52 | INFO     | ------------------------------------------------------------
2025-07-15 02:52:52 | INFO     | Epoch   9 | Train: Loss=0.3240, Acc=0.8720 | Val: Loss=0.1954, Acc=0.8938, F1=0.8608 | LR=0.001000 🏆 [最佳模型]
2025-07-15 02:53:21 | INFO     | Epoch 10:
2025-07-15 02:53:21 | INFO     |   训练指标:
2025-07-15 02:53:21 | INFO     |     损失(ce): 0.260834
2025-07-15 02:53:21 | INFO     |     准确率: 0.871101
2025-07-15 02:53:21 | INFO     |     学习率: 0.00100000
2025-07-15 02:53:21 | INFO     |   验证指标(标准CE):
2025-07-15 02:53:21 | INFO     |     损失: 0.222137
2025-07-15 02:53:21 | INFO     |     准确率: 0.906593
2025-07-15 02:53:21 | INFO     |     F1(macro): 0.883200
2025-07-15 02:53:21 | INFO     |     F1(weighted): 0.888636
2025-07-15 02:53:21 | INFO     |     精确率: 0.922656
2025-07-15 02:53:21 | INFO     |     召回率: 0.895253
2025-07-15 02:53:21 | INFO     |   学习率调度器: f1_based
2025-07-15 02:53:21 | INFO     | ------------------------------------------------------------
2025-07-15 02:53:21 | INFO     | Epoch  10 | Train: Loss=0.2608, Acc=0.8711 | Val: Loss=0.2221, Acc=0.9066, F1=0.8886 | LR=0.001000 🏆 [最佳模型]
2025-07-15 02:53:50 | INFO     | Epoch 11:
2025-07-15 02:53:50 | INFO     |   训练指标:
2025-07-15 02:53:50 | INFO     |     损失(ce): 0.299325
2025-07-15 02:53:50 | INFO     |     准确率: 0.858257
2025-07-15 02:53:50 | INFO     |     学习率: 0.00100000
2025-07-15 02:53:50 | INFO     |   验证指标(标准CE):
2025-07-15 02:53:50 | INFO     |     损失: 0.412371
2025-07-15 02:53:50 | INFO     |     准确率: 0.871795
2025-07-15 02:53:50 | INFO     |     F1(macro): 0.859543
2025-07-15 02:53:50 | INFO     |     F1(weighted): 0.858729
2025-07-15 02:53:50 | INFO     |     精确率: 0.892292
2025-07-15 02:53:50 | INFO     |     召回率: 0.866561
2025-07-15 02:53:50 | INFO     |   学习率调度器: f1_based
2025-07-15 02:53:50 | INFO     | ------------------------------------------------------------
2025-07-15 02:53:50 | INFO     | Epoch  11 | Train: Loss=0.2993, Acc=0.8583 | Val: Loss=0.4124, Acc=0.8718, F1=0.8587 | LR=0.001000 
2025-07-15 02:54:19 | INFO     | Epoch 12:
2025-07-15 02:54:19 | INFO     |   训练指标:
2025-07-15 02:54:19 | INFO     |     损失(ce): 0.278339
2025-07-15 02:54:19 | INFO     |     准确率: 0.874312
2025-07-15 02:54:19 | INFO     |     学习率: 0.00100000
2025-07-15 02:54:19 | INFO     |   验证指标(标准CE):
2025-07-15 02:54:19 | INFO     |     损失: 0.222408
2025-07-15 02:54:19 | INFO     |     准确率: 0.888278
2025-07-15 02:54:19 | INFO     |     F1(macro): 0.847065
2025-07-15 02:54:19 | INFO     |     F1(weighted): 0.855602
2025-07-15 02:54:19 | INFO     |     精确率: 0.877352
2025-07-15 02:54:19 | INFO     |     召回率: 0.877317
2025-07-15 02:54:19 | INFO     |   学习率调度器: f1_based
2025-07-15 02:54:19 | INFO     | ------------------------------------------------------------
2025-07-15 02:54:19 | INFO     | Epoch  12 | Train: Loss=0.2783, Acc=0.8743 | Val: Loss=0.2224, Acc=0.8883, F1=0.8556 | LR=0.001000 
2025-07-15 02:54:48 | INFO     | Epoch 13:
2025-07-15 02:54:48 | INFO     |   训练指标:
2025-07-15 02:54:48 | INFO     |     损失(ce): 0.321236
2025-07-15 02:54:48 | INFO     |     准确率: 0.861468
2025-07-15 02:54:48 | INFO     |     学习率: 0.00100000
2025-07-15 02:54:48 | INFO     |   验证指标(标准CE):
2025-07-15 02:54:48 | INFO     |     损失: 0.232962
2025-07-15 02:54:48 | INFO     |     准确率: 0.895604
2025-07-15 02:54:48 | INFO     |     F1(macro): 0.849977
2025-07-15 02:54:48 | INFO     |     F1(weighted): 0.858486
2025-07-15 02:54:48 | INFO     |     精确率: 0.829054
2025-07-15 02:54:48 | INFO     |     召回率: 0.883785
2025-07-15 02:54:48 | INFO     |   学习率调度器: f1_based
2025-07-15 02:54:48 | INFO     | ------------------------------------------------------------
2025-07-15 02:54:48 | INFO     | Epoch  13 | Train: Loss=0.3212, Acc=0.8615 | Val: Loss=0.2330, Acc=0.8956, F1=0.8585 | LR=0.001000 
2025-07-15 02:55:17 | INFO     | Epoch 14:
2025-07-15 02:55:17 | INFO     |   训练指标:
2025-07-15 02:55:17 | INFO     |     损失(ce): 0.281668
2025-07-15 02:55:17 | INFO     |     准确率: 0.890826
2025-07-15 02:55:17 | INFO     |     学习率: 0.00100000
2025-07-15 02:55:17 | INFO     |   验证指标(标准CE):
2025-07-15 02:55:17 | INFO     |     损失: 0.212107
2025-07-15 02:55:17 | INFO     |     准确率: 0.915751
2025-07-15 02:55:17 | INFO     |     F1(macro): 0.914080
2025-07-15 02:55:17 | INFO     |     F1(weighted): 0.911654
2025-07-15 02:55:17 | INFO     |     精确率: 0.940747
2025-07-15 02:55:17 | INFO     |     召回率: 0.925113
2025-07-15 02:55:17 | INFO     |   学习率调度器: f1_based
2025-07-15 02:55:17 | INFO     | ------------------------------------------------------------
2025-07-15 02:55:17 | INFO     | Epoch  14 | Train: Loss=0.2817, Acc=0.8908 | Val: Loss=0.2121, Acc=0.9158, F1=0.9117 | LR=0.001000 🏆 [最佳模型]
2025-07-15 02:55:47 | INFO     | Epoch 15:
2025-07-15 02:55:47 | INFO     |   训练指标:
2025-07-15 02:55:47 | INFO     |     损失(ce): 0.268102
2025-07-15 02:55:47 | INFO     |     准确率: 0.884862
2025-07-15 02:55:47 | INFO     |     学习率: 0.00100000
2025-07-15 02:55:47 | INFO     |   验证指标(标准CE):
2025-07-15 02:55:47 | INFO     |     损失: 0.152510
2025-07-15 02:55:47 | INFO     |     准确率: 0.917582
2025-07-15 02:55:47 | INFO     |     F1(macro): 0.915341
2025-07-15 02:55:47 | INFO     |     F1(weighted): 0.911050
2025-07-15 02:55:47 | INFO     |     精确率: 0.945484
2025-07-15 02:55:47 | INFO     |     召回率: 0.928101
2025-07-15 02:55:47 | INFO     |   学习率调度器: f1_based
2025-07-15 02:55:47 | INFO     | ------------------------------------------------------------
2025-07-15 02:55:47 | INFO     | Epoch  15 | Train: Loss=0.2681, Acc=0.8849 | Val: Loss=0.1525, Acc=0.9176, F1=0.9110 | LR=0.001000 
2025-07-15 02:56:16 | INFO     | Epoch 16:
2025-07-15 02:56:16 | INFO     |   训练指标:
2025-07-15 02:56:16 | INFO     |     损失(ce): 0.256053
2025-07-15 02:56:16 | INFO     |     准确率: 0.896789
2025-07-15 02:56:16 | INFO     |     学习率: 0.00100000
2025-07-15 02:56:16 | INFO     |   验证指标(标准CE):
2025-07-15 02:56:16 | INFO     |     损失: 0.176176
2025-07-15 02:56:16 | INFO     |     准确率: 0.897436
2025-07-15 02:56:16 | INFO     |     F1(macro): 0.893252
2025-07-15 02:56:16 | INFO     |     F1(weighted): 0.889579
2025-07-15 02:56:16 | INFO     |     精确率: 0.938034
2025-07-15 02:56:16 | INFO     |     召回率: 0.905397
2025-07-15 02:56:16 | INFO     |   学习率调度器: f1_based
2025-07-15 02:56:16 | INFO     | ------------------------------------------------------------
2025-07-15 02:56:16 | INFO     | Epoch  16 | Train: Loss=0.2561, Acc=0.8968 | Val: Loss=0.1762, Acc=0.8974, F1=0.8896 | LR=0.001000 
2025-07-15 02:56:45 | INFO     | Epoch 17:
2025-07-15 02:56:45 | INFO     |   训练指标:
2025-07-15 02:56:45 | INFO     |     损失(ce): 0.229486
2025-07-15 02:56:45 | INFO     |     准确率: 0.886239
2025-07-15 02:56:45 | INFO     |     学习率: 0.00100000
2025-07-15 02:56:45 | INFO     |   验证指标(标准CE):
2025-07-15 02:56:45 | INFO     |     损失: 0.164035
2025-07-15 02:56:45 | INFO     |     准确率: 0.913919
2025-07-15 02:56:45 | INFO     |     F1(macro): 0.890146
2025-07-15 02:56:45 | INFO     |     F1(weighted): 0.894512
2025-07-15 02:56:45 | INFO     |     精确率: 0.952879
2025-07-15 02:56:45 | INFO     |     召回率: 0.904233
2025-07-15 02:56:45 | INFO     |   学习率调度器: f1_based
2025-07-15 02:56:45 | INFO     | ------------------------------------------------------------
2025-07-15 02:56:45 | INFO     | Epoch  17 | Train: Loss=0.2295, Acc=0.8862 | Val: Loss=0.1640, Acc=0.9139, F1=0.8945 | LR=0.001000 
2025-07-15 02:57:14 | INFO     | Epoch 18:
2025-07-15 02:57:14 | INFO     |   训练指标:
2025-07-15 02:57:14 | INFO     |     损失(ce): 0.211990
2025-07-15 02:57:14 | INFO     |     准确率: 0.905505
2025-07-15 02:57:14 | INFO     |     学习率: 0.00100000
2025-07-15 02:57:14 | INFO     |   验证指标(标准CE):
2025-07-15 02:57:14 | INFO     |     损失: 0.159933
2025-07-15 02:57:14 | INFO     |     准确率: 0.897436
2025-07-15 02:57:14 | INFO     |     F1(macro): 0.891142
2025-07-15 02:57:14 | INFO     |     F1(weighted): 0.885272
2025-07-15 02:57:14 | INFO     |     精确率: 0.937243
2025-07-15 02:57:14 | INFO     |     召回率: 0.909371
2025-07-15 02:57:14 | INFO     |   学习率调度器: f1_based
2025-07-15 02:57:14 | INFO     | ------------------------------------------------------------
2025-07-15 02:57:14 | INFO     | Epoch  18 | Train: Loss=0.2120, Acc=0.9055 | Val: Loss=0.1599, Acc=0.8974, F1=0.8853 | LR=0.001000 
2025-07-15 02:57:43 | INFO     | Epoch 19:
2025-07-15 02:57:43 | INFO     |   训练指标:
2025-07-15 02:57:43 | INFO     |     损失(ce): 0.266062
2025-07-15 02:57:43 | INFO     |     准确率: 0.896330
2025-07-15 02:57:43 | INFO     |     学习率: 0.00100000
2025-07-15 02:57:43 | INFO     |   验证指标(标准CE):
2025-07-15 02:57:43 | INFO     |     损失: 0.174061
2025-07-15 02:57:43 | INFO     |     准确率: 0.924908
2025-07-15 02:57:43 | INFO     |     F1(macro): 0.909624
2025-07-15 02:57:43 | INFO     |     F1(weighted): 0.913697
2025-07-15 02:57:43 | INFO     |     精确率: 0.945560
2025-07-15 02:57:43 | INFO     |     召回率: 0.915614
2025-07-15 02:57:43 | INFO     |   学习率调度器: f1_based
2025-07-15 02:57:43 | INFO     | ------------------------------------------------------------
2025-07-15 02:57:43 | INFO     | Epoch  19 | Train: Loss=0.2661, Acc=0.8963 | Val: Loss=0.1741, Acc=0.9249, F1=0.9137 | LR=0.001000 🏆 [最佳模型]
2025-07-15 02:58:12 | INFO     | Epoch 20:
2025-07-15 02:58:12 | INFO     |   训练指标:
2025-07-15 02:58:12 | INFO     |     损失(ce): 0.190922
2025-07-15 02:58:12 | INFO     |     准确率: 0.907339
2025-07-15 02:58:12 | INFO     |     学习率: 0.00100000
2025-07-15 02:58:12 | INFO     |   验证指标(标准CE):
2025-07-15 02:58:12 | INFO     |     损失: 0.115164
2025-07-15 02:58:12 | INFO     |     准确率: 0.945055
2025-07-15 02:58:12 | INFO     |     F1(macro): 0.946181
2025-07-15 02:58:12 | INFO     |     F1(weighted): 0.944769
2025-07-15 02:58:12 | INFO     |     精确率: 0.951351
2025-07-15 02:58:12 | INFO     |     召回率: 0.950029
2025-07-15 02:58:12 | INFO     |   学习率调度器: f1_based
2025-07-15 02:58:12 | INFO     | ------------------------------------------------------------
2025-07-15 02:58:12 | INFO     | Epoch  20 | Train: Loss=0.1909, Acc=0.9073 | Val: Loss=0.1152, Acc=0.9451, F1=0.9448 | LR=0.001000 🏆 [最佳模型]
2025-07-15 02:58:42 | INFO     | Epoch 21:
2025-07-15 02:58:42 | INFO     |   训练指标:
2025-07-15 02:58:42 | INFO     |     损失(ce): 0.249350
2025-07-15 02:58:42 | INFO     |     准确率: 0.913303
2025-07-15 02:58:42 | INFO     |     学习率: 0.00100000
2025-07-15 02:58:42 | INFO     |   验证指标(标准CE):
2025-07-15 02:58:42 | INFO     |     损失: 0.110771
2025-07-15 02:58:42 | INFO     |     准确率: 0.946886
2025-07-15 02:58:42 | INFO     |     F1(macro): 0.947906
2025-07-15 02:58:42 | INFO     |     F1(weighted): 0.947612
2025-07-15 02:58:42 | INFO     |     精确率: 0.954416
2025-07-15 02:58:42 | INFO     |     召回率: 0.950182
2025-07-15 02:58:42 | INFO     |   学习率调度器: f1_based
2025-07-15 02:58:42 | INFO     | ------------------------------------------------------------
2025-07-15 02:58:42 | INFO     | Epoch  21 | Train: Loss=0.2493, Acc=0.9133 | Val: Loss=0.1108, Acc=0.9469, F1=0.9476 | LR=0.001000 🏆 [最佳模型]
2025-07-15 02:59:11 | INFO     | Epoch 22:
2025-07-15 02:59:11 | INFO     |   训练指标:
2025-07-15 02:59:11 | INFO     |     损失(ce): 0.195797
2025-07-15 02:59:11 | INFO     |     准确率: 0.915138
2025-07-15 02:59:11 | INFO     |     学习率: 0.00100000
2025-07-15 02:59:11 | INFO     |   验证指标(标准CE):
2025-07-15 02:59:11 | INFO     |     损失: 0.102423
2025-07-15 02:59:11 | INFO     |     准确率: 0.954212
2025-07-15 02:59:11 | INFO     |     F1(macro): 0.955317
2025-07-15 02:59:11 | INFO     |     F1(weighted): 0.953667
2025-07-15 02:59:11 | INFO     |     精确率: 0.958326
2025-07-15 02:59:11 | INFO     |     召回率: 0.958907
2025-07-15 02:59:11 | INFO     |   学习率调度器: f1_based
2025-07-15 02:59:11 | INFO     | ------------------------------------------------------------
2025-07-15 02:59:11 | INFO     | Epoch  22 | Train: Loss=0.1958, Acc=0.9151 | Val: Loss=0.1024, Acc=0.9542, F1=0.9537 | LR=0.001000 🏆 [最佳模型]
2025-07-15 02:59:40 | INFO     | Epoch 23:
2025-07-15 02:59:40 | INFO     |   训练指标:
2025-07-15 02:59:40 | INFO     |     损失(ce): 0.194027
2025-07-15 02:59:40 | INFO     |     准确率: 0.914220
2025-07-15 02:59:40 | INFO     |     学习率: 0.00100000
2025-07-15 02:59:40 | INFO     |   验证指标(标准CE):
2025-07-15 02:59:40 | INFO     |     损失: 0.185649
2025-07-15 02:59:40 | INFO     |     准确率: 0.901099
2025-07-15 02:59:40 | INFO     |     F1(macro): 0.857443
2025-07-15 02:59:40 | INFO     |     F1(weighted): 0.864984
2025-07-15 02:59:40 | INFO     |     精确率: 0.839160
2025-07-15 02:59:40 | INFO     |     召回率: 0.888889
2025-07-15 02:59:40 | INFO     |   学习率调度器: f1_based
2025-07-15 02:59:40 | INFO     | ------------------------------------------------------------
2025-07-15 02:59:40 | INFO     | Epoch  23 | Train: Loss=0.1940, Acc=0.9142 | Val: Loss=0.1856, Acc=0.9011, F1=0.8650 | LR=0.001000 
2025-07-15 03:00:09 | INFO     | Epoch 24:
2025-07-15 03:00:09 | INFO     |   训练指标:
2025-07-15 03:00:09 | INFO     |     损失(ce): 0.143833
2025-07-15 03:00:09 | INFO     |     准确率: 0.925229
2025-07-15 03:00:09 | INFO     |     学习率: 0.00100000
2025-07-15 03:00:09 | INFO     |   验证指标(标准CE):
2025-07-15 03:00:09 | INFO     |     损失: 0.087334
2025-07-15 03:00:09 | INFO     |     准确率: 0.943223
2025-07-15 03:00:09 | INFO     |     F1(macro): 0.935124
2025-07-15 03:00:09 | INFO     |     F1(weighted): 0.936941
2025-07-15 03:00:09 | INFO     |     精确率: 0.965897
2025-07-15 03:00:09 | INFO     |     召回率: 0.936214
2025-07-15 03:00:09 | INFO     |   学习率调度器: f1_based
2025-07-15 03:00:09 | INFO     | ------------------------------------------------------------
2025-07-15 03:00:09 | INFO     | Epoch  24 | Train: Loss=0.1438, Acc=0.9252 | Val: Loss=0.0873, Acc=0.9432, F1=0.9369 | LR=0.001000 
2025-07-15 03:00:38 | INFO     | Epoch 25:
2025-07-15 03:00:38 | INFO     |   训练指标:
2025-07-15 03:00:38 | INFO     |     损失(ce): 0.177491
2025-07-15 03:00:38 | INFO     |     准确率: 0.917431
2025-07-15 03:00:38 | INFO     |     学习率: 0.00100000
2025-07-15 03:00:38 | INFO     |   验证指标(标准CE):
2025-07-15 03:00:38 | INFO     |     损失: 0.175879
2025-07-15 03:00:38 | INFO     |     准确率: 0.926740
2025-07-15 03:00:38 | INFO     |     F1(macro): 0.926498
2025-07-15 03:00:38 | INFO     |     F1(weighted): 0.924269
2025-07-15 03:00:38 | INFO     |     精确率: 0.946359
2025-07-15 03:00:38 | INFO     |     召回率: 0.932863
2025-07-15 03:00:38 | INFO     |   学习率调度器: f1_based
2025-07-15 03:00:38 | INFO     | ------------------------------------------------------------
2025-07-15 03:00:38 | INFO     | Epoch  25 | Train: Loss=0.1775, Acc=0.9174 | Val: Loss=0.1759, Acc=0.9267, F1=0.9243 | LR=0.001000 
2025-07-15 03:01:07 | INFO     | Epoch 26:
2025-07-15 03:01:07 | INFO     |   训练指标:
2025-07-15 03:01:07 | INFO     |     损失(ce): 0.223955
2025-07-15 03:01:07 | INFO     |     准确率: 0.914220
2025-07-15 03:01:07 | INFO     |     学习率: 0.00100000
2025-07-15 03:01:07 | INFO     |   验证指标(标准CE):
2025-07-15 03:01:07 | INFO     |     损失: 0.281428
2025-07-15 03:01:07 | INFO     |     准确率: 0.879121
2025-07-15 03:01:07 | INFO     |     F1(macro): 0.867920
2025-07-15 03:01:07 | INFO     |     F1(weighted): 0.862276
2025-07-15 03:01:07 | INFO     |     精确率: 0.921779
2025-07-15 03:01:07 | INFO     |     召回率: 0.891180
2025-07-15 03:01:07 | INFO     |   学习率调度器: f1_based
2025-07-15 03:01:07 | INFO     | ------------------------------------------------------------
2025-07-15 03:01:07 | INFO     | Epoch  26 | Train: Loss=0.2240, Acc=0.9142 | Val: Loss=0.2814, Acc=0.8791, F1=0.8623 | LR=0.001000 
2025-07-15 03:01:36 | INFO     | Epoch 27:
2025-07-15 03:01:36 | INFO     |   训练指标:
2025-07-15 03:01:36 | INFO     |     损失(ce): 0.153207
2025-07-15 03:01:36 | INFO     |     准确率: 0.926147
2025-07-15 03:01:36 | INFO     |     学习率: 0.00100000
2025-07-15 03:01:36 | INFO     |   验证指标(标准CE):
2025-07-15 03:01:36 | INFO     |     损失: 0.074596
2025-07-15 03:01:36 | INFO     |     准确率: 0.945055
2025-07-15 03:01:36 | INFO     |     F1(macro): 0.945079
2025-07-15 03:01:36 | INFO     |     F1(weighted): 0.944924
2025-07-15 03:01:36 | INFO     |     精确率: 0.945394
2025-07-15 03:01:36 | INFO     |     召回率: 0.944856
2025-07-15 03:01:36 | INFO     |   学习率调度器: f1_based
2025-07-15 03:01:36 | INFO     | ------------------------------------------------------------
2025-07-15 03:01:36 | INFO     | Epoch  27 | Train: Loss=0.1532, Acc=0.9261 | Val: Loss=0.0746, Acc=0.9451, F1=0.9449 | LR=0.001000 
2025-07-15 03:02:05 | INFO     | Epoch 28:
2025-07-15 03:02:05 | INFO     |   训练指标:
2025-07-15 03:02:05 | INFO     |     损失(ce): 0.164649
2025-07-15 03:02:05 | INFO     |     准确率: 0.919725
2025-07-15 03:02:05 | INFO     |     学习率: 0.00100000
2025-07-15 03:02:05 | INFO     |   验证指标(标准CE):
2025-07-15 03:02:05 | INFO     |     损失: 0.120000
2025-07-15 03:02:05 | INFO     |     准确率: 0.921245
2025-07-15 03:02:05 | INFO     |     F1(macro): 0.919104
2025-07-15 03:02:05 | INFO     |     F1(weighted): 0.915003
2025-07-15 03:02:05 | INFO     |     精确率: 0.950745
2025-07-15 03:02:05 | INFO     |     召回率: 0.931746
2025-07-15 03:02:05 | INFO     |   学习率调度器: f1_based
2025-07-15 03:02:05 | INFO     | ------------------------------------------------------------
2025-07-15 03:02:05 | INFO     | 🎯 学习率调整事件:
2025-07-15 03:02:05 | INFO     |   调度器类型: f1_based
2025-07-15 03:02:05 | INFO     |   学习率变化: 0.00100000 → 0.00050000
2025-07-15 03:02:05 | INFO     |   触发条件: F1分数 = 0.915003
2025-07-15 03:02:05 | INFO     |   变化幅度: -50.00%
2025-07-15 03:02:05 | INFO     | ------------------------------------------------------------
2025-07-15 03:02:05 | INFO     | Epoch  28 | Train: Loss=0.1646, Acc=0.9197 | Val: Loss=0.1200, Acc=0.9212, F1=0.9150 | LR=0.000500 
2025-07-15 03:02:35 | INFO     | Epoch 29:
2025-07-15 03:02:35 | INFO     |   训练指标:
2025-07-15 03:02:35 | INFO     |     损失(ce): 0.096745
2025-07-15 03:02:35 | INFO     |     准确率: 0.946789
2025-07-15 03:02:35 | INFO     |     学习率: 0.00050000
2025-07-15 03:02:35 | INFO     |   验证指标(标准CE):
2025-07-15 03:02:35 | INFO     |     损失: 0.136096
2025-07-15 03:02:35 | INFO     |     准确率: 0.941392
2025-07-15 03:02:35 | INFO     |     F1(macro): 0.942518
2025-07-15 03:02:35 | INFO     |     F1(weighted): 0.941621
2025-07-15 03:02:35 | INFO     |     精确率: 0.943171
2025-07-15 03:02:35 | INFO     |     召回率: 0.944033
2025-07-15 03:02:35 | INFO     |   学习率调度器: f1_based
2025-07-15 03:02:35 | INFO     | ------------------------------------------------------------
2025-07-15 03:02:35 | INFO     | Epoch  29 | Train: Loss=0.0967, Acc=0.9468 | Val: Loss=0.1361, Acc=0.9414, F1=0.9416 | LR=0.000500 
2025-07-15 03:03:03 | INFO     | Epoch 30:
2025-07-15 03:03:03 | INFO     |   训练指标:
2025-07-15 03:03:03 | INFO     |     损失(ce): 0.092954
2025-07-15 03:03:03 | INFO     |     准确率: 0.949083
2025-07-15 03:03:03 | INFO     |     学习率: 0.00050000
2025-07-15 03:03:03 | INFO     |   验证指标(标准CE):
2025-07-15 03:03:03 | INFO     |     损失: 0.060797
2025-07-15 03:03:03 | INFO     |     准确率: 0.959707
2025-07-15 03:03:03 | INFO     |     F1(macro): 0.960532
2025-07-15 03:03:03 | INFO     |     F1(weighted): 0.959497
2025-07-15 03:03:03 | INFO     |     精确率: 0.966246
2025-07-15 03:03:03 | INFO     |     召回率: 0.964609
2025-07-15 03:03:03 | INFO     |   学习率调度器: f1_based
2025-07-15 03:03:03 | INFO     | ------------------------------------------------------------
2025-07-15 03:03:03 | INFO     | Epoch  30 | Train: Loss=0.0930, Acc=0.9491 | Val: Loss=0.0608, Acc=0.9597, F1=0.9595 | LR=0.000500 🏆 [最佳模型]
2025-07-15 03:03:33 | INFO     | Epoch 31:
2025-07-15 03:03:33 | INFO     |   训练指标:
2025-07-15 03:03:33 | INFO     |     损失(ce): 0.098762
2025-07-15 03:03:33 | INFO     |     准确率: 0.944495
2025-07-15 03:03:33 | INFO     |     学习率: 0.00050000
2025-07-15 03:03:33 | INFO     |   验证指标(标准CE):
2025-07-15 03:03:33 | INFO     |     损失: 0.060540
2025-07-15 03:03:33 | INFO     |     准确率: 0.957875
2025-07-15 03:03:33 | INFO     |     F1(macro): 0.954256
2025-07-15 03:03:33 | INFO     |     F1(weighted): 0.955148
2025-07-15 03:03:33 | INFO     |     精确率: 0.972521
2025-07-15 03:03:33 | INFO     |     召回率: 0.952675
2025-07-15 03:03:33 | INFO     |   学习率调度器: f1_based
2025-07-15 03:03:33 | INFO     | ------------------------------------------------------------
2025-07-15 03:03:33 | INFO     | Epoch  31 | Train: Loss=0.0988, Acc=0.9445 | Val: Loss=0.0605, Acc=0.9579, F1=0.9551 | LR=0.000500 
2025-07-15 03:04:02 | INFO     | Epoch 32:
2025-07-15 03:04:02 | INFO     |   训练指标:
2025-07-15 03:04:02 | INFO     |     损失(ce): 0.078780
2025-07-15 03:04:02 | INFO     |     准确率: 0.946789
2025-07-15 03:04:02 | INFO     |     学习率: 0.00050000
2025-07-15 03:04:02 | INFO     |   验证指标(标准CE):
2025-07-15 03:04:02 | INFO     |     损失: 0.059164
2025-07-15 03:04:02 | INFO     |     准确率: 0.961538
2025-07-15 03:04:02 | INFO     |     F1(macro): 0.962304
2025-07-15 03:04:02 | INFO     |     F1(weighted): 0.961275
2025-07-15 03:04:02 | INFO     |     精确率: 0.968889
2025-07-15 03:04:02 | INFO     |     召回率: 0.966667
2025-07-15 03:04:02 | INFO     |   学习率调度器: f1_based
2025-07-15 03:04:02 | INFO     | ------------------------------------------------------------
2025-07-15 03:04:02 | INFO     | Epoch  32 | Train: Loss=0.0788, Acc=0.9468 | Val: Loss=0.0592, Acc=0.9615, F1=0.9613 | LR=0.000500 🏆 [最佳模型]
2025-07-15 03:04:31 | INFO     | Epoch 33:
2025-07-15 03:04:31 | INFO     |   训练指标:
2025-07-15 03:04:31 | INFO     |     损失(ce): 0.075527
2025-07-15 03:04:31 | INFO     |     准确率: 0.954587
2025-07-15 03:04:31 | INFO     |     学习率: 0.00050000
2025-07-15 03:04:31 | INFO     |   验证指标(标准CE):
2025-07-15 03:04:31 | INFO     |     损失: 0.068437
2025-07-15 03:04:31 | INFO     |     准确率: 0.956044
2025-07-15 03:04:31 | INFO     |     F1(macro): 0.956545
2025-07-15 03:04:31 | INFO     |     F1(weighted): 0.955632
2025-07-15 03:04:31 | INFO     |     精确率: 0.964196
2025-07-15 03:04:31 | INFO     |     召回率: 0.961434
2025-07-15 03:04:31 | INFO     |   学习率调度器: f1_based
2025-07-15 03:04:31 | INFO     | ------------------------------------------------------------
2025-07-15 03:04:31 | INFO     | Epoch  33 | Train: Loss=0.0755, Acc=0.9546 | Val: Loss=0.0684, Acc=0.9560, F1=0.9556 | LR=0.000500 
2025-07-15 03:05:00 | INFO     | Epoch 34:
2025-07-15 03:05:00 | INFO     |   训练指标:
2025-07-15 03:05:00 | INFO     |     损失(ce): 0.089339
2025-07-15 03:05:00 | INFO     |     准确率: 0.948165
2025-07-15 03:05:00 | INFO     |     学习率: 0.00050000
2025-07-15 03:05:00 | INFO     |   验证指标(标准CE):
2025-07-15 03:05:00 | INFO     |     损失: 0.057559
2025-07-15 03:05:00 | INFO     |     准确率: 0.959707
2025-07-15 03:05:00 | INFO     |     F1(macro): 0.956487
2025-07-15 03:05:00 | INFO     |     F1(weighted): 0.957289
2025-07-15 03:05:00 | INFO     |     精确率: 0.973430
2025-07-15 03:05:00 | INFO     |     召回率: 0.954733
2025-07-15 03:05:00 | INFO     |   学习率调度器: f1_based
2025-07-15 03:05:00 | INFO     | ------------------------------------------------------------
2025-07-15 03:05:00 | INFO     | Epoch  34 | Train: Loss=0.0893, Acc=0.9482 | Val: Loss=0.0576, Acc=0.9597, F1=0.9573 | LR=0.000500 
2025-07-15 03:05:29 | INFO     | Epoch 35:
2025-07-15 03:05:29 | INFO     |   训练指标:
2025-07-15 03:05:29 | INFO     |     损失(ce): 0.100234
2025-07-15 03:05:29 | INFO     |     准确率: 0.943578
2025-07-15 03:05:29 | INFO     |     学习率: 0.00050000
2025-07-15 03:05:29 | INFO     |   验证指标(标准CE):
2025-07-15 03:05:29 | INFO     |     损失: 0.098789
2025-07-15 03:05:29 | INFO     |     准确率: 0.946886
2025-07-15 03:05:29 | INFO     |     F1(macro): 0.947998
2025-07-15 03:05:29 | INFO     |     F1(weighted): 0.947021
2025-07-15 03:05:29 | INFO     |     精确率: 0.949580
2025-07-15 03:05:29 | INFO     |     召回率: 0.950206
2025-07-15 03:05:29 | INFO     |   学习率调度器: f1_based
2025-07-15 03:05:29 | INFO     | ------------------------------------------------------------
2025-07-15 03:05:29 | INFO     | Epoch  35 | Train: Loss=0.1002, Acc=0.9436 | Val: Loss=0.0988, Acc=0.9469, F1=0.9470 | LR=0.000500 
2025-07-15 03:05:58 | INFO     | Epoch 36:
2025-07-15 03:05:58 | INFO     |   训练指标:
2025-07-15 03:05:58 | INFO     |     损失(ce): 0.087917
2025-07-15 03:05:58 | INFO     |     准确率: 0.943119
2025-07-15 03:05:58 | INFO     |     学习率: 0.00050000
2025-07-15 03:05:58 | INFO     |   验证指标(标准CE):
2025-07-15 03:05:58 | INFO     |     损失: 0.056752
2025-07-15 03:05:58 | INFO     |     准确率: 0.957875
2025-07-15 03:05:58 | INFO     |     F1(macro): 0.954753
2025-07-15 03:05:58 | INFO     |     F1(weighted): 0.955539
2025-07-15 03:05:58 | INFO     |     精确率: 0.969771
2025-07-15 03:05:58 | INFO     |     召回率: 0.953145
2025-07-15 03:05:58 | INFO     |   学习率调度器: f1_based
2025-07-15 03:05:58 | INFO     | ------------------------------------------------------------
2025-07-15 03:05:58 | INFO     | Epoch  36 | Train: Loss=0.0879, Acc=0.9431 | Val: Loss=0.0568, Acc=0.9579, F1=0.9555 | LR=0.000500 
2025-07-15 03:06:27 | INFO     | Epoch 37:
2025-07-15 03:06:27 | INFO     |   训练指标:
2025-07-15 03:06:27 | INFO     |     损失(ce): 0.110560
2025-07-15 03:06:27 | INFO     |     准确率: 0.939908
2025-07-15 03:06:27 | INFO     |     学习率: 0.00050000
2025-07-15 03:06:27 | INFO     |   验证指标(标准CE):
2025-07-15 03:06:27 | INFO     |     损失: 0.060924
2025-07-15 03:06:27 | INFO     |     准确率: 0.946886
2025-07-15 03:06:27 | INFO     |     F1(macro): 0.944067
2025-07-15 03:06:27 | INFO     |     F1(weighted): 0.944801
2025-07-15 03:06:27 | INFO     |     精确率: 0.952608
2025-07-15 03:06:27 | INFO     |     召回率: 0.943151
2025-07-15 03:06:27 | INFO     |   学习率调度器: f1_based
2025-07-15 03:06:27 | INFO     | ------------------------------------------------------------
2025-07-15 03:06:27 | INFO     | Epoch  37 | Train: Loss=0.1106, Acc=0.9399 | Val: Loss=0.0609, Acc=0.9469, F1=0.9448 | LR=0.000500 
2025-07-15 03:06:56 | INFO     | Epoch 38:
2025-07-15 03:06:56 | INFO     |   训练指标:
2025-07-15 03:06:56 | INFO     |     损失(ce): 0.084728
2025-07-15 03:06:56 | INFO     |     准确率: 0.951376
2025-07-15 03:06:56 | INFO     |     学习率: 0.00050000
2025-07-15 03:06:56 | INFO     |   验证指标(标准CE):
2025-07-15 03:06:56 | INFO     |     损失: 0.061144
2025-07-15 03:06:56 | INFO     |     准确率: 0.959707
2025-07-15 03:06:56 | INFO     |     F1(macro): 0.960532
2025-07-15 03:06:56 | INFO     |     F1(weighted): 0.959497
2025-07-15 03:06:56 | INFO     |     精确率: 0.966246
2025-07-15 03:06:56 | INFO     |     召回率: 0.964609
2025-07-15 03:06:56 | INFO     |   学习率调度器: f1_based
2025-07-15 03:06:56 | INFO     | ------------------------------------------------------------
2025-07-15 03:06:56 | INFO     | 🎯 学习率调整事件:
2025-07-15 03:06:56 | INFO     |   调度器类型: f1_based
2025-07-15 03:06:56 | INFO     |   学习率变化: 0.00050000 → 0.00025000
2025-07-15 03:06:56 | INFO     |   触发条件: F1分数 = 0.959497
2025-07-15 03:06:56 | INFO     |   变化幅度: -50.00%
2025-07-15 03:06:56 | INFO     | ------------------------------------------------------------
2025-07-15 03:06:56 | INFO     | Epoch  38 | Train: Loss=0.0847, Acc=0.9514 | Val: Loss=0.0611, Acc=0.9597, F1=0.9595 | LR=0.000250 
2025-07-15 03:07:25 | INFO     | Epoch 39:
2025-07-15 03:07:25 | INFO     |   训练指标:
2025-07-15 03:07:25 | INFO     |     损失(ce): 0.068281
2025-07-15 03:07:25 | INFO     |     准确率: 0.948165
2025-07-15 03:07:25 | INFO     |     学习率: 0.00025000
2025-07-15 03:07:25 | INFO     |   验证指标(标准CE):
2025-07-15 03:07:25 | INFO     |     损失: 0.065426
2025-07-15 03:07:25 | INFO     |     准确率: 0.957875
2025-07-15 03:07:25 | INFO     |     F1(macro): 0.954256
2025-07-15 03:07:25 | INFO     |     F1(weighted): 0.955148
2025-07-15 03:07:25 | INFO     |     精确率: 0.972521
2025-07-15 03:07:25 | INFO     |     召回率: 0.952675
2025-07-15 03:07:25 | INFO     |   学习率调度器: f1_based
2025-07-15 03:07:25 | INFO     | ------------------------------------------------------------
2025-07-15 03:07:25 | INFO     | Epoch  39 | Train: Loss=0.0683, Acc=0.9482 | Val: Loss=0.0654, Acc=0.9579, F1=0.9551 | LR=0.000250 
2025-07-15 03:07:54 | INFO     | Epoch 40:
2025-07-15 03:07:54 | INFO     |   训练指标:
2025-07-15 03:07:54 | INFO     |     损失(ce): 0.069957
2025-07-15 03:07:54 | INFO     |     准确率: 0.948624
2025-07-15 03:07:54 | INFO     |     学习率: 0.00025000
2025-07-15 03:07:54 | INFO     |   验证指标(标准CE):
2025-07-15 03:07:54 | INFO     |     损失: 0.058024
2025-07-15 03:07:54 | INFO     |     准确率: 0.959707
2025-07-15 03:07:54 | INFO     |     F1(macro): 0.960532
2025-07-15 03:07:54 | INFO     |     F1(weighted): 0.959497
2025-07-15 03:07:54 | INFO     |     精确率: 0.966246
2025-07-15 03:07:54 | INFO     |     召回率: 0.964609
2025-07-15 03:07:54 | INFO     |   学习率调度器: f1_based
2025-07-15 03:07:54 | INFO     | ------------------------------------------------------------
2025-07-15 03:07:54 | INFO     | Epoch  40 | Train: Loss=0.0700, Acc=0.9486 | Val: Loss=0.0580, Acc=0.9597, F1=0.9595 | LR=0.000250 
2025-07-15 03:08:23 | INFO     | Epoch 41:
2025-07-15 03:08:23 | INFO     |   训练指标:
2025-07-15 03:08:23 | INFO     |     损失(ce): 0.071362
2025-07-15 03:08:23 | INFO     |     准确率: 0.944954
2025-07-15 03:08:23 | INFO     |     学习率: 0.00025000
2025-07-15 03:08:23 | INFO     |   验证指标(标准CE):
2025-07-15 03:08:23 | INFO     |     损失: 0.065546
2025-07-15 03:08:23 | INFO     |     准确率: 0.961538
2025-07-15 03:08:23 | INFO     |     F1(macro): 0.962344
2025-07-15 03:08:23 | INFO     |     F1(weighted): 0.961396
2025-07-15 03:08:23 | INFO     |     精确率: 0.967380
2025-07-15 03:08:23 | INFO     |     召回率: 0.966196
2025-07-15 03:08:23 | INFO     |   学习率调度器: f1_based
2025-07-15 03:08:23 | INFO     | ------------------------------------------------------------
2025-07-15 03:08:23 | INFO     | Epoch  41 | Train: Loss=0.0714, Acc=0.9450 | Val: Loss=0.0655, Acc=0.9615, F1=0.9614 | LR=0.000250 🏆 [最佳模型]
2025-07-15 03:08:53 | INFO     | Epoch 42:
2025-07-15 03:08:53 | INFO     |   训练指标:
2025-07-15 03:08:53 | INFO     |     损失(ce): 0.073915
2025-07-15 03:08:53 | INFO     |     准确率: 0.949541
2025-07-15 03:08:53 | INFO     |     学习率: 0.00025000
2025-07-15 03:08:53 | INFO     |   验证指标(标准CE):
2025-07-15 03:08:53 | INFO     |     损失: 0.061651
2025-07-15 03:08:53 | INFO     |     准确率: 0.959707
2025-07-15 03:08:53 | INFO     |     F1(macro): 0.960532
2025-07-15 03:08:53 | INFO     |     F1(weighted): 0.959497
2025-07-15 03:08:53 | INFO     |     精确率: 0.966246
2025-07-15 03:08:53 | INFO     |     召回率: 0.964609
2025-07-15 03:08:53 | INFO     |   学习率调度器: f1_based
2025-07-15 03:08:53 | INFO     | ------------------------------------------------------------
2025-07-15 03:08:53 | INFO     | Epoch  42 | Train: Loss=0.0739, Acc=0.9495 | Val: Loss=0.0617, Acc=0.9597, F1=0.9595 | LR=0.000250 
2025-07-15 03:09:22 | INFO     | Epoch 43:
2025-07-15 03:09:22 | INFO     |   训练指标:
2025-07-15 03:09:22 | INFO     |     损失(ce): 0.072241
2025-07-15 03:09:22 | INFO     |     准确率: 0.950000
2025-07-15 03:09:22 | INFO     |     学习率: 0.00025000
2025-07-15 03:09:22 | INFO     |   验证指标(标准CE):
2025-07-15 03:09:22 | INFO     |     损失: 0.083327
2025-07-15 03:09:22 | INFO     |     准确率: 0.957875
2025-07-15 03:09:22 | INFO     |     F1(macro): 0.958638
2025-07-15 03:09:22 | INFO     |     F1(weighted): 0.958247
2025-07-15 03:09:22 | INFO     |     精确率: 0.965229
2025-07-15 03:09:22 | INFO     |     召回率: 0.961752
2025-07-15 03:09:22 | INFO     |   学习率调度器: f1_based
2025-07-15 03:09:22 | INFO     | ------------------------------------------------------------
2025-07-15 03:09:22 | INFO     | Epoch  43 | Train: Loss=0.0722, Acc=0.9500 | Val: Loss=0.0833, Acc=0.9579, F1=0.9582 | LR=0.000250 
2025-07-15 03:09:51 | INFO     | Epoch 44:
2025-07-15 03:09:51 | INFO     |   训练指标:
2025-07-15 03:09:51 | INFO     |     损失(ce): 0.084646
2025-07-15 03:09:51 | INFO     |     准确率: 0.951835
2025-07-15 03:09:51 | INFO     |     学习率: 0.00025000
2025-07-15 03:09:51 | INFO     |   验证指标(标准CE):
2025-07-15 03:09:51 | INFO     |     损失: 0.061289
2025-07-15 03:09:51 | INFO     |     准确率: 0.959707
2025-07-15 03:09:51 | INFO     |     F1(macro): 0.960532
2025-07-15 03:09:51 | INFO     |     F1(weighted): 0.959497
2025-07-15 03:09:51 | INFO     |     精确率: 0.966246
2025-07-15 03:09:51 | INFO     |     召回率: 0.964609
2025-07-15 03:09:51 | INFO     |   学习率调度器: f1_based
2025-07-15 03:09:51 | INFO     | ------------------------------------------------------------
2025-07-15 03:09:51 | INFO     | Epoch  44 | Train: Loss=0.0846, Acc=0.9518 | Val: Loss=0.0613, Acc=0.9597, F1=0.9595 | LR=0.000250 
2025-07-15 03:10:20 | INFO     | Epoch 45:
2025-07-15 03:10:20 | INFO     |   训练指标:
2025-07-15 03:10:20 | INFO     |     损失(ce): 0.071080
2025-07-15 03:10:20 | INFO     |     准确率: 0.952294
2025-07-15 03:10:20 | INFO     |     学习率: 0.00025000
2025-07-15 03:10:20 | INFO     |   验证指标(标准CE):
2025-07-15 03:10:20 | INFO     |     损失: 0.055305
2025-07-15 03:10:20 | INFO     |     准确率: 0.959707
2025-07-15 03:10:20 | INFO     |     F1(macro): 0.956487
2025-07-15 03:10:20 | INFO     |     F1(weighted): 0.957289
2025-07-15 03:10:20 | INFO     |     精确率: 0.973430
2025-07-15 03:10:20 | INFO     |     召回率: 0.954733
2025-07-15 03:10:20 | INFO     |   学习率调度器: f1_based
2025-07-15 03:10:20 | INFO     | ------------------------------------------------------------
2025-07-15 03:10:20 | INFO     | Epoch  45 | Train: Loss=0.0711, Acc=0.9523 | Val: Loss=0.0553, Acc=0.9597, F1=0.9573 | LR=0.000250 
2025-07-15 03:10:49 | INFO     | Epoch 46:
2025-07-15 03:10:49 | INFO     |   训练指标:
2025-07-15 03:10:49 | INFO     |     损失(ce): 0.065567
2025-07-15 03:10:49 | INFO     |     准确率: 0.952752
2025-07-15 03:10:49 | INFO     |     学习率: 0.00025000
2025-07-15 03:10:49 | INFO     |   验证指标(标准CE):
2025-07-15 03:10:49 | INFO     |     损失: 0.061976
2025-07-15 03:10:49 | INFO     |     准确率: 0.957875
2025-07-15 03:10:49 | INFO     |     F1(macro): 0.958650
2025-07-15 03:10:49 | INFO     |     F1(weighted): 0.957433
2025-07-15 03:10:49 | INFO     |     精确率: 0.966811
2025-07-15 03:10:49 | INFO     |     召回率: 0.963492
2025-07-15 03:10:49 | INFO     |   学习率调度器: f1_based
2025-07-15 03:10:49 | INFO     | ------------------------------------------------------------
2025-07-15 03:10:49 | INFO     | 🎯 学习率调整事件:
2025-07-15 03:10:49 | INFO     |   调度器类型: f1_based
2025-07-15 03:10:49 | INFO     |   学习率变化: 0.00025000 → 0.00012500
2025-07-15 03:10:49 | INFO     |   触发条件: F1分数 = 0.957433
2025-07-15 03:10:49 | INFO     |   变化幅度: -50.00%
2025-07-15 03:10:49 | INFO     | ------------------------------------------------------------
2025-07-15 03:10:49 | INFO     | Epoch  46 | Train: Loss=0.0656, Acc=0.9528 | Val: Loss=0.0620, Acc=0.9579, F1=0.9574 | LR=0.000125 
2025-07-15 03:11:18 | INFO     | Epoch 47:
2025-07-15 03:11:18 | INFO     |   训练指标:
2025-07-15 03:11:18 | INFO     |     损失(ce): 0.065265
2025-07-15 03:11:18 | INFO     |     准确率: 0.948165
2025-07-15 03:11:18 | INFO     |     学习率: 0.00012500
2025-07-15 03:11:18 | INFO     |   验证指标(标准CE):
2025-07-15 03:11:18 | INFO     |     损失: 0.061768
2025-07-15 03:11:18 | INFO     |     准确率: 0.957875
2025-07-15 03:11:18 | INFO     |     F1(macro): 0.954256
2025-07-15 03:11:18 | INFO     |     F1(weighted): 0.955148
2025-07-15 03:11:18 | INFO     |     精确率: 0.972521
2025-07-15 03:11:18 | INFO     |     召回率: 0.952675
2025-07-15 03:11:18 | INFO     |   学习率调度器: f1_based
2025-07-15 03:11:18 | INFO     | ------------------------------------------------------------
2025-07-15 03:11:18 | INFO     | Epoch  47 | Train: Loss=0.0653, Acc=0.9482 | Val: Loss=0.0618, Acc=0.9579, F1=0.9551 | LR=0.000125 
2025-07-15 03:11:47 | INFO     | Epoch 48:
2025-07-15 03:11:47 | INFO     |   训练指标:
2025-07-15 03:11:47 | INFO     |     损失(ce): 0.066276
2025-07-15 03:11:47 | INFO     |     准确率: 0.953670
2025-07-15 03:11:47 | INFO     |     学习率: 0.00012500
2025-07-15 03:11:47 | INFO     |   验证指标(标准CE):
2025-07-15 03:11:47 | INFO     |     损失: 0.065063
2025-07-15 03:11:47 | INFO     |     准确率: 0.957875
2025-07-15 03:11:47 | INFO     |     F1(macro): 0.954256
2025-07-15 03:11:47 | INFO     |     F1(weighted): 0.955148
2025-07-15 03:11:47 | INFO     |     精确率: 0.972521
2025-07-15 03:11:47 | INFO     |     召回率: 0.952675
2025-07-15 03:11:47 | INFO     |   学习率调度器: f1_based
2025-07-15 03:11:47 | INFO     | ------------------------------------------------------------
2025-07-15 03:11:47 | INFO     | Epoch  48 | Train: Loss=0.0663, Acc=0.9537 | Val: Loss=0.0651, Acc=0.9579, F1=0.9551 | LR=0.000125 
2025-07-15 03:12:16 | INFO     | Epoch 49:
2025-07-15 03:12:16 | INFO     |   训练指标:
2025-07-15 03:12:16 | INFO     |     损失(ce): 0.063629
2025-07-15 03:12:16 | INFO     |     准确率: 0.954587
2025-07-15 03:12:16 | INFO     |     学习率: 0.00012500
2025-07-15 03:12:16 | INFO     |   验证指标(标准CE):
2025-07-15 03:12:16 | INFO     |     损失: 0.057381
2025-07-15 03:12:16 | INFO     |     准确率: 0.957875
2025-07-15 03:12:16 | INFO     |     F1(macro): 0.954256
2025-07-15 03:12:16 | INFO     |     F1(weighted): 0.955148
2025-07-15 03:12:16 | INFO     |     精确率: 0.972521
2025-07-15 03:12:16 | INFO     |     召回率: 0.952675
2025-07-15 03:12:16 | INFO     |   学习率调度器: f1_based
2025-07-15 03:12:16 | INFO     | ------------------------------------------------------------
2025-07-15 03:12:16 | INFO     | Epoch  49 | Train: Loss=0.0636, Acc=0.9546 | Val: Loss=0.0574, Acc=0.9579, F1=0.9551 | LR=0.000125 
2025-07-15 03:12:45 | INFO     | Epoch 50:
2025-07-15 03:12:45 | INFO     |   训练指标:
2025-07-15 03:12:45 | INFO     |     损失(ce): 0.070044
2025-07-15 03:12:45 | INFO     |     准确率: 0.951376
2025-07-15 03:12:45 | INFO     |     学习率: 0.00012500
2025-07-15 03:12:45 | INFO     |   验证指标(标准CE):
2025-07-15 03:12:45 | INFO     |     损失: 0.063093
2025-07-15 03:12:45 | INFO     |     准确率: 0.961538
2025-07-15 03:12:45 | INFO     |     F1(macro): 0.962344
2025-07-15 03:12:45 | INFO     |     F1(weighted): 0.961396
2025-07-15 03:12:45 | INFO     |     精确率: 0.967380
2025-07-15 03:12:45 | INFO     |     召回率: 0.966196
2025-07-15 03:12:45 | INFO     |   学习率调度器: f1_based
2025-07-15 03:12:45 | INFO     | ------------------------------------------------------------
2025-07-15 03:12:45 | INFO     | Epoch  50 | Train: Loss=0.0700, Acc=0.9514 | Val: Loss=0.0631, Acc=0.9615, F1=0.9614 | LR=0.000125 
2025-07-15 03:13:14 | INFO     | Epoch 51:
2025-07-15 03:13:14 | INFO     |   训练指标:
2025-07-15 03:13:14 | INFO     |     损失(ce): 0.064599
2025-07-15 03:13:14 | INFO     |     准确率: 0.953670
2025-07-15 03:13:14 | INFO     |     学习率: 0.00012500
2025-07-15 03:13:14 | INFO     |   验证指标(标准CE):
2025-07-15 03:13:14 | INFO     |     损失: 0.054321
2025-07-15 03:13:14 | INFO     |     准确率: 0.963370
2025-07-15 03:13:14 | INFO     |     F1(macro): 0.964120
2025-07-15 03:13:14 | INFO     |     F1(weighted): 0.963179
2025-07-15 03:13:14 | INFO     |     精确率: 0.969970
2025-07-15 03:13:14 | INFO     |     召回率: 0.968254
2025-07-15 03:13:14 | INFO     |   学习率调度器: f1_based
2025-07-15 03:13:14 | INFO     | ------------------------------------------------------------
2025-07-15 03:13:14 | INFO     | Epoch  51 | Train: Loss=0.0646, Acc=0.9537 | Val: Loss=0.0543, Acc=0.9634, F1=0.9632 | LR=0.000125 🏆 [最佳模型]
2025-07-15 03:13:43 | INFO     | Epoch 52:
2025-07-15 03:13:43 | INFO     |   训练指标:
2025-07-15 03:13:43 | INFO     |     损失(ce): 0.071507
2025-07-15 03:13:43 | INFO     |     准确率: 0.948624
2025-07-15 03:13:43 | INFO     |     学习率: 0.00012500
2025-07-15 03:13:43 | INFO     |   验证指标(标准CE):
2025-07-15 03:13:43 | INFO     |     损失: 0.053951
2025-07-15 03:13:43 | INFO     |     准确率: 0.959707
2025-07-15 03:13:43 | INFO     |     F1(macro): 0.956487
2025-07-15 03:13:43 | INFO     |     F1(weighted): 0.957289
2025-07-15 03:13:43 | INFO     |     精确率: 0.973430
2025-07-15 03:13:43 | INFO     |     召回率: 0.954733
2025-07-15 03:13:43 | INFO     |   学习率调度器: f1_based
2025-07-15 03:13:43 | INFO     | ------------------------------------------------------------
2025-07-15 03:13:43 | INFO     | Epoch  52 | Train: Loss=0.0715, Acc=0.9486 | Val: Loss=0.0540, Acc=0.9597, F1=0.9573 | LR=0.000125 
2025-07-15 03:14:12 | INFO     | Epoch 53:
2025-07-15 03:14:12 | INFO     |   训练指标:
2025-07-15 03:14:12 | INFO     |     损失(ce): 0.067933
2025-07-15 03:14:12 | INFO     |     准确率: 0.954587
2025-07-15 03:14:12 | INFO     |     学习率: 0.00012500
2025-07-15 03:14:12 | INFO     |   验证指标(标准CE):
2025-07-15 03:14:12 | INFO     |     损失: 0.053611
2025-07-15 03:14:12 | INFO     |     准确率: 0.959707
2025-07-15 03:14:12 | INFO     |     F1(macro): 0.956487
2025-07-15 03:14:12 | INFO     |     F1(weighted): 0.957289
2025-07-15 03:14:12 | INFO     |     精确率: 0.973430
2025-07-15 03:14:12 | INFO     |     召回率: 0.954733
2025-07-15 03:14:12 | INFO     |   学习率调度器: f1_based
2025-07-15 03:14:12 | INFO     | ------------------------------------------------------------
2025-07-15 03:14:12 | INFO     | Epoch  53 | Train: Loss=0.0679, Acc=0.9546 | Val: Loss=0.0536, Acc=0.9597, F1=0.9573 | LR=0.000125 
2025-07-15 03:14:41 | INFO     | Epoch 54:
2025-07-15 03:14:41 | INFO     |   训练指标:
2025-07-15 03:14:41 | INFO     |     损失(ce): 0.066138
2025-07-15 03:14:41 | INFO     |     准确率: 0.958257
2025-07-15 03:14:41 | INFO     |     学习率: 0.00012500
2025-07-15 03:14:41 | INFO     |   验证指标(标准CE):
2025-07-15 03:14:41 | INFO     |     损失: 0.054241
2025-07-15 03:14:41 | INFO     |     准确率: 0.963370
2025-07-15 03:14:41 | INFO     |     F1(macro): 0.964120
2025-07-15 03:14:41 | INFO     |     F1(weighted): 0.963179
2025-07-15 03:14:41 | INFO     |     精确率: 0.969970
2025-07-15 03:14:41 | INFO     |     召回率: 0.968254
2025-07-15 03:14:41 | INFO     |   学习率调度器: f1_based
2025-07-15 03:14:41 | INFO     | ------------------------------------------------------------
2025-07-15 03:14:41 | INFO     | Epoch  54 | Train: Loss=0.0661, Acc=0.9583 | Val: Loss=0.0542, Acc=0.9634, F1=0.9632 | LR=0.000125 
2025-07-15 03:15:10 | INFO     | Epoch 55:
2025-07-15 03:15:10 | INFO     |   训练指标:
2025-07-15 03:15:10 | INFO     |     损失(ce): 0.067473
2025-07-15 03:15:10 | INFO     |     准确率: 0.949541
2025-07-15 03:15:10 | INFO     |     学习率: 0.00012500
2025-07-15 03:15:10 | INFO     |   验证指标(标准CE):
2025-07-15 03:15:10 | INFO     |     损失: 0.054670
2025-07-15 03:15:10 | INFO     |     准确率: 0.963370
2025-07-15 03:15:10 | INFO     |     F1(macro): 0.964120
2025-07-15 03:15:10 | INFO     |     F1(weighted): 0.963179
2025-07-15 03:15:10 | INFO     |     精确率: 0.969970
2025-07-15 03:15:10 | INFO     |     召回率: 0.968254
2025-07-15 03:15:10 | INFO     |   学习率调度器: f1_based
2025-07-15 03:15:10 | INFO     | ------------------------------------------------------------
2025-07-15 03:15:10 | INFO     | Epoch  55 | Train: Loss=0.0675, Acc=0.9495 | Val: Loss=0.0547, Acc=0.9634, F1=0.9632 | LR=0.000125 
2025-07-15 03:15:39 | INFO     | Epoch 56:
2025-07-15 03:15:39 | INFO     |   训练指标:
2025-07-15 03:15:39 | INFO     |     损失(ce): 0.063539
2025-07-15 03:15:39 | INFO     |     准确率: 0.954128
2025-07-15 03:15:39 | INFO     |     学习率: 0.00012500
2025-07-15 03:15:39 | INFO     |   验证指标(标准CE):
2025-07-15 03:15:39 | INFO     |     损失: 0.053778
2025-07-15 03:15:39 | INFO     |     准确率: 0.963370
2025-07-15 03:15:39 | INFO     |     F1(macro): 0.964120
2025-07-15 03:15:39 | INFO     |     F1(weighted): 0.963179
2025-07-15 03:15:39 | INFO     |     精确率: 0.969970
2025-07-15 03:15:39 | INFO     |     召回率: 0.968254
2025-07-15 03:15:39 | INFO     |   学习率调度器: f1_based
2025-07-15 03:15:39 | INFO     | ------------------------------------------------------------
2025-07-15 03:15:39 | INFO     | Epoch  56 | Train: Loss=0.0635, Acc=0.9541 | Val: Loss=0.0538, Acc=0.9634, F1=0.9632 | LR=0.000125 
2025-07-15 03:16:08 | INFO     | Epoch 57:
2025-07-15 03:16:08 | INFO     |   训练指标:
2025-07-15 03:16:08 | INFO     |     损失(ce): 0.063694
2025-07-15 03:16:08 | INFO     |     准确率: 0.955046
2025-07-15 03:16:08 | INFO     |     学习率: 0.00012500
2025-07-15 03:16:08 | INFO     |   验证指标(标准CE):
2025-07-15 03:16:08 | INFO     |     损失: 0.061328
2025-07-15 03:16:08 | INFO     |     准确率: 0.961538
2025-07-15 03:16:08 | INFO     |     F1(macro): 0.962344
2025-07-15 03:16:08 | INFO     |     F1(weighted): 0.961396
2025-07-15 03:16:08 | INFO     |     精确率: 0.967380
2025-07-15 03:16:08 | INFO     |     召回率: 0.966196
2025-07-15 03:16:08 | INFO     |   学习率调度器: f1_based
2025-07-15 03:16:08 | INFO     | ------------------------------------------------------------
2025-07-15 03:16:08 | INFO     | 🎯 学习率调整事件:
2025-07-15 03:16:08 | INFO     |   调度器类型: f1_based
2025-07-15 03:16:08 | INFO     |   学习率变化: 0.00012500 → 0.00006250
2025-07-15 03:16:08 | INFO     |   触发条件: F1分数 = 0.961396
2025-07-15 03:16:08 | INFO     |   变化幅度: -50.00%
2025-07-15 03:16:08 | INFO     | ------------------------------------------------------------
2025-07-15 03:16:08 | INFO     | Epoch  57 | Train: Loss=0.0637, Acc=0.9550 | Val: Loss=0.0613, Acc=0.9615, F1=0.9614 | LR=0.000063 
2025-07-15 03:16:37 | INFO     | Epoch 58:
2025-07-15 03:16:37 | INFO     |   训练指标:
2025-07-15 03:16:37 | INFO     |     损失(ce): 0.065362
2025-07-15 03:16:37 | INFO     |     准确率: 0.950917
2025-07-15 03:16:37 | INFO     |     学习率: 0.00006250
2025-07-15 03:16:37 | INFO     |   验证指标(标准CE):
2025-07-15 03:16:37 | INFO     |     损失: 0.055855
2025-07-15 03:16:37 | INFO     |     准确率: 0.957875
2025-07-15 03:16:37 | INFO     |     F1(macro): 0.954256
2025-07-15 03:16:37 | INFO     |     F1(weighted): 0.955148
2025-07-15 03:16:37 | INFO     |     精确率: 0.972521
2025-07-15 03:16:37 | INFO     |     召回率: 0.952675
2025-07-15 03:16:37 | INFO     |   学习率调度器: f1_based
2025-07-15 03:16:37 | INFO     | ------------------------------------------------------------
2025-07-15 03:16:37 | INFO     | Epoch  58 | Train: Loss=0.0654, Acc=0.9509 | Val: Loss=0.0559, Acc=0.9579, F1=0.9551 | LR=0.000063 
2025-07-15 03:17:06 | INFO     | Epoch 59:
2025-07-15 03:17:06 | INFO     |   训练指标:
2025-07-15 03:17:06 | INFO     |     损失(ce): 0.062817
2025-07-15 03:17:06 | INFO     |     准确率: 0.951376
2025-07-15 03:17:06 | INFO     |     学习率: 0.00006250
2025-07-15 03:17:06 | INFO     |   验证指标(标准CE):
2025-07-15 03:17:06 | INFO     |     损失: 0.055107
2025-07-15 03:17:06 | INFO     |     准确率: 0.983516
2025-07-15 03:17:06 | INFO     |     F1(macro): 0.983296
2025-07-15 03:17:06 | INFO     |     F1(weighted): 0.983338
2025-07-15 03:17:06 | INFO     |     精确率: 0.986092
2025-07-15 03:17:06 | INFO     |     召回率: 0.981952
2025-07-15 03:17:06 | INFO     |   学习率调度器: f1_based
2025-07-15 03:17:06 | INFO     | ------------------------------------------------------------
2025-07-15 03:17:06 | INFO     | Epoch  59 | Train: Loss=0.0628, Acc=0.9514 | Val: Loss=0.0551, Acc=0.9835, F1=0.9833 | LR=0.000063 🏆 [最佳模型]
2025-07-15 03:17:36 | INFO     | Epoch 60:
2025-07-15 03:17:36 | INFO     |   训练指标:
2025-07-15 03:17:36 | INFO     |     损失(ce): 0.064727
2025-07-15 03:17:36 | INFO     |     准确率: 0.955046
2025-07-15 03:17:36 | INFO     |     学习率: 0.00006250
2025-07-15 03:17:36 | INFO     |   验证指标(标准CE):
2025-07-15 03:17:36 | INFO     |     损失: 0.055899
2025-07-15 03:17:36 | INFO     |     准确率: 0.961538
2025-07-15 03:17:36 | INFO     |     F1(macro): 0.962344
2025-07-15 03:17:36 | INFO     |     F1(weighted): 0.961396
2025-07-15 03:17:36 | INFO     |     精确率: 0.967380
2025-07-15 03:17:36 | INFO     |     召回率: 0.966196
2025-07-15 03:17:36 | INFO     |   学习率调度器: f1_based
2025-07-15 03:17:36 | INFO     | ------------------------------------------------------------
2025-07-15 03:17:36 | INFO     | Epoch  60 | Train: Loss=0.0647, Acc=0.9550 | Val: Loss=0.0559, Acc=0.9615, F1=0.9614 | LR=0.000063 
2025-07-15 03:18:05 | INFO     | Epoch 61:
2025-07-15 03:18:05 | INFO     |   训练指标:
2025-07-15 03:18:05 | INFO     |     损失(ce): 0.065561
2025-07-15 03:18:05 | INFO     |     准确率: 0.955505
2025-07-15 03:18:05 | INFO     |     学习率: 0.00006250
2025-07-15 03:18:05 | INFO     |   验证指标(标准CE):
2025-07-15 03:18:05 | INFO     |     损失: 0.054043
2025-07-15 03:18:05 | INFO     |     准确率: 0.963370
2025-07-15 03:18:05 | INFO     |     F1(macro): 0.964120
2025-07-15 03:18:05 | INFO     |     F1(weighted): 0.963179
2025-07-15 03:18:05 | INFO     |     精确率: 0.969970
2025-07-15 03:18:05 | INFO     |     召回率: 0.968254
2025-07-15 03:18:05 | INFO     |   学习率调度器: f1_based
2025-07-15 03:18:05 | INFO     | ------------------------------------------------------------
2025-07-15 03:18:05 | INFO     | Epoch  61 | Train: Loss=0.0656, Acc=0.9555 | Val: Loss=0.0540, Acc=0.9634, F1=0.9632 | LR=0.000063 
2025-07-15 03:18:34 | INFO     | Epoch 62:
2025-07-15 03:18:34 | INFO     |   训练指标:
2025-07-15 03:18:34 | INFO     |     损失(ce): 0.066007
2025-07-15 03:18:34 | INFO     |     准确率: 0.954128
2025-07-15 03:18:34 | INFO     |     学习率: 0.00006250
2025-07-15 03:18:34 | INFO     |   验证指标(标准CE):
2025-07-15 03:18:34 | INFO     |     损失: 0.058548
2025-07-15 03:18:34 | INFO     |     准确率: 0.972527
2025-07-15 03:18:34 | INFO     |     F1(macro): 0.971326
2025-07-15 03:18:34 | INFO     |     F1(weighted): 0.971641
2025-07-15 03:18:34 | INFO     |     精确率: 0.980392
2025-07-15 03:18:34 | INFO     |     召回率: 0.969136
2025-07-15 03:18:34 | INFO     |   学习率调度器: f1_based
2025-07-15 03:18:34 | INFO     | ------------------------------------------------------------
2025-07-15 03:18:34 | INFO     | Epoch  62 | Train: Loss=0.0660, Acc=0.9541 | Val: Loss=0.0585, Acc=0.9725, F1=0.9716 | LR=0.000063 
2025-07-15 03:19:03 | INFO     | Epoch 63:
2025-07-15 03:19:03 | INFO     |   训练指标:
2025-07-15 03:19:03 | INFO     |     损失(ce): 0.062724
2025-07-15 03:19:03 | INFO     |     准确率: 0.959174
2025-07-15 03:19:03 | INFO     |     学习率: 0.00006250
2025-07-15 03:19:03 | INFO     |   验证指标(标准CE):
2025-07-15 03:19:03 | INFO     |     损失: 0.055383
2025-07-15 03:19:03 | INFO     |     准确率: 0.968864
2025-07-15 03:19:03 | INFO     |     F1(macro): 0.967212
2025-07-15 03:19:03 | INFO     |     F1(weighted): 0.967642
2025-07-15 03:19:03 | INFO     |     精确率: 0.978289
2025-07-15 03:19:03 | INFO     |     召回率: 0.965021
2025-07-15 03:19:03 | INFO     |   学习率调度器: f1_based
2025-07-15 03:19:03 | INFO     | ------------------------------------------------------------
2025-07-15 03:19:03 | INFO     | Epoch  63 | Train: Loss=0.0627, Acc=0.9592 | Val: Loss=0.0554, Acc=0.9689, F1=0.9676 | LR=0.000063 
2025-07-15 03:19:32 | INFO     | Epoch 64:
2025-07-15 03:19:32 | INFO     |   训练指标:
2025-07-15 03:19:32 | INFO     |     损失(ce): 0.063404
2025-07-15 03:19:32 | INFO     |     准确率: 0.960550
2025-07-15 03:19:32 | INFO     |     学习率: 0.00006250
2025-07-15 03:19:32 | INFO     |   验证指标(标准CE):
2025-07-15 03:19:32 | INFO     |     损失: 0.058662
2025-07-15 03:19:32 | INFO     |     准确率: 0.963370
2025-07-15 03:19:32 | INFO     |     F1(macro): 0.960859
2025-07-15 03:19:32 | INFO     |     F1(weighted): 0.961497
2025-07-15 03:19:32 | INFO     |     精确率: 0.975309
2025-07-15 03:19:32 | INFO     |     召回率: 0.958848
2025-07-15 03:19:32 | INFO     |   学习率调度器: f1_based
2025-07-15 03:19:32 | INFO     | ------------------------------------------------------------
2025-07-15 03:19:32 | INFO     | Epoch  64 | Train: Loss=0.0634, Acc=0.9606 | Val: Loss=0.0587, Acc=0.9634, F1=0.9615 | LR=0.000063 
2025-07-15 03:20:01 | INFO     | Epoch 65:
2025-07-15 03:20:01 | INFO     |   训练指标:
2025-07-15 03:20:01 | INFO     |     损失(ce): 0.061422
2025-07-15 03:20:01 | INFO     |     准确率: 0.960550
2025-07-15 03:20:01 | INFO     |     学习率: 0.00006250
2025-07-15 03:20:01 | INFO     |   验证指标(标准CE):
2025-07-15 03:20:01 | INFO     |     损失: 0.053065
2025-07-15 03:20:01 | INFO     |     准确率: 0.965201
2025-07-15 03:20:01 | INFO     |     F1(macro): 0.965930
2025-07-15 03:20:01 | INFO     |     F1(weighted): 0.965072
2025-07-15 03:20:01 | INFO     |     精确率: 0.971081
2025-07-15 03:20:01 | INFO     |     召回率: 0.969841
2025-07-15 03:20:01 | INFO     |   学习率调度器: f1_based
2025-07-15 03:20:01 | INFO     | ------------------------------------------------------------
2025-07-15 03:20:01 | INFO     | 🎯 学习率调整事件:
2025-07-15 03:20:01 | INFO     |   调度器类型: f1_based
2025-07-15 03:20:01 | INFO     |   学习率变化: 0.00006250 → 0.00003125
2025-07-15 03:20:01 | INFO     |   触发条件: F1分数 = 0.965072
2025-07-15 03:20:01 | INFO     |   变化幅度: -50.00%
2025-07-15 03:20:01 | INFO     | ------------------------------------------------------------
2025-07-15 03:20:01 | INFO     | Epoch  65 | Train: Loss=0.0614, Acc=0.9606 | Val: Loss=0.0531, Acc=0.9652, F1=0.9651 | LR=0.000031 
2025-07-15 03:20:31 | INFO     | Epoch 66:
2025-07-15 03:20:31 | INFO     |   训练指标:
2025-07-15 03:20:31 | INFO     |     损失(ce): 0.060794
2025-07-15 03:20:31 | INFO     |     准确率: 0.963761
2025-07-15 03:20:31 | INFO     |     学习率: 0.00003125
2025-07-15 03:20:31 | INFO     |   验证指标(标准CE):
2025-07-15 03:20:31 | INFO     |     损失: 0.048775
2025-07-15 03:20:31 | INFO     |     准确率: 0.970696
2025-07-15 03:20:31 | INFO     |     F1(macro): 0.969280
2025-07-15 03:20:31 | INFO     |     F1(weighted): 0.969651
2025-07-15 03:20:31 | INFO     |     精确率: 0.979328
2025-07-15 03:20:31 | INFO     |     召回率: 0.967078
2025-07-15 03:20:31 | INFO     |   学习率调度器: f1_based
2025-07-15 03:20:31 | INFO     | ------------------------------------------------------------
2025-07-15 03:20:31 | INFO     | Epoch  66 | Train: Loss=0.0608, Acc=0.9638 | Val: Loss=0.0488, Acc=0.9707, F1=0.9697 | LR=0.000031 
2025-07-15 03:21:00 | INFO     | Epoch 67:
2025-07-15 03:21:00 | INFO     |   训练指标:
2025-07-15 03:21:00 | INFO     |     损失(ce): 0.056274
2025-07-15 03:21:00 | INFO     |     准确率: 0.972936
2025-07-15 03:21:00 | INFO     |     学习率: 0.00003125
2025-07-15 03:21:00 | INFO     |   验证指标(标准CE):
2025-07-15 03:21:00 | INFO     |     损失: 0.033730
2025-07-15 03:21:00 | INFO     |     准确率: 0.981685
2025-07-15 03:21:00 | INFO     |     F1(macro): 0.981255
2025-07-15 03:21:00 | INFO     |     F1(weighted): 0.981361
2025-07-15 03:21:00 | INFO     |     精确率: 0.986111
2025-07-15 03:21:00 | INFO     |     召回率: 0.979424
2025-07-15 03:21:00 | INFO     |   学习率调度器: f1_based
2025-07-15 03:21:00 | INFO     | ------------------------------------------------------------
2025-07-15 03:21:00 | INFO     | Epoch  67 | Train: Loss=0.0563, Acc=0.9729 | Val: Loss=0.0337, Acc=0.9817, F1=0.9814 | LR=0.000031 
2025-07-15 03:21:29 | INFO     | Epoch 68:
2025-07-15 03:21:29 | INFO     |   训练指标:
2025-07-15 03:21:29 | INFO     |     损失(ce): 0.053338
2025-07-15 03:21:29 | INFO     |     准确率: 0.975688
2025-07-15 03:21:29 | INFO     |     学习率: 0.00003125
2025-07-15 03:21:29 | INFO     |   验证指标(标准CE):
2025-07-15 03:21:29 | INFO     |     损失: 0.044712
2025-07-15 03:21:29 | INFO     |     准确率: 0.968864
2025-07-15 03:21:29 | INFO     |     F1(macro): 0.967212
2025-07-15 03:21:29 | INFO     |     F1(weighted): 0.967642
2025-07-15 03:21:29 | INFO     |     精确率: 0.978289
2025-07-15 03:21:29 | INFO     |     召回率: 0.965021
2025-07-15 03:21:29 | INFO     |   学习率调度器: f1_based
2025-07-15 03:21:29 | INFO     | ------------------------------------------------------------
2025-07-15 03:21:29 | INFO     | Epoch  68 | Train: Loss=0.0533, Acc=0.9757 | Val: Loss=0.0447, Acc=0.9689, F1=0.9676 | LR=0.000031 
2025-07-15 03:21:58 | INFO     | Epoch 69:
2025-07-15 03:21:58 | INFO     |   训练指标:
2025-07-15 03:21:58 | INFO     |     损失(ce): 0.050646
2025-07-15 03:21:58 | INFO     |     准确率: 0.977982
2025-07-15 03:21:58 | INFO     |     学习率: 0.00003125
2025-07-15 03:21:58 | INFO     |   验证指标(标准CE):
2025-07-15 03:21:58 | INFO     |     损失: 0.030209
2025-07-15 03:21:58 | INFO     |     准确率: 0.996337
2025-07-15 03:21:58 | INFO     |     F1(macro): 0.996339
2025-07-15 03:21:58 | INFO     |     F1(weighted): 0.996328
2025-07-15 03:21:58 | INFO     |     精确率: 0.996914
2025-07-15 03:21:58 | INFO     |     召回率: 0.995885
2025-07-15 03:21:58 | INFO     |   学习率调度器: f1_based
2025-07-15 03:21:58 | INFO     | ------------------------------------------------------------
2025-07-15 03:21:58 | INFO     | Epoch  69 | Train: Loss=0.0506, Acc=0.9780 | Val: Loss=0.0302, Acc=0.9963, F1=0.9963 | LR=0.000031 🏆 [最佳模型]
2025-07-15 03:22:27 | INFO     | Epoch 70:
2025-07-15 03:22:27 | INFO     |   训练指标:
2025-07-15 03:22:27 | INFO     |     损失(ce): 0.049857
2025-07-15 03:22:27 | INFO     |     准确率: 0.978899
2025-07-15 03:22:27 | INFO     |     学习率: 0.00003125
2025-07-15 03:22:27 | INFO     |   验证指标(标准CE):
2025-07-15 03:22:27 | INFO     |     损失: 0.017367
2025-07-15 03:22:27 | INFO     |     准确率: 0.996337
2025-07-15 03:22:27 | INFO     |     F1(macro): 0.996339
2025-07-15 03:22:27 | INFO     |     F1(weighted): 0.996328
2025-07-15 03:22:27 | INFO     |     精确率: 0.996914
2025-07-15 03:22:27 | INFO     |     召回率: 0.995885
2025-07-15 03:22:27 | INFO     |   学习率调度器: f1_based
2025-07-15 03:22:27 | INFO     | ------------------------------------------------------------
2025-07-15 03:22:27 | INFO     | Epoch  70 | Train: Loss=0.0499, Acc=0.9789 | Val: Loss=0.0174, Acc=0.9963, F1=0.9963 | LR=0.000031 
2025-07-15 03:22:56 | INFO     | Epoch 71:
2025-07-15 03:22:56 | INFO     |   训练指标:
2025-07-15 03:22:56 | INFO     |     损失(ce): 0.044711
2025-07-15 03:22:56 | INFO     |     准确率: 0.984862
2025-07-15 03:22:56 | INFO     |     学习率: 0.00003125
2025-07-15 03:22:56 | INFO     |   验证指标(标准CE):
2025-07-15 03:22:56 | INFO     |     损失: 0.019040
2025-07-15 03:22:56 | INFO     |     准确率: 0.992674
2025-07-15 03:22:56 | INFO     |     F1(macro): 0.992640
2025-07-15 03:22:56 | INFO     |     F1(weighted): 0.992635
2025-07-15 03:22:56 | INFO     |     精确率: 0.993994
2025-07-15 03:22:56 | INFO     |     召回率: 0.991770
2025-07-15 03:22:56 | INFO     |   学习率调度器: f1_based
2025-07-15 03:22:56 | INFO     | ------------------------------------------------------------
2025-07-15 03:22:56 | INFO     | Epoch  71 | Train: Loss=0.0447, Acc=0.9849 | Val: Loss=0.0190, Acc=0.9927, F1=0.9926 | LR=0.000031 
2025-07-15 03:23:25 | INFO     | Epoch 72:
2025-07-15 03:23:25 | INFO     |   训练指标:
2025-07-15 03:23:25 | INFO     |     损失(ce): 0.053013
2025-07-15 03:23:25 | INFO     |     准确率: 0.978440
2025-07-15 03:23:25 | INFO     |     学习率: 0.00003125
2025-07-15 03:23:25 | INFO     |   验证指标(标准CE):
2025-07-15 03:23:25 | INFO     |     损失: 0.008431
2025-07-15 03:23:25 | INFO     |     准确率: 0.998168
2025-07-15 03:23:25 | INFO     |     F1(macro): 0.998174
2025-07-15 03:23:25 | INFO     |     F1(weighted): 0.998166
2025-07-15 03:23:25 | INFO     |     精确率: 0.998435
2025-07-15 03:23:25 | INFO     |     召回率: 0.997942
2025-07-15 03:23:25 | INFO     |   学习率调度器: f1_based
2025-07-15 03:23:25 | INFO     | ------------------------------------------------------------
2025-07-15 03:23:25 | INFO     | Epoch  72 | Train: Loss=0.0530, Acc=0.9784 | Val: Loss=0.0084, Acc=0.9982, F1=0.9982 | LR=0.000031 🏆 [最佳模型]
2025-07-15 03:23:54 | INFO     | Epoch 73:
2025-07-15 03:23:54 | INFO     |   训练指标:
2025-07-15 03:23:54 | INFO     |     损失(ce): 0.041632
2025-07-15 03:23:54 | INFO     |     准确率: 0.984404
2025-07-15 03:23:54 | INFO     |     学习率: 0.00003125
2025-07-15 03:23:54 | INFO     |   验证指标(标准CE):
2025-07-15 03:23:54 | INFO     |     损失: 0.016641
2025-07-15 03:23:54 | INFO     |     准确率: 0.996337
2025-07-15 03:23:54 | INFO     |     F1(macro): 0.996339
2025-07-15 03:23:54 | INFO     |     F1(weighted): 0.996328
2025-07-15 03:23:54 | INFO     |     精确率: 0.996914
2025-07-15 03:23:54 | INFO     |     召回率: 0.995885
2025-07-15 03:23:54 | INFO     |   学习率调度器: f1_based
2025-07-15 03:23:54 | INFO     | ------------------------------------------------------------
2025-07-15 03:23:54 | INFO     | Epoch  73 | Train: Loss=0.0416, Acc=0.9844 | Val: Loss=0.0166, Acc=0.9963, F1=0.9963 | LR=0.000031 
2025-07-15 03:24:22 | INFO     | Epoch 74:
2025-07-15 03:24:22 | INFO     |   训练指标:
2025-07-15 03:24:22 | INFO     |     损失(ce): 0.047602
2025-07-15 03:24:22 | INFO     |     准确率: 0.983945
2025-07-15 03:24:22 | INFO     |     学习率: 0.00003125
2025-07-15 03:24:22 | INFO     |   验证指标(标准CE):
2025-07-15 03:24:22 | INFO     |     损失: 0.025953
2025-07-15 03:24:22 | INFO     |     准确率: 0.990842
2025-07-15 03:24:22 | INFO     |     F1(macro): 0.990775
2025-07-15 03:24:22 | INFO     |     F1(weighted): 0.990778
2025-07-15 03:24:22 | INFO     |     精确率: 0.992593
2025-07-15 03:24:22 | INFO     |     召回率: 0.989712
2025-07-15 03:24:22 | INFO     |   学习率调度器: f1_based
2025-07-15 03:24:22 | INFO     | ------------------------------------------------------------
2025-07-15 03:24:22 | INFO     | Epoch  74 | Train: Loss=0.0476, Acc=0.9839 | Val: Loss=0.0260, Acc=0.9908, F1=0.9908 | LR=0.000031 
2025-07-15 03:24:50 | INFO     | Epoch 75:
2025-07-15 03:24:50 | INFO     |   训练指标:
2025-07-15 03:24:50 | INFO     |     损失(ce): 0.041771
2025-07-15 03:24:50 | INFO     |     准确率: 0.987615
2025-07-15 03:24:50 | INFO     |     学习率: 0.00003125
2025-07-15 03:24:50 | INFO     |   验证指标(标准CE):
2025-07-15 03:24:50 | INFO     |     损失: 0.012046
2025-07-15 03:24:50 | INFO     |     准确率: 0.996337
2025-07-15 03:24:50 | INFO     |     F1(macro): 0.996339
2025-07-15 03:24:50 | INFO     |     F1(weighted): 0.996328
2025-07-15 03:24:50 | INFO     |     精确率: 0.996914
2025-07-15 03:24:50 | INFO     |     召回率: 0.995885
2025-07-15 03:24:50 | INFO     |   学习率调度器: f1_based
2025-07-15 03:24:50 | INFO     | ------------------------------------------------------------
2025-07-15 03:24:50 | INFO     | Epoch  75 | Train: Loss=0.0418, Acc=0.9876 | Val: Loss=0.0120, Acc=0.9963, F1=0.9963 | LR=0.000031 
2025-07-15 03:25:18 | INFO     | Epoch 76:
2025-07-15 03:25:18 | INFO     |   训练指标:
2025-07-15 03:25:18 | INFO     |     损失(ce): 0.034716
2025-07-15 03:25:18 | INFO     |     准确率: 0.987615
2025-07-15 03:25:18 | INFO     |     学习率: 0.00003125
2025-07-15 03:25:18 | INFO     |   验证指标(标准CE):
2025-07-15 03:25:18 | INFO     |     损失: 0.023141
2025-07-15 03:25:18 | INFO     |     准确率: 0.996337
2025-07-15 03:25:18 | INFO     |     F1(macro): 0.996339
2025-07-15 03:25:18 | INFO     |     F1(weighted): 0.996328
2025-07-15 03:25:18 | INFO     |     精确率: 0.996914
2025-07-15 03:25:18 | INFO     |     召回率: 0.995885
2025-07-15 03:25:18 | INFO     |   学习率调度器: f1_based
2025-07-15 03:25:18 | INFO     | ------------------------------------------------------------
2025-07-15 03:25:18 | INFO     | Epoch  76 | Train: Loss=0.0347, Acc=0.9876 | Val: Loss=0.0231, Acc=0.9963, F1=0.9963 | LR=0.000031 
2025-07-15 03:25:47 | INFO     | Epoch 77:
2025-07-15 03:25:47 | INFO     |   训练指标:
2025-07-15 03:25:47 | INFO     |     损失(ce): 0.036646
2025-07-15 03:25:47 | INFO     |     准确率: 0.987615
2025-07-15 03:25:47 | INFO     |     学习率: 0.00003125
2025-07-15 03:25:47 | INFO     |   验证指标(标准CE):
2025-07-15 03:25:47 | INFO     |     损失: 0.018758
2025-07-15 03:25:47 | INFO     |     准确率: 0.996337
2025-07-15 03:25:47 | INFO     |     F1(macro): 0.996339
2025-07-15 03:25:47 | INFO     |     F1(weighted): 0.996328
2025-07-15 03:25:47 | INFO     |     精确率: 0.996914
2025-07-15 03:25:47 | INFO     |     召回率: 0.995885
2025-07-15 03:25:47 | INFO     |   学习率调度器: f1_based
2025-07-15 03:25:47 | INFO     | ------------------------------------------------------------
2025-07-15 03:25:47 | INFO     | Epoch  77 | Train: Loss=0.0366, Acc=0.9876 | Val: Loss=0.0188, Acc=0.9963, F1=0.9963 | LR=0.000031 
2025-07-15 03:26:15 | INFO     | Epoch 78:
2025-07-15 03:26:15 | INFO     |   训练指标:
2025-07-15 03:26:15 | INFO     |     损失(ce): 0.033944
2025-07-15 03:26:15 | INFO     |     准确率: 0.989450
2025-07-15 03:26:15 | INFO     |     学习率: 0.00003125
2025-07-15 03:26:15 | INFO     |   验证指标(标准CE):
2025-07-15 03:26:15 | INFO     |     损失: 0.014095
2025-07-15 03:26:15 | INFO     |     准确率: 0.994505
2025-07-15 03:26:15 | INFO     |     F1(macro): 0.994544
2025-07-15 03:26:15 | INFO     |     F1(weighted): 0.994511
2025-07-15 03:26:15 | INFO     |     精确率: 0.994349
2025-07-15 03:26:15 | INFO     |     召回率: 0.994768
2025-07-15 03:26:15 | INFO     |   学习率调度器: f1_based
2025-07-15 03:26:15 | INFO     | ------------------------------------------------------------
2025-07-15 03:26:15 | INFO     | 🎯 学习率调整事件:
2025-07-15 03:26:15 | INFO     |   调度器类型: f1_based
2025-07-15 03:26:15 | INFO     |   学习率变化: 0.00003125 → 0.00001563
2025-07-15 03:26:15 | INFO     |   触发条件: F1分数 = 0.994511
2025-07-15 03:26:15 | INFO     |   变化幅度: -50.00%
2025-07-15 03:26:15 | INFO     | ------------------------------------------------------------
2025-07-15 03:26:15 | INFO     | Epoch  78 | Train: Loss=0.0339, Acc=0.9894 | Val: Loss=0.0141, Acc=0.9945, F1=0.9945 | LR=0.000016 
2025-07-15 03:26:43 | INFO     | Epoch 79:
2025-07-15 03:26:43 | INFO     |   训练指标:
2025-07-15 03:26:43 | INFO     |     损失(ce): 0.038169
2025-07-15 03:26:43 | INFO     |     准确率: 0.988073
2025-07-15 03:26:43 | INFO     |     学习率: 0.00001563
2025-07-15 03:26:43 | INFO     |   验证指标(标准CE):
2025-07-15 03:26:43 | INFO     |     损失: 0.012442
2025-07-15 03:26:43 | INFO     |     准确率: 0.996337
2025-07-15 03:26:43 | INFO     |     F1(macro): 0.996339
2025-07-15 03:26:43 | INFO     |     F1(weighted): 0.996328
2025-07-15 03:26:43 | INFO     |     精确率: 0.996914
2025-07-15 03:26:43 | INFO     |     召回率: 0.995885
2025-07-15 03:26:43 | INFO     |   学习率调度器: f1_based
2025-07-15 03:26:43 | INFO     | ------------------------------------------------------------
2025-07-15 03:26:43 | INFO     | Epoch  79 | Train: Loss=0.0382, Acc=0.9881 | Val: Loss=0.0124, Acc=0.9963, F1=0.9963 | LR=0.000016 
2025-07-15 03:27:11 | INFO     | Epoch 80:
2025-07-15 03:27:11 | INFO     |   训练指标:
2025-07-15 03:27:11 | INFO     |     损失(ce): 0.033120
2025-07-15 03:27:11 | INFO     |     准确率: 0.989450
2025-07-15 03:27:11 | INFO     |     学习率: 0.00001563
2025-07-15 03:27:11 | INFO     |   验证指标(标准CE):
2025-07-15 03:27:11 | INFO     |     损失: 0.012683
2025-07-15 03:27:11 | INFO     |     准确率: 0.996337
2025-07-15 03:27:11 | INFO     |     F1(macro): 0.996339
2025-07-15 03:27:11 | INFO     |     F1(weighted): 0.996328
2025-07-15 03:27:11 | INFO     |     精确率: 0.996914
2025-07-15 03:27:11 | INFO     |     召回率: 0.995885
2025-07-15 03:27:11 | INFO     |   学习率调度器: f1_based
2025-07-15 03:27:11 | INFO     | ------------------------------------------------------------
2025-07-15 03:27:11 | INFO     | Epoch  80 | Train: Loss=0.0331, Acc=0.9894 | Val: Loss=0.0127, Acc=0.9963, F1=0.9963 | LR=0.000016 
2025-07-15 03:27:40 | INFO     | Epoch 81:
2025-07-15 03:27:40 | INFO     |   训练指标:
2025-07-15 03:27:40 | INFO     |     损失(ce): 0.029597
2025-07-15 03:27:40 | INFO     |     准确率: 0.988991
2025-07-15 03:27:40 | INFO     |     学习率: 0.00001563
2025-07-15 03:27:40 | INFO     |   验证指标(标准CE):
2025-07-15 03:27:40 | INFO     |     损失: 0.014837
2025-07-15 03:27:40 | INFO     |     准确率: 0.996337
2025-07-15 03:27:40 | INFO     |     F1(macro): 0.996339
2025-07-15 03:27:40 | INFO     |     F1(weighted): 0.996328
2025-07-15 03:27:40 | INFO     |     精确率: 0.996914
2025-07-15 03:27:40 | INFO     |     召回率: 0.995885
2025-07-15 03:27:40 | INFO     |   学习率调度器: f1_based
2025-07-15 03:27:40 | INFO     | ------------------------------------------------------------
2025-07-15 03:27:40 | INFO     | Epoch  81 | Train: Loss=0.0296, Acc=0.9890 | Val: Loss=0.0148, Acc=0.9963, F1=0.9963 | LR=0.000016 
2025-07-15 03:28:08 | INFO     | Epoch 82:
2025-07-15 03:28:08 | INFO     |   训练指标:
2025-07-15 03:28:08 | INFO     |     损失(ce): 0.025614
2025-07-15 03:28:08 | INFO     |     准确率: 0.992202
2025-07-15 03:28:08 | INFO     |     学习率: 0.00001563
2025-07-15 03:28:08 | INFO     |   验证指标(标准CE):
2025-07-15 03:28:08 | INFO     |     损失: 0.018942
2025-07-15 03:28:08 | INFO     |     准确率: 0.996337
2025-07-15 03:28:08 | INFO     |     F1(macro): 0.996339
2025-07-15 03:28:08 | INFO     |     F1(weighted): 0.996328
2025-07-15 03:28:08 | INFO     |     精确率: 0.996914
2025-07-15 03:28:08 | INFO     |     召回率: 0.995885
2025-07-15 03:28:08 | INFO     |   学习率调度器: f1_based
2025-07-15 03:28:08 | INFO     | ------------------------------------------------------------
2025-07-15 03:28:08 | INFO     | Epoch  82 | Train: Loss=0.0256, Acc=0.9922 | Val: Loss=0.0189, Acc=0.9963, F1=0.9963 | LR=0.000016 
2025-07-15 03:28:36 | INFO     | Epoch 83:
2025-07-15 03:28:36 | INFO     |   训练指标:
2025-07-15 03:28:36 | INFO     |     损失(ce): 0.032459
2025-07-15 03:28:36 | INFO     |     准确率: 0.989908
2025-07-15 03:28:36 | INFO     |     学习率: 0.00001563
2025-07-15 03:28:36 | INFO     |   验证指标(标准CE):
2025-07-15 03:28:36 | INFO     |     损失: 0.014213
2025-07-15 03:28:36 | INFO     |     准确率: 0.996337
2025-07-15 03:28:36 | INFO     |     F1(macro): 0.996339
2025-07-15 03:28:36 | INFO     |     F1(weighted): 0.996328
2025-07-15 03:28:36 | INFO     |     精确率: 0.996914
2025-07-15 03:28:36 | INFO     |     召回率: 0.995885
2025-07-15 03:28:36 | INFO     |   学习率调度器: f1_based
2025-07-15 03:28:36 | INFO     | ------------------------------------------------------------
2025-07-15 03:28:36 | INFO     | Epoch  83 | Train: Loss=0.0325, Acc=0.9899 | Val: Loss=0.0142, Acc=0.9963, F1=0.9963 | LR=0.000016 
2025-07-15 03:29:04 | INFO     | Epoch 84:
2025-07-15 03:29:04 | INFO     |   训练指标:
2025-07-15 03:29:04 | INFO     |     损失(ce): 0.033236
2025-07-15 03:29:04 | INFO     |     准确率: 0.989450
2025-07-15 03:29:04 | INFO     |     学习率: 0.00001563
2025-07-15 03:29:04 | INFO     |   验证指标(标准CE):
2025-07-15 03:29:04 | INFO     |     损失: 0.010161
2025-07-15 03:29:04 | INFO     |     准确率: 0.996337
2025-07-15 03:29:04 | INFO     |     F1(macro): 0.996339
2025-07-15 03:29:04 | INFO     |     F1(weighted): 0.996328
2025-07-15 03:29:04 | INFO     |     精确率: 0.996914
2025-07-15 03:29:04 | INFO     |     召回率: 0.995885
2025-07-15 03:29:04 | INFO     |   学习率调度器: f1_based
2025-07-15 03:29:04 | INFO     | ------------------------------------------------------------
2025-07-15 03:29:04 | INFO     | Epoch  84 | Train: Loss=0.0332, Acc=0.9894 | Val: Loss=0.0102, Acc=0.9963, F1=0.9963 | LR=0.000016 
2025-07-15 03:29:33 | INFO     | Epoch 85:
2025-07-15 03:29:33 | INFO     |   训练指标:
2025-07-15 03:29:33 | INFO     |     损失(ce): 0.031219
2025-07-15 03:29:33 | INFO     |     准确率: 0.990826
2025-07-15 03:29:33 | INFO     |     学习率: 0.00001563
2025-07-15 03:29:33 | INFO     |   验证指标(标准CE):
2025-07-15 03:29:33 | INFO     |     损失: 0.019235
2025-07-15 03:29:33 | INFO     |     准确率: 0.996337
2025-07-15 03:29:33 | INFO     |     F1(macro): 0.996339
2025-07-15 03:29:33 | INFO     |     F1(weighted): 0.996328
2025-07-15 03:29:33 | INFO     |     精确率: 0.996914
2025-07-15 03:29:33 | INFO     |     召回率: 0.995885
2025-07-15 03:29:33 | INFO     |   学习率调度器: f1_based
2025-07-15 03:29:33 | INFO     | ------------------------------------------------------------
2025-07-15 03:29:33 | INFO     | Epoch  85 | Train: Loss=0.0312, Acc=0.9908 | Val: Loss=0.0192, Acc=0.9963, F1=0.9963 | LR=0.000016 
2025-07-15 03:30:01 | INFO     | Epoch 86:
2025-07-15 03:30:01 | INFO     |   训练指标:
2025-07-15 03:30:01 | INFO     |     损失(ce): 0.028374
2025-07-15 03:30:01 | INFO     |     准确率: 0.990826
2025-07-15 03:30:01 | INFO     |     学习率: 0.00001563
2025-07-15 03:30:01 | INFO     |   验证指标(标准CE):
2025-07-15 03:30:01 | INFO     |     损失: 0.017115
2025-07-15 03:30:01 | INFO     |     准确率: 0.996337
2025-07-15 03:30:01 | INFO     |     F1(macro): 0.996339
2025-07-15 03:30:01 | INFO     |     F1(weighted): 0.996328
2025-07-15 03:30:01 | INFO     |     精确率: 0.996914
2025-07-15 03:30:01 | INFO     |     召回率: 0.995885
2025-07-15 03:30:01 | INFO     |   学习率调度器: f1_based
2025-07-15 03:30:01 | INFO     | ------------------------------------------------------------
2025-07-15 03:30:01 | INFO     | 🎯 学习率调整事件:
2025-07-15 03:30:01 | INFO     |   调度器类型: f1_based
2025-07-15 03:30:01 | INFO     |   学习率变化: 0.00001563 → 0.00000781
2025-07-15 03:30:01 | INFO     |   触发条件: F1分数 = 0.996328
2025-07-15 03:30:01 | INFO     |   变化幅度: -50.00%
2025-07-15 03:30:01 | INFO     | ------------------------------------------------------------
2025-07-15 03:30:01 | INFO     | Epoch  86 | Train: Loss=0.0284, Acc=0.9908 | Val: Loss=0.0171, Acc=0.9963, F1=0.9963 | LR=0.000008 
2025-07-15 03:30:29 | INFO     | Epoch 87:
2025-07-15 03:30:29 | INFO     |   训练指标:
2025-07-15 03:30:29 | INFO     |     损失(ce): 0.031068
2025-07-15 03:30:29 | INFO     |     准确率: 0.989450
2025-07-15 03:30:29 | INFO     |     学习率: 0.00000781
2025-07-15 03:30:29 | INFO     |   验证指标(标准CE):
2025-07-15 03:30:29 | INFO     |     损失: 0.015826
2025-07-15 03:30:29 | INFO     |     准确率: 0.996337
2025-07-15 03:30:29 | INFO     |     F1(macro): 0.996339
2025-07-15 03:30:29 | INFO     |     F1(weighted): 0.996328
2025-07-15 03:30:29 | INFO     |     精确率: 0.996914
2025-07-15 03:30:29 | INFO     |     召回率: 0.995885
2025-07-15 03:30:29 | INFO     |   学习率调度器: f1_based
2025-07-15 03:30:29 | INFO     | ------------------------------------------------------------
2025-07-15 03:30:29 | INFO     | Epoch  87 | Train: Loss=0.0311, Acc=0.9894 | Val: Loss=0.0158, Acc=0.9963, F1=0.9963 | LR=0.000008 
2025-07-15 03:30:29 | INFO     | ⏹️ 早停触发，在第 87 轮停止训练
2025-07-15 03:30:31 | INFO     | 训练历史已保存到: ./result/0715_0248_DualGAF_DualGAFNet_dilated_enhanced_sl96_step96_fd128_extractor-dilated_gaf-adaptive_attention-none_classifier-mlp_stat-basic_fusion-concat_ablation-no_attention/training_history.csv
2025-07-15 03:30:31 | INFO     | 
====================================================================================================
2025-07-15 03:30:31 | INFO     | 🎉 训练完成总结:
2025-07-15 03:30:31 | INFO     |   训练损失函数: ce
2025-07-15 03:30:31 | INFO     |   验证损失函数: 标准交叉熵（遵循主流ML规范）
2025-07-15 03:30:31 | INFO     |   训练过程最佳验证准确率: 0.9982
2025-07-15 03:30:31 | INFO     |   训练过程最佳验证F1(macro): 0.9982
2025-07-15 03:30:31 | INFO     |   训练过程最佳验证F1(weighted): 0.9982
2025-07-15 03:30:31 | INFO     |   训练轮数: 87
2025-07-15 03:30:31 | INFO     | --------------------------------------------------
2025-07-15 03:30:31 | INFO     | 📊 最佳模型真实性能指标（基于标准交叉熵损失）:
2025-07-15 03:30:31 | INFO     |   验证损失(标准CE): 0.0084
2025-07-15 03:30:31 | INFO     |   验证准确率: 0.9982
2025-07-15 03:30:31 | INFO     |   验证F1(macro): 0.9982
2025-07-15 03:30:31 | INFO     |   验证F1(weighted): 0.9982
2025-07-15 03:30:31 | INFO     |   验证精确率: 0.9984
2025-07-15 03:30:31 | INFO     |   验证召回率: 0.9979
2025-07-15 03:30:31 | INFO     | ====================================================================================================
2025-07-15 03:30:33 | INFO     | ================================================================================
2025-07-15 03:30:33 | INFO     | 实验日志结束: DualGAF_DualGAFNet_dilated_enhanced_sl96_step96_fd128_extractor-dilated_gaf-adaptive_attention-none_classifier-mlp_stat-basic_fusion-concat_ablation-no_attention
2025-07-15 03:30:33 | INFO     | 结束时间: 2025-07-15 03:30:33
2025-07-15 03:30:33 | INFO     | ================================================================================
