2025-07-31 18:48:30 | INFO     | ================================================================================
2025-07-31 18:48:30 | INFO     | 实验日志开始: DualGAF_DDAHU_DualGAFNet_SDAHU通道压缩3,5,7_sl96_step96_fd128_extractor-dilated_gaf-adaptive_attention-channel_classifier-mlp_stat-basic_fusion-concat_compression-signal_compression_ratio-0.7
2025-07-31 18:48:30 | INFO     | 日志文件: ./result/0731_1848_DualGAF_DDAHU_DualGAFNet_SDAHU通道压缩3,5,7_sl96_step96_fd128_extractor-dilated_gaf-adaptive_attention-channel_classifier-mlp_stat-basic_fusion-concat_compression-signal_compression_ratio-0.7/training.log
2025-07-31 18:48:30 | INFO     | 开始时间: 2025-07-31 18:48:30
2025-07-31 18:48:30 | INFO     | ================================================================================
2025-07-31 18:48:30 | INFO     | ⚙️ 实验配置:
2025-07-31 18:48:30 | INFO     |    task_name: classification
2025-07-31 18:48:30 | INFO     |    is_training: 1
2025-07-31 18:48:30 | INFO     |    model_id: test
2025-07-31 18:48:30 | INFO     |    model: DualGAFNet
2025-07-31 18:48:30 | INFO     |    data: DualGAF_DDAHU
2025-07-31 18:48:30 | INFO     |    root_path: ./dataset/DDAHU/direct_5_working
2025-07-31 18:48:30 | INFO     |    step: 96
2025-07-31 18:48:30 | INFO     |    checkpoints: ./checkpoints/
2025-07-31 18:48:30 | INFO     |    num_class: 29
2025-07-31 18:48:30 | INFO     |    result_path: ./result/
2025-07-31 18:48:30 | INFO     |    test_size: 0.2
2025-07-31 18:48:30 | INFO     |    rows: None
2025-07-31 18:48:30 | INFO     |    seq_len: 96
2025-07-31 18:48:30 | INFO     |    enc_in: 97
2025-07-31 18:48:30 | INFO     |    d_model: 512
2025-07-31 18:48:30 | INFO     |    n_heads: 8
2025-07-31 18:48:30 | INFO     |    e_layers: 2
2025-07-31 18:48:30 | INFO     |    d_layers: 1
2025-07-31 18:48:30 | INFO     |    d_ff: 2048
2025-07-31 18:48:30 | INFO     |    moving_avg: 25
2025-07-31 18:48:30 | INFO     |    factor: 1
2025-07-31 18:48:30 | INFO     |    distil: True
2025-07-31 18:48:30 | INFO     |    dropout: 0.1
2025-07-31 18:48:30 | INFO     |    embed: timeF
2025-07-31 18:48:30 | INFO     |    activation: gelu
2025-07-31 18:48:30 | INFO     |    use_norm: 1
2025-07-31 18:48:30 | INFO     |    gaf_method: summation
2025-07-31 18:48:30 | INFO     |    feature_dim: 128
2025-07-31 18:48:30 | INFO     |    data_type_method: uint8
2025-07-31 18:48:30 | INFO     |    use_attention: True
2025-07-31 18:48:30 | INFO     |    hidden_dim: 64
2025-07-31 18:48:30 | INFO     |    sample_size: 1000
2025-07-31 18:48:30 | INFO     |    cnn_dropout_rate: 0.3
2025-07-31 18:48:30 | INFO     |    cnn_use_batch_norm: True
2025-07-31 18:48:30 | INFO     |    channel_groups: None
2025-07-31 18:48:30 | INFO     |    hvac_groups: None
2025-07-31 18:48:30 | INFO     |    use_channel_compression: True
2025-07-31 18:48:30 | INFO     |    compression_strategy: signal_compression
2025-07-31 18:48:30 | INFO     |    compression_ratio: 0.7
2025-07-31 18:48:30 | INFO     |    compression_channels: None
2025-07-31 18:48:30 | INFO     |    adaptive_compression_ratios: [0.5, 0.7, 0.8]
2025-07-31 18:48:30 | INFO     |    hvac_group_compression_ratios: None
2025-07-31 18:48:30 | INFO     |    extractor_type: dilated
2025-07-31 18:48:30 | INFO     |    fusion_type: adaptive
2025-07-31 18:48:30 | INFO     |    attention_type: channel
2025-07-31 18:48:30 | INFO     |    classifier_type: mlp
2025-07-31 18:48:30 | INFO     |    use_statistical_features: True
2025-07-31 18:48:30 | INFO     |    stat_type: basic
2025-07-31 18:48:30 | INFO     |    multimodal_fusion_strategy: concat
2025-07-31 18:48:30 | INFO     |    use_signal_level_stats: False
2025-07-31 18:48:30 | INFO     |    signal_stat_type: comprehensive
2025-07-31 18:48:30 | INFO     |    signal_stat_fusion_strategy: concat_project
2025-07-31 18:48:30 | INFO     |    signal_stat_feature_dim: 32
2025-07-31 18:48:30 | INFO     |    use_diff_branch: True
2025-07-31 18:48:30 | INFO     |    ablation_mode: none
2025-07-31 18:48:30 | INFO     |    backbone_type: resnet18
2025-07-31 18:48:30 | INFO     |    use_sum_branch: True
2025-07-31 18:48:30 | INFO     |    num_workers: 0
2025-07-31 18:48:30 | INFO     |    cuda_debug: False
2025-07-31 18:48:30 | INFO     |    gpu_memory_fraction: 0.9
2025-07-31 18:48:30 | INFO     |    safe_mode: True
2025-07-31 18:48:30 | INFO     |    drop_last_batch: True
2025-07-31 18:48:30 | INFO     |    itr: 1
2025-07-31 18:48:30 | INFO     |    train_epochs: 300
2025-07-31 18:48:30 | INFO     |    batch_size: 4
2025-07-31 18:48:30 | INFO     |    patience: 15
2025-07-31 18:48:30 | INFO     |    learning_rate: 0.0001
2025-07-31 18:48:30 | INFO     |    des: SDAHU通道压缩3,5,7
2025-07-31 18:48:30 | INFO     |    loss: MSE
2025-07-31 18:48:30 | INFO     |    lradj: type1
2025-07-31 18:48:30 | INFO     |    lr_scheduler_type: f1_based
2025-07-31 18:48:30 | INFO     |    lr_loss_weight: 0.3
2025-07-31 18:48:30 | INFO     |    lr_f1_weight: 0.7
2025-07-31 18:48:30 | INFO     |    use_amp: False
2025-07-31 18:48:30 | INFO     |    gradient_accumulation_steps: 2
2025-07-31 18:48:30 | INFO     |    enable_auto_gradient_accumulation: True
2025-07-31 18:48:30 | INFO     |    loss_type: ce
2025-07-31 18:48:30 | INFO     |    label_smoothing: 0.1
2025-07-31 18:48:30 | INFO     |    focal_alpha: 1.0
2025-07-31 18:48:30 | INFO     |    focal_gamma: 2.0
2025-07-31 18:48:30 | INFO     |    confidence_penalty_beta: 0.1
2025-07-31 18:48:30 | INFO     |    use_timm_loss: True
2025-07-31 18:48:30 | INFO     |    adaptive_initial_smoothing: 0.2
2025-07-31 18:48:30 | INFO     |    adaptive_final_smoothing: 0.05
2025-07-31 18:48:30 | INFO     |    adaptive_decay_epochs: 30
2025-07-31 18:48:30 | INFO     |    enable_class_weights: False
2025-07-31 18:48:30 | INFO     |    class_weights: None
2025-07-31 18:48:30 | INFO     |    loss_preset: None
2025-07-31 18:48:30 | INFO     |    n_jobs: 1
2025-07-31 18:48:30 | INFO     |    use_multiprocessing: False
2025-07-31 18:48:30 | INFO     |    chunk_size: 800
2025-07-31 18:48:30 | INFO     |    disable_parallel: True
2025-07-31 18:48:30 | INFO     |    use_shared_memory: False
2025-07-31 18:48:30 | INFO     |    disable_shared_memory: False
2025-07-31 18:48:30 | INFO     |    use_gpu: True
2025-07-31 18:48:30 | INFO     |    gpu: 0
2025-07-31 18:48:30 | INFO     |    gpu_type: cuda
2025-07-31 18:48:30 | INFO     |    use_multi_gpu: False
2025-07-31 18:48:30 | INFO     |    devices: 0,1,2,3
2025-07-31 18:48:30 | INFO     |    device: cuda:0
2025-07-31 18:48:30 | INFO     |    feature_columns: ['CHWP_GPMC', 'CHWC_VLV_DM', 'CHWC_VLV', 'CHWC_MWT', 'CHWC_LWT', 'VAVCFM_H_DM_SB', 'CHWC_EAH', 'VAV_DAT_SA', 'CHWC_DAT', 'VAV_SP_C_SA', 'HWP_GPMT', 'VAVCFM_C_DM_SB', 'RM_TEMP_W', 'HWP_GPMC', 'VAVCFM_T_SB', 'VAV_DMPR_H_SB', 'HWC_VLV_DM', 'VAVCFM_H_SB', 'HWC_VLV', 'VAV_DMPR_H_E', 'HWC_LWT', 'HWC_MWT', 'VAV_DMPR_C_SB', 'HWC_DAT', 'RM_TEMP_SB', 'CSF_WAT', 'CSF_SPD', 'CSF_DP', 'CSA_TEMP', 'CSA_CFM', 'VAV_EAT_C_SB', 'CSA_HUMD', 'CSA_SP', 'VAVCFM_C_SB', 'VAVCFM_H_W', 'HSF_SPD', 'VAV_EAT_H_SB', 'VAV_DAT_SB', 'RM_TEMP_SA', 'HSF_DP', 'HSA_TEMP', 'VAVCFM_C_DM_W', 'VAVCFM_C_W', 'VAV_DAT_W', 'HSA_SP', 'HSA_CFM', 'VAV_DMPR_H_W', 'HSF_WAT', 'VAVCFM_T_W', 'EA_DMPR_DM', 'RF_WAT', 'VAV_SP_C_W', 'VAV_SP_H_E', 'EA_DMPR', 'VAV_SP_H_SB', 'RF_SPD', 'RA_TEMP', 'RA_HUMD', 'VAV_SP_H_SA', 'VAV_EAT_H_W', 'RF_DP', 'VAV_DMPR_C_SA', 'VAV_SP_C_SB', 'RA_DMPR_DM', 'VAV_DMPR_H_SA', 'VAV_SP_H_W', 'VAVCFM_H_DM_SA', 'RA_DMPR', 'VAV_EAT_C_W', 'VAVCFM_C_DM_SA', 'RA_CFM', 'MA_TEMP', 'VAVCFM_C_SA', 'OA_TEMP', 'VAVCFM_H_SA', 'VAVCFM_H_DM_W', 'OA_HUMD', 'VAVCFM_T_SA', 'OA_DMPR_DM', 'VAV_EAT_C_SA', 'VAV_DMPR_C_W', 'OA_DMPR', 'VAV_EAT_H_SA', 'HSA_HUMD', 'RM_TEMP_E', 'VAV_EAT_H_E', 'VAV_DAT_E', 'VAV_EAT_C_E', 'VAVCFM_T_E', 'VAVCFM_H_E', 'VAV_SP_C_E', 'VAVCFM_C_DM_E', 'OA_CFM', 'VAV_DMPR_C_E', 'VAVCFM_C_E', 'VAVCFM_H_DM_E', 'CHWP_GPMT']
2025-07-31 18:48:30 | INFO     | 🏗️ 模型信息:
2025-07-31 18:48:30 | INFO     |    模型类型: Model
2025-07-31 18:48:30 | INFO     |    总参数数量: 19,375,203
2025-07-31 18:48:30 | INFO     |    可训练参数: 19,375,203
2025-07-31 18:48:30 | INFO     |    模型大小估计: 73.91 MB
2025-07-31 18:48:30 | INFO     | 📊 数据集信息:
2025-07-31 18:48:30 | INFO     |    训练集大小: 5967
2025-07-31 18:48:30 | INFO     |    验证集大小: 1492
2025-07-31 18:48:30 | INFO     | 
================================================================================
2025-07-31 18:48:30 | INFO     | 📋 损失函数使用策略（遵循主流机器学习规范）:
2025-07-31 18:48:30 | INFO     |    🎯 训练阶段: 使用 ce 损失函数
2025-07-31 18:48:30 | INFO     |       → 目的：优化模型参数，解决特定问题（类别不平衡、相似性等）
2025-07-31 18:48:30 | INFO     |    📊 验证阶段: 使用标准交叉熵损失函数
2025-07-31 18:48:30 | INFO     |       → 目的：客观评估模型性能，便于不同方法比较
2025-07-31 18:48:30 | INFO     |    📈 最终报告: 基于标准交叉熵损失的指标
2025-07-31 18:48:30 | INFO     |       → 目的：提供可信、可比较的性能指标
2025-07-31 18:48:30 | INFO     | ================================================================================

2025-07-31 18:48:30 | INFO     | 🔄 梯度累积配置: 每2轮累积一次梯度
2025-07-31 18:48:30 | INFO     |    实际batch_size: 4
2025-07-31 18:48:30 | INFO     |    有效batch_size: 8
2025-07-31 18:53:40 | INFO     | Epoch 1:
2025-07-31 18:53:40 | INFO     |   训练指标:
2025-07-31 18:53:40 | INFO     |     损失(ce): 3.006354
2025-07-31 18:53:40 | INFO     |     准确率: 0.117371
2025-07-31 18:53:40 | INFO     |     学习率: 0.00010000
2025-07-31 18:53:40 | INFO     |   验证指标(标准CE):
2025-07-31 18:53:40 | INFO     |     损失: 2.172250
2025-07-31 18:53:40 | INFO     |     准确率: 0.373995
2025-07-31 18:53:40 | INFO     |     F1(macro): 0.299986
2025-07-31 18:53:40 | INFO     |     F1(weighted): 0.296607
2025-07-31 18:53:40 | INFO     |     精确率: 0.341779
2025-07-31 18:53:40 | INFO     |     召回率: 0.381841
2025-07-31 18:53:40 | INFO     |   学习率调度器: f1_based
2025-07-31 18:53:40 | INFO     | ------------------------------------------------------------
2025-07-31 18:53:40 | INFO     | Epoch   1 | Train: Loss=3.0064, Acc=0.1174 | Val: Loss=2.1723, Acc=0.3740, F1=0.2966 | LR=0.000100 🏆 [最佳模型]
2025-07-31 18:58:09 | INFO     | Epoch 2:
2025-07-31 18:58:09 | INFO     |   训练指标:
2025-07-31 18:58:09 | INFO     |     损失(ce): 1.708560
2025-07-31 18:58:09 | INFO     |     准确率: 0.467807
2025-07-31 18:58:09 | INFO     |     学习率: 0.00010000
2025-07-31 18:58:09 | INFO     |   验证指标(标准CE):
2025-07-31 18:58:09 | INFO     |     损失: 1.153917
2025-07-31 18:58:09 | INFO     |     准确率: 0.693700
2025-07-31 18:58:09 | INFO     |     F1(macro): 0.689917
2025-07-31 18:58:09 | INFO     |     F1(weighted): 0.690301
2025-07-31 18:58:09 | INFO     |     精确率: 0.758460
2025-07-31 18:58:09 | INFO     |     召回率: 0.700632
2025-07-31 18:58:09 | INFO     |   学习率调度器: f1_based
2025-07-31 18:58:09 | INFO     | ------------------------------------------------------------
2025-07-31 18:58:09 | INFO     | Epoch   2 | Train: Loss=1.7086, Acc=0.4678 | Val: Loss=1.1539, Acc=0.6937, F1=0.6903 | LR=0.000100 🏆 [最佳模型]
2025-07-31 19:02:37 | INFO     | Epoch 3:
2025-07-31 19:02:37 | INFO     |   训练指标:
2025-07-31 19:02:37 | INFO     |     损失(ce): 1.012492
2025-07-31 19:02:37 | INFO     |     准确率: 0.695339
2025-07-31 19:02:37 | INFO     |     学习率: 0.00010000
2025-07-31 19:02:37 | INFO     |   验证指标(标准CE):
2025-07-31 19:02:37 | INFO     |     损失: 0.828447
2025-07-31 19:02:37 | INFO     |     准确率: 0.788204
2025-07-31 19:02:37 | INFO     |     F1(macro): 0.787540
2025-07-31 19:02:37 | INFO     |     F1(weighted): 0.782213
2025-07-31 19:02:37 | INFO     |     精确率: 0.828780
2025-07-31 19:02:37 | INFO     |     召回率: 0.795549
2025-07-31 19:02:37 | INFO     |   学习率调度器: f1_based
2025-07-31 19:02:37 | INFO     | ------------------------------------------------------------
2025-07-31 19:02:37 | INFO     | Epoch   3 | Train: Loss=1.0125, Acc=0.6953 | Val: Loss=0.8284, Acc=0.7882, F1=0.7822 | LR=0.000100 🏆 [最佳模型]
2025-07-31 19:07:05 | INFO     | Epoch 4:
2025-07-31 19:07:05 | INFO     |   训练指标:
2025-07-31 19:07:05 | INFO     |     损失(ce): 0.725688
2025-07-31 19:07:05 | INFO     |     准确率: 0.778337
2025-07-31 19:07:05 | INFO     |     学习率: 0.00010000
2025-07-31 19:07:05 | INFO     |   验证指标(标准CE):
2025-07-31 19:07:05 | INFO     |     损失: 0.535325
2025-07-31 19:07:05 | INFO     |     准确率: 0.836461
2025-07-31 19:07:05 | INFO     |     F1(macro): 0.831652
2025-07-31 19:07:05 | INFO     |     F1(weighted): 0.831381
2025-07-31 19:07:05 | INFO     |     精确率: 0.885378
2025-07-31 19:07:05 | INFO     |     召回率: 0.838771
2025-07-31 19:07:05 | INFO     |   学习率调度器: f1_based
2025-07-31 19:07:05 | INFO     | ------------------------------------------------------------
2025-07-31 19:07:05 | INFO     | Epoch   4 | Train: Loss=0.7257, Acc=0.7783 | Val: Loss=0.5353, Acc=0.8365, F1=0.8314 | LR=0.000100 🏆 [最佳模型]
2025-07-31 19:11:32 | INFO     | Epoch 5:
2025-07-31 19:11:32 | INFO     |   训练指标:
2025-07-31 19:11:32 | INFO     |     损失(ce): 0.630248
2025-07-31 19:11:32 | INFO     |     准确率: 0.802649
2025-07-31 19:11:32 | INFO     |     学习率: 0.00010000
2025-07-31 19:11:32 | INFO     |   验证指标(标准CE):
2025-07-31 19:11:32 | INFO     |     损失: 0.647812
2025-07-31 19:11:32 | INFO     |     准确率: 0.805630
2025-07-31 19:11:32 | INFO     |     F1(macro): 0.798828
2025-07-31 19:11:32 | INFO     |     F1(weighted): 0.795104
2025-07-31 19:11:32 | INFO     |     精确率: 0.826861
2025-07-31 19:11:32 | INFO     |     召回率: 0.812758
2025-07-31 19:11:32 | INFO     |   学习率调度器: f1_based
2025-07-31 19:11:32 | INFO     | ------------------------------------------------------------
2025-07-31 19:11:32 | INFO     | Epoch   5 | Train: Loss=0.6302, Acc=0.8026 | Val: Loss=0.6478, Acc=0.8056, F1=0.7951 | LR=0.000100 
2025-07-31 19:16:00 | INFO     | Epoch 6:
2025-07-31 19:16:00 | INFO     |   训练指标:
2025-07-31 19:16:00 | INFO     |     损失(ce): 0.546238
2025-07-31 19:16:00 | INFO     |     准确率: 0.822770
2025-07-31 19:16:00 | INFO     |     学习率: 0.00010000
2025-07-31 19:16:00 | INFO     |   验证指标(标准CE):
2025-07-31 19:16:00 | INFO     |     损失: 0.615336
2025-07-31 19:16:00 | INFO     |     准确率: 0.828418
2025-07-31 19:16:00 | INFO     |     F1(macro): 0.837271
2025-07-31 19:16:00 | INFO     |     F1(weighted): 0.832448
2025-07-31 19:16:00 | INFO     |     精确率: 0.870642
2025-07-31 19:16:00 | INFO     |     召回率: 0.833688
2025-07-31 19:16:00 | INFO     |   学习率调度器: f1_based
2025-07-31 19:16:00 | INFO     | ------------------------------------------------------------
2025-07-31 19:16:00 | INFO     | Epoch   6 | Train: Loss=0.5462, Acc=0.8228 | Val: Loss=0.6153, Acc=0.8284, F1=0.8324 | LR=0.000100 🏆 [最佳模型]
2025-07-31 19:20:28 | INFO     | Epoch 7:
2025-07-31 19:20:28 | INFO     |   训练指标:
2025-07-31 19:20:28 | INFO     |     损失(ce): 0.468566
2025-07-31 19:20:28 | INFO     |     准确率: 0.847753
2025-07-31 19:20:28 | INFO     |     学习率: 0.00010000
2025-07-31 19:20:28 | INFO     |   验证指标(标准CE):
2025-07-31 19:20:28 | INFO     |     损失: 0.585205
2025-07-31 19:20:28 | INFO     |     准确率: 0.839142
2025-07-31 19:20:28 | INFO     |     F1(macro): 0.837952
2025-07-31 19:20:28 | INFO     |     F1(weighted): 0.835989
2025-07-31 19:20:28 | INFO     |     精确率: 0.859973
2025-07-31 19:20:28 | INFO     |     召回率: 0.842208
2025-07-31 19:20:28 | INFO     |   学习率调度器: f1_based
2025-07-31 19:20:28 | INFO     | ------------------------------------------------------------
2025-07-31 19:20:28 | INFO     | Epoch   7 | Train: Loss=0.4686, Acc=0.8478 | Val: Loss=0.5852, Acc=0.8391, F1=0.8360 | LR=0.000100 🏆 [最佳模型]
2025-07-31 19:24:56 | INFO     | Epoch 8:
2025-07-31 19:24:56 | INFO     |   训练指标:
2025-07-31 19:24:56 | INFO     |     损失(ce): 0.437164
2025-07-31 19:24:56 | INFO     |     准确率: 0.859826
2025-07-31 19:24:56 | INFO     |     学习率: 0.00010000
2025-07-31 19:24:56 | INFO     |   验证指标(标准CE):
2025-07-31 19:24:56 | INFO     |     损失: 0.310049
2025-07-31 19:24:56 | INFO     |     准确率: 0.901475
2025-07-31 19:24:56 | INFO     |     F1(macro): 0.908490
2025-07-31 19:24:56 | INFO     |     F1(weighted): 0.906663
2025-07-31 19:24:56 | INFO     |     精确率: 0.931459
2025-07-31 19:24:56 | INFO     |     召回率: 0.904531
2025-07-31 19:24:56 | INFO     |   学习率调度器: f1_based
2025-07-31 19:24:56 | INFO     | ------------------------------------------------------------
2025-07-31 19:24:56 | INFO     | Epoch   8 | Train: Loss=0.4372, Acc=0.8598 | Val: Loss=0.3100, Acc=0.9015, F1=0.9067 | LR=0.000100 🏆 [最佳模型]
2025-07-31 19:29:24 | INFO     | Epoch 9:
2025-07-31 19:29:24 | INFO     |   训练指标:
2025-07-31 19:29:24 | INFO     |     损失(ce): 0.395201
2025-07-31 19:29:24 | INFO     |     准确率: 0.874916
2025-07-31 19:29:24 | INFO     |     学习率: 0.00010000
2025-07-31 19:29:24 | INFO     |   验证指标(标准CE):
2025-07-31 19:29:24 | INFO     |     损失: 0.393716
2025-07-31 19:29:24 | INFO     |     准确率: 0.873324
2025-07-31 19:29:24 | INFO     |     F1(macro): 0.879008
2025-07-31 19:29:24 | INFO     |     F1(weighted): 0.876378
2025-07-31 19:29:24 | INFO     |     精确率: 0.905021
2025-07-31 19:29:24 | INFO     |     召回率: 0.877819
2025-07-31 19:29:24 | INFO     |   学习率调度器: f1_based
2025-07-31 19:29:24 | INFO     | ------------------------------------------------------------
2025-07-31 19:29:24 | INFO     | Epoch   9 | Train: Loss=0.3952, Acc=0.8749 | Val: Loss=0.3937, Acc=0.8733, F1=0.8764 | LR=0.000100 
2025-07-31 19:33:51 | INFO     | Epoch 10:
2025-07-31 19:33:51 | INFO     |   训练指标:
2025-07-31 19:33:51 | INFO     |     损失(ce): 0.360160
2025-07-31 19:33:51 | INFO     |     准确率: 0.884474
2025-07-31 19:33:51 | INFO     |     学习率: 0.00010000
2025-07-31 19:33:51 | INFO     |   验证指标(标准CE):
2025-07-31 19:33:51 | INFO     |     损失: 0.277458
2025-07-31 19:33:51 | INFO     |     准确率: 0.903485
2025-07-31 19:33:51 | INFO     |     F1(macro): 0.910253
2025-07-31 19:33:51 | INFO     |     F1(weighted): 0.907828
2025-07-31 19:33:51 | INFO     |     精确率: 0.928735
2025-07-31 19:33:51 | INFO     |     召回率: 0.907047
2025-07-31 19:33:51 | INFO     |   学习率调度器: f1_based
2025-07-31 19:33:51 | INFO     | ------------------------------------------------------------
2025-07-31 19:33:51 | INFO     | Epoch  10 | Train: Loss=0.3602, Acc=0.8845 | Val: Loss=0.2775, Acc=0.9035, F1=0.9078 | LR=0.000100 🏆 [最佳模型]
2025-07-31 19:38:18 | INFO     | Epoch 11:
2025-07-31 19:38:18 | INFO     |   训练指标:
2025-07-31 19:38:18 | INFO     |     损失(ce): 0.351105
2025-07-31 19:38:18 | INFO     |     准确率: 0.887492
2025-07-31 19:38:18 | INFO     |     学习率: 0.00010000
2025-07-31 19:38:18 | INFO     |   验证指标(标准CE):
2025-07-31 19:38:18 | INFO     |     损失: 0.329381
2025-07-31 19:38:18 | INFO     |     准确率: 0.902145
2025-07-31 19:38:18 | INFO     |     F1(macro): 0.897323
2025-07-31 19:38:18 | INFO     |     F1(weighted): 0.893799
2025-07-31 19:38:18 | INFO     |     精确率: 0.915006
2025-07-31 19:38:18 | INFO     |     召回率: 0.907682
2025-07-31 19:38:18 | INFO     |   学习率调度器: f1_based
2025-07-31 19:38:18 | INFO     | ------------------------------------------------------------
2025-07-31 19:38:18 | INFO     | Epoch  11 | Train: Loss=0.3511, Acc=0.8875 | Val: Loss=0.3294, Acc=0.9021, F1=0.8938 | LR=0.000100 
2025-07-31 19:42:46 | INFO     | Epoch 12:
2025-07-31 19:42:46 | INFO     |   训练指标:
2025-07-31 19:42:46 | INFO     |     损失(ce): 0.291276
2025-07-31 19:42:46 | INFO     |     准确率: 0.904930
2025-07-31 19:42:46 | INFO     |     学习率: 0.00010000
2025-07-31 19:42:46 | INFO     |   验证指标(标准CE):
2025-07-31 19:42:46 | INFO     |     损失: 0.322290
2025-07-31 19:42:46 | INFO     |     准确率: 0.910858
2025-07-31 19:42:46 | INFO     |     F1(macro): 0.912962
2025-07-31 19:42:46 | INFO     |     F1(weighted): 0.911932
2025-07-31 19:42:46 | INFO     |     精确率: 0.936588
2025-07-31 19:42:46 | INFO     |     召回率: 0.912104
2025-07-31 19:42:46 | INFO     |   学习率调度器: f1_based
2025-07-31 19:42:46 | INFO     | ------------------------------------------------------------
2025-07-31 19:42:46 | INFO     | Epoch  12 | Train: Loss=0.2913, Acc=0.9049 | Val: Loss=0.3223, Acc=0.9109, F1=0.9119 | LR=0.000100 🏆 [最佳模型]
2025-07-31 19:47:13 | INFO     | Epoch 13:
2025-07-31 19:47:13 | INFO     |   训练指标:
2025-07-31 19:47:13 | INFO     |     损失(ce): 0.301655
2025-07-31 19:47:13 | INFO     |     准确率: 0.901408
2025-07-31 19:47:13 | INFO     |     学习率: 0.00010000
2025-07-31 19:47:13 | INFO     |   验证指标(标准CE):
2025-07-31 19:47:13 | INFO     |     损失: 0.209727
2025-07-31 19:47:13 | INFO     |     准确率: 0.924933
2025-07-31 19:47:13 | INFO     |     F1(macro): 0.929536
2025-07-31 19:47:13 | INFO     |     F1(weighted): 0.928038
2025-07-31 19:47:13 | INFO     |     精确率: 0.947914
2025-07-31 19:47:13 | INFO     |     召回率: 0.924817
2025-07-31 19:47:13 | INFO     |   学习率调度器: f1_based
2025-07-31 19:47:13 | INFO     | ------------------------------------------------------------
2025-07-31 19:47:13 | INFO     | Epoch  13 | Train: Loss=0.3017, Acc=0.9014 | Val: Loss=0.2097, Acc=0.9249, F1=0.9280 | LR=0.000100 🏆 [最佳模型]
2025-07-31 19:51:41 | INFO     | Epoch 14:
2025-07-31 19:51:41 | INFO     |   训练指标:
2025-07-31 19:51:41 | INFO     |     损失(ce): 0.286386
2025-07-31 19:51:41 | INFO     |     准确率: 0.908283
2025-07-31 19:51:41 | INFO     |     学习率: 0.00010000
2025-07-31 19:51:41 | INFO     |   验证指标(标准CE):
2025-07-31 19:51:41 | INFO     |     损失: 0.202987
2025-07-31 19:51:41 | INFO     |     准确率: 0.931635
2025-07-31 19:51:41 | INFO     |     F1(macro): 0.935272
2025-07-31 19:51:41 | INFO     |     F1(weighted): 0.932220
2025-07-31 19:51:41 | INFO     |     精确率: 0.939717
2025-07-31 19:51:41 | INFO     |     召回率: 0.934909
2025-07-31 19:51:41 | INFO     |   学习率调度器: f1_based
2025-07-31 19:51:41 | INFO     | ------------------------------------------------------------
2025-07-31 19:51:41 | INFO     | Epoch  14 | Train: Loss=0.2864, Acc=0.9083 | Val: Loss=0.2030, Acc=0.9316, F1=0.9322 | LR=0.000100 🏆 [最佳模型]
2025-07-31 19:56:09 | INFO     | Epoch 15:
2025-07-31 19:56:09 | INFO     |   训练指标:
2025-07-31 19:56:09 | INFO     |     损失(ce): 0.265672
2025-07-31 19:56:09 | INFO     |     准确率: 0.912475
2025-07-31 19:56:09 | INFO     |     学习率: 0.00010000
2025-07-31 19:56:09 | INFO     |   验证指标(标准CE):
2025-07-31 19:56:09 | INFO     |     损失: 0.296848
2025-07-31 19:56:09 | INFO     |     准确率: 0.911528
2025-07-31 19:56:09 | INFO     |     F1(macro): 0.916822
2025-07-31 19:56:09 | INFO     |     F1(weighted): 0.915008
2025-07-31 19:56:09 | INFO     |     精确率: 0.930937
2025-07-31 19:56:09 | INFO     |     召回率: 0.914346
2025-07-31 19:56:09 | INFO     |   学习率调度器: f1_based
2025-07-31 19:56:09 | INFO     | ------------------------------------------------------------
2025-07-31 19:56:09 | INFO     | Epoch  15 | Train: Loss=0.2657, Acc=0.9125 | Val: Loss=0.2968, Acc=0.9115, F1=0.9150 | LR=0.000100 
2025-07-31 20:00:36 | INFO     | Epoch 16:
2025-07-31 20:00:36 | INFO     |   训练指标:
2025-07-31 20:00:36 | INFO     |     损失(ce): 0.246690
2025-07-31 20:00:36 | INFO     |     准确率: 0.925889
2025-07-31 20:00:36 | INFO     |     学习率: 0.00010000
2025-07-31 20:00:36 | INFO     |   验证指标(标准CE):
2025-07-31 20:00:36 | INFO     |     损失: 0.230312
2025-07-31 20:00:36 | INFO     |     准确率: 0.934987
2025-07-31 20:00:36 | INFO     |     F1(macro): 0.937759
2025-07-31 20:00:36 | INFO     |     F1(weighted): 0.935283
2025-07-31 20:00:36 | INFO     |     精确率: 0.954248
2025-07-31 20:00:36 | INFO     |     召回率: 0.936937
2025-07-31 20:00:36 | INFO     |   学习率调度器: f1_based
2025-07-31 20:00:36 | INFO     | ------------------------------------------------------------
2025-07-31 20:00:36 | INFO     | Epoch  16 | Train: Loss=0.2467, Acc=0.9259 | Val: Loss=0.2303, Acc=0.9350, F1=0.9353 | LR=0.000100 🏆 [最佳模型]
2025-07-31 20:05:04 | INFO     | Epoch 17:
2025-07-31 20:05:04 | INFO     |   训练指标:
2025-07-31 20:05:04 | INFO     |     损失(ce): 0.288163
2025-07-31 20:05:04 | INFO     |     准确率: 0.910127
2025-07-31 20:05:04 | INFO     |     学习率: 0.00010000
2025-07-31 20:05:04 | INFO     |   验证指标(标准CE):
2025-07-31 20:05:04 | INFO     |     损失: 0.282096
2025-07-31 20:05:04 | INFO     |     准确率: 0.904826
2025-07-31 20:05:04 | INFO     |     F1(macro): 0.908204
2025-07-31 20:05:04 | INFO     |     F1(weighted): 0.905806
2025-07-31 20:05:04 | INFO     |     精确率: 0.924094
2025-07-31 20:05:04 | INFO     |     召回率: 0.906922
2025-07-31 20:05:04 | INFO     |   学习率调度器: f1_based
2025-07-31 20:05:04 | INFO     | ------------------------------------------------------------
2025-07-31 20:05:04 | INFO     | Epoch  17 | Train: Loss=0.2882, Acc=0.9101 | Val: Loss=0.2821, Acc=0.9048, F1=0.9058 | LR=0.000100 
2025-07-31 20:09:32 | INFO     | Epoch 18:
2025-07-31 20:09:32 | INFO     |   训练指标:
2025-07-31 20:09:32 | INFO     |     损失(ce): 0.241487
2025-07-31 20:09:32 | INFO     |     准确率: 0.925218
2025-07-31 20:09:32 | INFO     |     学习率: 0.00010000
2025-07-31 20:09:32 | INFO     |   验证指标(标准CE):
2025-07-31 20:09:32 | INFO     |     损失: 0.208330
2025-07-31 20:09:32 | INFO     |     准确率: 0.926273
2025-07-31 20:09:32 | INFO     |     F1(macro): 0.927266
2025-07-31 20:09:32 | INFO     |     F1(weighted): 0.927262
2025-07-31 20:09:32 | INFO     |     精确率: 0.938030
2025-07-31 20:09:32 | INFO     |     召回率: 0.926735
2025-07-31 20:09:32 | INFO     |   学习率调度器: f1_based
2025-07-31 20:09:32 | INFO     | ------------------------------------------------------------
2025-07-31 20:09:32 | INFO     | Epoch  18 | Train: Loss=0.2415, Acc=0.9252 | Val: Loss=0.2083, Acc=0.9263, F1=0.9273 | LR=0.000100 
2025-07-31 20:13:59 | INFO     | Epoch 19:
2025-07-31 20:13:59 | INFO     |   训练指标:
2025-07-31 20:13:59 | INFO     |     损失(ce): 0.241830
2025-07-31 20:13:59 | INFO     |     准确率: 0.921362
2025-07-31 20:13:59 | INFO     |     学习率: 0.00010000
2025-07-31 20:13:59 | INFO     |   验证指标(标准CE):
2025-07-31 20:13:59 | INFO     |     损失: 0.306606
2025-07-31 20:13:59 | INFO     |     准确率: 0.925603
2025-07-31 20:13:59 | INFO     |     F1(macro): 0.930808
2025-07-31 20:13:59 | INFO     |     F1(weighted): 0.927927
2025-07-31 20:13:59 | INFO     |     精确率: 0.948386
2025-07-31 20:13:59 | INFO     |     召回率: 0.929272
2025-07-31 20:13:59 | INFO     |   学习率调度器: f1_based
2025-07-31 20:13:59 | INFO     | ------------------------------------------------------------
2025-07-31 20:13:59 | INFO     | Epoch  19 | Train: Loss=0.2418, Acc=0.9214 | Val: Loss=0.3066, Acc=0.9256, F1=0.9279 | LR=0.000100 
2025-07-31 20:18:26 | INFO     | Epoch 20:
2025-07-31 20:18:26 | INFO     |   训练指标:
2025-07-31 20:18:26 | INFO     |     损失(ce): 0.228621
2025-07-31 20:18:26 | INFO     |     准确率: 0.928236
2025-07-31 20:18:26 | INFO     |     学习率: 0.00010000
2025-07-31 20:18:26 | INFO     |   验证指标(标准CE):
2025-07-31 20:18:26 | INFO     |     损失: 0.357033
2025-07-31 20:18:26 | INFO     |     准确率: 0.917560
2025-07-31 20:18:26 | INFO     |     F1(macro): 0.918261
2025-07-31 20:18:26 | INFO     |     F1(weighted): 0.916231
2025-07-31 20:18:26 | INFO     |     精确率: 0.930527
2025-07-31 20:18:26 | INFO     |     召回率: 0.918296
2025-07-31 20:18:26 | INFO     |   学习率调度器: f1_based
2025-07-31 20:18:26 | INFO     | ------------------------------------------------------------
2025-07-31 20:18:26 | INFO     | Epoch  20 | Train: Loss=0.2286, Acc=0.9282 | Val: Loss=0.3570, Acc=0.9176, F1=0.9162 | LR=0.000100 
2025-07-31 20:22:53 | INFO     | Epoch 21:
2025-07-31 20:22:53 | INFO     |   训练指标:
2025-07-31 20:22:53 | INFO     |     损失(ce): 0.221825
2025-07-31 20:22:53 | INFO     |     准确率: 0.927901
2025-07-31 20:22:53 | INFO     |     学习率: 0.00010000
2025-07-31 20:22:53 | INFO     |   验证指标(标准CE):
2025-07-31 20:22:53 | INFO     |     损失: 0.266697
2025-07-31 20:22:53 | INFO     |     准确率: 0.907507
2025-07-31 20:22:53 | INFO     |     F1(macro): 0.917335
2025-07-31 20:22:53 | INFO     |     F1(weighted): 0.913600
2025-07-31 20:22:53 | INFO     |     精确率: 0.932752
2025-07-31 20:22:53 | INFO     |     召回率: 0.910725
2025-07-31 20:22:53 | INFO     |   学习率调度器: f1_based
2025-07-31 20:22:53 | INFO     | ------------------------------------------------------------
2025-07-31 20:22:53 | INFO     | Epoch  21 | Train: Loss=0.2218, Acc=0.9279 | Val: Loss=0.2667, Acc=0.9075, F1=0.9136 | LR=0.000100 
2025-07-31 20:27:21 | INFO     | Epoch 22:
2025-07-31 20:27:21 | INFO     |   训练指标:
2025-07-31 20:27:21 | INFO     |     损失(ce): 0.212528
2025-07-31 20:27:21 | INFO     |     准确率: 0.936955
2025-07-31 20:27:21 | INFO     |     学习率: 0.00010000
2025-07-31 20:27:21 | INFO     |   验证指标(标准CE):
2025-07-31 20:27:21 | INFO     |     损失: 0.227540
2025-07-31 20:27:21 | INFO     |     准确率: 0.925603
2025-07-31 20:27:21 | INFO     |     F1(macro): 0.928784
2025-07-31 20:27:21 | INFO     |     F1(weighted): 0.926623
2025-07-31 20:27:21 | INFO     |     精确率: 0.940296
2025-07-31 20:27:21 | INFO     |     召回率: 0.928361
2025-07-31 20:27:21 | INFO     |   学习率调度器: f1_based
2025-07-31 20:27:21 | INFO     | ------------------------------------------------------------
2025-07-31 20:27:21 | INFO     | Epoch  22 | Train: Loss=0.2125, Acc=0.9370 | Val: Loss=0.2275, Acc=0.9256, F1=0.9266 | LR=0.000100 
2025-07-31 20:31:48 | INFO     | Epoch 23:
2025-07-31 20:31:48 | INFO     |   训练指标:
2025-07-31 20:31:48 | INFO     |     损失(ce): 0.198913
2025-07-31 20:31:48 | INFO     |     准确率: 0.936955
2025-07-31 20:31:48 | INFO     |     学习率: 0.00010000
2025-07-31 20:31:48 | INFO     |   验证指标(标准CE):
2025-07-31 20:31:48 | INFO     |     损失: 0.191402
2025-07-31 20:31:48 | INFO     |     准确率: 0.929625
2025-07-31 20:31:48 | INFO     |     F1(macro): 0.934330
2025-07-31 20:31:48 | INFO     |     F1(weighted): 0.930646
2025-07-31 20:31:48 | INFO     |     精确率: 0.945928
2025-07-31 20:31:48 | INFO     |     召回率: 0.934402
2025-07-31 20:31:48 | INFO     |   学习率调度器: f1_based
2025-07-31 20:31:48 | INFO     | ------------------------------------------------------------
2025-07-31 20:31:48 | INFO     | Epoch  23 | Train: Loss=0.1989, Acc=0.9370 | Val: Loss=0.1914, Acc=0.9296, F1=0.9306 | LR=0.000100 
2025-07-31 20:36:15 | INFO     | Epoch 24:
2025-07-31 20:36:15 | INFO     |   训练指标:
2025-07-31 20:36:15 | INFO     |     损失(ce): 0.209200
2025-07-31 20:36:15 | INFO     |     准确率: 0.939805
2025-07-31 20:36:15 | INFO     |     学习率: 0.00010000
2025-07-31 20:36:15 | INFO     |   验证指标(标准CE):
2025-07-31 20:36:15 | INFO     |     损失: 0.259912
2025-07-31 20:36:15 | INFO     |     准确率: 0.920912
2025-07-31 20:36:15 | INFO     |     F1(macro): 0.922348
2025-07-31 20:36:15 | INFO     |     F1(weighted): 0.921347
2025-07-31 20:36:15 | INFO     |     精确率: 0.938609
2025-07-31 20:36:15 | INFO     |     召回率: 0.922014
2025-07-31 20:36:15 | INFO     |   学习率调度器: f1_based
2025-07-31 20:36:15 | INFO     | ------------------------------------------------------------
2025-07-31 20:36:15 | INFO     | 🎯 学习率调整事件:
2025-07-31 20:36:15 | INFO     |   调度器类型: f1_based
2025-07-31 20:36:15 | INFO     |   学习率变化: 0.00010000 → 0.00005000
2025-07-31 20:36:15 | INFO     |   触发条件: F1分数 = 0.921347
2025-07-31 20:36:15 | INFO     |   变化幅度: -50.00%
2025-07-31 20:36:15 | INFO     | ------------------------------------------------------------
2025-07-31 20:36:15 | INFO     | Epoch  24 | Train: Loss=0.2092, Acc=0.9398 | Val: Loss=0.2599, Acc=0.9209, F1=0.9213 | LR=0.000050 
2025-07-31 20:40:42 | INFO     | Epoch 25:
2025-07-31 20:40:42 | INFO     |   训练指标:
2025-07-31 20:40:42 | INFO     |     损失(ce): 0.128233
2025-07-31 20:40:42 | INFO     |     准确率: 0.956573
2025-07-31 20:40:42 | INFO     |     学习率: 0.00005000
2025-07-31 20:40:42 | INFO     |   验证指标(标准CE):
2025-07-31 20:40:42 | INFO     |     损失: 0.113299
2025-07-31 20:40:42 | INFO     |     准确率: 0.961796
2025-07-31 20:40:42 | INFO     |     F1(macro): 0.963384
2025-07-31 20:40:42 | INFO     |     F1(weighted): 0.961648
2025-07-31 20:40:42 | INFO     |     精确率: 0.968121
2025-07-31 20:40:42 | INFO     |     召回率: 0.963901
2025-07-31 20:40:42 | INFO     |   学习率调度器: f1_based
2025-07-31 20:40:42 | INFO     | ------------------------------------------------------------
2025-07-31 20:40:42 | INFO     | Epoch  25 | Train: Loss=0.1282, Acc=0.9566 | Val: Loss=0.1133, Acc=0.9618, F1=0.9616 | LR=0.000050 🏆 [最佳模型]
2025-07-31 20:45:09 | INFO     | Epoch 26:
2025-07-31 20:45:09 | INFO     |   训练指标:
2025-07-31 20:45:09 | INFO     |     损失(ce): 0.105166
2025-07-31 20:45:09 | INFO     |     准确率: 0.963783
2025-07-31 20:45:09 | INFO     |     学习率: 0.00005000
2025-07-31 20:45:09 | INFO     |   验证指标(标准CE):
2025-07-31 20:45:09 | INFO     |     损失: 0.137645
2025-07-31 20:45:09 | INFO     |     准确率: 0.961796
2025-07-31 20:45:09 | INFO     |     F1(macro): 0.964442
2025-07-31 20:45:09 | INFO     |     F1(weighted): 0.962787
2025-07-31 20:45:09 | INFO     |     精确率: 0.970091
2025-07-31 20:45:09 | INFO     |     召回率: 0.962350
2025-07-31 20:45:09 | INFO     |   学习率调度器: f1_based
2025-07-31 20:45:09 | INFO     | ------------------------------------------------------------
2025-07-31 20:45:09 | INFO     | Epoch  26 | Train: Loss=0.1052, Acc=0.9638 | Val: Loss=0.1376, Acc=0.9618, F1=0.9628 | LR=0.000050 🏆 [最佳模型]
2025-07-31 20:49:37 | INFO     | Epoch 27:
2025-07-31 20:49:37 | INFO     |   训练指标:
2025-07-31 20:49:37 | INFO     |     损失(ce): 0.110465
2025-07-31 20:49:37 | INFO     |     准确率: 0.964621
2025-07-31 20:49:37 | INFO     |     学习率: 0.00005000
2025-07-31 20:49:37 | INFO     |   验证指标(标准CE):
2025-07-31 20:49:37 | INFO     |     损失: 0.186374
2025-07-31 20:49:37 | INFO     |     准确率: 0.947721
2025-07-31 20:49:37 | INFO     |     F1(macro): 0.950228
2025-07-31 20:49:37 | INFO     |     F1(weighted): 0.948970
2025-07-31 20:49:37 | INFO     |     精确率: 0.960525
2025-07-31 20:49:37 | INFO     |     召回率: 0.948804
2025-07-31 20:49:37 | INFO     |   学习率调度器: f1_based
2025-07-31 20:49:37 | INFO     | ------------------------------------------------------------
2025-07-31 20:49:37 | INFO     | Epoch  27 | Train: Loss=0.1105, Acc=0.9646 | Val: Loss=0.1864, Acc=0.9477, F1=0.9490 | LR=0.000050 
2025-07-31 20:54:04 | INFO     | Epoch 28:
2025-07-31 20:54:04 | INFO     |   训练指标:
2025-07-31 20:54:04 | INFO     |     损失(ce): 0.125449
2025-07-31 20:54:04 | INFO     |     准确率: 0.958920
2025-07-31 20:54:04 | INFO     |     学习率: 0.00005000
2025-07-31 20:54:04 | INFO     |   验证指标(标准CE):
2025-07-31 20:54:04 | INFO     |     损失: 0.128379
2025-07-31 20:54:04 | INFO     |     准确率: 0.963807
2025-07-31 20:54:04 | INFO     |     F1(macro): 0.965558
2025-07-31 20:54:04 | INFO     |     F1(weighted): 0.964161
2025-07-31 20:54:04 | INFO     |     精确率: 0.969829
2025-07-31 20:54:04 | INFO     |     召回率: 0.964833
2025-07-31 20:54:04 | INFO     |   学习率调度器: f1_based
2025-07-31 20:54:04 | INFO     | ------------------------------------------------------------
2025-07-31 20:54:04 | INFO     | Epoch  28 | Train: Loss=0.1254, Acc=0.9589 | Val: Loss=0.1284, Acc=0.9638, F1=0.9642 | LR=0.000050 🏆 [最佳模型]
2025-07-31 20:58:32 | INFO     | Epoch 29:
2025-07-31 20:58:32 | INFO     |   训练指标:
2025-07-31 20:58:32 | INFO     |     损失(ce): 0.099316
2025-07-31 20:58:32 | INFO     |     准确率: 0.967807
2025-07-31 20:58:32 | INFO     |     学习率: 0.00005000
2025-07-31 20:58:32 | INFO     |   验证指标(标准CE):
2025-07-31 20:58:32 | INFO     |     损失: 0.139296
2025-07-31 20:58:32 | INFO     |     准确率: 0.955764
2025-07-31 20:58:32 | INFO     |     F1(macro): 0.959924
2025-07-31 20:58:32 | INFO     |     F1(weighted): 0.957251
2025-07-31 20:58:32 | INFO     |     精确率: 0.968374
2025-07-31 20:58:32 | INFO     |     召回率: 0.958161
2025-07-31 20:58:32 | INFO     |   学习率调度器: f1_based
2025-07-31 20:58:32 | INFO     | ------------------------------------------------------------
2025-07-31 20:58:32 | INFO     | Epoch  29 | Train: Loss=0.0993, Acc=0.9678 | Val: Loss=0.1393, Acc=0.9558, F1=0.9573 | LR=0.000050 
2025-07-31 21:02:59 | INFO     | Epoch 30:
2025-07-31 21:02:59 | INFO     |   训练指标:
2025-07-31 21:02:59 | INFO     |     损失(ce): 0.113665
2025-07-31 21:02:59 | INFO     |     准确率: 0.964956
2025-07-31 21:02:59 | INFO     |     学习率: 0.00005000
2025-07-31 21:02:59 | INFO     |   验证指标(标准CE):
2025-07-31 21:02:59 | INFO     |     损失: 0.114294
2025-07-31 21:02:59 | INFO     |     准确率: 0.964477
2025-07-31 21:02:59 | INFO     |     F1(macro): 0.965649
2025-07-31 21:02:59 | INFO     |     F1(weighted): 0.964822
2025-07-31 21:02:59 | INFO     |     精确率: 0.966821
2025-07-31 21:02:59 | INFO     |     召回率: 0.966314
2025-07-31 21:02:59 | INFO     |   学习率调度器: f1_based
2025-07-31 21:02:59 | INFO     | ------------------------------------------------------------
2025-07-31 21:02:59 | INFO     | Epoch  30 | Train: Loss=0.1137, Acc=0.9650 | Val: Loss=0.1143, Acc=0.9645, F1=0.9648 | LR=0.000050 🏆 [最佳模型]
2025-07-31 21:07:27 | INFO     | Epoch 31:
2025-07-31 21:07:27 | INFO     |   训练指标:
2025-07-31 21:07:27 | INFO     |     损失(ce): 0.114917
2025-07-31 21:07:27 | INFO     |     准确率: 0.962944
2025-07-31 21:07:27 | INFO     |     学习率: 0.00005000
2025-07-31 21:07:27 | INFO     |   验证指标(标准CE):
2025-07-31 21:07:27 | INFO     |     损失: 0.105520
2025-07-31 21:07:27 | INFO     |     准确率: 0.959115
2025-07-31 21:07:27 | INFO     |     F1(macro): 0.961170
2025-07-31 21:07:27 | INFO     |     F1(weighted): 0.959766
2025-07-31 21:07:27 | INFO     |     精确率: 0.967874
2025-07-31 21:07:27 | INFO     |     召回率: 0.960984
2025-07-31 21:07:27 | INFO     |   学习率调度器: f1_based
2025-07-31 21:07:27 | INFO     | ------------------------------------------------------------
2025-07-31 21:07:27 | INFO     | Epoch  31 | Train: Loss=0.1149, Acc=0.9629 | Val: Loss=0.1055, Acc=0.9591, F1=0.9598 | LR=0.000050 
2025-07-31 21:11:54 | INFO     | Epoch 32:
2025-07-31 21:11:54 | INFO     |   训练指标:
2025-07-31 21:11:54 | INFO     |     损失(ce): 0.099722
2025-07-31 21:11:54 | INFO     |     准确率: 0.966465
2025-07-31 21:11:54 | INFO     |     学习率: 0.00005000
2025-07-31 21:11:54 | INFO     |   验证指标(标准CE):
2025-07-31 21:11:54 | INFO     |     损失: 0.110339
2025-07-31 21:11:54 | INFO     |     准确率: 0.961796
2025-07-31 21:11:54 | INFO     |     F1(macro): 0.963144
2025-07-31 21:11:54 | INFO     |     F1(weighted): 0.961826
2025-07-31 21:11:54 | INFO     |     精确率: 0.967030
2025-07-31 21:11:54 | INFO     |     召回率: 0.963730
2025-07-31 21:11:54 | INFO     |   学习率调度器: f1_based
2025-07-31 21:11:54 | INFO     | ------------------------------------------------------------
2025-07-31 21:11:54 | INFO     | Epoch  32 | Train: Loss=0.0997, Acc=0.9665 | Val: Loss=0.1103, Acc=0.9618, F1=0.9618 | LR=0.000050 
2025-07-31 21:16:21 | INFO     | Epoch 33:
2025-07-31 21:16:21 | INFO     |   训练指标:
2025-07-31 21:16:21 | INFO     |     损失(ce): 0.107196
2025-07-31 21:16:21 | INFO     |     准确率: 0.964789
2025-07-31 21:16:21 | INFO     |     学习率: 0.00005000
2025-07-31 21:16:21 | INFO     |   验证指标(标准CE):
2025-07-31 21:16:21 | INFO     |     损失: 0.127603
2025-07-31 21:16:21 | INFO     |     准确率: 0.955764
2025-07-31 21:16:21 | INFO     |     F1(macro): 0.956970
2025-07-31 21:16:21 | INFO     |     F1(weighted): 0.955699
2025-07-31 21:16:21 | INFO     |     精确率: 0.964152
2025-07-31 21:16:21 | INFO     |     召回率: 0.956742
2025-07-31 21:16:21 | INFO     |   学习率调度器: f1_based
2025-07-31 21:16:21 | INFO     | ------------------------------------------------------------
2025-07-31 21:16:21 | INFO     | Epoch  33 | Train: Loss=0.1072, Acc=0.9648 | Val: Loss=0.1276, Acc=0.9558, F1=0.9557 | LR=0.000050 
2025-07-31 21:20:48 | INFO     | Epoch 34:
2025-07-31 21:20:48 | INFO     |   训练指标:
2025-07-31 21:20:48 | INFO     |     损失(ce): 0.112897
2025-07-31 21:20:48 | INFO     |     准确率: 0.961938
2025-07-31 21:20:48 | INFO     |     学习率: 0.00005000
2025-07-31 21:20:48 | INFO     |   验证指标(标准CE):
2025-07-31 21:20:48 | INFO     |     损失: 0.136612
2025-07-31 21:20:48 | INFO     |     准确率: 0.953083
2025-07-31 21:20:48 | INFO     |     F1(macro): 0.955430
2025-07-31 21:20:48 | INFO     |     F1(weighted): 0.953813
2025-07-31 21:20:48 | INFO     |     精确率: 0.958657
2025-07-31 21:20:48 | INFO     |     召回率: 0.954261
2025-07-31 21:20:48 | INFO     |   学习率调度器: f1_based
2025-07-31 21:20:48 | INFO     | ------------------------------------------------------------
2025-07-31 21:20:48 | INFO     | Epoch  34 | Train: Loss=0.1129, Acc=0.9619 | Val: Loss=0.1366, Acc=0.9531, F1=0.9538 | LR=0.000050 
2025-07-31 21:25:15 | INFO     | Epoch 35:
2025-07-31 21:25:15 | INFO     |   训练指标:
2025-07-31 21:25:15 | INFO     |     损失(ce): 0.111909
2025-07-31 21:25:15 | INFO     |     准确率: 0.966968
2025-07-31 21:25:15 | INFO     |     学习率: 0.00005000
2025-07-31 21:25:15 | INFO     |   验证指标(标准CE):
2025-07-31 21:25:15 | INFO     |     损失: 0.095825
2025-07-31 21:25:15 | INFO     |     准确率: 0.965818
2025-07-31 21:25:15 | INFO     |     F1(macro): 0.966939
2025-07-31 21:25:15 | INFO     |     F1(weighted): 0.965609
2025-07-31 21:25:15 | INFO     |     精确率: 0.970496
2025-07-31 21:25:15 | INFO     |     召回率: 0.967980
2025-07-31 21:25:15 | INFO     |   学习率调度器: f1_based
2025-07-31 21:25:15 | INFO     | ------------------------------------------------------------
2025-07-31 21:25:15 | INFO     | Epoch  35 | Train: Loss=0.1119, Acc=0.9670 | Val: Loss=0.0958, Acc=0.9658, F1=0.9656 | LR=0.000050 🏆 [最佳模型]
2025-07-31 21:29:43 | INFO     | Epoch 36:
2025-07-31 21:29:43 | INFO     |   训练指标:
2025-07-31 21:29:43 | INFO     |     损失(ce): 0.105965
2025-07-31 21:29:43 | INFO     |     准确率: 0.968813
2025-07-31 21:29:43 | INFO     |     学习率: 0.00005000
2025-07-31 21:29:43 | INFO     |   验证指标(标准CE):
2025-07-31 21:29:43 | INFO     |     损失: 0.113314
2025-07-31 21:29:43 | INFO     |     准确率: 0.963137
2025-07-31 21:29:43 | INFO     |     F1(macro): 0.964137
2025-07-31 21:29:43 | INFO     |     F1(weighted): 0.963130
2025-07-31 21:29:43 | INFO     |     精确率: 0.968964
2025-07-31 21:29:43 | INFO     |     召回率: 0.965546
2025-07-31 21:29:43 | INFO     |   学习率调度器: f1_based
2025-07-31 21:29:43 | INFO     | ------------------------------------------------------------
2025-07-31 21:29:43 | INFO     | Epoch  36 | Train: Loss=0.1060, Acc=0.9688 | Val: Loss=0.1133, Acc=0.9631, F1=0.9631 | LR=0.000050 
2025-07-31 21:34:10 | INFO     | Epoch 37:
2025-07-31 21:34:10 | INFO     |   训练指标:
2025-07-31 21:34:10 | INFO     |     损失(ce): 0.107169
2025-07-31 21:34:10 | INFO     |     准确率: 0.966130
2025-07-31 21:34:10 | INFO     |     学习率: 0.00005000
2025-07-31 21:34:10 | INFO     |   验证指标(标准CE):
2025-07-31 21:34:10 | INFO     |     损失: 0.197701
2025-07-31 21:34:10 | INFO     |     准确率: 0.947051
2025-07-31 21:34:10 | INFO     |     F1(macro): 0.947835
2025-07-31 21:34:10 | INFO     |     F1(weighted): 0.944981
2025-07-31 21:34:10 | INFO     |     精确率: 0.953152
2025-07-31 21:34:10 | INFO     |     召回率: 0.950940
2025-07-31 21:34:10 | INFO     |   学习率调度器: f1_based
2025-07-31 21:34:10 | INFO     | ------------------------------------------------------------
2025-07-31 21:34:10 | INFO     | Epoch  37 | Train: Loss=0.1072, Acc=0.9661 | Val: Loss=0.1977, Acc=0.9471, F1=0.9450 | LR=0.000050 
2025-07-31 21:38:38 | INFO     | Epoch 38:
2025-07-31 21:38:38 | INFO     |   训练指标:
2025-07-31 21:38:38 | INFO     |     损失(ce): 0.105435
2025-07-31 21:38:38 | INFO     |     准确率: 0.966968
2025-07-31 21:38:38 | INFO     |     学习率: 0.00005000
2025-07-31 21:38:38 | INFO     |   验证指标(标准CE):
2025-07-31 21:38:38 | INFO     |     损失: 0.182135
2025-07-31 21:38:38 | INFO     |     准确率: 0.947051
2025-07-31 21:38:38 | INFO     |     F1(macro): 0.949866
2025-07-31 21:38:38 | INFO     |     F1(weighted): 0.948284
2025-07-31 21:38:38 | INFO     |     精确率: 0.960880
2025-07-31 21:38:38 | INFO     |     召回率: 0.948881
2025-07-31 21:38:38 | INFO     |   学习率调度器: f1_based
2025-07-31 21:38:38 | INFO     | ------------------------------------------------------------
2025-07-31 21:38:38 | INFO     | Epoch  38 | Train: Loss=0.1054, Acc=0.9670 | Val: Loss=0.1821, Acc=0.9471, F1=0.9483 | LR=0.000050 
2025-07-31 21:43:06 | INFO     | Epoch 39:
2025-07-31 21:43:06 | INFO     |   训练指标:
2025-07-31 21:43:06 | INFO     |     损失(ce): 0.108305
2025-07-31 21:43:06 | INFO     |     准确率: 0.965292
2025-07-31 21:43:06 | INFO     |     学习率: 0.00005000
2025-07-31 21:43:06 | INFO     |   验证指标(标准CE):
2025-07-31 21:43:06 | INFO     |     损失: 0.095596
2025-07-31 21:43:06 | INFO     |     准确率: 0.971180
2025-07-31 21:43:06 | INFO     |     F1(macro): 0.972554
2025-07-31 21:43:06 | INFO     |     F1(weighted): 0.971046
2025-07-31 21:43:06 | INFO     |     精确率: 0.974531
2025-07-31 21:43:06 | INFO     |     召回率: 0.972844
2025-07-31 21:43:06 | INFO     |   学习率调度器: f1_based
2025-07-31 21:43:06 | INFO     | ------------------------------------------------------------
2025-07-31 21:43:06 | INFO     | Epoch  39 | Train: Loss=0.1083, Acc=0.9653 | Val: Loss=0.0956, Acc=0.9712, F1=0.9710 | LR=0.000050 🏆 [最佳模型]
2025-07-31 21:47:34 | INFO     | Epoch 40:
2025-07-31 21:47:34 | INFO     |   训练指标:
2025-07-31 21:47:34 | INFO     |     损失(ce): 0.105570
2025-07-31 21:47:34 | INFO     |     准确率: 0.969316
2025-07-31 21:47:34 | INFO     |     学习率: 0.00005000
2025-07-31 21:47:34 | INFO     |   验证指标(标准CE):
2025-07-31 21:47:34 | INFO     |     损失: 0.128728
2025-07-31 21:47:34 | INFO     |     准确率: 0.958445
2025-07-31 21:47:34 | INFO     |     F1(macro): 0.960964
2025-07-31 21:47:34 | INFO     |     F1(weighted): 0.959272
2025-07-31 21:47:34 | INFO     |     精确率: 0.967753
2025-07-31 21:47:34 | INFO     |     召回率: 0.961067
2025-07-31 21:47:34 | INFO     |   学习率调度器: f1_based
2025-07-31 21:47:34 | INFO     | ------------------------------------------------------------
2025-07-31 21:47:34 | INFO     | Epoch  40 | Train: Loss=0.1056, Acc=0.9693 | Val: Loss=0.1287, Acc=0.9584, F1=0.9593 | LR=0.000050 
2025-07-31 21:52:02 | INFO     | Epoch 41:
2025-07-31 21:52:02 | INFO     |   训练指标:
2025-07-31 21:52:02 | INFO     |     损失(ce): 0.094119
2025-07-31 21:52:02 | INFO     |     准确率: 0.972502
2025-07-31 21:52:02 | INFO     |     学习率: 0.00005000
2025-07-31 21:52:02 | INFO     |   验证指标(标准CE):
2025-07-31 21:52:02 | INFO     |     损失: 0.084299
2025-07-31 21:52:02 | INFO     |     准确率: 0.971180
2025-07-31 21:52:02 | INFO     |     F1(macro): 0.971887
2025-07-31 21:52:02 | INFO     |     F1(weighted): 0.971178
2025-07-31 21:52:02 | INFO     |     精确率: 0.973859
2025-07-31 21:52:02 | INFO     |     召回率: 0.972083
2025-07-31 21:52:02 | INFO     |   学习率调度器: f1_based
2025-07-31 21:52:02 | INFO     | ------------------------------------------------------------
2025-07-31 21:52:02 | INFO     | Epoch  41 | Train: Loss=0.0941, Acc=0.9725 | Val: Loss=0.0843, Acc=0.9712, F1=0.9712 | LR=0.000050 🏆 [最佳模型]
2025-07-31 21:56:30 | INFO     | Epoch 42:
2025-07-31 21:56:30 | INFO     |   训练指标:
2025-07-31 21:56:30 | INFO     |     损失(ce): 0.107550
2025-07-31 21:56:30 | INFO     |     准确率: 0.968478
2025-07-31 21:56:30 | INFO     |     学习率: 0.00005000
2025-07-31 21:56:30 | INFO     |   验证指标(标准CE):
2025-07-31 21:56:30 | INFO     |     损失: 0.098237
2025-07-31 21:56:30 | INFO     |     准确率: 0.969839
2025-07-31 21:56:30 | INFO     |     F1(macro): 0.970841
2025-07-31 21:56:30 | INFO     |     F1(weighted): 0.969989
2025-07-31 21:56:30 | INFO     |     精确率: 0.973994
2025-07-31 21:56:30 | INFO     |     召回率: 0.970022
2025-07-31 21:56:30 | INFO     |   学习率调度器: f1_based
2025-07-31 21:56:30 | INFO     | ------------------------------------------------------------
2025-07-31 21:56:30 | INFO     | Epoch  42 | Train: Loss=0.1075, Acc=0.9685 | Val: Loss=0.0982, Acc=0.9698, F1=0.9700 | LR=0.000050 
2025-07-31 22:00:57 | INFO     | Epoch 43:
2025-07-31 22:00:57 | INFO     |   训练指标:
2025-07-31 22:00:57 | INFO     |     损失(ce): 0.101666
2025-07-31 22:00:57 | INFO     |     准确率: 0.967639
2025-07-31 22:00:57 | INFO     |     学习率: 0.00005000
2025-07-31 22:00:57 | INFO     |   验证指标(标准CE):
2025-07-31 22:00:57 | INFO     |     损失: 0.100309
2025-07-31 22:00:57 | INFO     |     准确率: 0.965147
2025-07-31 22:00:57 | INFO     |     F1(macro): 0.966968
2025-07-31 22:00:57 | INFO     |     F1(weighted): 0.965372
2025-07-31 22:00:57 | INFO     |     精确率: 0.970191
2025-07-31 22:00:57 | INFO     |     召回率: 0.966449
2025-07-31 22:00:57 | INFO     |   学习率调度器: f1_based
2025-07-31 22:00:57 | INFO     | ------------------------------------------------------------
2025-07-31 22:00:57 | INFO     | Epoch  43 | Train: Loss=0.1017, Acc=0.9676 | Val: Loss=0.1003, Acc=0.9651, F1=0.9654 | LR=0.000050 
2025-07-31 22:05:25 | INFO     | Epoch 44:
2025-07-31 22:05:25 | INFO     |   训练指标:
2025-07-31 22:05:25 | INFO     |     损失(ce): 0.099970
2025-07-31 22:05:25 | INFO     |     准确率: 0.968645
2025-07-31 22:05:25 | INFO     |     学习率: 0.00005000
2025-07-31 22:05:25 | INFO     |   验证指标(标准CE):
2025-07-31 22:05:25 | INFO     |     损失: 0.090734
2025-07-31 22:05:25 | INFO     |     准确率: 0.965818
2025-07-31 22:05:25 | INFO     |     F1(macro): 0.967007
2025-07-31 22:05:25 | INFO     |     F1(weighted): 0.965993
2025-07-31 22:05:25 | INFO     |     精确率: 0.968940
2025-07-31 22:05:25 | INFO     |     召回率: 0.967012
2025-07-31 22:05:25 | INFO     |   学习率调度器: f1_based
2025-07-31 22:05:25 | INFO     | ------------------------------------------------------------
2025-07-31 22:05:25 | INFO     | Epoch  44 | Train: Loss=0.1000, Acc=0.9686 | Val: Loss=0.0907, Acc=0.9658, F1=0.9660 | LR=0.000050 
2025-07-31 22:09:52 | INFO     | Epoch 45:
2025-07-31 22:09:52 | INFO     |   训练指标:
2025-07-31 22:09:52 | INFO     |     损失(ce): 0.102277
2025-07-31 22:09:52 | INFO     |     准确率: 0.967975
2025-07-31 22:09:52 | INFO     |     学习率: 0.00005000
2025-07-31 22:09:52 | INFO     |   验证指标(标准CE):
2025-07-31 22:09:52 | INFO     |     损失: 0.130070
2025-07-31 22:09:52 | INFO     |     准确率: 0.963137
2025-07-31 22:09:52 | INFO     |     F1(macro): 0.964174
2025-07-31 22:09:52 | INFO     |     F1(weighted): 0.963014
2025-07-31 22:09:52 | INFO     |     精确率: 0.969715
2025-07-31 22:09:52 | INFO     |     召回率: 0.965316
2025-07-31 22:09:52 | INFO     |   学习率调度器: f1_based
2025-07-31 22:09:52 | INFO     | ------------------------------------------------------------
2025-07-31 22:09:52 | INFO     | Epoch  45 | Train: Loss=0.1023, Acc=0.9680 | Val: Loss=0.1301, Acc=0.9631, F1=0.9630 | LR=0.000050 
2025-07-31 22:14:20 | INFO     | Epoch 46:
2025-07-31 22:14:20 | INFO     |   训练指标:
2025-07-31 22:14:20 | INFO     |     损失(ce): 0.103448
2025-07-31 22:14:20 | INFO     |     准确率: 0.968310
2025-07-31 22:14:20 | INFO     |     学习率: 0.00005000
2025-07-31 22:14:20 | INFO     |   验证指标(标准CE):
2025-07-31 22:14:20 | INFO     |     损失: 0.157405
2025-07-31 22:14:20 | INFO     |     准确率: 0.955094
2025-07-31 22:14:20 | INFO     |     F1(macro): 0.957446
2025-07-31 22:14:20 | INFO     |     F1(weighted): 0.954059
2025-07-31 22:14:20 | INFO     |     精确率: 0.964203
2025-07-31 22:14:20 | INFO     |     召回率: 0.959276
2025-07-31 22:14:20 | INFO     |   学习率调度器: f1_based
2025-07-31 22:14:20 | INFO     | ------------------------------------------------------------
2025-07-31 22:14:20 | INFO     | Epoch  46 | Train: Loss=0.1034, Acc=0.9683 | Val: Loss=0.1574, Acc=0.9551, F1=0.9541 | LR=0.000050 
2025-07-31 22:18:48 | INFO     | Epoch 47:
2025-07-31 22:18:48 | INFO     |   训练指标:
2025-07-31 22:18:48 | INFO     |     损失(ce): 0.108628
2025-07-31 22:18:48 | INFO     |     准确率: 0.968981
2025-07-31 22:18:48 | INFO     |     学习率: 0.00005000
2025-07-31 22:18:48 | INFO     |   验证指标(标准CE):
2025-07-31 22:18:48 | INFO     |     损失: 0.127485
2025-07-31 22:18:48 | INFO     |     准确率: 0.961796
2025-07-31 22:18:48 | INFO     |     F1(macro): 0.962969
2025-07-31 22:18:48 | INFO     |     F1(weighted): 0.961640
2025-07-31 22:18:48 | INFO     |     精确率: 0.967620
2025-07-31 22:18:48 | INFO     |     召回率: 0.964363
2025-07-31 22:18:48 | INFO     |   学习率调度器: f1_based
2025-07-31 22:18:48 | INFO     | ------------------------------------------------------------
2025-07-31 22:18:48 | INFO     | 🎯 学习率调整事件:
2025-07-31 22:18:48 | INFO     |   调度器类型: f1_based
2025-07-31 22:18:48 | INFO     |   学习率变化: 0.00005000 → 0.00002500
2025-07-31 22:18:48 | INFO     |   触发条件: F1分数 = 0.961640
2025-07-31 22:18:48 | INFO     |   变化幅度: -50.00%
2025-07-31 22:18:48 | INFO     | ------------------------------------------------------------
2025-07-31 22:18:48 | INFO     | Epoch  47 | Train: Loss=0.1086, Acc=0.9690 | Val: Loss=0.1275, Acc=0.9618, F1=0.9616 | LR=0.000025 
2025-07-31 22:23:15 | INFO     | Epoch 48:
2025-07-31 22:23:15 | INFO     |   训练指标:
2025-07-31 22:23:15 | INFO     |     损失(ce): 0.066136
2025-07-31 22:23:15 | INFO     |     准确率: 0.976861
2025-07-31 22:23:15 | INFO     |     学习率: 0.00002500
2025-07-31 22:23:15 | INFO     |   验证指标(标准CE):
2025-07-31 22:23:15 | INFO     |     损失: 0.102552
2025-07-31 22:23:15 | INFO     |     准确率: 0.971180
2025-07-31 22:23:15 | INFO     |     F1(macro): 0.972077
2025-07-31 22:23:15 | INFO     |     F1(weighted): 0.971129
2025-07-31 22:23:15 | INFO     |     精确率: 0.974351
2025-07-31 22:23:15 | INFO     |     召回率: 0.972390
2025-07-31 22:23:15 | INFO     |   学习率调度器: f1_based
2025-07-31 22:23:15 | INFO     | ------------------------------------------------------------
2025-07-31 22:23:15 | INFO     | Epoch  48 | Train: Loss=0.0661, Acc=0.9769 | Val: Loss=0.1026, Acc=0.9712, F1=0.9711 | LR=0.000025 
2025-07-31 22:27:43 | INFO     | Epoch 49:
2025-07-31 22:27:43 | INFO     |   训练指标:
2025-07-31 22:27:43 | INFO     |     损失(ce): 0.062175
2025-07-31 22:27:43 | INFO     |     准确率: 0.977867
2025-07-31 22:27:43 | INFO     |     学习率: 0.00002500
2025-07-31 22:27:43 | INFO     |   验证指标(标准CE):
2025-07-31 22:27:43 | INFO     |     损失: 0.101821
2025-07-31 22:27:43 | INFO     |     准确率: 0.970509
2025-07-31 22:27:43 | INFO     |     F1(macro): 0.971566
2025-07-31 22:27:43 | INFO     |     F1(weighted): 0.970432
2025-07-31 22:27:43 | INFO     |     精确率: 0.974728
2025-07-31 22:27:43 | INFO     |     召回率: 0.972489
2025-07-31 22:27:43 | INFO     |   学习率调度器: f1_based
2025-07-31 22:27:43 | INFO     | ------------------------------------------------------------
2025-07-31 22:27:43 | INFO     | Epoch  49 | Train: Loss=0.0622, Acc=0.9779 | Val: Loss=0.1018, Acc=0.9705, F1=0.9704 | LR=0.000025 
2025-07-31 22:32:10 | INFO     | Epoch 50:
2025-07-31 22:32:10 | INFO     |   训练指标:
2025-07-31 22:32:10 | INFO     |     损失(ce): 0.067655
2025-07-31 22:32:10 | INFO     |     准确率: 0.976693
2025-07-31 22:32:10 | INFO     |     学习率: 0.00002500
2025-07-31 22:32:10 | INFO     |   验证指标(标准CE):
2025-07-31 22:32:10 | INFO     |     损失: 0.110135
2025-07-31 22:32:10 | INFO     |     准确率: 0.969169
2025-07-31 22:32:10 | INFO     |     F1(macro): 0.970121
2025-07-31 22:32:10 | INFO     |     F1(weighted): 0.968974
2025-07-31 22:32:10 | INFO     |     精确率: 0.974020
2025-07-31 22:32:10 | INFO     |     召回率: 0.971132
2025-07-31 22:32:10 | INFO     |   学习率调度器: f1_based
2025-07-31 22:32:10 | INFO     | ------------------------------------------------------------
2025-07-31 22:32:10 | INFO     | Epoch  50 | Train: Loss=0.0677, Acc=0.9767 | Val: Loss=0.1101, Acc=0.9692, F1=0.9690 | LR=0.000025 
2025-07-31 22:36:38 | INFO     | Epoch 51:
2025-07-31 22:36:38 | INFO     |   训练指标:
2025-07-31 22:36:38 | INFO     |     损失(ce): 0.070403
2025-07-31 22:36:38 | INFO     |     准确率: 0.973843
2025-07-31 22:36:38 | INFO     |     学习率: 0.00002500
2025-07-31 22:36:38 | INFO     |   验证指标(标准CE):
2025-07-31 22:36:38 | INFO     |     损失: 0.091324
2025-07-31 22:36:38 | INFO     |     准确率: 0.969839
2025-07-31 22:36:38 | INFO     |     F1(macro): 0.970795
2025-07-31 22:36:38 | INFO     |     F1(weighted): 0.969659
2025-07-31 22:36:38 | INFO     |     精确率: 0.974351
2025-07-31 22:36:38 | INFO     |     召回率: 0.971627
2025-07-31 22:36:38 | INFO     |   学习率调度器: f1_based
2025-07-31 22:36:38 | INFO     | ------------------------------------------------------------
2025-07-31 22:36:38 | INFO     | Epoch  51 | Train: Loss=0.0704, Acc=0.9738 | Val: Loss=0.0913, Acc=0.9698, F1=0.9697 | LR=0.000025 
2025-07-31 22:41:05 | INFO     | Epoch 52:
2025-07-31 22:41:05 | INFO     |   训练指标:
2025-07-31 22:41:05 | INFO     |     损失(ce): 0.060493
2025-07-31 22:41:05 | INFO     |     准确率: 0.978538
2025-07-31 22:41:05 | INFO     |     学习率: 0.00002500
2025-07-31 22:41:05 | INFO     |   验证指标(标准CE):
2025-07-31 22:41:05 | INFO     |     损失: 0.083454
2025-07-31 22:41:05 | INFO     |     准确率: 0.971180
2025-07-31 22:41:05 | INFO     |     F1(macro): 0.971826
2025-07-31 22:41:05 | INFO     |     F1(weighted): 0.970947
2025-07-31 22:41:05 | INFO     |     精确率: 0.974825
2025-07-31 22:41:05 | INFO     |     召回率: 0.972794
2025-07-31 22:41:05 | INFO     |   学习率调度器: f1_based
2025-07-31 22:41:05 | INFO     | ------------------------------------------------------------
2025-07-31 22:41:05 | INFO     | Epoch  52 | Train: Loss=0.0605, Acc=0.9785 | Val: Loss=0.0835, Acc=0.9712, F1=0.9709 | LR=0.000025 
2025-07-31 22:45:33 | INFO     | Epoch 53:
2025-07-31 22:45:33 | INFO     |   训练指标:
2025-07-31 22:45:33 | INFO     |     损失(ce): 0.065016
2025-07-31 22:45:33 | INFO     |     准确率: 0.977532
2025-07-31 22:45:33 | INFO     |     学习率: 0.00002500
2025-07-31 22:45:33 | INFO     |   验证指标(标准CE):
2025-07-31 22:45:33 | INFO     |     损失: 0.136195
2025-07-31 22:45:33 | INFO     |     准确率: 0.964477
2025-07-31 22:45:33 | INFO     |     F1(macro): 0.965883
2025-07-31 22:45:33 | INFO     |     F1(weighted): 0.964540
2025-07-31 22:45:33 | INFO     |     精确率: 0.971998
2025-07-31 22:45:33 | INFO     |     召回率: 0.965188
2025-07-31 22:45:33 | INFO     |   学习率调度器: f1_based
2025-07-31 22:45:33 | INFO     | ------------------------------------------------------------
2025-07-31 22:45:33 | INFO     | Epoch  53 | Train: Loss=0.0650, Acc=0.9775 | Val: Loss=0.1362, Acc=0.9645, F1=0.9645 | LR=0.000025 
2025-07-31 22:50:00 | INFO     | Epoch 54:
2025-07-31 22:50:00 | INFO     |   训练指标:
2025-07-31 22:50:00 | INFO     |     损失(ce): 0.062752
2025-07-31 22:50:00 | INFO     |     准确率: 0.978203
2025-07-31 22:50:00 | INFO     |     学习率: 0.00002500
2025-07-31 22:50:00 | INFO     |   验证指标(标准CE):
2025-07-31 22:50:00 | INFO     |     损失: 0.137373
2025-07-31 22:50:00 | INFO     |     准确率: 0.967828
2025-07-31 22:50:00 | INFO     |     F1(macro): 0.969013
2025-07-31 22:50:00 | INFO     |     F1(weighted): 0.968134
2025-07-31 22:50:00 | INFO     |     精确率: 0.970201
2025-07-31 22:50:00 | INFO     |     召回率: 0.969122
2025-07-31 22:50:00 | INFO     |   学习率调度器: f1_based
2025-07-31 22:50:00 | INFO     | ------------------------------------------------------------
2025-07-31 22:50:00 | INFO     | Epoch  54 | Train: Loss=0.0628, Acc=0.9782 | Val: Loss=0.1374, Acc=0.9678, F1=0.9681 | LR=0.000025 
2025-07-31 22:54:28 | INFO     | Epoch 55:
2025-07-31 22:54:28 | INFO     |   训练指标:
2025-07-31 22:54:28 | INFO     |     损失(ce): 0.060920
2025-07-31 22:54:28 | INFO     |     准确率: 0.979041
2025-07-31 22:54:28 | INFO     |     学习率: 0.00002500
2025-07-31 22:54:28 | INFO     |   验证指标(标准CE):
2025-07-31 22:54:28 | INFO     |     损失: 0.077172
2025-07-31 22:54:28 | INFO     |     准确率: 0.977212
2025-07-31 22:54:28 | INFO     |     F1(macro): 0.978504
2025-07-31 22:54:28 | INFO     |     F1(weighted): 0.977276
2025-07-31 22:54:28 | INFO     |     精确率: 0.980783
2025-07-31 22:54:28 | INFO     |     召回率: 0.978140
2025-07-31 22:54:28 | INFO     |   学习率调度器: f1_based
2025-07-31 22:54:28 | INFO     | ------------------------------------------------------------
2025-07-31 22:54:28 | INFO     | Epoch  55 | Train: Loss=0.0609, Acc=0.9790 | Val: Loss=0.0772, Acc=0.9772, F1=0.9773 | LR=0.000025 🏆 [最佳模型]
2025-07-31 22:58:55 | INFO     | Epoch 56:
2025-07-31 22:58:55 | INFO     |   训练指标:
2025-07-31 22:58:55 | INFO     |     损失(ce): 0.055796
2025-07-31 22:58:55 | INFO     |     准确率: 0.980215
2025-07-31 22:58:55 | INFO     |     学习率: 0.00002500
2025-07-31 22:58:55 | INFO     |   验证指标(标准CE):
2025-07-31 22:58:55 | INFO     |     损失: 0.127518
2025-07-31 22:58:55 | INFO     |     准确率: 0.964477
2025-07-31 22:58:55 | INFO     |     F1(macro): 0.965470
2025-07-31 22:58:55 | INFO     |     F1(weighted): 0.964432
2025-07-31 22:58:55 | INFO     |     精确率: 0.969281
2025-07-31 22:58:55 | INFO     |     召回率: 0.966388
2025-07-31 22:58:55 | INFO     |   学习率调度器: f1_based
2025-07-31 22:58:55 | INFO     | ------------------------------------------------------------
2025-07-31 22:58:55 | INFO     | Epoch  56 | Train: Loss=0.0558, Acc=0.9802 | Val: Loss=0.1275, Acc=0.9645, F1=0.9644 | LR=0.000025 
2025-07-31 23:03:22 | INFO     | Epoch 57:
2025-07-31 23:03:22 | INFO     |   训练指标:
2025-07-31 23:03:22 | INFO     |     损失(ce): 0.062562
2025-07-31 23:03:22 | INFO     |     准确率: 0.977532
2025-07-31 23:03:22 | INFO     |     学习率: 0.00002500
2025-07-31 23:03:22 | INFO     |   验证指标(标准CE):
2025-07-31 23:03:22 | INFO     |     损失: 0.077141
2025-07-31 23:03:22 | INFO     |     准确率: 0.975871
2025-07-31 23:03:22 | INFO     |     F1(macro): 0.976297
2025-07-31 23:03:22 | INFO     |     F1(weighted): 0.975633
2025-07-31 23:03:22 | INFO     |     精确率: 0.979207
2025-07-31 23:03:22 | INFO     |     召回率: 0.976730
2025-07-31 23:03:22 | INFO     |   学习率调度器: f1_based
2025-07-31 23:03:22 | INFO     | ------------------------------------------------------------
2025-07-31 23:03:22 | INFO     | Epoch  57 | Train: Loss=0.0626, Acc=0.9775 | Val: Loss=0.0771, Acc=0.9759, F1=0.9756 | LR=0.000025 
2025-07-31 23:07:48 | INFO     | Epoch 58:
2025-07-31 23:07:48 | INFO     |   训练指标:
2025-07-31 23:07:48 | INFO     |     损失(ce): 0.066744
2025-07-31 23:07:48 | INFO     |     准确率: 0.979209
2025-07-31 23:07:48 | INFO     |     学习率: 0.00002500
2025-07-31 23:07:48 | INFO     |   验证指标(标准CE):
2025-07-31 23:07:48 | INFO     |     损失: 0.104765
2025-07-31 23:07:48 | INFO     |     准确率: 0.965818
2025-07-31 23:07:48 | INFO     |     F1(macro): 0.966461
2025-07-31 23:07:48 | INFO     |     F1(weighted): 0.965735
2025-07-31 23:07:48 | INFO     |     精确率: 0.970410
2025-07-31 23:07:48 | INFO     |     召回率: 0.966665
2025-07-31 23:07:48 | INFO     |   学习率调度器: f1_based
2025-07-31 23:07:48 | INFO     | ------------------------------------------------------------
2025-07-31 23:07:48 | INFO     | Epoch  58 | Train: Loss=0.0667, Acc=0.9792 | Val: Loss=0.1048, Acc=0.9658, F1=0.9657 | LR=0.000025 
2025-07-31 23:12:15 | INFO     | Epoch 59:
2025-07-31 23:12:15 | INFO     |   训练指标:
2025-07-31 23:12:15 | INFO     |     损失(ce): 0.072969
2025-07-31 23:12:15 | INFO     |     准确率: 0.977197
2025-07-31 23:12:15 | INFO     |     学习率: 0.00002500
2025-07-31 23:12:15 | INFO     |   验证指标(标准CE):
2025-07-31 23:12:15 | INFO     |     损失: 0.101289
2025-07-31 23:12:15 | INFO     |     准确率: 0.970509
2025-07-31 23:12:15 | INFO     |     F1(macro): 0.971593
2025-07-31 23:12:15 | INFO     |     F1(weighted): 0.970526
2025-07-31 23:12:15 | INFO     |     精确率: 0.975594
2025-07-31 23:12:15 | INFO     |     召回率: 0.971886
2025-07-31 23:12:15 | INFO     |   学习率调度器: f1_based
2025-07-31 23:12:15 | INFO     | ------------------------------------------------------------
2025-07-31 23:12:15 | INFO     | Epoch  59 | Train: Loss=0.0730, Acc=0.9772 | Val: Loss=0.1013, Acc=0.9705, F1=0.9705 | LR=0.000025 
2025-07-31 23:16:42 | INFO     | Epoch 60:
2025-07-31 23:16:42 | INFO     |   训练指标:
2025-07-31 23:16:42 | INFO     |     损失(ce): 0.062550
2025-07-31 23:16:42 | INFO     |     准确率: 0.978203
2025-07-31 23:16:42 | INFO     |     学习率: 0.00002500
2025-07-31 23:16:42 | INFO     |   验证指标(标准CE):
2025-07-31 23:16:42 | INFO     |     损失: 0.122412
2025-07-31 23:16:42 | INFO     |     准确率: 0.966488
2025-07-31 23:16:42 | INFO     |     F1(macro): 0.969292
2025-07-31 23:16:42 | INFO     |     F1(weighted): 0.967418
2025-07-31 23:16:42 | INFO     |     精确率: 0.974470
2025-07-31 23:16:42 | INFO     |     召回率: 0.967367
2025-07-31 23:16:42 | INFO     |   学习率调度器: f1_based
2025-07-31 23:16:42 | INFO     | ------------------------------------------------------------
2025-07-31 23:16:42 | INFO     | Epoch  60 | Train: Loss=0.0625, Acc=0.9782 | Val: Loss=0.1224, Acc=0.9665, F1=0.9674 | LR=0.000025 
2025-07-31 23:21:09 | INFO     | Epoch 61:
2025-07-31 23:21:09 | INFO     |   训练指标:
2025-07-31 23:21:09 | INFO     |     损失(ce): 0.057364
2025-07-31 23:21:09 | INFO     |     准确率: 0.980047
2025-07-31 23:21:09 | INFO     |     学习率: 0.00002500
2025-07-31 23:21:09 | INFO     |   验证指标(标准CE):
2025-07-31 23:21:09 | INFO     |     损失: 0.107094
2025-07-31 23:21:09 | INFO     |     准确率: 0.965818
2025-07-31 23:21:09 | INFO     |     F1(macro): 0.967091
2025-07-31 23:21:09 | INFO     |     F1(weighted): 0.965885
2025-07-31 23:21:09 | INFO     |     精确率: 0.970918
2025-07-31 23:21:09 | INFO     |     召回率: 0.966412
2025-07-31 23:21:09 | INFO     |   学习率调度器: f1_based
2025-07-31 23:21:09 | INFO     | ------------------------------------------------------------
2025-07-31 23:21:09 | INFO     | Epoch  61 | Train: Loss=0.0574, Acc=0.9800 | Val: Loss=0.1071, Acc=0.9658, F1=0.9659 | LR=0.000025 
2025-07-31 23:25:36 | INFO     | Epoch 62:
2025-07-31 23:25:36 | INFO     |   训练指标:
2025-07-31 23:25:36 | INFO     |     损失(ce): 0.063577
2025-07-31 23:25:36 | INFO     |     准确率: 0.980550
2025-07-31 23:25:36 | INFO     |     学习率: 0.00002500
2025-07-31 23:25:36 | INFO     |   验证指标(标准CE):
2025-07-31 23:25:36 | INFO     |     损失: 0.115538
2025-07-31 23:25:36 | INFO     |     准确率: 0.971850
2025-07-31 23:25:36 | INFO     |     F1(macro): 0.973904
2025-07-31 23:25:36 | INFO     |     F1(weighted): 0.972137
2025-07-31 23:25:36 | INFO     |     精确率: 0.976979
2025-07-31 23:25:36 | INFO     |     召回率: 0.973437
2025-07-31 23:25:36 | INFO     |   学习率调度器: f1_based
2025-07-31 23:25:36 | INFO     | ------------------------------------------------------------
2025-07-31 23:25:36 | INFO     | Epoch  62 | Train: Loss=0.0636, Acc=0.9805 | Val: Loss=0.1155, Acc=0.9718, F1=0.9721 | LR=0.000025 
2025-07-31 23:30:03 | INFO     | Epoch 63:
2025-07-31 23:30:03 | INFO     |   训练指标:
2025-07-31 23:30:03 | INFO     |     损失(ce): 0.067406
2025-07-31 23:30:03 | INFO     |     准确率: 0.977700
2025-07-31 23:30:03 | INFO     |     学习率: 0.00002500
2025-07-31 23:30:03 | INFO     |   验证指标(标准CE):
2025-07-31 23:30:03 | INFO     |     损失: 0.092923
2025-07-31 23:30:03 | INFO     |     准确率: 0.969169
2025-07-31 23:30:03 | INFO     |     F1(macro): 0.969797
2025-07-31 23:30:03 | INFO     |     F1(weighted): 0.968923
2025-07-31 23:30:03 | INFO     |     精确率: 0.972896
2025-07-31 23:30:03 | INFO     |     召回率: 0.970199
2025-07-31 23:30:03 | INFO     |   学习率调度器: f1_based
2025-07-31 23:30:03 | INFO     | ------------------------------------------------------------
2025-07-31 23:30:03 | INFO     | 🎯 学习率调整事件:
2025-07-31 23:30:03 | INFO     |   调度器类型: f1_based
2025-07-31 23:30:03 | INFO     |   学习率变化: 0.00002500 → 0.00001250
2025-07-31 23:30:03 | INFO     |   触发条件: F1分数 = 0.968923
2025-07-31 23:30:03 | INFO     |   变化幅度: -50.00%
2025-07-31 23:30:03 | INFO     | ------------------------------------------------------------
2025-07-31 23:30:03 | INFO     | Epoch  63 | Train: Loss=0.0674, Acc=0.9777 | Val: Loss=0.0929, Acc=0.9692, F1=0.9689 | LR=0.000013 
2025-07-31 23:34:30 | INFO     | Epoch 64:
2025-07-31 23:34:30 | INFO     |   训练指标:
2025-07-31 23:34:30 | INFO     |     损失(ce): 0.045490
2025-07-31 23:34:30 | INFO     |     准确率: 0.982394
2025-07-31 23:34:30 | INFO     |     学习率: 0.00001250
2025-07-31 23:34:30 | INFO     |   验证指标(标准CE):
2025-07-31 23:34:30 | INFO     |     损失: 0.099651
2025-07-31 23:34:30 | INFO     |     准确率: 0.971180
2025-07-31 23:34:30 | INFO     |     F1(macro): 0.972419
2025-07-31 23:34:30 | INFO     |     F1(weighted): 0.971339
2025-07-31 23:34:30 | INFO     |     精确率: 0.977509
2025-07-31 23:34:30 | INFO     |     召回率: 0.972332
2025-07-31 23:34:30 | INFO     |   学习率调度器: f1_based
2025-07-31 23:34:30 | INFO     | ------------------------------------------------------------
2025-07-31 23:34:30 | INFO     | Epoch  64 | Train: Loss=0.0455, Acc=0.9824 | Val: Loss=0.0997, Acc=0.9712, F1=0.9713 | LR=0.000013 
2025-07-31 23:38:57 | INFO     | Epoch 65:
2025-07-31 23:38:57 | INFO     |   训练指标:
2025-07-31 23:38:57 | INFO     |     损失(ce): 0.043770
2025-07-31 23:38:57 | INFO     |     准确率: 0.982897
2025-07-31 23:38:57 | INFO     |     学习率: 0.00001250
2025-07-31 23:38:57 | INFO     |   验证指标(标准CE):
2025-07-31 23:38:57 | INFO     |     损失: 0.084619
2025-07-31 23:38:57 | INFO     |     准确率: 0.970509
2025-07-31 23:38:57 | INFO     |     F1(macro): 0.971376
2025-07-31 23:38:57 | INFO     |     F1(weighted): 0.970349
2025-07-31 23:38:57 | INFO     |     精确率: 0.974129
2025-07-31 23:38:57 | INFO     |     召回率: 0.972111
2025-07-31 23:38:57 | INFO     |   学习率调度器: f1_based
2025-07-31 23:38:57 | INFO     | ------------------------------------------------------------
2025-07-31 23:38:57 | INFO     | Epoch  65 | Train: Loss=0.0438, Acc=0.9829 | Val: Loss=0.0846, Acc=0.9705, F1=0.9703 | LR=0.000013 
2025-07-31 23:43:24 | INFO     | Epoch 66:
2025-07-31 23:43:24 | INFO     |   训练指标:
2025-07-31 23:43:24 | INFO     |     损失(ce): 0.041398
2025-07-31 23:43:24 | INFO     |     准确率: 0.984742
2025-07-31 23:43:24 | INFO     |     学习率: 0.00001250
2025-07-31 23:43:24 | INFO     |   验证指标(标准CE):
2025-07-31 23:43:24 | INFO     |     损失: 0.097849
2025-07-31 23:43:24 | INFO     |     准确率: 0.968499
2025-07-31 23:43:24 | INFO     |     F1(macro): 0.969564
2025-07-31 23:43:24 | INFO     |     F1(weighted): 0.968418
2025-07-31 23:43:24 | INFO     |     精确率: 0.972826
2025-07-31 23:43:24 | INFO     |     召回率: 0.970413
2025-07-31 23:43:24 | INFO     |   学习率调度器: f1_based
2025-07-31 23:43:24 | INFO     | ------------------------------------------------------------
2025-07-31 23:43:24 | INFO     | Epoch  66 | Train: Loss=0.0414, Acc=0.9847 | Val: Loss=0.0978, Acc=0.9685, F1=0.9684 | LR=0.000013 
2025-07-31 23:47:50 | INFO     | Epoch 67:
2025-07-31 23:47:50 | INFO     |   训练指标:
2025-07-31 23:47:50 | INFO     |     损失(ce): 0.043822
2025-07-31 23:47:50 | INFO     |     准确率: 0.980382
2025-07-31 23:47:50 | INFO     |     学习率: 0.00001250
2025-07-31 23:47:50 | INFO     |   验证指标(标准CE):
2025-07-31 23:47:50 | INFO     |     损失: 0.092241
2025-07-31 23:47:50 | INFO     |     准确率: 0.971850
2025-07-31 23:47:50 | INFO     |     F1(macro): 0.972521
2025-07-31 23:47:50 | INFO     |     F1(weighted): 0.971642
2025-07-31 23:47:50 | INFO     |     精确率: 0.975651
2025-07-31 23:47:50 | INFO     |     召回率: 0.973320
2025-07-31 23:47:50 | INFO     |   学习率调度器: f1_based
2025-07-31 23:47:50 | INFO     | ------------------------------------------------------------
2025-07-31 23:47:50 | INFO     | Epoch  67 | Train: Loss=0.0438, Acc=0.9804 | Val: Loss=0.0922, Acc=0.9718, F1=0.9716 | LR=0.000013 
2025-07-31 23:52:17 | INFO     | Epoch 68:
2025-07-31 23:52:17 | INFO     |   训练指标:
2025-07-31 23:52:17 | INFO     |     损失(ce): 0.043487
2025-07-31 23:52:17 | INFO     |     准确率: 0.982897
2025-07-31 23:52:17 | INFO     |     学习率: 0.00001250
2025-07-31 23:52:17 | INFO     |   验证指标(标准CE):
2025-07-31 23:52:17 | INFO     |     损失: 0.084356
2025-07-31 23:52:17 | INFO     |     准确率: 0.973190
2025-07-31 23:52:17 | INFO     |     F1(macro): 0.973900
2025-07-31 23:52:17 | INFO     |     F1(weighted): 0.973000
2025-07-31 23:52:17 | INFO     |     精确率: 0.976972
2025-07-31 23:52:17 | INFO     |     召回率: 0.974629
2025-07-31 23:52:17 | INFO     |   学习率调度器: f1_based
2025-07-31 23:52:17 | INFO     | ------------------------------------------------------------
2025-07-31 23:52:17 | INFO     | Epoch  68 | Train: Loss=0.0435, Acc=0.9829 | Val: Loss=0.0844, Acc=0.9732, F1=0.9730 | LR=0.000013 
2025-07-31 23:56:44 | INFO     | Epoch 69:
2025-07-31 23:56:44 | INFO     |   训练指标:
2025-07-31 23:56:44 | INFO     |     损失(ce): 0.047344
2025-07-31 23:56:44 | INFO     |     准确率: 0.982394
2025-07-31 23:56:44 | INFO     |     学习率: 0.00001250
2025-07-31 23:56:44 | INFO     |   验证指标(标准CE):
2025-07-31 23:56:44 | INFO     |     损失: 0.101355
2025-07-31 23:56:44 | INFO     |     准确率: 0.971180
2025-07-31 23:56:44 | INFO     |     F1(macro): 0.971907
2025-07-31 23:56:44 | INFO     |     F1(weighted): 0.970972
2025-07-31 23:56:44 | INFO     |     精确率: 0.975060
2025-07-31 23:56:44 | INFO     |     召回率: 0.972782
2025-07-31 23:56:44 | INFO     |   学习率调度器: f1_based
2025-07-31 23:56:44 | INFO     | ------------------------------------------------------------
2025-07-31 23:56:44 | INFO     | Epoch  69 | Train: Loss=0.0473, Acc=0.9824 | Val: Loss=0.1014, Acc=0.9712, F1=0.9710 | LR=0.000013 
2025-08-01 00:01:12 | INFO     | Epoch 70:
2025-08-01 00:01:12 | INFO     |   训练指标:
2025-08-01 00:01:12 | INFO     |     损失(ce): 0.040359
2025-08-01 00:01:12 | INFO     |     准确率: 0.984406
2025-08-01 00:01:12 | INFO     |     学习率: 0.00001250
2025-08-01 00:01:12 | INFO     |   验证指标(标准CE):
2025-08-01 00:01:12 | INFO     |     损失: 0.092975
2025-08-01 00:01:12 | INFO     |     准确率: 0.969839
2025-08-01 00:01:12 | INFO     |     F1(macro): 0.971359
2025-08-01 00:01:12 | INFO     |     F1(weighted): 0.970062
2025-08-01 00:01:12 | INFO     |     精确率: 0.975632
2025-08-01 00:01:12 | INFO     |     召回率: 0.971471
2025-08-01 00:01:12 | INFO     |   学习率调度器: f1_based
2025-08-01 00:01:12 | INFO     | ------------------------------------------------------------
2025-08-01 00:01:12 | INFO     | Epoch  70 | Train: Loss=0.0404, Acc=0.9844 | Val: Loss=0.0930, Acc=0.9698, F1=0.9701 | LR=0.000013 
2025-08-01 00:01:12 | INFO     | ⏹️ 早停触发，在第 70 轮停止训练
2025-08-01 00:01:30 | INFO     | 训练历史已保存到: ./result/0731_1848_DualGAF_DDAHU_DualGAFNet_SDAHU通道压缩3,5,7_sl96_step96_fd128_extractor-dilated_gaf-adaptive_attention-channel_classifier-mlp_stat-basic_fusion-concat_compression-signal_compression_ratio-0.7/training_history.csv
2025-08-01 00:01:30 | INFO     | 
====================================================================================================
2025-08-01 00:01:30 | INFO     | 🎉 训练完成总结:
2025-08-01 00:01:30 | INFO     |   训练损失函数: ce
2025-08-01 00:01:30 | INFO     |   验证损失函数: 标准交叉熵（遵循主流ML规范）
2025-08-01 00:01:30 | INFO     |   训练过程最佳验证准确率: 0.9772
2025-08-01 00:01:30 | INFO     |   训练过程最佳验证F1(macro): 0.9785
2025-08-01 00:01:30 | INFO     |   训练过程最佳验证F1(weighted): 0.9773
2025-08-01 00:01:30 | INFO     |   训练轮数: 70
2025-08-01 00:01:30 | INFO     | --------------------------------------------------
2025-08-01 00:01:30 | INFO     | 📊 最佳模型真实性能指标（基于标准交叉熵损失）:
2025-08-01 00:01:30 | INFO     |   验证损失(标准CE): 0.0772
2025-08-01 00:01:30 | INFO     |   验证准确率: 0.9772
2025-08-01 00:01:30 | INFO     |   验证F1(macro): 0.9785
2025-08-01 00:01:30 | INFO     |   验证F1(weighted): 0.9773
2025-08-01 00:01:30 | INFO     |   验证精确率: 0.9808
2025-08-01 00:01:30 | INFO     |   验证召回率: 0.9781
2025-08-01 00:01:30 | INFO     | ====================================================================================================
2025-08-01 00:01:33 | INFO     | ================================================================================
2025-08-01 00:01:33 | INFO     | 实验日志结束: DualGAF_DDAHU_DualGAFNet_SDAHU通道压缩3,5,7_sl96_step96_fd128_extractor-dilated_gaf-adaptive_attention-channel_classifier-mlp_stat-basic_fusion-concat_compression-signal_compression_ratio-0.7
2025-08-01 00:01:33 | INFO     | 结束时间: 2025-08-01 00:01:33
2025-08-01 00:01:33 | INFO     | ================================================================================
