2025-07-22 17:34:23 | INFO     | ================================================================================
2025-07-22 17:34:23 | INFO     | 实验日志开始: DualGAF_DualGAFNet_0到1的归一化_sl96_step96_fd128_extractor-dilated_gaf-adaptive_attention-channel_classifier-mlp_stat-basic_fusion-concat
2025-07-22 17:34:23 | INFO     | 日志文件: ./result/0722_1734_DualGAF_DualGAFNet_0到1的归一化_sl96_step96_fd128_extractor-dilated_gaf-adaptive_attention-channel_classifier-mlp_stat-basic_fusion-concat/training.log
2025-07-22 17:34:23 | INFO     | 开始时间: 2025-07-22 17:34:23
2025-07-22 17:34:23 | INFO     | ================================================================================
2025-07-22 17:34:23 | INFO     | ⚙️ 实验配置:
2025-07-22 17:34:23 | INFO     |    task_name: classification
2025-07-22 17:34:23 | INFO     |    is_training: 1
2025-07-22 17:34:23 | INFO     |    model_id: test
2025-07-22 17:34:23 | INFO     |    model: DualGAFNet
2025-07-22 17:34:23 | INFO     |    data: DualGAF
2025-07-22 17:34:23 | INFO     |    root_path: ./dataset/SAHU/direct_5_working
2025-07-22 17:34:23 | INFO     |    step: 96
2025-07-22 17:34:23 | INFO     |    checkpoints: ./checkpoints/
2025-07-22 17:34:23 | INFO     |    num_class: 9
2025-07-22 17:34:23 | INFO     |    result_path: ./result/
2025-07-22 17:34:23 | INFO     |    test_size: 0.2
2025-07-22 17:34:23 | INFO     |    rows: None
2025-07-22 17:34:23 | INFO     |    seq_len: 96
2025-07-22 17:34:23 | INFO     |    enc_in: 26
2025-07-22 17:34:23 | INFO     |    d_model: 512
2025-07-22 17:34:23 | INFO     |    n_heads: 8
2025-07-22 17:34:23 | INFO     |    e_layers: 2
2025-07-22 17:34:23 | INFO     |    d_layers: 1
2025-07-22 17:34:23 | INFO     |    d_ff: 2048
2025-07-22 17:34:23 | INFO     |    moving_avg: 25
2025-07-22 17:34:23 | INFO     |    factor: 1
2025-07-22 17:34:23 | INFO     |    distil: True
2025-07-22 17:34:23 | INFO     |    dropout: 0.1
2025-07-22 17:34:23 | INFO     |    embed: timeF
2025-07-22 17:34:23 | INFO     |    activation: gelu
2025-07-22 17:34:23 | INFO     |    use_norm: 1
2025-07-22 17:34:23 | INFO     |    gaf_method: summation
2025-07-22 17:34:23 | INFO     |    feature_dim: 128
2025-07-22 17:34:23 | INFO     |    data_type_method: uint8
2025-07-22 17:34:23 | INFO     |    use_attention: True
2025-07-22 17:34:23 | INFO     |    hidden_dim: 64
2025-07-22 17:34:23 | INFO     |    sample_size: 1000
2025-07-22 17:34:23 | INFO     |    channel_groups: None
2025-07-22 17:34:23 | INFO     |    hvac_groups: None
2025-07-22 17:34:23 | INFO     |    extractor_type: dilated
2025-07-22 17:34:23 | INFO     |    fusion_type: adaptive
2025-07-22 17:34:23 | INFO     |    attention_type: channel
2025-07-22 17:34:23 | INFO     |    classifier_type: mlp
2025-07-22 17:34:23 | INFO     |    use_statistical_features: True
2025-07-22 17:34:23 | INFO     |    stat_type: basic
2025-07-22 17:34:23 | INFO     |    multimodal_fusion_strategy: concat
2025-07-22 17:34:23 | INFO     |    use_signal_level_stats: False
2025-07-22 17:34:23 | INFO     |    signal_stat_type: comprehensive
2025-07-22 17:34:23 | INFO     |    signal_stat_fusion_strategy: concat_project
2025-07-22 17:34:23 | INFO     |    signal_stat_feature_dim: 32
2025-07-22 17:34:23 | INFO     |    use_diff_branch: True
2025-07-22 17:34:23 | INFO     |    ablation_mode: none
2025-07-22 17:34:23 | INFO     |    backbone_type: resnet18
2025-07-22 17:34:23 | INFO     |    use_sum_branch: True
2025-07-22 17:34:23 | INFO     |    num_workers: 0
2025-07-22 17:34:23 | INFO     |    cuda_debug: False
2025-07-22 17:34:23 | INFO     |    gpu_memory_fraction: 0.9
2025-07-22 17:34:23 | INFO     |    safe_mode: True
2025-07-22 17:34:23 | INFO     |    drop_last_batch: True
2025-07-22 17:34:23 | INFO     |    itr: 1
2025-07-22 17:34:23 | INFO     |    train_epochs: 300
2025-07-22 17:34:23 | INFO     |    batch_size: 4
2025-07-22 17:34:23 | INFO     |    patience: 15
2025-07-22 17:34:23 | INFO     |    learning_rate: 0.0001
2025-07-22 17:34:23 | INFO     |    des: 0到1的归一化
2025-07-22 17:34:23 | INFO     |    loss: MSE
2025-07-22 17:34:23 | INFO     |    lradj: type1
2025-07-22 17:34:23 | INFO     |    lr_scheduler_type: f1_based
2025-07-22 17:34:23 | INFO     |    lr_loss_weight: 0.3
2025-07-22 17:34:23 | INFO     |    lr_f1_weight: 0.7
2025-07-22 17:34:23 | INFO     |    use_amp: False
2025-07-22 17:34:23 | INFO     |    gradient_accumulation_steps: 2
2025-07-22 17:34:23 | INFO     |    enable_auto_gradient_accumulation: True
2025-07-22 17:34:23 | INFO     |    loss_type: ce
2025-07-22 17:34:23 | INFO     |    label_smoothing: 0.1
2025-07-22 17:34:23 | INFO     |    focal_alpha: 1.0
2025-07-22 17:34:23 | INFO     |    focal_gamma: 2.0
2025-07-22 17:34:23 | INFO     |    confidence_penalty_beta: 0.1
2025-07-22 17:34:23 | INFO     |    use_timm_loss: True
2025-07-22 17:34:23 | INFO     |    adaptive_initial_smoothing: 0.2
2025-07-22 17:34:23 | INFO     |    adaptive_final_smoothing: 0.05
2025-07-22 17:34:23 | INFO     |    adaptive_decay_epochs: 30
2025-07-22 17:34:23 | INFO     |    enable_class_weights: False
2025-07-22 17:34:23 | INFO     |    class_weights: None
2025-07-22 17:34:23 | INFO     |    loss_preset: None
2025-07-22 17:34:23 | INFO     |    n_jobs: 1
2025-07-22 17:34:23 | INFO     |    use_multiprocessing: False
2025-07-22 17:34:23 | INFO     |    chunk_size: 800
2025-07-22 17:34:23 | INFO     |    disable_parallel: True
2025-07-22 17:34:23 | INFO     |    use_shared_memory: False
2025-07-22 17:34:23 | INFO     |    disable_shared_memory: False
2025-07-22 17:34:23 | INFO     |    use_gpu: True
2025-07-22 17:34:23 | INFO     |    gpu: 0
2025-07-22 17:34:23 | INFO     |    gpu_type: cuda
2025-07-22 17:34:23 | INFO     |    use_multi_gpu: False
2025-07-22 17:34:23 | INFO     |    devices: 0,1,2,3
2025-07-22 17:34:23 | INFO     |    device: cuda:0
2025-07-22 17:34:23 | INFO     |    feature_columns: ['CHWC_VLV', 'CHWC_VLV_DM', 'MA_TEMP', 'OA_CFM', 'OA_DMPR', 'OA_DMPR_DM', 'OA_TEMP', 'RA_CFM', 'RA_DMPR', 'RA_DMPR_DM', 'RA_TEMP', 'RF_CS', 'RF_SPD', 'RF_WAT', 'SA_CFM', 'SA_SP', 'SA_SPSPT', 'SA_TEMP', 'SF_CS', 'SF_SPD', 'SF_WAT', 'ZONE_TEMP_1', 'ZONE_TEMP_2', 'ZONE_TEMP_3', 'ZONE_TEMP_4', 'ZONE_TEMP_5']
2025-07-22 17:34:23 | INFO     | 🏗️ 模型信息:
2025-07-22 17:34:23 | INFO     |    模型类型: Model
2025-07-22 17:34:23 | INFO     |    总参数数量: 8,294,850
2025-07-22 17:34:23 | INFO     |    可训练参数: 8,294,850
2025-07-22 17:34:23 | INFO     |    模型大小估计: 31.64 MB
2025-07-22 17:34:23 | INFO     | 📊 数据集信息:
2025-07-22 17:34:23 | INFO     |    训练集大小: 3996
2025-07-22 17:34:23 | INFO     |    验证集大小: 999
2025-07-22 17:34:23 | INFO     | 
================================================================================
2025-07-22 17:34:23 | INFO     | 📋 损失函数使用策略（遵循主流机器学习规范）:
2025-07-22 17:34:23 | INFO     |    🎯 训练阶段: 使用 ce 损失函数
2025-07-22 17:34:23 | INFO     |       → 目的：优化模型参数，解决特定问题（类别不平衡、相似性等）
2025-07-22 17:34:23 | INFO     |    📊 验证阶段: 使用标准交叉熵损失函数
2025-07-22 17:34:23 | INFO     |       → 目的：客观评估模型性能，便于不同方法比较
2025-07-22 17:34:23 | INFO     |    📈 最终报告: 基于标准交叉熵损失的指标
2025-07-22 17:34:23 | INFO     |       → 目的：提供可信、可比较的性能指标
2025-07-22 17:34:23 | INFO     | ================================================================================

2025-07-22 17:34:23 | INFO     | 🔄 梯度累积配置: 每2轮累积一次梯度
2025-07-22 17:34:23 | INFO     |    实际batch_size: 4
2025-07-22 17:34:23 | INFO     |    有效batch_size: 8
2025-07-22 17:35:43 | INFO     | Epoch 1:
2025-07-22 17:35:43 | INFO     |   训练指标:
2025-07-22 17:35:43 | INFO     |     损失(ce): 1.556204
2025-07-22 17:35:43 | INFO     |     准确率: 0.438188
2025-07-22 17:35:43 | INFO     |     学习率: 0.00010000
2025-07-22 17:35:43 | INFO     |   验证指标(标准CE):
2025-07-22 17:35:43 | INFO     |     损失: 0.651772
2025-07-22 17:35:43 | INFO     |     准确率: 0.732733
2025-07-22 17:35:43 | INFO     |     F1(macro): 0.730997
2025-07-22 17:35:43 | INFO     |     F1(weighted): 0.720700
2025-07-22 17:35:43 | INFO     |     精确率: 0.795636
2025-07-22 17:35:43 | INFO     |     召回率: 0.742669
2025-07-22 17:35:43 | INFO     |   学习率调度器: f1_based
2025-07-22 17:35:43 | INFO     | ------------------------------------------------------------
2025-07-22 17:35:43 | INFO     | Epoch   1 | Train: Loss=1.5562, Acc=0.4382 | Val: Loss=0.6518, Acc=0.7327, F1=0.7207 | LR=0.000100 🏆 [最佳模型]
2025-07-22 17:36:37 | INFO     | Epoch 2:
2025-07-22 17:36:37 | INFO     |   训练指标:
2025-07-22 17:36:37 | INFO     |     损失(ce): 0.492691
2025-07-22 17:36:37 | INFO     |     准确率: 0.794795
2025-07-22 17:36:37 | INFO     |     学习率: 0.00010000
2025-07-22 17:36:37 | INFO     |   验证指标(标准CE):
2025-07-22 17:36:37 | INFO     |     损失: 0.268079
2025-07-22 17:36:37 | INFO     |     准确率: 0.866867
2025-07-22 17:36:37 | INFO     |     F1(macro): 0.866794
2025-07-22 17:36:37 | INFO     |     F1(weighted): 0.862685
2025-07-22 17:36:37 | INFO     |     精确率: 0.870166
2025-07-22 17:36:37 | INFO     |     召回率: 0.869595
2025-07-22 17:36:37 | INFO     |   学习率调度器: f1_based
2025-07-22 17:36:37 | INFO     | ------------------------------------------------------------
2025-07-22 17:36:37 | INFO     | Epoch   2 | Train: Loss=0.4927, Acc=0.7948 | Val: Loss=0.2681, Acc=0.8669, F1=0.8627 | LR=0.000100 🏆 [最佳模型]
2025-07-22 17:37:31 | INFO     | Epoch 3:
2025-07-22 17:37:31 | INFO     |   训练指标:
2025-07-22 17:37:31 | INFO     |     损失(ce): 0.306834
2025-07-22 17:37:31 | INFO     |     准确率: 0.868869
2025-07-22 17:37:31 | INFO     |     学习率: 0.00010000
2025-07-22 17:37:31 | INFO     |   验证指标(标准CE):
2025-07-22 17:37:31 | INFO     |     损失: 0.190842
2025-07-22 17:37:31 | INFO     |     准确率: 0.888889
2025-07-22 17:37:31 | INFO     |     F1(macro): 0.871434
2025-07-22 17:37:31 | INFO     |     F1(weighted): 0.863816
2025-07-22 17:37:31 | INFO     |     精确率: 0.932061
2025-07-22 17:37:31 | INFO     |     召回率: 0.897126
2025-07-22 17:37:31 | INFO     |   学习率调度器: f1_based
2025-07-22 17:37:31 | INFO     | ------------------------------------------------------------
2025-07-22 17:37:31 | INFO     | Epoch   3 | Train: Loss=0.3068, Acc=0.8689 | Val: Loss=0.1908, Acc=0.8889, F1=0.8638 | LR=0.000100 🏆 [最佳模型]
2025-07-22 17:38:25 | INFO     | Epoch 4:
2025-07-22 17:38:25 | INFO     |   训练指标:
2025-07-22 17:38:25 | INFO     |     损失(ce): 0.210545
2025-07-22 17:38:25 | INFO     |     准确率: 0.907407
2025-07-22 17:38:25 | INFO     |     学习率: 0.00010000
2025-07-22 17:38:25 | INFO     |   验证指标(标准CE):
2025-07-22 17:38:25 | INFO     |     损失: 0.144068
2025-07-22 17:38:25 | INFO     |     准确率: 0.914915
2025-07-22 17:38:25 | INFO     |     F1(macro): 0.913312
2025-07-22 17:38:25 | INFO     |     F1(weighted): 0.908723
2025-07-22 17:38:25 | INFO     |     精确率: 0.936366
2025-07-22 17:38:25 | INFO     |     召回率: 0.920915
2025-07-22 17:38:25 | INFO     |   学习率调度器: f1_based
2025-07-22 17:38:25 | INFO     | ------------------------------------------------------------
2025-07-22 17:38:25 | INFO     | Epoch   4 | Train: Loss=0.2105, Acc=0.9074 | Val: Loss=0.1441, Acc=0.9149, F1=0.9087 | LR=0.000100 🏆 [最佳模型]
2025-07-22 17:39:18 | INFO     | Epoch 5:
2025-07-22 17:39:18 | INFO     |   训练指标:
2025-07-22 17:39:18 | INFO     |     损失(ce): 0.181406
2025-07-22 17:39:18 | INFO     |     准确率: 0.920170
2025-07-22 17:39:18 | INFO     |     学习率: 0.00010000
2025-07-22 17:39:18 | INFO     |   验证指标(标准CE):
2025-07-22 17:39:18 | INFO     |     损失: 0.218688
2025-07-22 17:39:18 | INFO     |     准确率: 0.898899
2025-07-22 17:39:18 | INFO     |     F1(macro): 0.878438
2025-07-22 17:39:18 | INFO     |     F1(weighted): 0.876773
2025-07-22 17:39:18 | INFO     |     精确率: 0.937895
2025-07-22 17:39:18 | INFO     |     召回率: 0.899056
2025-07-22 17:39:18 | INFO     |   学习率调度器: f1_based
2025-07-22 17:39:18 | INFO     | ------------------------------------------------------------
2025-07-22 17:39:18 | INFO     | Epoch   5 | Train: Loss=0.1814, Acc=0.9202 | Val: Loss=0.2187, Acc=0.8989, F1=0.8768 | LR=0.000100 
2025-07-22 17:40:12 | INFO     | Epoch 6:
2025-07-22 17:40:12 | INFO     |   训练指标:
2025-07-22 17:40:12 | INFO     |     损失(ce): 0.154684
2025-07-22 17:40:12 | INFO     |     准确率: 0.925926
2025-07-22 17:40:12 | INFO     |     学习率: 0.00010000
2025-07-22 17:40:12 | INFO     |   验证指标(标准CE):
2025-07-22 17:40:12 | INFO     |     损失: 0.271466
2025-07-22 17:40:12 | INFO     |     准确率: 0.884885
2025-07-22 17:40:12 | INFO     |     F1(macro): 0.877797
2025-07-22 17:40:12 | INFO     |     F1(weighted): 0.872068
2025-07-22 17:40:12 | INFO     |     精确率: 0.914699
2025-07-22 17:40:12 | INFO     |     召回率: 0.891710
2025-07-22 17:40:12 | INFO     |   学习率调度器: f1_based
2025-07-22 17:40:12 | INFO     | ------------------------------------------------------------
2025-07-22 17:40:12 | INFO     | Epoch   6 | Train: Loss=0.1547, Acc=0.9259 | Val: Loss=0.2715, Acc=0.8849, F1=0.8721 | LR=0.000100 
2025-07-22 17:41:05 | INFO     | Epoch 7:
2025-07-22 17:41:05 | INFO     |   训练指标:
2025-07-22 17:41:05 | INFO     |     损失(ce): 0.159278
2025-07-22 17:41:05 | INFO     |     准确率: 0.930430
2025-07-22 17:41:05 | INFO     |     学习率: 0.00010000
2025-07-22 17:41:05 | INFO     |   验证指标(标准CE):
2025-07-22 17:41:05 | INFO     |     损失: 0.118763
2025-07-22 17:41:05 | INFO     |     准确率: 0.943944
2025-07-22 17:41:05 | INFO     |     F1(macro): 0.945129
2025-07-22 17:41:05 | INFO     |     F1(weighted): 0.942324
2025-07-22 17:41:05 | INFO     |     精确率: 0.961376
2025-07-22 17:41:05 | INFO     |     召回率: 0.948299
2025-07-22 17:41:05 | INFO     |   学习率调度器: f1_based
2025-07-22 17:41:05 | INFO     | ------------------------------------------------------------
2025-07-22 17:41:05 | INFO     | Epoch   7 | Train: Loss=0.1593, Acc=0.9304 | Val: Loss=0.1188, Acc=0.9439, F1=0.9423 | LR=0.000100 🏆 [最佳模型]
2025-07-22 17:41:59 | INFO     | Epoch 8:
2025-07-22 17:41:59 | INFO     |   训练指标:
2025-07-22 17:41:59 | INFO     |     损失(ce): 0.141518
2025-07-22 17:41:59 | INFO     |     准确率: 0.943443
2025-07-22 17:41:59 | INFO     |     学习率: 0.00010000
2025-07-22 17:41:59 | INFO     |   验证指标(标准CE):
2025-07-22 17:41:59 | INFO     |     损失: 0.082351
2025-07-22 17:41:59 | INFO     |     准确率: 0.951952
2025-07-22 17:41:59 | INFO     |     F1(macro): 0.953880
2025-07-22 17:41:59 | INFO     |     F1(weighted): 0.951965
2025-07-22 17:41:59 | INFO     |     精确率: 0.954192
2025-07-22 17:41:59 | INFO     |     召回率: 0.954030
2025-07-22 17:41:59 | INFO     |   学习率调度器: f1_based
2025-07-22 17:41:59 | INFO     | ------------------------------------------------------------
2025-07-22 17:41:59 | INFO     | Epoch   8 | Train: Loss=0.1415, Acc=0.9434 | Val: Loss=0.0824, Acc=0.9520, F1=0.9520 | LR=0.000100 🏆 [最佳模型]
2025-07-22 17:42:53 | INFO     | Epoch 9:
2025-07-22 17:42:53 | INFO     |   训练指标:
2025-07-22 17:42:53 | INFO     |     损失(ce): 0.120096
2025-07-22 17:42:53 | INFO     |     准确率: 0.945946
2025-07-22 17:42:53 | INFO     |     学习率: 0.00010000
2025-07-22 17:42:53 | INFO     |   验证指标(标准CE):
2025-07-22 17:42:53 | INFO     |     损失: 0.099828
2025-07-22 17:42:53 | INFO     |     准确率: 0.958959
2025-07-22 17:42:53 | INFO     |     F1(macro): 0.960349
2025-07-22 17:42:53 | INFO     |     F1(weighted): 0.958499
2025-07-22 17:42:53 | INFO     |     精确率: 0.965049
2025-07-22 17:42:53 | INFO     |     召回率: 0.961854
2025-07-22 17:42:53 | INFO     |   学习率调度器: f1_based
2025-07-22 17:42:53 | INFO     | ------------------------------------------------------------
2025-07-22 17:42:53 | INFO     | Epoch   9 | Train: Loss=0.1201, Acc=0.9459 | Val: Loss=0.0998, Acc=0.9590, F1=0.9585 | LR=0.000100 🏆 [最佳模型]
2025-07-22 17:43:47 | INFO     | Epoch 10:
2025-07-22 17:43:47 | INFO     |   训练指标:
2025-07-22 17:43:47 | INFO     |     损失(ce): 0.112982
2025-07-22 17:43:47 | INFO     |     准确率: 0.958959
2025-07-22 17:43:47 | INFO     |     学习率: 0.00010000
2025-07-22 17:43:47 | INFO     |   验证指标(标准CE):
2025-07-22 17:43:47 | INFO     |     损失: 0.131294
2025-07-22 17:43:47 | INFO     |     准确率: 0.950951
2025-07-22 17:43:47 | INFO     |     F1(macro): 0.951786
2025-07-22 17:43:47 | INFO     |     F1(weighted): 0.949525
2025-07-22 17:43:47 | INFO     |     精确率: 0.964092
2025-07-22 17:43:47 | INFO     |     召回率: 0.954809
2025-07-22 17:43:47 | INFO     |   学习率调度器: f1_based
2025-07-22 17:43:47 | INFO     | ------------------------------------------------------------
2025-07-22 17:43:47 | INFO     | Epoch  10 | Train: Loss=0.1130, Acc=0.9590 | Val: Loss=0.1313, Acc=0.9510, F1=0.9495 | LR=0.000100 
2025-07-22 17:44:40 | INFO     | Epoch 11:
2025-07-22 17:44:40 | INFO     |   训练指标:
2025-07-22 17:44:40 | INFO     |     损失(ce): 0.087122
2025-07-22 17:44:40 | INFO     |     准确率: 0.960210
2025-07-22 17:44:40 | INFO     |     学习率: 0.00010000
2025-07-22 17:44:40 | INFO     |   验证指标(标准CE):
2025-07-22 17:44:40 | INFO     |     损失: 0.117409
2025-07-22 17:44:40 | INFO     |     准确率: 0.957958
2025-07-22 17:44:40 | INFO     |     F1(macro): 0.959621
2025-07-22 17:44:40 | INFO     |     F1(weighted): 0.957851
2025-07-22 17:44:40 | INFO     |     精确率: 0.960416
2025-07-22 17:44:40 | INFO     |     召回率: 0.960274
2025-07-22 17:44:40 | INFO     |   学习率调度器: f1_based
2025-07-22 17:44:40 | INFO     | ------------------------------------------------------------
2025-07-22 17:44:40 | INFO     | Epoch  11 | Train: Loss=0.0871, Acc=0.9602 | Val: Loss=0.1174, Acc=0.9580, F1=0.9579 | LR=0.000100 
2025-07-22 17:45:33 | INFO     | Epoch 12:
2025-07-22 17:45:33 | INFO     |   训练指标:
2025-07-22 17:45:33 | INFO     |     损失(ce): 0.084466
2025-07-22 17:45:33 | INFO     |     准确率: 0.963714
2025-07-22 17:45:33 | INFO     |     学习率: 0.00010000
2025-07-22 17:45:33 | INFO     |   验证指标(标准CE):
2025-07-22 17:45:33 | INFO     |     损失: 0.044842
2025-07-22 17:45:33 | INFO     |     准确率: 0.970971
2025-07-22 17:45:33 | INFO     |     F1(macro): 0.971985
2025-07-22 17:45:33 | INFO     |     F1(weighted): 0.970714
2025-07-22 17:45:33 | INFO     |     精确率: 0.976387
2025-07-22 17:45:33 | INFO     |     召回率: 0.973287
2025-07-22 17:45:33 | INFO     |   学习率调度器: f1_based
2025-07-22 17:45:33 | INFO     | ------------------------------------------------------------
2025-07-22 17:45:33 | INFO     | Epoch  12 | Train: Loss=0.0845, Acc=0.9637 | Val: Loss=0.0448, Acc=0.9710, F1=0.9707 | LR=0.000100 🏆 [最佳模型]
2025-07-22 17:46:27 | INFO     | Epoch 13:
2025-07-22 17:46:27 | INFO     |   训练指标:
2025-07-22 17:46:27 | INFO     |     损失(ce): 0.100472
2025-07-22 17:46:27 | INFO     |     准确率: 0.958709
2025-07-22 17:46:27 | INFO     |     学习率: 0.00010000
2025-07-22 17:46:27 | INFO     |   验证指标(标准CE):
2025-07-22 17:46:27 | INFO     |     损失: 0.055723
2025-07-22 17:46:27 | INFO     |     准确率: 0.973974
2025-07-22 17:46:27 | INFO     |     F1(macro): 0.974481
2025-07-22 17:46:27 | INFO     |     F1(weighted): 0.973510
2025-07-22 17:46:27 | INFO     |     精确率: 0.980348
2025-07-22 17:46:27 | INFO     |     召回率: 0.973974
2025-07-22 17:46:27 | INFO     |   学习率调度器: f1_based
2025-07-22 17:46:27 | INFO     | ------------------------------------------------------------
2025-07-22 17:46:27 | INFO     | Epoch  13 | Train: Loss=0.1005, Acc=0.9587 | Val: Loss=0.0557, Acc=0.9740, F1=0.9735 | LR=0.000100 🏆 [最佳模型]
2025-07-22 17:47:21 | INFO     | Epoch 14:
2025-07-22 17:47:21 | INFO     |   训练指标:
2025-07-22 17:47:21 | INFO     |     损失(ce): 0.088226
2025-07-22 17:47:21 | INFO     |     准确率: 0.961962
2025-07-22 17:47:21 | INFO     |     学习率: 0.00010000
2025-07-22 17:47:21 | INFO     |   验证指标(标准CE):
2025-07-22 17:47:21 | INFO     |     损失: 0.064520
2025-07-22 17:47:21 | INFO     |     准确率: 0.961962
2025-07-22 17:47:21 | INFO     |     F1(macro): 0.963044
2025-07-22 17:47:21 | INFO     |     F1(weighted): 0.961276
2025-07-22 17:47:21 | INFO     |     精确率: 0.970965
2025-07-22 17:47:21 | INFO     |     召回率: 0.965023
2025-07-22 17:47:21 | INFO     |   学习率调度器: f1_based
2025-07-22 17:47:21 | INFO     | ------------------------------------------------------------
2025-07-22 17:47:21 | INFO     | Epoch  14 | Train: Loss=0.0882, Acc=0.9620 | Val: Loss=0.0645, Acc=0.9620, F1=0.9613 | LR=0.000100 
2025-07-22 17:48:14 | INFO     | Epoch 15:
2025-07-22 17:48:14 | INFO     |   训练指标:
2025-07-22 17:48:14 | INFO     |     损失(ce): 0.085986
2025-07-22 17:48:14 | INFO     |     准确率: 0.963964
2025-07-22 17:48:14 | INFO     |     学习率: 0.00010000
2025-07-22 17:48:14 | INFO     |   验证指标(标准CE):
2025-07-22 17:48:14 | INFO     |     损失: 0.075762
2025-07-22 17:48:14 | INFO     |     准确率: 0.969970
2025-07-22 17:48:14 | INFO     |     F1(macro): 0.970885
2025-07-22 17:48:14 | INFO     |     F1(weighted): 0.969869
2025-07-22 17:48:14 | INFO     |     精确率: 0.972615
2025-07-22 17:48:14 | INFO     |     召回率: 0.970394
2025-07-22 17:48:14 | INFO     |   学习率调度器: f1_based
2025-07-22 17:48:14 | INFO     | ------------------------------------------------------------
2025-07-22 17:48:14 | INFO     | Epoch  15 | Train: Loss=0.0860, Acc=0.9640 | Val: Loss=0.0758, Acc=0.9700, F1=0.9699 | LR=0.000100 
2025-07-22 17:49:08 | INFO     | Epoch 16:
2025-07-22 17:49:08 | INFO     |   训练指标:
2025-07-22 17:49:08 | INFO     |     损失(ce): 0.081367
2025-07-22 17:49:08 | INFO     |     准确率: 0.965215
2025-07-22 17:49:08 | INFO     |     学习率: 0.00010000
2025-07-22 17:49:08 | INFO     |   验证指标(标准CE):
2025-07-22 17:49:08 | INFO     |     损失: 0.103689
2025-07-22 17:49:08 | INFO     |     准确率: 0.949950
2025-07-22 17:49:08 | INFO     |     F1(macro): 0.950727
2025-07-22 17:49:08 | INFO     |     F1(weighted): 0.948929
2025-07-22 17:49:08 | INFO     |     精确率: 0.955087
2025-07-22 17:49:08 | INFO     |     召回率: 0.950943
2025-07-22 17:49:08 | INFO     |   学习率调度器: f1_based
2025-07-22 17:49:08 | INFO     | ------------------------------------------------------------
2025-07-22 17:49:08 | INFO     | Epoch  16 | Train: Loss=0.0814, Acc=0.9652 | Val: Loss=0.1037, Acc=0.9499, F1=0.9489 | LR=0.000100 
2025-07-22 17:50:01 | INFO     | Epoch 17:
2025-07-22 17:50:01 | INFO     |   训练指标:
2025-07-22 17:50:01 | INFO     |     损失(ce): 0.086483
2025-07-22 17:50:01 | INFO     |     准确率: 0.963964
2025-07-22 17:50:01 | INFO     |     学习率: 0.00010000
2025-07-22 17:50:01 | INFO     |   验证指标(标准CE):
2025-07-22 17:50:01 | INFO     |     损失: 0.037227
2025-07-22 17:50:01 | INFO     |     准确率: 0.971972
2025-07-22 17:50:01 | INFO     |     F1(macro): 0.973018
2025-07-22 17:50:01 | INFO     |     F1(weighted): 0.971708
2025-07-22 17:50:01 | INFO     |     精确率: 0.977618
2025-07-22 17:50:01 | INFO     |     召回率: 0.974288
2025-07-22 17:50:01 | INFO     |   学习率调度器: f1_based
2025-07-22 17:50:01 | INFO     | ------------------------------------------------------------
2025-07-22 17:50:01 | INFO     | Epoch  17 | Train: Loss=0.0865, Acc=0.9640 | Val: Loss=0.0372, Acc=0.9720, F1=0.9717 | LR=0.000100 
2025-07-22 17:50:54 | INFO     | Epoch 18:
2025-07-22 17:50:54 | INFO     |   训练指标:
2025-07-22 17:50:54 | INFO     |     损失(ce): 0.071307
2025-07-22 17:50:54 | INFO     |     准确率: 0.973974
2025-07-22 17:50:54 | INFO     |     学习率: 0.00010000
2025-07-22 17:50:54 | INFO     |   验证指标(标准CE):
2025-07-22 17:50:54 | INFO     |     损失: 0.039392
2025-07-22 17:50:54 | INFO     |     准确率: 0.973974
2025-07-22 17:50:54 | INFO     |     F1(macro): 0.974975
2025-07-22 17:50:54 | INFO     |     F1(weighted): 0.973998
2025-07-22 17:50:54 | INFO     |     精确率: 0.975520
2025-07-22 17:50:54 | INFO     |     召回率: 0.974657
2025-07-22 17:50:54 | INFO     |   学习率调度器: f1_based
2025-07-22 17:50:54 | INFO     | ------------------------------------------------------------
2025-07-22 17:50:54 | INFO     | Epoch  18 | Train: Loss=0.0713, Acc=0.9740 | Val: Loss=0.0394, Acc=0.9740, F1=0.9740 | LR=0.000100 🏆 [最佳模型]
2025-07-22 17:51:48 | INFO     | Epoch 19:
2025-07-22 17:51:48 | INFO     |   训练指标:
2025-07-22 17:51:48 | INFO     |     损失(ce): 0.062935
2025-07-22 17:51:48 | INFO     |     准确率: 0.968218
2025-07-22 17:51:48 | INFO     |     学习率: 0.00010000
2025-07-22 17:51:48 | INFO     |   验证指标(标准CE):
2025-07-22 17:51:48 | INFO     |     损失: 0.040161
2025-07-22 17:51:48 | INFO     |     准确率: 0.976977
2025-07-22 17:51:48 | INFO     |     F1(macro): 0.977419
2025-07-22 17:51:48 | INFO     |     F1(weighted): 0.976617
2025-07-22 17:51:48 | INFO     |     精确率: 0.981149
2025-07-22 17:51:48 | INFO     |     召回率: 0.977060
2025-07-22 17:51:48 | INFO     |   学习率调度器: f1_based
2025-07-22 17:51:48 | INFO     | ------------------------------------------------------------
2025-07-22 17:51:48 | INFO     | Epoch  19 | Train: Loss=0.0629, Acc=0.9682 | Val: Loss=0.0402, Acc=0.9770, F1=0.9766 | LR=0.000100 🏆 [最佳模型]
2025-07-22 17:52:42 | INFO     | Epoch 20:
2025-07-22 17:52:42 | INFO     |   训练指标:
2025-07-22 17:52:42 | INFO     |     损失(ce): 0.080914
2025-07-22 17:52:42 | INFO     |     准确率: 0.966967
2025-07-22 17:52:42 | INFO     |     学习率: 0.00010000
2025-07-22 17:52:42 | INFO     |   验证指标(标准CE):
2025-07-22 17:52:42 | INFO     |     损失: 0.038160
2025-07-22 17:52:42 | INFO     |     准确率: 0.977978
2025-07-22 17:52:42 | INFO     |     F1(macro): 0.978369
2025-07-22 17:52:42 | INFO     |     F1(weighted): 0.977608
2025-07-22 17:52:42 | INFO     |     精确率: 0.982500
2025-07-22 17:52:42 | INFO     |     召回率: 0.977978
2025-07-22 17:52:42 | INFO     |   学习率调度器: f1_based
2025-07-22 17:52:42 | INFO     | ------------------------------------------------------------
2025-07-22 17:52:42 | INFO     | Epoch  20 | Train: Loss=0.0809, Acc=0.9670 | Val: Loss=0.0382, Acc=0.9780, F1=0.9776 | LR=0.000100 🏆 [最佳模型]
2025-07-22 17:53:36 | INFO     | Epoch 21:
2025-07-22 17:53:36 | INFO     |   训练指标:
2025-07-22 17:53:36 | INFO     |     损失(ce): 0.072054
2025-07-22 17:53:36 | INFO     |     准确率: 0.966717
2025-07-22 17:53:36 | INFO     |     学习率: 0.00010000
2025-07-22 17:53:36 | INFO     |   验证指标(标准CE):
2025-07-22 17:53:36 | INFO     |     损失: 0.045175
2025-07-22 17:53:36 | INFO     |     准确率: 0.974975
2025-07-22 17:53:36 | INFO     |     F1(macro): 0.975364
2025-07-22 17:53:36 | INFO     |     F1(weighted): 0.974706
2025-07-22 17:53:36 | INFO     |     精确率: 0.979220
2025-07-22 17:53:36 | INFO     |     召回率: 0.974664
2025-07-22 17:53:36 | INFO     |   学习率调度器: f1_based
2025-07-22 17:53:36 | INFO     | ------------------------------------------------------------
2025-07-22 17:53:36 | INFO     | Epoch  21 | Train: Loss=0.0721, Acc=0.9667 | Val: Loss=0.0452, Acc=0.9750, F1=0.9747 | LR=0.000100 
2025-07-22 17:54:29 | INFO     | Epoch 22:
2025-07-22 17:54:29 | INFO     |   训练指标:
2025-07-22 17:54:29 | INFO     |     损失(ce): 0.059735
2025-07-22 17:54:29 | INFO     |     准确率: 0.971471
2025-07-22 17:54:29 | INFO     |     学习率: 0.00010000
2025-07-22 17:54:29 | INFO     |   验证指标(标准CE):
2025-07-22 17:54:29 | INFO     |     损失: 0.036094
2025-07-22 17:54:29 | INFO     |     准确率: 0.970971
2025-07-22 17:54:29 | INFO     |     F1(macro): 0.971985
2025-07-22 17:54:29 | INFO     |     F1(weighted): 0.970714
2025-07-22 17:54:29 | INFO     |     精确率: 0.976387
2025-07-22 17:54:29 | INFO     |     召回率: 0.973287
2025-07-22 17:54:29 | INFO     |   学习率调度器: f1_based
2025-07-22 17:54:29 | INFO     | ------------------------------------------------------------
2025-07-22 17:54:29 | INFO     | Epoch  22 | Train: Loss=0.0597, Acc=0.9715 | Val: Loss=0.0361, Acc=0.9710, F1=0.9707 | LR=0.000100 
2025-07-22 17:55:23 | INFO     | Epoch 23:
2025-07-22 17:55:23 | INFO     |   训练指标:
2025-07-22 17:55:23 | INFO     |     损失(ce): 0.061322
2025-07-22 17:55:23 | INFO     |     准确率: 0.970721
2025-07-22 17:55:23 | INFO     |     学习率: 0.00010000
2025-07-22 17:55:23 | INFO     |   验证指标(标准CE):
2025-07-22 17:55:23 | INFO     |     损失: 0.127545
2025-07-22 17:55:23 | INFO     |     准确率: 0.943944
2025-07-22 17:55:23 | INFO     |     F1(macro): 0.947053
2025-07-22 17:55:23 | INFO     |     F1(weighted): 0.944951
2025-07-22 17:55:23 | INFO     |     精确率: 0.949282
2025-07-22 17:55:23 | INFO     |     召回率: 0.946420
2025-07-22 17:55:23 | INFO     |   学习率调度器: f1_based
2025-07-22 17:55:23 | INFO     | ------------------------------------------------------------
2025-07-22 17:55:23 | INFO     | Epoch  23 | Train: Loss=0.0613, Acc=0.9707 | Val: Loss=0.1275, Acc=0.9439, F1=0.9450 | LR=0.000100 
2025-07-22 17:56:16 | INFO     | Epoch 24:
2025-07-22 17:56:16 | INFO     |   训练指标:
2025-07-22 17:56:16 | INFO     |     损失(ce): 0.071534
2025-07-22 17:56:16 | INFO     |     准确率: 0.965966
2025-07-22 17:56:16 | INFO     |     学习率: 0.00010000
2025-07-22 17:56:16 | INFO     |   验证指标(标准CE):
2025-07-22 17:56:16 | INFO     |     损失: 0.045019
2025-07-22 17:56:16 | INFO     |     准确率: 0.975976
2025-07-22 17:56:16 | INFO     |     F1(macro): 0.976672
2025-07-22 17:56:16 | INFO     |     F1(weighted): 0.975748
2025-07-22 17:56:16 | INFO     |     精确率: 0.979629
2025-07-22 17:56:16 | INFO     |     召回率: 0.976224
2025-07-22 17:56:16 | INFO     |   学习率调度器: f1_based
2025-07-22 17:56:16 | INFO     | ------------------------------------------------------------
2025-07-22 17:56:16 | INFO     | Epoch  24 | Train: Loss=0.0715, Acc=0.9660 | Val: Loss=0.0450, Acc=0.9760, F1=0.9757 | LR=0.000100 
2025-07-22 17:57:09 | INFO     | Epoch 25:
2025-07-22 17:57:09 | INFO     |   训练指标:
2025-07-22 17:57:09 | INFO     |     损失(ce): 0.068685
2025-07-22 17:57:09 | INFO     |     准确率: 0.966717
2025-07-22 17:57:09 | INFO     |     学习率: 0.00010000
2025-07-22 17:57:09 | INFO     |   验证指标(标准CE):
2025-07-22 17:57:09 | INFO     |     损失: 0.042705
2025-07-22 17:57:09 | INFO     |     准确率: 0.968969
2025-07-22 17:57:09 | INFO     |     F1(macro): 0.969971
2025-07-22 17:57:09 | INFO     |     F1(weighted): 0.968926
2025-07-22 17:57:09 | INFO     |     精确率: 0.971512
2025-07-22 17:57:09 | INFO     |     召回率: 0.970667
2025-07-22 17:57:09 | INFO     |   学习率调度器: f1_based
2025-07-22 17:57:09 | INFO     | ------------------------------------------------------------
2025-07-22 17:57:09 | INFO     | Epoch  25 | Train: Loss=0.0687, Acc=0.9667 | Val: Loss=0.0427, Acc=0.9690, F1=0.9689 | LR=0.000100 
2025-07-22 17:58:03 | INFO     | Epoch 26:
2025-07-22 17:58:03 | INFO     |   训练指标:
2025-07-22 17:58:03 | INFO     |     损失(ce): 0.050945
2025-07-22 17:58:03 | INFO     |     准确率: 0.971722
2025-07-22 17:58:03 | INFO     |     学习率: 0.00010000
2025-07-22 17:58:03 | INFO     |   验证指标(标准CE):
2025-07-22 17:58:03 | INFO     |     损失: 0.043785
2025-07-22 17:58:03 | INFO     |     准确率: 0.968969
2025-07-22 17:58:03 | INFO     |     F1(macro): 0.970221
2025-07-22 17:58:03 | INFO     |     F1(weighted): 0.968787
2025-07-22 17:58:03 | INFO     |     精确率: 0.975165
2025-07-22 17:58:03 | INFO     |     召回率: 0.971429
2025-07-22 17:58:03 | INFO     |   学习率调度器: f1_based
2025-07-22 17:58:03 | INFO     | ------------------------------------------------------------
2025-07-22 17:58:03 | INFO     | 🎯 学习率调整事件:
2025-07-22 17:58:03 | INFO     |   调度器类型: f1_based
2025-07-22 17:58:03 | INFO     |   学习率变化: 0.00010000 → 0.00005000
2025-07-22 17:58:03 | INFO     |   触发条件: F1分数 = 0.968787
2025-07-22 17:58:03 | INFO     |   变化幅度: -50.00%
2025-07-22 17:58:03 | INFO     | ------------------------------------------------------------
2025-07-22 17:58:03 | INFO     | Epoch  26 | Train: Loss=0.0509, Acc=0.9717 | Val: Loss=0.0438, Acc=0.9690, F1=0.9688 | LR=0.000050 
2025-07-22 17:58:56 | INFO     | Epoch 27:
2025-07-22 17:58:56 | INFO     |   训练指标:
2025-07-22 17:58:56 | INFO     |     损失(ce): 0.041691
2025-07-22 17:58:56 | INFO     |     准确率: 0.973223
2025-07-22 17:58:56 | INFO     |     学习率: 0.00005000
2025-07-22 17:58:56 | INFO     |   验证指标(标准CE):
2025-07-22 17:58:56 | INFO     |     损失: 0.036523
2025-07-22 17:58:56 | INFO     |     准确率: 0.970971
2025-07-22 17:58:56 | INFO     |     F1(macro): 0.972035
2025-07-22 17:58:56 | INFO     |     F1(weighted): 0.970672
2025-07-22 17:58:56 | INFO     |     精确率: 0.976984
2025-07-22 17:58:56 | INFO     |     召回率: 0.973370
2025-07-22 17:58:56 | INFO     |   学习率调度器: f1_based
2025-07-22 17:58:56 | INFO     | ------------------------------------------------------------
2025-07-22 17:58:56 | INFO     | Epoch  27 | Train: Loss=0.0417, Acc=0.9732 | Val: Loss=0.0365, Acc=0.9710, F1=0.9707 | LR=0.000050 
2025-07-22 17:59:49 | INFO     | Epoch 28:
2025-07-22 17:59:49 | INFO     |   训练指标:
2025-07-22 17:59:49 | INFO     |     损失(ce): 0.032497
2025-07-22 17:59:49 | INFO     |     准确率: 0.976727
2025-07-22 17:59:49 | INFO     |     学习率: 0.00005000
2025-07-22 17:59:49 | INFO     |   验证指标(标准CE):
2025-07-22 17:59:49 | INFO     |     损失: 0.045984
2025-07-22 17:59:49 | INFO     |     准确率: 0.968969
2025-07-22 17:59:49 | INFO     |     F1(macro): 0.970061
2025-07-22 17:59:49 | INFO     |     F1(weighted): 0.968591
2025-07-22 17:59:49 | INFO     |     精确率: 0.975743
2025-07-22 17:59:49 | INFO     |     召回率: 0.971534
2025-07-22 17:59:49 | INFO     |   学习率调度器: f1_based
2025-07-22 17:59:49 | INFO     | ------------------------------------------------------------
2025-07-22 17:59:49 | INFO     | Epoch  28 | Train: Loss=0.0325, Acc=0.9767 | Val: Loss=0.0460, Acc=0.9690, F1=0.9686 | LR=0.000050 
2025-07-22 18:00:43 | INFO     | Epoch 29:
2025-07-22 18:00:43 | INFO     |   训练指标:
2025-07-22 18:00:43 | INFO     |     损失(ce): 0.039757
2025-07-22 18:00:43 | INFO     |     准确率: 0.974725
2025-07-22 18:00:43 | INFO     |     学习率: 0.00005000
2025-07-22 18:00:43 | INFO     |   验证指标(标准CE):
2025-07-22 18:00:43 | INFO     |     损失: 0.036148
2025-07-22 18:00:43 | INFO     |     准确率: 0.971972
2025-07-22 18:00:43 | INFO     |     F1(macro): 0.973018
2025-07-22 18:00:43 | INFO     |     F1(weighted): 0.971708
2025-07-22 18:00:43 | INFO     |     精确率: 0.977618
2025-07-22 18:00:43 | INFO     |     召回率: 0.974288
2025-07-22 18:00:43 | INFO     |   学习率调度器: f1_based
2025-07-22 18:00:43 | INFO     | ------------------------------------------------------------
2025-07-22 18:00:43 | INFO     | Epoch  29 | Train: Loss=0.0398, Acc=0.9747 | Val: Loss=0.0361, Acc=0.9720, F1=0.9717 | LR=0.000050 
2025-07-22 18:01:36 | INFO     | Epoch 30:
2025-07-22 18:01:36 | INFO     |   训练指标:
2025-07-22 18:01:36 | INFO     |     损失(ce): 0.040219
2025-07-22 18:01:36 | INFO     |     准确率: 0.975475
2025-07-22 18:01:36 | INFO     |     学习率: 0.00005000
2025-07-22 18:01:36 | INFO     |   验证指标(标准CE):
2025-07-22 18:01:36 | INFO     |     损失: 0.036707
2025-07-22 18:01:36 | INFO     |     准确率: 0.970971
2025-07-22 18:01:36 | INFO     |     F1(macro): 0.972087
2025-07-22 18:01:36 | INFO     |     F1(weighted): 0.970716
2025-07-22 18:01:36 | INFO     |     精确率: 0.976436
2025-07-22 18:01:36 | INFO     |     召回率: 0.973330
2025-07-22 18:01:36 | INFO     |   学习率调度器: f1_based
2025-07-22 18:01:36 | INFO     | ------------------------------------------------------------
2025-07-22 18:01:36 | INFO     | Epoch  30 | Train: Loss=0.0402, Acc=0.9755 | Val: Loss=0.0367, Acc=0.9710, F1=0.9707 | LR=0.000050 
2025-07-22 18:02:30 | INFO     | Epoch 31:
2025-07-22 18:02:30 | INFO     |   训练指标:
2025-07-22 18:02:30 | INFO     |     损失(ce): 0.043205
2025-07-22 18:02:30 | INFO     |     准确率: 0.973473
2025-07-22 18:02:30 | INFO     |     学习率: 0.00005000
2025-07-22 18:02:30 | INFO     |   验证指标(标准CE):
2025-07-22 18:02:30 | INFO     |     损失: 0.034732
2025-07-22 18:02:30 | INFO     |     准确率: 0.971972
2025-07-22 18:02:30 | INFO     |     F1(macro): 0.973018
2025-07-22 18:02:30 | INFO     |     F1(weighted): 0.971708
2025-07-22 18:02:30 | INFO     |     精确率: 0.977618
2025-07-22 18:02:30 | INFO     |     召回率: 0.974288
2025-07-22 18:02:30 | INFO     |   学习率调度器: f1_based
2025-07-22 18:02:30 | INFO     | ------------------------------------------------------------
2025-07-22 18:02:30 | INFO     | Epoch  31 | Train: Loss=0.0432, Acc=0.9735 | Val: Loss=0.0347, Acc=0.9720, F1=0.9717 | LR=0.000050 
2025-07-22 18:03:24 | INFO     | Epoch 32:
2025-07-22 18:03:24 | INFO     |   训练指标:
2025-07-22 18:03:24 | INFO     |     损失(ce): 0.043901
2025-07-22 18:03:24 | INFO     |     准确率: 0.973473
2025-07-22 18:03:24 | INFO     |     学习率: 0.00005000
2025-07-22 18:03:24 | INFO     |   验证指标(标准CE):
2025-07-22 18:03:24 | INFO     |     损失: 0.035999
2025-07-22 18:03:24 | INFO     |     准确率: 0.971972
2025-07-22 18:03:24 | INFO     |     F1(macro): 0.973018
2025-07-22 18:03:24 | INFO     |     F1(weighted): 0.971708
2025-07-22 18:03:24 | INFO     |     精确率: 0.977618
2025-07-22 18:03:24 | INFO     |     召回率: 0.974288
2025-07-22 18:03:24 | INFO     |   学习率调度器: f1_based
2025-07-22 18:03:24 | INFO     | ------------------------------------------------------------
2025-07-22 18:03:24 | INFO     | Epoch  32 | Train: Loss=0.0439, Acc=0.9735 | Val: Loss=0.0360, Acc=0.9720, F1=0.9717 | LR=0.000050 
2025-07-22 18:04:17 | INFO     | Epoch 33:
2025-07-22 18:04:17 | INFO     |   训练指标:
2025-07-22 18:04:17 | INFO     |     损失(ce): 0.034190
2025-07-22 18:04:17 | INFO     |     准确率: 0.976977
2025-07-22 18:04:17 | INFO     |     学习率: 0.00005000
2025-07-22 18:04:17 | INFO     |   验证指标(标准CE):
2025-07-22 18:04:17 | INFO     |     损失: 0.035017
2025-07-22 18:04:17 | INFO     |     准确率: 0.971972
2025-07-22 18:04:17 | INFO     |     F1(macro): 0.973018
2025-07-22 18:04:17 | INFO     |     F1(weighted): 0.971708
2025-07-22 18:04:17 | INFO     |     精确率: 0.977618
2025-07-22 18:04:17 | INFO     |     召回率: 0.974288
2025-07-22 18:04:17 | INFO     |   学习率调度器: f1_based
2025-07-22 18:04:17 | INFO     | ------------------------------------------------------------
2025-07-22 18:04:17 | INFO     | Epoch  33 | Train: Loss=0.0342, Acc=0.9770 | Val: Loss=0.0350, Acc=0.9720, F1=0.9717 | LR=0.000050 
2025-07-22 18:05:11 | INFO     | Epoch 34:
2025-07-22 18:05:11 | INFO     |   训练指标:
2025-07-22 18:05:11 | INFO     |     损失(ce): 0.044707
2025-07-22 18:05:11 | INFO     |     准确率: 0.973724
2025-07-22 18:05:11 | INFO     |     学习率: 0.00005000
2025-07-22 18:05:11 | INFO     |   验证指标(标准CE):
2025-07-22 18:05:11 | INFO     |     损失: 0.034917
2025-07-22 18:05:11 | INFO     |     准确率: 0.971972
2025-07-22 18:05:11 | INFO     |     F1(macro): 0.973018
2025-07-22 18:05:11 | INFO     |     F1(weighted): 0.971708
2025-07-22 18:05:11 | INFO     |     精确率: 0.977618
2025-07-22 18:05:11 | INFO     |     召回率: 0.974288
2025-07-22 18:05:11 | INFO     |   学习率调度器: f1_based
2025-07-22 18:05:11 | INFO     | ------------------------------------------------------------
2025-07-22 18:05:11 | INFO     | 🎯 学习率调整事件:
2025-07-22 18:05:11 | INFO     |   调度器类型: f1_based
2025-07-22 18:05:11 | INFO     |   学习率变化: 0.00005000 → 0.00002500
2025-07-22 18:05:11 | INFO     |   触发条件: F1分数 = 0.971708
2025-07-22 18:05:11 | INFO     |   变化幅度: -50.00%
2025-07-22 18:05:11 | INFO     | ------------------------------------------------------------
2025-07-22 18:05:11 | INFO     | Epoch  34 | Train: Loss=0.0447, Acc=0.9737 | Val: Loss=0.0349, Acc=0.9720, F1=0.9717 | LR=0.000025 
2025-07-22 18:06:04 | INFO     | Epoch 35:
2025-07-22 18:06:04 | INFO     |   训练指标:
2025-07-22 18:06:04 | INFO     |     损失(ce): 0.033560
2025-07-22 18:06:04 | INFO     |     准确率: 0.975225
2025-07-22 18:06:04 | INFO     |     学习率: 0.00002500
2025-07-22 18:06:04 | INFO     |   验证指标(标准CE):
2025-07-22 18:06:04 | INFO     |     损失: 0.034635
2025-07-22 18:06:04 | INFO     |     准确率: 0.971972
2025-07-22 18:06:04 | INFO     |     F1(macro): 0.973018
2025-07-22 18:06:04 | INFO     |     F1(weighted): 0.971708
2025-07-22 18:06:04 | INFO     |     精确率: 0.977618
2025-07-22 18:06:04 | INFO     |     召回率: 0.974288
2025-07-22 18:06:04 | INFO     |   学习率调度器: f1_based
2025-07-22 18:06:04 | INFO     | ------------------------------------------------------------
2025-07-22 18:06:04 | INFO     | Epoch  35 | Train: Loss=0.0336, Acc=0.9752 | Val: Loss=0.0346, Acc=0.9720, F1=0.9717 | LR=0.000025 
2025-07-22 18:06:04 | INFO     | ⏹️ 早停触发，在第 35 轮停止训练
2025-07-22 18:06:08 | INFO     | 训练历史已保存到: ./result/0722_1734_DualGAF_DualGAFNet_0到1的归一化_sl96_step96_fd128_extractor-dilated_gaf-adaptive_attention-channel_classifier-mlp_stat-basic_fusion-concat/training_history.csv
2025-07-22 18:06:08 | INFO     | 
====================================================================================================
2025-07-22 18:06:08 | INFO     | 🎉 训练完成总结:
2025-07-22 18:06:08 | INFO     |   训练损失函数: ce
2025-07-22 18:06:08 | INFO     |   验证损失函数: 标准交叉熵（遵循主流ML规范）
2025-07-22 18:06:08 | INFO     |   训练过程最佳验证准确率: 0.9780
2025-07-22 18:06:08 | INFO     |   训练过程最佳验证F1(macro): 0.9784
2025-07-22 18:06:08 | INFO     |   训练过程最佳验证F1(weighted): 0.9776
2025-07-22 18:06:08 | INFO     |   训练轮数: 35
2025-07-22 18:06:08 | INFO     | --------------------------------------------------
2025-07-22 18:06:08 | INFO     | 📊 最佳模型真实性能指标（基于标准交叉熵损失）:
2025-07-22 18:06:08 | INFO     |   验证损失(标准CE): 0.0383
2025-07-22 18:06:08 | INFO     |   验证准确率: 0.9780
2025-07-22 18:06:08 | INFO     |   验证F1(macro): 0.9784
2025-07-22 18:06:08 | INFO     |   验证F1(weighted): 0.9776
2025-07-22 18:06:08 | INFO     |   验证精确率: 0.9825
2025-07-22 18:06:08 | INFO     |   验证召回率: 0.9780
2025-07-22 18:06:08 | INFO     | ====================================================================================================
2025-07-22 18:06:10 | INFO     | ================================================================================
2025-07-22 18:06:10 | INFO     | 实验日志结束: DualGAF_DualGAFNet_0到1的归一化_sl96_step96_fd128_extractor-dilated_gaf-adaptive_attention-channel_classifier-mlp_stat-basic_fusion-concat
2025-07-22 18:06:10 | INFO     | 结束时间: 2025-07-22 18:06:10
2025-07-22 18:06:10 | INFO     | ================================================================================
