2025-07-28 14:44:51 | INFO     | ================================================================================
2025-07-28 14:44:51 | INFO     | 实验日志开始: DualGAF_DualGAFNet_SDAHU通道压缩_sl96_step96_fd128_extractor-dilated_gaf-adaptive_attention-channel_classifier-mlp_stat-basic_fusion-concat
2025-07-28 14:44:51 | INFO     | 日志文件: ./result/0728_1444_DualGAF_DualGAFNet_SDAHU通道压缩_sl96_step96_fd128_extractor-dilated_gaf-adaptive_attention-channel_classifier-mlp_stat-basic_fusion-concat/training.log
2025-07-28 14:44:51 | INFO     | 开始时间: 2025-07-28 14:44:51
2025-07-28 14:44:51 | INFO     | ================================================================================
2025-07-28 14:44:51 | INFO     | ⚙️ 实验配置:
2025-07-28 14:44:51 | INFO     |    task_name: classification
2025-07-28 14:44:51 | INFO     |    is_training: 1
2025-07-28 14:44:51 | INFO     |    model_id: test
2025-07-28 14:44:51 | INFO     |    model: DualGAFNet
2025-07-28 14:44:51 | INFO     |    data: DualGAF
2025-07-28 14:44:51 | INFO     |    root_path: ./dataset/SAHU/direct_5_working
2025-07-28 14:44:51 | INFO     |    step: 96
2025-07-28 14:44:51 | INFO     |    checkpoints: ./checkpoints/
2025-07-28 14:44:51 | INFO     |    num_class: 9
2025-07-28 14:44:51 | INFO     |    result_path: ./result/
2025-07-28 14:44:51 | INFO     |    test_size: 0.2
2025-07-28 14:44:51 | INFO     |    rows: None
2025-07-28 14:44:51 | INFO     |    seq_len: 96
2025-07-28 14:44:51 | INFO     |    enc_in: 26
2025-07-28 14:44:51 | INFO     |    d_model: 512
2025-07-28 14:44:51 | INFO     |    n_heads: 8
2025-07-28 14:44:51 | INFO     |    e_layers: 2
2025-07-28 14:44:51 | INFO     |    d_layers: 1
2025-07-28 14:44:51 | INFO     |    d_ff: 2048
2025-07-28 14:44:51 | INFO     |    moving_avg: 25
2025-07-28 14:44:51 | INFO     |    factor: 1
2025-07-28 14:44:51 | INFO     |    distil: True
2025-07-28 14:44:51 | INFO     |    dropout: 0.1
2025-07-28 14:44:51 | INFO     |    embed: timeF
2025-07-28 14:44:51 | INFO     |    activation: gelu
2025-07-28 14:44:51 | INFO     |    use_norm: 1
2025-07-28 14:44:51 | INFO     |    gaf_method: summation
2025-07-28 14:44:51 | INFO     |    feature_dim: 128
2025-07-28 14:44:51 | INFO     |    data_type_method: uint8
2025-07-28 14:44:51 | INFO     |    use_attention: True
2025-07-28 14:44:51 | INFO     |    hidden_dim: 64
2025-07-28 14:44:51 | INFO     |    sample_size: 1000
2025-07-28 14:44:51 | INFO     |    cnn_dropout_rate: 0.3
2025-07-28 14:44:51 | INFO     |    cnn_use_batch_norm: True
2025-07-28 14:44:51 | INFO     |    channel_groups: None
2025-07-28 14:44:51 | INFO     |    hvac_groups: None
2025-07-28 14:44:51 | INFO     |    use_channel_compression: True
2025-07-28 14:44:51 | INFO     |    compression_strategy: signal_compression
2025-07-28 14:44:51 | INFO     |    compression_ratio: 0.7
2025-07-28 14:44:51 | INFO     |    compression_channels: 16
2025-07-28 14:44:51 | INFO     |    adaptive_compression_ratios: [0.5, 0.7, 0.8]
2025-07-28 14:44:51 | INFO     |    hvac_group_compression_ratios: None
2025-07-28 14:44:51 | INFO     |    extractor_type: dilated
2025-07-28 14:44:51 | INFO     |    fusion_type: adaptive
2025-07-28 14:44:51 | INFO     |    attention_type: channel
2025-07-28 14:44:51 | INFO     |    classifier_type: mlp
2025-07-28 14:44:51 | INFO     |    use_statistical_features: True
2025-07-28 14:44:51 | INFO     |    stat_type: basic
2025-07-28 14:44:51 | INFO     |    multimodal_fusion_strategy: concat
2025-07-28 14:44:51 | INFO     |    use_signal_level_stats: False
2025-07-28 14:44:51 | INFO     |    signal_stat_type: comprehensive
2025-07-28 14:44:51 | INFO     |    signal_stat_fusion_strategy: concat_project
2025-07-28 14:44:51 | INFO     |    signal_stat_feature_dim: 32
2025-07-28 14:44:51 | INFO     |    use_diff_branch: True
2025-07-28 14:44:51 | INFO     |    ablation_mode: none
2025-07-28 14:44:51 | INFO     |    backbone_type: resnet18
2025-07-28 14:44:51 | INFO     |    use_sum_branch: True
2025-07-28 14:44:51 | INFO     |    num_workers: 0
2025-07-28 14:44:51 | INFO     |    cuda_debug: False
2025-07-28 14:44:51 | INFO     |    gpu_memory_fraction: 0.9
2025-07-28 14:44:51 | INFO     |    safe_mode: True
2025-07-28 14:44:51 | INFO     |    drop_last_batch: True
2025-07-28 14:44:51 | INFO     |    itr: 1
2025-07-28 14:44:51 | INFO     |    train_epochs: 300
2025-07-28 14:44:51 | INFO     |    batch_size: 4
2025-07-28 14:44:51 | INFO     |    patience: 15
2025-07-28 14:44:51 | INFO     |    learning_rate: 0.0001
2025-07-28 14:44:51 | INFO     |    des: SDAHU通道压缩
2025-07-28 14:44:51 | INFO     |    loss: MSE
2025-07-28 14:44:51 | INFO     |    lradj: type1
2025-07-28 14:44:51 | INFO     |    lr_scheduler_type: f1_based
2025-07-28 14:44:51 | INFO     |    lr_loss_weight: 0.3
2025-07-28 14:44:51 | INFO     |    lr_f1_weight: 0.7
2025-07-28 14:44:51 | INFO     |    use_amp: False
2025-07-28 14:44:51 | INFO     |    gradient_accumulation_steps: 2
2025-07-28 14:44:51 | INFO     |    enable_auto_gradient_accumulation: True
2025-07-28 14:44:51 | INFO     |    loss_type: ce
2025-07-28 14:44:51 | INFO     |    label_smoothing: 0.1
2025-07-28 14:44:51 | INFO     |    focal_alpha: 1.0
2025-07-28 14:44:51 | INFO     |    focal_gamma: 2.0
2025-07-28 14:44:51 | INFO     |    confidence_penalty_beta: 0.1
2025-07-28 14:44:51 | INFO     |    use_timm_loss: True
2025-07-28 14:44:51 | INFO     |    adaptive_initial_smoothing: 0.2
2025-07-28 14:44:51 | INFO     |    adaptive_final_smoothing: 0.05
2025-07-28 14:44:51 | INFO     |    adaptive_decay_epochs: 30
2025-07-28 14:44:51 | INFO     |    enable_class_weights: False
2025-07-28 14:44:51 | INFO     |    class_weights: None
2025-07-28 14:44:51 | INFO     |    loss_preset: None
2025-07-28 14:44:51 | INFO     |    n_jobs: 1
2025-07-28 14:44:51 | INFO     |    use_multiprocessing: False
2025-07-28 14:44:51 | INFO     |    chunk_size: 800
2025-07-28 14:44:51 | INFO     |    disable_parallel: True
2025-07-28 14:44:51 | INFO     |    use_shared_memory: False
2025-07-28 14:44:51 | INFO     |    disable_shared_memory: False
2025-07-28 14:44:51 | INFO     |    use_gpu: True
2025-07-28 14:44:51 | INFO     |    gpu: 0
2025-07-28 14:44:51 | INFO     |    gpu_type: cuda
2025-07-28 14:44:51 | INFO     |    use_multi_gpu: False
2025-07-28 14:44:51 | INFO     |    devices: 0,1,2,3
2025-07-28 14:44:51 | INFO     |    device: cuda:0
2025-07-28 14:44:51 | INFO     |    feature_columns: ['CHWC_VLV', 'CHWC_VLV_DM', 'MA_TEMP', 'OA_CFM', 'OA_DMPR', 'OA_DMPR_DM', 'OA_TEMP', 'RA_CFM', 'RA_DMPR', 'RA_DMPR_DM', 'RA_TEMP', 'RF_CS', 'RF_SPD', 'RF_WAT', 'SA_CFM', 'SA_SP', 'SA_SPSPT', 'SA_TEMP', 'SF_CS', 'SF_SPD', 'SF_WAT', 'ZONE_TEMP_1', 'ZONE_TEMP_2', 'ZONE_TEMP_3', 'ZONE_TEMP_4', 'ZONE_TEMP_5']
2025-07-28 14:44:51 | INFO     | 🏗️ 模型信息:
2025-07-28 14:44:51 | INFO     |    模型类型: Model
2025-07-28 14:44:51 | INFO     |    总参数数量: 5,742,415
2025-07-28 14:44:51 | INFO     |    可训练参数: 5,742,415
2025-07-28 14:44:51 | INFO     |    模型大小估计: 21.91 MB
2025-07-28 14:44:51 | INFO     | 📊 数据集信息:
2025-07-28 14:44:51 | INFO     |    训练集大小: 3996
2025-07-28 14:44:51 | INFO     |    验证集大小: 999
2025-07-28 14:44:51 | INFO     | 
================================================================================
2025-07-28 14:44:51 | INFO     | 📋 损失函数使用策略（遵循主流机器学习规范）:
2025-07-28 14:44:51 | INFO     |    🎯 训练阶段: 使用 ce 损失函数
2025-07-28 14:44:51 | INFO     |       → 目的：优化模型参数，解决特定问题（类别不平衡、相似性等）
2025-07-28 14:44:51 | INFO     |    📊 验证阶段: 使用标准交叉熵损失函数
2025-07-28 14:44:51 | INFO     |       → 目的：客观评估模型性能，便于不同方法比较
2025-07-28 14:44:51 | INFO     |    📈 最终报告: 基于标准交叉熵损失的指标
2025-07-28 14:44:51 | INFO     |       → 目的：提供可信、可比较的性能指标
2025-07-28 14:44:51 | INFO     | ================================================================================

2025-07-28 14:44:51 | INFO     | 🔄 梯度累积配置: 每2轮累积一次梯度
2025-07-28 14:44:51 | INFO     |    实际batch_size: 4
2025-07-28 14:44:51 | INFO     |    有效batch_size: 8
2025-07-28 14:45:54 | INFO     | Epoch 1:
2025-07-28 14:45:54 | INFO     |   训练指标:
2025-07-28 14:45:54 | INFO     |     损失(ce): 1.714394
2025-07-28 14:45:54 | INFO     |     准确率: 0.354104
2025-07-28 14:45:54 | INFO     |     学习率: 0.00010000
2025-07-28 14:45:54 | INFO     |   验证指标(标准CE):
2025-07-28 14:45:54 | INFO     |     损失: 0.665789
2025-07-28 14:45:54 | INFO     |     准确率: 0.748749
2025-07-28 14:45:54 | INFO     |     F1(macro): 0.707561
2025-07-28 14:45:54 | INFO     |     F1(weighted): 0.698797
2025-07-28 14:45:54 | INFO     |     精确率: 0.707193
2025-07-28 14:45:54 | INFO     |     召回率: 0.753473
2025-07-28 14:45:54 | INFO     |   学习率调度器: f1_based
2025-07-28 14:45:54 | INFO     | ------------------------------------------------------------
2025-07-28 14:45:54 | INFO     | Epoch   1 | Train: Loss=1.7144, Acc=0.3541 | Val: Loss=0.6658, Acc=0.7487, F1=0.6988 | LR=0.000100 🏆 [最佳模型]
2025-07-28 14:46:53 | INFO     | Epoch 2:
2025-07-28 14:46:53 | INFO     |   训练指标:
2025-07-28 14:46:53 | INFO     |     损失(ce): 0.451663
2025-07-28 14:46:53 | INFO     |     准确率: 0.819069
2025-07-28 14:46:53 | INFO     |     学习率: 0.00010000
2025-07-28 14:46:53 | INFO     |   验证指标(标准CE):
2025-07-28 14:46:53 | INFO     |     损失: 0.300151
2025-07-28 14:46:53 | INFO     |     准确率: 0.853854
2025-07-28 14:46:53 | INFO     |     F1(macro): 0.823501
2025-07-28 14:46:53 | INFO     |     F1(weighted): 0.814148
2025-07-28 14:46:53 | INFO     |     精确率: 0.910646
2025-07-28 14:46:53 | INFO     |     召回率: 0.861881
2025-07-28 14:46:53 | INFO     |   学习率调度器: f1_based
2025-07-28 14:46:53 | INFO     | ------------------------------------------------------------
2025-07-28 14:46:53 | INFO     | Epoch   2 | Train: Loss=0.4517, Acc=0.8191 | Val: Loss=0.3002, Acc=0.8539, F1=0.8141 | LR=0.000100 🏆 [最佳模型]
2025-07-28 14:47:51 | INFO     | Epoch 3:
2025-07-28 14:47:51 | INFO     |   训练指标:
2025-07-28 14:47:51 | INFO     |     损失(ce): 0.257780
2025-07-28 14:47:51 | INFO     |     准确率: 0.883634
2025-07-28 14:47:51 | INFO     |     学习率: 0.00010000
2025-07-28 14:47:51 | INFO     |   验证指标(标准CE):
2025-07-28 14:47:51 | INFO     |     损失: 0.174098
2025-07-28 14:47:51 | INFO     |     准确率: 0.928929
2025-07-28 14:47:51 | INFO     |     F1(macro): 0.924624
2025-07-28 14:47:51 | INFO     |     F1(weighted): 0.924110
2025-07-28 14:47:51 | INFO     |     精确率: 0.927225
2025-07-28 14:47:51 | INFO     |     召回率: 0.929536
2025-07-28 14:47:51 | INFO     |   学习率调度器: f1_based
2025-07-28 14:47:51 | INFO     | ------------------------------------------------------------
2025-07-28 14:47:51 | INFO     | Epoch   3 | Train: Loss=0.2578, Acc=0.8836 | Val: Loss=0.1741, Acc=0.9289, F1=0.9241 | LR=0.000100 🏆 [最佳模型]
2025-07-28 14:48:49 | INFO     | Epoch 4:
2025-07-28 14:48:49 | INFO     |   训练指标:
2025-07-28 14:48:49 | INFO     |     损失(ce): 0.188110
2025-07-28 14:48:49 | INFO     |     准确率: 0.924675
2025-07-28 14:48:49 | INFO     |     学习率: 0.00010000
2025-07-28 14:48:49 | INFO     |   验证指标(标准CE):
2025-07-28 14:48:49 | INFO     |     损失: 0.225886
2025-07-28 14:48:49 | INFO     |     准确率: 0.935936
2025-07-28 14:48:49 | INFO     |     F1(macro): 0.931581
2025-07-28 14:48:49 | INFO     |     F1(weighted): 0.930224
2025-07-28 14:48:49 | INFO     |     精确率: 0.954813
2025-07-28 14:48:49 | INFO     |     召回率: 0.935747
2025-07-28 14:48:49 | INFO     |   学习率调度器: f1_based
2025-07-28 14:48:49 | INFO     | ------------------------------------------------------------
2025-07-28 14:48:49 | INFO     | Epoch   4 | Train: Loss=0.1881, Acc=0.9247 | Val: Loss=0.2259, Acc=0.9359, F1=0.9302 | LR=0.000100 🏆 [最佳模型]
2025-07-28 14:49:47 | INFO     | Epoch 5:
2025-07-28 14:49:47 | INFO     |   训练指标:
2025-07-28 14:49:47 | INFO     |     损失(ce): 0.158483
2025-07-28 14:49:47 | INFO     |     准确率: 0.937688
2025-07-28 14:49:47 | INFO     |     学习率: 0.00010000
2025-07-28 14:49:47 | INFO     |   验证指标(标准CE):
2025-07-28 14:49:47 | INFO     |     损失: 0.345834
2025-07-28 14:49:47 | INFO     |     准确率: 0.911912
2025-07-28 14:49:47 | INFO     |     F1(macro): 0.915095
2025-07-28 14:49:47 | INFO     |     F1(weighted): 0.911262
2025-07-28 14:49:47 | INFO     |     精确率: 0.950021
2025-07-28 14:49:47 | INFO     |     召回率: 0.917677
2025-07-28 14:49:47 | INFO     |   学习率调度器: f1_based
2025-07-28 14:49:47 | INFO     | ------------------------------------------------------------
2025-07-28 14:49:47 | INFO     | Epoch   5 | Train: Loss=0.1585, Acc=0.9377 | Val: Loss=0.3458, Acc=0.9119, F1=0.9113 | LR=0.000100 
2025-07-28 14:50:44 | INFO     | Epoch 6:
2025-07-28 14:50:44 | INFO     |   训练指标:
2025-07-28 14:50:44 | INFO     |     损失(ce): 0.128253
2025-07-28 14:50:44 | INFO     |     准确率: 0.952703
2025-07-28 14:50:44 | INFO     |     学习率: 0.00010000
2025-07-28 14:50:44 | INFO     |   验证指标(标准CE):
2025-07-28 14:50:44 | INFO     |     损失: 0.080099
2025-07-28 14:50:44 | INFO     |     准确率: 0.958959
2025-07-28 14:50:44 | INFO     |     F1(macro): 0.960553
2025-07-28 14:50:44 | INFO     |     F1(weighted): 0.959027
2025-07-28 14:50:44 | INFO     |     精确率: 0.960977
2025-07-28 14:50:44 | INFO     |     召回率: 0.960655
2025-07-28 14:50:44 | INFO     |   学习率调度器: f1_based
2025-07-28 14:50:44 | INFO     | ------------------------------------------------------------
2025-07-28 14:50:44 | INFO     | Epoch   6 | Train: Loss=0.1283, Acc=0.9527 | Val: Loss=0.0801, Acc=0.9590, F1=0.9590 | LR=0.000100 🏆 [最佳模型]
2025-07-28 14:51:42 | INFO     | Epoch 7:
2025-07-28 14:51:42 | INFO     |   训练指标:
2025-07-28 14:51:42 | INFO     |     损失(ce): 0.109285
2025-07-28 14:51:42 | INFO     |     准确率: 0.960460
2025-07-28 14:51:42 | INFO     |     学习率: 0.00010000
2025-07-28 14:51:42 | INFO     |   验证指标(标准CE):
2025-07-28 14:51:42 | INFO     |     损失: 0.093047
2025-07-28 14:51:42 | INFO     |     准确率: 0.959960
2025-07-28 14:51:42 | INFO     |     F1(macro): 0.960722
2025-07-28 14:51:42 | INFO     |     F1(weighted): 0.959407
2025-07-28 14:51:42 | INFO     |     精确率: 0.965805
2025-07-28 14:51:42 | INFO     |     召回率: 0.962401
2025-07-28 14:51:42 | INFO     |   学习率调度器: f1_based
2025-07-28 14:51:42 | INFO     | ------------------------------------------------------------
2025-07-28 14:51:42 | INFO     | Epoch   7 | Train: Loss=0.1093, Acc=0.9605 | Val: Loss=0.0930, Acc=0.9600, F1=0.9594 | LR=0.000100 🏆 [最佳模型]
2025-07-28 14:52:40 | INFO     | Epoch 8:
2025-07-28 14:52:40 | INFO     |   训练指标:
2025-07-28 14:52:40 | INFO     |     损失(ce): 0.100609
2025-07-28 14:52:40 | INFO     |     准确率: 0.960961
2025-07-28 14:52:40 | INFO     |     学习率: 0.00010000
2025-07-28 14:52:40 | INFO     |   验证指标(标准CE):
2025-07-28 14:52:40 | INFO     |     损失: 0.059747
2025-07-28 14:52:40 | INFO     |     准确率: 0.972973
2025-07-28 14:52:40 | INFO     |     F1(macro): 0.973834
2025-07-28 14:52:40 | INFO     |     F1(weighted): 0.972782
2025-07-28 14:52:40 | INFO     |     精确率: 0.975899
2025-07-28 14:52:40 | INFO     |     召回率: 0.973469
2025-07-28 14:52:40 | INFO     |   学习率调度器: f1_based
2025-07-28 14:52:40 | INFO     | ------------------------------------------------------------
2025-07-28 14:52:40 | INFO     | Epoch   8 | Train: Loss=0.1006, Acc=0.9610 | Val: Loss=0.0597, Acc=0.9730, F1=0.9728 | LR=0.000100 🏆 [最佳模型]
2025-07-28 14:53:38 | INFO     | Epoch 9:
2025-07-28 14:53:38 | INFO     |   训练指标:
2025-07-28 14:53:38 | INFO     |     损失(ce): 0.087002
2025-07-28 14:53:38 | INFO     |     准确率: 0.964715
2025-07-28 14:53:38 | INFO     |     学习率: 0.00010000
2025-07-28 14:53:38 | INFO     |   验证指标(标准CE):
2025-07-28 14:53:38 | INFO     |     损失: 0.100321
2025-07-28 14:53:38 | INFO     |     准确率: 0.949950
2025-07-28 14:53:38 | INFO     |     F1(macro): 0.950777
2025-07-28 14:53:38 | INFO     |     F1(weighted): 0.948158
2025-07-28 14:53:38 | INFO     |     精确率: 0.965118
2025-07-28 14:53:38 | INFO     |     召回率: 0.954021
2025-07-28 14:53:38 | INFO     |   学习率调度器: f1_based
2025-07-28 14:53:38 | INFO     | ------------------------------------------------------------
2025-07-28 14:53:38 | INFO     | Epoch   9 | Train: Loss=0.0870, Acc=0.9647 | Val: Loss=0.1003, Acc=0.9499, F1=0.9482 | LR=0.000100 
2025-07-28 14:54:36 | INFO     | Epoch 10:
2025-07-28 14:54:36 | INFO     |   训练指标:
2025-07-28 14:54:36 | INFO     |     损失(ce): 0.069310
2025-07-28 14:54:36 | INFO     |     准确率: 0.967467
2025-07-28 14:54:36 | INFO     |     学习率: 0.00010000
2025-07-28 14:54:36 | INFO     |   验证指标(标准CE):
2025-07-28 14:54:36 | INFO     |     损失: 0.061641
2025-07-28 14:54:36 | INFO     |     准确率: 0.965966
2025-07-28 14:54:36 | INFO     |     F1(macro): 0.967019
2025-07-28 14:54:36 | INFO     |     F1(weighted): 0.965924
2025-07-28 14:54:36 | INFO     |     精确率: 0.967066
2025-07-28 14:54:36 | INFO     |     召回率: 0.967166
2025-07-28 14:54:36 | INFO     |   学习率调度器: f1_based
2025-07-28 14:54:36 | INFO     | ------------------------------------------------------------
2025-07-28 14:54:36 | INFO     | Epoch  10 | Train: Loss=0.0693, Acc=0.9675 | Val: Loss=0.0616, Acc=0.9660, F1=0.9659 | LR=0.000100 
2025-07-28 14:55:34 | INFO     | Epoch 11:
2025-07-28 14:55:34 | INFO     |   训练指标:
2025-07-28 14:55:34 | INFO     |     损失(ce): 0.071024
2025-07-28 14:55:34 | INFO     |     准确率: 0.964965
2025-07-28 14:55:34 | INFO     |     学习率: 0.00010000
2025-07-28 14:55:34 | INFO     |   验证指标(标准CE):
2025-07-28 14:55:34 | INFO     |     损失: 0.058945
2025-07-28 14:55:34 | INFO     |     准确率: 0.965966
2025-07-28 14:55:34 | INFO     |     F1(macro): 0.967081
2025-07-28 14:55:34 | INFO     |     F1(weighted): 0.965444
2025-07-28 14:55:34 | INFO     |     精确率: 0.973946
2025-07-28 14:55:34 | INFO     |     召回率: 0.968779
2025-07-28 14:55:34 | INFO     |   学习率调度器: f1_based
2025-07-28 14:55:34 | INFO     | ------------------------------------------------------------
2025-07-28 14:55:34 | INFO     | Epoch  11 | Train: Loss=0.0710, Acc=0.9650 | Val: Loss=0.0589, Acc=0.9660, F1=0.9654 | LR=0.000100 
2025-07-28 14:56:32 | INFO     | Epoch 12:
2025-07-28 14:56:32 | INFO     |   训练指标:
2025-07-28 14:56:32 | INFO     |     损失(ce): 0.067790
2025-07-28 14:56:32 | INFO     |     准确率: 0.968218
2025-07-28 14:56:32 | INFO     |     学习率: 0.00010000
2025-07-28 14:56:32 | INFO     |   验证指标(标准CE):
2025-07-28 14:56:32 | INFO     |     损失: 0.047064
2025-07-28 14:56:32 | INFO     |     准确率: 0.975976
2025-07-28 14:56:32 | INFO     |     F1(macro): 0.976457
2025-07-28 14:56:32 | INFO     |     F1(weighted): 0.975693
2025-07-28 14:56:32 | INFO     |     精确率: 0.980417
2025-07-28 14:56:32 | INFO     |     召回率: 0.975981
2025-07-28 14:56:32 | INFO     |   学习率调度器: f1_based
2025-07-28 14:56:32 | INFO     | ------------------------------------------------------------
2025-07-28 14:56:32 | INFO     | Epoch  12 | Train: Loss=0.0678, Acc=0.9682 | Val: Loss=0.0471, Acc=0.9760, F1=0.9757 | LR=0.000100 🏆 [最佳模型]
2025-07-28 14:57:30 | INFO     | Epoch 13:
2025-07-28 14:57:30 | INFO     |   训练指标:
2025-07-28 14:57:30 | INFO     |     损失(ce): 0.063850
2025-07-28 14:57:30 | INFO     |     准确率: 0.969219
2025-07-28 14:57:30 | INFO     |     学习率: 0.00010000
2025-07-28 14:57:30 | INFO     |   验证指标(标准CE):
2025-07-28 14:57:30 | INFO     |     损失: 0.050478
2025-07-28 14:57:30 | INFO     |     准确率: 0.974975
2025-07-28 14:57:30 | INFO     |     F1(macro): 0.975725
2025-07-28 14:57:30 | INFO     |     F1(weighted): 0.974759
2025-07-28 14:57:30 | INFO     |     精确率: 0.978364
2025-07-28 14:57:30 | INFO     |     召回率: 0.975306
2025-07-28 14:57:30 | INFO     |   学习率调度器: f1_based
2025-07-28 14:57:30 | INFO     | ------------------------------------------------------------
2025-07-28 14:57:30 | INFO     | Epoch  13 | Train: Loss=0.0638, Acc=0.9692 | Val: Loss=0.0505, Acc=0.9750, F1=0.9748 | LR=0.000100 
2025-07-28 14:58:27 | INFO     | Epoch 14:
2025-07-28 14:58:27 | INFO     |   训练指标:
2025-07-28 14:58:27 | INFO     |     损失(ce): 0.056164
2025-07-28 14:58:27 | INFO     |     准确率: 0.968468
2025-07-28 14:58:27 | INFO     |     学习率: 0.00010000
2025-07-28 14:58:27 | INFO     |   验证指标(标准CE):
2025-07-28 14:58:27 | INFO     |     损失: 0.071415
2025-07-28 14:58:27 | INFO     |     准确率: 0.967968
2025-07-28 14:58:27 | INFO     |     F1(macro): 0.969071
2025-07-28 14:58:27 | INFO     |     F1(weighted): 0.967545
2025-07-28 14:58:27 | INFO     |     精确率: 0.975136
2025-07-28 14:58:27 | INFO     |     召回率: 0.970615
2025-07-28 14:58:27 | INFO     |   学习率调度器: f1_based
2025-07-28 14:58:27 | INFO     | ------------------------------------------------------------
2025-07-28 14:58:27 | INFO     | Epoch  14 | Train: Loss=0.0562, Acc=0.9685 | Val: Loss=0.0714, Acc=0.9680, F1=0.9675 | LR=0.000100 
2025-07-28 14:59:25 | INFO     | Epoch 15:
2025-07-28 14:59:25 | INFO     |   训练指标:
2025-07-28 14:59:25 | INFO     |     损失(ce): 0.060478
2025-07-28 14:59:25 | INFO     |     准确率: 0.972472
2025-07-28 14:59:25 | INFO     |     学习率: 0.00010000
2025-07-28 14:59:25 | INFO     |   验证指标(标准CE):
2025-07-28 14:59:25 | INFO     |     损失: 0.046315
2025-07-28 14:59:25 | INFO     |     准确率: 0.968969
2025-07-28 14:59:25 | INFO     |     F1(macro): 0.970133
2025-07-28 14:59:25 | INFO     |     F1(weighted): 0.968982
2025-07-28 14:59:25 | INFO     |     精确率: 0.970161
2025-07-28 14:59:25 | INFO     |     召回率: 0.970231
2025-07-28 14:59:25 | INFO     |   学习率调度器: f1_based
2025-07-28 14:59:25 | INFO     | ------------------------------------------------------------
2025-07-28 14:59:25 | INFO     | Epoch  15 | Train: Loss=0.0605, Acc=0.9725 | Val: Loss=0.0463, Acc=0.9690, F1=0.9690 | LR=0.000100 
2025-07-28 15:00:23 | INFO     | Epoch 16:
2025-07-28 15:00:23 | INFO     |   训练指标:
2025-07-28 15:00:23 | INFO     |     损失(ce): 0.065965
2025-07-28 15:00:23 | INFO     |     准确率: 0.967217
2025-07-28 15:00:23 | INFO     |     学习率: 0.00010000
2025-07-28 15:00:23 | INFO     |   验证指标(标准CE):
2025-07-28 15:00:23 | INFO     |     损失: 0.044962
2025-07-28 15:00:23 | INFO     |     准确率: 0.974975
2025-07-28 15:00:23 | INFO     |     F1(macro): 0.975725
2025-07-28 15:00:23 | INFO     |     F1(weighted): 0.974759
2025-07-28 15:00:23 | INFO     |     精确率: 0.978364
2025-07-28 15:00:23 | INFO     |     召回率: 0.975306
2025-07-28 15:00:23 | INFO     |   学习率调度器: f1_based
2025-07-28 15:00:23 | INFO     | ------------------------------------------------------------
2025-07-28 15:00:23 | INFO     | Epoch  16 | Train: Loss=0.0660, Acc=0.9672 | Val: Loss=0.0450, Acc=0.9750, F1=0.9748 | LR=0.000100 
2025-07-28 15:01:20 | INFO     | Epoch 17:
2025-07-28 15:01:20 | INFO     |   训练指标:
2025-07-28 15:01:20 | INFO     |     损失(ce): 0.057402
2025-07-28 15:01:20 | INFO     |     准确率: 0.969720
2025-07-28 15:01:20 | INFO     |     学习率: 0.00010000
2025-07-28 15:01:20 | INFO     |   验证指标(标准CE):
2025-07-28 15:01:20 | INFO     |     损失: 0.041473
2025-07-28 15:01:20 | INFO     |     准确率: 0.973974
2025-07-28 15:01:20 | INFO     |     F1(macro): 0.974549
2025-07-28 15:01:20 | INFO     |     F1(weighted): 0.973571
2025-07-28 15:01:20 | INFO     |     精确率: 0.979566
2025-07-28 15:01:20 | INFO     |     召回率: 0.974057
2025-07-28 15:01:20 | INFO     |   学习率调度器: f1_based
2025-07-28 15:01:20 | INFO     | ------------------------------------------------------------
2025-07-28 15:01:20 | INFO     | Epoch  17 | Train: Loss=0.0574, Acc=0.9697 | Val: Loss=0.0415, Acc=0.9740, F1=0.9736 | LR=0.000100 
2025-07-28 15:02:18 | INFO     | Epoch 18:
2025-07-28 15:02:18 | INFO     |   训练指标:
2025-07-28 15:02:18 | INFO     |     损失(ce): 0.059557
2025-07-28 15:02:18 | INFO     |     准确率: 0.968969
2025-07-28 15:02:18 | INFO     |     学习率: 0.00010000
2025-07-28 15:02:18 | INFO     |   验证指标(标准CE):
2025-07-28 15:02:18 | INFO     |     损失: 0.037109
2025-07-28 15:02:18 | INFO     |     准确率: 0.978979
2025-07-28 15:02:18 | INFO     |     F1(macro): 0.979519
2025-07-28 15:02:18 | INFO     |     F1(weighted): 0.978720
2025-07-28 15:02:18 | INFO     |     精确率: 0.983568
2025-07-28 15:02:18 | INFO     |     召回率: 0.978979
2025-07-28 15:02:18 | INFO     |   学习率调度器: f1_based
2025-07-28 15:02:18 | INFO     | ------------------------------------------------------------
2025-07-28 15:02:18 | INFO     | Epoch  18 | Train: Loss=0.0596, Acc=0.9690 | Val: Loss=0.0371, Acc=0.9790, F1=0.9787 | LR=0.000100 🏆 [最佳模型]
2025-07-28 15:03:16 | INFO     | Epoch 19:
2025-07-28 15:03:16 | INFO     |   训练指标:
2025-07-28 15:03:16 | INFO     |     损失(ce): 0.055864
2025-07-28 15:03:16 | INFO     |     准确率: 0.971972
2025-07-28 15:03:16 | INFO     |     学习率: 0.00010000
2025-07-28 15:03:16 | INFO     |   验证指标(标准CE):
2025-07-28 15:03:16 | INFO     |     损失: 0.064049
2025-07-28 15:03:16 | INFO     |     准确率: 0.965966
2025-07-28 15:03:16 | INFO     |     F1(macro): 0.966884
2025-07-28 15:03:16 | INFO     |     F1(weighted): 0.965599
2025-07-28 15:03:16 | INFO     |     精确率: 0.972196
2025-07-28 15:03:16 | INFO     |     召回率: 0.968386
2025-07-28 15:03:16 | INFO     |   学习率调度器: f1_based
2025-07-28 15:03:16 | INFO     | ------------------------------------------------------------
2025-07-28 15:03:16 | INFO     | Epoch  19 | Train: Loss=0.0559, Acc=0.9720 | Val: Loss=0.0640, Acc=0.9660, F1=0.9656 | LR=0.000100 
2025-07-28 15:04:14 | INFO     | Epoch 20:
2025-07-28 15:04:14 | INFO     |   训练指标:
2025-07-28 15:04:14 | INFO     |     损失(ce): 0.055328
2025-07-28 15:04:14 | INFO     |     准确率: 0.970721
2025-07-28 15:04:14 | INFO     |     学习率: 0.00010000
2025-07-28 15:04:14 | INFO     |   验证指标(标准CE):
2025-07-28 15:04:14 | INFO     |     损失: 0.044953
2025-07-28 15:04:14 | INFO     |     准确率: 0.974975
2025-07-28 15:04:14 | INFO     |     F1(macro): 0.975584
2025-07-28 15:04:14 | INFO     |     F1(weighted): 0.974735
2025-07-28 15:04:14 | INFO     |     精确率: 0.978995
2025-07-28 15:04:14 | INFO     |     召回率: 0.975014
2025-07-28 15:04:14 | INFO     |   学习率调度器: f1_based
2025-07-28 15:04:14 | INFO     | ------------------------------------------------------------
2025-07-28 15:04:14 | INFO     | Epoch  20 | Train: Loss=0.0553, Acc=0.9707 | Val: Loss=0.0450, Acc=0.9750, F1=0.9747 | LR=0.000100 
2025-07-28 15:05:11 | INFO     | Epoch 21:
2025-07-28 15:05:11 | INFO     |   训练指标:
2025-07-28 15:05:11 | INFO     |     损失(ce): 0.048536
2025-07-28 15:05:11 | INFO     |     准确率: 0.973223
2025-07-28 15:05:11 | INFO     |     学习率: 0.00010000
2025-07-28 15:05:11 | INFO     |   验证指标(标准CE):
2025-07-28 15:05:11 | INFO     |     损失: 0.042970
2025-07-28 15:05:11 | INFO     |     准确率: 0.975976
2025-07-28 15:05:11 | INFO     |     F1(macro): 0.976362
2025-07-28 15:05:11 | INFO     |     F1(weighted): 0.975504
2025-07-28 15:05:11 | INFO     |     精确率: 0.980271
2025-07-28 15:05:11 | INFO     |     召回率: 0.976059
2025-07-28 15:05:11 | INFO     |   学习率调度器: f1_based
2025-07-28 15:05:11 | INFO     | ------------------------------------------------------------
2025-07-28 15:05:11 | INFO     | Epoch  21 | Train: Loss=0.0485, Acc=0.9732 | Val: Loss=0.0430, Acc=0.9760, F1=0.9755 | LR=0.000100 
2025-07-28 15:06:08 | INFO     | Epoch 22:
2025-07-28 15:06:08 | INFO     |   训练指标:
2025-07-28 15:06:08 | INFO     |     损失(ce): 0.054873
2025-07-28 15:06:08 | INFO     |     准确率: 0.971722
2025-07-28 15:06:08 | INFO     |     学习率: 0.00010000
2025-07-28 15:06:08 | INFO     |   验证指标(标准CE):
2025-07-28 15:06:08 | INFO     |     损失: 0.060115
2025-07-28 15:06:08 | INFO     |     准确率: 0.966967
2025-07-28 15:06:08 | INFO     |     F1(macro): 0.968344
2025-07-28 15:06:08 | INFO     |     F1(weighted): 0.967109
2025-07-28 15:06:08 | INFO     |     精确率: 0.974537
2025-07-28 15:06:08 | INFO     |     召回率: 0.969113
2025-07-28 15:06:08 | INFO     |   学习率调度器: f1_based
2025-07-28 15:06:08 | INFO     | ------------------------------------------------------------
2025-07-28 15:06:08 | INFO     | Epoch  22 | Train: Loss=0.0549, Acc=0.9717 | Val: Loss=0.0601, Acc=0.9670, F1=0.9671 | LR=0.000100 
2025-07-28 15:07:06 | INFO     | Epoch 23:
2025-07-28 15:07:06 | INFO     |   训练指标:
2025-07-28 15:07:06 | INFO     |     损失(ce): 0.058428
2025-07-28 15:07:06 | INFO     |     准确率: 0.971221
2025-07-28 15:07:06 | INFO     |     学习率: 0.00010000
2025-07-28 15:07:06 | INFO     |   验证指标(标准CE):
2025-07-28 15:07:06 | INFO     |     损失: 0.039969
2025-07-28 15:07:06 | INFO     |     准确率: 0.977978
2025-07-28 15:07:06 | INFO     |     F1(macro): 0.978569
2025-07-28 15:07:06 | INFO     |     F1(weighted): 0.977728
2025-07-28 15:07:06 | INFO     |     精确率: 0.982231
2025-07-28 15:07:06 | INFO     |     召回率: 0.978061
2025-07-28 15:07:06 | INFO     |   学习率调度器: f1_based
2025-07-28 15:07:06 | INFO     | ------------------------------------------------------------
2025-07-28 15:07:06 | INFO     | Epoch  23 | Train: Loss=0.0584, Acc=0.9712 | Val: Loss=0.0400, Acc=0.9780, F1=0.9777 | LR=0.000100 
2025-07-28 15:08:04 | INFO     | Epoch 24:
2025-07-28 15:08:04 | INFO     |   训练指标:
2025-07-28 15:08:04 | INFO     |     损失(ce): 0.052890
2025-07-28 15:08:04 | INFO     |     准确率: 0.971471
2025-07-28 15:08:04 | INFO     |     学习率: 0.00010000
2025-07-28 15:08:04 | INFO     |   验证指标(标准CE):
2025-07-28 15:08:04 | INFO     |     损失: 0.055086
2025-07-28 15:08:04 | INFO     |     准确率: 0.972973
2025-07-28 15:08:04 | INFO     |     F1(macro): 0.973536
2025-07-28 15:08:04 | INFO     |     F1(weighted): 0.972523
2025-07-28 15:08:04 | INFO     |     精确率: 0.978921
2025-07-28 15:08:04 | INFO     |     召回率: 0.973056
2025-07-28 15:08:04 | INFO     |   学习率调度器: f1_based
2025-07-28 15:08:04 | INFO     | ------------------------------------------------------------
2025-07-28 15:08:04 | INFO     | 🎯 学习率调整事件:
2025-07-28 15:08:04 | INFO     |   调度器类型: f1_based
2025-07-28 15:08:04 | INFO     |   学习率变化: 0.00010000 → 0.00005000
2025-07-28 15:08:04 | INFO     |   触发条件: F1分数 = 0.972523
2025-07-28 15:08:04 | INFO     |   变化幅度: -50.00%
2025-07-28 15:08:04 | INFO     | ------------------------------------------------------------
2025-07-28 15:08:04 | INFO     | Epoch  24 | Train: Loss=0.0529, Acc=0.9715 | Val: Loss=0.0551, Acc=0.9730, F1=0.9725 | LR=0.000050 
2025-07-28 15:09:01 | INFO     | Epoch 25:
2025-07-28 15:09:01 | INFO     |   训练指标:
2025-07-28 15:09:01 | INFO     |     损失(ce): 0.039724
2025-07-28 15:09:01 | INFO     |     准确率: 0.975976
2025-07-28 15:09:01 | INFO     |     学习率: 0.00005000
2025-07-28 15:09:01 | INFO     |   验证指标(标准CE):
2025-07-28 15:09:01 | INFO     |     损失: 0.037403
2025-07-28 15:09:01 | INFO     |     准确率: 0.977978
2025-07-28 15:09:01 | INFO     |     F1(macro): 0.978569
2025-07-28 15:09:01 | INFO     |     F1(weighted): 0.977728
2025-07-28 15:09:01 | INFO     |     精确率: 0.982231
2025-07-28 15:09:01 | INFO     |     召回率: 0.978061
2025-07-28 15:09:01 | INFO     |   学习率调度器: f1_based
2025-07-28 15:09:01 | INFO     | ------------------------------------------------------------
2025-07-28 15:09:01 | INFO     | Epoch  25 | Train: Loss=0.0397, Acc=0.9760 | Val: Loss=0.0374, Acc=0.9780, F1=0.9777 | LR=0.000050 
2025-07-28 15:09:59 | INFO     | Epoch 26:
2025-07-28 15:09:59 | INFO     |   训练指标:
2025-07-28 15:09:59 | INFO     |     损失(ce): 0.039140
2025-07-28 15:09:59 | INFO     |     准确率: 0.977978
2025-07-28 15:09:59 | INFO     |     学习率: 0.00005000
2025-07-28 15:09:59 | INFO     |   验证指标(标准CE):
2025-07-28 15:09:59 | INFO     |     损失: 0.050474
2025-07-28 15:09:59 | INFO     |     准确率: 0.970971
2025-07-28 15:09:59 | INFO     |     F1(macro): 0.972035
2025-07-28 15:09:59 | INFO     |     F1(weighted): 0.970672
2025-07-28 15:09:59 | INFO     |     精确率: 0.976984
2025-07-28 15:09:59 | INFO     |     召回率: 0.973370
2025-07-28 15:09:59 | INFO     |   学习率调度器: f1_based
2025-07-28 15:09:59 | INFO     | ------------------------------------------------------------
2025-07-28 15:09:59 | INFO     | Epoch  26 | Train: Loss=0.0391, Acc=0.9780 | Val: Loss=0.0505, Acc=0.9710, F1=0.9707 | LR=0.000050 
2025-07-28 15:10:56 | INFO     | Epoch 27:
2025-07-28 15:10:56 | INFO     |   训练指标:
2025-07-28 15:10:56 | INFO     |     损失(ce): 0.035458
2025-07-28 15:10:56 | INFO     |     准确率: 0.975976
2025-07-28 15:10:56 | INFO     |     学习率: 0.00005000
2025-07-28 15:10:56 | INFO     |   验证指标(标准CE):
2025-07-28 15:10:56 | INFO     |     损失: 0.046965
2025-07-28 15:10:56 | INFO     |     准确率: 0.969970
2025-07-28 15:10:56 | INFO     |     F1(macro): 0.971049
2025-07-28 15:10:56 | INFO     |     F1(weighted): 0.969633
2025-07-28 15:10:56 | INFO     |     精确率: 0.976359
2025-07-28 15:10:56 | INFO     |     召回率: 0.972452
2025-07-28 15:10:56 | INFO     |   学习率调度器: f1_based
2025-07-28 15:10:56 | INFO     | ------------------------------------------------------------
2025-07-28 15:10:56 | INFO     | Epoch  27 | Train: Loss=0.0355, Acc=0.9760 | Val: Loss=0.0470, Acc=0.9700, F1=0.9696 | LR=0.000050 
2025-07-28 15:11:54 | INFO     | Epoch 28:
2025-07-28 15:11:54 | INFO     |   训练指标:
2025-07-28 15:11:54 | INFO     |     损失(ce): 0.037724
2025-07-28 15:11:54 | INFO     |     准确率: 0.975726
2025-07-28 15:11:54 | INFO     |     学习率: 0.00005000
2025-07-28 15:11:54 | INFO     |   验证指标(标准CE):
2025-07-28 15:11:54 | INFO     |     损失: 0.035859
2025-07-28 15:11:54 | INFO     |     准确率: 0.976977
2025-07-28 15:11:54 | INFO     |     F1(macro): 0.977569
2025-07-28 15:11:54 | INFO     |     F1(weighted): 0.976693
2025-07-28 15:11:54 | INFO     |     精确率: 0.981551
2025-07-28 15:11:54 | INFO     |     召回率: 0.977060
2025-07-28 15:11:54 | INFO     |   学习率调度器: f1_based
2025-07-28 15:11:54 | INFO     | ------------------------------------------------------------
2025-07-28 15:11:54 | INFO     | Epoch  28 | Train: Loss=0.0377, Acc=0.9757 | Val: Loss=0.0359, Acc=0.9770, F1=0.9767 | LR=0.000050 
2025-07-28 15:12:52 | INFO     | Epoch 29:
2025-07-28 15:12:52 | INFO     |   训练指标:
2025-07-28 15:12:52 | INFO     |     损失(ce): 0.037257
2025-07-28 15:12:52 | INFO     |     准确率: 0.974224
2025-07-28 15:12:52 | INFO     |     学习率: 0.00005000
2025-07-28 15:12:52 | INFO     |   验证指标(标准CE):
2025-07-28 15:12:52 | INFO     |     损失: 0.042788
2025-07-28 15:12:52 | INFO     |     准确率: 0.969970
2025-07-28 15:12:52 | INFO     |     F1(macro): 0.971049
2025-07-28 15:12:52 | INFO     |     F1(weighted): 0.969633
2025-07-28 15:12:52 | INFO     |     精确率: 0.976359
2025-07-28 15:12:52 | INFO     |     召回率: 0.972452
2025-07-28 15:12:52 | INFO     |   学习率调度器: f1_based
2025-07-28 15:12:52 | INFO     | ------------------------------------------------------------
2025-07-28 15:12:52 | INFO     | Epoch  29 | Train: Loss=0.0373, Acc=0.9742 | Val: Loss=0.0428, Acc=0.9700, F1=0.9696 | LR=0.000050 
2025-07-28 15:13:49 | INFO     | Epoch 30:
2025-07-28 15:13:49 | INFO     |   训练指标:
2025-07-28 15:13:49 | INFO     |     损失(ce): 0.041998
2025-07-28 15:13:49 | INFO     |     准确率: 0.974474
2025-07-28 15:13:49 | INFO     |     学习率: 0.00005000
2025-07-28 15:13:49 | INFO     |   验证指标(标准CE):
2025-07-28 15:13:49 | INFO     |     损失: 0.044979
2025-07-28 15:13:49 | INFO     |     准确率: 0.969970
2025-07-28 15:13:49 | INFO     |     F1(macro): 0.971049
2025-07-28 15:13:49 | INFO     |     F1(weighted): 0.969633
2025-07-28 15:13:49 | INFO     |     精确率: 0.976359
2025-07-28 15:13:49 | INFO     |     召回率: 0.972452
2025-07-28 15:13:49 | INFO     |   学习率调度器: f1_based
2025-07-28 15:13:49 | INFO     | ------------------------------------------------------------
2025-07-28 15:13:49 | INFO     | Epoch  30 | Train: Loss=0.0420, Acc=0.9745 | Val: Loss=0.0450, Acc=0.9700, F1=0.9696 | LR=0.000050 
2025-07-28 15:14:47 | INFO     | Epoch 31:
2025-07-28 15:14:47 | INFO     |   训练指标:
2025-07-28 15:14:47 | INFO     |     损失(ce): 0.038475
2025-07-28 15:14:47 | INFO     |     准确率: 0.976476
2025-07-28 15:14:47 | INFO     |     学习率: 0.00005000
2025-07-28 15:14:47 | INFO     |   验证指标(标准CE):
2025-07-28 15:14:47 | INFO     |     损失: 0.046912
2025-07-28 15:14:47 | INFO     |     准确率: 0.968969
2025-07-28 15:14:47 | INFO     |     F1(macro): 0.970146
2025-07-28 15:14:47 | INFO     |     F1(weighted): 0.968703
2025-07-28 15:14:47 | INFO     |     精确率: 0.974286
2025-07-28 15:14:47 | INFO     |     召回率: 0.971368
2025-07-28 15:14:47 | INFO     |   学习率调度器: f1_based
2025-07-28 15:14:47 | INFO     | ------------------------------------------------------------
2025-07-28 15:14:47 | INFO     | Epoch  31 | Train: Loss=0.0385, Acc=0.9765 | Val: Loss=0.0469, Acc=0.9690, F1=0.9687 | LR=0.000050 
2025-07-28 15:15:45 | INFO     | Epoch 32:
2025-07-28 15:15:45 | INFO     |   训练指标:
2025-07-28 15:15:45 | INFO     |     损失(ce): 0.041708
2025-07-28 15:15:45 | INFO     |     准确率: 0.973473
2025-07-28 15:15:45 | INFO     |     学习率: 0.00005000
2025-07-28 15:15:45 | INFO     |   验证指标(标准CE):
2025-07-28 15:15:45 | INFO     |     损失: 0.039091
2025-07-28 15:15:45 | INFO     |     准确率: 0.975976
2025-07-28 15:15:45 | INFO     |     F1(macro): 0.976672
2025-07-28 15:15:45 | INFO     |     F1(weighted): 0.975748
2025-07-28 15:15:45 | INFO     |     精确率: 0.979629
2025-07-28 15:15:45 | INFO     |     召回率: 0.976224
2025-07-28 15:15:45 | INFO     |   学习率调度器: f1_based
2025-07-28 15:15:45 | INFO     | ------------------------------------------------------------
2025-07-28 15:15:45 | INFO     | 🎯 学习率调整事件:
2025-07-28 15:15:45 | INFO     |   调度器类型: f1_based
2025-07-28 15:15:45 | INFO     |   学习率变化: 0.00005000 → 0.00002500
2025-07-28 15:15:45 | INFO     |   触发条件: F1分数 = 0.975748
2025-07-28 15:15:45 | INFO     |   变化幅度: -50.00%
2025-07-28 15:15:45 | INFO     | ------------------------------------------------------------
2025-07-28 15:15:45 | INFO     | Epoch  32 | Train: Loss=0.0417, Acc=0.9735 | Val: Loss=0.0391, Acc=0.9760, F1=0.9757 | LR=0.000025 
2025-07-28 15:16:42 | INFO     | Epoch 33:
2025-07-28 15:16:42 | INFO     |   训练指标:
2025-07-28 15:16:42 | INFO     |     损失(ce): 0.034456
2025-07-28 15:16:42 | INFO     |     准确率: 0.977978
2025-07-28 15:16:42 | INFO     |     学习率: 0.00002500
2025-07-28 15:16:42 | INFO     |   验证指标(标准CE):
2025-07-28 15:16:42 | INFO     |     损失: 0.042681
2025-07-28 15:16:42 | INFO     |     准确率: 0.970971
2025-07-28 15:16:42 | INFO     |     F1(macro): 0.972035
2025-07-28 15:16:42 | INFO     |     F1(weighted): 0.970672
2025-07-28 15:16:42 | INFO     |     精确率: 0.976984
2025-07-28 15:16:42 | INFO     |     召回率: 0.973370
2025-07-28 15:16:42 | INFO     |   学习率调度器: f1_based
2025-07-28 15:16:42 | INFO     | ------------------------------------------------------------
2025-07-28 15:16:42 | INFO     | Epoch  33 | Train: Loss=0.0345, Acc=0.9780 | Val: Loss=0.0427, Acc=0.9710, F1=0.9707 | LR=0.000025 
2025-07-28 15:16:42 | INFO     | ⏹️ 早停触发，在第 33 轮停止训练
2025-07-28 15:16:46 | INFO     | 训练历史已保存到: ./result/0728_1444_DualGAF_DualGAFNet_SDAHU通道压缩_sl96_step96_fd128_extractor-dilated_gaf-adaptive_attention-channel_classifier-mlp_stat-basic_fusion-concat/training_history.csv
2025-07-28 15:16:46 | INFO     | 
====================================================================================================
2025-07-28 15:16:46 | INFO     | 🎉 训练完成总结:
2025-07-28 15:16:46 | INFO     |   训练损失函数: ce
2025-07-28 15:16:46 | INFO     |   验证损失函数: 标准交叉熵（遵循主流ML规范）
2025-07-28 15:16:46 | INFO     |   训练过程最佳验证准确率: 0.9790
2025-07-28 15:16:46 | INFO     |   训练过程最佳验证F1(macro): 0.9795
2025-07-28 15:16:46 | INFO     |   训练过程最佳验证F1(weighted): 0.9787
2025-07-28 15:16:46 | INFO     |   训练轮数: 33
2025-07-28 15:16:46 | INFO     | --------------------------------------------------
2025-07-28 15:16:46 | INFO     | 📊 最佳模型真实性能指标（基于标准交叉熵损失）:
2025-07-28 15:16:46 | INFO     |   验证损失(标准CE): 0.0371
2025-07-28 15:16:46 | INFO     |   验证准确率: 0.9790
2025-07-28 15:16:46 | INFO     |   验证F1(macro): 0.9795
2025-07-28 15:16:46 | INFO     |   验证F1(weighted): 0.9787
2025-07-28 15:16:46 | INFO     |   验证精确率: 0.9836
2025-07-28 15:16:46 | INFO     |   验证召回率: 0.9790
2025-07-28 15:16:46 | INFO     | ====================================================================================================
2025-07-28 15:16:48 | INFO     | ================================================================================
2025-07-28 15:16:48 | INFO     | 实验日志结束: DualGAF_DualGAFNet_SDAHU通道压缩_sl96_step96_fd128_extractor-dilated_gaf-adaptive_attention-channel_classifier-mlp_stat-basic_fusion-concat
2025-07-28 15:16:48 | INFO     | 结束时间: 2025-07-28 15:16:48
2025-07-28 15:16:48 | INFO     | ================================================================================
