2025-07-28 19:31:34 | INFO     | ================================================================================
2025-07-28 19:31:34 | INFO     | 实验日志开始: DualGAF_DualGAFNet_SDAHU通道压缩_sl96_step96_fd128_extractor-dilated_gaf-concat_attention-self_classifier-mlp_stat-basic_fusion-concat
2025-07-28 19:31:34 | INFO     | 日志文件: ./result/0728_1931_DualGAF_DualGAFNet_SDAHU通道压缩_sl96_step96_fd128_extractor-dilated_gaf-concat_attention-self_classifier-mlp_stat-basic_fusion-concat/training.log
2025-07-28 19:31:34 | INFO     | 开始时间: 2025-07-28 19:31:34
2025-07-28 19:31:34 | INFO     | ================================================================================
2025-07-28 19:31:34 | INFO     | ⚙️ 实验配置:
2025-07-28 19:31:34 | INFO     |    task_name: classification
2025-07-28 19:31:34 | INFO     |    is_training: 1
2025-07-28 19:31:34 | INFO     |    model_id: test
2025-07-28 19:31:34 | INFO     |    model: DualGAFNet
2025-07-28 19:31:34 | INFO     |    data: DualGAF
2025-07-28 19:31:34 | INFO     |    root_path: ./dataset/SAHU/direct_5_working
2025-07-28 19:31:34 | INFO     |    step: 96
2025-07-28 19:31:34 | INFO     |    checkpoints: ./checkpoints/
2025-07-28 19:31:34 | INFO     |    num_class: 9
2025-07-28 19:31:34 | INFO     |    result_path: ./result/
2025-07-28 19:31:34 | INFO     |    test_size: 0.2
2025-07-28 19:31:34 | INFO     |    rows: None
2025-07-28 19:31:34 | INFO     |    seq_len: 96
2025-07-28 19:31:34 | INFO     |    enc_in: 26
2025-07-28 19:31:34 | INFO     |    d_model: 512
2025-07-28 19:31:34 | INFO     |    n_heads: 8
2025-07-28 19:31:34 | INFO     |    e_layers: 2
2025-07-28 19:31:34 | INFO     |    d_layers: 1
2025-07-28 19:31:34 | INFO     |    d_ff: 2048
2025-07-28 19:31:34 | INFO     |    moving_avg: 25
2025-07-28 19:31:34 | INFO     |    factor: 1
2025-07-28 19:31:34 | INFO     |    distil: True
2025-07-28 19:31:34 | INFO     |    dropout: 0.1
2025-07-28 19:31:34 | INFO     |    embed: timeF
2025-07-28 19:31:34 | INFO     |    activation: gelu
2025-07-28 19:31:34 | INFO     |    use_norm: 1
2025-07-28 19:31:34 | INFO     |    gaf_method: summation
2025-07-28 19:31:34 | INFO     |    feature_dim: 128
2025-07-28 19:31:34 | INFO     |    data_type_method: uint8
2025-07-28 19:31:34 | INFO     |    use_attention: True
2025-07-28 19:31:34 | INFO     |    hidden_dim: 64
2025-07-28 19:31:34 | INFO     |    sample_size: 1000
2025-07-28 19:31:34 | INFO     |    cnn_dropout_rate: 0.3
2025-07-28 19:31:34 | INFO     |    cnn_use_batch_norm: True
2025-07-28 19:31:34 | INFO     |    channel_groups: None
2025-07-28 19:31:34 | INFO     |    hvac_groups: None
2025-07-28 19:31:34 | INFO     |    use_channel_compression: True
2025-07-28 19:31:34 | INFO     |    compression_strategy: signal_compression
2025-07-28 19:31:34 | INFO     |    compression_ratio: 0.7
2025-07-28 19:31:34 | INFO     |    compression_channels: 16
2025-07-28 19:31:34 | INFO     |    adaptive_compression_ratios: [0.5, 0.7, 0.8]
2025-07-28 19:31:34 | INFO     |    hvac_group_compression_ratios: None
2025-07-28 19:31:34 | INFO     |    extractor_type: dilated
2025-07-28 19:31:34 | INFO     |    fusion_type: concat
2025-07-28 19:31:34 | INFO     |    attention_type: self
2025-07-28 19:31:34 | INFO     |    classifier_type: mlp
2025-07-28 19:31:34 | INFO     |    use_statistical_features: True
2025-07-28 19:31:34 | INFO     |    stat_type: basic
2025-07-28 19:31:34 | INFO     |    multimodal_fusion_strategy: concat
2025-07-28 19:31:34 | INFO     |    use_signal_level_stats: False
2025-07-28 19:31:34 | INFO     |    signal_stat_type: comprehensive
2025-07-28 19:31:34 | INFO     |    signal_stat_fusion_strategy: concat_project
2025-07-28 19:31:34 | INFO     |    signal_stat_feature_dim: 32
2025-07-28 19:31:34 | INFO     |    use_diff_branch: True
2025-07-28 19:31:34 | INFO     |    ablation_mode: none
2025-07-28 19:31:34 | INFO     |    backbone_type: resnet18
2025-07-28 19:31:34 | INFO     |    use_sum_branch: True
2025-07-28 19:31:34 | INFO     |    num_workers: 0
2025-07-28 19:31:34 | INFO     |    cuda_debug: False
2025-07-28 19:31:34 | INFO     |    gpu_memory_fraction: 0.9
2025-07-28 19:31:34 | INFO     |    safe_mode: True
2025-07-28 19:31:34 | INFO     |    drop_last_batch: True
2025-07-28 19:31:34 | INFO     |    itr: 1
2025-07-28 19:31:34 | INFO     |    train_epochs: 300
2025-07-28 19:31:34 | INFO     |    batch_size: 8
2025-07-28 19:31:34 | INFO     |    patience: 15
2025-07-28 19:31:34 | INFO     |    learning_rate: 0.0001
2025-07-28 19:31:34 | INFO     |    des: SDAHU通道压缩
2025-07-28 19:31:34 | INFO     |    loss: MSE
2025-07-28 19:31:34 | INFO     |    lradj: type1
2025-07-28 19:31:34 | INFO     |    lr_scheduler_type: f1_based
2025-07-28 19:31:34 | INFO     |    lr_loss_weight: 0.3
2025-07-28 19:31:34 | INFO     |    lr_f1_weight: 0.7
2025-07-28 19:31:34 | INFO     |    use_amp: False
2025-07-28 19:31:34 | INFO     |    gradient_accumulation_steps: 1
2025-07-28 19:31:34 | INFO     |    enable_auto_gradient_accumulation: True
2025-07-28 19:31:34 | INFO     |    loss_type: ce
2025-07-28 19:31:34 | INFO     |    label_smoothing: 0.1
2025-07-28 19:31:34 | INFO     |    focal_alpha: 1.0
2025-07-28 19:31:34 | INFO     |    focal_gamma: 2.0
2025-07-28 19:31:34 | INFO     |    confidence_penalty_beta: 0.1
2025-07-28 19:31:34 | INFO     |    use_timm_loss: True
2025-07-28 19:31:34 | INFO     |    adaptive_initial_smoothing: 0.2
2025-07-28 19:31:34 | INFO     |    adaptive_final_smoothing: 0.05
2025-07-28 19:31:34 | INFO     |    adaptive_decay_epochs: 30
2025-07-28 19:31:34 | INFO     |    enable_class_weights: False
2025-07-28 19:31:34 | INFO     |    class_weights: None
2025-07-28 19:31:34 | INFO     |    loss_preset: None
2025-07-28 19:31:34 | INFO     |    n_jobs: 1
2025-07-28 19:31:34 | INFO     |    use_multiprocessing: False
2025-07-28 19:31:34 | INFO     |    chunk_size: 800
2025-07-28 19:31:34 | INFO     |    disable_parallel: True
2025-07-28 19:31:34 | INFO     |    use_shared_memory: False
2025-07-28 19:31:34 | INFO     |    disable_shared_memory: False
2025-07-28 19:31:34 | INFO     |    use_gpu: True
2025-07-28 19:31:34 | INFO     |    gpu: 0
2025-07-28 19:31:34 | INFO     |    gpu_type: cuda
2025-07-28 19:31:34 | INFO     |    use_multi_gpu: False
2025-07-28 19:31:34 | INFO     |    devices: 0,1,2,3
2025-07-28 19:31:34 | INFO     |    device: cuda:0
2025-07-28 19:31:34 | INFO     |    feature_columns: ['CHWC_VLV', 'CHWC_VLV_DM', 'MA_TEMP', 'OA_CFM', 'OA_DMPR', 'OA_DMPR_DM', 'OA_TEMP', 'RA_CFM', 'RA_DMPR', 'RA_DMPR_DM', 'RA_TEMP', 'RF_CS', 'RF_SPD', 'RF_WAT', 'SA_CFM', 'SA_SP', 'SA_SPSPT', 'SA_TEMP', 'SF_CS', 'SF_SPD', 'SF_WAT', 'ZONE_TEMP_1', 'ZONE_TEMP_2', 'ZONE_TEMP_3', 'ZONE_TEMP_4', 'ZONE_TEMP_5']
2025-07-28 19:31:34 | INFO     | 🏗️ 模型信息:
2025-07-28 19:31:34 | INFO     |    模型类型: Model
2025-07-28 19:31:34 | INFO     |    总参数数量: 5,874,813
2025-07-28 19:31:34 | INFO     |    可训练参数: 5,874,813
2025-07-28 19:31:34 | INFO     |    模型大小估计: 22.41 MB
2025-07-28 19:31:34 | INFO     | 📊 数据集信息:
2025-07-28 19:31:34 | INFO     |    训练集大小: 3996
2025-07-28 19:31:34 | INFO     |    验证集大小: 999
2025-07-28 19:31:34 | INFO     | 
================================================================================
2025-07-28 19:31:34 | INFO     | 📋 损失函数使用策略（遵循主流机器学习规范）:
2025-07-28 19:31:34 | INFO     |    🎯 训练阶段: 使用 ce 损失函数
2025-07-28 19:31:34 | INFO     |       → 目的：优化模型参数，解决特定问题（类别不平衡、相似性等）
2025-07-28 19:31:34 | INFO     |    📊 验证阶段: 使用标准交叉熵损失函数
2025-07-28 19:31:34 | INFO     |       → 目的：客观评估模型性能，便于不同方法比较
2025-07-28 19:31:34 | INFO     |    📈 最终报告: 基于标准交叉熵损失的指标
2025-07-28 19:31:34 | INFO     |       → 目的：提供可信、可比较的性能指标
2025-07-28 19:31:34 | INFO     | ================================================================================

2025-07-28 19:31:34 | INFO     | 🔄 梯度累积: 已禁用（gradient_accumulation_steps=1）
2025-07-28 19:32:17 | INFO     | Epoch 1:
2025-07-28 19:32:17 | INFO     |   训练指标:
2025-07-28 19:32:17 | INFO     |     损失(ce): 1.282918
2025-07-28 19:32:17 | INFO     |     准确率: 0.578156
2025-07-28 19:32:17 | INFO     |     学习率: 0.00010000
2025-07-28 19:32:17 | INFO     |   验证指标(标准CE):
2025-07-28 19:32:17 | INFO     |     损失: 0.461118
2025-07-28 19:32:17 | INFO     |     准确率: 0.791792
2025-07-28 19:32:17 | INFO     |     F1(macro): 0.778768
2025-07-28 19:32:17 | INFO     |     F1(weighted): 0.770547
2025-07-28 19:32:17 | INFO     |     精确率: 0.800713
2025-07-28 19:32:17 | INFO     |     召回率: 0.798637
2025-07-28 19:32:17 | INFO     |   学习率调度器: f1_based
2025-07-28 19:32:17 | INFO     | ------------------------------------------------------------
2025-07-28 19:32:17 | INFO     | Epoch   1 | Train: Loss=1.2829, Acc=0.5782 | Val: Loss=0.4611, Acc=0.7918, F1=0.7705 | LR=0.000100 🏆 [最佳模型]
2025-07-28 19:32:59 | INFO     | Epoch 2:
2025-07-28 19:32:59 | INFO     |   训练指标:
2025-07-28 19:32:59 | INFO     |     损失(ce): 0.340643
2025-07-28 19:32:59 | INFO     |     准确率: 0.850701
2025-07-28 19:32:59 | INFO     |     学习率: 0.00010000
2025-07-28 19:32:59 | INFO     |   验证指标(标准CE):
2025-07-28 19:32:59 | INFO     |     损失: 0.209289
2025-07-28 19:32:59 | INFO     |     准确率: 0.896897
2025-07-28 19:32:59 | INFO     |     F1(macro): 0.869067
2025-07-28 19:32:59 | INFO     |     F1(weighted): 0.866292
2025-07-28 19:32:59 | INFO     |     精确率: 0.927904
2025-07-28 19:32:59 | INFO     |     召回率: 0.896997
2025-07-28 19:32:59 | INFO     |   学习率调度器: f1_based
2025-07-28 19:32:59 | INFO     | ------------------------------------------------------------
2025-07-28 19:32:59 | INFO     | Epoch   2 | Train: Loss=0.3406, Acc=0.8507 | Val: Loss=0.2093, Acc=0.8969, F1=0.8663 | LR=0.000100 🏆 [最佳模型]
2025-07-28 19:33:42 | INFO     | Epoch 3:
2025-07-28 19:33:42 | INFO     |   训练指标:
2025-07-28 19:33:42 | INFO     |     损失(ce): 0.207173
2025-07-28 19:33:42 | INFO     |     准确率: 0.905561
2025-07-28 19:33:42 | INFO     |     学习率: 0.00010000
2025-07-28 19:33:42 | INFO     |   验证指标(标准CE):
2025-07-28 19:33:42 | INFO     |     损失: 0.175540
2025-07-28 19:33:42 | INFO     |     准确率: 0.924925
2025-07-28 19:33:42 | INFO     |     F1(macro): 0.925075
2025-07-28 19:33:42 | INFO     |     F1(weighted): 0.922496
2025-07-28 19:33:42 | INFO     |     精确率: 0.926635
2025-07-28 19:33:42 | INFO     |     召回率: 0.928090
2025-07-28 19:33:42 | INFO     |   学习率调度器: f1_based
2025-07-28 19:33:42 | INFO     | ------------------------------------------------------------
2025-07-28 19:33:42 | INFO     | Epoch   3 | Train: Loss=0.2072, Acc=0.9056 | Val: Loss=0.1755, Acc=0.9249, F1=0.9225 | LR=0.000100 🏆 [最佳模型]
2025-07-28 19:34:24 | INFO     | Epoch 4:
2025-07-28 19:34:24 | INFO     |   训练指标:
2025-07-28 19:34:24 | INFO     |     损失(ce): 0.163288
2025-07-28 19:34:24 | INFO     |     准确率: 0.928858
2025-07-28 19:34:24 | INFO     |     学习率: 0.00010000
2025-07-28 19:34:24 | INFO     |   验证指标(标准CE):
2025-07-28 19:34:24 | INFO     |     损失: 0.094420
2025-07-28 19:34:24 | INFO     |     准确率: 0.953954
2025-07-28 19:34:24 | INFO     |     F1(macro): 0.954707
2025-07-28 19:34:24 | INFO     |     F1(weighted): 0.953144
2025-07-28 19:34:24 | INFO     |     精确率: 0.954775
2025-07-28 19:34:24 | INFO     |     召回率: 0.955403
2025-07-28 19:34:24 | INFO     |   学习率调度器: f1_based
2025-07-28 19:34:24 | INFO     | ------------------------------------------------------------
2025-07-28 19:34:24 | INFO     | Epoch   4 | Train: Loss=0.1633, Acc=0.9289 | Val: Loss=0.0944, Acc=0.9540, F1=0.9531 | LR=0.000100 🏆 [最佳模型]
2025-07-28 19:35:06 | INFO     | Epoch 5:
2025-07-28 19:35:06 | INFO     |   训练指标:
2025-07-28 19:35:06 | INFO     |     损失(ce): 0.127531
2025-07-28 19:35:06 | INFO     |     准确率: 0.950651
2025-07-28 19:35:06 | INFO     |     学习率: 0.00010000
2025-07-28 19:35:06 | INFO     |   验证指标(标准CE):
2025-07-28 19:35:06 | INFO     |     损失: 0.080775
2025-07-28 19:35:06 | INFO     |     准确率: 0.958959
2025-07-28 19:35:06 | INFO     |     F1(macro): 0.960447
2025-07-28 19:35:06 | INFO     |     F1(weighted): 0.958567
2025-07-28 19:35:06 | INFO     |     精确率: 0.964482
2025-07-28 19:35:06 | INFO     |     召回率: 0.961772
2025-07-28 19:35:06 | INFO     |   学习率调度器: f1_based
2025-07-28 19:35:06 | INFO     | ------------------------------------------------------------
2025-07-28 19:35:06 | INFO     | Epoch   5 | Train: Loss=0.1275, Acc=0.9507 | Val: Loss=0.0808, Acc=0.9590, F1=0.9586 | LR=0.000100 🏆 [最佳模型]
2025-07-28 19:35:49 | INFO     | Epoch 6:
2025-07-28 19:35:49 | INFO     |   训练指标:
2025-07-28 19:35:49 | INFO     |     损失(ce): 0.102887
2025-07-28 19:35:49 | INFO     |     准确率: 0.956162
2025-07-28 19:35:49 | INFO     |     学习率: 0.00010000
2025-07-28 19:35:49 | INFO     |   验证指标(标准CE):
2025-07-28 19:35:49 | INFO     |     损失: 0.086685
2025-07-28 19:35:49 | INFO     |     准确率: 0.955956
2025-07-28 19:35:49 | INFO     |     F1(macro): 0.957367
2025-07-28 19:35:49 | INFO     |     F1(weighted): 0.955621
2025-07-28 19:35:49 | INFO     |     精确率: 0.964818
2025-07-28 19:35:49 | INFO     |     召回率: 0.958909
2025-07-28 19:35:49 | INFO     |   学习率调度器: f1_based
2025-07-28 19:35:49 | INFO     | ------------------------------------------------------------
2025-07-28 19:35:49 | INFO     | Epoch   6 | Train: Loss=0.1029, Acc=0.9562 | Val: Loss=0.0867, Acc=0.9560, F1=0.9556 | LR=0.000100 
2025-07-28 19:36:30 | INFO     | Epoch 7:
2025-07-28 19:36:30 | INFO     |   训练指标:
2025-07-28 19:36:30 | INFO     |     损失(ce): 0.107269
2025-07-28 19:36:30 | INFO     |     准确率: 0.956663
2025-07-28 19:36:30 | INFO     |     学习率: 0.00010000
2025-07-28 19:36:30 | INFO     |   验证指标(标准CE):
2025-07-28 19:36:30 | INFO     |     损失: 0.077438
2025-07-28 19:36:30 | INFO     |     准确率: 0.961962
2025-07-28 19:36:30 | INFO     |     F1(macro): 0.962960
2025-07-28 19:36:30 | INFO     |     F1(weighted): 0.961662
2025-07-28 19:36:30 | INFO     |     精确率: 0.966979
2025-07-28 19:36:30 | INFO     |     召回率: 0.964293
2025-07-28 19:36:30 | INFO     |   学习率调度器: f1_based
2025-07-28 19:36:30 | INFO     | ------------------------------------------------------------
2025-07-28 19:36:30 | INFO     | Epoch   7 | Train: Loss=0.1073, Acc=0.9567 | Val: Loss=0.0774, Acc=0.9620, F1=0.9617 | LR=0.000100 🏆 [最佳模型]
2025-07-28 19:37:13 | INFO     | Epoch 8:
2025-07-28 19:37:13 | INFO     |   训练指标:
2025-07-28 19:37:13 | INFO     |     损失(ce): 0.097003
2025-07-28 19:37:13 | INFO     |     准确率: 0.959168
2025-07-28 19:37:13 | INFO     |     学习率: 0.00010000
2025-07-28 19:37:13 | INFO     |   验证指标(标准CE):
2025-07-28 19:37:13 | INFO     |     损失: 0.070500
2025-07-28 19:37:13 | INFO     |     准确率: 0.963964
2025-07-28 19:37:13 | INFO     |     F1(macro): 0.965246
2025-07-28 19:37:13 | INFO     |     F1(weighted): 0.963655
2025-07-28 19:37:13 | INFO     |     精确率: 0.969062
2025-07-28 19:37:13 | INFO     |     召回率: 0.966529
2025-07-28 19:37:13 | INFO     |   学习率调度器: f1_based
2025-07-28 19:37:13 | INFO     | ------------------------------------------------------------
2025-07-28 19:37:13 | INFO     | Epoch   8 | Train: Loss=0.0970, Acc=0.9592 | Val: Loss=0.0705, Acc=0.9640, F1=0.9637 | LR=0.000100 🏆 [最佳模型]
2025-07-28 19:37:55 | INFO     | Epoch 9:
2025-07-28 19:37:55 | INFO     |   训练指标:
2025-07-28 19:37:55 | INFO     |     损失(ce): 0.084822
2025-07-28 19:37:55 | INFO     |     准确率: 0.962425
2025-07-28 19:37:55 | INFO     |     学习率: 0.00010000
2025-07-28 19:37:55 | INFO     |   验证指标(标准CE):
2025-07-28 19:37:55 | INFO     |     损失: 0.045737
2025-07-28 19:37:55 | INFO     |     准确率: 0.975976
2025-07-28 19:37:55 | INFO     |     F1(macro): 0.976672
2025-07-28 19:37:55 | INFO     |     F1(weighted): 0.975748
2025-07-28 19:37:55 | INFO     |     精确率: 0.979629
2025-07-28 19:37:55 | INFO     |     召回率: 0.976224
2025-07-28 19:37:55 | INFO     |   学习率调度器: f1_based
2025-07-28 19:37:55 | INFO     | ------------------------------------------------------------
2025-07-28 19:37:55 | INFO     | Epoch   9 | Train: Loss=0.0848, Acc=0.9624 | Val: Loss=0.0457, Acc=0.9760, F1=0.9757 | LR=0.000100 🏆 [最佳模型]
2025-07-28 19:38:37 | INFO     | Epoch 10:
2025-07-28 19:38:37 | INFO     |   训练指标:
2025-07-28 19:38:37 | INFO     |     损失(ce): 0.105008
2025-07-28 19:38:37 | INFO     |     准确率: 0.957164
2025-07-28 19:38:37 | INFO     |     学习率: 0.00010000
2025-07-28 19:38:37 | INFO     |   验证指标(标准CE):
2025-07-28 19:38:37 | INFO     |     损失: 0.068879
2025-07-28 19:38:37 | INFO     |     准确率: 0.962963
2025-07-28 19:38:37 | INFO     |     F1(macro): 0.964221
2025-07-28 19:38:37 | INFO     |     F1(weighted): 0.962410
2025-07-28 19:38:37 | INFO     |     精确率: 0.971048
2025-07-28 19:38:37 | INFO     |     召回率: 0.965876
2025-07-28 19:38:37 | INFO     |   学习率调度器: f1_based
2025-07-28 19:38:37 | INFO     | ------------------------------------------------------------
2025-07-28 19:38:37 | INFO     | Epoch  10 | Train: Loss=0.1050, Acc=0.9572 | Val: Loss=0.0689, Acc=0.9630, F1=0.9624 | LR=0.000100 
2025-07-28 19:39:19 | INFO     | Epoch 11:
2025-07-28 19:39:19 | INFO     |   训练指标:
2025-07-28 19:39:19 | INFO     |     损失(ce): 0.074736
2025-07-28 19:39:19 | INFO     |     准确率: 0.966182
2025-07-28 19:39:19 | INFO     |     学习率: 0.00010000
2025-07-28 19:39:19 | INFO     |   验证指标(标准CE):
2025-07-28 19:39:19 | INFO     |     损失: 0.045635
2025-07-28 19:39:19 | INFO     |     准确率: 0.975976
2025-07-28 19:39:19 | INFO     |     F1(macro): 0.976643
2025-07-28 19:39:19 | INFO     |     F1(weighted): 0.975752
2025-07-28 19:39:19 | INFO     |     精确率: 0.979749
2025-07-28 19:39:19 | INFO     |     召回率: 0.976159
2025-07-28 19:39:19 | INFO     |   学习率调度器: f1_based
2025-07-28 19:39:19 | INFO     | ------------------------------------------------------------
2025-07-28 19:39:19 | INFO     | Epoch  11 | Train: Loss=0.0747, Acc=0.9662 | Val: Loss=0.0456, Acc=0.9760, F1=0.9758 | LR=0.000100 🏆 [最佳模型]
2025-07-28 19:40:01 | INFO     | Epoch 12:
2025-07-28 19:40:01 | INFO     |   训练指标:
2025-07-28 19:40:01 | INFO     |     损失(ce): 0.082242
2025-07-28 19:40:01 | INFO     |     准确率: 0.959669
2025-07-28 19:40:01 | INFO     |     学习率: 0.00010000
2025-07-28 19:40:01 | INFO     |   验证指标(标准CE):
2025-07-28 19:40:01 | INFO     |     损失: 0.118653
2025-07-28 19:40:01 | INFO     |     准确率: 0.952953
2025-07-28 19:40:01 | INFO     |     F1(macro): 0.954965
2025-07-28 19:40:01 | INFO     |     F1(weighted): 0.953051
2025-07-28 19:40:01 | INFO     |     精确率: 0.964639
2025-07-28 19:40:01 | INFO     |     召回率: 0.956012
2025-07-28 19:40:01 | INFO     |   学习率调度器: f1_based
2025-07-28 19:40:01 | INFO     | ------------------------------------------------------------
2025-07-28 19:40:01 | INFO     | Epoch  12 | Train: Loss=0.0822, Acc=0.9597 | Val: Loss=0.1187, Acc=0.9530, F1=0.9531 | LR=0.000100 
2025-07-28 19:40:43 | INFO     | Epoch 13:
2025-07-28 19:40:43 | INFO     |   训练指标:
2025-07-28 19:40:43 | INFO     |     损失(ce): 0.086152
2025-07-28 19:40:43 | INFO     |     准确率: 0.965180
2025-07-28 19:40:43 | INFO     |     学习率: 0.00010000
2025-07-28 19:40:43 | INFO     |   验证指标(标准CE):
2025-07-28 19:40:43 | INFO     |     损失: 0.058654
2025-07-28 19:40:43 | INFO     |     准确率: 0.964965
2025-07-28 19:40:43 | INFO     |     F1(macro): 0.966152
2025-07-28 19:40:43 | INFO     |     F1(weighted): 0.964660
2025-07-28 19:40:43 | INFO     |     精确率: 0.970484
2025-07-28 19:40:43 | INFO     |     召回率: 0.967447
2025-07-28 19:40:43 | INFO     |   学习率调度器: f1_based
2025-07-28 19:40:43 | INFO     | ------------------------------------------------------------
2025-07-28 19:40:43 | INFO     | Epoch  13 | Train: Loss=0.0862, Acc=0.9652 | Val: Loss=0.0587, Acc=0.9650, F1=0.9647 | LR=0.000100 
2025-07-28 19:41:25 | INFO     | Epoch 14:
2025-07-28 19:41:25 | INFO     |   训练指标:
2025-07-28 19:41:25 | INFO     |     损失(ce): 0.084558
2025-07-28 19:41:25 | INFO     |     准确率: 0.963677
2025-07-28 19:41:25 | INFO     |     学习率: 0.00010000
2025-07-28 19:41:25 | INFO     |   验证指标(标准CE):
2025-07-28 19:41:25 | INFO     |     损失: 0.053489
2025-07-28 19:41:25 | INFO     |     准确率: 0.973974
2025-07-28 19:41:25 | INFO     |     F1(macro): 0.974672
2025-07-28 19:41:25 | INFO     |     F1(weighted): 0.973679
2025-07-28 19:41:25 | INFO     |     精确率: 0.978212
2025-07-28 19:41:25 | INFO     |     召回率: 0.974222
2025-07-28 19:41:25 | INFO     |   学习率调度器: f1_based
2025-07-28 19:41:25 | INFO     | ------------------------------------------------------------
2025-07-28 19:41:25 | INFO     | Epoch  14 | Train: Loss=0.0846, Acc=0.9637 | Val: Loss=0.0535, Acc=0.9740, F1=0.9737 | LR=0.000100 
2025-07-28 19:42:07 | INFO     | Epoch 15:
2025-07-28 19:42:07 | INFO     |   训练指标:
2025-07-28 19:42:07 | INFO     |     损失(ce): 0.063870
2025-07-28 19:42:07 | INFO     |     准确率: 0.971443
2025-07-28 19:42:07 | INFO     |     学习率: 0.00010000
2025-07-28 19:42:07 | INFO     |   验证指标(标准CE):
2025-07-28 19:42:07 | INFO     |     损失: 0.113999
2025-07-28 19:42:07 | INFO     |     准确率: 0.959960
2025-07-28 19:42:07 | INFO     |     F1(macro): 0.960982
2025-07-28 19:42:07 | INFO     |     F1(weighted): 0.959023
2025-07-28 19:42:07 | INFO     |     精确率: 0.964450
2025-07-28 19:42:07 | INFO     |     召回率: 0.962773
2025-07-28 19:42:07 | INFO     |   学习率调度器: f1_based
2025-07-28 19:42:07 | INFO     | ------------------------------------------------------------
2025-07-28 19:42:07 | INFO     | Epoch  15 | Train: Loss=0.0639, Acc=0.9714 | Val: Loss=0.1140, Acc=0.9600, F1=0.9590 | LR=0.000100 
2025-07-28 19:42:49 | INFO     | Epoch 16:
2025-07-28 19:42:49 | INFO     |   训练指标:
2025-07-28 19:42:49 | INFO     |     损失(ce): 0.083213
2025-07-28 19:42:49 | INFO     |     准确率: 0.961673
2025-07-28 19:42:49 | INFO     |     学习率: 0.00010000
2025-07-28 19:42:49 | INFO     |   验证指标(标准CE):
2025-07-28 19:42:49 | INFO     |     损失: 0.062312
2025-07-28 19:42:49 | INFO     |     准确率: 0.964965
2025-07-28 19:42:49 | INFO     |     F1(macro): 0.966357
2025-07-28 19:42:49 | INFO     |     F1(weighted): 0.964985
2025-07-28 19:42:49 | INFO     |     精确率: 0.972159
2025-07-28 19:42:49 | INFO     |     召回率: 0.967260
2025-07-28 19:42:49 | INFO     |   学习率调度器: f1_based
2025-07-28 19:42:49 | INFO     | ------------------------------------------------------------
2025-07-28 19:42:49 | INFO     | Epoch  16 | Train: Loss=0.0832, Acc=0.9617 | Val: Loss=0.0623, Acc=0.9650, F1=0.9650 | LR=0.000100 
2025-07-28 19:43:31 | INFO     | Epoch 17:
2025-07-28 19:43:31 | INFO     |   训练指标:
2025-07-28 19:43:31 | INFO     |     损失(ce): 0.083234
2025-07-28 19:43:31 | INFO     |     准确率: 0.963427
2025-07-28 19:43:31 | INFO     |     学习率: 0.00010000
2025-07-28 19:43:31 | INFO     |   验证指标(标准CE):
2025-07-28 19:43:31 | INFO     |     损失: 0.093132
2025-07-28 19:43:31 | INFO     |     准确率: 0.952953
2025-07-28 19:43:31 | INFO     |     F1(macro): 0.955065
2025-07-28 19:43:31 | INFO     |     F1(weighted): 0.953252
2025-07-28 19:43:31 | INFO     |     精确率: 0.956646
2025-07-28 19:43:31 | INFO     |     召回率: 0.955119
2025-07-28 19:43:31 | INFO     |   学习率调度器: f1_based
2025-07-28 19:43:31 | INFO     | ------------------------------------------------------------
2025-07-28 19:43:31 | INFO     | 🎯 学习率调整事件:
2025-07-28 19:43:31 | INFO     |   调度器类型: f1_based
2025-07-28 19:43:31 | INFO     |   学习率变化: 0.00010000 → 0.00005000
2025-07-28 19:43:31 | INFO     |   触发条件: F1分数 = 0.953252
2025-07-28 19:43:31 | INFO     |   变化幅度: -50.00%
2025-07-28 19:43:31 | INFO     | ------------------------------------------------------------
2025-07-28 19:43:31 | INFO     | Epoch  17 | Train: Loss=0.0832, Acc=0.9634 | Val: Loss=0.0931, Acc=0.9530, F1=0.9533 | LR=0.000050 
2025-07-28 19:44:13 | INFO     | Epoch 18:
2025-07-28 19:44:13 | INFO     |   训练指标:
2025-07-28 19:44:13 | INFO     |     损失(ce): 0.046781
2025-07-28 19:44:13 | INFO     |     准确率: 0.974449
2025-07-28 19:44:13 | INFO     |     学习率: 0.00005000
2025-07-28 19:44:13 | INFO     |   验证指标(标准CE):
2025-07-28 19:44:13 | INFO     |     损失: 0.038351
2025-07-28 19:44:13 | INFO     |     准确率: 0.978979
2025-07-28 19:44:13 | INFO     |     F1(macro): 0.979566
2025-07-28 19:44:13 | INFO     |     F1(weighted): 0.978760
2025-07-28 19:44:13 | INFO     |     精确率: 0.982919
2025-07-28 19:44:13 | INFO     |     召回率: 0.979062
2025-07-28 19:44:13 | INFO     |   学习率调度器: f1_based
2025-07-28 19:44:13 | INFO     | ------------------------------------------------------------
2025-07-28 19:44:13 | INFO     | Epoch  18 | Train: Loss=0.0468, Acc=0.9744 | Val: Loss=0.0384, Acc=0.9790, F1=0.9788 | LR=0.000050 🏆 [最佳模型]
2025-07-28 19:44:55 | INFO     | Epoch 19:
2025-07-28 19:44:55 | INFO     |   训练指标:
2025-07-28 19:44:55 | INFO     |     损失(ce): 0.041812
2025-07-28 19:44:55 | INFO     |     准确率: 0.974198
2025-07-28 19:44:55 | INFO     |     学习率: 0.00005000
2025-07-28 19:44:55 | INFO     |   验证指标(标准CE):
2025-07-28 19:44:55 | INFO     |     损失: 0.071688
2025-07-28 19:44:55 | INFO     |     准确率: 0.970971
2025-07-28 19:44:55 | INFO     |     F1(macro): 0.972160
2025-07-28 19:44:55 | INFO     |     F1(weighted): 0.970965
2025-07-28 19:44:55 | INFO     |     精确率: 0.972197
2025-07-28 19:44:55 | INFO     |     召回率: 0.972129
2025-07-28 19:44:55 | INFO     |   学习率调度器: f1_based
2025-07-28 19:44:55 | INFO     | ------------------------------------------------------------
2025-07-28 19:44:55 | INFO     | Epoch  19 | Train: Loss=0.0418, Acc=0.9742 | Val: Loss=0.0717, Acc=0.9710, F1=0.9710 | LR=0.000050 
2025-07-28 19:45:37 | INFO     | Epoch 20:
2025-07-28 19:45:37 | INFO     |   训练指标:
2025-07-28 19:45:37 | INFO     |     损失(ce): 0.037945
2025-07-28 19:45:37 | INFO     |     准确率: 0.974699
2025-07-28 19:45:37 | INFO     |     学习率: 0.00005000
2025-07-28 19:45:37 | INFO     |   验证指标(标准CE):
2025-07-28 19:45:37 | INFO     |     损失: 0.054681
2025-07-28 19:45:37 | INFO     |     准确率: 0.968969
2025-07-28 19:45:37 | INFO     |     F1(macro): 0.970061
2025-07-28 19:45:37 | INFO     |     F1(weighted): 0.968591
2025-07-28 19:45:37 | INFO     |     精确率: 0.975743
2025-07-28 19:45:37 | INFO     |     召回率: 0.971534
2025-07-28 19:45:37 | INFO     |   学习率调度器: f1_based
2025-07-28 19:45:37 | INFO     | ------------------------------------------------------------
2025-07-28 19:45:37 | INFO     | Epoch  20 | Train: Loss=0.0379, Acc=0.9747 | Val: Loss=0.0547, Acc=0.9690, F1=0.9686 | LR=0.000050 
2025-07-28 19:46:19 | INFO     | Epoch 21:
2025-07-28 19:46:19 | INFO     |   训练指标:
2025-07-28 19:46:19 | INFO     |     损失(ce): 0.041218
2025-07-28 19:46:19 | INFO     |     准确率: 0.976703
2025-07-28 19:46:19 | INFO     |     学习率: 0.00005000
2025-07-28 19:46:19 | INFO     |   验证指标(标准CE):
2025-07-28 19:46:19 | INFO     |     损失: 0.037321
2025-07-28 19:46:19 | INFO     |     准确率: 0.977978
2025-07-28 19:46:19 | INFO     |     F1(macro): 0.978569
2025-07-28 19:46:19 | INFO     |     F1(weighted): 0.977728
2025-07-28 19:46:19 | INFO     |     精确率: 0.982231
2025-07-28 19:46:19 | INFO     |     召回率: 0.978061
2025-07-28 19:46:19 | INFO     |   学习率调度器: f1_based
2025-07-28 19:46:19 | INFO     | ------------------------------------------------------------
2025-07-28 19:46:19 | INFO     | Epoch  21 | Train: Loss=0.0412, Acc=0.9767 | Val: Loss=0.0373, Acc=0.9780, F1=0.9777 | LR=0.000050 
2025-07-28 19:47:01 | INFO     | Epoch 22:
2025-07-28 19:47:01 | INFO     |   训练指标:
2025-07-28 19:47:01 | INFO     |     损失(ce): 0.040890
2025-07-28 19:47:01 | INFO     |     准确率: 0.973447
2025-07-28 19:47:01 | INFO     |     学习率: 0.00005000
2025-07-28 19:47:01 | INFO     |   验证指标(标准CE):
2025-07-28 19:47:01 | INFO     |     损失: 0.042106
2025-07-28 19:47:01 | INFO     |     准确率: 0.968969
2025-07-28 19:47:01 | INFO     |     F1(macro): 0.970146
2025-07-28 19:47:01 | INFO     |     F1(weighted): 0.968703
2025-07-28 19:47:01 | INFO     |     精确率: 0.974286
2025-07-28 19:47:01 | INFO     |     召回率: 0.971368
2025-07-28 19:47:01 | INFO     |   学习率调度器: f1_based
2025-07-28 19:47:01 | INFO     | ------------------------------------------------------------
2025-07-28 19:47:01 | INFO     | Epoch  22 | Train: Loss=0.0409, Acc=0.9734 | Val: Loss=0.0421, Acc=0.9690, F1=0.9687 | LR=0.000050 
2025-07-28 19:47:42 | INFO     | Epoch 23:
2025-07-28 19:47:42 | INFO     |   训练指标:
2025-07-28 19:47:42 | INFO     |     损失(ce): 0.049833
2025-07-28 19:47:42 | INFO     |     准确率: 0.972695
2025-07-28 19:47:42 | INFO     |     学习率: 0.00005000
2025-07-28 19:47:42 | INFO     |   验证指标(标准CE):
2025-07-28 19:47:42 | INFO     |     损失: 0.055516
2025-07-28 19:47:42 | INFO     |     准确率: 0.964965
2025-07-28 19:47:42 | INFO     |     F1(macro): 0.966568
2025-07-28 19:47:42 | INFO     |     F1(weighted): 0.965049
2025-07-28 19:47:42 | INFO     |     精确率: 0.973364
2025-07-28 19:47:42 | INFO     |     召回率: 0.967626
2025-07-28 19:47:42 | INFO     |   学习率调度器: f1_based
2025-07-28 19:47:42 | INFO     | ------------------------------------------------------------
2025-07-28 19:47:42 | INFO     | Epoch  23 | Train: Loss=0.0498, Acc=0.9727 | Val: Loss=0.0555, Acc=0.9650, F1=0.9650 | LR=0.000050 
2025-07-28 19:48:24 | INFO     | Epoch 24:
2025-07-28 19:48:24 | INFO     |   训练指标:
2025-07-28 19:48:24 | INFO     |     损失(ce): 0.037295
2025-07-28 19:48:24 | INFO     |     准确率: 0.975200
2025-07-28 19:48:24 | INFO     |     学习率: 0.00005000
2025-07-28 19:48:24 | INFO     |   验证指标(标准CE):
2025-07-28 19:48:24 | INFO     |     损失: 0.046314
2025-07-28 19:48:24 | INFO     |     准确率: 0.969970
2025-07-28 19:48:24 | INFO     |     F1(macro): 0.971049
2025-07-28 19:48:24 | INFO     |     F1(weighted): 0.969633
2025-07-28 19:48:24 | INFO     |     精确率: 0.976359
2025-07-28 19:48:24 | INFO     |     召回率: 0.972452
2025-07-28 19:48:24 | INFO     |   学习率调度器: f1_based
2025-07-28 19:48:24 | INFO     | ------------------------------------------------------------
2025-07-28 19:48:24 | INFO     | Epoch  24 | Train: Loss=0.0373, Acc=0.9752 | Val: Loss=0.0463, Acc=0.9700, F1=0.9696 | LR=0.000050 
2025-07-28 19:49:06 | INFO     | Epoch 25:
2025-07-28 19:49:06 | INFO     |   训练指标:
2025-07-28 19:49:06 | INFO     |     损失(ce): 0.039383
2025-07-28 19:49:06 | INFO     |     准确率: 0.974699
2025-07-28 19:49:06 | INFO     |     学习率: 0.00005000
2025-07-28 19:49:06 | INFO     |   验证指标(标准CE):
2025-07-28 19:49:06 | INFO     |     损失: 0.041354
2025-07-28 19:49:06 | INFO     |     准确率: 0.977978
2025-07-28 19:49:06 | INFO     |     F1(macro): 0.978569
2025-07-28 19:49:06 | INFO     |     F1(weighted): 0.977728
2025-07-28 19:49:06 | INFO     |     精确率: 0.982231
2025-07-28 19:49:06 | INFO     |     召回率: 0.978061
2025-07-28 19:49:06 | INFO     |   学习率调度器: f1_based
2025-07-28 19:49:06 | INFO     | ------------------------------------------------------------
2025-07-28 19:49:06 | INFO     | Epoch  25 | Train: Loss=0.0394, Acc=0.9747 | Val: Loss=0.0414, Acc=0.9780, F1=0.9777 | LR=0.000050 
2025-07-28 19:49:48 | INFO     | Epoch 26:
2025-07-28 19:49:48 | INFO     |   训练指标:
2025-07-28 19:49:48 | INFO     |     损失(ce): 0.050513
2025-07-28 19:49:48 | INFO     |     准确率: 0.973196
2025-07-28 19:49:48 | INFO     |     学习率: 0.00005000
2025-07-28 19:49:48 | INFO     |   验证指标(标准CE):
2025-07-28 19:49:48 | INFO     |     损失: 0.040353
2025-07-28 19:49:48 | INFO     |     准确率: 0.970971
2025-07-28 19:49:48 | INFO     |     F1(macro): 0.972035
2025-07-28 19:49:48 | INFO     |     F1(weighted): 0.970672
2025-07-28 19:49:48 | INFO     |     精确率: 0.976984
2025-07-28 19:49:48 | INFO     |     召回率: 0.973370
2025-07-28 19:49:48 | INFO     |   学习率调度器: f1_based
2025-07-28 19:49:48 | INFO     | ------------------------------------------------------------
2025-07-28 19:49:48 | INFO     | Epoch  26 | Train: Loss=0.0505, Acc=0.9732 | Val: Loss=0.0404, Acc=0.9710, F1=0.9707 | LR=0.000050 
2025-07-28 19:50:30 | INFO     | Epoch 27:
2025-07-28 19:50:30 | INFO     |   训练指标:
2025-07-28 19:50:30 | INFO     |     损失(ce): 0.053686
2025-07-28 19:50:30 | INFO     |     准确率: 0.968186
2025-07-28 19:50:30 | INFO     |     学习率: 0.00005000
2025-07-28 19:50:30 | INFO     |   验证指标(标准CE):
2025-07-28 19:50:30 | INFO     |     损失: 0.062415
2025-07-28 19:50:30 | INFO     |     准确率: 0.965966
2025-07-28 19:50:30 | INFO     |     F1(macro): 0.967081
2025-07-28 19:50:30 | INFO     |     F1(weighted): 0.965444
2025-07-28 19:50:30 | INFO     |     精确率: 0.973946
2025-07-28 19:50:30 | INFO     |     召回率: 0.968779
2025-07-28 19:50:30 | INFO     |   学习率调度器: f1_based
2025-07-28 19:50:30 | INFO     | ------------------------------------------------------------
2025-07-28 19:50:30 | INFO     | 🎯 学习率调整事件:
2025-07-28 19:50:30 | INFO     |   调度器类型: f1_based
2025-07-28 19:50:30 | INFO     |   学习率变化: 0.00005000 → 0.00002500
2025-07-28 19:50:30 | INFO     |   触发条件: F1分数 = 0.965444
2025-07-28 19:50:30 | INFO     |   变化幅度: -50.00%
2025-07-28 19:50:30 | INFO     | ------------------------------------------------------------
2025-07-28 19:50:30 | INFO     | Epoch  27 | Train: Loss=0.0537, Acc=0.9682 | Val: Loss=0.0624, Acc=0.9660, F1=0.9654 | LR=0.000025 
2025-07-28 19:51:12 | INFO     | Epoch 28:
2025-07-28 19:51:12 | INFO     |   训练指标:
2025-07-28 19:51:12 | INFO     |     损失(ce): 0.036704
2025-07-28 19:51:12 | INFO     |     准确率: 0.977455
2025-07-28 19:51:12 | INFO     |     学习率: 0.00002500
2025-07-28 19:51:12 | INFO     |   验证指标(标准CE):
2025-07-28 19:51:12 | INFO     |     损失: 0.041729
2025-07-28 19:51:12 | INFO     |     准确率: 0.970971
2025-07-28 19:51:12 | INFO     |     F1(macro): 0.972035
2025-07-28 19:51:12 | INFO     |     F1(weighted): 0.970672
2025-07-28 19:51:12 | INFO     |     精确率: 0.976984
2025-07-28 19:51:12 | INFO     |     召回率: 0.973370
2025-07-28 19:51:12 | INFO     |   学习率调度器: f1_based
2025-07-28 19:51:12 | INFO     | ------------------------------------------------------------
2025-07-28 19:51:12 | INFO     | Epoch  28 | Train: Loss=0.0367, Acc=0.9775 | Val: Loss=0.0417, Acc=0.9710, F1=0.9707 | LR=0.000025 
2025-07-28 19:51:54 | INFO     | Epoch 29:
2025-07-28 19:51:54 | INFO     |   训练指标:
2025-07-28 19:51:54 | INFO     |     损失(ce): 0.032179
2025-07-28 19:51:54 | INFO     |     准确率: 0.975451
2025-07-28 19:51:54 | INFO     |     学习率: 0.00002500
2025-07-28 19:51:54 | INFO     |   验证指标(标准CE):
2025-07-28 19:51:54 | INFO     |     损失: 0.045715
2025-07-28 19:51:54 | INFO     |     准确率: 0.969970
2025-07-28 19:51:54 | INFO     |     F1(macro): 0.971049
2025-07-28 19:51:54 | INFO     |     F1(weighted): 0.969633
2025-07-28 19:51:54 | INFO     |     精确率: 0.976359
2025-07-28 19:51:54 | INFO     |     召回率: 0.972452
2025-07-28 19:51:54 | INFO     |   学习率调度器: f1_based
2025-07-28 19:51:54 | INFO     | ------------------------------------------------------------
2025-07-28 19:51:54 | INFO     | Epoch  29 | Train: Loss=0.0322, Acc=0.9755 | Val: Loss=0.0457, Acc=0.9700, F1=0.9696 | LR=0.000025 
2025-07-28 19:52:35 | INFO     | Epoch 30:
2025-07-28 19:52:35 | INFO     |   训练指标:
2025-07-28 19:52:35 | INFO     |     损失(ce): 0.035234
2025-07-28 19:52:35 | INFO     |     准确率: 0.975952
2025-07-28 19:52:35 | INFO     |     学习率: 0.00002500
2025-07-28 19:52:35 | INFO     |   验证指标(标准CE):
2025-07-28 19:52:35 | INFO     |     损失: 0.051797
2025-07-28 19:52:35 | INFO     |     准确率: 0.969970
2025-07-28 19:52:35 | INFO     |     F1(macro): 0.971049
2025-07-28 19:52:35 | INFO     |     F1(weighted): 0.969633
2025-07-28 19:52:35 | INFO     |     精确率: 0.976359
2025-07-28 19:52:35 | INFO     |     召回率: 0.972452
2025-07-28 19:52:35 | INFO     |   学习率调度器: f1_based
2025-07-28 19:52:35 | INFO     | ------------------------------------------------------------
2025-07-28 19:52:35 | INFO     | Epoch  30 | Train: Loss=0.0352, Acc=0.9760 | Val: Loss=0.0518, Acc=0.9700, F1=0.9696 | LR=0.000025 
2025-07-28 19:53:17 | INFO     | Epoch 31:
2025-07-28 19:53:17 | INFO     |   训练指标:
2025-07-28 19:53:17 | INFO     |     损失(ce): 0.035907
2025-07-28 19:53:17 | INFO     |     准确率: 0.976954
2025-07-28 19:53:17 | INFO     |     学习率: 0.00002500
2025-07-28 19:53:17 | INFO     |   验证指标(标准CE):
2025-07-28 19:53:17 | INFO     |     损失: 0.055995
2025-07-28 19:53:17 | INFO     |     准确率: 0.966967
2025-07-28 19:53:17 | INFO     |     F1(macro): 0.968077
2025-07-28 19:53:17 | INFO     |     F1(weighted): 0.966497
2025-07-28 19:53:17 | INFO     |     精确率: 0.974537
2025-07-28 19:53:17 | INFO     |     召回率: 0.969697
2025-07-28 19:53:17 | INFO     |   学习率调度器: f1_based
2025-07-28 19:53:17 | INFO     | ------------------------------------------------------------
2025-07-28 19:53:17 | INFO     | Epoch  31 | Train: Loss=0.0359, Acc=0.9770 | Val: Loss=0.0560, Acc=0.9670, F1=0.9665 | LR=0.000025 
2025-07-28 19:53:59 | INFO     | Epoch 32:
2025-07-28 19:53:59 | INFO     |   训练指标:
2025-07-28 19:53:59 | INFO     |     损失(ce): 0.036186
2025-07-28 19:53:59 | INFO     |     准确率: 0.977455
2025-07-28 19:53:59 | INFO     |     学习率: 0.00002500
2025-07-28 19:53:59 | INFO     |   验证指标(标准CE):
2025-07-28 19:53:59 | INFO     |     损失: 0.051025
2025-07-28 19:53:59 | INFO     |     准确率: 0.975976
2025-07-28 19:53:59 | INFO     |     F1(macro): 0.976763
2025-07-28 19:53:59 | INFO     |     F1(weighted): 0.975824
2025-07-28 19:53:59 | INFO     |     精确率: 0.978635
2025-07-28 19:53:59 | INFO     |     召回率: 0.976390
2025-07-28 19:53:59 | INFO     |   学习率调度器: f1_based
2025-07-28 19:53:59 | INFO     | ------------------------------------------------------------
2025-07-28 19:53:59 | INFO     | Epoch  32 | Train: Loss=0.0362, Acc=0.9775 | Val: Loss=0.0510, Acc=0.9760, F1=0.9758 | LR=0.000025 
2025-07-28 19:54:41 | INFO     | Epoch 33:
2025-07-28 19:54:41 | INFO     |   训练指标:
2025-07-28 19:54:41 | INFO     |     损失(ce): 0.036127
2025-07-28 19:54:41 | INFO     |     准确率: 0.977455
2025-07-28 19:54:41 | INFO     |     学习率: 0.00002500
2025-07-28 19:54:41 | INFO     |   验证指标(标准CE):
2025-07-28 19:54:41 | INFO     |     损失: 0.042956
2025-07-28 19:54:41 | INFO     |     准确率: 0.970971
2025-07-28 19:54:41 | INFO     |     F1(macro): 0.972035
2025-07-28 19:54:41 | INFO     |     F1(weighted): 0.970672
2025-07-28 19:54:41 | INFO     |     精确率: 0.976984
2025-07-28 19:54:41 | INFO     |     召回率: 0.973370
2025-07-28 19:54:41 | INFO     |   学习率调度器: f1_based
2025-07-28 19:54:41 | INFO     | ------------------------------------------------------------
2025-07-28 19:54:41 | INFO     | Epoch  33 | Train: Loss=0.0361, Acc=0.9775 | Val: Loss=0.0430, Acc=0.9710, F1=0.9707 | LR=0.000025 
2025-07-28 19:54:41 | INFO     | ⏹️ 早停触发，在第 33 轮停止训练
2025-07-28 19:54:45 | INFO     | 训练历史已保存到: ./result/0728_1931_DualGAF_DualGAFNet_SDAHU通道压缩_sl96_step96_fd128_extractor-dilated_gaf-concat_attention-self_classifier-mlp_stat-basic_fusion-concat/training_history.csv
2025-07-28 19:54:45 | INFO     | 
====================================================================================================
2025-07-28 19:54:45 | INFO     | 🎉 训练完成总结:
2025-07-28 19:54:45 | INFO     |   训练损失函数: ce
2025-07-28 19:54:45 | INFO     |   验证损失函数: 标准交叉熵（遵循主流ML规范）
2025-07-28 19:54:45 | INFO     |   训练过程最佳验证准确率: 0.9790
2025-07-28 19:54:45 | INFO     |   训练过程最佳验证F1(macro): 0.9796
2025-07-28 19:54:45 | INFO     |   训练过程最佳验证F1(weighted): 0.9788
2025-07-28 19:54:45 | INFO     |   训练轮数: 33
2025-07-28 19:54:45 | INFO     | --------------------------------------------------
2025-07-28 19:54:45 | INFO     | 📊 最佳模型真实性能指标（基于标准交叉熵损失）:
2025-07-28 19:54:45 | INFO     |   验证损失(标准CE): 0.0384
2025-07-28 19:54:45 | INFO     |   验证准确率: 0.9790
2025-07-28 19:54:45 | INFO     |   验证F1(macro): 0.9796
2025-07-28 19:54:45 | INFO     |   验证F1(weighted): 0.9788
2025-07-28 19:54:45 | INFO     |   验证精确率: 0.9829
2025-07-28 19:54:45 | INFO     |   验证召回率: 0.9791
2025-07-28 19:54:45 | INFO     | ====================================================================================================
2025-07-28 19:54:47 | INFO     | ================================================================================
2025-07-28 19:54:47 | INFO     | 实验日志结束: DualGAF_DualGAFNet_SDAHU通道压缩_sl96_step96_fd128_extractor-dilated_gaf-concat_attention-self_classifier-mlp_stat-basic_fusion-concat
2025-07-28 19:54:47 | INFO     | 结束时间: 2025-07-28 19:54:47
2025-07-28 19:54:47 | INFO     | ================================================================================
