2025-07-29 19:34:25 | INFO     | ================================================================================
2025-07-29 19:34:25 | INFO     | 实验日志开始: DualGAF_DDAHU_DualGAFNet_SDAHU通道压缩_sl96_step96_fd128_extractor-dilated_gaf-adaptive_attention-channel_classifier-mlp_stat-basic_fusion-concat_compression-signal_compression_ratio-0.7
2025-07-29 19:34:25 | INFO     | 日志文件: ./result/0729_1934_DualGAF_DDAHU_DualGAFNet_SDAHU通道压缩_sl96_step96_fd128_extractor-dilated_gaf-adaptive_attention-channel_classifier-mlp_stat-basic_fusion-concat_compression-signal_compression_ratio-0.7/training.log
2025-07-29 19:34:25 | INFO     | 开始时间: 2025-07-29 19:34:25
2025-07-29 19:34:25 | INFO     | ================================================================================
2025-07-29 19:34:25 | INFO     | ⚙️ 实验配置:
2025-07-29 19:34:25 | INFO     |    task_name: classification
2025-07-29 19:34:25 | INFO     |    is_training: 1
2025-07-29 19:34:25 | INFO     |    model_id: test
2025-07-29 19:34:25 | INFO     |    model: DualGAFNet
2025-07-29 19:34:25 | INFO     |    data: DualGAF_DDAHU
2025-07-29 19:34:25 | INFO     |    root_path: ./dataset/DDAHU/direct_5_working
2025-07-29 19:34:25 | INFO     |    step: 96
2025-07-29 19:34:25 | INFO     |    checkpoints: ./checkpoints/
2025-07-29 19:34:25 | INFO     |    num_class: 29
2025-07-29 19:34:25 | INFO     |    result_path: ./result/
2025-07-29 19:34:25 | INFO     |    test_size: 0.2
2025-07-29 19:34:25 | INFO     |    rows: None
2025-07-29 19:34:25 | INFO     |    seq_len: 96
2025-07-29 19:34:25 | INFO     |    enc_in: 97
2025-07-29 19:34:25 | INFO     |    d_model: 512
2025-07-29 19:34:25 | INFO     |    n_heads: 8
2025-07-29 19:34:25 | INFO     |    e_layers: 2
2025-07-29 19:34:25 | INFO     |    d_layers: 1
2025-07-29 19:34:25 | INFO     |    d_ff: 2048
2025-07-29 19:34:25 | INFO     |    moving_avg: 25
2025-07-29 19:34:25 | INFO     |    factor: 1
2025-07-29 19:34:25 | INFO     |    distil: True
2025-07-29 19:34:25 | INFO     |    dropout: 0.1
2025-07-29 19:34:25 | INFO     |    embed: timeF
2025-07-29 19:34:25 | INFO     |    activation: gelu
2025-07-29 19:34:25 | INFO     |    use_norm: 1
2025-07-29 19:34:25 | INFO     |    gaf_method: summation
2025-07-29 19:34:25 | INFO     |    feature_dim: 128
2025-07-29 19:34:25 | INFO     |    data_type_method: uint8
2025-07-29 19:34:25 | INFO     |    use_attention: True
2025-07-29 19:34:25 | INFO     |    hidden_dim: 64
2025-07-29 19:34:25 | INFO     |    sample_size: 1000
2025-07-29 19:34:25 | INFO     |    cnn_dropout_rate: 0.3
2025-07-29 19:34:25 | INFO     |    cnn_use_batch_norm: True
2025-07-29 19:34:25 | INFO     |    channel_groups: None
2025-07-29 19:34:25 | INFO     |    hvac_groups: None
2025-07-29 19:34:25 | INFO     |    use_channel_compression: True
2025-07-29 19:34:25 | INFO     |    compression_strategy: signal_compression
2025-07-29 19:34:25 | INFO     |    compression_ratio: 0.7
2025-07-29 19:34:25 | INFO     |    compression_channels: None
2025-07-29 19:34:25 | INFO     |    adaptive_compression_ratios: [0.5, 0.7, 0.8]
2025-07-29 19:34:25 | INFO     |    hvac_group_compression_ratios: None
2025-07-29 19:34:25 | INFO     |    extractor_type: dilated
2025-07-29 19:34:25 | INFO     |    fusion_type: adaptive
2025-07-29 19:34:25 | INFO     |    attention_type: channel
2025-07-29 19:34:25 | INFO     |    classifier_type: mlp
2025-07-29 19:34:25 | INFO     |    use_statistical_features: True
2025-07-29 19:34:25 | INFO     |    stat_type: basic
2025-07-29 19:34:25 | INFO     |    multimodal_fusion_strategy: concat
2025-07-29 19:34:25 | INFO     |    use_signal_level_stats: False
2025-07-29 19:34:25 | INFO     |    signal_stat_type: comprehensive
2025-07-29 19:34:25 | INFO     |    signal_stat_fusion_strategy: concat_project
2025-07-29 19:34:25 | INFO     |    signal_stat_feature_dim: 32
2025-07-29 19:34:25 | INFO     |    use_diff_branch: True
2025-07-29 19:34:25 | INFO     |    ablation_mode: none
2025-07-29 19:34:25 | INFO     |    backbone_type: resnet18
2025-07-29 19:34:25 | INFO     |    use_sum_branch: True
2025-07-29 19:34:25 | INFO     |    num_workers: 0
2025-07-29 19:34:25 | INFO     |    cuda_debug: False
2025-07-29 19:34:25 | INFO     |    gpu_memory_fraction: 0.9
2025-07-29 19:34:25 | INFO     |    safe_mode: True
2025-07-29 19:34:25 | INFO     |    drop_last_batch: True
2025-07-29 19:34:25 | INFO     |    itr: 1
2025-07-29 19:34:25 | INFO     |    train_epochs: 300
2025-07-29 19:34:25 | INFO     |    batch_size: 4
2025-07-29 19:34:25 | INFO     |    patience: 15
2025-07-29 19:34:25 | INFO     |    learning_rate: 0.0001
2025-07-29 19:34:25 | INFO     |    des: SDAHU通道压缩
2025-07-29 19:34:25 | INFO     |    loss: MSE
2025-07-29 19:34:25 | INFO     |    lradj: type1
2025-07-29 19:34:25 | INFO     |    lr_scheduler_type: f1_based
2025-07-29 19:34:25 | INFO     |    lr_loss_weight: 0.3
2025-07-29 19:34:25 | INFO     |    lr_f1_weight: 0.7
2025-07-29 19:34:25 | INFO     |    use_amp: False
2025-07-29 19:34:25 | INFO     |    gradient_accumulation_steps: 2
2025-07-29 19:34:25 | INFO     |    enable_auto_gradient_accumulation: True
2025-07-29 19:34:25 | INFO     |    loss_type: ce
2025-07-29 19:34:25 | INFO     |    label_smoothing: 0.1
2025-07-29 19:34:25 | INFO     |    focal_alpha: 1.0
2025-07-29 19:34:25 | INFO     |    focal_gamma: 2.0
2025-07-29 19:34:25 | INFO     |    confidence_penalty_beta: 0.1
2025-07-29 19:34:25 | INFO     |    use_timm_loss: True
2025-07-29 19:34:25 | INFO     |    adaptive_initial_smoothing: 0.2
2025-07-29 19:34:25 | INFO     |    adaptive_final_smoothing: 0.05
2025-07-29 19:34:25 | INFO     |    adaptive_decay_epochs: 30
2025-07-29 19:34:25 | INFO     |    enable_class_weights: False
2025-07-29 19:34:25 | INFO     |    class_weights: None
2025-07-29 19:34:25 | INFO     |    loss_preset: None
2025-07-29 19:34:25 | INFO     |    n_jobs: 1
2025-07-29 19:34:25 | INFO     |    use_multiprocessing: False
2025-07-29 19:34:25 | INFO     |    chunk_size: 800
2025-07-29 19:34:25 | INFO     |    disable_parallel: True
2025-07-29 19:34:25 | INFO     |    use_shared_memory: False
2025-07-29 19:34:25 | INFO     |    disable_shared_memory: False
2025-07-29 19:34:25 | INFO     |    use_gpu: True
2025-07-29 19:34:25 | INFO     |    gpu: 0
2025-07-29 19:34:25 | INFO     |    gpu_type: cuda
2025-07-29 19:34:25 | INFO     |    use_multi_gpu: False
2025-07-29 19:34:25 | INFO     |    devices: 0,1,2,3
2025-07-29 19:34:25 | INFO     |    device: cuda:0
2025-07-29 19:34:25 | INFO     |    feature_columns: ['CHWP_GPMC', 'CHWC_VLV_DM', 'CHWC_VLV', 'CHWC_MWT', 'CHWC_LWT', 'VAVCFM_H_DM_SB', 'CHWC_EAH', 'VAV_DAT_SA', 'CHWC_DAT', 'VAV_SP_C_SA', 'HWP_GPMT', 'VAVCFM_C_DM_SB', 'RM_TEMP_W', 'HWP_GPMC', 'VAVCFM_T_SB', 'VAV_DMPR_H_SB', 'HWC_VLV_DM', 'VAVCFM_H_SB', 'HWC_VLV', 'VAV_DMPR_H_E', 'HWC_LWT', 'HWC_MWT', 'VAV_DMPR_C_SB', 'HWC_DAT', 'RM_TEMP_SB', 'CSF_WAT', 'CSF_SPD', 'CSF_DP', 'CSA_TEMP', 'CSA_CFM', 'VAV_EAT_C_SB', 'CSA_HUMD', 'CSA_SP', 'VAVCFM_C_SB', 'VAVCFM_H_W', 'HSF_SPD', 'VAV_EAT_H_SB', 'VAV_DAT_SB', 'RM_TEMP_SA', 'HSF_DP', 'HSA_TEMP', 'VAVCFM_C_DM_W', 'VAVCFM_C_W', 'VAV_DAT_W', 'HSA_SP', 'HSA_CFM', 'VAV_DMPR_H_W', 'HSF_WAT', 'VAVCFM_T_W', 'EA_DMPR_DM', 'RF_WAT', 'VAV_SP_C_W', 'VAV_SP_H_E', 'EA_DMPR', 'VAV_SP_H_SB', 'RF_SPD', 'RA_TEMP', 'RA_HUMD', 'VAV_SP_H_SA', 'VAV_EAT_H_W', 'RF_DP', 'VAV_DMPR_C_SA', 'VAV_SP_C_SB', 'RA_DMPR_DM', 'VAV_DMPR_H_SA', 'VAV_SP_H_W', 'VAVCFM_H_DM_SA', 'RA_DMPR', 'VAV_EAT_C_W', 'VAVCFM_C_DM_SA', 'RA_CFM', 'MA_TEMP', 'VAVCFM_C_SA', 'OA_TEMP', 'VAVCFM_H_SA', 'VAVCFM_H_DM_W', 'OA_HUMD', 'VAVCFM_T_SA', 'OA_DMPR_DM', 'VAV_EAT_C_SA', 'VAV_DMPR_C_W', 'OA_DMPR', 'VAV_EAT_H_SA', 'HSA_HUMD', 'RM_TEMP_E', 'VAV_EAT_H_E', 'VAV_DAT_E', 'VAV_EAT_C_E', 'VAVCFM_T_E', 'VAVCFM_H_E', 'VAV_SP_C_E', 'VAVCFM_C_DM_E', 'OA_CFM', 'VAV_DMPR_C_E', 'VAVCFM_C_E', 'VAVCFM_H_DM_E', 'CHWP_GPMT']
2025-07-29 19:34:25 | INFO     | 🏗️ 模型信息:
2025-07-29 19:34:25 | INFO     |    模型类型: Model
2025-07-29 19:34:25 | INFO     |    总参数数量: 19,334,609
2025-07-29 19:34:25 | INFO     |    可训练参数: 19,334,609
2025-07-29 19:34:25 | INFO     |    模型大小估计: 73.76 MB
2025-07-29 19:34:25 | INFO     | 📊 数据集信息:
2025-07-29 19:34:25 | INFO     |    训练集大小: 5967
2025-07-29 19:34:25 | INFO     |    验证集大小: 1492
2025-07-29 19:34:25 | INFO     | 
================================================================================
2025-07-29 19:34:25 | INFO     | 📋 损失函数使用策略（遵循主流机器学习规范）:
2025-07-29 19:34:25 | INFO     |    🎯 训练阶段: 使用 ce 损失函数
2025-07-29 19:34:25 | INFO     |       → 目的：优化模型参数，解决特定问题（类别不平衡、相似性等）
2025-07-29 19:34:25 | INFO     |    📊 验证阶段: 使用标准交叉熵损失函数
2025-07-29 19:34:25 | INFO     |       → 目的：客观评估模型性能，便于不同方法比较
2025-07-29 19:34:25 | INFO     |    📈 最终报告: 基于标准交叉熵损失的指标
2025-07-29 19:34:25 | INFO     |       → 目的：提供可信、可比较的性能指标
2025-07-29 19:34:25 | INFO     | ================================================================================

2025-07-29 19:34:25 | INFO     | 🔄 梯度累积配置: 每2轮累积一次梯度
2025-07-29 19:34:25 | INFO     |    实际batch_size: 4
2025-07-29 19:34:25 | INFO     |    有效batch_size: 8
2025-07-29 19:39:46 | INFO     | Epoch 1:
2025-07-29 19:39:46 | INFO     |   训练指标:
2025-07-29 19:39:46 | INFO     |     损失(ce): 2.860326
2025-07-29 19:39:46 | INFO     |     准确率: 0.174883
2025-07-29 19:39:46 | INFO     |     学习率: 0.00010000
2025-07-29 19:39:46 | INFO     |   验证指标(标准CE):
2025-07-29 19:39:46 | INFO     |     损失: 1.957975
2025-07-29 19:39:46 | INFO     |     准确率: 0.382708
2025-07-29 19:39:46 | INFO     |     F1(macro): 0.319511
2025-07-29 19:39:46 | INFO     |     F1(weighted): 0.312754
2025-07-29 19:39:46 | INFO     |     精确率: 0.367661
2025-07-29 19:39:46 | INFO     |     召回率: 0.390063
2025-07-29 19:39:46 | INFO     |   学习率调度器: f1_based
2025-07-29 19:39:46 | INFO     | ------------------------------------------------------------
2025-07-29 19:39:46 | INFO     | Epoch   1 | Train: Loss=2.8603, Acc=0.1749 | Val: Loss=1.9580, Acc=0.3827, F1=0.3128 | LR=0.000100 🏆 [最佳模型]
2025-07-29 19:44:22 | INFO     | Epoch 2:
2025-07-29 19:44:22 | INFO     |   训练指标:
2025-07-29 19:44:22 | INFO     |     损失(ce): 1.450409
2025-07-29 19:44:22 | INFO     |     准确率: 0.551979
2025-07-29 19:44:22 | INFO     |     学习率: 0.00010000
2025-07-29 19:44:22 | INFO     |   验证指标(标准CE):
2025-07-29 19:44:22 | INFO     |     损失: 0.924655
2025-07-29 19:44:22 | INFO     |     准确率: 0.704424
2025-07-29 19:44:22 | INFO     |     F1(macro): 0.697157
2025-07-29 19:44:22 | INFO     |     F1(weighted): 0.688525
2025-07-29 19:44:22 | INFO     |     精确率: 0.745453
2025-07-29 19:44:22 | INFO     |     召回率: 0.709917
2025-07-29 19:44:22 | INFO     |   学习率调度器: f1_based
2025-07-29 19:44:22 | INFO     | ------------------------------------------------------------
2025-07-29 19:44:22 | INFO     | Epoch   2 | Train: Loss=1.4504, Acc=0.5520 | Val: Loss=0.9247, Acc=0.7044, F1=0.6885 | LR=0.000100 🏆 [最佳模型]
2025-07-29 19:48:51 | INFO     | Epoch 3:
2025-07-29 19:48:51 | INFO     |   训练指标:
2025-07-29 19:48:51 | INFO     |     损失(ce): 0.891541
2025-07-29 19:48:51 | INFO     |     准确率: 0.724849
2025-07-29 19:48:51 | INFO     |     学习率: 0.00010000
2025-07-29 19:48:51 | INFO     |   验证指标(标准CE):
2025-07-29 19:48:51 | INFO     |     损失: 0.759713
2025-07-29 19:48:51 | INFO     |     准确率: 0.775469
2025-07-29 19:48:51 | INFO     |     F1(macro): 0.775843
2025-07-29 19:48:51 | INFO     |     F1(weighted): 0.771944
2025-07-29 19:48:51 | INFO     |     精确率: 0.825300
2025-07-29 19:48:51 | INFO     |     召回率: 0.778580
2025-07-29 19:48:51 | INFO     |   学习率调度器: f1_based
2025-07-29 19:48:51 | INFO     | ------------------------------------------------------------
2025-07-29 19:48:51 | INFO     | Epoch   3 | Train: Loss=0.8915, Acc=0.7248 | Val: Loss=0.7597, Acc=0.7755, F1=0.7719 | LR=0.000100 🏆 [最佳模型]
2025-07-29 19:53:20 | INFO     | Epoch 4:
2025-07-29 19:53:20 | INFO     |   训练指标:
2025-07-29 19:53:20 | INFO     |     损失(ce): 0.701850
2025-07-29 19:53:20 | INFO     |     准确率: 0.776995
2025-07-29 19:53:20 | INFO     |     学习率: 0.00010000
2025-07-29 19:53:20 | INFO     |   验证指标(标准CE):
2025-07-29 19:53:20 | INFO     |     损失: 0.487461
2025-07-29 19:53:20 | INFO     |     准确率: 0.849196
2025-07-29 19:53:20 | INFO     |     F1(macro): 0.853076
2025-07-29 19:53:20 | INFO     |     F1(weighted): 0.849688
2025-07-29 19:53:20 | INFO     |     精确率: 0.888269
2025-07-29 19:53:20 | INFO     |     召回率: 0.849608
2025-07-29 19:53:20 | INFO     |   学习率调度器: f1_based
2025-07-29 19:53:20 | INFO     | ------------------------------------------------------------
2025-07-29 19:53:20 | INFO     | Epoch   4 | Train: Loss=0.7019, Acc=0.7770 | Val: Loss=0.4875, Acc=0.8492, F1=0.8497 | LR=0.000100 🏆 [最佳模型]
2025-07-29 19:57:49 | INFO     | Epoch 5:
2025-07-29 19:57:49 | INFO     |   训练指标:
2025-07-29 19:57:49 | INFO     |     损失(ce): 0.568222
2025-07-29 19:57:49 | INFO     |     准确率: 0.822938
2025-07-29 19:57:49 | INFO     |     学习率: 0.00010000
2025-07-29 19:57:49 | INFO     |   验证指标(标准CE):
2025-07-29 19:57:49 | INFO     |     损失: 0.684687
2025-07-29 19:57:49 | INFO     |     准确率: 0.740617
2025-07-29 19:57:49 | INFO     |     F1(macro): 0.733974
2025-07-29 19:57:49 | INFO     |     F1(weighted): 0.731455
2025-07-29 19:57:49 | INFO     |     精确率: 0.778655
2025-07-29 19:57:49 | INFO     |     召回率: 0.747453
2025-07-29 19:57:49 | INFO     |   学习率调度器: f1_based
2025-07-29 19:57:49 | INFO     | ------------------------------------------------------------
2025-07-29 19:57:49 | INFO     | Epoch   5 | Train: Loss=0.5682, Acc=0.8229 | Val: Loss=0.6847, Acc=0.7406, F1=0.7315 | LR=0.000100 
2025-07-29 20:02:16 | INFO     | Epoch 6:
2025-07-29 20:02:16 | INFO     |   训练指标:
2025-07-29 20:02:16 | INFO     |     损失(ce): 0.497280
2025-07-29 20:02:16 | INFO     |     准确率: 0.839705
2025-07-29 20:02:16 | INFO     |     学习率: 0.00010000
2025-07-29 20:02:16 | INFO     |   验证指标(标准CE):
2025-07-29 20:02:16 | INFO     |     损失: 0.381330
2025-07-29 20:02:16 | INFO     |     准确率: 0.876676
2025-07-29 20:02:16 | INFO     |     F1(macro): 0.883080
2025-07-29 20:02:16 | INFO     |     F1(weighted): 0.880594
2025-07-29 20:02:16 | INFO     |     精确率: 0.912954
2025-07-29 20:02:16 | INFO     |     召回率: 0.879413
2025-07-29 20:02:16 | INFO     |   学习率调度器: f1_based
2025-07-29 20:02:16 | INFO     | ------------------------------------------------------------
2025-07-29 20:02:16 | INFO     | Epoch   6 | Train: Loss=0.4973, Acc=0.8397 | Val: Loss=0.3813, Acc=0.8767, F1=0.8806 | LR=0.000100 🏆 [最佳模型]
2025-07-29 20:06:45 | INFO     | Epoch 7:
2025-07-29 20:06:45 | INFO     |   训练指标:
2025-07-29 20:06:45 | INFO     |     损失(ce): 0.444957
2025-07-29 20:06:45 | INFO     |     准确率: 0.853789
2025-07-29 20:06:45 | INFO     |     学习率: 0.00010000
2025-07-29 20:06:45 | INFO     |   验证指标(标准CE):
2025-07-29 20:06:45 | INFO     |     损失: 0.366819
2025-07-29 20:06:45 | INFO     |     准确率: 0.867962
2025-07-29 20:06:45 | INFO     |     F1(macro): 0.879398
2025-07-29 20:06:45 | INFO     |     F1(weighted): 0.876178
2025-07-29 20:06:45 | INFO     |     精确率: 0.906454
2025-07-29 20:06:45 | INFO     |     召回率: 0.871596
2025-07-29 20:06:45 | INFO     |   学习率调度器: f1_based
2025-07-29 20:06:45 | INFO     | ------------------------------------------------------------
2025-07-29 20:06:45 | INFO     | Epoch   7 | Train: Loss=0.4450, Acc=0.8538 | Val: Loss=0.3668, Acc=0.8680, F1=0.8762 | LR=0.000100 
2025-07-29 20:11:12 | INFO     | Epoch 8:
2025-07-29 20:11:12 | INFO     |   训练指标:
2025-07-29 20:11:12 | INFO     |     损失(ce): 0.408027
2025-07-29 20:11:12 | INFO     |     准确率: 0.867539
2025-07-29 20:11:12 | INFO     |     学习率: 0.00010000
2025-07-29 20:11:12 | INFO     |   验证指标(标准CE):
2025-07-29 20:11:12 | INFO     |     损失: 0.320956
2025-07-29 20:11:12 | INFO     |     准确率: 0.884718
2025-07-29 20:11:12 | INFO     |     F1(macro): 0.890410
2025-07-29 20:11:12 | INFO     |     F1(weighted): 0.888508
2025-07-29 20:11:12 | INFO     |     精确率: 0.907691
2025-07-29 20:11:12 | INFO     |     召回率: 0.888180
2025-07-29 20:11:12 | INFO     |   学习率调度器: f1_based
2025-07-29 20:11:12 | INFO     | ------------------------------------------------------------
2025-07-29 20:11:12 | INFO     | Epoch   8 | Train: Loss=0.4080, Acc=0.8675 | Val: Loss=0.3210, Acc=0.8847, F1=0.8885 | LR=0.000100 🏆 [最佳模型]
2025-07-29 20:15:41 | INFO     | Epoch 9:
2025-07-29 20:15:41 | INFO     |   训练指标:
2025-07-29 20:15:41 | INFO     |     损失(ce): 0.351563
2025-07-29 20:15:41 | INFO     |     准确率: 0.882964
2025-07-29 20:15:41 | INFO     |     学习率: 0.00010000
2025-07-29 20:15:41 | INFO     |   验证指标(标准CE):
2025-07-29 20:15:41 | INFO     |     损失: 0.290009
2025-07-29 20:15:41 | INFO     |     准确率: 0.909517
2025-07-29 20:15:41 | INFO     |     F1(macro): 0.910643
2025-07-29 20:15:41 | INFO     |     F1(weighted): 0.910166
2025-07-29 20:15:41 | INFO     |     精确率: 0.928895
2025-07-29 20:15:41 | INFO     |     召回率: 0.908877
2025-07-29 20:15:41 | INFO     |   学习率调度器: f1_based
2025-07-29 20:15:41 | INFO     | ------------------------------------------------------------
2025-07-29 20:15:41 | INFO     | Epoch   9 | Train: Loss=0.3516, Acc=0.8830 | Val: Loss=0.2900, Acc=0.9095, F1=0.9102 | LR=0.000100 🏆 [最佳模型]
2025-07-29 20:20:10 | INFO     | Epoch 10:
2025-07-29 20:20:10 | INFO     |   训练指标:
2025-07-29 20:20:10 | INFO     |     损失(ce): 0.348945
2025-07-29 20:20:10 | INFO     |     准确率: 0.884306
2025-07-29 20:20:10 | INFO     |     学习率: 0.00010000
2025-07-29 20:20:10 | INFO     |   验证指标(标准CE):
2025-07-29 20:20:10 | INFO     |     损失: 0.285447
2025-07-29 20:20:10 | INFO     |     准确率: 0.905496
2025-07-29 20:20:10 | INFO     |     F1(macro): 0.902705
2025-07-29 20:20:10 | INFO     |     F1(weighted): 0.898445
2025-07-29 20:20:10 | INFO     |     精确率: 0.920010
2025-07-29 20:20:10 | INFO     |     召回率: 0.910102
2025-07-29 20:20:10 | INFO     |   学习率调度器: f1_based
2025-07-29 20:20:10 | INFO     | ------------------------------------------------------------
2025-07-29 20:20:10 | INFO     | Epoch  10 | Train: Loss=0.3489, Acc=0.8843 | Val: Loss=0.2854, Acc=0.9055, F1=0.8984 | LR=0.000100 
2025-07-29 20:24:38 | INFO     | Epoch 11:
2025-07-29 20:24:38 | INFO     |   训练指标:
2025-07-29 20:24:38 | INFO     |     损失(ce): 0.314248
2025-07-29 20:24:38 | INFO     |     准确率: 0.902582
2025-07-29 20:24:38 | INFO     |     学习率: 0.00010000
2025-07-29 20:24:38 | INFO     |   验证指标(标准CE):
2025-07-29 20:24:38 | INFO     |     损失: 0.188492
2025-07-29 20:24:38 | INFO     |     准确率: 0.935657
2025-07-29 20:24:38 | INFO     |     F1(macro): 0.941304
2025-07-29 20:24:38 | INFO     |     F1(weighted): 0.937897
2025-07-29 20:24:38 | INFO     |     精确率: 0.954430
2025-07-29 20:24:38 | INFO     |     召回率: 0.937999
2025-07-29 20:24:38 | INFO     |   学习率调度器: f1_based
2025-07-29 20:24:38 | INFO     | ------------------------------------------------------------
2025-07-29 20:24:38 | INFO     | Epoch  11 | Train: Loss=0.3142, Acc=0.9026 | Val: Loss=0.1885, Acc=0.9357, F1=0.9379 | LR=0.000100 🏆 [最佳模型]
2025-07-29 20:29:06 | INFO     | Epoch 12:
2025-07-29 20:29:06 | INFO     |   训练指标:
2025-07-29 20:29:06 | INFO     |     损失(ce): 0.322000
2025-07-29 20:29:06 | INFO     |     准确率: 0.898726
2025-07-29 20:29:06 | INFO     |     学习率: 0.00010000
2025-07-29 20:29:06 | INFO     |   验证指标(标准CE):
2025-07-29 20:29:06 | INFO     |     损失: 0.290844
2025-07-29 20:29:06 | INFO     |     准确率: 0.905496
2025-07-29 20:29:06 | INFO     |     F1(macro): 0.906764
2025-07-29 20:29:06 | INFO     |     F1(weighted): 0.904925
2025-07-29 20:29:06 | INFO     |     精确率: 0.927495
2025-07-29 20:29:06 | INFO     |     召回率: 0.905433
2025-07-29 20:29:06 | INFO     |   学习率调度器: f1_based
2025-07-29 20:29:06 | INFO     | ------------------------------------------------------------
2025-07-29 20:29:06 | INFO     | Epoch  12 | Train: Loss=0.3220, Acc=0.8987 | Val: Loss=0.2908, Acc=0.9055, F1=0.9049 | LR=0.000100 
2025-07-29 20:33:34 | INFO     | Epoch 13:
2025-07-29 20:33:34 | INFO     |   训练指标:
2025-07-29 20:33:34 | INFO     |     损失(ce): 0.283263
2025-07-29 20:33:34 | INFO     |     准确率: 0.911972
2025-07-29 20:33:34 | INFO     |     学习率: 0.00010000
2025-07-29 20:33:34 | INFO     |   验证指标(标准CE):
2025-07-29 20:33:34 | INFO     |     损失: 0.407614
2025-07-29 20:33:34 | INFO     |     准确率: 0.876676
2025-07-29 20:33:34 | INFO     |     F1(macro): 0.877689
2025-07-29 20:33:34 | INFO     |     F1(weighted): 0.877485
2025-07-29 20:33:34 | INFO     |     精确率: 0.906277
2025-07-29 20:33:34 | INFO     |     召回率: 0.878234
2025-07-29 20:33:34 | INFO     |   学习率调度器: f1_based
2025-07-29 20:33:34 | INFO     | ------------------------------------------------------------
2025-07-29 20:33:34 | INFO     | Epoch  13 | Train: Loss=0.2833, Acc=0.9120 | Val: Loss=0.4076, Acc=0.8767, F1=0.8775 | LR=0.000100 
2025-07-29 20:38:03 | INFO     | Epoch 14:
2025-07-29 20:38:03 | INFO     |   训练指标:
2025-07-29 20:38:03 | INFO     |     损失(ce): 0.268511
2025-07-29 20:38:03 | INFO     |     准确率: 0.914990
2025-07-29 20:38:03 | INFO     |     学习率: 0.00010000
2025-07-29 20:38:03 | INFO     |   验证指标(标准CE):
2025-07-29 20:38:03 | INFO     |     损失: 0.228011
2025-07-29 20:38:03 | INFO     |     准确率: 0.929625
2025-07-29 20:38:03 | INFO     |     F1(macro): 0.931960
2025-07-29 20:38:03 | INFO     |     F1(weighted): 0.931754
2025-07-29 20:38:03 | INFO     |     精确率: 0.947030
2025-07-29 20:38:03 | INFO     |     召回率: 0.930188
2025-07-29 20:38:03 | INFO     |   学习率调度器: f1_based
2025-07-29 20:38:03 | INFO     | ------------------------------------------------------------
2025-07-29 20:38:03 | INFO     | Epoch  14 | Train: Loss=0.2685, Acc=0.9150 | Val: Loss=0.2280, Acc=0.9296, F1=0.9318 | LR=0.000100 
2025-07-29 20:42:31 | INFO     | Epoch 15:
2025-07-29 20:42:31 | INFO     |   训练指标:
2025-07-29 20:42:31 | INFO     |     损失(ce): 0.251899
2025-07-29 20:42:31 | INFO     |     准确率: 0.918679
2025-07-29 20:42:31 | INFO     |     学习率: 0.00010000
2025-07-29 20:42:31 | INFO     |   验证指标(标准CE):
2025-07-29 20:42:31 | INFO     |     损失: 0.258329
2025-07-29 20:42:31 | INFO     |     准确率: 0.925603
2025-07-29 20:42:31 | INFO     |     F1(macro): 0.929569
2025-07-29 20:42:31 | INFO     |     F1(weighted): 0.928797
2025-07-29 20:42:31 | INFO     |     精确率: 0.945954
2025-07-29 20:42:31 | INFO     |     召回率: 0.927193
2025-07-29 20:42:31 | INFO     |   学习率调度器: f1_based
2025-07-29 20:42:31 | INFO     | ------------------------------------------------------------
2025-07-29 20:42:31 | INFO     | Epoch  15 | Train: Loss=0.2519, Acc=0.9187 | Val: Loss=0.2583, Acc=0.9256, F1=0.9288 | LR=0.000100 
2025-07-29 20:47:00 | INFO     | Epoch 16:
2025-07-29 20:47:00 | INFO     |   训练指标:
2025-07-29 20:47:00 | INFO     |     损失(ce): 0.250894
2025-07-29 20:47:00 | INFO     |     准确率: 0.921194
2025-07-29 20:47:00 | INFO     |     学习率: 0.00010000
2025-07-29 20:47:00 | INFO     |   验证指标(标准CE):
2025-07-29 20:47:00 | INFO     |     损失: 0.205107
2025-07-29 20:47:00 | INFO     |     准确率: 0.936327
2025-07-29 20:47:00 | INFO     |     F1(macro): 0.940043
2025-07-29 20:47:00 | INFO     |     F1(weighted): 0.938222
2025-07-29 20:47:00 | INFO     |     精确率: 0.956549
2025-07-29 20:47:00 | INFO     |     召回率: 0.938083
2025-07-29 20:47:00 | INFO     |   学习率调度器: f1_based
2025-07-29 20:47:00 | INFO     | ------------------------------------------------------------
2025-07-29 20:47:00 | INFO     | Epoch  16 | Train: Loss=0.2509, Acc=0.9212 | Val: Loss=0.2051, Acc=0.9363, F1=0.9382 | LR=0.000100 🏆 [最佳模型]
2025-07-29 20:51:29 | INFO     | Epoch 17:
2025-07-29 20:51:29 | INFO     |   训练指标:
2025-07-29 20:51:29 | INFO     |     损失(ce): 0.262122
2025-07-29 20:51:29 | INFO     |     准确率: 0.917840
2025-07-29 20:51:29 | INFO     |     学习率: 0.00010000
2025-07-29 20:51:29 | INFO     |   验证指标(标准CE):
2025-07-29 20:51:29 | INFO     |     损失: 0.177812
2025-07-29 20:51:29 | INFO     |     准确率: 0.939678
2025-07-29 20:51:29 | INFO     |     F1(macro): 0.940467
2025-07-29 20:51:29 | INFO     |     F1(weighted): 0.938958
2025-07-29 20:51:29 | INFO     |     精确率: 0.948522
2025-07-29 20:51:29 | INFO     |     召回率: 0.943100
2025-07-29 20:51:29 | INFO     |   学习率调度器: f1_based
2025-07-29 20:51:29 | INFO     | ------------------------------------------------------------
2025-07-29 20:51:29 | INFO     | Epoch  17 | Train: Loss=0.2621, Acc=0.9178 | Val: Loss=0.1778, Acc=0.9397, F1=0.9390 | LR=0.000100 🏆 [最佳模型]
2025-07-29 20:55:59 | INFO     | Epoch 18:
2025-07-29 20:55:59 | INFO     |   训练指标:
2025-07-29 20:55:59 | INFO     |     损失(ce): 0.235771
2025-07-29 20:55:59 | INFO     |     准确率: 0.921865
2025-07-29 20:55:59 | INFO     |     学习率: 0.00010000
2025-07-29 20:55:59 | INFO     |   验证指标(标准CE):
2025-07-29 20:55:59 | INFO     |     损失: 0.279269
2025-07-29 20:55:59 | INFO     |     准确率: 0.920912
2025-07-29 20:55:59 | INFO     |     F1(macro): 0.922005
2025-07-29 20:55:59 | INFO     |     F1(weighted): 0.919265
2025-07-29 20:55:59 | INFO     |     精确率: 0.935089
2025-07-29 20:55:59 | INFO     |     召回率: 0.926076
2025-07-29 20:55:59 | INFO     |   学习率调度器: f1_based
2025-07-29 20:55:59 | INFO     | ------------------------------------------------------------
2025-07-29 20:55:59 | INFO     | Epoch  18 | Train: Loss=0.2358, Acc=0.9219 | Val: Loss=0.2793, Acc=0.9209, F1=0.9193 | LR=0.000100 
2025-07-29 21:00:27 | INFO     | Epoch 19:
2025-07-29 21:00:27 | INFO     |   训练指标:
2025-07-29 21:00:27 | INFO     |     损失(ce): 0.217009
2025-07-29 21:00:27 | INFO     |     准确率: 0.933099
2025-07-29 21:00:27 | INFO     |     学习率: 0.00010000
2025-07-29 21:00:27 | INFO     |   验证指标(标准CE):
2025-07-29 21:00:27 | INFO     |     损失: 0.184912
2025-07-29 21:00:27 | INFO     |     准确率: 0.931635
2025-07-29 21:00:27 | INFO     |     F1(macro): 0.933292
2025-07-29 21:00:27 | INFO     |     F1(weighted): 0.930781
2025-07-29 21:00:27 | INFO     |     精确率: 0.943604
2025-07-29 21:00:27 | INFO     |     召回率: 0.936066
2025-07-29 21:00:27 | INFO     |   学习率调度器: f1_based
2025-07-29 21:00:27 | INFO     | ------------------------------------------------------------
2025-07-29 21:00:27 | INFO     | Epoch  19 | Train: Loss=0.2170, Acc=0.9331 | Val: Loss=0.1849, Acc=0.9316, F1=0.9308 | LR=0.000100 
2025-07-29 21:04:56 | INFO     | Epoch 20:
2025-07-29 21:04:56 | INFO     |   训练指标:
2025-07-29 21:04:56 | INFO     |     损失(ce): 0.217421
2025-07-29 21:04:56 | INFO     |     准确率: 0.929577
2025-07-29 21:04:56 | INFO     |     学习率: 0.00010000
2025-07-29 21:04:56 | INFO     |   验证指标(标准CE):
2025-07-29 21:04:56 | INFO     |     损失: 0.162741
2025-07-29 21:04:56 | INFO     |     准确率: 0.942359
2025-07-29 21:04:56 | INFO     |     F1(macro): 0.944230
2025-07-29 21:04:56 | INFO     |     F1(weighted): 0.942805
2025-07-29 21:04:56 | INFO     |     精确率: 0.951294
2025-07-29 21:04:56 | INFO     |     召回率: 0.944296
2025-07-29 21:04:56 | INFO     |   学习率调度器: f1_based
2025-07-29 21:04:56 | INFO     | ------------------------------------------------------------
2025-07-29 21:04:56 | INFO     | Epoch  20 | Train: Loss=0.2174, Acc=0.9296 | Val: Loss=0.1627, Acc=0.9424, F1=0.9428 | LR=0.000100 🏆 [最佳模型]
2025-07-29 21:09:26 | INFO     | Epoch 21:
2025-07-29 21:09:26 | INFO     |   训练指标:
2025-07-29 21:09:26 | INFO     |     损失(ce): 0.215453
2025-07-29 21:09:26 | INFO     |     准确率: 0.931590
2025-07-29 21:09:26 | INFO     |     学习率: 0.00010000
2025-07-29 21:09:26 | INFO     |   验证指标(标准CE):
2025-07-29 21:09:26 | INFO     |     损失: 0.122053
2025-07-29 21:09:26 | INFO     |     准确率: 0.957105
2025-07-29 21:09:26 | INFO     |     F1(macro): 0.958173
2025-07-29 21:09:26 | INFO     |     F1(weighted): 0.956999
2025-07-29 21:09:26 | INFO     |     精确率: 0.962133
2025-07-29 21:09:26 | INFO     |     召回率: 0.958022
2025-07-29 21:09:26 | INFO     |   学习率调度器: f1_based
2025-07-29 21:09:26 | INFO     | ------------------------------------------------------------
2025-07-29 21:09:26 | INFO     | Epoch  21 | Train: Loss=0.2155, Acc=0.9316 | Val: Loss=0.1221, Acc=0.9571, F1=0.9570 | LR=0.000100 🏆 [最佳模型]
2025-07-29 21:13:56 | INFO     | Epoch 22:
2025-07-29 21:13:56 | INFO     |   训练指标:
2025-07-29 21:13:56 | INFO     |     损失(ce): 0.209776
2025-07-29 21:13:56 | INFO     |     准确率: 0.933266
2025-07-29 21:13:56 | INFO     |     学习率: 0.00010000
2025-07-29 21:13:56 | INFO     |   验证指标(标准CE):
2025-07-29 21:13:56 | INFO     |     损失: 0.137139
2025-07-29 21:13:56 | INFO     |     准确率: 0.957775
2025-07-29 21:13:56 | INFO     |     F1(macro): 0.959733
2025-07-29 21:13:56 | INFO     |     F1(weighted): 0.958377
2025-07-29 21:13:56 | INFO     |     精确率: 0.962758
2025-07-29 21:13:56 | INFO     |     召回率: 0.958848
2025-07-29 21:13:56 | INFO     |   学习率调度器: f1_based
2025-07-29 21:13:56 | INFO     | ------------------------------------------------------------
2025-07-29 21:13:56 | INFO     | Epoch  22 | Train: Loss=0.2098, Acc=0.9333 | Val: Loss=0.1371, Acc=0.9578, F1=0.9584 | LR=0.000100 🏆 [最佳模型]
2025-07-29 21:18:25 | INFO     | Epoch 23:
2025-07-29 21:18:25 | INFO     |   训练指标:
2025-07-29 21:18:25 | INFO     |     损失(ce): 0.217623
2025-07-29 21:18:25 | INFO     |     准确率: 0.937123
2025-07-29 21:18:25 | INFO     |     学习率: 0.00010000
2025-07-29 21:18:25 | INFO     |   验证指标(标准CE):
2025-07-29 21:18:25 | INFO     |     损失: 0.167244
2025-07-29 21:18:25 | INFO     |     准确率: 0.941019
2025-07-29 21:18:25 | INFO     |     F1(macro): 0.945143
2025-07-29 21:18:25 | INFO     |     F1(weighted): 0.942419
2025-07-29 21:18:25 | INFO     |     精确率: 0.952412
2025-07-29 21:18:25 | INFO     |     召回率: 0.944763
2025-07-29 21:18:25 | INFO     |   学习率调度器: f1_based
2025-07-29 21:18:25 | INFO     | ------------------------------------------------------------
2025-07-29 21:18:25 | INFO     | Epoch  23 | Train: Loss=0.2176, Acc=0.9371 | Val: Loss=0.1672, Acc=0.9410, F1=0.9424 | LR=0.000100 
2025-07-29 21:22:54 | INFO     | Epoch 24:
2025-07-29 21:22:54 | INFO     |   训练指标:
2025-07-29 21:22:54 | INFO     |     损失(ce): 0.194248
2025-07-29 21:22:54 | INFO     |     准确率: 0.937961
2025-07-29 21:22:54 | INFO     |     学习率: 0.00010000
2025-07-29 21:22:54 | INFO     |   验证指标(标准CE):
2025-07-29 21:22:54 | INFO     |     损失: 0.103146
2025-07-29 21:22:54 | INFO     |     准确率: 0.954424
2025-07-29 21:22:54 | INFO     |     F1(macro): 0.956056
2025-07-29 21:22:54 | INFO     |     F1(weighted): 0.954378
2025-07-29 21:22:54 | INFO     |     精确率: 0.960289
2025-07-29 21:22:54 | INFO     |     召回率: 0.956478
2025-07-29 21:22:54 | INFO     |   学习率调度器: f1_based
2025-07-29 21:22:54 | INFO     | ------------------------------------------------------------
2025-07-29 21:22:54 | INFO     | Epoch  24 | Train: Loss=0.1942, Acc=0.9380 | Val: Loss=0.1031, Acc=0.9544, F1=0.9544 | LR=0.000100 
2025-07-29 21:27:22 | INFO     | Epoch 25:
2025-07-29 21:27:22 | INFO     |   训练指标:
2025-07-29 21:27:22 | INFO     |     损失(ce): 0.194334
2025-07-29 21:27:22 | INFO     |     准确率: 0.938129
2025-07-29 21:27:22 | INFO     |     学习率: 0.00010000
2025-07-29 21:27:22 | INFO     |   验证指标(标准CE):
2025-07-29 21:27:22 | INFO     |     损失: 0.158164
2025-07-29 21:27:22 | INFO     |     准确率: 0.949732
2025-07-29 21:27:22 | INFO     |     F1(macro): 0.954708
2025-07-29 21:27:22 | INFO     |     F1(weighted): 0.952190
2025-07-29 21:27:22 | INFO     |     精确率: 0.962307
2025-07-29 21:27:22 | INFO     |     召回率: 0.952224
2025-07-29 21:27:22 | INFO     |   学习率调度器: f1_based
2025-07-29 21:27:22 | INFO     | ------------------------------------------------------------
2025-07-29 21:27:22 | INFO     | Epoch  25 | Train: Loss=0.1943, Acc=0.9381 | Val: Loss=0.1582, Acc=0.9497, F1=0.9522 | LR=0.000100 
2025-07-29 21:31:51 | INFO     | Epoch 26:
2025-07-29 21:31:51 | INFO     |   训练指标:
2025-07-29 21:31:51 | INFO     |     损失(ce): 0.185983
2025-07-29 21:31:51 | INFO     |     准确率: 0.939470
2025-07-29 21:31:51 | INFO     |     学习率: 0.00010000
2025-07-29 21:31:51 | INFO     |   验证指标(标准CE):
2025-07-29 21:31:51 | INFO     |     损失: 0.372167
2025-07-29 21:31:51 | INFO     |     准确率: 0.908177
2025-07-29 21:31:51 | INFO     |     F1(macro): 0.915632
2025-07-29 21:31:51 | INFO     |     F1(weighted): 0.912996
2025-07-29 21:31:51 | INFO     |     精确率: 0.933072
2025-07-29 21:31:51 | INFO     |     召回率: 0.911827
2025-07-29 21:31:51 | INFO     |   学习率调度器: f1_based
2025-07-29 21:31:51 | INFO     | ------------------------------------------------------------
2025-07-29 21:31:51 | INFO     | Epoch  26 | Train: Loss=0.1860, Acc=0.9395 | Val: Loss=0.3722, Acc=0.9082, F1=0.9130 | LR=0.000100 
2025-07-29 21:36:20 | INFO     | Epoch 27:
2025-07-29 21:36:20 | INFO     |   训练指标:
2025-07-29 21:36:20 | INFO     |     损失(ce): 0.189946
2025-07-29 21:36:20 | INFO     |     准确率: 0.941482
2025-07-29 21:36:20 | INFO     |     学习率: 0.00010000
2025-07-29 21:36:20 | INFO     |   验证指标(标准CE):
2025-07-29 21:36:20 | INFO     |     损失: 0.117320
2025-07-29 21:36:20 | INFO     |     准确率: 0.963807
2025-07-29 21:36:20 | INFO     |     F1(macro): 0.965704
2025-07-29 21:36:20 | INFO     |     F1(weighted): 0.964236
2025-07-29 21:36:20 | INFO     |     精确率: 0.969044
2025-07-29 21:36:20 | INFO     |     召回率: 0.965373
2025-07-29 21:36:20 | INFO     |   学习率调度器: f1_based
2025-07-29 21:36:20 | INFO     | ------------------------------------------------------------
2025-07-29 21:36:20 | INFO     | Epoch  27 | Train: Loss=0.1899, Acc=0.9415 | Val: Loss=0.1173, Acc=0.9638, F1=0.9642 | LR=0.000100 🏆 [最佳模型]
2025-07-29 21:40:49 | INFO     | Epoch 28:
2025-07-29 21:40:49 | INFO     |   训练指标:
2025-07-29 21:40:49 | INFO     |     损失(ce): 0.180642
2025-07-29 21:40:49 | INFO     |     准确率: 0.943159
2025-07-29 21:40:49 | INFO     |     学习率: 0.00010000
2025-07-29 21:40:49 | INFO     |   验证指标(标准CE):
2025-07-29 21:40:49 | INFO     |     损失: 0.176658
2025-07-29 21:40:49 | INFO     |     准确率: 0.945040
2025-07-29 21:40:49 | INFO     |     F1(macro): 0.947903
2025-07-29 21:40:49 | INFO     |     F1(weighted): 0.946476
2025-07-29 21:40:49 | INFO     |     精确率: 0.953751
2025-07-29 21:40:49 | INFO     |     召回率: 0.948003
2025-07-29 21:40:49 | INFO     |   学习率调度器: f1_based
2025-07-29 21:40:49 | INFO     | ------------------------------------------------------------
2025-07-29 21:40:49 | INFO     | Epoch  28 | Train: Loss=0.1806, Acc=0.9432 | Val: Loss=0.1767, Acc=0.9450, F1=0.9465 | LR=0.000100 
2025-07-29 21:45:18 | INFO     | Epoch 29:
2025-07-29 21:45:18 | INFO     |   训练指标:
2025-07-29 21:45:18 | INFO     |     损失(ce): 0.188015
2025-07-29 21:45:18 | INFO     |     准确率: 0.943997
2025-07-29 21:45:18 | INFO     |     学习率: 0.00010000
2025-07-29 21:45:18 | INFO     |   验证指标(标准CE):
2025-07-29 21:45:18 | INFO     |     损失: 0.184921
2025-07-29 21:45:18 | INFO     |     准确率: 0.938338
2025-07-29 21:45:18 | INFO     |     F1(macro): 0.941645
2025-07-29 21:45:18 | INFO     |     F1(weighted): 0.939616
2025-07-29 21:45:18 | INFO     |     精确率: 0.954931
2025-07-29 21:45:18 | INFO     |     召回率: 0.940201
2025-07-29 21:45:18 | INFO     |   学习率调度器: f1_based
2025-07-29 21:45:18 | INFO     | ------------------------------------------------------------
2025-07-29 21:45:18 | INFO     | Epoch  29 | Train: Loss=0.1880, Acc=0.9440 | Val: Loss=0.1849, Acc=0.9383, F1=0.9396 | LR=0.000100 
2025-07-29 21:49:46 | INFO     | Epoch 30:
2025-07-29 21:49:46 | INFO     |   训练指标:
2025-07-29 21:49:46 | INFO     |     损失(ce): 0.194820
2025-07-29 21:49:46 | INFO     |     准确率: 0.939470
2025-07-29 21:49:46 | INFO     |     学习率: 0.00010000
2025-07-29 21:49:46 | INFO     |   验证指标(标准CE):
2025-07-29 21:49:46 | INFO     |     损失: 0.167616
2025-07-29 21:49:46 | INFO     |     准确率: 0.950402
2025-07-29 21:49:46 | INFO     |     F1(macro): 0.952853
2025-07-29 21:49:46 | INFO     |     F1(weighted): 0.950800
2025-07-29 21:49:46 | INFO     |     精确率: 0.960148
2025-07-29 21:49:46 | INFO     |     召回率: 0.951927
2025-07-29 21:49:46 | INFO     |   学习率调度器: f1_based
2025-07-29 21:49:46 | INFO     | ------------------------------------------------------------
2025-07-29 21:49:46 | INFO     | Epoch  30 | Train: Loss=0.1948, Acc=0.9395 | Val: Loss=0.1676, Acc=0.9504, F1=0.9508 | LR=0.000100 
2025-07-29 21:54:14 | INFO     | Epoch 31:
2025-07-29 21:54:14 | INFO     |   训练指标:
2025-07-29 21:54:14 | INFO     |     损失(ce): 0.170709
2025-07-29 21:54:14 | INFO     |     准确率: 0.948357
2025-07-29 21:54:14 | INFO     |     学习率: 0.00010000
2025-07-29 21:54:14 | INFO     |   验证指标(标准CE):
2025-07-29 21:54:14 | INFO     |     损失: 0.151193
2025-07-29 21:54:14 | INFO     |     准确率: 0.949062
2025-07-29 21:54:14 | INFO     |     F1(macro): 0.952398
2025-07-29 21:54:14 | INFO     |     F1(weighted): 0.950098
2025-07-29 21:54:14 | INFO     |     精确率: 0.959612
2025-07-29 21:54:14 | INFO     |     召回率: 0.951128
2025-07-29 21:54:14 | INFO     |   学习率调度器: f1_based
2025-07-29 21:54:14 | INFO     | ------------------------------------------------------------
2025-07-29 21:54:14 | INFO     | Epoch  31 | Train: Loss=0.1707, Acc=0.9484 | Val: Loss=0.1512, Acc=0.9491, F1=0.9501 | LR=0.000100 
2025-07-29 21:58:43 | INFO     | Epoch 32:
2025-07-29 21:58:43 | INFO     |   训练指标:
2025-07-29 21:58:43 | INFO     |     损失(ce): 0.179272
2025-07-29 21:58:43 | INFO     |     准确率: 0.945674
2025-07-29 21:58:43 | INFO     |     学习率: 0.00010000
2025-07-29 21:58:43 | INFO     |   验证指标(标准CE):
2025-07-29 21:58:43 | INFO     |     损失: 0.203385
2025-07-29 21:58:43 | INFO     |     准确率: 0.939678
2025-07-29 21:58:43 | INFO     |     F1(macro): 0.942135
2025-07-29 21:58:43 | INFO     |     F1(weighted): 0.940563
2025-07-29 21:58:43 | INFO     |     精确率: 0.952753
2025-07-29 21:58:43 | INFO     |     召回率: 0.940610
2025-07-29 21:58:43 | INFO     |   学习率调度器: f1_based
2025-07-29 21:58:43 | INFO     | ------------------------------------------------------------
2025-07-29 21:58:43 | INFO     | Epoch  32 | Train: Loss=0.1793, Acc=0.9457 | Val: Loss=0.2034, Acc=0.9397, F1=0.9406 | LR=0.000100 
2025-07-29 22:03:12 | INFO     | Epoch 33:
2025-07-29 22:03:12 | INFO     |   训练指标:
2025-07-29 22:03:12 | INFO     |     损失(ce): 0.174203
2025-07-29 22:03:12 | INFO     |     准确率: 0.946345
2025-07-29 22:03:12 | INFO     |     学习率: 0.00010000
2025-07-29 22:03:12 | INFO     |   验证指标(标准CE):
2025-07-29 22:03:12 | INFO     |     损失: 0.191020
2025-07-29 22:03:12 | INFO     |     准确率: 0.937668
2025-07-29 22:03:12 | INFO     |     F1(macro): 0.938910
2025-07-29 22:03:12 | INFO     |     F1(weighted): 0.936902
2025-07-29 22:03:12 | INFO     |     精确率: 0.945527
2025-07-29 22:03:12 | INFO     |     召回率: 0.940213
2025-07-29 22:03:12 | INFO     |   学习率调度器: f1_based
2025-07-29 22:03:12 | INFO     | ------------------------------------------------------------
2025-07-29 22:03:12 | INFO     | Epoch  33 | Train: Loss=0.1742, Acc=0.9463 | Val: Loss=0.1910, Acc=0.9377, F1=0.9369 | LR=0.000100 
2025-07-29 22:07:40 | INFO     | Epoch 34:
2025-07-29 22:07:40 | INFO     |   训练指标:
2025-07-29 22:07:40 | INFO     |     损失(ce): 0.174337
2025-07-29 22:07:40 | INFO     |     准确率: 0.949195
2025-07-29 22:07:40 | INFO     |     学习率: 0.00010000
2025-07-29 22:07:40 | INFO     |   验证指标(标准CE):
2025-07-29 22:07:40 | INFO     |     损失: 0.285584
2025-07-29 22:07:40 | INFO     |     准确率: 0.914879
2025-07-29 22:07:40 | INFO     |     F1(macro): 0.914956
2025-07-29 22:07:40 | INFO     |     F1(weighted): 0.910024
2025-07-29 22:07:40 | INFO     |     精确率: 0.924831
2025-07-29 22:07:40 | INFO     |     召回率: 0.919259
2025-07-29 22:07:40 | INFO     |   学习率调度器: f1_based
2025-07-29 22:07:40 | INFO     | ------------------------------------------------------------
2025-07-29 22:07:40 | INFO     | Epoch  34 | Train: Loss=0.1743, Acc=0.9492 | Val: Loss=0.2856, Acc=0.9149, F1=0.9100 | LR=0.000100 
2025-07-29 22:12:08 | INFO     | Epoch 35:
2025-07-29 22:12:08 | INFO     |   训练指标:
2025-07-29 22:12:08 | INFO     |     损失(ce): 0.181146
2025-07-29 22:12:08 | INFO     |     准确率: 0.945842
2025-07-29 22:12:08 | INFO     |     学习率: 0.00010000
2025-07-29 22:12:08 | INFO     |   验证指标(标准CE):
2025-07-29 22:12:08 | INFO     |     损失: 0.160450
2025-07-29 22:12:08 | INFO     |     准确率: 0.951072
2025-07-29 22:12:08 | INFO     |     F1(macro): 0.952792
2025-07-29 22:12:08 | INFO     |     F1(weighted): 0.951284
2025-07-29 22:12:08 | INFO     |     精确率: 0.961118
2025-07-29 22:12:08 | INFO     |     召回率: 0.952508
2025-07-29 22:12:08 | INFO     |   学习率调度器: f1_based
2025-07-29 22:12:08 | INFO     | ------------------------------------------------------------
2025-07-29 22:12:08 | INFO     | 🎯 学习率调整事件:
2025-07-29 22:12:08 | INFO     |   调度器类型: f1_based
2025-07-29 22:12:08 | INFO     |   学习率变化: 0.00010000 → 0.00005000
2025-07-29 22:12:08 | INFO     |   触发条件: F1分数 = 0.951284
2025-07-29 22:12:08 | INFO     |   变化幅度: -50.00%
2025-07-29 22:12:08 | INFO     | ------------------------------------------------------------
2025-07-29 22:12:08 | INFO     | Epoch  35 | Train: Loss=0.1811, Acc=0.9458 | Val: Loss=0.1604, Acc=0.9511, F1=0.9513 | LR=0.000050 
2025-07-29 22:16:37 | INFO     | Epoch 36:
2025-07-29 22:16:37 | INFO     |   训练指标:
2025-07-29 22:16:37 | INFO     |     损失(ce): 0.088236
2025-07-29 22:16:37 | INFO     |     准确率: 0.965795
2025-07-29 22:16:37 | INFO     |     学习率: 0.00005000
2025-07-29 22:16:37 | INFO     |   验证指标(标准CE):
2025-07-29 22:16:37 | INFO     |     损失: 0.099184
2025-07-29 22:16:37 | INFO     |     准确率: 0.969169
2025-07-29 22:16:37 | INFO     |     F1(macro): 0.970478
2025-07-29 22:16:37 | INFO     |     F1(weighted): 0.969087
2025-07-29 22:16:37 | INFO     |     精确率: 0.973746
2025-07-29 22:16:37 | INFO     |     召回率: 0.971248
2025-07-29 22:16:37 | INFO     |   学习率调度器: f1_based
2025-07-29 22:16:37 | INFO     | ------------------------------------------------------------
2025-07-29 22:16:37 | INFO     | Epoch  36 | Train: Loss=0.0882, Acc=0.9658 | Val: Loss=0.0992, Acc=0.9692, F1=0.9691 | LR=0.000050 🏆 [最佳模型]
2025-07-29 22:21:06 | INFO     | Epoch 37:
2025-07-29 22:21:06 | INFO     |   训练指标:
2025-07-29 22:21:06 | INFO     |     损失(ce): 0.095515
2025-07-29 22:21:06 | INFO     |     准确率: 0.966465
2025-07-29 22:21:06 | INFO     |     学习率: 0.00005000
2025-07-29 22:21:06 | INFO     |   验证指标(标准CE):
2025-07-29 22:21:06 | INFO     |     损失: 0.101808
2025-07-29 22:21:06 | INFO     |     准确率: 0.969839
2025-07-29 22:21:06 | INFO     |     F1(macro): 0.971050
2025-07-29 22:21:06 | INFO     |     F1(weighted): 0.970361
2025-07-29 22:21:06 | INFO     |     精确率: 0.974617
2025-07-29 22:21:06 | INFO     |     召回率: 0.970563
2025-07-29 22:21:06 | INFO     |   学习率调度器: f1_based
2025-07-29 22:21:06 | INFO     | ------------------------------------------------------------
2025-07-29 22:21:06 | INFO     | Epoch  37 | Train: Loss=0.0955, Acc=0.9665 | Val: Loss=0.1018, Acc=0.9698, F1=0.9704 | LR=0.000050 🏆 [最佳模型]
2025-07-29 22:25:35 | INFO     | Epoch 38:
2025-07-29 22:25:35 | INFO     |   训练指标:
2025-07-29 22:25:35 | INFO     |     损失(ce): 0.098287
2025-07-29 22:25:35 | INFO     |     准确率: 0.967807
2025-07-29 22:25:35 | INFO     |     学习率: 0.00005000
2025-07-29 22:25:35 | INFO     |   验证指标(标准CE):
2025-07-29 22:25:35 | INFO     |     损失: 0.102582
2025-07-29 22:25:35 | INFO     |     准确率: 0.967158
2025-07-29 22:25:35 | INFO     |     F1(macro): 0.969288
2025-07-29 22:25:35 | INFO     |     F1(weighted): 0.967939
2025-07-29 22:25:35 | INFO     |     精确率: 0.974181
2025-07-29 22:25:35 | INFO     |     召回率: 0.968040
2025-07-29 22:25:35 | INFO     |   学习率调度器: f1_based
2025-07-29 22:25:35 | INFO     | ------------------------------------------------------------
2025-07-29 22:25:35 | INFO     | Epoch  38 | Train: Loss=0.0983, Acc=0.9678 | Val: Loss=0.1026, Acc=0.9672, F1=0.9679 | LR=0.000050 
2025-07-29 22:30:03 | INFO     | Epoch 39:
2025-07-29 22:30:03 | INFO     |   训练指标:
2025-07-29 22:30:03 | INFO     |     损失(ce): 0.109014
2025-07-29 22:30:03 | INFO     |     准确率: 0.963950
2025-07-29 22:30:03 | INFO     |     学习率: 0.00005000
2025-07-29 22:30:03 | INFO     |   验证指标(标准CE):
2025-07-29 22:30:03 | INFO     |     损失: 0.107699
2025-07-29 22:30:03 | INFO     |     准确率: 0.973190
2025-07-29 22:30:03 | INFO     |     F1(macro): 0.973744
2025-07-29 22:30:03 | INFO     |     F1(weighted): 0.973031
2025-07-29 22:30:03 | INFO     |     精确率: 0.977188
2025-07-29 22:30:03 | INFO     |     召回率: 0.973132
2025-07-29 22:30:03 | INFO     |   学习率调度器: f1_based
2025-07-29 22:30:03 | INFO     | ------------------------------------------------------------
2025-07-29 22:30:03 | INFO     | Epoch  39 | Train: Loss=0.1090, Acc=0.9640 | Val: Loss=0.1077, Acc=0.9732, F1=0.9730 | LR=0.000050 🏆 [最佳模型]
2025-07-29 22:34:32 | INFO     | Epoch 40:
2025-07-29 22:34:32 | INFO     |   训练指标:
2025-07-29 22:34:32 | INFO     |     损失(ce): 0.106798
2025-07-29 22:34:32 | INFO     |     准确率: 0.966130
2025-07-29 22:34:32 | INFO     |     学习率: 0.00005000
2025-07-29 22:34:32 | INFO     |   验证指标(标准CE):
2025-07-29 22:34:32 | INFO     |     损失: 0.105440
2025-07-29 22:34:32 | INFO     |     准确率: 0.967828
2025-07-29 22:34:32 | INFO     |     F1(macro): 0.968846
2025-07-29 22:34:32 | INFO     |     F1(weighted): 0.968042
2025-07-29 22:34:32 | INFO     |     精确率: 0.970939
2025-07-29 22:34:32 | INFO     |     召回率: 0.969355
2025-07-29 22:34:32 | INFO     |   学习率调度器: f1_based
2025-07-29 22:34:32 | INFO     | ------------------------------------------------------------
2025-07-29 22:34:32 | INFO     | Epoch  40 | Train: Loss=0.1068, Acc=0.9661 | Val: Loss=0.1054, Acc=0.9678, F1=0.9680 | LR=0.000050 
2025-07-29 22:39:01 | INFO     | Epoch 41:
2025-07-29 22:39:01 | INFO     |   训练指标:
2025-07-29 22:39:01 | INFO     |     损失(ce): 0.098085
2025-07-29 22:39:01 | INFO     |     准确率: 0.965292
2025-07-29 22:39:01 | INFO     |     学习率: 0.00005000
2025-07-29 22:39:01 | INFO     |   验证指标(标准CE):
2025-07-29 22:39:01 | INFO     |     损失: 0.117392
2025-07-29 22:39:01 | INFO     |     准确率: 0.957775
2025-07-29 22:39:01 | INFO     |     F1(macro): 0.959526
2025-07-29 22:39:01 | INFO     |     F1(weighted): 0.958251
2025-07-29 22:39:01 | INFO     |     精确率: 0.966713
2025-07-29 22:39:01 | INFO     |     召回率: 0.959703
2025-07-29 22:39:01 | INFO     |   学习率调度器: f1_based
2025-07-29 22:39:01 | INFO     | ------------------------------------------------------------
2025-07-29 22:39:01 | INFO     | Epoch  41 | Train: Loss=0.0981, Acc=0.9653 | Val: Loss=0.1174, Acc=0.9578, F1=0.9583 | LR=0.000050 
2025-07-29 22:43:29 | INFO     | Epoch 42:
2025-07-29 22:43:29 | INFO     |   训练指标:
2025-07-29 22:43:29 | INFO     |     损失(ce): 0.094047
2025-07-29 22:43:29 | INFO     |     准确率: 0.971160
2025-07-29 22:43:29 | INFO     |     学习率: 0.00005000
2025-07-29 22:43:29 | INFO     |   验证指标(标准CE):
2025-07-29 22:43:29 | INFO     |     损失: 0.216792
2025-07-29 22:43:29 | INFO     |     准确率: 0.953753
2025-07-29 22:43:29 | INFO     |     F1(macro): 0.957710
2025-07-29 22:43:29 | INFO     |     F1(weighted): 0.955288
2025-07-29 22:43:29 | INFO     |     精确率: 0.964246
2025-07-29 22:43:29 | INFO     |     召回率: 0.956588
2025-07-29 22:43:29 | INFO     |   学习率调度器: f1_based
2025-07-29 22:43:29 | INFO     | ------------------------------------------------------------
2025-07-29 22:43:29 | INFO     | Epoch  42 | Train: Loss=0.0940, Acc=0.9712 | Val: Loss=0.2168, Acc=0.9538, F1=0.9553 | LR=0.000050 
2025-07-29 22:47:58 | INFO     | Epoch 43:
2025-07-29 22:47:58 | INFO     |   训练指标:
2025-07-29 22:47:58 | INFO     |     损失(ce): 0.092489
2025-07-29 22:47:58 | INFO     |     准确率: 0.970154
2025-07-29 22:47:58 | INFO     |     学习率: 0.00005000
2025-07-29 22:47:58 | INFO     |   验证指标(标准CE):
2025-07-29 22:47:58 | INFO     |     损失: 0.124457
2025-07-29 22:47:58 | INFO     |     准确率: 0.972520
2025-07-29 22:47:58 | INFO     |     F1(macro): 0.973320
2025-07-29 22:47:58 | INFO     |     F1(weighted): 0.972665
2025-07-29 22:47:58 | INFO     |     精确率: 0.976679
2025-07-29 22:47:58 | INFO     |     召回率: 0.973739
2025-07-29 22:47:58 | INFO     |   学习率调度器: f1_based
2025-07-29 22:47:58 | INFO     | ------------------------------------------------------------
2025-07-29 22:47:58 | INFO     | Epoch  43 | Train: Loss=0.0925, Acc=0.9702 | Val: Loss=0.1245, Acc=0.9725, F1=0.9727 | LR=0.000050 
2025-07-29 22:52:26 | INFO     | Epoch 44:
2025-07-29 22:52:26 | INFO     |   训练指标:
2025-07-29 22:52:26 | INFO     |     损失(ce): 0.100130
2025-07-29 22:52:26 | INFO     |     准确率: 0.968310
2025-07-29 22:52:26 | INFO     |     学习率: 0.00005000
2025-07-29 22:52:26 | INFO     |   验证指标(标准CE):
2025-07-29 22:52:26 | INFO     |     损失: 0.090531
2025-07-29 22:52:26 | INFO     |     准确率: 0.966488
2025-07-29 22:52:26 | INFO     |     F1(macro): 0.967557
2025-07-29 22:52:26 | INFO     |     F1(weighted): 0.966159
2025-07-29 22:52:26 | INFO     |     精确率: 0.970944
2025-07-29 22:52:26 | INFO     |     召回率: 0.968046
2025-07-29 22:52:26 | INFO     |   学习率调度器: f1_based
2025-07-29 22:52:26 | INFO     | ------------------------------------------------------------
2025-07-29 22:52:26 | INFO     | Epoch  44 | Train: Loss=0.1001, Acc=0.9683 | Val: Loss=0.0905, Acc=0.9665, F1=0.9662 | LR=0.000050 
2025-07-29 22:56:55 | INFO     | Epoch 45:
2025-07-29 22:56:55 | INFO     |   训练指标:
2025-07-29 22:56:55 | INFO     |     损失(ce): 0.102908
2025-07-29 22:56:55 | INFO     |     准确率: 0.968645
2025-07-29 22:56:55 | INFO     |     学习率: 0.00005000
2025-07-29 22:56:55 | INFO     |   验证指标(标准CE):
2025-07-29 22:56:55 | INFO     |     损失: 0.111356
2025-07-29 22:56:55 | INFO     |     准确率: 0.968499
2025-07-29 22:56:55 | INFO     |     F1(macro): 0.969747
2025-07-29 22:56:55 | INFO     |     F1(weighted): 0.968351
2025-07-29 22:56:55 | INFO     |     精确率: 0.973508
2025-07-29 22:56:55 | INFO     |     召回率: 0.970195
2025-07-29 22:56:55 | INFO     |   学习率调度器: f1_based
2025-07-29 22:56:55 | INFO     | ------------------------------------------------------------
2025-07-29 22:56:55 | INFO     | Epoch  45 | Train: Loss=0.1029, Acc=0.9686 | Val: Loss=0.1114, Acc=0.9685, F1=0.9684 | LR=0.000050 
2025-07-29 23:01:23 | INFO     | Epoch 46:
2025-07-29 23:01:23 | INFO     |   训练指标:
2025-07-29 23:01:23 | INFO     |     损失(ce): 0.099167
2025-07-29 23:01:23 | INFO     |     准确率: 0.971328
2025-07-29 23:01:23 | INFO     |     学习率: 0.00005000
2025-07-29 23:01:23 | INFO     |   验证指标(标准CE):
2025-07-29 23:01:23 | INFO     |     损失: 0.103980
2025-07-29 23:01:23 | INFO     |     准确率: 0.966488
2025-07-29 23:01:23 | INFO     |     F1(macro): 0.968116
2025-07-29 23:01:23 | INFO     |     F1(weighted): 0.966430
2025-07-29 23:01:23 | INFO     |     精确率: 0.971704
2025-07-29 23:01:23 | INFO     |     召回率: 0.969305
2025-07-29 23:01:23 | INFO     |   学习率调度器: f1_based
2025-07-29 23:01:23 | INFO     | ------------------------------------------------------------
2025-07-29 23:01:23 | INFO     | Epoch  46 | Train: Loss=0.0992, Acc=0.9713 | Val: Loss=0.1040, Acc=0.9665, F1=0.9664 | LR=0.000050 
2025-07-29 23:05:51 | INFO     | Epoch 47:
2025-07-29 23:05:51 | INFO     |   训练指标:
2025-07-29 23:05:51 | INFO     |     损失(ce): 0.099643
2025-07-29 23:05:51 | INFO     |     准确率: 0.969484
2025-07-29 23:05:51 | INFO     |     学习率: 0.00005000
2025-07-29 23:05:51 | INFO     |   验证指标(标准CE):
2025-07-29 23:05:51 | INFO     |     损失: 0.133974
2025-07-29 23:05:51 | INFO     |     准确率: 0.958445
2025-07-29 23:05:51 | INFO     |     F1(macro): 0.960545
2025-07-29 23:05:51 | INFO     |     F1(weighted): 0.958454
2025-07-29 23:05:51 | INFO     |     精确率: 0.965873
2025-07-29 23:05:51 | INFO     |     召回率: 0.962106
2025-07-29 23:05:51 | INFO     |   学习率调度器: f1_based
2025-07-29 23:05:51 | INFO     | ------------------------------------------------------------
2025-07-29 23:05:51 | INFO     | 🎯 学习率调整事件:
2025-07-29 23:05:51 | INFO     |   调度器类型: f1_based
2025-07-29 23:05:51 | INFO     |   学习率变化: 0.00005000 → 0.00002500
2025-07-29 23:05:51 | INFO     |   触发条件: F1分数 = 0.958454
2025-07-29 23:05:51 | INFO     |   变化幅度: -50.00%
2025-07-29 23:05:51 | INFO     | ------------------------------------------------------------
2025-07-29 23:05:51 | INFO     | Epoch  47 | Train: Loss=0.0996, Acc=0.9695 | Val: Loss=0.1340, Acc=0.9584, F1=0.9585 | LR=0.000025 
2025-07-29 23:10:19 | INFO     | Epoch 48:
2025-07-29 23:10:19 | INFO     |   训练指标:
2025-07-29 23:10:19 | INFO     |     损失(ce): 0.064082
2025-07-29 23:10:19 | INFO     |     准确率: 0.976861
2025-07-29 23:10:19 | INFO     |     学习率: 0.00002500
2025-07-29 23:10:19 | INFO     |   验证指标(标准CE):
2025-07-29 23:10:19 | INFO     |     损失: 0.095675
2025-07-29 23:10:19 | INFO     |     准确率: 0.965147
2025-07-29 23:10:19 | INFO     |     F1(macro): 0.967891
2025-07-29 23:10:19 | INFO     |     F1(weighted): 0.966034
2025-07-29 23:10:19 | INFO     |     精确率: 0.974147
2025-07-29 23:10:19 | INFO     |     召回率: 0.966579
2025-07-29 23:10:19 | INFO     |   学习率调度器: f1_based
2025-07-29 23:10:19 | INFO     | ------------------------------------------------------------
2025-07-29 23:10:19 | INFO     | Epoch  48 | Train: Loss=0.0641, Acc=0.9769 | Val: Loss=0.0957, Acc=0.9651, F1=0.9660 | LR=0.000025 
2025-07-29 23:14:47 | INFO     | Epoch 49:
2025-07-29 23:14:47 | INFO     |   训练指标:
2025-07-29 23:14:47 | INFO     |     损失(ce): 0.055492
2025-07-29 23:14:47 | INFO     |     准确率: 0.976526
2025-07-29 23:14:47 | INFO     |     学习率: 0.00002500
2025-07-29 23:14:47 | INFO     |   验证指标(标准CE):
2025-07-29 23:14:47 | INFO     |     损失: 0.091157
2025-07-29 23:14:47 | INFO     |     准确率: 0.968499
2025-07-29 23:14:47 | INFO     |     F1(macro): 0.969945
2025-07-29 23:14:47 | INFO     |     F1(weighted): 0.968569
2025-07-29 23:14:47 | INFO     |     精确率: 0.974547
2025-07-29 23:14:47 | INFO     |     召回率: 0.969683
2025-07-29 23:14:47 | INFO     |   学习率调度器: f1_based
2025-07-29 23:14:47 | INFO     | ------------------------------------------------------------
2025-07-29 23:14:47 | INFO     | Epoch  49 | Train: Loss=0.0555, Acc=0.9765 | Val: Loss=0.0912, Acc=0.9685, F1=0.9686 | LR=0.000025 
2025-07-29 23:19:15 | INFO     | Epoch 50:
2025-07-29 23:19:15 | INFO     |   训练指标:
2025-07-29 23:19:15 | INFO     |     损失(ce): 0.053650
2025-07-29 23:19:15 | INFO     |     准确率: 0.978203
2025-07-29 23:19:15 | INFO     |     学习率: 0.00002500
2025-07-29 23:19:15 | INFO     |   验证指标(标准CE):
2025-07-29 23:19:15 | INFO     |     损失: 0.162667
2025-07-29 23:19:15 | INFO     |     准确率: 0.961796
2025-07-29 23:19:15 | INFO     |     F1(macro): 0.962754
2025-07-29 23:19:15 | INFO     |     F1(weighted): 0.961906
2025-07-29 23:19:15 | INFO     |     精确率: 0.971668
2025-07-29 23:19:15 | INFO     |     召回率: 0.963571
2025-07-29 23:19:15 | INFO     |   学习率调度器: f1_based
2025-07-29 23:19:15 | INFO     | ------------------------------------------------------------
2025-07-29 23:19:15 | INFO     | Epoch  50 | Train: Loss=0.0536, Acc=0.9782 | Val: Loss=0.1627, Acc=0.9618, F1=0.9619 | LR=0.000025 
2025-07-29 23:23:44 | INFO     | Epoch 51:
2025-07-29 23:23:44 | INFO     |   训练指标:
2025-07-29 23:23:44 | INFO     |     损失(ce): 0.062966
2025-07-29 23:23:44 | INFO     |     准确率: 0.977532
2025-07-29 23:23:44 | INFO     |     学习率: 0.00002500
2025-07-29 23:23:44 | INFO     |   验证指标(标准CE):
2025-07-29 23:23:44 | INFO     |     损失: 0.074792
2025-07-29 23:23:44 | INFO     |     准确率: 0.974531
2025-07-29 23:23:44 | INFO     |     F1(macro): 0.975142
2025-07-29 23:23:44 | INFO     |     F1(weighted): 0.974413
2025-07-29 23:23:44 | INFO     |     精确率: 0.978191
2025-07-29 23:23:44 | INFO     |     召回率: 0.976080
2025-07-29 23:23:44 | INFO     |   学习率调度器: f1_based
2025-07-29 23:23:44 | INFO     | ------------------------------------------------------------
2025-07-29 23:23:44 | INFO     | Epoch  51 | Train: Loss=0.0630, Acc=0.9775 | Val: Loss=0.0748, Acc=0.9745, F1=0.9744 | LR=0.000025 🏆 [最佳模型]
2025-07-29 23:28:13 | INFO     | Epoch 52:
2025-07-29 23:28:13 | INFO     |   训练指标:
2025-07-29 23:28:13 | INFO     |     损失(ce): 0.064059
2025-07-29 23:28:13 | INFO     |     准确率: 0.977364
2025-07-29 23:28:13 | INFO     |     学习率: 0.00002500
2025-07-29 23:28:13 | INFO     |   验证指标(标准CE):
2025-07-29 23:28:13 | INFO     |     损失: 0.081232
2025-07-29 23:28:13 | INFO     |     准确率: 0.976542
2025-07-29 23:28:13 | INFO     |     F1(macro): 0.977308
2025-07-29 23:28:13 | INFO     |     F1(weighted): 0.976451
2025-07-29 23:28:13 | INFO     |     精确率: 0.979567
2025-07-29 23:28:13 | INFO     |     召回率: 0.977418
2025-07-29 23:28:13 | INFO     |   学习率调度器: f1_based
2025-07-29 23:28:13 | INFO     | ------------------------------------------------------------
2025-07-29 23:28:13 | INFO     | Epoch  52 | Train: Loss=0.0641, Acc=0.9774 | Val: Loss=0.0812, Acc=0.9765, F1=0.9765 | LR=0.000025 🏆 [最佳模型]
2025-07-29 23:32:42 | INFO     | Epoch 53:
2025-07-29 23:32:42 | INFO     |   训练指标:
2025-07-29 23:32:42 | INFO     |     损失(ce): 0.063827
2025-07-29 23:32:42 | INFO     |     准确率: 0.977700
2025-07-29 23:32:42 | INFO     |     学习率: 0.00002500
2025-07-29 23:32:42 | INFO     |   验证指标(标准CE):
2025-07-29 23:32:42 | INFO     |     损失: 0.076166
2025-07-29 23:32:42 | INFO     |     准确率: 0.973861
2025-07-29 23:32:42 | INFO     |     F1(macro): 0.974836
2025-07-29 23:32:42 | INFO     |     F1(weighted): 0.973670
2025-07-29 23:32:42 | INFO     |     精确率: 0.977886
2025-07-29 23:32:42 | INFO     |     召回率: 0.975657
2025-07-29 23:32:42 | INFO     |   学习率调度器: f1_based
2025-07-29 23:32:42 | INFO     | ------------------------------------------------------------
2025-07-29 23:32:42 | INFO     | Epoch  53 | Train: Loss=0.0638, Acc=0.9777 | Val: Loss=0.0762, Acc=0.9739, F1=0.9737 | LR=0.000025 
2025-07-29 23:37:11 | INFO     | Epoch 54:
2025-07-29 23:37:11 | INFO     |   训练指标:
2025-07-29 23:37:11 | INFO     |     损失(ce): 0.060527
2025-07-29 23:37:11 | INFO     |     准确率: 0.978203
2025-07-29 23:37:11 | INFO     |     学习率: 0.00002500
2025-07-29 23:37:11 | INFO     |   验证指标(标准CE):
2025-07-29 23:37:11 | INFO     |     损失: 0.094143
2025-07-29 23:37:11 | INFO     |     准确率: 0.969169
2025-07-29 23:37:11 | INFO     |     F1(macro): 0.970823
2025-07-29 23:37:11 | INFO     |     F1(weighted): 0.969447
2025-07-29 23:37:11 | INFO     |     精确率: 0.974878
2025-07-29 23:37:11 | INFO     |     召回率: 0.970010
2025-07-29 23:37:11 | INFO     |   学习率调度器: f1_based
2025-07-29 23:37:11 | INFO     | ------------------------------------------------------------
2025-07-29 23:37:11 | INFO     | Epoch  54 | Train: Loss=0.0605, Acc=0.9782 | Val: Loss=0.0941, Acc=0.9692, F1=0.9694 | LR=0.000025 
2025-07-29 23:41:39 | INFO     | Epoch 55:
2025-07-29 23:41:39 | INFO     |   训练指标:
2025-07-29 23:41:39 | INFO     |     损失(ce): 0.057876
2025-07-29 23:41:39 | INFO     |     准确率: 0.978370
2025-07-29 23:41:39 | INFO     |     学习率: 0.00002500
2025-07-29 23:41:39 | INFO     |   验证指标(标准CE):
2025-07-29 23:41:39 | INFO     |     损失: 0.112533
2025-07-29 23:41:39 | INFO     |     准确率: 0.973190
2025-07-29 23:41:39 | INFO     |     F1(macro): 0.973857
2025-07-29 23:41:39 | INFO     |     F1(weighted): 0.972959
2025-07-29 23:41:39 | INFO     |     精确率: 0.976960
2025-07-29 23:41:39 | INFO     |     召回率: 0.975012
2025-07-29 23:41:39 | INFO     |   学习率调度器: f1_based
2025-07-29 23:41:39 | INFO     | ------------------------------------------------------------
2025-07-29 23:41:39 | INFO     | Epoch  55 | Train: Loss=0.0579, Acc=0.9784 | Val: Loss=0.1125, Acc=0.9732, F1=0.9730 | LR=0.000025 
2025-07-29 23:46:07 | INFO     | Epoch 56:
2025-07-29 23:46:07 | INFO     |   训练指标:
2025-07-29 23:46:07 | INFO     |     损失(ce): 0.059187
2025-07-29 23:46:07 | INFO     |     准确率: 0.978706
2025-07-29 23:46:07 | INFO     |     学习率: 0.00002500
2025-07-29 23:46:07 | INFO     |   验证指标(标准CE):
2025-07-29 23:46:07 | INFO     |     损失: 0.076861
2025-07-29 23:46:07 | INFO     |     准确率: 0.977212
2025-07-29 23:46:07 | INFO     |     F1(macro): 0.978015
2025-07-29 23:46:07 | INFO     |     F1(weighted): 0.977038
2025-07-29 23:46:07 | INFO     |     精确率: 0.981565
2025-07-29 23:46:07 | INFO     |     召回率: 0.978305
2025-07-29 23:46:07 | INFO     |   学习率调度器: f1_based
2025-07-29 23:46:07 | INFO     | ------------------------------------------------------------
2025-07-29 23:46:07 | INFO     | Epoch  56 | Train: Loss=0.0592, Acc=0.9787 | Val: Loss=0.0769, Acc=0.9772, F1=0.9770 | LR=0.000025 🏆 [最佳模型]
2025-07-29 23:50:36 | INFO     | Epoch 57:
2025-07-29 23:50:36 | INFO     |   训练指标:
2025-07-29 23:50:36 | INFO     |     损失(ce): 0.060407
2025-07-29 23:50:36 | INFO     |     准确率: 0.978035
2025-07-29 23:50:36 | INFO     |     学习率: 0.00002500
2025-07-29 23:50:36 | INFO     |   验证指标(标准CE):
2025-07-29 23:50:36 | INFO     |     损失: 0.080105
2025-07-29 23:50:36 | INFO     |     准确率: 0.973190
2025-07-29 23:50:36 | INFO     |     F1(macro): 0.974493
2025-07-29 23:50:36 | INFO     |     F1(weighted): 0.973102
2025-07-29 23:50:36 | INFO     |     精确率: 0.978223
2025-07-29 23:50:36 | INFO     |     召回率: 0.974713
2025-07-29 23:50:36 | INFO     |   学习率调度器: f1_based
2025-07-29 23:50:36 | INFO     | ------------------------------------------------------------
2025-07-29 23:50:36 | INFO     | Epoch  57 | Train: Loss=0.0604, Acc=0.9780 | Val: Loss=0.0801, Acc=0.9732, F1=0.9731 | LR=0.000025 
2025-07-29 23:55:04 | INFO     | Epoch 58:
2025-07-29 23:55:04 | INFO     |   训练指标:
2025-07-29 23:55:04 | INFO     |     损失(ce): 0.061944
2025-07-29 23:55:04 | INFO     |     准确率: 0.976693
2025-07-29 23:55:04 | INFO     |     学习率: 0.00002500
2025-07-29 23:55:04 | INFO     |   验证指标(标准CE):
2025-07-29 23:55:04 | INFO     |     损失: 0.192051
2025-07-29 23:55:04 | INFO     |     准确率: 0.948391
2025-07-29 23:55:04 | INFO     |     F1(macro): 0.950392
2025-07-29 23:55:04 | INFO     |     F1(weighted): 0.947079
2025-07-29 23:55:04 | INFO     |     精确率: 0.957081
2025-07-29 23:55:04 | INFO     |     召回率: 0.952460
2025-07-29 23:55:04 | INFO     |   学习率调度器: f1_based
2025-07-29 23:55:04 | INFO     | ------------------------------------------------------------
2025-07-29 23:55:04 | INFO     | Epoch  58 | Train: Loss=0.0619, Acc=0.9767 | Val: Loss=0.1921, Acc=0.9484, F1=0.9471 | LR=0.000025 
2025-07-29 23:59:32 | INFO     | Epoch 59:
2025-07-29 23:59:32 | INFO     |   训练指标:
2025-07-29 23:59:32 | INFO     |     损失(ce): 0.056928
2025-07-29 23:59:32 | INFO     |     准确率: 0.977532
2025-07-29 23:59:32 | INFO     |     学习率: 0.00002500
2025-07-29 23:59:32 | INFO     |   验证指标(标准CE):
2025-07-29 23:59:32 | INFO     |     损失: 0.056600
2025-07-29 23:59:32 | INFO     |     准确率: 0.977882
2025-07-29 23:59:32 | INFO     |     F1(macro): 0.978637
2025-07-29 23:59:32 | INFO     |     F1(weighted): 0.977881
2025-07-29 23:59:32 | INFO     |     精确率: 0.980789
2025-07-29 23:59:32 | INFO     |     召回率: 0.978737
2025-07-29 23:59:32 | INFO     |   学习率调度器: f1_based
2025-07-29 23:59:32 | INFO     | ------------------------------------------------------------
2025-07-29 23:59:32 | INFO     | Epoch  59 | Train: Loss=0.0569, Acc=0.9775 | Val: Loss=0.0566, Acc=0.9779, F1=0.9779 | LR=0.000025 🏆 [最佳模型]
2025-07-30 00:04:01 | INFO     | Epoch 60:
2025-07-30 00:04:01 | INFO     |   训练指标:
2025-07-30 00:04:01 | INFO     |     损失(ce): 0.061800
2025-07-30 00:04:01 | INFO     |     准确率: 0.977532
2025-07-30 00:04:01 | INFO     |     学习率: 0.00002500
2025-07-30 00:04:01 | INFO     |   验证指标(标准CE):
2025-07-30 00:04:01 | INFO     |     损失: 0.091769
2025-07-30 00:04:01 | INFO     |     准确率: 0.973190
2025-07-30 00:04:01 | INFO     |     F1(macro): 0.974321
2025-07-30 00:04:01 | INFO     |     F1(weighted): 0.973374
2025-07-30 00:04:01 | INFO     |     精确率: 0.976719
2025-07-30 00:04:01 | INFO     |     召回率: 0.974421
2025-07-30 00:04:01 | INFO     |   学习率调度器: f1_based
2025-07-30 00:04:01 | INFO     | ------------------------------------------------------------
2025-07-30 00:04:01 | INFO     | Epoch  60 | Train: Loss=0.0618, Acc=0.9775 | Val: Loss=0.0918, Acc=0.9732, F1=0.9734 | LR=0.000025 
2025-07-30 00:08:29 | INFO     | Epoch 61:
2025-07-30 00:08:29 | INFO     |   训练指标:
2025-07-30 00:08:29 | INFO     |     损失(ce): 0.060641
2025-07-30 00:08:29 | INFO     |     准确率: 0.977700
2025-07-30 00:08:29 | INFO     |     学习率: 0.00002500
2025-07-30 00:08:29 | INFO     |   验证指标(标准CE):
2025-07-30 00:08:29 | INFO     |     损失: 0.077603
2025-07-30 00:08:29 | INFO     |     准确率: 0.971850
2025-07-30 00:08:29 | INFO     |     F1(macro): 0.973162
2025-07-30 00:08:29 | INFO     |     F1(weighted): 0.971886
2025-07-30 00:08:29 | INFO     |     精确率: 0.976244
2025-07-30 00:08:29 | INFO     |     召回率: 0.972752
2025-07-30 00:08:29 | INFO     |   学习率调度器: f1_based
2025-07-30 00:08:29 | INFO     | ------------------------------------------------------------
2025-07-30 00:08:29 | INFO     | Epoch  61 | Train: Loss=0.0606, Acc=0.9777 | Val: Loss=0.0776, Acc=0.9718, F1=0.9719 | LR=0.000025 
2025-07-30 00:12:58 | INFO     | Epoch 62:
2025-07-30 00:12:58 | INFO     |   训练指标:
2025-07-30 00:12:58 | INFO     |     损失(ce): 0.054979
2025-07-30 00:12:58 | INFO     |     准确率: 0.980382
2025-07-30 00:12:58 | INFO     |     学习率: 0.00002500
2025-07-30 00:12:58 | INFO     |   验证指标(标准CE):
2025-07-30 00:12:58 | INFO     |     损失: 0.079432
2025-07-30 00:12:58 | INFO     |     准确率: 0.975871
2025-07-30 00:12:58 | INFO     |     F1(macro): 0.977190
2025-07-30 00:12:58 | INFO     |     F1(weighted): 0.976165
2025-07-30 00:12:58 | INFO     |     精确率: 0.980649
2025-07-30 00:12:58 | INFO     |     召回率: 0.975907
2025-07-30 00:12:58 | INFO     |   学习率调度器: f1_based
2025-07-30 00:12:58 | INFO     | ------------------------------------------------------------
2025-07-30 00:12:58 | INFO     | Epoch  62 | Train: Loss=0.0550, Acc=0.9804 | Val: Loss=0.0794, Acc=0.9759, F1=0.9762 | LR=0.000025 
2025-07-30 00:17:26 | INFO     | Epoch 63:
2025-07-30 00:17:26 | INFO     |   训练指标:
2025-07-30 00:17:26 | INFO     |     损失(ce): 0.063784
2025-07-30 00:17:26 | INFO     |     准确率: 0.978035
2025-07-30 00:17:26 | INFO     |     学习率: 0.00002500
2025-07-30 00:17:26 | INFO     |   验证指标(标准CE):
2025-07-30 00:17:26 | INFO     |     损失: 0.065500
2025-07-30 00:17:26 | INFO     |     准确率: 0.979223
2025-07-30 00:17:26 | INFO     |     F1(macro): 0.980014
2025-07-30 00:17:26 | INFO     |     F1(weighted): 0.979276
2025-07-30 00:17:26 | INFO     |     精确率: 0.981532
2025-07-30 00:17:26 | INFO     |     召回率: 0.979981
2025-07-30 00:17:26 | INFO     |   学习率调度器: f1_based
2025-07-30 00:17:26 | INFO     | ------------------------------------------------------------
2025-07-30 00:17:26 | INFO     | Epoch  63 | Train: Loss=0.0638, Acc=0.9780 | Val: Loss=0.0655, Acc=0.9792, F1=0.9793 | LR=0.000025 🏆 [最佳模型]
2025-07-30 00:21:55 | INFO     | Epoch 64:
2025-07-30 00:21:55 | INFO     |   训练指标:
2025-07-30 00:21:55 | INFO     |     损失(ce): 0.057155
2025-07-30 00:21:55 | INFO     |     准确率: 0.979544
2025-07-30 00:21:55 | INFO     |     学习率: 0.00002500
2025-07-30 00:21:55 | INFO     |   验证指标(标准CE):
2025-07-30 00:21:55 | INFO     |     损失: 0.088807
2025-07-30 00:21:55 | INFO     |     准确率: 0.973861
2025-07-30 00:21:55 | INFO     |     F1(macro): 0.974674
2025-07-30 00:21:55 | INFO     |     F1(weighted): 0.973684
2025-07-30 00:21:55 | INFO     |     精确率: 0.978446
2025-07-30 00:21:55 | INFO     |     召回率: 0.974949
2025-07-30 00:21:55 | INFO     |   学习率调度器: f1_based
2025-07-30 00:21:55 | INFO     | ------------------------------------------------------------
2025-07-30 00:21:55 | INFO     | Epoch  64 | Train: Loss=0.0572, Acc=0.9795 | Val: Loss=0.0888, Acc=0.9739, F1=0.9737 | LR=0.000025 
2025-07-30 00:26:23 | INFO     | Epoch 65:
2025-07-30 00:26:23 | INFO     |   训练指标:
2025-07-30 00:26:23 | INFO     |     损失(ce): 0.058723
2025-07-30 00:26:23 | INFO     |     准确率: 0.979209
2025-07-30 00:26:23 | INFO     |     学习率: 0.00002500
2025-07-30 00:26:23 | INFO     |   验证指标(标准CE):
2025-07-30 00:26:23 | INFO     |     损失: 0.073202
2025-07-30 00:26:23 | INFO     |     准确率: 0.974531
2025-07-30 00:26:23 | INFO     |     F1(macro): 0.975184
2025-07-30 00:26:23 | INFO     |     F1(weighted): 0.974223
2025-07-30 00:26:23 | INFO     |     精确率: 0.979065
2025-07-30 00:26:23 | INFO     |     召回率: 0.975559
2025-07-30 00:26:23 | INFO     |   学习率调度器: f1_based
2025-07-30 00:26:23 | INFO     | ------------------------------------------------------------
2025-07-30 00:26:23 | INFO     | Epoch  65 | Train: Loss=0.0587, Acc=0.9792 | Val: Loss=0.0732, Acc=0.9745, F1=0.9742 | LR=0.000025 
2025-07-30 00:30:51 | INFO     | Epoch 66:
2025-07-30 00:30:51 | INFO     |   训练指标:
2025-07-30 00:30:51 | INFO     |     损失(ce): 0.053187
2025-07-30 00:30:51 | INFO     |     准确率: 0.979712
2025-07-30 00:30:51 | INFO     |     学习率: 0.00002500
2025-07-30 00:30:51 | INFO     |   验证指标(标准CE):
2025-07-30 00:30:51 | INFO     |     损失: 0.175360
2025-07-30 00:30:51 | INFO     |     准确率: 0.967828
2025-07-30 00:30:51 | INFO     |     F1(macro): 0.969211
2025-07-30 00:30:51 | INFO     |     F1(weighted): 0.968290
2025-07-30 00:30:51 | INFO     |     精确率: 0.973679
2025-07-30 00:30:51 | INFO     |     召回率: 0.969653
2025-07-30 00:30:51 | INFO     |   学习率调度器: f1_based
2025-07-30 00:30:51 | INFO     | ------------------------------------------------------------
2025-07-30 00:30:51 | INFO     | Epoch  66 | Train: Loss=0.0532, Acc=0.9797 | Val: Loss=0.1754, Acc=0.9678, F1=0.9683 | LR=0.000025 
2025-07-30 00:35:18 | INFO     | Epoch 67:
2025-07-30 00:35:18 | INFO     |   训练指标:
2025-07-30 00:35:18 | INFO     |     损失(ce): 0.054048
2025-07-30 00:35:18 | INFO     |     准确率: 0.980550
2025-07-30 00:35:18 | INFO     |     学习率: 0.00002500
2025-07-30 00:35:18 | INFO     |   验证指标(标准CE):
2025-07-30 00:35:18 | INFO     |     损失: 0.075248
2025-07-30 00:35:18 | INFO     |     准确率: 0.971850
2025-07-30 00:35:18 | INFO     |     F1(macro): 0.972599
2025-07-30 00:35:18 | INFO     |     F1(weighted): 0.971602
2025-07-30 00:35:18 | INFO     |     精确率: 0.973703
2025-07-30 00:35:18 | INFO     |     召回率: 0.972993
2025-07-30 00:35:18 | INFO     |   学习率调度器: f1_based
2025-07-30 00:35:18 | INFO     | ------------------------------------------------------------
2025-07-30 00:35:18 | INFO     | Epoch  67 | Train: Loss=0.0540, Acc=0.9805 | Val: Loss=0.0752, Acc=0.9718, F1=0.9716 | LR=0.000025 
2025-07-30 00:39:45 | INFO     | Epoch 68:
2025-07-30 00:39:45 | INFO     |   训练指标:
2025-07-30 00:39:45 | INFO     |     损失(ce): 0.052441
2025-07-30 00:39:45 | INFO     |     准确率: 0.979209
2025-07-30 00:39:45 | INFO     |     学习率: 0.00002500
2025-07-30 00:39:45 | INFO     |   验证指标(标准CE):
2025-07-30 00:39:45 | INFO     |     损失: 0.081258
2025-07-30 00:39:45 | INFO     |     准确率: 0.973861
2025-07-30 00:39:45 | INFO     |     F1(macro): 0.974554
2025-07-30 00:39:45 | INFO     |     F1(weighted): 0.974040
2025-07-30 00:39:45 | INFO     |     精确率: 0.979829
2025-07-30 00:39:45 | INFO     |     召回率: 0.974227
2025-07-30 00:39:45 | INFO     |   学习率调度器: f1_based
2025-07-30 00:39:45 | INFO     | ------------------------------------------------------------
2025-07-30 00:39:45 | INFO     | Epoch  68 | Train: Loss=0.0524, Acc=0.9792 | Val: Loss=0.0813, Acc=0.9739, F1=0.9740 | LR=0.000025 
2025-07-30 00:44:12 | INFO     | Epoch 69:
2025-07-30 00:44:12 | INFO     |   训练指标:
2025-07-30 00:44:12 | INFO     |     损失(ce): 0.060846
2025-07-30 00:44:12 | INFO     |     准确率: 0.978873
2025-07-30 00:44:12 | INFO     |     学习率: 0.00002500
2025-07-30 00:44:12 | INFO     |   验证指标(标准CE):
2025-07-30 00:44:12 | INFO     |     损失: 0.095058
2025-07-30 00:44:12 | INFO     |     准确率: 0.973861
2025-07-30 00:44:12 | INFO     |     F1(macro): 0.974535
2025-07-30 00:44:12 | INFO     |     F1(weighted): 0.973671
2025-07-30 00:44:12 | INFO     |     精确率: 0.977901
2025-07-30 00:44:12 | INFO     |     召回率: 0.975265
2025-07-30 00:44:12 | INFO     |   学习率调度器: f1_based
2025-07-30 00:44:12 | INFO     | ------------------------------------------------------------
2025-07-30 00:44:12 | INFO     | Epoch  69 | Train: Loss=0.0608, Acc=0.9789 | Val: Loss=0.0951, Acc=0.9739, F1=0.9737 | LR=0.000025 
2025-07-30 00:48:39 | INFO     | Epoch 70:
2025-07-30 00:48:39 | INFO     |   训练指标:
2025-07-30 00:48:39 | INFO     |     损失(ce): 0.062894
2025-07-30 00:48:39 | INFO     |     准确率: 0.979376
2025-07-30 00:48:39 | INFO     |     学习率: 0.00002500
2025-07-30 00:48:39 | INFO     |   验证指标(标准CE):
2025-07-30 00:48:39 | INFO     |     损失: 0.103293
2025-07-30 00:48:39 | INFO     |     准确率: 0.969169
2025-07-30 00:48:39 | INFO     |     F1(macro): 0.971079
2025-07-30 00:48:39 | INFO     |     F1(weighted): 0.969661
2025-07-30 00:48:39 | INFO     |     精确率: 0.976288
2025-07-30 00:48:39 | INFO     |     召回率: 0.971483
2025-07-30 00:48:39 | INFO     |   学习率调度器: f1_based
2025-07-30 00:48:39 | INFO     | ------------------------------------------------------------
2025-07-30 00:48:39 | INFO     | Epoch  70 | Train: Loss=0.0629, Acc=0.9794 | Val: Loss=0.1033, Acc=0.9692, F1=0.9697 | LR=0.000025 
2025-07-30 00:53:06 | INFO     | Epoch 71:
2025-07-30 00:53:06 | INFO     |   训练指标:
2025-07-30 00:53:06 | INFO     |     损失(ce): 0.065948
2025-07-30 00:53:06 | INFO     |     准确率: 0.980047
2025-07-30 00:53:06 | INFO     |     学习率: 0.00002500
2025-07-30 00:53:06 | INFO     |   验证指标(标准CE):
2025-07-30 00:53:06 | INFO     |     损失: 0.087729
2025-07-30 00:53:06 | INFO     |     准确率: 0.975201
2025-07-30 00:53:06 | INFO     |     F1(macro): 0.976314
2025-07-30 00:53:06 | INFO     |     F1(weighted): 0.975129
2025-07-30 00:53:06 | INFO     |     精确率: 0.980847
2025-07-30 00:53:06 | INFO     |     召回率: 0.976374
2025-07-30 00:53:06 | INFO     |   学习率调度器: f1_based
2025-07-30 00:53:06 | INFO     | ------------------------------------------------------------
2025-07-30 00:53:06 | INFO     | 🎯 学习率调整事件:
2025-07-30 00:53:06 | INFO     |   调度器类型: f1_based
2025-07-30 00:53:06 | INFO     |   学习率变化: 0.00002500 → 0.00001250
2025-07-30 00:53:06 | INFO     |   触发条件: F1分数 = 0.975129
2025-07-30 00:53:06 | INFO     |   变化幅度: -50.00%
2025-07-30 00:53:06 | INFO     | ------------------------------------------------------------
2025-07-30 00:53:06 | INFO     | Epoch  71 | Train: Loss=0.0659, Acc=0.9800 | Val: Loss=0.0877, Acc=0.9752, F1=0.9751 | LR=0.000013 
2025-07-30 00:57:33 | INFO     | Epoch 72:
2025-07-30 00:57:33 | INFO     |   训练指标:
2025-07-30 00:57:33 | INFO     |     损失(ce): 0.045429
2025-07-30 00:57:33 | INFO     |     准确率: 0.982394
2025-07-30 00:57:33 | INFO     |     学习率: 0.00001250
2025-07-30 00:57:33 | INFO     |   验证指标(标准CE):
2025-07-30 00:57:33 | INFO     |     损失: 0.074399
2025-07-30 00:57:33 | INFO     |     准确率: 0.977882
2025-07-30 00:57:33 | INFO     |     F1(macro): 0.978336
2025-07-30 00:57:33 | INFO     |     F1(weighted): 0.977557
2025-07-30 00:57:33 | INFO     |     精确率: 0.980999
2025-07-30 00:57:33 | INFO     |     召回率: 0.979244
2025-07-30 00:57:33 | INFO     |   学习率调度器: f1_based
2025-07-30 00:57:33 | INFO     | ------------------------------------------------------------
2025-07-30 00:57:33 | INFO     | Epoch  72 | Train: Loss=0.0454, Acc=0.9824 | Val: Loss=0.0744, Acc=0.9779, F1=0.9776 | LR=0.000013 
2025-07-30 01:02:01 | INFO     | Epoch 73:
2025-07-30 01:02:01 | INFO     |   训练指标:
2025-07-30 01:02:01 | INFO     |     损失(ce): 0.043045
2025-07-30 01:02:01 | INFO     |     准确率: 0.981221
2025-07-30 01:02:01 | INFO     |     学习率: 0.00001250
2025-07-30 01:02:01 | INFO     |   验证指标(标准CE):
2025-07-30 01:02:01 | INFO     |     损失: 0.095019
2025-07-30 01:02:01 | INFO     |     准确率: 0.968499
2025-07-30 01:02:01 | INFO     |     F1(macro): 0.970677
2025-07-30 01:02:01 | INFO     |     F1(weighted): 0.968906
2025-07-30 01:02:01 | INFO     |     精确率: 0.976170
2025-07-30 01:02:01 | INFO     |     召回率: 0.969595
2025-07-30 01:02:01 | INFO     |   学习率调度器: f1_based
2025-07-30 01:02:01 | INFO     | ------------------------------------------------------------
2025-07-30 01:02:01 | INFO     | Epoch  73 | Train: Loss=0.0430, Acc=0.9812 | Val: Loss=0.0950, Acc=0.9685, F1=0.9689 | LR=0.000013 
2025-07-30 01:06:28 | INFO     | Epoch 74:
2025-07-30 01:06:28 | INFO     |   训练指标:
2025-07-30 01:06:28 | INFO     |     损失(ce): 0.041180
2025-07-30 01:06:28 | INFO     |     准确率: 0.982562
2025-07-30 01:06:28 | INFO     |     学习率: 0.00001250
2025-07-30 01:06:28 | INFO     |   验证指标(标准CE):
2025-07-30 01:06:28 | INFO     |     损失: 0.065513
2025-07-30 01:06:28 | INFO     |     准确率: 0.975871
2025-07-30 01:06:28 | INFO     |     F1(macro): 0.976476
2025-07-30 01:06:28 | INFO     |     F1(weighted): 0.975688
2025-07-30 01:06:28 | INFO     |     精确率: 0.978704
2025-07-30 01:06:28 | INFO     |     召回率: 0.977189
2025-07-30 01:06:28 | INFO     |   学习率调度器: f1_based
2025-07-30 01:06:28 | INFO     | ------------------------------------------------------------
2025-07-30 01:06:28 | INFO     | Epoch  74 | Train: Loss=0.0412, Acc=0.9826 | Val: Loss=0.0655, Acc=0.9759, F1=0.9757 | LR=0.000013 
2025-07-30 01:10:55 | INFO     | Epoch 75:
2025-07-30 01:10:55 | INFO     |   训练指标:
2025-07-30 01:10:55 | INFO     |     损失(ce): 0.035305
2025-07-30 01:10:55 | INFO     |     准确率: 0.984071
2025-07-30 01:10:55 | INFO     |     学习率: 0.00001250
2025-07-30 01:10:55 | INFO     |   验证指标(标准CE):
2025-07-30 01:10:55 | INFO     |     损失: 0.064464
2025-07-30 01:10:55 | INFO     |     准确率: 0.978552
2025-07-30 01:10:55 | INFO     |     F1(macro): 0.979067
2025-07-30 01:10:55 | INFO     |     F1(weighted): 0.978379
2025-07-30 01:10:55 | INFO     |     精确率: 0.981556
2025-07-30 01:10:55 | INFO     |     召回率: 0.979571
2025-07-30 01:10:55 | INFO     |   学习率调度器: f1_based
2025-07-30 01:10:55 | INFO     | ------------------------------------------------------------
2025-07-30 01:10:55 | INFO     | Epoch  75 | Train: Loss=0.0353, Acc=0.9841 | Val: Loss=0.0645, Acc=0.9786, F1=0.9784 | LR=0.000013 
2025-07-30 01:15:22 | INFO     | Epoch 76:
2025-07-30 01:15:22 | INFO     |   训练指标:
2025-07-30 01:15:22 | INFO     |     损失(ce): 0.041736
2025-07-30 01:15:22 | INFO     |     准确率: 0.983065
2025-07-30 01:15:22 | INFO     |     学习率: 0.00001250
2025-07-30 01:15:22 | INFO     |   验证指标(标准CE):
2025-07-30 01:15:22 | INFO     |     损失: 0.086263
2025-07-30 01:15:22 | INFO     |     准确率: 0.975871
2025-07-30 01:15:22 | INFO     |     F1(macro): 0.976313
2025-07-30 01:15:22 | INFO     |     F1(weighted): 0.975663
2025-07-30 01:15:22 | INFO     |     精确率: 0.979398
2025-07-30 01:15:22 | INFO     |     召回率: 0.977201
2025-07-30 01:15:22 | INFO     |   学习率调度器: f1_based
2025-07-30 01:15:22 | INFO     | ------------------------------------------------------------
2025-07-30 01:15:22 | INFO     | Epoch  76 | Train: Loss=0.0417, Acc=0.9831 | Val: Loss=0.0863, Acc=0.9759, F1=0.9757 | LR=0.000013 
2025-07-30 01:19:49 | INFO     | Epoch 77:
2025-07-30 01:19:49 | INFO     |   训练指标:
2025-07-30 01:19:49 | INFO     |     损失(ce): 0.041876
2025-07-30 01:19:49 | INFO     |     准确率: 0.985580
2025-07-30 01:19:49 | INFO     |     学习率: 0.00001250
2025-07-30 01:19:49 | INFO     |   验证指标(标准CE):
2025-07-30 01:19:49 | INFO     |     损失: 0.068849
2025-07-30 01:19:49 | INFO     |     准确率: 0.981233
2025-07-30 01:19:49 | INFO     |     F1(macro): 0.982008
2025-07-30 01:19:49 | INFO     |     F1(weighted): 0.981122
2025-07-30 01:19:49 | INFO     |     精确率: 0.983707
2025-07-30 01:19:49 | INFO     |     召回率: 0.982168
2025-07-30 01:19:49 | INFO     |   学习率调度器: f1_based
2025-07-30 01:19:49 | INFO     | ------------------------------------------------------------
2025-07-30 01:19:49 | INFO     | Epoch  77 | Train: Loss=0.0419, Acc=0.9856 | Val: Loss=0.0688, Acc=0.9812, F1=0.9811 | LR=0.000013 🏆 [最佳模型]
2025-07-30 01:24:17 | INFO     | Epoch 78:
2025-07-30 01:24:17 | INFO     |   训练指标:
2025-07-30 01:24:17 | INFO     |     损失(ce): 0.041799
2025-07-30 01:24:17 | INFO     |     准确率: 0.984239
2025-07-30 01:24:17 | INFO     |     学习率: 0.00001250
2025-07-30 01:24:17 | INFO     |   验证指标(标准CE):
2025-07-30 01:24:17 | INFO     |     损失: 0.101210
2025-07-30 01:24:17 | INFO     |     准确率: 0.974531
2025-07-30 01:24:17 | INFO     |     F1(macro): 0.975678
2025-07-30 01:24:17 | INFO     |     F1(weighted): 0.974403
2025-07-30 01:24:17 | INFO     |     精确率: 0.979442
2025-07-30 01:24:17 | INFO     |     召回率: 0.975747
2025-07-30 01:24:17 | INFO     |   学习率调度器: f1_based
2025-07-30 01:24:17 | INFO     | ------------------------------------------------------------
2025-07-30 01:24:17 | INFO     | Epoch  78 | Train: Loss=0.0418, Acc=0.9842 | Val: Loss=0.1012, Acc=0.9745, F1=0.9744 | LR=0.000013 
2025-07-30 01:28:44 | INFO     | Epoch 79:
2025-07-30 01:28:44 | INFO     |   训练指标:
2025-07-30 01:28:44 | INFO     |     损失(ce): 0.044912
2025-07-30 01:28:44 | INFO     |     准确率: 0.983736
2025-07-30 01:28:44 | INFO     |     学习率: 0.00001250
2025-07-30 01:28:44 | INFO     |   验证指标(标准CE):
2025-07-30 01:28:44 | INFO     |     损失: 0.058787
2025-07-30 01:28:44 | INFO     |     准确率: 0.977212
2025-07-30 01:28:44 | INFO     |     F1(macro): 0.978136
2025-07-30 01:28:44 | INFO     |     F1(weighted): 0.977223
2025-07-30 01:28:44 | INFO     |     精确率: 0.978825
2025-07-30 01:28:44 | INFO     |     召回率: 0.977931
2025-07-30 01:28:44 | INFO     |   学习率调度器: f1_based
2025-07-30 01:28:44 | INFO     | ------------------------------------------------------------
2025-07-30 01:28:44 | INFO     | Epoch  79 | Train: Loss=0.0449, Acc=0.9837 | Val: Loss=0.0588, Acc=0.9772, F1=0.9772 | LR=0.000013 
2025-07-30 01:33:11 | INFO     | Epoch 80:
2025-07-30 01:33:11 | INFO     |   训练指标:
2025-07-30 01:33:11 | INFO     |     损失(ce): 0.040162
2025-07-30 01:33:11 | INFO     |     准确率: 0.983065
2025-07-30 01:33:11 | INFO     |     学习率: 0.00001250
2025-07-30 01:33:11 | INFO     |   验证指标(标准CE):
2025-07-30 01:33:11 | INFO     |     损失: 0.067420
2025-07-30 01:33:11 | INFO     |     准确率: 0.983244
2025-07-30 01:33:11 | INFO     |     F1(macro): 0.984090
2025-07-30 01:33:11 | INFO     |     F1(weighted): 0.983270
2025-07-30 01:33:11 | INFO     |     精确率: 0.985966
2025-07-30 01:33:11 | INFO     |     召回率: 0.983564
2025-07-30 01:33:11 | INFO     |   学习率调度器: f1_based
2025-07-30 01:33:11 | INFO     | ------------------------------------------------------------
2025-07-30 01:33:11 | INFO     | Epoch  80 | Train: Loss=0.0402, Acc=0.9831 | Val: Loss=0.0674, Acc=0.9832, F1=0.9833 | LR=0.000013 🏆 [最佳模型]
2025-07-30 01:37:39 | INFO     | Epoch 81:
2025-07-30 01:37:39 | INFO     |   训练指标:
2025-07-30 01:37:39 | INFO     |     损失(ce): 0.041062
2025-07-30 01:37:39 | INFO     |     准确率: 0.984239
2025-07-30 01:37:39 | INFO     |     学习率: 0.00001250
2025-07-30 01:37:39 | INFO     |   验证指标(标准CE):
2025-07-30 01:37:39 | INFO     |     损失: 0.089196
2025-07-30 01:37:39 | INFO     |     准确率: 0.977882
2025-07-30 01:37:39 | INFO     |     F1(macro): 0.978658
2025-07-30 01:37:39 | INFO     |     F1(weighted): 0.977770
2025-07-30 01:37:39 | INFO     |     精确率: 0.982793
2025-07-30 01:37:39 | INFO     |     召回率: 0.978771
2025-07-30 01:37:39 | INFO     |   学习率调度器: f1_based
2025-07-30 01:37:39 | INFO     | ------------------------------------------------------------
2025-07-30 01:37:39 | INFO     | Epoch  81 | Train: Loss=0.0411, Acc=0.9842 | Val: Loss=0.0892, Acc=0.9779, F1=0.9778 | LR=0.000013 
2025-07-30 01:42:06 | INFO     | Epoch 82:
2025-07-30 01:42:06 | INFO     |   训练指标:
2025-07-30 01:42:06 | INFO     |     损失(ce): 0.044057
2025-07-30 01:42:06 | INFO     |     准确率: 0.982394
2025-07-30 01:42:06 | INFO     |     学习率: 0.00001250
2025-07-30 01:42:06 | INFO     |   验证指标(标准CE):
2025-07-30 01:42:06 | INFO     |     损失: 0.067954
2025-07-30 01:42:06 | INFO     |     准确率: 0.977212
2025-07-30 01:42:06 | INFO     |     F1(macro): 0.978022
2025-07-30 01:42:06 | INFO     |     F1(weighted): 0.977065
2025-07-30 01:42:06 | INFO     |     精确率: 0.981571
2025-07-30 01:42:06 | INFO     |     召回率: 0.978468
2025-07-30 01:42:06 | INFO     |   学习率调度器: f1_based
2025-07-30 01:42:06 | INFO     | ------------------------------------------------------------
2025-07-30 01:42:06 | INFO     | Epoch  82 | Train: Loss=0.0441, Acc=0.9824 | Val: Loss=0.0680, Acc=0.9772, F1=0.9771 | LR=0.000013 
2025-07-30 01:46:33 | INFO     | Epoch 83:
2025-07-30 01:46:33 | INFO     |   训练指标:
2025-07-30 01:46:33 | INFO     |     损失(ce): 0.035453
2025-07-30 01:46:33 | INFO     |     准确率: 0.984406
2025-07-30 01:46:33 | INFO     |     学习率: 0.00001250
2025-07-30 01:46:33 | INFO     |   验证指标(标准CE):
2025-07-30 01:46:33 | INFO     |     损失: 0.125811
2025-07-30 01:46:33 | INFO     |     准确率: 0.972520
2025-07-30 01:46:33 | INFO     |     F1(macro): 0.973524
2025-07-30 01:46:33 | INFO     |     F1(weighted): 0.972399
2025-07-30 01:46:33 | INFO     |     精确率: 0.976832
2025-07-30 01:46:33 | INFO     |     召回率: 0.974512
2025-07-30 01:46:33 | INFO     |   学习率调度器: f1_based
2025-07-30 01:46:33 | INFO     | ------------------------------------------------------------
2025-07-30 01:46:33 | INFO     | Epoch  83 | Train: Loss=0.0355, Acc=0.9844 | Val: Loss=0.1258, Acc=0.9725, F1=0.9724 | LR=0.000013 
2025-07-30 01:51:00 | INFO     | Epoch 84:
2025-07-30 01:51:00 | INFO     |   训练指标:
2025-07-30 01:51:00 | INFO     |     损失(ce): 0.046246
2025-07-30 01:51:00 | INFO     |     准确率: 0.982227
2025-07-30 01:51:00 | INFO     |     学习率: 0.00001250
2025-07-30 01:51:00 | INFO     |   验证指标(标准CE):
2025-07-30 01:51:00 | INFO     |     损失: 0.070672
2025-07-30 01:51:00 | INFO     |     准确率: 0.975201
2025-07-30 01:51:00 | INFO     |     F1(macro): 0.976351
2025-07-30 01:51:00 | INFO     |     F1(weighted): 0.975043
2025-07-30 01:51:00 | INFO     |     精确率: 0.980095
2025-07-30 01:51:00 | INFO     |     召回率: 0.976624
2025-07-30 01:51:00 | INFO     |   学习率调度器: f1_based
2025-07-30 01:51:00 | INFO     | ------------------------------------------------------------
2025-07-30 01:51:00 | INFO     | Epoch  84 | Train: Loss=0.0462, Acc=0.9822 | Val: Loss=0.0707, Acc=0.9752, F1=0.9750 | LR=0.000013 
2025-07-30 01:55:27 | INFO     | Epoch 85:
2025-07-30 01:55:27 | INFO     |   训练指标:
2025-07-30 01:55:27 | INFO     |     损失(ce): 0.039846
2025-07-30 01:55:27 | INFO     |     准确率: 0.985412
2025-07-30 01:55:27 | INFO     |     学习率: 0.00001250
2025-07-30 01:55:27 | INFO     |   验证指标(标准CE):
2025-07-30 01:55:27 | INFO     |     损失: 0.069439
2025-07-30 01:55:27 | INFO     |     准确率: 0.977882
2025-07-30 01:55:27 | INFO     |     F1(macro): 0.978560
2025-07-30 01:55:27 | INFO     |     F1(weighted): 0.977839
2025-07-30 01:55:27 | INFO     |     精确率: 0.979193
2025-07-30 01:55:27 | INFO     |     召回率: 0.978734
2025-07-30 01:55:27 | INFO     |   学习率调度器: f1_based
2025-07-30 01:55:27 | INFO     | ------------------------------------------------------------
2025-07-30 01:55:27 | INFO     | Epoch  85 | Train: Loss=0.0398, Acc=0.9854 | Val: Loss=0.0694, Acc=0.9779, F1=0.9778 | LR=0.000013 
2025-07-30 01:59:54 | INFO     | Epoch 86:
2025-07-30 01:59:54 | INFO     |   训练指标:
2025-07-30 01:59:54 | INFO     |     损失(ce): 0.035610
2025-07-30 01:59:54 | INFO     |     准确率: 0.985412
2025-07-30 01:59:54 | INFO     |     学习率: 0.00001250
2025-07-30 01:59:54 | INFO     |   验证指标(标准CE):
2025-07-30 01:59:54 | INFO     |     损失: 0.076958
2025-07-30 01:59:54 | INFO     |     准确率: 0.974531
2025-07-30 01:59:54 | INFO     |     F1(macro): 0.975356
2025-07-30 01:59:54 | INFO     |     F1(weighted): 0.974537
2025-07-30 01:59:54 | INFO     |     精确率: 0.975976
2025-07-30 01:59:54 | INFO     |     召回率: 0.975749
2025-07-30 01:59:54 | INFO     |   学习率调度器: f1_based
2025-07-30 01:59:54 | INFO     | ------------------------------------------------------------
2025-07-30 01:59:54 | INFO     | Epoch  86 | Train: Loss=0.0356, Acc=0.9854 | Val: Loss=0.0770, Acc=0.9745, F1=0.9745 | LR=0.000013 
2025-07-30 02:04:21 | INFO     | Epoch 87:
2025-07-30 02:04:21 | INFO     |   训练指标:
2025-07-30 02:04:21 | INFO     |     损失(ce): 0.041238
2025-07-30 02:04:21 | INFO     |     准确率: 0.985245
2025-07-30 02:04:21 | INFO     |     学习率: 0.00001250
2025-07-30 02:04:21 | INFO     |   验证指标(标准CE):
2025-07-30 02:04:21 | INFO     |     损失: 0.080828
2025-07-30 02:04:21 | INFO     |     准确率: 0.975871
2025-07-30 02:04:21 | INFO     |     F1(macro): 0.976619
2025-07-30 02:04:21 | INFO     |     F1(weighted): 0.975676
2025-07-30 02:04:21 | INFO     |     精确率: 0.979178
2025-07-30 02:04:21 | INFO     |     召回率: 0.977089
2025-07-30 02:04:21 | INFO     |   学习率调度器: f1_based
2025-07-30 02:04:21 | INFO     | ------------------------------------------------------------
2025-07-30 02:04:21 | INFO     | Epoch  87 | Train: Loss=0.0412, Acc=0.9852 | Val: Loss=0.0808, Acc=0.9759, F1=0.9757 | LR=0.000013 
2025-07-30 02:08:48 | INFO     | Epoch 88:
2025-07-30 02:08:48 | INFO     |   训练指标:
2025-07-30 02:08:48 | INFO     |     损失(ce): 0.039329
2025-07-30 02:08:48 | INFO     |     准确率: 0.985077
2025-07-30 02:08:48 | INFO     |     学习率: 0.00001250
2025-07-30 02:08:48 | INFO     |   验证指标(标准CE):
2025-07-30 02:08:48 | INFO     |     损失: 0.068517
2025-07-30 02:08:48 | INFO     |     准确率: 0.975871
2025-07-30 02:08:48 | INFO     |     F1(macro): 0.976600
2025-07-30 02:08:48 | INFO     |     F1(weighted): 0.975846
2025-07-30 02:08:48 | INFO     |     精确率: 0.976898
2025-07-30 02:08:48 | INFO     |     召回率: 0.976577
2025-07-30 02:08:48 | INFO     |   学习率调度器: f1_based
2025-07-30 02:08:48 | INFO     | ------------------------------------------------------------
2025-07-30 02:08:48 | INFO     | 🎯 学习率调整事件:
2025-07-30 02:08:48 | INFO     |   调度器类型: f1_based
2025-07-30 02:08:48 | INFO     |   学习率变化: 0.00001250 → 0.00000625
2025-07-30 02:08:48 | INFO     |   触发条件: F1分数 = 0.975846
2025-07-30 02:08:48 | INFO     |   变化幅度: -50.00%
2025-07-30 02:08:48 | INFO     | ------------------------------------------------------------
2025-07-30 02:08:48 | INFO     | Epoch  88 | Train: Loss=0.0393, Acc=0.9851 | Val: Loss=0.0685, Acc=0.9759, F1=0.9758 | LR=0.000006 
2025-07-30 02:13:16 | INFO     | Epoch 89:
2025-07-30 02:13:16 | INFO     |   训练指标:
2025-07-30 02:13:16 | INFO     |     损失(ce): 0.028499
2025-07-30 02:13:16 | INFO     |     准确率: 0.988766
2025-07-30 02:13:16 | INFO     |     学习率: 0.00000625
2025-07-30 02:13:16 | INFO     |   验证指标(标准CE):
2025-07-30 02:13:16 | INFO     |     损失: 0.079413
2025-07-30 02:13:16 | INFO     |     准确率: 0.976542
2025-07-30 02:13:16 | INFO     |     F1(macro): 0.977467
2025-07-30 02:13:16 | INFO     |     F1(weighted): 0.976479
2025-07-30 02:13:16 | INFO     |     精确率: 0.980693
2025-07-30 02:13:16 | INFO     |     召回率: 0.977764
2025-07-30 02:13:16 | INFO     |   学习率调度器: f1_based
2025-07-30 02:13:16 | INFO     | ------------------------------------------------------------
2025-07-30 02:13:16 | INFO     | Epoch  89 | Train: Loss=0.0285, Acc=0.9888 | Val: Loss=0.0794, Acc=0.9765, F1=0.9765 | LR=0.000006 
2025-07-30 02:17:43 | INFO     | Epoch 90:
2025-07-30 02:17:43 | INFO     |   训练指标:
2025-07-30 02:17:43 | INFO     |     损失(ce): 0.043716
2025-07-30 02:17:43 | INFO     |     准确率: 0.985245
2025-07-30 02:17:43 | INFO     |     学习率: 0.00000625
2025-07-30 02:17:43 | INFO     |   验证指标(标准CE):
2025-07-30 02:17:43 | INFO     |     损失: 0.063036
2025-07-30 02:17:43 | INFO     |     准确率: 0.977212
2025-07-30 02:17:43 | INFO     |     F1(macro): 0.977844
2025-07-30 02:17:43 | INFO     |     F1(weighted): 0.977037
2025-07-30 02:17:43 | INFO     |     精确率: 0.980172
2025-07-30 02:17:43 | INFO     |     召回率: 0.978316
2025-07-30 02:17:43 | INFO     |   学习率调度器: f1_based
2025-07-30 02:17:43 | INFO     | ------------------------------------------------------------
2025-07-30 02:17:43 | INFO     | Epoch  90 | Train: Loss=0.0437, Acc=0.9852 | Val: Loss=0.0630, Acc=0.9772, F1=0.9770 | LR=0.000006 
2025-07-30 02:22:10 | INFO     | Epoch 91:
2025-07-30 02:22:10 | INFO     |   训练指标:
2025-07-30 02:22:10 | INFO     |     损失(ce): 0.033336
2025-07-30 02:22:10 | INFO     |     准确率: 0.986419
2025-07-30 02:22:10 | INFO     |     学习率: 0.00000625
2025-07-30 02:22:10 | INFO     |   验证指标(标准CE):
2025-07-30 02:22:10 | INFO     |     损失: 0.066897
2025-07-30 02:22:10 | INFO     |     准确率: 0.976542
2025-07-30 02:22:10 | INFO     |     F1(macro): 0.977523
2025-07-30 02:22:10 | INFO     |     F1(weighted): 0.976517
2025-07-30 02:22:10 | INFO     |     精确率: 0.978502
2025-07-30 02:22:10 | INFO     |     召回率: 0.977347
2025-07-30 02:22:10 | INFO     |   学习率调度器: f1_based
2025-07-30 02:22:10 | INFO     | ------------------------------------------------------------
2025-07-30 02:22:10 | INFO     | Epoch  91 | Train: Loss=0.0333, Acc=0.9864 | Val: Loss=0.0669, Acc=0.9765, F1=0.9765 | LR=0.000006 
2025-07-30 02:26:37 | INFO     | Epoch 92:
2025-07-30 02:26:37 | INFO     |   训练指标:
2025-07-30 02:26:37 | INFO     |     损失(ce): 0.030687
2025-07-30 02:26:37 | INFO     |     准确率: 0.987592
2025-07-30 02:26:37 | INFO     |     学习率: 0.00000625
2025-07-30 02:26:37 | INFO     |   验证指标(标准CE):
2025-07-30 02:26:37 | INFO     |     损失: 0.076279
2025-07-30 02:26:37 | INFO     |     准确率: 0.975201
2025-07-30 02:26:37 | INFO     |     F1(macro): 0.976254
2025-07-30 02:26:37 | INFO     |     F1(weighted): 0.975053
2025-07-30 02:26:37 | INFO     |     精确率: 0.979476
2025-07-30 02:26:37 | INFO     |     召回率: 0.976473
2025-07-30 02:26:37 | INFO     |   学习率调度器: f1_based
2025-07-30 02:26:37 | INFO     | ------------------------------------------------------------
2025-07-30 02:26:37 | INFO     | Epoch  92 | Train: Loss=0.0307, Acc=0.9876 | Val: Loss=0.0763, Acc=0.9752, F1=0.9751 | LR=0.000006 
2025-07-30 02:31:04 | INFO     | Epoch 93:
2025-07-30 02:31:04 | INFO     |   训练指标:
2025-07-30 02:31:04 | INFO     |     损失(ce): 0.035075
2025-07-30 02:31:04 | INFO     |     准确率: 0.986251
2025-07-30 02:31:04 | INFO     |     学习率: 0.00000625
2025-07-30 02:31:04 | INFO     |   验证指标(标准CE):
2025-07-30 02:31:04 | INFO     |     损失: 0.085339
2025-07-30 02:31:04 | INFO     |     准确率: 0.973190
2025-07-30 02:31:04 | INFO     |     F1(macro): 0.974292
2025-07-30 02:31:04 | INFO     |     F1(weighted): 0.973066
2025-07-30 02:31:04 | INFO     |     精确率: 0.976220
2025-07-30 02:31:04 | INFO     |     召回率: 0.974448
2025-07-30 02:31:04 | INFO     |   学习率调度器: f1_based
2025-07-30 02:31:04 | INFO     | ------------------------------------------------------------
2025-07-30 02:31:04 | INFO     | Epoch  93 | Train: Loss=0.0351, Acc=0.9863 | Val: Loss=0.0853, Acc=0.9732, F1=0.9731 | LR=0.000006 
2025-07-30 02:35:31 | INFO     | Epoch 94:
2025-07-30 02:35:31 | INFO     |   训练指标:
2025-07-30 02:35:31 | INFO     |     损失(ce): 0.030684
2025-07-30 02:35:31 | INFO     |     准确率: 0.986586
2025-07-30 02:35:31 | INFO     |     学习率: 0.00000625
2025-07-30 02:35:31 | INFO     |   验证指标(标准CE):
2025-07-30 02:35:31 | INFO     |     损失: 0.084927
2025-07-30 02:35:31 | INFO     |     准确率: 0.973861
2025-07-30 02:35:31 | INFO     |     F1(macro): 0.974384
2025-07-30 02:35:31 | INFO     |     F1(weighted): 0.973640
2025-07-30 02:35:31 | INFO     |     精确率: 0.976654
2025-07-30 02:35:31 | INFO     |     召回率: 0.975282
2025-07-30 02:35:31 | INFO     |   学习率调度器: f1_based
2025-07-30 02:35:31 | INFO     | ------------------------------------------------------------
2025-07-30 02:35:31 | INFO     | Epoch  94 | Train: Loss=0.0307, Acc=0.9866 | Val: Loss=0.0849, Acc=0.9739, F1=0.9736 | LR=0.000006 
2025-07-30 02:39:58 | INFO     | Epoch 95:
2025-07-30 02:39:58 | INFO     |   训练指标:
2025-07-30 02:39:58 | INFO     |     损失(ce): 0.029094
2025-07-30 02:39:58 | INFO     |     准确率: 0.986754
2025-07-30 02:39:58 | INFO     |     学习率: 0.00000625
2025-07-30 02:39:58 | INFO     |   验证指标(标准CE):
2025-07-30 02:39:58 | INFO     |     损失: 0.091443
2025-07-30 02:39:58 | INFO     |     准确率: 0.975871
2025-07-30 02:39:58 | INFO     |     F1(macro): 0.976742
2025-07-30 02:39:58 | INFO     |     F1(weighted): 0.975666
2025-07-30 02:39:58 | INFO     |     精确率: 0.979488
2025-07-30 02:39:58 | INFO     |     召回率: 0.977015
2025-07-30 02:39:58 | INFO     |   学习率调度器: f1_based
2025-07-30 02:39:58 | INFO     | ------------------------------------------------------------
2025-07-30 02:39:58 | INFO     | Epoch  95 | Train: Loss=0.0291, Acc=0.9868 | Val: Loss=0.0914, Acc=0.9759, F1=0.9757 | LR=0.000006 
2025-07-30 02:39:58 | INFO     | ⏹️ 早停触发，在第 95 轮停止训练
2025-07-30 02:40:16 | INFO     | 训练历史已保存到: ./result/0729_1934_DualGAF_DDAHU_DualGAFNet_SDAHU通道压缩_sl96_step96_fd128_extractor-dilated_gaf-adaptive_attention-channel_classifier-mlp_stat-basic_fusion-concat_compression-signal_compression_ratio-0.7/training_history.csv
2025-07-30 02:40:16 | INFO     | 
====================================================================================================
2025-07-30 02:40:16 | INFO     | 🎉 训练完成总结:
2025-07-30 02:40:16 | INFO     |   训练损失函数: ce
2025-07-30 02:40:16 | INFO     |   验证损失函数: 标准交叉熵（遵循主流ML规范）
2025-07-30 02:40:16 | INFO     |   训练过程最佳验证准确率: 0.9832
2025-07-30 02:40:16 | INFO     |   训练过程最佳验证F1(macro): 0.9841
2025-07-30 02:40:16 | INFO     |   训练过程最佳验证F1(weighted): 0.9833
2025-07-30 02:40:16 | INFO     |   训练轮数: 95
2025-07-30 02:40:16 | INFO     | --------------------------------------------------
2025-07-30 02:40:16 | INFO     | 📊 最佳模型真实性能指标（基于标准交叉熵损失）:
2025-07-30 02:40:16 | INFO     |   验证损失(标准CE): 0.0674
2025-07-30 02:40:16 | INFO     |   验证准确率: 0.9832
2025-07-30 02:40:16 | INFO     |   验证F1(macro): 0.9841
2025-07-30 02:40:16 | INFO     |   验证F1(weighted): 0.9833
2025-07-30 02:40:16 | INFO     |   验证精确率: 0.9860
2025-07-30 02:40:16 | INFO     |   验证召回率: 0.9836
2025-07-30 02:40:16 | INFO     | ====================================================================================================
2025-07-30 02:40:19 | INFO     | ================================================================================
2025-07-30 02:40:19 | INFO     | 实验日志结束: DualGAF_DDAHU_DualGAFNet_SDAHU通道压缩_sl96_step96_fd128_extractor-dilated_gaf-adaptive_attention-channel_classifier-mlp_stat-basic_fusion-concat_compression-signal_compression_ratio-0.7
2025-07-30 02:40:19 | INFO     | 结束时间: 2025-07-30 02:40:19
2025-07-30 02:40:19 | INFO     | ================================================================================
