2025-07-09 21:28:07 | INFO     | ================================================================================
2025-07-09 21:28:07 | INFO     | 实验日志开始: DualGAF_DDAHU_DualGAFNet_dilated_enhanced_sl96_step96_fd128_extractor-optimized_dilated_gaf-adaptive_attention-channel_classifier-mlp_stat-basic_fusion-concat
2025-07-09 21:28:07 | INFO     | 日志文件: ./result/0709_2128_DualGAF_DDAHU_DualGAFNet_dilated_enhanced_sl96_step96_fd128_extractor-optimized_dilated_gaf-adaptive_attention-channel_classifier-mlp_stat-basic_fusion-concat/training.log
2025-07-09 21:28:07 | INFO     | 开始时间: 2025-07-09 21:28:07
2025-07-09 21:28:07 | INFO     | ================================================================================
2025-07-09 21:28:07 | INFO     | ⚙️ 实验配置:
2025-07-09 21:28:07 | INFO     |    task_name: classification
2025-07-09 21:28:07 | INFO     |    is_training: 1
2025-07-09 21:28:07 | INFO     |    model_id: test
2025-07-09 21:28:07 | INFO     |    model: DualGAFNet
2025-07-09 21:28:07 | INFO     |    data: DualGAF_DDAHU
2025-07-09 21:28:07 | INFO     |    root_path: ./dataset/DDAHU/direct_5_working
2025-07-09 21:28:07 | INFO     |    step: 96
2025-07-09 21:28:07 | INFO     |    checkpoints: ./checkpoints/
2025-07-09 21:28:07 | INFO     |    num_class: 29
2025-07-09 21:28:07 | INFO     |    result_path: ./result/
2025-07-09 21:28:07 | INFO     |    test_size: 0.2
2025-07-09 21:28:07 | INFO     |    seq_len: 96
2025-07-09 21:28:07 | INFO     |    enc_in: 97
2025-07-09 21:28:07 | INFO     |    d_model: 512
2025-07-09 21:28:07 | INFO     |    n_heads: 8
2025-07-09 21:28:07 | INFO     |    e_layers: 2
2025-07-09 21:28:07 | INFO     |    d_layers: 1
2025-07-09 21:28:07 | INFO     |    d_ff: 2048
2025-07-09 21:28:07 | INFO     |    moving_avg: 25
2025-07-09 21:28:07 | INFO     |    factor: 1
2025-07-09 21:28:07 | INFO     |    distil: True
2025-07-09 21:28:07 | INFO     |    dropout: 0.1
2025-07-09 21:28:07 | INFO     |    embed: timeF
2025-07-09 21:28:07 | INFO     |    activation: gelu
2025-07-09 21:28:07 | INFO     |    use_norm: 1
2025-07-09 21:28:07 | INFO     |    gaf_method: summation
2025-07-09 21:28:07 | INFO     |    feature_dim: 128
2025-07-09 21:28:07 | INFO     |    data_type_method: uint8
2025-07-09 21:28:07 | INFO     |    use_attention: True
2025-07-09 21:28:07 | INFO     |    hidden_dim: 64
2025-07-09 21:28:07 | INFO     |    sample_size: 1000
2025-07-09 21:28:07 | INFO     |    channel_groups: None
2025-07-09 21:28:07 | INFO     |    hvac_groups: None
2025-07-09 21:28:07 | INFO     |    extractor_type: optimized_dilated
2025-07-09 21:28:07 | INFO     |    fusion_type: adaptive
2025-07-09 21:28:07 | INFO     |    attention_type: channel
2025-07-09 21:28:07 | INFO     |    classifier_type: mlp
2025-07-09 21:28:07 | INFO     |    use_statistical_features: True
2025-07-09 21:28:07 | INFO     |    stat_type: basic
2025-07-09 21:28:07 | INFO     |    multimodal_fusion_strategy: concat
2025-07-09 21:28:07 | INFO     |    use_diff_branch: True
2025-07-09 21:28:07 | INFO     |    ablation_mode: none
2025-07-09 21:28:07 | INFO     |    backbone_type: resnet18
2025-07-09 21:28:07 | INFO     |    use_sum_branch: True
2025-07-09 21:28:07 | INFO     |    num_workers: 0
2025-07-09 21:28:07 | INFO     |    cuda_debug: False
2025-07-09 21:28:07 | INFO     |    gpu_memory_fraction: 0.9
2025-07-09 21:28:07 | INFO     |    safe_mode: True
2025-07-09 21:28:07 | INFO     |    drop_last_batch: True
2025-07-09 21:28:07 | INFO     |    itr: 1
2025-07-09 21:28:07 | INFO     |    train_epochs: 300
2025-07-09 21:28:07 | INFO     |    batch_size: 4
2025-07-09 21:28:07 | INFO     |    patience: 10
2025-07-09 21:28:07 | INFO     |    learning_rate: 0.0001
2025-07-09 21:28:07 | INFO     |    des: dilated_enhanced
2025-07-09 21:28:07 | INFO     |    loss: MSE
2025-07-09 21:28:07 | INFO     |    lradj: type1
2025-07-09 21:28:07 | INFO     |    lr_scheduler_type: f1_based
2025-07-09 21:28:07 | INFO     |    lr_loss_weight: 0.3
2025-07-09 21:28:07 | INFO     |    lr_f1_weight: 0.7
2025-07-09 21:28:07 | INFO     |    use_amp: False
2025-07-09 21:28:07 | INFO     |    gradient_accumulation_steps: 2
2025-07-09 21:28:07 | INFO     |    enable_auto_gradient_accumulation: True
2025-07-09 21:28:07 | INFO     |    loss_type: ce
2025-07-09 21:28:07 | INFO     |    label_smoothing: 0.1
2025-07-09 21:28:07 | INFO     |    focal_alpha: 1.0
2025-07-09 21:28:07 | INFO     |    focal_gamma: 2.0
2025-07-09 21:28:07 | INFO     |    confidence_penalty_beta: 0.1
2025-07-09 21:28:07 | INFO     |    use_timm_loss: True
2025-07-09 21:28:07 | INFO     |    adaptive_initial_smoothing: 0.2
2025-07-09 21:28:07 | INFO     |    adaptive_final_smoothing: 0.05
2025-07-09 21:28:07 | INFO     |    adaptive_decay_epochs: 30
2025-07-09 21:28:07 | INFO     |    enable_class_weights: False
2025-07-09 21:28:07 | INFO     |    class_weights: None
2025-07-09 21:28:07 | INFO     |    loss_preset: hvac_hard_samples
2025-07-09 21:28:07 | INFO     |    n_jobs: 8
2025-07-09 21:28:07 | INFO     |    use_multiprocessing: True
2025-07-09 21:28:07 | INFO     |    chunk_size: 800
2025-07-09 21:28:07 | INFO     |    disable_parallel: False
2025-07-09 21:28:07 | INFO     |    use_shared_memory: True
2025-07-09 21:28:07 | INFO     |    disable_shared_memory: False
2025-07-09 21:28:07 | INFO     |    use_gpu: True
2025-07-09 21:28:07 | INFO     |    gpu: 0
2025-07-09 21:28:07 | INFO     |    gpu_type: cuda
2025-07-09 21:28:07 | INFO     |    use_multi_gpu: False
2025-07-09 21:28:07 | INFO     |    devices: 0,1,2,3
2025-07-09 21:28:07 | INFO     |    device: cuda:0
2025-07-09 21:28:07 | INFO     |    feature_columns: ['CHWP_GPMC', 'CHWC_VLV_DM', 'CHWC_VLV', 'CHWC_MWT', 'CHWC_LWT', 'VAVCFM_H_DM_SB', 'CHWC_EAH', 'VAV_DAT_SA', 'CHWC_DAT', 'VAV_SP_C_SA', 'HWP_GPMT', 'VAVCFM_C_DM_SB', 'RM_TEMP_W', 'HWP_GPMC', 'VAVCFM_T_SB', 'VAV_DMPR_H_SB', 'HWC_VLV_DM', 'VAVCFM_H_SB', 'HWC_VLV', 'VAV_DMPR_H_E', 'HWC_LWT', 'HWC_MWT', 'VAV_DMPR_C_SB', 'HWC_DAT', 'RM_TEMP_SB', 'CSF_WAT', 'CSF_SPD', 'CSF_DP', 'CSA_TEMP', 'CSA_CFM', 'VAV_EAT_C_SB', 'CSA_HUMD', 'CSA_SP', 'VAVCFM_C_SB', 'VAVCFM_H_W', 'HSF_SPD', 'VAV_EAT_H_SB', 'VAV_DAT_SB', 'RM_TEMP_SA', 'HSF_DP', 'HSA_TEMP', 'VAVCFM_C_DM_W', 'VAVCFM_C_W', 'VAV_DAT_W', 'HSA_SP', 'HSA_CFM', 'VAV_DMPR_H_W', 'HSF_WAT', 'VAVCFM_T_W', 'EA_DMPR_DM', 'RF_WAT', 'VAV_SP_C_W', 'VAV_SP_H_E', 'EA_DMPR', 'VAV_SP_H_SB', 'RF_SPD', 'RA_TEMP', 'RA_HUMD', 'VAV_SP_H_SA', 'VAV_EAT_H_W', 'RF_DP', 'VAV_DMPR_C_SA', 'VAV_SP_C_SB', 'RA_DMPR_DM', 'VAV_DMPR_H_SA', 'VAV_SP_H_W', 'VAVCFM_H_DM_SA', 'RA_DMPR', 'VAV_EAT_C_W', 'VAVCFM_C_DM_SA', 'RA_CFM', 'MA_TEMP', 'VAVCFM_C_SA', 'OA_TEMP', 'VAVCFM_H_SA', 'VAVCFM_H_DM_W', 'OA_HUMD', 'VAVCFM_T_SA', 'OA_DMPR_DM', 'VAV_EAT_C_SA', 'VAV_DMPR_C_W', 'OA_DMPR', 'VAV_EAT_H_SA', 'HSA_HUMD', 'RM_TEMP_E', 'VAV_EAT_H_E', 'VAV_DAT_E', 'VAV_EAT_C_E', 'VAVCFM_T_E', 'VAVCFM_H_E', 'VAV_SP_C_E', 'VAVCFM_C_DM_E', 'OA_CFM', 'VAV_DMPR_C_E', 'VAVCFM_C_E', 'VAVCFM_H_DM_E', 'CHWP_GPMT']
2025-07-09 21:28:07 | INFO     | 🏗️ 模型信息:
2025-07-09 21:28:07 | INFO     |    模型类型: Model
2025-07-09 21:28:07 | INFO     |    总参数数量: 27,620,258
2025-07-09 21:28:07 | INFO     |    可训练参数: 27,620,258
2025-07-09 21:28:07 | INFO     |    模型大小估计: 105.36 MB
2025-07-09 21:28:07 | INFO     | 📊 数据集信息:
2025-07-09 21:28:07 | INFO     |    训练集大小: 5967
2025-07-09 21:28:07 | INFO     |    验证集大小: 1492
2025-07-09 21:28:07 | INFO     | 
================================================================================
2025-07-09 21:28:07 | INFO     | 📋 损失函数使用策略（遵循主流机器学习规范）:
2025-07-09 21:28:07 | INFO     |    🎯 训练阶段: 使用 hybrid_focal 损失函数
2025-07-09 21:28:07 | INFO     |       → 目的：优化模型参数，解决特定问题（类别不平衡、相似性等）
2025-07-09 21:28:07 | INFO     |    📊 验证阶段: 使用标准交叉熵损失函数
2025-07-09 21:28:07 | INFO     |       → 目的：客观评估模型性能，便于不同方法比较
2025-07-09 21:28:07 | INFO     |    📈 最终报告: 基于标准交叉熵损失的指标
2025-07-09 21:28:07 | INFO     |       → 目的：提供可信、可比较的性能指标
2025-07-09 21:28:07 | INFO     | ================================================================================

2025-07-09 21:28:07 | INFO     | 🔄 梯度累积配置: 每2轮累积一次梯度
2025-07-09 21:28:07 | INFO     |    实际batch_size: 4
2025-07-09 21:28:07 | INFO     |    有效batch_size: 8
2025-07-09 21:34:15 | INFO     | Epoch 1:
2025-07-09 21:34:15 | INFO     |   训练指标:
2025-07-09 21:34:15 | INFO     |     损失(hybrid_focal): 1.551039
2025-07-09 21:34:15 | INFO     |     准确率: 0.392186
2025-07-09 21:34:15 | INFO     |     学习率: 0.00010000
2025-07-09 21:34:15 | INFO     |   验证指标(标准CE):
2025-07-09 21:34:15 | INFO     |     损失: 1.139887
2025-07-09 21:34:15 | INFO     |     准确率: 0.697721
2025-07-09 21:34:15 | INFO     |     F1(macro): 0.671728
2025-07-09 21:34:15 | INFO     |     F1(weighted): 0.664828
2025-07-09 21:34:15 | INFO     |     精确率: 0.746861
2025-07-09 21:34:15 | INFO     |     召回率: 0.701310
2025-07-09 21:34:15 | INFO     |   学习率调度器: f1_based
2025-07-09 21:34:15 | INFO     | ------------------------------------------------------------
2025-07-09 21:34:15 | INFO     | Epoch   1 | Train: Loss=1.5510, Acc=0.3922 | Val: Loss=1.1399, Acc=0.6977, F1=0.6648 | LR=0.000100 🏆 [最佳模型]
2025-07-09 21:40:02 | INFO     | Epoch 2:
2025-07-09 21:40:02 | INFO     |   训练指标:
2025-07-09 21:40:02 | INFO     |     损失(hybrid_focal): 0.521478
2025-07-09 21:40:02 | INFO     |     准确率: 0.773977
2025-07-09 21:40:02 | INFO     |     学习率: 0.00010000
2025-07-09 21:40:02 | INFO     |   验证指标(标准CE):
2025-07-09 21:40:02 | INFO     |     损失: 0.540531
2025-07-09 21:40:02 | INFO     |     准确率: 0.865282
2025-07-09 21:40:02 | INFO     |     F1(macro): 0.873090
2025-07-09 21:40:02 | INFO     |     F1(weighted): 0.869392
2025-07-09 21:40:02 | INFO     |     精确率: 0.901655
2025-07-09 21:40:02 | INFO     |     召回率: 0.870982
2025-07-09 21:40:02 | INFO     |   学习率调度器: f1_based
2025-07-09 21:40:02 | INFO     | ------------------------------------------------------------
2025-07-09 21:40:02 | INFO     | Epoch   2 | Train: Loss=0.5215, Acc=0.7740 | Val: Loss=0.5405, Acc=0.8653, F1=0.8694 | LR=0.000100 🏆 [最佳模型]
2025-07-09 21:45:42 | INFO     | Epoch 3:
2025-07-09 21:45:42 | INFO     |   训练指标:
2025-07-09 21:45:42 | INFO     |     损失(hybrid_focal): 0.326357
2025-07-09 21:45:42 | INFO     |     准确率: 0.857646
2025-07-09 21:45:42 | INFO     |     学习率: 0.00010000
2025-07-09 21:45:42 | INFO     |   验证指标(标准CE):
2025-07-09 21:45:42 | INFO     |     损失: 0.413091
2025-07-09 21:45:42 | INFO     |     准确率: 0.888070
2025-07-09 21:45:42 | INFO     |     F1(macro): 0.883638
2025-07-09 21:45:42 | INFO     |     F1(weighted): 0.879025
2025-07-09 21:45:42 | INFO     |     精确率: 0.900158
2025-07-09 21:45:42 | INFO     |     召回率: 0.891317
2025-07-09 21:45:42 | INFO     |   学习率调度器: f1_based
2025-07-09 21:45:42 | INFO     | ------------------------------------------------------------
2025-07-09 21:45:42 | INFO     | Epoch   3 | Train: Loss=0.3264, Acc=0.8576 | Val: Loss=0.4131, Acc=0.8881, F1=0.8790 | LR=0.000100 🏆 [最佳模型]
2025-07-09 21:51:21 | INFO     | Epoch 4:
2025-07-09 21:51:21 | INFO     |   训练指标:
2025-07-09 21:51:21 | INFO     |     损失(hybrid_focal): 0.267919
2025-07-09 21:51:21 | INFO     |     准确率: 0.883132
2025-07-09 21:51:21 | INFO     |     学习率: 0.00010000
2025-07-09 21:51:21 | INFO     |   验证指标(标准CE):
2025-07-09 21:51:21 | INFO     |     损失: 0.348034
2025-07-09 21:51:21 | INFO     |     准确率: 0.900804
2025-07-09 21:51:21 | INFO     |     F1(macro): 0.905582
2025-07-09 21:51:21 | INFO     |     F1(weighted): 0.902230
2025-07-09 21:51:21 | INFO     |     精确率: 0.927797
2025-07-09 21:51:21 | INFO     |     召回率: 0.904687
2025-07-09 21:51:21 | INFO     |   学习率调度器: f1_based
2025-07-09 21:51:21 | INFO     | ------------------------------------------------------------
2025-07-09 21:51:21 | INFO     | Epoch   4 | Train: Loss=0.2679, Acc=0.8831 | Val: Loss=0.3480, Acc=0.9008, F1=0.9022 | LR=0.000100 🏆 [最佳模型]
2025-07-09 21:56:59 | INFO     | Epoch 5:
2025-07-09 21:56:59 | INFO     |   训练指标:
2025-07-09 21:56:59 | INFO     |     损失(hybrid_focal): 0.228572
2025-07-09 21:56:59 | INFO     |     准确率: 0.904930
2025-07-09 21:56:59 | INFO     |     学习率: 0.00010000
2025-07-09 21:56:59 | INFO     |   验证指标(标准CE):
2025-07-09 21:56:59 | INFO     |     损失: 0.291832
2025-07-09 21:56:59 | INFO     |     准确率: 0.917560
2025-07-09 21:56:59 | INFO     |     F1(macro): 0.922550
2025-07-09 21:56:59 | INFO     |     F1(weighted): 0.920430
2025-07-09 21:56:59 | INFO     |     精确率: 0.940351
2025-07-09 21:56:59 | INFO     |     召回率: 0.920778
2025-07-09 21:56:59 | INFO     |   学习率调度器: f1_based
2025-07-09 21:56:59 | INFO     | ------------------------------------------------------------
2025-07-09 21:56:59 | INFO     | Epoch   5 | Train: Loss=0.2286, Acc=0.9049 | Val: Loss=0.2918, Acc=0.9176, F1=0.9204 | LR=0.000100 🏆 [最佳模型]
2025-07-09 22:02:37 | INFO     | Epoch 6:
2025-07-09 22:02:37 | INFO     |   训练指标:
2025-07-09 22:02:37 | INFO     |     损失(hybrid_focal): 0.209764
2025-07-09 22:02:37 | INFO     |     准确率: 0.911636
2025-07-09 22:02:37 | INFO     |     学习率: 0.00010000
2025-07-09 22:02:37 | INFO     |   验证指标(标准CE):
2025-07-09 22:02:37 | INFO     |     损失: 0.270692
2025-07-09 22:02:37 | INFO     |     准确率: 0.912198
2025-07-09 22:02:37 | INFO     |     F1(macro): 0.914266
2025-07-09 22:02:37 | INFO     |     F1(weighted): 0.911245
2025-07-09 22:02:37 | INFO     |     精确率: 0.919734
2025-07-09 22:02:37 | INFO     |     召回率: 0.916584
2025-07-09 22:02:37 | INFO     |   学习率调度器: f1_based
2025-07-09 22:02:37 | INFO     | ------------------------------------------------------------
2025-07-09 22:02:37 | INFO     | Epoch   6 | Train: Loss=0.2098, Acc=0.9116 | Val: Loss=0.2707, Acc=0.9122, F1=0.9112 | LR=0.000100 
2025-07-09 22:08:13 | INFO     | Epoch 7:
2025-07-09 22:08:13 | INFO     |   训练指标:
2025-07-09 22:08:13 | INFO     |     损失(hybrid_focal): 0.207141
2025-07-09 22:08:13 | INFO     |     准确率: 0.920020
2025-07-09 22:08:13 | INFO     |     学习率: 0.00010000
2025-07-09 22:08:13 | INFO     |   验证指标(标准CE):
2025-07-09 22:08:13 | INFO     |     损失: 0.228169
2025-07-09 22:08:13 | INFO     |     准确率: 0.941689
2025-07-09 22:08:13 | INFO     |     F1(macro): 0.944451
2025-07-09 22:08:13 | INFO     |     F1(weighted): 0.942545
2025-07-09 22:08:13 | INFO     |     精确率: 0.953691
2025-07-09 22:08:13 | INFO     |     召回率: 0.944106
2025-07-09 22:08:13 | INFO     |   学习率调度器: f1_based
2025-07-09 22:08:13 | INFO     | ------------------------------------------------------------
2025-07-09 22:08:13 | INFO     | Epoch   7 | Train: Loss=0.2071, Acc=0.9200 | Val: Loss=0.2282, Acc=0.9417, F1=0.9425 | LR=0.000100 🏆 [最佳模型]
2025-07-09 22:13:51 | INFO     | Epoch 8:
2025-07-09 22:13:51 | INFO     |   训练指标:
2025-07-09 22:13:51 | INFO     |     损失(hybrid_focal): 0.184951
2025-07-09 22:13:51 | INFO     |     准确率: 0.929913
2025-07-09 22:13:51 | INFO     |     学习率: 0.00010000
2025-07-09 22:13:51 | INFO     |   验证指标(标准CE):
2025-07-09 22:13:51 | INFO     |     损失: 0.369262
2025-07-09 22:13:51 | INFO     |     准确率: 0.906166
2025-07-09 22:13:51 | INFO     |     F1(macro): 0.909419
2025-07-09 22:13:51 | INFO     |     F1(weighted): 0.904381
2025-07-09 22:13:51 | INFO     |     精确率: 0.930603
2025-07-09 22:13:51 | INFO     |     召回率: 0.913403
2025-07-09 22:13:51 | INFO     |   学习率调度器: f1_based
2025-07-09 22:13:51 | INFO     | ------------------------------------------------------------
2025-07-09 22:13:51 | INFO     | Epoch   8 | Train: Loss=0.1850, Acc=0.9299 | Val: Loss=0.3693, Acc=0.9062, F1=0.9044 | LR=0.000100 
2025-07-09 22:19:29 | INFO     | Epoch 9:
2025-07-09 22:19:29 | INFO     |   训练指标:
2025-07-09 22:19:29 | INFO     |     损失(hybrid_focal): 0.180630
2025-07-09 22:19:29 | INFO     |     准确率: 0.926895
2025-07-09 22:19:29 | INFO     |     学习率: 0.00010000
2025-07-09 22:19:29 | INFO     |   验证指标(标准CE):
2025-07-09 22:19:29 | INFO     |     损失: 0.213822
2025-07-09 22:19:29 | INFO     |     准确率: 0.949062
2025-07-09 22:19:29 | INFO     |     F1(macro): 0.951564
2025-07-09 22:19:29 | INFO     |     F1(weighted): 0.949553
2025-07-09 22:19:29 | INFO     |     精确率: 0.954664
2025-07-09 22:19:29 | INFO     |     召回率: 0.950814
2025-07-09 22:19:29 | INFO     |   学习率调度器: f1_based
2025-07-09 22:19:29 | INFO     | ------------------------------------------------------------
2025-07-09 22:19:29 | INFO     | Epoch   9 | Train: Loss=0.1806, Acc=0.9269 | Val: Loss=0.2138, Acc=0.9491, F1=0.9496 | LR=0.000100 🏆 [最佳模型]
2025-07-09 22:25:06 | INFO     | Epoch 10:
2025-07-09 22:25:06 | INFO     |   训练指标:
2025-07-09 22:25:06 | INFO     |     损失(hybrid_focal): 0.172866
2025-07-09 22:25:06 | INFO     |     准确率: 0.934943
2025-07-09 22:25:06 | INFO     |     学习率: 0.00010000
2025-07-09 22:25:06 | INFO     |   验证指标(标准CE):
2025-07-09 22:25:06 | INFO     |     损失: 0.207385
2025-07-09 22:25:06 | INFO     |     准确率: 0.949062
2025-07-09 22:25:06 | INFO     |     F1(macro): 0.950474
2025-07-09 22:25:06 | INFO     |     F1(weighted): 0.948723
2025-07-09 22:25:06 | INFO     |     精确率: 0.957133
2025-07-09 22:25:06 | INFO     |     召回率: 0.950935
2025-07-09 22:25:06 | INFO     |   学习率调度器: f1_based
2025-07-09 22:25:06 | INFO     | ------------------------------------------------------------
2025-07-09 22:25:06 | INFO     | Epoch  10 | Train: Loss=0.1729, Acc=0.9349 | Val: Loss=0.2074, Acc=0.9491, F1=0.9487 | LR=0.000100 
2025-07-09 22:30:43 | INFO     | Epoch 11:
2025-07-09 22:30:43 | INFO     |   训练指标:
2025-07-09 22:30:43 | INFO     |     损失(hybrid_focal): 0.169937
2025-07-09 22:30:43 | INFO     |     准确率: 0.935446
2025-07-09 22:30:43 | INFO     |     学习率: 0.00010000
2025-07-09 22:30:43 | INFO     |   验证指标(标准CE):
2025-07-09 22:30:43 | INFO     |     损失: 0.310399
2025-07-09 22:30:43 | INFO     |     准确率: 0.927614
2025-07-09 22:30:43 | INFO     |     F1(macro): 0.926552
2025-07-09 22:30:43 | INFO     |     F1(weighted): 0.924276
2025-07-09 22:30:43 | INFO     |     精确率: 0.935873
2025-07-09 22:30:43 | INFO     |     召回率: 0.929930
2025-07-09 22:30:43 | INFO     |   学习率调度器: f1_based
2025-07-09 22:30:43 | INFO     | ------------------------------------------------------------
2025-07-09 22:30:43 | INFO     | Epoch  11 | Train: Loss=0.1699, Acc=0.9354 | Val: Loss=0.3104, Acc=0.9276, F1=0.9243 | LR=0.000100 
2025-07-09 22:36:20 | INFO     | Epoch 12:
2025-07-09 22:36:20 | INFO     |   训练指标:
2025-07-09 22:36:20 | INFO     |     损失(hybrid_focal): 0.160788
2025-07-09 22:36:20 | INFO     |     准确率: 0.941985
2025-07-09 22:36:20 | INFO     |     学习率: 0.00010000
2025-07-09 22:36:20 | INFO     |   验证指标(标准CE):
2025-07-09 22:36:20 | INFO     |     损失: 0.186752
2025-07-09 22:36:20 | INFO     |     准确率: 0.948391
2025-07-09 22:36:20 | INFO     |     F1(macro): 0.950598
2025-07-09 22:36:20 | INFO     |     F1(weighted): 0.949905
2025-07-09 22:36:20 | INFO     |     精确率: 0.960462
2025-07-09 22:36:20 | INFO     |     召回率: 0.951813
2025-07-09 22:36:20 | INFO     |   学习率调度器: f1_based
2025-07-09 22:36:20 | INFO     | ------------------------------------------------------------
2025-07-09 22:36:20 | INFO     | Epoch  12 | Train: Loss=0.1608, Acc=0.9420 | Val: Loss=0.1868, Acc=0.9484, F1=0.9499 | LR=0.000100 🏆 [最佳模型]
2025-07-09 22:41:58 | INFO     | Epoch 13:
2025-07-09 22:41:58 | INFO     |   训练指标:
2025-07-09 22:41:58 | INFO     |     损失(hybrid_focal): 0.158225
2025-07-09 22:41:58 | INFO     |     准确率: 0.941985
2025-07-09 22:41:58 | INFO     |     学习率: 0.00010000
2025-07-09 22:41:58 | INFO     |   验证指标(标准CE):
2025-07-09 22:41:58 | INFO     |     损失: 0.245049
2025-07-09 22:41:58 | INFO     |     准确率: 0.935657
2025-07-09 22:41:58 | INFO     |     F1(macro): 0.938107
2025-07-09 22:41:58 | INFO     |     F1(weighted): 0.937347
2025-07-09 22:41:58 | INFO     |     精确率: 0.953367
2025-07-09 22:41:58 | INFO     |     召回率: 0.936400
2025-07-09 22:41:58 | INFO     |   学习率调度器: f1_based
2025-07-09 22:41:58 | INFO     | ------------------------------------------------------------
2025-07-09 22:41:58 | INFO     | Epoch  13 | Train: Loss=0.1582, Acc=0.9420 | Val: Loss=0.2450, Acc=0.9357, F1=0.9373 | LR=0.000100 
2025-07-09 22:47:35 | INFO     | Epoch 14:
2025-07-09 22:47:35 | INFO     |   训练指标:
2025-07-09 22:47:35 | INFO     |     损失(hybrid_focal): 0.154083
2025-07-09 22:47:35 | INFO     |     准确率: 0.942991
2025-07-09 22:47:35 | INFO     |     学习率: 0.00010000
2025-07-09 22:47:35 | INFO     |   验证指标(标准CE):
2025-07-09 22:47:35 | INFO     |     损失: 0.206364
2025-07-09 22:47:35 | INFO     |     准确率: 0.942359
2025-07-09 22:47:35 | INFO     |     F1(macro): 0.948616
2025-07-09 22:47:35 | INFO     |     F1(weighted): 0.946140
2025-07-09 22:47:35 | INFO     |     精确率: 0.960106
2025-07-09 22:47:35 | INFO     |     召回率: 0.944483
2025-07-09 22:47:35 | INFO     |   学习率调度器: f1_based
2025-07-09 22:47:35 | INFO     | ------------------------------------------------------------
2025-07-09 22:47:35 | INFO     | Epoch  14 | Train: Loss=0.1541, Acc=0.9430 | Val: Loss=0.2064, Acc=0.9424, F1=0.9461 | LR=0.000100 
2025-07-09 22:53:13 | INFO     | Epoch 15:
2025-07-09 22:53:13 | INFO     |   训练指标:
2025-07-09 22:53:13 | INFO     |     损失(hybrid_focal): 0.147613
2025-07-09 22:53:13 | INFO     |     准确率: 0.951040
2025-07-09 22:53:13 | INFO     |     学习率: 0.00010000
2025-07-09 22:53:13 | INFO     |   验证指标(标准CE):
2025-07-09 22:53:13 | INFO     |     损失: 0.187822
2025-07-09 22:53:13 | INFO     |     准确率: 0.958445
2025-07-09 22:53:13 | INFO     |     F1(macro): 0.959816
2025-07-09 22:53:13 | INFO     |     F1(weighted): 0.958309
2025-07-09 22:53:13 | INFO     |     精确率: 0.963272
2025-07-09 22:53:13 | INFO     |     召回率: 0.961589
2025-07-09 22:53:13 | INFO     |   学习率调度器: f1_based
2025-07-09 22:53:13 | INFO     | ------------------------------------------------------------
2025-07-09 22:53:13 | INFO     | Epoch  15 | Train: Loss=0.1476, Acc=0.9510 | Val: Loss=0.1878, Acc=0.9584, F1=0.9583 | LR=0.000100 🏆 [最佳模型]
2025-07-09 22:58:52 | INFO     | Epoch 16:
2025-07-09 22:58:52 | INFO     |   训练指标:
2025-07-09 22:58:52 | INFO     |     损失(hybrid_focal): 0.145699
2025-07-09 22:58:52 | INFO     |     准确率: 0.951878
2025-07-09 22:58:52 | INFO     |     学习率: 0.00010000
2025-07-09 22:58:52 | INFO     |   验证指标(标准CE):
2025-07-09 22:58:52 | INFO     |     损失: 0.234574
2025-07-09 22:58:52 | INFO     |     准确率: 0.934987
2025-07-09 22:58:52 | INFO     |     F1(macro): 0.937534
2025-07-09 22:58:52 | INFO     |     F1(weighted): 0.934661
2025-07-09 22:58:52 | INFO     |     精确率: 0.945890
2025-07-09 22:58:52 | INFO     |     召回率: 0.938709
2025-07-09 22:58:52 | INFO     |   学习率调度器: f1_based
2025-07-09 22:58:52 | INFO     | ------------------------------------------------------------
2025-07-09 22:58:52 | INFO     | Epoch  16 | Train: Loss=0.1457, Acc=0.9519 | Val: Loss=0.2346, Acc=0.9350, F1=0.9347 | LR=0.000100 
2025-07-09 23:04:29 | INFO     | Epoch 17:
2025-07-09 23:04:29 | INFO     |   训练指标:
2025-07-09 23:04:29 | INFO     |     损失(hybrid_focal): 0.142346
2025-07-09 23:04:29 | INFO     |     准确率: 0.955231
2025-07-09 23:04:29 | INFO     |     学习率: 0.00010000
2025-07-09 23:04:29 | INFO     |   验证指标(标准CE):
2025-07-09 23:04:29 | INFO     |     损失: 0.205065
2025-07-09 23:04:29 | INFO     |     准确率: 0.955094
2025-07-09 23:04:29 | INFO     |     F1(macro): 0.958321
2025-07-09 23:04:29 | INFO     |     F1(weighted): 0.956491
2025-07-09 23:04:29 | INFO     |     精确率: 0.963867
2025-07-09 23:04:29 | INFO     |     召回率: 0.956473
2025-07-09 23:04:29 | INFO     |   学习率调度器: f1_based
2025-07-09 23:04:29 | INFO     | ------------------------------------------------------------
2025-07-09 23:04:29 | INFO     | Epoch  17 | Train: Loss=0.1423, Acc=0.9552 | Val: Loss=0.2051, Acc=0.9551, F1=0.9565 | LR=0.000100 
2025-07-09 23:10:06 | INFO     | Epoch 18:
2025-07-09 23:10:06 | INFO     |   训练指标:
2025-07-09 23:10:06 | INFO     |     损失(hybrid_focal): 0.149081
2025-07-09 23:10:06 | INFO     |     准确率: 0.948189
2025-07-09 23:10:06 | INFO     |     学习率: 0.00010000
2025-07-09 23:10:06 | INFO     |   验证指标(标准CE):
2025-07-09 23:10:06 | INFO     |     损失: 0.247068
2025-07-09 23:10:06 | INFO     |     准确率: 0.934987
2025-07-09 23:10:06 | INFO     |     F1(macro): 0.936969
2025-07-09 23:10:06 | INFO     |     F1(weighted): 0.934325
2025-07-09 23:10:06 | INFO     |     精确率: 0.949988
2025-07-09 23:10:06 | INFO     |     召回率: 0.937864
2025-07-09 23:10:06 | INFO     |   学习率调度器: f1_based
2025-07-09 23:10:06 | INFO     | ------------------------------------------------------------
2025-07-09 23:10:06 | INFO     | Epoch  18 | Train: Loss=0.1491, Acc=0.9482 | Val: Loss=0.2471, Acc=0.9350, F1=0.9343 | LR=0.000100 
2025-07-09 23:15:43 | INFO     | Epoch 19:
2025-07-09 23:15:43 | INFO     |   训练指标:
2025-07-09 23:15:43 | INFO     |     损失(hybrid_focal): 0.141306
2025-07-09 23:15:43 | INFO     |     准确率: 0.955399
2025-07-09 23:15:43 | INFO     |     学习率: 0.00010000
2025-07-09 23:15:43 | INFO     |   验证指标(标准CE):
2025-07-09 23:15:43 | INFO     |     损失: 0.207260
2025-07-09 23:15:43 | INFO     |     准确率: 0.957775
2025-07-09 23:15:43 | INFO     |     F1(macro): 0.958002
2025-07-09 23:15:43 | INFO     |     F1(weighted): 0.957316
2025-07-09 23:15:43 | INFO     |     精确率: 0.963751
2025-07-09 23:15:43 | INFO     |     召回率: 0.958487
2025-07-09 23:15:43 | INFO     |   学习率调度器: f1_based
2025-07-09 23:15:43 | INFO     | ------------------------------------------------------------
2025-07-09 23:15:43 | INFO     | Epoch  19 | Train: Loss=0.1413, Acc=0.9554 | Val: Loss=0.2073, Acc=0.9578, F1=0.9573 | LR=0.000100 
2025-07-09 23:21:20 | INFO     | Epoch 20:
2025-07-09 23:21:20 | INFO     |   训练指标:
2025-07-09 23:21:20 | INFO     |     损失(hybrid_focal): 0.143864
2025-07-09 23:21:20 | INFO     |     准确率: 0.953052
2025-07-09 23:21:20 | INFO     |     学习率: 0.00010000
2025-07-09 23:21:20 | INFO     |   验证指标(标准CE):
2025-07-09 23:21:20 | INFO     |     损失: 0.247484
2025-07-09 23:21:20 | INFO     |     准确率: 0.932976
2025-07-09 23:21:20 | INFO     |     F1(macro): 0.932961
2025-07-09 23:21:20 | INFO     |     F1(weighted): 0.929484
2025-07-09 23:21:20 | INFO     |     精确率: 0.939664
2025-07-09 23:21:20 | INFO     |     召回率: 0.937011
2025-07-09 23:21:20 | INFO     |   学习率调度器: f1_based
2025-07-09 23:21:20 | INFO     | ------------------------------------------------------------
2025-07-09 23:21:20 | INFO     | Epoch  20 | Train: Loss=0.1439, Acc=0.9531 | Val: Loss=0.2475, Acc=0.9330, F1=0.9295 | LR=0.000100 
2025-07-09 23:26:58 | INFO     | Epoch 21:
2025-07-09 23:26:58 | INFO     |   训练指标:
2025-07-09 23:26:58 | INFO     |     损失(hybrid_focal): 0.144086
2025-07-09 23:26:58 | INFO     |     准确率: 0.955734
2025-07-09 23:26:58 | INFO     |     学习率: 0.00010000
2025-07-09 23:26:58 | INFO     |   验证指标(标准CE):
2025-07-09 23:26:58 | INFO     |     损失: 0.358572
2025-07-09 23:26:58 | INFO     |     准确率: 0.909517
2025-07-09 23:26:58 | INFO     |     F1(macro): 0.910757
2025-07-09 23:26:58 | INFO     |     F1(weighted): 0.908164
2025-07-09 23:26:58 | INFO     |     精确率: 0.943578
2025-07-09 23:26:58 | INFO     |     召回率: 0.914164
2025-07-09 23:26:58 | INFO     |   学习率调度器: f1_based
2025-07-09 23:26:58 | INFO     | ------------------------------------------------------------
2025-07-09 23:26:58 | INFO     | 🎯 学习率调整事件:
2025-07-09 23:26:58 | INFO     |   调度器类型: f1_based
2025-07-09 23:26:58 | INFO     |   学习率变化: 0.00010000 → 0.00005000
2025-07-09 23:26:58 | INFO     |   触发条件: F1分数 = 0.908164
2025-07-09 23:26:58 | INFO     |   变化幅度: -50.00%
2025-07-09 23:26:58 | INFO     | ------------------------------------------------------------
2025-07-09 23:26:58 | INFO     | Epoch  21 | Train: Loss=0.1441, Acc=0.9557 | Val: Loss=0.3586, Acc=0.9095, F1=0.9082 | LR=0.000050 
2025-07-09 23:32:35 | INFO     | Epoch 22:
2025-07-09 23:32:35 | INFO     |   训练指标:
2025-07-09 23:32:35 | INFO     |     损失(hybrid_focal): 0.116182
2025-07-09 23:32:35 | INFO     |     准确率: 0.969987
2025-07-09 23:32:35 | INFO     |     学习率: 0.00005000
2025-07-09 23:32:35 | INFO     |   验证指标(标准CE):
2025-07-09 23:32:35 | INFO     |     损失: 0.162382
2025-07-09 23:32:35 | INFO     |     准确率: 0.965818
2025-07-09 23:32:35 | INFO     |     F1(macro): 0.967230
2025-07-09 23:32:35 | INFO     |     F1(weighted): 0.966135
2025-07-09 23:32:35 | INFO     |     精确率: 0.971180
2025-07-09 23:32:35 | INFO     |     召回率: 0.966579
2025-07-09 23:32:35 | INFO     |   学习率调度器: f1_based
2025-07-09 23:32:35 | INFO     | ------------------------------------------------------------
2025-07-09 23:32:35 | INFO     | Epoch  22 | Train: Loss=0.1162, Acc=0.9700 | Val: Loss=0.1624, Acc=0.9658, F1=0.9661 | LR=0.000050 🏆 [最佳模型]
2025-07-09 23:38:13 | INFO     | Epoch 23:
2025-07-09 23:38:13 | INFO     |   训练指标:
2025-07-09 23:38:13 | INFO     |     损失(hybrid_focal): 0.110829
2025-07-09 23:38:13 | INFO     |     准确率: 0.973005
2025-07-09 23:38:13 | INFO     |     学习率: 0.00005000
2025-07-09 23:38:13 | INFO     |   验证指标(标准CE):
2025-07-09 23:38:13 | INFO     |     损失: 0.198449
2025-07-09 23:38:13 | INFO     |     准确率: 0.955094
2025-07-09 23:38:13 | INFO     |     F1(macro): 0.959771
2025-07-09 23:38:13 | INFO     |     F1(weighted): 0.957087
2025-07-09 23:38:13 | INFO     |     精确率: 0.968943
2025-07-09 23:38:13 | INFO     |     召回率: 0.957356
2025-07-09 23:38:13 | INFO     |   学习率调度器: f1_based
2025-07-09 23:38:13 | INFO     | ------------------------------------------------------------
2025-07-09 23:38:13 | INFO     | Epoch  23 | Train: Loss=0.1108, Acc=0.9730 | Val: Loss=0.1984, Acc=0.9551, F1=0.9571 | LR=0.000050 
2025-07-09 23:43:50 | INFO     | Epoch 24:
2025-07-09 23:43:50 | INFO     |   训练指标:
2025-07-09 23:43:50 | INFO     |     损失(hybrid_focal): 0.112142
2025-07-09 23:43:50 | INFO     |     准确率: 0.973340
2025-07-09 23:43:50 | INFO     |     学习率: 0.00005000
2025-07-09 23:43:50 | INFO     |   验证指标(标准CE):
2025-07-09 23:43:50 | INFO     |     损失: 0.181224
2025-07-09 23:43:50 | INFO     |     准确率: 0.960456
2025-07-09 23:43:50 | INFO     |     F1(macro): 0.961913
2025-07-09 23:43:50 | INFO     |     F1(weighted): 0.960468
2025-07-09 23:43:50 | INFO     |     精确率: 0.967660
2025-07-09 23:43:50 | INFO     |     召回率: 0.962538
2025-07-09 23:43:50 | INFO     |   学习率调度器: f1_based
2025-07-09 23:43:50 | INFO     | ------------------------------------------------------------
2025-07-09 23:43:50 | INFO     | Epoch  24 | Train: Loss=0.1121, Acc=0.9733 | Val: Loss=0.1812, Acc=0.9605, F1=0.9605 | LR=0.000050 
2025-07-09 23:49:27 | INFO     | Epoch 25:
2025-07-09 23:49:27 | INFO     |   训练指标:
2025-07-09 23:49:27 | INFO     |     损失(hybrid_focal): 0.110847
2025-07-09 23:49:27 | INFO     |     准确率: 0.973172
2025-07-09 23:49:27 | INFO     |     学习率: 0.00005000
2025-07-09 23:49:27 | INFO     |   验证指标(标准CE):
2025-07-09 23:49:27 | INFO     |     损失: 0.153575
2025-07-09 23:49:27 | INFO     |     准确率: 0.977212
2025-07-09 23:49:27 | INFO     |     F1(macro): 0.978295
2025-07-09 23:49:27 | INFO     |     F1(weighted): 0.977596
2025-07-09 23:49:27 | INFO     |     精确率: 0.981341
2025-07-09 23:49:27 | INFO     |     召回率: 0.977390
2025-07-09 23:49:27 | INFO     |   学习率调度器: f1_based
2025-07-09 23:49:27 | INFO     | ------------------------------------------------------------
2025-07-09 23:49:27 | INFO     | Epoch  25 | Train: Loss=0.1108, Acc=0.9732 | Val: Loss=0.1536, Acc=0.9772, F1=0.9776 | LR=0.000050 🏆 [最佳模型]
2025-07-09 23:55:05 | INFO     | Epoch 26:
2025-07-09 23:55:05 | INFO     |   训练指标:
2025-07-09 23:55:05 | INFO     |     损失(hybrid_focal): 0.109495
2025-07-09 23:55:05 | INFO     |     准确率: 0.973172
2025-07-09 23:55:05 | INFO     |     学习率: 0.00005000
2025-07-09 23:55:05 | INFO     |   验证指标(标准CE):
2025-07-09 23:55:05 | INFO     |     损失: 0.150439
2025-07-09 23:55:05 | INFO     |     准确率: 0.975871
2025-07-09 23:55:05 | INFO     |     F1(macro): 0.976392
2025-07-09 23:55:05 | INFO     |     F1(weighted): 0.975847
2025-07-09 23:55:05 | INFO     |     精确率: 0.977808
2025-07-09 23:55:05 | INFO     |     召回率: 0.976691
2025-07-09 23:55:05 | INFO     |   学习率调度器: f1_based
2025-07-09 23:55:05 | INFO     | ------------------------------------------------------------
2025-07-09 23:55:05 | INFO     | Epoch  26 | Train: Loss=0.1095, Acc=0.9732 | Val: Loss=0.1504, Acc=0.9759, F1=0.9758 | LR=0.000050 
2025-07-10 00:00:43 | INFO     | Epoch 27:
2025-07-10 00:00:43 | INFO     |   训练指标:
2025-07-10 00:00:43 | INFO     |     损失(hybrid_focal): 0.110655
2025-07-10 00:00:43 | INFO     |     准确率: 0.974849
2025-07-10 00:00:43 | INFO     |     学习率: 0.00005000
2025-07-10 00:00:43 | INFO     |   验证指标(标准CE):
2025-07-10 00:00:43 | INFO     |     损失: 0.156472
2025-07-10 00:00:43 | INFO     |     准确率: 0.969169
2025-07-10 00:00:43 | INFO     |     F1(macro): 0.970001
2025-07-10 00:00:43 | INFO     |     F1(weighted): 0.969375
2025-07-10 00:00:43 | INFO     |     精确率: 0.972503
2025-07-10 00:00:43 | INFO     |     召回率: 0.969136
2025-07-10 00:00:43 | INFO     |   学习率调度器: f1_based
2025-07-10 00:00:43 | INFO     | ------------------------------------------------------------
2025-07-10 00:00:43 | INFO     | Epoch  27 | Train: Loss=0.1107, Acc=0.9748 | Val: Loss=0.1565, Acc=0.9692, F1=0.9694 | LR=0.000050 
2025-07-10 00:06:20 | INFO     | Epoch 28:
2025-07-10 00:06:20 | INFO     |   训练指标:
2025-07-10 00:06:20 | INFO     |     损失(hybrid_focal): 0.106874
2025-07-10 00:06:20 | INFO     |     准确率: 0.976526
2025-07-10 00:06:20 | INFO     |     学习率: 0.00005000
2025-07-10 00:06:20 | INFO     |   验证指标(标准CE):
2025-07-10 00:06:20 | INFO     |     损失: 0.173661
2025-07-10 00:06:20 | INFO     |     准确率: 0.961796
2025-07-10 00:06:20 | INFO     |     F1(macro): 0.963244
2025-07-10 00:06:20 | INFO     |     F1(weighted): 0.962408
2025-07-10 00:06:20 | INFO     |     精确率: 0.970232
2025-07-10 00:06:20 | INFO     |     召回率: 0.962358
2025-07-10 00:06:20 | INFO     |   学习率调度器: f1_based
2025-07-10 00:06:20 | INFO     | ------------------------------------------------------------
2025-07-10 00:06:20 | INFO     | Epoch  28 | Train: Loss=0.1069, Acc=0.9765 | Val: Loss=0.1737, Acc=0.9618, F1=0.9624 | LR=0.000050 
2025-07-10 00:11:57 | INFO     | Epoch 29:
2025-07-10 00:11:57 | INFO     |   训练指标:
2025-07-10 00:11:57 | INFO     |     损失(hybrid_focal): 0.106998
2025-07-10 00:11:57 | INFO     |     准确率: 0.975184
2025-07-10 00:11:57 | INFO     |     学习率: 0.00005000
2025-07-10 00:11:57 | INFO     |   验证指标(标准CE):
2025-07-10 00:11:57 | INFO     |     损失: 0.196397
2025-07-10 00:11:57 | INFO     |     准确率: 0.955764
2025-07-10 00:11:57 | INFO     |     F1(macro): 0.960155
2025-07-10 00:11:57 | INFO     |     F1(weighted): 0.957723
2025-07-10 00:11:57 | INFO     |     精确率: 0.969190
2025-07-10 00:11:57 | INFO     |     召回率: 0.957627
2025-07-10 00:11:57 | INFO     |   学习率调度器: f1_based
2025-07-10 00:11:57 | INFO     | ------------------------------------------------------------
2025-07-10 00:11:57 | INFO     | Epoch  29 | Train: Loss=0.1070, Acc=0.9752 | Val: Loss=0.1964, Acc=0.9558, F1=0.9577 | LR=0.000050 
2025-07-10 00:17:34 | INFO     | Epoch 30:
2025-07-10 00:17:34 | INFO     |   训练指标:
2025-07-10 00:17:34 | INFO     |     损失(hybrid_focal): 0.107564
2025-07-10 00:17:34 | INFO     |     准确率: 0.976861
2025-07-10 00:17:34 | INFO     |     学习率: 0.00005000
2025-07-10 00:17:34 | INFO     |   验证指标(标准CE):
2025-07-10 00:17:34 | INFO     |     损失: 0.152448
2025-07-10 00:17:34 | INFO     |     准确率: 0.964477
2025-07-10 00:17:34 | INFO     |     F1(macro): 0.965644
2025-07-10 00:17:34 | INFO     |     F1(weighted): 0.964704
2025-07-10 00:17:34 | INFO     |     精确率: 0.968171
2025-07-10 00:17:34 | INFO     |     召回率: 0.966412
2025-07-10 00:17:34 | INFO     |   学习率调度器: f1_based
2025-07-10 00:17:34 | INFO     | ------------------------------------------------------------
2025-07-10 00:17:34 | INFO     | Epoch  30 | Train: Loss=0.1076, Acc=0.9769 | Val: Loss=0.1524, Acc=0.9645, F1=0.9647 | LR=0.000050 
2025-07-10 00:23:12 | INFO     | Epoch 31:
2025-07-10 00:23:12 | INFO     |   训练指标:
2025-07-10 00:23:12 | INFO     |     损失(hybrid_focal): 0.106842
2025-07-10 00:23:12 | INFO     |     准确率: 0.976693
2025-07-10 00:23:12 | INFO     |     学习率: 0.00005000
2025-07-10 00:23:12 | INFO     |   验证指标(标准CE):
2025-07-10 00:23:12 | INFO     |     损失: 0.165554
2025-07-10 00:23:12 | INFO     |     准确率: 0.967158
2025-07-10 00:23:12 | INFO     |     F1(macro): 0.968396
2025-07-10 00:23:12 | INFO     |     F1(weighted): 0.967426
2025-07-10 00:23:12 | INFO     |     精确率: 0.972147
2025-07-10 00:23:12 | INFO     |     召回率: 0.967109
2025-07-10 00:23:12 | INFO     |   学习率调度器: f1_based
2025-07-10 00:23:12 | INFO     | ------------------------------------------------------------
2025-07-10 00:23:12 | INFO     | 🎯 学习率调整事件:
2025-07-10 00:23:12 | INFO     |   调度器类型: f1_based
2025-07-10 00:23:12 | INFO     |   学习率变化: 0.00005000 → 0.00002500
2025-07-10 00:23:12 | INFO     |   触发条件: F1分数 = 0.967426
2025-07-10 00:23:12 | INFO     |   变化幅度: -50.00%
2025-07-10 00:23:12 | INFO     | ------------------------------------------------------------
2025-07-10 00:23:12 | INFO     | Epoch  31 | Train: Loss=0.1068, Acc=0.9767 | Val: Loss=0.1656, Acc=0.9672, F1=0.9674 | LR=0.000025 
2025-07-10 00:28:49 | INFO     | Epoch 32:
2025-07-10 00:28:49 | INFO     |   训练指标:
2025-07-10 00:28:49 | INFO     |     损失(hybrid_focal): 0.097720
2025-07-10 00:28:49 | INFO     |     准确率: 0.979879
2025-07-10 00:28:49 | INFO     |     学习率: 0.00002500
2025-07-10 00:28:49 | INFO     |   验证指标(标准CE):
2025-07-10 00:28:49 | INFO     |     损失: 0.168608
2025-07-10 00:28:49 | INFO     |     准确率: 0.962466
2025-07-10 00:28:49 | INFO     |     F1(macro): 0.964400
2025-07-10 00:28:49 | INFO     |     F1(weighted): 0.962696
2025-07-10 00:28:49 | INFO     |     精确率: 0.966782
2025-07-10 00:28:49 | INFO     |     召回率: 0.965073
2025-07-10 00:28:49 | INFO     |   学习率调度器: f1_based
2025-07-10 00:28:49 | INFO     | ------------------------------------------------------------
2025-07-10 00:28:49 | INFO     | Epoch  32 | Train: Loss=0.0977, Acc=0.9799 | Val: Loss=0.1686, Acc=0.9625, F1=0.9627 | LR=0.000025 
2025-07-10 00:34:26 | INFO     | Epoch 33:
2025-07-10 00:34:26 | INFO     |   训练指标:
2025-07-10 00:34:26 | INFO     |     损失(hybrid_focal): 0.099394
2025-07-10 00:34:26 | INFO     |     准确率: 0.981221
2025-07-10 00:34:26 | INFO     |     学习率: 0.00002500
2025-07-10 00:34:26 | INFO     |   验证指标(标准CE):
2025-07-10 00:34:26 | INFO     |     损失: 0.146270
2025-07-10 00:34:26 | INFO     |     准确率: 0.975201
2025-07-10 00:34:26 | INFO     |     F1(macro): 0.975669
2025-07-10 00:34:26 | INFO     |     F1(weighted): 0.974985
2025-07-10 00:34:26 | INFO     |     精确率: 0.978506
2025-07-10 00:34:26 | INFO     |     召回率: 0.976449
2025-07-10 00:34:26 | INFO     |   学习率调度器: f1_based
2025-07-10 00:34:26 | INFO     | ------------------------------------------------------------
2025-07-10 00:34:26 | INFO     | Epoch  33 | Train: Loss=0.0994, Acc=0.9812 | Val: Loss=0.1463, Acc=0.9752, F1=0.9750 | LR=0.000025 
2025-07-10 00:40:04 | INFO     | Epoch 34:
2025-07-10 00:40:04 | INFO     |   训练指标:
2025-07-10 00:40:04 | INFO     |     损失(hybrid_focal): 0.098084
2025-07-10 00:40:04 | INFO     |     准确率: 0.981053
2025-07-10 00:40:04 | INFO     |     学习率: 0.00002500
2025-07-10 00:40:04 | INFO     |   验证指标(标准CE):
2025-07-10 00:40:04 | INFO     |     损失: 0.144696
2025-07-10 00:40:04 | INFO     |     准确率: 0.972520
2025-07-10 00:40:04 | INFO     |     F1(macro): 0.973241
2025-07-10 00:40:04 | INFO     |     F1(weighted): 0.972351
2025-07-10 00:40:04 | INFO     |     精确率: 0.976241
2025-07-10 00:40:04 | INFO     |     召回率: 0.973909
2025-07-10 00:40:04 | INFO     |   学习率调度器: f1_based
2025-07-10 00:40:04 | INFO     | ------------------------------------------------------------
2025-07-10 00:40:04 | INFO     | Epoch  34 | Train: Loss=0.0981, Acc=0.9811 | Val: Loss=0.1447, Acc=0.9725, F1=0.9724 | LR=0.000025 
2025-07-10 00:45:40 | INFO     | Epoch 35:
2025-07-10 00:45:40 | INFO     |   训练指标:
2025-07-10 00:45:40 | INFO     |     损失(hybrid_focal): 0.097395
2025-07-10 00:45:40 | INFO     |     准确率: 0.981891
2025-07-10 00:45:40 | INFO     |     学习率: 0.00002500
2025-07-10 00:45:40 | INFO     |   验证指标(标准CE):
2025-07-10 00:45:40 | INFO     |     损失: 0.137658
2025-07-10 00:45:40 | INFO     |     准确率: 0.973190
2025-07-10 00:45:40 | INFO     |     F1(macro): 0.973842
2025-07-10 00:45:40 | INFO     |     F1(weighted): 0.973014
2025-07-10 00:45:40 | INFO     |     精确率: 0.975937
2025-07-10 00:45:40 | INFO     |     召回率: 0.974513
2025-07-10 00:45:40 | INFO     |   学习率调度器: f1_based
2025-07-10 00:45:40 | INFO     | ------------------------------------------------------------
2025-07-10 00:45:40 | INFO     | Epoch  35 | Train: Loss=0.0974, Acc=0.9819 | Val: Loss=0.1377, Acc=0.9732, F1=0.9730 | LR=0.000025 
2025-07-10 00:45:40 | INFO     | ⏹️ 早停触发，在第 35 轮停止训练
2025-07-10 00:46:04 | INFO     | 训练历史已保存到: ./result/0709_2128_DualGAF_DDAHU_DualGAFNet_dilated_enhanced_sl96_step96_fd128_extractor-optimized_dilated_gaf-adaptive_attention-channel_classifier-mlp_stat-basic_fusion-concat/training_history.csv
2025-07-10 00:46:04 | INFO     | 
====================================================================================================
2025-07-10 00:46:04 | INFO     | 🎉 训练完成总结:
2025-07-10 00:46:04 | INFO     |   训练损失函数: hybrid_focal
2025-07-10 00:46:04 | INFO     |   验证损失函数: 标准交叉熵（遵循主流ML规范）
2025-07-10 00:46:04 | INFO     |   训练过程最佳验证准确率: 0.9772
2025-07-10 00:46:04 | INFO     |   训练过程最佳验证F1(macro): 0.9783
2025-07-10 00:46:04 | INFO     |   训练过程最佳验证F1(weighted): 0.9776
2025-07-10 00:46:04 | INFO     |   训练轮数: 35
2025-07-10 00:46:04 | INFO     | --------------------------------------------------
2025-07-10 00:46:04 | INFO     | 📊 最佳模型真实性能指标（基于标准交叉熵损失）:
2025-07-10 00:46:04 | INFO     |   验证损失(标准CE): 0.1536
2025-07-10 00:46:04 | INFO     |   验证准确率: 0.9772
2025-07-10 00:46:04 | INFO     |   验证F1(macro): 0.9783
2025-07-10 00:46:04 | INFO     |   验证F1(weighted): 0.9776
2025-07-10 00:46:04 | INFO     |   验证精确率: 0.9813
2025-07-10 00:46:04 | INFO     |   验证召回率: 0.9774
2025-07-10 00:46:04 | INFO     | ====================================================================================================
2025-07-10 00:46:06 | INFO     | ================================================================================
2025-07-10 00:46:06 | INFO     | 实验日志结束: DualGAF_DDAHU_DualGAFNet_dilated_enhanced_sl96_step96_fd128_extractor-optimized_dilated_gaf-adaptive_attention-channel_classifier-mlp_stat-basic_fusion-concat
2025-07-10 00:46:06 | INFO     | 结束时间: 2025-07-10 00:46:06
2025-07-10 00:46:06 | INFO     | ================================================================================
