2025-07-22 20:16:44 | INFO     | ================================================================================
2025-07-22 20:16:44 | INFO     | 实验日志开始: DualGAF_DualGAFNet_自注意力-0到1的归一化_sl96_step96_fd128_extractor-dilated_gaf-adaptive_attention-self_classifier-mlp_stat-basic_fusion-concat
2025-07-22 20:16:44 | INFO     | 日志文件: ./result/0722_2016_DualGAF_DualGAFNet_自注意力-0到1的归一化_sl96_step96_fd128_extractor-dilated_gaf-adaptive_attention-self_classifier-mlp_stat-basic_fusion-concat/training.log
2025-07-22 20:16:44 | INFO     | 开始时间: 2025-07-22 20:16:44
2025-07-22 20:16:44 | INFO     | ================================================================================
2025-07-22 20:16:44 | INFO     | ⚙️ 实验配置:
2025-07-22 20:16:44 | INFO     |    task_name: classification
2025-07-22 20:16:44 | INFO     |    is_training: 1
2025-07-22 20:16:44 | INFO     |    model_id: test
2025-07-22 20:16:44 | INFO     |    model: DualGAFNet
2025-07-22 20:16:44 | INFO     |    data: DualGAF
2025-07-22 20:16:44 | INFO     |    root_path: ./dataset/SAHU/direct_5_working
2025-07-22 20:16:44 | INFO     |    step: 96
2025-07-22 20:16:44 | INFO     |    checkpoints: ./checkpoints/
2025-07-22 20:16:44 | INFO     |    num_class: 9
2025-07-22 20:16:44 | INFO     |    result_path: ./result/
2025-07-22 20:16:44 | INFO     |    test_size: 0.2
2025-07-22 20:16:44 | INFO     |    rows: None
2025-07-22 20:16:44 | INFO     |    seq_len: 96
2025-07-22 20:16:44 | INFO     |    enc_in: 26
2025-07-22 20:16:44 | INFO     |    d_model: 512
2025-07-22 20:16:44 | INFO     |    n_heads: 8
2025-07-22 20:16:44 | INFO     |    e_layers: 2
2025-07-22 20:16:44 | INFO     |    d_layers: 1
2025-07-22 20:16:44 | INFO     |    d_ff: 2048
2025-07-22 20:16:44 | INFO     |    moving_avg: 25
2025-07-22 20:16:44 | INFO     |    factor: 1
2025-07-22 20:16:44 | INFO     |    distil: True
2025-07-22 20:16:44 | INFO     |    dropout: 0.1
2025-07-22 20:16:44 | INFO     |    embed: timeF
2025-07-22 20:16:44 | INFO     |    activation: gelu
2025-07-22 20:16:44 | INFO     |    use_norm: 1
2025-07-22 20:16:44 | INFO     |    gaf_method: summation
2025-07-22 20:16:44 | INFO     |    feature_dim: 128
2025-07-22 20:16:44 | INFO     |    data_type_method: uint8
2025-07-22 20:16:44 | INFO     |    use_attention: True
2025-07-22 20:16:44 | INFO     |    hidden_dim: 64
2025-07-22 20:16:44 | INFO     |    sample_size: 1000
2025-07-22 20:16:44 | INFO     |    channel_groups: None
2025-07-22 20:16:44 | INFO     |    hvac_groups: None
2025-07-22 20:16:44 | INFO     |    extractor_type: dilated
2025-07-22 20:16:44 | INFO     |    fusion_type: adaptive
2025-07-22 20:16:44 | INFO     |    attention_type: self
2025-07-22 20:16:44 | INFO     |    classifier_type: mlp
2025-07-22 20:16:44 | INFO     |    use_statistical_features: True
2025-07-22 20:16:44 | INFO     |    stat_type: basic
2025-07-22 20:16:44 | INFO     |    multimodal_fusion_strategy: concat
2025-07-22 20:16:44 | INFO     |    use_signal_level_stats: False
2025-07-22 20:16:44 | INFO     |    signal_stat_type: comprehensive
2025-07-22 20:16:44 | INFO     |    signal_stat_fusion_strategy: concat_project
2025-07-22 20:16:44 | INFO     |    signal_stat_feature_dim: 32
2025-07-22 20:16:44 | INFO     |    use_diff_branch: True
2025-07-22 20:16:44 | INFO     |    ablation_mode: none
2025-07-22 20:16:44 | INFO     |    backbone_type: resnet18
2025-07-22 20:16:44 | INFO     |    use_sum_branch: True
2025-07-22 20:16:44 | INFO     |    num_workers: 0
2025-07-22 20:16:44 | INFO     |    cuda_debug: False
2025-07-22 20:16:44 | INFO     |    gpu_memory_fraction: 0.9
2025-07-22 20:16:44 | INFO     |    safe_mode: True
2025-07-22 20:16:44 | INFO     |    drop_last_batch: True
2025-07-22 20:16:44 | INFO     |    itr: 1
2025-07-22 20:16:44 | INFO     |    train_epochs: 300
2025-07-22 20:16:44 | INFO     |    batch_size: 4
2025-07-22 20:16:44 | INFO     |    patience: 15
2025-07-22 20:16:44 | INFO     |    learning_rate: 0.0001
2025-07-22 20:16:44 | INFO     |    des: 自注意力-0到1的归一化
2025-07-22 20:16:44 | INFO     |    loss: MSE
2025-07-22 20:16:44 | INFO     |    lradj: type1
2025-07-22 20:16:44 | INFO     |    lr_scheduler_type: f1_based
2025-07-22 20:16:44 | INFO     |    lr_loss_weight: 0.3
2025-07-22 20:16:44 | INFO     |    lr_f1_weight: 0.7
2025-07-22 20:16:44 | INFO     |    use_amp: False
2025-07-22 20:16:44 | INFO     |    gradient_accumulation_steps: 2
2025-07-22 20:16:44 | INFO     |    enable_auto_gradient_accumulation: True
2025-07-22 20:16:44 | INFO     |    loss_type: ce
2025-07-22 20:16:44 | INFO     |    label_smoothing: 0.1
2025-07-22 20:16:44 | INFO     |    focal_alpha: 1.0
2025-07-22 20:16:44 | INFO     |    focal_gamma: 2.0
2025-07-22 20:16:44 | INFO     |    confidence_penalty_beta: 0.1
2025-07-22 20:16:44 | INFO     |    use_timm_loss: True
2025-07-22 20:16:44 | INFO     |    adaptive_initial_smoothing: 0.2
2025-07-22 20:16:44 | INFO     |    adaptive_final_smoothing: 0.05
2025-07-22 20:16:44 | INFO     |    adaptive_decay_epochs: 30
2025-07-22 20:16:44 | INFO     |    enable_class_weights: False
2025-07-22 20:16:44 | INFO     |    class_weights: None
2025-07-22 20:16:44 | INFO     |    loss_preset: None
2025-07-22 20:16:44 | INFO     |    n_jobs: 1
2025-07-22 20:16:44 | INFO     |    use_multiprocessing: False
2025-07-22 20:16:44 | INFO     |    chunk_size: 800
2025-07-22 20:16:44 | INFO     |    disable_parallel: True
2025-07-22 20:16:44 | INFO     |    use_shared_memory: False
2025-07-22 20:16:44 | INFO     |    disable_shared_memory: False
2025-07-22 20:16:44 | INFO     |    use_gpu: True
2025-07-22 20:16:44 | INFO     |    gpu: 0
2025-07-22 20:16:44 | INFO     |    gpu_type: cuda
2025-07-22 20:16:44 | INFO     |    use_multi_gpu: False
2025-07-22 20:16:44 | INFO     |    devices: 0,1,2,3
2025-07-22 20:16:44 | INFO     |    device: cuda:0
2025-07-22 20:16:44 | INFO     |    feature_columns: ['CHWC_VLV', 'CHWC_VLV_DM', 'MA_TEMP', 'OA_CFM', 'OA_DMPR', 'OA_DMPR_DM', 'OA_TEMP', 'RA_CFM', 'RA_DMPR', 'RA_DMPR_DM', 'RA_TEMP', 'RF_CS', 'RF_SPD', 'RF_WAT', 'SA_CFM', 'SA_SP', 'SA_SPSPT', 'SA_TEMP', 'SF_CS', 'SF_SPD', 'SF_WAT', 'ZONE_TEMP_1', 'ZONE_TEMP_2', 'ZONE_TEMP_3', 'ZONE_TEMP_4', 'ZONE_TEMP_5']
2025-07-22 20:16:44 | INFO     | 🏗️ 模型信息:
2025-07-22 20:16:44 | INFO     |    模型类型: Model
2025-07-22 20:16:44 | INFO     |    总参数数量: 8,427,145
2025-07-22 20:16:44 | INFO     |    可训练参数: 8,427,145
2025-07-22 20:16:44 | INFO     |    模型大小估计: 32.15 MB
2025-07-22 20:16:44 | INFO     | 📊 数据集信息:
2025-07-22 20:16:44 | INFO     |    训练集大小: 3996
2025-07-22 20:16:44 | INFO     |    验证集大小: 999
2025-07-22 20:16:44 | INFO     | 
================================================================================
2025-07-22 20:16:44 | INFO     | 📋 损失函数使用策略（遵循主流机器学习规范）:
2025-07-22 20:16:44 | INFO     |    🎯 训练阶段: 使用 ce 损失函数
2025-07-22 20:16:44 | INFO     |       → 目的：优化模型参数，解决特定问题（类别不平衡、相似性等）
2025-07-22 20:16:44 | INFO     |    📊 验证阶段: 使用标准交叉熵损失函数
2025-07-22 20:16:44 | INFO     |       → 目的：客观评估模型性能，便于不同方法比较
2025-07-22 20:16:44 | INFO     |    📈 最终报告: 基于标准交叉熵损失的指标
2025-07-22 20:16:44 | INFO     |       → 目的：提供可信、可比较的性能指标
2025-07-22 20:16:44 | INFO     | ================================================================================

2025-07-22 20:16:44 | INFO     | 🔄 梯度累积配置: 每2轮累积一次梯度
2025-07-22 20:16:44 | INFO     |    实际batch_size: 4
2025-07-22 20:16:44 | INFO     |    有效batch_size: 8
2025-07-22 20:17:43 | INFO     | Epoch 1:
2025-07-22 20:17:43 | INFO     |   训练指标:
2025-07-22 20:17:43 | INFO     |     损失(ce): 1.323515
2025-07-22 20:17:43 | INFO     |     准确率: 0.538539
2025-07-22 20:17:43 | INFO     |     学习率: 0.00010000
2025-07-22 20:17:43 | INFO     |   验证指标(标准CE):
2025-07-22 20:17:43 | INFO     |     损失: 0.456912
2025-07-22 20:17:43 | INFO     |     准确率: 0.824825
2025-07-22 20:17:43 | INFO     |     F1(macro): 0.800125
2025-07-22 20:17:43 | INFO     |     F1(weighted): 0.790565
2025-07-22 20:17:43 | INFO     |     精确率: 0.895699
2025-07-22 20:17:43 | INFO     |     召回率: 0.834619
2025-07-22 20:17:43 | INFO     |   学习率调度器: f1_based
2025-07-22 20:17:43 | INFO     | ------------------------------------------------------------
2025-07-22 20:17:43 | INFO     | Epoch   1 | Train: Loss=1.3235, Acc=0.5385 | Val: Loss=0.4569, Acc=0.8248, F1=0.7906 | LR=0.000100 🏆 [最佳模型]
2025-07-22 20:18:38 | INFO     | Epoch 2:
2025-07-22 20:18:38 | INFO     |   训练指标:
2025-07-22 20:18:38 | INFO     |     损失(ce): 0.419801
2025-07-22 20:18:38 | INFO     |     准确率: 0.821321
2025-07-22 20:18:38 | INFO     |     学习率: 0.00010000
2025-07-22 20:18:38 | INFO     |   验证指标(标准CE):
2025-07-22 20:18:38 | INFO     |     损失: 0.299975
2025-07-22 20:18:38 | INFO     |     准确率: 0.846847
2025-07-22 20:18:38 | INFO     |     F1(macro): 0.840870
2025-07-22 20:18:38 | INFO     |     F1(weighted): 0.836006
2025-07-22 20:18:38 | INFO     |     精确率: 0.856163
2025-07-22 20:18:38 | INFO     |     召回率: 0.855253
2025-07-22 20:18:38 | INFO     |   学习率调度器: f1_based
2025-07-22 20:18:38 | INFO     | ------------------------------------------------------------
2025-07-22 20:18:38 | INFO     | Epoch   2 | Train: Loss=0.4198, Acc=0.8213 | Val: Loss=0.3000, Acc=0.8468, F1=0.8360 | LR=0.000100 🏆 [最佳模型]
2025-07-22 20:19:32 | INFO     | Epoch 3:
2025-07-22 20:19:32 | INFO     |   训练指标:
2025-07-22 20:19:32 | INFO     |     损失(ce): 0.289847
2025-07-22 20:19:32 | INFO     |     准确率: 0.871872
2025-07-22 20:19:32 | INFO     |     学习率: 0.00010000
2025-07-22 20:19:32 | INFO     |   验证指标(标准CE):
2025-07-22 20:19:32 | INFO     |     损失: 0.345653
2025-07-22 20:19:32 | INFO     |     准确率: 0.868869
2025-07-22 20:19:32 | INFO     |     F1(macro): 0.838637
2025-07-22 20:19:32 | INFO     |     F1(weighted): 0.835484
2025-07-22 20:19:32 | INFO     |     精确率: 0.828085
2025-07-22 20:19:32 | INFO     |     召回率: 0.869153
2025-07-22 20:19:32 | INFO     |   学习率调度器: f1_based
2025-07-22 20:19:32 | INFO     | ------------------------------------------------------------
2025-07-22 20:19:32 | INFO     | Epoch   3 | Train: Loss=0.2898, Acc=0.8719 | Val: Loss=0.3457, Acc=0.8689, F1=0.8355 | LR=0.000100 
2025-07-22 20:20:26 | INFO     | Epoch 4:
2025-07-22 20:20:26 | INFO     |   训练指标:
2025-07-22 20:20:26 | INFO     |     损失(ce): 0.241646
2025-07-22 20:20:26 | INFO     |     准确率: 0.884885
2025-07-22 20:20:26 | INFO     |     学习率: 0.00010000
2025-07-22 20:20:26 | INFO     |   验证指标(标准CE):
2025-07-22 20:20:26 | INFO     |     损失: 0.314251
2025-07-22 20:20:26 | INFO     |     准确率: 0.876877
2025-07-22 20:20:26 | INFO     |     F1(macro): 0.868017
2025-07-22 20:20:26 | INFO     |     F1(weighted): 0.860911
2025-07-22 20:20:26 | INFO     |     精确率: 0.889858
2025-07-22 20:20:26 | INFO     |     召回率: 0.884571
2025-07-22 20:20:26 | INFO     |   学习率调度器: f1_based
2025-07-22 20:20:26 | INFO     | ------------------------------------------------------------
2025-07-22 20:20:26 | INFO     | Epoch   4 | Train: Loss=0.2416, Acc=0.8849 | Val: Loss=0.3143, Acc=0.8769, F1=0.8609 | LR=0.000100 🏆 [最佳模型]
2025-07-22 20:21:21 | INFO     | Epoch 5:
2025-07-22 20:21:21 | INFO     |   训练指标:
2025-07-22 20:21:21 | INFO     |     损失(ce): 0.220234
2025-07-22 20:21:21 | INFO     |     准确率: 0.907407
2025-07-22 20:21:21 | INFO     |     学习率: 0.00010000
2025-07-22 20:21:21 | INFO     |   验证指标(标准CE):
2025-07-22 20:21:21 | INFO     |     损失: 0.181378
2025-07-22 20:21:21 | INFO     |     准确率: 0.899900
2025-07-22 20:21:21 | INFO     |     F1(macro): 0.902870
2025-07-22 20:21:21 | INFO     |     F1(weighted): 0.899175
2025-07-22 20:21:21 | INFO     |     精确率: 0.902068
2025-07-22 20:21:21 | INFO     |     召回率: 0.903806
2025-07-22 20:21:21 | INFO     |   学习率调度器: f1_based
2025-07-22 20:21:21 | INFO     | ------------------------------------------------------------
2025-07-22 20:21:21 | INFO     | Epoch   5 | Train: Loss=0.2202, Acc=0.9074 | Val: Loss=0.1814, Acc=0.8999, F1=0.8992 | LR=0.000100 🏆 [最佳模型]
2025-07-22 20:22:15 | INFO     | Epoch 6:
2025-07-22 20:22:15 | INFO     |   训练指标:
2025-07-22 20:22:15 | INFO     |     损失(ce): 0.175718
2025-07-22 20:22:15 | INFO     |     准确率: 0.920921
2025-07-22 20:22:15 | INFO     |     学习率: 0.00010000
2025-07-22 20:22:15 | INFO     |   验证指标(标准CE):
2025-07-22 20:22:15 | INFO     |     损失: 0.212692
2025-07-22 20:22:15 | INFO     |     准确率: 0.887888
2025-07-22 20:22:15 | INFO     |     F1(macro): 0.876254
2025-07-22 20:22:15 | INFO     |     F1(weighted): 0.869235
2025-07-22 20:22:15 | INFO     |     精确率: 0.904490
2025-07-22 20:22:15 | INFO     |     召回率: 0.895396
2025-07-22 20:22:15 | INFO     |   学习率调度器: f1_based
2025-07-22 20:22:15 | INFO     | ------------------------------------------------------------
2025-07-22 20:22:15 | INFO     | Epoch   6 | Train: Loss=0.1757, Acc=0.9209 | Val: Loss=0.2127, Acc=0.8879, F1=0.8692 | LR=0.000100 
2025-07-22 20:23:09 | INFO     | Epoch 7:
2025-07-22 20:23:09 | INFO     |   训练指标:
2025-07-22 20:23:09 | INFO     |     损失(ce): 0.194421
2025-07-22 20:23:09 | INFO     |     准确率: 0.929429
2025-07-22 20:23:09 | INFO     |     学习率: 0.00010000
2025-07-22 20:23:09 | INFO     |   验证指标(标准CE):
2025-07-22 20:23:09 | INFO     |     损失: 0.144170
2025-07-22 20:23:09 | INFO     |     准确率: 0.910911
2025-07-22 20:23:09 | INFO     |     F1(macro): 0.910232
2025-07-22 20:23:09 | INFO     |     F1(weighted): 0.905356
2025-07-22 20:23:09 | INFO     |     精确率: 0.926280
2025-07-22 20:23:09 | INFO     |     召回率: 0.917159
2025-07-22 20:23:09 | INFO     |   学习率调度器: f1_based
2025-07-22 20:23:09 | INFO     | ------------------------------------------------------------
2025-07-22 20:23:09 | INFO     | Epoch   7 | Train: Loss=0.1944, Acc=0.9294 | Val: Loss=0.1442, Acc=0.9109, F1=0.9054 | LR=0.000100 🏆 [最佳模型]
2025-07-22 20:24:05 | INFO     | Epoch 8:
2025-07-22 20:24:05 | INFO     |   训练指标:
2025-07-22 20:24:05 | INFO     |     损失(ce): 0.139287
2025-07-22 20:24:05 | INFO     |     准确率: 0.944444
2025-07-22 20:24:05 | INFO     |     学习率: 0.00010000
2025-07-22 20:24:05 | INFO     |   验证指标(标准CE):
2025-07-22 20:24:05 | INFO     |     损失: 0.111614
2025-07-22 20:24:05 | INFO     |     准确率: 0.960961
2025-07-22 20:24:05 | INFO     |     F1(macro): 0.960493
2025-07-22 20:24:05 | INFO     |     F1(weighted): 0.959453
2025-07-22 20:24:05 | INFO     |     精确率: 0.967621
2025-07-22 20:24:05 | INFO     |     召回率: 0.961209
2025-07-22 20:24:05 | INFO     |   学习率调度器: f1_based
2025-07-22 20:24:05 | INFO     | ------------------------------------------------------------
2025-07-22 20:24:05 | INFO     | Epoch   8 | Train: Loss=0.1393, Acc=0.9444 | Val: Loss=0.1116, Acc=0.9610, F1=0.9595 | LR=0.000100 🏆 [最佳模型]
2025-07-22 20:25:01 | INFO     | Epoch 9:
2025-07-22 20:25:01 | INFO     |   训练指标:
2025-07-22 20:25:01 | INFO     |     损失(ce): 0.109297
2025-07-22 20:25:01 | INFO     |     准确率: 0.953954
2025-07-22 20:25:01 | INFO     |     学习率: 0.00010000
2025-07-22 20:25:01 | INFO     |   验证指标(标准CE):
2025-07-22 20:25:01 | INFO     |     损失: 0.146999
2025-07-22 20:25:01 | INFO     |     准确率: 0.946947
2025-07-22 20:25:01 | INFO     |     F1(macro): 0.949027
2025-07-22 20:25:01 | INFO     |     F1(weighted): 0.947476
2025-07-22 20:25:01 | INFO     |     精确率: 0.954085
2025-07-22 20:25:01 | INFO     |     召回率: 0.948886
2025-07-22 20:25:01 | INFO     |   学习率调度器: f1_based
2025-07-22 20:25:01 | INFO     | ------------------------------------------------------------
2025-07-22 20:25:01 | INFO     | Epoch   9 | Train: Loss=0.1093, Acc=0.9540 | Val: Loss=0.1470, Acc=0.9469, F1=0.9475 | LR=0.000100 
2025-07-22 20:25:55 | INFO     | Epoch 10:
2025-07-22 20:25:55 | INFO     |   训练指标:
2025-07-22 20:25:55 | INFO     |     损失(ce): 0.134389
2025-07-22 20:25:55 | INFO     |     准确率: 0.952703
2025-07-22 20:25:55 | INFO     |     学习率: 0.00010000
2025-07-22 20:25:55 | INFO     |   验证指标(标准CE):
2025-07-22 20:25:55 | INFO     |     损失: 0.082309
2025-07-22 20:25:55 | INFO     |     准确率: 0.953954
2025-07-22 20:25:55 | INFO     |     F1(macro): 0.955988
2025-07-22 20:25:55 | INFO     |     F1(weighted): 0.953977
2025-07-22 20:25:55 | INFO     |     精确率: 0.957480
2025-07-22 20:25:55 | INFO     |     召回率: 0.956536
2025-07-22 20:25:55 | INFO     |   学习率调度器: f1_based
2025-07-22 20:25:55 | INFO     | ------------------------------------------------------------
2025-07-22 20:25:55 | INFO     | Epoch  10 | Train: Loss=0.1344, Acc=0.9527 | Val: Loss=0.0823, Acc=0.9540, F1=0.9540 | LR=0.000100 
2025-07-22 20:26:49 | INFO     | Epoch 11:
2025-07-22 20:26:49 | INFO     |   训练指标:
2025-07-22 20:26:49 | INFO     |     损失(ce): 0.118195
2025-07-22 20:26:49 | INFO     |     准确率: 0.953453
2025-07-22 20:26:49 | INFO     |     学习率: 0.00010000
2025-07-22 20:26:49 | INFO     |   验证指标(标准CE):
2025-07-22 20:26:49 | INFO     |     损失: 0.085222
2025-07-22 20:26:49 | INFO     |     准确率: 0.961962
2025-07-22 20:26:49 | INFO     |     F1(macro): 0.962738
2025-07-22 20:26:49 | INFO     |     F1(weighted): 0.961799
2025-07-22 20:26:49 | INFO     |     精确率: 0.965554
2025-07-22 20:26:49 | INFO     |     召回率: 0.964063
2025-07-22 20:26:49 | INFO     |   学习率调度器: f1_based
2025-07-22 20:26:49 | INFO     | ------------------------------------------------------------
2025-07-22 20:26:49 | INFO     | Epoch  11 | Train: Loss=0.1182, Acc=0.9535 | Val: Loss=0.0852, Acc=0.9620, F1=0.9618 | LR=0.000100 🏆 [最佳模型]
2025-07-22 20:27:44 | INFO     | Epoch 12:
2025-07-22 20:27:44 | INFO     |   训练指标:
2025-07-22 20:27:44 | INFO     |     损失(ce): 0.091131
2025-07-22 20:27:44 | INFO     |     准确率: 0.963213
2025-07-22 20:27:44 | INFO     |     学习率: 0.00010000
2025-07-22 20:27:44 | INFO     |   验证指标(标准CE):
2025-07-22 20:27:44 | INFO     |     损失: 0.076836
2025-07-22 20:27:44 | INFO     |     准确率: 0.962963
2025-07-22 20:27:44 | INFO     |     F1(macro): 0.963823
2025-07-22 20:27:44 | INFO     |     F1(weighted): 0.962683
2025-07-22 20:27:44 | INFO     |     精确率: 0.967966
2025-07-22 20:27:44 | INFO     |     召回率: 0.965376
2025-07-22 20:27:44 | INFO     |   学习率调度器: f1_based
2025-07-22 20:27:44 | INFO     | ------------------------------------------------------------
2025-07-22 20:27:44 | INFO     | Epoch  12 | Train: Loss=0.0911, Acc=0.9632 | Val: Loss=0.0768, Acc=0.9630, F1=0.9627 | LR=0.000100 🏆 [最佳模型]
2025-07-22 20:28:38 | INFO     | Epoch 13:
2025-07-22 20:28:38 | INFO     |   训练指标:
2025-07-22 20:28:38 | INFO     |     损失(ce): 0.105256
2025-07-22 20:28:38 | INFO     |     准确率: 0.963463
2025-07-22 20:28:38 | INFO     |     学习率: 0.00010000
2025-07-22 20:28:38 | INFO     |   验证指标(标准CE):
2025-07-22 20:28:38 | INFO     |     损失: 0.096389
2025-07-22 20:28:38 | INFO     |     准确率: 0.957958
2025-07-22 20:28:38 | INFO     |     F1(macro): 0.959758
2025-07-22 20:28:38 | INFO     |     F1(weighted): 0.957914
2025-07-22 20:28:38 | INFO     |     精确率: 0.960573
2025-07-22 20:28:38 | INFO     |     召回率: 0.960274
2025-07-22 20:28:38 | INFO     |   学习率调度器: f1_based
2025-07-22 20:28:38 | INFO     | ------------------------------------------------------------
2025-07-22 20:28:38 | INFO     | Epoch  13 | Train: Loss=0.1053, Acc=0.9635 | Val: Loss=0.0964, Acc=0.9580, F1=0.9579 | LR=0.000100 
2025-07-22 20:29:32 | INFO     | Epoch 14:
2025-07-22 20:29:32 | INFO     |   训练指标:
2025-07-22 20:29:32 | INFO     |     损失(ce): 0.108334
2025-07-22 20:29:32 | INFO     |     准确率: 0.961712
2025-07-22 20:29:32 | INFO     |     学习率: 0.00010000
2025-07-22 20:29:32 | INFO     |   验证指标(标准CE):
2025-07-22 20:29:32 | INFO     |     损失: 0.089127
2025-07-22 20:29:32 | INFO     |     准确率: 0.962963
2025-07-22 20:29:32 | INFO     |     F1(macro): 0.963617
2025-07-22 20:29:32 | INFO     |     F1(weighted): 0.962286
2025-07-22 20:29:32 | INFO     |     精确率: 0.969106
2025-07-22 20:29:32 | INFO     |     召回率: 0.965460
2025-07-22 20:29:32 | INFO     |   学习率调度器: f1_based
2025-07-22 20:29:32 | INFO     | ------------------------------------------------------------
2025-07-22 20:29:32 | INFO     | Epoch  14 | Train: Loss=0.1083, Acc=0.9617 | Val: Loss=0.0891, Acc=0.9630, F1=0.9623 | LR=0.000100 
2025-07-22 20:30:26 | INFO     | Epoch 15:
2025-07-22 20:30:26 | INFO     |   训练指标:
2025-07-22 20:30:26 | INFO     |     损失(ce): 0.115905
2025-07-22 20:30:26 | INFO     |     准确率: 0.960961
2025-07-22 20:30:26 | INFO     |     学习率: 0.00010000
2025-07-22 20:30:26 | INFO     |   验证指标(标准CE):
2025-07-22 20:30:26 | INFO     |     损失: 0.068500
2025-07-22 20:30:26 | INFO     |     准确率: 0.965966
2025-07-22 20:30:26 | INFO     |     F1(macro): 0.967046
2025-07-22 20:30:26 | INFO     |     F1(weighted): 0.965504
2025-07-22 20:30:26 | INFO     |     精确率: 0.973291
2025-07-22 20:30:26 | INFO     |     召回率: 0.968696
2025-07-22 20:30:26 | INFO     |   学习率调度器: f1_based
2025-07-22 20:30:26 | INFO     | ------------------------------------------------------------
2025-07-22 20:30:26 | INFO     | Epoch  15 | Train: Loss=0.1159, Acc=0.9610 | Val: Loss=0.0685, Acc=0.9660, F1=0.9655 | LR=0.000100 🏆 [最佳模型]
2025-07-22 20:31:20 | INFO     | Epoch 16:
2025-07-22 20:31:20 | INFO     |   训练指标:
2025-07-22 20:31:20 | INFO     |     损失(ce): 0.071826
2025-07-22 20:31:20 | INFO     |     准确率: 0.965966
2025-07-22 20:31:20 | INFO     |     学习率: 0.00010000
2025-07-22 20:31:20 | INFO     |   验证指标(标准CE):
2025-07-22 20:31:20 | INFO     |     损失: 0.053911
2025-07-22 20:31:20 | INFO     |     准确率: 0.974975
2025-07-22 20:31:20 | INFO     |     F1(macro): 0.975804
2025-07-22 20:31:20 | INFO     |     F1(weighted): 0.974824
2025-07-22 20:31:20 | INFO     |     精确率: 0.978955
2025-07-22 20:31:20 | INFO     |     召回率: 0.975266
2025-07-22 20:31:20 | INFO     |   学习率调度器: f1_based
2025-07-22 20:31:20 | INFO     | ------------------------------------------------------------
2025-07-22 20:31:20 | INFO     | Epoch  16 | Train: Loss=0.0718, Acc=0.9660 | Val: Loss=0.0539, Acc=0.9750, F1=0.9748 | LR=0.000100 🏆 [最佳模型]
2025-07-22 20:32:15 | INFO     | Epoch 17:
2025-07-22 20:32:15 | INFO     |   训练指标:
2025-07-22 20:32:15 | INFO     |     损失(ce): 0.088135
2025-07-22 20:32:15 | INFO     |     准确率: 0.963213
2025-07-22 20:32:15 | INFO     |     学习率: 0.00010000
2025-07-22 20:32:15 | INFO     |   验证指标(标准CE):
2025-07-22 20:32:15 | INFO     |     损失: 0.064316
2025-07-22 20:32:15 | INFO     |     准确率: 0.972973
2025-07-22 20:32:15 | INFO     |     F1(macro): 0.973350
2025-07-22 20:32:15 | INFO     |     F1(weighted): 0.972548
2025-07-22 20:32:15 | INFO     |     精确率: 0.977390
2025-07-22 20:32:15 | INFO     |     召回率: 0.972994
2025-07-22 20:32:15 | INFO     |   学习率调度器: f1_based
2025-07-22 20:32:15 | INFO     | ------------------------------------------------------------
2025-07-22 20:32:15 | INFO     | Epoch  17 | Train: Loss=0.0881, Acc=0.9632 | Val: Loss=0.0643, Acc=0.9730, F1=0.9725 | LR=0.000100 
2025-07-22 20:33:09 | INFO     | Epoch 18:
2025-07-22 20:33:09 | INFO     |   训练指标:
2025-07-22 20:33:09 | INFO     |     损失(ce): 0.077782
2025-07-22 20:33:09 | INFO     |     准确率: 0.967217
2025-07-22 20:33:09 | INFO     |     学习率: 0.00010000
2025-07-22 20:33:09 | INFO     |   验证指标(标准CE):
2025-07-22 20:33:09 | INFO     |     损失: 0.046203
2025-07-22 20:33:09 | INFO     |     准确率: 0.968969
2025-07-22 20:33:09 | INFO     |     F1(macro): 0.969993
2025-07-22 20:33:09 | INFO     |     F1(weighted): 0.968679
2025-07-22 20:33:09 | INFO     |     精确率: 0.974721
2025-07-22 20:33:09 | INFO     |     召回率: 0.971267
2025-07-22 20:33:09 | INFO     |   学习率调度器: f1_based
2025-07-22 20:33:09 | INFO     | ------------------------------------------------------------
2025-07-22 20:33:09 | INFO     | Epoch  18 | Train: Loss=0.0778, Acc=0.9672 | Val: Loss=0.0462, Acc=0.9690, F1=0.9687 | LR=0.000100 
2025-07-22 20:34:03 | INFO     | Epoch 19:
2025-07-22 20:34:03 | INFO     |   训练指标:
2025-07-22 20:34:03 | INFO     |     损失(ce): 0.109928
2025-07-22 20:34:03 | INFO     |     准确率: 0.961712
2025-07-22 20:34:03 | INFO     |     学习率: 0.00010000
2025-07-22 20:34:03 | INFO     |   验证指标(标准CE):
2025-07-22 20:34:03 | INFO     |     损失: 0.047719
2025-07-22 20:34:03 | INFO     |     准确率: 0.972973
2025-07-22 20:34:03 | INFO     |     F1(macro): 0.973374
2025-07-22 20:34:03 | INFO     |     F1(weighted): 0.972435
2025-07-22 20:34:03 | INFO     |     精确率: 0.978483
2025-07-22 20:34:03 | INFO     |     召回率: 0.973056
2025-07-22 20:34:03 | INFO     |   学习率调度器: f1_based
2025-07-22 20:34:03 | INFO     | ------------------------------------------------------------
2025-07-22 20:34:03 | INFO     | Epoch  19 | Train: Loss=0.1099, Acc=0.9617 | Val: Loss=0.0477, Acc=0.9730, F1=0.9724 | LR=0.000100 
2025-07-22 20:34:56 | INFO     | Epoch 20:
2025-07-22 20:34:56 | INFO     |   训练指标:
2025-07-22 20:34:56 | INFO     |     损失(ce): 0.070291
2025-07-22 20:34:56 | INFO     |     准确率: 0.967968
2025-07-22 20:34:56 | INFO     |     学习率: 0.00010000
2025-07-22 20:34:56 | INFO     |   验证指标(标准CE):
2025-07-22 20:34:56 | INFO     |     损失: 0.110048
2025-07-22 20:34:56 | INFO     |     准确率: 0.962963
2025-07-22 20:34:56 | INFO     |     F1(macro): 0.964153
2025-07-22 20:34:56 | INFO     |     F1(weighted): 0.963039
2025-07-22 20:34:56 | INFO     |     精确率: 0.966890
2025-07-22 20:34:56 | INFO     |     召回率: 0.963298
2025-07-22 20:34:56 | INFO     |   学习率调度器: f1_based
2025-07-22 20:34:56 | INFO     | ------------------------------------------------------------
2025-07-22 20:34:56 | INFO     | Epoch  20 | Train: Loss=0.0703, Acc=0.9680 | Val: Loss=0.1100, Acc=0.9630, F1=0.9630 | LR=0.000100 
2025-07-22 20:35:51 | INFO     | Epoch 21:
2025-07-22 20:35:51 | INFO     |   训练指标:
2025-07-22 20:35:51 | INFO     |     损失(ce): 0.084016
2025-07-22 20:35:51 | INFO     |     准确率: 0.963714
2025-07-22 20:35:51 | INFO     |     学习率: 0.00010000
2025-07-22 20:35:51 | INFO     |   验证指标(标准CE):
2025-07-22 20:35:51 | INFO     |     损失: 0.054032
2025-07-22 20:35:51 | INFO     |     准确率: 0.967968
2025-07-22 20:35:51 | INFO     |     F1(macro): 0.969319
2025-07-22 20:35:51 | INFO     |     F1(weighted): 0.967858
2025-07-22 20:35:51 | INFO     |     精确率: 0.973178
2025-07-22 20:35:51 | INFO     |     召回率: 0.970345
2025-07-22 20:35:51 | INFO     |   学习率调度器: f1_based
2025-07-22 20:35:51 | INFO     | ------------------------------------------------------------
2025-07-22 20:35:51 | INFO     | Epoch  21 | Train: Loss=0.0840, Acc=0.9637 | Val: Loss=0.0540, Acc=0.9680, F1=0.9679 | LR=0.000100 
2025-07-22 20:36:45 | INFO     | Epoch 22:
2025-07-22 20:36:45 | INFO     |   训练指标:
2025-07-22 20:36:45 | INFO     |     损失(ce): 0.060822
2025-07-22 20:36:45 | INFO     |     准确率: 0.969469
2025-07-22 20:36:45 | INFO     |     学习率: 0.00010000
2025-07-22 20:36:45 | INFO     |   验证指标(标准CE):
2025-07-22 20:36:45 | INFO     |     损失: 0.125288
2025-07-22 20:36:45 | INFO     |     准确率: 0.958959
2025-07-22 20:36:45 | INFO     |     F1(macro): 0.960639
2025-07-22 20:36:45 | INFO     |     F1(weighted): 0.958951
2025-07-22 20:36:45 | INFO     |     精确率: 0.960672
2025-07-22 20:36:45 | INFO     |     召回率: 0.960614
2025-07-22 20:36:45 | INFO     |   学习率调度器: f1_based
2025-07-22 20:36:45 | INFO     | ------------------------------------------------------------
2025-07-22 20:36:45 | INFO     | 🎯 学习率调整事件:
2025-07-22 20:36:45 | INFO     |   调度器类型: f1_based
2025-07-22 20:36:45 | INFO     |   学习率变化: 0.00010000 → 0.00005000
2025-07-22 20:36:45 | INFO     |   触发条件: F1分数 = 0.958951
2025-07-22 20:36:45 | INFO     |   变化幅度: -50.00%
2025-07-22 20:36:45 | INFO     | ------------------------------------------------------------
2025-07-22 20:36:45 | INFO     | Epoch  22 | Train: Loss=0.0608, Acc=0.9695 | Val: Loss=0.1253, Acc=0.9590, F1=0.9590 | LR=0.000050 
2025-07-22 20:37:39 | INFO     | Epoch 23:
2025-07-22 20:37:39 | INFO     |   训练指标:
2025-07-22 20:37:39 | INFO     |     损失(ce): 0.038219
2025-07-22 20:37:39 | INFO     |     准确率: 0.975475
2025-07-22 20:37:39 | INFO     |     学习率: 0.00005000
2025-07-22 20:37:39 | INFO     |   验证指标(标准CE):
2025-07-22 20:37:39 | INFO     |     损失: 0.036723
2025-07-22 20:37:39 | INFO     |     准确率: 0.969970
2025-07-22 20:37:39 | INFO     |     F1(macro): 0.971090
2025-07-22 20:37:39 | INFO     |     F1(weighted): 0.969687
2025-07-22 20:37:39 | INFO     |     精确率: 0.975624
2025-07-22 20:37:39 | INFO     |     召回率: 0.972369
2025-07-22 20:37:39 | INFO     |   学习率调度器: f1_based
2025-07-22 20:37:39 | INFO     | ------------------------------------------------------------
2025-07-22 20:37:39 | INFO     | Epoch  23 | Train: Loss=0.0382, Acc=0.9755 | Val: Loss=0.0367, Acc=0.9700, F1=0.9697 | LR=0.000050 
2025-07-22 20:38:33 | INFO     | Epoch 24:
2025-07-22 20:38:33 | INFO     |   训练指标:
2025-07-22 20:38:33 | INFO     |     损失(ce): 0.044815
2025-07-22 20:38:33 | INFO     |     准确率: 0.972222
2025-07-22 20:38:33 | INFO     |     学习率: 0.00005000
2025-07-22 20:38:33 | INFO     |   验证指标(标准CE):
2025-07-22 20:38:33 | INFO     |     损失: 0.054179
2025-07-22 20:38:33 | INFO     |     准确率: 0.967968
2025-07-22 20:38:33 | INFO     |     F1(macro): 0.969119
2025-07-22 20:38:33 | INFO     |     F1(weighted): 0.967608
2025-07-22 20:38:33 | INFO     |     精确率: 0.974350
2025-07-22 20:38:33 | INFO     |     召回率: 0.970533
2025-07-22 20:38:33 | INFO     |   学习率调度器: f1_based
2025-07-22 20:38:33 | INFO     | ------------------------------------------------------------
2025-07-22 20:38:33 | INFO     | Epoch  24 | Train: Loss=0.0448, Acc=0.9722 | Val: Loss=0.0542, Acc=0.9680, F1=0.9676 | LR=0.000050 
2025-07-22 20:39:27 | INFO     | Epoch 25:
2025-07-22 20:39:27 | INFO     |   训练指标:
2025-07-22 20:39:27 | INFO     |     损失(ce): 0.043762
2025-07-22 20:39:27 | INFO     |     准确率: 0.973974
2025-07-22 20:39:27 | INFO     |     学习率: 0.00005000
2025-07-22 20:39:27 | INFO     |   验证指标(标准CE):
2025-07-22 20:39:27 | INFO     |     损失: 0.069092
2025-07-22 20:39:27 | INFO     |     准确率: 0.958959
2025-07-22 20:39:27 | INFO     |     F1(macro): 0.960834
2025-07-22 20:39:27 | INFO     |     F1(weighted): 0.958983
2025-07-22 20:39:27 | INFO     |     精确率: 0.962068
2025-07-22 20:39:27 | INFO     |     召回率: 0.961362
2025-07-22 20:39:27 | INFO     |   学习率调度器: f1_based
2025-07-22 20:39:27 | INFO     | ------------------------------------------------------------
2025-07-22 20:39:27 | INFO     | Epoch  25 | Train: Loss=0.0438, Acc=0.9740 | Val: Loss=0.0691, Acc=0.9590, F1=0.9590 | LR=0.000050 
2025-07-22 20:40:21 | INFO     | Epoch 26:
2025-07-22 20:40:21 | INFO     |   训练指标:
2025-07-22 20:40:21 | INFO     |     损失(ce): 0.043772
2025-07-22 20:40:21 | INFO     |     准确率: 0.974224
2025-07-22 20:40:21 | INFO     |     学习率: 0.00005000
2025-07-22 20:40:21 | INFO     |   验证指标(标准CE):
2025-07-22 20:40:21 | INFO     |     损失: 0.034223
2025-07-22 20:40:21 | INFO     |     准确率: 0.978979
2025-07-22 20:40:21 | INFO     |     F1(macro): 0.979519
2025-07-22 20:40:21 | INFO     |     F1(weighted): 0.978720
2025-07-22 20:40:21 | INFO     |     精确率: 0.983568
2025-07-22 20:40:21 | INFO     |     召回率: 0.978979
2025-07-22 20:40:21 | INFO     |   学习率调度器: f1_based
2025-07-22 20:40:21 | INFO     | ------------------------------------------------------------
2025-07-22 20:40:21 | INFO     | Epoch  26 | Train: Loss=0.0438, Acc=0.9742 | Val: Loss=0.0342, Acc=0.9790, F1=0.9787 | LR=0.000050 🏆 [最佳模型]
2025-07-22 20:41:15 | INFO     | Epoch 27:
2025-07-22 20:41:15 | INFO     |   训练指标:
2025-07-22 20:41:15 | INFO     |     损失(ce): 0.038451
2025-07-22 20:41:15 | INFO     |     准确率: 0.974975
2025-07-22 20:41:15 | INFO     |     学习率: 0.00005000
2025-07-22 20:41:15 | INFO     |   验证指标(标准CE):
2025-07-22 20:41:15 | INFO     |     损失: 0.043274
2025-07-22 20:41:15 | INFO     |     准确率: 0.969970
2025-07-22 20:41:15 | INFO     |     F1(macro): 0.971090
2025-07-22 20:41:15 | INFO     |     F1(weighted): 0.969687
2025-07-22 20:41:15 | INFO     |     精确率: 0.975624
2025-07-22 20:41:15 | INFO     |     召回率: 0.972369
2025-07-22 20:41:15 | INFO     |   学习率调度器: f1_based
2025-07-22 20:41:15 | INFO     | ------------------------------------------------------------
2025-07-22 20:41:15 | INFO     | Epoch  27 | Train: Loss=0.0385, Acc=0.9750 | Val: Loss=0.0433, Acc=0.9700, F1=0.9697 | LR=0.000050 
2025-07-22 20:42:09 | INFO     | Epoch 28:
2025-07-22 20:42:09 | INFO     |   训练指标:
2025-07-22 20:42:09 | INFO     |     损失(ce): 0.051061
2025-07-22 20:42:09 | INFO     |     准确率: 0.969970
2025-07-22 20:42:09 | INFO     |     学习率: 0.00005000
2025-07-22 20:42:09 | INFO     |   验证指标(标准CE):
2025-07-22 20:42:09 | INFO     |     损失: 0.048747
2025-07-22 20:42:09 | INFO     |     准确率: 0.974975
2025-07-22 20:42:09 | INFO     |     F1(macro): 0.975644
2025-07-22 20:42:09 | INFO     |     F1(weighted): 0.974746
2025-07-22 20:42:09 | INFO     |     精确率: 0.978663
2025-07-22 20:42:09 | INFO     |     召回率: 0.975145
2025-07-22 20:42:09 | INFO     |   学习率调度器: f1_based
2025-07-22 20:42:09 | INFO     | ------------------------------------------------------------
2025-07-22 20:42:09 | INFO     | Epoch  28 | Train: Loss=0.0511, Acc=0.9700 | Val: Loss=0.0487, Acc=0.9750, F1=0.9747 | LR=0.000050 
2025-07-22 20:43:03 | INFO     | Epoch 29:
2025-07-22 20:43:03 | INFO     |   训练指标:
2025-07-22 20:43:03 | INFO     |     损失(ce): 0.040662
2025-07-22 20:43:03 | INFO     |     准确率: 0.975225
2025-07-22 20:43:03 | INFO     |     学习率: 0.00005000
2025-07-22 20:43:03 | INFO     |   验证指标(标准CE):
2025-07-22 20:43:03 | INFO     |     损失: 0.036614
2025-07-22 20:43:03 | INFO     |     准确率: 0.970971
2025-07-22 20:43:03 | INFO     |     F1(macro): 0.972072
2025-07-22 20:43:03 | INFO     |     F1(weighted): 0.970722
2025-07-22 20:43:03 | INFO     |     精确率: 0.976274
2025-07-22 20:43:03 | INFO     |     召回率: 0.973287
2025-07-22 20:43:03 | INFO     |   学习率调度器: f1_based
2025-07-22 20:43:03 | INFO     | ------------------------------------------------------------
2025-07-22 20:43:03 | INFO     | Epoch  29 | Train: Loss=0.0407, Acc=0.9752 | Val: Loss=0.0366, Acc=0.9710, F1=0.9707 | LR=0.000050 
2025-07-22 20:43:57 | INFO     | Epoch 30:
2025-07-22 20:43:57 | INFO     |   训练指标:
2025-07-22 20:43:57 | INFO     |     损失(ce): 0.044509
2025-07-22 20:43:57 | INFO     |     准确率: 0.973724
2025-07-22 20:43:57 | INFO     |     学习率: 0.00005000
2025-07-22 20:43:57 | INFO     |   验证指标(标准CE):
2025-07-22 20:43:57 | INFO     |     损失: 0.035184
2025-07-22 20:43:57 | INFO     |     准确率: 0.971972
2025-07-22 20:43:57 | INFO     |     F1(macro): 0.973018
2025-07-22 20:43:57 | INFO     |     F1(weighted): 0.971708
2025-07-22 20:43:57 | INFO     |     精确率: 0.977618
2025-07-22 20:43:57 | INFO     |     召回率: 0.974288
2025-07-22 20:43:57 | INFO     |   学习率调度器: f1_based
2025-07-22 20:43:57 | INFO     | ------------------------------------------------------------
2025-07-22 20:43:57 | INFO     | Epoch  30 | Train: Loss=0.0445, Acc=0.9737 | Val: Loss=0.0352, Acc=0.9720, F1=0.9717 | LR=0.000050 
2025-07-22 20:44:51 | INFO     | Epoch 31:
2025-07-22 20:44:51 | INFO     |   训练指标:
2025-07-22 20:44:51 | INFO     |     损失(ce): 0.048652
2025-07-22 20:44:51 | INFO     |     准确率: 0.972222
2025-07-22 20:44:51 | INFO     |     学习率: 0.00005000
2025-07-22 20:44:51 | INFO     |   验证指标(标准CE):
2025-07-22 20:44:51 | INFO     |     损失: 0.037263
2025-07-22 20:44:51 | INFO     |     准确率: 0.971972
2025-07-22 20:44:51 | INFO     |     F1(macro): 0.973018
2025-07-22 20:44:51 | INFO     |     F1(weighted): 0.971708
2025-07-22 20:44:51 | INFO     |     精确率: 0.977618
2025-07-22 20:44:51 | INFO     |     召回率: 0.974288
2025-07-22 20:44:51 | INFO     |   学习率调度器: f1_based
2025-07-22 20:44:51 | INFO     | ------------------------------------------------------------
2025-07-22 20:44:51 | INFO     | Epoch  31 | Train: Loss=0.0487, Acc=0.9722 | Val: Loss=0.0373, Acc=0.9720, F1=0.9717 | LR=0.000050 
2025-07-22 20:45:45 | INFO     | Epoch 32:
2025-07-22 20:45:45 | INFO     |   训练指标:
2025-07-22 20:45:45 | INFO     |     损失(ce): 0.044828
2025-07-22 20:45:45 | INFO     |     准确率: 0.973974
2025-07-22 20:45:45 | INFO     |     学习率: 0.00005000
2025-07-22 20:45:45 | INFO     |   验证指标(标准CE):
2025-07-22 20:45:45 | INFO     |     损失: 0.060290
2025-07-22 20:45:45 | INFO     |     准确率: 0.965966
2025-07-22 20:45:45 | INFO     |     F1(macro): 0.967137
2025-07-22 20:45:45 | INFO     |     F1(weighted): 0.965517
2025-07-22 20:45:45 | INFO     |     精确率: 0.973111
2025-07-22 20:45:45 | INFO     |     召回率: 0.968696
2025-07-22 20:45:45 | INFO     |   学习率调度器: f1_based
2025-07-22 20:45:45 | INFO     | ------------------------------------------------------------
2025-07-22 20:45:45 | INFO     | 🎯 学习率调整事件:
2025-07-22 20:45:45 | INFO     |   调度器类型: f1_based
2025-07-22 20:45:45 | INFO     |   学习率变化: 0.00005000 → 0.00002500
2025-07-22 20:45:45 | INFO     |   触发条件: F1分数 = 0.965517
2025-07-22 20:45:45 | INFO     |   变化幅度: -50.00%
2025-07-22 20:45:45 | INFO     | ------------------------------------------------------------
2025-07-22 20:45:45 | INFO     | Epoch  32 | Train: Loss=0.0448, Acc=0.9740 | Val: Loss=0.0603, Acc=0.9660, F1=0.9655 | LR=0.000025 
2025-07-22 20:46:39 | INFO     | Epoch 33:
2025-07-22 20:46:39 | INFO     |   训练指标:
2025-07-22 20:46:39 | INFO     |     损失(ce): 0.035978
2025-07-22 20:46:39 | INFO     |     准确率: 0.976226
2025-07-22 20:46:39 | INFO     |     学习率: 0.00002500
2025-07-22 20:46:39 | INFO     |   验证指标(标准CE):
2025-07-22 20:46:39 | INFO     |     损失: 0.039450
2025-07-22 20:46:39 | INFO     |     准确率: 0.970971
2025-07-22 20:46:39 | INFO     |     F1(macro): 0.972035
2025-07-22 20:46:39 | INFO     |     F1(weighted): 0.970672
2025-07-22 20:46:39 | INFO     |     精确率: 0.976984
2025-07-22 20:46:39 | INFO     |     召回率: 0.973370
2025-07-22 20:46:39 | INFO     |   学习率调度器: f1_based
2025-07-22 20:46:39 | INFO     | ------------------------------------------------------------
2025-07-22 20:46:39 | INFO     | Epoch  33 | Train: Loss=0.0360, Acc=0.9762 | Val: Loss=0.0394, Acc=0.9710, F1=0.9707 | LR=0.000025 
2025-07-22 20:47:33 | INFO     | Epoch 34:
2025-07-22 20:47:33 | INFO     |   训练指标:
2025-07-22 20:47:33 | INFO     |     损失(ce): 0.033827
2025-07-22 20:47:33 | INFO     |     准确率: 0.976727
2025-07-22 20:47:33 | INFO     |     学习率: 0.00002500
2025-07-22 20:47:33 | INFO     |   验证指标(标准CE):
2025-07-22 20:47:33 | INFO     |     损失: 0.075405
2025-07-22 20:47:33 | INFO     |     准确率: 0.963964
2025-07-22 20:47:33 | INFO     |     F1(macro): 0.965079
2025-07-22 20:47:33 | INFO     |     F1(weighted): 0.963329
2025-07-22 20:47:33 | INFO     |     精确率: 0.972789
2025-07-22 20:47:33 | INFO     |     召回率: 0.966942
2025-07-22 20:47:33 | INFO     |   学习率调度器: f1_based
2025-07-22 20:47:33 | INFO     | ------------------------------------------------------------
2025-07-22 20:47:33 | INFO     | Epoch  34 | Train: Loss=0.0338, Acc=0.9767 | Val: Loss=0.0754, Acc=0.9640, F1=0.9633 | LR=0.000025 
2025-07-22 20:48:27 | INFO     | Epoch 35:
2025-07-22 20:48:27 | INFO     |   训练指标:
2025-07-22 20:48:27 | INFO     |     损失(ce): 0.034271
2025-07-22 20:48:27 | INFO     |     准确率: 0.975475
2025-07-22 20:48:27 | INFO     |     学习率: 0.00002500
2025-07-22 20:48:27 | INFO     |   验证指标(标准CE):
2025-07-22 20:48:27 | INFO     |     损失: 0.035326
2025-07-22 20:48:27 | INFO     |     准确率: 0.971972
2025-07-22 20:48:27 | INFO     |     F1(macro): 0.973018
2025-07-22 20:48:27 | INFO     |     F1(weighted): 0.971708
2025-07-22 20:48:27 | INFO     |     精确率: 0.977618
2025-07-22 20:48:27 | INFO     |     召回率: 0.974288
2025-07-22 20:48:27 | INFO     |   学习率调度器: f1_based
2025-07-22 20:48:27 | INFO     | ------------------------------------------------------------
2025-07-22 20:48:27 | INFO     | Epoch  35 | Train: Loss=0.0343, Acc=0.9755 | Val: Loss=0.0353, Acc=0.9720, F1=0.9717 | LR=0.000025 
2025-07-22 20:49:21 | INFO     | Epoch 36:
2025-07-22 20:49:21 | INFO     |   训练指标:
2025-07-22 20:49:21 | INFO     |     损失(ce): 0.033554
2025-07-22 20:49:21 | INFO     |     准确率: 0.975976
2025-07-22 20:49:21 | INFO     |     学习率: 0.00002500
2025-07-22 20:49:21 | INFO     |   验证指标(标准CE):
2025-07-22 20:49:21 | INFO     |     损失: 0.040583
2025-07-22 20:49:21 | INFO     |     准确率: 0.970971
2025-07-22 20:49:21 | INFO     |     F1(macro): 0.972035
2025-07-22 20:49:21 | INFO     |     F1(weighted): 0.970672
2025-07-22 20:49:21 | INFO     |     精确率: 0.976984
2025-07-22 20:49:21 | INFO     |     召回率: 0.973370
2025-07-22 20:49:21 | INFO     |   学习率调度器: f1_based
2025-07-22 20:49:21 | INFO     | ------------------------------------------------------------
2025-07-22 20:49:21 | INFO     | Epoch  36 | Train: Loss=0.0336, Acc=0.9760 | Val: Loss=0.0406, Acc=0.9710, F1=0.9707 | LR=0.000025 
2025-07-22 20:50:15 | INFO     | Epoch 37:
2025-07-22 20:50:15 | INFO     |   训练指标:
2025-07-22 20:50:15 | INFO     |     损失(ce): 0.036504
2025-07-22 20:50:15 | INFO     |     准确率: 0.973473
2025-07-22 20:50:15 | INFO     |     学习率: 0.00002500
2025-07-22 20:50:15 | INFO     |   验证指标(标准CE):
2025-07-22 20:50:15 | INFO     |     损失: 0.035388
2025-07-22 20:50:15 | INFO     |     准确率: 0.971972
2025-07-22 20:50:15 | INFO     |     F1(macro): 0.973018
2025-07-22 20:50:15 | INFO     |     F1(weighted): 0.971708
2025-07-22 20:50:15 | INFO     |     精确率: 0.977618
2025-07-22 20:50:15 | INFO     |     召回率: 0.974288
2025-07-22 20:50:15 | INFO     |   学习率调度器: f1_based
2025-07-22 20:50:15 | INFO     | ------------------------------------------------------------
2025-07-22 20:50:15 | INFO     | Epoch  37 | Train: Loss=0.0365, Acc=0.9735 | Val: Loss=0.0354, Acc=0.9720, F1=0.9717 | LR=0.000025 
2025-07-22 20:51:09 | INFO     | Epoch 38:
2025-07-22 20:51:09 | INFO     |   训练指标:
2025-07-22 20:51:09 | INFO     |     损失(ce): 0.034130
2025-07-22 20:51:09 | INFO     |     准确率: 0.976727
2025-07-22 20:51:09 | INFO     |     学习率: 0.00002500
2025-07-22 20:51:09 | INFO     |   验证指标(标准CE):
2025-07-22 20:51:09 | INFO     |     损失: 0.037365
2025-07-22 20:51:09 | INFO     |     准确率: 0.970971
2025-07-22 20:51:09 | INFO     |     F1(macro): 0.972035
2025-07-22 20:51:09 | INFO     |     F1(weighted): 0.970672
2025-07-22 20:51:09 | INFO     |     精确率: 0.976984
2025-07-22 20:51:09 | INFO     |     召回率: 0.973370
2025-07-22 20:51:09 | INFO     |   学习率调度器: f1_based
2025-07-22 20:51:09 | INFO     | ------------------------------------------------------------
2025-07-22 20:51:09 | INFO     | Epoch  38 | Train: Loss=0.0341, Acc=0.9767 | Val: Loss=0.0374, Acc=0.9710, F1=0.9707 | LR=0.000025 
2025-07-22 20:52:02 | INFO     | Epoch 39:
2025-07-22 20:52:02 | INFO     |   训练指标:
2025-07-22 20:52:02 | INFO     |     损失(ce): 0.033911
2025-07-22 20:52:02 | INFO     |     准确率: 0.976977
2025-07-22 20:52:02 | INFO     |     学习率: 0.00002500
2025-07-22 20:52:02 | INFO     |   验证指标(标准CE):
2025-07-22 20:52:02 | INFO     |     损失: 0.035903
2025-07-22 20:52:02 | INFO     |     准确率: 0.971972
2025-07-22 20:52:02 | INFO     |     F1(macro): 0.973018
2025-07-22 20:52:02 | INFO     |     F1(weighted): 0.971708
2025-07-22 20:52:02 | INFO     |     精确率: 0.977618
2025-07-22 20:52:02 | INFO     |     召回率: 0.974288
2025-07-22 20:52:02 | INFO     |   学习率调度器: f1_based
2025-07-22 20:52:03 | INFO     | ------------------------------------------------------------
2025-07-22 20:52:03 | INFO     | Epoch  39 | Train: Loss=0.0339, Acc=0.9770 | Val: Loss=0.0359, Acc=0.9720, F1=0.9717 | LR=0.000025 
2025-07-22 20:52:56 | INFO     | Epoch 40:
2025-07-22 20:52:56 | INFO     |   训练指标:
2025-07-22 20:52:56 | INFO     |     损失(ce): 0.033883
2025-07-22 20:52:56 | INFO     |     准确率: 0.975225
2025-07-22 20:52:56 | INFO     |     学习率: 0.00002500
2025-07-22 20:52:56 | INFO     |   验证指标(标准CE):
2025-07-22 20:52:56 | INFO     |     损失: 0.035159
2025-07-22 20:52:56 | INFO     |     准确率: 0.971972
2025-07-22 20:52:56 | INFO     |     F1(macro): 0.973018
2025-07-22 20:52:56 | INFO     |     F1(weighted): 0.971708
2025-07-22 20:52:56 | INFO     |     精确率: 0.977618
2025-07-22 20:52:56 | INFO     |     召回率: 0.974288
2025-07-22 20:52:56 | INFO     |   学习率调度器: f1_based
2025-07-22 20:52:56 | INFO     | ------------------------------------------------------------
2025-07-22 20:52:56 | INFO     | 🎯 学习率调整事件:
2025-07-22 20:52:56 | INFO     |   调度器类型: f1_based
2025-07-22 20:52:56 | INFO     |   学习率变化: 0.00002500 → 0.00001250
2025-07-22 20:52:56 | INFO     |   触发条件: F1分数 = 0.971708
2025-07-22 20:52:56 | INFO     |   变化幅度: -50.00%
2025-07-22 20:52:56 | INFO     | ------------------------------------------------------------
2025-07-22 20:52:56 | INFO     | Epoch  40 | Train: Loss=0.0339, Acc=0.9752 | Val: Loss=0.0352, Acc=0.9720, F1=0.9717 | LR=0.000013 
2025-07-22 20:53:50 | INFO     | Epoch 41:
2025-07-22 20:53:50 | INFO     |   训练指标:
2025-07-22 20:53:50 | INFO     |     损失(ce): 0.032858
2025-07-22 20:53:50 | INFO     |     准确率: 0.977978
2025-07-22 20:53:50 | INFO     |     学习率: 0.00001250
2025-07-22 20:53:50 | INFO     |   验证指标(标准CE):
2025-07-22 20:53:50 | INFO     |     损失: 0.034583
2025-07-22 20:53:50 | INFO     |     准确率: 0.971972
2025-07-22 20:53:50 | INFO     |     F1(macro): 0.973018
2025-07-22 20:53:50 | INFO     |     F1(weighted): 0.971708
2025-07-22 20:53:50 | INFO     |     精确率: 0.977618
2025-07-22 20:53:50 | INFO     |     召回率: 0.974288
2025-07-22 20:53:50 | INFO     |   学习率调度器: f1_based
2025-07-22 20:53:50 | INFO     | ------------------------------------------------------------
2025-07-22 20:53:50 | INFO     | Epoch  41 | Train: Loss=0.0329, Acc=0.9780 | Val: Loss=0.0346, Acc=0.9720, F1=0.9717 | LR=0.000013 
2025-07-22 20:53:50 | INFO     | ⏹️ 早停触发，在第 41 轮停止训练
2025-07-22 20:53:54 | INFO     | 训练历史已保存到: ./result/0722_2016_DualGAF_DualGAFNet_自注意力-0到1的归一化_sl96_step96_fd128_extractor-dilated_gaf-adaptive_attention-self_classifier-mlp_stat-basic_fusion-concat/training_history.csv
2025-07-22 20:53:54 | INFO     | 
====================================================================================================
2025-07-22 20:53:54 | INFO     | 🎉 训练完成总结:
2025-07-22 20:53:54 | INFO     |   训练损失函数: ce
2025-07-22 20:53:54 | INFO     |   验证损失函数: 标准交叉熵（遵循主流ML规范）
2025-07-22 20:53:54 | INFO     |   训练过程最佳验证准确率: 0.9790
2025-07-22 20:53:54 | INFO     |   训练过程最佳验证F1(macro): 0.9795
2025-07-22 20:53:54 | INFO     |   训练过程最佳验证F1(weighted): 0.9787
2025-07-22 20:53:54 | INFO     |   训练轮数: 41
2025-07-22 20:53:54 | INFO     | --------------------------------------------------
2025-07-22 20:53:54 | INFO     | 📊 最佳模型真实性能指标（基于标准交叉熵损失）:
2025-07-22 20:53:54 | INFO     |   验证损失(标准CE): 0.0340
2025-07-22 20:53:54 | INFO     |   验证准确率: 0.9790
2025-07-22 20:53:54 | INFO     |   验证F1(macro): 0.9795
2025-07-22 20:53:54 | INFO     |   验证F1(weighted): 0.9787
2025-07-22 20:53:54 | INFO     |   验证精确率: 0.9836
2025-07-22 20:53:54 | INFO     |   验证召回率: 0.9790
2025-07-22 20:53:54 | INFO     | ====================================================================================================
2025-07-22 20:53:56 | INFO     | ================================================================================
2025-07-22 20:53:56 | INFO     | 实验日志结束: DualGAF_DualGAFNet_自注意力-0到1的归一化_sl96_step96_fd128_extractor-dilated_gaf-adaptive_attention-self_classifier-mlp_stat-basic_fusion-concat
2025-07-22 20:53:56 | INFO     | 结束时间: 2025-07-22 20:53:56
2025-07-22 20:53:56 | INFO     | ================================================================================
