2025-07-11 19:05:54 | INFO     | ================================================================================
2025-07-11 19:05:54 | INFO     | 实验日志开始: DualGAF_DDAHU_DualGAFNet_dilated_enhanced_sl96_step96_fd128_extractor-dilated_gaf-adaptive_attention-self_classifier-residual_bottleneck_stat-basic_fusion-gated
2025-07-11 19:05:54 | INFO     | 日志文件: ./result/0711_1905_DualGAF_DDAHU_DualGAFNet_dilated_enhanced_sl96_step96_fd128_extractor-dilated_gaf-adaptive_attention-self_classifier-residual_bottleneck_stat-basic_fusion-gated/training.log
2025-07-11 19:05:54 | INFO     | 开始时间: 2025-07-11 19:05:54
2025-07-11 19:05:54 | INFO     | ================================================================================
2025-07-11 19:05:54 | INFO     | ⚙️ 实验配置:
2025-07-11 19:05:54 | INFO     |    task_name: classification
2025-07-11 19:05:54 | INFO     |    is_training: 1
2025-07-11 19:05:54 | INFO     |    model_id: test
2025-07-11 19:05:54 | INFO     |    model: DualGAFNet
2025-07-11 19:05:54 | INFO     |    data: DualGAF_DDAHU
2025-07-11 19:05:54 | INFO     |    root_path: ./dataset/DDAHU/direct_5_working
2025-07-11 19:05:54 | INFO     |    step: 96
2025-07-11 19:05:54 | INFO     |    checkpoints: ./checkpoints/
2025-07-11 19:05:54 | INFO     |    num_class: 29
2025-07-11 19:05:54 | INFO     |    result_path: ./result/
2025-07-11 19:05:54 | INFO     |    test_size: 0.2
2025-07-11 19:05:54 | INFO     |    seq_len: 96
2025-07-11 19:05:54 | INFO     |    enc_in: 97
2025-07-11 19:05:54 | INFO     |    d_model: 512
2025-07-11 19:05:54 | INFO     |    n_heads: 8
2025-07-11 19:05:54 | INFO     |    e_layers: 2
2025-07-11 19:05:54 | INFO     |    d_layers: 1
2025-07-11 19:05:54 | INFO     |    d_ff: 2048
2025-07-11 19:05:54 | INFO     |    moving_avg: 25
2025-07-11 19:05:54 | INFO     |    factor: 1
2025-07-11 19:05:54 | INFO     |    distil: True
2025-07-11 19:05:54 | INFO     |    dropout: 0.1
2025-07-11 19:05:54 | INFO     |    embed: timeF
2025-07-11 19:05:54 | INFO     |    activation: gelu
2025-07-11 19:05:54 | INFO     |    use_norm: 1
2025-07-11 19:05:54 | INFO     |    gaf_method: summation
2025-07-11 19:05:54 | INFO     |    feature_dim: 128
2025-07-11 19:05:54 | INFO     |    data_type_method: uint8
2025-07-11 19:05:54 | INFO     |    use_attention: True
2025-07-11 19:05:54 | INFO     |    hidden_dim: 64
2025-07-11 19:05:54 | INFO     |    sample_size: 1000
2025-07-11 19:05:54 | INFO     |    channel_groups: None
2025-07-11 19:05:54 | INFO     |    hvac_groups: None
2025-07-11 19:05:54 | INFO     |    extractor_type: dilated
2025-07-11 19:05:54 | INFO     |    fusion_type: adaptive
2025-07-11 19:05:54 | INFO     |    attention_type: self
2025-07-11 19:05:54 | INFO     |    classifier_type: residual_bottleneck
2025-07-11 19:05:54 | INFO     |    use_statistical_features: True
2025-07-11 19:05:54 | INFO     |    stat_type: basic
2025-07-11 19:05:54 | INFO     |    multimodal_fusion_strategy: gated
2025-07-11 19:05:54 | INFO     |    use_diff_branch: True
2025-07-11 19:05:54 | INFO     |    ablation_mode: none
2025-07-11 19:05:54 | INFO     |    backbone_type: resnet18
2025-07-11 19:05:54 | INFO     |    use_sum_branch: True
2025-07-11 19:05:54 | INFO     |    num_workers: 0
2025-07-11 19:05:54 | INFO     |    cuda_debug: False
2025-07-11 19:05:54 | INFO     |    gpu_memory_fraction: 0.9
2025-07-11 19:05:54 | INFO     |    safe_mode: True
2025-07-11 19:05:54 | INFO     |    drop_last_batch: True
2025-07-11 19:05:54 | INFO     |    itr: 1
2025-07-11 19:05:54 | INFO     |    train_epochs: 300
2025-07-11 19:05:54 | INFO     |    batch_size: 4
2025-07-11 19:05:54 | INFO     |    patience: 15
2025-07-11 19:05:54 | INFO     |    learning_rate: 0.0001
2025-07-11 19:05:54 | INFO     |    des: dilated_enhanced
2025-07-11 19:05:54 | INFO     |    loss: MSE
2025-07-11 19:05:54 | INFO     |    lradj: type1
2025-07-11 19:05:54 | INFO     |    lr_scheduler_type: f1_based
2025-07-11 19:05:54 | INFO     |    lr_loss_weight: 0.3
2025-07-11 19:05:54 | INFO     |    lr_f1_weight: 0.7
2025-07-11 19:05:54 | INFO     |    use_amp: False
2025-07-11 19:05:54 | INFO     |    gradient_accumulation_steps: 2
2025-07-11 19:05:54 | INFO     |    enable_auto_gradient_accumulation: True
2025-07-11 19:05:54 | INFO     |    loss_type: ce
2025-07-11 19:05:54 | INFO     |    label_smoothing: 0.1
2025-07-11 19:05:54 | INFO     |    focal_alpha: 1.0
2025-07-11 19:05:54 | INFO     |    focal_gamma: 2.0
2025-07-11 19:05:54 | INFO     |    confidence_penalty_beta: 0.1
2025-07-11 19:05:54 | INFO     |    use_timm_loss: True
2025-07-11 19:05:54 | INFO     |    adaptive_initial_smoothing: 0.2
2025-07-11 19:05:54 | INFO     |    adaptive_final_smoothing: 0.05
2025-07-11 19:05:54 | INFO     |    adaptive_decay_epochs: 30
2025-07-11 19:05:54 | INFO     |    enable_class_weights: False
2025-07-11 19:05:54 | INFO     |    class_weights: None
2025-07-11 19:05:54 | INFO     |    loss_preset: hvac_hard_samples
2025-07-11 19:05:54 | INFO     |    n_jobs: 8
2025-07-11 19:05:54 | INFO     |    use_multiprocessing: True
2025-07-11 19:05:54 | INFO     |    chunk_size: 800
2025-07-11 19:05:54 | INFO     |    disable_parallel: False
2025-07-11 19:05:54 | INFO     |    use_shared_memory: True
2025-07-11 19:05:54 | INFO     |    disable_shared_memory: False
2025-07-11 19:05:54 | INFO     |    use_gpu: True
2025-07-11 19:05:54 | INFO     |    gpu: 0
2025-07-11 19:05:54 | INFO     |    gpu_type: cuda
2025-07-11 19:05:54 | INFO     |    use_multi_gpu: False
2025-07-11 19:05:54 | INFO     |    devices: 0,1,2,3
2025-07-11 19:05:54 | INFO     |    device: cuda:0
2025-07-11 19:05:54 | INFO     |    feature_columns: ['CHWP_GPMC', 'CHWC_VLV_DM', 'CHWC_VLV', 'CHWC_MWT', 'CHWC_LWT', 'VAVCFM_H_DM_SB', 'CHWC_EAH', 'VAV_DAT_SA', 'CHWC_DAT', 'VAV_SP_C_SA', 'HWP_GPMT', 'VAVCFM_C_DM_SB', 'RM_TEMP_W', 'HWP_GPMC', 'VAVCFM_T_SB', 'VAV_DMPR_H_SB', 'HWC_VLV_DM', 'VAVCFM_H_SB', 'HWC_VLV', 'VAV_DMPR_H_E', 'HWC_LWT', 'HWC_MWT', 'VAV_DMPR_C_SB', 'HWC_DAT', 'RM_TEMP_SB', 'CSF_WAT', 'CSF_SPD', 'CSF_DP', 'CSA_TEMP', 'CSA_CFM', 'VAV_EAT_C_SB', 'CSA_HUMD', 'CSA_SP', 'VAVCFM_C_SB', 'VAVCFM_H_W', 'HSF_SPD', 'VAV_EAT_H_SB', 'VAV_DAT_SB', 'RM_TEMP_SA', 'HSF_DP', 'HSA_TEMP', 'VAVCFM_C_DM_W', 'VAVCFM_C_W', 'VAV_DAT_W', 'HSA_SP', 'HSA_CFM', 'VAV_DMPR_H_W', 'HSF_WAT', 'VAVCFM_T_W', 'EA_DMPR_DM', 'RF_WAT', 'VAV_SP_C_W', 'VAV_SP_H_E', 'EA_DMPR', 'VAV_SP_H_SB', 'RF_SPD', 'RA_TEMP', 'RA_HUMD', 'VAV_SP_H_SA', 'VAV_EAT_H_W', 'RF_DP', 'VAV_DMPR_C_SA', 'VAV_SP_C_SB', 'RA_DMPR_DM', 'VAV_DMPR_H_SA', 'VAV_SP_H_W', 'VAVCFM_H_DM_SA', 'RA_DMPR', 'VAV_EAT_C_W', 'VAVCFM_C_DM_SA', 'RA_CFM', 'MA_TEMP', 'VAVCFM_C_SA', 'OA_TEMP', 'VAVCFM_H_SA', 'VAVCFM_H_DM_W', 'OA_HUMD', 'VAVCFM_T_SA', 'OA_DMPR_DM', 'VAV_EAT_C_SA', 'VAV_DMPR_C_W', 'OA_DMPR', 'VAV_EAT_H_SA', 'HSA_HUMD', 'RM_TEMP_E', 'VAV_EAT_H_E', 'VAV_DAT_E', 'VAV_EAT_C_E', 'VAVCFM_T_E', 'VAVCFM_H_E', 'VAV_SP_C_E', 'VAVCFM_C_DM_E', 'OA_CFM', 'VAV_DMPR_C_E', 'VAVCFM_C_E', 'VAVCFM_H_DM_E', 'CHWP_GPMT']
2025-07-11 19:05:54 | INFO     | 🏗️ 模型信息:
2025-07-11 19:05:54 | INFO     |    模型类型: Model
2025-07-11 19:05:54 | INFO     |    总参数数量: 102,434,045
2025-07-11 19:05:54 | INFO     |    可训练参数: 102,434,045
2025-07-11 19:05:54 | INFO     |    模型大小估计: 390.75 MB
2025-07-11 19:05:54 | INFO     | 📊 数据集信息:
2025-07-11 19:05:54 | INFO     |    训练集大小: 5967
2025-07-11 19:05:54 | INFO     |    验证集大小: 1492
2025-07-11 19:05:54 | INFO     | 
================================================================================
2025-07-11 19:05:54 | INFO     | 📋 损失函数使用策略（遵循主流机器学习规范）:
2025-07-11 19:05:54 | INFO     |    🎯 训练阶段: 使用 hybrid_focal 损失函数
2025-07-11 19:05:54 | INFO     |       → 目的：优化模型参数，解决特定问题（类别不平衡、相似性等）
2025-07-11 19:05:54 | INFO     |    📊 验证阶段: 使用标准交叉熵损失函数
2025-07-11 19:05:54 | INFO     |       → 目的：客观评估模型性能，便于不同方法比较
2025-07-11 19:05:54 | INFO     |    📈 最终报告: 基于标准交叉熵损失的指标
2025-07-11 19:05:54 | INFO     |       → 目的：提供可信、可比较的性能指标
2025-07-11 19:05:54 | INFO     | ================================================================================

2025-07-11 19:05:54 | INFO     | 🔄 梯度累积配置: 每2轮累积一次梯度
2025-07-11 19:05:54 | INFO     |    实际batch_size: 4
2025-07-11 19:05:54 | INFO     |    有效batch_size: 8
2025-07-11 19:10:54 | INFO     | Epoch 1:
2025-07-11 19:10:54 | INFO     |   训练指标:
2025-07-11 19:10:54 | INFO     |     损失(hybrid_focal): 8.206929
2025-07-11 19:10:54 | INFO     |     准确率: 0.071596
2025-07-11 19:10:54 | INFO     |     学习率: 0.00010000
2025-07-11 19:10:54 | INFO     |   验证指标(标准CE):
2025-07-11 19:10:54 | INFO     |     损失: 6.400550
2025-07-11 19:10:54 | INFO     |     准确率: 0.124665
2025-07-11 19:10:54 | INFO     |     F1(macro): 0.106105
2025-07-11 19:10:54 | INFO     |     F1(weighted): 0.108169
2025-07-11 19:10:54 | INFO     |     精确率: 0.130200
2025-07-11 19:10:54 | INFO     |     召回率: 0.124462
2025-07-11 19:10:54 | INFO     |   学习率调度器: f1_based
2025-07-11 19:10:54 | INFO     | ------------------------------------------------------------
2025-07-11 19:10:54 | INFO     | Epoch   1 | Train: Loss=8.2069, Acc=0.0716 | Val: Loss=6.4006, Acc=0.1247, F1=0.1082 | LR=0.000100 🏆 [最佳模型]
2025-07-11 19:15:29 | INFO     | Epoch 2:
2025-07-11 19:15:29 | INFO     |   训练指标:
2025-07-11 19:15:29 | INFO     |     损失(hybrid_focal): 5.647776
2025-07-11 19:15:29 | INFO     |     准确率: 0.076794
2025-07-11 19:15:29 | INFO     |     学习率: 0.00010000
2025-07-11 19:15:29 | INFO     |   验证指标(标准CE):
2025-07-11 19:15:29 | INFO     |     损失: 4.349910
2025-07-11 19:15:29 | INFO     |     准确率: 0.082440
2025-07-11 19:15:29 | INFO     |     F1(macro): 0.064633
2025-07-11 19:15:29 | INFO     |     F1(weighted): 0.062618
2025-07-11 19:15:29 | INFO     |     精确率: 0.088959
2025-07-11 19:15:29 | INFO     |     召回率: 0.081382
2025-07-11 19:15:29 | INFO     |   学习率调度器: f1_based
2025-07-11 19:15:29 | INFO     | ------------------------------------------------------------
2025-07-11 19:15:29 | INFO     | Epoch   2 | Train: Loss=5.6478, Acc=0.0768 | Val: Loss=4.3499, Acc=0.0824, F1=0.0626 | LR=0.000100 
2025-07-11 19:19:55 | INFO     | Epoch 3:
2025-07-11 19:19:55 | INFO     |   训练指标:
2025-07-11 19:19:55 | INFO     |     损失(hybrid_focal): 3.150892
2025-07-11 19:19:55 | INFO     |     准确率: 0.090040
2025-07-11 19:19:55 | INFO     |     学习率: 0.00010000
2025-07-11 19:19:55 | INFO     |   验证指标(标准CE):
2025-07-11 19:19:55 | INFO     |     损失: 3.329863
2025-07-11 19:19:55 | INFO     |     准确率: 0.139410
2025-07-11 19:19:55 | INFO     |     F1(macro): 0.125539
2025-07-11 19:19:55 | INFO     |     F1(weighted): 0.127509
2025-07-11 19:19:55 | INFO     |     精确率: 0.189832
2025-07-11 19:19:55 | INFO     |     召回率: 0.133348
2025-07-11 19:19:55 | INFO     |   学习率调度器: f1_based
2025-07-11 19:19:55 | INFO     | ------------------------------------------------------------
2025-07-11 19:19:55 | INFO     | Epoch   3 | Train: Loss=3.1509, Acc=0.0900 | Val: Loss=3.3299, Acc=0.1394, F1=0.1275 | LR=0.000100 🏆 [最佳模型]
2025-07-11 19:24:21 | INFO     | Epoch 4:
2025-07-11 19:24:21 | INFO     |   训练指标:
2025-07-11 19:24:21 | INFO     |     损失(hybrid_focal): 2.494030
2025-07-11 19:24:21 | INFO     |     准确率: 0.141516
2025-07-11 19:24:21 | INFO     |     学习率: 0.00010000
2025-07-11 19:24:21 | INFO     |   验证指标(标准CE):
2025-07-11 19:24:21 | INFO     |     损失: 3.358921
2025-07-11 19:24:21 | INFO     |     准确率: 0.164879
2025-07-11 19:24:21 | INFO     |     F1(macro): 0.144580
2025-07-11 19:24:21 | INFO     |     F1(weighted): 0.145239
2025-07-11 19:24:21 | INFO     |     精确率: 0.255723
2025-07-11 19:24:21 | INFO     |     召回率: 0.161325
2025-07-11 19:24:21 | INFO     |   学习率调度器: f1_based
2025-07-11 19:24:21 | INFO     | ------------------------------------------------------------
2025-07-11 19:24:21 | INFO     | Epoch   4 | Train: Loss=2.4940, Acc=0.1415 | Val: Loss=3.3589, Acc=0.1649, F1=0.1452 | LR=0.000100 🏆 [最佳模型]
2025-07-11 19:28:48 | INFO     | Epoch 5:
2025-07-11 19:28:48 | INFO     |   训练指标:
2025-07-11 19:28:48 | INFO     |     损失(hybrid_focal): 2.327386
2025-07-11 19:28:48 | INFO     |     准确率: 0.180080
2025-07-11 19:28:48 | INFO     |     学习率: 0.00010000
2025-07-11 19:28:48 | INFO     |   验证指标(标准CE):
2025-07-11 19:28:48 | INFO     |     损失: 2.733608
2025-07-11 19:28:48 | INFO     |     准确率: 0.263405
2025-07-11 19:28:48 | INFO     |     F1(macro): 0.232428
2025-07-11 19:28:48 | INFO     |     F1(weighted): 0.224347
2025-07-11 19:28:48 | INFO     |     精确率: 0.297456
2025-07-11 19:28:48 | INFO     |     召回率: 0.267049
2025-07-11 19:28:48 | INFO     |   学习率调度器: f1_based
2025-07-11 19:28:48 | INFO     | ------------------------------------------------------------
2025-07-11 19:28:48 | INFO     | Epoch   5 | Train: Loss=2.3274, Acc=0.1801 | Val: Loss=2.7336, Acc=0.2634, F1=0.2243 | LR=0.000100 🏆 [最佳模型]
2025-07-11 19:33:14 | INFO     | Epoch 6:
2025-07-11 19:33:14 | INFO     |   训练指标:
2025-07-11 19:33:14 | INFO     |     损失(hybrid_focal): 2.106559
2025-07-11 19:33:14 | INFO     |     准确率: 0.244970
2025-07-11 19:33:14 | INFO     |     学习率: 0.00010000
2025-07-11 19:33:14 | INFO     |   验证指标(标准CE):
2025-07-11 19:33:14 | INFO     |     损失: 2.384909
2025-07-11 19:33:14 | INFO     |     准确率: 0.298928
2025-07-11 19:33:14 | INFO     |     F1(macro): 0.289088
2025-07-11 19:33:14 | INFO     |     F1(weighted): 0.285876
2025-07-11 19:33:14 | INFO     |     精确率: 0.412122
2025-07-11 19:33:14 | INFO     |     召回率: 0.297963
2025-07-11 19:33:14 | INFO     |   学习率调度器: f1_based
2025-07-11 19:33:14 | INFO     | ------------------------------------------------------------
2025-07-11 19:33:14 | INFO     | Epoch   6 | Train: Loss=2.1066, Acc=0.2450 | Val: Loss=2.3849, Acc=0.2989, F1=0.2859 | LR=0.000100 🏆 [最佳模型]
2025-07-11 19:37:40 | INFO     | Epoch 7:
2025-07-11 19:37:40 | INFO     |   训练指标:
2025-07-11 19:37:40 | INFO     |     损失(hybrid_focal): 1.902584
2025-07-11 19:37:40 | INFO     |     准确率: 0.290409
2025-07-11 19:37:40 | INFO     |     学习率: 0.00010000
2025-07-11 19:37:40 | INFO     |   验证指标(标准CE):
2025-07-11 19:37:40 | INFO     |     损失: 2.271450
2025-07-11 19:37:40 | INFO     |     准确率: 0.418901
2025-07-11 19:37:40 | INFO     |     F1(macro): 0.381917
2025-07-11 19:37:40 | INFO     |     F1(weighted): 0.379259
2025-07-11 19:37:40 | INFO     |     精确率: 0.435211
2025-07-11 19:37:40 | INFO     |     召回率: 0.422586
2025-07-11 19:37:40 | INFO     |   学习率调度器: f1_based
2025-07-11 19:37:40 | INFO     | ------------------------------------------------------------
2025-07-11 19:37:40 | INFO     | Epoch   7 | Train: Loss=1.9026, Acc=0.2904 | Val: Loss=2.2714, Acc=0.4189, F1=0.3793 | LR=0.000100 🏆 [最佳模型]
2025-07-11 19:42:06 | INFO     | Epoch 8:
2025-07-11 19:42:06 | INFO     |   训练指标:
2025-07-11 19:42:06 | INFO     |     损失(hybrid_focal): 1.738164
2025-07-11 19:42:06 | INFO     |     准确率: 0.342891
2025-07-11 19:42:06 | INFO     |     学习率: 0.00010000
2025-07-11 19:42:06 | INFO     |   验证指标(标准CE):
2025-07-11 19:42:06 | INFO     |     损失: 1.734138
2025-07-11 19:42:06 | INFO     |     准确率: 0.454424
2025-07-11 19:42:06 | INFO     |     F1(macro): 0.447120
2025-07-11 19:42:06 | INFO     |     F1(weighted): 0.438807
2025-07-11 19:42:06 | INFO     |     精确率: 0.512333
2025-07-11 19:42:06 | INFO     |     召回率: 0.462038
2025-07-11 19:42:06 | INFO     |   学习率调度器: f1_based
2025-07-11 19:42:06 | INFO     | ------------------------------------------------------------
2025-07-11 19:42:06 | INFO     | Epoch   8 | Train: Loss=1.7382, Acc=0.3429 | Val: Loss=1.7341, Acc=0.4544, F1=0.4388 | LR=0.000100 🏆 [最佳模型]
2025-07-11 19:46:32 | INFO     | Epoch 9:
2025-07-11 19:46:32 | INFO     |   训练指标:
2025-07-11 19:46:32 | INFO     |     损失(hybrid_focal): 1.569930
2025-07-11 19:46:32 | INFO     |     准确率: 0.402079
2025-07-11 19:46:32 | INFO     |     学习率: 0.00010000
2025-07-11 19:46:32 | INFO     |   验证指标(标准CE):
2025-07-11 19:46:32 | INFO     |     损失: 1.645476
2025-07-11 19:46:32 | INFO     |     准确率: 0.473861
2025-07-11 19:46:32 | INFO     |     F1(macro): 0.464647
2025-07-11 19:46:32 | INFO     |     F1(weighted): 0.452001
2025-07-11 19:46:32 | INFO     |     精确率: 0.516204
2025-07-11 19:46:32 | INFO     |     召回率: 0.487805
2025-07-11 19:46:32 | INFO     |   学习率调度器: f1_based
2025-07-11 19:46:32 | INFO     | ------------------------------------------------------------
2025-07-11 19:46:32 | INFO     | Epoch   9 | Train: Loss=1.5699, Acc=0.4021 | Val: Loss=1.6455, Acc=0.4739, F1=0.4520 | LR=0.000100 🏆 [最佳模型]
2025-07-11 19:50:59 | INFO     | Epoch 10:
2025-07-11 19:50:59 | INFO     |   训练指标:
2025-07-11 19:50:59 | INFO     |     损失(hybrid_focal): 1.421370
2025-07-11 19:50:59 | INFO     |     准确率: 0.446345
2025-07-11 19:50:59 | INFO     |     学习率: 0.00010000
2025-07-11 19:50:59 | INFO     |   验证指标(标准CE):
2025-07-11 19:50:59 | INFO     |     损失: 1.528690
2025-07-11 19:50:59 | INFO     |     准确率: 0.564343
2025-07-11 19:50:59 | INFO     |     F1(macro): 0.565062
2025-07-11 19:50:59 | INFO     |     F1(weighted): 0.554617
2025-07-11 19:50:59 | INFO     |     精确率: 0.606972
2025-07-11 19:50:59 | INFO     |     召回率: 0.575245
2025-07-11 19:50:59 | INFO     |   学习率调度器: f1_based
2025-07-11 19:50:59 | INFO     | ------------------------------------------------------------
2025-07-11 19:50:59 | INFO     | Epoch  10 | Train: Loss=1.4214, Acc=0.4463 | Val: Loss=1.5287, Acc=0.5643, F1=0.5546 | LR=0.000100 🏆 [最佳模型]
2025-07-11 19:55:25 | INFO     | Epoch 11:
2025-07-11 19:55:25 | INFO     |   训练指标:
2025-07-11 19:55:25 | INFO     |     损失(hybrid_focal): 1.368673
2025-07-11 19:55:25 | INFO     |     准确率: 0.464286
2025-07-11 19:55:25 | INFO     |     学习率: 0.00010000
2025-07-11 19:55:25 | INFO     |   验证指标(标准CE):
2025-07-11 19:55:25 | INFO     |     损失: 1.409336
2025-07-11 19:55:25 | INFO     |     准确率: 0.567694
2025-07-11 19:55:25 | INFO     |     F1(macro): 0.549018
2025-07-11 19:55:25 | INFO     |     F1(weighted): 0.538150
2025-07-11 19:55:25 | INFO     |     精确率: 0.616731
2025-07-11 19:55:25 | INFO     |     召回率: 0.574585
2025-07-11 19:55:25 | INFO     |   学习率调度器: f1_based
2025-07-11 19:55:25 | INFO     | ------------------------------------------------------------
2025-07-11 19:55:25 | INFO     | Epoch  11 | Train: Loss=1.3687, Acc=0.4643 | Val: Loss=1.4093, Acc=0.5677, F1=0.5382 | LR=0.000100 
2025-07-11 19:59:50 | INFO     | Epoch 12:
2025-07-11 19:59:50 | INFO     |   训练指标:
2025-07-11 19:59:50 | INFO     |     损失(hybrid_focal): 1.230419
2025-07-11 19:59:50 | INFO     |     准确率: 0.513581
2025-07-11 19:59:50 | INFO     |     学习率: 0.00010000
2025-07-11 19:59:50 | INFO     |   验证指标(标准CE):
2025-07-11 19:59:50 | INFO     |     损失: 1.156686
2025-07-11 19:59:50 | INFO     |     准确率: 0.654155
2025-07-11 19:59:50 | INFO     |     F1(macro): 0.646104
2025-07-11 19:59:50 | INFO     |     F1(weighted): 0.639362
2025-07-11 19:59:50 | INFO     |     精确率: 0.732909
2025-07-11 19:59:50 | INFO     |     召回率: 0.656610
2025-07-11 19:59:50 | INFO     |   学习率调度器: f1_based
2025-07-11 19:59:50 | INFO     | ------------------------------------------------------------
2025-07-11 19:59:50 | INFO     | Epoch  12 | Train: Loss=1.2304, Acc=0.5136 | Val: Loss=1.1567, Acc=0.6542, F1=0.6394 | LR=0.000100 🏆 [最佳模型]
2025-07-11 20:04:16 | INFO     | Epoch 13:
2025-07-11 20:04:16 | INFO     |   训练指标:
2025-07-11 20:04:16 | INFO     |     损失(hybrid_focal): 1.058479
2025-07-11 20:04:16 | INFO     |     准确率: 0.560362
2025-07-11 20:04:16 | INFO     |     学习率: 0.00010000
2025-07-11 20:04:16 | INFO     |   验证指标(标准CE):
2025-07-11 20:04:16 | INFO     |     损失: 1.167891
2025-07-11 20:04:16 | INFO     |     准确率: 0.670241
2025-07-11 20:04:16 | INFO     |     F1(macro): 0.661668
2025-07-11 20:04:16 | INFO     |     F1(weighted): 0.660241
2025-07-11 20:04:16 | INFO     |     精确率: 0.739629
2025-07-11 20:04:16 | INFO     |     召回率: 0.675753
2025-07-11 20:04:16 | INFO     |   学习率调度器: f1_based
2025-07-11 20:04:16 | INFO     | ------------------------------------------------------------
2025-07-11 20:04:16 | INFO     | Epoch  13 | Train: Loss=1.0585, Acc=0.5604 | Val: Loss=1.1679, Acc=0.6702, F1=0.6602 | LR=0.000100 🏆 [最佳模型]
2025-07-11 20:08:43 | INFO     | Epoch 14:
2025-07-11 20:08:43 | INFO     |   训练指标:
2025-07-11 20:08:43 | INFO     |     损失(hybrid_focal): 1.017931
2025-07-11 20:08:43 | INFO     |     准确率: 0.588531
2025-07-11 20:08:43 | INFO     |     学习率: 0.00010000
2025-07-11 20:08:43 | INFO     |   验证指标(标准CE):
2025-07-11 20:08:43 | INFO     |     损失: 1.025975
2025-07-11 20:08:43 | INFO     |     准确率: 0.721850
2025-07-11 20:08:43 | INFO     |     F1(macro): 0.714261
2025-07-11 20:08:43 | INFO     |     F1(weighted): 0.703691
2025-07-11 20:08:43 | INFO     |     精确率: 0.773913
2025-07-11 20:08:43 | INFO     |     召回率: 0.726037
2025-07-11 20:08:43 | INFO     |   学习率调度器: f1_based
2025-07-11 20:08:43 | INFO     | ------------------------------------------------------------
2025-07-11 20:08:43 | INFO     | Epoch  14 | Train: Loss=1.0179, Acc=0.5885 | Val: Loss=1.0260, Acc=0.7218, F1=0.7037 | LR=0.000100 🏆 [最佳模型]
2025-07-11 20:13:09 | INFO     | Epoch 15:
2025-07-11 20:13:09 | INFO     |   训练指标:
2025-07-11 20:13:09 | INFO     |     损失(hybrid_focal): 0.952869
2025-07-11 20:13:09 | INFO     |     准确率: 0.613682
2025-07-11 20:13:09 | INFO     |     学习率: 0.00010000
2025-07-11 20:13:09 | INFO     |   验证指标(标准CE):
2025-07-11 20:13:09 | INFO     |     损失: 1.163270
2025-07-11 20:13:09 | INFO     |     准确率: 0.631367
2025-07-11 20:13:09 | INFO     |     F1(macro): 0.613748
2025-07-11 20:13:09 | INFO     |     F1(weighted): 0.605790
2025-07-11 20:13:09 | INFO     |     精确率: 0.710823
2025-07-11 20:13:09 | INFO     |     召回率: 0.635863
2025-07-11 20:13:09 | INFO     |   学习率调度器: f1_based
2025-07-11 20:13:09 | INFO     | ------------------------------------------------------------
2025-07-11 20:13:09 | INFO     | Epoch  15 | Train: Loss=0.9529, Acc=0.6137 | Val: Loss=1.1633, Acc=0.6314, F1=0.6058 | LR=0.000100 
2025-07-11 20:17:34 | INFO     | Epoch 16:
2025-07-11 20:17:34 | INFO     |   训练指标:
2025-07-11 20:17:34 | INFO     |     损失(hybrid_focal): 0.912182
2025-07-11 20:17:34 | INFO     |     准确率: 0.621563
2025-07-11 20:17:34 | INFO     |     学习率: 0.00010000
2025-07-11 20:17:34 | INFO     |   验证指标(标准CE):
2025-07-11 20:17:34 | INFO     |     损失: 1.009860
2025-07-11 20:17:34 | INFO     |     准确率: 0.715147
2025-07-11 20:17:34 | INFO     |     F1(macro): 0.679132
2025-07-11 20:17:34 | INFO     |     F1(weighted): 0.679237
2025-07-11 20:17:34 | INFO     |     精确率: 0.720157
2025-07-11 20:17:34 | INFO     |     召回率: 0.710568
2025-07-11 20:17:34 | INFO     |   学习率调度器: f1_based
2025-07-11 20:17:34 | INFO     | ------------------------------------------------------------
2025-07-11 20:17:34 | INFO     | Epoch  16 | Train: Loss=0.9122, Acc=0.6216 | Val: Loss=1.0099, Acc=0.7151, F1=0.6792 | LR=0.000100 
2025-07-11 20:21:59 | INFO     | Epoch 17:
2025-07-11 20:21:59 | INFO     |   训练指标:
2025-07-11 20:21:59 | INFO     |     损失(hybrid_focal): 0.827940
2025-07-11 20:21:59 | INFO     |     准确率: 0.655600
2025-07-11 20:21:59 | INFO     |     学习率: 0.00010000
2025-07-11 20:21:59 | INFO     |   验证指标(标准CE):
2025-07-11 20:21:59 | INFO     |     损失: 0.937538
2025-07-11 20:21:59 | INFO     |     准确率: 0.731233
2025-07-11 20:21:59 | INFO     |     F1(macro): 0.742423
2025-07-11 20:21:59 | INFO     |     F1(weighted): 0.732944
2025-07-11 20:21:59 | INFO     |     精确率: 0.835564
2025-07-11 20:21:59 | INFO     |     召回率: 0.741264
2025-07-11 20:21:59 | INFO     |   学习率调度器: f1_based
2025-07-11 20:21:59 | INFO     | ------------------------------------------------------------
2025-07-11 20:21:59 | INFO     | Epoch  17 | Train: Loss=0.8279, Acc=0.6556 | Val: Loss=0.9375, Acc=0.7312, F1=0.7329 | LR=0.000100 🏆 [最佳模型]
2025-07-11 20:26:27 | INFO     | Epoch 18:
2025-07-11 20:26:27 | INFO     |   训练指标:
2025-07-11 20:26:27 | INFO     |     损失(hybrid_focal): 0.757852
2025-07-11 20:26:27 | INFO     |     准确率: 0.686452
2025-07-11 20:26:27 | INFO     |     学习率: 0.00010000
2025-07-11 20:26:27 | INFO     |   验证指标(标准CE):
2025-07-11 20:26:27 | INFO     |     损失: 0.867306
2025-07-11 20:26:27 | INFO     |     准确率: 0.777480
2025-07-11 20:26:27 | INFO     |     F1(macro): 0.788589
2025-07-11 20:26:27 | INFO     |     F1(weighted): 0.783197
2025-07-11 20:26:27 | INFO     |     精确率: 0.837833
2025-07-11 20:26:27 | INFO     |     召回率: 0.779286
2025-07-11 20:26:27 | INFO     |   学习率调度器: f1_based
2025-07-11 20:26:27 | INFO     | ------------------------------------------------------------
2025-07-11 20:26:27 | INFO     | Epoch  18 | Train: Loss=0.7579, Acc=0.6865 | Val: Loss=0.8673, Acc=0.7775, F1=0.7832 | LR=0.000100 🏆 [最佳模型]
2025-07-11 20:30:53 | INFO     | Epoch 19:
2025-07-11 20:30:53 | INFO     |   训练指标:
2025-07-11 20:30:53 | INFO     |     损失(hybrid_focal): 0.696060
2025-07-11 20:30:53 | INFO     |     准确率: 0.711100
2025-07-11 20:30:53 | INFO     |     学习率: 0.00010000
2025-07-11 20:30:53 | INFO     |   验证指标(标准CE):
2025-07-11 20:30:53 | INFO     |     损失: 0.736515
2025-07-11 20:30:53 | INFO     |     准确率: 0.800268
2025-07-11 20:30:53 | INFO     |     F1(macro): 0.806826
2025-07-11 20:30:53 | INFO     |     F1(weighted): 0.804988
2025-07-11 20:30:53 | INFO     |     精确率: 0.859102
2025-07-11 20:30:53 | INFO     |     召回率: 0.802714
2025-07-11 20:30:53 | INFO     |   学习率调度器: f1_based
2025-07-11 20:30:53 | INFO     | ------------------------------------------------------------
2025-07-11 20:30:53 | INFO     | Epoch  19 | Train: Loss=0.6961, Acc=0.7111 | Val: Loss=0.7365, Acc=0.8003, F1=0.8050 | LR=0.000100 🏆 [最佳模型]
2025-07-11 20:35:19 | INFO     | Epoch 20:
2025-07-11 20:35:19 | INFO     |   训练指标:
2025-07-11 20:35:19 | INFO     |     损失(hybrid_focal): 0.624463
2025-07-11 20:35:19 | INFO     |     准确率: 0.748323
2025-07-11 20:35:19 | INFO     |     学习率: 0.00010000
2025-07-11 20:35:19 | INFO     |   验证指标(标准CE):
2025-07-11 20:35:19 | INFO     |     损失: 0.708838
2025-07-11 20:35:19 | INFO     |     准确率: 0.813673
2025-07-11 20:35:19 | INFO     |     F1(macro): 0.818755
2025-07-11 20:35:19 | INFO     |     F1(weighted): 0.825596
2025-07-11 20:35:19 | INFO     |     精确率: 0.895155
2025-07-11 20:35:19 | INFO     |     召回率: 0.808484
2025-07-11 20:35:19 | INFO     |   学习率调度器: f1_based
2025-07-11 20:35:19 | INFO     | ------------------------------------------------------------
2025-07-11 20:35:19 | INFO     | Epoch  20 | Train: Loss=0.6245, Acc=0.7483 | Val: Loss=0.7088, Acc=0.8137, F1=0.8256 | LR=0.000100 🏆 [最佳模型]
2025-07-11 20:39:45 | INFO     | Epoch 21:
2025-07-11 20:39:45 | INFO     |   训练指标:
2025-07-11 20:39:45 | INFO     |     损失(hybrid_focal): 0.577431
2025-07-11 20:39:45 | INFO     |     准确率: 0.767270
2025-07-11 20:39:45 | INFO     |     学习率: 0.00010000
2025-07-11 20:39:45 | INFO     |   验证指标(标准CE):
2025-07-11 20:39:45 | INFO     |     损失: 0.664129
2025-07-11 20:39:45 | INFO     |     准确率: 0.820375
2025-07-11 20:39:45 | INFO     |     F1(macro): 0.816878
2025-07-11 20:39:45 | INFO     |     F1(weighted): 0.815710
2025-07-11 20:39:45 | INFO     |     精确率: 0.856218
2025-07-11 20:39:45 | INFO     |     召回率: 0.822735
2025-07-11 20:39:45 | INFO     |   学习率调度器: f1_based
2025-07-11 20:39:45 | INFO     | ------------------------------------------------------------
2025-07-11 20:39:45 | INFO     | Epoch  21 | Train: Loss=0.5774, Acc=0.7673 | Val: Loss=0.6641, Acc=0.8204, F1=0.8157 | LR=0.000100 
2025-07-11 20:44:11 | INFO     | Epoch 22:
2025-07-11 20:44:11 | INFO     |   训练指标:
2025-07-11 20:44:11 | INFO     |     损失(hybrid_focal): 0.538813
2025-07-11 20:44:11 | INFO     |     准确率: 0.780013
2025-07-11 20:44:11 | INFO     |     学习率: 0.00010000
2025-07-11 20:44:11 | INFO     |   验证指标(标准CE):
2025-07-11 20:44:11 | INFO     |     损失: 0.596147
2025-07-11 20:44:11 | INFO     |     准确率: 0.866622
2025-07-11 20:44:11 | INFO     |     F1(macro): 0.874967
2025-07-11 20:44:11 | INFO     |     F1(weighted): 0.873168
2025-07-11 20:44:11 | INFO     |     精确率: 0.908902
2025-07-11 20:44:11 | INFO     |     召回率: 0.871160
2025-07-11 20:44:11 | INFO     |   学习率调度器: f1_based
2025-07-11 20:44:11 | INFO     | ------------------------------------------------------------
2025-07-11 20:44:11 | INFO     | Epoch  22 | Train: Loss=0.5388, Acc=0.7800 | Val: Loss=0.5961, Acc=0.8666, F1=0.8732 | LR=0.000100 🏆 [最佳模型]
2025-07-11 20:48:37 | INFO     | Epoch 23:
2025-07-11 20:48:37 | INFO     |   训练指标:
2025-07-11 20:48:37 | INFO     |     损失(hybrid_focal): 0.508620
2025-07-11 20:48:37 | INFO     |     准确率: 0.798625
2025-07-11 20:48:37 | INFO     |     学习率: 0.00010000
2025-07-11 20:48:37 | INFO     |   验证指标(标准CE):
2025-07-11 20:48:37 | INFO     |     损失: 0.551590
2025-07-11 20:48:37 | INFO     |     准确率: 0.837802
2025-07-11 20:48:37 | INFO     |     F1(macro): 0.849914
2025-07-11 20:48:37 | INFO     |     F1(weighted): 0.847605
2025-07-11 20:48:37 | INFO     |     精确率: 0.890378
2025-07-11 20:48:37 | INFO     |     召回率: 0.841509
2025-07-11 20:48:37 | INFO     |   学习率调度器: f1_based
2025-07-11 20:48:37 | INFO     | ------------------------------------------------------------
2025-07-11 20:48:37 | INFO     | Epoch  23 | Train: Loss=0.5086, Acc=0.7986 | Val: Loss=0.5516, Acc=0.8378, F1=0.8476 | LR=0.000100 
2025-07-11 20:53:02 | INFO     | Epoch 24:
2025-07-11 20:53:02 | INFO     |   训练指标:
2025-07-11 20:53:02 | INFO     |     损失(hybrid_focal): 0.477133
2025-07-11 20:53:02 | INFO     |     准确率: 0.816063
2025-07-11 20:53:02 | INFO     |     学习率: 0.00010000
2025-07-11 20:53:02 | INFO     |   验证指标(标准CE):
2025-07-11 20:53:02 | INFO     |     损失: 0.592574
2025-07-11 20:53:02 | INFO     |     准确率: 0.851206
2025-07-11 20:53:02 | INFO     |     F1(macro): 0.858692
2025-07-11 20:53:02 | INFO     |     F1(weighted): 0.857104
2025-07-11 20:53:02 | INFO     |     精确率: 0.888497
2025-07-11 20:53:02 | INFO     |     召回率: 0.851671
2025-07-11 20:53:02 | INFO     |   学习率调度器: f1_based
2025-07-11 20:53:02 | INFO     | ------------------------------------------------------------
2025-07-11 20:53:02 | INFO     | Epoch  24 | Train: Loss=0.4771, Acc=0.8161 | Val: Loss=0.5926, Acc=0.8512, F1=0.8571 | LR=0.000100 
2025-07-11 20:57:28 | INFO     | Epoch 25:
2025-07-11 20:57:28 | INFO     |   训练指标:
2025-07-11 20:57:28 | INFO     |     损失(hybrid_focal): 0.456965
2025-07-11 20:57:28 | INFO     |     准确率: 0.819752
2025-07-11 20:57:28 | INFO     |     学习率: 0.00010000
2025-07-11 20:57:28 | INFO     |   验证指标(标准CE):
2025-07-11 20:57:28 | INFO     |     损失: 0.516624
2025-07-11 20:57:28 | INFO     |     准确率: 0.864611
2025-07-11 20:57:28 | INFO     |     F1(macro): 0.872768
2025-07-11 20:57:28 | INFO     |     F1(weighted): 0.868408
2025-07-11 20:57:28 | INFO     |     精确率: 0.895039
2025-07-11 20:57:28 | INFO     |     召回率: 0.867603
2025-07-11 20:57:28 | INFO     |   学习率调度器: f1_based
2025-07-11 20:57:28 | INFO     | ------------------------------------------------------------
2025-07-11 20:57:28 | INFO     | Epoch  25 | Train: Loss=0.4570, Acc=0.8198 | Val: Loss=0.5166, Acc=0.8646, F1=0.8684 | LR=0.000100 
2025-07-11 21:01:53 | INFO     | Epoch 26:
2025-07-11 21:01:53 | INFO     |   训练指标:
2025-07-11 21:01:53 | INFO     |     损失(hybrid_focal): 0.438415
2025-07-11 21:01:53 | INFO     |     准确率: 0.828806
2025-07-11 21:01:53 | INFO     |     学习率: 0.00010000
2025-07-11 21:01:53 | INFO     |   验证指标(标准CE):
2025-07-11 21:01:53 | INFO     |     损失: 0.559023
2025-07-11 21:01:53 | INFO     |     准确率: 0.850536
2025-07-11 21:01:53 | INFO     |     F1(macro): 0.871583
2025-07-11 21:01:53 | INFO     |     F1(weighted): 0.869099
2025-07-11 21:01:53 | INFO     |     精确率: 0.915824
2025-07-11 21:01:53 | INFO     |     召回率: 0.854800
2025-07-11 21:01:53 | INFO     |   学习率调度器: f1_based
2025-07-11 21:01:53 | INFO     | ------------------------------------------------------------
2025-07-11 21:01:53 | INFO     | Epoch  26 | Train: Loss=0.4384, Acc=0.8288 | Val: Loss=0.5590, Acc=0.8505, F1=0.8691 | LR=0.000100 
2025-07-11 21:06:18 | INFO     | Epoch 27:
2025-07-11 21:06:18 | INFO     |   训练指标:
2025-07-11 21:06:18 | INFO     |     损失(hybrid_focal): 0.422171
2025-07-11 21:06:18 | INFO     |     准确率: 0.833501
2025-07-11 21:06:18 | INFO     |     学习率: 0.00010000
2025-07-11 21:06:18 | INFO     |   验证指标(标准CE):
2025-07-11 21:06:18 | INFO     |     损失: 0.468989
2025-07-11 21:06:18 | INFO     |     准确率: 0.882038
2025-07-11 21:06:18 | INFO     |     F1(macro): 0.888873
2025-07-11 21:06:18 | INFO     |     F1(weighted): 0.886793
2025-07-11 21:06:18 | INFO     |     精确率: 0.931555
2025-07-11 21:06:18 | INFO     |     召回率: 0.887343
2025-07-11 21:06:18 | INFO     |   学习率调度器: f1_based
2025-07-11 21:06:18 | INFO     | ------------------------------------------------------------
2025-07-11 21:06:18 | INFO     | Epoch  27 | Train: Loss=0.4222, Acc=0.8335 | Val: Loss=0.4690, Acc=0.8820, F1=0.8868 | LR=0.000100 🏆 [最佳模型]
2025-07-11 21:10:44 | INFO     | Epoch 28:
2025-07-11 21:10:44 | INFO     |   训练指标:
2025-07-11 21:10:44 | INFO     |     损失(hybrid_focal): 0.410395
2025-07-11 21:10:44 | INFO     |     准确率: 0.841214
2025-07-11 21:10:44 | INFO     |     学习率: 0.00010000
2025-07-11 21:10:44 | INFO     |   验证指标(标准CE):
2025-07-11 21:10:44 | INFO     |     损失: 0.488400
2025-07-11 21:10:44 | INFO     |     准确率: 0.896113
2025-07-11 21:10:44 | INFO     |     F1(macro): 0.898747
2025-07-11 21:10:44 | INFO     |     F1(weighted): 0.897842
2025-07-11 21:10:44 | INFO     |     精确率: 0.922214
2025-07-11 21:10:44 | INFO     |     召回率: 0.898482
2025-07-11 21:10:44 | INFO     |   学习率调度器: f1_based
2025-07-11 21:10:44 | INFO     | ------------------------------------------------------------
2025-07-11 21:10:44 | INFO     | Epoch  28 | Train: Loss=0.4104, Acc=0.8412 | Val: Loss=0.4884, Acc=0.8961, F1=0.8978 | LR=0.000100 🏆 [最佳模型]
2025-07-11 21:15:11 | INFO     | Epoch 29:
2025-07-11 21:15:11 | INFO     |   训练指标:
2025-07-11 21:15:11 | INFO     |     损失(hybrid_focal): 0.376115
2025-07-11 21:15:11 | INFO     |     准确率: 0.860496
2025-07-11 21:15:11 | INFO     |     学习率: 0.00010000
2025-07-11 21:15:11 | INFO     |   验证指标(标准CE):
2025-07-11 21:15:11 | INFO     |     损失: 0.521182
2025-07-11 21:15:11 | INFO     |     准确率: 0.878686
2025-07-11 21:15:11 | INFO     |     F1(macro): 0.874115
2025-07-11 21:15:11 | INFO     |     F1(weighted): 0.871344
2025-07-11 21:15:11 | INFO     |     精确率: 0.893464
2025-07-11 21:15:11 | INFO     |     召回率: 0.882882
2025-07-11 21:15:11 | INFO     |   学习率调度器: f1_based
2025-07-11 21:15:11 | INFO     | ------------------------------------------------------------
2025-07-11 21:15:11 | INFO     | Epoch  29 | Train: Loss=0.3761, Acc=0.8605 | Val: Loss=0.5212, Acc=0.8787, F1=0.8713 | LR=0.000100 
2025-07-11 21:19:36 | INFO     | Epoch 30:
2025-07-11 21:19:36 | INFO     |   训练指标:
2025-07-11 21:19:36 | INFO     |     损失(hybrid_focal): 0.384681
2025-07-11 21:19:36 | INFO     |     准确率: 0.858484
2025-07-11 21:19:36 | INFO     |     学习率: 0.00010000
2025-07-11 21:19:36 | INFO     |   验证指标(标准CE):
2025-07-11 21:19:36 | INFO     |     损失: 0.503723
2025-07-11 21:19:36 | INFO     |     准确率: 0.884048
2025-07-11 21:19:36 | INFO     |     F1(macro): 0.889370
2025-07-11 21:19:36 | INFO     |     F1(weighted): 0.883832
2025-07-11 21:19:36 | INFO     |     精确率: 0.920201
2025-07-11 21:19:36 | INFO     |     召回率: 0.889422
2025-07-11 21:19:36 | INFO     |   学习率调度器: f1_based
2025-07-11 21:19:36 | INFO     | ------------------------------------------------------------
2025-07-11 21:19:36 | INFO     | Epoch  30 | Train: Loss=0.3847, Acc=0.8585 | Val: Loss=0.5037, Acc=0.8840, F1=0.8838 | LR=0.000100 
2025-07-11 21:24:01 | INFO     | Epoch 31:
2025-07-11 21:24:01 | INFO     |   训练指标:
2025-07-11 21:24:01 | INFO     |     损失(hybrid_focal): 0.360022
2025-07-11 21:24:01 | INFO     |     准确率: 0.860832
2025-07-11 21:24:01 | INFO     |     学习率: 0.00010000
2025-07-11 21:24:01 | INFO     |   验证指标(标准CE):
2025-07-11 21:24:01 | INFO     |     损失: 0.411045
2025-07-11 21:24:01 | INFO     |     准确率: 0.914879
2025-07-11 21:24:01 | INFO     |     F1(macro): 0.918939
2025-07-11 21:24:01 | INFO     |     F1(weighted): 0.917637
2025-07-11 21:24:01 | INFO     |     精确率: 0.948474
2025-07-11 21:24:01 | INFO     |     召回率: 0.914698
2025-07-11 21:24:01 | INFO     |   学习率调度器: f1_based
2025-07-11 21:24:01 | INFO     | ------------------------------------------------------------
2025-07-11 21:24:01 | INFO     | Epoch  31 | Train: Loss=0.3600, Acc=0.8608 | Val: Loss=0.4110, Acc=0.9149, F1=0.9176 | LR=0.000100 🏆 [最佳模型]
2025-07-11 21:28:27 | INFO     | Epoch 32:
2025-07-11 21:28:27 | INFO     |   训练指标:
2025-07-11 21:28:27 | INFO     |     损失(hybrid_focal): 0.351916
2025-07-11 21:28:27 | INFO     |     准确率: 0.870221
2025-07-11 21:28:27 | INFO     |     学习率: 0.00010000
2025-07-11 21:28:27 | INFO     |   验证指标(标准CE):
2025-07-11 21:28:27 | INFO     |     损失: 0.503637
2025-07-11 21:28:27 | INFO     |     准确率: 0.884718
2025-07-11 21:28:27 | INFO     |     F1(macro): 0.886100
2025-07-11 21:28:27 | INFO     |     F1(weighted): 0.883517
2025-07-11 21:28:27 | INFO     |     精确率: 0.913532
2025-07-11 21:28:27 | INFO     |     召回率: 0.887218
2025-07-11 21:28:27 | INFO     |   学习率调度器: f1_based
2025-07-11 21:28:27 | INFO     | ------------------------------------------------------------
2025-07-11 21:28:27 | INFO     | Epoch  32 | Train: Loss=0.3519, Acc=0.8702 | Val: Loss=0.5036, Acc=0.8847, F1=0.8835 | LR=0.000100 
2025-07-11 21:32:53 | INFO     | Epoch 33:
2025-07-11 21:32:53 | INFO     |   训练指标:
2025-07-11 21:32:53 | INFO     |     损失(hybrid_focal): 0.339012
2025-07-11 21:32:53 | INFO     |     准确率: 0.878437
2025-07-11 21:32:53 | INFO     |     学习率: 0.00010000
2025-07-11 21:32:53 | INFO     |   验证指标(标准CE):
2025-07-11 21:32:53 | INFO     |     损失: 0.446315
2025-07-11 21:32:53 | INFO     |     准确率: 0.915550
2025-07-11 21:32:53 | INFO     |     F1(macro): 0.915751
2025-07-11 21:32:53 | INFO     |     F1(weighted): 0.913993
2025-07-11 21:32:53 | INFO     |     精确率: 0.927942
2025-07-11 21:32:53 | INFO     |     召回率: 0.916196
2025-07-11 21:32:53 | INFO     |   学习率调度器: f1_based
2025-07-11 21:32:53 | INFO     | ------------------------------------------------------------
2025-07-11 21:32:53 | INFO     | Epoch  33 | Train: Loss=0.3390, Acc=0.8784 | Val: Loss=0.4463, Acc=0.9155, F1=0.9140 | LR=0.000100 
2025-07-11 21:37:18 | INFO     | Epoch 34:
2025-07-11 21:37:18 | INFO     |   训练指标:
2025-07-11 21:37:18 | INFO     |     损失(hybrid_focal): 0.328017
2025-07-11 21:37:18 | INFO     |     准确率: 0.879946
2025-07-11 21:37:18 | INFO     |     学习率: 0.00010000
2025-07-11 21:37:18 | INFO     |   验证指标(标准CE):
2025-07-11 21:37:18 | INFO     |     损失: 0.506367
2025-07-11 21:37:18 | INFO     |     准确率: 0.883378
2025-07-11 21:37:18 | INFO     |     F1(macro): 0.882369
2025-07-11 21:37:18 | INFO     |     F1(weighted): 0.878540
2025-07-11 21:37:18 | INFO     |     精确率: 0.911181
2025-07-11 21:37:18 | INFO     |     召回率: 0.890031
2025-07-11 21:37:18 | INFO     |   学习率调度器: f1_based
2025-07-11 21:37:18 | INFO     | ------------------------------------------------------------
2025-07-11 21:37:18 | INFO     | Epoch  34 | Train: Loss=0.3280, Acc=0.8799 | Val: Loss=0.5064, Acc=0.8834, F1=0.8785 | LR=0.000100 
2025-07-11 21:41:43 | INFO     | Epoch 35:
2025-07-11 21:41:43 | INFO     |   训练指标:
2025-07-11 21:41:43 | INFO     |     损失(hybrid_focal): 0.321685
2025-07-11 21:41:43 | INFO     |     准确率: 0.883970
2025-07-11 21:41:43 | INFO     |     学习率: 0.00010000
2025-07-11 21:41:43 | INFO     |   验证指标(标准CE):
2025-07-11 21:41:43 | INFO     |     损失: 0.502894
2025-07-11 21:41:43 | INFO     |     准确率: 0.882038
2025-07-11 21:41:43 | INFO     |     F1(macro): 0.883329
2025-07-11 21:41:43 | INFO     |     F1(weighted): 0.883661
2025-07-11 21:41:43 | INFO     |     精确率: 0.904559
2025-07-11 21:41:43 | INFO     |     召回率: 0.881870
2025-07-11 21:41:43 | INFO     |   学习率调度器: f1_based
2025-07-11 21:41:43 | INFO     | ------------------------------------------------------------
2025-07-11 21:41:43 | INFO     | Epoch  35 | Train: Loss=0.3217, Acc=0.8840 | Val: Loss=0.5029, Acc=0.8820, F1=0.8837 | LR=0.000100 
2025-07-11 21:46:09 | INFO     | Epoch 36:
2025-07-11 21:46:09 | INFO     |   训练指标:
2025-07-11 21:46:09 | INFO     |     损失(hybrid_focal): 0.311666
2025-07-11 21:46:09 | INFO     |     准确率: 0.885983
2025-07-11 21:46:09 | INFO     |     学习率: 0.00010000
2025-07-11 21:46:09 | INFO     |   验证指标(标准CE):
2025-07-11 21:46:09 | INFO     |     损失: 0.402328
2025-07-11 21:46:09 | INFO     |     准确率: 0.914879
2025-07-11 21:46:09 | INFO     |     F1(macro): 0.916397
2025-07-11 21:46:09 | INFO     |     F1(weighted): 0.913857
2025-07-11 21:46:09 | INFO     |     精确率: 0.926051
2025-07-11 21:46:09 | INFO     |     召回率: 0.918078
2025-07-11 21:46:09 | INFO     |   学习率调度器: f1_based
2025-07-11 21:46:09 | INFO     | ------------------------------------------------------------
2025-07-11 21:46:09 | INFO     | Epoch  36 | Train: Loss=0.3117, Acc=0.8860 | Val: Loss=0.4023, Acc=0.9149, F1=0.9139 | LR=0.000100 
2025-07-11 21:50:34 | INFO     | Epoch 37:
2025-07-11 21:50:34 | INFO     |   训练指标:
2025-07-11 21:50:34 | INFO     |     损失(hybrid_focal): 0.323605
2025-07-11 21:50:34 | INFO     |     准确率: 0.881288
2025-07-11 21:50:34 | INFO     |     学习率: 0.00010000
2025-07-11 21:50:34 | INFO     |   验证指标(标准CE):
2025-07-11 21:50:34 | INFO     |     损失: 0.495005
2025-07-11 21:50:34 | INFO     |     准确率: 0.908177
2025-07-11 21:50:34 | INFO     |     F1(macro): 0.911026
2025-07-11 21:50:34 | INFO     |     F1(weighted): 0.908872
2025-07-11 21:50:34 | INFO     |     精确率: 0.927379
2025-07-11 21:50:34 | INFO     |     召回率: 0.910399
2025-07-11 21:50:34 | INFO     |   学习率调度器: f1_based
2025-07-11 21:50:34 | INFO     | ------------------------------------------------------------
2025-07-11 21:50:34 | INFO     | 🎯 学习率调整事件:
2025-07-11 21:50:34 | INFO     |   调度器类型: f1_based
2025-07-11 21:50:34 | INFO     |   学习率变化: 0.00010000 → 0.00005000
2025-07-11 21:50:34 | INFO     |   触发条件: F1分数 = 0.908872
2025-07-11 21:50:34 | INFO     |   变化幅度: -50.00%
2025-07-11 21:50:34 | INFO     | ------------------------------------------------------------
2025-07-11 21:50:34 | INFO     | Epoch  37 | Train: Loss=0.3236, Acc=0.8813 | Val: Loss=0.4950, Acc=0.9082, F1=0.9089 | LR=0.000050 
2025-07-11 21:54:59 | INFO     | Epoch 38:
2025-07-11 21:54:59 | INFO     |   训练指标:
2025-07-11 21:54:59 | INFO     |     损失(hybrid_focal): 0.251369
2025-07-11 21:54:59 | INFO     |     准确率: 0.914822
2025-07-11 21:54:59 | INFO     |     学习率: 0.00005000
2025-07-11 21:54:59 | INFO     |   验证指标(标准CE):
2025-07-11 21:54:59 | INFO     |     损失: 0.379115
2025-07-11 21:54:59 | INFO     |     准确率: 0.922922
2025-07-11 21:54:59 | INFO     |     F1(macro): 0.924966
2025-07-11 21:54:59 | INFO     |     F1(weighted): 0.923965
2025-07-11 21:54:59 | INFO     |     精确率: 0.936795
2025-07-11 21:54:59 | INFO     |     召回率: 0.924318
2025-07-11 21:54:59 | INFO     |   学习率调度器: f1_based
2025-07-11 21:54:59 | INFO     | ------------------------------------------------------------
2025-07-11 21:54:59 | INFO     | Epoch  38 | Train: Loss=0.2514, Acc=0.9148 | Val: Loss=0.3791, Acc=0.9229, F1=0.9240 | LR=0.000050 🏆 [最佳模型]
2025-07-11 21:59:26 | INFO     | Epoch 39:
2025-07-11 21:59:26 | INFO     |   训练指标:
2025-07-11 21:59:26 | INFO     |     损失(hybrid_focal): 0.242148
2025-07-11 21:59:26 | INFO     |     准确率: 0.924044
2025-07-11 21:59:26 | INFO     |     学习率: 0.00005000
2025-07-11 21:59:26 | INFO     |   验证指标(标准CE):
2025-07-11 21:59:26 | INFO     |     损失: 0.617604
2025-07-11 21:59:26 | INFO     |     准确率: 0.922922
2025-07-11 21:59:26 | INFO     |     F1(macro): 0.922677
2025-07-11 21:59:26 | INFO     |     F1(weighted): 0.922119
2025-07-11 21:59:26 | INFO     |     精确率: 0.928444
2025-07-11 21:59:26 | INFO     |     召回率: 0.924845
2025-07-11 21:59:26 | INFO     |   学习率调度器: f1_based
2025-07-11 21:59:26 | INFO     | ------------------------------------------------------------
2025-07-11 21:59:26 | INFO     | Epoch  39 | Train: Loss=0.2421, Acc=0.9240 | Val: Loss=0.6176, Acc=0.9229, F1=0.9221 | LR=0.000050 
2025-07-11 22:03:51 | INFO     | Epoch 40:
2025-07-11 22:03:51 | INFO     |   训练指标:
2025-07-11 22:03:51 | INFO     |     损失(hybrid_focal): 0.229839
2025-07-11 22:03:51 | INFO     |     准确率: 0.927062
2025-07-11 22:03:51 | INFO     |     学习率: 0.00005000
2025-07-11 22:03:51 | INFO     |   验证指标(标准CE):
2025-07-11 22:03:51 | INFO     |     损失: 0.341203
2025-07-11 22:03:51 | INFO     |     准确率: 0.949732
2025-07-11 22:03:51 | INFO     |     F1(macro): 0.950823
2025-07-11 22:03:51 | INFO     |     F1(weighted): 0.949472
2025-07-11 22:03:51 | INFO     |     精确率: 0.954710
2025-07-11 22:03:51 | INFO     |     召回率: 0.952017
2025-07-11 22:03:51 | INFO     |   学习率调度器: f1_based
2025-07-11 22:03:51 | INFO     | ------------------------------------------------------------
2025-07-11 22:03:51 | INFO     | Epoch  40 | Train: Loss=0.2298, Acc=0.9271 | Val: Loss=0.3412, Acc=0.9497, F1=0.9495 | LR=0.000050 🏆 [最佳模型]
2025-07-11 22:08:17 | INFO     | Epoch 41:
2025-07-11 22:08:17 | INFO     |   训练指标:
2025-07-11 22:08:17 | INFO     |     损失(hybrid_focal): 0.225165
2025-07-11 22:08:17 | INFO     |     准确率: 0.928907
2025-07-11 22:08:17 | INFO     |     学习率: 0.00005000
2025-07-11 22:08:17 | INFO     |   验证指标(标准CE):
2025-07-11 22:08:17 | INFO     |     损失: 0.347315
2025-07-11 22:08:17 | INFO     |     准确率: 0.965147
2025-07-11 22:08:17 | INFO     |     F1(macro): 0.965391
2025-07-11 22:08:17 | INFO     |     F1(weighted): 0.965275
2025-07-11 22:08:17 | INFO     |     精确率: 0.967764
2025-07-11 22:08:17 | INFO     |     召回率: 0.964460
2025-07-11 22:08:17 | INFO     |   学习率调度器: f1_based
2025-07-11 22:08:17 | INFO     | ------------------------------------------------------------
2025-07-11 22:08:17 | INFO     | Epoch  41 | Train: Loss=0.2252, Acc=0.9289 | Val: Loss=0.3473, Acc=0.9651, F1=0.9653 | LR=0.000050 🏆 [最佳模型]
2025-07-11 22:12:43 | INFO     | Epoch 42:
2025-07-11 22:12:43 | INFO     |   训练指标:
2025-07-11 22:12:43 | INFO     |     损失(hybrid_focal): 0.219028
2025-07-11 22:12:43 | INFO     |     准确率: 0.933099
2025-07-11 22:12:43 | INFO     |     学习率: 0.00005000
2025-07-11 22:12:43 | INFO     |   验证指标(标准CE):
2025-07-11 22:12:43 | INFO     |     损失: 0.382468
2025-07-11 22:12:43 | INFO     |     准确率: 0.947721
2025-07-11 22:12:43 | INFO     |     F1(macro): 0.950288
2025-07-11 22:12:43 | INFO     |     F1(weighted): 0.947579
2025-07-11 22:12:43 | INFO     |     精确率: 0.960738
2025-07-11 22:12:43 | INFO     |     召回率: 0.948621
2025-07-11 22:12:43 | INFO     |   学习率调度器: f1_based
2025-07-11 22:12:43 | INFO     | ------------------------------------------------------------
2025-07-11 22:12:43 | INFO     | Epoch  42 | Train: Loss=0.2190, Acc=0.9331 | Val: Loss=0.3825, Acc=0.9477, F1=0.9476 | LR=0.000050 
2025-07-11 22:17:08 | INFO     | Epoch 43:
2025-07-11 22:17:08 | INFO     |   训练指标:
2025-07-11 22:17:08 | INFO     |     损失(hybrid_focal): 0.221328
2025-07-11 22:17:08 | INFO     |     准确率: 0.929913
2025-07-11 22:17:08 | INFO     |     学习率: 0.00005000
2025-07-11 22:17:08 | INFO     |   验证指标(标准CE):
2025-07-11 22:17:08 | INFO     |     损失: 0.435808
2025-07-11 22:17:08 | INFO     |     准确率: 0.920241
2025-07-11 22:17:08 | INFO     |     F1(macro): 0.918210
2025-07-11 22:17:08 | INFO     |     F1(weighted): 0.916079
2025-07-11 22:17:08 | INFO     |     精确率: 0.937873
2025-07-11 22:17:08 | INFO     |     召回率: 0.923369
2025-07-11 22:17:08 | INFO     |   学习率调度器: f1_based
2025-07-11 22:17:08 | INFO     | ------------------------------------------------------------
2025-07-11 22:17:08 | INFO     | Epoch  43 | Train: Loss=0.2213, Acc=0.9299 | Val: Loss=0.4358, Acc=0.9202, F1=0.9161 | LR=0.000050 
2025-07-11 22:21:33 | INFO     | Epoch 44:
2025-07-11 22:21:33 | INFO     |   训练指标:
2025-07-11 22:21:33 | INFO     |     损失(hybrid_focal): 0.217368
2025-07-11 22:21:33 | INFO     |     准确率: 0.932260
2025-07-11 22:21:33 | INFO     |     学习率: 0.00005000
2025-07-11 22:21:33 | INFO     |   验证指标(标准CE):
2025-07-11 22:21:33 | INFO     |     损失: 0.432408
2025-07-11 22:21:33 | INFO     |     准确率: 0.947721
2025-07-11 22:21:33 | INFO     |     F1(macro): 0.949479
2025-07-11 22:21:33 | INFO     |     F1(weighted): 0.948725
2025-07-11 22:21:33 | INFO     |     精确率: 0.955108
2025-07-11 22:21:33 | INFO     |     召回率: 0.948595
2025-07-11 22:21:33 | INFO     |   学习率调度器: f1_based
2025-07-11 22:21:33 | INFO     | ------------------------------------------------------------
2025-07-11 22:21:33 | INFO     | Epoch  44 | Train: Loss=0.2174, Acc=0.9323 | Val: Loss=0.4324, Acc=0.9477, F1=0.9487 | LR=0.000050 
2025-07-11 22:25:59 | INFO     | Epoch 45:
2025-07-11 22:25:59 | INFO     |   训练指标:
2025-07-11 22:25:59 | INFO     |     损失(hybrid_focal): 0.213143
2025-07-11 22:25:59 | INFO     |     准确率: 0.938296
2025-07-11 22:25:59 | INFO     |     学习率: 0.00005000
2025-07-11 22:25:59 | INFO     |   验证指标(标准CE):
2025-07-11 22:25:59 | INFO     |     损失: 0.445653
2025-07-11 22:25:59 | INFO     |     准确率: 0.934987
2025-07-11 22:25:59 | INFO     |     F1(macro): 0.935681
2025-07-11 22:25:59 | INFO     |     F1(weighted): 0.932988
2025-07-11 22:25:59 | INFO     |     精确率: 0.946397
2025-07-11 22:25:59 | INFO     |     召回率: 0.938113
2025-07-11 22:25:59 | INFO     |   学习率调度器: f1_based
2025-07-11 22:25:59 | INFO     | ------------------------------------------------------------
2025-07-11 22:25:59 | INFO     | Epoch  45 | Train: Loss=0.2131, Acc=0.9383 | Val: Loss=0.4457, Acc=0.9350, F1=0.9330 | LR=0.000050 
2025-07-11 22:30:24 | INFO     | Epoch 46:
2025-07-11 22:30:24 | INFO     |   训练指标:
2025-07-11 22:30:24 | INFO     |     损失(hybrid_focal): 0.212675
2025-07-11 22:30:24 | INFO     |     准确率: 0.936787
2025-07-11 22:30:24 | INFO     |     学习率: 0.00005000
2025-07-11 22:30:24 | INFO     |   验证指标(标准CE):
2025-07-11 22:30:24 | INFO     |     损失: 0.423632
2025-07-11 22:30:24 | INFO     |     准确率: 0.945710
2025-07-11 22:30:24 | INFO     |     F1(macro): 0.948221
2025-07-11 22:30:24 | INFO     |     F1(weighted): 0.947407
2025-07-11 22:30:24 | INFO     |     精确率: 0.955381
2025-07-11 22:30:24 | INFO     |     召回率: 0.948020
2025-07-11 22:30:24 | INFO     |   学习率调度器: f1_based
2025-07-11 22:30:24 | INFO     | ------------------------------------------------------------
2025-07-11 22:30:24 | INFO     | Epoch  46 | Train: Loss=0.2127, Acc=0.9368 | Val: Loss=0.4236, Acc=0.9457, F1=0.9474 | LR=0.000050 
2025-07-11 22:34:49 | INFO     | Epoch 47:
2025-07-11 22:34:49 | INFO     |   训练指标:
2025-07-11 22:34:49 | INFO     |     损失(hybrid_focal): 0.206592
2025-07-11 22:34:49 | INFO     |     准确率: 0.939805
2025-07-11 22:34:49 | INFO     |     学习率: 0.00005000
2025-07-11 22:34:49 | INFO     |   验证指标(标准CE):
2025-07-11 22:34:49 | INFO     |     损失: 0.371506
2025-07-11 22:34:49 | INFO     |     准确率: 0.951072
2025-07-11 22:34:49 | INFO     |     F1(macro): 0.953334
2025-07-11 22:34:49 | INFO     |     F1(weighted): 0.950757
2025-07-11 22:34:49 | INFO     |     精确率: 0.958463
2025-07-11 22:34:49 | INFO     |     召回率: 0.953178
2025-07-11 22:34:49 | INFO     |   学习率调度器: f1_based
2025-07-11 22:34:49 | INFO     | ------------------------------------------------------------
2025-07-11 22:34:49 | INFO     | 🎯 学习率调整事件:
2025-07-11 22:34:49 | INFO     |   调度器类型: f1_based
2025-07-11 22:34:49 | INFO     |   学习率变化: 0.00005000 → 0.00002500
2025-07-11 22:34:49 | INFO     |   触发条件: F1分数 = 0.950757
2025-07-11 22:34:49 | INFO     |   变化幅度: -50.00%
2025-07-11 22:34:49 | INFO     | ------------------------------------------------------------
2025-07-11 22:34:49 | INFO     | Epoch  47 | Train: Loss=0.2066, Acc=0.9398 | Val: Loss=0.3715, Acc=0.9511, F1=0.9508 | LR=0.000025 
2025-07-11 22:39:14 | INFO     | Epoch 48:
2025-07-11 22:39:14 | INFO     |   训练指标:
2025-07-11 22:39:14 | INFO     |     损失(hybrid_focal): 0.173508
2025-07-11 22:39:14 | INFO     |     准确率: 0.952549
2025-07-11 22:39:14 | INFO     |     学习率: 0.00002500
2025-07-11 22:39:14 | INFO     |   验证指标(标准CE):
2025-07-11 22:39:14 | INFO     |     损失: 0.398208
2025-07-11 22:39:14 | INFO     |     准确率: 0.953753
2025-07-11 22:39:14 | INFO     |     F1(macro): 0.955337
2025-07-11 22:39:14 | INFO     |     F1(weighted): 0.954402
2025-07-11 22:39:14 | INFO     |     精确率: 0.961333
2025-07-11 22:39:14 | INFO     |     召回率: 0.954360
2025-07-11 22:39:14 | INFO     |   学习率调度器: f1_based
2025-07-11 22:39:14 | INFO     | ------------------------------------------------------------
2025-07-11 22:39:14 | INFO     | Epoch  48 | Train: Loss=0.1735, Acc=0.9525 | Val: Loss=0.3982, Acc=0.9538, F1=0.9544 | LR=0.000025 
2025-07-11 22:43:39 | INFO     | Epoch 49:
2025-07-11 22:43:39 | INFO     |   训练指标:
2025-07-11 22:43:39 | INFO     |     损失(hybrid_focal): 0.178850
2025-07-11 22:43:39 | INFO     |     准确率: 0.950369
2025-07-11 22:43:39 | INFO     |     学习率: 0.00002500
2025-07-11 22:43:39 | INFO     |   验证指标(标准CE):
2025-07-11 22:43:39 | INFO     |     损失: 0.599724
2025-07-11 22:43:39 | INFO     |     准确率: 0.919571
2025-07-11 22:43:39 | INFO     |     F1(macro): 0.918366
2025-07-11 22:43:39 | INFO     |     F1(weighted): 0.916905
2025-07-11 22:43:39 | INFO     |     精确率: 0.926432
2025-07-11 22:43:39 | INFO     |     召回率: 0.919621
2025-07-11 22:43:39 | INFO     |   学习率调度器: f1_based
2025-07-11 22:43:39 | INFO     | ------------------------------------------------------------
2025-07-11 22:43:39 | INFO     | Epoch  49 | Train: Loss=0.1788, Acc=0.9504 | Val: Loss=0.5997, Acc=0.9196, F1=0.9169 | LR=0.000025 
2025-07-11 22:48:04 | INFO     | Epoch 50:
2025-07-11 22:48:04 | INFO     |   训练指标:
2025-07-11 22:48:04 | INFO     |     损失(hybrid_focal): 0.167157
2025-07-11 22:48:04 | INFO     |     准确率: 0.956740
2025-07-11 22:48:04 | INFO     |     学习率: 0.00002500
2025-07-11 22:48:04 | INFO     |   验证指标(标准CE):
2025-07-11 22:48:04 | INFO     |     损失: 0.403787
2025-07-11 22:48:04 | INFO     |     准确率: 0.955764
2025-07-11 22:48:04 | INFO     |     F1(macro): 0.957202
2025-07-11 22:48:04 | INFO     |     F1(weighted): 0.956765
2025-07-11 22:48:04 | INFO     |     精确率: 0.965602
2025-07-11 22:48:04 | INFO     |     召回率: 0.954218
2025-07-11 22:48:04 | INFO     |   学习率调度器: f1_based
2025-07-11 22:48:04 | INFO     | ------------------------------------------------------------
2025-07-11 22:48:04 | INFO     | Epoch  50 | Train: Loss=0.1672, Acc=0.9567 | Val: Loss=0.4038, Acc=0.9558, F1=0.9568 | LR=0.000025 
2025-07-11 22:52:28 | INFO     | Epoch 51:
2025-07-11 22:52:28 | INFO     |   训练指标:
2025-07-11 22:52:28 | INFO     |     损失(hybrid_focal): 0.162011
2025-07-11 22:52:28 | INFO     |     准确率: 0.958082
2025-07-11 22:52:28 | INFO     |     学习率: 0.00002500
2025-07-11 22:52:28 | INFO     |   验证指标(标准CE):
2025-07-11 22:52:28 | INFO     |     损失: 0.487664
2025-07-11 22:52:28 | INFO     |     准确率: 0.951072
2025-07-11 22:52:28 | INFO     |     F1(macro): 0.952204
2025-07-11 22:52:28 | INFO     |     F1(weighted): 0.951432
2025-07-11 22:52:28 | INFO     |     精确率: 0.960082
2025-07-11 22:52:28 | INFO     |     召回率: 0.952138
2025-07-11 22:52:28 | INFO     |   学习率调度器: f1_based
2025-07-11 22:52:28 | INFO     | ------------------------------------------------------------
2025-07-11 22:52:28 | INFO     | Epoch  51 | Train: Loss=0.1620, Acc=0.9581 | Val: Loss=0.4877, Acc=0.9511, F1=0.9514 | LR=0.000025 
2025-07-11 22:56:53 | INFO     | Epoch 52:
2025-07-11 22:56:53 | INFO     |   训练指标:
2025-07-11 22:56:53 | INFO     |     损失(hybrid_focal): 0.169405
2025-07-11 22:56:53 | INFO     |     准确率: 0.956740
2025-07-11 22:56:53 | INFO     |     学习率: 0.00002500
2025-07-11 22:56:53 | INFO     |   验证指标(标准CE):
2025-07-11 22:56:53 | INFO     |     损失: 0.519014
2025-07-11 22:56:53 | INFO     |     准确率: 0.945040
2025-07-11 22:56:53 | INFO     |     F1(macro): 0.948930
2025-07-11 22:56:53 | INFO     |     F1(weighted): 0.946728
2025-07-11 22:56:53 | INFO     |     精确率: 0.962135
2025-07-11 22:56:53 | INFO     |     召回率: 0.946203
2025-07-11 22:56:53 | INFO     |   学习率调度器: f1_based
2025-07-11 22:56:53 | INFO     | ------------------------------------------------------------
2025-07-11 22:56:53 | INFO     | Epoch  52 | Train: Loss=0.1694, Acc=0.9567 | Val: Loss=0.5190, Acc=0.9450, F1=0.9467 | LR=0.000025 
2025-07-11 23:01:18 | INFO     | Epoch 53:
2025-07-11 23:01:18 | INFO     |   训练指标:
2025-07-11 23:01:18 | INFO     |     损失(hybrid_focal): 0.159036
2025-07-11 23:01:18 | INFO     |     准确率: 0.958417
2025-07-11 23:01:18 | INFO     |     学习率: 0.00002500
2025-07-11 23:01:18 | INFO     |   验证指标(标准CE):
2025-07-11 23:01:18 | INFO     |     损失: 0.395002
2025-07-11 23:01:18 | INFO     |     准确率: 0.965147
2025-07-11 23:01:18 | INFO     |     F1(macro): 0.966601
2025-07-11 23:01:18 | INFO     |     F1(weighted): 0.965660
2025-07-11 23:01:18 | INFO     |     精确率: 0.971242
2025-07-11 23:01:18 | INFO     |     召回率: 0.965944
2025-07-11 23:01:18 | INFO     |   学习率调度器: f1_based
2025-07-11 23:01:18 | INFO     | ------------------------------------------------------------
2025-07-11 23:01:18 | INFO     | Epoch  53 | Train: Loss=0.1590, Acc=0.9584 | Val: Loss=0.3950, Acc=0.9651, F1=0.9657 | LR=0.000025 🏆 [最佳模型]
2025-07-11 23:05:44 | INFO     | Epoch 54:
2025-07-11 23:05:44 | INFO     |   训练指标:
2025-07-11 23:05:44 | INFO     |     损失(hybrid_focal): 0.156542
2025-07-11 23:05:44 | INFO     |     准确率: 0.962106
2025-07-11 23:05:44 | INFO     |     学习率: 0.00002500
2025-07-11 23:05:44 | INFO     |   验证指标(标准CE):
2025-07-11 23:05:44 | INFO     |     损失: 0.439089
2025-07-11 23:05:44 | INFO     |     准确率: 0.953083
2025-07-11 23:05:44 | INFO     |     F1(macro): 0.954934
2025-07-11 23:05:44 | INFO     |     F1(weighted): 0.953714
2025-07-11 23:05:44 | INFO     |     精确率: 0.964063
2025-07-11 23:05:44 | INFO     |     召回率: 0.953740
2025-07-11 23:05:44 | INFO     |   学习率调度器: f1_based
2025-07-11 23:05:44 | INFO     | ------------------------------------------------------------
2025-07-11 23:05:44 | INFO     | Epoch  54 | Train: Loss=0.1565, Acc=0.9621 | Val: Loss=0.4391, Acc=0.9531, F1=0.9537 | LR=0.000025 
2025-07-11 23:10:09 | INFO     | Epoch 55:
2025-07-11 23:10:09 | INFO     |   训练指标:
2025-07-11 23:10:09 | INFO     |     损失(hybrid_focal): 0.157226
2025-07-11 23:10:09 | INFO     |     准确率: 0.958753
2025-07-11 23:10:09 | INFO     |     学习率: 0.00002500
2025-07-11 23:10:09 | INFO     |   验证指标(标准CE):
2025-07-11 23:10:09 | INFO     |     损失: 0.414163
2025-07-11 23:10:09 | INFO     |     准确率: 0.959115
2025-07-11 23:10:09 | INFO     |     F1(macro): 0.961296
2025-07-11 23:10:09 | INFO     |     F1(weighted): 0.960429
2025-07-11 23:10:09 | INFO     |     精确率: 0.966108
2025-07-11 23:10:09 | INFO     |     召回率: 0.960140
2025-07-11 23:10:09 | INFO     |   学习率调度器: f1_based
2025-07-11 23:10:09 | INFO     | ------------------------------------------------------------
2025-07-11 23:10:09 | INFO     | 🎯 学习率调整事件:
2025-07-11 23:10:09 | INFO     |   调度器类型: f1_based
2025-07-11 23:10:09 | INFO     |   学习率变化: 0.00002500 → 0.00001250
2025-07-11 23:10:09 | INFO     |   触发条件: F1分数 = 0.960429
2025-07-11 23:10:09 | INFO     |   变化幅度: -50.00%
2025-07-11 23:10:09 | INFO     | ------------------------------------------------------------
2025-07-11 23:10:09 | INFO     | Epoch  55 | Train: Loss=0.1572, Acc=0.9588 | Val: Loss=0.4142, Acc=0.9591, F1=0.9604 | LR=0.000013 
2025-07-11 23:14:34 | INFO     | Epoch 56:
2025-07-11 23:14:34 | INFO     |   训练指标:
2025-07-11 23:14:34 | INFO     |     损失(hybrid_focal): 0.154535
2025-07-11 23:14:34 | INFO     |     准确率: 0.962777
2025-07-11 23:14:34 | INFO     |     学习率: 0.00001250
2025-07-11 23:14:34 | INFO     |   验证指标(标准CE):
2025-07-11 23:14:34 | INFO     |     损失: 0.464547
2025-07-11 23:14:34 | INFO     |     准确率: 0.967828
2025-07-11 23:14:34 | INFO     |     F1(macro): 0.968644
2025-07-11 23:14:34 | INFO     |     F1(weighted): 0.968208
2025-07-11 23:14:34 | INFO     |     精确率: 0.972662
2025-07-11 23:14:34 | INFO     |     召回率: 0.968484
2025-07-11 23:14:34 | INFO     |   学习率调度器: f1_based
2025-07-11 23:14:34 | INFO     | ------------------------------------------------------------
2025-07-11 23:14:34 | INFO     | Epoch  56 | Train: Loss=0.1545, Acc=0.9628 | Val: Loss=0.4645, Acc=0.9678, F1=0.9682 | LR=0.000013 🏆 [最佳模型]
2025-07-11 23:19:00 | INFO     | Epoch 57:
2025-07-11 23:19:00 | INFO     |   训练指标:
2025-07-11 23:19:00 | INFO     |     损失(hybrid_focal): 0.144248
2025-07-11 23:19:00 | INFO     |     准确率: 0.966968
2025-07-11 23:19:00 | INFO     |     学习率: 0.00001250
2025-07-11 23:19:00 | INFO     |   验证指标(标准CE):
2025-07-11 23:19:00 | INFO     |     损失: 0.488721
2025-07-11 23:19:00 | INFO     |     准确率: 0.965818
2025-07-11 23:19:00 | INFO     |     F1(macro): 0.966560
2025-07-11 23:19:00 | INFO     |     F1(weighted): 0.966425
2025-07-11 23:19:00 | INFO     |     精确率: 0.971821
2025-07-11 23:19:00 | INFO     |     召回率: 0.965887
2025-07-11 23:19:00 | INFO     |   学习率调度器: f1_based
2025-07-11 23:19:00 | INFO     | ------------------------------------------------------------
2025-07-11 23:19:00 | INFO     | Epoch  57 | Train: Loss=0.1442, Acc=0.9670 | Val: Loss=0.4887, Acc=0.9658, F1=0.9664 | LR=0.000013 
2025-07-11 23:23:25 | INFO     | Epoch 58:
2025-07-11 23:23:25 | INFO     |   训练指标:
2025-07-11 23:23:25 | INFO     |     损失(hybrid_focal): 0.144353
2025-07-11 23:23:25 | INFO     |     准确率: 0.968645
2025-07-11 23:23:25 | INFO     |     学习率: 0.00001250
2025-07-11 23:23:25 | INFO     |   验证指标(标准CE):
2025-07-11 23:23:25 | INFO     |     损失: 0.480316
2025-07-11 23:23:25 | INFO     |     准确率: 0.973190
2025-07-11 23:23:25 | INFO     |     F1(macro): 0.973985
2025-07-11 23:23:25 | INFO     |     F1(weighted): 0.973444
2025-07-11 23:23:25 | INFO     |     精确率: 0.976548
2025-07-11 23:23:25 | INFO     |     召回率: 0.973433
2025-07-11 23:23:25 | INFO     |   学习率调度器: f1_based
2025-07-11 23:23:25 | INFO     | ------------------------------------------------------------
2025-07-11 23:23:25 | INFO     | Epoch  58 | Train: Loss=0.1444, Acc=0.9686 | Val: Loss=0.4803, Acc=0.9732, F1=0.9734 | LR=0.000013 🏆 [最佳模型]
2025-07-11 23:27:51 | INFO     | Epoch 59:
2025-07-11 23:27:51 | INFO     |   训练指标:
2025-07-11 23:27:51 | INFO     |     损失(hybrid_focal): 0.144495
2025-07-11 23:27:51 | INFO     |     准确率: 0.969148
2025-07-11 23:27:51 | INFO     |     学习率: 0.00001250
2025-07-11 23:27:51 | INFO     |   验证指标(标准CE):
2025-07-11 23:27:51 | INFO     |     损失: 0.557526
2025-07-11 23:27:51 | INFO     |     准确率: 0.957105
2025-07-11 23:27:51 | INFO     |     F1(macro): 0.958188
2025-07-11 23:27:51 | INFO     |     F1(weighted): 0.957430
2025-07-11 23:27:51 | INFO     |     精确率: 0.962744
2025-07-11 23:27:51 | INFO     |     召回率: 0.957970
2025-07-11 23:27:51 | INFO     |   学习率调度器: f1_based
2025-07-11 23:27:51 | INFO     | ------------------------------------------------------------
2025-07-11 23:27:51 | INFO     | Epoch  59 | Train: Loss=0.1445, Acc=0.9691 | Val: Loss=0.5575, Acc=0.9571, F1=0.9574 | LR=0.000013 
2025-07-11 23:32:16 | INFO     | Epoch 60:
2025-07-11 23:32:16 | INFO     |   训练指标:
2025-07-11 23:32:16 | INFO     |     损失(hybrid_focal): 0.137852
2025-07-11 23:32:16 | INFO     |     准确率: 0.969987
2025-07-11 23:32:16 | INFO     |     学习率: 0.00001250
2025-07-11 23:32:16 | INFO     |   验证指标(标准CE):
2025-07-11 23:32:16 | INFO     |     损失: 0.504845
2025-07-11 23:32:16 | INFO     |     准确率: 0.972520
2025-07-11 23:32:16 | INFO     |     F1(macro): 0.973696
2025-07-11 23:32:16 | INFO     |     F1(weighted): 0.972818
2025-07-11 23:32:16 | INFO     |     精确率: 0.976237
2025-07-11 23:32:16 | INFO     |     召回率: 0.972739
2025-07-11 23:32:16 | INFO     |   学习率调度器: f1_based
2025-07-11 23:32:16 | INFO     | ------------------------------------------------------------
2025-07-11 23:32:16 | INFO     | Epoch  60 | Train: Loss=0.1379, Acc=0.9700 | Val: Loss=0.5048, Acc=0.9725, F1=0.9728 | LR=0.000013 
2025-07-11 23:36:40 | INFO     | Epoch 61:
2025-07-11 23:36:40 | INFO     |   训练指标:
2025-07-11 23:36:40 | INFO     |     损失(hybrid_focal): 0.136219
2025-07-11 23:36:40 | INFO     |     准确率: 0.969316
2025-07-11 23:36:40 | INFO     |     学习率: 0.00001250
2025-07-11 23:36:40 | INFO     |   验证指标(标准CE):
2025-07-11 23:36:40 | INFO     |     损失: 0.522835
2025-07-11 23:36:40 | INFO     |     准确率: 0.967158
2025-07-11 23:36:40 | INFO     |     F1(macro): 0.967051
2025-07-11 23:36:40 | INFO     |     F1(weighted): 0.966405
2025-07-11 23:36:40 | INFO     |     精确率: 0.968543
2025-07-11 23:36:40 | INFO     |     召回率: 0.967809
2025-07-11 23:36:40 | INFO     |   学习率调度器: f1_based
2025-07-11 23:36:40 | INFO     | ------------------------------------------------------------
2025-07-11 23:36:40 | INFO     | Epoch  61 | Train: Loss=0.1362, Acc=0.9693 | Val: Loss=0.5228, Acc=0.9672, F1=0.9664 | LR=0.000013 
2025-07-11 23:41:05 | INFO     | Epoch 62:
2025-07-11 23:41:05 | INFO     |   训练指标:
2025-07-11 23:41:05 | INFO     |     损失(hybrid_focal): 0.133556
2025-07-11 23:41:05 | INFO     |     准确率: 0.972334
2025-07-11 23:41:05 | INFO     |     学习率: 0.00001250
2025-07-11 23:41:05 | INFO     |   验证指标(标准CE):
2025-07-11 23:41:05 | INFO     |     损失: 0.504775
2025-07-11 23:41:05 | INFO     |     准确率: 0.968499
2025-07-11 23:41:05 | INFO     |     F1(macro): 0.969505
2025-07-11 23:41:05 | INFO     |     F1(weighted): 0.968871
2025-07-11 23:41:05 | INFO     |     精确率: 0.970987
2025-07-11 23:41:05 | INFO     |     召回率: 0.969617
2025-07-11 23:41:05 | INFO     |   学习率调度器: f1_based
2025-07-11 23:41:05 | INFO     | ------------------------------------------------------------
2025-07-11 23:41:05 | INFO     | Epoch  62 | Train: Loss=0.1336, Acc=0.9723 | Val: Loss=0.5048, Acc=0.9685, F1=0.9689 | LR=0.000013 
2025-07-11 23:45:30 | INFO     | Epoch 63:
2025-07-11 23:45:30 | INFO     |   训练指标:
2025-07-11 23:45:30 | INFO     |     损失(hybrid_focal): 0.138708
2025-07-11 23:45:30 | INFO     |     准确率: 0.968478
2025-07-11 23:45:30 | INFO     |     学习率: 0.00001250
2025-07-11 23:45:30 | INFO     |   验证指标(标准CE):
2025-07-11 23:45:30 | INFO     |     损失: 0.549650
2025-07-11 23:45:30 | INFO     |     准确率: 0.963807
2025-07-11 23:45:30 | INFO     |     F1(macro): 0.964534
2025-07-11 23:45:30 | INFO     |     F1(weighted): 0.964009
2025-07-11 23:45:30 | INFO     |     精确率: 0.968882
2025-07-11 23:45:30 | INFO     |     召回率: 0.964250
2025-07-11 23:45:30 | INFO     |   学习率调度器: f1_based
2025-07-11 23:45:30 | INFO     | ------------------------------------------------------------
2025-07-11 23:45:30 | INFO     | Epoch  63 | Train: Loss=0.1387, Acc=0.9685 | Val: Loss=0.5496, Acc=0.9638, F1=0.9640 | LR=0.000013 
2025-07-11 23:49:55 | INFO     | Epoch 64:
2025-07-11 23:49:55 | INFO     |   训练指标:
2025-07-11 23:49:55 | INFO     |     损失(hybrid_focal): 0.142645
2025-07-11 23:49:55 | INFO     |     准确率: 0.966801
2025-07-11 23:49:55 | INFO     |     学习率: 0.00001250
2025-07-11 23:49:55 | INFO     |   验证指标(标准CE):
2025-07-11 23:49:55 | INFO     |     损失: 0.495406
2025-07-11 23:49:55 | INFO     |     准确率: 0.967828
2025-07-11 23:49:55 | INFO     |     F1(macro): 0.967885
2025-07-11 23:49:55 | INFO     |     F1(weighted): 0.967440
2025-07-11 23:49:55 | INFO     |     精确率: 0.970176
2025-07-11 23:49:55 | INFO     |     召回率: 0.968628
2025-07-11 23:49:55 | INFO     |   学习率调度器: f1_based
2025-07-11 23:49:55 | INFO     | ------------------------------------------------------------
2025-07-11 23:49:55 | INFO     | 🎯 学习率调整事件:
2025-07-11 23:49:55 | INFO     |   调度器类型: f1_based
2025-07-11 23:49:55 | INFO     |   学习率变化: 0.00001250 → 0.00000625
2025-07-11 23:49:55 | INFO     |   触发条件: F1分数 = 0.967440
2025-07-11 23:49:55 | INFO     |   变化幅度: -50.00%
2025-07-11 23:49:55 | INFO     | ------------------------------------------------------------
2025-07-11 23:49:55 | INFO     | Epoch  64 | Train: Loss=0.1426, Acc=0.9668 | Val: Loss=0.4954, Acc=0.9678, F1=0.9674 | LR=0.000006 
2025-07-11 23:54:20 | INFO     | Epoch 65:
2025-07-11 23:54:20 | INFO     |   训练指标:
2025-07-11 23:54:20 | INFO     |     损失(hybrid_focal): 0.133967
2025-07-11 23:54:20 | INFO     |     准确率: 0.971160
2025-07-11 23:54:20 | INFO     |     学习率: 0.00000625
2025-07-11 23:54:20 | INFO     |   验证指标(标准CE):
2025-07-11 23:54:20 | INFO     |     损失: 0.567684
2025-07-11 23:54:20 | INFO     |     准确率: 0.971180
2025-07-11 23:54:20 | INFO     |     F1(macro): 0.972211
2025-07-11 23:54:20 | INFO     |     F1(weighted): 0.971368
2025-07-11 23:54:20 | INFO     |     精确率: 0.974081
2025-07-11 23:54:20 | INFO     |     召回率: 0.972390
2025-07-11 23:54:20 | INFO     |   学习率调度器: f1_based
2025-07-11 23:54:20 | INFO     | ------------------------------------------------------------
2025-07-11 23:54:20 | INFO     | Epoch  65 | Train: Loss=0.1340, Acc=0.9712 | Val: Loss=0.5677, Acc=0.9712, F1=0.9714 | LR=0.000006 
2025-07-11 23:58:45 | INFO     | Epoch 66:
2025-07-11 23:58:45 | INFO     |   训练指标:
2025-07-11 23:58:45 | INFO     |     损失(hybrid_focal): 0.136014
2025-07-11 23:58:45 | INFO     |     准确率: 0.969484
2025-07-11 23:58:45 | INFO     |     学习率: 0.00000625
2025-07-11 23:58:45 | INFO     |   验证指标(标准CE):
2025-07-11 23:58:45 | INFO     |     损失: 0.523104
2025-07-11 23:58:45 | INFO     |     准确率: 0.952413
2025-07-11 23:58:45 | INFO     |     F1(macro): 0.949807
2025-07-11 23:58:45 | INFO     |     F1(weighted): 0.949895
2025-07-11 23:58:45 | INFO     |     精确率: 0.957184
2025-07-11 23:58:45 | INFO     |     召回率: 0.951768
2025-07-11 23:58:45 | INFO     |   学习率调度器: f1_based
2025-07-11 23:58:45 | INFO     | ------------------------------------------------------------
2025-07-11 23:58:45 | INFO     | Epoch  66 | Train: Loss=0.1360, Acc=0.9695 | Val: Loss=0.5231, Acc=0.9524, F1=0.9499 | LR=0.000006 
2025-07-12 00:03:10 | INFO     | Epoch 67:
2025-07-12 00:03:10 | INFO     |   训练指标:
2025-07-12 00:03:10 | INFO     |     损失(hybrid_focal): 0.130351
2025-07-12 00:03:10 | INFO     |     准确率: 0.972837
2025-07-12 00:03:10 | INFO     |     学习率: 0.00000625
2025-07-12 00:03:10 | INFO     |   验证指标(标准CE):
2025-07-12 00:03:10 | INFO     |     损失: 0.566187
2025-07-12 00:03:10 | INFO     |     准确率: 0.967828
2025-07-12 00:03:10 | INFO     |     F1(macro): 0.968609
2025-07-12 00:03:10 | INFO     |     F1(weighted): 0.968101
2025-07-12 00:03:10 | INFO     |     精确率: 0.972462
2025-07-12 00:03:10 | INFO     |     召回率: 0.968260
2025-07-12 00:03:10 | INFO     |   学习率调度器: f1_based
2025-07-12 00:03:10 | INFO     | ------------------------------------------------------------
2025-07-12 00:03:10 | INFO     | Epoch  67 | Train: Loss=0.1304, Acc=0.9728 | Val: Loss=0.5662, Acc=0.9678, F1=0.9681 | LR=0.000006 
2025-07-12 00:07:35 | INFO     | Epoch 68:
2025-07-12 00:07:35 | INFO     |   训练指标:
2025-07-12 00:07:35 | INFO     |     损失(hybrid_focal): 0.125654
2025-07-12 00:07:35 | INFO     |     准确率: 0.976526
2025-07-12 00:07:35 | INFO     |     学习率: 0.00000625
2025-07-12 00:07:35 | INFO     |   验证指标(标准CE):
2025-07-12 00:07:35 | INFO     |     损失: 0.510404
2025-07-12 00:07:35 | INFO     |     准确率: 0.972520
2025-07-12 00:07:35 | INFO     |     F1(macro): 0.972935
2025-07-12 00:07:35 | INFO     |     F1(weighted): 0.972522
2025-07-12 00:07:35 | INFO     |     精确率: 0.976575
2025-07-12 00:07:35 | INFO     |     召回率: 0.972822
2025-07-12 00:07:35 | INFO     |   学习率调度器: f1_based
2025-07-12 00:07:35 | INFO     | ------------------------------------------------------------
2025-07-12 00:07:35 | INFO     | Epoch  68 | Train: Loss=0.1257, Acc=0.9765 | Val: Loss=0.5104, Acc=0.9725, F1=0.9725 | LR=0.000006 
2025-07-12 00:12:00 | INFO     | Epoch 69:
2025-07-12 00:12:00 | INFO     |   训练指标:
2025-07-12 00:12:00 | INFO     |     损失(hybrid_focal): 0.127083
2025-07-12 00:12:00 | INFO     |     准确率: 0.976358
2025-07-12 00:12:00 | INFO     |     学习率: 0.00000625
2025-07-12 00:12:00 | INFO     |   验证指标(标准CE):
2025-07-12 00:12:00 | INFO     |     损失: 0.566663
2025-07-12 00:12:00 | INFO     |     准确率: 0.973861
2025-07-12 00:12:00 | INFO     |     F1(macro): 0.974525
2025-07-12 00:12:00 | INFO     |     F1(weighted): 0.974020
2025-07-12 00:12:00 | INFO     |     精确率: 0.976251
2025-07-12 00:12:00 | INFO     |     召回率: 0.974013
2025-07-12 00:12:00 | INFO     |   学习率调度器: f1_based
2025-07-12 00:12:00 | INFO     | ------------------------------------------------------------
2025-07-12 00:12:00 | INFO     | Epoch  69 | Train: Loss=0.1271, Acc=0.9764 | Val: Loss=0.5667, Acc=0.9739, F1=0.9740 | LR=0.000006 🏆 [最佳模型]
2025-07-12 00:16:26 | INFO     | Epoch 70:
2025-07-12 00:16:26 | INFO     |   训练指标:
2025-07-12 00:16:26 | INFO     |     损失(hybrid_focal): 0.129023
2025-07-12 00:16:26 | INFO     |     准确率: 0.976023
2025-07-12 00:16:26 | INFO     |     学习率: 0.00000625
2025-07-12 00:16:26 | INFO     |   验证指标(标准CE):
2025-07-12 00:16:26 | INFO     |     损失: 0.539529
2025-07-12 00:16:26 | INFO     |     准确率: 0.964477
2025-07-12 00:16:26 | INFO     |     F1(macro): 0.964854
2025-07-12 00:16:26 | INFO     |     F1(weighted): 0.964158
2025-07-12 00:16:26 | INFO     |     精确率: 0.967903
2025-07-12 00:16:26 | INFO     |     召回率: 0.965026
2025-07-12 00:16:26 | INFO     |   学习率调度器: f1_based
2025-07-12 00:16:26 | INFO     | ------------------------------------------------------------
2025-07-12 00:16:26 | INFO     | Epoch  70 | Train: Loss=0.1290, Acc=0.9760 | Val: Loss=0.5395, Acc=0.9645, F1=0.9642 | LR=0.000006 
2025-07-12 00:20:51 | INFO     | Epoch 71:
2025-07-12 00:20:51 | INFO     |   训练指标:
2025-07-12 00:20:51 | INFO     |     损失(hybrid_focal): 0.130470
2025-07-12 00:20:51 | INFO     |     准确率: 0.973005
2025-07-12 00:20:51 | INFO     |     学习率: 0.00000625
2025-07-12 00:20:51 | INFO     |   验证指标(标准CE):
2025-07-12 00:20:51 | INFO     |     损失: 0.598576
2025-07-12 00:20:51 | INFO     |     准确率: 0.971850
2025-07-12 00:20:51 | INFO     |     F1(macro): 0.972367
2025-07-12 00:20:51 | INFO     |     F1(weighted): 0.971814
2025-07-12 00:20:51 | INFO     |     精确率: 0.975244
2025-07-12 00:20:51 | INFO     |     召回率: 0.971520
2025-07-12 00:20:51 | INFO     |   学习率调度器: f1_based
2025-07-12 00:20:51 | INFO     | ------------------------------------------------------------
2025-07-12 00:20:51 | INFO     | Epoch  71 | Train: Loss=0.1305, Acc=0.9730 | Val: Loss=0.5986, Acc=0.9718, F1=0.9718 | LR=0.000006 
2025-07-12 00:25:16 | INFO     | Epoch 72:
2025-07-12 00:25:16 | INFO     |   训练指标:
2025-07-12 00:25:16 | INFO     |     损失(hybrid_focal): 0.131698
2025-07-12 00:25:16 | INFO     |     准确率: 0.971999
2025-07-12 00:25:16 | INFO     |     学习率: 0.00000625
2025-07-12 00:25:16 | INFO     |   验证指标(标准CE):
2025-07-12 00:25:16 | INFO     |     损失: 0.549545
2025-07-12 00:25:16 | INFO     |     准确率: 0.973861
2025-07-12 00:25:16 | INFO     |     F1(macro): 0.974008
2025-07-12 00:25:16 | INFO     |     F1(weighted): 0.973757
2025-07-12 00:25:16 | INFO     |     精确率: 0.974373
2025-07-12 00:25:16 | INFO     |     召回率: 0.974058
2025-07-12 00:25:16 | INFO     |   学习率调度器: f1_based
2025-07-12 00:25:16 | INFO     | ------------------------------------------------------------
2025-07-12 00:25:16 | INFO     | 🎯 学习率调整事件:
2025-07-12 00:25:16 | INFO     |   调度器类型: f1_based
2025-07-12 00:25:16 | INFO     |   学习率变化: 0.00000625 → 0.00000313
2025-07-12 00:25:16 | INFO     |   触发条件: F1分数 = 0.973757
2025-07-12 00:25:16 | INFO     |   变化幅度: -50.00%
2025-07-12 00:25:16 | INFO     | ------------------------------------------------------------
2025-07-12 00:25:16 | INFO     | Epoch  72 | Train: Loss=0.1317, Acc=0.9720 | Val: Loss=0.5495, Acc=0.9739, F1=0.9738 | LR=0.000003 
2025-07-12 00:29:41 | INFO     | Epoch 73:
2025-07-12 00:29:41 | INFO     |   训练指标:
2025-07-12 00:29:41 | INFO     |     损失(hybrid_focal): 0.123976
2025-07-12 00:29:41 | INFO     |     准确率: 0.976023
2025-07-12 00:29:41 | INFO     |     学习率: 0.00000313
2025-07-12 00:29:41 | INFO     |   验证指标(标准CE):
2025-07-12 00:29:41 | INFO     |     损失: 0.611221
2025-07-12 00:29:41 | INFO     |     准确率: 0.939678
2025-07-12 00:29:41 | INFO     |     F1(macro): 0.929272
2025-07-12 00:29:41 | INFO     |     F1(weighted): 0.928301
2025-07-12 00:29:41 | INFO     |     精确率: 0.927444
2025-07-12 00:29:41 | INFO     |     召回率: 0.939064
2025-07-12 00:29:41 | INFO     |   学习率调度器: f1_based
2025-07-12 00:29:41 | INFO     | ------------------------------------------------------------
2025-07-12 00:29:41 | INFO     | Epoch  73 | Train: Loss=0.1240, Acc=0.9760 | Val: Loss=0.6112, Acc=0.9397, F1=0.9283 | LR=0.000003 
2025-07-12 00:34:06 | INFO     | Epoch 74:
2025-07-12 00:34:06 | INFO     |   训练指标:
2025-07-12 00:34:06 | INFO     |     损失(hybrid_focal): 0.124803
2025-07-12 00:34:06 | INFO     |     准确率: 0.976693
2025-07-12 00:34:06 | INFO     |     学习率: 0.00000313
2025-07-12 00:34:06 | INFO     |   验证指标(标准CE):
2025-07-12 00:34:06 | INFO     |     损失: 0.599286
2025-07-12 00:34:06 | INFO     |     准确率: 0.970509
2025-07-12 00:34:06 | INFO     |     F1(macro): 0.971252
2025-07-12 00:34:06 | INFO     |     F1(weighted): 0.970655
2025-07-12 00:34:06 | INFO     |     精确率: 0.974521
2025-07-12 00:34:06 | INFO     |     召回率: 0.971560
2025-07-12 00:34:06 | INFO     |   学习率调度器: f1_based
2025-07-12 00:34:06 | INFO     | ------------------------------------------------------------
2025-07-12 00:34:06 | INFO     | Epoch  74 | Train: Loss=0.1248, Acc=0.9767 | Val: Loss=0.5993, Acc=0.9705, F1=0.9707 | LR=0.000003 
2025-07-12 00:38:31 | INFO     | Epoch 75:
2025-07-12 00:38:31 | INFO     |   训练指标:
2025-07-12 00:38:31 | INFO     |     损失(hybrid_focal): 0.123853
2025-07-12 00:38:31 | INFO     |     准确率: 0.975855
2025-07-12 00:38:31 | INFO     |     学习率: 0.00000313
2025-07-12 00:38:31 | INFO     |   验证指标(标准CE):
2025-07-12 00:38:31 | INFO     |     损失: 0.515663
2025-07-12 00:38:31 | INFO     |     准确率: 0.971180
2025-07-12 00:38:31 | INFO     |     F1(macro): 0.971520
2025-07-12 00:38:31 | INFO     |     F1(weighted): 0.971001
2025-07-12 00:38:31 | INFO     |     精确率: 0.974790
2025-07-12 00:38:31 | INFO     |     召回率: 0.971594
2025-07-12 00:38:31 | INFO     |   学习率调度器: f1_based
2025-07-12 00:38:31 | INFO     | ------------------------------------------------------------
2025-07-12 00:38:31 | INFO     | Epoch  75 | Train: Loss=0.1239, Acc=0.9759 | Val: Loss=0.5157, Acc=0.9712, F1=0.9710 | LR=0.000003 
2025-07-12 00:42:56 | INFO     | Epoch 76:
2025-07-12 00:42:56 | INFO     |   训练指标:
2025-07-12 00:42:56 | INFO     |     损失(hybrid_focal): 0.117852
2025-07-12 00:42:56 | INFO     |     准确率: 0.981388
2025-07-12 00:42:56 | INFO     |     学习率: 0.00000313
2025-07-12 00:42:56 | INFO     |   验证指标(标准CE):
2025-07-12 00:42:56 | INFO     |     损失: 0.549424
2025-07-12 00:42:56 | INFO     |     准确率: 0.968499
2025-07-12 00:42:56 | INFO     |     F1(macro): 0.969249
2025-07-12 00:42:56 | INFO     |     F1(weighted): 0.968631
2025-07-12 00:42:56 | INFO     |     精确率: 0.972380
2025-07-12 00:42:56 | INFO     |     召回率: 0.969435
2025-07-12 00:42:56 | INFO     |   学习率调度器: f1_based
2025-07-12 00:42:56 | INFO     | ------------------------------------------------------------
2025-07-12 00:42:56 | INFO     | Epoch  76 | Train: Loss=0.1179, Acc=0.9814 | Val: Loss=0.5494, Acc=0.9685, F1=0.9686 | LR=0.000003 
2025-07-12 00:47:20 | INFO     | Epoch 77:
2025-07-12 00:47:20 | INFO     |   训练指标:
2025-07-12 00:47:20 | INFO     |     损失(hybrid_focal): 0.122713
2025-07-12 00:47:20 | INFO     |     准确率: 0.975520
2025-07-12 00:47:20 | INFO     |     学习率: 0.00000313
2025-07-12 00:47:20 | INFO     |   验证指标(标准CE):
2025-07-12 00:47:20 | INFO     |     损失: 0.608686
2025-07-12 00:47:20 | INFO     |     准确率: 0.931635
2025-07-12 00:47:20 | INFO     |     F1(macro): 0.927174
2025-07-12 00:47:20 | INFO     |     F1(weighted): 0.928425
2025-07-12 00:47:20 | INFO     |     精确率: 0.949601
2025-07-12 00:47:20 | INFO     |     召回率: 0.930766
2025-07-12 00:47:20 | INFO     |   学习率调度器: f1_based
2025-07-12 00:47:20 | INFO     | ------------------------------------------------------------
2025-07-12 00:47:20 | INFO     | Epoch  77 | Train: Loss=0.1227, Acc=0.9755 | Val: Loss=0.6087, Acc=0.9316, F1=0.9284 | LR=0.000003 
2025-07-12 00:51:45 | INFO     | Epoch 78:
2025-07-12 00:51:45 | INFO     |   训练指标:
2025-07-12 00:51:45 | INFO     |     损失(hybrid_focal): 0.123056
2025-07-12 00:51:45 | INFO     |     准确率: 0.975184
2025-07-12 00:51:45 | INFO     |     学习率: 0.00000313
2025-07-12 00:51:45 | INFO     |   验证指标(标准CE):
2025-07-12 00:51:45 | INFO     |     损失: 0.636890
2025-07-12 00:51:45 | INFO     |     准确率: 0.941019
2025-07-12 00:51:45 | INFO     |     F1(macro): 0.945216
2025-07-12 00:51:45 | INFO     |     F1(weighted): 0.941031
2025-07-12 00:51:45 | INFO     |     精确率: 0.956254
2025-07-12 00:51:45 | INFO     |     召回率: 0.946420
2025-07-12 00:51:45 | INFO     |   学习率调度器: f1_based
2025-07-12 00:51:45 | INFO     | ------------------------------------------------------------
2025-07-12 00:51:45 | INFO     | Epoch  78 | Train: Loss=0.1231, Acc=0.9752 | Val: Loss=0.6369, Acc=0.9410, F1=0.9410 | LR=0.000003 
2025-07-12 00:56:10 | INFO     | Epoch 79:
2025-07-12 00:56:10 | INFO     |   训练指标:
2025-07-12 00:56:10 | INFO     |     损失(hybrid_focal): 0.119337
2025-07-12 00:56:10 | INFO     |     准确率: 0.976693
2025-07-12 00:56:10 | INFO     |     学习率: 0.00000313
2025-07-12 00:56:10 | INFO     |   验证指标(标准CE):
2025-07-12 00:56:10 | INFO     |     损失: 0.623716
2025-07-12 00:56:10 | INFO     |     准确率: 0.953753
2025-07-12 00:56:10 | INFO     |     F1(macro): 0.953867
2025-07-12 00:56:10 | INFO     |     F1(weighted): 0.953616
2025-07-12 00:56:10 | INFO     |     精确率: 0.956299
2025-07-12 00:56:10 | INFO     |     召回率: 0.954410
2025-07-12 00:56:10 | INFO     |   学习率调度器: f1_based
2025-07-12 00:56:10 | INFO     | ------------------------------------------------------------
2025-07-12 00:56:10 | INFO     | Epoch  79 | Train: Loss=0.1193, Acc=0.9767 | Val: Loss=0.6237, Acc=0.9538, F1=0.9536 | LR=0.000003 
2025-07-12 01:00:35 | INFO     | Epoch 80:
2025-07-12 01:00:35 | INFO     |   训练指标:
2025-07-12 01:00:35 | INFO     |     损失(hybrid_focal): 0.123777
2025-07-12 01:00:35 | INFO     |     准确率: 0.977029
2025-07-12 01:00:35 | INFO     |     学习率: 0.00000313
2025-07-12 01:00:35 | INFO     |   验证指标(标准CE):
2025-07-12 01:00:35 | INFO     |     损失: 0.578298
2025-07-12 01:00:35 | INFO     |     准确率: 0.973190
2025-07-12 01:00:35 | INFO     |     F1(macro): 0.973337
2025-07-12 01:00:35 | INFO     |     F1(weighted): 0.973167
2025-07-12 01:00:35 | INFO     |     精确率: 0.976348
2025-07-12 01:00:35 | INFO     |     召回率: 0.972337
2025-07-12 01:00:35 | INFO     |   学习率调度器: f1_based
2025-07-12 01:00:35 | INFO     | ------------------------------------------------------------
2025-07-12 01:00:35 | INFO     | 🎯 学习率调整事件:
2025-07-12 01:00:35 | INFO     |   调度器类型: f1_based
2025-07-12 01:00:35 | INFO     |   学习率变化: 0.00000313 → 0.00000156
2025-07-12 01:00:35 | INFO     |   触发条件: F1分数 = 0.973167
2025-07-12 01:00:35 | INFO     |   变化幅度: -50.00%
2025-07-12 01:00:35 | INFO     | ------------------------------------------------------------
2025-07-12 01:00:35 | INFO     | Epoch  80 | Train: Loss=0.1238, Acc=0.9770 | Val: Loss=0.5783, Acc=0.9732, F1=0.9732 | LR=0.000002 
2025-07-12 01:05:00 | INFO     | Epoch 81:
2025-07-12 01:05:00 | INFO     |   训练指标:
2025-07-12 01:05:00 | INFO     |     损失(hybrid_focal): 0.124634
2025-07-12 01:05:00 | INFO     |     准确率: 0.974011
2025-07-12 01:05:00 | INFO     |     学习率: 0.00000156
2025-07-12 01:05:00 | INFO     |   验证指标(标准CE):
2025-07-12 01:05:00 | INFO     |     损失: 0.608221
2025-07-12 01:05:00 | INFO     |     准确率: 0.971180
2025-07-12 01:05:00 | INFO     |     F1(macro): 0.971583
2025-07-12 01:05:00 | INFO     |     F1(weighted): 0.970882
2025-07-12 01:05:00 | INFO     |     精确率: 0.974711
2025-07-12 01:05:00 | INFO     |     召回率: 0.971995
2025-07-12 01:05:00 | INFO     |   学习率调度器: f1_based
2025-07-12 01:05:00 | INFO     | ------------------------------------------------------------
2025-07-12 01:05:00 | INFO     | Epoch  81 | Train: Loss=0.1246, Acc=0.9740 | Val: Loss=0.6082, Acc=0.9712, F1=0.9709 | LR=0.000002 
2025-07-12 01:09:25 | INFO     | Epoch 82:
2025-07-12 01:09:25 | INFO     |   训练指标:
2025-07-12 01:09:25 | INFO     |     损失(hybrid_focal): 0.120334
2025-07-12 01:09:25 | INFO     |     准确率: 0.978538
2025-07-12 01:09:25 | INFO     |     学习率: 0.00000156
2025-07-12 01:09:25 | INFO     |   验证指标(标准CE):
2025-07-12 01:09:25 | INFO     |     损失: 0.738182
2025-07-12 01:09:25 | INFO     |     准确率: 0.949732
2025-07-12 01:09:25 | INFO     |     F1(macro): 0.949265
2025-07-12 01:09:25 | INFO     |     F1(weighted): 0.947621
2025-07-12 01:09:25 | INFO     |     精确率: 0.958175
2025-07-12 01:09:25 | INFO     |     召回率: 0.952458
2025-07-12 01:09:25 | INFO     |   学习率调度器: f1_based
2025-07-12 01:09:25 | INFO     | ------------------------------------------------------------
2025-07-12 01:09:25 | INFO     | Epoch  82 | Train: Loss=0.1203, Acc=0.9785 | Val: Loss=0.7382, Acc=0.9497, F1=0.9476 | LR=0.000002 
2025-07-12 01:13:50 | INFO     | Epoch 83:
2025-07-12 01:13:50 | INFO     |   训练指标:
2025-07-12 01:13:50 | INFO     |     损失(hybrid_focal): 0.119362
2025-07-12 01:13:50 | INFO     |     准确率: 0.980885
2025-07-12 01:13:50 | INFO     |     学习率: 0.00000156
2025-07-12 01:13:50 | INFO     |   验证指标(标准CE):
2025-07-12 01:13:50 | INFO     |     损失: 0.619304
2025-07-12 01:13:50 | INFO     |     准确率: 0.947721
2025-07-12 01:13:50 | INFO     |     F1(macro): 0.938002
2025-07-12 01:13:50 | INFO     |     F1(weighted): 0.943212
2025-07-12 01:13:50 | INFO     |     精确率: 0.962145
2025-07-12 01:13:50 | INFO     |     召回率: 0.942749
2025-07-12 01:13:50 | INFO     |   学习率调度器: f1_based
2025-07-12 01:13:50 | INFO     | ------------------------------------------------------------
2025-07-12 01:13:50 | INFO     | Epoch  83 | Train: Loss=0.1194, Acc=0.9809 | Val: Loss=0.6193, Acc=0.9477, F1=0.9432 | LR=0.000002 
2025-07-12 01:18:14 | INFO     | Epoch 84:
2025-07-12 01:18:14 | INFO     |   训练指标:
2025-07-12 01:18:14 | INFO     |     损失(hybrid_focal): 0.118194
2025-07-12 01:18:14 | INFO     |     准确率: 0.979376
2025-07-12 01:18:14 | INFO     |     学习率: 0.00000156
2025-07-12 01:18:14 | INFO     |   验证指标(标准CE):
2025-07-12 01:18:14 | INFO     |     损失: 0.739822
2025-07-12 01:18:14 | INFO     |     准确率: 0.920241
2025-07-12 01:18:14 | INFO     |     F1(macro): 0.897040
2025-07-12 01:18:14 | INFO     |     F1(weighted): 0.906191
2025-07-12 01:18:14 | INFO     |     精确率: 0.910763
2025-07-12 01:18:14 | INFO     |     召回率: 0.911192
2025-07-12 01:18:14 | INFO     |   学习率调度器: f1_based
2025-07-12 01:18:14 | INFO     | ------------------------------------------------------------
2025-07-12 01:18:14 | INFO     | Epoch  84 | Train: Loss=0.1182, Acc=0.9794 | Val: Loss=0.7398, Acc=0.9202, F1=0.9062 | LR=0.000002 
2025-07-12 01:18:14 | INFO     | ⏹️ 早停触发，在第 84 轮停止训练
2025-07-12 01:18:33 | INFO     | 训练历史已保存到: ./result/0711_1905_DualGAF_DDAHU_DualGAFNet_dilated_enhanced_sl96_step96_fd128_extractor-dilated_gaf-adaptive_attention-self_classifier-residual_bottleneck_stat-basic_fusion-gated/training_history.csv
2025-07-12 01:18:33 | INFO     | 
====================================================================================================
2025-07-12 01:18:33 | INFO     | 🎉 训练完成总结:
2025-07-12 01:18:33 | INFO     |   训练损失函数: hybrid_focal
2025-07-12 01:18:33 | INFO     |   验证损失函数: 标准交叉熵（遵循主流ML规范）
2025-07-12 01:18:33 | INFO     |   训练过程最佳验证准确率: 0.9739
2025-07-12 01:18:33 | INFO     |   训练过程最佳验证F1(macro): 0.9745
2025-07-12 01:18:33 | INFO     |   训练过程最佳验证F1(weighted): 0.9740
2025-07-12 01:18:33 | INFO     |   训练轮数: 84
2025-07-12 01:18:33 | INFO     | --------------------------------------------------
2025-07-12 01:18:33 | INFO     | 📊 最佳模型真实性能指标（基于标准交叉熵损失）:
2025-07-12 01:18:33 | INFO     |   验证损失(标准CE): 0.5667
2025-07-12 01:18:33 | INFO     |   验证准确率: 0.9739
2025-07-12 01:18:33 | INFO     |   验证F1(macro): 0.9745
2025-07-12 01:18:33 | INFO     |   验证F1(weighted): 0.9740
2025-07-12 01:18:33 | INFO     |   验证精确率: 0.9763
2025-07-12 01:18:33 | INFO     |   验证召回率: 0.9740
2025-07-12 01:18:33 | INFO     | ====================================================================================================
2025-07-12 01:18:35 | INFO     | ================================================================================
2025-07-12 01:18:35 | INFO     | 实验日志结束: DualGAF_DDAHU_DualGAFNet_dilated_enhanced_sl96_step96_fd128_extractor-dilated_gaf-adaptive_attention-self_classifier-residual_bottleneck_stat-basic_fusion-gated
2025-07-12 01:18:35 | INFO     | 结束时间: 2025-07-12 01:18:35
2025-07-12 01:18:35 | INFO     | ================================================================================
