2025-07-23 14:56:10 | INFO     | ================================================================================
2025-07-23 14:56:10 | INFO     | 实验日志开始: DualGAF_DDAHU_DualGAFNet_静态融合缩放+门控融合+自注意力_sl96_step96_fd128_extractor-dilated_gaf-adaptive_attention-self_classifier-mlp_stat-basic_fusion-gated
2025-07-23 14:56:10 | INFO     | 日志文件: ./result/0723_1456_DualGAF_DDAHU_DualGAFNet_静态融合缩放+门控融合+自注意力_sl96_step96_fd128_extractor-dilated_gaf-adaptive_attention-self_classifier-mlp_stat-basic_fusion-gated/training.log
2025-07-23 14:56:10 | INFO     | 开始时间: 2025-07-23 14:56:10
2025-07-23 14:56:10 | INFO     | ================================================================================
2025-07-23 14:56:10 | INFO     | ⚙️ 实验配置:
2025-07-23 14:56:10 | INFO     |    task_name: classification
2025-07-23 14:56:10 | INFO     |    is_training: 1
2025-07-23 14:56:10 | INFO     |    model_id: test
2025-07-23 14:56:10 | INFO     |    model: DualGAFNet
2025-07-23 14:56:10 | INFO     |    data: DualGAF_DDAHU
2025-07-23 14:56:10 | INFO     |    root_path: ./dataset/DDAHU/direct_5_working
2025-07-23 14:56:10 | INFO     |    step: 96
2025-07-23 14:56:10 | INFO     |    checkpoints: ./checkpoints/
2025-07-23 14:56:10 | INFO     |    num_class: 29
2025-07-23 14:56:10 | INFO     |    result_path: ./result/
2025-07-23 14:56:10 | INFO     |    test_size: 0.2
2025-07-23 14:56:10 | INFO     |    rows: None
2025-07-23 14:56:10 | INFO     |    seq_len: 96
2025-07-23 14:56:10 | INFO     |    enc_in: 97
2025-07-23 14:56:10 | INFO     |    d_model: 512
2025-07-23 14:56:10 | INFO     |    n_heads: 8
2025-07-23 14:56:10 | INFO     |    e_layers: 2
2025-07-23 14:56:10 | INFO     |    d_layers: 1
2025-07-23 14:56:10 | INFO     |    d_ff: 2048
2025-07-23 14:56:10 | INFO     |    moving_avg: 25
2025-07-23 14:56:10 | INFO     |    factor: 1
2025-07-23 14:56:10 | INFO     |    distil: True
2025-07-23 14:56:10 | INFO     |    dropout: 0.1
2025-07-23 14:56:10 | INFO     |    embed: timeF
2025-07-23 14:56:10 | INFO     |    activation: gelu
2025-07-23 14:56:10 | INFO     |    use_norm: 1
2025-07-23 14:56:10 | INFO     |    gaf_method: summation
2025-07-23 14:56:10 | INFO     |    feature_dim: 128
2025-07-23 14:56:10 | INFO     |    data_type_method: uint8
2025-07-23 14:56:10 | INFO     |    use_attention: True
2025-07-23 14:56:10 | INFO     |    hidden_dim: 64
2025-07-23 14:56:10 | INFO     |    sample_size: 1000
2025-07-23 14:56:10 | INFO     |    channel_groups: None
2025-07-23 14:56:10 | INFO     |    hvac_groups: None
2025-07-23 14:56:10 | INFO     |    extractor_type: dilated
2025-07-23 14:56:10 | INFO     |    fusion_type: adaptive
2025-07-23 14:56:10 | INFO     |    attention_type: self
2025-07-23 14:56:10 | INFO     |    classifier_type: mlp
2025-07-23 14:56:10 | INFO     |    use_statistical_features: True
2025-07-23 14:56:10 | INFO     |    stat_type: basic
2025-07-23 14:56:10 | INFO     |    multimodal_fusion_strategy: gated
2025-07-23 14:56:10 | INFO     |    use_signal_level_stats: False
2025-07-23 14:56:10 | INFO     |    signal_stat_type: comprehensive
2025-07-23 14:56:10 | INFO     |    signal_stat_fusion_strategy: concat_project
2025-07-23 14:56:10 | INFO     |    signal_stat_feature_dim: 32
2025-07-23 14:56:10 | INFO     |    use_diff_branch: True
2025-07-23 14:56:10 | INFO     |    ablation_mode: none
2025-07-23 14:56:10 | INFO     |    backbone_type: resnet18
2025-07-23 14:56:10 | INFO     |    use_sum_branch: True
2025-07-23 14:56:10 | INFO     |    num_workers: 0
2025-07-23 14:56:10 | INFO     |    cuda_debug: False
2025-07-23 14:56:10 | INFO     |    gpu_memory_fraction: 0.9
2025-07-23 14:56:10 | INFO     |    safe_mode: True
2025-07-23 14:56:10 | INFO     |    drop_last_batch: True
2025-07-23 14:56:10 | INFO     |    itr: 1
2025-07-23 14:56:10 | INFO     |    train_epochs: 300
2025-07-23 14:56:10 | INFO     |    batch_size: 4
2025-07-23 14:56:10 | INFO     |    patience: 15
2025-07-23 14:56:10 | INFO     |    learning_rate: 0.0001
2025-07-23 14:56:10 | INFO     |    des: 静态融合缩放+门控融合+自注意力
2025-07-23 14:56:10 | INFO     |    loss: MSE
2025-07-23 14:56:10 | INFO     |    lradj: type1
2025-07-23 14:56:10 | INFO     |    lr_scheduler_type: f1_based
2025-07-23 14:56:10 | INFO     |    lr_loss_weight: 0.3
2025-07-23 14:56:10 | INFO     |    lr_f1_weight: 0.7
2025-07-23 14:56:10 | INFO     |    use_amp: False
2025-07-23 14:56:10 | INFO     |    gradient_accumulation_steps: 2
2025-07-23 14:56:10 | INFO     |    enable_auto_gradient_accumulation: True
2025-07-23 14:56:10 | INFO     |    loss_type: ce
2025-07-23 14:56:10 | INFO     |    label_smoothing: 0.1
2025-07-23 14:56:10 | INFO     |    focal_alpha: 1.0
2025-07-23 14:56:10 | INFO     |    focal_gamma: 2.0
2025-07-23 14:56:10 | INFO     |    confidence_penalty_beta: 0.1
2025-07-23 14:56:10 | INFO     |    use_timm_loss: True
2025-07-23 14:56:10 | INFO     |    adaptive_initial_smoothing: 0.2
2025-07-23 14:56:10 | INFO     |    adaptive_final_smoothing: 0.05
2025-07-23 14:56:10 | INFO     |    adaptive_decay_epochs: 30
2025-07-23 14:56:10 | INFO     |    enable_class_weights: False
2025-07-23 14:56:10 | INFO     |    class_weights: None
2025-07-23 14:56:10 | INFO     |    loss_preset: None
2025-07-23 14:56:10 | INFO     |    n_jobs: 1
2025-07-23 14:56:10 | INFO     |    use_multiprocessing: False
2025-07-23 14:56:10 | INFO     |    chunk_size: 800
2025-07-23 14:56:10 | INFO     |    disable_parallel: True
2025-07-23 14:56:10 | INFO     |    use_shared_memory: False
2025-07-23 14:56:10 | INFO     |    disable_shared_memory: False
2025-07-23 14:56:10 | INFO     |    use_gpu: True
2025-07-23 14:56:10 | INFO     |    gpu: 0
2025-07-23 14:56:10 | INFO     |    gpu_type: cuda
2025-07-23 14:56:10 | INFO     |    use_multi_gpu: False
2025-07-23 14:56:10 | INFO     |    devices: 0,1,2,3
2025-07-23 14:56:10 | INFO     |    device: cuda:0
2025-07-23 14:56:10 | INFO     |    feature_columns: ['CHWP_GPMC', 'CHWC_VLV_DM', 'CHWC_VLV', 'CHWC_MWT', 'CHWC_LWT', 'VAVCFM_H_DM_SB', 'CHWC_EAH', 'VAV_DAT_SA', 'CHWC_DAT', 'VAV_SP_C_SA', 'HWP_GPMT', 'VAVCFM_C_DM_SB', 'RM_TEMP_W', 'HWP_GPMC', 'VAVCFM_T_SB', 'VAV_DMPR_H_SB', 'HWC_VLV_DM', 'VAVCFM_H_SB', 'HWC_VLV', 'VAV_DMPR_H_E', 'HWC_LWT', 'HWC_MWT', 'VAV_DMPR_C_SB', 'HWC_DAT', 'RM_TEMP_SB', 'CSF_WAT', 'CSF_SPD', 'CSF_DP', 'CSA_TEMP', 'CSA_CFM', 'VAV_EAT_C_SB', 'CSA_HUMD', 'CSA_SP', 'VAVCFM_C_SB', 'VAVCFM_H_W', 'HSF_SPD', 'VAV_EAT_H_SB', 'VAV_DAT_SB', 'RM_TEMP_SA', 'HSF_DP', 'HSA_TEMP', 'VAVCFM_C_DM_W', 'VAVCFM_C_W', 'VAV_DAT_W', 'HSA_SP', 'HSA_CFM', 'VAV_DMPR_H_W', 'HSF_WAT', 'VAVCFM_T_W', 'EA_DMPR_DM', 'RF_WAT', 'VAV_SP_C_W', 'VAV_SP_H_E', 'EA_DMPR', 'VAV_SP_H_SB', 'RF_SPD', 'RA_TEMP', 'RA_HUMD', 'VAV_SP_H_SA', 'VAV_EAT_H_W', 'RF_DP', 'VAV_DMPR_C_SA', 'VAV_SP_C_SB', 'RA_DMPR_DM', 'VAV_DMPR_H_SA', 'VAV_SP_H_W', 'VAVCFM_H_DM_SA', 'RA_DMPR', 'VAV_EAT_C_W', 'VAVCFM_C_DM_SA', 'RA_CFM', 'MA_TEMP', 'VAVCFM_C_SA', 'OA_TEMP', 'VAVCFM_H_SA', 'VAVCFM_H_DM_W', 'OA_HUMD', 'VAVCFM_T_SA', 'OA_DMPR_DM', 'VAV_EAT_C_SA', 'VAV_DMPR_C_W', 'OA_DMPR', 'VAV_EAT_H_SA', 'HSA_HUMD', 'RM_TEMP_E', 'VAV_EAT_H_E', 'VAV_DAT_E', 'VAV_EAT_C_E', 'VAVCFM_T_E', 'VAVCFM_H_E', 'VAV_SP_C_E', 'VAVCFM_C_DM_E', 'OA_CFM', 'VAV_DMPR_C_E', 'VAVCFM_C_E', 'VAVCFM_H_DM_E', 'CHWP_GPMT']
2025-07-23 14:56:10 | INFO     | 🏗️ 模型信息:
2025-07-23 14:56:10 | INFO     |    模型类型: Model
2025-07-23 14:56:10 | INFO     |    总参数数量: 27,159,069
2025-07-23 14:56:10 | INFO     |    可训练参数: 27,159,069
2025-07-23 14:56:10 | INFO     |    模型大小估计: 103.60 MB
2025-07-23 14:56:10 | INFO     | 📊 数据集信息:
2025-07-23 14:56:10 | INFO     |    训练集大小: 5967
2025-07-23 14:56:10 | INFO     |    验证集大小: 1492
2025-07-23 14:56:10 | INFO     | 
================================================================================
2025-07-23 14:56:10 | INFO     | 📋 损失函数使用策略（遵循主流机器学习规范）:
2025-07-23 14:56:10 | INFO     |    🎯 训练阶段: 使用 ce 损失函数
2025-07-23 14:56:10 | INFO     |       → 目的：优化模型参数，解决特定问题（类别不平衡、相似性等）
2025-07-23 14:56:10 | INFO     |    📊 验证阶段: 使用标准交叉熵损失函数
2025-07-23 14:56:10 | INFO     |       → 目的：客观评估模型性能，便于不同方法比较
2025-07-23 14:56:10 | INFO     |    📈 最终报告: 基于标准交叉熵损失的指标
2025-07-23 14:56:10 | INFO     |       → 目的：提供可信、可比较的性能指标
2025-07-23 14:56:10 | INFO     | ================================================================================

2025-07-23 14:56:10 | INFO     | 🔄 梯度累积配置: 每2轮累积一次梯度
2025-07-23 14:56:10 | INFO     |    实际batch_size: 4
2025-07-23 14:56:10 | INFO     |    有效batch_size: 8
2025-07-23 15:01:12 | INFO     | Epoch 1:
2025-07-23 15:01:12 | INFO     |   训练指标:
2025-07-23 15:01:12 | INFO     |     损失(ce): 1.942746
2025-07-23 15:01:12 | INFO     |     准确率: 0.462944
2025-07-23 15:01:12 | INFO     |     学习率: 0.00010000
2025-07-23 15:01:12 | INFO     |   验证指标(标准CE):
2025-07-23 15:01:12 | INFO     |     损失: 0.679623
2025-07-23 15:01:12 | INFO     |     准确率: 0.787534
2025-07-23 15:01:12 | INFO     |     F1(macro): 0.789369
2025-07-23 15:01:12 | INFO     |     F1(weighted): 0.781024
2025-07-23 15:01:12 | INFO     |     精确率: 0.826964
2025-07-23 15:01:12 | INFO     |     召回率: 0.795890
2025-07-23 15:01:12 | INFO     |   学习率调度器: f1_based
2025-07-23 15:01:12 | INFO     | ------------------------------------------------------------
2025-07-23 15:01:12 | INFO     | Epoch   1 | Train: Loss=1.9427, Acc=0.4629 | Val: Loss=0.6796, Acc=0.7875, F1=0.7810 | LR=0.000100 🏆 [最佳模型]
2025-07-23 15:05:42 | INFO     | Epoch 2:
2025-07-23 15:05:42 | INFO     |   训练指标:
2025-07-23 15:05:42 | INFO     |     损失(ce): 0.661007
2025-07-23 15:05:42 | INFO     |     准确率: 0.785714
2025-07-23 15:05:42 | INFO     |     学习率: 0.00010000
2025-07-23 15:05:42 | INFO     |   验证指标(标准CE):
2025-07-23 15:05:42 | INFO     |     损失: 0.465055
2025-07-23 15:05:42 | INFO     |     准确率: 0.827078
2025-07-23 15:05:42 | INFO     |     F1(macro): 0.836293
2025-07-23 15:05:42 | INFO     |     F1(weighted): 0.833579
2025-07-23 15:05:42 | INFO     |     精确率: 0.879528
2025-07-23 15:05:42 | INFO     |     召回率: 0.828306
2025-07-23 15:05:42 | INFO     |   学习率调度器: f1_based
2025-07-23 15:05:42 | INFO     | ------------------------------------------------------------
2025-07-23 15:05:42 | INFO     | Epoch   2 | Train: Loss=0.6610, Acc=0.7857 | Val: Loss=0.4651, Acc=0.8271, F1=0.8336 | LR=0.000100 🏆 [最佳模型]
2025-07-23 15:09:59 | INFO     | Epoch 3:
2025-07-23 15:09:59 | INFO     |   训练指标:
2025-07-23 15:09:59 | INFO     |     损失(ce): 0.503668
2025-07-23 15:09:59 | INFO     |     准确率: 0.836519
2025-07-23 15:09:59 | INFO     |     学习率: 0.00010000
2025-07-23 15:09:59 | INFO     |   验证指标(标准CE):
2025-07-23 15:09:59 | INFO     |     损失: 0.544266
2025-07-23 15:09:59 | INFO     |     准确率: 0.835121
2025-07-23 15:09:59 | INFO     |     F1(macro): 0.842094
2025-07-23 15:09:59 | INFO     |     F1(weighted): 0.841812
2025-07-23 15:09:59 | INFO     |     精确率: 0.906114
2025-07-23 15:09:59 | INFO     |     召回率: 0.835153
2025-07-23 15:09:59 | INFO     |   学习率调度器: f1_based
2025-07-23 15:09:59 | INFO     | ------------------------------------------------------------
2025-07-23 15:09:59 | INFO     | Epoch   3 | Train: Loss=0.5037, Acc=0.8365 | Val: Loss=0.5443, Acc=0.8351, F1=0.8418 | LR=0.000100 🏆 [最佳模型]
2025-07-23 15:14:15 | INFO     | Epoch 4:
2025-07-23 15:14:15 | INFO     |   训练指标:
2025-07-23 15:14:15 | INFO     |     损失(ce): 0.407492
2025-07-23 15:14:15 | INFO     |     准确率: 0.865359
2025-07-23 15:14:15 | INFO     |     学习率: 0.00010000
2025-07-23 15:14:15 | INFO     |   验证指标(标准CE):
2025-07-23 15:14:15 | INFO     |     损失: 0.403126
2025-07-23 15:14:15 | INFO     |     准确率: 0.867292
2025-07-23 15:14:15 | INFO     |     F1(macro): 0.878774
2025-07-23 15:14:15 | INFO     |     F1(weighted): 0.875894
2025-07-23 15:14:15 | INFO     |     精确率: 0.907827
2025-07-23 15:14:15 | INFO     |     召回率: 0.873073
2025-07-23 15:14:15 | INFO     |   学习率调度器: f1_based
2025-07-23 15:14:15 | INFO     | ------------------------------------------------------------
2025-07-23 15:14:15 | INFO     | Epoch   4 | Train: Loss=0.4075, Acc=0.8654 | Val: Loss=0.4031, Acc=0.8673, F1=0.8759 | LR=0.000100 🏆 [最佳模型]
2025-07-23 15:18:32 | INFO     | Epoch 5:
2025-07-23 15:18:32 | INFO     |   训练指标:
2025-07-23 15:18:32 | INFO     |     损失(ce): 0.353927
2025-07-23 15:18:32 | INFO     |     准确率: 0.886653
2025-07-23 15:18:32 | INFO     |     学习率: 0.00010000
2025-07-23 15:18:32 | INFO     |   验证指标(标准CE):
2025-07-23 15:18:32 | INFO     |     损失: 0.297917
2025-07-23 15:18:32 | INFO     |     准确率: 0.888740
2025-07-23 15:18:32 | INFO     |     F1(macro): 0.890485
2025-07-23 15:18:32 | INFO     |     F1(weighted): 0.888864
2025-07-23 15:18:32 | INFO     |     精确率: 0.923813
2025-07-23 15:18:32 | INFO     |     召回率: 0.892905
2025-07-23 15:18:32 | INFO     |   学习率调度器: f1_based
2025-07-23 15:18:32 | INFO     | ------------------------------------------------------------
2025-07-23 15:18:32 | INFO     | Epoch   5 | Train: Loss=0.3539, Acc=0.8867 | Val: Loss=0.2979, Acc=0.8887, F1=0.8889 | LR=0.000100 🏆 [最佳模型]
2025-07-23 15:22:49 | INFO     | Epoch 6:
2025-07-23 15:22:49 | INFO     |   训练指标:
2025-07-23 15:22:49 | INFO     |     损失(ce): 0.378015
2025-07-23 15:22:49 | INFO     |     准确率: 0.878437
2025-07-23 15:22:49 | INFO     |     学习率: 0.00010000
2025-07-23 15:22:49 | INFO     |   验证指标(标准CE):
2025-07-23 15:22:49 | INFO     |     损失: 0.246184
2025-07-23 15:22:49 | INFO     |     准确率: 0.906166
2025-07-23 15:22:49 | INFO     |     F1(macro): 0.909585
2025-07-23 15:22:49 | INFO     |     F1(weighted): 0.906931
2025-07-23 15:22:49 | INFO     |     精确率: 0.925151
2025-07-23 15:22:49 | INFO     |     召回率: 0.908945
2025-07-23 15:22:49 | INFO     |   学习率调度器: f1_based
2025-07-23 15:22:49 | INFO     | ------------------------------------------------------------
2025-07-23 15:22:49 | INFO     | Epoch   6 | Train: Loss=0.3780, Acc=0.8784 | Val: Loss=0.2462, Acc=0.9062, F1=0.9069 | LR=0.000100 🏆 [最佳模型]
2025-07-23 15:27:06 | INFO     | Epoch 7:
2025-07-23 15:27:06 | INFO     |   训练指标:
2025-07-23 15:27:06 | INFO     |     损失(ce): 0.341641
2025-07-23 15:27:06 | INFO     |     准确率: 0.887995
2025-07-23 15:27:06 | INFO     |     学习率: 0.00010000
2025-07-23 15:27:06 | INFO     |   验证指标(标准CE):
2025-07-23 15:27:06 | INFO     |     损失: 0.240538
2025-07-23 15:27:06 | INFO     |     准确率: 0.918231
2025-07-23 15:27:06 | INFO     |     F1(macro): 0.926655
2025-07-23 15:27:06 | INFO     |     F1(weighted): 0.924676
2025-07-23 15:27:06 | INFO     |     精确率: 0.954928
2025-07-23 15:27:06 | INFO     |     召回率: 0.919685
2025-07-23 15:27:06 | INFO     |   学习率调度器: f1_based
2025-07-23 15:27:06 | INFO     | ------------------------------------------------------------
2025-07-23 15:27:06 | INFO     | Epoch   7 | Train: Loss=0.3416, Acc=0.8880 | Val: Loss=0.2405, Acc=0.9182, F1=0.9247 | LR=0.000100 🏆 [最佳模型]
2025-07-23 15:31:23 | INFO     | Epoch 8:
2025-07-23 15:31:23 | INFO     |   训练指标:
2025-07-23 15:31:23 | INFO     |     损失(ce): 0.287654
2025-07-23 15:31:23 | INFO     |     准确率: 0.906774
2025-07-23 15:31:23 | INFO     |     学习率: 0.00010000
2025-07-23 15:31:23 | INFO     |   验证指标(标准CE):
2025-07-23 15:31:23 | INFO     |     损失: 0.185937
2025-07-23 15:31:23 | INFO     |     准确率: 0.922252
2025-07-23 15:31:23 | INFO     |     F1(macro): 0.925869
2025-07-23 15:31:23 | INFO     |     F1(weighted): 0.924114
2025-07-23 15:31:23 | INFO     |     精确率: 0.941988
2025-07-23 15:31:23 | INFO     |     召回率: 0.925361
2025-07-23 15:31:23 | INFO     |   学习率调度器: f1_based
2025-07-23 15:31:23 | INFO     | ------------------------------------------------------------
2025-07-23 15:31:23 | INFO     | Epoch   8 | Train: Loss=0.2877, Acc=0.9068 | Val: Loss=0.1859, Acc=0.9223, F1=0.9241 | LR=0.000100 
2025-07-23 15:35:39 | INFO     | Epoch 9:
2025-07-23 15:35:39 | INFO     |   训练指标:
2025-07-23 15:35:39 | INFO     |     损失(ce): 0.278682
2025-07-23 15:35:39 | INFO     |     准确率: 0.906103
2025-07-23 15:35:39 | INFO     |     学习率: 0.00010000
2025-07-23 15:35:39 | INFO     |   验证指标(标准CE):
2025-07-23 15:35:39 | INFO     |     损失: 0.441295
2025-07-23 15:35:39 | INFO     |     准确率: 0.853217
2025-07-23 15:35:39 | INFO     |     F1(macro): 0.857130
2025-07-23 15:35:39 | INFO     |     F1(weighted): 0.851385
2025-07-23 15:35:39 | INFO     |     精确率: 0.905657
2025-07-23 15:35:39 | INFO     |     召回率: 0.860671
2025-07-23 15:35:39 | INFO     |   学习率调度器: f1_based
2025-07-23 15:35:39 | INFO     | ------------------------------------------------------------
2025-07-23 15:35:39 | INFO     | Epoch   9 | Train: Loss=0.2787, Acc=0.9061 | Val: Loss=0.4413, Acc=0.8532, F1=0.8514 | LR=0.000100 
2025-07-23 15:39:55 | INFO     | Epoch 10:
2025-07-23 15:39:55 | INFO     |   训练指标:
2025-07-23 15:39:55 | INFO     |     损失(ce): 0.290218
2025-07-23 15:39:55 | INFO     |     准确率: 0.906774
2025-07-23 15:39:55 | INFO     |     学习率: 0.00010000
2025-07-23 15:39:55 | INFO     |   验证指标(标准CE):
2025-07-23 15:39:55 | INFO     |     损失: 0.194436
2025-07-23 15:39:55 | INFO     |     准确率: 0.928954
2025-07-23 15:39:55 | INFO     |     F1(macro): 0.930104
2025-07-23 15:39:55 | INFO     |     F1(weighted): 0.928098
2025-07-23 15:39:55 | INFO     |     精确率: 0.936305
2025-07-23 15:39:55 | INFO     |     召回率: 0.931956
2025-07-23 15:39:55 | INFO     |   学习率调度器: f1_based
2025-07-23 15:39:55 | INFO     | ------------------------------------------------------------
2025-07-23 15:39:55 | INFO     | Epoch  10 | Train: Loss=0.2902, Acc=0.9068 | Val: Loss=0.1944, Acc=0.9290, F1=0.9281 | LR=0.000100 🏆 [最佳模型]
2025-07-23 15:44:12 | INFO     | Epoch 11:
2025-07-23 15:44:12 | INFO     |   训练指标:
2025-07-23 15:44:12 | INFO     |     损失(ce): 0.258799
2025-07-23 15:44:12 | INFO     |     准确率: 0.912810
2025-07-23 15:44:12 | INFO     |     学习率: 0.00010000
2025-07-23 15:44:12 | INFO     |   验证指标(标准CE):
2025-07-23 15:44:12 | INFO     |     损失: 0.165834
2025-07-23 15:44:12 | INFO     |     准确率: 0.940349
2025-07-23 15:44:12 | INFO     |     F1(macro): 0.945763
2025-07-23 15:44:12 | INFO     |     F1(weighted): 0.943690
2025-07-23 15:44:12 | INFO     |     精确率: 0.958628
2025-07-23 15:44:12 | INFO     |     召回率: 0.941312
2025-07-23 15:44:12 | INFO     |   学习率调度器: f1_based
2025-07-23 15:44:12 | INFO     | ------------------------------------------------------------
2025-07-23 15:44:12 | INFO     | Epoch  11 | Train: Loss=0.2588, Acc=0.9128 | Val: Loss=0.1658, Acc=0.9403, F1=0.9437 | LR=0.000100 🏆 [最佳模型]
2025-07-23 15:48:29 | INFO     | Epoch 12:
2025-07-23 15:48:29 | INFO     |   训练指标:
2025-07-23 15:48:29 | INFO     |     损失(ce): 0.226251
2025-07-23 15:48:29 | INFO     |     准确率: 0.925218
2025-07-23 15:48:29 | INFO     |     学习率: 0.00010000
2025-07-23 15:48:29 | INFO     |   验证指标(标准CE):
2025-07-23 15:48:29 | INFO     |     损失: 0.294369
2025-07-23 15:48:29 | INFO     |     准确率: 0.922252
2025-07-23 15:48:29 | INFO     |     F1(macro): 0.928855
2025-07-23 15:48:29 | INFO     |     F1(weighted): 0.926329
2025-07-23 15:48:29 | INFO     |     精确率: 0.949234
2025-07-23 15:48:29 | INFO     |     召回率: 0.925895
2025-07-23 15:48:29 | INFO     |   学习率调度器: f1_based
2025-07-23 15:48:29 | INFO     | ------------------------------------------------------------
2025-07-23 15:48:29 | INFO     | Epoch  12 | Train: Loss=0.2263, Acc=0.9252 | Val: Loss=0.2944, Acc=0.9223, F1=0.9263 | LR=0.000100 
2025-07-23 15:52:46 | INFO     | Epoch 13:
2025-07-23 15:52:46 | INFO     |   训练指标:
2025-07-23 15:52:46 | INFO     |     损失(ce): 0.241736
2025-07-23 15:52:46 | INFO     |     准确率: 0.922535
2025-07-23 15:52:46 | INFO     |     学习率: 0.00010000
2025-07-23 15:52:46 | INFO     |   验证指标(标准CE):
2025-07-23 15:52:46 | INFO     |     损失: 0.175542
2025-07-23 15:52:46 | INFO     |     准确率: 0.925603
2025-07-23 15:52:46 | INFO     |     F1(macro): 0.929164
2025-07-23 15:52:46 | INFO     |     F1(weighted): 0.926912
2025-07-23 15:52:46 | INFO     |     精确率: 0.936757
2025-07-23 15:52:46 | INFO     |     召回率: 0.926657
2025-07-23 15:52:46 | INFO     |   学习率调度器: f1_based
2025-07-23 15:52:46 | INFO     | ------------------------------------------------------------
2025-07-23 15:52:46 | INFO     | Epoch  13 | Train: Loss=0.2417, Acc=0.9225 | Val: Loss=0.1755, Acc=0.9256, F1=0.9269 | LR=0.000100 
2025-07-23 15:57:02 | INFO     | Epoch 14:
2025-07-23 15:57:02 | INFO     |   训练指标:
2025-07-23 15:57:02 | INFO     |     损失(ce): 0.247053
2025-07-23 15:57:02 | INFO     |     准确率: 0.921865
2025-07-23 15:57:02 | INFO     |     学习率: 0.00010000
2025-07-23 15:57:02 | INFO     |   验证指标(标准CE):
2025-07-23 15:57:02 | INFO     |     损失: 0.185719
2025-07-23 15:57:02 | INFO     |     准确率: 0.921582
2025-07-23 15:57:02 | INFO     |     F1(macro): 0.924256
2025-07-23 15:57:02 | INFO     |     F1(weighted): 0.922335
2025-07-23 15:57:02 | INFO     |     精确率: 0.936843
2025-07-23 15:57:02 | INFO     |     召回率: 0.925264
2025-07-23 15:57:02 | INFO     |   学习率调度器: f1_based
2025-07-23 15:57:02 | INFO     | ------------------------------------------------------------
2025-07-23 15:57:02 | INFO     | Epoch  14 | Train: Loss=0.2471, Acc=0.9219 | Val: Loss=0.1857, Acc=0.9216, F1=0.9223 | LR=0.000100 
2025-07-23 16:01:18 | INFO     | Epoch 15:
2025-07-23 16:01:18 | INFO     |   训练指标:
2025-07-23 16:01:18 | INFO     |     损失(ce): 0.216280
2025-07-23 16:01:18 | INFO     |     准确率: 0.930584
2025-07-23 16:01:18 | INFO     |     学习率: 0.00010000
2025-07-23 16:01:18 | INFO     |   验证指标(标准CE):
2025-07-23 16:01:18 | INFO     |     损失: 0.126601
2025-07-23 16:01:18 | INFO     |     准确率: 0.951072
2025-07-23 16:01:18 | INFO     |     F1(macro): 0.953440
2025-07-23 16:01:18 | INFO     |     F1(weighted): 0.951985
2025-07-23 16:01:18 | INFO     |     精确率: 0.961089
2025-07-23 16:01:18 | INFO     |     召回率: 0.953836
2025-07-23 16:01:18 | INFO     |   学习率调度器: f1_based
2025-07-23 16:01:18 | INFO     | ------------------------------------------------------------
2025-07-23 16:01:18 | INFO     | Epoch  15 | Train: Loss=0.2163, Acc=0.9306 | Val: Loss=0.1266, Acc=0.9511, F1=0.9520 | LR=0.000100 🏆 [最佳模型]
2025-07-23 16:05:35 | INFO     | Epoch 16:
2025-07-23 16:05:35 | INFO     |   训练指标:
2025-07-23 16:05:35 | INFO     |     损失(ce): 0.233566
2025-07-23 16:05:35 | INFO     |     准确率: 0.926392
2025-07-23 16:05:35 | INFO     |     学习率: 0.00010000
2025-07-23 16:05:35 | INFO     |   验证指标(标准CE):
2025-07-23 16:05:35 | INFO     |     损失: 0.155099
2025-07-23 16:05:35 | INFO     |     准确率: 0.942359
2025-07-23 16:05:35 | INFO     |     F1(macro): 0.945450
2025-07-23 16:05:35 | INFO     |     F1(weighted): 0.943962
2025-07-23 16:05:35 | INFO     |     精确率: 0.953735
2025-07-23 16:05:35 | INFO     |     召回率: 0.944366
2025-07-23 16:05:35 | INFO     |   学习率调度器: f1_based
2025-07-23 16:05:35 | INFO     | ------------------------------------------------------------
2025-07-23 16:05:35 | INFO     | Epoch  16 | Train: Loss=0.2336, Acc=0.9264 | Val: Loss=0.1551, Acc=0.9424, F1=0.9440 | LR=0.000100 
2025-07-23 16:09:51 | INFO     | Epoch 17:
2025-07-23 16:09:51 | INFO     |   训练指标:
2025-07-23 16:09:51 | INFO     |     损失(ce): 0.211504
2025-07-23 16:09:51 | INFO     |     准确率: 0.931254
2025-07-23 16:09:51 | INFO     |     学习率: 0.00010000
2025-07-23 16:09:51 | INFO     |   验证指标(标准CE):
2025-07-23 16:09:51 | INFO     |     损失: 0.277609
2025-07-23 16:09:51 | INFO     |     准确率: 0.909517
2025-07-23 16:09:51 | INFO     |     F1(macro): 0.913484
2025-07-23 16:09:51 | INFO     |     F1(weighted): 0.911662
2025-07-23 16:09:51 | INFO     |     精确率: 0.933704
2025-07-23 16:09:51 | INFO     |     召回率: 0.909767
2025-07-23 16:09:51 | INFO     |   学习率调度器: f1_based
2025-07-23 16:09:51 | INFO     | ------------------------------------------------------------
2025-07-23 16:09:51 | INFO     | Epoch  17 | Train: Loss=0.2115, Acc=0.9313 | Val: Loss=0.2776, Acc=0.9095, F1=0.9117 | LR=0.000100 
2025-07-23 16:14:08 | INFO     | Epoch 18:
2025-07-23 16:14:08 | INFO     |   训练指标:
2025-07-23 16:14:08 | INFO     |     损失(ce): 0.217018
2025-07-23 16:14:08 | INFO     |     准确率: 0.931590
2025-07-23 16:14:08 | INFO     |     学习率: 0.00010000
2025-07-23 16:14:08 | INFO     |   验证指标(标准CE):
2025-07-23 16:14:08 | INFO     |     损失: 0.149084
2025-07-23 16:14:08 | INFO     |     准确率: 0.945040
2025-07-23 16:14:08 | INFO     |     F1(macro): 0.947145
2025-07-23 16:14:08 | INFO     |     F1(weighted): 0.945865
2025-07-23 16:14:08 | INFO     |     精确率: 0.955822
2025-07-23 16:14:08 | INFO     |     召回率: 0.947329
2025-07-23 16:14:08 | INFO     |   学习率调度器: f1_based
2025-07-23 16:14:08 | INFO     | ------------------------------------------------------------
2025-07-23 16:14:08 | INFO     | Epoch  18 | Train: Loss=0.2170, Acc=0.9316 | Val: Loss=0.1491, Acc=0.9450, F1=0.9459 | LR=0.000100 
2025-07-23 16:18:24 | INFO     | Epoch 19:
2025-07-23 16:18:24 | INFO     |   训练指标:
2025-07-23 16:18:24 | INFO     |     损失(ce): 0.212635
2025-07-23 16:18:24 | INFO     |     准确率: 0.932931
2025-07-23 16:18:24 | INFO     |     学习率: 0.00010000
2025-07-23 16:18:24 | INFO     |   验证指标(标准CE):
2025-07-23 16:18:24 | INFO     |     损失: 0.136300
2025-07-23 16:18:24 | INFO     |     准确率: 0.951072
2025-07-23 16:18:24 | INFO     |     F1(macro): 0.952446
2025-07-23 16:18:24 | INFO     |     F1(weighted): 0.950120
2025-07-23 16:18:24 | INFO     |     精确率: 0.957231
2025-07-23 16:18:24 | INFO     |     召回率: 0.953773
2025-07-23 16:18:24 | INFO     |   学习率调度器: f1_based
2025-07-23 16:18:24 | INFO     | ------------------------------------------------------------
2025-07-23 16:18:24 | INFO     | Epoch  19 | Train: Loss=0.2126, Acc=0.9329 | Val: Loss=0.1363, Acc=0.9511, F1=0.9501 | LR=0.000100 
2025-07-23 16:22:41 | INFO     | Epoch 20:
2025-07-23 16:22:41 | INFO     |   训练指标:
2025-07-23 16:22:41 | INFO     |     损失(ce): 0.188538
2025-07-23 16:22:41 | INFO     |     准确率: 0.936117
2025-07-23 16:22:41 | INFO     |     学习率: 0.00010000
2025-07-23 16:22:41 | INFO     |   验证指标(标准CE):
2025-07-23 16:22:41 | INFO     |     损失: 0.152961
2025-07-23 16:22:41 | INFO     |     准确率: 0.943700
2025-07-23 16:22:41 | INFO     |     F1(macro): 0.948879
2025-07-23 16:22:41 | INFO     |     F1(weighted): 0.946204
2025-07-23 16:22:41 | INFO     |     精确率: 0.958281
2025-07-23 16:22:41 | INFO     |     召回率: 0.946980
2025-07-23 16:22:41 | INFO     |   学习率调度器: f1_based
2025-07-23 16:22:41 | INFO     | ------------------------------------------------------------
2025-07-23 16:22:41 | INFO     | Epoch  20 | Train: Loss=0.1885, Acc=0.9361 | Val: Loss=0.1530, Acc=0.9437, F1=0.9462 | LR=0.000100 
2025-07-23 16:26:57 | INFO     | Epoch 21:
2025-07-23 16:26:57 | INFO     |   训练指标:
2025-07-23 16:26:57 | INFO     |     损失(ce): 0.189141
2025-07-23 16:26:57 | INFO     |     准确率: 0.937793
2025-07-23 16:26:57 | INFO     |     学习率: 0.00010000
2025-07-23 16:26:57 | INFO     |   验证指标(标准CE):
2025-07-23 16:26:57 | INFO     |     损失: 0.203865
2025-07-23 16:26:57 | INFO     |     准确率: 0.941019
2025-07-23 16:26:57 | INFO     |     F1(macro): 0.947548
2025-07-23 16:26:57 | INFO     |     F1(weighted): 0.945305
2025-07-23 16:26:57 | INFO     |     精确率: 0.963296
2025-07-23 16:26:57 | INFO     |     召回率: 0.941695
2025-07-23 16:26:57 | INFO     |   学习率调度器: f1_based
2025-07-23 16:26:57 | INFO     | ------------------------------------------------------------
2025-07-23 16:26:57 | INFO     | 🎯 学习率调整事件:
2025-07-23 16:26:57 | INFO     |   调度器类型: f1_based
2025-07-23 16:26:57 | INFO     |   学习率变化: 0.00010000 → 0.00005000
2025-07-23 16:26:57 | INFO     |   触发条件: F1分数 = 0.945305
2025-07-23 16:26:57 | INFO     |   变化幅度: -50.00%
2025-07-23 16:26:57 | INFO     | ------------------------------------------------------------
2025-07-23 16:26:57 | INFO     | Epoch  21 | Train: Loss=0.1891, Acc=0.9378 | Val: Loss=0.2039, Acc=0.9410, F1=0.9453 | LR=0.000050 
2025-07-23 16:31:13 | INFO     | Epoch 22:
2025-07-23 16:31:13 | INFO     |   训练指标:
2025-07-23 16:31:13 | INFO     |     损失(ce): 0.095207
2025-07-23 16:31:13 | INFO     |     准确率: 0.960932
2025-07-23 16:31:13 | INFO     |     学习率: 0.00005000
2025-07-23 16:31:13 | INFO     |   验证指标(标准CE):
2025-07-23 16:31:13 | INFO     |     损失: 0.125021
2025-07-23 16:31:13 | INFO     |     准确率: 0.951743
2025-07-23 16:31:13 | INFO     |     F1(macro): 0.955603
2025-07-23 16:31:13 | INFO     |     F1(weighted): 0.953635
2025-07-23 16:31:13 | INFO     |     精确率: 0.966142
2025-07-23 16:31:13 | INFO     |     召回率: 0.952996
2025-07-23 16:31:13 | INFO     |   学习率调度器: f1_based
2025-07-23 16:31:13 | INFO     | ------------------------------------------------------------
2025-07-23 16:31:13 | INFO     | Epoch  22 | Train: Loss=0.0952, Acc=0.9609 | Val: Loss=0.1250, Acc=0.9517, F1=0.9536 | LR=0.000050 🏆 [最佳模型]
2025-07-23 16:35:31 | INFO     | Epoch 23:
2025-07-23 16:35:31 | INFO     |   训练指标:
2025-07-23 16:35:31 | INFO     |     损失(ce): 0.106930
2025-07-23 16:35:31 | INFO     |     准确率: 0.961100
2025-07-23 16:35:31 | INFO     |     学习率: 0.00005000
2025-07-23 16:35:31 | INFO     |   验证指标(标准CE):
2025-07-23 16:35:31 | INFO     |     损失: 0.082763
2025-07-23 16:35:31 | INFO     |     准确率: 0.969169
2025-07-23 16:35:31 | INFO     |     F1(macro): 0.970097
2025-07-23 16:35:31 | INFO     |     F1(weighted): 0.969070
2025-07-23 16:35:31 | INFO     |     精确率: 0.972946
2025-07-23 16:35:31 | INFO     |     召回率: 0.971600
2025-07-23 16:35:31 | INFO     |   学习率调度器: f1_based
2025-07-23 16:35:31 | INFO     | ------------------------------------------------------------
2025-07-23 16:35:31 | INFO     | Epoch  23 | Train: Loss=0.1069, Acc=0.9611 | Val: Loss=0.0828, Acc=0.9692, F1=0.9691 | LR=0.000050 🏆 [最佳模型]
2025-07-23 16:39:48 | INFO     | Epoch 24:
2025-07-23 16:39:48 | INFO     |   训练指标:
2025-07-23 16:39:48 | INFO     |     损失(ce): 0.098247
2025-07-23 16:39:48 | INFO     |     准确率: 0.965962
2025-07-23 16:39:48 | INFO     |     学习率: 0.00005000
2025-07-23 16:39:48 | INFO     |   验证指标(标准CE):
2025-07-23 16:39:48 | INFO     |     损失: 0.092706
2025-07-23 16:39:48 | INFO     |     准确率: 0.967158
2025-07-23 16:39:48 | INFO     |     F1(macro): 0.968035
2025-07-23 16:39:48 | INFO     |     F1(weighted): 0.967272
2025-07-23 16:39:48 | INFO     |     精确率: 0.973816
2025-07-23 16:39:48 | INFO     |     召回率: 0.968448
2025-07-23 16:39:48 | INFO     |   学习率调度器: f1_based
2025-07-23 16:39:48 | INFO     | ------------------------------------------------------------
2025-07-23 16:39:48 | INFO     | Epoch  24 | Train: Loss=0.0982, Acc=0.9660 | Val: Loss=0.0927, Acc=0.9672, F1=0.9673 | LR=0.000050 
2025-07-23 16:44:04 | INFO     | Epoch 25:
2025-07-23 16:44:04 | INFO     |   训练指标:
2025-07-23 16:44:04 | INFO     |     损失(ce): 0.099808
2025-07-23 16:44:04 | INFO     |     准确率: 0.964956
2025-07-23 16:44:04 | INFO     |     学习率: 0.00005000
2025-07-23 16:44:04 | INFO     |   验证指标(标准CE):
2025-07-23 16:44:04 | INFO     |     损失: 0.216244
2025-07-23 16:44:04 | INFO     |     准确率: 0.941689
2025-07-23 16:44:04 | INFO     |     F1(macro): 0.944001
2025-07-23 16:44:04 | INFO     |     F1(weighted): 0.942039
2025-07-23 16:44:04 | INFO     |     精确率: 0.957092
2025-07-23 16:44:04 | INFO     |     召回率: 0.944748
2025-07-23 16:44:04 | INFO     |   学习率调度器: f1_based
2025-07-23 16:44:04 | INFO     | ------------------------------------------------------------
2025-07-23 16:44:04 | INFO     | Epoch  25 | Train: Loss=0.0998, Acc=0.9650 | Val: Loss=0.2162, Acc=0.9417, F1=0.9420 | LR=0.000050 
2025-07-23 16:48:21 | INFO     | Epoch 26:
2025-07-23 16:48:21 | INFO     |   训练指标:
2025-07-23 16:48:21 | INFO     |     损失(ce): 0.099887
2025-07-23 16:48:21 | INFO     |     准确率: 0.962609
2025-07-23 16:48:21 | INFO     |     学习率: 0.00005000
2025-07-23 16:48:21 | INFO     |   验证指标(标准CE):
2025-07-23 16:48:21 | INFO     |     损失: 0.102563
2025-07-23 16:48:21 | INFO     |     准确率: 0.963807
2025-07-23 16:48:21 | INFO     |     F1(macro): 0.965491
2025-07-23 16:48:21 | INFO     |     F1(weighted): 0.963914
2025-07-23 16:48:21 | INFO     |     精确率: 0.970741
2025-07-23 16:48:21 | INFO     |     召回率: 0.965350
2025-07-23 16:48:21 | INFO     |   学习率调度器: f1_based
2025-07-23 16:48:21 | INFO     | ------------------------------------------------------------
2025-07-23 16:48:21 | INFO     | Epoch  26 | Train: Loss=0.0999, Acc=0.9626 | Val: Loss=0.1026, Acc=0.9638, F1=0.9639 | LR=0.000050 
2025-07-23 16:52:37 | INFO     | Epoch 27:
2025-07-23 16:52:37 | INFO     |   训练指标:
2025-07-23 16:52:37 | INFO     |     损失(ce): 0.098337
2025-07-23 16:52:37 | INFO     |     准确率: 0.964118
2025-07-23 16:52:37 | INFO     |     学习率: 0.00005000
2025-07-23 16:52:37 | INFO     |   验证指标(标准CE):
2025-07-23 16:52:37 | INFO     |     损失: 0.151819
2025-07-23 16:52:37 | INFO     |     准确率: 0.939008
2025-07-23 16:52:37 | INFO     |     F1(macro): 0.942492
2025-07-23 16:52:37 | INFO     |     F1(weighted): 0.940368
2025-07-23 16:52:37 | INFO     |     精确率: 0.953694
2025-07-23 16:52:37 | INFO     |     召回率: 0.942541
2025-07-23 16:52:37 | INFO     |   学习率调度器: f1_based
2025-07-23 16:52:37 | INFO     | ------------------------------------------------------------
2025-07-23 16:52:37 | INFO     | Epoch  27 | Train: Loss=0.0983, Acc=0.9641 | Val: Loss=0.1518, Acc=0.9390, F1=0.9404 | LR=0.000050 
2025-07-23 16:56:53 | INFO     | Epoch 28:
2025-07-23 16:56:53 | INFO     |   训练指标:
2025-07-23 16:56:53 | INFO     |     损失(ce): 0.090844
2025-07-23 16:56:53 | INFO     |     准确率: 0.965962
2025-07-23 16:56:53 | INFO     |     学习率: 0.00005000
2025-07-23 16:56:53 | INFO     |   验证指标(标准CE):
2025-07-23 16:56:53 | INFO     |     损失: 0.120040
2025-07-23 16:56:53 | INFO     |     准确率: 0.954424
2025-07-23 16:56:53 | INFO     |     F1(macro): 0.956681
2025-07-23 16:56:53 | INFO     |     F1(weighted): 0.955265
2025-07-23 16:56:53 | INFO     |     精确率: 0.963892
2025-07-23 16:56:53 | INFO     |     召回率: 0.956949
2025-07-23 16:56:53 | INFO     |   学习率调度器: f1_based
2025-07-23 16:56:53 | INFO     | ------------------------------------------------------------
2025-07-23 16:56:53 | INFO     | Epoch  28 | Train: Loss=0.0908, Acc=0.9660 | Val: Loss=0.1200, Acc=0.9544, F1=0.9553 | LR=0.000050 
2025-07-23 17:01:10 | INFO     | Epoch 29:
2025-07-23 17:01:10 | INFO     |   训练指标:
2025-07-23 17:01:10 | INFO     |     损失(ce): 0.091465
2025-07-23 17:01:10 | INFO     |     准确率: 0.965292
2025-07-23 17:01:10 | INFO     |     学习率: 0.00005000
2025-07-23 17:01:10 | INFO     |   验证指标(标准CE):
2025-07-23 17:01:10 | INFO     |     损失: 0.125394
2025-07-23 17:01:10 | INFO     |     准确率: 0.961796
2025-07-23 17:01:10 | INFO     |     F1(macro): 0.963628
2025-07-23 17:01:10 | INFO     |     F1(weighted): 0.961790
2025-07-23 17:01:10 | INFO     |     精确率: 0.968505
2025-07-23 17:01:10 | INFO     |     召回率: 0.964892
2025-07-23 17:01:10 | INFO     |   学习率调度器: f1_based
2025-07-23 17:01:10 | INFO     | ------------------------------------------------------------
2025-07-23 17:01:10 | INFO     | 🎯 学习率调整事件:
2025-07-23 17:01:10 | INFO     |   调度器类型: f1_based
2025-07-23 17:01:10 | INFO     |   学习率变化: 0.00005000 → 0.00002500
2025-07-23 17:01:10 | INFO     |   触发条件: F1分数 = 0.961790
2025-07-23 17:01:10 | INFO     |   变化幅度: -50.00%
2025-07-23 17:01:10 | INFO     | ------------------------------------------------------------
2025-07-23 17:01:10 | INFO     | Epoch  29 | Train: Loss=0.0915, Acc=0.9653 | Val: Loss=0.1254, Acc=0.9618, F1=0.9618 | LR=0.000025 
2025-07-23 17:05:26 | INFO     | Epoch 30:
2025-07-23 17:05:26 | INFO     |   训练指标:
2025-07-23 17:05:26 | INFO     |     损失(ce): 0.060117
2025-07-23 17:05:26 | INFO     |     准确率: 0.976693
2025-07-23 17:05:26 | INFO     |     学习率: 0.00002500
2025-07-23 17:05:26 | INFO     |   验证指标(标准CE):
2025-07-23 17:05:26 | INFO     |     损失: 0.058254
2025-07-23 17:05:26 | INFO     |     准确率: 0.977882
2025-07-23 17:05:26 | INFO     |     F1(macro): 0.978798
2025-07-23 17:05:26 | INFO     |     F1(weighted): 0.977825
2025-07-23 17:05:26 | INFO     |     精确率: 0.980889
2025-07-23 17:05:26 | INFO     |     召回率: 0.978866
2025-07-23 17:05:26 | INFO     |   学习率调度器: f1_based
2025-07-23 17:05:26 | INFO     | ------------------------------------------------------------
2025-07-23 17:05:26 | INFO     | Epoch  30 | Train: Loss=0.0601, Acc=0.9767 | Val: Loss=0.0583, Acc=0.9779, F1=0.9778 | LR=0.000025 🏆 [最佳模型]
2025-07-23 17:09:43 | INFO     | Epoch 31:
2025-07-23 17:09:43 | INFO     |   训练指标:
2025-07-23 17:09:43 | INFO     |     损失(ce): 0.063160
2025-07-23 17:09:43 | INFO     |     准确率: 0.974849
2025-07-23 17:09:43 | INFO     |     学习率: 0.00002500
2025-07-23 17:09:43 | INFO     |   验证指标(标准CE):
2025-07-23 17:09:43 | INFO     |     损失: 0.091291
2025-07-23 17:09:43 | INFO     |     准确率: 0.969839
2025-07-23 17:09:43 | INFO     |     F1(macro): 0.970680
2025-07-23 17:09:43 | INFO     |     F1(weighted): 0.969748
2025-07-23 17:09:43 | INFO     |     精确率: 0.974029
2025-07-23 17:09:43 | INFO     |     召回率: 0.972243
2025-07-23 17:09:43 | INFO     |   学习率调度器: f1_based
2025-07-23 17:09:43 | INFO     | ------------------------------------------------------------
2025-07-23 17:09:43 | INFO     | Epoch  31 | Train: Loss=0.0632, Acc=0.9748 | Val: Loss=0.0913, Acc=0.9698, F1=0.9697 | LR=0.000025 
2025-07-23 17:13:59 | INFO     | Epoch 32:
2025-07-23 17:13:59 | INFO     |   训练指标:
2025-07-23 17:13:59 | INFO     |     损失(ce): 0.051863
2025-07-23 17:13:59 | INFO     |     准确率: 0.977867
2025-07-23 17:13:59 | INFO     |     学习率: 0.00002500
2025-07-23 17:13:59 | INFO     |   验证指标(标准CE):
2025-07-23 17:13:59 | INFO     |     损失: 0.069621
2025-07-23 17:13:59 | INFO     |     准确率: 0.970509
2025-07-23 17:13:59 | INFO     |     F1(macro): 0.972039
2025-07-23 17:13:59 | INFO     |     F1(weighted): 0.970666
2025-07-23 17:13:59 | INFO     |     精确率: 0.976050
2025-07-23 17:13:59 | INFO     |     召回率: 0.972412
2025-07-23 17:13:59 | INFO     |   学习率调度器: f1_based
2025-07-23 17:13:59 | INFO     | ------------------------------------------------------------
2025-07-23 17:13:59 | INFO     | Epoch  32 | Train: Loss=0.0519, Acc=0.9779 | Val: Loss=0.0696, Acc=0.9705, F1=0.9707 | LR=0.000025 
2025-07-23 17:18:18 | INFO     | Epoch 33:
2025-07-23 17:18:18 | INFO     |   训练指标:
2025-07-23 17:18:18 | INFO     |     损失(ce): 0.051969
2025-07-23 17:18:18 | INFO     |     准确率: 0.976358
2025-07-23 17:18:18 | INFO     |     学习率: 0.00002500
2025-07-23 17:18:18 | INFO     |   验证指标(标准CE):
2025-07-23 17:18:18 | INFO     |     损失: 0.085788
2025-07-23 17:18:18 | INFO     |     准确率: 0.969839
2025-07-23 17:18:18 | INFO     |     F1(macro): 0.971390
2025-07-23 17:18:18 | INFO     |     F1(weighted): 0.969978
2025-07-23 17:18:18 | INFO     |     精确率: 0.973434
2025-07-23 17:18:18 | INFO     |     召回率: 0.971044
2025-07-23 17:18:18 | INFO     |   学习率调度器: f1_based
2025-07-23 17:18:18 | INFO     | ------------------------------------------------------------
2025-07-23 17:18:18 | INFO     | Epoch  33 | Train: Loss=0.0520, Acc=0.9764 | Val: Loss=0.0858, Acc=0.9698, F1=0.9700 | LR=0.000025 
2025-07-23 17:22:34 | INFO     | Epoch 34:
2025-07-23 17:22:34 | INFO     |   训练指标:
2025-07-23 17:22:34 | INFO     |     损失(ce): 0.059495
2025-07-23 17:22:34 | INFO     |     准确率: 0.976526
2025-07-23 17:22:34 | INFO     |     学习率: 0.00002500
2025-07-23 17:22:34 | INFO     |   验证指标(标准CE):
2025-07-23 17:22:34 | INFO     |     损失: 0.116545
2025-07-23 17:22:34 | INFO     |     准确率: 0.962466
2025-07-23 17:22:34 | INFO     |     F1(macro): 0.963743
2025-07-23 17:22:34 | INFO     |     F1(weighted): 0.962443
2025-07-23 17:22:34 | INFO     |     精确率: 0.968710
2025-07-23 17:22:34 | INFO     |     召回率: 0.963806
2025-07-23 17:22:34 | INFO     |   学习率调度器: f1_based
2025-07-23 17:22:34 | INFO     | ------------------------------------------------------------
2025-07-23 17:22:34 | INFO     | Epoch  34 | Train: Loss=0.0595, Acc=0.9765 | Val: Loss=0.1165, Acc=0.9625, F1=0.9624 | LR=0.000025 
2025-07-23 17:26:49 | INFO     | Epoch 35:
2025-07-23 17:26:49 | INFO     |   训练指标:
2025-07-23 17:26:49 | INFO     |     损失(ce): 0.057098
2025-07-23 17:26:49 | INFO     |     准确率: 0.977867
2025-07-23 17:26:49 | INFO     |     学习率: 0.00002500
2025-07-23 17:26:49 | INFO     |   验证指标(标准CE):
2025-07-23 17:26:49 | INFO     |     损失: 0.082077
2025-07-23 17:26:49 | INFO     |     准确率: 0.963807
2025-07-23 17:26:49 | INFO     |     F1(macro): 0.966303
2025-07-23 17:26:49 | INFO     |     F1(weighted): 0.964357
2025-07-23 17:26:49 | INFO     |     精确率: 0.973752
2025-07-23 17:26:49 | INFO     |     召回率: 0.966415
2025-07-23 17:26:49 | INFO     |   学习率调度器: f1_based
2025-07-23 17:26:49 | INFO     | ------------------------------------------------------------
2025-07-23 17:26:49 | INFO     | Epoch  35 | Train: Loss=0.0571, Acc=0.9779 | Val: Loss=0.0821, Acc=0.9638, F1=0.9644 | LR=0.000025 
2025-07-23 17:31:05 | INFO     | Epoch 36:
2025-07-23 17:31:05 | INFO     |   训练指标:
2025-07-23 17:31:05 | INFO     |     损失(ce): 0.056159
2025-07-23 17:31:05 | INFO     |     准确率: 0.977532
2025-07-23 17:31:05 | INFO     |     学习率: 0.00002500
2025-07-23 17:31:05 | INFO     |   验证指标(标准CE):
2025-07-23 17:31:05 | INFO     |     损失: 0.070813
2025-07-23 17:31:05 | INFO     |     准确率: 0.969839
2025-07-23 17:31:05 | INFO     |     F1(macro): 0.971254
2025-07-23 17:31:05 | INFO     |     F1(weighted): 0.969567
2025-07-23 17:31:05 | INFO     |     精确率: 0.973368
2025-07-23 17:31:05 | INFO     |     召回率: 0.972019
2025-07-23 17:31:05 | INFO     |   学习率调度器: f1_based
2025-07-23 17:31:05 | INFO     | ------------------------------------------------------------
2025-07-23 17:31:05 | INFO     | Epoch  36 | Train: Loss=0.0562, Acc=0.9775 | Val: Loss=0.0708, Acc=0.9698, F1=0.9696 | LR=0.000025 
2025-07-23 17:35:20 | INFO     | Epoch 37:
2025-07-23 17:35:20 | INFO     |   训练指标:
2025-07-23 17:35:20 | INFO     |     损失(ce): 0.054828
2025-07-23 17:35:20 | INFO     |     准确率: 0.978203
2025-07-23 17:35:20 | INFO     |     学习率: 0.00002500
2025-07-23 17:35:20 | INFO     |   验证指标(标准CE):
2025-07-23 17:35:20 | INFO     |     损失: 0.127642
2025-07-23 17:35:20 | INFO     |     准确率: 0.960456
2025-07-23 17:35:20 | INFO     |     F1(macro): 0.961754
2025-07-23 17:35:20 | INFO     |     F1(weighted): 0.960675
2025-07-23 17:35:20 | INFO     |     精确率: 0.967596
2025-07-23 17:35:20 | INFO     |     召回率: 0.962709
2025-07-23 17:35:20 | INFO     |   学习率调度器: f1_based
2025-07-23 17:35:20 | INFO     | ------------------------------------------------------------
2025-07-23 17:35:20 | INFO     | 🎯 学习率调整事件:
2025-07-23 17:35:20 | INFO     |   调度器类型: f1_based
2025-07-23 17:35:20 | INFO     |   学习率变化: 0.00002500 → 0.00001250
2025-07-23 17:35:20 | INFO     |   触发条件: F1分数 = 0.960675
2025-07-23 17:35:20 | INFO     |   变化幅度: -50.00%
2025-07-23 17:35:20 | INFO     | ------------------------------------------------------------
2025-07-23 17:35:20 | INFO     | Epoch  37 | Train: Loss=0.0548, Acc=0.9782 | Val: Loss=0.1276, Acc=0.9605, F1=0.9607 | LR=0.000013 
2025-07-23 17:39:36 | INFO     | Epoch 38:
2025-07-23 17:39:36 | INFO     |   训练指标:
2025-07-23 17:39:36 | INFO     |     损失(ce): 0.037160
2025-07-23 17:39:36 | INFO     |     准确率: 0.984239
2025-07-23 17:39:36 | INFO     |     学习率: 0.00001250
2025-07-23 17:39:36 | INFO     |   验证指标(标准CE):
2025-07-23 17:39:36 | INFO     |     损失: 0.126771
2025-07-23 17:39:36 | INFO     |     准确率: 0.961126
2025-07-23 17:39:36 | INFO     |     F1(macro): 0.963571
2025-07-23 17:39:36 | INFO     |     F1(weighted): 0.961748
2025-07-23 17:39:36 | INFO     |     精确率: 0.969990
2025-07-23 17:39:36 | INFO     |     召回率: 0.962394
2025-07-23 17:39:36 | INFO     |   学习率调度器: f1_based
2025-07-23 17:39:36 | INFO     | ------------------------------------------------------------
2025-07-23 17:39:36 | INFO     | Epoch  38 | Train: Loss=0.0372, Acc=0.9842 | Val: Loss=0.1268, Acc=0.9611, F1=0.9617 | LR=0.000013 
2025-07-23 17:43:51 | INFO     | Epoch 39:
2025-07-23 17:43:51 | INFO     |   训练指标:
2025-07-23 17:43:51 | INFO     |     损失(ce): 0.037762
2025-07-23 17:43:51 | INFO     |     准确率: 0.983233
2025-07-23 17:43:51 | INFO     |     学习率: 0.00001250
2025-07-23 17:43:51 | INFO     |   验证指标(标准CE):
2025-07-23 17:43:51 | INFO     |     损失: 0.072070
2025-07-23 17:43:51 | INFO     |     准确率: 0.971180
2025-07-23 17:43:51 | INFO     |     F1(macro): 0.972261
2025-07-23 17:43:51 | INFO     |     F1(weighted): 0.971196
2025-07-23 17:43:51 | INFO     |     精确率: 0.976097
2025-07-23 17:43:51 | INFO     |     召回率: 0.972472
2025-07-23 17:43:51 | INFO     |   学习率调度器: f1_based
2025-07-23 17:43:51 | INFO     | ------------------------------------------------------------
2025-07-23 17:43:51 | INFO     | Epoch  39 | Train: Loss=0.0378, Acc=0.9832 | Val: Loss=0.0721, Acc=0.9712, F1=0.9712 | LR=0.000013 
2025-07-23 17:48:07 | INFO     | Epoch 40:
2025-07-23 17:48:07 | INFO     |   训练指标:
2025-07-23 17:48:07 | INFO     |     损失(ce): 0.037150
2025-07-23 17:48:07 | INFO     |     准确率: 0.983400
2025-07-23 17:48:07 | INFO     |     学习率: 0.00001250
2025-07-23 17:48:07 | INFO     |   验证指标(标准CE):
2025-07-23 17:48:07 | INFO     |     损失: 0.064152
2025-07-23 17:48:07 | INFO     |     准确率: 0.973190
2025-07-23 17:48:07 | INFO     |     F1(macro): 0.974330
2025-07-23 17:48:07 | INFO     |     F1(weighted): 0.973014
2025-07-23 17:48:07 | INFO     |     精确率: 0.977365
2025-07-23 17:48:07 | INFO     |     召回率: 0.975095
2025-07-23 17:48:07 | INFO     |   学习率调度器: f1_based
2025-07-23 17:48:07 | INFO     | ------------------------------------------------------------
2025-07-23 17:48:07 | INFO     | Epoch  40 | Train: Loss=0.0371, Acc=0.9834 | Val: Loss=0.0642, Acc=0.9732, F1=0.9730 | LR=0.000013 
2025-07-23 17:52:22 | INFO     | Epoch 41:
2025-07-23 17:52:22 | INFO     |   训练指标:
2025-07-23 17:52:22 | INFO     |     损失(ce): 0.040217
2025-07-23 17:52:22 | INFO     |     准确率: 0.982897
2025-07-23 17:52:22 | INFO     |     学习率: 0.00001250
2025-07-23 17:52:22 | INFO     |   验证指标(标准CE):
2025-07-23 17:52:22 | INFO     |     损失: 0.124089
2025-07-23 17:52:22 | INFO     |     准确率: 0.964477
2025-07-23 17:52:22 | INFO     |     F1(macro): 0.966640
2025-07-23 17:52:22 | INFO     |     F1(weighted): 0.964882
2025-07-23 17:52:22 | INFO     |     精确率: 0.971475
2025-07-23 17:52:22 | INFO     |     召回率: 0.966077
2025-07-23 17:52:22 | INFO     |   学习率调度器: f1_based
2025-07-23 17:52:22 | INFO     | ------------------------------------------------------------
2025-07-23 17:52:22 | INFO     | Epoch  41 | Train: Loss=0.0402, Acc=0.9829 | Val: Loss=0.1241, Acc=0.9645, F1=0.9649 | LR=0.000013 
2025-07-23 17:56:38 | INFO     | Epoch 42:
2025-07-23 17:56:38 | INFO     |   训练指标:
2025-07-23 17:56:38 | INFO     |     损失(ce): 0.039971
2025-07-23 17:56:38 | INFO     |     准确率: 0.982227
2025-07-23 17:56:38 | INFO     |     学习率: 0.00001250
2025-07-23 17:56:38 | INFO     |   验证指标(标准CE):
2025-07-23 17:56:38 | INFO     |     损失: 0.067362
2025-07-23 17:56:38 | INFO     |     准确率: 0.973861
2025-07-23 17:56:38 | INFO     |     F1(macro): 0.974629
2025-07-23 17:56:38 | INFO     |     F1(weighted): 0.973888
2025-07-23 17:56:38 | INFO     |     精确率: 0.975256
2025-07-23 17:56:38 | INFO     |     召回率: 0.975021
2025-07-23 17:56:38 | INFO     |   学习率调度器: f1_based
2025-07-23 17:56:38 | INFO     | ------------------------------------------------------------
2025-07-23 17:56:38 | INFO     | Epoch  42 | Train: Loss=0.0400, Acc=0.9822 | Val: Loss=0.0674, Acc=0.9739, F1=0.9739 | LR=0.000013 
2025-07-23 18:00:53 | INFO     | Epoch 43:
2025-07-23 18:00:53 | INFO     |   训练指标:
2025-07-23 18:00:53 | INFO     |     损失(ce): 0.038405
2025-07-23 18:00:53 | INFO     |     准确率: 0.982227
2025-07-23 18:00:53 | INFO     |     学习率: 0.00001250
2025-07-23 18:00:53 | INFO     |   验证指标(标准CE):
2025-07-23 18:00:53 | INFO     |     损失: 0.057902
2025-07-23 18:00:53 | INFO     |     准确率: 0.973190
2025-07-23 18:00:53 | INFO     |     F1(macro): 0.974563
2025-07-23 18:00:53 | INFO     |     F1(weighted): 0.973452
2025-07-23 18:00:53 | INFO     |     精确率: 0.975806
2025-07-23 18:00:53 | INFO     |     召回率: 0.974225
2025-07-23 18:00:53 | INFO     |   学习率调度器: f1_based
2025-07-23 18:00:53 | INFO     | ------------------------------------------------------------
2025-07-23 18:00:53 | INFO     | Epoch  43 | Train: Loss=0.0384, Acc=0.9822 | Val: Loss=0.0579, Acc=0.9732, F1=0.9735 | LR=0.000013 
2025-07-23 18:05:09 | INFO     | Epoch 44:
2025-07-23 18:05:09 | INFO     |   训练指标:
2025-07-23 18:05:09 | INFO     |     损失(ce): 0.035142
2025-07-23 18:05:09 | INFO     |     准确率: 0.984071
2025-07-23 18:05:09 | INFO     |     学习率: 0.00001250
2025-07-23 18:05:09 | INFO     |   验证指标(标准CE):
2025-07-23 18:05:09 | INFO     |     损失: 0.069835
2025-07-23 18:05:09 | INFO     |     准确率: 0.972520
2025-07-23 18:05:09 | INFO     |     F1(macro): 0.973361
2025-07-23 18:05:09 | INFO     |     F1(weighted): 0.972464
2025-07-23 18:05:09 | INFO     |     精确率: 0.977229
2025-07-23 18:05:09 | INFO     |     召回率: 0.973626
2025-07-23 18:05:09 | INFO     |   学习率调度器: f1_based
2025-07-23 18:05:09 | INFO     | ------------------------------------------------------------
2025-07-23 18:05:09 | INFO     | Epoch  44 | Train: Loss=0.0351, Acc=0.9841 | Val: Loss=0.0698, Acc=0.9725, F1=0.9725 | LR=0.000013 
2025-07-23 18:09:24 | INFO     | Epoch 45:
2025-07-23 18:09:24 | INFO     |   训练指标:
2025-07-23 18:09:24 | INFO     |     损失(ce): 0.042718
2025-07-23 18:09:24 | INFO     |     准确率: 0.980382
2025-07-23 18:09:24 | INFO     |     学习率: 0.00001250
2025-07-23 18:09:24 | INFO     |   验证指标(标准CE):
2025-07-23 18:09:24 | INFO     |     损失: 0.125880
2025-07-23 18:09:24 | INFO     |     准确率: 0.965147
2025-07-23 18:09:24 | INFO     |     F1(macro): 0.968009
2025-07-23 18:09:24 | INFO     |     F1(weighted): 0.965895
2025-07-23 18:09:24 | INFO     |     精确率: 0.972792
2025-07-23 18:09:24 | INFO     |     召回率: 0.966715
2025-07-23 18:09:24 | INFO     |   学习率调度器: f1_based
2025-07-23 18:09:24 | INFO     | ------------------------------------------------------------
2025-07-23 18:09:24 | INFO     | 🎯 学习率调整事件:
2025-07-23 18:09:24 | INFO     |   调度器类型: f1_based
2025-07-23 18:09:24 | INFO     |   学习率变化: 0.00001250 → 0.00000625
2025-07-23 18:09:24 | INFO     |   触发条件: F1分数 = 0.965895
2025-07-23 18:09:24 | INFO     |   变化幅度: -50.00%
2025-07-23 18:09:24 | INFO     | ------------------------------------------------------------
2025-07-23 18:09:24 | INFO     | Epoch  45 | Train: Loss=0.0427, Acc=0.9804 | Val: Loss=0.1259, Acc=0.9651, F1=0.9659 | LR=0.000006 
2025-07-23 18:09:24 | INFO     | ⏹️ 早停触发，在第 45 轮停止训练
2025-07-23 18:09:43 | INFO     | 训练历史已保存到: ./result/0723_1456_DualGAF_DDAHU_DualGAFNet_静态融合缩放+门控融合+自注意力_sl96_step96_fd128_extractor-dilated_gaf-adaptive_attention-self_classifier-mlp_stat-basic_fusion-gated/training_history.csv
2025-07-23 18:09:43 | INFO     | 
====================================================================================================
2025-07-23 18:09:43 | INFO     | 🎉 训练完成总结:
2025-07-23 18:09:43 | INFO     |   训练损失函数: ce
2025-07-23 18:09:43 | INFO     |   验证损失函数: 标准交叉熵（遵循主流ML规范）
2025-07-23 18:09:43 | INFO     |   训练过程最佳验证准确率: 0.9779
2025-07-23 18:09:43 | INFO     |   训练过程最佳验证F1(macro): 0.9788
2025-07-23 18:09:43 | INFO     |   训练过程最佳验证F1(weighted): 0.9778
2025-07-23 18:09:43 | INFO     |   训练轮数: 45
2025-07-23 18:09:43 | INFO     | --------------------------------------------------
2025-07-23 18:09:43 | INFO     | 📊 最佳模型真实性能指标（基于标准交叉熵损失）:
2025-07-23 18:09:43 | INFO     |   验证损失(标准CE): 0.0583
2025-07-23 18:09:43 | INFO     |   验证准确率: 0.9779
2025-07-23 18:09:43 | INFO     |   验证F1(macro): 0.9788
2025-07-23 18:09:43 | INFO     |   验证F1(weighted): 0.9778
2025-07-23 18:09:43 | INFO     |   验证精确率: 0.9809
2025-07-23 18:09:43 | INFO     |   验证召回率: 0.9789
2025-07-23 18:09:43 | INFO     | ====================================================================================================
2025-07-23 18:09:49 | INFO     | ================================================================================
2025-07-23 18:09:49 | INFO     | 实验日志结束: DualGAF_DDAHU_DualGAFNet_静态融合缩放+门控融合+自注意力_sl96_step96_fd128_extractor-dilated_gaf-adaptive_attention-self_classifier-mlp_stat-basic_fusion-gated
2025-07-23 18:09:49 | INFO     | 结束时间: 2025-07-23 18:09:49
2025-07-23 18:09:49 | INFO     | ================================================================================
