2025-07-28 18:14:28 | INFO     | ================================================================================
2025-07-28 18:14:28 | INFO     | 实验日志开始: DualGAF_DualGAFNet_SDAHU通道压缩_sl96_step96_fd128_extractor-dilated_gaf-adaptive_attention-channel_classifier-residual_bottleneck_stat-basic_fusion-concat
2025-07-28 18:14:28 | INFO     | 日志文件: ./result/0728_1814_DualGAF_DualGAFNet_SDAHU通道压缩_sl96_step96_fd128_extractor-dilated_gaf-adaptive_attention-channel_classifier-residual_bottleneck_stat-basic_fusion-concat/training.log
2025-07-28 18:14:28 | INFO     | 开始时间: 2025-07-28 18:14:28
2025-07-28 18:14:28 | INFO     | ================================================================================
2025-07-28 18:14:28 | INFO     | ⚙️ 实验配置:
2025-07-28 18:14:28 | INFO     |    task_name: classification
2025-07-28 18:14:28 | INFO     |    is_training: 1
2025-07-28 18:14:28 | INFO     |    model_id: test
2025-07-28 18:14:28 | INFO     |    model: DualGAFNet
2025-07-28 18:14:28 | INFO     |    data: DualGAF
2025-07-28 18:14:28 | INFO     |    root_path: ./dataset/SAHU/direct_5_working
2025-07-28 18:14:28 | INFO     |    step: 96
2025-07-28 18:14:28 | INFO     |    checkpoints: ./checkpoints/
2025-07-28 18:14:28 | INFO     |    num_class: 9
2025-07-28 18:14:28 | INFO     |    result_path: ./result/
2025-07-28 18:14:28 | INFO     |    test_size: 0.2
2025-07-28 18:14:28 | INFO     |    rows: None
2025-07-28 18:14:28 | INFO     |    seq_len: 96
2025-07-28 18:14:28 | INFO     |    enc_in: 26
2025-07-28 18:14:28 | INFO     |    d_model: 512
2025-07-28 18:14:28 | INFO     |    n_heads: 8
2025-07-28 18:14:28 | INFO     |    e_layers: 2
2025-07-28 18:14:28 | INFO     |    d_layers: 1
2025-07-28 18:14:28 | INFO     |    d_ff: 2048
2025-07-28 18:14:28 | INFO     |    moving_avg: 25
2025-07-28 18:14:28 | INFO     |    factor: 1
2025-07-28 18:14:28 | INFO     |    distil: True
2025-07-28 18:14:28 | INFO     |    dropout: 0.1
2025-07-28 18:14:28 | INFO     |    embed: timeF
2025-07-28 18:14:28 | INFO     |    activation: gelu
2025-07-28 18:14:28 | INFO     |    use_norm: 1
2025-07-28 18:14:28 | INFO     |    gaf_method: summation
2025-07-28 18:14:28 | INFO     |    feature_dim: 128
2025-07-28 18:14:28 | INFO     |    data_type_method: uint8
2025-07-28 18:14:28 | INFO     |    use_attention: True
2025-07-28 18:14:28 | INFO     |    hidden_dim: 64
2025-07-28 18:14:28 | INFO     |    sample_size: 1000
2025-07-28 18:14:28 | INFO     |    cnn_dropout_rate: 0.3
2025-07-28 18:14:28 | INFO     |    cnn_use_batch_norm: True
2025-07-28 18:14:28 | INFO     |    channel_groups: None
2025-07-28 18:14:28 | INFO     |    hvac_groups: None
2025-07-28 18:14:28 | INFO     |    use_channel_compression: True
2025-07-28 18:14:28 | INFO     |    compression_strategy: signal_compression
2025-07-28 18:14:28 | INFO     |    compression_ratio: 0.7
2025-07-28 18:14:28 | INFO     |    compression_channels: 16
2025-07-28 18:14:28 | INFO     |    adaptive_compression_ratios: [0.5, 0.7, 0.8]
2025-07-28 18:14:28 | INFO     |    hvac_group_compression_ratios: None
2025-07-28 18:14:28 | INFO     |    extractor_type: dilated
2025-07-28 18:14:28 | INFO     |    fusion_type: adaptive
2025-07-28 18:14:28 | INFO     |    attention_type: channel
2025-07-28 18:14:28 | INFO     |    classifier_type: residual_bottleneck
2025-07-28 18:14:28 | INFO     |    use_statistical_features: True
2025-07-28 18:14:28 | INFO     |    stat_type: basic
2025-07-28 18:14:28 | INFO     |    multimodal_fusion_strategy: concat
2025-07-28 18:14:28 | INFO     |    use_signal_level_stats: False
2025-07-28 18:14:28 | INFO     |    signal_stat_type: comprehensive
2025-07-28 18:14:28 | INFO     |    signal_stat_fusion_strategy: concat_project
2025-07-28 18:14:28 | INFO     |    signal_stat_feature_dim: 32
2025-07-28 18:14:28 | INFO     |    use_diff_branch: True
2025-07-28 18:14:28 | INFO     |    ablation_mode: none
2025-07-28 18:14:28 | INFO     |    backbone_type: resnet18
2025-07-28 18:14:28 | INFO     |    use_sum_branch: True
2025-07-28 18:14:28 | INFO     |    num_workers: 0
2025-07-28 18:14:28 | INFO     |    cuda_debug: False
2025-07-28 18:14:28 | INFO     |    gpu_memory_fraction: 0.9
2025-07-28 18:14:28 | INFO     |    safe_mode: True
2025-07-28 18:14:28 | INFO     |    drop_last_batch: True
2025-07-28 18:14:28 | INFO     |    itr: 1
2025-07-28 18:14:28 | INFO     |    train_epochs: 300
2025-07-28 18:14:28 | INFO     |    batch_size: 4
2025-07-28 18:14:28 | INFO     |    patience: 15
2025-07-28 18:14:28 | INFO     |    learning_rate: 0.0001
2025-07-28 18:14:28 | INFO     |    des: SDAHU通道压缩
2025-07-28 18:14:28 | INFO     |    loss: MSE
2025-07-28 18:14:28 | INFO     |    lradj: type1
2025-07-28 18:14:28 | INFO     |    lr_scheduler_type: f1_based
2025-07-28 18:14:28 | INFO     |    lr_loss_weight: 0.3
2025-07-28 18:14:28 | INFO     |    lr_f1_weight: 0.7
2025-07-28 18:14:28 | INFO     |    use_amp: False
2025-07-28 18:14:28 | INFO     |    gradient_accumulation_steps: 2
2025-07-28 18:14:28 | INFO     |    enable_auto_gradient_accumulation: True
2025-07-28 18:14:28 | INFO     |    loss_type: ce
2025-07-28 18:14:28 | INFO     |    label_smoothing: 0.1
2025-07-28 18:14:28 | INFO     |    focal_alpha: 1.0
2025-07-28 18:14:28 | INFO     |    focal_gamma: 2.0
2025-07-28 18:14:28 | INFO     |    confidence_penalty_beta: 0.1
2025-07-28 18:14:28 | INFO     |    use_timm_loss: True
2025-07-28 18:14:28 | INFO     |    adaptive_initial_smoothing: 0.2
2025-07-28 18:14:28 | INFO     |    adaptive_final_smoothing: 0.05
2025-07-28 18:14:28 | INFO     |    adaptive_decay_epochs: 30
2025-07-28 18:14:28 | INFO     |    enable_class_weights: False
2025-07-28 18:14:28 | INFO     |    class_weights: None
2025-07-28 18:14:28 | INFO     |    loss_preset: None
2025-07-28 18:14:28 | INFO     |    n_jobs: 1
2025-07-28 18:14:28 | INFO     |    use_multiprocessing: False
2025-07-28 18:14:28 | INFO     |    chunk_size: 800
2025-07-28 18:14:28 | INFO     |    disable_parallel: True
2025-07-28 18:14:28 | INFO     |    use_shared_memory: False
2025-07-28 18:14:28 | INFO     |    disable_shared_memory: False
2025-07-28 18:14:28 | INFO     |    use_gpu: True
2025-07-28 18:14:28 | INFO     |    gpu: 0
2025-07-28 18:14:28 | INFO     |    gpu_type: cuda
2025-07-28 18:14:28 | INFO     |    use_multi_gpu: False
2025-07-28 18:14:28 | INFO     |    devices: 0,1,2,3
2025-07-28 18:14:28 | INFO     |    device: cuda:0
2025-07-28 18:14:28 | INFO     |    feature_columns: ['CHWC_VLV', 'CHWC_VLV_DM', 'MA_TEMP', 'OA_CFM', 'OA_DMPR', 'OA_DMPR_DM', 'OA_TEMP', 'RA_CFM', 'RA_DMPR', 'RA_DMPR_DM', 'RA_TEMP', 'RF_CS', 'RF_SPD', 'RF_WAT', 'SA_CFM', 'SA_SP', 'SA_SPSPT', 'SA_TEMP', 'SF_CS', 'SF_SPD', 'SF_WAT', 'ZONE_TEMP_1', 'ZONE_TEMP_2', 'ZONE_TEMP_3', 'ZONE_TEMP_4', 'ZONE_TEMP_5']
2025-07-28 18:14:28 | INFO     | 🏗️ 模型信息:
2025-07-28 18:14:28 | INFO     |    模型类型: Model
2025-07-28 18:14:28 | INFO     |    总参数数量: 10,019,151
2025-07-28 18:14:28 | INFO     |    可训练参数: 10,019,151
2025-07-28 18:14:28 | INFO     |    模型大小估计: 38.22 MB
2025-07-28 18:14:28 | INFO     | 📊 数据集信息:
2025-07-28 18:14:28 | INFO     |    训练集大小: 3996
2025-07-28 18:14:28 | INFO     |    验证集大小: 999
2025-07-28 18:14:28 | INFO     | 
================================================================================
2025-07-28 18:14:28 | INFO     | 📋 损失函数使用策略（遵循主流机器学习规范）:
2025-07-28 18:14:28 | INFO     |    🎯 训练阶段: 使用 ce 损失函数
2025-07-28 18:14:28 | INFO     |       → 目的：优化模型参数，解决特定问题（类别不平衡、相似性等）
2025-07-28 18:14:28 | INFO     |    📊 验证阶段: 使用标准交叉熵损失函数
2025-07-28 18:14:28 | INFO     |       → 目的：客观评估模型性能，便于不同方法比较
2025-07-28 18:14:28 | INFO     |    📈 最终报告: 基于标准交叉熵损失的指标
2025-07-28 18:14:28 | INFO     |       → 目的：提供可信、可比较的性能指标
2025-07-28 18:14:28 | INFO     | ================================================================================

2025-07-28 18:14:28 | INFO     | 🔄 梯度累积配置: 每2轮累积一次梯度
2025-07-28 18:14:28 | INFO     |    实际batch_size: 4
2025-07-28 18:14:28 | INFO     |    有效batch_size: 8
2025-07-28 18:15:29 | INFO     | Epoch 1:
2025-07-28 18:15:29 | INFO     |   训练指标:
2025-07-28 18:15:29 | INFO     |     损失(ce): 13.663967
2025-07-28 18:15:29 | INFO     |     准确率: 0.146897
2025-07-28 18:15:29 | INFO     |     学习率: 0.00010000
2025-07-28 18:15:29 | INFO     |   验证指标(标准CE):
2025-07-28 18:15:29 | INFO     |     损失: 7.052453
2025-07-28 18:15:29 | INFO     |     准确率: 0.312312
2025-07-28 18:15:29 | INFO     |     F1(macro): 0.285547
2025-07-28 18:15:29 | INFO     |     F1(weighted): 0.282591
2025-07-28 18:15:29 | INFO     |     精确率: 0.324737
2025-07-28 18:15:29 | INFO     |     召回率: 0.314126
2025-07-28 18:15:29 | INFO     |   学习率调度器: f1_based
2025-07-28 18:15:29 | INFO     | ------------------------------------------------------------
2025-07-28 18:15:29 | INFO     | Epoch   1 | Train: Loss=13.6640, Acc=0.1469 | Val: Loss=7.0525, Acc=0.3123, F1=0.2826 | LR=0.000100 🏆 [最佳模型]
2025-07-28 18:16:30 | INFO     | Epoch 2:
2025-07-28 18:16:30 | INFO     |   训练指标:
2025-07-28 18:16:30 | INFO     |     损失(ce): 10.002962
2025-07-28 18:16:30 | INFO     |     准确率: 0.239239
2025-07-28 18:16:30 | INFO     |     学习率: 0.00010000
2025-07-28 18:16:30 | INFO     |   验证指标(标准CE):
2025-07-28 18:16:30 | INFO     |     损失: 4.384428
2025-07-28 18:16:30 | INFO     |     准确率: 0.445445
2025-07-28 18:16:30 | INFO     |     F1(macro): 0.431887
2025-07-28 18:16:30 | INFO     |     F1(weighted): 0.420741
2025-07-28 18:16:30 | INFO     |     精确率: 0.476794
2025-07-28 18:16:30 | INFO     |     召回率: 0.453592
2025-07-28 18:16:30 | INFO     |   学习率调度器: f1_based
2025-07-28 18:16:30 | INFO     | ------------------------------------------------------------
2025-07-28 18:16:30 | INFO     | Epoch   2 | Train: Loss=10.0030, Acc=0.2392 | Val: Loss=4.3844, Acc=0.4454, F1=0.4207 | LR=0.000100 🏆 [最佳模型]
2025-07-28 18:17:30 | INFO     | Epoch 3:
2025-07-28 18:17:30 | INFO     |   训练指标:
2025-07-28 18:17:30 | INFO     |     损失(ce): 7.573942
2025-07-28 18:17:30 | INFO     |     准确率: 0.331331
2025-07-28 18:17:30 | INFO     |     学习率: 0.00010000
2025-07-28 18:17:30 | INFO     |   验证指标(标准CE):
2025-07-28 18:17:30 | INFO     |     损失: 4.330488
2025-07-28 18:17:30 | INFO     |     准确率: 0.461461
2025-07-28 18:17:30 | INFO     |     F1(macro): 0.438564
2025-07-28 18:17:30 | INFO     |     F1(weighted): 0.425706
2025-07-28 18:17:30 | INFO     |     精确率: 0.562046
2025-07-28 18:17:30 | INFO     |     召回率: 0.474461
2025-07-28 18:17:30 | INFO     |   学习率调度器: f1_based
2025-07-28 18:17:30 | INFO     | ------------------------------------------------------------
2025-07-28 18:17:30 | INFO     | Epoch   3 | Train: Loss=7.5739, Acc=0.3313 | Val: Loss=4.3305, Acc=0.4615, F1=0.4257 | LR=0.000100 🏆 [最佳模型]
2025-07-28 18:18:31 | INFO     | Epoch 4:
2025-07-28 18:18:31 | INFO     |   训练指标:
2025-07-28 18:18:31 | INFO     |     损失(ce): 6.526506
2025-07-28 18:18:31 | INFO     |     准确率: 0.356857
2025-07-28 18:18:31 | INFO     |     学习率: 0.00010000
2025-07-28 18:18:31 | INFO     |   验证指标(标准CE):
2025-07-28 18:18:31 | INFO     |     损失: 2.532529
2025-07-28 18:18:31 | INFO     |     准确率: 0.567568
2025-07-28 18:18:31 | INFO     |     F1(macro): 0.553491
2025-07-28 18:18:31 | INFO     |     F1(weighted): 0.545149
2025-07-28 18:18:31 | INFO     |     精确率: 0.590046
2025-07-28 18:18:31 | INFO     |     召回率: 0.579248
2025-07-28 18:18:31 | INFO     |   学习率调度器: f1_based
2025-07-28 18:18:31 | INFO     | ------------------------------------------------------------
2025-07-28 18:18:31 | INFO     | Epoch   4 | Train: Loss=6.5265, Acc=0.3569 | Val: Loss=2.5325, Acc=0.5676, F1=0.5451 | LR=0.000100 🏆 [最佳模型]
2025-07-28 18:19:32 | INFO     | Epoch 5:
2025-07-28 18:19:32 | INFO     |   训练指标:
2025-07-28 18:19:32 | INFO     |     损失(ce): 5.154026
2025-07-28 18:19:32 | INFO     |     准确率: 0.404905
2025-07-28 18:19:32 | INFO     |     学习率: 0.00010000
2025-07-28 18:19:32 | INFO     |   验证指标(标准CE):
2025-07-28 18:19:32 | INFO     |     损失: 1.664212
2025-07-28 18:19:32 | INFO     |     准确率: 0.663664
2025-07-28 18:19:32 | INFO     |     F1(macro): 0.640567
2025-07-28 18:19:32 | INFO     |     F1(weighted): 0.634231
2025-07-28 18:19:32 | INFO     |     精确率: 0.656225
2025-07-28 18:19:32 | INFO     |     召回率: 0.669362
2025-07-28 18:19:32 | INFO     |   学习率调度器: f1_based
2025-07-28 18:19:32 | INFO     | ------------------------------------------------------------
2025-07-28 18:19:32 | INFO     | Epoch   5 | Train: Loss=5.1540, Acc=0.4049 | Val: Loss=1.6642, Acc=0.6637, F1=0.6342 | LR=0.000100 🏆 [最佳模型]
2025-07-28 18:20:33 | INFO     | Epoch 6:
2025-07-28 18:20:33 | INFO     |   训练指标:
2025-07-28 18:20:33 | INFO     |     损失(ce): 4.084268
2025-07-28 18:20:33 | INFO     |     准确率: 0.449700
2025-07-28 18:20:33 | INFO     |     学习率: 0.00010000
2025-07-28 18:20:33 | INFO     |   验证指标(标准CE):
2025-07-28 18:20:33 | INFO     |     损失: 2.600350
2025-07-28 18:20:33 | INFO     |     准确率: 0.682683
2025-07-28 18:20:33 | INFO     |     F1(macro): 0.691304
2025-07-28 18:20:33 | INFO     |     F1(weighted): 0.683596
2025-07-28 18:20:33 | INFO     |     精确率: 0.750389
2025-07-28 18:20:33 | INFO     |     召回率: 0.691750
2025-07-28 18:20:33 | INFO     |   学习率调度器: f1_based
2025-07-28 18:20:33 | INFO     | ------------------------------------------------------------
2025-07-28 18:20:33 | INFO     | Epoch   6 | Train: Loss=4.0843, Acc=0.4497 | Val: Loss=2.6003, Acc=0.6827, F1=0.6836 | LR=0.000100 🏆 [最佳模型]
2025-07-28 18:21:33 | INFO     | Epoch 7:
2025-07-28 18:21:33 | INFO     |   训练指标:
2025-07-28 18:21:33 | INFO     |     损失(ce): 3.079147
2025-07-28 18:21:33 | INFO     |     准确率: 0.504254
2025-07-28 18:21:33 | INFO     |     学习率: 0.00010000
2025-07-28 18:21:33 | INFO     |   验证指标(标准CE):
2025-07-28 18:21:33 | INFO     |     损失: 1.290454
2025-07-28 18:21:33 | INFO     |     准确率: 0.659660
2025-07-28 18:21:33 | INFO     |     F1(macro): 0.669525
2025-07-28 18:21:33 | INFO     |     F1(weighted): 0.665157
2025-07-28 18:21:33 | INFO     |     精确率: 0.703519
2025-07-28 18:21:33 | INFO     |     召回率: 0.669168
2025-07-28 18:21:33 | INFO     |   学习率调度器: f1_based
2025-07-28 18:21:33 | INFO     | ------------------------------------------------------------
2025-07-28 18:21:33 | INFO     | Epoch   7 | Train: Loss=3.0791, Acc=0.5043 | Val: Loss=1.2905, Acc=0.6597, F1=0.6652 | LR=0.000100 
2025-07-28 18:22:34 | INFO     | Epoch 8:
2025-07-28 18:22:34 | INFO     |   训练指标:
2025-07-28 18:22:34 | INFO     |     损失(ce): 2.198507
2025-07-28 18:22:34 | INFO     |     准确率: 0.542543
2025-07-28 18:22:34 | INFO     |     学习率: 0.00010000
2025-07-28 18:22:34 | INFO     |   验证指标(标准CE):
2025-07-28 18:22:34 | INFO     |     损失: 1.530669
2025-07-28 18:22:34 | INFO     |     准确率: 0.723724
2025-07-28 18:22:34 | INFO     |     F1(macro): 0.729345
2025-07-28 18:22:34 | INFO     |     F1(weighted): 0.723788
2025-07-28 18:22:34 | INFO     |     精确率: 0.752180
2025-07-28 18:22:34 | INFO     |     召回率: 0.728584
2025-07-28 18:22:34 | INFO     |   学习率调度器: f1_based
2025-07-28 18:22:34 | INFO     | ------------------------------------------------------------
2025-07-28 18:22:34 | INFO     | Epoch   8 | Train: Loss=2.1985, Acc=0.5425 | Val: Loss=1.5307, Acc=0.7237, F1=0.7238 | LR=0.000100 🏆 [最佳模型]
2025-07-28 18:23:34 | INFO     | Epoch 9:
2025-07-28 18:23:34 | INFO     |   训练指标:
2025-07-28 18:23:34 | INFO     |     损失(ce): 1.590040
2025-07-28 18:23:34 | INFO     |     准确率: 0.601101
2025-07-28 18:23:34 | INFO     |     学习率: 0.00010000
2025-07-28 18:23:34 | INFO     |   验证指标(标准CE):
2025-07-28 18:23:34 | INFO     |     损失: 1.407371
2025-07-28 18:23:34 | INFO     |     准确率: 0.743744
2025-07-28 18:23:34 | INFO     |     F1(macro): 0.769381
2025-07-28 18:23:34 | INFO     |     F1(weighted): 0.762455
2025-07-28 18:23:34 | INFO     |     精确率: 0.809572
2025-07-28 18:23:34 | INFO     |     召回率: 0.752011
2025-07-28 18:23:34 | INFO     |   学习率调度器: f1_based
2025-07-28 18:23:34 | INFO     | ------------------------------------------------------------
2025-07-28 18:23:34 | INFO     | Epoch   9 | Train: Loss=1.5900, Acc=0.6011 | Val: Loss=1.4074, Acc=0.7437, F1=0.7625 | LR=0.000100 🏆 [最佳模型]
2025-07-28 18:24:35 | INFO     | Epoch 10:
2025-07-28 18:24:35 | INFO     |   训练指标:
2025-07-28 18:24:35 | INFO     |     损失(ce): 1.244055
2025-07-28 18:24:35 | INFO     |     准确率: 0.657407
2025-07-28 18:24:35 | INFO     |     学习率: 0.00010000
2025-07-28 18:24:35 | INFO     |   验证指标(标准CE):
2025-07-28 18:24:35 | INFO     |     损失: 0.479971
2025-07-28 18:24:35 | INFO     |     准确率: 0.834835
2025-07-28 18:24:35 | INFO     |     F1(macro): 0.830208
2025-07-28 18:24:35 | INFO     |     F1(weighted): 0.826764
2025-07-28 18:24:35 | INFO     |     精确率: 0.831961
2025-07-28 18:24:35 | INFO     |     召回率: 0.841404
2025-07-28 18:24:35 | INFO     |   学习率调度器: f1_based
2025-07-28 18:24:35 | INFO     | ------------------------------------------------------------
2025-07-28 18:24:35 | INFO     | Epoch  10 | Train: Loss=1.2441, Acc=0.6574 | Val: Loss=0.4800, Acc=0.8348, F1=0.8268 | LR=0.000100 🏆 [最佳模型]
2025-07-28 18:25:36 | INFO     | Epoch 11:
2025-07-28 18:25:36 | INFO     |   训练指标:
2025-07-28 18:25:36 | INFO     |     损失(ce): 0.993975
2025-07-28 18:25:36 | INFO     |     准确率: 0.718719
2025-07-28 18:25:36 | INFO     |     学习率: 0.00010000
2025-07-28 18:25:36 | INFO     |   验证指标(标准CE):
2025-07-28 18:25:36 | INFO     |     损失: 3.466714
2025-07-28 18:25:36 | INFO     |     准确率: 0.846847
2025-07-28 18:25:36 | INFO     |     F1(macro): 0.846750
2025-07-28 18:25:36 | INFO     |     F1(weighted): 0.841170
2025-07-28 18:25:36 | INFO     |     精确率: 0.859830
2025-07-28 18:25:36 | INFO     |     召回率: 0.854061
2025-07-28 18:25:36 | INFO     |   学习率调度器: f1_based
2025-07-28 18:25:36 | INFO     | ------------------------------------------------------------
2025-07-28 18:25:36 | INFO     | Epoch  11 | Train: Loss=0.9940, Acc=0.7187 | Val: Loss=3.4667, Acc=0.8468, F1=0.8412 | LR=0.000100 🏆 [最佳模型]
2025-07-28 18:26:37 | INFO     | Epoch 12:
2025-07-28 18:26:37 | INFO     |   训练指标:
2025-07-28 18:26:37 | INFO     |     损失(ce): 0.761298
2025-07-28 18:26:37 | INFO     |     准确率: 0.765265
2025-07-28 18:26:37 | INFO     |     学习率: 0.00010000
2025-07-28 18:26:37 | INFO     |   验证指标(标准CE):
2025-07-28 18:26:37 | INFO     |     损失: 4.034545
2025-07-28 18:26:37 | INFO     |     准确率: 0.848849
2025-07-28 18:26:37 | INFO     |     F1(macro): 0.845837
2025-07-28 18:26:37 | INFO     |     F1(weighted): 0.844023
2025-07-28 18:26:37 | INFO     |     精确率: 0.851030
2025-07-28 18:26:37 | INFO     |     召回率: 0.847961
2025-07-28 18:26:37 | INFO     |   学习率调度器: f1_based
2025-07-28 18:26:37 | INFO     | ------------------------------------------------------------
2025-07-28 18:26:37 | INFO     | Epoch  12 | Train: Loss=0.7613, Acc=0.7653 | Val: Loss=4.0345, Acc=0.8488, F1=0.8440 | LR=0.000100 🏆 [最佳模型]
2025-07-28 18:27:37 | INFO     | Epoch 13:
2025-07-28 18:27:37 | INFO     |   训练指标:
2025-07-28 18:27:37 | INFO     |     损失(ce): 0.687192
2025-07-28 18:27:37 | INFO     |     准确率: 0.800300
2025-07-28 18:27:37 | INFO     |     学习率: 0.00010000
2025-07-28 18:27:37 | INFO     |   验证指标(标准CE):
2025-07-28 18:27:37 | INFO     |     损失: 0.546568
2025-07-28 18:27:37 | INFO     |     准确率: 0.869870
2025-07-28 18:27:37 | INFO     |     F1(macro): 0.863602
2025-07-28 18:27:37 | INFO     |     F1(weighted): 0.858925
2025-07-28 18:27:37 | INFO     |     精确率: 0.866046
2025-07-28 18:27:37 | INFO     |     召回率: 0.873944
2025-07-28 18:27:37 | INFO     |   学习率调度器: f1_based
2025-07-28 18:27:37 | INFO     | ------------------------------------------------------------
2025-07-28 18:27:37 | INFO     | Epoch  13 | Train: Loss=0.6872, Acc=0.8003 | Val: Loss=0.5466, Acc=0.8699, F1=0.8589 | LR=0.000100 🏆 [最佳模型]
2025-07-28 18:28:39 | INFO     | Epoch 14:
2025-07-28 18:28:39 | INFO     |   训练指标:
2025-07-28 18:28:39 | INFO     |     损失(ce): 0.600019
2025-07-28 18:28:39 | INFO     |     准确率: 0.823574
2025-07-28 18:28:39 | INFO     |     学习率: 0.00010000
2025-07-28 18:28:39 | INFO     |   验证指标(标准CE):
2025-07-28 18:28:39 | INFO     |     损失: 0.359999
2025-07-28 18:28:39 | INFO     |     准确率: 0.876877
2025-07-28 18:28:39 | INFO     |     F1(macro): 0.870122
2025-07-28 18:28:39 | INFO     |     F1(weighted): 0.863286
2025-07-28 18:28:39 | INFO     |     精确率: 0.889091
2025-07-28 18:28:39 | INFO     |     召回率: 0.884798
2025-07-28 18:28:39 | INFO     |   学习率调度器: f1_based
2025-07-28 18:28:39 | INFO     | ------------------------------------------------------------
2025-07-28 18:28:39 | INFO     | Epoch  14 | Train: Loss=0.6000, Acc=0.8236 | Val: Loss=0.3600, Acc=0.8769, F1=0.8633 | LR=0.000100 🏆 [最佳模型]
2025-07-28 18:29:39 | INFO     | Epoch 15:
2025-07-28 18:29:39 | INFO     |   训练指标:
2025-07-28 18:29:39 | INFO     |     损失(ce): 0.526472
2025-07-28 18:29:39 | INFO     |     准确率: 0.840591
2025-07-28 18:29:39 | INFO     |     学习率: 0.00010000
2025-07-28 18:29:39 | INFO     |   验证指标(标准CE):
2025-07-28 18:29:39 | INFO     |     损失: 0.282860
2025-07-28 18:29:39 | INFO     |     准确率: 0.898899
2025-07-28 18:29:39 | INFO     |     F1(macro): 0.878734
2025-07-28 18:29:39 | INFO     |     F1(weighted): 0.875933
2025-07-28 18:29:39 | INFO     |     精确率: 0.941865
2025-07-28 18:29:39 | INFO     |     召回率: 0.899038
2025-07-28 18:29:39 | INFO     |   学习率调度器: f1_based
2025-07-28 18:29:39 | INFO     | ------------------------------------------------------------
2025-07-28 18:29:39 | INFO     | Epoch  15 | Train: Loss=0.5265, Acc=0.8406 | Val: Loss=0.2829, Acc=0.8989, F1=0.8759 | LR=0.000100 🏆 [最佳模型]
2025-07-28 18:30:40 | INFO     | Epoch 16:
2025-07-28 18:30:40 | INFO     |   训练指标:
2025-07-28 18:30:40 | INFO     |     损失(ce): 0.437692
2025-07-28 18:30:40 | INFO     |     准确率: 0.871622
2025-07-28 18:30:40 | INFO     |     学习率: 0.00010000
2025-07-28 18:30:40 | INFO     |   验证指标(标准CE):
2025-07-28 18:30:40 | INFO     |     损失: 0.102171
2025-07-28 18:30:40 | INFO     |     准确率: 0.949950
2025-07-28 18:30:40 | INFO     |     F1(macro): 0.952064
2025-07-28 18:30:40 | INFO     |     F1(weighted): 0.950118
2025-07-28 18:30:40 | INFO     |     精确率: 0.955524
2025-07-28 18:30:40 | INFO     |     召回率: 0.952834
2025-07-28 18:30:40 | INFO     |   学习率调度器: f1_based
2025-07-28 18:30:40 | INFO     | ------------------------------------------------------------
2025-07-28 18:30:40 | INFO     | Epoch  16 | Train: Loss=0.4377, Acc=0.8716 | Val: Loss=0.1022, Acc=0.9499, F1=0.9501 | LR=0.000100 🏆 [最佳模型]
2025-07-28 18:31:41 | INFO     | Epoch 17:
2025-07-28 18:31:41 | INFO     |   训练指标:
2025-07-28 18:31:41 | INFO     |     损失(ce): 0.474502
2025-07-28 18:31:41 | INFO     |     准确率: 0.871872
2025-07-28 18:31:41 | INFO     |     学习率: 0.00010000
2025-07-28 18:31:41 | INFO     |   验证指标(标准CE):
2025-07-28 18:31:41 | INFO     |     损失: 0.366198
2025-07-28 18:31:41 | INFO     |     准确率: 0.931932
2025-07-28 18:31:41 | INFO     |     F1(macro): 0.930711
2025-07-28 18:31:41 | INFO     |     F1(weighted): 0.927469
2025-07-28 18:31:41 | INFO     |     精确率: 0.952866
2025-07-28 18:31:41 | INFO     |     召回率: 0.937316
2025-07-28 18:31:41 | INFO     |   学习率调度器: f1_based
2025-07-28 18:31:41 | INFO     | ------------------------------------------------------------
2025-07-28 18:31:41 | INFO     | Epoch  17 | Train: Loss=0.4745, Acc=0.8719 | Val: Loss=0.3662, Acc=0.9319, F1=0.9275 | LR=0.000100 
2025-07-28 18:32:42 | INFO     | Epoch 18:
2025-07-28 18:32:42 | INFO     |   训练指标:
2025-07-28 18:32:42 | INFO     |     损失(ce): 0.403198
2025-07-28 18:32:42 | INFO     |     准确率: 0.892893
2025-07-28 18:32:42 | INFO     |     学习率: 0.00010000
2025-07-28 18:32:42 | INFO     |   验证指标(标准CE):
2025-07-28 18:32:42 | INFO     |     损失: 0.334487
2025-07-28 18:32:42 | INFO     |     准确率: 0.925926
2025-07-28 18:32:42 | INFO     |     F1(macro): 0.921919
2025-07-28 18:32:42 | INFO     |     F1(weighted): 0.919641
2025-07-28 18:32:42 | INFO     |     精确率: 0.938535
2025-07-28 18:32:42 | INFO     |     召回率: 0.926609
2025-07-28 18:32:42 | INFO     |   学习率调度器: f1_based
2025-07-28 18:32:42 | INFO     | ------------------------------------------------------------
2025-07-28 18:32:42 | INFO     | Epoch  18 | Train: Loss=0.4032, Acc=0.8929 | Val: Loss=0.3345, Acc=0.9259, F1=0.9196 | LR=0.000100 
2025-07-28 18:33:43 | INFO     | Epoch 19:
2025-07-28 18:33:43 | INFO     |   训练指标:
2025-07-28 18:33:43 | INFO     |     损失(ce): 0.372040
2025-07-28 18:33:43 | INFO     |     准确率: 0.906406
2025-07-28 18:33:43 | INFO     |     学习率: 0.00010000
2025-07-28 18:33:43 | INFO     |   验证指标(标准CE):
2025-07-28 18:33:43 | INFO     |     损失: 0.210719
2025-07-28 18:33:43 | INFO     |     准确率: 0.955956
2025-07-28 18:33:43 | INFO     |     F1(macro): 0.956299
2025-07-28 18:33:43 | INFO     |     F1(weighted): 0.954891
2025-07-28 18:33:43 | INFO     |     精确率: 0.963063
2025-07-28 18:33:43 | INFO     |     召回率: 0.956293
2025-07-28 18:33:43 | INFO     |   学习率调度器: f1_based
2025-07-28 18:33:43 | INFO     | ------------------------------------------------------------
2025-07-28 18:33:43 | INFO     | Epoch  19 | Train: Loss=0.3720, Acc=0.9064 | Val: Loss=0.2107, Acc=0.9560, F1=0.9549 | LR=0.000100 🏆 [最佳模型]
2025-07-28 18:34:44 | INFO     | Epoch 20:
2025-07-28 18:34:44 | INFO     |   训练指标:
2025-07-28 18:34:44 | INFO     |     损失(ce): 0.349684
2025-07-28 18:34:44 | INFO     |     准确率: 0.917668
2025-07-28 18:34:44 | INFO     |     学习率: 0.00010000
2025-07-28 18:34:44 | INFO     |   验证指标(标准CE):
2025-07-28 18:34:44 | INFO     |     损失: 0.207055
2025-07-28 18:34:44 | INFO     |     准确率: 0.960961
2025-07-28 18:34:44 | INFO     |     F1(macro): 0.962047
2025-07-28 18:34:44 | INFO     |     F1(weighted): 0.960215
2025-07-28 18:34:44 | INFO     |     精确率: 0.970340
2025-07-28 18:34:44 | INFO     |     召回率: 0.963960
2025-07-28 18:34:44 | INFO     |   学习率调度器: f1_based
2025-07-28 18:34:44 | INFO     | ------------------------------------------------------------
2025-07-28 18:34:44 | INFO     | Epoch  20 | Train: Loss=0.3497, Acc=0.9177 | Val: Loss=0.2071, Acc=0.9610, F1=0.9602 | LR=0.000100 🏆 [最佳模型]
2025-07-28 18:35:45 | INFO     | Epoch 21:
2025-07-28 18:35:45 | INFO     |   训练指标:
2025-07-28 18:35:45 | INFO     |     损失(ce): 0.345255
2025-07-28 18:35:45 | INFO     |     准确率: 0.921922
2025-07-28 18:35:45 | INFO     |     学习率: 0.00010000
2025-07-28 18:35:45 | INFO     |   验证指标(标准CE):
2025-07-28 18:35:45 | INFO     |     损失: 0.283397
2025-07-28 18:35:45 | INFO     |     准确率: 0.947948
2025-07-28 18:35:45 | INFO     |     F1(macro): 0.946852
2025-07-28 18:35:45 | INFO     |     F1(weighted): 0.946561
2025-07-28 18:35:45 | INFO     |     精确率: 0.953177
2025-07-28 18:35:45 | INFO     |     召回率: 0.951257
2025-07-28 18:35:45 | INFO     |   学习率调度器: f1_based
2025-07-28 18:35:45 | INFO     | ------------------------------------------------------------
2025-07-28 18:35:45 | INFO     | Epoch  21 | Train: Loss=0.3453, Acc=0.9219 | Val: Loss=0.2834, Acc=0.9479, F1=0.9466 | LR=0.000100 
2025-07-28 18:36:45 | INFO     | Epoch 22:
2025-07-28 18:36:45 | INFO     |   训练指标:
2025-07-28 18:36:45 | INFO     |     损失(ce): 0.296775
2025-07-28 18:36:45 | INFO     |     准确率: 0.939439
2025-07-28 18:36:45 | INFO     |     学习率: 0.00010000
2025-07-28 18:36:45 | INFO     |   验证指标(标准CE):
2025-07-28 18:36:45 | INFO     |     损失: 0.293351
2025-07-28 18:36:45 | INFO     |     准确率: 0.961962
2025-07-28 18:36:45 | INFO     |     F1(macro): 0.963397
2025-07-28 18:36:45 | INFO     |     F1(weighted): 0.961800
2025-07-28 18:36:45 | INFO     |     精确率: 0.966837
2025-07-28 18:36:45 | INFO     |     召回率: 0.964379
2025-07-28 18:36:45 | INFO     |   学习率调度器: f1_based
2025-07-28 18:36:45 | INFO     | ------------------------------------------------------------
2025-07-28 18:36:45 | INFO     | Epoch  22 | Train: Loss=0.2968, Acc=0.9394 | Val: Loss=0.2934, Acc=0.9620, F1=0.9618 | LR=0.000100 🏆 [最佳模型]
2025-07-28 18:37:45 | INFO     | Epoch 23:
2025-07-28 18:37:45 | INFO     |   训练指标:
2025-07-28 18:37:45 | INFO     |     损失(ce): 0.278762
2025-07-28 18:37:45 | INFO     |     准确率: 0.934184
2025-07-28 18:37:45 | INFO     |     学习率: 0.00010000
2025-07-28 18:37:45 | INFO     |   验证指标(标准CE):
2025-07-28 18:37:45 | INFO     |     损失: 0.289467
2025-07-28 18:37:45 | INFO     |     准确率: 0.956957
2025-07-28 18:37:45 | INFO     |     F1(macro): 0.957408
2025-07-28 18:37:45 | INFO     |     F1(weighted): 0.955139
2025-07-28 18:37:45 | INFO     |     精确率: 0.967072
2025-07-28 18:37:45 | INFO     |     召回率: 0.960514
2025-07-28 18:37:45 | INFO     |   学习率调度器: f1_based
2025-07-28 18:37:45 | INFO     | ------------------------------------------------------------
2025-07-28 18:37:45 | INFO     | Epoch  23 | Train: Loss=0.2788, Acc=0.9342 | Val: Loss=0.2895, Acc=0.9570, F1=0.9551 | LR=0.000100 
2025-07-28 18:38:45 | INFO     | Epoch 24:
2025-07-28 18:38:45 | INFO     |   训练指标:
2025-07-28 18:38:45 | INFO     |     损失(ce): 0.314591
2025-07-28 18:38:45 | INFO     |     准确率: 0.935185
2025-07-28 18:38:45 | INFO     |     学习率: 0.00010000
2025-07-28 18:38:45 | INFO     |   验证指标(标准CE):
2025-07-28 18:38:45 | INFO     |     损失: 0.202028
2025-07-28 18:38:45 | INFO     |     准确率: 0.959960
2025-07-28 18:38:45 | INFO     |     F1(macro): 0.960118
2025-07-28 18:38:45 | INFO     |     F1(weighted): 0.958678
2025-07-28 18:38:45 | INFO     |     精确率: 0.970144
2025-07-28 18:38:45 | INFO     |     召回率: 0.960125
2025-07-28 18:38:45 | INFO     |   学习率调度器: f1_based
2025-07-28 18:38:45 | INFO     | ------------------------------------------------------------
2025-07-28 18:38:45 | INFO     | Epoch  24 | Train: Loss=0.3146, Acc=0.9352 | Val: Loss=0.2020, Acc=0.9600, F1=0.9587 | LR=0.000100 
2025-07-28 18:39:45 | INFO     | Epoch 25:
2025-07-28 18:39:45 | INFO     |   训练指标:
2025-07-28 18:39:45 | INFO     |     损失(ce): 0.242342
2025-07-28 18:39:45 | INFO     |     准确率: 0.941191
2025-07-28 18:39:45 | INFO     |     学习率: 0.00010000
2025-07-28 18:39:45 | INFO     |   验证指标(标准CE):
2025-07-28 18:39:45 | INFO     |     损失: 0.248403
2025-07-28 18:39:45 | INFO     |     准确率: 0.948949
2025-07-28 18:39:45 | INFO     |     F1(macro): 0.950685
2025-07-28 18:39:45 | INFO     |     F1(weighted): 0.948790
2025-07-28 18:39:45 | INFO     |     精确率: 0.950532
2025-07-28 18:39:45 | INFO     |     召回率: 0.951038
2025-07-28 18:39:45 | INFO     |   学习率调度器: f1_based
2025-07-28 18:39:45 | INFO     | ------------------------------------------------------------
2025-07-28 18:39:45 | INFO     | Epoch  25 | Train: Loss=0.2423, Acc=0.9412 | Val: Loss=0.2484, Acc=0.9489, F1=0.9488 | LR=0.000100 
2025-07-28 18:40:45 | INFO     | Epoch 26:
2025-07-28 18:40:45 | INFO     |   训练指标:
2025-07-28 18:40:45 | INFO     |     损失(ce): 0.246705
2025-07-28 18:40:45 | INFO     |     准确率: 0.942192
2025-07-28 18:40:45 | INFO     |     学习率: 0.00010000
2025-07-28 18:40:45 | INFO     |   验证指标(标准CE):
2025-07-28 18:40:45 | INFO     |     损失: 0.394119
2025-07-28 18:40:45 | INFO     |     准确率: 0.949950
2025-07-28 18:40:45 | INFO     |     F1(macro): 0.950739
2025-07-28 18:40:45 | INFO     |     F1(weighted): 0.948441
2025-07-28 18:40:45 | INFO     |     精确率: 0.963164
2025-07-28 18:40:45 | INFO     |     召回率: 0.953838
2025-07-28 18:40:45 | INFO     |   学习率调度器: f1_based
2025-07-28 18:40:45 | INFO     | ------------------------------------------------------------
2025-07-28 18:40:45 | INFO     | Epoch  26 | Train: Loss=0.2467, Acc=0.9422 | Val: Loss=0.3941, Acc=0.9499, F1=0.9484 | LR=0.000100 
2025-07-28 18:41:46 | INFO     | Epoch 27:
2025-07-28 18:41:46 | INFO     |   训练指标:
2025-07-28 18:41:46 | INFO     |     损失(ce): 0.254282
2025-07-28 18:41:46 | INFO     |     准确率: 0.942442
2025-07-28 18:41:46 | INFO     |     学习率: 0.00010000
2025-07-28 18:41:46 | INFO     |   验证指标(标准CE):
2025-07-28 18:41:46 | INFO     |     损失: 0.059151
2025-07-28 18:41:46 | INFO     |     准确率: 0.969970
2025-07-28 18:41:46 | INFO     |     F1(macro): 0.970632
2025-07-28 18:41:46 | INFO     |     F1(weighted): 0.969576
2025-07-28 18:41:46 | INFO     |     精确率: 0.974945
2025-07-28 18:41:46 | INFO     |     召回率: 0.970140
2025-07-28 18:41:46 | INFO     |   学习率调度器: f1_based
2025-07-28 18:41:46 | INFO     | ------------------------------------------------------------
2025-07-28 18:41:46 | INFO     | Epoch  27 | Train: Loss=0.2543, Acc=0.9424 | Val: Loss=0.0592, Acc=0.9700, F1=0.9696 | LR=0.000100 🏆 [最佳模型]
2025-07-28 18:42:47 | INFO     | Epoch 28:
2025-07-28 18:42:47 | INFO     |   训练指标:
2025-07-28 18:42:47 | INFO     |     损失(ce): 0.229292
2025-07-28 18:42:47 | INFO     |     准确率: 0.948699
2025-07-28 18:42:47 | INFO     |     学习率: 0.00010000
2025-07-28 18:42:47 | INFO     |   验证指标(标准CE):
2025-07-28 18:42:47 | INFO     |     损失: 0.081058
2025-07-28 18:42:47 | INFO     |     准确率: 0.963964
2025-07-28 18:42:47 | INFO     |     F1(macro): 0.964876
2025-07-28 18:42:47 | INFO     |     F1(weighted): 0.963084
2025-07-28 18:42:47 | INFO     |     精确率: 0.972063
2025-07-28 18:42:47 | INFO     |     召回率: 0.966942
2025-07-28 18:42:47 | INFO     |   学习率调度器: f1_based
2025-07-28 18:42:47 | INFO     | ------------------------------------------------------------
2025-07-28 18:42:47 | INFO     | Epoch  28 | Train: Loss=0.2293, Acc=0.9487 | Val: Loss=0.0811, Acc=0.9640, F1=0.9631 | LR=0.000100 
2025-07-28 18:43:47 | INFO     | Epoch 29:
2025-07-28 18:43:47 | INFO     |   训练指标:
2025-07-28 18:43:47 | INFO     |     损失(ce): 0.216215
2025-07-28 18:43:47 | INFO     |     准确率: 0.943193
2025-07-28 18:43:47 | INFO     |     学习率: 0.00010000
2025-07-28 18:43:47 | INFO     |   验证指标(标准CE):
2025-07-28 18:43:47 | INFO     |     损失: 0.095756
2025-07-28 18:43:47 | INFO     |     准确率: 0.974975
2025-07-28 18:43:47 | INFO     |     F1(macro): 0.975618
2025-07-28 18:43:47 | INFO     |     F1(weighted): 0.974667
2025-07-28 18:43:47 | INFO     |     精确率: 0.979534
2025-07-28 18:43:47 | INFO     |     召回率: 0.975140
2025-07-28 18:43:47 | INFO     |   学习率调度器: f1_based
2025-07-28 18:43:47 | INFO     | ------------------------------------------------------------
2025-07-28 18:43:47 | INFO     | Epoch  29 | Train: Loss=0.2162, Acc=0.9432 | Val: Loss=0.0958, Acc=0.9750, F1=0.9747 | LR=0.000100 🏆 [最佳模型]
2025-07-28 18:44:47 | INFO     | Epoch 30:
2025-07-28 18:44:47 | INFO     |   训练指标:
2025-07-28 18:44:47 | INFO     |     损失(ce): 0.247058
2025-07-28 18:44:47 | INFO     |     准确率: 0.946446
2025-07-28 18:44:47 | INFO     |     学习率: 0.00010000
2025-07-28 18:44:47 | INFO     |   验证指标(标准CE):
2025-07-28 18:44:47 | INFO     |     损失: 0.138741
2025-07-28 18:44:47 | INFO     |     准确率: 0.956957
2025-07-28 18:44:47 | INFO     |     F1(macro): 0.958397
2025-07-28 18:44:47 | INFO     |     F1(weighted): 0.956857
2025-07-28 18:44:47 | INFO     |     精确率: 0.958371
2025-07-28 18:44:47 | INFO     |     召回率: 0.958467
2025-07-28 18:44:47 | INFO     |   学习率调度器: f1_based
2025-07-28 18:44:47 | INFO     | ------------------------------------------------------------
2025-07-28 18:44:47 | INFO     | Epoch  30 | Train: Loss=0.2471, Acc=0.9464 | Val: Loss=0.1387, Acc=0.9570, F1=0.9569 | LR=0.000100 
2025-07-28 18:45:48 | INFO     | Epoch 31:
2025-07-28 18:45:48 | INFO     |   训练指标:
2025-07-28 18:45:48 | INFO     |     损失(ce): 0.209353
2025-07-28 18:45:48 | INFO     |     准确率: 0.947948
2025-07-28 18:45:48 | INFO     |     学习率: 0.00010000
2025-07-28 18:45:48 | INFO     |   验证指标(标准CE):
2025-07-28 18:45:48 | INFO     |     损失: 0.195288
2025-07-28 18:45:48 | INFO     |     准确率: 0.969970
2025-07-28 18:45:48 | INFO     |     F1(macro): 0.971049
2025-07-28 18:45:48 | INFO     |     F1(weighted): 0.969633
2025-07-28 18:45:48 | INFO     |     精确率: 0.976359
2025-07-28 18:45:48 | INFO     |     召回率: 0.972452
2025-07-28 18:45:48 | INFO     |   学习率调度器: f1_based
2025-07-28 18:45:48 | INFO     | ------------------------------------------------------------
2025-07-28 18:45:48 | INFO     | Epoch  31 | Train: Loss=0.2094, Acc=0.9479 | Val: Loss=0.1953, Acc=0.9700, F1=0.9696 | LR=0.000100 
2025-07-28 18:46:48 | INFO     | Epoch 32:
2025-07-28 18:46:48 | INFO     |   训练指标:
2025-07-28 18:46:48 | INFO     |     损失(ce): 0.177427
2025-07-28 18:46:48 | INFO     |     准确率: 0.952953
2025-07-28 18:46:48 | INFO     |     学习率: 0.00010000
2025-07-28 18:46:48 | INFO     |   验证指标(标准CE):
2025-07-28 18:46:48 | INFO     |     损失: 0.050840
2025-07-28 18:46:48 | INFO     |     准确率: 0.969970
2025-07-28 18:46:48 | INFO     |     F1(macro): 0.971159
2025-07-28 18:46:48 | INFO     |     F1(weighted): 0.969939
2025-07-28 18:46:48 | INFO     |     精确率: 0.971389
2025-07-28 18:46:48 | INFO     |     召回率: 0.971045
2025-07-28 18:46:48 | INFO     |   学习率调度器: f1_based
2025-07-28 18:46:48 | INFO     | ------------------------------------------------------------
2025-07-28 18:46:48 | INFO     | Epoch  32 | Train: Loss=0.1774, Acc=0.9530 | Val: Loss=0.0508, Acc=0.9700, F1=0.9699 | LR=0.000100 
2025-07-28 18:47:48 | INFO     | Epoch 33:
2025-07-28 18:47:48 | INFO     |   训练指标:
2025-07-28 18:47:48 | INFO     |     损失(ce): 0.200683
2025-07-28 18:47:48 | INFO     |     准确率: 0.952953
2025-07-28 18:47:48 | INFO     |     学习率: 0.00010000
2025-07-28 18:47:48 | INFO     |   验证指标(标准CE):
2025-07-28 18:47:48 | INFO     |     损失: 0.284240
2025-07-28 18:47:48 | INFO     |     准确率: 0.968969
2025-07-28 18:47:48 | INFO     |     F1(macro): 0.970061
2025-07-28 18:47:48 | INFO     |     F1(weighted): 0.968591
2025-07-28 18:47:48 | INFO     |     精确率: 0.975743
2025-07-28 18:47:48 | INFO     |     召回率: 0.971534
2025-07-28 18:47:48 | INFO     |   学习率调度器: f1_based
2025-07-28 18:47:48 | INFO     | ------------------------------------------------------------
2025-07-28 18:47:48 | INFO     | Epoch  33 | Train: Loss=0.2007, Acc=0.9530 | Val: Loss=0.2842, Acc=0.9690, F1=0.9686 | LR=0.000100 
2025-07-28 18:48:48 | INFO     | Epoch 34:
2025-07-28 18:48:48 | INFO     |   训练指标:
2025-07-28 18:48:48 | INFO     |     损失(ce): 0.188387
2025-07-28 18:48:48 | INFO     |     准确率: 0.951952
2025-07-28 18:48:48 | INFO     |     学习率: 0.00010000
2025-07-28 18:48:48 | INFO     |   验证指标(标准CE):
2025-07-28 18:48:48 | INFO     |     损失: 0.046617
2025-07-28 18:48:48 | INFO     |     准确率: 0.976977
2025-07-28 18:48:48 | INFO     |     F1(macro): 0.977620
2025-07-28 18:48:48 | INFO     |     F1(weighted): 0.976738
2025-07-28 18:48:48 | INFO     |     精确率: 0.980918
2025-07-28 18:48:48 | INFO     |     召回率: 0.977142
2025-07-28 18:48:48 | INFO     |   学习率调度器: f1_based
2025-07-28 18:48:48 | INFO     | ------------------------------------------------------------
2025-07-28 18:48:48 | INFO     | Epoch  34 | Train: Loss=0.1884, Acc=0.9520 | Val: Loss=0.0466, Acc=0.9770, F1=0.9767 | LR=0.000100 🏆 [最佳模型]
2025-07-28 18:49:48 | INFO     | Epoch 35:
2025-07-28 18:49:48 | INFO     |   训练指标:
2025-07-28 18:49:48 | INFO     |     损失(ce): 0.221543
2025-07-28 18:49:48 | INFO     |     准确率: 0.951702
2025-07-28 18:49:48 | INFO     |     学习率: 0.00010000
2025-07-28 18:49:48 | INFO     |   验证指标(标准CE):
2025-07-28 18:49:48 | INFO     |     损失: 0.162998
2025-07-28 18:49:48 | INFO     |     准确率: 0.960961
2025-07-28 18:49:48 | INFO     |     F1(macro): 0.960956
2025-07-28 18:49:48 | INFO     |     F1(weighted): 0.959615
2025-07-28 18:49:48 | INFO     |     精确率: 0.972377
2025-07-28 18:49:48 | INFO     |     召回率: 0.961004
2025-07-28 18:49:48 | INFO     |   学习率调度器: f1_based
2025-07-28 18:49:48 | INFO     | ------------------------------------------------------------
2025-07-28 18:49:48 | INFO     | Epoch  35 | Train: Loss=0.2215, Acc=0.9517 | Val: Loss=0.1630, Acc=0.9610, F1=0.9596 | LR=0.000100 
2025-07-28 18:50:49 | INFO     | Epoch 36:
2025-07-28 18:50:49 | INFO     |   训练指标:
2025-07-28 18:50:49 | INFO     |     损失(ce): 0.258798
2025-07-28 18:50:49 | INFO     |     准确率: 0.945696
2025-07-28 18:50:49 | INFO     |     学习率: 0.00010000
2025-07-28 18:50:49 | INFO     |   验证指标(标准CE):
2025-07-28 18:50:49 | INFO     |     损失: 0.101178
2025-07-28 18:50:49 | INFO     |     准确率: 0.975976
2025-07-28 18:50:49 | INFO     |     F1(macro): 0.976672
2025-07-28 18:50:49 | INFO     |     F1(weighted): 0.975748
2025-07-28 18:50:49 | INFO     |     精确率: 0.979629
2025-07-28 18:50:49 | INFO     |     召回率: 0.976224
2025-07-28 18:50:49 | INFO     |   学习率调度器: f1_based
2025-07-28 18:50:49 | INFO     | ------------------------------------------------------------
2025-07-28 18:50:49 | INFO     | Epoch  36 | Train: Loss=0.2588, Acc=0.9457 | Val: Loss=0.1012, Acc=0.9760, F1=0.9757 | LR=0.000100 
2025-07-28 18:51:49 | INFO     | Epoch 37:
2025-07-28 18:51:49 | INFO     |   训练指标:
2025-07-28 18:51:49 | INFO     |     损失(ce): 0.186766
2025-07-28 18:51:49 | INFO     |     准确率: 0.954705
2025-07-28 18:51:49 | INFO     |     学习率: 0.00010000
2025-07-28 18:51:49 | INFO     |   验证指标(标准CE):
2025-07-28 18:51:49 | INFO     |     损失: 0.733217
2025-07-28 18:51:49 | INFO     |     准确率: 0.966967
2025-07-28 18:51:49 | INFO     |     F1(macro): 0.968077
2025-07-28 18:51:49 | INFO     |     F1(weighted): 0.966497
2025-07-28 18:51:49 | INFO     |     精确率: 0.974537
2025-07-28 18:51:49 | INFO     |     召回率: 0.969697
2025-07-28 18:51:49 | INFO     |   学习率调度器: f1_based
2025-07-28 18:51:49 | INFO     | ------------------------------------------------------------
2025-07-28 18:51:49 | INFO     | Epoch  37 | Train: Loss=0.1868, Acc=0.9547 | Val: Loss=0.7332, Acc=0.9670, F1=0.9665 | LR=0.000100 
2025-07-28 18:52:49 | INFO     | Epoch 38:
2025-07-28 18:52:49 | INFO     |   训练指标:
2025-07-28 18:52:49 | INFO     |     损失(ce): 0.183042
2025-07-28 18:52:49 | INFO     |     准确率: 0.956957
2025-07-28 18:52:49 | INFO     |     学习率: 0.00010000
2025-07-28 18:52:49 | INFO     |   验证指标(标准CE):
2025-07-28 18:52:49 | INFO     |     损失: 0.245111
2025-07-28 18:52:49 | INFO     |     准确率: 0.965966
2025-07-28 18:52:49 | INFO     |     F1(macro): 0.966510
2025-07-28 18:52:49 | INFO     |     F1(weighted): 0.965624
2025-07-28 18:52:49 | INFO     |     精确率: 0.967619
2025-07-28 18:52:49 | INFO     |     召回率: 0.967041
2025-07-28 18:52:49 | INFO     |   学习率调度器: f1_based
2025-07-28 18:52:49 | INFO     | ------------------------------------------------------------
2025-07-28 18:52:49 | INFO     | Epoch  38 | Train: Loss=0.1830, Acc=0.9570 | Val: Loss=0.2451, Acc=0.9660, F1=0.9656 | LR=0.000100 
2025-07-28 18:53:49 | INFO     | Epoch 39:
2025-07-28 18:53:49 | INFO     |   训练指标:
2025-07-28 18:53:49 | INFO     |     损失(ce): 0.215788
2025-07-28 18:53:49 | INFO     |     准确率: 0.953453
2025-07-28 18:53:49 | INFO     |     学习率: 0.00010000
2025-07-28 18:53:49 | INFO     |   验证指标(标准CE):
2025-07-28 18:53:49 | INFO     |     损失: 0.064814
2025-07-28 18:53:49 | INFO     |     准确率: 0.964965
2025-07-28 18:53:49 | INFO     |     F1(macro): 0.966334
2025-07-28 18:53:49 | INFO     |     F1(weighted): 0.964720
2025-07-28 18:53:49 | INFO     |     精确率: 0.969703
2025-07-28 18:53:49 | INFO     |     召回率: 0.967447
2025-07-28 18:53:49 | INFO     |   学习率调度器: f1_based
2025-07-28 18:53:49 | INFO     | ------------------------------------------------------------
2025-07-28 18:53:49 | INFO     | Epoch  39 | Train: Loss=0.2158, Acc=0.9535 | Val: Loss=0.0648, Acc=0.9650, F1=0.9647 | LR=0.000100 
2025-07-28 18:54:49 | INFO     | Epoch 40:
2025-07-28 18:54:49 | INFO     |   训练指标:
2025-07-28 18:54:49 | INFO     |     损失(ce): 0.183606
2025-07-28 18:54:49 | INFO     |     准确率: 0.956456
2025-07-28 18:54:49 | INFO     |     学习率: 0.00010000
2025-07-28 18:54:49 | INFO     |   验证指标(标准CE):
2025-07-28 18:54:49 | INFO     |     损失: 0.063689
2025-07-28 18:54:49 | INFO     |     准确率: 0.971972
2025-07-28 18:54:49 | INFO     |     F1(macro): 0.972540
2025-07-28 18:54:49 | INFO     |     F1(weighted): 0.971457
2025-07-28 18:54:49 | INFO     |     精确率: 0.978875
2025-07-28 18:54:49 | INFO     |     召回率: 0.971990
2025-07-28 18:54:49 | INFO     |   学习率调度器: f1_based
2025-07-28 18:54:49 | INFO     | ------------------------------------------------------------
2025-07-28 18:54:49 | INFO     | 🎯 学习率调整事件:
2025-07-28 18:54:49 | INFO     |   调度器类型: f1_based
2025-07-28 18:54:49 | INFO     |   学习率变化: 0.00010000 → 0.00005000
2025-07-28 18:54:49 | INFO     |   触发条件: F1分数 = 0.971457
2025-07-28 18:54:49 | INFO     |   变化幅度: -50.00%
2025-07-28 18:54:49 | INFO     | ------------------------------------------------------------
2025-07-28 18:54:49 | INFO     | Epoch  40 | Train: Loss=0.1836, Acc=0.9565 | Val: Loss=0.0637, Acc=0.9720, F1=0.9715 | LR=0.000050 
2025-07-28 18:55:49 | INFO     | Epoch 41:
2025-07-28 18:55:49 | INFO     |   训练指标:
2025-07-28 18:55:49 | INFO     |     损失(ce): 0.133277
2025-07-28 18:55:49 | INFO     |     准确率: 0.965465
2025-07-28 18:55:49 | INFO     |     学习率: 0.00005000
2025-07-28 18:55:49 | INFO     |   验证指标(标准CE):
2025-07-28 18:55:49 | INFO     |     损失: 0.204394
2025-07-28 18:55:49 | INFO     |     准确率: 0.969970
2025-07-28 18:55:49 | INFO     |     F1(macro): 0.971049
2025-07-28 18:55:49 | INFO     |     F1(weighted): 0.969633
2025-07-28 18:55:49 | INFO     |     精确率: 0.976359
2025-07-28 18:55:49 | INFO     |     召回率: 0.972452
2025-07-28 18:55:49 | INFO     |   学习率调度器: f1_based
2025-07-28 18:55:49 | INFO     | ------------------------------------------------------------
2025-07-28 18:55:49 | INFO     | Epoch  41 | Train: Loss=0.1333, Acc=0.9655 | Val: Loss=0.2044, Acc=0.9700, F1=0.9696 | LR=0.000050 
2025-07-28 18:56:50 | INFO     | Epoch 42:
2025-07-28 18:56:50 | INFO     |   训练指标:
2025-07-28 18:56:50 | INFO     |     损失(ce): 0.105083
2025-07-28 18:56:50 | INFO     |     准确率: 0.965465
2025-07-28 18:56:50 | INFO     |     学习率: 0.00005000
2025-07-28 18:56:50 | INFO     |   验证指标(标准CE):
2025-07-28 18:56:50 | INFO     |     损失: 0.706782
2025-07-28 18:56:50 | INFO     |     准确率: 0.967968
2025-07-28 18:56:50 | INFO     |     F1(macro): 0.969071
2025-07-28 18:56:50 | INFO     |     F1(weighted): 0.967545
2025-07-28 18:56:50 | INFO     |     精确率: 0.975136
2025-07-28 18:56:50 | INFO     |     召回率: 0.970615
2025-07-28 18:56:50 | INFO     |   学习率调度器: f1_based
2025-07-28 18:56:50 | INFO     | ------------------------------------------------------------
2025-07-28 18:56:50 | INFO     | Epoch  42 | Train: Loss=0.1051, Acc=0.9655 | Val: Loss=0.7068, Acc=0.9680, F1=0.9675 | LR=0.000050 
2025-07-28 18:57:50 | INFO     | Epoch 43:
2025-07-28 18:57:50 | INFO     |   训练指标:
2025-07-28 18:57:50 | INFO     |     损失(ce): 0.104701
2025-07-28 18:57:50 | INFO     |     准确率: 0.965716
2025-07-28 18:57:50 | INFO     |     学习率: 0.00005000
2025-07-28 18:57:50 | INFO     |   验证指标(标准CE):
2025-07-28 18:57:50 | INFO     |     损失: 0.278751
2025-07-28 18:57:50 | INFO     |     准确率: 0.969970
2025-07-28 18:57:50 | INFO     |     F1(macro): 0.971049
2025-07-28 18:57:50 | INFO     |     F1(weighted): 0.969633
2025-07-28 18:57:50 | INFO     |     精确率: 0.976359
2025-07-28 18:57:50 | INFO     |     召回率: 0.972452
2025-07-28 18:57:50 | INFO     |   学习率调度器: f1_based
2025-07-28 18:57:50 | INFO     | ------------------------------------------------------------
2025-07-28 18:57:50 | INFO     | Epoch  43 | Train: Loss=0.1047, Acc=0.9657 | Val: Loss=0.2788, Acc=0.9700, F1=0.9696 | LR=0.000050 
2025-07-28 18:58:50 | INFO     | Epoch 44:
2025-07-28 18:58:50 | INFO     |   训练指标:
2025-07-28 18:58:50 | INFO     |     损失(ce): 0.115324
2025-07-28 18:58:50 | INFO     |     准确率: 0.964715
2025-07-28 18:58:50 | INFO     |     学习率: 0.00005000
2025-07-28 18:58:50 | INFO     |   验证指标(标准CE):
2025-07-28 18:58:50 | INFO     |     损失: 0.485157
2025-07-28 18:58:50 | INFO     |     准确率: 0.970971
2025-07-28 18:58:50 | INFO     |     F1(macro): 0.972035
2025-07-28 18:58:50 | INFO     |     F1(weighted): 0.970672
2025-07-28 18:58:50 | INFO     |     精确率: 0.976984
2025-07-28 18:58:50 | INFO     |     召回率: 0.973370
2025-07-28 18:58:50 | INFO     |   学习率调度器: f1_based
2025-07-28 18:58:50 | INFO     | ------------------------------------------------------------
2025-07-28 18:58:50 | INFO     | Epoch  44 | Train: Loss=0.1153, Acc=0.9647 | Val: Loss=0.4852, Acc=0.9710, F1=0.9707 | LR=0.000050 
2025-07-28 18:59:50 | INFO     | Epoch 45:
2025-07-28 18:59:50 | INFO     |   训练指标:
2025-07-28 18:59:50 | INFO     |     损失(ce): 0.113852
2025-07-28 18:59:50 | INFO     |     准确率: 0.960961
2025-07-28 18:59:50 | INFO     |     学习率: 0.00005000
2025-07-28 18:59:50 | INFO     |   验证指标(标准CE):
2025-07-28 18:59:50 | INFO     |     损失: 0.670309
2025-07-28 18:59:50 | INFO     |     准确率: 0.966967
2025-07-28 18:59:50 | INFO     |     F1(macro): 0.968077
2025-07-28 18:59:50 | INFO     |     F1(weighted): 0.966497
2025-07-28 18:59:50 | INFO     |     精确率: 0.974537
2025-07-28 18:59:50 | INFO     |     召回率: 0.969697
2025-07-28 18:59:50 | INFO     |   学习率调度器: f1_based
2025-07-28 18:59:50 | INFO     | ------------------------------------------------------------
2025-07-28 18:59:50 | INFO     | Epoch  45 | Train: Loss=0.1139, Acc=0.9610 | Val: Loss=0.6703, Acc=0.9670, F1=0.9665 | LR=0.000050 
2025-07-28 19:00:50 | INFO     | Epoch 46:
2025-07-28 19:00:50 | INFO     |   训练指标:
2025-07-28 19:00:50 | INFO     |     损失(ce): 0.119967
2025-07-28 19:00:50 | INFO     |     准确率: 0.964715
2025-07-28 19:00:50 | INFO     |     学习率: 0.00005000
2025-07-28 19:00:50 | INFO     |   验证指标(标准CE):
2025-07-28 19:00:50 | INFO     |     损失: 0.248627
2025-07-28 19:00:50 | INFO     |     准确率: 0.966967
2025-07-28 19:00:50 | INFO     |     F1(macro): 0.968291
2025-07-28 19:00:50 | INFO     |     F1(weighted): 0.966783
2025-07-28 19:00:50 | INFO     |     精确率: 0.971114
2025-07-28 19:00:50 | INFO     |     召回率: 0.969283
2025-07-28 19:00:50 | INFO     |   学习率调度器: f1_based
2025-07-28 19:00:50 | INFO     | ------------------------------------------------------------
2025-07-28 19:00:50 | INFO     | Epoch  46 | Train: Loss=0.1200, Acc=0.9647 | Val: Loss=0.2486, Acc=0.9670, F1=0.9668 | LR=0.000050 
2025-07-28 19:01:51 | INFO     | Epoch 47:
2025-07-28 19:01:51 | INFO     |   训练指标:
2025-07-28 19:01:51 | INFO     |     损失(ce): 0.109890
2025-07-28 19:01:51 | INFO     |     准确率: 0.964965
2025-07-28 19:01:51 | INFO     |     学习率: 0.00005000
2025-07-28 19:01:51 | INFO     |   验证指标(标准CE):
2025-07-28 19:01:51 | INFO     |     损失: 0.171013
2025-07-28 19:01:51 | INFO     |     准确率: 0.968969
2025-07-28 19:01:51 | INFO     |     F1(macro): 0.970146
2025-07-28 19:01:51 | INFO     |     F1(weighted): 0.968703
2025-07-28 19:01:51 | INFO     |     精确率: 0.974286
2025-07-28 19:01:51 | INFO     |     召回率: 0.971368
2025-07-28 19:01:51 | INFO     |   学习率调度器: f1_based
2025-07-28 19:01:51 | INFO     | ------------------------------------------------------------
2025-07-28 19:01:51 | INFO     | Epoch  47 | Train: Loss=0.1099, Acc=0.9650 | Val: Loss=0.1710, Acc=0.9690, F1=0.9687 | LR=0.000050 
2025-07-28 19:02:51 | INFO     | Epoch 48:
2025-07-28 19:02:51 | INFO     |   训练指标:
2025-07-28 19:02:51 | INFO     |     损失(ce): 0.107487
2025-07-28 19:02:51 | INFO     |     准确率: 0.963213
2025-07-28 19:02:51 | INFO     |     学习率: 0.00005000
2025-07-28 19:02:51 | INFO     |   验证指标(标准CE):
2025-07-28 19:02:51 | INFO     |     损失: 0.136227
2025-07-28 19:02:51 | INFO     |     准确率: 0.966967
2025-07-28 19:02:51 | INFO     |     F1(macro): 0.968291
2025-07-28 19:02:51 | INFO     |     F1(weighted): 0.966783
2025-07-28 19:02:51 | INFO     |     精确率: 0.971114
2025-07-28 19:02:51 | INFO     |     召回率: 0.969283
2025-07-28 19:02:51 | INFO     |   学习率调度器: f1_based
2025-07-28 19:02:51 | INFO     | ------------------------------------------------------------
2025-07-28 19:02:51 | INFO     | 🎯 学习率调整事件:
2025-07-28 19:02:51 | INFO     |   调度器类型: f1_based
2025-07-28 19:02:51 | INFO     |   学习率变化: 0.00005000 → 0.00002500
2025-07-28 19:02:51 | INFO     |   触发条件: F1分数 = 0.966783
2025-07-28 19:02:51 | INFO     |   变化幅度: -50.00%
2025-07-28 19:02:51 | INFO     | ------------------------------------------------------------
2025-07-28 19:02:51 | INFO     | Epoch  48 | Train: Loss=0.1075, Acc=0.9632 | Val: Loss=0.1362, Acc=0.9670, F1=0.9668 | LR=0.000025 
2025-07-28 19:03:51 | INFO     | Epoch 49:
2025-07-28 19:03:51 | INFO     |   训练指标:
2025-07-28 19:03:51 | INFO     |     损失(ce): 0.090907
2025-07-28 19:03:51 | INFO     |     准确率: 0.963964
2025-07-28 19:03:51 | INFO     |     学习率: 0.00002500
2025-07-28 19:03:51 | INFO     |   验证指标(标准CE):
2025-07-28 19:03:51 | INFO     |     损失: 0.059480
2025-07-28 19:03:51 | INFO     |     准确率: 0.973974
2025-07-28 19:03:51 | INFO     |     F1(macro): 0.974549
2025-07-28 19:03:51 | INFO     |     F1(weighted): 0.973571
2025-07-28 19:03:51 | INFO     |     精确率: 0.979566
2025-07-28 19:03:51 | INFO     |     召回率: 0.974057
2025-07-28 19:03:51 | INFO     |   学习率调度器: f1_based
2025-07-28 19:03:51 | INFO     | ------------------------------------------------------------
2025-07-28 19:03:51 | INFO     | Epoch  49 | Train: Loss=0.0909, Acc=0.9640 | Val: Loss=0.0595, Acc=0.9740, F1=0.9736 | LR=0.000025 
2025-07-28 19:03:51 | INFO     | ⏹️ 早停触发，在第 49 轮停止训练
2025-07-28 19:03:55 | INFO     | 训练历史已保存到: ./result/0728_1814_DualGAF_DualGAFNet_SDAHU通道压缩_sl96_step96_fd128_extractor-dilated_gaf-adaptive_attention-channel_classifier-residual_bottleneck_stat-basic_fusion-concat/training_history.csv
2025-07-28 19:03:55 | INFO     | 
====================================================================================================
2025-07-28 19:03:55 | INFO     | 🎉 训练完成总结:
2025-07-28 19:03:55 | INFO     |   训练损失函数: ce
2025-07-28 19:03:55 | INFO     |   验证损失函数: 标准交叉熵（遵循主流ML规范）
2025-07-28 19:03:55 | INFO     |   训练过程最佳验证准确率: 0.9770
2025-07-28 19:03:55 | INFO     |   训练过程最佳验证F1(macro): 0.9776
2025-07-28 19:03:55 | INFO     |   训练过程最佳验证F1(weighted): 0.9767
2025-07-28 19:03:55 | INFO     |   训练轮数: 49
2025-07-28 19:03:55 | INFO     | --------------------------------------------------
2025-07-28 19:03:55 | INFO     | 📊 最佳模型真实性能指标（基于标准交叉熵损失）:
2025-07-28 19:03:55 | INFO     |   验证损失(标准CE): 0.0466
2025-07-28 19:03:55 | INFO     |   验证准确率: 0.9770
2025-07-28 19:03:55 | INFO     |   验证F1(macro): 0.9776
2025-07-28 19:03:55 | INFO     |   验证F1(weighted): 0.9767
2025-07-28 19:03:55 | INFO     |   验证精确率: 0.9809
2025-07-28 19:03:55 | INFO     |   验证召回率: 0.9771
2025-07-28 19:03:55 | INFO     | ====================================================================================================
2025-07-28 19:03:57 | INFO     | ================================================================================
2025-07-28 19:03:57 | INFO     | 实验日志结束: DualGAF_DualGAFNet_SDAHU通道压缩_sl96_step96_fd128_extractor-dilated_gaf-adaptive_attention-channel_classifier-residual_bottleneck_stat-basic_fusion-concat
2025-07-28 19:03:57 | INFO     | 结束时间: 2025-07-28 19:03:57
2025-07-28 19:03:57 | INFO     | ================================================================================
